2017-12-11 22:49:51
Full thread dump OpenJDK 64-Bit Server VM (25.151-b12 mixed mode):

"Attach Listener" #496 daemon prio=9 os_prio=0 tid=0x00007f5308001000 nid=0xf24 waiting on condition [0x0000000000000000]
   java.lang.Thread.State: RUNNABLE

"pool-23-thread-1" #495 prio=5 os_prio=0 tid=0x00007f52bc005000 nid=0x957 waiting on condition [0x00007f532498e000]
   java.lang.Thread.State: TIMED_WAITING (sleeping)
	at java.lang.Thread.sleep(Native Method)
	at space.exploration.mars.rover.animation.SleepBreather.run(SleepBreather.java:34)
	at java.util.concurrent.Executors$RunnableAdapter.call$$$capture(Executors.java:511)
	at java.util.concurrent.Executors$RunnableAdapter.call(Executors.java)
	at java.util.concurrent.FutureTask.runAndReset(FutureTask.java:308)
	at java.util.concurrent.ScheduledThreadPoolExecutor$ScheduledFutureTask.access$301(ScheduledThreadPoolExecutor.java:180)
	at java.util.concurrent.ScheduledThreadPoolExecutor$ScheduledFutureTask.run(ScheduledThreadPoolExecutor.java:294)
	at java.util.concurrent.ThreadPoolExecutor.runWorker(ThreadPoolExecutor.java:1149)
	at java.util.concurrent.ThreadPoolExecutor$Worker.run(ThreadPoolExecutor.java:624)
	at java.lang.Thread.run(Thread.java:748)

"process reaper" #428 daemon prio=10 os_prio=0 tid=0x00007f52c023c800 nid=0x6c23 waiting on condition [0x00007f532c0d8000]
   java.lang.Thread.State: TIMED_WAITING (parking)
	at sun.misc.Unsafe.park(Native Method)
	- parking to wait for  <0x00000006c8b7ddc8> (a java.util.concurrent.SynchronousQueue$TransferStack)
	at java.util.concurrent.locks.LockSupport.parkNanos(LockSupport.java:215)
	at java.util.concurrent.SynchronousQueue$TransferStack.awaitFulfill(SynchronousQueue.java:460)
	at java.util.concurrent.SynchronousQueue$TransferStack.transfer(SynchronousQueue.java:362)
	at java.util.concurrent.SynchronousQueue.poll(SynchronousQueue.java:941)
	at java.util.concurrent.ThreadPoolExecutor.getTask(ThreadPoolExecutor.java:1073)
	at java.util.concurrent.ThreadPoolExecutor.runWorker(ThreadPoolExecutor.java:1134)
	at java.util.concurrent.ThreadPoolExecutor$Worker.run(ThreadPoolExecutor.java:624)
	at java.lang.Thread.run(Thread.java:748)

"pool-20-thread-1" #403 prio=5 os_prio=0 tid=0x00007f52e0004800 nid=0x5dda waiting on condition [0x00007f52b29f0000]
   java.lang.Thread.State: TIMED_WAITING (parking)
	at sun.misc.Unsafe.park(Native Method)
	- parking to wait for  <0x00000007905a6fe0> (a java.util.concurrent.locks.AbstractQueuedSynchronizer$ConditionObject)
	at java.util.concurrent.locks.LockSupport.parkNanos(LockSupport.java:215)
	at java.util.concurrent.locks.AbstractQueuedSynchronizer$ConditionObject.awaitNanos(AbstractQueuedSynchronizer.java:2078)
	at java.util.concurrent.ScheduledThreadPoolExecutor$DelayedWorkQueue.take(ScheduledThreadPoolExecutor.java:1093)
	at java.util.concurrent.ScheduledThreadPoolExecutor$DelayedWorkQueue.take(ScheduledThreadPoolExecutor.java:809)
	at java.util.concurrent.ThreadPoolExecutor.getTask(ThreadPoolExecutor.java:1074)
	at java.util.concurrent.ThreadPoolExecutor.runWorker(ThreadPoolExecutor.java:1134)
	at java.util.concurrent.ThreadPoolExecutor$Worker.run(ThreadPoolExecutor.java:624)
	at java.lang.Thread.run(Thread.java:748)

"DestroyJavaVM" #38 prio=5 os_prio=0 tid=0x00007f534800e800 nid=0x4058 waiting on condition [0x0000000000000000]
   java.lang.Thread.State: RUNNABLE

"ConsumerFetcherThread-space.exploration.mars.zionMainframe_zion-mainframe-1513041549733-a0a55187-0-0" #37 prio=5 os_prio=0 tid=0x00007f52c814f000 nid=0x40e8 runnable [0x00007f52b32f7000]
   java.lang.Thread.State: RUNNABLE
	at sun.nio.ch.Net.poll(Native Method)
	at sun.nio.ch.SocketChannelImpl.poll(SocketChannelImpl.java:954)
	- locked <0x00000006c94fb630> (a java.lang.Object)
	at sun.nio.ch.SocketAdaptor$SocketInputStream.read(SocketAdaptor.java:204)
	- locked <0x00000006c94fb600> (a java.lang.Object)
	at sun.nio.ch.ChannelInputStream.read(ChannelInputStream.java:103)
	- locked <0x00000006c94fb720> (a sun.nio.ch.SocketAdaptor$SocketInputStream)
	at java.nio.channels.Channels$ReadableByteChannelImpl.read(Channels.java:385)
	- locked <0x00000006c94fe708> (a java.lang.Object)
	at org.apache.kafka.common.network.NetworkReceive.readFromReadableChannel(NetworkReceive.java:81)
	at kafka.network.BlockingChannel.readCompletely(BlockingChannel.scala:129)
	at kafka.network.BlockingChannel.receive(BlockingChannel.scala:120)
	at kafka.consumer.SimpleConsumer.liftedTree1$1(SimpleConsumer.scala:86)
	at kafka.consumer.SimpleConsumer.kafka$consumer$SimpleConsumer$$sendRequest(SimpleConsumer.scala:83)
	- locked <0x00000006c94fe658> (a java.lang.Object)
	at kafka.consumer.SimpleConsumer$$anonfun$fetch$1$$anonfun$apply$mcV$sp$1.apply$mcV$sp(SimpleConsumer.scala:132)
	at kafka.consumer.SimpleConsumer$$anonfun$fetch$1$$anonfun$apply$mcV$sp$1.apply(SimpleConsumer.scala:132)
	at kafka.consumer.SimpleConsumer$$anonfun$fetch$1$$anonfun$apply$mcV$sp$1.apply(SimpleConsumer.scala:132)
	at kafka.metrics.KafkaTimer.time(KafkaTimer.scala:33)
	at kafka.consumer.SimpleConsumer$$anonfun$fetch$1.apply$mcV$sp(SimpleConsumer.scala:131)
	at kafka.consumer.SimpleConsumer$$anonfun$fetch$1.apply(SimpleConsumer.scala:131)
	at kafka.consumer.SimpleConsumer$$anonfun$fetch$1.apply(SimpleConsumer.scala:131)
	at kafka.metrics.KafkaTimer.time(KafkaTimer.scala:33)
	at kafka.consumer.SimpleConsumer.fetch(SimpleConsumer.scala:130)
	at kafka.consumer.ConsumerFetcherThread.fetch(ConsumerFetcherThread.scala:108)
	at kafka.consumer.ConsumerFetcherThread.fetch(ConsumerFetcherThread.scala:29)
	at kafka.server.AbstractFetcherThread.processFetchRequest(AbstractFetcherThread.scala:107)
	at kafka.server.AbstractFetcherThread.doWork(AbstractFetcherThread.scala:98)
	at kafka.utils.ShutdownableThread.run(ShutdownableThread.scala:63)

"space.exploration.mars.zionMainframe_zion-mainframe-1513041549733-a0a55187-leader-finder-thread" #36 prio=5 os_prio=0 tid=0x00007f52c0153000 nid=0x40e7 waiting on condition [0x00007f52b35f8000]
   java.lang.Thread.State: WAITING (parking)
	at sun.misc.Unsafe.park(Native Method)
	- parking to wait for  <0x00000006c97238b0> (a java.util.concurrent.locks.AbstractQueuedSynchronizer$ConditionObject)
	at java.util.concurrent.locks.LockSupport.park(LockSupport.java:175)
	at java.util.concurrent.locks.AbstractQueuedSynchronizer$ConditionObject.await(AbstractQueuedSynchronizer.java:2039)
	at kafka.consumer.ConsumerFetcherManager$LeaderFinderThread.doWork(ConsumerFetcherManager.scala:61)
	at kafka.utils.ShutdownableThread.run(ShutdownableThread.scala:63)

"space.exploration.mars.zionMainframe_zion-mainframe-1513041549733-a0a55187_watcher_executor" #35 prio=5 os_prio=0 tid=0x00007f52c0047800 nid=0x40e6 waiting on condition [0x00007f52b38f9000]
   java.lang.Thread.State: TIMED_WAITING (parking)
	at sun.misc.Unsafe.park(Native Method)
	- parking to wait for  <0x00000006c971b5a8> (a java.util.concurrent.locks.AbstractQueuedSynchronizer$ConditionObject)
	at java.util.concurrent.locks.LockSupport.parkNanos(LockSupport.java:215)
	at java.util.concurrent.locks.AbstractQueuedSynchronizer$ConditionObject.await(AbstractQueuedSynchronizer.java:2163)
	at kafka.consumer.ZookeeperConsumerConnector$ZKRebalancerListener$$anon$2.run(ZookeeperConsumerConnector.scala:582)

"Thread-2" #27 prio=5 os_prio=0 tid=0x00007f53488c6000 nid=0x40e5 waiting on condition [0x00007f52b39fa000]
   java.lang.Thread.State: WAITING (parking)
	at sun.misc.Unsafe.park(Native Method)
	- parking to wait for  <0x00000006c94fe2c0> (a java.util.concurrent.locks.AbstractQueuedSynchronizer$ConditionObject)
	at java.util.concurrent.locks.LockSupport.park(LockSupport.java:175)
	at java.util.concurrent.locks.AbstractQueuedSynchronizer$ConditionObject.await(AbstractQueuedSynchronizer.java:2039)
	at java.util.concurrent.LinkedBlockingQueue.take(LinkedBlockingQueue.java:442)
	at kafka.consumer.ConsumerIterator.makeNext(ConsumerIterator.scala:63)
	at kafka.consumer.ConsumerIterator.makeNext(ConsumerIterator.scala:33)
	at kafka.utils.IteratorTemplate.maybeComputeNext(IteratorTemplate.scala:64)
	at kafka.utils.IteratorTemplate.hasNext(IteratorTemplate.scala:56)
	at space.exploration.mars.rover.communication.Receiver.run(Receiver.java:56)

"kafka-consumer-scheduler-0" #34 daemon prio=5 os_prio=0 tid=0x00007f53488b9000 nid=0x40e4 waiting on condition [0x00007f52b3afb000]
   java.lang.Thread.State: TIMED_WAITING (parking)
	at sun.misc.Unsafe.park(Native Method)
	- parking to wait for  <0x00000006c974d9a8> (a java.util.concurrent.locks.AbstractQueuedSynchronizer$ConditionObject)
	at java.util.concurrent.locks.LockSupport.parkNanos(LockSupport.java:215)
	at java.util.concurrent.locks.AbstractQueuedSynchronizer$ConditionObject.awaitNanos(AbstractQueuedSynchronizer.java:2078)
	at java.util.concurrent.ScheduledThreadPoolExecutor$DelayedWorkQueue.take(ScheduledThreadPoolExecutor.java:1093)
	at java.util.concurrent.ScheduledThreadPoolExecutor$DelayedWorkQueue.take(ScheduledThreadPoolExecutor.java:809)
	at java.util.concurrent.ThreadPoolExecutor.getTask(ThreadPoolExecutor.java:1074)
	at java.util.concurrent.ThreadPoolExecutor.runWorker(ThreadPoolExecutor.java:1134)
	at java.util.concurrent.ThreadPoolExecutor$Worker.run(ThreadPoolExecutor.java:624)
	at java.lang.Thread.run(Thread.java:748)

"main-EventThread" #33 daemon prio=5 os_prio=0 tid=0x00007f5348886800 nid=0x40e3 waiting on condition [0x00007f52b3bfc000]
   java.lang.Thread.State: WAITING (parking)
	at sun.misc.Unsafe.park(Native Method)
	- parking to wait for  <0x00000006c97229e8> (a java.util.concurrent.locks.AbstractQueuedSynchronizer$ConditionObject)
	at java.util.concurrent.locks.LockSupport.park(LockSupport.java:175)
	at java.util.concurrent.locks.AbstractQueuedSynchronizer$ConditionObject.await(AbstractQueuedSynchronizer.java:2039)
	at java.util.concurrent.LinkedBlockingQueue.take(LinkedBlockingQueue.java:442)
	at org.apache.zookeeper.ClientCnxn$EventThread.run(ClientCnxn.java:494)

"main-SendThread(localhost:2181)" #32 daemon prio=5 os_prio=0 tid=0x00007f534888d800 nid=0x40e2 runnable [0x00007f52b3cfd000]
   java.lang.Thread.State: RUNNABLE
	at sun.nio.ch.EPollArrayWrapper.epollWait(Native Method)
	at sun.nio.ch.EPollArrayWrapper.poll(EPollArrayWrapper.java:269)
	at sun.nio.ch.EPollSelectorImpl.doSelect(EPollSelectorImpl.java:93)
	at sun.nio.ch.SelectorImpl.lockAndDoSelect(SelectorImpl.java:86)
	- locked <0x00000006c9722320> (a sun.nio.ch.Util$3)
	- locked <0x00000006c9722310> (a java.util.Collections$UnmodifiableSet)
	- locked <0x00000006c9721ea8> (a sun.nio.ch.EPollSelectorImpl)
	at sun.nio.ch.SelectorImpl.select(SelectorImpl.java:97)
	at org.apache.zookeeper.ClientCnxnSocketNIO.doTransport(ClientCnxnSocketNIO.java:349)
	at org.apache.zookeeper.ClientCnxn$SendThread.run(ClientCnxn.java:1081)

"ZkClient-EventThread-31-localhost:2181" #31 daemon prio=5 os_prio=0 tid=0x00007f5348877000 nid=0x40e1 waiting on condition [0x00007f52b3dfe000]
   java.lang.Thread.State: WAITING (parking)
	at sun.misc.Unsafe.park(Native Method)
	- parking to wait for  <0x00000006c97232a8> (a java.util.concurrent.locks.AbstractQueuedSynchronizer$ConditionObject)
	at java.util.concurrent.locks.LockSupport.park(LockSupport.java:175)
	at java.util.concurrent.locks.AbstractQueuedSynchronizer$ConditionObject.await(AbstractQueuedSynchronizer.java:2039)
	at java.util.concurrent.LinkedBlockingQueue.take(LinkedBlockingQueue.java:442)
	at org.I0Itec.zkclient.ZkEventThread.run(ZkEventThread.java:67)

"metrics-meter-tick-thread-2" #30 daemon prio=5 os_prio=0 tid=0x00007f5348866000 nid=0x40e0 waiting on condition [0x00007f531017e000]
   java.lang.Thread.State: WAITING (parking)
	at sun.misc.Unsafe.park(Native Method)
	- parking to wait for  <0x00000006c94fd8f8> (a java.util.concurrent.locks.AbstractQueuedSynchronizer$ConditionObject)
	at java.util.concurrent.locks.LockSupport.park(LockSupport.java:175)
	at java.util.concurrent.locks.AbstractQueuedSynchronizer$ConditionObject.await(AbstractQueuedSynchronizer.java:2039)
	at java.util.concurrent.ScheduledThreadPoolExecutor$DelayedWorkQueue.take(ScheduledThreadPoolExecutor.java:1088)
	at java.util.concurrent.ScheduledThreadPoolExecutor$DelayedWorkQueue.take(ScheduledThreadPoolExecutor.java:809)
	at java.util.concurrent.ThreadPoolExecutor.getTask(ThreadPoolExecutor.java:1074)
	at java.util.concurrent.ThreadPoolExecutor.runWorker(ThreadPoolExecutor.java:1134)
	at java.util.concurrent.ThreadPoolExecutor$Worker.run(ThreadPoolExecutor.java:624)
	at java.lang.Thread.run(Thread.java:748)

"metrics-meter-tick-thread-1" #29 daemon prio=5 os_prio=0 tid=0x00007f5348862000 nid=0x40df waiting on condition [0x00007f532416f000]
   java.lang.Thread.State: TIMED_WAITING (parking)
	at sun.misc.Unsafe.park(Native Method)
	- parking to wait for  <0x00000006c94fd8f8> (a java.util.concurrent.locks.AbstractQueuedSynchronizer$ConditionObject)
	at java.util.concurrent.locks.LockSupport.parkNanos(LockSupport.java:215)
	at java.util.concurrent.locks.AbstractQueuedSynchronizer$ConditionObject.awaitNanos(AbstractQueuedSynchronizer.java:2078)
	at java.util.concurrent.ScheduledThreadPoolExecutor$DelayedWorkQueue.take(ScheduledThreadPoolExecutor.java:1093)
	at java.util.concurrent.ScheduledThreadPoolExecutor$DelayedWorkQueue.take(ScheduledThreadPoolExecutor.java:809)
	at java.util.concurrent.ThreadPoolExecutor.getTask(ThreadPoolExecutor.java:1074)
	at java.util.concurrent.ThreadPoolExecutor.runWorker(ThreadPoolExecutor.java:1134)
	at java.util.concurrent.ThreadPoolExecutor$Worker.run(ThreadPoolExecutor.java:624)
	at java.lang.Thread.run(Thread.java:748)

"kafka-producer-network-thread | producer-1" #26 daemon prio=5 os_prio=0 tid=0x00007f53486e7800 nid=0x40dc runnable [0x00007f5324270000]
   java.lang.Thread.State: RUNNABLE
	at sun.nio.ch.EPollArrayWrapper.epollWait(Native Method)
	at sun.nio.ch.EPollArrayWrapper.poll(EPollArrayWrapper.java:269)
	at sun.nio.ch.EPollSelectorImpl.doSelect(EPollSelectorImpl.java:93)
	at sun.nio.ch.SelectorImpl.lockAndDoSelect(SelectorImpl.java:86)
	- locked <0x00000006c8c05b40> (a sun.nio.ch.Util$3)
	- locked <0x00000006c8c05b50> (a java.util.Collections$UnmodifiableSet)
	- locked <0x00000006c8c05af8> (a sun.nio.ch.EPollSelectorImpl)
	at sun.nio.ch.SelectorImpl.select(SelectorImpl.java:97)
	at org.apache.kafka.common.network.Selector.select(Selector.java:454)
	at org.apache.kafka.common.network.Selector.poll(Selector.java:277)
	at org.apache.kafka.clients.NetworkClient.poll(NetworkClient.java:260)
	at org.apache.kafka.clients.producer.internals.Sender.run(Sender.java:229)
	at org.apache.kafka.clients.producer.internals.Sender.run(Sender.java:134)
	at java.lang.Thread.run(Thread.java:748)

"MySQL Statement Cancellation Timer" #23 daemon prio=5 os_prio=0 tid=0x00007f534869a800 nid=0x40bd in Object.wait() [0x00007f532c1d9000]
   java.lang.Thread.State: WAITING (on object monitor)
	at java.lang.Object.wait(Native Method)
	- waiting on <0x00000006c8d89e10> (a java.util.TaskQueue)
	at java.lang.Object.wait(Object.java:502)
	at java.util.TimerThread.mainLoop(Timer.java:526)
	- locked <0x00000006c8d89e10> (a java.util.TaskQueue)
	at java.util.TimerThread.run(Timer.java:505)

"pool-6-thread-1" #22 prio=5 os_prio=0 tid=0x00007f5348402800 nid=0x409b waiting on condition [0x00007f532c943000]
   java.lang.Thread.State: WAITING (parking)
	at sun.misc.Unsafe.park(Native Method)
	- parking to wait for  <0x00000006c7bc71a8> (a java.util.concurrent.locks.AbstractQueuedSynchronizer$ConditionObject)
	at java.util.concurrent.locks.LockSupport.park(LockSupport.java:175)
	at java.util.concurrent.locks.AbstractQueuedSynchronizer$ConditionObject.await(AbstractQueuedSynchronizer.java:2039)
	at java.util.concurrent.ScheduledThreadPoolExecutor$DelayedWorkQueue.take(ScheduledThreadPoolExecutor.java:1081)
	at java.util.concurrent.ScheduledThreadPoolExecutor$DelayedWorkQueue.take(ScheduledThreadPoolExecutor.java:809)
	at java.util.concurrent.ThreadPoolExecutor.getTask(ThreadPoolExecutor.java:1074)
	at java.util.concurrent.ThreadPoolExecutor.runWorker(ThreadPoolExecutor.java:1134)
	at java.util.concurrent.ThreadPoolExecutor$Worker.run(ThreadPoolExecutor.java:624)
	at java.lang.Thread.run(Thread.java:748)

"pool-5-thread-1" #21 prio=5 os_prio=0 tid=0x00007f53485c8000 nid=0x4099 waiting on condition [0x00007f532ca44000]
   java.lang.Thread.State: TIMED_WAITING (parking)
	at sun.misc.Unsafe.park(Native Method)
	- parking to wait for  <0x00000006c7c0d7c8> (a java.util.concurrent.locks.AbstractQueuedSynchronizer$ConditionObject)
	at java.util.concurrent.locks.LockSupport.parkNanos(LockSupport.java:215)
	at java.util.concurrent.locks.AbstractQueuedSynchronizer$ConditionObject.awaitNanos(AbstractQueuedSynchronizer.java:2078)
	at java.util.concurrent.ScheduledThreadPoolExecutor$DelayedWorkQueue.take(ScheduledThreadPoolExecutor.java:1093)
	at java.util.concurrent.ScheduledThreadPoolExecutor$DelayedWorkQueue.take(ScheduledThreadPoolExecutor.java:809)
	at java.util.concurrent.ThreadPoolExecutor.getTask(ThreadPoolExecutor.java:1074)
	at java.util.concurrent.ThreadPoolExecutor.runWorker(ThreadPoolExecutor.java:1134)
	at java.util.concurrent.ThreadPoolExecutor$Worker.run(ThreadPoolExecutor.java:624)
	at java.lang.Thread.run(Thread.java:748)

"pool-4-thread-1" #20 prio=5 os_prio=0 tid=0x00007f53485c6000 nid=0x4097 waiting on condition [0x00007f532cb45000]
   java.lang.Thread.State: TIMED_WAITING (parking)
	at sun.misc.Unsafe.park(Native Method)
	- parking to wait for  <0x00000006c8d8a208> (a java.util.concurrent.locks.AbstractQueuedSynchronizer$ConditionObject)
	at java.util.concurrent.locks.LockSupport.parkNanos(LockSupport.java:215)
	at java.util.concurrent.locks.AbstractQueuedSynchronizer$ConditionObject.awaitNanos(AbstractQueuedSynchronizer.java:2078)
	at java.util.concurrent.ScheduledThreadPoolExecutor$DelayedWorkQueue.take(ScheduledThreadPoolExecutor.java:1093)
	at java.util.concurrent.ScheduledThreadPoolExecutor$DelayedWorkQueue.take(ScheduledThreadPoolExecutor.java:809)
	at java.util.concurrent.ThreadPoolExecutor.getTask(ThreadPoolExecutor.java:1074)
	at java.util.concurrent.ThreadPoolExecutor.runWorker(ThreadPoolExecutor.java:1134)
	at java.util.concurrent.ThreadPoolExecutor$Worker.run(ThreadPoolExecutor.java:624)
	at java.lang.Thread.run(Thread.java:748)

"AWT-EventQueue-0" #19 prio=6 os_prio=0 tid=0x00007f53485c0000 nid=0x4078 waiting on condition [0x00007f532ce46000]
   java.lang.Thread.State: WAITING (parking)
	at sun.misc.Unsafe.park(Native Method)
	- parking to wait for  <0x00000006c8b28820> (a java.util.concurrent.locks.AbstractQueuedSynchronizer$ConditionObject)
	at java.util.concurrent.locks.LockSupport.park(LockSupport.java:175)
	at java.util.concurrent.locks.AbstractQueuedSynchronizer$ConditionObject.await(AbstractQueuedSynchronizer.java:2039)
	at java.awt.EventQueue.getNextEvent(EventQueue.java:554)
	at java.awt.EventDispatchThread.pumpOneEventForFilters(EventDispatchThread.java:170)
	at java.awt.EventDispatchThread.pumpEventsForFilter(EventDispatchThread.java:116)
	at java.awt.EventDispatchThread.pumpEventsForHierarchy(EventDispatchThread.java:105)
	at java.awt.EventDispatchThread.pumpEvents(EventDispatchThread.java:101)
	at java.awt.EventDispatchThread.pumpEvents(EventDispatchThread.java:93)
	at java.awt.EventDispatchThread.run(EventDispatchThread.java:82)

"AWT-Shutdown" #18 prio=5 os_prio=0 tid=0x00007f53485bb800 nid=0x4077 in Object.wait() [0x00007f532cf47000]
   java.lang.Thread.State: WAITING (on object monitor)
	at java.lang.Object.wait(Native Method)
	at java.lang.Object.wait(Object.java:502)
	at sun.awt.AWTAutoShutdown.run(AWTAutoShutdown.java:295)
	- locked <0x00000006c8b28310> (a java.lang.Object)
	at java.lang.Thread.run(Thread.java:748)

"AWT-XAWT" #17 daemon prio=6 os_prio=0 tid=0x00007f5348570000 nid=0x4076 runnable [0x00007f532d248000]
   java.lang.Thread.State: RUNNABLE
	at sun.awt.X11.XToolkit.waitForEvents(Native Method)
	at sun.awt.X11.XToolkit.run(XToolkit.java:568)
	at sun.awt.X11.XToolkit.run(XToolkit.java:532)
	at java.lang.Thread.run(Thread.java:748)

"Java2D Disposer" #15 daemon prio=10 os_prio=0 tid=0x00007f534854e800 nid=0x4075 in Object.wait() [0x00007f532d759000]
   java.lang.Thread.State: WAITING (on object monitor)
	at java.lang.Object.wait(Native Method)
	at java.lang.ref.ReferenceQueue.remove(ReferenceQueue.java:143)
	- locked <0x00000006c8d8a450> (a java.lang.ref.ReferenceQueue$Lock)
	at java.lang.ref.ReferenceQueue.remove(ReferenceQueue.java:164)
	at sun.java2d.Disposer.run(Disposer.java:148)
	at java.lang.Thread.run(Thread.java:748)

"pool-2-thread-1" #14 prio=5 os_prio=0 tid=0x00007f53484d0800 nid=0x4074 waiting on condition [0x00007f532f65e000]
   java.lang.Thread.State: TIMED_WAITING (parking)
	at sun.misc.Unsafe.park(Native Method)
	- parking to wait for  <0x00000006c8bf04f0> (a java.util.concurrent.locks.AbstractQueuedSynchronizer$ConditionObject)
	at java.util.concurrent.locks.LockSupport.parkNanos(LockSupport.java:215)
	at java.util.concurrent.locks.AbstractQueuedSynchronizer$ConditionObject.awaitNanos(AbstractQueuedSynchronizer.java:2078)
	at java.util.concurrent.ScheduledThreadPoolExecutor$DelayedWorkQueue.take(ScheduledThreadPoolExecutor.java:1093)
	at java.util.concurrent.ScheduledThreadPoolExecutor$DelayedWorkQueue.take(ScheduledThreadPoolExecutor.java:809)
	at java.util.concurrent.ThreadPoolExecutor.getTask(ThreadPoolExecutor.java:1074)
	at java.util.concurrent.ThreadPoolExecutor.runWorker(ThreadPoolExecutor.java:1134)
	at java.util.concurrent.ThreadPoolExecutor$Worker.run(ThreadPoolExecutor.java:624)
	at java.lang.Thread.run(Thread.java:748)

"pool-1-thread-1" #12 prio=5 os_prio=0 tid=0x00007f53484cc000 nid=0x4070 waiting on condition [0x00007f532f798000]
   java.lang.Thread.State: TIMED_WAITING (parking)
	at sun.misc.Unsafe.park(Native Method)
	- parking to wait for  <0x00000006c8bf02e0> (a java.util.concurrent.locks.AbstractQueuedSynchronizer$ConditionObject)
	at java.util.concurrent.locks.LockSupport.parkNanos(LockSupport.java:215)
	at java.util.concurrent.locks.AbstractQueuedSynchronizer$ConditionObject.awaitNanos(AbstractQueuedSynchronizer.java:2078)
	at java.util.concurrent.ScheduledThreadPoolExecutor$DelayedWorkQueue.take(ScheduledThreadPoolExecutor.java:1093)
	at java.util.concurrent.ScheduledThreadPoolExecutor$DelayedWorkQueue.take(ScheduledThreadPoolExecutor.java:809)
	at java.util.concurrent.ThreadPoolExecutor.getTask(ThreadPoolExecutor.java:1074)
	at java.util.concurrent.ThreadPoolExecutor.runWorker(ThreadPoolExecutor.java:1134)
	at java.util.concurrent.ThreadPoolExecutor$Worker.run(ThreadPoolExecutor.java:624)
	at java.lang.Thread.run(Thread.java:748)

"Service Thread" #11 daemon prio=9 os_prio=0 tid=0x00007f53483c0800 nid=0x4069 runnable [0x0000000000000000]
   java.lang.Thread.State: RUNNABLE

"C1 CompilerThread2" #10 daemon prio=9 os_prio=0 tid=0x00007f53483bc800 nid=0x4068 waiting on condition [0x0000000000000000]
   java.lang.Thread.State: RUNNABLE

"C2 CompilerThread1" #9 daemon prio=9 os_prio=0 tid=0x00007f53483b6000 nid=0x4067 waiting on condition [0x0000000000000000]
   java.lang.Thread.State: RUNNABLE

"C2 CompilerThread0" #8 daemon prio=9 os_prio=0 tid=0x00007f53483b3800 nid=0x4066 waiting on condition [0x0000000000000000]
   java.lang.Thread.State: RUNNABLE

"JDWP Command Reader" #7 daemon prio=10 os_prio=0 tid=0x00007f52fc001000 nid=0x4065 runnable [0x0000000000000000]
   java.lang.Thread.State: RUNNABLE

"JDWP Event Helper Thread" #6 daemon prio=10 os_prio=0 tid=0x00007f5348189800 nid=0x4063 runnable [0x0000000000000000]
   java.lang.Thread.State: RUNNABLE

"JDWP Transport Listener: dt_socket" #5 daemon prio=10 os_prio=0 tid=0x00007f5348186000 nid=0x4061 runnable [0x0000000000000000]
   java.lang.Thread.State: RUNNABLE

"Signal Dispatcher" #4 daemon prio=9 os_prio=0 tid=0x00007f5348176800 nid=0x4060 runnable [0x0000000000000000]
   java.lang.Thread.State: RUNNABLE

"Finalizer" #3 daemon prio=8 os_prio=0 tid=0x00007f534814f800 nid=0x405f in Object.wait() [0x00007f5334544000]
   java.lang.Thread.State: WAITING (on object monitor)
	at java.lang.Object.wait(Native Method)
	at java.lang.ref.ReferenceQueue.remove(ReferenceQueue.java:143)
	- locked <0x00000006c8c69c10> (a java.lang.ref.ReferenceQueue$Lock)
	at java.lang.ref.ReferenceQueue.remove(ReferenceQueue.java:164)
	at java.lang.ref.Finalizer$FinalizerThread.run(Finalizer.java:209)

"Reference Handler" #2 daemon prio=10 os_prio=0 tid=0x00007f534814b000 nid=0x405e in Object.wait() [0x00007f5334645000]
   java.lang.Thread.State: WAITING (on object monitor)
	at java.lang.Object.wait(Native Method)
	at java.lang.Object.wait(Object.java:502)
	at java.lang.ref.Reference.tryHandlePending(Reference.java:191)
	- locked <0x00000006c8d8ac88> (a java.lang.ref.Reference$Lock)
	at java.lang.ref.Reference$ReferenceHandler.run(Reference.java:153)

"VM Thread" os_prio=0 tid=0x00007f5348143800 nid=0x405d runnable 

"GC task thread#0 (ParallelGC)" os_prio=0 tid=0x00007f5348024000 nid=0x4059 runnable 

"GC task thread#1 (ParallelGC)" os_prio=0 tid=0x00007f5348025800 nid=0x405a runnable 

"GC task thread#2 (ParallelGC)" os_prio=0 tid=0x00007f5348027800 nid=0x405b runnable 

"GC task thread#3 (ParallelGC)" os_prio=0 tid=0x00007f5348029000 nid=0x405c runnable 

"VM Periodic Task Thread" os_prio=0 tid=0x00007f53483c3000 nid=0x406a waiting on condition 

JNI global references: 17819

