2018-01-10 21:52:24,967 [main] DEBUG space.exploration.mars.rover.service.QueryService  - StartMS supplied = 1484538744922 jodaInternalEarthDate = 2017-01-15T21:52:24.922-06:00 curiosityEarthDate = 2017-01-15
2018-01-10 21:52:24,968 [main] DEBUG space.exploration.mars.rover.service.QueryService  - https://api.nasa.gov/mars-photos/api/v1/rovers/curiosity/photos?sol=0&camera=FHAZ&api_key=TLcQa8H1EH0nc7teUJQwP7cIJyqnXtwE25A2vXHP
2018-01-10 21:52:24,969 [main] DEBUG space.exploration.mars.rover.service.QueryService  - https://api.nasa.gov/mars-photos/api/v1/rovers/curiosity/photos?sol=0&camera=FHAZ&api_key=TLcQa8H1EH0nc7teUJQwP7cIJyqnXtwE25A2vXHP
2018-01-10 21:52:24,969 [main] DEBUG space.exploration.mars.rover.service.QueryService  - https://api.nasa.gov/mars-photos/api/v1/rovers/curiosity/photos?sol=0&camera=FHAZ&api_key=TLcQa8H1EH0nc7teUJQwP7cIJyqnXtwE25A2vXHP
2018-01-10 21:52:27,350 [main] INFO space.exploration.mars.rover.kernel.SpacecraftClock  - Valid utc time ranges are dictated by clockService as follows:
2018-01-10 21:52:27,350 [main] INFO space.exploration.mars.rover.kernel.SpacecraftClock  - APPLICABLE_START_TIME=2000-001T11:58:55.816, APPLICABLE_STOP_TIME=2017-360T19:17:40.149
2018-01-10 21:52:27,350 [main] INFO space.exploration.mars.rover.kernel.SpacecraftClock  - Given UTC = 2016-08-26~17:49:00
2018-01-10 21:52:27,351 [main] INFO space.exploration.mars.rover.kernel.SpacecraftClock  - Please ensure that positionSensor and sclk are synchronized
2018-01-10 21:52:27,353 [main] INFO space.exploration.mars.rover.kernel.SpacecraftClock  - Curiosity internal spacecraft clock started at :: 2016-08-26T22:49:00.000Z
2018-01-10 21:52:27,353 [main] INFO space.exploration.mars.rover.kernel.SpacecraftClock  - Mission duration is set to :: 1 year(s).
2018-01-10 21:52:27,353 [main] INFO space.exploration.mars.rover.kernel.SpacecraftClock  - Mission duration = 31536000000
2018-01-10 21:52:27,353 [main] INFO space.exploration.mars.rover.kernel.SpacecraftClock  - Internal time::2016-08-26T22:49:00.000Z sclk of::
2018-01-10 21:52:27,354 [spacecraftClock] DEBUG space.exploration.spice.utilities.TimeUtils  - 2016-08-26~17:50:00
2018-01-10 21:52:28,355 [main] INFO space.exploration.mars.rover.kernel.SpacecraftClock  - Internal time::2016-08-26T17:50:00.000-05:00 sclk of::1/01442:12:14:48:11433
2018-01-10 21:52:29,356 [main] INFO space.exploration.mars.rover.kernel.SpacecraftClock  - Internal time::2016-08-26T17:50:00.000-05:00 sclk of::1/01442:12:14:48:11433
2018-01-10 21:52:30,357 [main] INFO space.exploration.mars.rover.kernel.SpacecraftClock  - Internal time::2016-08-26T17:50:00.000-05:00 sclk of::1/01442:12:14:48:11433
2018-01-10 21:52:31,358 [main] INFO space.exploration.mars.rover.kernel.SpacecraftClock  - Internal time::2016-08-26T17:50:00.000-05:00 sclk of::1/01442:12:14:48:11433
2018-01-10 21:52:32,360 [main] INFO space.exploration.mars.rover.kernel.SpacecraftClock  - Internal time::2016-08-26T17:50:00.000-05:00 sclk of::1/01442:12:14:48:11433
2018-01-10 21:52:33,361 [main] INFO space.exploration.mars.rover.kernel.SpacecraftClock  - Internal time::2016-08-26T17:50:00.000-05:00 sclk of::1/01442:12:14:48:11433
2018-01-10 21:52:34,362 [main] INFO space.exploration.mars.rover.kernel.SpacecraftClock  - Internal time::2016-08-26T17:50:00.000-05:00 sclk of::1/01442:12:14:48:11433
2018-01-10 21:52:35,364 [main] INFO space.exploration.mars.rover.kernel.SpacecraftClock  - Internal time::2016-08-26T17:50:00.000-05:00 sclk of::1/01442:12:14:48:11433
2018-01-10 21:52:36,365 [main] INFO space.exploration.mars.rover.kernel.SpacecraftClock  - Internal time::2016-08-26T17:50:00.000-05:00 sclk of::1/01442:12:14:48:11433
2018-01-10 21:52:37,367 [main] INFO space.exploration.mars.rover.kernel.SpacecraftClock  - Internal time::2016-08-26T17:50:00.000-05:00 sclk of::1/01442:12:14:48:11433
2018-01-10 21:52:37,419 [main] INFO space.exploration.mars.rover.kernel.SpacecraftClock  - Internal time::2016-08-26T17:50:00.000-05:00 sclk of::1/01442:12:14:48:11433
2018-01-10 21:52:38,550 [main] INFO space.exploration.mars.rover.kernel.SpacecraftClock  - Valid utc time ranges are dictated by clockService as follows:
2018-01-10 21:52:38,550 [main] INFO space.exploration.mars.rover.kernel.SpacecraftClock  - APPLICABLE_START_TIME=2000-001T11:58:55.816, APPLICABLE_STOP_TIME=2017-360T19:17:40.149
2018-01-10 21:52:38,550 [main] INFO space.exploration.mars.rover.kernel.SpacecraftClock  - Given UTC = 2016-08-26~17:49:00
2018-01-10 21:52:38,550 [main] INFO space.exploration.mars.rover.kernel.SpacecraftClock  - Please ensure that positionSensor and sclk are synchronized
2018-01-10 21:52:38,551 [main] INFO space.exploration.mars.rover.kernel.SpacecraftClock  - Curiosity internal spacecraft clock started at :: 2016-08-26T22:49:00.000Z
2018-01-10 21:52:38,551 [main] INFO space.exploration.mars.rover.kernel.SpacecraftClock  - Mission duration is set to :: 1 year(s).
2018-01-10 21:52:38,551 [main] INFO space.exploration.mars.rover.kernel.SpacecraftClock  - Mission duration = 31536000000
2018-01-10 21:52:38,552 [main] INFO space.exploration.mars.rover.kernel.SpacecraftClock  - Internal time::2016-08-26T22:49:00.000Z sclk of::
2018-01-10 21:52:39,577 [main] INFO space.exploration.mars.rover.kernel.SpacecraftClock  - Valid utc time ranges are dictated by clockService as follows:
2018-01-10 21:52:39,577 [main] INFO space.exploration.mars.rover.kernel.SpacecraftClock  - APPLICABLE_START_TIME=2000-001T11:58:55.816, APPLICABLE_STOP_TIME=2017-360T19:17:40.149
2018-01-10 21:52:39,578 [main] INFO space.exploration.mars.rover.kernel.SpacecraftClock  - Given UTC = 2016-08-26~17:49:00
2018-01-10 21:52:39,578 [main] INFO space.exploration.mars.rover.kernel.SpacecraftClock  - Please ensure that positionSensor and sclk are synchronized
2018-01-10 21:52:39,578 [main] INFO space.exploration.mars.rover.kernel.SpacecraftClock  - Curiosity internal spacecraft clock started at :: 2016-08-26T22:49:00.000Z
2018-01-10 21:52:39,579 [main] INFO space.exploration.mars.rover.kernel.SpacecraftClock  - Mission duration is set to :: 1 year(s).
2018-01-10 21:52:39,579 [main] INFO space.exploration.mars.rover.kernel.SpacecraftClock  - Mission duration = 31536000000
2018-01-10 21:52:39,579 [main] INFO space.exploration.mars.rover.kernel.SpacecraftClock  - UTCTime = 2016-05-05~12:00:00
2018-01-10 21:52:39,579 [main] INFO space.exploration.mars.rover.kernel.SpacecraftClock  - Valid utc time ranges are dictated by clockService as follows:
2018-01-10 21:52:39,580 [main] INFO space.exploration.mars.rover.kernel.SpacecraftClock  - APPLICABLE_START_TIME=2000-001T11:58:55.816, APPLICABLE_STOP_TIME=2017-360T19:17:40.149
2018-01-10 21:52:39,580 [main] INFO space.exploration.mars.rover.kernel.SpacecraftClock  - Given UTC = 2016-05-05~12:00:00
2018-01-10 21:52:39,580 [main] INFO space.exploration.mars.rover.kernel.SpacecraftClock  - Please ensure that positionSensor and sclk are synchronized
2018-01-10 21:52:39,581 [spacecraftClock] DEBUG space.exploration.spice.utilities.TimeUtils  - 2016-05-05~12:01:00
2018-01-10 21:52:39,611 [spacecraftClock] DEBUG space.exploration.spice.utilities.TimeUtils  - 2016-05-05~12:02:00
2018-01-10 21:52:40,581 [spacecraftClock] DEBUG space.exploration.spice.utilities.TimeUtils  - 2016-05-05~12:03:00
2018-01-10 21:52:40,581 [main] INFO space.exploration.mars.rover.kernel.SpacecraftClock  - Internal time::2016-05-05T12:03:00.000-05:00 sclk of::1/01332:07:09:48:04872
2018-01-10 21:52:41,581 [spacecraftClock] DEBUG space.exploration.spice.utilities.TimeUtils  - 2016-05-05~12:04:00
2018-01-10 21:52:41,582 [main] INFO space.exploration.mars.rover.kernel.SpacecraftClock  - Internal time::2016-05-05T12:04:00.000-05:00 sclk of::1/01332:07:10:46:44338
2018-01-10 21:52:42,581 [spacecraftClock] DEBUG space.exploration.spice.utilities.TimeUtils  - 2016-05-05~12:05:00
2018-01-10 21:52:42,583 [main] INFO space.exploration.mars.rover.kernel.SpacecraftClock  - Internal time::2016-05-05T12:05:00.000-05:00 sclk of::1/01332:07:11:44:83804
2018-01-10 21:52:43,581 [spacecraftClock] DEBUG space.exploration.spice.utilities.TimeUtils  - 2016-05-05~12:06:00
2018-01-10 21:52:43,584 [main] INFO space.exploration.mars.rover.kernel.SpacecraftClock  - Internal time::2016-05-05T12:06:00.000-05:00 sclk of::1/01332:07:12:43:23269
2018-01-10 21:52:44,581 [spacecraftClock] DEBUG space.exploration.spice.utilities.TimeUtils  - 2016-05-05~12:07:00
2018-01-10 21:52:44,585 [main] INFO space.exploration.mars.rover.kernel.SpacecraftClock  - Internal time::2016-05-05T12:07:00.000-05:00 sclk of::1/01332:07:13:41:62735
2018-01-10 21:52:45,581 [spacecraftClock] DEBUG space.exploration.spice.utilities.TimeUtils  - 2016-05-05~12:08:00
2018-01-10 21:52:45,585 [main] INFO space.exploration.mars.rover.kernel.SpacecraftClock  - Internal time::2016-05-05T12:08:00.000-05:00 sclk of::1/01332:07:14:40:02201
2018-01-10 21:52:46,581 [spacecraftClock] DEBUG space.exploration.spice.utilities.TimeUtils  - 2016-05-05~12:09:00
2018-01-10 21:52:46,586 [main] INFO space.exploration.mars.rover.kernel.SpacecraftClock  - Internal time::2016-05-05T12:09:00.000-05:00 sclk of::1/01332:07:15:38:41667
2018-01-10 21:52:47,581 [spacecraftClock] DEBUG space.exploration.spice.utilities.TimeUtils  - 2016-05-05~12:10:00
2018-01-10 21:52:47,587 [main] INFO space.exploration.mars.rover.kernel.SpacecraftClock  - Internal time::2016-05-05T12:10:00.000-05:00 sclk of::1/01332:07:16:36:81132
2018-01-10 21:52:48,581 [spacecraftClock] DEBUG space.exploration.spice.utilities.TimeUtils  - 2016-05-05~12:11:00
2018-01-10 21:52:48,588 [main] INFO space.exploration.mars.rover.kernel.SpacecraftClock  - Internal time::2016-05-05T12:11:00.000-05:00 sclk of::1/01332:07:17:35:20598
2018-01-10 21:52:49,581 [spacecraftClock] DEBUG space.exploration.spice.utilities.TimeUtils  - 2016-05-05~12:12:00
2018-01-10 21:52:49,588 [main] INFO space.exploration.mars.rover.kernel.SpacecraftClock  - Internal time::2016-05-05T12:12:00.000-05:00 sclk of::1/01332:07:18:33:60064
2018-01-10 21:52:49,589 [main] INFO space.exploration.mars.rover.kernel.SpacecraftClock  - Internal time::2016-05-05T12:12:00.000-05:00 sclk of::1/01332:07:18:33:60064
