0 [main] DEBUG space.exploration.mars.rover.service.QueryService  - http://marsweather.ingenology.com/v1/archive/?
1 [main] DEBUG space.exploration.mars.rover.service.QueryService  - http://marsweather.ingenology.com/v1/archive/?
1 [main] DEBUG space.exploration.mars.rover.service.QueryService  - http://marsweather.ingenology.com/v1/archive/?
368 [main] INFO space.exploration.mars.rover.utils.WeatherUtil  - wind_speed information not present
java.lang.NumberFormatException: For input string: "null"
	at sun.misc.FloatingDecimal.readJavaFormatString(FloatingDecimal.java:2043)
	at sun.misc.FloatingDecimal.parseDouble(FloatingDecimal.java:110)
	at java.lang.Double.parseDouble(Double.java:538)
	at space.exploration.mars.rover.utils.WeatherUtil.getweatherPayload(WeatherUtil.java:66)
	at space.exploration.mars.rover.service.WeatherQueryService.getResponse(WeatherQueryService.java:21)
	at space.exploration.mars.rover.service.WeatherQueryServiceTest.testPayloadObject(WeatherQueryServiceTest.java:20)
	at sun.reflect.NativeMethodAccessorImpl.invoke0(Native Method)
	at sun.reflect.NativeMethodAccessorImpl.invoke(NativeMethodAccessorImpl.java:62)
	at sun.reflect.DelegatingMethodAccessorImpl.invoke(DelegatingMethodAccessorImpl.java:43)
	at java.lang.reflect.Method.invoke(Method.java:498)
	at junit.framework.TestCase.runTest(TestCase.java:176)
	at junit.framework.TestCase.runBare(TestCase.java:141)
	at junit.framework.TestResult$1.protect(TestResult.java:122)
	at junit.framework.TestResult.runProtected(TestResult.java:142)
	at junit.framework.TestResult.run(TestResult.java:125)
	at junit.framework.TestCase.run(TestCase.java:129)
	at junit.framework.TestSuite.runTest(TestSuite.java:252)
	at junit.framework.TestSuite.run(TestSuite.java:247)
	at org.junit.internal.runners.JUnit38ClassRunner.run(JUnit38ClassRunner.java:86)
	at org.apache.maven.surefire.junit4.JUnit4Provider.execute(JUnit4Provider.java:369)
	at org.apache.maven.surefire.junit4.JUnit4Provider.executeWithRerun(JUnit4Provider.java:275)
	at org.apache.maven.surefire.junit4.JUnit4Provider.executeTestSet(JUnit4Provider.java:239)
	at org.apache.maven.surefire.junit4.JUnit4Provider.invoke(JUnit4Provider.java:160)
	at org.apache.maven.surefire.booter.ForkedBooter.invokeProviderInSameClassLoader(ForkedBooter.java:373)
	at org.apache.maven.surefire.booter.ForkedBooter.runSuitesInProcess(ForkedBooter.java:334)
	at org.apache.maven.surefire.booter.ForkedBooter.execute(ForkedBooter.java:119)
	at org.apache.maven.surefire.booter.ForkedBooter.main(ForkedBooter.java:407)
369 [main] INFO space.exploration.mars.rover.utils.WeatherUtil  - wind_direction information not present
java.lang.NumberFormatException: For input string: "--"
	at sun.misc.FloatingDecimal.readJavaFormatString(FloatingDecimal.java:2043)
	at sun.misc.FloatingDecimal.parseDouble(FloatingDecimal.java:110)
	at java.lang.Double.parseDouble(Double.java:538)
	at space.exploration.mars.rover.utils.WeatherUtil.getweatherPayload(WeatherUtil.java:72)
	at space.exploration.mars.rover.service.WeatherQueryService.getResponse(WeatherQueryService.java:21)
	at space.exploration.mars.rover.service.WeatherQueryServiceTest.testPayloadObject(WeatherQueryServiceTest.java:20)
	at sun.reflect.NativeMethodAccessorImpl.invoke0(Native Method)
	at sun.reflect.NativeMethodAccessorImpl.invoke(NativeMethodAccessorImpl.java:62)
	at sun.reflect.DelegatingMethodAccessorImpl.invoke(DelegatingMethodAccessorImpl.java:43)
	at java.lang.reflect.Method.invoke(Method.java:498)
	at junit.framework.TestCase.runTest(TestCase.java:176)
	at junit.framework.TestCase.runBare(TestCase.java:141)
	at junit.framework.TestResult$1.protect(TestResult.java:122)
	at junit.framework.TestResult.runProtected(TestResult.java:142)
	at junit.framework.TestResult.run(TestResult.java:125)
	at junit.framework.TestCase.run(TestCase.java:129)
	at junit.framework.TestSuite.runTest(TestSuite.java:252)
	at junit.framework.TestSuite.run(TestSuite.java:247)
	at org.junit.internal.runners.JUnit38ClassRunner.run(JUnit38ClassRunner.java:86)
	at org.apache.maven.surefire.junit4.JUnit4Provider.execute(JUnit4Provider.java:369)
	at org.apache.maven.surefire.junit4.JUnit4Provider.executeWithRerun(JUnit4Provider.java:275)
	at org.apache.maven.surefire.junit4.JUnit4Provider.executeTestSet(JUnit4Provider.java:239)
	at org.apache.maven.surefire.junit4.JUnit4Provider.invoke(JUnit4Provider.java:160)
	at org.apache.maven.surefire.booter.ForkedBooter.invokeProviderInSameClassLoader(ForkedBooter.java:373)
	at org.apache.maven.surefire.booter.ForkedBooter.runSuitesInProcess(ForkedBooter.java:334)
	at org.apache.maven.surefire.booter.ForkedBooter.execute(ForkedBooter.java:119)
	at org.apache.maven.surefire.booter.ForkedBooter.main(ForkedBooter.java:407)
411 [main] DEBUG space.exploration.mars.rover.utils.WeatherUtil  - Debug Message terrestrialDate: "2017-11-19"
sol: 1880
ls: 89.0
minTemp: -79.0
minTemFahrenheit: -110.2
maxTemp: -30.0
maxTempFahrenheit: -22.0
pressureDescription: "Higher"
absoluteHumidity: "null"
atmosphericOpacity: "Sunny"
season: "Month3"
sunrise: "2017-11-19T115300Z"
sunset: "2017-11-19T233600Z"

505 [main] DEBUG space.exploration.mars.rover.service.QueryService  - StartMS supplied = 1480656906968 jodaInternalEarthDate = 2016-12-01T23:35:06.968-06:00 curiosityEarthDate = 2016-12-01
506 [main] DEBUG space.exploration.mars.rover.service.QueryService  - https://api.nasa.gov/mars-photos/api/v1/rovers/curiosity/photos?earth_date=2016-12-01&camera=FHAZ&api_key=DEMO_KEY
506 [main] DEBUG space.exploration.mars.rover.service.QueryService  - https://api.nasa.gov/mars-photos/api/v1/rovers/curiosity/photos?earth_date=2016-12-01&camera=FHAZ&api_key=DEMO_KEY
506 [main] DEBUG space.exploration.mars.rover.service.QueryService  - https://api.nasa.gov/mars-photos/api/v1/rovers/curiosity/photos?earth_date=2016-12-01&camera=FHAZ&api_key=DEMO_KEY
2543 [main] INFO space.exploration.mars.rover.kernel.SpacecraftClock  - Curiosity internal spacecraft clock started at :: 2016-01-01T00:00:00.000-06:00
2543 [main] INFO space.exploration.mars.rover.kernel.SpacecraftClock  - Mission duration is set to :: 1 year(s).
2543 [main] INFO space.exploration.mars.rover.kernel.SpacecraftClock  - Mission duration = 31536000000
2544 [main] INFO space.exploration.mars.rover.kernel.SpacecraftClock  - Internal time::2016-01-01T00:00:00.000-06:00 sclk of::
3545 [main] INFO space.exploration.mars.rover.kernel.SpacecraftClock  - Internal time::2016-01-01T00:00:08.280-06:00 sclk of::1/0504877269-44218
4546 [main] INFO space.exploration.mars.rover.kernel.SpacecraftClock  - Internal time::2016-01-01T00:00:16.800-06:00 sclk of::1/0504877277-44213
5546 [main] INFO space.exploration.mars.rover.kernel.SpacecraftClock  - Internal time::2016-01-01T00:00:25.500-06:00 sclk of::1/0504877286-44208
6546 [main] INFO space.exploration.mars.rover.kernel.SpacecraftClock  - Internal time::2016-01-01T00:00:34.260-06:00 sclk of::1/0504877295-44202
7546 [main] INFO space.exploration.mars.rover.kernel.SpacecraftClock  - Internal time::2016-01-01T00:00:42.960-06:00 sclk of::1/0504877303-44197
8547 [main] INFO space.exploration.mars.rover.kernel.SpacecraftClock  - Internal time::2016-01-01T00:00:51.780-06:00 sclk of::1/0504877312-44191
9547 [main] INFO space.exploration.mars.rover.kernel.SpacecraftClock  - Internal time::2016-01-01T00:01:00.300-06:00 sclk of::1/0504877321-44186
10548 [main] INFO space.exploration.mars.rover.kernel.SpacecraftClock  - Internal time::2016-01-01T00:01:08.820-06:00 sclk of::1/0504877329-44181
11548 [main] INFO space.exploration.mars.rover.kernel.SpacecraftClock  - Internal time::2016-01-01T00:01:17.580-06:00 sclk of::1/0504877338-44175
12548 [main] INFO space.exploration.mars.rover.kernel.SpacecraftClock  - Internal time::2016-01-01T00:01:26.280-06:00 sclk of::1/0504877347-44169
12551 [main] INFO space.exploration.mars.rover.kernel.SpacecraftClock  - Internal time::2016-01-01T00:01:26.340-06:00 sclk of::1/0504877347-44169
