2017-12-27 21:44:10,366 [main] DEBUG space.exploration.mars.rover.service.QueryService  - StartMS supplied = 1483328650312 jodaInternalEarthDate = 2017-01-01T21:44:10.312-06:00 curiosityEarthDate = 2017-01-01
2017-12-27 21:44:10,368 [main] DEBUG space.exploration.mars.rover.service.QueryService  - https://api.nasa.gov/mars-photos/api/v1/rovers/curiosity/photos?sol=0&camera=FHAZ&api_key=TLcQa8H1EH0nc7teUJQwP7cIJyqnXtwE25A2vXHP
2017-12-27 21:44:10,369 [main] DEBUG space.exploration.mars.rover.service.QueryService  - https://api.nasa.gov/mars-photos/api/v1/rovers/curiosity/photos?sol=0&camera=FHAZ&api_key=TLcQa8H1EH0nc7teUJQwP7cIJyqnXtwE25A2vXHP
2017-12-27 21:44:10,369 [main] DEBUG space.exploration.mars.rover.service.QueryService  - https://api.nasa.gov/mars-photos/api/v1/rovers/curiosity/photos?sol=0&camera=FHAZ&api_key=TLcQa8H1EH0nc7teUJQwP7cIJyqnXtwE25A2vXHP
2017-12-27 21:44:12,377 [main] INFO space.exploration.mars.rover.kernel.SpacecraftClock  - Valid utc time ranges are dictated by clockService as follows:
2017-12-27 21:44:12,377 [main] INFO space.exploration.mars.rover.kernel.SpacecraftClock  - APPLICABLE_START_TIME=2000-001T11:58:55.816, APPLICABLE_STOP_TIME=2017-360T19:17:40.149
2017-12-27 21:44:12,377 [main] INFO space.exploration.mars.rover.kernel.SpacecraftClock  - Given UTC = 2016-08-26~17:49:00
2017-12-27 21:44:12,378 [main] INFO space.exploration.mars.rover.kernel.SpacecraftClock  - Please ensure that positionSensor and sclk are synchronized
2017-12-27 21:44:12,378 [main] INFO space.exploration.mars.rover.kernel.SpacecraftClock  - Curiosity internal spacecraft clock started at :: 2016-08-26T22:49:00.000Z
2017-12-27 21:44:12,378 [main] INFO space.exploration.mars.rover.kernel.SpacecraftClock  - Mission duration is set to :: 1 year(s).
2017-12-27 21:44:12,378 [main] INFO space.exploration.mars.rover.kernel.SpacecraftClock  - Mission duration = 31536000000
2017-12-27 21:44:12,379 [main] INFO space.exploration.mars.rover.kernel.SpacecraftClock  - Internal time::2016-08-26T22:49:00.000Z sclk of::
2017-12-27 21:44:12,380 [spacecraftClock] DEBUG space.exploration.spice.utilities.TimeUtils  - 2016-08-26~17:50:00
2017-12-27 21:44:13,380 [spacecraftClock] DEBUG space.exploration.spice.utilities.TimeUtils  - 2016-08-26~17:51:00
2017-12-27 21:44:13,380 [main] INFO space.exploration.mars.rover.kernel.SpacecraftClock  - Internal time::2016-08-26T17:51:00.000-05:00 sclk of::1/01442:12:14:48:11433
2017-12-27 21:44:14,380 [spacecraftClock] DEBUG space.exploration.spice.utilities.TimeUtils  - 2016-08-26~17:52:00
2017-12-27 21:44:14,380 [main] INFO space.exploration.mars.rover.kernel.SpacecraftClock  - Internal time::2016-08-26T17:52:00.000-05:00 sclk of::1/01442:12:15:46:50899
2017-12-27 21:44:15,380 [spacecraftClock] DEBUG space.exploration.spice.utilities.TimeUtils  - 2016-08-26~17:53:00
2017-12-27 21:44:15,380 [main] INFO space.exploration.mars.rover.kernel.SpacecraftClock  - Internal time::2016-08-26T17:53:00.000-05:00 sclk of::1/01442:12:16:44:90365
2017-12-27 21:44:16,380 [spacecraftClock] DEBUG space.exploration.spice.utilities.TimeUtils  - 2016-08-26~17:54:00
2017-12-27 21:44:16,381 [main] INFO space.exploration.mars.rover.kernel.SpacecraftClock  - Internal time::2016-08-26T17:54:00.000-05:00 sclk of::1/01442:12:17:43:29830
2017-12-27 21:44:17,380 [spacecraftClock] DEBUG space.exploration.spice.utilities.TimeUtils  - 2016-08-26~17:55:00
2017-12-27 21:44:17,381 [main] INFO space.exploration.mars.rover.kernel.SpacecraftClock  - Internal time::2016-08-26T17:55:00.000-05:00 sclk of::1/01442:12:18:41:69296
2017-12-27 21:44:18,380 [spacecraftClock] DEBUG space.exploration.spice.utilities.TimeUtils  - 2016-08-26~17:56:00
2017-12-27 21:44:18,382 [main] INFO space.exploration.mars.rover.kernel.SpacecraftClock  - Internal time::2016-08-26T17:56:00.000-05:00 sclk of::1/01442:12:19:40:08762
2017-12-27 21:44:19,380 [spacecraftClock] DEBUG space.exploration.spice.utilities.TimeUtils  - 2016-08-26~17:57:00
2017-12-27 21:44:19,382 [main] INFO space.exploration.mars.rover.kernel.SpacecraftClock  - Internal time::2016-08-26T17:57:00.000-05:00 sclk of::1/01442:12:20:38:48228
2017-12-27 21:44:20,380 [spacecraftClock] DEBUG space.exploration.spice.utilities.TimeUtils  - 2016-08-26~17:58:00
2017-12-27 21:44:20,382 [main] INFO space.exploration.mars.rover.kernel.SpacecraftClock  - Internal time::2016-08-26T17:58:00.000-05:00 sclk of::1/01442:12:21:36:87694
2017-12-27 21:44:21,380 [spacecraftClock] DEBUG space.exploration.spice.utilities.TimeUtils  - 2016-08-26~17:59:00
2017-12-27 21:44:21,383 [main] INFO space.exploration.mars.rover.kernel.SpacecraftClock  - Internal time::2016-08-26T17:59:00.000-05:00 sclk of::1/01442:12:22:35:27159
2017-12-27 21:44:22,380 [spacecraftClock] DEBUG space.exploration.spice.utilities.TimeUtils  - 2016-08-26~18:00:00
2017-12-27 21:44:22,383 [main] INFO space.exploration.mars.rover.kernel.SpacecraftClock  - Internal time::2016-08-26T18:00:00.000-05:00 sclk of::1/01442:12:23:33:66625
2017-12-27 21:44:22,388 [main] INFO space.exploration.mars.rover.kernel.SpacecraftClock  - Internal time::2016-08-26T18:00:00.000-05:00 sclk of::1/01442:12:23:33:66625
2017-12-27 21:44:23,424 [main] INFO space.exploration.mars.rover.kernel.SpacecraftClock  - Valid utc time ranges are dictated by clockService as follows:
2017-12-27 21:44:23,425 [main] INFO space.exploration.mars.rover.kernel.SpacecraftClock  - APPLICABLE_START_TIME=2000-001T11:58:55.816, APPLICABLE_STOP_TIME=2017-360T19:17:40.149
2017-12-27 21:44:23,425 [main] INFO space.exploration.mars.rover.kernel.SpacecraftClock  - Given UTC = 2016-08-26~17:49:00
2017-12-27 21:44:23,425 [main] INFO space.exploration.mars.rover.kernel.SpacecraftClock  - Please ensure that positionSensor and sclk are synchronized
2017-12-27 21:44:23,426 [main] INFO space.exploration.mars.rover.kernel.SpacecraftClock  - Curiosity internal spacecraft clock started at :: 2016-08-26T22:49:00.000Z
2017-12-27 21:44:23,426 [main] INFO space.exploration.mars.rover.kernel.SpacecraftClock  - Mission duration is set to :: 1 year(s).
2017-12-27 21:44:23,427 [main] INFO space.exploration.mars.rover.kernel.SpacecraftClock  - Mission duration = 31536000000
2017-12-27 21:44:23,428 [main] INFO space.exploration.mars.rover.kernel.SpacecraftClock  - Internal time::2016-08-26T22:49:00.000Z sclk of::
2017-12-27 21:44:24,459 [main] INFO space.exploration.mars.rover.kernel.SpacecraftClock  - Valid utc time ranges are dictated by clockService as follows:
2017-12-27 21:44:24,460 [main] INFO space.exploration.mars.rover.kernel.SpacecraftClock  - APPLICABLE_START_TIME=2000-001T11:58:55.816, APPLICABLE_STOP_TIME=2017-360T19:17:40.149
2017-12-27 21:44:24,460 [main] INFO space.exploration.mars.rover.kernel.SpacecraftClock  - Given UTC = 2016-08-26~17:49:00
2017-12-27 21:44:24,460 [main] INFO space.exploration.mars.rover.kernel.SpacecraftClock  - Please ensure that positionSensor and sclk are synchronized
2017-12-27 21:44:24,460 [main] INFO space.exploration.mars.rover.kernel.SpacecraftClock  - Curiosity internal spacecraft clock started at :: 2016-08-26T22:49:00.000Z
2017-12-27 21:44:24,460 [main] INFO space.exploration.mars.rover.kernel.SpacecraftClock  - Mission duration is set to :: 1 year(s).
2017-12-27 21:44:24,460 [main] INFO space.exploration.mars.rover.kernel.SpacecraftClock  - Mission duration = 31536000000
2017-12-27 21:44:24,461 [main] INFO space.exploration.mars.rover.kernel.SpacecraftClock  - UTCTime = 2016-05-05~12:00:00
2017-12-27 21:44:24,461 [main] INFO space.exploration.mars.rover.kernel.SpacecraftClock  - Valid utc time ranges are dictated by clockService as follows:
2017-12-27 21:44:24,461 [main] INFO space.exploration.mars.rover.kernel.SpacecraftClock  - APPLICABLE_START_TIME=2000-001T11:58:55.816, APPLICABLE_STOP_TIME=2017-360T19:17:40.149
2017-12-27 21:44:24,461 [main] INFO space.exploration.mars.rover.kernel.SpacecraftClock  - Given UTC = 2016-05-05~12:00:00
2017-12-27 21:44:24,461 [main] INFO space.exploration.mars.rover.kernel.SpacecraftClock  - Please ensure that positionSensor and sclk are synchronized
2017-12-27 21:44:24,462 [spacecraftClock] DEBUG space.exploration.spice.utilities.TimeUtils  - 2016-05-05~12:01:00
2017-12-27 21:44:24,479 [spacecraftClock] DEBUG space.exploration.spice.utilities.TimeUtils  - 2016-05-05~12:02:00
2017-12-27 21:44:25,462 [main] INFO space.exploration.mars.rover.kernel.SpacecraftClock  - Internal time::2016-05-05T12:02:00.000-05:00 sclk of::1/01332:07:09:48:04872
2017-12-27 21:44:25,463 [spacecraftClock] DEBUG space.exploration.spice.utilities.TimeUtils  - 2016-05-05~12:03:00
2017-12-27 21:44:25,494 [spacecraftClock] DEBUG space.exploration.spice.utilities.TimeUtils  - 2016-05-05~12:04:00
2017-12-27 21:44:26,462 [spacecraftClock] DEBUG space.exploration.spice.utilities.TimeUtils  - 2016-05-05~12:05:00
2017-12-27 21:44:26,463 [main] INFO space.exploration.mars.rover.kernel.SpacecraftClock  - Internal time::2016-05-05T12:05:00.000-05:00 sclk of::1/01332:07:11:44:83804
2017-12-27 21:44:26,491 [spacecraftClock] DEBUG space.exploration.spice.utilities.TimeUtils  - 2016-05-05~12:06:00
2017-12-27 21:44:27,462 [spacecraftClock] DEBUG space.exploration.spice.utilities.TimeUtils  - 2016-05-05~12:07:00
2017-12-27 21:44:27,465 [main] INFO space.exploration.mars.rover.kernel.SpacecraftClock  - Internal time::2016-05-05T12:07:00.000-05:00 sclk of::1/01332:07:13:41:62735
2017-12-27 21:44:27,492 [spacecraftClock] DEBUG space.exploration.spice.utilities.TimeUtils  - 2016-05-05~12:08:00
2017-12-27 21:44:28,462 [spacecraftClock] DEBUG space.exploration.spice.utilities.TimeUtils  - 2016-05-05~12:09:00
2017-12-27 21:44:28,467 [main] INFO space.exploration.mars.rover.kernel.SpacecraftClock  - Internal time::2016-05-05T12:09:00.000-05:00 sclk of::1/01332:07:15:38:41667
2017-12-27 21:44:28,489 [spacecraftClock] DEBUG space.exploration.spice.utilities.TimeUtils  - 2016-05-05~12:10:00
2017-12-27 21:44:29,462 [spacecraftClock] DEBUG space.exploration.spice.utilities.TimeUtils  - 2016-05-05~12:11:00
2017-12-27 21:44:29,468 [main] INFO space.exploration.mars.rover.kernel.SpacecraftClock  - Internal time::2016-05-05T12:11:00.000-05:00 sclk of::1/01332:07:17:35:20598
2017-12-27 21:44:29,490 [spacecraftClock] DEBUG space.exploration.spice.utilities.TimeUtils  - 2016-05-05~12:12:00
2017-12-27 21:44:30,462 [spacecraftClock] DEBUG space.exploration.spice.utilities.TimeUtils  - 2016-05-05~12:13:00
2017-12-27 21:44:30,468 [main] INFO space.exploration.mars.rover.kernel.SpacecraftClock  - Internal time::2016-05-05T12:13:00.000-05:00 sclk of::1/01332:07:19:31:99530
2017-12-27 21:44:30,491 [spacecraftClock] DEBUG space.exploration.spice.utilities.TimeUtils  - 2016-05-05~12:14:00
2017-12-27 21:44:31,462 [spacecraftClock] DEBUG space.exploration.spice.utilities.TimeUtils  - 2016-05-05~12:15:00
2017-12-27 21:44:31,469 [main] INFO space.exploration.mars.rover.kernel.SpacecraftClock  - Internal time::2016-05-05T12:15:00.000-05:00 sclk of::1/01332:07:21:28:78461
2017-12-27 21:44:31,487 [spacecraftClock] DEBUG space.exploration.spice.utilities.TimeUtils  - 2016-05-05~12:16:00
2017-12-27 21:44:32,462 [spacecraftClock] DEBUG space.exploration.spice.utilities.TimeUtils  - 2016-05-05~12:17:00
2017-12-27 21:44:32,470 [main] INFO space.exploration.mars.rover.kernel.SpacecraftClock  - Internal time::2016-05-05T12:17:00.000-05:00 sclk of::1/01332:07:23:25:57393
2017-12-27 21:44:32,491 [spacecraftClock] DEBUG space.exploration.spice.utilities.TimeUtils  - 2016-05-05~12:18:00
2017-12-27 21:44:33,462 [spacecraftClock] DEBUG space.exploration.spice.utilities.TimeUtils  - 2016-05-05~12:19:00
2017-12-27 21:44:33,471 [main] INFO space.exploration.mars.rover.kernel.SpacecraftClock  - Internal time::2016-05-05T12:19:00.000-05:00 sclk of::1/01332:07:25:22:36325
2017-12-27 21:44:33,489 [spacecraftClock] DEBUG space.exploration.spice.utilities.TimeUtils  - 2016-05-05~12:20:00
2017-12-27 21:44:34,462 [spacecraftClock] DEBUG space.exploration.spice.utilities.TimeUtils  - 2016-05-05~12:21:00
2017-12-27 21:44:34,472 [main] INFO space.exploration.mars.rover.kernel.SpacecraftClock  - Internal time::2016-05-05T12:21:00.000-05:00 sclk of::1/01332:07:27:19:15256
2017-12-27 21:44:34,473 [main] INFO space.exploration.mars.rover.kernel.SpacecraftClock  - Internal time::2016-05-05T12:21:00.000-05:00 sclk of::1/01332:07:27:19:15256
