2018-01-08 22:49:11,910 [main] DEBUG space.exploration.mars.rover.service.QueryService  - StartMS supplied = 1484369351840 jodaInternalEarthDate = 2017-01-13T22:49:11.840-06:00 curiosityEarthDate = 2017-01-13
2018-01-08 22:49:11,912 [main] DEBUG space.exploration.mars.rover.service.QueryService  - https://api.nasa.gov/mars-photos/api/v1/rovers/curiosity/photos?sol=0&camera=FHAZ&api_key=TLcQa8H1EH0nc7teUJQwP7cIJyqnXtwE25A2vXHP
2018-01-08 22:49:11,913 [main] DEBUG space.exploration.mars.rover.service.QueryService  - https://api.nasa.gov/mars-photos/api/v1/rovers/curiosity/photos?sol=0&camera=FHAZ&api_key=TLcQa8H1EH0nc7teUJQwP7cIJyqnXtwE25A2vXHP
2018-01-08 22:49:11,913 [main] DEBUG space.exploration.mars.rover.service.QueryService  - https://api.nasa.gov/mars-photos/api/v1/rovers/curiosity/photos?sol=0&camera=FHAZ&api_key=TLcQa8H1EH0nc7teUJQwP7cIJyqnXtwE25A2vXHP
2018-01-08 22:49:13,984 [main] INFO space.exploration.mars.rover.kernel.SpacecraftClock  - Valid utc time ranges are dictated by clockService as follows:
2018-01-08 22:49:13,984 [main] INFO space.exploration.mars.rover.kernel.SpacecraftClock  - APPLICABLE_START_TIME=2000-001T11:58:55.816, APPLICABLE_STOP_TIME=2017-360T19:17:40.149
2018-01-08 22:49:13,985 [main] INFO space.exploration.mars.rover.kernel.SpacecraftClock  - Given UTC = 2016-08-26~17:49:00
2018-01-08 22:49:13,985 [main] INFO space.exploration.mars.rover.kernel.SpacecraftClock  - Please ensure that positionSensor and sclk are synchronized
2018-01-08 22:49:13,986 [main] INFO space.exploration.mars.rover.kernel.SpacecraftClock  - Curiosity internal spacecraft clock started at :: 2016-08-26T22:49:00.000Z
2018-01-08 22:49:13,986 [main] INFO space.exploration.mars.rover.kernel.SpacecraftClock  - Mission duration is set to :: 1 year(s).
2018-01-08 22:49:13,986 [main] INFO space.exploration.mars.rover.kernel.SpacecraftClock  - Mission duration = 31536000000
2018-01-08 22:49:13,987 [main] INFO space.exploration.mars.rover.kernel.SpacecraftClock  - Internal time::2016-08-26T22:49:00.000Z sclk of::
2018-01-08 22:49:13,990 [spacecraftClock] DEBUG space.exploration.spice.utilities.TimeUtils  - 2016-08-26~17:50:00
2018-01-08 22:49:14,990 [main] INFO space.exploration.mars.rover.kernel.SpacecraftClock  - Internal time::2016-08-26T17:50:00.000-05:00 sclk of::1/01442:12:14:48:11433
2018-01-08 22:49:15,991 [main] INFO space.exploration.mars.rover.kernel.SpacecraftClock  - Internal time::2016-08-26T17:50:00.000-05:00 sclk of::1/01442:12:14:48:11433
2018-01-08 22:49:16,991 [main] INFO space.exploration.mars.rover.kernel.SpacecraftClock  - Internal time::2016-08-26T17:50:00.000-05:00 sclk of::1/01442:12:14:48:11433
2018-01-08 22:49:17,992 [main] INFO space.exploration.mars.rover.kernel.SpacecraftClock  - Internal time::2016-08-26T17:50:00.000-05:00 sclk of::1/01442:12:14:48:11433
2018-01-08 22:49:18,993 [main] INFO space.exploration.mars.rover.kernel.SpacecraftClock  - Internal time::2016-08-26T17:50:00.000-05:00 sclk of::1/01442:12:14:48:11433
2018-01-08 22:49:19,994 [main] INFO space.exploration.mars.rover.kernel.SpacecraftClock  - Internal time::2016-08-26T17:50:00.000-05:00 sclk of::1/01442:12:14:48:11433
2018-01-08 22:49:20,995 [main] INFO space.exploration.mars.rover.kernel.SpacecraftClock  - Internal time::2016-08-26T17:50:00.000-05:00 sclk of::1/01442:12:14:48:11433
2018-01-08 22:49:21,995 [main] INFO space.exploration.mars.rover.kernel.SpacecraftClock  - Internal time::2016-08-26T17:50:00.000-05:00 sclk of::1/01442:12:14:48:11433
2018-01-08 22:49:22,996 [main] INFO space.exploration.mars.rover.kernel.SpacecraftClock  - Internal time::2016-08-26T17:50:00.000-05:00 sclk of::1/01442:12:14:48:11433
2018-01-08 22:49:23,997 [main] INFO space.exploration.mars.rover.kernel.SpacecraftClock  - Internal time::2016-08-26T17:50:00.000-05:00 sclk of::1/01442:12:14:48:11433
2018-01-08 22:49:24,041 [main] INFO space.exploration.mars.rover.kernel.SpacecraftClock  - Internal time::2016-08-26T17:50:00.000-05:00 sclk of::1/01442:12:14:48:11433
2018-01-08 22:49:25,098 [main] INFO space.exploration.mars.rover.kernel.SpacecraftClock  - Valid utc time ranges are dictated by clockService as follows:
2018-01-08 22:49:25,099 [main] INFO space.exploration.mars.rover.kernel.SpacecraftClock  - APPLICABLE_START_TIME=2000-001T11:58:55.816, APPLICABLE_STOP_TIME=2017-360T19:17:40.149
2018-01-08 22:49:25,099 [main] INFO space.exploration.mars.rover.kernel.SpacecraftClock  - Given UTC = 2016-08-26~17:49:00
2018-01-08 22:49:25,099 [main] INFO space.exploration.mars.rover.kernel.SpacecraftClock  - Please ensure that positionSensor and sclk are synchronized
2018-01-08 22:49:25,099 [main] INFO space.exploration.mars.rover.kernel.SpacecraftClock  - Curiosity internal spacecraft clock started at :: 2016-08-26T22:49:00.000Z
2018-01-08 22:49:25,099 [main] INFO space.exploration.mars.rover.kernel.SpacecraftClock  - Mission duration is set to :: 1 year(s).
2018-01-08 22:49:25,099 [main] INFO space.exploration.mars.rover.kernel.SpacecraftClock  - Mission duration = 31536000000
2018-01-08 22:49:25,099 [main] INFO space.exploration.mars.rover.kernel.SpacecraftClock  - Internal time::2016-08-26T22:49:00.000Z sclk of::
2018-01-08 22:49:26,119 [main] INFO space.exploration.mars.rover.kernel.SpacecraftClock  - Valid utc time ranges are dictated by clockService as follows:
2018-01-08 22:49:26,119 [main] INFO space.exploration.mars.rover.kernel.SpacecraftClock  - APPLICABLE_START_TIME=2000-001T11:58:55.816, APPLICABLE_STOP_TIME=2017-360T19:17:40.149
2018-01-08 22:49:26,120 [main] INFO space.exploration.mars.rover.kernel.SpacecraftClock  - Given UTC = 2016-08-26~17:49:00
2018-01-08 22:49:26,120 [main] INFO space.exploration.mars.rover.kernel.SpacecraftClock  - Please ensure that positionSensor and sclk are synchronized
2018-01-08 22:49:26,120 [main] INFO space.exploration.mars.rover.kernel.SpacecraftClock  - Curiosity internal spacecraft clock started at :: 2016-08-26T22:49:00.000Z
2018-01-08 22:49:26,120 [main] INFO space.exploration.mars.rover.kernel.SpacecraftClock  - Mission duration is set to :: 1 year(s).
2018-01-08 22:49:26,120 [main] INFO space.exploration.mars.rover.kernel.SpacecraftClock  - Mission duration = 31536000000
2018-01-08 22:49:26,120 [main] INFO space.exploration.mars.rover.kernel.SpacecraftClock  - UTCTime = 2016-05-05~12:00:00
2018-01-08 22:49:26,120 [main] INFO space.exploration.mars.rover.kernel.SpacecraftClock  - Valid utc time ranges are dictated by clockService as follows:
2018-01-08 22:49:26,120 [main] INFO space.exploration.mars.rover.kernel.SpacecraftClock  - APPLICABLE_START_TIME=2000-001T11:58:55.816, APPLICABLE_STOP_TIME=2017-360T19:17:40.149
2018-01-08 22:49:26,120 [main] INFO space.exploration.mars.rover.kernel.SpacecraftClock  - Given UTC = 2016-05-05~12:00:00
2018-01-08 22:49:26,121 [main] INFO space.exploration.mars.rover.kernel.SpacecraftClock  - Please ensure that positionSensor and sclk are synchronized
2018-01-08 22:49:26,121 [spacecraftClock] DEBUG space.exploration.spice.utilities.TimeUtils  - 2016-05-05~12:01:00
2018-01-08 22:49:26,132 [spacecraftClock] DEBUG space.exploration.spice.utilities.TimeUtils  - 2016-05-05~12:02:00
2018-01-08 22:49:27,121 [spacecraftClock] DEBUG space.exploration.spice.utilities.TimeUtils  - 2016-05-05~12:03:00
2018-01-08 22:49:27,121 [main] INFO space.exploration.mars.rover.kernel.SpacecraftClock  - Internal time::2016-05-05T12:03:00.000-05:00 sclk of::1/01332:07:09:48:04872
2018-01-08 22:49:28,121 [spacecraftClock] DEBUG space.exploration.spice.utilities.TimeUtils  - 2016-05-05~12:04:00
2018-01-08 22:49:28,122 [main] INFO space.exploration.mars.rover.kernel.SpacecraftClock  - Internal time::2016-05-05T12:04:00.000-05:00 sclk of::1/01332:07:10:46:44338
2018-01-08 22:49:29,121 [spacecraftClock] DEBUG space.exploration.spice.utilities.TimeUtils  - 2016-05-05~12:05:00
2018-01-08 22:49:29,122 [main] INFO space.exploration.mars.rover.kernel.SpacecraftClock  - Internal time::2016-05-05T12:05:00.000-05:00 sclk of::1/01332:07:11:44:83804
2018-01-08 22:49:30,121 [spacecraftClock] DEBUG space.exploration.spice.utilities.TimeUtils  - 2016-05-05~12:06:00
2018-01-08 22:49:30,123 [main] INFO space.exploration.mars.rover.kernel.SpacecraftClock  - Internal time::2016-05-05T12:06:00.000-05:00 sclk of::1/01332:07:12:43:23269
2018-01-08 22:49:31,121 [spacecraftClock] DEBUG space.exploration.spice.utilities.TimeUtils  - 2016-05-05~12:07:00
2018-01-08 22:49:31,124 [main] INFO space.exploration.mars.rover.kernel.SpacecraftClock  - Internal time::2016-05-05T12:07:00.000-05:00 sclk of::1/01332:07:13:41:62735
2018-01-08 22:49:32,121 [spacecraftClock] DEBUG space.exploration.spice.utilities.TimeUtils  - 2016-05-05~12:08:00
2018-01-08 22:49:32,124 [main] INFO space.exploration.mars.rover.kernel.SpacecraftClock  - Internal time::2016-05-05T12:08:00.000-05:00 sclk of::1/01332:07:14:40:02201
2018-01-08 22:49:33,121 [spacecraftClock] DEBUG space.exploration.spice.utilities.TimeUtils  - 2016-05-05~12:09:00
2018-01-08 22:49:33,125 [main] INFO space.exploration.mars.rover.kernel.SpacecraftClock  - Internal time::2016-05-05T12:09:00.000-05:00 sclk of::1/01332:07:15:38:41667
2018-01-08 22:49:34,121 [spacecraftClock] DEBUG space.exploration.spice.utilities.TimeUtils  - 2016-05-05~12:10:00
2018-01-08 22:49:34,126 [main] INFO space.exploration.mars.rover.kernel.SpacecraftClock  - Internal time::2016-05-05T12:10:00.000-05:00 sclk of::1/01332:07:16:36:81132
2018-01-08 22:49:35,121 [spacecraftClock] DEBUG space.exploration.spice.utilities.TimeUtils  - 2016-05-05~12:11:00
2018-01-08 22:49:35,127 [main] INFO space.exploration.mars.rover.kernel.SpacecraftClock  - Internal time::2016-05-05T12:11:00.000-05:00 sclk of::1/01332:07:17:35:20598
2018-01-08 22:49:36,121 [spacecraftClock] DEBUG space.exploration.spice.utilities.TimeUtils  - 2016-05-05~12:12:00
2018-01-08 22:49:36,127 [main] INFO space.exploration.mars.rover.kernel.SpacecraftClock  - Internal time::2016-05-05T12:12:00.000-05:00 sclk of::1/01332:07:18:33:60064
2018-01-08 22:49:36,128 [main] INFO space.exploration.mars.rover.kernel.SpacecraftClock  - Internal time::2016-05-05T12:12:00.000-05:00 sclk of::1/01332:07:18:33:60064
