2017-12-27 20:56:27,371 [main] DEBUG space.exploration.mars.rover.service.QueryService  - StartMS supplied = 1483325787325 jodaInternalEarthDate = 2017-01-01T20:56:27.325-06:00 curiosityEarthDate = 2017-01-01
2017-12-27 20:56:27,372 [main] DEBUG space.exploration.mars.rover.service.QueryService  - https://api.nasa.gov/mars-photos/api/v1/rovers/curiosity/photos?sol=0&camera=FHAZ&api_key=TLcQa8H1EH0nc7teUJQwP7cIJyqnXtwE25A2vXHP
2017-12-27 20:56:27,372 [main] DEBUG space.exploration.mars.rover.service.QueryService  - https://api.nasa.gov/mars-photos/api/v1/rovers/curiosity/photos?sol=0&camera=FHAZ&api_key=TLcQa8H1EH0nc7teUJQwP7cIJyqnXtwE25A2vXHP
2017-12-27 20:56:27,372 [main] DEBUG space.exploration.mars.rover.service.QueryService  - https://api.nasa.gov/mars-photos/api/v1/rovers/curiosity/photos?sol=0&camera=FHAZ&api_key=TLcQa8H1EH0nc7teUJQwP7cIJyqnXtwE25A2vXHP
2017-12-27 20:56:29,536 [main] INFO space.exploration.mars.rover.kernel.SpacecraftClock  - Valid utc time ranges are dictated by clockService as follows:
2017-12-27 20:56:29,536 [main] INFO space.exploration.mars.rover.kernel.SpacecraftClock  - APPLICABLE_START_TIME=2000-001T11:58:55.816, APPLICABLE_STOP_TIME=2017-360T19:17:40.149
2017-12-27 20:56:29,536 [main] INFO space.exploration.mars.rover.kernel.SpacecraftClock  - Given UTC = 2016-08-26~17:49:00
2017-12-27 20:56:29,536 [main] INFO space.exploration.mars.rover.kernel.SpacecraftClock  - Please ensure that positionSensor and sclk are synchronized
2017-12-27 20:56:29,538 [main] INFO space.exploration.mars.rover.kernel.SpacecraftClock  - Curiosity internal spacecraft clock started at :: 2016-08-26T22:49:00.000Z
2017-12-27 20:56:29,538 [main] INFO space.exploration.mars.rover.kernel.SpacecraftClock  - Mission duration is set to :: 1 year(s).
2017-12-27 20:56:29,538 [main] INFO space.exploration.mars.rover.kernel.SpacecraftClock  - Mission duration = 31536000000
2017-12-27 20:56:29,538 [main] INFO space.exploration.mars.rover.kernel.SpacecraftClock  - Internal time::2016-08-26T22:49:00.000Z sclk of::
2017-12-27 20:56:29,539 [spacecraftClock] DEBUG space.exploration.spice.utilities.TimeUtils  - 2016-08-26~17:50:00
2017-12-27 20:56:30,539 [spacecraftClock] DEBUG space.exploration.spice.utilities.TimeUtils  - 2016-08-26~17:51:00
2017-12-27 20:56:30,539 [main] INFO space.exploration.mars.rover.kernel.SpacecraftClock  - Internal time::2016-08-26T17:51:00.000-05:00 sclk of::1/01442:12:14:48:11433
2017-12-27 20:56:31,539 [spacecraftClock] DEBUG space.exploration.spice.utilities.TimeUtils  - 2016-08-26~17:52:00
2017-12-27 20:56:31,540 [main] INFO space.exploration.mars.rover.kernel.SpacecraftClock  - Internal time::2016-08-26T17:52:00.000-05:00 sclk of::1/01442:12:15:46:50899
2017-12-27 20:56:32,539 [spacecraftClock] DEBUG space.exploration.spice.utilities.TimeUtils  - 2016-08-26~17:53:00
2017-12-27 20:56:32,541 [main] INFO space.exploration.mars.rover.kernel.SpacecraftClock  - Internal time::2016-08-26T17:53:00.000-05:00 sclk of::1/01442:12:16:44:90365
2017-12-27 20:56:33,539 [spacecraftClock] DEBUG space.exploration.spice.utilities.TimeUtils  - 2016-08-26~17:54:00
2017-12-27 20:56:33,542 [main] INFO space.exploration.mars.rover.kernel.SpacecraftClock  - Internal time::2016-08-26T17:54:00.000-05:00 sclk of::1/01442:12:17:43:29830
2017-12-27 20:56:34,539 [spacecraftClock] DEBUG space.exploration.spice.utilities.TimeUtils  - 2016-08-26~17:55:00
2017-12-27 20:56:34,542 [main] INFO space.exploration.mars.rover.kernel.SpacecraftClock  - Internal time::2016-08-26T17:55:00.000-05:00 sclk of::1/01442:12:18:41:69296
2017-12-27 20:56:35,539 [spacecraftClock] DEBUG space.exploration.spice.utilities.TimeUtils  - 2016-08-26~17:56:00
2017-12-27 20:56:35,543 [main] INFO space.exploration.mars.rover.kernel.SpacecraftClock  - Internal time::2016-08-26T17:56:00.000-05:00 sclk of::1/01442:12:19:40:08762
2017-12-27 20:56:36,539 [spacecraftClock] DEBUG space.exploration.spice.utilities.TimeUtils  - 2016-08-26~17:57:00
2017-12-27 20:56:36,544 [main] INFO space.exploration.mars.rover.kernel.SpacecraftClock  - Internal time::2016-08-26T17:57:00.000-05:00 sclk of::1/01442:12:20:38:48228
2017-12-27 20:56:37,539 [spacecraftClock] DEBUG space.exploration.spice.utilities.TimeUtils  - 2016-08-26~17:58:00
2017-12-27 20:56:37,545 [main] INFO space.exploration.mars.rover.kernel.SpacecraftClock  - Internal time::2016-08-26T17:58:00.000-05:00 sclk of::1/01442:12:21:36:87694
2017-12-27 20:56:38,539 [spacecraftClock] DEBUG space.exploration.spice.utilities.TimeUtils  - 2016-08-26~17:59:00
2017-12-27 20:56:38,546 [main] INFO space.exploration.mars.rover.kernel.SpacecraftClock  - Internal time::2016-08-26T17:59:00.000-05:00 sclk of::1/01442:12:22:35:27159
2017-12-27 20:56:39,539 [spacecraftClock] DEBUG space.exploration.spice.utilities.TimeUtils  - 2016-08-26~18:00:00
2017-12-27 20:56:39,547 [main] INFO space.exploration.mars.rover.kernel.SpacecraftClock  - Internal time::2016-08-26T18:00:00.000-05:00 sclk of::1/01442:12:23:33:66625
2017-12-27 20:56:39,551 [main] INFO space.exploration.mars.rover.kernel.SpacecraftClock  - Internal time::2016-08-26T18:00:00.000-05:00 sclk of::1/01442:12:24:32:06091
2017-12-27 20:56:40,585 [main] INFO space.exploration.mars.rover.kernel.SpacecraftClock  - Valid utc time ranges are dictated by clockService as follows:
2017-12-27 20:56:40,585 [main] INFO space.exploration.mars.rover.kernel.SpacecraftClock  - APPLICABLE_START_TIME=2000-001T11:58:55.816, APPLICABLE_STOP_TIME=2017-360T19:17:40.149
2017-12-27 20:56:40,585 [main] INFO space.exploration.mars.rover.kernel.SpacecraftClock  - Given UTC = 2016-08-26~17:49:00
2017-12-27 20:56:40,586 [main] INFO space.exploration.mars.rover.kernel.SpacecraftClock  - Please ensure that positionSensor and sclk are synchronized
2017-12-27 20:56:40,586 [main] INFO space.exploration.mars.rover.kernel.SpacecraftClock  - Curiosity internal spacecraft clock started at :: 2016-08-26T22:49:00.000Z
2017-12-27 20:56:40,586 [main] INFO space.exploration.mars.rover.kernel.SpacecraftClock  - Mission duration is set to :: 1 year(s).
2017-12-27 20:56:40,587 [main] INFO space.exploration.mars.rover.kernel.SpacecraftClock  - Mission duration = 31536000000
2017-12-27 20:56:40,587 [main] INFO space.exploration.mars.rover.kernel.SpacecraftClock  - Internal time::2016-08-26T22:49:00.000Z sclk of::
2017-12-27 20:56:41,618 [main] INFO space.exploration.mars.rover.kernel.SpacecraftClock  - Valid utc time ranges are dictated by clockService as follows:
2017-12-27 20:56:41,618 [main] INFO space.exploration.mars.rover.kernel.SpacecraftClock  - APPLICABLE_START_TIME=2000-001T11:58:55.816, APPLICABLE_STOP_TIME=2017-360T19:17:40.149
2017-12-27 20:56:41,619 [main] INFO space.exploration.mars.rover.kernel.SpacecraftClock  - Given UTC = 2016-08-26~17:49:00
2017-12-27 20:56:41,619 [main] INFO space.exploration.mars.rover.kernel.SpacecraftClock  - Please ensure that positionSensor and sclk are synchronized
2017-12-27 20:56:41,619 [main] INFO space.exploration.mars.rover.kernel.SpacecraftClock  - Curiosity internal spacecraft clock started at :: 2016-08-26T22:49:00.000Z
2017-12-27 20:56:41,620 [main] INFO space.exploration.mars.rover.kernel.SpacecraftClock  - Mission duration is set to :: 1 year(s).
2017-12-27 20:56:41,620 [main] INFO space.exploration.mars.rover.kernel.SpacecraftClock  - Mission duration = 31536000000
2017-12-27 20:56:41,620 [main] INFO space.exploration.mars.rover.kernel.SpacecraftClock  - UTCTime = 2016-05-05~12:00:00
2017-12-27 20:56:41,620 [main] INFO space.exploration.mars.rover.kernel.SpacecraftClock  - Valid utc time ranges are dictated by clockService as follows:
2017-12-27 20:56:41,621 [main] INFO space.exploration.mars.rover.kernel.SpacecraftClock  - APPLICABLE_START_TIME=2000-001T11:58:55.816, APPLICABLE_STOP_TIME=2017-360T19:17:40.149
2017-12-27 20:56:41,621 [main] INFO space.exploration.mars.rover.kernel.SpacecraftClock  - Given UTC = 2016-05-05~12:00:00
2017-12-27 20:56:41,621 [main] INFO space.exploration.mars.rover.kernel.SpacecraftClock  - Please ensure that positionSensor and sclk are synchronized
2017-12-27 20:56:41,622 [spacecraftClock] DEBUG space.exploration.spice.utilities.TimeUtils  - 2016-05-05~12:01:00
2017-12-27 20:56:41,634 [spacecraftClock] DEBUG space.exploration.spice.utilities.TimeUtils  - 2016-05-05~12:02:00
2017-12-27 20:56:42,621 [spacecraftClock] DEBUG space.exploration.spice.utilities.TimeUtils  - 2016-05-05~12:03:00
2017-12-27 20:56:42,622 [main] INFO space.exploration.mars.rover.kernel.SpacecraftClock  - Internal time::2016-05-05T12:03:00.000-05:00 sclk of::1/01332:07:09:48:04872
2017-12-27 20:56:42,649 [spacecraftClock] DEBUG space.exploration.spice.utilities.TimeUtils  - 2016-05-05~12:04:00
2017-12-27 20:56:43,621 [spacecraftClock] DEBUG space.exploration.spice.utilities.TimeUtils  - 2016-05-05~12:05:00
2017-12-27 20:56:43,622 [main] INFO space.exploration.mars.rover.kernel.SpacecraftClock  - Internal time::2016-05-05T12:05:00.000-05:00 sclk of::1/01332:07:11:44:83804
2017-12-27 20:56:43,632 [spacecraftClock] DEBUG space.exploration.spice.utilities.TimeUtils  - 2016-05-05~12:06:00
2017-12-27 20:56:44,621 [spacecraftClock] DEBUG space.exploration.spice.utilities.TimeUtils  - 2016-05-05~12:07:00
2017-12-27 20:56:44,623 [main] INFO space.exploration.mars.rover.kernel.SpacecraftClock  - Internal time::2016-05-05T12:07:00.000-05:00 sclk of::1/01332:07:13:41:62735
2017-12-27 20:56:44,657 [spacecraftClock] DEBUG space.exploration.spice.utilities.TimeUtils  - 2016-05-05~12:08:00
2017-12-27 20:56:45,621 [spacecraftClock] DEBUG space.exploration.spice.utilities.TimeUtils  - 2016-05-05~12:09:00
2017-12-27 20:56:45,623 [main] INFO space.exploration.mars.rover.kernel.SpacecraftClock  - Internal time::2016-05-05T12:09:00.000-05:00 sclk of::1/01332:07:15:38:41667
2017-12-27 20:56:45,647 [spacecraftClock] DEBUG space.exploration.spice.utilities.TimeUtils  - 2016-05-05~12:10:00
2017-12-27 20:56:46,621 [spacecraftClock] DEBUG space.exploration.spice.utilities.TimeUtils  - 2016-05-05~12:11:00
2017-12-27 20:56:46,624 [main] INFO space.exploration.mars.rover.kernel.SpacecraftClock  - Internal time::2016-05-05T12:11:00.000-05:00 sclk of::1/01332:07:17:35:20598
2017-12-27 20:56:46,648 [spacecraftClock] DEBUG space.exploration.spice.utilities.TimeUtils  - 2016-05-05~12:12:00
2017-12-27 20:56:47,621 [spacecraftClock] DEBUG space.exploration.spice.utilities.TimeUtils  - 2016-05-05~12:13:00
2017-12-27 20:56:47,626 [main] INFO space.exploration.mars.rover.kernel.SpacecraftClock  - Internal time::2016-05-05T12:13:00.000-05:00 sclk of::1/01332:07:19:31:99530
2017-12-27 20:56:47,632 [spacecraftClock] DEBUG space.exploration.spice.utilities.TimeUtils  - 2016-05-05~12:14:00
2017-12-27 20:56:48,621 [spacecraftClock] DEBUG space.exploration.spice.utilities.TimeUtils  - 2016-05-05~12:15:00
2017-12-27 20:56:48,627 [main] INFO space.exploration.mars.rover.kernel.SpacecraftClock  - Internal time::2016-05-05T12:15:00.000-05:00 sclk of::1/01332:07:21:28:78461
2017-12-27 20:56:48,631 [spacecraftClock] DEBUG space.exploration.spice.utilities.TimeUtils  - 2016-05-05~12:16:00
2017-12-27 20:56:49,621 [spacecraftClock] DEBUG space.exploration.spice.utilities.TimeUtils  - 2016-05-05~12:17:00
2017-12-27 20:56:49,627 [main] INFO space.exploration.mars.rover.kernel.SpacecraftClock  - Internal time::2016-05-05T12:17:00.000-05:00 sclk of::1/01332:07:23:25:57393
2017-12-27 20:56:49,634 [spacecraftClock] DEBUG space.exploration.spice.utilities.TimeUtils  - 2016-05-05~12:18:00
2017-12-27 20:56:50,621 [spacecraftClock] DEBUG space.exploration.spice.utilities.TimeUtils  - 2016-05-05~12:19:00
2017-12-27 20:56:50,627 [main] INFO space.exploration.mars.rover.kernel.SpacecraftClock  - Internal time::2016-05-05T12:19:00.000-05:00 sclk of::1/01332:07:25:22:36325
2017-12-27 20:56:50,632 [spacecraftClock] DEBUG space.exploration.spice.utilities.TimeUtils  - 2016-05-05~12:20:00
2017-12-27 20:56:51,621 [spacecraftClock] DEBUG space.exploration.spice.utilities.TimeUtils  - 2016-05-05~12:21:00
2017-12-27 20:56:51,628 [main] INFO space.exploration.mars.rover.kernel.SpacecraftClock  - Internal time::2016-05-05T12:21:00.000-05:00 sclk of::1/01332:07:27:19:15256
2017-12-27 20:56:51,628 [main] INFO space.exploration.mars.rover.kernel.SpacecraftClock  - Internal time::2016-05-05T12:21:00.000-05:00 sclk of::1/01332:07:27:19:15256
