2017-12-16 12:40:37,476 [main] DEBUG space.exploration.mars.rover.service.QueryService  - StartMS supplied = 1482345637429 jodaInternalEarthDate = 2016-12-21T12:40:37.429-06:00 curiosityEarthDate = 2016-12-21
2017-12-16 12:40:37,476 [main] DEBUG space.exploration.mars.rover.service.QueryService  - https://api.nasa.gov/mars-photos/api/v1/rovers/curiosity/photos?sol=0&camera=FHAZ&api_key=TLcQa8H1EH0nc7teUJQwP7cIJyqnXtwE25A2vXHP
2017-12-16 12:40:37,476 [main] DEBUG space.exploration.mars.rover.service.QueryService  - https://api.nasa.gov/mars-photos/api/v1/rovers/curiosity/photos?sol=0&camera=FHAZ&api_key=TLcQa8H1EH0nc7teUJQwP7cIJyqnXtwE25A2vXHP
2017-12-16 12:40:37,476 [main] DEBUG space.exploration.mars.rover.service.QueryService  - https://api.nasa.gov/mars-photos/api/v1/rovers/curiosity/photos?sol=0&camera=FHAZ&api_key=TLcQa8H1EH0nc7teUJQwP7cIJyqnXtwE25A2vXHP
2017-12-16 12:40:39,504 [main] INFO space.exploration.mars.rover.kernel.SpacecraftClock  - Valid utc time ranges are dictated by clockService as follows:
2017-12-16 12:40:39,504 [main] INFO space.exploration.mars.rover.kernel.SpacecraftClock  - APPLICABLE_START_TIME=2000-001T11:58:55.816, APPLICABLE_STOP_TIME=2017-360T19:17:40.149
2017-12-16 12:40:39,504 [main] INFO space.exploration.mars.rover.kernel.SpacecraftClock  - Given UTC = 2016-01-01~00:00:00
2017-12-16 12:40:39,504 [main] INFO space.exploration.mars.rover.kernel.SpacecraftClock  - Please ensure that positionSensor and sclk are synchronized
2017-12-16 12:40:39,505 [main] INFO space.exploration.mars.rover.kernel.SpacecraftClock  - Curiosity internal spacecraft clock started at :: 2016-01-01T00:00:00.000-06:00
2017-12-16 12:40:39,505 [main] INFO space.exploration.mars.rover.kernel.SpacecraftClock  - Mission duration is set to :: 1 year(s).
2017-12-16 12:40:39,505 [main] INFO space.exploration.mars.rover.kernel.SpacecraftClock  - Mission duration = 31536000000
2017-12-16 12:40:39,505 [main] INFO space.exploration.mars.rover.kernel.SpacecraftClock  - Internal time::2016-01-01T00:00:00.000-06:00 sclk of::
2017-12-16 12:40:39,506 [pool-1-thread-1] DEBUG space.exploration.spice.utilities.TimeUtils  - 2016-01-01~00:01:00
2017-12-16 12:40:40,506 [pool-1-thread-1] DEBUG space.exploration.spice.utilities.TimeUtils  - 2016-01-01~00:02:00
2017-12-16 12:40:40,506 [main] INFO space.exploration.mars.rover.kernel.SpacecraftClock  - Internal time::2016-01-01T00:02:00.000-06:00 sclk of::1/01210:03:44:07:08377
2017-12-16 12:40:41,506 [pool-1-thread-1] DEBUG space.exploration.spice.utilities.TimeUtils  - 2016-01-01~00:03:00
2017-12-16 12:40:41,507 [main] INFO space.exploration.mars.rover.kernel.SpacecraftClock  - Internal time::2016-01-01T00:03:00.000-06:00 sclk of::1/01210:03:45:05:47842
2017-12-16 12:40:42,506 [pool-1-thread-1] DEBUG space.exploration.spice.utilities.TimeUtils  - 2016-01-01~00:04:00
2017-12-16 12:40:42,508 [main] INFO space.exploration.mars.rover.kernel.SpacecraftClock  - Internal time::2016-01-01T00:04:00.000-06:00 sclk of::1/01210:03:46:03:87308
2017-12-16 12:40:43,507 [pool-1-thread-1] DEBUG space.exploration.spice.utilities.TimeUtils  - 2016-01-01~00:05:00
2017-12-16 12:40:43,509 [main] INFO space.exploration.mars.rover.kernel.SpacecraftClock  - Internal time::2016-01-01T00:05:00.000-06:00 sclk of::1/01210:03:47:02:26774
2017-12-16 12:40:44,506 [pool-1-thread-1] DEBUG space.exploration.spice.utilities.TimeUtils  - 2016-01-01~00:06:00
2017-12-16 12:40:44,509 [main] INFO space.exploration.mars.rover.kernel.SpacecraftClock  - Internal time::2016-01-01T00:06:00.000-06:00 sclk of::1/01210:03:48:00:66240
2017-12-16 12:40:45,506 [pool-1-thread-1] DEBUG space.exploration.spice.utilities.TimeUtils  - 2016-01-01~00:07:00
2017-12-16 12:40:45,510 [main] INFO space.exploration.mars.rover.kernel.SpacecraftClock  - Internal time::2016-01-01T00:07:00.000-06:00 sclk of::1/01210:03:48:59:05706
2017-12-16 12:40:46,506 [pool-1-thread-1] DEBUG space.exploration.spice.utilities.TimeUtils  - 2016-01-01~00:08:00
2017-12-16 12:40:46,511 [main] INFO space.exploration.mars.rover.kernel.SpacecraftClock  - Internal time::2016-01-01T00:08:00.000-06:00 sclk of::1/01210:03:49:57:45171
2017-12-16 12:40:47,506 [pool-1-thread-1] DEBUG space.exploration.spice.utilities.TimeUtils  - 2016-01-01~00:09:00
2017-12-16 12:40:47,512 [main] INFO space.exploration.mars.rover.kernel.SpacecraftClock  - Internal time::2016-01-01T00:09:00.000-06:00 sclk of::1/01210:03:50:55:84637
2017-12-16 12:40:48,506 [pool-1-thread-1] DEBUG space.exploration.spice.utilities.TimeUtils  - 2016-01-01~00:10:00
2017-12-16 12:40:48,513 [main] INFO space.exploration.mars.rover.kernel.SpacecraftClock  - Internal time::2016-01-01T00:10:00.000-06:00 sclk of::1/01210:03:51:54:24103
2017-12-16 12:40:49,506 [pool-1-thread-1] DEBUG space.exploration.spice.utilities.TimeUtils  - 2016-01-01~00:11:00
2017-12-16 12:40:49,514 [main] INFO space.exploration.mars.rover.kernel.SpacecraftClock  - Internal time::2016-01-01T00:11:00.000-06:00 sclk of::1/01210:03:52:52:63569
2017-12-16 12:40:49,523 [main] INFO space.exploration.mars.rover.kernel.SpacecraftClock  - Internal time::2016-01-01T00:11:00.000-06:00 sclk of::1/01210:03:52:52:63569
