2017-12-16 15:51:14,065 [main] DEBUG space.exploration.mars.rover.service.QueryService  - StartMS supplied = 1482357074023 jodaInternalEarthDate = 2016-12-21T15:51:14.023-06:00 curiosityEarthDate = 2016-12-21
2017-12-16 15:51:14,066 [main] DEBUG space.exploration.mars.rover.service.QueryService  - https://api.nasa.gov/mars-photos/api/v1/rovers/curiosity/photos?sol=0&camera=FHAZ&api_key=TLcQa8H1EH0nc7teUJQwP7cIJyqnXtwE25A2vXHP
2017-12-16 15:51:14,066 [main] DEBUG space.exploration.mars.rover.service.QueryService  - https://api.nasa.gov/mars-photos/api/v1/rovers/curiosity/photos?sol=0&camera=FHAZ&api_key=TLcQa8H1EH0nc7teUJQwP7cIJyqnXtwE25A2vXHP
2017-12-16 15:51:14,066 [main] DEBUG space.exploration.mars.rover.service.QueryService  - https://api.nasa.gov/mars-photos/api/v1/rovers/curiosity/photos?sol=0&camera=FHAZ&api_key=TLcQa8H1EH0nc7teUJQwP7cIJyqnXtwE25A2vXHP
2017-12-16 15:51:16,143 [main] INFO space.exploration.mars.rover.kernel.SpacecraftClock  - Valid utc time ranges are dictated by clockService as follows:
2017-12-16 15:51:16,144 [main] INFO space.exploration.mars.rover.kernel.SpacecraftClock  - APPLICABLE_START_TIME=2000-001T11:58:55.816, APPLICABLE_STOP_TIME=2017-360T19:17:40.149
2017-12-16 15:51:16,144 [main] INFO space.exploration.mars.rover.kernel.SpacecraftClock  - Given UTC = 2016-01-01~00:00:00
2017-12-16 15:51:16,144 [main] INFO space.exploration.mars.rover.kernel.SpacecraftClock  - Please ensure that positionSensor and sclk are synchronized
2017-12-16 15:51:16,146 [main] INFO space.exploration.mars.rover.kernel.SpacecraftClock  - Curiosity internal spacecraft clock started at :: 2016-01-01T06:00:00.000Z
2017-12-16 15:51:16,146 [main] INFO space.exploration.mars.rover.kernel.SpacecraftClock  - Mission duration is set to :: 1 year(s).
2017-12-16 15:51:16,146 [main] INFO space.exploration.mars.rover.kernel.SpacecraftClock  - Mission duration = 31536000000
2017-12-16 15:51:16,147 [main] INFO space.exploration.mars.rover.kernel.SpacecraftClock  - Internal time::2016-01-01T06:00:00.000Z sclk of::
2017-12-16 15:51:16,149 [pool-1-thread-1] DEBUG space.exploration.spice.utilities.TimeUtils  - 2016-01-01~00:01:00
2017-12-16 15:51:17,148 [pool-1-thread-1] DEBUG space.exploration.spice.utilities.TimeUtils  - 2016-01-01~00:02:00
2017-12-16 15:51:17,148 [main] INFO space.exploration.mars.rover.kernel.SpacecraftClock  - Internal time::2016-01-01T00:02:00.000-06:00 sclk of::1/01210:03:44:07:08377
2017-12-16 15:51:18,148 [pool-1-thread-1] DEBUG space.exploration.spice.utilities.TimeUtils  - 2016-01-01~00:03:00
2017-12-16 15:51:18,149 [main] INFO space.exploration.mars.rover.kernel.SpacecraftClock  - Internal time::2016-01-01T00:03:00.000-06:00 sclk of::1/01210:03:45:05:47842
2017-12-16 15:51:19,148 [pool-1-thread-1] DEBUG space.exploration.spice.utilities.TimeUtils  - 2016-01-01~00:04:00
2017-12-16 15:51:19,149 [main] INFO space.exploration.mars.rover.kernel.SpacecraftClock  - Internal time::2016-01-01T00:04:00.000-06:00 sclk of::1/01210:03:46:03:87308
2017-12-16 15:51:20,148 [pool-1-thread-1] DEBUG space.exploration.spice.utilities.TimeUtils  - 2016-01-01~00:05:00
2017-12-16 15:51:20,150 [main] INFO space.exploration.mars.rover.kernel.SpacecraftClock  - Internal time::2016-01-01T00:05:00.000-06:00 sclk of::1/01210:03:47:02:26774
2017-12-16 15:51:21,148 [pool-1-thread-1] DEBUG space.exploration.spice.utilities.TimeUtils  - 2016-01-01~00:06:00
2017-12-16 15:51:21,151 [main] INFO space.exploration.mars.rover.kernel.SpacecraftClock  - Internal time::2016-01-01T00:06:00.000-06:00 sclk of::1/01210:03:48:00:66240
2017-12-16 15:51:22,148 [pool-1-thread-1] DEBUG space.exploration.spice.utilities.TimeUtils  - 2016-01-01~00:07:00
2017-12-16 15:51:22,151 [main] INFO space.exploration.mars.rover.kernel.SpacecraftClock  - Internal time::2016-01-01T00:07:00.000-06:00 sclk of::1/01210:03:48:59:05706
2017-12-16 15:51:23,148 [pool-1-thread-1] DEBUG space.exploration.spice.utilities.TimeUtils  - 2016-01-01~00:08:00
2017-12-16 15:51:23,152 [main] INFO space.exploration.mars.rover.kernel.SpacecraftClock  - Internal time::2016-01-01T00:08:00.000-06:00 sclk of::1/01210:03:49:57:45171
2017-12-16 15:51:24,148 [pool-1-thread-1] DEBUG space.exploration.spice.utilities.TimeUtils  - 2016-01-01~00:09:00
2017-12-16 15:51:24,152 [main] INFO space.exploration.mars.rover.kernel.SpacecraftClock  - Internal time::2016-01-01T00:09:00.000-06:00 sclk of::1/01210:03:50:55:84637
2017-12-16 15:51:25,148 [pool-1-thread-1] DEBUG space.exploration.spice.utilities.TimeUtils  - 2016-01-01~00:10:00
2017-12-16 15:51:25,153 [main] INFO space.exploration.mars.rover.kernel.SpacecraftClock  - Internal time::2016-01-01T00:10:00.000-06:00 sclk of::1/01210:03:51:54:24103
2017-12-16 15:51:26,148 [pool-1-thread-1] DEBUG space.exploration.spice.utilities.TimeUtils  - 2016-01-01~00:11:00
2017-12-16 15:51:26,154 [main] INFO space.exploration.mars.rover.kernel.SpacecraftClock  - Internal time::2016-01-01T00:11:00.000-06:00 sclk of::1/01210:03:52:52:63569
2017-12-16 15:51:26,164 [main] INFO space.exploration.mars.rover.kernel.SpacecraftClock  - Internal time::2016-01-01T00:11:00.000-06:00 sclk of::1/01210:03:52:52:63569
2017-12-16 15:51:27,186 [main] INFO space.exploration.mars.rover.kernel.SpacecraftClock  - Valid utc time ranges are dictated by clockService as follows:
2017-12-16 15:51:27,187 [main] INFO space.exploration.mars.rover.kernel.SpacecraftClock  - APPLICABLE_START_TIME=2000-001T11:58:55.816, APPLICABLE_STOP_TIME=2017-360T19:17:40.149
2017-12-16 15:51:27,187 [main] INFO space.exploration.mars.rover.kernel.SpacecraftClock  - Given UTC = 2016-01-01~00:00:00
2017-12-16 15:51:27,187 [main] INFO space.exploration.mars.rover.kernel.SpacecraftClock  - Please ensure that positionSensor and sclk are synchronized
2017-12-16 15:51:27,187 [main] INFO space.exploration.mars.rover.kernel.SpacecraftClock  - Curiosity internal spacecraft clock started at :: 2016-01-01T06:00:00.000Z
2017-12-16 15:51:27,187 [main] INFO space.exploration.mars.rover.kernel.SpacecraftClock  - Mission duration is set to :: 1 year(s).
2017-12-16 15:51:27,187 [main] INFO space.exploration.mars.rover.kernel.SpacecraftClock  - Mission duration = 31536000000
2017-12-16 15:51:27,187 [main] INFO space.exploration.mars.rover.kernel.SpacecraftClock  - Internal time::2016-01-01T06:00:00.000Z sclk of::
2017-12-16 15:51:28,214 [main] INFO space.exploration.mars.rover.kernel.SpacecraftClock  - Valid utc time ranges are dictated by clockService as follows:
2017-12-16 15:51:28,214 [main] INFO space.exploration.mars.rover.kernel.SpacecraftClock  - APPLICABLE_START_TIME=2000-001T11:58:55.816, APPLICABLE_STOP_TIME=2017-360T19:17:40.149
2017-12-16 15:51:28,214 [main] INFO space.exploration.mars.rover.kernel.SpacecraftClock  - Given UTC = 2016-01-01~00:00:00
2017-12-16 15:51:28,214 [main] INFO space.exploration.mars.rover.kernel.SpacecraftClock  - Please ensure that positionSensor and sclk are synchronized
2017-12-16 15:51:28,215 [main] INFO space.exploration.mars.rover.kernel.SpacecraftClock  - Curiosity internal spacecraft clock started at :: 2016-01-01T06:00:00.000Z
2017-12-16 15:51:28,215 [main] INFO space.exploration.mars.rover.kernel.SpacecraftClock  - Mission duration is set to :: 1 year(s).
2017-12-16 15:51:28,215 [main] INFO space.exploration.mars.rover.kernel.SpacecraftClock  - Mission duration = 31536000000
2017-12-16 15:51:28,215 [main] INFO space.exploration.mars.rover.kernel.SpacecraftClock  - UTCTime = 2016-05-05~12:00:00
2017-12-16 15:51:28,216 [main] INFO space.exploration.mars.rover.kernel.SpacecraftClock  - Valid utc time ranges are dictated by clockService as follows:
2017-12-16 15:51:28,216 [main] INFO space.exploration.mars.rover.kernel.SpacecraftClock  - APPLICABLE_START_TIME=2000-001T11:58:55.816, APPLICABLE_STOP_TIME=2017-360T19:17:40.149
2017-12-16 15:51:28,216 [main] INFO space.exploration.mars.rover.kernel.SpacecraftClock  - Given UTC = 2016-05-05~12:00:00
2017-12-16 15:51:28,216 [main] INFO space.exploration.mars.rover.kernel.SpacecraftClock  - Please ensure that positionSensor and sclk are synchronized
2017-12-16 15:51:28,216 [pool-4-thread-1] DEBUG space.exploration.spice.utilities.TimeUtils  - 2016-05-05~12:01:00
2017-12-16 15:51:28,229 [pool-4-thread-1] DEBUG space.exploration.spice.utilities.TimeUtils  - 2016-05-05~12:02:00
2017-12-16 15:51:29,216 [pool-4-thread-1] DEBUG space.exploration.spice.utilities.TimeUtils  - 2016-05-05~12:03:00
2017-12-16 15:51:29,216 [main] INFO space.exploration.mars.rover.kernel.SpacecraftClock  - Internal time::2016-05-05T12:03:00.000-05:00 sclk of::1/01332:07:09:48:04872
2017-12-16 15:51:29,243 [pool-4-thread-1] DEBUG space.exploration.spice.utilities.TimeUtils  - 2016-05-05~12:04:00
2017-12-16 15:51:30,216 [pool-4-thread-1] DEBUG space.exploration.spice.utilities.TimeUtils  - 2016-05-05~12:05:00
2017-12-16 15:51:30,217 [main] INFO space.exploration.mars.rover.kernel.SpacecraftClock  - Internal time::2016-05-05T12:05:00.000-05:00 sclk of::1/01332:07:11:44:83804
2017-12-16 15:51:30,242 [pool-4-thread-1] DEBUG space.exploration.spice.utilities.TimeUtils  - 2016-05-05~12:06:00
2017-12-16 15:51:31,216 [pool-4-thread-1] DEBUG space.exploration.spice.utilities.TimeUtils  - 2016-05-05~12:07:00
2017-12-16 15:51:31,218 [main] INFO space.exploration.mars.rover.kernel.SpacecraftClock  - Internal time::2016-05-05T12:07:00.000-05:00 sclk of::1/01332:07:13:41:62735
2017-12-16 15:51:31,242 [pool-4-thread-1] DEBUG space.exploration.spice.utilities.TimeUtils  - 2016-05-05~12:08:00
2017-12-16 15:51:32,216 [pool-4-thread-1] DEBUG space.exploration.spice.utilities.TimeUtils  - 2016-05-05~12:09:00
2017-12-16 15:51:32,219 [main] INFO space.exploration.mars.rover.kernel.SpacecraftClock  - Internal time::2016-05-05T12:09:00.000-05:00 sclk of::1/01332:07:15:38:41667
2017-12-16 15:51:32,243 [pool-4-thread-1] DEBUG space.exploration.spice.utilities.TimeUtils  - 2016-05-05~12:10:00
2017-12-16 15:51:33,216 [pool-4-thread-1] DEBUG space.exploration.spice.utilities.TimeUtils  - 2016-05-05~12:11:00
2017-12-16 15:51:33,220 [main] INFO space.exploration.mars.rover.kernel.SpacecraftClock  - Internal time::2016-05-05T12:11:00.000-05:00 sclk of::1/01332:07:17:35:20598
2017-12-16 15:51:33,243 [pool-4-thread-1] DEBUG space.exploration.spice.utilities.TimeUtils  - 2016-05-05~12:12:00
2017-12-16 15:51:34,216 [pool-4-thread-1] DEBUG space.exploration.spice.utilities.TimeUtils  - 2016-05-05~12:13:00
2017-12-16 15:51:34,220 [main] INFO space.exploration.mars.rover.kernel.SpacecraftClock  - Internal time::2016-05-05T12:13:00.000-05:00 sclk of::1/01332:07:19:31:99530
2017-12-16 15:51:34,244 [pool-4-thread-1] DEBUG space.exploration.spice.utilities.TimeUtils  - 2016-05-05~12:14:00
2017-12-16 15:51:35,216 [pool-4-thread-1] DEBUG space.exploration.spice.utilities.TimeUtils  - 2016-05-05~12:15:00
2017-12-16 15:51:35,221 [main] INFO space.exploration.mars.rover.kernel.SpacecraftClock  - Internal time::2016-05-05T12:15:00.000-05:00 sclk of::1/01332:07:21:28:78461
2017-12-16 15:51:35,242 [pool-4-thread-1] DEBUG space.exploration.spice.utilities.TimeUtils  - 2016-05-05~12:16:00
2017-12-16 15:51:36,216 [pool-4-thread-1] DEBUG space.exploration.spice.utilities.TimeUtils  - 2016-05-05~12:17:00
2017-12-16 15:51:36,222 [main] INFO space.exploration.mars.rover.kernel.SpacecraftClock  - Internal time::2016-05-05T12:17:00.000-05:00 sclk of::1/01332:07:23:25:57393
2017-12-16 15:51:36,227 [pool-4-thread-1] DEBUG space.exploration.spice.utilities.TimeUtils  - 2016-05-05~12:18:00
2017-12-16 15:51:37,216 [pool-4-thread-1] DEBUG space.exploration.spice.utilities.TimeUtils  - 2016-05-05~12:19:00
2017-12-16 15:51:37,222 [main] INFO space.exploration.mars.rover.kernel.SpacecraftClock  - Internal time::2016-05-05T12:19:00.000-05:00 sclk of::1/01332:07:25:22:36325
2017-12-16 15:51:37,243 [pool-4-thread-1] DEBUG space.exploration.spice.utilities.TimeUtils  - 2016-05-05~12:20:00
2017-12-16 15:51:38,216 [pool-4-thread-1] DEBUG space.exploration.spice.utilities.TimeUtils  - 2016-05-05~12:21:00
2017-12-16 15:51:38,223 [main] INFO space.exploration.mars.rover.kernel.SpacecraftClock  - Internal time::2016-05-05T12:21:00.000-05:00 sclk of::1/01332:07:27:19:15256
2017-12-16 15:51:38,224 [main] INFO space.exploration.mars.rover.kernel.SpacecraftClock  - Internal time::2016-05-05T12:21:00.000-05:00 sclk of::1/01332:07:27:19:15256
