0 [main] DEBUG space.exploration.mars.rover.service.QueryService  - http://marsweather.ingenology.com/v1/archive/?
1 [main] DEBUG space.exploration.mars.rover.service.QueryService  - http://marsweather.ingenology.com/v1/archive/?
1 [main] DEBUG space.exploration.mars.rover.service.QueryService  - http://marsweather.ingenology.com/v1/archive/?
442 [main] INFO space.exploration.mars.rover.utils.WeatherUtil  - wind_speed information not present
java.lang.NumberFormatException: For input string: "null"
	at sun.misc.FloatingDecimal.readJavaFormatString(FloatingDecimal.java:2043)
	at sun.misc.FloatingDecimal.parseDouble(FloatingDecimal.java:110)
	at java.lang.Double.parseDouble(Double.java:538)
	at space.exploration.mars.rover.utils.WeatherUtil.getweatherPayload(WeatherUtil.java:66)
	at space.exploration.mars.rover.service.WeatherQueryService.getResponse(WeatherQueryService.java:21)
	at space.exploration.mars.rover.service.WeatherQueryServiceTest.testPayloadObject(WeatherQueryServiceTest.java:20)
	at sun.reflect.NativeMethodAccessorImpl.invoke0(Native Method)
	at sun.reflect.NativeMethodAccessorImpl.invoke(NativeMethodAccessorImpl.java:62)
	at sun.reflect.DelegatingMethodAccessorImpl.invoke(DelegatingMethodAccessorImpl.java:43)
	at java.lang.reflect.Method.invoke(Method.java:498)
	at junit.framework.TestCase.runTest(TestCase.java:176)
	at junit.framework.TestCase.runBare(TestCase.java:141)
	at junit.framework.TestResult$1.protect(TestResult.java:122)
	at junit.framework.TestResult.runProtected(TestResult.java:142)
	at junit.framework.TestResult.run(TestResult.java:125)
	at junit.framework.TestCase.run(TestCase.java:129)
	at junit.framework.TestSuite.runTest(TestSuite.java:252)
	at junit.framework.TestSuite.run(TestSuite.java:247)
	at org.junit.internal.runners.JUnit38ClassRunner.run(JUnit38ClassRunner.java:86)
	at org.apache.maven.surefire.junit4.JUnit4Provider.execute(JUnit4Provider.java:369)
	at org.apache.maven.surefire.junit4.JUnit4Provider.executeWithRerun(JUnit4Provider.java:275)
	at org.apache.maven.surefire.junit4.JUnit4Provider.executeTestSet(JUnit4Provider.java:239)
	at org.apache.maven.surefire.junit4.JUnit4Provider.invoke(JUnit4Provider.java:160)
	at org.apache.maven.surefire.booter.ForkedBooter.invokeProviderInSameClassLoader(ForkedBooter.java:373)
	at org.apache.maven.surefire.booter.ForkedBooter.runSuitesInProcess(ForkedBooter.java:334)
	at org.apache.maven.surefire.booter.ForkedBooter.execute(ForkedBooter.java:119)
	at org.apache.maven.surefire.booter.ForkedBooter.main(ForkedBooter.java:407)
444 [main] INFO space.exploration.mars.rover.utils.WeatherUtil  - wind_direction information not present
java.lang.NumberFormatException: For input string: "--"
	at sun.misc.FloatingDecimal.readJavaFormatString(FloatingDecimal.java:2043)
	at sun.misc.FloatingDecimal.parseDouble(FloatingDecimal.java:110)
	at java.lang.Double.parseDouble(Double.java:538)
	at space.exploration.mars.rover.utils.WeatherUtil.getweatherPayload(WeatherUtil.java:72)
	at space.exploration.mars.rover.service.WeatherQueryService.getResponse(WeatherQueryService.java:21)
	at space.exploration.mars.rover.service.WeatherQueryServiceTest.testPayloadObject(WeatherQueryServiceTest.java:20)
	at sun.reflect.NativeMethodAccessorImpl.invoke0(Native Method)
	at sun.reflect.NativeMethodAccessorImpl.invoke(NativeMethodAccessorImpl.java:62)
	at sun.reflect.DelegatingMethodAccessorImpl.invoke(DelegatingMethodAccessorImpl.java:43)
	at java.lang.reflect.Method.invoke(Method.java:498)
	at junit.framework.TestCase.runTest(TestCase.java:176)
	at junit.framework.TestCase.runBare(TestCase.java:141)
	at junit.framework.TestResult$1.protect(TestResult.java:122)
	at junit.framework.TestResult.runProtected(TestResult.java:142)
	at junit.framework.TestResult.run(TestResult.java:125)
	at junit.framework.TestCase.run(TestCase.java:129)
	at junit.framework.TestSuite.runTest(TestSuite.java:252)
	at junit.framework.TestSuite.run(TestSuite.java:247)
	at org.junit.internal.runners.JUnit38ClassRunner.run(JUnit38ClassRunner.java:86)
	at org.apache.maven.surefire.junit4.JUnit4Provider.execute(JUnit4Provider.java:369)
	at org.apache.maven.surefire.junit4.JUnit4Provider.executeWithRerun(JUnit4Provider.java:275)
	at org.apache.maven.surefire.junit4.JUnit4Provider.executeTestSet(JUnit4Provider.java:239)
	at org.apache.maven.surefire.junit4.JUnit4Provider.invoke(JUnit4Provider.java:160)
	at org.apache.maven.surefire.booter.ForkedBooter.invokeProviderInSameClassLoader(ForkedBooter.java:373)
	at org.apache.maven.surefire.booter.ForkedBooter.runSuitesInProcess(ForkedBooter.java:334)
	at org.apache.maven.surefire.booter.ForkedBooter.execute(ForkedBooter.java:119)
	at org.apache.maven.surefire.booter.ForkedBooter.main(ForkedBooter.java:407)
491 [main] DEBUG space.exploration.mars.rover.utils.WeatherUtil  - Debug Message terrestrialDate: "2017-11-26"
sol: 1887
ls: 92.0
minTemp: -79.0
minTemFahrenheit: -110.2
maxTemp: -26.0
maxTempFahrenheit: -14.8
pressureDescription: "Higher"
absoluteHumidity: "null"
atmosphericOpacity: "Sunny"
season: "Month4"
sunrise: "2017-11-26T115200Z"
sunset: "2017-11-26T233500Z"

551 [main] DEBUG space.exploration.mars.rover.service.QueryService  - StartMS supplied = 1481034691751 jodaInternalEarthDate = 2016-12-06T08:31:31.751-06:00 curiosityEarthDate = 2016-12-06
555 [main] DEBUG space.exploration.mars.rover.service.QueryService  - https://api.nasa.gov/mars-photos/api/v1/rovers/curiosity/photos?earth_date=2016-12-06&camera=FHAZ&api_key=TLcQa8H1EH0nc7teUJQwP7cIJyqnXtwE25A2vXHP
555 [main] DEBUG space.exploration.mars.rover.service.QueryService  - https://api.nasa.gov/mars-photos/api/v1/rovers/curiosity/photos?earth_date=2016-12-06&camera=FHAZ&api_key=TLcQa8H1EH0nc7teUJQwP7cIJyqnXtwE25A2vXHP
555 [main] DEBUG space.exploration.mars.rover.service.QueryService  - https://api.nasa.gov/mars-photos/api/v1/rovers/curiosity/photos?earth_date=2016-12-06&camera=FHAZ&api_key=TLcQa8H1EH0nc7teUJQwP7cIJyqnXtwE25A2vXHP
2781 [main] INFO space.exploration.mars.rover.kernel.SpacecraftClock  - Curiosity internal spacecraft clock started at :: 2016-01-01T00:00:00.000-06:00
2781 [main] INFO space.exploration.mars.rover.kernel.SpacecraftClock  - Mission duration is set to :: 1 year(s).
2781 [main] INFO space.exploration.mars.rover.kernel.SpacecraftClock  - Mission duration = 31536000000
2782 [main] INFO space.exploration.mars.rover.kernel.SpacecraftClock  - Internal time::2016-01-01T00:00:00.000-06:00 sclk of::
3783 [main] INFO space.exploration.mars.rover.kernel.SpacecraftClock  - Internal time::2016-01-01T00:00:10.680-06:00 sclk of::1/01210:03:43:18:42155
4783 [main] INFO space.exploration.mars.rover.kernel.SpacecraftClock  - Internal time::2016-01-01T00:00:20.580-06:00 sclk of::1/01210:03:43:28:15399
5783 [main] INFO space.exploration.mars.rover.kernel.SpacecraftClock  - Internal time::2016-01-01T00:00:30.660-06:00 sclk of::1/01210:03:43:37:88644
6784 [main] INFO space.exploration.mars.rover.kernel.SpacecraftClock  - Internal time::2016-01-01T00:00:40.860-06:00 sclk of::1/01210:03:43:47:61888
7784 [main] INFO space.exploration.mars.rover.kernel.SpacecraftClock  - Internal time::2016-01-01T00:00:50.940-06:00 sclk of::1/01210:03:43:57:35132
8784 [main] INFO space.exploration.mars.rover.kernel.SpacecraftClock  - Internal time::2016-01-01T00:01:00.960-06:00 sclk of::1/01210:03:44:07:08377
9784 [main] INFO space.exploration.mars.rover.kernel.SpacecraftClock  - Internal time::2016-01-01T00:01:11.100-06:00 sclk of::1/01210:03:44:17:78945
10785 [main] INFO space.exploration.mars.rover.kernel.SpacecraftClock  - Internal time::2016-01-01T00:01:21.060-06:00 sclk of::1/01210:03:44:27:52190
11785 [main] INFO space.exploration.mars.rover.kernel.SpacecraftClock  - Internal time::2016-01-01T00:01:30.720-06:00 sclk of::1/01210:03:44:36:28110
12785 [main] INFO space.exploration.mars.rover.kernel.SpacecraftClock  - Internal time::2016-01-01T00:01:40.440-06:00 sclk of::1/01210:03:44:46:01354
12788 [main] INFO space.exploration.mars.rover.kernel.SpacecraftClock  - Internal time::2016-01-01T00:01:40.440-06:00 sclk of::1/01210:03:44:46:01354
