2017-12-10 23:00:15,360 [main] DEBUG space.exploration.mars.rover.service.QueryService  - StartMS supplied = 1481864415317 jodaInternalEarthDate = 2016-12-15T23:00:15.317-06:00 curiosityEarthDate = 2016-12-15
2017-12-10 23:00:15,361 [main] DEBUG space.exploration.mars.rover.service.QueryService  - https://api.nasa.gov/mars-photos/api/v1/rovers/curiosity/photos?sol=0&camera=FHAZ&api_key=TLcQa8H1EH0nc7teUJQwP7cIJyqnXtwE25A2vXHP
2017-12-10 23:00:15,361 [main] DEBUG space.exploration.mars.rover.service.QueryService  - https://api.nasa.gov/mars-photos/api/v1/rovers/curiosity/photos?sol=0&camera=FHAZ&api_key=TLcQa8H1EH0nc7teUJQwP7cIJyqnXtwE25A2vXHP
2017-12-10 23:00:15,361 [main] DEBUG space.exploration.mars.rover.service.QueryService  - https://api.nasa.gov/mars-photos/api/v1/rovers/curiosity/photos?sol=0&camera=FHAZ&api_key=TLcQa8H1EH0nc7teUJQwP7cIJyqnXtwE25A2vXHP
2017-12-10 23:00:17,474 [main] INFO space.exploration.mars.rover.kernel.SpacecraftClock  - Curiosity internal spacecraft clock started at :: 2016-01-01T00:00:00.000-06:00
2017-12-10 23:00:17,474 [main] INFO space.exploration.mars.rover.kernel.SpacecraftClock  - Mission duration is set to :: 1 year(s).
2017-12-10 23:00:17,474 [main] INFO space.exploration.mars.rover.kernel.SpacecraftClock  - Mission duration = 31536000000
2017-12-10 23:00:17,475 [main] INFO space.exploration.mars.rover.kernel.SpacecraftClock  - Internal time::2016-01-01T00:00:00.000-06:00 sclk of::
2017-12-10 23:00:17,477 [pool-1-thread-1] DEBUG space.exploration.spice.utilities.TimeUtils  - 2016-01-01~00:00:00
2017-12-10 23:00:18,475 [pool-1-thread-1] DEBUG space.exploration.spice.utilities.TimeUtils  - 2016-01-01~00:00:00
2017-12-10 23:00:18,477 [main] INFO space.exploration.mars.rover.kernel.SpacecraftClock  - Internal time::2016-01-01T00:00:00.120-06:00 sclk of::1/01210:03:43:08:68911
2017-12-10 23:00:19,476 [pool-1-thread-1] DEBUG space.exploration.spice.utilities.TimeUtils  - 2016-01-01~00:00:00
2017-12-10 23:00:19,478 [main] INFO space.exploration.mars.rover.kernel.SpacecraftClock  - Internal time::2016-01-01T00:00:00.180-06:00 sclk of::1/01210:03:43:08:68911
2017-12-10 23:00:20,475 [pool-1-thread-1] DEBUG space.exploration.spice.utilities.TimeUtils  - 2016-01-01~00:00:00
2017-12-10 23:00:20,479 [main] INFO space.exploration.mars.rover.kernel.SpacecraftClock  - Internal time::2016-01-01T00:00:00.240-06:00 sclk of::1/01210:03:43:08:68911
2017-12-10 23:00:21,476 [pool-1-thread-1] DEBUG space.exploration.spice.utilities.TimeUtils  - 2016-01-01~00:00:00
2017-12-10 23:00:21,479 [main] INFO space.exploration.mars.rover.kernel.SpacecraftClock  - Internal time::2016-01-01T00:00:00.300-06:00 sclk of::1/01210:03:43:08:68911
2017-12-10 23:00:22,475 [pool-1-thread-1] DEBUG space.exploration.spice.utilities.TimeUtils  - 2016-01-01~00:00:00
2017-12-10 23:00:22,480 [main] INFO space.exploration.mars.rover.kernel.SpacecraftClock  - Internal time::2016-01-01T00:00:00.360-06:00 sclk of::1/01210:03:43:08:68911
2017-12-10 23:00:23,475 [pool-1-thread-1] DEBUG space.exploration.spice.utilities.TimeUtils  - 2016-01-01~00:00:00
2017-12-10 23:00:23,481 [main] INFO space.exploration.mars.rover.kernel.SpacecraftClock  - Internal time::2016-01-01T00:00:00.420-06:00 sclk of::1/01210:03:43:08:68911
2017-12-10 23:00:24,475 [pool-1-thread-1] DEBUG space.exploration.spice.utilities.TimeUtils  - 2016-01-01~00:00:00
2017-12-10 23:00:24,481 [main] INFO space.exploration.mars.rover.kernel.SpacecraftClock  - Internal time::2016-01-01T00:00:00.480-06:00 sclk of::1/01210:03:43:08:68911
2017-12-10 23:00:25,476 [pool-1-thread-1] DEBUG space.exploration.spice.utilities.TimeUtils  - 2016-01-01~00:00:00
2017-12-10 23:00:25,482 [main] INFO space.exploration.mars.rover.kernel.SpacecraftClock  - Internal time::2016-01-01T00:00:00.540-06:00 sclk of::1/01210:03:43:08:68911
2017-12-10 23:00:26,475 [pool-1-thread-1] DEBUG space.exploration.spice.utilities.TimeUtils  - 2016-01-01~00:00:00
2017-12-10 23:00:26,482 [main] INFO space.exploration.mars.rover.kernel.SpacecraftClock  - Internal time::2016-01-01T00:00:00.600-06:00 sclk of::1/01210:03:43:08:68911
2017-12-10 23:00:27,476 [pool-1-thread-1] DEBUG space.exploration.spice.utilities.TimeUtils  - 2016-01-01~00:00:00
2017-12-10 23:00:27,483 [main] INFO space.exploration.mars.rover.kernel.SpacecraftClock  - Internal time::2016-01-01T00:00:00.660-06:00 sclk of::1/01210:03:43:08:68911
2017-12-10 23:00:27,495 [main] INFO space.exploration.mars.rover.kernel.SpacecraftClock  - Internal time::2016-01-01T00:00:00.660-06:00 sclk of::1/01210:03:43:08:68911
