0 [main] DEBUG space.exploration.mars.rover.service.QueryService  - http://marsweather.ingenology.com/v1/archive/?
1 [main] DEBUG space.exploration.mars.rover.service.QueryService  - http://marsweather.ingenology.com/v1/archive/?
1 [main] DEBUG space.exploration.mars.rover.service.QueryService  - http://marsweather.ingenology.com/v1/archive/?
664 [main] INFO space.exploration.mars.rover.utils.WeatherUtil  - wind_speed information not present
java.lang.NumberFormatException: For input string: "null"
	at sun.misc.FloatingDecimal.readJavaFormatString(FloatingDecimal.java:2043)
	at sun.misc.FloatingDecimal.parseDouble(FloatingDecimal.java:110)
	at java.lang.Double.parseDouble(Double.java:538)
	at space.exploration.mars.rover.utils.WeatherUtil.getweatherPayload(WeatherUtil.java:66)
	at space.exploration.mars.rover.service.WeatherQueryService.getResponse(WeatherQueryService.java:21)
	at space.exploration.mars.rover.service.WeatherQueryServiceTest.testPayloadObject(WeatherQueryServiceTest.java:20)
	at sun.reflect.NativeMethodAccessorImpl.invoke0(Native Method)
	at sun.reflect.NativeMethodAccessorImpl.invoke(NativeMethodAccessorImpl.java:62)
	at sun.reflect.DelegatingMethodAccessorImpl.invoke(DelegatingMethodAccessorImpl.java:43)
	at java.lang.reflect.Method.invoke(Method.java:498)
	at junit.framework.TestCase.runTest(TestCase.java:176)
	at junit.framework.TestCase.runBare(TestCase.java:141)
	at junit.framework.TestResult$1.protect(TestResult.java:122)
	at junit.framework.TestResult.runProtected(TestResult.java:142)
	at junit.framework.TestResult.run(TestResult.java:125)
	at junit.framework.TestCase.run(TestCase.java:129)
	at junit.framework.TestSuite.runTest(TestSuite.java:252)
	at junit.framework.TestSuite.run(TestSuite.java:247)
	at org.junit.internal.runners.JUnit38ClassRunner.run(JUnit38ClassRunner.java:86)
	at org.apache.maven.surefire.junit4.JUnit4Provider.execute(JUnit4Provider.java:264)
	at org.apache.maven.surefire.junit4.JUnit4Provider.executeTestSet(JUnit4Provider.java:153)
	at org.apache.maven.surefire.junit4.JUnit4Provider.invoke(JUnit4Provider.java:124)
	at org.apache.maven.surefire.booter.ForkedBooter.invokeProviderInSameClassLoader(ForkedBooter.java:200)
	at org.apache.maven.surefire.booter.ForkedBooter.runSuitesInProcess(ForkedBooter.java:153)
	at org.apache.maven.surefire.booter.ForkedBooter.main(ForkedBooter.java:103)
666 [main] INFO space.exploration.mars.rover.utils.WeatherUtil  - wind_direction information not present
java.lang.NumberFormatException: For input string: "--"
	at sun.misc.FloatingDecimal.readJavaFormatString(FloatingDecimal.java:2043)
	at sun.misc.FloatingDecimal.parseDouble(FloatingDecimal.java:110)
	at java.lang.Double.parseDouble(Double.java:538)
	at space.exploration.mars.rover.utils.WeatherUtil.getweatherPayload(WeatherUtil.java:72)
	at space.exploration.mars.rover.service.WeatherQueryService.getResponse(WeatherQueryService.java:21)
	at space.exploration.mars.rover.service.WeatherQueryServiceTest.testPayloadObject(WeatherQueryServiceTest.java:20)
	at sun.reflect.NativeMethodAccessorImpl.invoke0(Native Method)
	at sun.reflect.NativeMethodAccessorImpl.invoke(NativeMethodAccessorImpl.java:62)
	at sun.reflect.DelegatingMethodAccessorImpl.invoke(DelegatingMethodAccessorImpl.java:43)
	at java.lang.reflect.Method.invoke(Method.java:498)
	at junit.framework.TestCase.runTest(TestCase.java:176)
	at junit.framework.TestCase.runBare(TestCase.java:141)
	at junit.framework.TestResult$1.protect(TestResult.java:122)
	at junit.framework.TestResult.runProtected(TestResult.java:142)
	at junit.framework.TestResult.run(TestResult.java:125)
	at junit.framework.TestCase.run(TestCase.java:129)
	at junit.framework.TestSuite.runTest(TestSuite.java:252)
	at junit.framework.TestSuite.run(TestSuite.java:247)
	at org.junit.internal.runners.JUnit38ClassRunner.run(JUnit38ClassRunner.java:86)
	at org.apache.maven.surefire.junit4.JUnit4Provider.execute(JUnit4Provider.java:264)
	at org.apache.maven.surefire.junit4.JUnit4Provider.executeTestSet(JUnit4Provider.java:153)
	at org.apache.maven.surefire.junit4.JUnit4Provider.invoke(JUnit4Provider.java:124)
	at org.apache.maven.surefire.booter.ForkedBooter.invokeProviderInSameClassLoader(ForkedBooter.java:200)
	at org.apache.maven.surefire.booter.ForkedBooter.runSuitesInProcess(ForkedBooter.java:153)
	at org.apache.maven.surefire.booter.ForkedBooter.main(ForkedBooter.java:103)
714 [main] DEBUG space.exploration.mars.rover.utils.WeatherUtil  - Debug Message terrestrialDate: "2017-11-18"
sol: 1879
ls: 89.0
minTemp: -79.0
minTemFahrenheit: -110.2
maxTemp: -31.0
maxTempFahrenheit: -23.8
pressureDescription: "Higher"
absoluteHumidity: "null"
atmosphericOpacity: "Sunny"
season: "Month3"
sunrise: "2017-11-18T115400Z"
sunset: "2017-11-18T233600Z"

775 [main] DEBUG space.exploration.mars.rover.service.QueryService  - StartMS supplied = 1480138376748 jodaInternalEarthDate = 2016-11-25T23:32:56.748-06:00 curiosityEarthDate = 2016-11-25
776 [main] DEBUG space.exploration.mars.rover.service.QueryService  - https://api.nasa.gov/mars-photos/api/v1/rovers/curiosity/photos?earth_date=2016-11-25&camera=FHAZ&api_key=DEMO_KEY
776 [main] DEBUG space.exploration.mars.rover.service.QueryService  - https://api.nasa.gov/mars-photos/api/v1/rovers/curiosity/photos?earth_date=2016-11-25&camera=FHAZ&api_key=DEMO_KEY
776 [main] DEBUG space.exploration.mars.rover.service.QueryService  - https://api.nasa.gov/mars-photos/api/v1/rovers/curiosity/photos?earth_date=2016-11-25&camera=FHAZ&api_key=DEMO_KEY
2829 [main] INFO space.exploration.mars.rover.kernel.SpacecraftClock  - Curiosity internal spacecraft clock started at :: 2016-01-01T00:00:00.000-06:00
2829 [main] INFO space.exploration.mars.rover.kernel.SpacecraftClock  - Mission duration is set to :: 1 year(s).
2830 [main] INFO space.exploration.mars.rover.kernel.SpacecraftClock  - Mission duration = 31536000000
3883 [main] INFO space.exploration.mars.rover.kernel.SpacecraftClock  - Internal time::2016-01-01T00:00:00.000-06:00 sclk of::1/0504877261-44223
4927 [main] INFO space.exploration.mars.rover.kernel.SpacecraftClock  - Internal time::2016-01-01T00:01:02.580-06:00 sclk of::1/0504877261-44223
5953 [main] INFO space.exploration.mars.rover.kernel.SpacecraftClock  - Internal time::2016-01-01T00:02:04.140-06:00 sclk of::1/0504877323-44184
6987 [main] INFO space.exploration.mars.rover.kernel.SpacecraftClock  - Internal time::2016-01-01T00:03:06.120-06:00 sclk of::1/0504877385-44146
8019 [main] INFO space.exploration.mars.rover.kernel.SpacecraftClock  - Internal time::2016-01-01T00:04:08.100-06:00 sclk of::1/0504877447-44107
9050 [main] INFO space.exploration.mars.rover.kernel.SpacecraftClock  - Internal time::2016-01-01T00:05:09.900-06:00 sclk of::1/0504877509-44068
10082 [main] INFO space.exploration.mars.rover.kernel.SpacecraftClock  - Internal time::2016-01-01T00:06:11.880-06:00 sclk of::1/0504877570-44030
11115 [main] INFO space.exploration.mars.rover.kernel.SpacecraftClock  - Internal time::2016-01-01T00:07:13.800-06:00 sclk of::1/0504877632-43992
12149 [main] INFO space.exploration.mars.rover.kernel.SpacecraftClock  - Internal time::2016-01-01T00:08:15.900-06:00 sclk of::1/0504877694-43953
13181 [main] INFO space.exploration.mars.rover.kernel.SpacecraftClock  - Internal time::2016-01-01T00:09:17.760-06:00 sclk of::1/0504877756-43914
14213 [main] INFO space.exploration.mars.rover.kernel.SpacecraftClock  - Internal time::2016-01-01T00:10:19.680-06:00 sclk of::1/0504877818-43876
15250 [main] INFO space.exploration.mars.rover.kernel.SpacecraftClock  - Internal time::2016-01-01T00:11:21.900-06:00 sclk of::1/0504877881-43836
