2017-12-10 23:00:14,819 [main] DEBUG space.exploration.mars.rover.service.QueryService  - http://marsweather.ingenology.com/v1/archive/?sol=1212
2017-12-10 23:00:14,820 [main] DEBUG space.exploration.mars.rover.service.QueryService  - http://marsweather.ingenology.com/v1/archive/?sol=1212
2017-12-10 23:00:14,820 [main] DEBUG space.exploration.mars.rover.service.QueryService  - http://marsweather.ingenology.com/v1/archive/?sol=1212
2017-12-10 23:00:15,254 [main] INFO space.exploration.mars.rover.utils.WeatherUtil  - wind_speed information not present
java.lang.NumberFormatException: For input string: "null"
	at sun.misc.FloatingDecimal.readJavaFormatString(FloatingDecimal.java:2043)
	at sun.misc.FloatingDecimal.parseDouble(FloatingDecimal.java:110)
	at java.lang.Double.parseDouble(Double.java:538)
	at space.exploration.mars.rover.utils.WeatherUtil.getweatherPayload(WeatherUtil.java:66)
	at space.exploration.mars.rover.service.WeatherQueryService.getResponse(WeatherQueryService.java:21)
	at space.exploration.mars.rover.service.WeatherQueryServiceTest.testPayloadObject(WeatherQueryServiceTest.java:21)
	at sun.reflect.NativeMethodAccessorImpl.invoke0(Native Method)
	at sun.reflect.NativeMethodAccessorImpl.invoke(NativeMethodAccessorImpl.java:62)
	at sun.reflect.DelegatingMethodAccessorImpl.invoke(DelegatingMethodAccessorImpl.java:43)
	at java.lang.reflect.Method.invoke(Method.java:498)
	at junit.framework.TestCase.runTest(TestCase.java:176)
	at junit.framework.TestCase.runBare(TestCase.java:141)
	at junit.framework.TestResult$1.protect(TestResult.java:122)
	at junit.framework.TestResult.runProtected(TestResult.java:142)
	at junit.framework.TestResult.run(TestResult.java:125)
	at junit.framework.TestCase.run(TestCase.java:129)
	at junit.framework.TestSuite.runTest(TestSuite.java:252)
	at junit.framework.TestSuite.run(TestSuite.java:247)
	at org.junit.internal.runners.JUnit38ClassRunner.run(JUnit38ClassRunner.java:86)
	at org.apache.maven.surefire.junit4.JUnit4Provider.execute(JUnit4Provider.java:369)
	at org.apache.maven.surefire.junit4.JUnit4Provider.executeWithRerun(JUnit4Provider.java:275)
	at org.apache.maven.surefire.junit4.JUnit4Provider.executeTestSet(JUnit4Provider.java:239)
	at org.apache.maven.surefire.junit4.JUnit4Provider.invoke(JUnit4Provider.java:160)
	at org.apache.maven.surefire.booter.ForkedBooter.invokeProviderInSameClassLoader(ForkedBooter.java:373)
	at org.apache.maven.surefire.booter.ForkedBooter.runSuitesInProcess(ForkedBooter.java:334)
	at org.apache.maven.surefire.booter.ForkedBooter.execute(ForkedBooter.java:119)
	at org.apache.maven.surefire.booter.ForkedBooter.main(ForkedBooter.java:407)
2017-12-10 23:00:15,257 [main] INFO space.exploration.mars.rover.utils.WeatherUtil  - wind_direction information not present
java.lang.NumberFormatException: For input string: "--"
	at sun.misc.FloatingDecimal.readJavaFormatString(FloatingDecimal.java:2043)
	at sun.misc.FloatingDecimal.parseDouble(FloatingDecimal.java:110)
	at java.lang.Double.parseDouble(Double.java:538)
	at space.exploration.mars.rover.utils.WeatherUtil.getweatherPayload(WeatherUtil.java:72)
	at space.exploration.mars.rover.service.WeatherQueryService.getResponse(WeatherQueryService.java:21)
	at space.exploration.mars.rover.service.WeatherQueryServiceTest.testPayloadObject(WeatherQueryServiceTest.java:21)
	at sun.reflect.NativeMethodAccessorImpl.invoke0(Native Method)
	at sun.reflect.NativeMethodAccessorImpl.invoke(NativeMethodAccessorImpl.java:62)
	at sun.reflect.DelegatingMethodAccessorImpl.invoke(DelegatingMethodAccessorImpl.java:43)
	at java.lang.reflect.Method.invoke(Method.java:498)
	at junit.framework.TestCase.runTest(TestCase.java:176)
	at junit.framework.TestCase.runBare(TestCase.java:141)
	at junit.framework.TestResult$1.protect(TestResult.java:122)
	at junit.framework.TestResult.runProtected(TestResult.java:142)
	at junit.framework.TestResult.run(TestResult.java:125)
	at junit.framework.TestCase.run(TestCase.java:129)
	at junit.framework.TestSuite.runTest(TestSuite.java:252)
	at junit.framework.TestSuite.run(TestSuite.java:247)
	at org.junit.internal.runners.JUnit38ClassRunner.run(JUnit38ClassRunner.java:86)
	at org.apache.maven.surefire.junit4.JUnit4Provider.execute(JUnit4Provider.java:369)
	at org.apache.maven.surefire.junit4.JUnit4Provider.executeWithRerun(JUnit4Provider.java:275)
	at org.apache.maven.surefire.junit4.JUnit4Provider.executeTestSet(JUnit4Provider.java:239)
	at org.apache.maven.surefire.junit4.JUnit4Provider.invoke(JUnit4Provider.java:160)
	at org.apache.maven.surefire.booter.ForkedBooter.invokeProviderInSameClassLoader(ForkedBooter.java:373)
	at org.apache.maven.surefire.booter.ForkedBooter.runSuitesInProcess(ForkedBooter.java:334)
	at org.apache.maven.surefire.booter.ForkedBooter.execute(ForkedBooter.java:119)
	at org.apache.maven.surefire.booter.ForkedBooter.main(ForkedBooter.java:407)
2017-12-10 23:00:15,308 [main] DEBUG space.exploration.mars.rover.utils.WeatherUtil  - Debug Message terrestrialDate: "2016-01-03"
sol: 1212
ls: 89.0
minTemp: -86.0
minTemFahrenheit: -122.8
maxTemp: -28.0
maxTempFahrenheit: -18.4
pressureDescription: "Higher"
absoluteHumidity: "null"
atmosphericOpacity: "Sunny"
season: "Month3"
sunrise: "2016-01-03T115300Z"
sunset: "2016-01-03T233600Z]"

2017-12-10 23:00:15,360 [main] DEBUG space.exploration.mars.rover.service.QueryService  - StartMS supplied = 1481864415317 jodaInternalEarthDate = 2016-12-15T23:00:15.317-06:00 curiosityEarthDate = 2016-12-15
2017-12-10 23:00:15,361 [main] DEBUG space.exploration.mars.rover.service.QueryService  - https://api.nasa.gov/mars-photos/api/v1/rovers/curiosity/photos?sol=0&camera=FHAZ&api_key=TLcQa8H1EH0nc7teUJQwP7cIJyqnXtwE25A2vXHP
2017-12-10 23:00:15,361 [main] DEBUG space.exploration.mars.rover.service.QueryService  - https://api.nasa.gov/mars-photos/api/v1/rovers/curiosity/photos?sol=0&camera=FHAZ&api_key=TLcQa8H1EH0nc7teUJQwP7cIJyqnXtwE25A2vXHP
2017-12-10 23:00:15,361 [main] DEBUG space.exploration.mars.rover.service.QueryService  - https://api.nasa.gov/mars-photos/api/v1/rovers/curiosity/photos?sol=0&camera=FHAZ&api_key=TLcQa8H1EH0nc7teUJQwP7cIJyqnXtwE25A2vXHP
2017-12-10 23:00:17,474 [main] INFO space.exploration.mars.rover.kernel.SpacecraftClock  - Curiosity internal spacecraft clock started at :: 2016-01-01T00:00:00.000-06:00
2017-12-10 23:00:17,474 [main] INFO space.exploration.mars.rover.kernel.SpacecraftClock  - Mission duration is set to :: 1 year(s).
2017-12-10 23:00:17,474 [main] INFO space.exploration.mars.rover.kernel.SpacecraftClock  - Mission duration = 31536000000
2017-12-10 23:00:17,475 [main] INFO space.exploration.mars.rover.kernel.SpacecraftClock  - Internal time::2016-01-01T00:00:00.000-06:00 sclk of::
2017-12-10 23:00:17,477 [pool-1-thread-1] DEBUG space.exploration.spice.utilities.TimeUtils  - 2016-01-01~00:00:00
2017-12-10 23:00:18,475 [pool-1-thread-1] DEBUG space.exploration.spice.utilities.TimeUtils  - 2016-01-01~00:00:00
2017-12-10 23:00:18,477 [main] INFO space.exploration.mars.rover.kernel.SpacecraftClock  - Internal time::2016-01-01T00:00:00.120-06:00 sclk of::1/01210:03:43:08:68911
2017-12-10 23:00:19,476 [pool-1-thread-1] DEBUG space.exploration.spice.utilities.TimeUtils  - 2016-01-01~00:00:00
2017-12-10 23:00:19,478 [main] INFO space.exploration.mars.rover.kernel.SpacecraftClock  - Internal time::2016-01-01T00:00:00.180-06:00 sclk of::1/01210:03:43:08:68911
2017-12-10 23:00:20,475 [pool-1-thread-1] DEBUG space.exploration.spice.utilities.TimeUtils  - 2016-01-01~00:00:00
2017-12-10 23:00:20,479 [main] INFO space.exploration.mars.rover.kernel.SpacecraftClock  - Internal time::2016-01-01T00:00:00.240-06:00 sclk of::1/01210:03:43:08:68911
2017-12-10 23:00:21,476 [pool-1-thread-1] DEBUG space.exploration.spice.utilities.TimeUtils  - 2016-01-01~00:00:00
2017-12-10 23:00:21,479 [main] INFO space.exploration.mars.rover.kernel.SpacecraftClock  - Internal time::2016-01-01T00:00:00.300-06:00 sclk of::1/01210:03:43:08:68911
2017-12-10 23:00:22,475 [pool-1-thread-1] DEBUG space.exploration.spice.utilities.TimeUtils  - 2016-01-01~00:00:00
2017-12-10 23:00:22,480 [main] INFO space.exploration.mars.rover.kernel.SpacecraftClock  - Internal time::2016-01-01T00:00:00.360-06:00 sclk of::1/01210:03:43:08:68911
2017-12-10 23:00:23,475 [pool-1-thread-1] DEBUG space.exploration.spice.utilities.TimeUtils  - 2016-01-01~00:00:00
2017-12-10 23:00:23,481 [main] INFO space.exploration.mars.rover.kernel.SpacecraftClock  - Internal time::2016-01-01T00:00:00.420-06:00 sclk of::1/01210:03:43:08:68911
2017-12-10 23:00:24,475 [pool-1-thread-1] DEBUG space.exploration.spice.utilities.TimeUtils  - 2016-01-01~00:00:00
2017-12-10 23:00:24,481 [main] INFO space.exploration.mars.rover.kernel.SpacecraftClock  - Internal time::2016-01-01T00:00:00.480-06:00 sclk of::1/01210:03:43:08:68911
2017-12-10 23:00:25,476 [pool-1-thread-1] DEBUG space.exploration.spice.utilities.TimeUtils  - 2016-01-01~00:00:00
2017-12-10 23:00:25,482 [main] INFO space.exploration.mars.rover.kernel.SpacecraftClock  - Internal time::2016-01-01T00:00:00.540-06:00 sclk of::1/01210:03:43:08:68911
2017-12-10 23:00:26,475 [pool-1-thread-1] DEBUG space.exploration.spice.utilities.TimeUtils  - 2016-01-01~00:00:00
2017-12-10 23:00:26,482 [main] INFO space.exploration.mars.rover.kernel.SpacecraftClock  - Internal time::2016-01-01T00:00:00.600-06:00 sclk of::1/01210:03:43:08:68911
2017-12-10 23:00:27,476 [pool-1-thread-1] DEBUG space.exploration.spice.utilities.TimeUtils  - 2016-01-01~00:00:00
2017-12-10 23:00:27,483 [main] INFO space.exploration.mars.rover.kernel.SpacecraftClock  - Internal time::2016-01-01T00:00:00.660-06:00 sclk of::1/01210:03:43:08:68911
2017-12-10 23:00:27,495 [main] INFO space.exploration.mars.rover.kernel.SpacecraftClock  - Internal time::2016-01-01T00:00:00.660-06:00 sclk of::1/01210:03:43:08:68911
