38313 [Thread-2] DEBUG space.exploration.mars.rover.kernel.ListeningState  - timeStamp: 1508736326473
targets {
  roverModule: 8
  estimatedPowerUsage: 20
  action: "ClickCamera"
  roverSubModule: "MARDI"
}

40007 [main-SendThread(localhost:2181)] DEBUG org.apache.zookeeper.ClientCnxn  - Got ping response for sessionid: 0x15f2dbff96c0019 after 0ms
42008 [main-SendThread(localhost:2181)] DEBUG org.apache.zookeeper.ClientCnxn  - Got ping response for sessionid: 0x15f2dbff96c0019 after 0ms
44012 [main-SendThread(localhost:2181)] DEBUG org.apache.zookeeper.ClientCnxn  - Got ping response for sessionid: 0x15f2dbff96c0019 after 0ms
44374 [Thread-2] INFO space.exploration.mars.rover.kernel.ListeningState  - 1508736760753,8,ClickCamera Current instructionQueue length = 0
46015 [main-SendThread(localhost:2181)] DEBUG org.apache.zookeeper.ClientCnxn  - Got ping response for sessionid: 0x15f2dbff96c0019 after 0ms
47472 [Thread-2] DEBUG space.exploration.mars.rover.service.QueryService  - StartMS supplied = 1498627963785 jodaInternalEarthDate = 2017-06-28T00:32:43.785-05:00 curiosityEarthDate = 2017-06-28
47472 [Thread-2] DEBUG space.exploration.mars.rover.service.QueryService  - https://api.nasa.gov/mars-photos/api/v1/rovers/curiosity/photos?earth_date=2017-06-28&camera=MARDI&api_key=DEMO_KEY
47473 [Thread-2] DEBUG space.exploration.mars.rover.service.QueryService  - https://api.nasa.gov/mars-photos/api/v1/rovers/curiosity/photos?earth_date=2017-06-28&camera=MARDI&api_key=DEMO_KEY
47473 [Thread-2] DEBUG space.exploration.mars.rover.service.QueryService  - https://api.nasa.gov/mars-photos/api/v1/rovers/curiosity/photos?earth_date=2017-06-28&camera=MARDI&api_key=DEMO_KEY
48017 [main-SendThread(localhost:2181)] DEBUG org.apache.zookeeper.ClientCnxn  - Got ping response for sessionid: 0x15f2dbff96c0019 after 0ms
48033 [Thread-2] DEBUG space.exploration.mars.rover.kernel.PhotographingState  - Query String::https://api.nasa.gov/mars-photos/api/v1/rovers/curiosity/photos?earth_date=2017-06-28&camera=MARDI&api_key=DEMO_KEY
48034 [Thread-2] DEBUG space.exploration.mars.rover.kernel.PhotographingState  - Response String::{"photos":[]}
48040 [Thread-2] DEBUG space.exploration.mars.rover.utils.CameraUtil  - Camera Module - archiveLocation = /home/sanket/Documents/workspace/MarsRover/mars.rover/dataArchives/MARDI
50019 [main-SendThread(localhost:2181)] DEBUG org.apache.zookeeper.ClientCnxn  - Got ping response for sessionid: 0x15f2dbff96c0019 after 0ms
52023 [main-SendThread(localhost:2181)] DEBUG org.apache.zookeeper.ClientCnxn  - Got ping response for sessionid: 0x15f2dbff96c0019 after 0ms
54025 [main-SendThread(localhost:2181)] DEBUG org.apache.zookeeper.ClientCnxn  - Got ping response for sessionid: 0x15f2dbff96c0019 after 0ms
56027 [main-SendThread(localhost:2181)] DEBUG org.apache.zookeeper.ClientCnxn  - Got ping response for sessionid: 0x15f2dbff96c0019 after 0ms
58031 [main-SendThread(localhost:2181)] DEBUG org.apache.zookeeper.ClientCnxn  - Got ping response for sessionid: 0x15f2dbff96c0019 after 0ms
60033 [main-SendThread(localhost:2181)] DEBUG org.apache.zookeeper.ClientCnxn  - Got ping response for sessionid: 0x15f2dbff96c0019 after 0ms
62035 [main-SendThread(localhost:2181)] DEBUG org.apache.zookeeper.ClientCnxn  - Got ping response for sessionid: 0x15f2dbff96c0019 after 1ms
64037 [main-SendThread(localhost:2181)] DEBUG org.apache.zookeeper.ClientCnxn  - Got ping response for sessionid: 0x15f2dbff96c0019 after 0ms
66040 [main-SendThread(localhost:2181)] DEBUG org.apache.zookeeper.ClientCnxn  - Got ping response for sessionid: 0x15f2dbff96c0019 after 0ms
66814 [pool-5-thread-1] DEBUG space.exploration.mars.rover.power.BatteryMonitor  - BatteryMonitor performing due diligence. SCET = 1508736742838 Rover state = Listening State
66815 [pool-5-thread-1] DEBUG space.exploration.mars.rover.power.BatteryMonitor  - BatteryMonitor performing due diligence. SCET = 1508736783194 Rover state = Listening State
66815 [Thread-2] DEBUG kafka.consumer.PartitionTopicInfo  - reset consume offset of earth_to_curiosity_3:0: fetched offset = 457: consumed offset = 457 to 457
66849 [pool-2-thread-1] DEBUG space.exploration.mars.rover.diagnostics.Pacemaker  - SCET: 1508736783203
equipmentHealth {
  key: "Battery"
  value: 1000
}
equipmentHealth {
  key: "Radio"
  value: 9997
}
equipmentHealth {
  key: "Lidar"
  value: 1000
}
equipmentHealth {
  key: "Camera"
  value: 999
}
equipmentHealth {
  key: "Spectrometer"
  value: 1000
}
equipmentHealth {
  key: "Radar"
  value: 1000
}
equipmentHealth {
  key: "Mars Weather Station"
  value: 100
}
batteryLevel: 979
moduleReporting: 3
notes: "This is rover Curiosity. Sending HeartBeat!"
location {
  x: 525
  y: 100
}

68042 [main-SendThread(localhost:2181)] DEBUG org.apache.zookeeper.ClientCnxn  - Got ping response for sessionid: 0x15f2dbff96c0019 after 0ms
70044 [main-SendThread(localhost:2181)] DEBUG org.apache.zookeeper.ClientCnxn  - Got ping response for sessionid: 0x15f2dbff96c0019 after 0ms
72045 [main-SendThread(localhost:2181)] DEBUG org.apache.zookeeper.ClientCnxn  - Got ping response for sessionid: 0x15f2dbff96c0019 after 0ms
74047 [main-SendThread(localhost:2181)] DEBUG org.apache.zookeeper.ClientCnxn  - Got ping response for sessionid: 0x15f2dbff96c0019 after 0ms
76050 [main-SendThread(localhost:2181)] DEBUG org.apache.zookeeper.ClientCnxn  - Got ping response for sessionid: 0x15f2dbff96c0019 after 0ms
77757 [main-SendThread(localhost:2181)] DEBUG org.apache.zookeeper.ClientCnxn  - Reading reply sessionid:0x15f2dbff96c0019, packet:: clientPath:null serverPath:null finished:false header:: 23,5  replyHeader:: 23,1569,0  request:: '/consumers/space.exploration.mars.newRover/offsets/earth_to_curiosity_3/0,#343537,-1  response:: s{66,1569,1508301232237,1508736794134,451,0,0,0,3,0,66} 
77758 [main-SendThread(localhost:2181)] DEBUG org.apache.zookeeper.ClientCnxn  - Got ping response for sessionid: 0x15f2dbff96c0019 after 3ms
79757 [main-SendThread(localhost:2181)] DEBUG org.apache.zookeeper.ClientCnxn  - Got ping response for sessionid: 0x15f2dbff96c0019 after 0ms
81003 [Thread-2] DEBUG space.exploration.mars.rover.kernel.ListeningState  - timeStamp: 1508736335127
targets {
  roverModule: 8
  estimatedPowerUsage: 20
  action: "ClickCamera"
  roverSubModule: "RHAZ"
}

81759 [main-SendThread(localhost:2181)] DEBUG org.apache.zookeeper.ClientCnxn  - Got ping response for sessionid: 0x15f2dbff96c0019 after 0ms
83760 [main-SendThread(localhost:2181)] DEBUG org.apache.zookeeper.ClientCnxn  - Got ping response for sessionid: 0x15f2dbff96c0019 after 0ms
85762 [main-SendThread(localhost:2181)] DEBUG org.apache.zookeeper.ClientCnxn  - Got ping response for sessionid: 0x15f2dbff96c0019 after 0ms
87045 [Thread-2] INFO space.exploration.mars.rover.kernel.ListeningState  - 1508736803424,8,ClickCamera Current instructionQueue length = 0
87763 [main-SendThread(localhost:2181)] DEBUG org.apache.zookeeper.ClientCnxn  - Got ping response for sessionid: 0x15f2dbff96c0019 after 0ms
89766 [main-SendThread(localhost:2181)] DEBUG org.apache.zookeeper.ClientCnxn  - Got ping response for sessionid: 0x15f2dbff96c0019 after 0ms
90073 [Thread-2] DEBUG space.exploration.mars.rover.service.QueryService  - StartMS supplied = 1501479206452 jodaInternalEarthDate = 2017-07-31T00:33:26.452-05:00 curiosityEarthDate = 2017-07-31
90074 [Thread-2] DEBUG space.exploration.mars.rover.service.QueryService  - https://api.nasa.gov/mars-photos/api/v1/rovers/curiosity/photos?earth_date=2017-07-31&camera=RHAZ&api_key=DEMO_KEY
90074 [Thread-2] DEBUG space.exploration.mars.rover.service.QueryService  - https://api.nasa.gov/mars-photos/api/v1/rovers/curiosity/photos?earth_date=2017-07-31&camera=RHAZ&api_key=DEMO_KEY
90074 [Thread-2] DEBUG space.exploration.mars.rover.service.QueryService  - https://api.nasa.gov/mars-photos/api/v1/rovers/curiosity/photos?earth_date=2017-07-31&camera=RHAZ&api_key=DEMO_KEY
90393 [Thread-2] DEBUG space.exploration.mars.rover.kernel.PhotographingState  - Query String::https://api.nasa.gov/mars-photos/api/v1/rovers/curiosity/photos?earth_date=2017-07-31&camera=RHAZ&api_key=DEMO_KEY
90393 [Thread-2] DEBUG space.exploration.mars.rover.kernel.PhotographingState  - Response String::{"photos":[]}
90395 [Thread-2] DEBUG space.exploration.mars.rover.utils.CameraUtil  - Camera Module - archiveLocation = /home/sanket/Documents/workspace/MarsRover/mars.rover/dataArchives/RHAZ
91768 [main-SendThread(localhost:2181)] DEBUG org.apache.zookeeper.ClientCnxn  - Got ping response for sessionid: 0x15f2dbff96c0019 after 0ms
93770 [main-SendThread(localhost:2181)] DEBUG org.apache.zookeeper.ClientCnxn  - Got ping response for sessionid: 0x15f2dbff96c0019 after 0ms
95771 [main-SendThread(localhost:2181)] DEBUG org.apache.zookeeper.ClientCnxn  - Got ping response for sessionid: 0x15f2dbff96c0019 after 0ms
97775 [main-SendThread(localhost:2181)] DEBUG org.apache.zookeeper.ClientCnxn  - Got ping response for sessionid: 0x15f2dbff96c0019 after 0ms
99777 [main-SendThread(localhost:2181)] DEBUG org.apache.zookeeper.ClientCnxn  - Got ping response for sessionid: 0x15f2dbff96c0019 after 0ms
101779 [main-SendThread(localhost:2181)] DEBUG org.apache.zookeeper.ClientCnxn  - Got ping response for sessionid: 0x15f2dbff96c0019 after 0ms
103781 [main-SendThread(localhost:2181)] DEBUG org.apache.zookeeper.ClientCnxn  - Got ping response for sessionid: 0x15f2dbff96c0019 after 0ms
105784 [main-SendThread(localhost:2181)] DEBUG org.apache.zookeeper.ClientCnxn  - Got ping response for sessionid: 0x15f2dbff96c0019 after 0ms
107787 [main-SendThread(localhost:2181)] DEBUG org.apache.zookeeper.ClientCnxn  - Got ping response for sessionid: 0x15f2dbff96c0019 after 0ms
109789 [main-SendThread(localhost:2181)] DEBUG org.apache.zookeeper.ClientCnxn  - Got ping response for sessionid: 0x15f2dbff96c0019 after 0ms
111792 [main-SendThread(localhost:2181)] DEBUG org.apache.zookeeper.ClientCnxn  - Got ping response for sessionid: 0x15f2dbff96c0019 after 0ms
113793 [main-SendThread(localhost:2181)] DEBUG org.apache.zookeeper.ClientCnxn  - Got ping response for sessionid: 0x15f2dbff96c0019 after 0ms
115795 [main-SendThread(localhost:2181)] DEBUG org.apache.zookeeper.ClientCnxn  - Got ping response for sessionid: 0x15f2dbff96c0019 after 0ms
117112 [pool-5-thread-1] DEBUG space.exploration.mars.rover.power.BatteryMonitor  - BatteryMonitor performing due diligence. SCET = 1508736802837 Rover state = Listening State
117113 [pool-5-thread-1] DEBUG space.exploration.mars.rover.power.BatteryMonitor  - BatteryMonitor performing due diligence. SCET = 1508736833492 Rover state = Listening State
117116 [pool-2-thread-1] DEBUG space.exploration.mars.rover.diagnostics.Pacemaker  - SCET: 1508736833491
equipmentHealth {
  key: "Battery"
  value: 1000
}
equipmentHealth {
  key: "Radio"
  value: 9994
}
equipmentHealth {
  key: "Lidar"
  value: 1000
}
equipmentHealth {
  key: "Camera"
  value: 998
}
equipmentHealth {
  key: "Spectrometer"
  value: 1000
}
equipmentHealth {
  key: "Radar"
  value: 1000
}
equipmentHealth {
  key: "Mars Weather Station"
  value: 100
}
batteryLevel: 958
moduleReporting: 3
notes: "This is rover Curiosity. Sending HeartBeat!"
location {
  x: 525
  y: 100
}

117797 [main-SendThread(localhost:2181)] DEBUG org.apache.zookeeper.ClientCnxn  - Got ping response for sessionid: 0x15f2dbff96c0019 after 0ms
119800 [main-SendThread(localhost:2181)] DEBUG org.apache.zookeeper.ClientCnxn  - Got ping response for sessionid: 0x15f2dbff96c0019 after 0ms
121803 [main-SendThread(localhost:2181)] DEBUG org.apache.zookeeper.ClientCnxn  - Got ping response for sessionid: 0x15f2dbff96c0019 after 0ms
123807 [main-SendThread(localhost:2181)] DEBUG org.apache.zookeeper.ClientCnxn  - Got ping response for sessionid: 0x15f2dbff96c0019 after 0ms
125807 [main-SendThread(localhost:2181)] DEBUG org.apache.zookeeper.ClientCnxn  - Got ping response for sessionid: 0x15f2dbff96c0019 after 0ms
127810 [main-SendThread(localhost:2181)] DEBUG org.apache.zookeeper.ClientCnxn  - Got ping response for sessionid: 0x15f2dbff96c0019 after 0ms
129814 [main-SendThread(localhost:2181)] DEBUG org.apache.zookeeper.ClientCnxn  - Got ping response for sessionid: 0x15f2dbff96c0019 after 0ms
131816 [main-SendThread(localhost:2181)] DEBUG org.apache.zookeeper.ClientCnxn  - Got ping response for sessionid: 0x15f2dbff96c0019 after 0ms
133816 [main-SendThread(localhost:2181)] DEBUG org.apache.zookeeper.ClientCnxn  - Got ping response for sessionid: 0x15f2dbff96c0019 after 0ms
135819 [main-SendThread(localhost:2181)] DEBUG org.apache.zookeeper.ClientCnxn  - Got ping response for sessionid: 0x15f2dbff96c0019 after 0ms
137822 [main-SendThread(localhost:2181)] DEBUG org.apache.zookeeper.ClientCnxn  - Got ping response for sessionid: 0x15f2dbff96c0019 after 0ms
139823 [main-SendThread(localhost:2181)] DEBUG org.apache.zookeeper.ClientCnxn  - Got ping response for sessionid: 0x15f2dbff96c0019 after 0ms
141825 [main-SendThread(localhost:2181)] DEBUG org.apache.zookeeper.ClientCnxn  - Got ping response for sessionid: 0x15f2dbff96c0019 after 0ms
143828 [main-SendThread(localhost:2181)] DEBUG org.apache.zookeeper.ClientCnxn  - Got ping response for sessionid: 0x15f2dbff96c0019 after 0ms
143972 [ConsumerFetcherThread-space.exploration.mars.newRover_zion-mainframe-1508736734092-e9b123d3-0-0] DEBUG kafka.consumer.PartitionTopicInfo  - updated fetch offset of (earth_to_curiosity_3:0: fetched offset = 458: consumed offset = 457) to 458
143972 [Thread-2] DEBUG kafka.consumer.PartitionTopicInfo  - reset consume offset of earth_to_curiosity_3:0: fetched offset = 458: consumed offset = 458 to 458
145828 [main-SendThread(localhost:2181)] DEBUG org.apache.zookeeper.ClientCnxn  - Got ping response for sessionid: 0x15f2dbff96c0019 after 0ms
146458 [pool-5-thread-1] DEBUG space.exploration.mars.rover.power.BatteryMonitor  - BatteryMonitor performing due diligence. SCET = 1508736862837 Rover state = Listening State
146486 [ConsumerFetcherThread-space.exploration.mars.newRover_zion-mainframe-1508736734092-e9b123d3-0-0] DEBUG kafka.consumer.PartitionTopicInfo  - updated fetch offset of (earth_to_curiosity_3:0: fetched offset = 459: consumed offset = 458) to 459
147831 [main-SendThread(localhost:2181)] DEBUG org.apache.zookeeper.ClientCnxn  - Got ping response for sessionid: 0x15f2dbff96c0019 after 0ms
148928 [Thread-2] DEBUG space.exploration.mars.rover.kernel.ListeningState  - timeStamp: 1508736860341
targets {
  roverModule: 8
  estimatedPowerUsage: 20
  action: "ClickCamera"
  roverSubModule: "CHEMCAM"
}

148946 [ConsumerFetcherThread-space.exploration.mars.newRover_zion-mainframe-1508736734092-e9b123d3-0-0] DEBUG kafka.consumer.PartitionTopicInfo  - updated fetch offset of (earth_to_curiosity_3:0: fetched offset = 460: consumed offset = 458) to 460
149833 [main-SendThread(localhost:2181)] DEBUG org.apache.zookeeper.ClientCnxn  - Got ping response for sessionid: 0x15f2dbff96c0019 after 0ms
151835 [main-SendThread(localhost:2181)] DEBUG org.apache.zookeeper.ClientCnxn  - Got ping response for sessionid: 0x15f2dbff96c0019 after 0ms
153837 [main-SendThread(localhost:2181)] DEBUG org.apache.zookeeper.ClientCnxn  - Got ping response for sessionid: 0x15f2dbff96c0019 after 0ms
154953 [Thread-2] INFO space.exploration.mars.rover.kernel.ListeningState  - 1508736871332,8,ClickCamera Current instructionQueue length = 0
155840 [main-SendThread(localhost:2181)] DEBUG org.apache.zookeeper.ClientCnxn  - Got ping response for sessionid: 0x15f2dbff96c0019 after 0ms
157842 [main-SendThread(localhost:2181)] DEBUG org.apache.zookeeper.ClientCnxn  - Got ping response for sessionid: 0x15f2dbff96c0019 after 0ms
157982 [Thread-2] DEBUG space.exploration.mars.rover.service.QueryService  - StartMS supplied = 1500960874361 jodaInternalEarthDate = 2017-07-25T00:34:34.361-05:00 curiosityEarthDate = 2017-07-25
157982 [Thread-2] DEBUG space.exploration.mars.rover.service.QueryService  - https://api.nasa.gov/mars-photos/api/v1/rovers/curiosity/photos?earth_date=2017-07-25&camera=CHEMCAM&api_key=DEMO_KEY
157983 [Thread-2] DEBUG space.exploration.mars.rover.service.QueryService  - https://api.nasa.gov/mars-photos/api/v1/rovers/curiosity/photos?earth_date=2017-07-25&camera=CHEMCAM&api_key=DEMO_KEY
157983 [Thread-2] DEBUG space.exploration.mars.rover.service.QueryService  - https://api.nasa.gov/mars-photos/api/v1/rovers/curiosity/photos?earth_date=2017-07-25&camera=CHEMCAM&api_key=DEMO_KEY
158292 [Thread-2] DEBUG space.exploration.mars.rover.kernel.PhotographingState  - Query String::https://api.nasa.gov/mars-photos/api/v1/rovers/curiosity/photos?earth_date=2017-07-25&camera=CHEMCAM&api_key=DEMO_KEY
158292 [Thread-2] DEBUG space.exploration.mars.rover.kernel.PhotographingState  - Response String::{"photos":[]}
158296 [Thread-2] DEBUG space.exploration.mars.rover.utils.CameraUtil  - Camera Module - archiveLocation = /home/sanket/Documents/workspace/MarsRover/mars.rover/dataArchives/CHEMCAM
159842 [main-SendThread(localhost:2181)] DEBUG org.apache.zookeeper.ClientCnxn  - Got ping response for sessionid: 0x15f2dbff96c0019 after 0ms
161846 [main-SendThread(localhost:2181)] DEBUG org.apache.zookeeper.ClientCnxn  - Got ping response for sessionid: 0x15f2dbff96c0019 after 0ms
163848 [main-SendThread(localhost:2181)] DEBUG org.apache.zookeeper.ClientCnxn  - Got ping response for sessionid: 0x15f2dbff96c0019 after 0ms
165850 [main-SendThread(localhost:2181)] DEBUG org.apache.zookeeper.ClientCnxn  - Got ping response for sessionid: 0x15f2dbff96c0019 after 0ms
167852 [main-SendThread(localhost:2181)] DEBUG org.apache.zookeeper.ClientCnxn  - Got ping response for sessionid: 0x15f2dbff96c0019 after 0ms
169853 [main-SendThread(localhost:2181)] DEBUG org.apache.zookeeper.ClientCnxn  - Got ping response for sessionid: 0x15f2dbff96c0019 after 0ms
171855 [main-SendThread(localhost:2181)] DEBUG org.apache.zookeeper.ClientCnxn  - Got ping response for sessionid: 0x15f2dbff96c0019 after 0ms
173857 [main-SendThread(localhost:2181)] DEBUG org.apache.zookeeper.ClientCnxn  - Got ping response for sessionid: 0x15f2dbff96c0019 after 0ms
175859 [main-SendThread(localhost:2181)] DEBUG org.apache.zookeeper.ClientCnxn  - Got ping response for sessionid: 0x15f2dbff96c0019 after 0ms
177861 [main-SendThread(localhost:2181)] DEBUG org.apache.zookeeper.ClientCnxn  - Got ping response for sessionid: 0x15f2dbff96c0019 after 0ms
179863 [main-SendThread(localhost:2181)] DEBUG org.apache.zookeeper.ClientCnxn  - Got ping response for sessionid: 0x15f2dbff96c0019 after 0ms
181864 [main-SendThread(localhost:2181)] DEBUG org.apache.zookeeper.ClientCnxn  - Got ping response for sessionid: 0x15f2dbff96c0019 after 0ms
183867 [main-SendThread(localhost:2181)] DEBUG org.apache.zookeeper.ClientCnxn  - Got ping response for sessionid: 0x15f2dbff96c0019 after 0ms
185869 [main-SendThread(localhost:2181)] DEBUG org.apache.zookeeper.ClientCnxn  - Got ping response for sessionid: 0x15f2dbff96c0019 after 0ms
185958 [pool-5-thread-1] DEBUG space.exploration.mars.rover.power.BatteryMonitor  - BatteryMonitor performing due diligence. SCET = 1508736892837 Rover state = Listening State
185958 [Thread-2] DEBUG kafka.consumer.PartitionTopicInfo  - reset consume offset of earth_to_curiosity_3:0: fetched offset = 460: consumed offset = 459 to 459
185961 [pool-2-thread-1] DEBUG space.exploration.mars.rover.diagnostics.Pacemaker  - SCET: 1508736902337
equipmentHealth {
  key: "Battery"
  value: 1000
}
equipmentHealth {
  key: "Radio"
  value: 9991
}
equipmentHealth {
  key: "Lidar"
  value: 1000
}
equipmentHealth {
  key: "Camera"
  value: 997
}
equipmentHealth {
  key: "Spectrometer"
  value: 1000
}
equipmentHealth {
  key: "Radar"
  value: 1000
}
equipmentHealth {
  key: "Mars Weather Station"
  value: 100
}
batteryLevel: 937
moduleReporting: 3
notes: "This is rover Curiosity. Sending HeartBeat!"
location {
  x: 525
  y: 100
}

187871 [main-SendThread(localhost:2181)] DEBUG org.apache.zookeeper.ClientCnxn  - Got ping response for sessionid: 0x15f2dbff96c0019 after 0ms
189873 [main-SendThread(localhost:2181)] DEBUG org.apache.zookeeper.ClientCnxn  - Got ping response for sessionid: 0x15f2dbff96c0019 after 0ms
191875 [main-SendThread(localhost:2181)] DEBUG org.apache.zookeeper.ClientCnxn  - Got ping response for sessionid: 0x15f2dbff96c0019 after 0ms
193877 [main-SendThread(localhost:2181)] DEBUG org.apache.zookeeper.ClientCnxn  - Got ping response for sessionid: 0x15f2dbff96c0019 after 0ms
195878 [main-SendThread(localhost:2181)] DEBUG org.apache.zookeeper.ClientCnxn  - Got ping response for sessionid: 0x15f2dbff96c0019 after 0ms
197751 [main-SendThread(localhost:2181)] DEBUG org.apache.zookeeper.ClientCnxn  - Reading reply sessionid:0x15f2dbff96c0019, packet:: clientPath:null serverPath:null finished:false header:: 24,5  replyHeader:: 24,1572,0  request:: '/consumers/space.exploration.mars.newRover/offsets/earth_to_curiosity_3/0,#343539,-1  response:: s{66,1572,1508301232237,1508736914128,452,0,0,0,3,0,66} 
197751 [main-SendThread(localhost:2181)] DEBUG org.apache.zookeeper.ClientCnxn  - Got ping response for sessionid: 0x15f2dbff96c0019 after 2ms
199751 [main-SendThread(localhost:2181)] DEBUG org.apache.zookeeper.ClientCnxn  - Got ping response for sessionid: 0x15f2dbff96c0019 after 0ms
201752 [main-SendThread(localhost:2181)] DEBUG org.apache.zookeeper.ClientCnxn  - Got ping response for sessionid: 0x15f2dbff96c0019 after 0ms
203755 [main-SendThread(localhost:2181)] DEBUG org.apache.zookeeper.ClientCnxn  - Got ping response for sessionid: 0x15f2dbff96c0019 after 0ms
205758 [main-SendThread(localhost:2181)] DEBUG org.apache.zookeeper.ClientCnxn  - Got ping response for sessionid: 0x15f2dbff96c0019 after 0ms
207759 [main-SendThread(localhost:2181)] DEBUG org.apache.zookeeper.ClientCnxn  - Got ping response for sessionid: 0x15f2dbff96c0019 after 0ms
209762 [main-SendThread(localhost:2181)] DEBUG org.apache.zookeeper.ClientCnxn  - Got ping response for sessionid: 0x15f2dbff96c0019 after 0ms
211765 [main-SendThread(localhost:2181)] DEBUG org.apache.zookeeper.ClientCnxn  - Got ping response for sessionid: 0x15f2dbff96c0019 after 0ms
213768 [main-SendThread(localhost:2181)] DEBUG org.apache.zookeeper.ClientCnxn  - Got ping response for sessionid: 0x15f2dbff96c0019 after 0ms
215729 [pool-5-thread-1] DEBUG space.exploration.mars.rover.power.BatteryMonitor  - BatteryMonitor performing due diligence. SCET = 1508736922837 Rover state = Listening State
215733 [Thread-2] DEBUG space.exploration.mars.rover.kernel.ListeningState  - timeStamp: 1508736862862
targets {
  roverModule: 8
  estimatedPowerUsage: 20
  action: "ClickCamera"
  roverSubModule: "RHAZ"
}

215771 [main-SendThread(localhost:2181)] DEBUG org.apache.zookeeper.ClientCnxn  - Got ping response for sessionid: 0x15f2dbff96c0019 after 0ms
217776 [main-SendThread(localhost:2181)] DEBUG org.apache.zookeeper.ClientCnxn  - Got ping response for sessionid: 0x15f2dbff96c0019 after 1ms
219778 [main-SendThread(localhost:2181)] DEBUG org.apache.zookeeper.ClientCnxn  - Got ping response for sessionid: 0x15f2dbff96c0019 after 0ms
221759 [Thread-2] INFO space.exploration.mars.rover.kernel.ListeningState  - 1508736938138,8,ClickCamera Current instructionQueue length = 0
221781 [main-SendThread(localhost:2181)] DEBUG org.apache.zookeeper.ClientCnxn  - Got ping response for sessionid: 0x15f2dbff96c0019 after 0ms
223783 [main-SendThread(localhost:2181)] DEBUG org.apache.zookeeper.ClientCnxn  - Got ping response for sessionid: 0x15f2dbff96c0019 after 0ms
224782 [Thread-2] DEBUG space.exploration.mars.rover.service.QueryService  - StartMS supplied = 1498541741161 jodaInternalEarthDate = 2017-06-27T00:35:41.161-05:00 curiosityEarthDate = 2017-06-27
224783 [Thread-2] DEBUG space.exploration.mars.rover.service.QueryService  - https://api.nasa.gov/mars-photos/api/v1/rovers/curiosity/photos?earth_date=2017-06-27&camera=RHAZ&api_key=DEMO_KEY
224783 [Thread-2] DEBUG space.exploration.mars.rover.service.QueryService  - https://api.nasa.gov/mars-photos/api/v1/rovers/curiosity/photos?earth_date=2017-06-27&camera=RHAZ&api_key=DEMO_KEY
224783 [Thread-2] DEBUG space.exploration.mars.rover.service.QueryService  - https://api.nasa.gov/mars-photos/api/v1/rovers/curiosity/photos?earth_date=2017-06-27&camera=RHAZ&api_key=DEMO_KEY
225362 [Thread-2] DEBUG space.exploration.mars.rover.kernel.PhotographingState  - Query String::https://api.nasa.gov/mars-photos/api/v1/rovers/curiosity/photos?earth_date=2017-06-27&camera=RHAZ&api_key=DEMO_KEY
225362 [Thread-2] DEBUG space.exploration.mars.rover.kernel.PhotographingState  - Response String::{"photos":[{"id":628997,"sol":1739,"camera":{"id":21,"name":"RHAZ","rover_id":5,"full_name":"Rear Hazard Avoidance Camera"},"img_src":"http://mars.jpl.nasa.gov/msl-raw-images/proj/msl/redops/ods/surface/sol/01739/opgs/edr/rcam/RLB_551884722EDR_F0641470RHAZ00311M_.JPG","earth_date":"2017-06-27","rover":{"id":5,"name":"Curiosity","landing_date":"2012-08-06","launch_date":"2011-11-26","status":"active","max_sol":1849,"max_date":"2017-10-18","total_photos":322249,"cameras":[{"name":"FHAZ","full_name":"Front Hazard Avoidance Camera"},{"name":"NAVCAM","full_name":"Navigation Camera"},{"name":"MAST","full_name":"Mast Camera"},{"name":"CHEMCAM","full_name":"Chemistry and Camera Complex"},{"name":"MAHLI","full_name":"Mars Hand Lens Imager"},{"name":"MARDI","full_name":"Mars Descent Imager"},{"name":"RHAZ","full_name":"Rear Hazard Avoidance Camera"}]}},{"id":628998,"sol":1739,"camera":{"id":21,"name":"RHAZ","rover_id":5,"full_name":"Rear Hazard Avoidance Camera"},"img_src":"http://mars.jpl.nasa.gov/msl-raw-images/proj/msl/redops/ods/surface/sol/01739/opgs/edr/rcam/RRB_551884722EDR_F0641470RHAZ00311M_.JPG","earth_date":"2017-06-27","rover":{"id":5,"name":"Curiosity","landing_date":"2012-08-06","launch_date":"2011-11-26","status":"active","max_sol":1849,"max_date":"2017-10-18","total_photos":322249,"cameras":[{"name":"FHAZ","full_name":"Front Hazard Avoidance Camera"},{"name":"NAVCAM","full_name":"Navigation Camera"},{"name":"MAST","full_name":"Mast Camera"},{"name":"CHEMCAM","full_name":"Chemistry and Camera Complex"},{"name":"MAHLI","full_name":"Mars Hand Lens Imager"},{"name":"MARDI","full_name":"Mars Descent Imager"},{"name":"RHAZ","full_name":"Rear Hazard Avoidance Camera"}]}}]}
225369 [Thread-2] DEBUG space.exploration.mars.rover.utils.CameraUtil  - Camera Module - archiveLocation = /home/sanket/Documents/workspace/MarsRover/mars.rover/dataArchives/RHAZ
225785 [main-SendThread(localhost:2181)] DEBUG org.apache.zookeeper.ClientCnxn  - Got ping response for sessionid: 0x15f2dbff96c0019 after 0ms
226317 [Thread-2] DEBUG space.exploration.mars.rover.utils.CameraUtil  - CameraUtil trying to write the following fileName = /home/sanket/Documents/workspace/MarsRover/mars.rover/dataArchives/RHAZ/2017-06-27/628997/RLB_551884722EDR_F0641470RHAZ00311M_.JPG.jpg
227096 [Thread-2] DEBUG space.exploration.mars.rover.utils.CameraUtil  - CameraUtil trying to write the following fileName = /home/sanket/Documents/workspace/MarsRover/mars.rover/dataArchives/RHAZ/2017-06-27/628997/RRB_551884722EDR_F0641470RHAZ00311M_.JPG.jpg
227787 [main-SendThread(localhost:2181)] DEBUG org.apache.zookeeper.ClientCnxn  - Got ping response for sessionid: 0x15f2dbff96c0019 after 0ms
229790 [main-SendThread(localhost:2181)] DEBUG org.apache.zookeeper.ClientCnxn  - Got ping response for sessionid: 0x15f2dbff96c0019 after 0ms
231793 [main-SendThread(localhost:2181)] DEBUG org.apache.zookeeper.ClientCnxn  - Got ping response for sessionid: 0x15f2dbff96c0019 after 0ms
233796 [main-SendThread(localhost:2181)] DEBUG org.apache.zookeeper.ClientCnxn  - Got ping response for sessionid: 0x15f2dbff96c0019 after 0ms
235798 [main-SendThread(localhost:2181)] DEBUG org.apache.zookeeper.ClientCnxn  - Got ping response for sessionid: 0x15f2dbff96c0019 after 0ms
237800 [main-SendThread(localhost:2181)] DEBUG org.apache.zookeeper.ClientCnxn  - Got ping response for sessionid: 0x15f2dbff96c0019 after 0ms
239801 [main-SendThread(localhost:2181)] DEBUG org.apache.zookeeper.ClientCnxn  - Got ping response for sessionid: 0x15f2dbff96c0019 after 0ms
241804 [main-SendThread(localhost:2181)] DEBUG org.apache.zookeeper.ClientCnxn  - Got ping response for sessionid: 0x15f2dbff96c0019 after 0ms
243807 [main-SendThread(localhost:2181)] DEBUG org.apache.zookeeper.ClientCnxn  - Got ping response for sessionid: 0x15f2dbff96c0019 after 0ms
245810 [main-SendThread(localhost:2181)] DEBUG org.apache.zookeeper.ClientCnxn  - Got ping response for sessionid: 0x15f2dbff96c0019 after 0ms
247812 [main-SendThread(localhost:2181)] DEBUG org.apache.zookeeper.ClientCnxn  - Got ping response for sessionid: 0x15f2dbff96c0019 after 0ms
249815 [main-SendThread(localhost:2181)] DEBUG org.apache.zookeeper.ClientCnxn  - Got ping response for sessionid: 0x15f2dbff96c0019 after 0ms
250708 [pool-5-thread-1] DEBUG space.exploration.mars.rover.power.BatteryMonitor  - BatteryMonitor performing due diligence. SCET = 1508736967087 Rover state = Listening State
250708 [Thread-2] DEBUG kafka.consumer.PartitionTopicInfo  - reset consume offset of earth_to_curiosity_3:0: fetched offset = 460: consumed offset = 460 to 460
250711 [pool-2-thread-1] DEBUG space.exploration.mars.rover.diagnostics.Pacemaker  - SCET: 1508736967087
equipmentHealth {
  key: "Battery"
  value: 1000
}
equipmentHealth {
  key: "Radio"
  value: 9988
}
equipmentHealth {
  key: "Lidar"
  value: 1000
}
equipmentHealth {
  key: "Camera"
  value: 996
}
equipmentHealth {
  key: "Spectrometer"
  value: 1000
}
equipmentHealth {
  key: "Radar"
  value: 1000
}
equipmentHealth {
  key: "Mars Weather Station"
  value: 100
}
batteryLevel: 916
moduleReporting: 3
notes: "This is rover Curiosity. Sending HeartBeat!"
location {
  x: 525
  y: 100
}

251818 [main-SendThread(localhost:2181)] DEBUG org.apache.zookeeper.ClientCnxn  - Got ping response for sessionid: 0x15f2dbff96c0019 after 0ms
253820 [main-SendThread(localhost:2181)] DEBUG org.apache.zookeeper.ClientCnxn  - Got ping response for sessionid: 0x15f2dbff96c0019 after 0ms
255822 [main-SendThread(localhost:2181)] DEBUG org.apache.zookeeper.ClientCnxn  - Got ping response for sessionid: 0x15f2dbff96c0019 after 0ms
257751 [main-SendThread(localhost:2181)] DEBUG org.apache.zookeeper.ClientCnxn  - Reading reply sessionid:0x15f2dbff96c0019, packet:: clientPath:null serverPath:null finished:false header:: 25,5  replyHeader:: 25,1574,0  request:: '/consumers/space.exploration.mars.newRover/offsets/earth_to_curiosity_3/0,#343630,-1  response:: s{66,1574,1508301232237,1508736974127,453,0,0,0,3,0,66} 
257751 [main-SendThread(localhost:2181)] DEBUG org.apache.zookeeper.ClientCnxn  - Got ping response for sessionid: 0x15f2dbff96c0019 after 3ms
259750 [main-SendThread(localhost:2181)] DEBUG org.apache.zookeeper.ClientCnxn  - Got ping response for sessionid: 0x15f2dbff96c0019 after 0ms
261751 [main-SendThread(localhost:2181)] DEBUG org.apache.zookeeper.ClientCnxn  - Got ping response for sessionid: 0x15f2dbff96c0019 after 0ms
263754 [main-SendThread(localhost:2181)] DEBUG org.apache.zookeeper.ClientCnxn  - Got ping response for sessionid: 0x15f2dbff96c0019 after 0ms
265756 [main-SendThread(localhost:2181)] DEBUG org.apache.zookeeper.ClientCnxn  - Got ping response for sessionid: 0x15f2dbff96c0019 after 0ms
267758 [main-SendThread(localhost:2181)] DEBUG org.apache.zookeeper.ClientCnxn  - Got ping response for sessionid: 0x15f2dbff96c0019 after 0ms
267953 [pool-5-thread-1] DEBUG space.exploration.mars.rover.power.BatteryMonitor  - BatteryMonitor performing due diligence. SCET = 1508736982837 Rover state = Listening State
267955 [Thread-2] DEBUG space.exploration.mars.rover.kernel.ListeningState  - timeStamp: 1508736865318
targets {
  roverModule: 8
  estimatedPowerUsage: 20
  action: "ClickCamera"
  roverSubModule: "FHAZ"
}

269759 [main-SendThread(localhost:2181)] DEBUG org.apache.zookeeper.ClientCnxn  - Got ping response for sessionid: 0x15f2dbff96c0019 after 0ms
271762 [main-SendThread(localhost:2181)] DEBUG org.apache.zookeeper.ClientCnxn  - Got ping response for sessionid: 0x15f2dbff96c0019 after 0ms
273764 [main-SendThread(localhost:2181)] DEBUG org.apache.zookeeper.ClientCnxn  - Got ping response for sessionid: 0x15f2dbff96c0019 after 0ms
273987 [Thread-2] INFO space.exploration.mars.rover.kernel.ListeningState  - 1508736990366,8,ClickCamera Current instructionQueue length = 0
275764 [main-SendThread(localhost:2181)] DEBUG org.apache.zookeeper.ClientCnxn  - Got ping response for sessionid: 0x15f2dbff96c0019 after 0ms
277011 [Thread-2] DEBUG space.exploration.mars.rover.service.QueryService  - StartMS supplied = 1497072993390 jodaInternalEarthDate = 2017-06-10T00:36:33.390-05:00 curiosityEarthDate = 2017-06-10
277011 [Thread-2] DEBUG space.exploration.mars.rover.service.QueryService  - https://api.nasa.gov/mars-photos/api/v1/rovers/curiosity/photos?earth_date=2017-06-10&camera=FHAZ&api_key=DEMO_KEY
277012 [Thread-2] DEBUG space.exploration.mars.rover.service.QueryService  - https://api.nasa.gov/mars-photos/api/v1/rovers/curiosity/photos?earth_date=2017-06-10&camera=FHAZ&api_key=DEMO_KEY
277012 [Thread-2] DEBUG space.exploration.mars.rover.service.QueryService  - https://api.nasa.gov/mars-photos/api/v1/rovers/curiosity/photos?earth_date=2017-06-10&camera=FHAZ&api_key=DEMO_KEY
277585 [Thread-2] DEBUG space.exploration.mars.rover.kernel.PhotographingState  - Query String::https://api.nasa.gov/mars-photos/api/v1/rovers/curiosity/photos?earth_date=2017-06-10&camera=FHAZ&api_key=DEMO_KEY
277585 [Thread-2] DEBUG space.exploration.mars.rover.kernel.PhotographingState  - Response String::{"photos":[{"id":628145,"sol":1722,"camera":{"id":20,"name":"FHAZ","rover_id":5,"full_name":"Front Hazard Avoidance Camera"},"img_src":"http://mars.jpl.nasa.gov/msl-raw-images/proj/msl/redops/ods/surface/sol/01722/opgs/edr/fcam/FLB_550372755EDR_F0633092FHAZ00341M_.JPG","earth_date":"2017-06-10","rover":{"id":5,"name":"Curiosity","landing_date":"2012-08-06","launch_date":"2011-11-26","status":"active","max_sol":1849,"max_date":"2017-10-18","total_photos":322249,"cameras":[{"name":"FHAZ","full_name":"Front Hazard Avoidance Camera"},{"name":"NAVCAM","full_name":"Navigation Camera"},{"name":"MAST","full_name":"Mast Camera"},{"name":"CHEMCAM","full_name":"Chemistry and Camera Complex"},{"name":"MAHLI","full_name":"Mars Hand Lens Imager"},{"name":"MARDI","full_name":"Mars Descent Imager"},{"name":"RHAZ","full_name":"Rear Hazard Avoidance Camera"}]}},{"id":628146,"sol":1722,"camera":{"id":20,"name":"FHAZ","rover_id":5,"full_name":"Front Hazard Avoidance Camera"},"img_src":"http://mars.jpl.nasa.gov/msl-raw-images/proj/msl/redops/ods/surface/sol/01722/opgs/edr/fcam/FRB_550372755EDR_F0633092FHAZ00341M_.JPG","earth_date":"2017-06-10","rover":{"id":5,"name":"Curiosity","landing_date":"2012-08-06","launch_date":"2011-11-26","status":"active","max_sol":1849,"max_date":"2017-10-18","total_photos":322249,"cameras":[{"name":"FHAZ","full_name":"Front Hazard Avoidance Camera"},{"name":"NAVCAM","full_name":"Navigation Camera"},{"name":"MAST","full_name":"Mast Camera"},{"name":"CHEMCAM","full_name":"Chemistry and Camera Complex"},{"name":"MAHLI","full_name":"Mars Hand Lens Imager"},{"name":"MARDI","full_name":"Mars Descent Imager"},{"name":"RHAZ","full_name":"Rear Hazard Avoidance Camera"}]}}]}
277592 [Thread-2] DEBUG space.exploration.mars.rover.utils.CameraUtil  - Camera Module - archiveLocation = /home/sanket/Documents/workspace/MarsRover/mars.rover/dataArchives/FHAZ
277766 [main-SendThread(localhost:2181)] DEBUG org.apache.zookeeper.ClientCnxn  - Got ping response for sessionid: 0x15f2dbff96c0019 after 0ms
278611 [Thread-2] DEBUG space.exploration.mars.rover.utils.CameraUtil  - CameraUtil trying to write the following fileName = /home/sanket/Documents/workspace/MarsRover/mars.rover/dataArchives/FHAZ/2017-06-10/628145/FLB_550372755EDR_F0633092FHAZ00341M_.JPG.jpg
279397 [Thread-2] DEBUG space.exploration.mars.rover.utils.CameraUtil  - CameraUtil trying to write the following fileName = /home/sanket/Documents/workspace/MarsRover/mars.rover/dataArchives/FHAZ/2017-06-10/628145/FRB_550372755EDR_F0633092FHAZ00341M_.JPG.jpg
279770 [main-SendThread(localhost:2181)] DEBUG org.apache.zookeeper.ClientCnxn  - Got ping response for sessionid: 0x15f2dbff96c0019 after 0ms
281771 [main-SendThread(localhost:2181)] DEBUG org.apache.zookeeper.ClientCnxn  - Got ping response for sessionid: 0x15f2dbff96c0019 after 0ms
283772 [main-SendThread(localhost:2181)] DEBUG org.apache.zookeeper.ClientCnxn  - Got ping response for sessionid: 0x15f2dbff96c0019 after 0ms
285775 [main-SendThread(localhost:2181)] DEBUG org.apache.zookeeper.ClientCnxn  - Got ping response for sessionid: 0x15f2dbff96c0019 after 0ms
287778 [main-SendThread(localhost:2181)] DEBUG org.apache.zookeeper.ClientCnxn  - Got ping response for sessionid: 0x15f2dbff96c0019 after 0ms
289780 [main-SendThread(localhost:2181)] DEBUG org.apache.zookeeper.ClientCnxn  - Got ping response for sessionid: 0x15f2dbff96c0019 after 0ms
291782 [main-SendThread(localhost:2181)] DEBUG org.apache.zookeeper.ClientCnxn  - Got ping response for sessionid: 0x15f2dbff96c0019 after 0ms
293783 [main-SendThread(localhost:2181)] DEBUG org.apache.zookeeper.ClientCnxn  - Got ping response for sessionid: 0x15f2dbff96c0019 after 0ms
295786 [main-SendThread(localhost:2181)] DEBUG org.apache.zookeeper.ClientCnxn  - Got ping response for sessionid: 0x15f2dbff96c0019 after 0ms
297787 [main-SendThread(localhost:2181)] DEBUG org.apache.zookeeper.ClientCnxn  - Got ping response for sessionid: 0x15f2dbff96c0019 after 0ms
299790 [main-SendThread(localhost:2181)] DEBUG org.apache.zookeeper.ClientCnxn  - Got ping response for sessionid: 0x15f2dbff96c0019 after 0ms
300279 [pool-5-thread-1] DEBUG space.exploration.mars.rover.power.BatteryMonitor  - BatteryMonitor performing due diligence. SCET = 1508737016658 Rover state = Listening State
300281 [pool-2-thread-1] DEBUG space.exploration.mars.rover.diagnostics.Pacemaker  - SCET: 1508737016657
equipmentHealth {
  key: "Battery"
  value: 1000
}
equipmentHealth {
  key: "Radio"
  value: 9985
}
equipmentHealth {
  key: "Lidar"
  value: 1000
}
equipmentHealth {
  key: "Camera"
  value: 995
}
equipmentHealth {
  key: "Spectrometer"
  value: 1000
}
equipmentHealth {
  key: "Radar"
  value: 1000
}
equipmentHealth {
  key: "Mars Weather Station"
  value: 100
}
batteryLevel: 895
moduleReporting: 3
notes: "This is rover Curiosity. Sending HeartBeat!"
location {
  x: 525
  y: 100
}

301793 [main-SendThread(localhost:2181)] DEBUG org.apache.zookeeper.ClientCnxn  - Got ping response for sessionid: 0x15f2dbff96c0019 after 0ms
303796 [main-SendThread(localhost:2181)] DEBUG org.apache.zookeeper.ClientCnxn  - Got ping response for sessionid: 0x15f2dbff96c0019 after 0ms
305799 [main-SendThread(localhost:2181)] DEBUG org.apache.zookeeper.ClientCnxn  - Got ping response for sessionid: 0x15f2dbff96c0019 after 0ms
307802 [main-SendThread(localhost:2181)] DEBUG org.apache.zookeeper.ClientCnxn  - Got ping response for sessionid: 0x15f2dbff96c0019 after 0ms
309803 [main-SendThread(localhost:2181)] DEBUG org.apache.zookeeper.ClientCnxn  - Got ping response for sessionid: 0x15f2dbff96c0019 after 0ms
311806 [main-SendThread(localhost:2181)] DEBUG org.apache.zookeeper.ClientCnxn  - Got ping response for sessionid: 0x15f2dbff96c0019 after 0ms
313807 [main-SendThread(localhost:2181)] DEBUG org.apache.zookeeper.ClientCnxn  - Got ping response for sessionid: 0x15f2dbff96c0019 after 0ms
315809 [main-SendThread(localhost:2181)] DEBUG org.apache.zookeeper.ClientCnxn  - Got ping response for sessionid: 0x15f2dbff96c0019 after 0ms
317810 [main-SendThread(localhost:2181)] DEBUG org.apache.zookeeper.ClientCnxn  - Got ping response for sessionid: 0x15f2dbff96c0019 after 0ms
319812 [main-SendThread(localhost:2181)] DEBUG org.apache.zookeeper.ClientCnxn  - Got ping response for sessionid: 0x15f2dbff96c0019 after 0ms
321815 [main-SendThread(localhost:2181)] DEBUG org.apache.zookeeper.ClientCnxn  - Got ping response for sessionid: 0x15f2dbff96c0019 after 0ms
323817 [main-SendThread(localhost:2181)] DEBUG org.apache.zookeeper.ClientCnxn  - Got ping response for sessionid: 0x15f2dbff96c0019 after 0ms
325820 [main-SendThread(localhost:2181)] DEBUG org.apache.zookeeper.ClientCnxn  - Got ping response for sessionid: 0x15f2dbff96c0019 after 0ms
327821 [main-SendThread(localhost:2181)] DEBUG org.apache.zookeeper.ClientCnxn  - Got ping response for sessionid: 0x15f2dbff96c0019 after 0ms
327888 [pool-5-thread-1] DEBUG space.exploration.mars.rover.power.BatteryMonitor  - BatteryMonitor performing due diligence. SCET = 1508737042837 Rover state = Listening State
329824 [main-SendThread(localhost:2181)] DEBUG org.apache.zookeeper.ClientCnxn  - Got ping response for sessionid: 0x15f2dbff96c0019 after 0ms
331823 [main-SendThread(localhost:2181)] DEBUG org.apache.zookeeper.ClientCnxn  - Got ping response for sessionid: 0x15f2dbff96c0019 after 0ms
333827 [main-SendThread(localhost:2181)] DEBUG org.apache.zookeeper.ClientCnxn  - Got ping response for sessionid: 0x15f2dbff96c0019 after 0ms
335249 [kafka-producer-network-thread | producer-1] DEBUG org.apache.kafka.clients.NetworkClient  - Sending metadata request {topics=[curiosity_to_earth_3]} to node 0
335251 [kafka-producer-network-thread | producer-1] DEBUG org.apache.kafka.clients.Metadata  - Updated cluster metadata version 3 to Cluster(nodes = [zion-mainframe:9092 (id: 0 rack: null)], partitions = [Partition(topic = curiosity_to_earth_3, partition = 0, leader = 0, replicas = [0,], isr = [0,]])
448545 [pool-7-thread-1] DEBUG space.exploration.mars.rover.animation.SleepBreather  - Sleep breather finished.
448545 [pool-7-thread-1] DEBUG space.exploration.mars.rover.animation.SleepBreather  - Sleep breather started
449933 [main-SendThread(localhost:2181)] DEBUG org.apache.zookeeper.ClientCnxn  - Got ping response for sessionid: 0x15f2dbff96c0019 after 0ms
451933 [main-SendThread(localhost:2181)] DEBUG org.apache.zookeeper.ClientCnxn  - Got ping response for sessionid: 0x15f2dbff96c0019 after 0ms
453936 [main-SendThread(localhost:2181)] DEBUG org.apache.zookeeper.ClientCnxn  - Got ping response for sessionid: 0x15f2dbff96c0019 after 1ms
455074 [pool-7-thread-1] DEBUG space.exploration.mars.rover.animation.SleepBreather  - Sleep breather finished.
455075 [pool-7-thread-1] DEBUG space.exploration.mars.rover.animation.SleepBreather  - Sleep breather started
455939 [main-SendThread(localhost:2181)] DEBUG org.apache.zookeeper.ClientCnxn  - Got ping response for sessionid: 0x15f2dbff96c0019 after 0ms
457940 [main-SendThread(localhost:2181)] DEBUG org.apache.zookeeper.ClientCnxn  - Got ping response for sessionid: 0x15f2dbff96c0019 after 0ms
459943 [main-SendThread(localhost:2181)] DEBUG org.apache.zookeeper.ClientCnxn  - Got ping response for sessionid: 0x15f2dbff96c0019 after 0ms
461616 [pool-7-thread-1] DEBUG space.exploration.mars.rover.animation.SleepBreather  - Sleep breather finished.
461617 [pool-7-thread-1] DEBUG space.exploration.mars.rover.animation.SleepBreather  - Sleep breather started
461946 [main-SendThread(localhost:2181)] DEBUG org.apache.zookeeper.ClientCnxn  - Got ping response for sessionid: 0x15f2dbff96c0019 after 0ms
463947 [main-SendThread(localhost:2181)] DEBUG org.apache.zookeeper.ClientCnxn  - Got ping response for sessionid: 0x15f2dbff96c0019 after 0ms
465950 [main-SendThread(localhost:2181)] DEBUG org.apache.zookeeper.ClientCnxn  - Got ping response for sessionid: 0x15f2dbff96c0019 after 0ms
467953 [main-SendThread(localhost:2181)] DEBUG org.apache.zookeeper.ClientCnxn  - Got ping response for sessionid: 0x15f2dbff96c0019 after 0ms
468159 [pool-7-thread-1] DEBUG space.exploration.mars.rover.animation.SleepBreather  - Sleep breather finished.
468159 [pool-7-thread-1] DEBUG space.exploration.mars.rover.animation.SleepBreather  - Sleep breather started
469953 [main-SendThread(localhost:2181)] DEBUG org.apache.zookeeper.ClientCnxn  - Got ping response for sessionid: 0x15f2dbff96c0019 after 0ms
471954 [main-SendThread(localhost:2181)] DEBUG org.apache.zookeeper.ClientCnxn  - Got ping response for sessionid: 0x15f2dbff96c0019 after 0ms
473955 [main-SendThread(localhost:2181)] DEBUG org.apache.zookeeper.ClientCnxn  - Got ping response for sessionid: 0x15f2dbff96c0019 after 0ms
474698 [pool-7-thread-1] DEBUG space.exploration.mars.rover.animation.SleepBreather  - Sleep breather finished.
474699 [pool-7-thread-1] DEBUG space.exploration.mars.rover.animation.SleepBreather  - Sleep breather started
475957 [main-SendThread(localhost:2181)] DEBUG org.apache.zookeeper.ClientCnxn  - Got ping response for sessionid: 0x15f2dbff96c0019 after 0ms
475989 [pool-2-thread-1] INFO space.exploration.mars.rover.diagnostics.Pacemaker  - Diagnostics inhibited because rover is sleeping to conserve battery Current instructionQueue length = 0
476458 [pool-5-thread-1] DEBUG space.exploration.mars.rover.power.BatteryMonitor  - BatteryMonitor performing due diligence. SCET = 1508737192837 Rover state = Sleeping State
477959 [main-SendThread(localhost:2181)] DEBUG org.apache.zookeeper.ClientCnxn  - Got ping response for sessionid: 0x15f2dbff96c0019 after 0ms
479961 [main-SendThread(localhost:2181)] DEBUG org.apache.zookeeper.ClientCnxn  - Got ping response for sessionid: 0x15f2dbff96c0019 after 0ms
481230 [pool-7-thread-1] DEBUG space.exploration.mars.rover.animation.SleepBreather  - Sleep breather finished.
481230 [pool-7-thread-1] DEBUG space.exploration.mars.rover.animation.SleepBreather  - Sleep breather started
481963 [main-SendThread(localhost:2181)] DEBUG org.apache.zookeeper.ClientCnxn  - Got ping response for sessionid: 0x15f2dbff96c0019 after 0ms
483965 [main-SendThread(localhost:2181)] DEBUG org.apache.zookeeper.ClientCnxn  - Got ping response for sessionid: 0x15f2dbff96c0019 after 0ms
