2017-12-19 02:21:35,331 [main] DEBUG space.exploration.mars.rover.service.QueryService  - http://marsweather.ingenology.com/v1/archive/?sol=1212
2017-12-19 02:21:35,333 [main] DEBUG space.exploration.mars.rover.service.QueryService  - http://marsweather.ingenology.com/v1/archive/?sol=1212
2017-12-19 02:21:35,333 [main] DEBUG space.exploration.mars.rover.service.QueryService  - http://marsweather.ingenology.com/v1/archive/?sol=1212
2017-12-19 02:21:35,788 [main] INFO space.exploration.mars.rover.utils.WeatherUtil  - wind_speed information not present
java.lang.NumberFormatException: For input string: "null"
	at sun.misc.FloatingDecimal.readJavaFormatString(FloatingDecimal.java:2043)
	at sun.misc.FloatingDecimal.parseDouble(FloatingDecimal.java:110)
	at java.lang.Double.parseDouble(Double.java:538)
	at space.exploration.mars.rover.utils.WeatherUtil.getweatherPayload(WeatherUtil.java:66)
	at space.exploration.mars.rover.service.WeatherQueryService.getResponse(WeatherQueryService.java:20)
	at space.exploration.mars.rover.service.WeatherQueryServiceTest.testPayloadObject(WeatherQueryServiceTest.java:21)
	at sun.reflect.NativeMethodAccessorImpl.invoke0(Native Method)
	at sun.reflect.NativeMethodAccessorImpl.invoke(NativeMethodAccessorImpl.java:62)
	at sun.reflect.DelegatingMethodAccessorImpl.invoke(DelegatingMethodAccessorImpl.java:43)
	at java.lang.reflect.Method.invoke(Method.java:498)
	at junit.framework.TestCase.runTest(TestCase.java:176)
	at junit.framework.TestCase.runBare(TestCase.java:141)
	at junit.framework.TestResult$1.protect(TestResult.java:122)
	at junit.framework.TestResult.runProtected(TestResult.java:142)
	at junit.framework.TestResult.run(TestResult.java:125)
	at junit.framework.TestCase.run(TestCase.java:129)
	at junit.framework.TestSuite.runTest(TestSuite.java:252)
	at junit.framework.TestSuite.run(TestSuite.java:247)
	at org.junit.internal.runners.JUnit38ClassRunner.run(JUnit38ClassRunner.java:86)
	at org.apache.maven.surefire.junit4.JUnit4Provider.execute(JUnit4Provider.java:369)
	at org.apache.maven.surefire.junit4.JUnit4Provider.executeWithRerun(JUnit4Provider.java:275)
	at org.apache.maven.surefire.junit4.JUnit4Provider.executeTestSet(JUnit4Provider.java:239)
	at org.apache.maven.surefire.junit4.JUnit4Provider.invoke(JUnit4Provider.java:160)
	at org.apache.maven.surefire.booter.ForkedBooter.invokeProviderInSameClassLoader(ForkedBooter.java:373)
	at org.apache.maven.surefire.booter.ForkedBooter.runSuitesInProcess(ForkedBooter.java:334)
	at org.apache.maven.surefire.booter.ForkedBooter.execute(ForkedBooter.java:119)
	at org.apache.maven.surefire.booter.ForkedBooter.main(ForkedBooter.java:407)
2017-12-19 02:21:35,790 [main] INFO space.exploration.mars.rover.utils.WeatherUtil  - wind_direction information not present
java.lang.NumberFormatException: For input string: "--"
	at sun.misc.FloatingDecimal.readJavaFormatString(FloatingDecimal.java:2043)
	at sun.misc.FloatingDecimal.parseDouble(FloatingDecimal.java:110)
	at java.lang.Double.parseDouble(Double.java:538)
	at space.exploration.mars.rover.utils.WeatherUtil.getweatherPayload(WeatherUtil.java:72)
	at space.exploration.mars.rover.service.WeatherQueryService.getResponse(WeatherQueryService.java:20)
	at space.exploration.mars.rover.service.WeatherQueryServiceTest.testPayloadObject(WeatherQueryServiceTest.java:21)
	at sun.reflect.NativeMethodAccessorImpl.invoke0(Native Method)
	at sun.reflect.NativeMethodAccessorImpl.invoke(NativeMethodAccessorImpl.java:62)
	at sun.reflect.DelegatingMethodAccessorImpl.invoke(DelegatingMethodAccessorImpl.java:43)
	at java.lang.reflect.Method.invoke(Method.java:498)
	at junit.framework.TestCase.runTest(TestCase.java:176)
	at junit.framework.TestCase.runBare(TestCase.java:141)
	at junit.framework.TestResult$1.protect(TestResult.java:122)
	at junit.framework.TestResult.runProtected(TestResult.java:142)
	at junit.framework.TestResult.run(TestResult.java:125)
	at junit.framework.TestCase.run(TestCase.java:129)
	at junit.framework.TestSuite.runTest(TestSuite.java:252)
	at junit.framework.TestSuite.run(TestSuite.java:247)
	at org.junit.internal.runners.JUnit38ClassRunner.run(JUnit38ClassRunner.java:86)
	at org.apache.maven.surefire.junit4.JUnit4Provider.execute(JUnit4Provider.java:369)
	at org.apache.maven.surefire.junit4.JUnit4Provider.executeWithRerun(JUnit4Provider.java:275)
	at org.apache.maven.surefire.junit4.JUnit4Provider.executeTestSet(JUnit4Provider.java:239)
	at org.apache.maven.surefire.junit4.JUnit4Provider.invoke(JUnit4Provider.java:160)
	at org.apache.maven.surefire.booter.ForkedBooter.invokeProviderInSameClassLoader(ForkedBooter.java:373)
	at org.apache.maven.surefire.booter.ForkedBooter.runSuitesInProcess(ForkedBooter.java:334)
	at org.apache.maven.surefire.booter.ForkedBooter.execute(ForkedBooter.java:119)
	at org.apache.maven.surefire.booter.ForkedBooter.main(ForkedBooter.java:407)
2017-12-19 02:21:35,837 [main] DEBUG space.exploration.mars.rover.utils.WeatherUtil  - Debug Message terrestrialDate: "2016-01-03"
sol: 1212
ls: 89.0
minTemp: -86.0
minTemFahrenheit: -122.8
maxTemp: -28.0
maxTempFahrenheit: -18.4
pressureDescription: "Higher"
absoluteHumidity: "null"
atmosphericOpacity: "Sunny"
season: "Month3"
sunrise: "2016-01-03T115300Z"
sunset: "2016-01-03T233600Z]"

2017-12-19 02:21:35,880 [main] DEBUG space.exploration.mars.rover.service.QueryService  - StartMS supplied = 1482567695841 jodaInternalEarthDate = 2016-12-24T02:21:35.841-06:00 curiosityEarthDate = 2016-12-24
2017-12-19 02:21:35,880 [main] DEBUG space.exploration.mars.rover.service.QueryService  - https://api.nasa.gov/mars-photos/api/v1/rovers/curiosity/photos?sol=0&camera=FHAZ&api_key=TLcQa8H1EH0nc7teUJQwP7cIJyqnXtwE25A2vXHP
2017-12-19 02:21:35,880 [main] DEBUG space.exploration.mars.rover.service.QueryService  - https://api.nasa.gov/mars-photos/api/v1/rovers/curiosity/photos?sol=0&camera=FHAZ&api_key=TLcQa8H1EH0nc7teUJQwP7cIJyqnXtwE25A2vXHP
2017-12-19 02:21:35,880 [main] DEBUG space.exploration.mars.rover.service.QueryService  - https://api.nasa.gov/mars-photos/api/v1/rovers/curiosity/photos?sol=0&camera=FHAZ&api_key=TLcQa8H1EH0nc7teUJQwP7cIJyqnXtwE25A2vXHP
2017-12-19 02:21:38,029 [main] INFO space.exploration.mars.rover.kernel.SpacecraftClock  - Valid utc time ranges are dictated by clockService as follows:
2017-12-19 02:21:38,029 [main] INFO space.exploration.mars.rover.kernel.SpacecraftClock  - APPLICABLE_START_TIME=2000-001T11:58:55.816, APPLICABLE_STOP_TIME=2017-360T19:17:40.149
2017-12-19 02:21:38,029 [main] INFO space.exploration.mars.rover.kernel.SpacecraftClock  - Given UTC = 2016-04-04~19:14:00
2017-12-19 02:21:38,029 [main] INFO space.exploration.mars.rover.kernel.SpacecraftClock  - Please ensure that positionSensor and sclk are synchronized
2017-12-19 02:21:38,030 [main] INFO space.exploration.mars.rover.kernel.SpacecraftClock  - Curiosity internal spacecraft clock started at :: 2016-04-05T00:14:00.000Z
2017-12-19 02:21:38,030 [main] INFO space.exploration.mars.rover.kernel.SpacecraftClock  - Mission duration is set to :: 1 year(s).
2017-12-19 02:21:38,030 [main] INFO space.exploration.mars.rover.kernel.SpacecraftClock  - Mission duration = 31536000000
2017-12-19 02:21:38,031 [main] INFO space.exploration.mars.rover.kernel.SpacecraftClock  - Internal time::2016-04-05T00:14:00.000Z sclk of::
2017-12-19 02:21:38,031 [pool-1-thread-1] DEBUG space.exploration.spice.utilities.TimeUtils  - 2016-04-04~19:15:00
2017-12-19 02:21:39,031 [pool-1-thread-1] DEBUG space.exploration.spice.utilities.TimeUtils  - 2016-04-04~19:16:00
2017-12-19 02:21:39,031 [main] INFO space.exploration.mars.rover.kernel.SpacecraftClock  - Internal time::2016-04-04T19:16:00.000-05:00 sclk of::1/01302:10:05:35:40885
2017-12-19 02:21:40,031 [pool-1-thread-1] DEBUG space.exploration.spice.utilities.TimeUtils  - 2016-04-04~19:17:00
2017-12-19 02:21:40,032 [main] INFO space.exploration.mars.rover.kernel.SpacecraftClock  - Internal time::2016-04-04T19:17:00.000-05:00 sclk of::1/01302:10:06:33:80351
2017-12-19 02:21:41,031 [pool-1-thread-1] DEBUG space.exploration.spice.utilities.TimeUtils  - 2016-04-04~19:18:00
2017-12-19 02:21:41,033 [main] INFO space.exploration.mars.rover.kernel.SpacecraftClock  - Internal time::2016-04-04T19:18:00.000-05:00 sclk of::1/01302:10:07:32:19816
2017-12-19 02:21:42,031 [pool-1-thread-1] DEBUG space.exploration.spice.utilities.TimeUtils  - 2016-04-04~19:19:00
2017-12-19 02:21:42,034 [main] INFO space.exploration.mars.rover.kernel.SpacecraftClock  - Internal time::2016-04-04T19:19:00.000-05:00 sclk of::1/01302:10:08:30:59282
2017-12-19 02:21:43,031 [pool-1-thread-1] DEBUG space.exploration.spice.utilities.TimeUtils  - 2016-04-04~19:20:00
2017-12-19 02:21:43,034 [main] INFO space.exploration.mars.rover.kernel.SpacecraftClock  - Internal time::2016-04-04T19:20:00.000-05:00 sclk of::1/01302:10:09:28:98748
2017-12-19 02:21:44,031 [pool-1-thread-1] DEBUG space.exploration.spice.utilities.TimeUtils  - 2016-04-04~19:21:00
2017-12-19 02:21:44,035 [main] INFO space.exploration.mars.rover.kernel.SpacecraftClock  - Internal time::2016-04-04T19:21:00.000-05:00 sclk of::1/01302:10:10:27:38214
2017-12-19 02:21:45,031 [pool-1-thread-1] DEBUG space.exploration.spice.utilities.TimeUtils  - 2016-04-04~19:22:00
2017-12-19 02:21:45,036 [main] INFO space.exploration.mars.rover.kernel.SpacecraftClock  - Internal time::2016-04-04T19:22:00.000-05:00 sclk of::1/01302:10:11:25:77680
2017-12-19 02:21:46,031 [pool-1-thread-1] DEBUG space.exploration.spice.utilities.TimeUtils  - 2016-04-04~19:23:00
2017-12-19 02:21:46,036 [main] INFO space.exploration.mars.rover.kernel.SpacecraftClock  - Internal time::2016-04-04T19:23:00.000-05:00 sclk of::1/01302:10:12:24:17145
2017-12-19 02:21:47,031 [pool-1-thread-1] DEBUG space.exploration.spice.utilities.TimeUtils  - 2016-04-04~19:24:00
2017-12-19 02:21:47,037 [main] INFO space.exploration.mars.rover.kernel.SpacecraftClock  - Internal time::2016-04-04T19:24:00.000-05:00 sclk of::1/01302:10:13:22:56611
2017-12-19 02:21:48,031 [pool-1-thread-1] DEBUG space.exploration.spice.utilities.TimeUtils  - 2016-04-04~19:25:00
2017-12-19 02:21:48,037 [main] INFO space.exploration.mars.rover.kernel.SpacecraftClock  - Internal time::2016-04-04T19:25:00.000-05:00 sclk of::1/01302:10:14:20:96077
2017-12-19 02:21:48,047 [main] INFO space.exploration.mars.rover.kernel.SpacecraftClock  - Internal time::2016-04-04T19:25:00.000-05:00 sclk of::1/01302:10:14:20:96077
2017-12-19 02:21:49,071 [main] INFO space.exploration.mars.rover.kernel.SpacecraftClock  - Valid utc time ranges are dictated by clockService as follows:
2017-12-19 02:21:49,071 [main] INFO space.exploration.mars.rover.kernel.SpacecraftClock  - APPLICABLE_START_TIME=2000-001T11:58:55.816, APPLICABLE_STOP_TIME=2017-360T19:17:40.149
2017-12-19 02:21:49,071 [main] INFO space.exploration.mars.rover.kernel.SpacecraftClock  - Given UTC = 2016-04-04~19:14:00
2017-12-19 02:21:49,071 [main] INFO space.exploration.mars.rover.kernel.SpacecraftClock  - Please ensure that positionSensor and sclk are synchronized
2017-12-19 02:21:49,071 [main] INFO space.exploration.mars.rover.kernel.SpacecraftClock  - Curiosity internal spacecraft clock started at :: 2016-04-05T00:14:00.000Z
2017-12-19 02:21:49,071 [main] INFO space.exploration.mars.rover.kernel.SpacecraftClock  - Mission duration is set to :: 1 year(s).
2017-12-19 02:21:49,071 [main] INFO space.exploration.mars.rover.kernel.SpacecraftClock  - Mission duration = 31536000000
2017-12-19 02:21:49,071 [main] INFO space.exploration.mars.rover.kernel.SpacecraftClock  - Internal time::2016-04-05T00:14:00.000Z sclk of::
2017-12-19 02:21:50,099 [main] INFO space.exploration.mars.rover.kernel.SpacecraftClock  - Valid utc time ranges are dictated by clockService as follows:
2017-12-19 02:21:50,100 [main] INFO space.exploration.mars.rover.kernel.SpacecraftClock  - APPLICABLE_START_TIME=2000-001T11:58:55.816, APPLICABLE_STOP_TIME=2017-360T19:17:40.149
2017-12-19 02:21:50,100 [main] INFO space.exploration.mars.rover.kernel.SpacecraftClock  - Given UTC = 2016-04-04~19:14:00
2017-12-19 02:21:50,100 [main] INFO space.exploration.mars.rover.kernel.SpacecraftClock  - Please ensure that positionSensor and sclk are synchronized
2017-12-19 02:21:50,101 [main] INFO space.exploration.mars.rover.kernel.SpacecraftClock  - Curiosity internal spacecraft clock started at :: 2016-04-05T00:14:00.000Z
2017-12-19 02:21:50,101 [main] INFO space.exploration.mars.rover.kernel.SpacecraftClock  - Mission duration is set to :: 1 year(s).
2017-12-19 02:21:50,101 [main] INFO space.exploration.mars.rover.kernel.SpacecraftClock  - Mission duration = 31536000000
2017-12-19 02:21:50,101 [main] INFO space.exploration.mars.rover.kernel.SpacecraftClock  - UTCTime = 2016-05-05~12:00:00
2017-12-19 02:21:50,102 [main] INFO space.exploration.mars.rover.kernel.SpacecraftClock  - Valid utc time ranges are dictated by clockService as follows:
2017-12-19 02:21:50,102 [main] INFO space.exploration.mars.rover.kernel.SpacecraftClock  - APPLICABLE_START_TIME=2000-001T11:58:55.816, APPLICABLE_STOP_TIME=2017-360T19:17:40.149
2017-12-19 02:21:50,102 [main] INFO space.exploration.mars.rover.kernel.SpacecraftClock  - Given UTC = 2016-05-05~12:00:00
2017-12-19 02:21:50,102 [main] INFO space.exploration.mars.rover.kernel.SpacecraftClock  - Please ensure that positionSensor and sclk are synchronized
2017-12-19 02:21:50,103 [pool-4-thread-1] DEBUG space.exploration.spice.utilities.TimeUtils  - 2016-05-05~12:01:00
2017-12-19 02:21:50,115 [pool-4-thread-1] DEBUG space.exploration.spice.utilities.TimeUtils  - 2016-05-05~12:02:00
2017-12-19 02:21:51,103 [pool-4-thread-1] DEBUG space.exploration.spice.utilities.TimeUtils  - 2016-05-05~12:03:00
2017-12-19 02:21:51,103 [main] INFO space.exploration.mars.rover.kernel.SpacecraftClock  - Internal time::2016-05-05T12:03:00.000-05:00 sclk of::1/01332:07:09:48:04872
2017-12-19 02:21:51,110 [pool-4-thread-1] DEBUG space.exploration.spice.utilities.TimeUtils  - 2016-05-05~12:04:00
2017-12-19 02:21:52,103 [pool-4-thread-1] DEBUG space.exploration.spice.utilities.TimeUtils  - 2016-05-05~12:05:00
2017-12-19 02:21:52,103 [main] INFO space.exploration.mars.rover.kernel.SpacecraftClock  - Internal time::2016-05-05T12:05:00.000-05:00 sclk of::1/01332:07:11:44:83804
2017-12-19 02:21:52,110 [pool-4-thread-1] DEBUG space.exploration.spice.utilities.TimeUtils  - 2016-05-05~12:06:00
2017-12-19 02:21:53,103 [pool-4-thread-1] DEBUG space.exploration.spice.utilities.TimeUtils  - 2016-05-05~12:07:00
2017-12-19 02:21:53,103 [main] INFO space.exploration.mars.rover.kernel.SpacecraftClock  - Internal time::2016-05-05T12:07:00.000-05:00 sclk of::1/01332:07:13:41:62735
2017-12-19 02:21:53,113 [pool-4-thread-1] DEBUG space.exploration.spice.utilities.TimeUtils  - 2016-05-05~12:08:00
2017-12-19 02:21:54,103 [pool-4-thread-1] DEBUG space.exploration.spice.utilities.TimeUtils  - 2016-05-05~12:09:00
2017-12-19 02:21:54,104 [main] INFO space.exploration.mars.rover.kernel.SpacecraftClock  - Internal time::2016-05-05T12:09:00.000-05:00 sclk of::1/01332:07:15:38:41667
2017-12-19 02:21:54,135 [pool-4-thread-1] DEBUG space.exploration.spice.utilities.TimeUtils  - 2016-05-05~12:10:00
2017-12-19 02:21:55,103 [pool-4-thread-1] DEBUG space.exploration.spice.utilities.TimeUtils  - 2016-05-05~12:11:00
2017-12-19 02:21:55,105 [main] INFO space.exploration.mars.rover.kernel.SpacecraftClock  - Internal time::2016-05-05T12:11:00.000-05:00 sclk of::1/01332:07:17:35:20598
2017-12-19 02:21:55,109 [pool-4-thread-1] DEBUG space.exploration.spice.utilities.TimeUtils  - 2016-05-05~12:12:00
2017-12-19 02:21:56,103 [pool-4-thread-1] DEBUG space.exploration.spice.utilities.TimeUtils  - 2016-05-05~12:13:00
2017-12-19 02:21:56,105 [main] INFO space.exploration.mars.rover.kernel.SpacecraftClock  - Internal time::2016-05-05T12:13:00.000-05:00 sclk of::1/01332:07:19:31:99530
2017-12-19 02:21:56,135 [pool-4-thread-1] DEBUG space.exploration.spice.utilities.TimeUtils  - 2016-05-05~12:14:00
2017-12-19 02:21:57,103 [pool-4-thread-1] DEBUG space.exploration.spice.utilities.TimeUtils  - 2016-05-05~12:15:00
2017-12-19 02:21:57,106 [main] INFO space.exploration.mars.rover.kernel.SpacecraftClock  - Internal time::2016-05-05T12:15:00.000-05:00 sclk of::1/01332:07:21:28:78461
2017-12-19 02:21:57,132 [pool-4-thread-1] DEBUG space.exploration.spice.utilities.TimeUtils  - 2016-05-05~12:16:00
2017-12-19 02:21:58,103 [pool-4-thread-1] DEBUG space.exploration.spice.utilities.TimeUtils  - 2016-05-05~12:17:00
2017-12-19 02:21:58,107 [main] INFO space.exploration.mars.rover.kernel.SpacecraftClock  - Internal time::2016-05-05T12:17:00.000-05:00 sclk of::1/01332:07:23:25:57393
2017-12-19 02:21:58,132 [pool-4-thread-1] DEBUG space.exploration.spice.utilities.TimeUtils  - 2016-05-05~12:18:00
2017-12-19 02:21:59,103 [pool-4-thread-1] DEBUG space.exploration.spice.utilities.TimeUtils  - 2016-05-05~12:19:00
2017-12-19 02:21:59,108 [main] INFO space.exploration.mars.rover.kernel.SpacecraftClock  - Internal time::2016-05-05T12:19:00.000-05:00 sclk of::1/01332:07:25:22:36325
2017-12-19 02:21:59,134 [pool-4-thread-1] DEBUG space.exploration.spice.utilities.TimeUtils  - 2016-05-05~12:20:00
2017-12-19 02:22:00,103 [pool-4-thread-1] DEBUG space.exploration.spice.utilities.TimeUtils  - 2016-05-05~12:21:00
2017-12-19 02:22:00,109 [main] INFO space.exploration.mars.rover.kernel.SpacecraftClock  - Internal time::2016-05-05T12:21:00.000-05:00 sclk of::1/01332:07:27:19:15256
2017-12-19 02:22:00,109 [main] INFO space.exploration.mars.rover.kernel.SpacecraftClock  - Internal time::2016-05-05T12:21:00.000-05:00 sclk of::1/01332:07:27:19:15256
