2018-04-10 21:21:27,444 [                roverMain] INFO  space.exploration.mars.rover.kernel.SpacecraftClock - Valid utc time ranges are dictated by clockService as follows:
2018-04-10 21:21:27,445 [                roverMain] INFO  space.exploration.mars.rover.kernel.SpacecraftClock - APPLICABLE_START_TIME=2000-001T11:58:55.816, APPLICABLE_STOP_TIME=2017-360T19:17:40.149
2018-04-10 21:21:27,445 [                roverMain] INFO  space.exploration.mars.rover.kernel.SpacecraftClock - Given UTC = 2017-01-01~12:57:00
2018-04-10 21:21:27,445 [                roverMain] INFO  space.exploration.mars.rover.kernel.SpacecraftClock - Please ensure that positionSensor and sclk are synchronized
2018-04-10 21:21:27,450 [                roverMain] INFO  space.exploration.mars.rover.kernel.SpacecraftClock - Curiosity internal spacecraft clock started at :: 2017-01-01T18:57:00.000Z
2018-04-10 21:21:27,450 [                roverMain] INFO  space.exploration.mars.rover.kernel.SpacecraftClock - Mission duration is set to :: 1 year(s).
2018-04-10 21:21:27,450 [                roverMain] INFO  space.exploration.mars.rover.kernel.SpacecraftClock - Mission duration = 31536000000
2018-04-10 21:21:30,603 [                roverMain] INFO  space.exploration.mars.rover.kernel.Rover - Rover current position is = java.awt.Point[x=525,y=100]
2018-04-10 21:21:31,606 [                roverMain] INFO  space.exploration.mars.rover.sensor.Lidar - Lidar initialized and ready!
2018-04-10 21:21:32,856 [                roverMain] INFO  space.exploration.mars.rover.sensor.Camera - Camera initialized and ready!
2018-04-10 21:21:34,234 [                roverMain] INFO  space.exploration.mars.rover.power.Battery - Battery configured, batteryLife:primaryPowerUnits = 1200 auxiliaryPowerUnits = 100 alertThreshold: 100 rechargeTime = 60000
2018-04-10 21:21:35,237 [                roverMain] INFO  space.exploration.mars.rover.kernel.Rover - Battery Monitor configured!
2018-04-10 21:21:35,277 [                roverMain] INFO  org.apache.kafka.clients.producer.ProducerConfig - ProducerConfig values: 
	metric.reporters = []
	metadata.max.age.ms = 300000
	reconnect.backoff.ms = 50
	sasl.kerberos.ticket.renew.window.factor = 0.8
	bootstrap.servers = [localhost:9092]
	ssl.keystore.type = JKS
	sasl.mechanism = GSSAPI
	max.block.ms = 60000
	interceptor.classes = null
	ssl.truststore.password = null
	client.id = 
	ssl.endpoint.identification.algorithm = null
	request.timeout.ms = 30000
	acks = 1
	receive.buffer.bytes = 32768
	ssl.truststore.type = JKS
	retries = 0
	ssl.truststore.location = null
	ssl.keystore.password = null
	send.buffer.bytes = 131072
	compression.type = none
	metadata.fetch.timeout.ms = 60000
	retry.backoff.ms = 100
	sasl.kerberos.kinit.cmd = /usr/bin/kinit
	buffer.memory = 33554432
	timeout.ms = 30000
	key.serializer = class org.apache.kafka.common.serialization.StringSerializer
	sasl.kerberos.service.name = null
	sasl.kerberos.ticket.renew.jitter = 0.05
	ssl.trustmanager.algorithm = PKIX
	block.on.buffer.full = false
	ssl.key.password = null
	sasl.kerberos.min.time.before.relogin = 60000
	connections.max.idle.ms = 540000
	max.in.flight.requests.per.connection = 5
	metrics.num.samples = 2
	ssl.protocol = TLS
	ssl.provider = null
	ssl.enabled.protocols = [TLSv1.2, TLSv1.1, TLSv1]
	batch.size = 16384
	ssl.keystore.location = null
	ssl.cipher.suites = null
	security.protocol = PLAINTEXT
	max.request.size = 1048576
	value.serializer = class org.apache.kafka.common.serialization.ByteArraySerializer
	ssl.keymanager.algorithm = SunX509
	metrics.sample.window.ms = 30000
	partitioner.class = class org.apache.kafka.clients.producer.internals.DefaultPartitioner
	linger.ms = 0

2018-04-10 21:21:35,366 [                roverMain] INFO  org.apache.kafka.clients.producer.ProducerConfig - ProducerConfig values: 
	metric.reporters = []
	metadata.max.age.ms = 300000
	reconnect.backoff.ms = 50
	sasl.kerberos.ticket.renew.window.factor = 0.8
	bootstrap.servers = [localhost:9092]
	ssl.keystore.type = JKS
	sasl.mechanism = GSSAPI
	max.block.ms = 60000
	interceptor.classes = null
	ssl.truststore.password = null
	client.id = producer-1
	ssl.endpoint.identification.algorithm = null
	request.timeout.ms = 30000
	acks = 1
	receive.buffer.bytes = 32768
	ssl.truststore.type = JKS
	retries = 0
	ssl.truststore.location = null
	ssl.keystore.password = null
	send.buffer.bytes = 131072
	compression.type = none
	metadata.fetch.timeout.ms = 60000
	retry.backoff.ms = 100
	sasl.kerberos.kinit.cmd = /usr/bin/kinit
	buffer.memory = 33554432
	timeout.ms = 30000
	key.serializer = class org.apache.kafka.common.serialization.StringSerializer
	sasl.kerberos.service.name = null
	sasl.kerberos.ticket.renew.jitter = 0.05
	ssl.trustmanager.algorithm = PKIX
	block.on.buffer.full = false
	ssl.key.password = null
	sasl.kerberos.min.time.before.relogin = 60000
	connections.max.idle.ms = 540000
	max.in.flight.requests.per.connection = 5
	metrics.num.samples = 2
	ssl.protocol = TLS
	ssl.provider = null
	ssl.enabled.protocols = [TLSv1.2, TLSv1.1, TLSv1]
	batch.size = 16384
	ssl.keystore.location = null
	ssl.cipher.suites = null
	security.protocol = PLAINTEXT
	max.request.size = 1048576
	value.serializer = class org.apache.kafka.common.serialization.ByteArraySerializer
	ssl.keymanager.algorithm = SunX509
	metrics.sample.window.ms = 30000
	partitioner.class = class org.apache.kafka.clients.producer.internals.DefaultPartitioner
	linger.ms = 0

2018-04-10 21:21:35,366 [                roverMain] WARN  org.apache.kafka.clients.producer.ProducerConfig - The configuration zookeeper.connect = localhost:2181 was supplied but isn't a known config.
2018-04-10 21:21:35,367 [                roverMain] WARN  org.apache.kafka.clients.producer.ProducerConfig - The configuration group.id = space.exploration.mars.rover.curiosity.1523413286385 was supplied but isn't a known config.
2018-04-10 21:21:35,367 [                roverMain] WARN  org.apache.kafka.clients.producer.ProducerConfig - The configuration source.topic = earth_to_curiosity_5 was supplied but isn't a known config.
2018-04-10 21:21:35,367 [                roverMain] WARN  org.apache.kafka.clients.producer.ProducerConfig - The configuration auto.offset.reset = largest was supplied but isn't a known config.
2018-04-10 21:21:35,367 [                roverMain] WARN  org.apache.kafka.clients.producer.ProducerConfig - The configuration metadata.broker.list = localhost:9092 was supplied but isn't a known config.
2018-04-10 21:21:35,367 [                roverMain] WARN  org.apache.kafka.clients.producer.ProducerConfig - The configuration destination.topic = curiosity_to_earth_5 was supplied but isn't a known config.
2018-04-10 21:21:35,368 [                roverMain] INFO  org.apache.kafka.common.utils.AppInfoParser - Kafka version : 0.10.0.1
2018-04-10 21:21:35,368 [                roverMain] INFO  org.apache.kafka.common.utils.AppInfoParser - Kafka commitId : a7a17cdec9eaa6c5
2018-04-10 21:21:35,467 [                roverMain] INFO          kafka.utils.VerifiableProperties - Verifying properties
2018-04-10 21:21:35,486 [                roverMain] INFO          kafka.utils.VerifiableProperties - Property auto.offset.reset is overridden to largest
2018-04-10 21:21:35,486 [                roverMain] WARN          kafka.utils.VerifiableProperties - Property bootstrap.servers is not valid
2018-04-10 21:21:35,486 [                roverMain] WARN          kafka.utils.VerifiableProperties - Property destination.topic is not valid
2018-04-10 21:21:35,487 [                roverMain] INFO          kafka.utils.VerifiableProperties - Property group.id is overridden to space.exploration.mars.rover.curiosity.1523413286385
2018-04-10 21:21:35,487 [                roverMain] WARN          kafka.utils.VerifiableProperties - Property key.serializer is not valid
2018-04-10 21:21:35,487 [                roverMain] WARN          kafka.utils.VerifiableProperties - Property metadata.broker.list is not valid
2018-04-10 21:21:35,487 [                roverMain] WARN          kafka.utils.VerifiableProperties - Property source.topic is not valid
2018-04-10 21:21:35,487 [                roverMain] WARN          kafka.utils.VerifiableProperties - Property value.serializer is not valid
2018-04-10 21:21:35,487 [                roverMain] INFO          kafka.utils.VerifiableProperties - Property zookeeper.connect is overridden to localhost:2181
2018-04-10 21:21:35,514 [                roverMain] INFO  kafka.consumer.ZookeeperConsumerConnector - [space.exploration.mars.rover.curiosity.1523413286385_zion-mainframe-1523413295513-b12985da], Connecting to zookeeper instance at localhost:2181
2018-04-10 21:21:35,551 [lient-EventThread-27-localhost:2181] INFO         org.I0Itec.zkclient.ZkEventThread - Starting ZkClient event thread.
2018-04-10 21:21:35,555 [                roverMain] INFO            org.apache.zookeeper.ZooKeeper - Client environment:zookeeper.version=3.4.6-1569965, built on 02/20/2014 09:09 GMT
2018-04-10 21:21:35,555 [                roverMain] INFO            org.apache.zookeeper.ZooKeeper - Client environment:host.name=zion-mainframe
2018-04-10 21:21:35,555 [                roverMain] INFO            org.apache.zookeeper.ZooKeeper - Client environment:java.version=1.8.0_162
2018-04-10 21:21:35,555 [                roverMain] INFO            org.apache.zookeeper.ZooKeeper - Client environment:java.vendor=Oracle Corporation
2018-04-10 21:21:35,555 [                roverMain] INFO            org.apache.zookeeper.ZooKeeper - Client environment:java.home=/usr/lib/jvm/java-8-openjdk-amd64/jre
2018-04-10 21:21:35,555 [                roverMain] INFO            org.apache.zookeeper.ZooKeeper - Client environment:java.class.path=target/mars.rover-1.5-SOLSHOT-shaded.jar
2018-04-10 21:21:35,555 [                roverMain] INFO            org.apache.zookeeper.ZooKeeper - Client environment:java.library.path=/usr/java/packages/lib/amd64:/usr/lib/x86_64-linux-gnu/jni:/lib/x86_64-linux-gnu:/usr/lib/x86_64-linux-gnu:/usr/lib/jni:/lib:/usr/lib
2018-04-10 21:21:35,555 [                roverMain] INFO            org.apache.zookeeper.ZooKeeper - Client environment:java.io.tmpdir=/tmp
2018-04-10 21:21:35,555 [                roverMain] INFO            org.apache.zookeeper.ZooKeeper - Client environment:java.compiler=<NA>
2018-04-10 21:21:35,555 [                roverMain] INFO            org.apache.zookeeper.ZooKeeper - Client environment:os.name=Linux
2018-04-10 21:21:35,555 [                roverMain] INFO            org.apache.zookeeper.ZooKeeper - Client environment:os.arch=amd64
2018-04-10 21:21:35,555 [                roverMain] INFO            org.apache.zookeeper.ZooKeeper - Client environment:os.version=4.13.0-38-generic
2018-04-10 21:21:35,555 [                roverMain] INFO            org.apache.zookeeper.ZooKeeper - Client environment:user.name=sanket
2018-04-10 21:21:35,555 [                roverMain] INFO            org.apache.zookeeper.ZooKeeper - Client environment:user.home=/home/sanket
2018-04-10 21:21:35,555 [                roverMain] INFO            org.apache.zookeeper.ZooKeeper - Client environment:user.dir=/home/sanket/Documents/workspace/MarsRover/mars.rover
2018-04-10 21:21:35,556 [                roverMain] INFO            org.apache.zookeeper.ZooKeeper - Initiating client connection, connectString=localhost:2181 sessionTimeout=6000 watcher=org.I0Itec.zkclient.ZkClient@79d8407f
2018-04-10 21:21:35,564 [                roverMain] INFO              org.I0Itec.zkclient.ZkClient - Waiting for keeper state SyncConnected
2018-04-10 21:21:35,566 [overMain-SendThread(localhost:2181)] INFO           org.apache.zookeeper.ClientCnxn - Opening socket connection to server localhost/127.0.0.1:2181. Will not attempt to authenticate using SASL (unknown error)
2018-04-10 21:21:35,570 [overMain-SendThread(localhost:2181)] INFO           org.apache.zookeeper.ClientCnxn - Socket connection established to localhost/127.0.0.1:2181, initiating session
2018-04-10 21:21:35,576 [overMain-SendThread(localhost:2181)] INFO           org.apache.zookeeper.ClientCnxn - Session establishment complete on server localhost/127.0.0.1:2181, sessionid = 0x162b26c0ad90008, negotiated timeout = 6000
2018-04-10 21:21:35,577 [    roverMain-EventThread] INFO              org.I0Itec.zkclient.ZkClient - zookeeper state changed (SyncConnected)
2018-04-10 21:21:35,583 [                roverMain] INFO  kafka.consumer.ZookeeperConsumerConnector - [space.exploration.mars.rover.curiosity.1523413286385_zion-mainframe-1523413295513-b12985da], starting auto committer every 60000 ms
2018-04-10 21:21:35,603 [                    radio] INFO  kafka.consumer.ZookeeperConsumerConnector - [space.exploration.mars.rover.curiosity.1523413286385_zion-mainframe-1523413295513-b12985da], begin registering consumer space.exploration.mars.rover.curiosity.1523413286385_zion-mainframe-1523413295513-b12985da in ZK
2018-04-10 21:21:35,624 [                    radio] INFO            kafka.utils.ZKCheckedEphemeral - Creating /consumers/space.exploration.mars.rover.curiosity.1523413286385/ids/space.exploration.mars.rover.curiosity.1523413286385_zion-mainframe-1523413295513-b12985da (is it secure? false)
2018-04-10 21:21:35,637 [                    radio] INFO            kafka.utils.ZKCheckedEphemeral - Result of znode creation is: OK
2018-04-10 21:21:35,638 [                    radio] INFO  kafka.consumer.ZookeeperConsumerConnector - [space.exploration.mars.rover.curiosity.1523413286385_zion-mainframe-1523413295513-b12985da], end registering consumer space.exploration.mars.rover.curiosity.1523413286385_zion-mainframe-1523413295513-b12985da in ZK
2018-04-10 21:21:35,644 [413295513-b12985da_watcher_executor] INFO  kafka.consumer.ZookeeperConsumerConnector - [space.exploration.mars.rover.curiosity.1523413286385_zion-mainframe-1523413295513-b12985da], starting watcher executor thread for consumer space.exploration.mars.rover.curiosity.1523413286385_zion-mainframe-1523413295513-b12985da
2018-04-10 21:21:35,662 [                    radio] INFO  kafka.consumer.ZookeeperConsumerConnector - [space.exploration.mars.rover.curiosity.1523413286385_zion-mainframe-1523413295513-b12985da], begin rebalancing consumer space.exploration.mars.rover.curiosity.1523413286385_zion-mainframe-1523413295513-b12985da try #0
2018-04-10 21:21:35,752 [                    radio] INFO     kafka.consumer.ConsumerFetcherManager - [ConsumerFetcherManager-1523413295581] Stopping leader finder thread
2018-04-10 21:21:35,752 [                    radio] INFO     kafka.consumer.ConsumerFetcherManager - [ConsumerFetcherManager-1523413295581] Stopping all fetchers
2018-04-10 21:21:35,753 [                    radio] INFO     kafka.consumer.ConsumerFetcherManager - [ConsumerFetcherManager-1523413295581] All connections stopped
2018-04-10 21:21:35,753 [                    radio] INFO  kafka.consumer.ZookeeperConsumerConnector - [space.exploration.mars.rover.curiosity.1523413286385_zion-mainframe-1523413295513-b12985da], Cleared all relevant queues for this fetcher
2018-04-10 21:21:35,754 [                    radio] INFO  kafka.consumer.ZookeeperConsumerConnector - [space.exploration.mars.rover.curiosity.1523413286385_zion-mainframe-1523413295513-b12985da], Cleared the data chunks in all the consumer message iterators
2018-04-10 21:21:35,754 [                    radio] INFO  kafka.consumer.ZookeeperConsumerConnector - [space.exploration.mars.rover.curiosity.1523413286385_zion-mainframe-1523413295513-b12985da], Committing all offsets after clearing the fetcher queues
2018-04-10 21:21:35,755 [                    radio] INFO  kafka.consumer.ZookeeperConsumerConnector - [space.exploration.mars.rover.curiosity.1523413286385_zion-mainframe-1523413295513-b12985da], Releasing partition ownership
2018-04-10 21:21:35,779 [                    radio] INFO              kafka.consumer.RangeAssignor - Consumer space.exploration.mars.rover.curiosity.1523413286385_zion-mainframe-1523413295513-b12985da rebalancing the following partitions: ArrayBuffer(0) for topic earth_to_curiosity_5 with consumers: List(space.exploration.mars.rover.curiosity.1523413286385_zion-mainframe-1523413295513-b12985da-0)
2018-04-10 21:21:35,781 [                    radio] INFO              kafka.consumer.RangeAssignor - space.exploration.mars.rover.curiosity.1523413286385_zion-mainframe-1523413295513-b12985da-0 attempting to claim partition 0
2018-04-10 21:21:35,825 [                    radio] INFO  kafka.consumer.ZookeeperConsumerConnector - [space.exploration.mars.rover.curiosity.1523413286385_zion-mainframe-1523413295513-b12985da], space.exploration.mars.rover.curiosity.1523413286385_zion-mainframe-1523413295513-b12985da-0 successfully owned partition 0 for topic earth_to_curiosity_5
2018-04-10 21:21:35,844 [                    radio] INFO  kafka.consumer.ZookeeperConsumerConnector - [space.exploration.mars.rover.curiosity.1523413286385_zion-mainframe-1523413295513-b12985da], Consumer space.exploration.mars.rover.curiosity.1523413286385_zion-mainframe-1523413295513-b12985da selected partitions : earth_to_curiosity_5:0: fetched offset = -1: consumed offset = -1
2018-04-10 21:21:35,845 [95513-b12985da-leader-finder-thread] INFO  kafka.consumer.ConsumerFetcherManager$LeaderFinderThread - [space.exploration.mars.rover.curiosity.1523413286385_zion-mainframe-1523413295513-b12985da-leader-finder-thread], Starting 
2018-04-10 21:21:35,846 [                    radio] INFO  kafka.consumer.ZookeeperConsumerConnector - [space.exploration.mars.rover.curiosity.1523413286385_zion-mainframe-1523413295513-b12985da], end rebalancing consumer space.exploration.mars.rover.curiosity.1523413286385_zion-mainframe-1523413295513-b12985da try #0
2018-04-10 21:21:35,880 [95513-b12985da-leader-finder-thread] INFO          kafka.utils.VerifiableProperties - Verifying properties
2018-04-10 21:21:35,880 [95513-b12985da-leader-finder-thread] INFO          kafka.utils.VerifiableProperties - Property client.id is overridden to space.exploration.mars.rover.curiosity.1523413286385
2018-04-10 21:21:35,881 [95513-b12985da-leader-finder-thread] INFO          kafka.utils.VerifiableProperties - Property metadata.broker.list is overridden to zion-mainframe:9092
2018-04-10 21:21:35,881 [95513-b12985da-leader-finder-thread] INFO          kafka.utils.VerifiableProperties - Property request.timeout.ms is overridden to 30000
2018-04-10 21:21:35,902 [95513-b12985da-leader-finder-thread] INFO                 kafka.client.ClientUtils$ - Fetching metadata from broker BrokerEndPoint(0,zion-mainframe,9092) with correlation id 0 for 1 topic(s) Set(earth_to_curiosity_5)
2018-04-10 21:21:35,907 [95513-b12985da-leader-finder-thread] INFO               kafka.producer.SyncProducer - Connected to zion-mainframe:9092 for producing
2018-04-10 21:21:35,922 [95513-b12985da-leader-finder-thread] INFO               kafka.producer.SyncProducer - Disconnecting from zion-mainframe:9092
2018-04-10 21:21:35,952 [ainframe-1523413295513-b12985da-0-0] INFO      kafka.consumer.ConsumerFetcherThread - [ConsumerFetcherThread-space.exploration.mars.rover.curiosity.1523413286385_zion-mainframe-1523413295513-b12985da-0-0], Starting 
2018-04-10 21:21:35,966 [95513-b12985da-leader-finder-thread] INFO     kafka.consumer.ConsumerFetcherManager - [ConsumerFetcherManager-1523413295581] Added fetcher for partitions ArrayBuffer([[earth_to_curiosity_5,0], initOffset -1 to broker BrokerEndPoint(0,zion-mainframe,9092)] )
2018-04-10 21:21:36,586 [                roverMain] INFO  space.exploration.mars.rover.communication.Radio - Radio configured:: 
group.id::space.exploration.mars.rover.curiosity.1523413286385
auto.offset.reset::largest
bootstrap.servers::localhost:9092
value.serializer::org.apache.kafka.common.serialization.ByteArraySerializer
destination.topic::curiosity_to_earth_5
zookeeper.connect::localhost:2181
key.serializer::org.apache.kafka.common.serialization.StringSerializer
source.topic::earth_to_curiosity_5
metadata.broker.list::localhost:9092
2018-04-10 21:21:36,589 [          spacecraftClock] INFO  space.exploration.mars.rover.sensor.DANSpectrometer - Commencing calibration for DAN Spectrometer for sol = 1566
2018-04-10 21:21:37,372 [          spacecraftClock] INFO  space.exploration.mars.rover.service.ApxsDataService - ApxsSpectrometer configured successfully for sol = 1566
2018-04-10 21:21:45,463 [                    radio] INFO  space.exploration.mars.rover.communication.Receiver - Time Elapsed since last message = 9878
2018-04-10 21:21:45,596 [                    radio] INFO  space.exploration.mars.rover.kernel.PositionSensor - Houston - this is curiosityActual.ephemerisTime: 5.36548569183946E8
stateCuriosity: 2.30677809839E8
stateCuriosity: -7.6784506321E7
stateCuriosity: -3.7351097637E7
stateCuriosity: 23.975
stateCuriosity: 28.546
stateCuriosity: 13.065
owltMSLEarth: 820.481
stateEarth: -2.30646929063E8
stateEarth: 7.6774224575E7
stateEarth: 3.7346098874E7
stateEarth: -23.962
stateEarth: -28.546
stateEarth: -13.065
owltEarthMSL: 820.371
positionEarthWRTCuriosity: -2.30646929063E8
positionEarthWRTCuriosity: 7.6774224575E7
positionEarthWRTCuriosity: 3.7346098874E7
owltEarthMSL2: 820.371
angSepHGAEarth: 106.051
utcTime: "2017-01-01~13:15:00"
sol: 1566
sclkValue: " 1/01566:21:35:33:89500"

2018-04-10 21:21:45,658 [                    radio] INFO  space.exploration.mars.rover.kernel.PositionSensor - ephemerisTime: 5.36548569183946E8
stateCuriosity: 2.30677809839E8
stateCuriosity: -7.6784506321E7
stateCuriosity: -3.7351097637E7
stateCuriosity: 23.975
stateCuriosity: 28.546
stateCuriosity: 13.065
owltMSLEarth: 820.481
stateEarth: -2.30646929063E8
stateEarth: 7.6774224575E7
stateEarth: 3.7346098874E7
stateEarth: -23.962
stateEarth: -28.546
stateEarth: -13.065
owltEarthMSL: 820.371
positionEarthWRTCuriosity: -2.30646929063E8
positionEarthWRTCuriosity: 7.6774224575E7
positionEarthWRTCuriosity: 3.7346098874E7
owltEarthMSL2: 820.371
angSepHGAEarth: 106.051
utcTime: "2017-01-01~13:15:00"
sol: 1566
sclkValue: " 1/01566:21:35:33:89500"

2018-04-10 21:21:45,659 [                    radio] INFO  space.exploration.mars.rover.communication.Radio - One Way Light Time computed by SPICE :: 820.481
2018-04-10 21:21:45,684 [                    radio] INFO  space.exploration.mars.rover.kernel.ListeningState - timeStamp: 1523413305043
targets {
  roverModule: 11
  action: "GetSclkInformation"
}

2018-04-10 21:21:51,772 [                    radio] INFO  space.exploration.mars.rover.kernel.ListeningState - 1523413311772,11,GetSclkInformation Current instructionQueue length = 0
2018-04-10 21:21:51,772 [                    radio] INFO  space.exploration.mars.rover.kernel.ListeningState - Rover will get detailed spacecraftClock information. Houston, this is CuriosityActual.
2018-04-10 21:21:51,781 [                    radio] INFO  space.exploration.mars.rover.kernel.SpacecraftClock - Internal time::2017-01-01T13:22:00.000-06:00 sclk of::1/01566:21:42:22:65761
2018-04-10 21:21:57,893 [                    radio] INFO  space.exploration.mars.rover.communication.Transmitter - Sending information packet to curiosity_to_earth_5
2018-04-10 21:22:05,237 [           batteryMonitor] INFO  space.exploration.mars.rover.power.BatteryMonitor - BatteryMonitor performing due diligence. SCET = 1523413325237 Rover state = Listening State
2018-04-10 21:22:05,238 [           batteryMonitor] INFO  space.exploration.mars.rover.power.BatteryMonitor -  Battery primaryUnits = 1200 auxiliaryPowerUnits = 100
2018-04-10 21:22:35,237 [           batteryMonitor] INFO  space.exploration.mars.rover.power.BatteryMonitor - BatteryMonitor performing due diligence. SCET = 1523413355237 Rover state = Listening State
2018-04-10 21:22:35,237 [           batteryMonitor] INFO  space.exploration.mars.rover.power.BatteryMonitor -  Battery primaryUnits = 1200 auxiliaryPowerUnits = 100
2018-04-10 21:22:46,946 [                    radio] INFO  space.exploration.mars.rover.communication.Receiver - Time Elapsed since last message = 61482
2018-04-10 21:22:47,017 [                    radio] INFO  space.exploration.mars.rover.kernel.PositionSensor - Houston - this is curiosityActual.ephemerisTime: 5.36552229183947E8
stateCuriosity: 2.30765439565E8
stateCuriosity: -7.6679972555E7
stateCuriosity: -3.7303201243E7
stateCuriosity: 23.909
stateCuriosity: 28.574
stateCuriosity: 13.107
owltMSLEarth: 820.622
stateEarth: -2.30734509388E8
stateEarth: 7.6669690795E7
stateEarth: 3.7298202309E7
stateEarth: -23.896
stateEarth: -28.574
stateEarth: -13.107
owltEarthMSL: 820.512
positionEarthWRTCuriosity: -2.30734509388E8
positionEarthWRTCuriosity: 7.6669690795E7
positionEarthWRTCuriosity: 3.7298202309E7
owltEarthMSL2: 820.512
angSepHGAEarth: 105.1
utcTime: "2017-01-01~14:16:00"
sol: 1566
sclkValue: " 1/01566:22:34:55:96914"

2018-04-10 21:22:47,056 [                    radio] INFO  space.exploration.mars.rover.kernel.PositionSensor - ephemerisTime: 5.36552229183947E8
stateCuriosity: 2.30765439565E8
stateCuriosity: -7.6679972555E7
stateCuriosity: -3.7303201243E7
stateCuriosity: 23.909
stateCuriosity: 28.574
stateCuriosity: 13.107
owltMSLEarth: 820.622
stateEarth: -2.30734509388E8
stateEarth: 7.6669690795E7
stateEarth: 3.7298202309E7
stateEarth: -23.896
stateEarth: -28.574
stateEarth: -13.107
owltEarthMSL: 820.512
positionEarthWRTCuriosity: -2.30734509388E8
positionEarthWRTCuriosity: 7.6669690795E7
positionEarthWRTCuriosity: 3.7298202309E7
owltEarthMSL2: 820.512
angSepHGAEarth: 105.1
utcTime: "2017-01-01~14:16:00"
sol: 1566
sclkValue: " 1/01566:22:34:55:96914"

2018-04-10 21:22:47,056 [                    radio] INFO  space.exploration.mars.rover.communication.Radio - One Way Light Time computed by SPICE :: 820.622
2018-04-10 21:22:47,070 [                    radio] INFO  space.exploration.mars.rover.kernel.ListeningState - timeStamp: 1523413366938
targets {
  roverModule: 9
  estimatedPowerUsage: 20
  action: "PerformRadarScan"
}

2018-04-10 21:22:53,111 [                    radio] INFO  space.exploration.mars.rover.kernel.ListeningState - 1523413373111,9,PerformRadarScan Current instructionQueue length = 0
2018-04-10 21:22:53,112 [                    radio] INFO  space.exploration.mars.rover.kernel.ListeningState - Rover Curiosity will do a radarScan!
2018-04-10 21:22:53,122 [                    radio] ERROR space.exploration.mars.rover.communication.Radio - Houston, we have a problem!
java.lang.NullPointerException
	at space.exploration.mars.rover.kernel.RadarScanningState.performRadarScan(RadarScanningState.java:130)
	at space.exploration.mars.rover.kernel.Rover.performRadarScan(Rover.java:524)
	at space.exploration.mars.rover.kernel.ListeningState.receiveMessage(ListeningState.java:116)
	at space.exploration.mars.rover.kernel.Rover.receiveMessage(Rover.java:512)
	at space.exploration.mars.rover.communication.Radio.receiveMessage(Radio.java:68)
	at space.exploration.mars.rover.communication.Receiver.run(Receiver.java:67)
2018-04-10 21:22:53,126 [                    radio] ERROR space.exploration.mars.rover.communication.Radio - The following instruction may have been lost.timeStamp: 1523413366938
targets {
  roverModule: 9
  estimatedPowerUsage: 20
  action: "PerformRadarScan"
}

2018-04-10 21:23:05,237 [           batteryMonitor] INFO  space.exploration.mars.rover.power.BatteryMonitor - BatteryMonitor performing due diligence. SCET = 1523413385237 Rover state = Listening State
2018-04-10 21:23:05,237 [           batteryMonitor] INFO  space.exploration.mars.rover.power.BatteryMonitor -  Battery primaryUnits = 1180 auxiliaryPowerUnits = 100
2018-04-10 21:23:35,237 [           batteryMonitor] INFO  space.exploration.mars.rover.power.BatteryMonitor - BatteryMonitor performing due diligence. SCET = 1523413415237 Rover state = Listening State
2018-04-10 21:23:35,237 [           batteryMonitor] INFO  space.exploration.mars.rover.power.BatteryMonitor -  Battery primaryUnits = 1180 auxiliaryPowerUnits = 100
2018-04-10 21:23:48,456 [                    radio] INFO  space.exploration.mars.rover.communication.Receiver - Time Elapsed since last message = 61510
2018-04-10 21:23:48,525 [                    radio] INFO  space.exploration.mars.rover.kernel.PositionSensor - Houston - this is curiosityActual.ephemerisTime: 5.36555889183948E8
stateCuriosity: 2.30852819702E8
stateCuriosity: -7.6575365329E7
stateCuriosity: -3.7255162356E7
stateCuriosity: 23.839
stateCuriosity: 28.586
stateCuriosity: 13.143
owltMSLEarth: 820.763
stateEarth: -2.30821841789E8
stateEarth: 7.6565084258E7
stateEarth: 3.7250163418E7
stateEarth: -23.827
stateEarth: -28.586
stateEarth: -13.143
owltEarthMSL: 820.652
positionEarthWRTCuriosity: -2.30821841789E8
positionEarthWRTCuriosity: 7.6565084258E7
positionEarthWRTCuriosity: 3.7250163418E7
owltEarthMSL2: 820.652
angSepHGAEarth: 101.833
utcTime: "2017-01-01~15:18:00"
sol: 1566
sclkValue: " 1/01566:23:34:18:04327"

2018-04-10 21:23:48,564 [                    radio] INFO  space.exploration.mars.rover.kernel.PositionSensor - ephemerisTime: 5.36555949183948E8
stateCuriosity: 2.30854250024E8
stateCuriosity: -7.6573650145E7
stateCuriosity: -3.7254373766E7
stateCuriosity: 23.838
stateCuriosity: 28.586
stateCuriosity: 13.143
owltMSLEarth: 820.765
stateEarth: -2.30823271358E8
stateEarth: 7.6563369097E7
stateEarth: 3.7249374832E7
stateEarth: -23.826
stateEarth: -28.586
stateEarth: -13.143
owltEarthMSL: 820.655
positionEarthWRTCuriosity: -2.30823271358E8
positionEarthWRTCuriosity: 7.6563369097E7
positionEarthWRTCuriosity: 3.7249374832E7
owltEarthMSL2: 820.655
angSepHGAEarth: 101.762
utcTime: "2017-01-01~15:18:00"
sol: 1566
sclkValue: " 1/01566:23:35:16:43792"

2018-04-10 21:23:48,564 [                    radio] INFO  space.exploration.mars.rover.communication.Radio - One Way Light Time computed by SPICE :: 820.763
2018-04-10 21:23:48,578 [                    radio] INFO  space.exploration.mars.rover.kernel.ListeningState - timeStamp: 1523413428445
targets {
  roverModule: 8
  estimatedPowerUsage: 20
  action: "ClickCamera"
  roverSubModule: "MAST"
}

2018-04-10 21:23:54,613 [                    radio] INFO  space.exploration.mars.rover.kernel.ListeningState - 1523413434613,8,ClickCamera Current instructionQueue length = 0
2018-04-10 21:23:54,613 [                    radio] INFO  space.exploration.mars.rover.kernel.ListeningState - Rover Curiosity is going to try to take pictures!
2018-04-10 21:24:38,269 [                    radio] INFO  space.exploration.mars.rover.kernel.PositionSensor - Houston - this is curiosityActual.ephemerisTime: 5.36558889183949E8
stateCuriosity: 2.30924250989E8
stateCuriosity: -7.6489604352E7
stateCuriosity: -3.7215695902E7
stateCuriosity: 23.782
stateCuriosity: 28.586
stateCuriosity: 13.167
owltMSLEarth: 820.877
stateEarth: -2.30893237111E8
stateEarth: 7.6479325063E7
stateEarth: 3.7210697423E7
stateEarth: -23.77
stateEarth: -28.585
stateEarth: -13.167
owltEarthMSL: 820.767
positionEarthWRTCuriosity: -2.30893237111E8
positionEarthWRTCuriosity: 7.6479325063E7
positionEarthWRTCuriosity: 3.7210697423E7
owltEarthMSL2: 820.767
angSepHGAEarth: 97.662
utcTime: "2017-01-01~16:07:00"
sol: 1567
sclkValue: " 1/01567:00:22:57:77616"

2018-04-10 21:24:38,309 [                    radio] INFO  space.exploration.mars.rover.kernel.PositionSensor - ephemerisTime: 5.36558889183949E8
stateCuriosity: 2.30924250989E8
stateCuriosity: -7.6489604352E7
stateCuriosity: -3.7215695902E7
stateCuriosity: 23.782
stateCuriosity: 28.586
stateCuriosity: 13.167
owltMSLEarth: 820.877
stateEarth: -2.30893237111E8
stateEarth: 7.6479325063E7
stateEarth: 3.7210697423E7
stateEarth: -23.77
stateEarth: -28.585
stateEarth: -13.167
owltEarthMSL: 820.767
positionEarthWRTCuriosity: -2.30893237111E8
positionEarthWRTCuriosity: 7.6479325063E7
positionEarthWRTCuriosity: 3.7210697423E7
owltEarthMSL2: 820.767
angSepHGAEarth: 97.662
utcTime: "2017-01-01~16:07:00"
sol: 1567
sclkValue: " 1/01567:00:22:57:77616"

2018-04-10 21:24:38,309 [                    radio] INFO  space.exploration.mars.rover.communication.Radio - One Way Light Time computed by SPICE :: 820.877
2018-04-10 21:24:38,323 [                    radio] INFO  space.exploration.mars.rover.communication.Transmitter - Sending information packet to curiosity_to_earth_5
2018-04-10 21:24:41,324 [          spacecraftClock] INFO  space.exploration.mars.rover.sensor.DANSpectrometer - Commencing calibration for DAN Spectrometer for sol = 1567
2018-04-10 21:24:41,481 [          spacecraftClock] ERROR space.exploration.mars.rover.service.DANServiceUtil -  DAN Config Util - could not find data files for sol = 1567 url = http://pds-geosciences.wustl.edu/msl/msl-m-dan-3_4-rdr-v1/msldan_1xxx/data/sol1567/
2018-04-10 21:24:41,483 [          spacecraftClock] INFO  space.exploration.mars.rover.sensor.DANSpectrometer - Encountered exception when calibrating DAN Spectrometer, DANDerivedRDRData may not be available for sol = 1567
java.net.MalformedURLException
	at java.net.URL.<init>(URL.java:627)
	at java.net.URL.<init>(URL.java:490)
	at java.net.URL.<init>(URL.java:439)
	at space.exploration.mars.rover.utils.ServiceUtil.download(ServiceUtil.java:15)
	at space.exploration.mars.rover.service.DANCalibrationService.getDanPayload(DANCalibrationService.java:29)
	at space.exploration.mars.rover.sensor.DANSpectrometer.calibrateDanSensor(DANSpectrometer.java:71)
	at space.exploration.mars.rover.kernel.Rover.updateSensors(Rover.java:503)
	at space.exploration.mars.rover.kernel.SpacecraftClock$Clock.run(SpacecraftClock.java:220)
	at java.util.concurrent.Executors$RunnableAdapter.call(Executors.java:511)
	at java.util.concurrent.FutureTask.runAndReset(FutureTask.java:308)
	at java.util.concurrent.ScheduledThreadPoolExecutor$ScheduledFutureTask.access$301(ScheduledThreadPoolExecutor.java:180)
	at java.util.concurrent.ScheduledThreadPoolExecutor$ScheduledFutureTask.run(ScheduledThreadPoolExecutor.java:294)
	at java.util.concurrent.ThreadPoolExecutor.runWorker(ThreadPoolExecutor.java:1149)
	at java.util.concurrent.ThreadPoolExecutor$Worker.run(ThreadPoolExecutor.java:624)
	at java.lang.Thread.run(Thread.java:748)
Caused by: java.lang.NullPointerException
	at java.net.URL.<init>(URL.java:532)
	... 14 more
2018-04-10 21:24:41,603 [          spacecraftClock] INFO  space.exploration.mars.rover.service.ApxsDataService - ApxsSpectrometer configured successfully for sol = 1567
2018-04-10 21:24:41,604 [           batteryMonitor] INFO  space.exploration.mars.rover.power.BatteryMonitor - BatteryMonitor performing due diligence. SCET = 1523413445237 Rover state = Listening State
2018-04-10 21:24:41,604 [           batteryMonitor] INFO  space.exploration.mars.rover.power.BatteryMonitor -  Battery primaryUnits = 1160 auxiliaryPowerUnits = 100
2018-04-10 21:24:41,604 [           batteryMonitor] INFO  space.exploration.mars.rover.power.BatteryMonitor - BatteryMonitor performing due diligence. SCET = 1523413481604 Rover state = Listening State
2018-04-10 21:24:41,604 [           batteryMonitor] INFO  space.exploration.mars.rover.power.BatteryMonitor -  Battery primaryUnits = 1160 auxiliaryPowerUnits = 100
2018-04-10 21:24:49,960 [                    radio] INFO  space.exploration.mars.rover.communication.Receiver - Time Elapsed since last message = 61503
2018-04-10 21:24:50,027 [                    radio] INFO  space.exploration.mars.rover.kernel.PositionSensor - Houston - this is curiosityActual.ephemerisTime: 5.36559609183949E8
stateCuriosity: 2.30941368937E8
stateCuriosity: -7.6469022874E7
stateCuriosity: -3.7206213705E7
stateCuriosity: 23.768
stateCuriosity: 28.585
stateCuriosity: 13.172
owltMSLEarth: 820.905
stateEarth: -2.30910347022E8
stateEarth: 7.6458744238E7
stateEarth: 3.7201215429E7
stateEarth: -23.757
stateEarth: -28.584
stateEarth: -13.172
owltEarthMSL: 820.794
positionEarthWRTCuriosity: -2.30910347022E8
positionEarthWRTCuriosity: 7.6458744238E7
positionEarthWRTCuriosity: 3.7201215429E7
owltEarthMSL2: 820.794
angSepHGAEarth: 96.485
utcTime: "2017-01-01~16:19:00"
sol: 1567
sclkValue: " 1/01567:00:34:38:51205"

2018-04-10 21:24:50,065 [                    radio] INFO  space.exploration.mars.rover.kernel.PositionSensor - ephemerisTime: 5.36559609183949E8
stateCuriosity: 2.30941368937E8
stateCuriosity: -7.6469022874E7
stateCuriosity: -3.7206213705E7
stateCuriosity: 23.768
stateCuriosity: 28.585
stateCuriosity: 13.172
owltMSLEarth: 820.905
stateEarth: -2.30910347022E8
stateEarth: 7.6458744238E7
stateEarth: 3.7201215429E7
stateEarth: -23.757
stateEarth: -28.584
stateEarth: -13.172
owltEarthMSL: 820.794
positionEarthWRTCuriosity: -2.30910347022E8
positionEarthWRTCuriosity: 7.6458744238E7
positionEarthWRTCuriosity: 3.7201215429E7
owltEarthMSL2: 820.794
angSepHGAEarth: 96.485
utcTime: "2017-01-01~16:19:00"
sol: 1567
sclkValue: " 1/01567:00:34:38:51205"

2018-04-10 21:24:50,065 [                    radio] INFO  space.exploration.mars.rover.communication.Radio - One Way Light Time computed by SPICE :: 820.905
2018-04-10 21:24:50,079 [                    radio] INFO  space.exploration.mars.rover.kernel.ListeningState - timeStamp: 1523413489953
targets {
  roverModule: 11
  action: "GetSclkInformation"
}

2018-04-10 21:24:56,112 [                    radio] INFO  space.exploration.mars.rover.kernel.ListeningState - 1523413496112,11,GetSclkInformation Current instructionQueue length = 0
2018-04-10 21:24:56,112 [                    radio] INFO  space.exploration.mars.rover.kernel.ListeningState - Rover will get detailed spacecraftClock information. Houston, this is CuriosityActual.
2018-04-10 21:24:56,113 [                    radio] INFO  space.exploration.mars.rover.kernel.SpacecraftClock - Internal time::2017-01-01T16:26:00.000-06:00 sclk of::1/01567:00:41:27:27466
2018-04-10 21:25:02,217 [                    radio] INFO  space.exploration.mars.rover.kernel.PositionSensor - Houston - this is curiosityActual.ephemerisTime: 5.3656032918395E8
stateCuriosity: 2.30958477141E8
stateCuriosity: -7.6448442618E7
stateCuriosity: -3.7196728021E7
stateCuriosity: 23.755
stateCuriosity: 28.583
stateCuriosity: 13.177
owltMSLEarth: 820.932
stateEarth: -2.30927447457E8
stateEarth: 7.6438164734E7
stateEarth: 3.7191729989E7
stateEarth: -23.744
stateEarth: -28.582
stateEarth: -13.176
owltEarthMSL: 820.822
positionEarthWRTCuriosity: -2.30927447457E8
positionEarthWRTCuriosity: 7.6438164734E7
positionEarthWRTCuriosity: 3.7191729989E7
owltEarthMSL2: 820.822
angSepHGAEarth: 95.247
utcTime: "2017-01-01~16:31:00"
sol: 1567
sclkValue: " 1/01567:00:46:19:24795"

2018-04-10 21:25:02,255 [                    radio] INFO  space.exploration.mars.rover.kernel.PositionSensor - ephemerisTime: 5.3656032918395E8
stateCuriosity: 2.30958477141E8
stateCuriosity: -7.6448442618E7
stateCuriosity: -3.7196728021E7
stateCuriosity: 23.755
stateCuriosity: 28.583
stateCuriosity: 13.177
owltMSLEarth: 820.932
stateEarth: -2.30927447457E8
stateEarth: 7.6438164734E7
stateEarth: 3.7191729989E7
stateEarth: -23.744
stateEarth: -28.582
stateEarth: -13.176
owltEarthMSL: 820.822
positionEarthWRTCuriosity: -2.30927447457E8
positionEarthWRTCuriosity: 7.6438164734E7
positionEarthWRTCuriosity: 3.7191729989E7
owltEarthMSL2: 820.822
angSepHGAEarth: 95.247
utcTime: "2017-01-01~16:31:00"
sol: 1567
sclkValue: " 1/01567:00:46:19:24795"

2018-04-10 21:25:02,255 [                    radio] INFO  space.exploration.mars.rover.communication.Radio - One Way Light Time computed by SPICE :: 820.932
2018-04-10 21:25:02,268 [                    radio] INFO  space.exploration.mars.rover.communication.Transmitter - Sending information packet to curiosity_to_earth_5
2018-04-10 21:25:05,270 [           batteryMonitor] INFO  space.exploration.mars.rover.power.BatteryMonitor - BatteryMonitor performing due diligence. SCET = 1523413505237 Rover state = Listening State
2018-04-10 21:25:05,270 [           batteryMonitor] INFO  space.exploration.mars.rover.power.BatteryMonitor -  Battery primaryUnits = 1160 auxiliaryPowerUnits = 100
2018-04-10 21:25:35,237 [           batteryMonitor] INFO  space.exploration.mars.rover.power.BatteryMonitor - BatteryMonitor performing due diligence. SCET = 1523413535237 Rover state = Listening State
2018-04-10 21:25:35,237 [           batteryMonitor] INFO  space.exploration.mars.rover.power.BatteryMonitor -  Battery primaryUnits = 1160 auxiliaryPowerUnits = 100
2018-04-10 21:26:05,237 [           batteryMonitor] INFO  space.exploration.mars.rover.power.BatteryMonitor - BatteryMonitor performing due diligence. SCET = 1523413565237 Rover state = Listening State
2018-04-10 21:26:05,237 [           batteryMonitor] INFO  space.exploration.mars.rover.power.BatteryMonitor -  Battery primaryUnits = 1160 auxiliaryPowerUnits = 100
2018-04-10 21:26:35,237 [           batteryMonitor] INFO  space.exploration.mars.rover.power.BatteryMonitor - BatteryMonitor performing due diligence. SCET = 1523413595237 Rover state = Listening State
2018-04-10 21:26:35,237 [           batteryMonitor] INFO  space.exploration.mars.rover.power.BatteryMonitor -  Battery primaryUnits = 1160 auxiliaryPowerUnits = 100
