2018-12-09 03:56:43,229 [main] INFO  space.exploration.mars.rover.kernel.SpacecraftClock - Valid utc time ranges are dictated by clockService as follows:
2018-12-09 03:56:43,230 [main] INFO  space.exploration.mars.rover.kernel.SpacecraftClock - APPLICABLE_START_TIME=2000-001T11:58:55.816, APPLICABLE_STOP_TIME=2017-360T19:17:40.149
2018-12-09 03:56:43,230 [main] INFO  space.exploration.mars.rover.kernel.SpacecraftClock - Given UTC = 2016-05-01~21:30:00
2018-12-09 03:56:43,230 [main] INFO  space.exploration.mars.rover.kernel.SpacecraftClock - Please ensure that positionSensor and sclk are synchronized
2018-12-09 03:56:43,230 [main] INFO  space.exploration.mars.rover.kernel.SpacecraftClock - Curiosity internal spacecraft clock started at :: 2016-05-02T01:30:00.000Z
2018-12-09 03:56:43,230 [main] INFO  space.exploration.mars.rover.kernel.SpacecraftClock - Mission duration is set to :: 1 year(s).
2018-12-09 03:56:43,230 [main] INFO  space.exploration.mars.rover.kernel.SpacecraftClock - Mission duration = 31536000000
2018-12-09 03:56:43,230 [main] INFO  space.exploration.mars.rover.kernel.SpacecraftClock - Internal time::2016-05-02T01:30:00.000Z sclk of::
2018-12-09 03:56:43,230 [main] INFO  space.exploration.mars.rover.kernel.SpacecraftClock - Valid utc time ranges are dictated by clockService as follows:
2018-12-09 03:56:43,231 [main] INFO  space.exploration.mars.rover.kernel.SpacecraftClock - APPLICABLE_START_TIME=2000-001T11:58:55.816, APPLICABLE_STOP_TIME=2017-360T19:17:40.149
2018-12-09 03:56:43,231 [main] INFO  space.exploration.mars.rover.kernel.SpacecraftClock - Given UTC = 2016-05-01~21:30:00
2018-12-09 03:56:43,231 [main] INFO  space.exploration.mars.rover.kernel.SpacecraftClock - Please ensure that positionSensor and sclk are synchronized
2018-12-09 03:56:43,231 [main] INFO  space.exploration.mars.rover.kernel.SpacecraftClock - Curiosity internal spacecraft clock started at :: 2016-05-02T01:30:00.000Z
2018-12-09 03:56:43,231 [main] INFO  space.exploration.mars.rover.kernel.SpacecraftClock - Mission duration is set to :: 1 year(s).
2018-12-09 03:56:43,231 [main] INFO  space.exploration.mars.rover.kernel.SpacecraftClock - Mission duration = 31536000000
2018-12-09 03:56:43,231 [main] INFO  space.exploration.mars.rover.kernel.SpacecraftClock - UTCTime = 2016-05-05~12:00:00
2018-12-09 03:56:43,231 [main] INFO  space.exploration.mars.rover.kernel.SpacecraftClock - Valid utc time ranges are dictated by clockService as follows:
2018-12-09 03:56:43,231 [main] INFO  space.exploration.mars.rover.kernel.SpacecraftClock - APPLICABLE_START_TIME=2000-001T11:58:55.816, APPLICABLE_STOP_TIME=2017-360T19:17:40.149
2018-12-09 03:56:43,231 [main] INFO  space.exploration.mars.rover.kernel.SpacecraftClock - Given UTC = 2016-05-05~12:00:00
2018-12-09 03:56:43,231 [main] INFO  space.exploration.mars.rover.kernel.SpacecraftClock - Please ensure that positionSensor and sclk are synchronized
2018-12-09 03:56:44,232 [main] INFO  space.exploration.mars.rover.kernel.SpacecraftClock - Internal time::2016-05-05T12:03:00.000-04:00 sclk of::1/01332:07:09:48:04872
2018-12-09 03:56:45,233 [main] INFO  space.exploration.mars.rover.kernel.SpacecraftClock - Internal time::2016-05-05T12:04:00.000-04:00 sclk of::1/01332:07:10:46:44338
2018-12-09 03:56:46,233 [main] INFO  space.exploration.mars.rover.kernel.SpacecraftClock - Internal time::2016-05-05T12:05:00.000-04:00 sclk of::1/01332:07:11:44:83804
2018-12-09 03:56:47,237 [main] INFO  space.exploration.mars.rover.kernel.SpacecraftClock - Internal time::2016-05-05T12:06:00.000-04:00 sclk of::1/01332:07:12:43:23269
2018-12-09 03:56:48,238 [main] INFO  space.exploration.mars.rover.kernel.SpacecraftClock - Internal time::2016-05-05T12:07:00.000-04:00 sclk of::1/01332:07:13:41:62735
2018-12-09 03:56:49,238 [main] INFO  space.exploration.mars.rover.kernel.SpacecraftClock - Internal time::2016-05-05T12:08:00.000-04:00 sclk of::1/01332:07:14:40:02201
2018-12-09 03:56:50,239 [main] INFO  space.exploration.mars.rover.kernel.SpacecraftClock - Internal time::2016-05-05T12:09:00.000-04:00 sclk of::1/01332:07:15:38:41667
2018-12-09 03:56:51,240 [main] INFO  space.exploration.mars.rover.kernel.SpacecraftClock - Internal time::2016-05-05T12:10:00.000-04:00 sclk of::1/01332:07:16:36:81132
2018-12-09 03:56:52,240 [main] INFO  space.exploration.mars.rover.kernel.SpacecraftClock - Internal time::2016-05-05T12:11:00.000-04:00 sclk of::1/01332:07:17:35:20598
2018-12-09 03:56:53,241 [main] INFO  space.exploration.mars.rover.kernel.SpacecraftClock - Internal time::2016-05-05T12:12:00.000-04:00 sclk of::1/01332:07:19:31:99530
2018-12-09 03:56:53,242 [main] INFO  space.exploration.mars.rover.kernel.SpacecraftClock - Internal time::2016-05-05T12:12:00.000-04:00 sclk of::1/01332:07:19:31:99530
