22703 [main] INFO org.apache.kafka.clients.producer.ProducerConfig  - ProducerConfig values: 
	metric.reporters = []
	metadata.max.age.ms = 300000
	reconnect.backoff.ms = 50
	sasl.kerberos.ticket.renew.window.factor = 0.8
	bootstrap.servers = [localhost:9092]
	ssl.keystore.type = JKS
	sasl.mechanism = GSSAPI
	max.block.ms = 60000
	interceptor.classes = null
	ssl.truststore.password = null
	client.id = 
	ssl.endpoint.identification.algorithm = null
	request.timeout.ms = 30000
	acks = 1
	receive.buffer.bytes = 32768
	ssl.truststore.type = JKS
	retries = 0
	ssl.truststore.location = null
	ssl.keystore.password = null
	send.buffer.bytes = 131072
	compression.type = none
	metadata.fetch.timeout.ms = 60000
	retry.backoff.ms = 100
	sasl.kerberos.kinit.cmd = /usr/bin/kinit
	buffer.memory = 33554432
	timeout.ms = 30000
	key.serializer = class org.apache.kafka.common.serialization.StringSerializer
	sasl.kerberos.service.name = null
	sasl.kerberos.ticket.renew.jitter = 0.05
	ssl.trustmanager.algorithm = PKIX
	block.on.buffer.full = false
	ssl.key.password = null
	sasl.kerberos.min.time.before.relogin = 60000
	connections.max.idle.ms = 540000
	max.in.flight.requests.per.connection = 5
	metrics.num.samples = 2
	ssl.protocol = TLS
	ssl.provider = null
	ssl.enabled.protocols = [TLSv1.2, TLSv1.1, TLSv1]
	batch.size = 16384
	ssl.keystore.location = null
	ssl.cipher.suites = null
	security.protocol = PLAINTEXT
	max.request.size = 1048576
	value.serializer = class org.apache.kafka.common.serialization.ByteArraySerializer
	ssl.keymanager.algorithm = SunX509
	metrics.sample.window.ms = 30000
	partitioner.class = class org.apache.kafka.clients.producer.internals.DefaultPartitioner
	linger.ms = 0

22780 [main] INFO org.apache.kafka.clients.producer.ProducerConfig  - ProducerConfig values: 
	metric.reporters = []
	metadata.max.age.ms = 300000
	reconnect.backoff.ms = 50
	sasl.kerberos.ticket.renew.window.factor = 0.8
	bootstrap.servers = [localhost:9092]
	ssl.keystore.type = JKS
	sasl.mechanism = GSSAPI
	max.block.ms = 60000
	interceptor.classes = null
	ssl.truststore.password = null
	client.id = producer-1
	ssl.endpoint.identification.algorithm = null
	request.timeout.ms = 30000
	acks = 1
	receive.buffer.bytes = 32768
	ssl.truststore.type = JKS
	retries = 0
	ssl.truststore.location = null
	ssl.keystore.password = null
	send.buffer.bytes = 131072
	compression.type = none
	metadata.fetch.timeout.ms = 60000
	retry.backoff.ms = 100
	sasl.kerberos.kinit.cmd = /usr/bin/kinit
	buffer.memory = 33554432
	timeout.ms = 30000
	key.serializer = class org.apache.kafka.common.serialization.StringSerializer
	sasl.kerberos.service.name = null
	sasl.kerberos.ticket.renew.jitter = 0.05
	ssl.trustmanager.algorithm = PKIX
	block.on.buffer.full = false
	ssl.key.password = null
	sasl.kerberos.min.time.before.relogin = 60000
	connections.max.idle.ms = 540000
	max.in.flight.requests.per.connection = 5
	metrics.num.samples = 2
	ssl.protocol = TLS
	ssl.provider = null
	ssl.enabled.protocols = [TLSv1.2, TLSv1.1, TLSv1]
	batch.size = 16384
	ssl.keystore.location = null
	ssl.cipher.suites = null
	security.protocol = PLAINTEXT
	max.request.size = 1048576
	value.serializer = class org.apache.kafka.common.serialization.ByteArraySerializer
	ssl.keymanager.algorithm = SunX509
	metrics.sample.window.ms = 30000
	partitioner.class = class org.apache.kafka.clients.producer.internals.DefaultPartitioner
	linger.ms = 0

22780 [main] WARN org.apache.kafka.clients.producer.ProducerConfig  - The configuration zookeeper.connect = localhost:2181 was supplied but isn't a known config.
22780 [main] WARN org.apache.kafka.clients.producer.ProducerConfig  - The configuration group.id = space.exploration.mars.newRover was supplied but isn't a known config.
22780 [main] WARN org.apache.kafka.clients.producer.ProducerConfig  - The configuration source.topic = earth_to_curiosity_3 was supplied but isn't a known config.
22780 [main] WARN org.apache.kafka.clients.producer.ProducerConfig  - The configuration auto.offset.reset = largest was supplied but isn't a known config.
22780 [main] WARN org.apache.kafka.clients.producer.ProducerConfig  - The configuration metadata.broker.list = localhost:9092 was supplied but isn't a known config.
22780 [main] WARN org.apache.kafka.clients.producer.ProducerConfig  - The configuration destination.topic = curiosity_to_earth_3 was supplied but isn't a known config.
22781 [main] INFO org.apache.kafka.common.utils.AppInfoParser  - Kafka version : 0.10.0.1
22781 [main] INFO org.apache.kafka.common.utils.AppInfoParser  - Kafka commitId : a7a17cdec9eaa6c5
22873 [main] INFO kafka.utils.VerifiableProperties  - Verifying properties
22893 [main] INFO kafka.utils.VerifiableProperties  - Property auto.offset.reset is overridden to largest
22894 [main] WARN kafka.utils.VerifiableProperties  - Property bootstrap.servers is not valid
22894 [main] WARN kafka.utils.VerifiableProperties  - Property destination.topic is not valid
22894 [main] INFO kafka.utils.VerifiableProperties  - Property group.id is overridden to space.exploration.mars.newRover
22894 [main] WARN kafka.utils.VerifiableProperties  - Property key.serializer is not valid
22894 [main] WARN kafka.utils.VerifiableProperties  - Property metadata.broker.list is not valid
22894 [main] WARN kafka.utils.VerifiableProperties  - Property source.topic is not valid
22894 [main] WARN kafka.utils.VerifiableProperties  - Property value.serializer is not valid
22894 [main] INFO kafka.utils.VerifiableProperties  - Property zookeeper.connect is overridden to localhost:2181
22921 [main] INFO kafka.consumer.ZookeeperConsumerConnector  - [space.exploration.mars.newRover_zion-mainframe-1508301172180-1895c233], Connecting to zookeeper instance at localhost:2181
22926 [ZkClient-EventThread-25-localhost:2181] INFO org.I0Itec.zkclient.ZkEventThread  - Starting ZkClient event thread.
22929 [main] INFO org.apache.zookeeper.ZooKeeper  - Client environment:zookeeper.version=3.4.6-1569965, built on 02/20/2014 09:09 GMT
22929 [main] INFO org.apache.zookeeper.ZooKeeper  - Client environment:host.name=zion-mainframe
22929 [main] INFO org.apache.zookeeper.ZooKeeper  - Client environment:java.version=1.8.0_131
22929 [main] INFO org.apache.zookeeper.ZooKeeper  - Client environment:java.vendor=Oracle Corporation
22929 [main] INFO org.apache.zookeeper.ZooKeeper  - Client environment:java.home=/usr/lib/jvm/java-8-openjdk-amd64/jre
22929 [main] INFO org.apache.zookeeper.ZooKeeper  - Client environment:java.class.path=target/mars.rover-0.0.1-SOLSHOT-shaded.jar
22929 [main] INFO org.apache.zookeeper.ZooKeeper  - Client environment:java.library.path=/usr/java/packages/lib/amd64:/usr/lib/x86_64-linux-gnu/jni:/lib/x86_64-linux-gnu:/usr/lib/x86_64-linux-gnu:/usr/lib/jni:/lib:/usr/lib
22929 [main] INFO org.apache.zookeeper.ZooKeeper  - Client environment:java.io.tmpdir=/tmp
22929 [main] INFO org.apache.zookeeper.ZooKeeper  - Client environment:java.compiler=<NA>
22929 [main] INFO org.apache.zookeeper.ZooKeeper  - Client environment:os.name=Linux
22929 [main] INFO org.apache.zookeeper.ZooKeeper  - Client environment:os.arch=amd64
22929 [main] INFO org.apache.zookeeper.ZooKeeper  - Client environment:os.version=4.10.0-37-generic
22929 [main] INFO org.apache.zookeeper.ZooKeeper  - Client environment:user.name=sanket
22929 [main] INFO org.apache.zookeeper.ZooKeeper  - Client environment:user.home=/home/sanket
22929 [main] INFO org.apache.zookeeper.ZooKeeper  - Client environment:user.dir=/home/sanket/Documents/workspace/MarsRover/mars.rover
22930 [main] INFO org.apache.zookeeper.ZooKeeper  - Initiating client connection, connectString=localhost:2181 sessionTimeout=6000 watcher=org.I0Itec.zkclient.ZkClient@765d7657
22935 [main] INFO org.I0Itec.zkclient.ZkClient  - Waiting for keeper state SyncConnected
22937 [main-SendThread(localhost:2181)] INFO org.apache.zookeeper.ClientCnxn  - Opening socket connection to server localhost/127.0.0.1:2181. Will not attempt to authenticate using SASL (unknown error)
22940 [main-SendThread(localhost:2181)] INFO org.apache.zookeeper.ClientCnxn  - Socket connection established to localhost/127.0.0.1:2181, initiating session
22945 [main-SendThread(localhost:2181)] INFO org.apache.zookeeper.ClientCnxn  - Session establishment complete on server localhost/127.0.0.1:2181, sessionid = 0x15f2dbff96c0002, negotiated timeout = 6000
22946 [main-EventThread] INFO org.I0Itec.zkclient.ZkClient  - zookeeper state changed (SyncConnected)
22953 [main] INFO kafka.consumer.ZookeeperConsumerConnector  - [space.exploration.mars.newRover_zion-mainframe-1508301172180-1895c233], starting auto committer every 60000 ms
23015 [Thread-2] INFO kafka.consumer.ZookeeperConsumerConnector  - [space.exploration.mars.newRover_zion-mainframe-1508301172180-1895c233], begin registering consumer space.exploration.mars.newRover_zion-mainframe-1508301172180-1895c233 in ZK
23031 [Thread-2] INFO kafka.utils.ZKCheckedEphemeral  - Creating /consumers/space.exploration.mars.newRover/ids/space.exploration.mars.newRover_zion-mainframe-1508301172180-1895c233 (is it secure? false)
23038 [Thread-2] INFO kafka.utils.ZKCheckedEphemeral  - Result of znode creation is: OK
23039 [Thread-2] INFO kafka.consumer.ZookeeperConsumerConnector  - [space.exploration.mars.newRover_zion-mainframe-1508301172180-1895c233], end registering consumer space.exploration.mars.newRover_zion-mainframe-1508301172180-1895c233 in ZK
23042 [space.exploration.mars.newRover_zion-mainframe-1508301172180-1895c233_watcher_executor] INFO kafka.consumer.ZookeeperConsumerConnector  - [space.exploration.mars.newRover_zion-mainframe-1508301172180-1895c233], starting watcher executor thread for consumer space.exploration.mars.newRover_zion-mainframe-1508301172180-1895c233
23053 [Thread-2] INFO kafka.consumer.ZookeeperConsumerConnector  - [space.exploration.mars.newRover_zion-mainframe-1508301172180-1895c233], begin rebalancing consumer space.exploration.mars.newRover_zion-mainframe-1508301172180-1895c233 try #0
23129 [Thread-2] INFO kafka.consumer.ConsumerFetcherManager  - [ConsumerFetcherManager-1508301172210] Stopping leader finder thread
23129 [Thread-2] INFO kafka.consumer.ConsumerFetcherManager  - [ConsumerFetcherManager-1508301172210] Stopping all fetchers
23130 [Thread-2] INFO kafka.consumer.ConsumerFetcherManager  - [ConsumerFetcherManager-1508301172210] All connections stopped
23130 [Thread-2] INFO kafka.consumer.ZookeeperConsumerConnector  - [space.exploration.mars.newRover_zion-mainframe-1508301172180-1895c233], Cleared all relevant queues for this fetcher
23131 [Thread-2] INFO kafka.consumer.ZookeeperConsumerConnector  - [space.exploration.mars.newRover_zion-mainframe-1508301172180-1895c233], Cleared the data chunks in all the consumer message iterators
23131 [Thread-2] INFO kafka.consumer.ZookeeperConsumerConnector  - [space.exploration.mars.newRover_zion-mainframe-1508301172180-1895c233], Committing all offsets after clearing the fetcher queues
23132 [Thread-2] INFO kafka.consumer.ZookeeperConsumerConnector  - [space.exploration.mars.newRover_zion-mainframe-1508301172180-1895c233], Releasing partition ownership
23150 [Thread-2] INFO kafka.consumer.RangeAssignor  - Consumer space.exploration.mars.newRover_zion-mainframe-1508301172180-1895c233 rebalancing the following partitions: ArrayBuffer() for topic earth_to_curiosity_3 with consumers: List(space.exploration.mars.newRover_zion-mainframe-1508301172180-1895c233-0)
23151 [Thread-2] WARN kafka.consumer.RangeAssignor  - No broker partitions consumed by consumer thread space.exploration.mars.newRover_zion-mainframe-1508301172180-1895c233-0 for topic earth_to_curiosity_3
23159 [Thread-2] INFO kafka.consumer.ZookeeperConsumerConnector  - [space.exploration.mars.newRover_zion-mainframe-1508301172180-1895c233], Consumer space.exploration.mars.newRover_zion-mainframe-1508301172180-1895c233 selected partitions : 
23160 [space.exploration.mars.newRover_zion-mainframe-1508301172180-1895c233-leader-finder-thread] INFO kafka.consumer.ConsumerFetcherManager$LeaderFinderThread  - [space.exploration.mars.newRover_zion-mainframe-1508301172180-1895c233-leader-finder-thread], Starting 
23161 [Thread-2] INFO kafka.consumer.ZookeeperConsumerConnector  - [space.exploration.mars.newRover_zion-mainframe-1508301172180-1895c233], end rebalancing consumer space.exploration.mars.newRover_zion-mainframe-1508301172180-1895c233 try #0
39720 [kafka-producer-network-thread | producer-1] WARN org.apache.kafka.clients.NetworkClient  - Error while fetching metadata with correlation id 0 : {curiosity_to_earth_3=LEADER_NOT_AVAILABLE}
39820 [kafka-producer-network-thread | producer-1] WARN org.apache.kafka.clients.NetworkClient  - Error while fetching metadata with correlation id 1 : {curiosity_to_earth_3=LEADER_NOT_AVAILABLE}
42932 [pool-3-thread-1] INFO space.exploration.mars.rover.animation.SleepingAnimationEngine  - Rover is sleeping now
55989 [pool-2-thread-1] INFO space.exploration.mars.rover.diagnostics.Pacemaker  - Diagnostics inhibited because rover is sleeping to conserve battery Current instructionQueue length = 0
56992 [pool-3-thread-1] INFO space.exploration.mars.rover.diagnostics.SleepMonitor  - Awakening rover from slumber
56992 [pool-3-thread-1] INFO space.exploration.mars.rover.animation.SleepingAnimationEngine  - Waking up rover
67649 [ZkClient-EventThread-25-localhost:2181] INFO kafka.consumer.ZookeeperConsumerConnector  - [space.exploration.mars.newRover_zion-mainframe-1508301172180-1895c233], Topic info for path /brokers/topics/earth_to_curiosity_3 changed to {"version":1,"partitions":{"0":[0]}}, triggering rebalance
67650 [space.exploration.mars.newRover_zion-mainframe-1508301172180-1895c233_watcher_executor] INFO kafka.consumer.ZookeeperConsumerConnector  - [space.exploration.mars.newRover_zion-mainframe-1508301172180-1895c233], begin rebalancing consumer space.exploration.mars.newRover_zion-mainframe-1508301172180-1895c233 try #0
67702 [space.exploration.mars.newRover_zion-mainframe-1508301172180-1895c233_watcher_executor] INFO kafka.consumer.ConsumerFetcherManager  - [ConsumerFetcherManager-1508301172210] Stopping leader finder thread
67708 [space.exploration.mars.newRover_zion-mainframe-1508301172180-1895c233_watcher_executor] INFO kafka.consumer.ConsumerFetcherManager$LeaderFinderThread  - [space.exploration.mars.newRover_zion-mainframe-1508301172180-1895c233-leader-finder-thread], Shutting down
67709 [space.exploration.mars.newRover_zion-mainframe-1508301172180-1895c233-leader-finder-thread] INFO kafka.consumer.ConsumerFetcherManager$LeaderFinderThread  - [space.exploration.mars.newRover_zion-mainframe-1508301172180-1895c233-leader-finder-thread], Stopped 
67710 [space.exploration.mars.newRover_zion-mainframe-1508301172180-1895c233_watcher_executor] INFO kafka.consumer.ConsumerFetcherManager$LeaderFinderThread  - [space.exploration.mars.newRover_zion-mainframe-1508301172180-1895c233-leader-finder-thread], Shutdown completed
67710 [space.exploration.mars.newRover_zion-mainframe-1508301172180-1895c233_watcher_executor] INFO kafka.consumer.ConsumerFetcherManager  - [ConsumerFetcherManager-1508301172210] Stopping all fetchers
67712 [space.exploration.mars.newRover_zion-mainframe-1508301172180-1895c233_watcher_executor] INFO kafka.consumer.ConsumerFetcherManager  - [ConsumerFetcherManager-1508301172210] All connections stopped
67712 [space.exploration.mars.newRover_zion-mainframe-1508301172180-1895c233_watcher_executor] INFO kafka.consumer.ZookeeperConsumerConnector  - [space.exploration.mars.newRover_zion-mainframe-1508301172180-1895c233], Cleared all relevant queues for this fetcher
67715 [space.exploration.mars.newRover_zion-mainframe-1508301172180-1895c233_watcher_executor] INFO kafka.consumer.ZookeeperConsumerConnector  - [space.exploration.mars.newRover_zion-mainframe-1508301172180-1895c233], Cleared the data chunks in all the consumer message iterators
67716 [space.exploration.mars.newRover_zion-mainframe-1508301172180-1895c233_watcher_executor] INFO kafka.consumer.ZookeeperConsumerConnector  - [space.exploration.mars.newRover_zion-mainframe-1508301172180-1895c233], Committing all offsets after clearing the fetcher queues
67716 [space.exploration.mars.newRover_zion-mainframe-1508301172180-1895c233_watcher_executor] INFO kafka.consumer.ZookeeperConsumerConnector  - [space.exploration.mars.newRover_zion-mainframe-1508301172180-1895c233], Releasing partition ownership
67733 [space.exploration.mars.newRover_zion-mainframe-1508301172180-1895c233_watcher_executor] INFO kafka.consumer.RangeAssignor  - Consumer space.exploration.mars.newRover_zion-mainframe-1508301172180-1895c233 rebalancing the following partitions: ArrayBuffer(0) for topic earth_to_curiosity_3 with consumers: List(space.exploration.mars.newRover_zion-mainframe-1508301172180-1895c233-0)
67734 [space.exploration.mars.newRover_zion-mainframe-1508301172180-1895c233_watcher_executor] INFO kafka.consumer.RangeAssignor  - space.exploration.mars.newRover_zion-mainframe-1508301172180-1895c233-0 attempting to claim partition 0
67758 [space.exploration.mars.newRover_zion-mainframe-1508301172180-1895c233_watcher_executor] INFO kafka.consumer.ZookeeperConsumerConnector  - [space.exploration.mars.newRover_zion-mainframe-1508301172180-1895c233], space.exploration.mars.newRover_zion-mainframe-1508301172180-1895c233-0 successfully owned partition 0 for topic earth_to_curiosity_3
67763 [space.exploration.mars.newRover_zion-mainframe-1508301172180-1895c233_watcher_executor] INFO kafka.consumer.ZookeeperConsumerConnector  - [space.exploration.mars.newRover_zion-mainframe-1508301172180-1895c233], Consumer space.exploration.mars.newRover_zion-mainframe-1508301172180-1895c233 selected partitions : earth_to_curiosity_3:0: fetched offset = -1: consumed offset = -1
67764 [space.exploration.mars.newRover_zion-mainframe-1508301172180-1895c233_watcher_executor] INFO kafka.consumer.ZookeeperConsumerConnector  - [space.exploration.mars.newRover_zion-mainframe-1508301172180-1895c233], end rebalancing consumer space.exploration.mars.newRover_zion-mainframe-1508301172180-1895c233 try #0
67764 [space.exploration.mars.newRover_zion-mainframe-1508301172180-1895c233-leader-finder-thread] INFO kafka.consumer.ConsumerFetcherManager$LeaderFinderThread  - [space.exploration.mars.newRover_zion-mainframe-1508301172180-1895c233-leader-finder-thread], Starting 
67778 [space.exploration.mars.newRover_zion-mainframe-1508301172180-1895c233-leader-finder-thread] INFO kafka.utils.VerifiableProperties  - Verifying properties
67779 [space.exploration.mars.newRover_zion-mainframe-1508301172180-1895c233-leader-finder-thread] INFO kafka.utils.VerifiableProperties  - Property client.id is overridden to space.exploration.mars.newRover
67779 [space.exploration.mars.newRover_zion-mainframe-1508301172180-1895c233-leader-finder-thread] INFO kafka.utils.VerifiableProperties  - Property metadata.broker.list is overridden to zion-mainframe:9092
67779 [space.exploration.mars.newRover_zion-mainframe-1508301172180-1895c233-leader-finder-thread] INFO kafka.utils.VerifiableProperties  - Property request.timeout.ms is overridden to 30000
67792 [space.exploration.mars.newRover_zion-mainframe-1508301172180-1895c233-leader-finder-thread] INFO kafka.client.ClientUtils$  - Fetching metadata from broker BrokerEndPoint(0,zion-mainframe,9092) with correlation id 0 for 1 topic(s) Set(earth_to_curiosity_3)
67797 [space.exploration.mars.newRover_zion-mainframe-1508301172180-1895c233-leader-finder-thread] INFO kafka.producer.SyncProducer  - Connected to zion-mainframe:9092 for producing
67814 [space.exploration.mars.newRover_zion-mainframe-1508301172180-1895c233-leader-finder-thread] INFO kafka.producer.SyncProducer  - Disconnecting from zion-mainframe:9092
67849 [ConsumerFetcherThread-space.exploration.mars.newRover_zion-mainframe-1508301172180-1895c233-0-0] INFO kafka.consumer.ConsumerFetcherThread  - [ConsumerFetcherThread-space.exploration.mars.newRover_zion-mainframe-1508301172180-1895c233-0-0], Starting 
67867 [space.exploration.mars.newRover_zion-mainframe-1508301172180-1895c233-leader-finder-thread] INFO kafka.consumer.ConsumerFetcherManager  - [ConsumerFetcherManager-1508301172210] Added fetcher for partitions ArrayBuffer([[earth_to_curiosity_3,0], initOffset -1 to broker BrokerEndPoint(0,zion-mainframe,9092)] )
90546 [Thread-2] INFO space.exploration.mars.rover.kernel.ListeningState  - 1508301239806,10,MeasureWeather Current instructionQueue length = 0
90546 [Thread-2] INFO space.exploration.mars.rover.kernel.ListeningState  - Rover will try to get weather measurements - actual Curiosity Data
90547 [Thread-2] INFO space.exploration.mars.rover.kernel.WeatherSensingState  - Will get mars weather measurements
93960 [Thread-2] INFO space.exploration.mars.rover.utils.WeatherUtil  - wind_speed information not present
java.lang.NumberFormatException: For input string: "null"
	at sun.misc.FloatingDecimal.readJavaFormatString(FloatingDecimal.java:2043)
	at sun.misc.FloatingDecimal.parseDouble(FloatingDecimal.java:110)
	at java.lang.Double.parseDouble(Double.java:538)
	at space.exploration.mars.rover.utils.WeatherUtil.getweatherPayload(WeatherUtil.java:55)
	at space.exploration.mars.rover.dataUplink.WeatherQueryService.getResponse(WeatherQueryService.java:20)
	at space.exploration.mars.rover.sensor.WeatherSensor.getWeather(WeatherSensor.java:45)
	at space.exploration.mars.rover.kernel.WeatherSensingState.senseWeather(WeatherSensingState.java:46)
	at space.exploration.mars.rover.kernel.Rover.senseWeather(Rover.java:295)
	at space.exploration.mars.rover.kernel.ListeningState.receiveMessage(ListeningState.java:94)
	at space.exploration.mars.rover.kernel.Rover.receiveMessage(Rover.java:303)
	at space.exploration.mars.rover.communication.Radio.receiveMessage(Radio.java:57)
	at space.exploration.mars.rover.communication.Receiver.run(Receiver.java:60)
93960 [Thread-2] INFO space.exploration.mars.rover.utils.WeatherUtil  - wind_direction information not present
java.lang.NumberFormatException: For input string: "--"
	at sun.misc.FloatingDecimal.readJavaFormatString(FloatingDecimal.java:2043)
	at sun.misc.FloatingDecimal.parseDouble(FloatingDecimal.java:110)
	at java.lang.Double.parseDouble(Double.java:538)
	at space.exploration.mars.rover.utils.WeatherUtil.getweatherPayload(WeatherUtil.java:61)
	at space.exploration.mars.rover.dataUplink.WeatherQueryService.getResponse(WeatherQueryService.java:20)
	at space.exploration.mars.rover.sensor.WeatherSensor.getWeather(WeatherSensor.java:45)
	at space.exploration.mars.rover.kernel.WeatherSensingState.senseWeather(WeatherSensingState.java:46)
	at space.exploration.mars.rover.kernel.Rover.senseWeather(Rover.java:295)
	at space.exploration.mars.rover.kernel.ListeningState.receiveMessage(ListeningState.java:94)
	at space.exploration.mars.rover.kernel.Rover.receiveMessage(Rover.java:303)
	at space.exploration.mars.rover.communication.Radio.receiveMessage(Radio.java:57)
	at space.exploration.mars.rover.communication.Receiver.run(Receiver.java:60)
93963 [Thread-2] INFO space.exploration.mars.rover.sensor.WeatherSensor  - Current weatherQueryRate/hour = Infinity max allowed = 1000.0/hr
