2017-12-22 18:21:30,952 [main] INFO space.exploration.mars.rover.kernel.SpacecraftClock  - Valid utc time ranges are dictated by clockService as follows:
2017-12-22 18:21:30,953 [main] INFO space.exploration.mars.rover.kernel.SpacecraftClock  - APPLICABLE_START_TIME=2000-001T11:58:55.816, APPLICABLE_STOP_TIME=2017-360T19:17:40.149
2017-12-22 18:21:30,954 [main] INFO space.exploration.mars.rover.kernel.SpacecraftClock  - Given UTC = 2016-08-26~17:49:00
2017-12-22 18:21:30,954 [main] INFO space.exploration.mars.rover.kernel.SpacecraftClock  - Please ensure that positionSensor and sclk are synchronized
2017-12-22 18:21:30,967 [main] INFO space.exploration.mars.rover.kernel.SpacecraftClock  - Curiosity internal spacecraft clock started at :: 2016-08-26T22:49:00.000Z
2017-12-22 18:21:30,967 [main] INFO space.exploration.mars.rover.kernel.SpacecraftClock  - Mission duration is set to :: 1 year(s).
2017-12-22 18:21:30,967 [main] INFO space.exploration.mars.rover.kernel.SpacecraftClock  - Mission duration = 31536000000
2017-12-22 18:21:35,125 [main] INFO space.exploration.mars.rover.diagnostics.RoverGarbageCollector  - Starting garbageCollection
2017-12-22 18:21:37,126 [main] INFO space.exploration.mars.rover.kernel.Rover  - Rover current position is = java.awt.Point[x=525,y=100]
2017-12-22 18:21:38,128 [main] INFO space.exploration.mars.rover.sensor.Lidar  - Lidar initialized and ready!
2017-12-22 18:21:39,130 [main] INFO space.exploration.mars.rover.sensor.Spectrometer  - Spectrometer initialized and ready!
2017-12-22 18:21:40,339 [main] INFO space.exploration.mars.rover.sensor.Camera  - Camera initialized and ready!
2017-12-22 18:21:41,343 [main] INFO space.exploration.mars.rover.sensor.Radar  - Radar configured:: 
2017-12-22 18:21:42,750 [main] INFO space.exploration.mars.rover.power.Battery  - Battery configured, batteryLife:primaryPowerUnits = 1200 auxiliaryPowerUnits = 100 alertThreshold: 100 rechargeTime = 60000
2017-12-22 18:21:43,753 [main] INFO space.exploration.mars.rover.kernel.Rover  - Battery Monitor configured!
2017-12-22 18:21:43,811 [main] INFO org.apache.kafka.clients.producer.ProducerConfig  - ProducerConfig values: 
	metric.reporters = []
	metadata.max.age.ms = 300000
	reconnect.backoff.ms = 50
	sasl.kerberos.ticket.renew.window.factor = 0.8
	bootstrap.servers = [localhost:9092]
	ssl.keystore.type = JKS
	sasl.mechanism = GSSAPI
	max.block.ms = 60000
	interceptor.classes = null
	ssl.truststore.password = null
	client.id = 
	ssl.endpoint.identification.algorithm = null
	request.timeout.ms = 30000
	acks = 1
	receive.buffer.bytes = 32768
	ssl.truststore.type = JKS
	retries = 0
	ssl.truststore.location = null
	ssl.keystore.password = null
	send.buffer.bytes = 131072
	compression.type = none
	metadata.fetch.timeout.ms = 60000
	retry.backoff.ms = 100
	sasl.kerberos.kinit.cmd = /usr/bin/kinit
	buffer.memory = 33554432
	timeout.ms = 30000
	key.serializer = class org.apache.kafka.common.serialization.StringSerializer
	sasl.kerberos.service.name = null
	sasl.kerberos.ticket.renew.jitter = 0.05
	ssl.trustmanager.algorithm = PKIX
	block.on.buffer.full = false
	ssl.key.password = null
	sasl.kerberos.min.time.before.relogin = 60000
	connections.max.idle.ms = 540000
	max.in.flight.requests.per.connection = 5
	metrics.num.samples = 2
	ssl.protocol = TLS
	ssl.provider = null
	ssl.enabled.protocols = [TLSv1.2, TLSv1.1, TLSv1]
	batch.size = 16384
	ssl.keystore.location = null
	ssl.cipher.suites = null
	security.protocol = PLAINTEXT
	max.request.size = 1048576
	value.serializer = class org.apache.kafka.common.serialization.ByteArraySerializer
	ssl.keymanager.algorithm = SunX509
	metrics.sample.window.ms = 30000
	partitioner.class = class org.apache.kafka.clients.producer.internals.DefaultPartitioner
	linger.ms = 0

2017-12-22 18:21:43,880 [main] INFO org.apache.kafka.clients.producer.ProducerConfig  - ProducerConfig values: 
	metric.reporters = []
	metadata.max.age.ms = 300000
	reconnect.backoff.ms = 50
	sasl.kerberos.ticket.renew.window.factor = 0.8
	bootstrap.servers = [localhost:9092]
	ssl.keystore.type = JKS
	sasl.mechanism = GSSAPI
	max.block.ms = 60000
	interceptor.classes = null
	ssl.truststore.password = null
	client.id = producer-1
	ssl.endpoint.identification.algorithm = null
	request.timeout.ms = 30000
	acks = 1
	receive.buffer.bytes = 32768
	ssl.truststore.type = JKS
	retries = 0
	ssl.truststore.location = null
	ssl.keystore.password = null
	send.buffer.bytes = 131072
	compression.type = none
	metadata.fetch.timeout.ms = 60000
	retry.backoff.ms = 100
	sasl.kerberos.kinit.cmd = /usr/bin/kinit
	buffer.memory = 33554432
	timeout.ms = 30000
	key.serializer = class org.apache.kafka.common.serialization.StringSerializer
	sasl.kerberos.service.name = null
	sasl.kerberos.ticket.renew.jitter = 0.05
	ssl.trustmanager.algorithm = PKIX
	block.on.buffer.full = false
	ssl.key.password = null
	sasl.kerberos.min.time.before.relogin = 60000
	connections.max.idle.ms = 540000
	max.in.flight.requests.per.connection = 5
	metrics.num.samples = 2
	ssl.protocol = TLS
	ssl.provider = null
	ssl.enabled.protocols = [TLSv1.2, TLSv1.1, TLSv1]
	batch.size = 16384
	ssl.keystore.location = null
	ssl.cipher.suites = null
	security.protocol = PLAINTEXT
	max.request.size = 1048576
	value.serializer = class org.apache.kafka.common.serialization.ByteArraySerializer
	ssl.keymanager.algorithm = SunX509
	metrics.sample.window.ms = 30000
	partitioner.class = class org.apache.kafka.clients.producer.internals.DefaultPartitioner
	linger.ms = 0

2017-12-22 18:21:43,880 [main] WARN org.apache.kafka.clients.producer.ProducerConfig  - The configuration zookeeper.connect = localhost:2181 was supplied but isn't a known config.
2017-12-22 18:21:43,880 [main] WARN org.apache.kafka.clients.producer.ProducerConfig  - The configuration group.id = space.exploration.mars.rover.curiosity.1513988489871 was supplied but isn't a known config.
2017-12-22 18:21:43,880 [main] WARN org.apache.kafka.clients.producer.ProducerConfig  - The configuration source.topic = earth_to_curiosity_5 was supplied but isn't a known config.
2017-12-22 18:21:43,880 [main] WARN org.apache.kafka.clients.producer.ProducerConfig  - The configuration auto.offset.reset = largest was supplied but isn't a known config.
2017-12-22 18:21:43,880 [main] WARN org.apache.kafka.clients.producer.ProducerConfig  - The configuration metadata.broker.list = localhost:9092 was supplied but isn't a known config.
2017-12-22 18:21:43,880 [main] WARN org.apache.kafka.clients.producer.ProducerConfig  - The configuration destination.topic = curiosity_to_earth_5 was supplied but isn't a known config.
2017-12-22 18:21:43,882 [main] INFO org.apache.kafka.common.utils.AppInfoParser  - Kafka version : 0.10.0.1
2017-12-22 18:21:43,882 [main] INFO org.apache.kafka.common.utils.AppInfoParser  - Kafka commitId : a7a17cdec9eaa6c5
2017-12-22 18:21:43,980 [main] INFO kafka.utils.VerifiableProperties  - Verifying properties
2017-12-22 18:21:43,997 [main] INFO kafka.utils.VerifiableProperties  - Property auto.offset.reset is overridden to largest
2017-12-22 18:21:43,998 [main] WARN kafka.utils.VerifiableProperties  - Property bootstrap.servers is not valid
2017-12-22 18:21:43,998 [main] WARN kafka.utils.VerifiableProperties  - Property destination.topic is not valid
2017-12-22 18:21:43,998 [main] INFO kafka.utils.VerifiableProperties  - Property group.id is overridden to space.exploration.mars.rover.curiosity.1513988489871
2017-12-22 18:21:43,998 [main] WARN kafka.utils.VerifiableProperties  - Property key.serializer is not valid
2017-12-22 18:21:43,998 [main] WARN kafka.utils.VerifiableProperties  - Property metadata.broker.list is not valid
2017-12-22 18:21:43,998 [main] WARN kafka.utils.VerifiableProperties  - Property source.topic is not valid
2017-12-22 18:21:43,998 [main] WARN kafka.utils.VerifiableProperties  - Property value.serializer is not valid
2017-12-22 18:21:43,998 [main] INFO kafka.utils.VerifiableProperties  - Property zookeeper.connect is overridden to localhost:2181
2017-12-22 18:21:44,022 [main] INFO kafka.consumer.ZookeeperConsumerConnector  - [space.exploration.mars.rover.curiosity.1513988489871_zion-mainframe-1513988504022-9f931c1e], Connecting to zookeeper instance at localhost:2181
2017-12-22 18:21:44,027 [ZkClient-EventThread-28-localhost:2181] INFO org.I0Itec.zkclient.ZkEventThread  - Starting ZkClient event thread.
2017-12-22 18:21:44,030 [main] INFO org.apache.zookeeper.ZooKeeper  - Client environment:zookeeper.version=3.4.6-1569965, built on 02/20/2014 09:09 GMT
2017-12-22 18:21:44,030 [main] INFO org.apache.zookeeper.ZooKeeper  - Client environment:host.name=zion-mainframe
2017-12-22 18:21:44,030 [main] INFO org.apache.zookeeper.ZooKeeper  - Client environment:java.version=1.8.0_151
2017-12-22 18:21:44,031 [main] INFO org.apache.zookeeper.ZooKeeper  - Client environment:java.vendor=Oracle Corporation
2017-12-22 18:21:44,031 [main] INFO org.apache.zookeeper.ZooKeeper  - Client environment:java.home=/usr/lib/jvm/java-8-openjdk-amd64/jre
2017-12-22 18:21:44,031 [main] INFO org.apache.zookeeper.ZooKeeper  - Client environment:java.class.path=target/mars.rover-1.3-SOLSHOT-shaded.jar
2017-12-22 18:21:44,031 [main] INFO org.apache.zookeeper.ZooKeeper  - Client environment:java.library.path=$LD_LIBRARY_PATH:"/home/sanket/Documents/workspace/SpiceUtilities/src/main/resources/JNISpice/lib/libJNISpice.so":/home/sanket/Documents/workspace/SpiceUtilities/src/main/resources/JNISpice/lib/libJNISpice.so:/usr/java/packages/lib/amd64:/usr/lib/x86_64-linux-gnu/jni:/lib/x86_64-linux-gnu:/usr/lib/x86_64-linux-gnu:/usr/lib/jni:/lib:/usr/lib
2017-12-22 18:21:44,031 [main] INFO org.apache.zookeeper.ZooKeeper  - Client environment:java.io.tmpdir=/tmp
2017-12-22 18:21:44,031 [main] INFO org.apache.zookeeper.ZooKeeper  - Client environment:java.compiler=<NA>
2017-12-22 18:21:44,031 [main] INFO org.apache.zookeeper.ZooKeeper  - Client environment:os.name=Linux
2017-12-22 18:21:44,031 [main] INFO org.apache.zookeeper.ZooKeeper  - Client environment:os.arch=amd64
2017-12-22 18:21:44,031 [main] INFO org.apache.zookeeper.ZooKeeper  - Client environment:os.version=4.10.0-42-generic
2017-12-22 18:21:44,031 [main] INFO org.apache.zookeeper.ZooKeeper  - Client environment:user.name=sanket
2017-12-22 18:21:44,031 [main] INFO org.apache.zookeeper.ZooKeeper  - Client environment:user.home=/home/sanket
2017-12-22 18:21:44,031 [main] INFO org.apache.zookeeper.ZooKeeper  - Client environment:user.dir=/home/sanket/Documents/workspace/MarsRover/mars.rover
2017-12-22 18:21:44,031 [main] INFO org.apache.zookeeper.ZooKeeper  - Initiating client connection, connectString=localhost:2181 sessionTimeout=6000 watcher=org.I0Itec.zkclient.ZkClient@26794848
2017-12-22 18:21:44,038 [main] INFO org.I0Itec.zkclient.ZkClient  - Waiting for keeper state SyncConnected
2017-12-22 18:21:44,040 [main-SendThread(localhost:2181)] INFO org.apache.zookeeper.ClientCnxn  - Opening socket connection to server localhost/127.0.0.1:2181. Will not attempt to authenticate using SASL (unknown error)
2017-12-22 18:21:44,096 [main-SendThread(localhost:2181)] INFO org.apache.zookeeper.ClientCnxn  - Socket connection established to localhost/127.0.0.1:2181, initiating session
2017-12-22 18:21:44,100 [main-SendThread(localhost:2181)] INFO org.apache.zookeeper.ClientCnxn  - Session establishment complete on server localhost/127.0.0.1:2181, sessionid = 0x160431894db003a, negotiated timeout = 6000
2017-12-22 18:21:44,101 [main-EventThread] INFO org.I0Itec.zkclient.ZkClient  - zookeeper state changed (SyncConnected)
2017-12-22 18:21:44,108 [main] INFO kafka.consumer.ZookeeperConsumerConnector  - [space.exploration.mars.rover.curiosity.1513988489871_zion-mainframe-1513988504022-9f931c1e], starting auto committer every 60000 ms
2017-12-22 18:21:44,127 [Thread-2] INFO kafka.consumer.ZookeeperConsumerConnector  - [space.exploration.mars.rover.curiosity.1513988489871_zion-mainframe-1513988504022-9f931c1e], begin registering consumer space.exploration.mars.rover.curiosity.1513988489871_zion-mainframe-1513988504022-9f931c1e in ZK
2017-12-22 18:21:44,149 [Thread-2] INFO kafka.utils.ZKCheckedEphemeral  - Creating /consumers/space.exploration.mars.rover.curiosity.1513988489871/ids/space.exploration.mars.rover.curiosity.1513988489871_zion-mainframe-1513988504022-9f931c1e (is it secure? false)
2017-12-22 18:21:44,160 [Thread-2] INFO kafka.utils.ZKCheckedEphemeral  - Result of znode creation is: OK
2017-12-22 18:21:44,160 [Thread-2] INFO kafka.consumer.ZookeeperConsumerConnector  - [space.exploration.mars.rover.curiosity.1513988489871_zion-mainframe-1513988504022-9f931c1e], end registering consumer space.exploration.mars.rover.curiosity.1513988489871_zion-mainframe-1513988504022-9f931c1e in ZK
2017-12-22 18:21:44,164 [space.exploration.mars.rover.curiosity.1513988489871_zion-mainframe-1513988504022-9f931c1e_watcher_executor] INFO kafka.consumer.ZookeeperConsumerConnector  - [space.exploration.mars.rover.curiosity.1513988489871_zion-mainframe-1513988504022-9f931c1e], starting watcher executor thread for consumer space.exploration.mars.rover.curiosity.1513988489871_zion-mainframe-1513988504022-9f931c1e
2017-12-22 18:21:44,178 [Thread-2] INFO kafka.consumer.ZookeeperConsumerConnector  - [space.exploration.mars.rover.curiosity.1513988489871_zion-mainframe-1513988504022-9f931c1e], begin rebalancing consumer space.exploration.mars.rover.curiosity.1513988489871_zion-mainframe-1513988504022-9f931c1e try #0
2017-12-22 18:21:44,250 [Thread-2] INFO kafka.consumer.ConsumerFetcherManager  - [ConsumerFetcherManager-1513988504106] Stopping leader finder thread
2017-12-22 18:21:44,251 [Thread-2] INFO kafka.consumer.ConsumerFetcherManager  - [ConsumerFetcherManager-1513988504106] Stopping all fetchers
2017-12-22 18:21:44,251 [Thread-2] INFO kafka.consumer.ConsumerFetcherManager  - [ConsumerFetcherManager-1513988504106] All connections stopped
2017-12-22 18:21:44,251 [Thread-2] INFO kafka.consumer.ZookeeperConsumerConnector  - [space.exploration.mars.rover.curiosity.1513988489871_zion-mainframe-1513988504022-9f931c1e], Cleared all relevant queues for this fetcher
2017-12-22 18:21:44,252 [Thread-2] INFO kafka.consumer.ZookeeperConsumerConnector  - [space.exploration.mars.rover.curiosity.1513988489871_zion-mainframe-1513988504022-9f931c1e], Cleared the data chunks in all the consumer message iterators
2017-12-22 18:21:44,252 [Thread-2] INFO kafka.consumer.ZookeeperConsumerConnector  - [space.exploration.mars.rover.curiosity.1513988489871_zion-mainframe-1513988504022-9f931c1e], Committing all offsets after clearing the fetcher queues
2017-12-22 18:21:44,252 [Thread-2] INFO kafka.consumer.ZookeeperConsumerConnector  - [space.exploration.mars.rover.curiosity.1513988489871_zion-mainframe-1513988504022-9f931c1e], Releasing partition ownership
2017-12-22 18:21:44,269 [Thread-2] INFO kafka.consumer.RangeAssignor  - Consumer space.exploration.mars.rover.curiosity.1513988489871_zion-mainframe-1513988504022-9f931c1e rebalancing the following partitions: ArrayBuffer(0) for topic earth_to_curiosity_5 with consumers: List(space.exploration.mars.rover.curiosity.1513988489871_zion-mainframe-1513988504022-9f931c1e-0)
2017-12-22 18:21:44,270 [Thread-2] INFO kafka.consumer.RangeAssignor  - space.exploration.mars.rover.curiosity.1513988489871_zion-mainframe-1513988504022-9f931c1e-0 attempting to claim partition 0
2017-12-22 18:21:44,291 [Thread-2] INFO kafka.consumer.ZookeeperConsumerConnector  - [space.exploration.mars.rover.curiosity.1513988489871_zion-mainframe-1513988504022-9f931c1e], space.exploration.mars.rover.curiosity.1513988489871_zion-mainframe-1513988504022-9f931c1e-0 successfully owned partition 0 for topic earth_to_curiosity_5
2017-12-22 18:21:44,301 [Thread-2] INFO kafka.consumer.ZookeeperConsumerConnector  - [space.exploration.mars.rover.curiosity.1513988489871_zion-mainframe-1513988504022-9f931c1e], Consumer space.exploration.mars.rover.curiosity.1513988489871_zion-mainframe-1513988504022-9f931c1e selected partitions : earth_to_curiosity_5:0: fetched offset = -1: consumed offset = -1
2017-12-22 18:21:44,304 [space.exploration.mars.rover.curiosity.1513988489871_zion-mainframe-1513988504022-9f931c1e-leader-finder-thread] INFO kafka.consumer.ConsumerFetcherManager$LeaderFinderThread  - [space.exploration.mars.rover.curiosity.1513988489871_zion-mainframe-1513988504022-9f931c1e-leader-finder-thread], Starting 
2017-12-22 18:21:44,304 [Thread-2] INFO kafka.consumer.ZookeeperConsumerConnector  - [space.exploration.mars.rover.curiosity.1513988489871_zion-mainframe-1513988504022-9f931c1e], end rebalancing consumer space.exploration.mars.rover.curiosity.1513988489871_zion-mainframe-1513988504022-9f931c1e try #0
2017-12-22 18:21:44,327 [space.exploration.mars.rover.curiosity.1513988489871_zion-mainframe-1513988504022-9f931c1e-leader-finder-thread] INFO kafka.utils.VerifiableProperties  - Verifying properties
2017-12-22 18:21:44,327 [space.exploration.mars.rover.curiosity.1513988489871_zion-mainframe-1513988504022-9f931c1e-leader-finder-thread] INFO kafka.utils.VerifiableProperties  - Property client.id is overridden to space.exploration.mars.rover.curiosity.1513988489871
2017-12-22 18:21:44,328 [space.exploration.mars.rover.curiosity.1513988489871_zion-mainframe-1513988504022-9f931c1e-leader-finder-thread] INFO kafka.utils.VerifiableProperties  - Property metadata.broker.list is overridden to zion-mainframe:9092
2017-12-22 18:21:44,328 [space.exploration.mars.rover.curiosity.1513988489871_zion-mainframe-1513988504022-9f931c1e-leader-finder-thread] INFO kafka.utils.VerifiableProperties  - Property request.timeout.ms is overridden to 30000
2017-12-22 18:21:44,338 [space.exploration.mars.rover.curiosity.1513988489871_zion-mainframe-1513988504022-9f931c1e-leader-finder-thread] INFO kafka.client.ClientUtils$  - Fetching metadata from broker BrokerEndPoint(0,zion-mainframe,9092) with correlation id 0 for 1 topic(s) Set(earth_to_curiosity_5)
2017-12-22 18:21:44,341 [space.exploration.mars.rover.curiosity.1513988489871_zion-mainframe-1513988504022-9f931c1e-leader-finder-thread] INFO kafka.producer.SyncProducer  - Connected to zion-mainframe:9092 for producing
2017-12-22 18:21:44,349 [space.exploration.mars.rover.curiosity.1513988489871_zion-mainframe-1513988504022-9f931c1e-leader-finder-thread] INFO kafka.producer.SyncProducer  - Disconnecting from zion-mainframe:9092
2017-12-22 18:21:44,360 [ConsumerFetcherThread-space.exploration.mars.rover.curiosity.1513988489871_zion-mainframe-1513988504022-9f931c1e-0-0] INFO kafka.consumer.ConsumerFetcherThread  - [ConsumerFetcherThread-space.exploration.mars.rover.curiosity.1513988489871_zion-mainframe-1513988504022-9f931c1e-0-0], Starting 
2017-12-22 18:21:44,371 [space.exploration.mars.rover.curiosity.1513988489871_zion-mainframe-1513988504022-9f931c1e-leader-finder-thread] INFO kafka.consumer.ConsumerFetcherManager  - [ConsumerFetcherManager-1513988504106] Added fetcher for partitions ArrayBuffer([[earth_to_curiosity_5,0], initOffset -1 to broker BrokerEndPoint(0,zion-mainframe,9092)] )
2017-12-22 18:21:45,112 [main] INFO space.exploration.mars.rover.communication.Radio  - Radio configured:: 
group.id::space.exploration.mars.rover.curiosity.1513988489871
auto.offset.reset::largest
bootstrap.servers::localhost:9092
value.serializer::org.apache.kafka.common.serialization.ByteArraySerializer
destination.topic::curiosity_to_earth_5
zookeeper.connect::localhost:2181
key.serializer::org.apache.kafka.common.serialization.StringSerializer
source.topic::earth_to_curiosity_5
metadata.broker.list::localhost:9092
2017-12-22 18:21:46,113 [main] INFO space.exploration.mars.rover.sensor.Radar  - Radar configured:: 
