6682 [main] INFO org.apache.kafka.clients.producer.ProducerConfig  - ProducerConfig values: 
	metric.reporters = []
	metadata.max.age.ms = 300000
	reconnect.backoff.ms = 50
	sasl.kerberos.ticket.renew.window.factor = 0.8
	bootstrap.servers = [localhost:9092]
	ssl.keystore.type = JKS
	sasl.mechanism = GSSAPI
	max.block.ms = 60000
	interceptor.classes = null
	ssl.truststore.password = null
	client.id = 
	ssl.endpoint.identification.algorithm = null
	request.timeout.ms = 30000
	acks = 1
	receive.buffer.bytes = 32768
	ssl.truststore.type = JKS
	retries = 0
	ssl.truststore.location = null
	ssl.keystore.password = null
	send.buffer.bytes = 131072
	compression.type = none
	metadata.fetch.timeout.ms = 60000
	retry.backoff.ms = 100
	sasl.kerberos.kinit.cmd = /usr/bin/kinit
	buffer.memory = 33554432
	timeout.ms = 30000
	key.serializer = class org.apache.kafka.common.serialization.StringSerializer
	sasl.kerberos.service.name = null
	sasl.kerberos.ticket.renew.jitter = 0.05
	ssl.trustmanager.algorithm = PKIX
	block.on.buffer.full = false
	ssl.key.password = null
	sasl.kerberos.min.time.before.relogin = 60000
	connections.max.idle.ms = 540000
	max.in.flight.requests.per.connection = 5
	metrics.num.samples = 2
	ssl.protocol = TLS
	ssl.provider = null
	ssl.enabled.protocols = [TLSv1.2, TLSv1.1, TLSv1]
	batch.size = 16384
	ssl.keystore.location = null
	ssl.cipher.suites = null
	security.protocol = PLAINTEXT
	max.request.size = 1048576
	value.serializer = class org.apache.kafka.common.serialization.ByteArraySerializer
	ssl.keymanager.algorithm = SunX509
	metrics.sample.window.ms = 30000
	partitioner.class = class org.apache.kafka.clients.producer.internals.DefaultPartitioner
	linger.ms = 0

6797 [main] INFO org.apache.kafka.clients.producer.ProducerConfig  - ProducerConfig values: 
	metric.reporters = []
	metadata.max.age.ms = 300000
	reconnect.backoff.ms = 50
	sasl.kerberos.ticket.renew.window.factor = 0.8
	bootstrap.servers = [localhost:9092]
	ssl.keystore.type = JKS
	sasl.mechanism = GSSAPI
	max.block.ms = 60000
	interceptor.classes = null
	ssl.truststore.password = null
	client.id = producer-1
	ssl.endpoint.identification.algorithm = null
	request.timeout.ms = 30000
	acks = 1
	receive.buffer.bytes = 32768
	ssl.truststore.type = JKS
	retries = 0
	ssl.truststore.location = null
	ssl.keystore.password = null
	send.buffer.bytes = 131072
	compression.type = none
	metadata.fetch.timeout.ms = 60000
	retry.backoff.ms = 100
	sasl.kerberos.kinit.cmd = /usr/bin/kinit
	buffer.memory = 33554432
	timeout.ms = 30000
	key.serializer = class org.apache.kafka.common.serialization.StringSerializer
	sasl.kerberos.service.name = null
	sasl.kerberos.ticket.renew.jitter = 0.05
	ssl.trustmanager.algorithm = PKIX
	block.on.buffer.full = false
	ssl.key.password = null
	sasl.kerberos.min.time.before.relogin = 60000
	connections.max.idle.ms = 540000
	max.in.flight.requests.per.connection = 5
	metrics.num.samples = 2
	ssl.protocol = TLS
	ssl.provider = null
	ssl.enabled.protocols = [TLSv1.2, TLSv1.1, TLSv1]
	batch.size = 16384
	ssl.keystore.location = null
	ssl.cipher.suites = null
	security.protocol = PLAINTEXT
	max.request.size = 1048576
	value.serializer = class org.apache.kafka.common.serialization.ByteArraySerializer
	ssl.keymanager.algorithm = SunX509
	metrics.sample.window.ms = 30000
	partitioner.class = class org.apache.kafka.clients.producer.internals.DefaultPartitioner
	linger.ms = 0

6798 [main] WARN org.apache.kafka.clients.producer.ProducerConfig  - The configuration zookeeper.connect = localhost:2181 was supplied but isn't a known config.
6798 [main] WARN org.apache.kafka.clients.producer.ProducerConfig  - The configuration group.id = space.exploration.mars.newRover was supplied but isn't a known config.
6798 [main] WARN org.apache.kafka.clients.producer.ProducerConfig  - The configuration source.topic = earth_to_curiosity_2 was supplied but isn't a known config.
6798 [main] WARN org.apache.kafka.clients.producer.ProducerConfig  - The configuration auto.offset.reset = largest was supplied but isn't a known config.
6798 [main] WARN org.apache.kafka.clients.producer.ProducerConfig  - The configuration metadata.broker.list = localhost:9092 was supplied but isn't a known config.
6798 [main] WARN org.apache.kafka.clients.producer.ProducerConfig  - The configuration destination.topic = curiosity_to_earth_2 was supplied but isn't a known config.
6799 [main] INFO org.apache.kafka.common.utils.AppInfoParser  - Kafka version : 0.10.0.1
6799 [main] INFO org.apache.kafka.common.utils.AppInfoParser  - Kafka commitId : a7a17cdec9eaa6c5
6942 [main] INFO kafka.utils.VerifiableProperties  - Verifying properties
6966 [main] INFO kafka.utils.VerifiableProperties  - Property auto.offset.reset is overridden to largest
6966 [main] WARN kafka.utils.VerifiableProperties  - Property bootstrap.servers is not valid
6966 [main] WARN kafka.utils.VerifiableProperties  - Property destination.topic is not valid
6966 [main] INFO kafka.utils.VerifiableProperties  - Property group.id is overridden to space.exploration.mars.newRover
6966 [main] WARN kafka.utils.VerifiableProperties  - Property key.serializer is not valid
6966 [main] WARN kafka.utils.VerifiableProperties  - Property metadata.broker.list is not valid
6966 [main] WARN kafka.utils.VerifiableProperties  - Property source.topic is not valid
6966 [main] WARN kafka.utils.VerifiableProperties  - Property value.serializer is not valid
6967 [main] INFO kafka.utils.VerifiableProperties  - Property zookeeper.connect is overridden to localhost:2181
7003 [main] INFO kafka.consumer.ZookeeperConsumerConnector  - [space.exploration.mars.newRover_zion-portable-1507836206424-3d33c4c9], Connecting to zookeeper instance at localhost:2181
7010 [ZkClient-EventThread-26-localhost:2181] INFO org.I0Itec.zkclient.ZkEventThread  - Starting ZkClient event thread.
7014 [main] INFO org.apache.zookeeper.ZooKeeper  - Client environment:zookeeper.version=3.4.6-1569965, built on 02/20/2014 09:09 GMT
7014 [main] INFO org.apache.zookeeper.ZooKeeper  - Client environment:host.name=zion-portable
7014 [main] INFO org.apache.zookeeper.ZooKeeper  - Client environment:java.version=1.8.0_131
7014 [main] INFO org.apache.zookeeper.ZooKeeper  - Client environment:java.vendor=Oracle Corporation
7014 [main] INFO org.apache.zookeeper.ZooKeeper  - Client environment:java.home=/usr/lib/jvm/java-8-openjdk-amd64/jre
7014 [main] INFO org.apache.zookeeper.ZooKeeper  - Client environment:java.class.path=/usr/lib/jvm/java-1.8.0-openjdk-amd64/jre/lib/charsets.jar:/usr/lib/jvm/java-1.8.0-openjdk-amd64/jre/lib/ext/cldrdata.jar:/usr/lib/jvm/java-1.8.0-openjdk-amd64/jre/lib/ext/dnsns.jar:/usr/lib/jvm/java-1.8.0-openjdk-amd64/jre/lib/ext/icedtea-sound.jar:/usr/lib/jvm/java-1.8.0-openjdk-amd64/jre/lib/ext/jaccess.jar:/usr/lib/jvm/java-1.8.0-openjdk-amd64/jre/lib/ext/localedata.jar:/usr/lib/jvm/java-1.8.0-openjdk-amd64/jre/lib/ext/nashorn.jar:/usr/lib/jvm/java-1.8.0-openjdk-amd64/jre/lib/ext/sunec.jar:/usr/lib/jvm/java-1.8.0-openjdk-amd64/jre/lib/ext/sunjce_provider.jar:/usr/lib/jvm/java-1.8.0-openjdk-amd64/jre/lib/ext/sunpkcs11.jar:/usr/lib/jvm/java-1.8.0-openjdk-amd64/jre/lib/ext/zipfs.jar:/usr/lib/jvm/java-1.8.0-openjdk-amd64/jre/lib/jce.jar:/usr/lib/jvm/java-1.8.0-openjdk-amd64/jre/lib/jsse.jar:/usr/lib/jvm/java-1.8.0-openjdk-amd64/jre/lib/management-agent.jar:/usr/lib/jvm/java-1.8.0-openjdk-amd64/jre/lib/resources.jar:/usr/lib/jvm/java-1.8.0-openjdk-amd64/jre/lib/rt.jar:/home/sanket/Documents/workspace/MarsRover/mars.rover/target/classes:/home/sanket/.m2/repository/com/google/protobuf/protobuf-java/3.2.0/protobuf-java-3.2.0.jar:/home/sanket/.m2/repository/org/apache/kafka/kafka_2.10/0.10.0.1/kafka_2.10-0.10.0.1.jar:/home/sanket/.m2/repository/com/101tec/zkclient/0.8/zkclient-0.8.jar:/home/sanket/.m2/repository/org/slf4j/slf4j-api/1.6.1/slf4j-api-1.6.1.jar:/home/sanket/.m2/repository/log4j/log4j/1.2.15/log4j-1.2.15.jar:/home/sanket/.m2/repository/javax/mail/mail/1.4/mail-1.4.jar:/home/sanket/.m2/repository/javax/activation/activation/1.1/activation-1.1.jar:/home/sanket/.m2/repository/org/scala-lang/scala-library/2.10.6/scala-library-2.10.6.jar:/home/sanket/.m2/repository/org/slf4j/slf4j-log4j12/1.7.21/slf4j-log4j12-1.7.21.jar:/home/sanket/.m2/repository/com/yammer/metrics/metrics-core/2.2.0/metrics-core-2.2.0.jar:/home/sanket/.m2/repository/org/apache/kafka/kafka-clients/0.10.0.1/kafka-clients-0.10.0.1.jar:/home/sanket/.m2/repository/net/jpountz/lz4/lz4/1.3.0/lz4-1.3.0.jar:/home/sanket/.m2/repository/org/xerial/snappy/snappy-java/1.1.2.6/snappy-java-1.1.2.6.jar:/home/sanket/.m2/repository/net/sf/jopt-simple/jopt-simple/4.9/jopt-simple-4.9.jar:/home/sanket/.m2/repository/org/apache/zookeeper/zookeeper/3.4.6/zookeeper-3.4.6.jar:/home/sanket/.m2/repository/jline/jline/0.9.94/jline-0.9.94.jar:/home/sanket/.m2/repository/io/netty/netty/3.7.0.Final/netty-3.7.0.Final.jar:/home/sanket/.m2/repository/org/tensorflow/tensorflow/1.1.0/tensorflow-1.1.0.jar:/home/sanket/.m2/repository/org/tensorflow/libtensorflow/1.1.0/libtensorflow-1.1.0.jar:/home/sanket/.m2/repository/org/tensorflow/libtensorflow_jni/1.1.0/libtensorflow_jni-1.1.0.jar:/home/sanket/.m2/repository/mysql/mysql-connector-java/5.1.6/mysql-connector-java-5.1.6.jar:/home/sanket/.m2/repository/com/google/code/gson/gson/2.8.2/gson-2.8.2.jar:/home/sanket/Documents/Tools/intelliJ/idea-IC-171.4694.23/lib/idea_rt.jar
7014 [main] INFO org.apache.zookeeper.ZooKeeper  - Client environment:java.library.path=/home/sanket/Documents/Tools/intelliJ/idea-IC-171.4694.23/bin::/usr/java/packages/lib/amd64:/usr/lib/x86_64-linux-gnu/jni:/lib/x86_64-linux-gnu:/usr/lib/x86_64-linux-gnu:/usr/lib/jni:/lib:/usr/lib
7014 [main] INFO org.apache.zookeeper.ZooKeeper  - Client environment:java.io.tmpdir=/tmp
7014 [main] INFO org.apache.zookeeper.ZooKeeper  - Client environment:java.compiler=<NA>
7014 [main] INFO org.apache.zookeeper.ZooKeeper  - Client environment:os.name=Linux
7014 [main] INFO org.apache.zookeeper.ZooKeeper  - Client environment:os.arch=amd64
7014 [main] INFO org.apache.zookeeper.ZooKeeper  - Client environment:os.version=4.10.0-37-generic
7014 [main] INFO org.apache.zookeeper.ZooKeeper  - Client environment:user.name=sanket
7014 [main] INFO org.apache.zookeeper.ZooKeeper  - Client environment:user.home=/home/sanket
7014 [main] INFO org.apache.zookeeper.ZooKeeper  - Client environment:user.dir=/home/sanket/Documents/workspace/MarsRover/mars.rover
7015 [main] INFO org.apache.zookeeper.ZooKeeper  - Initiating client connection, connectString=localhost:2181 sessionTimeout=6000 watcher=org.I0Itec.zkclient.ZkClient@20ce78ec
7023 [main] INFO org.I0Itec.zkclient.ZkClient  - Waiting for keeper state SyncConnected
7025 [main-SendThread(localhost:2181)] INFO org.apache.zookeeper.ClientCnxn  - Opening socket connection to server localhost/127.0.0.1:2181. Will not attempt to authenticate using SASL (unknown error)
7028 [main-SendThread(localhost:2181)] INFO org.apache.zookeeper.ClientCnxn  - Socket connection established to localhost/127.0.0.1:2181, initiating session
7035 [main-SendThread(localhost:2181)] INFO org.apache.zookeeper.ClientCnxn  - Session establishment complete on server localhost/127.0.0.1:2181, sessionid = 0x15f1143e1b91006, negotiated timeout = 6000
7036 [main-EventThread] INFO org.I0Itec.zkclient.ZkClient  - zookeeper state changed (SyncConnected)
7045 [main] INFO kafka.consumer.ZookeeperConsumerConnector  - [space.exploration.mars.newRover_zion-portable-1507836206424-3d33c4c9], starting auto committer every 60000 ms
7069 [Thread-1] INFO kafka.consumer.ZookeeperConsumerConnector  - [space.exploration.mars.newRover_zion-portable-1507836206424-3d33c4c9], begin registering consumer space.exploration.mars.newRover_zion-portable-1507836206424-3d33c4c9 in ZK
7090 [Thread-1] INFO kafka.utils.ZKCheckedEphemeral  - Creating /consumers/space.exploration.mars.newRover/ids/space.exploration.mars.newRover_zion-portable-1507836206424-3d33c4c9 (is it secure? false)
7100 [Thread-1] INFO kafka.utils.ZKCheckedEphemeral  - Result of znode creation is: OK
7100 [Thread-1] INFO kafka.consumer.ZookeeperConsumerConnector  - [space.exploration.mars.newRover_zion-portable-1507836206424-3d33c4c9], end registering consumer space.exploration.mars.newRover_zion-portable-1507836206424-3d33c4c9 in ZK
7104 [space.exploration.mars.newRover_zion-portable-1507836206424-3d33c4c9_watcher_executor] INFO kafka.consumer.ZookeeperConsumerConnector  - [space.exploration.mars.newRover_zion-portable-1507836206424-3d33c4c9], starting watcher executor thread for consumer space.exploration.mars.newRover_zion-portable-1507836206424-3d33c4c9
7117 [Thread-1] INFO kafka.consumer.ZookeeperConsumerConnector  - [space.exploration.mars.newRover_zion-portable-1507836206424-3d33c4c9], begin rebalancing consumer space.exploration.mars.newRover_zion-portable-1507836206424-3d33c4c9 try #0
7208 [Thread-1] INFO kafka.consumer.ConsumerFetcherManager  - [ConsumerFetcherManager-1507836206465] Stopping leader finder thread
7208 [Thread-1] INFO kafka.consumer.ConsumerFetcherManager  - [ConsumerFetcherManager-1507836206465] Stopping all fetchers
7209 [Thread-1] INFO kafka.consumer.ConsumerFetcherManager  - [ConsumerFetcherManager-1507836206465] All connections stopped
7209 [Thread-1] INFO kafka.consumer.ZookeeperConsumerConnector  - [space.exploration.mars.newRover_zion-portable-1507836206424-3d33c4c9], Cleared all relevant queues for this fetcher
7210 [Thread-1] INFO kafka.consumer.ZookeeperConsumerConnector  - [space.exploration.mars.newRover_zion-portable-1507836206424-3d33c4c9], Cleared the data chunks in all the consumer message iterators
7210 [Thread-1] INFO kafka.consumer.ZookeeperConsumerConnector  - [space.exploration.mars.newRover_zion-portable-1507836206424-3d33c4c9], Committing all offsets after clearing the fetcher queues
7211 [Thread-1] INFO kafka.consumer.ZookeeperConsumerConnector  - [space.exploration.mars.newRover_zion-portable-1507836206424-3d33c4c9], Releasing partition ownership
7229 [Thread-1] INFO kafka.consumer.RangeAssignor  - Consumer space.exploration.mars.newRover_zion-portable-1507836206424-3d33c4c9 rebalancing the following partitions: ArrayBuffer(0) for topic earth_to_curiosity_2 with consumers: List(space.exploration.mars.newRover_zion-portable-1507836206424-3d33c4c9-0)
7230 [Thread-1] INFO kafka.consumer.RangeAssignor  - space.exploration.mars.newRover_zion-portable-1507836206424-3d33c4c9-0 attempting to claim partition 0
7289 [Thread-1] INFO kafka.consumer.ZookeeperConsumerConnector  - [space.exploration.mars.newRover_zion-portable-1507836206424-3d33c4c9], space.exploration.mars.newRover_zion-portable-1507836206424-3d33c4c9-0 successfully owned partition 0 for topic earth_to_curiosity_2
7303 [Thread-1] INFO kafka.consumer.ZookeeperConsumerConnector  - [space.exploration.mars.newRover_zion-portable-1507836206424-3d33c4c9], Consumer space.exploration.mars.newRover_zion-portable-1507836206424-3d33c4c9 selected partitions : earth_to_curiosity_2:0: fetched offset = 47: consumed offset = 47
7304 [space.exploration.mars.newRover_zion-portable-1507836206424-3d33c4c9-leader-finder-thread] INFO kafka.consumer.ConsumerFetcherManager$LeaderFinderThread  - [space.exploration.mars.newRover_zion-portable-1507836206424-3d33c4c9-leader-finder-thread], Starting 
7305 [Thread-1] INFO kafka.consumer.ZookeeperConsumerConnector  - [space.exploration.mars.newRover_zion-portable-1507836206424-3d33c4c9], end rebalancing consumer space.exploration.mars.newRover_zion-portable-1507836206424-3d33c4c9 try #0
7322 [space.exploration.mars.newRover_zion-portable-1507836206424-3d33c4c9-leader-finder-thread] INFO kafka.utils.VerifiableProperties  - Verifying properties
7322 [space.exploration.mars.newRover_zion-portable-1507836206424-3d33c4c9-leader-finder-thread] INFO kafka.utils.VerifiableProperties  - Property client.id is overridden to space.exploration.mars.newRover
7323 [space.exploration.mars.newRover_zion-portable-1507836206424-3d33c4c9-leader-finder-thread] INFO kafka.utils.VerifiableProperties  - Property metadata.broker.list is overridden to zion-portable:9092
7323 [space.exploration.mars.newRover_zion-portable-1507836206424-3d33c4c9-leader-finder-thread] INFO kafka.utils.VerifiableProperties  - Property request.timeout.ms is overridden to 30000
7338 [space.exploration.mars.newRover_zion-portable-1507836206424-3d33c4c9-leader-finder-thread] INFO kafka.client.ClientUtils$  - Fetching metadata from broker BrokerEndPoint(0,zion-portable,9092) with correlation id 0 for 1 topic(s) Set(earth_to_curiosity_2)
7342 [space.exploration.mars.newRover_zion-portable-1507836206424-3d33c4c9-leader-finder-thread] INFO kafka.producer.SyncProducer  - Connected to zion-portable:9092 for producing
7354 [space.exploration.mars.newRover_zion-portable-1507836206424-3d33c4c9-leader-finder-thread] INFO kafka.producer.SyncProducer  - Disconnecting from zion-portable:9092
7370 [ConsumerFetcherThread-space.exploration.mars.newRover_zion-portable-1507836206424-3d33c4c9-0-0] INFO kafka.consumer.ConsumerFetcherThread  - [ConsumerFetcherThread-space.exploration.mars.newRover_zion-portable-1507836206424-3d33c4c9-0-0], Starting 
7373 [space.exploration.mars.newRover_zion-portable-1507836206424-3d33c4c9-leader-finder-thread] INFO kafka.consumer.ConsumerFetcherManager  - [ConsumerFetcherManager-1507836206465] Added fetcher for partitions ArrayBuffer([[earth_to_curiosity_2,0], initOffset 47 to broker BrokerEndPoint(0,zion-portable,9092)] )
36598 [Thread-1] INFO space.exploration.mars.rover.kernel.ListeningState  - 1507836236020,1,Move Current instructionQueue length = 0
36673 [Thread-1] INFO space.exploration.mars.rover.sensor.TelemetrySensor  - Telemetry relay commenced.
64503 [Thread-1] INFO space.exploration.mars.rover.sensor.TelemetrySensor  - Telemetry relay stopped, number of telemetryDataPoints = 65
123249 [Thread-1] INFO space.exploration.mars.rover.kernel.ListeningState  - 1507836322671,1,Move Current instructionQueue length = 0
123292 [Thread-1] INFO space.exploration.mars.rover.sensor.TelemetrySensor  - Telemetry relay commenced.
127509 [Thread-1] INFO space.exploration.mars.rover.sensor.TelemetrySensor  - Telemetry relay stopped, number of telemetryDataPoints = 10
167924 [Thread-1] INFO space.exploration.mars.rover.kernel.ListeningState  - 1507836367346,1,Move Current instructionQueue length = 0
167977 [Thread-1] INFO space.exploration.mars.rover.sensor.TelemetrySensor  - Telemetry relay commenced.
200018 [Thread-1] INFO space.exploration.mars.rover.sensor.TelemetrySensor  - Telemetry relay stopped, number of telemetryDataPoints = 75
253817 [Thread-1] INFO space.exploration.mars.rover.kernel.ListeningState  - 1507836453239,10,MeasureWeather Current instructionQueue length = 0
253817 [Thread-1] INFO space.exploration.mars.rover.kernel.ListeningState  - Rover will try to get weather measurements - actual Curiosity Data
253817 [Thread-1] INFO space.exploration.mars.rover.kernel.WeatherSensingState  - Will get mars weather measurements
254055 [Thread-1] INFO space.exploration.mars.rover.sensor.WeatherSensor  - Response from weather service = 200
254055 [Thread-1] INFO space.exploration.mars.rover.sensor.WeatherSensor  - Content type is = text/html; charset=utf-8
300374 [Thread-1] INFO space.exploration.mars.rover.kernel.ListeningState  - 1507836499796,8,ClickCamera Current instructionQueue length = 0
301021 [Thread-1] INFO space.exploration.mars.rover.sensor.CameraQueryEngine  - Response from weather service = 200
301021 [Thread-1] INFO space.exploration.mars.rover.sensor.CameraQueryEngine  - Content type is = application/json; charset=utf-8
341287 [Thread-1] INFO space.exploration.mars.rover.kernel.ListeningState  - 1507836540709,0,ScanArea Current instructionQueue length = 0
