16184 [main] INFO org.apache.kafka.clients.producer.ProducerConfig  - ProducerConfig values: 
	metric.reporters = []
	metadata.max.age.ms = 300000
	reconnect.backoff.ms = 50
	sasl.kerberos.ticket.renew.window.factor = 0.8
	bootstrap.servers = [localhost:9092]
	ssl.keystore.type = JKS
	sasl.mechanism = GSSAPI
	max.block.ms = 60000
	interceptor.classes = null
	ssl.truststore.password = null
	client.id = 
	ssl.endpoint.identification.algorithm = null
	request.timeout.ms = 30000
	acks = 1
	receive.buffer.bytes = 32768
	ssl.truststore.type = JKS
	retries = 0
	ssl.truststore.location = null
	ssl.keystore.password = null
	send.buffer.bytes = 131072
	compression.type = none
	metadata.fetch.timeout.ms = 60000
	retry.backoff.ms = 100
	sasl.kerberos.kinit.cmd = /usr/bin/kinit
	buffer.memory = 33554432
	timeout.ms = 30000
	key.serializer = class org.apache.kafka.common.serialization.StringSerializer
	sasl.kerberos.service.name = null
	sasl.kerberos.ticket.renew.jitter = 0.05
	ssl.trustmanager.algorithm = PKIX
	block.on.buffer.full = false
	ssl.key.password = null
	sasl.kerberos.min.time.before.relogin = 60000
	connections.max.idle.ms = 540000
	max.in.flight.requests.per.connection = 5
	metrics.num.samples = 2
	ssl.protocol = TLS
	ssl.provider = null
	ssl.enabled.protocols = [TLSv1.2, TLSv1.1, TLSv1]
	batch.size = 16384
	ssl.keystore.location = null
	ssl.cipher.suites = null
	security.protocol = PLAINTEXT
	max.request.size = 1048576
	value.serializer = class org.apache.kafka.common.serialization.ByteArraySerializer
	ssl.keymanager.algorithm = SunX509
	metrics.sample.window.ms = 30000
	partitioner.class = class org.apache.kafka.clients.producer.internals.DefaultPartitioner
	linger.ms = 0

16268 [main] INFO org.apache.kafka.clients.producer.ProducerConfig  - ProducerConfig values: 
	metric.reporters = []
	metadata.max.age.ms = 300000
	reconnect.backoff.ms = 50
	sasl.kerberos.ticket.renew.window.factor = 0.8
	bootstrap.servers = [localhost:9092]
	ssl.keystore.type = JKS
	sasl.mechanism = GSSAPI
	max.block.ms = 60000
	interceptor.classes = null
	ssl.truststore.password = null
	client.id = producer-1
	ssl.endpoint.identification.algorithm = null
	request.timeout.ms = 30000
	acks = 1
	receive.buffer.bytes = 32768
	ssl.truststore.type = JKS
	retries = 0
	ssl.truststore.location = null
	ssl.keystore.password = null
	send.buffer.bytes = 131072
	compression.type = none
	metadata.fetch.timeout.ms = 60000
	retry.backoff.ms = 100
	sasl.kerberos.kinit.cmd = /usr/bin/kinit
	buffer.memory = 33554432
	timeout.ms = 30000
	key.serializer = class org.apache.kafka.common.serialization.StringSerializer
	sasl.kerberos.service.name = null
	sasl.kerberos.ticket.renew.jitter = 0.05
	ssl.trustmanager.algorithm = PKIX
	block.on.buffer.full = false
	ssl.key.password = null
	sasl.kerberos.min.time.before.relogin = 60000
	connections.max.idle.ms = 540000
	max.in.flight.requests.per.connection = 5
	metrics.num.samples = 2
	ssl.protocol = TLS
	ssl.provider = null
	ssl.enabled.protocols = [TLSv1.2, TLSv1.1, TLSv1]
	batch.size = 16384
	ssl.keystore.location = null
	ssl.cipher.suites = null
	security.protocol = PLAINTEXT
	max.request.size = 1048576
	value.serializer = class org.apache.kafka.common.serialization.ByteArraySerializer
	ssl.keymanager.algorithm = SunX509
	metrics.sample.window.ms = 30000
	partitioner.class = class org.apache.kafka.clients.producer.internals.DefaultPartitioner
	linger.ms = 0

16268 [main] WARN org.apache.kafka.clients.producer.ProducerConfig  - The configuration zookeeper.connect = localhost:2181 was supplied but isn't a known config.
16268 [main] WARN org.apache.kafka.clients.producer.ProducerConfig  - The configuration group.id = space.exploration.mars.newRover was supplied but isn't a known config.
16268 [main] WARN org.apache.kafka.clients.producer.ProducerConfig  - The configuration source.topic = earth_to_curiosity_3 was supplied but isn't a known config.
16268 [main] WARN org.apache.kafka.clients.producer.ProducerConfig  - The configuration auto.offset.reset = largest was supplied but isn't a known config.
16268 [main] WARN org.apache.kafka.clients.producer.ProducerConfig  - The configuration metadata.broker.list = localhost:9092 was supplied but isn't a known config.
16268 [main] WARN org.apache.kafka.clients.producer.ProducerConfig  - The configuration destination.topic = curiosity_to_earth_3 was supplied but isn't a known config.
16269 [main] INFO org.apache.kafka.common.utils.AppInfoParser  - Kafka version : 0.10.0.1
16270 [main] INFO org.apache.kafka.common.utils.AppInfoParser  - Kafka commitId : a7a17cdec9eaa6c5
16375 [main] INFO kafka.utils.VerifiableProperties  - Verifying properties
16393 [main] INFO kafka.utils.VerifiableProperties  - Property auto.offset.reset is overridden to largest
16394 [main] WARN kafka.utils.VerifiableProperties  - Property bootstrap.servers is not valid
16394 [main] WARN kafka.utils.VerifiableProperties  - Property destination.topic is not valid
16394 [main] INFO kafka.utils.VerifiableProperties  - Property group.id is overridden to space.exploration.mars.newRover
16394 [main] WARN kafka.utils.VerifiableProperties  - Property key.serializer is not valid
16394 [main] WARN kafka.utils.VerifiableProperties  - Property metadata.broker.list is not valid
16394 [main] WARN kafka.utils.VerifiableProperties  - Property source.topic is not valid
16394 [main] WARN kafka.utils.VerifiableProperties  - Property value.serializer is not valid
16394 [main] INFO kafka.utils.VerifiableProperties  - Property zookeeper.connect is overridden to localhost:2181
16420 [main] INFO kafka.consumer.ZookeeperConsumerConnector  - [space.exploration.mars.newRover_zion-mainframe-1508206746153-f304be66], Connecting to zookeeper instance at localhost:2181
16426 [ZkClient-EventThread-25-localhost:2181] INFO org.I0Itec.zkclient.ZkEventThread  - Starting ZkClient event thread.
16428 [main] INFO org.apache.zookeeper.ZooKeeper  - Client environment:zookeeper.version=3.4.6-1569965, built on 02/20/2014 09:09 GMT
16428 [main] INFO org.apache.zookeeper.ZooKeeper  - Client environment:host.name=zion-mainframe
16428 [main] INFO org.apache.zookeeper.ZooKeeper  - Client environment:java.version=1.8.0_131
16428 [main] INFO org.apache.zookeeper.ZooKeeper  - Client environment:java.vendor=Oracle Corporation
16428 [main] INFO org.apache.zookeeper.ZooKeeper  - Client environment:java.home=/usr/lib/jvm/java-8-openjdk-amd64/jre
16428 [main] INFO org.apache.zookeeper.ZooKeeper  - Client environment:java.class.path=target/mars.rover-0.0.1-SOLSHOT-shaded.jar
16428 [main] INFO org.apache.zookeeper.ZooKeeper  - Client environment:java.library.path=/usr/java/packages/lib/amd64:/usr/lib/x86_64-linux-gnu/jni:/lib/x86_64-linux-gnu:/usr/lib/x86_64-linux-gnu:/usr/lib/jni:/lib:/usr/lib
16429 [main] INFO org.apache.zookeeper.ZooKeeper  - Client environment:java.io.tmpdir=/tmp
16429 [main] INFO org.apache.zookeeper.ZooKeeper  - Client environment:java.compiler=<NA>
16429 [main] INFO org.apache.zookeeper.ZooKeeper  - Client environment:os.name=Linux
16429 [main] INFO org.apache.zookeeper.ZooKeeper  - Client environment:os.arch=amd64
16429 [main] INFO org.apache.zookeeper.ZooKeeper  - Client environment:os.version=4.10.0-37-generic
16429 [main] INFO org.apache.zookeeper.ZooKeeper  - Client environment:user.name=sanket
16429 [main] INFO org.apache.zookeeper.ZooKeeper  - Client environment:user.home=/home/sanket
16429 [main] INFO org.apache.zookeeper.ZooKeeper  - Client environment:user.dir=/home/sanket/Documents/workspace/MarsRover/mars.rover
16429 [main] INFO org.apache.zookeeper.ZooKeeper  - Initiating client connection, connectString=localhost:2181 sessionTimeout=6000 watcher=org.I0Itec.zkclient.ZkClient@5c6648b0
16435 [main] INFO org.I0Itec.zkclient.ZkClient  - Waiting for keeper state SyncConnected
16437 [main-SendThread(localhost:2181)] INFO org.apache.zookeeper.ClientCnxn  - Opening socket connection to server localhost/127.0.0.1:2181. Will not attempt to authenticate using SASL (unknown error)
16440 [main-SendThread(localhost:2181)] INFO org.apache.zookeeper.ClientCnxn  - Socket connection established to localhost/127.0.0.1:2181, initiating session
16444 [main-SendThread(localhost:2181)] INFO org.apache.zookeeper.ClientCnxn  - Session establishment complete on server localhost/127.0.0.1:2181, sessionid = 0x15f236c4b33000c, negotiated timeout = 6000
16445 [main-EventThread] INFO org.I0Itec.zkclient.ZkClient  - zookeeper state changed (SyncConnected)
16452 [main] INFO kafka.consumer.ZookeeperConsumerConnector  - [space.exploration.mars.newRover_zion-mainframe-1508206746153-f304be66], starting auto committer every 60000 ms
16512 [Thread-2] INFO kafka.consumer.ZookeeperConsumerConnector  - [space.exploration.mars.newRover_zion-mainframe-1508206746153-f304be66], begin registering consumer space.exploration.mars.newRover_zion-mainframe-1508206746153-f304be66 in ZK
16528 [Thread-2] INFO kafka.utils.ZKCheckedEphemeral  - Creating /consumers/space.exploration.mars.newRover/ids/space.exploration.mars.newRover_zion-mainframe-1508206746153-f304be66 (is it secure? false)
16537 [Thread-2] INFO kafka.utils.ZKCheckedEphemeral  - Result of znode creation is: OK
16537 [Thread-2] INFO kafka.consumer.ZookeeperConsumerConnector  - [space.exploration.mars.newRover_zion-mainframe-1508206746153-f304be66], end registering consumer space.exploration.mars.newRover_zion-mainframe-1508206746153-f304be66 in ZK
16540 [space.exploration.mars.newRover_zion-mainframe-1508206746153-f304be66_watcher_executor] INFO kafka.consumer.ZookeeperConsumerConnector  - [space.exploration.mars.newRover_zion-mainframe-1508206746153-f304be66], starting watcher executor thread for consumer space.exploration.mars.newRover_zion-mainframe-1508206746153-f304be66
16552 [Thread-2] INFO kafka.consumer.ZookeeperConsumerConnector  - [space.exploration.mars.newRover_zion-mainframe-1508206746153-f304be66], begin rebalancing consumer space.exploration.mars.newRover_zion-mainframe-1508206746153-f304be66 try #0
16628 [Thread-2] INFO kafka.consumer.ConsumerFetcherManager  - [ConsumerFetcherManager-1508206746184] Stopping leader finder thread
16628 [Thread-2] INFO kafka.consumer.ConsumerFetcherManager  - [ConsumerFetcherManager-1508206746184] Stopping all fetchers
16629 [Thread-2] INFO kafka.consumer.ConsumerFetcherManager  - [ConsumerFetcherManager-1508206746184] All connections stopped
16629 [Thread-2] INFO kafka.consumer.ZookeeperConsumerConnector  - [space.exploration.mars.newRover_zion-mainframe-1508206746153-f304be66], Cleared all relevant queues for this fetcher
16630 [Thread-2] INFO kafka.consumer.ZookeeperConsumerConnector  - [space.exploration.mars.newRover_zion-mainframe-1508206746153-f304be66], Cleared the data chunks in all the consumer message iterators
16630 [Thread-2] INFO kafka.consumer.ZookeeperConsumerConnector  - [space.exploration.mars.newRover_zion-mainframe-1508206746153-f304be66], Committing all offsets after clearing the fetcher queues
16631 [Thread-2] INFO kafka.consumer.ZookeeperConsumerConnector  - [space.exploration.mars.newRover_zion-mainframe-1508206746153-f304be66], Releasing partition ownership
16652 [Thread-2] INFO kafka.consumer.RangeAssignor  - Consumer space.exploration.mars.newRover_zion-mainframe-1508206746153-f304be66 rebalancing the following partitions: ArrayBuffer(0) for topic earth_to_curiosity_3 with consumers: List(space.exploration.mars.newRover_zion-mainframe-1508206746153-f304be66-0)
16654 [Thread-2] INFO kafka.consumer.RangeAssignor  - space.exploration.mars.newRover_zion-mainframe-1508206746153-f304be66-0 attempting to claim partition 0
16671 [Thread-2] INFO kafka.consumer.ZookeeperConsumerConnector  - [space.exploration.mars.newRover_zion-mainframe-1508206746153-f304be66], space.exploration.mars.newRover_zion-mainframe-1508206746153-f304be66-0 successfully owned partition 0 for topic earth_to_curiosity_3
16685 [Thread-2] INFO kafka.consumer.ZookeeperConsumerConnector  - [space.exploration.mars.newRover_zion-mainframe-1508206746153-f304be66], Consumer space.exploration.mars.newRover_zion-mainframe-1508206746153-f304be66 selected partitions : earth_to_curiosity_3:0: fetched offset = 139: consumed offset = 139
16687 [space.exploration.mars.newRover_zion-mainframe-1508206746153-f304be66-leader-finder-thread] INFO kafka.consumer.ConsumerFetcherManager$LeaderFinderThread  - [space.exploration.mars.newRover_zion-mainframe-1508206746153-f304be66-leader-finder-thread], Starting 
16688 [Thread-2] INFO kafka.consumer.ZookeeperConsumerConnector  - [space.exploration.mars.newRover_zion-mainframe-1508206746153-f304be66], end rebalancing consumer space.exploration.mars.newRover_zion-mainframe-1508206746153-f304be66 try #0
16699 [space.exploration.mars.newRover_zion-mainframe-1508206746153-f304be66-leader-finder-thread] INFO kafka.utils.VerifiableProperties  - Verifying properties
16700 [space.exploration.mars.newRover_zion-mainframe-1508206746153-f304be66-leader-finder-thread] INFO kafka.utils.VerifiableProperties  - Property client.id is overridden to space.exploration.mars.newRover
16700 [space.exploration.mars.newRover_zion-mainframe-1508206746153-f304be66-leader-finder-thread] INFO kafka.utils.VerifiableProperties  - Property metadata.broker.list is overridden to zion-mainframe:9092
16700 [space.exploration.mars.newRover_zion-mainframe-1508206746153-f304be66-leader-finder-thread] INFO kafka.utils.VerifiableProperties  - Property request.timeout.ms is overridden to 30000
16707 [space.exploration.mars.newRover_zion-mainframe-1508206746153-f304be66-leader-finder-thread] INFO kafka.client.ClientUtils$  - Fetching metadata from broker BrokerEndPoint(0,zion-mainframe,9092) with correlation id 0 for 1 topic(s) Set(earth_to_curiosity_3)
16710 [space.exploration.mars.newRover_zion-mainframe-1508206746153-f304be66-leader-finder-thread] INFO kafka.producer.SyncProducer  - Connected to zion-mainframe:9092 for producing
16721 [space.exploration.mars.newRover_zion-mainframe-1508206746153-f304be66-leader-finder-thread] INFO kafka.producer.SyncProducer  - Disconnecting from zion-mainframe:9092
16739 [ConsumerFetcherThread-space.exploration.mars.newRover_zion-mainframe-1508206746153-f304be66-0-0] INFO kafka.consumer.ConsumerFetcherThread  - [ConsumerFetcherThread-space.exploration.mars.newRover_zion-mainframe-1508206746153-f304be66-0-0], Starting 
16741 [space.exploration.mars.newRover_zion-mainframe-1508206746153-f304be66-leader-finder-thread] INFO kafka.consumer.ConsumerFetcherManager  - [ConsumerFetcherManager-1508206746184] Added fetcher for partitions ArrayBuffer([[earth_to_curiosity_3,0], initOffset 139 to broker BrokerEndPoint(0,zion-mainframe,9092)] )
30611 [pool-3-thread-1] INFO space.exploration.mars.rover.animation.SleepingAnimationEngine  - Rover is sleeping now
33040 [Thread-2] INFO space.exploration.mars.rover.kernel.SleepingState  - Awaking from sleeping state
33040 [Thread-2] INFO space.exploration.mars.rover.animation.SleepingAnimationEngine  - Waking up rover
42183 [Thread-2] INFO space.exploration.mars.rover.kernel.ListeningState  - 1508206771917,9,PerformRadarScan Current instructionQueue length = 0
161107 [Thread-2] INFO space.exploration.mars.rover.kernel.ListeningState  - 1508206890841,10,MeasureWeather Current instructionQueue length = 0
161108 [Thread-2] INFO space.exploration.mars.rover.kernel.ListeningState  - Rover will try to get weather measurements - actual Curiosity Data
161108 [Thread-2] INFO space.exploration.mars.rover.kernel.WeatherSensingState  - Will get mars weather measurements
161403 [Thread-2] INFO space.exploration.mars.rover.utils.WeatherUtil  - wind_speed information not present
java.lang.NumberFormatException: For input string: "null"
	at sun.misc.FloatingDecimal.readJavaFormatString(FloatingDecimal.java:2043)
	at sun.misc.FloatingDecimal.parseDouble(FloatingDecimal.java:110)
	at java.lang.Double.parseDouble(Double.java:538)
	at space.exploration.mars.rover.utils.WeatherUtil.getweatherPayload(WeatherUtil.java:55)
	at space.exploration.mars.rover.dataUplink.WeatherQueryService.getResponse(WeatherQueryService.java:17)
	at space.exploration.mars.rover.kernel.WeatherSensingState.senseWeather(WeatherSensingState.java:53)
	at space.exploration.mars.rover.kernel.Rover.senseWeather(Rover.java:295)
	at space.exploration.mars.rover.kernel.ListeningState.receiveMessage(ListeningState.java:94)
	at space.exploration.mars.rover.kernel.Rover.receiveMessage(Rover.java:303)
	at space.exploration.mars.rover.communication.Radio.receiveMessage(Radio.java:57)
	at space.exploration.mars.rover.communication.Receiver.run(Receiver.java:60)
161404 [Thread-2] INFO space.exploration.mars.rover.utils.WeatherUtil  - wind_direction information not present
java.lang.NumberFormatException: For input string: "--"
	at sun.misc.FloatingDecimal.readJavaFormatString(FloatingDecimal.java:2043)
	at sun.misc.FloatingDecimal.parseDouble(FloatingDecimal.java:110)
	at java.lang.Double.parseDouble(Double.java:538)
	at space.exploration.mars.rover.utils.WeatherUtil.getweatherPayload(WeatherUtil.java:61)
	at space.exploration.mars.rover.dataUplink.WeatherQueryService.getResponse(WeatherQueryService.java:17)
	at space.exploration.mars.rover.kernel.WeatherSensingState.senseWeather(WeatherSensingState.java:53)
	at space.exploration.mars.rover.kernel.Rover.senseWeather(Rover.java:295)
	at space.exploration.mars.rover.kernel.ListeningState.receiveMessage(ListeningState.java:94)
	at space.exploration.mars.rover.kernel.Rover.receiveMessage(Rover.java:303)
	at space.exploration.mars.rover.communication.Radio.receiveMessage(Radio.java:57)
	at space.exploration.mars.rover.communication.Receiver.run(Receiver.java:60)
