19083 [main] INFO org.apache.kafka.clients.producer.ProducerConfig  - ProducerConfig values: 
	metric.reporters = []
	metadata.max.age.ms = 300000
	reconnect.backoff.ms = 50
	sasl.kerberos.ticket.renew.window.factor = 0.8
	bootstrap.servers = [localhost:9092]
	ssl.keystore.type = JKS
	sasl.mechanism = GSSAPI
	max.block.ms = 60000
	interceptor.classes = null
	ssl.truststore.password = null
	client.id = 
	ssl.endpoint.identification.algorithm = null
	request.timeout.ms = 30000
	acks = 1
	receive.buffer.bytes = 32768
	ssl.truststore.type = JKS
	retries = 0
	ssl.truststore.location = null
	ssl.keystore.password = null
	send.buffer.bytes = 131072
	compression.type = none
	metadata.fetch.timeout.ms = 60000
	retry.backoff.ms = 100
	sasl.kerberos.kinit.cmd = /usr/bin/kinit
	buffer.memory = 33554432
	timeout.ms = 30000
	key.serializer = class org.apache.kafka.common.serialization.StringSerializer
	sasl.kerberos.service.name = null
	sasl.kerberos.ticket.renew.jitter = 0.05
	ssl.trustmanager.algorithm = PKIX
	block.on.buffer.full = false
	ssl.key.password = null
	sasl.kerberos.min.time.before.relogin = 60000
	connections.max.idle.ms = 540000
	max.in.flight.requests.per.connection = 5
	metrics.num.samples = 2
	ssl.protocol = TLS
	ssl.provider = null
	ssl.enabled.protocols = [TLSv1.2, TLSv1.1, TLSv1]
	batch.size = 16384
	ssl.keystore.location = null
	ssl.cipher.suites = null
	security.protocol = PLAINTEXT
	max.request.size = 1048576
	value.serializer = class org.apache.kafka.common.serialization.ByteArraySerializer
	ssl.keymanager.algorithm = SunX509
	metrics.sample.window.ms = 30000
	partitioner.class = class org.apache.kafka.clients.producer.internals.DefaultPartitioner
	linger.ms = 0

19153 [main] INFO org.apache.kafka.clients.producer.ProducerConfig  - ProducerConfig values: 
	metric.reporters = []
	metadata.max.age.ms = 300000
	reconnect.backoff.ms = 50
	sasl.kerberos.ticket.renew.window.factor = 0.8
	bootstrap.servers = [localhost:9092]
	ssl.keystore.type = JKS
	sasl.mechanism = GSSAPI
	max.block.ms = 60000
	interceptor.classes = null
	ssl.truststore.password = null
	client.id = producer-1
	ssl.endpoint.identification.algorithm = null
	request.timeout.ms = 30000
	acks = 1
	receive.buffer.bytes = 32768
	ssl.truststore.type = JKS
	retries = 0
	ssl.truststore.location = null
	ssl.keystore.password = null
	send.buffer.bytes = 131072
	compression.type = none
	metadata.fetch.timeout.ms = 60000
	retry.backoff.ms = 100
	sasl.kerberos.kinit.cmd = /usr/bin/kinit
	buffer.memory = 33554432
	timeout.ms = 30000
	key.serializer = class org.apache.kafka.common.serialization.StringSerializer
	sasl.kerberos.service.name = null
	sasl.kerberos.ticket.renew.jitter = 0.05
	ssl.trustmanager.algorithm = PKIX
	block.on.buffer.full = false
	ssl.key.password = null
	sasl.kerberos.min.time.before.relogin = 60000
	connections.max.idle.ms = 540000
	max.in.flight.requests.per.connection = 5
	metrics.num.samples = 2
	ssl.protocol = TLS
	ssl.provider = null
	ssl.enabled.protocols = [TLSv1.2, TLSv1.1, TLSv1]
	batch.size = 16384
	ssl.keystore.location = null
	ssl.cipher.suites = null
	security.protocol = PLAINTEXT
	max.request.size = 1048576
	value.serializer = class org.apache.kafka.common.serialization.ByteArraySerializer
	ssl.keymanager.algorithm = SunX509
	metrics.sample.window.ms = 30000
	partitioner.class = class org.apache.kafka.clients.producer.internals.DefaultPartitioner
	linger.ms = 0

19153 [main] WARN org.apache.kafka.clients.producer.ProducerConfig  - The configuration zookeeper.connect = localhost:2181 was supplied but isn't a known config.
19153 [main] WARN org.apache.kafka.clients.producer.ProducerConfig  - The configuration group.id = space.exploration.mars.newRover was supplied but isn't a known config.
19153 [main] WARN org.apache.kafka.clients.producer.ProducerConfig  - The configuration source.topic = earth_to_curiosity_3 was supplied but isn't a known config.
19153 [main] WARN org.apache.kafka.clients.producer.ProducerConfig  - The configuration auto.offset.reset = largest was supplied but isn't a known config.
19153 [main] WARN org.apache.kafka.clients.producer.ProducerConfig  - The configuration metadata.broker.list = localhost:9092 was supplied but isn't a known config.
19153 [main] WARN org.apache.kafka.clients.producer.ProducerConfig  - The configuration destination.topic = curiosity_to_earth_3 was supplied but isn't a known config.
19154 [main] INFO org.apache.kafka.common.utils.AppInfoParser  - Kafka version : 0.10.0.1
19154 [main] INFO org.apache.kafka.common.utils.AppInfoParser  - Kafka commitId : a7a17cdec9eaa6c5
19271 [main] INFO kafka.utils.VerifiableProperties  - Verifying properties
19292 [main] INFO kafka.utils.VerifiableProperties  - Property auto.offset.reset is overridden to largest
19292 [main] WARN kafka.utils.VerifiableProperties  - Property bootstrap.servers is not valid
19292 [main] WARN kafka.utils.VerifiableProperties  - Property destination.topic is not valid
19292 [main] INFO kafka.utils.VerifiableProperties  - Property group.id is overridden to space.exploration.mars.newRover
19292 [main] WARN kafka.utils.VerifiableProperties  - Property key.serializer is not valid
19292 [main] WARN kafka.utils.VerifiableProperties  - Property metadata.broker.list is not valid
19292 [main] WARN kafka.utils.VerifiableProperties  - Property source.topic is not valid
19293 [main] WARN kafka.utils.VerifiableProperties  - Property value.serializer is not valid
19293 [main] INFO kafka.utils.VerifiableProperties  - Property zookeeper.connect is overridden to localhost:2181
19322 [main] INFO kafka.consumer.ZookeeperConsumerConnector  - [space.exploration.mars.newRover_zion-portable-1509725034608-be5b2244], Connecting to zookeeper instance at localhost:2181
19329 [ZkClient-EventThread-26-localhost:2181] INFO org.I0Itec.zkclient.ZkEventThread  - Starting ZkClient event thread.
19333 [main] INFO org.apache.zookeeper.ZooKeeper  - Client environment:zookeeper.version=3.4.6-1569965, built on 02/20/2014 09:09 GMT
19333 [main] INFO org.apache.zookeeper.ZooKeeper  - Client environment:host.name=zion-portable
19333 [main] INFO org.apache.zookeeper.ZooKeeper  - Client environment:java.version=1.8.0_131
19333 [main] INFO org.apache.zookeeper.ZooKeeper  - Client environment:java.vendor=Oracle Corporation
19333 [main] INFO org.apache.zookeeper.ZooKeeper  - Client environment:java.home=/usr/lib/jvm/java-8-openjdk-amd64/jre
19333 [main] INFO org.apache.zookeeper.ZooKeeper  - Client environment:java.class.path=target/mars.rover-0.0.1-SOLSHOT-shaded.jar
19333 [main] INFO org.apache.zookeeper.ZooKeeper  - Client environment:java.library.path=/usr/java/packages/lib/amd64:/usr/lib/x86_64-linux-gnu/jni:/lib/x86_64-linux-gnu:/usr/lib/x86_64-linux-gnu:/usr/lib/jni:/lib:/usr/lib
19333 [main] INFO org.apache.zookeeper.ZooKeeper  - Client environment:java.io.tmpdir=/tmp
19333 [main] INFO org.apache.zookeeper.ZooKeeper  - Client environment:java.compiler=<NA>
19333 [main] INFO org.apache.zookeeper.ZooKeeper  - Client environment:os.name=Linux
19333 [main] INFO org.apache.zookeeper.ZooKeeper  - Client environment:os.arch=amd64
19333 [main] INFO org.apache.zookeeper.ZooKeeper  - Client environment:os.version=4.10.0-37-generic
19333 [main] INFO org.apache.zookeeper.ZooKeeper  - Client environment:user.name=sanket
19333 [main] INFO org.apache.zookeeper.ZooKeeper  - Client environment:user.home=/home/sanket
19333 [main] INFO org.apache.zookeeper.ZooKeeper  - Client environment:user.dir=/home/sanket/Documents/workspace/MarsRover/mars.rover
19333 [main] INFO org.apache.zookeeper.ZooKeeper  - Initiating client connection, connectString=localhost:2181 sessionTimeout=6000 watcher=org.I0Itec.zkclient.ZkClient@639c2c1d
19340 [main] INFO org.I0Itec.zkclient.ZkClient  - Waiting for keeper state SyncConnected
19343 [main-SendThread(localhost:2181)] INFO org.apache.zookeeper.ClientCnxn  - Opening socket connection to server localhost/127.0.0.1:2181. Will not attempt to authenticate using SASL (unknown error)
19346 [main-SendThread(localhost:2181)] INFO org.apache.zookeeper.ClientCnxn  - Socket connection established to localhost/127.0.0.1:2181, initiating session
19352 [main-SendThread(localhost:2181)] INFO org.apache.zookeeper.ClientCnxn  - Session establishment complete on server localhost/127.0.0.1:2181, sessionid = 0x15f829ea3f00002, negotiated timeout = 6000
19353 [main-EventThread] INFO org.I0Itec.zkclient.ZkClient  - zookeeper state changed (SyncConnected)
19362 [main] INFO kafka.consumer.ZookeeperConsumerConnector  - [space.exploration.mars.newRover_zion-portable-1509725034608-be5b2244], starting auto committer every 60000 ms
19414 [Thread-2] INFO kafka.consumer.ZookeeperConsumerConnector  - [space.exploration.mars.newRover_zion-portable-1509725034608-be5b2244], begin registering consumer space.exploration.mars.newRover_zion-portable-1509725034608-be5b2244 in ZK
19437 [Thread-2] INFO kafka.utils.ZKCheckedEphemeral  - Creating /consumers/space.exploration.mars.newRover/ids/space.exploration.mars.newRover_zion-portable-1509725034608-be5b2244 (is it secure? false)
19446 [Thread-2] INFO kafka.utils.ZKCheckedEphemeral  - Result of znode creation is: OK
19446 [Thread-2] INFO kafka.consumer.ZookeeperConsumerConnector  - [space.exploration.mars.newRover_zion-portable-1509725034608-be5b2244], end registering consumer space.exploration.mars.newRover_zion-portable-1509725034608-be5b2244 in ZK
19449 [space.exploration.mars.newRover_zion-portable-1509725034608-be5b2244_watcher_executor] INFO kafka.consumer.ZookeeperConsumerConnector  - [space.exploration.mars.newRover_zion-portable-1509725034608-be5b2244], starting watcher executor thread for consumer space.exploration.mars.newRover_zion-portable-1509725034608-be5b2244
19463 [Thread-2] INFO kafka.consumer.ZookeeperConsumerConnector  - [space.exploration.mars.newRover_zion-portable-1509725034608-be5b2244], begin rebalancing consumer space.exploration.mars.newRover_zion-portable-1509725034608-be5b2244 try #0
19537 [Thread-2] INFO kafka.consumer.ConsumerFetcherManager  - [ConsumerFetcherManager-1509725034647] Stopping leader finder thread
19538 [Thread-2] INFO kafka.consumer.ConsumerFetcherManager  - [ConsumerFetcherManager-1509725034647] Stopping all fetchers
19538 [Thread-2] INFO kafka.consumer.ConsumerFetcherManager  - [ConsumerFetcherManager-1509725034647] All connections stopped
19539 [Thread-2] INFO kafka.consumer.ZookeeperConsumerConnector  - [space.exploration.mars.newRover_zion-portable-1509725034608-be5b2244], Cleared all relevant queues for this fetcher
19539 [Thread-2] INFO kafka.consumer.ZookeeperConsumerConnector  - [space.exploration.mars.newRover_zion-portable-1509725034608-be5b2244], Cleared the data chunks in all the consumer message iterators
19539 [Thread-2] INFO kafka.consumer.ZookeeperConsumerConnector  - [space.exploration.mars.newRover_zion-portable-1509725034608-be5b2244], Committing all offsets after clearing the fetcher queues
19540 [Thread-2] INFO kafka.consumer.ZookeeperConsumerConnector  - [space.exploration.mars.newRover_zion-portable-1509725034608-be5b2244], Releasing partition ownership
19560 [Thread-2] INFO kafka.consumer.RangeAssignor  - Consumer space.exploration.mars.newRover_zion-portable-1509725034608-be5b2244 rebalancing the following partitions: ArrayBuffer() for topic earth_to_curiosity_3 with consumers: List(space.exploration.mars.newRover_zion-portable-1509725034608-be5b2244-0)
19561 [Thread-2] WARN kafka.consumer.RangeAssignor  - No broker partitions consumed by consumer thread space.exploration.mars.newRover_zion-portable-1509725034608-be5b2244-0 for topic earth_to_curiosity_3
19569 [Thread-2] INFO kafka.consumer.ZookeeperConsumerConnector  - [space.exploration.mars.newRover_zion-portable-1509725034608-be5b2244], Consumer space.exploration.mars.newRover_zion-portable-1509725034608-be5b2244 selected partitions : 
19570 [space.exploration.mars.newRover_zion-portable-1509725034608-be5b2244-leader-finder-thread] INFO kafka.consumer.ConsumerFetcherManager$LeaderFinderThread  - [space.exploration.mars.newRover_zion-portable-1509725034608-be5b2244-leader-finder-thread], Starting 
19571 [Thread-2] INFO kafka.consumer.ZookeeperConsumerConnector  - [space.exploration.mars.newRover_zion-portable-1509725034608-be5b2244], end rebalancing consumer space.exploration.mars.newRover_zion-portable-1509725034608-be5b2244 try #0
37444 [kafka-producer-network-thread | producer-1] WARN org.apache.kafka.clients.NetworkClient  - Error while fetching metadata with correlation id 0 : {curiosity_to_earth_3=LEADER_NOT_AVAILABLE}
37559 [kafka-producer-network-thread | producer-1] WARN org.apache.kafka.clients.NetworkClient  - Error while fetching metadata with correlation id 1 : {curiosity_to_earth_3=LEADER_NOT_AVAILABLE}
40674 [pool-3-thread-1] INFO space.exploration.mars.rover.animation.SleepingAnimationEngine  - Rover is sleeping now
55981 [pool-2-thread-1] INFO space.exploration.mars.rover.diagnostics.Pacemaker  - Diagnostics inhibited because rover is sleeping to conserve battery Current instructionQueue length = 0
56985 [pool-3-thread-1] INFO space.exploration.mars.rover.diagnostics.SleepMonitor  - Awakening rover from slumber
56985 [pool-3-thread-1] INFO space.exploration.mars.rover.animation.SleepingAnimationEngine  - Waking up rover
191507 [pool-3-thread-1] INFO space.exploration.mars.rover.animation.SleepingAnimationEngine  - Rover is sleeping now
235981 [pool-2-thread-1] INFO space.exploration.mars.rover.diagnostics.Pacemaker  - Diagnostics inhibited because rover is sleeping to conserve battery Current instructionQueue length = 0
295981 [pool-2-thread-1] INFO space.exploration.mars.rover.diagnostics.Pacemaker  - Diagnostics inhibited because rover is sleeping to conserve battery Current instructionQueue length = 0
355981 [pool-2-thread-1] INFO space.exploration.mars.rover.diagnostics.Pacemaker  - Diagnostics inhibited because rover is sleeping to conserve battery Current instructionQueue length = 0
415981 [pool-2-thread-1] INFO space.exploration.mars.rover.diagnostics.Pacemaker  - Diagnostics inhibited because rover is sleeping to conserve battery Current instructionQueue length = 0
475981 [pool-2-thread-1] INFO space.exploration.mars.rover.diagnostics.Pacemaker  - Diagnostics inhibited because rover is sleeping to conserve battery Current instructionQueue length = 0
535981 [pool-2-thread-1] INFO space.exploration.mars.rover.diagnostics.Pacemaker  - Diagnostics inhibited because rover is sleeping to conserve battery Current instructionQueue length = 0
536985 [pool-3-thread-1] INFO space.exploration.mars.rover.diagnostics.SleepMonitor  - Awakening rover from slumber
536985 [pool-3-thread-1] INFO space.exploration.mars.rover.animation.SleepingAnimationEngine  - Waking up rover
668745 [pool-3-thread-1] INFO space.exploration.mars.rover.animation.SleepingAnimationEngine  - Rover is sleeping now
715981 [pool-2-thread-1] INFO space.exploration.mars.rover.diagnostics.Pacemaker  - Diagnostics inhibited because rover is sleeping to conserve battery Current instructionQueue length = 0
775981 [pool-2-thread-1] INFO space.exploration.mars.rover.diagnostics.Pacemaker  - Diagnostics inhibited because rover is sleeping to conserve battery Current instructionQueue length = 0
835981 [pool-2-thread-1] INFO space.exploration.mars.rover.diagnostics.Pacemaker  - Diagnostics inhibited because rover is sleeping to conserve battery Current instructionQueue length = 0
895981 [pool-2-thread-1] INFO space.exploration.mars.rover.diagnostics.Pacemaker  - Diagnostics inhibited because rover is sleeping to conserve battery Current instructionQueue length = 0
955981 [pool-2-thread-1] INFO space.exploration.mars.rover.diagnostics.Pacemaker  - Diagnostics inhibited because rover is sleeping to conserve battery Current instructionQueue length = 0
1015981 [pool-2-thread-1] INFO space.exploration.mars.rover.diagnostics.Pacemaker  - Diagnostics inhibited because rover is sleeping to conserve battery Current instructionQueue length = 0
1016985 [pool-3-thread-1] INFO space.exploration.mars.rover.diagnostics.SleepMonitor  - Awakening rover from slumber
1016985 [pool-3-thread-1] INFO space.exploration.mars.rover.animation.SleepingAnimationEngine  - Waking up rover
1160364 [pool-3-thread-1] INFO space.exploration.mars.rover.animation.SleepingAnimationEngine  - Rover is sleeping now
1195981 [pool-2-thread-1] INFO space.exploration.mars.rover.diagnostics.Pacemaker  - Diagnostics inhibited because rover is sleeping to conserve battery Current instructionQueue length = 0
1255981 [pool-2-thread-1] INFO space.exploration.mars.rover.diagnostics.Pacemaker  - Diagnostics inhibited because rover is sleeping to conserve battery Current instructionQueue length = 0
1315981 [pool-2-thread-1] INFO space.exploration.mars.rover.diagnostics.Pacemaker  - Diagnostics inhibited because rover is sleeping to conserve battery Current instructionQueue length = 0
1375981 [pool-2-thread-1] INFO space.exploration.mars.rover.diagnostics.Pacemaker  - Diagnostics inhibited because rover is sleeping to conserve battery Current instructionQueue length = 0
1435981 [pool-2-thread-1] INFO space.exploration.mars.rover.diagnostics.Pacemaker  - Diagnostics inhibited because rover is sleeping to conserve battery Current instructionQueue length = 0
1495981 [pool-2-thread-1] INFO space.exploration.mars.rover.diagnostics.Pacemaker  - Diagnostics inhibited because rover is sleeping to conserve battery Current instructionQueue length = 0
1496984 [pool-3-thread-1] INFO space.exploration.mars.rover.diagnostics.SleepMonitor  - Awakening rover from slumber
1496985 [pool-3-thread-1] INFO space.exploration.mars.rover.animation.SleepingAnimationEngine  - Waking up rover
1631325 [pool-3-thread-1] INFO space.exploration.mars.rover.animation.SleepingAnimationEngine  - Rover is sleeping now
1675508 [pool-2-thread-1] INFO space.exploration.mars.rover.diagnostics.Pacemaker  - Diagnostics inhibited because rover is sleeping to conserve battery Current instructionQueue length = 0
1735509 [pool-2-thread-1] INFO space.exploration.mars.rover.diagnostics.Pacemaker  - Diagnostics inhibited because rover is sleeping to conserve battery Current instructionQueue length = 0
1795509 [pool-2-thread-1] INFO space.exploration.mars.rover.diagnostics.Pacemaker  - Diagnostics inhibited because rover is sleeping to conserve battery Current instructionQueue length = 0
1855509 [pool-2-thread-1] INFO space.exploration.mars.rover.diagnostics.Pacemaker  - Diagnostics inhibited because rover is sleeping to conserve battery Current instructionQueue length = 0
1915509 [pool-2-thread-1] INFO space.exploration.mars.rover.diagnostics.Pacemaker  - Diagnostics inhibited because rover is sleeping to conserve battery Current instructionQueue length = 0
1975509 [pool-2-thread-1] INFO space.exploration.mars.rover.diagnostics.Pacemaker  - Diagnostics inhibited because rover is sleeping to conserve battery Current instructionQueue length = 0
1976512 [pool-3-thread-1] INFO space.exploration.mars.rover.diagnostics.SleepMonitor  - Awakening rover from slumber
1976513 [pool-3-thread-1] INFO space.exploration.mars.rover.animation.SleepingAnimationEngine  - Waking up rover
2075590 [ZkClient-EventThread-26-localhost:2181] INFO kafka.consumer.ZookeeperConsumerConnector  - [space.exploration.mars.newRover_zion-portable-1509725034608-be5b2244], Topic info for path /brokers/topics/earth_to_curiosity_3 changed to {"version":1,"partitions":{"0":[0]}}, triggering rebalance
2075590 [space.exploration.mars.newRover_zion-portable-1509725034608-be5b2244_watcher_executor] INFO kafka.consumer.ZookeeperConsumerConnector  - [space.exploration.mars.newRover_zion-portable-1509725034608-be5b2244], begin rebalancing consumer space.exploration.mars.newRover_zion-portable-1509725034608-be5b2244 try #0
2075628 [space.exploration.mars.newRover_zion-portable-1509725034608-be5b2244_watcher_executor] INFO kafka.consumer.ConsumerFetcherManager  - [ConsumerFetcherManager-1509725034647] Stopping leader finder thread
2075629 [space.exploration.mars.newRover_zion-portable-1509725034608-be5b2244_watcher_executor] INFO kafka.consumer.ConsumerFetcherManager$LeaderFinderThread  - [space.exploration.mars.newRover_zion-portable-1509725034608-be5b2244-leader-finder-thread], Shutting down
2075641 [space.exploration.mars.newRover_zion-portable-1509725034608-be5b2244-leader-finder-thread] INFO kafka.consumer.ConsumerFetcherManager$LeaderFinderThread  - [space.exploration.mars.newRover_zion-portable-1509725034608-be5b2244-leader-finder-thread], Stopped 
2075652 [space.exploration.mars.newRover_zion-portable-1509725034608-be5b2244_watcher_executor] INFO kafka.consumer.ConsumerFetcherManager$LeaderFinderThread  - [space.exploration.mars.newRover_zion-portable-1509725034608-be5b2244-leader-finder-thread], Shutdown completed
2075652 [space.exploration.mars.newRover_zion-portable-1509725034608-be5b2244_watcher_executor] INFO kafka.consumer.ConsumerFetcherManager  - [ConsumerFetcherManager-1509725034647] Stopping all fetchers
2075652 [space.exploration.mars.newRover_zion-portable-1509725034608-be5b2244_watcher_executor] INFO kafka.consumer.ConsumerFetcherManager  - [ConsumerFetcherManager-1509725034647] All connections stopped
2075652 [space.exploration.mars.newRover_zion-portable-1509725034608-be5b2244_watcher_executor] INFO kafka.consumer.ZookeeperConsumerConnector  - [space.exploration.mars.newRover_zion-portable-1509725034608-be5b2244], Cleared all relevant queues for this fetcher
2075653 [space.exploration.mars.newRover_zion-portable-1509725034608-be5b2244_watcher_executor] INFO kafka.consumer.ZookeeperConsumerConnector  - [space.exploration.mars.newRover_zion-portable-1509725034608-be5b2244], Cleared the data chunks in all the consumer message iterators
2075653 [space.exploration.mars.newRover_zion-portable-1509725034608-be5b2244_watcher_executor] INFO kafka.consumer.ZookeeperConsumerConnector  - [space.exploration.mars.newRover_zion-portable-1509725034608-be5b2244], Committing all offsets after clearing the fetcher queues
2075659 [space.exploration.mars.newRover_zion-portable-1509725034608-be5b2244_watcher_executor] INFO kafka.consumer.ZookeeperConsumerConnector  - [space.exploration.mars.newRover_zion-portable-1509725034608-be5b2244], Releasing partition ownership
2075693 [space.exploration.mars.newRover_zion-portable-1509725034608-be5b2244_watcher_executor] INFO kafka.consumer.RangeAssignor  - Consumer space.exploration.mars.newRover_zion-portable-1509725034608-be5b2244 rebalancing the following partitions: ArrayBuffer(0) for topic earth_to_curiosity_3 with consumers: List(space.exploration.mars.newRover_zion-portable-1509725034608-be5b2244-0)
2075694 [space.exploration.mars.newRover_zion-portable-1509725034608-be5b2244_watcher_executor] INFO kafka.consumer.RangeAssignor  - space.exploration.mars.newRover_zion-portable-1509725034608-be5b2244-0 attempting to claim partition 0
2075745 [space.exploration.mars.newRover_zion-portable-1509725034608-be5b2244_watcher_executor] INFO kafka.consumer.ZookeeperConsumerConnector  - [space.exploration.mars.newRover_zion-portable-1509725034608-be5b2244], space.exploration.mars.newRover_zion-portable-1509725034608-be5b2244-0 successfully owned partition 0 for topic earth_to_curiosity_3
2075752 [space.exploration.mars.newRover_zion-portable-1509725034608-be5b2244_watcher_executor] INFO kafka.consumer.ZookeeperConsumerConnector  - [space.exploration.mars.newRover_zion-portable-1509725034608-be5b2244], Consumer space.exploration.mars.newRover_zion-portable-1509725034608-be5b2244 selected partitions : earth_to_curiosity_3:0: fetched offset = -1: consumed offset = -1
2075752 [space.exploration.mars.newRover_zion-portable-1509725034608-be5b2244_watcher_executor] INFO kafka.consumer.ZookeeperConsumerConnector  - [space.exploration.mars.newRover_zion-portable-1509725034608-be5b2244], end rebalancing consumer space.exploration.mars.newRover_zion-portable-1509725034608-be5b2244 try #0
2075755 [space.exploration.mars.newRover_zion-portable-1509725034608-be5b2244-leader-finder-thread] INFO kafka.consumer.ConsumerFetcherManager$LeaderFinderThread  - [space.exploration.mars.newRover_zion-portable-1509725034608-be5b2244-leader-finder-thread], Starting 
2075816 [space.exploration.mars.newRover_zion-portable-1509725034608-be5b2244-leader-finder-thread] INFO kafka.utils.VerifiableProperties  - Verifying properties
2075816 [space.exploration.mars.newRover_zion-portable-1509725034608-be5b2244-leader-finder-thread] INFO kafka.utils.VerifiableProperties  - Property client.id is overridden to space.exploration.mars.newRover
2075817 [space.exploration.mars.newRover_zion-portable-1509725034608-be5b2244-leader-finder-thread] INFO kafka.utils.VerifiableProperties  - Property metadata.broker.list is overridden to zion-portable:9092
2075817 [space.exploration.mars.newRover_zion-portable-1509725034608-be5b2244-leader-finder-thread] INFO kafka.utils.VerifiableProperties  - Property request.timeout.ms is overridden to 30000
2075832 [space.exploration.mars.newRover_zion-portable-1509725034608-be5b2244-leader-finder-thread] INFO kafka.client.ClientUtils$  - Fetching metadata from broker BrokerEndPoint(0,zion-portable,9092) with correlation id 0 for 1 topic(s) Set(earth_to_curiosity_3)
2075838 [space.exploration.mars.newRover_zion-portable-1509725034608-be5b2244-leader-finder-thread] INFO kafka.producer.SyncProducer  - Connected to zion-portable:9092 for producing
2075856 [space.exploration.mars.newRover_zion-portable-1509725034608-be5b2244-leader-finder-thread] INFO kafka.producer.SyncProducer  - Disconnecting from zion-portable:9092
2075860 [space.exploration.mars.newRover_zion-portable-1509725034608-be5b2244-leader-finder-thread] INFO kafka.consumer.ConsumerFetcherManager  - [ConsumerFetcherManager-1509725034647] Added fetcher for partitions ArrayBuffer()
2076064 [space.exploration.mars.newRover_zion-portable-1509725034608-be5b2244-leader-finder-thread] INFO kafka.utils.VerifiableProperties  - Verifying properties
2076064 [space.exploration.mars.newRover_zion-portable-1509725034608-be5b2244-leader-finder-thread] INFO kafka.utils.VerifiableProperties  - Property client.id is overridden to space.exploration.mars.newRover
2076064 [space.exploration.mars.newRover_zion-portable-1509725034608-be5b2244-leader-finder-thread] INFO kafka.utils.VerifiableProperties  - Property metadata.broker.list is overridden to zion-portable:9092
2076064 [space.exploration.mars.newRover_zion-portable-1509725034608-be5b2244-leader-finder-thread] INFO kafka.utils.VerifiableProperties  - Property request.timeout.ms is overridden to 30000
2076065 [space.exploration.mars.newRover_zion-portable-1509725034608-be5b2244-leader-finder-thread] INFO kafka.client.ClientUtils$  - Fetching metadata from broker BrokerEndPoint(0,zion-portable,9092) with correlation id 1 for 1 topic(s) Set(earth_to_curiosity_3)
2076065 [space.exploration.mars.newRover_zion-portable-1509725034608-be5b2244-leader-finder-thread] INFO kafka.producer.SyncProducer  - Connected to zion-portable:9092 for producing
2076067 [space.exploration.mars.newRover_zion-portable-1509725034608-be5b2244-leader-finder-thread] INFO kafka.producer.SyncProducer  - Disconnecting from zion-portable:9092
2076076 [ConsumerFetcherThread-space.exploration.mars.newRover_zion-portable-1509725034608-be5b2244-0-0] INFO kafka.consumer.ConsumerFetcherThread  - [ConsumerFetcherThread-space.exploration.mars.newRover_zion-portable-1509725034608-be5b2244-0-0], Starting 
2076088 [space.exploration.mars.newRover_zion-portable-1509725034608-be5b2244-leader-finder-thread] INFO kafka.consumer.ConsumerFetcherManager  - [ConsumerFetcherManager-1509725034647] Added fetcher for partitions ArrayBuffer([[earth_to_curiosity_3,0], initOffset -1 to broker BrokerEndPoint(0,zion-portable,9092)] )
2125858 [pool-3-thread-1] INFO space.exploration.mars.rover.animation.SleepingAnimationEngine  - Rover is sleeping now
2155509 [pool-2-thread-1] INFO space.exploration.mars.rover.diagnostics.Pacemaker  - Diagnostics inhibited because rover is sleeping to conserve battery Current instructionQueue length = 0
2206912 [Thread-2] INFO space.exploration.mars.rover.kernel.SleepingState  - Awaking from sleeping state
2206913 [Thread-2] INFO space.exploration.mars.rover.animation.SleepingAnimationEngine  - Waking up rover
2215986 [Thread-2] INFO space.exploration.mars.rover.kernel.ListeningState  - 1509727231273,0,ScanArea Current instructionQueue length = 0
2367426 [Thread-2] INFO space.exploration.mars.rover.kernel.ListeningState  - 1509727382713,1,Move Current instructionQueue length = 0
2367494 [Thread-2] INFO space.exploration.mars.rover.sensor.TelemetrySensor  - Telemetry relay commenced.
2384838 [Thread-2] INFO space.exploration.mars.rover.sensor.TelemetrySensor  - Telemetry relay stopped, number of telemetryDataPoints = 40
2453884 [Thread-2] INFO space.exploration.mars.rover.kernel.ListeningState  - 1509727469171,1,Move Current instructionQueue length = 0
2453885 [Thread-2] ERROR space.exploration.mars.rover.kernel.MovingState  - Destination passed in is invalid - intersects with a wall! x: 450
y: 400

2575242 [Thread-2] INFO space.exploration.mars.rover.kernel.ListeningState  - 1509727590529,0,ScanArea Current instructionQueue length = 0
2715876 [Thread-2] INFO space.exploration.mars.rover.kernel.ListeningState  - 1509727731163,8,ClickCamera Current instructionQueue length = 0
2833705 [Thread-2] INFO space.exploration.mars.rover.kernel.ListeningState  - 1509727848992,5,Explore Current instructionQueue length = 0
2971810 [Thread-2] INFO space.exploration.mars.rover.kernel.ListeningState  - 1509727987097,1,Move Current instructionQueue length = 0
2971858 [Thread-2] INFO space.exploration.mars.rover.sensor.TelemetrySensor  - Telemetry relay commenced.
2990209 [Thread-2] INFO space.exploration.mars.rover.sensor.TelemetrySensor  - Telemetry relay stopped, number of telemetryDataPoints = 43
3085432 [Thread-2] INFO space.exploration.mars.rover.kernel.ListeningState  - 1509728100719,5,Explore Current instructionQueue length = 0
3198143 [Thread-2] INFO space.exploration.mars.rover.kernel.ListeningState  - 1509728213430,0,ScanArea Current instructionQueue length = 0
3321754 [Thread-2] INFO space.exploration.mars.rover.kernel.ListeningState  - 1509728337041,8,ClickCamera Current instructionQueue length = 0
