0 [main] INFO space.exploration.mars.rover.kernel.SpacecraftClock  - Curiosity internal spacecraft clock started at :: 2016-01-01T00:00:00.000-06:00
0 [main] INFO space.exploration.mars.rover.kernel.SpacecraftClock  - Mission duration is set to :: 1 year(s).
0 [main] INFO space.exploration.mars.rover.kernel.SpacecraftClock  - Mission duration = 31536000000
21014 [main] INFO org.apache.kafka.clients.producer.ProducerConfig  - ProducerConfig values: 
	metric.reporters = []
	metadata.max.age.ms = 300000
	reconnect.backoff.ms = 50
	sasl.kerberos.ticket.renew.window.factor = 0.8
	bootstrap.servers = [localhost:9092]
	ssl.keystore.type = JKS
	sasl.mechanism = GSSAPI
	max.block.ms = 60000
	interceptor.classes = null
	ssl.truststore.password = null
	client.id = 
	ssl.endpoint.identification.algorithm = null
	request.timeout.ms = 30000
	acks = 1
	receive.buffer.bytes = 32768
	ssl.truststore.type = JKS
	retries = 0
	ssl.truststore.location = null
	ssl.keystore.password = null
	send.buffer.bytes = 131072
	compression.type = none
	metadata.fetch.timeout.ms = 60000
	retry.backoff.ms = 100
	sasl.kerberos.kinit.cmd = /usr/bin/kinit
	buffer.memory = 33554432
	timeout.ms = 30000
	key.serializer = class org.apache.kafka.common.serialization.StringSerializer
	sasl.kerberos.service.name = null
	sasl.kerberos.ticket.renew.jitter = 0.05
	ssl.trustmanager.algorithm = PKIX
	block.on.buffer.full = false
	ssl.key.password = null
	sasl.kerberos.min.time.before.relogin = 60000
	connections.max.idle.ms = 540000
	max.in.flight.requests.per.connection = 5
	metrics.num.samples = 2
	ssl.protocol = TLS
	ssl.provider = null
	ssl.enabled.protocols = [TLSv1.2, TLSv1.1, TLSv1]
	batch.size = 16384
	ssl.keystore.location = null
	ssl.cipher.suites = null
	security.protocol = PLAINTEXT
	max.request.size = 1048576
	value.serializer = class org.apache.kafka.common.serialization.ByteArraySerializer
	ssl.keymanager.algorithm = SunX509
	metrics.sample.window.ms = 30000
	partitioner.class = class org.apache.kafka.clients.producer.internals.DefaultPartitioner
	linger.ms = 0

21103 [main] INFO org.apache.kafka.clients.producer.ProducerConfig  - ProducerConfig values: 
	metric.reporters = []
	metadata.max.age.ms = 300000
	reconnect.backoff.ms = 50
	sasl.kerberos.ticket.renew.window.factor = 0.8
	bootstrap.servers = [localhost:9092]
	ssl.keystore.type = JKS
	sasl.mechanism = GSSAPI
	max.block.ms = 60000
	interceptor.classes = null
	ssl.truststore.password = null
	client.id = producer-1
	ssl.endpoint.identification.algorithm = null
	request.timeout.ms = 30000
	acks = 1
	receive.buffer.bytes = 32768
	ssl.truststore.type = JKS
	retries = 0
	ssl.truststore.location = null
	ssl.keystore.password = null
	send.buffer.bytes = 131072
	compression.type = none
	metadata.fetch.timeout.ms = 60000
	retry.backoff.ms = 100
	sasl.kerberos.kinit.cmd = /usr/bin/kinit
	buffer.memory = 33554432
	timeout.ms = 30000
	key.serializer = class org.apache.kafka.common.serialization.StringSerializer
	sasl.kerberos.service.name = null
	sasl.kerberos.ticket.renew.jitter = 0.05
	ssl.trustmanager.algorithm = PKIX
	block.on.buffer.full = false
	ssl.key.password = null
	sasl.kerberos.min.time.before.relogin = 60000
	connections.max.idle.ms = 540000
	max.in.flight.requests.per.connection = 5
	metrics.num.samples = 2
	ssl.protocol = TLS
	ssl.provider = null
	ssl.enabled.protocols = [TLSv1.2, TLSv1.1, TLSv1]
	batch.size = 16384
	ssl.keystore.location = null
	ssl.cipher.suites = null
	security.protocol = PLAINTEXT
	max.request.size = 1048576
	value.serializer = class org.apache.kafka.common.serialization.ByteArraySerializer
	ssl.keymanager.algorithm = SunX509
	metrics.sample.window.ms = 30000
	partitioner.class = class org.apache.kafka.clients.producer.internals.DefaultPartitioner
	linger.ms = 0

21104 [main] WARN org.apache.kafka.clients.producer.ProducerConfig  - The configuration zookeeper.connect = localhost:2181 was supplied but isn't a known config.
21104 [main] WARN org.apache.kafka.clients.producer.ProducerConfig  - The configuration group.id = space.exploration.mars.newRover was supplied but isn't a known config.
21104 [main] WARN org.apache.kafka.clients.producer.ProducerConfig  - The configuration source.topic = earth_to_curiosity_4 was supplied but isn't a known config.
21104 [main] WARN org.apache.kafka.clients.producer.ProducerConfig  - The configuration auto.offset.reset = largest was supplied but isn't a known config.
21104 [main] WARN org.apache.kafka.clients.producer.ProducerConfig  - The configuration metadata.broker.list = localhost:9092 was supplied but isn't a known config.
21104 [main] WARN org.apache.kafka.clients.producer.ProducerConfig  - The configuration destination.topic = curiosity_to_earth_4 was supplied but isn't a known config.
21105 [main] INFO org.apache.kafka.common.utils.AppInfoParser  - Kafka version : 0.10.0.1
21105 [main] INFO org.apache.kafka.common.utils.AppInfoParser  - Kafka commitId : a7a17cdec9eaa6c5
21197 [main] INFO kafka.utils.VerifiableProperties  - Verifying properties
21215 [main] INFO kafka.utils.VerifiableProperties  - Property auto.offset.reset is overridden to largest
21215 [main] WARN kafka.utils.VerifiableProperties  - Property bootstrap.servers is not valid
21216 [main] WARN kafka.utils.VerifiableProperties  - Property destination.topic is not valid
21216 [main] INFO kafka.utils.VerifiableProperties  - Property group.id is overridden to space.exploration.mars.newRover
21216 [main] WARN kafka.utils.VerifiableProperties  - Property key.serializer is not valid
21216 [main] WARN kafka.utils.VerifiableProperties  - Property metadata.broker.list is not valid
21216 [main] WARN kafka.utils.VerifiableProperties  - Property source.topic is not valid
21216 [main] WARN kafka.utils.VerifiableProperties  - Property value.serializer is not valid
21216 [main] INFO kafka.utils.VerifiableProperties  - Property zookeeper.connect is overridden to localhost:2181
21241 [main] INFO kafka.consumer.ZookeeperConsumerConnector  - [space.exploration.mars.newRover_zion-mainframe-1511239736617-c29cb2d5], Connecting to zookeeper instance at localhost:2181
21246 [ZkClient-EventThread-26-localhost:2181] INFO org.I0Itec.zkclient.ZkEventThread  - Starting ZkClient event thread.
21249 [main] INFO org.apache.zookeeper.ZooKeeper  - Client environment:zookeeper.version=3.4.6-1569965, built on 02/20/2014 09:09 GMT
21249 [main] INFO org.apache.zookeeper.ZooKeeper  - Client environment:host.name=zion-mainframe
21249 [main] INFO org.apache.zookeeper.ZooKeeper  - Client environment:java.version=1.8.0_151
21249 [main] INFO org.apache.zookeeper.ZooKeeper  - Client environment:java.vendor=Oracle Corporation
21249 [main] INFO org.apache.zookeeper.ZooKeeper  - Client environment:java.home=/usr/lib/jvm/java-8-openjdk-amd64/jre
21249 [main] INFO org.apache.zookeeper.ZooKeeper  - Client environment:java.class.path=target/mars.rover-1.1.0-SOLSHOT-shaded.jar
21249 [main] INFO org.apache.zookeeper.ZooKeeper  - Client environment:java.library.path=$LD_LIBRARY_PATH:"/home/sanket/Documents/workspace/SpiceUtilities/src/main/resources/JNISpice/lib/libJNISpice.so":/home/sanket/Documents/workspace/SpiceUtilities/src/main/resources/JNISpice/lib/libJNISpice.so:/usr/java/packages/lib/amd64:/usr/lib/x86_64-linux-gnu/jni:/lib/x86_64-linux-gnu:/usr/lib/x86_64-linux-gnu:/usr/lib/jni:/lib:/usr/lib
21249 [main] INFO org.apache.zookeeper.ZooKeeper  - Client environment:java.io.tmpdir=/tmp
21249 [main] INFO org.apache.zookeeper.ZooKeeper  - Client environment:java.compiler=<NA>
21249 [main] INFO org.apache.zookeeper.ZooKeeper  - Client environment:os.name=Linux
21249 [main] INFO org.apache.zookeeper.ZooKeeper  - Client environment:os.arch=amd64
21249 [main] INFO org.apache.zookeeper.ZooKeeper  - Client environment:os.version=4.10.0-38-generic
21249 [main] INFO org.apache.zookeeper.ZooKeeper  - Client environment:user.name=sanket
21249 [main] INFO org.apache.zookeeper.ZooKeeper  - Client environment:user.home=/home/sanket
21249 [main] INFO org.apache.zookeeper.ZooKeeper  - Client environment:user.dir=/home/sanket/Documents/workspace/MarsRover/mars.rover
21249 [main] INFO org.apache.zookeeper.ZooKeeper  - Initiating client connection, connectString=localhost:2181 sessionTimeout=6000 watcher=org.I0Itec.zkclient.ZkClient@1757cd72
21285 [main] INFO org.I0Itec.zkclient.ZkClient  - Waiting for keeper state SyncConnected
21287 [main-SendThread(localhost:2181)] INFO org.apache.zookeeper.ClientCnxn  - Opening socket connection to server localhost/127.0.0.1:2181. Will not attempt to authenticate using SASL (unknown error)
21290 [main-SendThread(localhost:2181)] INFO org.apache.zookeeper.ClientCnxn  - Socket connection established to localhost/127.0.0.1:2181, initiating session
21294 [main-SendThread(localhost:2181)] INFO org.apache.zookeeper.ClientCnxn  - Session establishment complete on server localhost/127.0.0.1:2181, sessionid = 0x15fd568a77d0011, negotiated timeout = 6000
21295 [main-EventThread] INFO org.I0Itec.zkclient.ZkClient  - zookeeper state changed (SyncConnected)
21301 [main] INFO kafka.consumer.ZookeeperConsumerConnector  - [space.exploration.mars.newRover_zion-mainframe-1511239736617-c29cb2d5], starting auto committer every 60000 ms
21319 [Thread-2] INFO kafka.consumer.ZookeeperConsumerConnector  - [space.exploration.mars.newRover_zion-mainframe-1511239736617-c29cb2d5], begin registering consumer space.exploration.mars.newRover_zion-mainframe-1511239736617-c29cb2d5 in ZK
21340 [Thread-2] INFO kafka.utils.ZKCheckedEphemeral  - Creating /consumers/space.exploration.mars.newRover/ids/space.exploration.mars.newRover_zion-mainframe-1511239736617-c29cb2d5 (is it secure? false)
21351 [Thread-2] INFO kafka.utils.ZKCheckedEphemeral  - Result of znode creation is: OK
21351 [Thread-2] INFO kafka.consumer.ZookeeperConsumerConnector  - [space.exploration.mars.newRover_zion-mainframe-1511239736617-c29cb2d5], end registering consumer space.exploration.mars.newRover_zion-mainframe-1511239736617-c29cb2d5 in ZK
21355 [space.exploration.mars.newRover_zion-mainframe-1511239736617-c29cb2d5_watcher_executor] INFO kafka.consumer.ZookeeperConsumerConnector  - [space.exploration.mars.newRover_zion-mainframe-1511239736617-c29cb2d5], starting watcher executor thread for consumer space.exploration.mars.newRover_zion-mainframe-1511239736617-c29cb2d5
21366 [Thread-2] INFO kafka.consumer.ZookeeperConsumerConnector  - [space.exploration.mars.newRover_zion-mainframe-1511239736617-c29cb2d5], begin rebalancing consumer space.exploration.mars.newRover_zion-mainframe-1511239736617-c29cb2d5 try #0
21439 [Thread-2] INFO kafka.consumer.ConsumerFetcherManager  - [ConsumerFetcherManager-1511239736677] Stopping leader finder thread
21439 [Thread-2] INFO kafka.consumer.ConsumerFetcherManager  - [ConsumerFetcherManager-1511239736677] Stopping all fetchers
21440 [Thread-2] INFO kafka.consumer.ConsumerFetcherManager  - [ConsumerFetcherManager-1511239736677] All connections stopped
21440 [Thread-2] INFO kafka.consumer.ZookeeperConsumerConnector  - [space.exploration.mars.newRover_zion-mainframe-1511239736617-c29cb2d5], Cleared all relevant queues for this fetcher
21440 [Thread-2] INFO kafka.consumer.ZookeeperConsumerConnector  - [space.exploration.mars.newRover_zion-mainframe-1511239736617-c29cb2d5], Cleared the data chunks in all the consumer message iterators
21441 [Thread-2] INFO kafka.consumer.ZookeeperConsumerConnector  - [space.exploration.mars.newRover_zion-mainframe-1511239736617-c29cb2d5], Committing all offsets after clearing the fetcher queues
21441 [Thread-2] INFO kafka.consumer.ZookeeperConsumerConnector  - [space.exploration.mars.newRover_zion-mainframe-1511239736617-c29cb2d5], Releasing partition ownership
21458 [Thread-2] INFO kafka.consumer.RangeAssignor  - Consumer space.exploration.mars.newRover_zion-mainframe-1511239736617-c29cb2d5 rebalancing the following partitions: ArrayBuffer(0) for topic earth_to_curiosity_4 with consumers: List(space.exploration.mars.newRover_zion-mainframe-1511239736617-c29cb2d5-0)
21460 [Thread-2] INFO kafka.consumer.RangeAssignor  - space.exploration.mars.newRover_zion-mainframe-1511239736617-c29cb2d5-0 attempting to claim partition 0
21473 [Thread-2] INFO kafka.consumer.ZookeeperConsumerConnector  - [space.exploration.mars.newRover_zion-mainframe-1511239736617-c29cb2d5], space.exploration.mars.newRover_zion-mainframe-1511239736617-c29cb2d5-0 successfully owned partition 0 for topic earth_to_curiosity_4
21483 [Thread-2] INFO kafka.consumer.ZookeeperConsumerConnector  - [space.exploration.mars.newRover_zion-mainframe-1511239736617-c29cb2d5], Consumer space.exploration.mars.newRover_zion-mainframe-1511239736617-c29cb2d5 selected partitions : earth_to_curiosity_4:0: fetched offset = 2: consumed offset = 2
21484 [space.exploration.mars.newRover_zion-mainframe-1511239736617-c29cb2d5-leader-finder-thread] INFO kafka.consumer.ConsumerFetcherManager$LeaderFinderThread  - [space.exploration.mars.newRover_zion-mainframe-1511239736617-c29cb2d5-leader-finder-thread], Starting 
21485 [Thread-2] INFO kafka.consumer.ZookeeperConsumerConnector  - [space.exploration.mars.newRover_zion-mainframe-1511239736617-c29cb2d5], end rebalancing consumer space.exploration.mars.newRover_zion-mainframe-1511239736617-c29cb2d5 try #0
21497 [space.exploration.mars.newRover_zion-mainframe-1511239736617-c29cb2d5-leader-finder-thread] INFO kafka.utils.VerifiableProperties  - Verifying properties
21497 [space.exploration.mars.newRover_zion-mainframe-1511239736617-c29cb2d5-leader-finder-thread] INFO kafka.utils.VerifiableProperties  - Property client.id is overridden to space.exploration.mars.newRover
21498 [space.exploration.mars.newRover_zion-mainframe-1511239736617-c29cb2d5-leader-finder-thread] INFO kafka.utils.VerifiableProperties  - Property metadata.broker.list is overridden to zion-mainframe:9092
21498 [space.exploration.mars.newRover_zion-mainframe-1511239736617-c29cb2d5-leader-finder-thread] INFO kafka.utils.VerifiableProperties  - Property request.timeout.ms is overridden to 30000
21508 [space.exploration.mars.newRover_zion-mainframe-1511239736617-c29cb2d5-leader-finder-thread] INFO kafka.client.ClientUtils$  - Fetching metadata from broker BrokerEndPoint(0,zion-mainframe,9092) with correlation id 0 for 1 topic(s) Set(earth_to_curiosity_4)
21512 [space.exploration.mars.newRover_zion-mainframe-1511239736617-c29cb2d5-leader-finder-thread] INFO kafka.producer.SyncProducer  - Connected to zion-mainframe:9092 for producing
21523 [space.exploration.mars.newRover_zion-mainframe-1511239736617-c29cb2d5-leader-finder-thread] INFO kafka.producer.SyncProducer  - Disconnecting from zion-mainframe:9092
21541 [space.exploration.mars.newRover_zion-mainframe-1511239736617-c29cb2d5-leader-finder-thread] INFO kafka.consumer.ConsumerFetcherManager  - [ConsumerFetcherManager-1511239736677] Added fetcher for partitions ArrayBuffer([[earth_to_curiosity_4,0], initOffset 2 to broker BrokerEndPoint(0,zion-mainframe,9092)] )
21541 [ConsumerFetcherThread-space.exploration.mars.newRover_zion-mainframe-1511239736617-c29cb2d5-0-0] INFO kafka.consumer.ConsumerFetcherThread  - [ConsumerFetcherThread-space.exploration.mars.newRover_zion-mainframe-1511239736617-c29cb2d5-0-0], Starting 
36952 [main] INFO space.exploration.mars.rover.communication.Transmitter  - Sending information packet to curiosity_to_earth_4
39955 [pool-4-thread-1] INFO space.exploration.mars.rover.animation.SleepingAnimationEngine  - Rover is sleeping now
59600 [Thread-2] INFO space.exploration.mars.rover.communication.Receiver  - Time Elapsed since last message = 38297
60003 [pool-3-thread-1] INFO space.exploration.mars.rover.diagnostics.Pacemaker  - Diagnostics inhibited because rover is sleeping to conserve battery Current instructionQueue length = 0
61005 [pool-4-thread-1] INFO space.exploration.mars.rover.diagnostics.SleepMonitor  - Awakening rover from slumber
61005 [pool-4-thread-1] INFO space.exploration.mars.rover.animation.SleepingAnimationEngine  - Waking up rover
78957 [Thread-2] INFO space.exploration.mars.rover.kernel.ListeningState  - 1511239794334,11,GetSclkInformation Current instructionQueue length = 0
78958 [Thread-2] INFO space.exploration.mars.rover.kernel.ListeningState  - Rover will get detailed spacecraftClock information. Houston, this is CuriosityActual.
78966 [Thread-2] ERROR space.exploration.mars.rover.communication.Radio  - Houston, we have a problem!
java.lang.NullPointerException
	at space.exploration.mars.rover.kernel.SclkTimingState.getSclkInformation(SclkTimingState.java:79)
	at space.exploration.mars.rover.kernel.Rover.getSclkInformation(Rover.java:336)
	at space.exploration.mars.rover.kernel.ListeningState.receiveMessage(ListeningState.java:98)
	at space.exploration.mars.rover.kernel.Rover.receiveMessage(Rover.java:312)
	at space.exploration.mars.rover.communication.Radio.receiveMessage(Radio.java:56)
	at space.exploration.mars.rover.communication.Receiver.run(Receiver.java:64)
