0 [main] INFO space.exploration.mars.rover.kernel.SpacecraftClock  - Curiosity internal spacecraft clock started at :: 2016-01-01T00:00:00.000-06:00
1 [main] INFO space.exploration.mars.rover.kernel.SpacecraftClock  - Mission duration is set to :: 1 year(s).
1 [main] INFO space.exploration.mars.rover.kernel.SpacecraftClock  - Mission duration = 31536000000
22917 [main] INFO org.apache.kafka.clients.producer.ProducerConfig  - ProducerConfig values: 
	metric.reporters = []
	metadata.max.age.ms = 300000
	reconnect.backoff.ms = 50
	sasl.kerberos.ticket.renew.window.factor = 0.8
	bootstrap.servers = [localhost:9092]
	ssl.keystore.type = JKS
	sasl.mechanism = GSSAPI
	max.block.ms = 60000
	interceptor.classes = null
	ssl.truststore.password = null
	client.id = 
	ssl.endpoint.identification.algorithm = null
	request.timeout.ms = 30000
	acks = 1
	receive.buffer.bytes = 32768
	ssl.truststore.type = JKS
	retries = 0
	ssl.truststore.location = null
	ssl.keystore.password = null
	send.buffer.bytes = 131072
	compression.type = none
	metadata.fetch.timeout.ms = 60000
	retry.backoff.ms = 100
	sasl.kerberos.kinit.cmd = /usr/bin/kinit
	buffer.memory = 33554432
	timeout.ms = 30000
	key.serializer = class org.apache.kafka.common.serialization.StringSerializer
	sasl.kerberos.service.name = null
	sasl.kerberos.ticket.renew.jitter = 0.05
	ssl.trustmanager.algorithm = PKIX
	block.on.buffer.full = false
	ssl.key.password = null
	sasl.kerberos.min.time.before.relogin = 60000
	connections.max.idle.ms = 540000
	max.in.flight.requests.per.connection = 5
	metrics.num.samples = 2
	ssl.protocol = TLS
	ssl.provider = null
	ssl.enabled.protocols = [TLSv1.2, TLSv1.1, TLSv1]
	batch.size = 16384
	ssl.keystore.location = null
	ssl.cipher.suites = null
	security.protocol = PLAINTEXT
	max.request.size = 1048576
	value.serializer = class org.apache.kafka.common.serialization.ByteArraySerializer
	ssl.keymanager.algorithm = SunX509
	metrics.sample.window.ms = 30000
	partitioner.class = class org.apache.kafka.clients.producer.internals.DefaultPartitioner
	linger.ms = 0

23019 [main] INFO org.apache.kafka.clients.producer.ProducerConfig  - ProducerConfig values: 
	metric.reporters = []
	metadata.max.age.ms = 300000
	reconnect.backoff.ms = 50
	sasl.kerberos.ticket.renew.window.factor = 0.8
	bootstrap.servers = [localhost:9092]
	ssl.keystore.type = JKS
	sasl.mechanism = GSSAPI
	max.block.ms = 60000
	interceptor.classes = null
	ssl.truststore.password = null
	client.id = producer-1
	ssl.endpoint.identification.algorithm = null
	request.timeout.ms = 30000
	acks = 1
	receive.buffer.bytes = 32768
	ssl.truststore.type = JKS
	retries = 0
	ssl.truststore.location = null
	ssl.keystore.password = null
	send.buffer.bytes = 131072
	compression.type = none
	metadata.fetch.timeout.ms = 60000
	retry.backoff.ms = 100
	sasl.kerberos.kinit.cmd = /usr/bin/kinit
	buffer.memory = 33554432
	timeout.ms = 30000
	key.serializer = class org.apache.kafka.common.serialization.StringSerializer
	sasl.kerberos.service.name = null
	sasl.kerberos.ticket.renew.jitter = 0.05
	ssl.trustmanager.algorithm = PKIX
	block.on.buffer.full = false
	ssl.key.password = null
	sasl.kerberos.min.time.before.relogin = 60000
	connections.max.idle.ms = 540000
	max.in.flight.requests.per.connection = 5
	metrics.num.samples = 2
	ssl.protocol = TLS
	ssl.provider = null
	ssl.enabled.protocols = [TLSv1.2, TLSv1.1, TLSv1]
	batch.size = 16384
	ssl.keystore.location = null
	ssl.cipher.suites = null
	security.protocol = PLAINTEXT
	max.request.size = 1048576
	value.serializer = class org.apache.kafka.common.serialization.ByteArraySerializer
	ssl.keymanager.algorithm = SunX509
	metrics.sample.window.ms = 30000
	partitioner.class = class org.apache.kafka.clients.producer.internals.DefaultPartitioner
	linger.ms = 0

23019 [main] WARN org.apache.kafka.clients.producer.ProducerConfig  - The configuration zookeeper.connect = localhost:2181 was supplied but isn't a known config.
23019 [main] WARN org.apache.kafka.clients.producer.ProducerConfig  - The configuration group.id = space.exploration.mars.zionMainframe was supplied but isn't a known config.
23019 [main] WARN org.apache.kafka.clients.producer.ProducerConfig  - The configuration source.topic = earth_to_curiosity_5 was supplied but isn't a known config.
23019 [main] WARN org.apache.kafka.clients.producer.ProducerConfig  - The configuration auto.offset.reset = largest was supplied but isn't a known config.
23019 [main] WARN org.apache.kafka.clients.producer.ProducerConfig  - The configuration metadata.broker.list = localhost:9092 was supplied but isn't a known config.
23019 [main] WARN org.apache.kafka.clients.producer.ProducerConfig  - The configuration destination.topic = curiosity_to_earth_5 was supplied but isn't a known config.
23020 [main] INFO org.apache.kafka.common.utils.AppInfoParser  - Kafka version : 0.10.0.1
23020 [main] INFO org.apache.kafka.common.utils.AppInfoParser  - Kafka commitId : a7a17cdec9eaa6c5
23180 [main] INFO kafka.utils.VerifiableProperties  - Verifying properties
23223 [main] INFO kafka.utils.VerifiableProperties  - Property auto.offset.reset is overridden to largest
23224 [main] WARN kafka.utils.VerifiableProperties  - Property bootstrap.servers is not valid
23224 [main] WARN kafka.utils.VerifiableProperties  - Property destination.topic is not valid
23224 [main] INFO kafka.utils.VerifiableProperties  - Property group.id is overridden to space.exploration.mars.zionMainframe
23224 [main] WARN kafka.utils.VerifiableProperties  - Property key.serializer is not valid
23224 [main] WARN kafka.utils.VerifiableProperties  - Property metadata.broker.list is not valid
23224 [main] WARN kafka.utils.VerifiableProperties  - Property source.topic is not valid
23225 [main] WARN kafka.utils.VerifiableProperties  - Property value.serializer is not valid
23225 [main] INFO kafka.utils.VerifiableProperties  - Property zookeeper.connect is overridden to localhost:2181
23309 [main] INFO kafka.consumer.ZookeeperConsumerConnector  - [space.exploration.mars.zionMainframe_zion-mainframe-1512173062639-41500cb7], Connecting to zookeeper instance at localhost:2181
23319 [ZkClient-EventThread-32-localhost:2181] INFO org.I0Itec.zkclient.ZkEventThread  - Starting ZkClient event thread.
23323 [main] INFO org.apache.zookeeper.ZooKeeper  - Client environment:zookeeper.version=3.4.6-1569965, built on 02/20/2014 09:09 GMT
23323 [main] INFO org.apache.zookeeper.ZooKeeper  - Client environment:host.name=zion-mainframe
23323 [main] INFO org.apache.zookeeper.ZooKeeper  - Client environment:java.version=1.8.0_151
23323 [main] INFO org.apache.zookeeper.ZooKeeper  - Client environment:java.vendor=Oracle Corporation
23323 [main] INFO org.apache.zookeeper.ZooKeeper  - Client environment:java.home=/usr/lib/jvm/java-8-openjdk-amd64/jre
23323 [main] INFO org.apache.zookeeper.ZooKeeper  - Client environment:java.class.path=/usr/lib/jvm/java-1.8.0-openjdk-amd64/jre/lib/charsets.jar:/usr/lib/jvm/java-1.8.0-openjdk-amd64/jre/lib/ext/cldrdata.jar:/usr/lib/jvm/java-1.8.0-openjdk-amd64/jre/lib/ext/dnsns.jar:/usr/lib/jvm/java-1.8.0-openjdk-amd64/jre/lib/ext/icedtea-sound.jar:/usr/lib/jvm/java-1.8.0-openjdk-amd64/jre/lib/ext/jaccess.jar:/usr/lib/jvm/java-1.8.0-openjdk-amd64/jre/lib/ext/localedata.jar:/usr/lib/jvm/java-1.8.0-openjdk-amd64/jre/lib/ext/nashorn.jar:/usr/lib/jvm/java-1.8.0-openjdk-amd64/jre/lib/ext/sunec.jar:/usr/lib/jvm/java-1.8.0-openjdk-amd64/jre/lib/ext/sunjce_provider.jar:/usr/lib/jvm/java-1.8.0-openjdk-amd64/jre/lib/ext/sunpkcs11.jar:/usr/lib/jvm/java-1.8.0-openjdk-amd64/jre/lib/ext/zipfs.jar:/usr/lib/jvm/java-1.8.0-openjdk-amd64/jre/lib/jce.jar:/usr/lib/jvm/java-1.8.0-openjdk-amd64/jre/lib/jsse.jar:/usr/lib/jvm/java-1.8.0-openjdk-amd64/jre/lib/management-agent.jar:/usr/lib/jvm/java-1.8.0-openjdk-amd64/jre/lib/resources.jar:/usr/lib/jvm/java-1.8.0-openjdk-amd64/jre/lib/rt.jar:/home/sanket/Documents/workspace/MarsRover/mars.rover/target/classes:/home/sanket/.m2/repository/org/apache/kafka/kafka_2.10/0.10.0.1/kafka_2.10-0.10.0.1.jar:/home/sanket/.m2/repository/com/101tec/zkclient/0.8/zkclient-0.8.jar:/home/sanket/.m2/repository/org/slf4j/slf4j-api/1.6.1/slf4j-api-1.6.1.jar:/home/sanket/.m2/repository/log4j/log4j/1.2.15/log4j-1.2.15.jar:/home/sanket/.m2/repository/javax/mail/mail/1.4/mail-1.4.jar:/home/sanket/.m2/repository/javax/activation/activation/1.1/activation-1.1.jar:/home/sanket/.m2/repository/org/scala-lang/scala-library/2.10.6/scala-library-2.10.6.jar:/home/sanket/.m2/repository/org/slf4j/slf4j-log4j12/1.7.21/slf4j-log4j12-1.7.21.jar:/home/sanket/.m2/repository/com/yammer/metrics/metrics-core/2.2.0/metrics-core-2.2.0.jar:/home/sanket/.m2/repository/org/apache/kafka/kafka-clients/0.10.0.1/kafka-clients-0.10.0.1.jar:/home/sanket/.m2/repository/net/jpountz/lz4/lz4/1.3.0/lz4-1.3.0.jar:/home/sanket/.m2/repository/org/xerial/snappy/snappy-java/1.1.2.6/snappy-java-1.1.2.6.jar:/home/sanket/.m2/repository/net/sf/jopt-simple/jopt-simple/4.9/jopt-simple-4.9.jar:/home/sanket/.m2/repository/org/apache/zookeeper/zookeeper/3.4.6/zookeeper-3.4.6.jar:/home/sanket/.m2/repository/jline/jline/0.9.94/jline-0.9.94.jar:/home/sanket/.m2/repository/io/netty/netty/3.7.0.Final/netty-3.7.0.Final.jar:/home/sanket/.m2/repository/org/tensorflow/tensorflow/1.1.0/tensorflow-1.1.0.jar:/home/sanket/.m2/repository/org/tensorflow/libtensorflow/1.1.0/libtensorflow-1.1.0.jar:/home/sanket/.m2/repository/org/tensorflow/libtensorflow_jni/1.1.0/libtensorflow_jni-1.1.0.jar:/home/sanket/.m2/repository/mysql/mysql-connector-java/5.1.6/mysql-connector-java-5.1.6.jar:/home/sanket/.m2/repository/com/google/code/gson/gson/2.8.2/gson-2.8.2.jar:/home/sanket/.m2/repository/joda-time/joda-time/2.8.1/joda-time-2.8.1.jar:/home/sanket/.m2/repository/org/jsoup/jsoup/1.8.3/jsoup-1.8.3.jar:/home/sanket/.m2/repository/space/exploration/communications.protocol/1.1.2/communications.protocol-1.1.2.jar:/home/sanket/.m2/repository/com/google/protobuf/protobuf-java/3.4.0/protobuf-java-3.4.0.jar:/home/sanket/.m2/repository/space/exploration/spice.utilities/1.2/spice.utilities-1.2.jar:/home/sanket/.m2/repository/commons-io/commons-io/1.3.2/commons-io-1.3.2.jar:/home/sanket/Documents/Tools/idea/idea-IU-172.4343.14/lib/idea_rt.jar
23323 [main] INFO org.apache.zookeeper.ZooKeeper  - Client environment:java.library.path=$LD_LIBRARY_PATH:"/home/sanket/Documents/workspace/SpiceUtilities/src/main/resources/JNISpice/lib/libJNISpice.so":/usr/java/packages/lib/amd64:/usr/lib/x86_64-linux-gnu/jni:/lib/x86_64-linux-gnu:/usr/lib/x86_64-linux-gnu:/usr/lib/jni:/lib:/usr/lib
23323 [main] INFO org.apache.zookeeper.ZooKeeper  - Client environment:java.io.tmpdir=/tmp
23323 [main] INFO org.apache.zookeeper.ZooKeeper  - Client environment:java.compiler=<NA>
23323 [main] INFO org.apache.zookeeper.ZooKeeper  - Client environment:os.name=Linux
23323 [main] INFO org.apache.zookeeper.ZooKeeper  - Client environment:os.arch=amd64
23323 [main] INFO org.apache.zookeeper.ZooKeeper  - Client environment:os.version=4.10.0-40-generic
23323 [main] INFO org.apache.zookeeper.ZooKeeper  - Client environment:user.name=sanket
23323 [main] INFO org.apache.zookeeper.ZooKeeper  - Client environment:user.home=/home/sanket
23323 [main] INFO org.apache.zookeeper.ZooKeeper  - Client environment:user.dir=/home/sanket/Documents/workspace/MarsRover/mars.rover
23324 [main] INFO org.apache.zookeeper.ZooKeeper  - Initiating client connection, connectString=localhost:2181 sessionTimeout=6000 watcher=org.I0Itec.zkclient.ZkClient@a8c1f44
23334 [main] INFO org.I0Itec.zkclient.ZkClient  - Waiting for keeper state SyncConnected
23337 [main-SendThread(localhost:2181)] INFO org.apache.zookeeper.ClientCnxn  - Opening socket connection to server localhost/127.0.0.1:2181. Will not attempt to authenticate using SASL (unknown error)
23342 [main-SendThread(localhost:2181)] INFO org.apache.zookeeper.ClientCnxn  - Socket connection established to localhost/127.0.0.1:2181, initiating session
23349 [main-SendThread(localhost:2181)] INFO org.apache.zookeeper.ClientCnxn  - Session establishment complete on server localhost/127.0.0.1:2181, sessionid = 0x160124b2460000b, negotiated timeout = 6000
23351 [main-EventThread] INFO org.I0Itec.zkclient.ZkClient  - zookeeper state changed (SyncConnected)
23368 [main] INFO kafka.consumer.ZookeeperConsumerConnector  - [space.exploration.mars.zionMainframe_zion-mainframe-1512173062639-41500cb7], starting auto committer every 60000 ms
23397 [Thread-2] INFO kafka.consumer.ZookeeperConsumerConnector  - [space.exploration.mars.zionMainframe_zion-mainframe-1512173062639-41500cb7], begin registering consumer space.exploration.mars.zionMainframe_zion-mainframe-1512173062639-41500cb7 in ZK
23431 [Thread-2] INFO kafka.utils.ZKCheckedEphemeral  - Creating /consumers/space.exploration.mars.zionMainframe/ids/space.exploration.mars.zionMainframe_zion-mainframe-1512173062639-41500cb7 (is it secure? false)
23443 [Thread-2] INFO kafka.utils.ZKCheckedEphemeral  - Result of znode creation is: OK
23443 [Thread-2] INFO kafka.consumer.ZookeeperConsumerConnector  - [space.exploration.mars.zionMainframe_zion-mainframe-1512173062639-41500cb7], end registering consumer space.exploration.mars.zionMainframe_zion-mainframe-1512173062639-41500cb7 in ZK
23451 [space.exploration.mars.zionMainframe_zion-mainframe-1512173062639-41500cb7_watcher_executor] INFO kafka.consumer.ZookeeperConsumerConnector  - [space.exploration.mars.zionMainframe_zion-mainframe-1512173062639-41500cb7], starting watcher executor thread for consumer space.exploration.mars.zionMainframe_zion-mainframe-1512173062639-41500cb7
23474 [Thread-2] INFO kafka.consumer.ZookeeperConsumerConnector  - [space.exploration.mars.zionMainframe_zion-mainframe-1512173062639-41500cb7], begin rebalancing consumer space.exploration.mars.zionMainframe_zion-mainframe-1512173062639-41500cb7 try #0
23621 [Thread-2] INFO kafka.consumer.ConsumerFetcherManager  - [ConsumerFetcherManager-1512173062696] Stopping leader finder thread
23622 [Thread-2] INFO kafka.consumer.ConsumerFetcherManager  - [ConsumerFetcherManager-1512173062696] Stopping all fetchers
23623 [Thread-2] INFO kafka.consumer.ConsumerFetcherManager  - [ConsumerFetcherManager-1512173062696] All connections stopped
23624 [Thread-2] INFO kafka.consumer.ZookeeperConsumerConnector  - [space.exploration.mars.zionMainframe_zion-mainframe-1512173062639-41500cb7], Cleared all relevant queues for this fetcher
23625 [Thread-2] INFO kafka.consumer.ZookeeperConsumerConnector  - [space.exploration.mars.zionMainframe_zion-mainframe-1512173062639-41500cb7], Cleared the data chunks in all the consumer message iterators
23626 [Thread-2] INFO kafka.consumer.ZookeeperConsumerConnector  - [space.exploration.mars.zionMainframe_zion-mainframe-1512173062639-41500cb7], Committing all offsets after clearing the fetcher queues
23628 [Thread-2] INFO kafka.consumer.ZookeeperConsumerConnector  - [space.exploration.mars.zionMainframe_zion-mainframe-1512173062639-41500cb7], Releasing partition ownership
23678 [Thread-2] INFO kafka.consumer.RangeAssignor  - Consumer space.exploration.mars.zionMainframe_zion-mainframe-1512173062639-41500cb7 rebalancing the following partitions: ArrayBuffer(0) for topic earth_to_curiosity_5 with consumers: List(space.exploration.mars.zionMainframe_zion-mainframe-1512173062639-41500cb7-0)
23680 [Thread-2] INFO kafka.consumer.RangeAssignor  - space.exploration.mars.zionMainframe_zion-mainframe-1512173062639-41500cb7-0 attempting to claim partition 0
23699 [Thread-2] INFO kafka.consumer.ZookeeperConsumerConnector  - [space.exploration.mars.zionMainframe_zion-mainframe-1512173062639-41500cb7], space.exploration.mars.zionMainframe_zion-mainframe-1512173062639-41500cb7-0 successfully owned partition 0 for topic earth_to_curiosity_5
23713 [Thread-2] INFO kafka.consumer.ZookeeperConsumerConnector  - [space.exploration.mars.zionMainframe_zion-mainframe-1512173062639-41500cb7], Consumer space.exploration.mars.zionMainframe_zion-mainframe-1512173062639-41500cb7 selected partitions : earth_to_curiosity_5:0: fetched offset = 2870: consumed offset = 2870
23718 [space.exploration.mars.zionMainframe_zion-mainframe-1512173062639-41500cb7-leader-finder-thread] INFO kafka.consumer.ConsumerFetcherManager$LeaderFinderThread  - [space.exploration.mars.zionMainframe_zion-mainframe-1512173062639-41500cb7-leader-finder-thread], Starting 
23718 [Thread-2] INFO kafka.consumer.ZookeeperConsumerConnector  - [space.exploration.mars.zionMainframe_zion-mainframe-1512173062639-41500cb7], end rebalancing consumer space.exploration.mars.zionMainframe_zion-mainframe-1512173062639-41500cb7 try #0
23743 [space.exploration.mars.zionMainframe_zion-mainframe-1512173062639-41500cb7-leader-finder-thread] INFO kafka.utils.VerifiableProperties  - Verifying properties
23743 [space.exploration.mars.zionMainframe_zion-mainframe-1512173062639-41500cb7-leader-finder-thread] INFO kafka.utils.VerifiableProperties  - Property client.id is overridden to space.exploration.mars.zionMainframe
23744 [space.exploration.mars.zionMainframe_zion-mainframe-1512173062639-41500cb7-leader-finder-thread] INFO kafka.utils.VerifiableProperties  - Property metadata.broker.list is overridden to zion-mainframe:9092
23745 [space.exploration.mars.zionMainframe_zion-mainframe-1512173062639-41500cb7-leader-finder-thread] INFO kafka.utils.VerifiableProperties  - Property request.timeout.ms is overridden to 30000
23764 [space.exploration.mars.zionMainframe_zion-mainframe-1512173062639-41500cb7-leader-finder-thread] INFO kafka.client.ClientUtils$  - Fetching metadata from broker BrokerEndPoint(0,zion-mainframe,9092) with correlation id 0 for 1 topic(s) Set(earth_to_curiosity_5)
23770 [space.exploration.mars.zionMainframe_zion-mainframe-1512173062639-41500cb7-leader-finder-thread] INFO kafka.producer.SyncProducer  - Connected to zion-mainframe:9092 for producing
23787 [space.exploration.mars.zionMainframe_zion-mainframe-1512173062639-41500cb7-leader-finder-thread] INFO kafka.producer.SyncProducer  - Disconnecting from zion-mainframe:9092
23826 [space.exploration.mars.zionMainframe_zion-mainframe-1512173062639-41500cb7-leader-finder-thread] INFO kafka.consumer.ConsumerFetcherManager  - [ConsumerFetcherManager-1512173062696] Added fetcher for partitions ArrayBuffer([[earth_to_curiosity_5,0], initOffset 2870 to broker BrokerEndPoint(0,zion-mainframe,9092)] )
23831 [ConsumerFetcherThread-space.exploration.mars.zionMainframe_zion-mainframe-1512173062639-41500cb7-0-0] INFO kafka.consumer.ConsumerFetcherThread  - [ConsumerFetcherThread-space.exploration.mars.zionMainframe_zion-mainframe-1512173062639-41500cb7-0-0], Starting 
23884 [Thread-2] INFO space.exploration.mars.rover.communication.Receiver  - Time Elapsed since last message = 513
31436 [main] INFO space.exploration.mars.rover.communication.Transmitter  - Sending information packet to curiosity_to_earth_5
34448 [pool-5-thread-1] INFO space.exploration.mars.rover.animation.SleepingAnimationEngine  - Rover is sleeping now
34553 [Thread-2] INFO space.exploration.mars.rover.sensor.PositionSensor  - ephemerisTime: 5.04878760183908E8
stateCuriosity: -2.21644757951E8
stateCuriosity: -1.12278459694E8
stateCuriosity: -4.149557783E7
stateCuriosity: 28.424
stateCuriosity: -15.419
stateCuriosity: -7.245
owltMSLEarth: 840.255
stateEarth: 2.21674656058E8
stateEarth: 1.12293605493E8
stateEarth: 4.1501174006E7
stateEarth: -28.438
stateEarth: 15.416
stateEarth: 7.244
owltEarthMSL: 840.369
positionEarthWRTCuriosity: 2.21674656058E8
positionEarthWRTCuriosity: 1.12293605493E8
positionEarthWRTCuriosity: 4.1501174006E7
owltEarthMSL2: 840.369
angSepHGAEarth: 141.004
utcTime: "2016-01-01~00:04:52"
sol: 1210

34553 [Thread-2] INFO space.exploration.mars.rover.communication.Radio  - One Way Light Time computed by SPICE :: 840.255
34568 [Thread-2] INFO space.exploration.mars.rover.kernel.SleepingState  - Awaking from sleeping state
34568 [Thread-2] INFO space.exploration.mars.rover.animation.SleepingAnimationEngine  - Waking up rover
43658 [Thread-2] INFO space.exploration.mars.rover.kernel.ListeningState  - 1512173082989,11,GetSclkInformation Current instructionQueue length = 0
43659 [Thread-2] INFO space.exploration.mars.rover.kernel.ListeningState  - Rover will get detailed spacecraftClock information. Houston, this is CuriosityActual.
43672 [Thread-2] INFO space.exploration.mars.rover.kernel.SpacecraftClock  - Internal time::2016-01-01T00:06:06.600-06:00 sclk of::1/01210:03:49:04:89652
49761 [Thread-2] INFO space.exploration.mars.rover.sensor.PositionSensor  - ephemerisTime: 5.04878760183908E8
stateCuriosity: -2.21644757951E8
stateCuriosity: -1.12278459694E8
stateCuriosity: -4.149557783E7
stateCuriosity: 28.424
stateCuriosity: -15.419
stateCuriosity: -7.245
owltMSLEarth: 840.255
stateEarth: 2.21674656058E8
stateEarth: 1.12293605493E8
stateEarth: 4.1501174006E7
stateEarth: -28.438
stateEarth: 15.416
stateEarth: 7.244
owltEarthMSL: 840.369
positionEarthWRTCuriosity: 2.21674656058E8
positionEarthWRTCuriosity: 1.12293605493E8
positionEarthWRTCuriosity: 4.1501174006E7
owltEarthMSL2: 840.369
angSepHGAEarth: 141.004
utcTime: "2016-01-01~00:04:52"
sol: 1210

49761 [Thread-2] INFO space.exploration.mars.rover.communication.Radio  - One Way Light Time computed by SPICE :: 840.255
49775 [Thread-2] INFO space.exploration.mars.rover.communication.Transmitter  - Sending information packet to curiosity_to_earth_5
52779 [Thread-2] INFO space.exploration.mars.rover.communication.Receiver  - Time Elapsed since last message = 28895
52838 [Thread-2] INFO space.exploration.mars.rover.sensor.PositionSensor  - ephemerisTime: 5.04878908183909E8
stateCuriosity: -2.21640551128E8
stateCuriosity: -1.12280741421E8
stateCuriosity: -4.1496650035E7
stateCuriosity: 28.425
stateCuriosity: -15.416
stateCuriosity: -7.244
owltMSLEarth: 840.247
stateEarth: 2.21670447164E8
stateEarth: 1.12295886813E8
stateEarth: 4.150224612E7
stateEarth: -28.439
stateEarth: 15.413
stateEarth: 7.244
owltEarthMSL: 840.36
positionEarthWRTCuriosity: 2.21670447164E8
positionEarthWRTCuriosity: 1.12295886813E8
positionEarthWRTCuriosity: 4.150224612E7
owltEarthMSL2: 840.36
angSepHGAEarth: 140.661
utcTime: "2016-01-01~00:07:20"
sol: 1210

52838 [Thread-2] INFO space.exploration.mars.rover.communication.Radio  - One Way Light Time computed by SPICE :: 840.247
58866 [Thread-2] INFO space.exploration.mars.rover.kernel.ListeningState  - 1512173098197,8,ClickCamera Current instructionQueue length = 0
58866 [Thread-2] INFO space.exploration.mars.rover.kernel.ListeningState  - Rover Curiosity is going to try to take pictures!
64394 [Thread-2] ERROR space.exploration.mars.rover.communication.Radio  - Houston, we have a problem!
java.lang.NullPointerException
	at javax.imageio.ImageIO.write(ImageIO.java:1538)
	at space.exploration.mars.rover.utils.CameraUtil.writeImageToFile(CameraUtil.java:39)
	at space.exploration.mars.rover.utils.CameraUtil.convertToCamPayload(CameraUtil.java:85)
	at space.exploration.mars.rover.kernel.PhotographingState.activateCameraById(PhotographingState.java:79)
	at space.exploration.mars.rover.kernel.Rover.activateCameraById(Rover.java:509)
	at space.exploration.mars.rover.kernel.ListeningState.receiveMessage(ListeningState.java:85)
	at space.exploration.mars.rover.kernel.Rover.receiveMessage(Rover.java:305)
	at space.exploration.mars.rover.communication.Radio.receiveMessage(Radio.java:59)
	at space.exploration.mars.rover.communication.Receiver.run(Receiver.java:66)
64403 [Thread-2] INFO space.exploration.mars.rover.communication.Receiver  - Time Elapsed since last message = 11624
64461 [Thread-2] INFO space.exploration.mars.rover.sensor.PositionSensor  - ephemerisTime: 5.04879016183909E8
stateCuriosity: -2.21637481137E8
stateCuriosity: -1.12282406199E8
stateCuriosity: -4.14974324E7
stateCuriosity: 28.426
stateCuriosity: -15.414
stateCuriosity: -7.244
owltMSLEarth: 840.241
stateEarth: 2.21667375665E8
stateEarth: 1.12297551295E8
stateEarth: 4.1503028418E7
stateEarth: -28.44
stateEarth: 15.411
stateEarth: 7.243
owltEarthMSL: 840.354
positionEarthWRTCuriosity: 2.21667375665E8
positionEarthWRTCuriosity: 1.12297551295E8
positionEarthWRTCuriosity: 4.1503028418E7
owltEarthMSL2: 840.354
angSepHGAEarth: 140.409
utcTime: "2016-01-01~00:09:08"
sol: 1210

64461 [Thread-2] INFO space.exploration.mars.rover.communication.Radio  - One Way Light Time computed by SPICE :: 840.241
70492 [Thread-2] INFO space.exploration.mars.rover.kernel.ListeningState  - 1512173109823,1,Move Current instructionQueue length = 0
70492 [Thread-2] INFO space.exploration.mars.rover.kernel.ListeningState  - Rover Curiosity is on the move!
70554 [Thread-2] INFO space.exploration.mars.rover.sensor.TelemetrySensor  - Telemetry relay commenced.
101360 [Thread-2] INFO space.exploration.mars.rover.sensor.TelemetrySensor  - Telemetry relay stopped, number of telemetryDataPoints = 73
110405 [Thread-2] INFO space.exploration.mars.rover.sensor.PositionSensor  - ephemerisTime: 5.04879016183909E8
stateCuriosity: -2.21637481137E8
stateCuriosity: -1.12282406199E8
stateCuriosity: -4.14974324E7
stateCuriosity: 28.426
stateCuriosity: -15.414
stateCuriosity: -7.244
owltMSLEarth: 840.241
stateEarth: 2.21667375665E8
stateEarth: 1.12297551295E8
stateEarth: 4.1503028418E7
stateEarth: -28.44
stateEarth: 15.411
stateEarth: 7.243
owltEarthMSL: 840.354
positionEarthWRTCuriosity: 2.21667375665E8
positionEarthWRTCuriosity: 1.12297551295E8
positionEarthWRTCuriosity: 4.1503028418E7
owltEarthMSL2: 840.354
angSepHGAEarth: 140.409
utcTime: "2016-01-01~00:09:08"
sol: 1210

110405 [Thread-2] INFO space.exploration.mars.rover.communication.Radio  - One Way Light Time computed by SPICE :: 840.241
110419 [Thread-2] INFO space.exploration.mars.rover.communication.Transmitter  - Sending information packet to curiosity_to_earth_5
113420 [Thread-2] INFO space.exploration.mars.rover.communication.Receiver  - Time Elapsed since last message = 49017
113474 [Thread-2] INFO space.exploration.mars.rover.sensor.PositionSensor  - ephemerisTime: 5.04879466183909E8
stateCuriosity: -2.2162468819E8
stateCuriosity: -1.12289340335E8
stateCuriosity: -4.1500691725E7
stateCuriosity: 28.431
stateCuriosity: -15.405
stateCuriosity: -7.242
owltMSLEarth: 840.215
stateEarth: 2.21654576482E8
stateEarth: 1.12304484218E8
stateEarth: 4.1506287477E7
stateEarth: -28.445
stateEarth: 15.402
stateEarth: 7.241
owltEarthMSL: 840.329
positionEarthWRTCuriosity: 2.21654576482E8
positionEarthWRTCuriosity: 1.12304484218E8
positionEarthWRTCuriosity: 4.1506287477E7
owltEarthMSL2: 840.329
angSepHGAEarth: 139.345
utcTime: "2016-01-01~00:16:38"
sol: 1210

113474 [Thread-2] INFO space.exploration.mars.rover.communication.Radio  - One Way Light Time computed by SPICE :: 840.215
119507 [Thread-2] INFO space.exploration.mars.rover.kernel.ListeningState  - 1512173158838,5,Explore Current instructionQueue length = 0
119507 [Thread-2] INFO space.exploration.mars.rover.kernel.ListeningState  - Rover Curiosity is on a scientific mission!
150575 [Thread-2] INFO space.exploration.mars.rover.sensor.PositionSensor  - ephemerisTime: 5.04879466183909E8
stateCuriosity: -2.2162468819E8
stateCuriosity: -1.12289340335E8
stateCuriosity: -4.1500691725E7
stateCuriosity: 28.431
stateCuriosity: -15.405
stateCuriosity: -7.242
owltMSLEarth: 840.215
stateEarth: 2.21654576482E8
stateEarth: 1.12304484218E8
stateEarth: 4.1506287477E7
stateEarth: -28.445
stateEarth: 15.402
stateEarth: 7.241
owltEarthMSL: 840.329
positionEarthWRTCuriosity: 2.21654576482E8
positionEarthWRTCuriosity: 1.12304484218E8
positionEarthWRTCuriosity: 4.1506287477E7
owltEarthMSL2: 840.329
angSepHGAEarth: 139.345
utcTime: "2016-01-01~00:16:38"
sol: 1210

150575 [Thread-2] INFO space.exploration.mars.rover.communication.Radio  - One Way Light Time computed by SPICE :: 840.215
150589 [Thread-2] INFO space.exploration.mars.rover.communication.Transmitter  - Sending information packet to curiosity_to_earth_5
153590 [Thread-2] INFO space.exploration.mars.rover.communication.Receiver  - Time Elapsed since last message = 40170
153636 [pool-4-thread-1] INFO space.exploration.mars.rover.sensor.PositionSensor  - ephemerisTime: 5.04879829183909E8
stateCuriosity: -2.21614367037E8
stateCuriosity: -1.12294930987E8
stateCuriosity: -4.1503320263E7
stateCuriosity: 28.435
stateCuriosity: -15.398
stateCuriosity: -7.24
owltMSLEarth: 840.195
stateEarth: 2.21644250352E8
stateEarth: 1.12310073915E8
stateEarth: 4.1508915809E7
stateEarth: -28.448
stateEarth: 15.395
stateEarth: 7.24
owltEarthMSL: 840.308
positionEarthWRTCuriosity: 2.21644250352E8
positionEarthWRTCuriosity: 1.12310073915E8
positionEarthWRTCuriosity: 4.1508915809E7
owltEarthMSL2: 840.308
angSepHGAEarth: 138.471
utcTime: "2016-01-01~00:22:41"
sol: 1210

153649 [pool-4-thread-1] INFO space.exploration.mars.rover.kernel.SpacecraftClock  - Internal time::2016-01-01T00:22:41.520-06:00 sclk of::1/01210:04:05:13:27460
