15724 [main] INFO org.apache.kafka.clients.producer.ProducerConfig  - ProducerConfig values: 
	metric.reporters = []
	metadata.max.age.ms = 300000
	reconnect.backoff.ms = 50
	sasl.kerberos.ticket.renew.window.factor = 0.8
	bootstrap.servers = [localhost:9092]
	ssl.keystore.type = JKS
	sasl.mechanism = GSSAPI
	max.block.ms = 60000
	interceptor.classes = null
	ssl.truststore.password = null
	client.id = 
	ssl.endpoint.identification.algorithm = null
	request.timeout.ms = 30000
	acks = 1
	receive.buffer.bytes = 32768
	ssl.truststore.type = JKS
	retries = 0
	ssl.truststore.location = null
	ssl.keystore.password = null
	send.buffer.bytes = 131072
	compression.type = none
	metadata.fetch.timeout.ms = 60000
	retry.backoff.ms = 100
	sasl.kerberos.kinit.cmd = /usr/bin/kinit
	buffer.memory = 33554432
	timeout.ms = 30000
	key.serializer = class org.apache.kafka.common.serialization.StringSerializer
	sasl.kerberos.service.name = null
	sasl.kerberos.ticket.renew.jitter = 0.05
	ssl.trustmanager.algorithm = PKIX
	block.on.buffer.full = false
	ssl.key.password = null
	sasl.kerberos.min.time.before.relogin = 60000
	connections.max.idle.ms = 540000
	max.in.flight.requests.per.connection = 5
	metrics.num.samples = 2
	ssl.protocol = TLS
	ssl.provider = null
	ssl.enabled.protocols = [TLSv1.2, TLSv1.1, TLSv1]
	batch.size = 16384
	ssl.keystore.location = null
	ssl.cipher.suites = null
	security.protocol = PLAINTEXT
	max.request.size = 1048576
	value.serializer = class org.apache.kafka.common.serialization.ByteArraySerializer
	ssl.keymanager.algorithm = SunX509
	metrics.sample.window.ms = 30000
	partitioner.class = class org.apache.kafka.clients.producer.internals.DefaultPartitioner
	linger.ms = 0

15824 [main] INFO org.apache.kafka.clients.producer.ProducerConfig  - ProducerConfig values: 
	metric.reporters = []
	metadata.max.age.ms = 300000
	reconnect.backoff.ms = 50
	sasl.kerberos.ticket.renew.window.factor = 0.8
	bootstrap.servers = [localhost:9092]
	ssl.keystore.type = JKS
	sasl.mechanism = GSSAPI
	max.block.ms = 60000
	interceptor.classes = null
	ssl.truststore.password = null
	client.id = producer-1
	ssl.endpoint.identification.algorithm = null
	request.timeout.ms = 30000
	acks = 1
	receive.buffer.bytes = 32768
	ssl.truststore.type = JKS
	retries = 0
	ssl.truststore.location = null
	ssl.keystore.password = null
	send.buffer.bytes = 131072
	compression.type = none
	metadata.fetch.timeout.ms = 60000
	retry.backoff.ms = 100
	sasl.kerberos.kinit.cmd = /usr/bin/kinit
	buffer.memory = 33554432
	timeout.ms = 30000
	key.serializer = class org.apache.kafka.common.serialization.StringSerializer
	sasl.kerberos.service.name = null
	sasl.kerberos.ticket.renew.jitter = 0.05
	ssl.trustmanager.algorithm = PKIX
	block.on.buffer.full = false
	ssl.key.password = null
	sasl.kerberos.min.time.before.relogin = 60000
	connections.max.idle.ms = 540000
	max.in.flight.requests.per.connection = 5
	metrics.num.samples = 2
	ssl.protocol = TLS
	ssl.provider = null
	ssl.enabled.protocols = [TLSv1.2, TLSv1.1, TLSv1]
	batch.size = 16384
	ssl.keystore.location = null
	ssl.cipher.suites = null
	security.protocol = PLAINTEXT
	max.request.size = 1048576
	value.serializer = class org.apache.kafka.common.serialization.ByteArraySerializer
	ssl.keymanager.algorithm = SunX509
	metrics.sample.window.ms = 30000
	partitioner.class = class org.apache.kafka.clients.producer.internals.DefaultPartitioner
	linger.ms = 0

15824 [main] WARN org.apache.kafka.clients.producer.ProducerConfig  - The configuration zookeeper.connect = localhost:2181 was supplied but isn't a known config.
15824 [main] WARN org.apache.kafka.clients.producer.ProducerConfig  - The configuration group.id = space.exploration.mars.newRover was supplied but isn't a known config.
15824 [main] WARN org.apache.kafka.clients.producer.ProducerConfig  - The configuration source.topic = earth_to_curiosity_1 was supplied but isn't a known config.
15824 [main] WARN org.apache.kafka.clients.producer.ProducerConfig  - The configuration auto.offset.reset = largest was supplied but isn't a known config.
15824 [main] WARN org.apache.kafka.clients.producer.ProducerConfig  - The configuration metadata.broker.list = localhost:9092 was supplied but isn't a known config.
15825 [main] WARN org.apache.kafka.clients.producer.ProducerConfig  - The configuration destination.topic = curiosity_to_earth_1 was supplied but isn't a known config.
15826 [main] INFO org.apache.kafka.common.utils.AppInfoParser  - Kafka version : 0.10.0.1
15826 [main] INFO org.apache.kafka.common.utils.AppInfoParser  - Kafka commitId : a7a17cdec9eaa6c5
15963 [main] INFO kafka.utils.VerifiableProperties  - Verifying properties
15988 [main] INFO kafka.utils.VerifiableProperties  - Property auto.offset.reset is overridden to largest
15989 [main] WARN kafka.utils.VerifiableProperties  - Property bootstrap.servers is not valid
15989 [main] WARN kafka.utils.VerifiableProperties  - Property destination.topic is not valid
15989 [main] INFO kafka.utils.VerifiableProperties  - Property group.id is overridden to space.exploration.mars.newRover
15989 [main] WARN kafka.utils.VerifiableProperties  - Property key.serializer is not valid
15989 [main] WARN kafka.utils.VerifiableProperties  - Property metadata.broker.list is not valid
15989 [main] WARN kafka.utils.VerifiableProperties  - Property source.topic is not valid
15989 [main] WARN kafka.utils.VerifiableProperties  - Property value.serializer is not valid
15989 [main] INFO kafka.utils.VerifiableProperties  - Property zookeeper.connect is overridden to localhost:2181
16021 [main] INFO kafka.consumer.ZookeeperConsumerConnector  - [space.exploration.mars.newRover_zion-mainframe-1507473426731-31ae08a6], Connecting to zookeeper instance at localhost:2181
16028 [ZkClient-EventThread-24-localhost:2181] INFO org.I0Itec.zkclient.ZkEventThread  - Starting ZkClient event thread.
16032 [main] INFO org.apache.zookeeper.ZooKeeper  - Client environment:zookeeper.version=3.4.6-1569965, built on 02/20/2014 09:09 GMT
16032 [main] INFO org.apache.zookeeper.ZooKeeper  - Client environment:host.name=zion-mainframe
16032 [main] INFO org.apache.zookeeper.ZooKeeper  - Client environment:java.version=1.8.0_131
16032 [main] INFO org.apache.zookeeper.ZooKeeper  - Client environment:java.vendor=Oracle Corporation
16033 [main] INFO org.apache.zookeeper.ZooKeeper  - Client environment:java.home=/usr/lib/jvm/java-8-openjdk-amd64/jre
16033 [main] INFO org.apache.zookeeper.ZooKeeper  - Client environment:java.class.path=/usr/lib/jvm/java-1.8.0-openjdk-amd64/jre/lib/charsets.jar:/usr/lib/jvm/java-1.8.0-openjdk-amd64/jre/lib/ext/cldrdata.jar:/usr/lib/jvm/java-1.8.0-openjdk-amd64/jre/lib/ext/dnsns.jar:/usr/lib/jvm/java-1.8.0-openjdk-amd64/jre/lib/ext/icedtea-sound.jar:/usr/lib/jvm/java-1.8.0-openjdk-amd64/jre/lib/ext/jaccess.jar:/usr/lib/jvm/java-1.8.0-openjdk-amd64/jre/lib/ext/localedata.jar:/usr/lib/jvm/java-1.8.0-openjdk-amd64/jre/lib/ext/nashorn.jar:/usr/lib/jvm/java-1.8.0-openjdk-amd64/jre/lib/ext/sunec.jar:/usr/lib/jvm/java-1.8.0-openjdk-amd64/jre/lib/ext/sunjce_provider.jar:/usr/lib/jvm/java-1.8.0-openjdk-amd64/jre/lib/ext/sunpkcs11.jar:/usr/lib/jvm/java-1.8.0-openjdk-amd64/jre/lib/ext/zipfs.jar:/usr/lib/jvm/java-1.8.0-openjdk-amd64/jre/lib/jce.jar:/usr/lib/jvm/java-1.8.0-openjdk-amd64/jre/lib/jsse.jar:/usr/lib/jvm/java-1.8.0-openjdk-amd64/jre/lib/management-agent.jar:/usr/lib/jvm/java-1.8.0-openjdk-amd64/jre/lib/resources.jar:/usr/lib/jvm/java-1.8.0-openjdk-amd64/jre/lib/rt.jar:/home/sanket/Documents/workspace/MarsRover/mars.rover/target/classes:/home/sanket/.m2/repository/com/google/protobuf/protobuf-java/3.2.0/protobuf-java-3.2.0.jar:/home/sanket/.m2/repository/org/apache/kafka/kafka_2.10/0.10.0.1/kafka_2.10-0.10.0.1.jar:/home/sanket/.m2/repository/com/101tec/zkclient/0.8/zkclient-0.8.jar:/home/sanket/.m2/repository/org/slf4j/slf4j-api/1.6.1/slf4j-api-1.6.1.jar:/home/sanket/.m2/repository/log4j/log4j/1.2.15/log4j-1.2.15.jar:/home/sanket/.m2/repository/javax/mail/mail/1.4/mail-1.4.jar:/home/sanket/.m2/repository/javax/activation/activation/1.1/activation-1.1.jar:/home/sanket/.m2/repository/org/scala-lang/scala-library/2.10.6/scala-library-2.10.6.jar:/home/sanket/.m2/repository/org/slf4j/slf4j-log4j12/1.7.21/slf4j-log4j12-1.7.21.jar:/home/sanket/.m2/repository/com/yammer/metrics/metrics-core/2.2.0/metrics-core-2.2.0.jar:/home/sanket/.m2/repository/org/apache/kafka/kafka-clients/0.10.0.1/kafka-clients-0.10.0.1.jar:/home/sanket/.m2/repository/net/jpountz/lz4/lz4/1.3.0/lz4-1.3.0.jar:/home/sanket/.m2/repository/org/xerial/snappy/snappy-java/1.1.2.6/snappy-java-1.1.2.6.jar:/home/sanket/.m2/repository/net/sf/jopt-simple/jopt-simple/4.9/jopt-simple-4.9.jar:/home/sanket/.m2/repository/org/apache/zookeeper/zookeeper/3.4.6/zookeeper-3.4.6.jar:/home/sanket/.m2/repository/jline/jline/0.9.94/jline-0.9.94.jar:/home/sanket/.m2/repository/io/netty/netty/3.7.0.Final/netty-3.7.0.Final.jar:/home/sanket/.m2/repository/org/tensorflow/tensorflow/1.1.0/tensorflow-1.1.0.jar:/home/sanket/.m2/repository/org/tensorflow/libtensorflow/1.1.0/libtensorflow-1.1.0.jar:/home/sanket/.m2/repository/org/tensorflow/libtensorflow_jni/1.1.0/libtensorflow_jni-1.1.0.jar:/home/sanket/.m2/repository/mysql/mysql-connector-java/5.1.6/mysql-connector-java-5.1.6.jar:/home/sanket/Documents/Tools/intelliJ/idea-IC-171.4694.23/lib/idea_rt.jar
16033 [main] INFO org.apache.zookeeper.ZooKeeper  - Client environment:java.library.path=/home/sanket/Documents/Tools/intelliJ/idea-IC-171.4694.23/bin::/usr/java/packages/lib/amd64:/usr/lib/x86_64-linux-gnu/jni:/lib/x86_64-linux-gnu:/usr/lib/x86_64-linux-gnu:/usr/lib/jni:/lib:/usr/lib
16033 [main] INFO org.apache.zookeeper.ZooKeeper  - Client environment:java.io.tmpdir=/tmp
16033 [main] INFO org.apache.zookeeper.ZooKeeper  - Client environment:java.compiler=<NA>
16033 [main] INFO org.apache.zookeeper.ZooKeeper  - Client environment:os.name=Linux
16033 [main] INFO org.apache.zookeeper.ZooKeeper  - Client environment:os.arch=amd64
16033 [main] INFO org.apache.zookeeper.ZooKeeper  - Client environment:os.version=4.10.0-35-generic
16033 [main] INFO org.apache.zookeeper.ZooKeeper  - Client environment:user.name=sanket
16033 [main] INFO org.apache.zookeeper.ZooKeeper  - Client environment:user.home=/home/sanket
16033 [main] INFO org.apache.zookeeper.ZooKeeper  - Client environment:user.dir=/home/sanket/Documents/workspace/MarsRover/mars.rover
16033 [main] INFO org.apache.zookeeper.ZooKeeper  - Initiating client connection, connectString=localhost:2181 sessionTimeout=6000 watcher=org.I0Itec.zkclient.ZkClient@4135c3b
16041 [main] INFO org.I0Itec.zkclient.ZkClient  - Waiting for keeper state SyncConnected
16043 [main-SendThread(localhost:2181)] INFO org.apache.zookeeper.ClientCnxn  - Opening socket connection to server localhost/127.0.0.1:2181. Will not attempt to authenticate using SASL (unknown error)
16047 [main-SendThread(localhost:2181)] INFO org.apache.zookeeper.ClientCnxn  - Socket connection established to localhost/127.0.0.1:2181, initiating session
16051 [main-SendThread(localhost:2181)] INFO org.apache.zookeeper.ClientCnxn  - Session establishment complete on server localhost/127.0.0.1:2181, sessionid = 0x15ed3fe37fc00df, negotiated timeout = 6000
16052 [main-EventThread] INFO org.I0Itec.zkclient.ZkClient  - zookeeper state changed (SyncConnected)
16061 [main] INFO kafka.consumer.ZookeeperConsumerConnector  - [space.exploration.mars.newRover_zion-mainframe-1507473426731-31ae08a6], starting auto committer every 60000 ms
16082 [Thread-2] INFO kafka.consumer.ZookeeperConsumerConnector  - [space.exploration.mars.newRover_zion-mainframe-1507473426731-31ae08a6], begin registering consumer space.exploration.mars.newRover_zion-mainframe-1507473426731-31ae08a6 in ZK
16178 [Thread-2] INFO kafka.utils.ZKCheckedEphemeral  - Creating /consumers/space.exploration.mars.newRover/ids/space.exploration.mars.newRover_zion-mainframe-1507473426731-31ae08a6 (is it secure? false)
16187 [Thread-2] INFO kafka.utils.ZKCheckedEphemeral  - Result of znode creation is: OK
16187 [Thread-2] INFO kafka.consumer.ZookeeperConsumerConnector  - [space.exploration.mars.newRover_zion-mainframe-1507473426731-31ae08a6], end registering consumer space.exploration.mars.newRover_zion-mainframe-1507473426731-31ae08a6 in ZK
16192 [space.exploration.mars.newRover_zion-mainframe-1507473426731-31ae08a6_watcher_executor] INFO kafka.consumer.ZookeeperConsumerConnector  - [space.exploration.mars.newRover_zion-mainframe-1507473426731-31ae08a6], starting watcher executor thread for consumer space.exploration.mars.newRover_zion-mainframe-1507473426731-31ae08a6
16213 [Thread-2] INFO kafka.consumer.ZookeeperConsumerConnector  - [space.exploration.mars.newRover_zion-mainframe-1507473426731-31ae08a6], begin rebalancing consumer space.exploration.mars.newRover_zion-mainframe-1507473426731-31ae08a6 try #0
16362 [Thread-2] INFO kafka.consumer.ConsumerFetcherManager  - [ConsumerFetcherManager-1507473426770] Stopping leader finder thread
16363 [Thread-2] INFO kafka.consumer.ConsumerFetcherManager  - [ConsumerFetcherManager-1507473426770] Stopping all fetchers
16371 [Thread-2] INFO kafka.consumer.ConsumerFetcherManager  - [ConsumerFetcherManager-1507473426770] All connections stopped
16372 [Thread-2] INFO kafka.consumer.ZookeeperConsumerConnector  - [space.exploration.mars.newRover_zion-mainframe-1507473426731-31ae08a6], Cleared all relevant queues for this fetcher
16374 [Thread-2] INFO kafka.consumer.ZookeeperConsumerConnector  - [space.exploration.mars.newRover_zion-mainframe-1507473426731-31ae08a6], Cleared the data chunks in all the consumer message iterators
16374 [Thread-2] INFO kafka.consumer.ZookeeperConsumerConnector  - [space.exploration.mars.newRover_zion-mainframe-1507473426731-31ae08a6], Committing all offsets after clearing the fetcher queues
16376 [Thread-2] INFO kafka.consumer.ZookeeperConsumerConnector  - [space.exploration.mars.newRover_zion-mainframe-1507473426731-31ae08a6], Releasing partition ownership
16436 [Thread-2] INFO kafka.consumer.RangeAssignor  - Consumer space.exploration.mars.newRover_zion-mainframe-1507473426731-31ae08a6 rebalancing the following partitions: ArrayBuffer(0) for topic earth_to_curiosity_1 with consumers: List(space.exploration.mars.newRover_zion-mainframe-1507473426731-31ae08a6-0)
16440 [Thread-2] INFO kafka.consumer.RangeAssignor  - space.exploration.mars.newRover_zion-mainframe-1507473426731-31ae08a6-0 attempting to claim partition 0
16495 [Thread-2] INFO kafka.consumer.ZookeeperConsumerConnector  - [space.exploration.mars.newRover_zion-mainframe-1507473426731-31ae08a6], space.exploration.mars.newRover_zion-mainframe-1507473426731-31ae08a6-0 successfully owned partition 0 for topic earth_to_curiosity_1
16527 [Thread-2] INFO kafka.consumer.ZookeeperConsumerConnector  - [space.exploration.mars.newRover_zion-mainframe-1507473426731-31ae08a6], Consumer space.exploration.mars.newRover_zion-mainframe-1507473426731-31ae08a6 selected partitions : earth_to_curiosity_1:0: fetched offset = 3488: consumed offset = 3488
16529 [Thread-2] INFO kafka.consumer.ZookeeperConsumerConnector  - [space.exploration.mars.newRover_zion-mainframe-1507473426731-31ae08a6], end rebalancing consumer space.exploration.mars.newRover_zion-mainframe-1507473426731-31ae08a6 try #0
16532 [space.exploration.mars.newRover_zion-mainframe-1507473426731-31ae08a6-leader-finder-thread] INFO kafka.consumer.ConsumerFetcherManager$LeaderFinderThread  - [space.exploration.mars.newRover_zion-mainframe-1507473426731-31ae08a6-leader-finder-thread], Starting 
16560 [space.exploration.mars.newRover_zion-mainframe-1507473426731-31ae08a6-leader-finder-thread] INFO kafka.utils.VerifiableProperties  - Verifying properties
16562 [space.exploration.mars.newRover_zion-mainframe-1507473426731-31ae08a6-leader-finder-thread] INFO kafka.utils.VerifiableProperties  - Property client.id is overridden to space.exploration.mars.newRover
16562 [space.exploration.mars.newRover_zion-mainframe-1507473426731-31ae08a6-leader-finder-thread] INFO kafka.utils.VerifiableProperties  - Property metadata.broker.list is overridden to zion-mainframe:9092
16563 [space.exploration.mars.newRover_zion-mainframe-1507473426731-31ae08a6-leader-finder-thread] INFO kafka.utils.VerifiableProperties  - Property request.timeout.ms is overridden to 30000
16588 [space.exploration.mars.newRover_zion-mainframe-1507473426731-31ae08a6-leader-finder-thread] INFO kafka.client.ClientUtils$  - Fetching metadata from broker BrokerEndPoint(0,zion-mainframe,9092) with correlation id 0 for 1 topic(s) Set(earth_to_curiosity_1)
16593 [space.exploration.mars.newRover_zion-mainframe-1507473426731-31ae08a6-leader-finder-thread] INFO kafka.producer.SyncProducer  - Connected to zion-mainframe:9092 for producing
16612 [space.exploration.mars.newRover_zion-mainframe-1507473426731-31ae08a6-leader-finder-thread] INFO kafka.producer.SyncProducer  - Disconnecting from zion-mainframe:9092
16659 [ConsumerFetcherThread-space.exploration.mars.newRover_zion-mainframe-1507473426731-31ae08a6-0-0] INFO kafka.consumer.ConsumerFetcherThread  - [ConsumerFetcherThread-space.exploration.mars.newRover_zion-mainframe-1507473426731-31ae08a6-0-0], Starting 
16662 [space.exploration.mars.newRover_zion-mainframe-1507473426731-31ae08a6-leader-finder-thread] INFO kafka.consumer.ConsumerFetcherManager  - [ConsumerFetcherManager-1507473426770] Added fetcher for partitions ArrayBuffer([[earth_to_curiosity_1,0], initOffset 3488 to broker BrokerEndPoint(0,zion-mainframe,9092)] )
57998 [pool-2-thread-1] INFO space.exploration.mars.rover.diagnostics.Pacemaker  - Putting rover to sleep - since its been a while since an instruction was received.
58022 [pool-2-thread-1] INFO space.exploration.mars.rover.animation.SleepingAnimationEngine  - Rover is sleeping now
117998 [pool-2-thread-1] INFO space.exploration.mars.rover.diagnostics.Pacemaker  - Awakening rover from slumber
117999 [pool-2-thread-1] INFO space.exploration.mars.rover.animation.SleepingAnimationEngine  - Waking up rover
297998 [pool-2-thread-1] INFO space.exploration.mars.rover.diagnostics.Pacemaker  - Putting rover to sleep - since its been a while since an instruction was received.
298013 [pool-2-thread-1] INFO space.exploration.mars.rover.animation.SleepingAnimationEngine  - Rover is sleeping now
357998 [pool-2-thread-1] INFO space.exploration.mars.rover.diagnostics.Pacemaker  - Diagnostics inhibited because rover is sleeping to conserve battery Current instructionQueue length = 0
417998 [pool-2-thread-1] INFO space.exploration.mars.rover.diagnostics.Pacemaker  - Diagnostics inhibited because rover is sleeping to conserve battery Current instructionQueue length = 0
477998 [pool-2-thread-1] INFO space.exploration.mars.rover.diagnostics.Pacemaker  - Diagnostics inhibited because rover is sleeping to conserve battery Current instructionQueue length = 0
537998 [pool-2-thread-1] INFO space.exploration.mars.rover.diagnostics.Pacemaker  - Diagnostics inhibited because rover is sleeping to conserve battery Current instructionQueue length = 0
597998 [pool-2-thread-1] INFO space.exploration.mars.rover.diagnostics.Pacemaker  - Diagnostics inhibited because rover is sleeping to conserve battery Current instructionQueue length = 0
657998 [pool-2-thread-1] INFO space.exploration.mars.rover.diagnostics.Pacemaker  - Diagnostics inhibited because rover is sleeping to conserve battery Current instructionQueue length = 0
717998 [pool-2-thread-1] INFO space.exploration.mars.rover.diagnostics.Pacemaker  - Awakening rover from slumber
717998 [pool-2-thread-1] INFO space.exploration.mars.rover.animation.SleepingAnimationEngine  - Waking up rover
897998 [pool-2-thread-1] INFO space.exploration.mars.rover.diagnostics.Pacemaker  - Putting rover to sleep - since its been a while since an instruction was received.
898001 [pool-2-thread-1] INFO space.exploration.mars.rover.animation.SleepingAnimationEngine  - Rover is sleeping now
957998 [pool-2-thread-1] INFO space.exploration.mars.rover.diagnostics.Pacemaker  - Diagnostics inhibited because rover is sleeping to conserve battery Current instructionQueue length = 0
1017998 [pool-2-thread-1] INFO space.exploration.mars.rover.diagnostics.Pacemaker  - Diagnostics inhibited because rover is sleeping to conserve battery Current instructionQueue length = 0
1077998 [pool-2-thread-1] INFO space.exploration.mars.rover.diagnostics.Pacemaker  - Diagnostics inhibited because rover is sleeping to conserve battery Current instructionQueue length = 0
1137998 [pool-2-thread-1] INFO space.exploration.mars.rover.diagnostics.Pacemaker  - Diagnostics inhibited because rover is sleeping to conserve battery Current instructionQueue length = 0
1197998 [pool-2-thread-1] INFO space.exploration.mars.rover.diagnostics.Pacemaker  - Diagnostics inhibited because rover is sleeping to conserve battery Current instructionQueue length = 0
1257998 [pool-2-thread-1] INFO space.exploration.mars.rover.diagnostics.Pacemaker  - Diagnostics inhibited because rover is sleeping to conserve battery Current instructionQueue length = 0
1317998 [pool-2-thread-1] INFO space.exploration.mars.rover.diagnostics.Pacemaker  - Awakening rover from slumber
1317998 [pool-2-thread-1] INFO space.exploration.mars.rover.animation.SleepingAnimationEngine  - Waking up rover
1497998 [pool-2-thread-1] INFO space.exploration.mars.rover.diagnostics.Pacemaker  - Putting rover to sleep - since its been a while since an instruction was received.
1498001 [pool-2-thread-1] INFO space.exploration.mars.rover.animation.SleepingAnimationEngine  - Rover is sleeping now
1557998 [pool-2-thread-1] INFO space.exploration.mars.rover.diagnostics.Pacemaker  - Diagnostics inhibited because rover is sleeping to conserve battery Current instructionQueue length = 0
1617998 [pool-2-thread-1] INFO space.exploration.mars.rover.diagnostics.Pacemaker  - Diagnostics inhibited because rover is sleeping to conserve battery Current instructionQueue length = 0
1677998 [pool-2-thread-1] INFO space.exploration.mars.rover.diagnostics.Pacemaker  - Diagnostics inhibited because rover is sleeping to conserve battery Current instructionQueue length = 0
1737998 [pool-2-thread-1] INFO space.exploration.mars.rover.diagnostics.Pacemaker  - Diagnostics inhibited because rover is sleeping to conserve battery Current instructionQueue length = 0
1797998 [pool-2-thread-1] INFO space.exploration.mars.rover.diagnostics.Pacemaker  - Diagnostics inhibited because rover is sleeping to conserve battery Current instructionQueue length = 0
1857998 [pool-2-thread-1] INFO space.exploration.mars.rover.diagnostics.Pacemaker  - Diagnostics inhibited because rover is sleeping to conserve battery Current instructionQueue length = 0
1917998 [pool-2-thread-1] INFO space.exploration.mars.rover.diagnostics.Pacemaker  - Awakening rover from slumber
1917998 [pool-2-thread-1] INFO space.exploration.mars.rover.animation.SleepingAnimationEngine  - Waking up rover
2097998 [pool-2-thread-1] INFO space.exploration.mars.rover.diagnostics.Pacemaker  - Putting rover to sleep - since its been a while since an instruction was received.
2098001 [pool-2-thread-1] INFO space.exploration.mars.rover.animation.SleepingAnimationEngine  - Rover is sleeping now
2157998 [pool-2-thread-1] INFO space.exploration.mars.rover.diagnostics.Pacemaker  - Diagnostics inhibited because rover is sleeping to conserve battery Current instructionQueue length = 0
2217998 [pool-2-thread-1] INFO space.exploration.mars.rover.diagnostics.Pacemaker  - Diagnostics inhibited because rover is sleeping to conserve battery Current instructionQueue length = 0
2277998 [pool-2-thread-1] INFO space.exploration.mars.rover.diagnostics.Pacemaker  - Diagnostics inhibited because rover is sleeping to conserve battery Current instructionQueue length = 0
2337998 [pool-2-thread-1] INFO space.exploration.mars.rover.diagnostics.Pacemaker  - Diagnostics inhibited because rover is sleeping to conserve battery Current instructionQueue length = 0
2397998 [pool-2-thread-1] INFO space.exploration.mars.rover.diagnostics.Pacemaker  - Diagnostics inhibited because rover is sleeping to conserve battery Current instructionQueue length = 0
2457998 [pool-2-thread-1] INFO space.exploration.mars.rover.diagnostics.Pacemaker  - Diagnostics inhibited because rover is sleeping to conserve battery Current instructionQueue length = 0
2517998 [pool-2-thread-1] INFO space.exploration.mars.rover.diagnostics.Pacemaker  - Awakening rover from slumber
2517998 [pool-2-thread-1] INFO space.exploration.mars.rover.animation.SleepingAnimationEngine  - Waking up rover
2697998 [pool-2-thread-1] INFO space.exploration.mars.rover.diagnostics.Pacemaker  - Putting rover to sleep - since its been a while since an instruction was received.
2698001 [pool-2-thread-1] INFO space.exploration.mars.rover.animation.SleepingAnimationEngine  - Rover is sleeping now
2757998 [pool-2-thread-1] INFO space.exploration.mars.rover.diagnostics.Pacemaker  - Diagnostics inhibited because rover is sleeping to conserve battery Current instructionQueue length = 0
2817998 [pool-2-thread-1] INFO space.exploration.mars.rover.diagnostics.Pacemaker  - Diagnostics inhibited because rover is sleeping to conserve battery Current instructionQueue length = 0
2877998 [pool-2-thread-1] INFO space.exploration.mars.rover.diagnostics.Pacemaker  - Diagnostics inhibited because rover is sleeping to conserve battery Current instructionQueue length = 0
2937998 [pool-2-thread-1] INFO space.exploration.mars.rover.diagnostics.Pacemaker  - Diagnostics inhibited because rover is sleeping to conserve battery Current instructionQueue length = 0
2997998 [pool-2-thread-1] INFO space.exploration.mars.rover.diagnostics.Pacemaker  - Diagnostics inhibited because rover is sleeping to conserve battery Current instructionQueue length = 0
3057998 [pool-2-thread-1] INFO space.exploration.mars.rover.diagnostics.Pacemaker  - Diagnostics inhibited because rover is sleeping to conserve battery Current instructionQueue length = 0
3117998 [pool-2-thread-1] INFO space.exploration.mars.rover.diagnostics.Pacemaker  - Awakening rover from slumber
3117998 [pool-2-thread-1] INFO space.exploration.mars.rover.animation.SleepingAnimationEngine  - Waking up rover
3297998 [pool-2-thread-1] INFO space.exploration.mars.rover.diagnostics.Pacemaker  - Putting rover to sleep - since its been a while since an instruction was received.
3298001 [pool-2-thread-1] INFO space.exploration.mars.rover.animation.SleepingAnimationEngine  - Rover is sleeping now
3357998 [pool-2-thread-1] INFO space.exploration.mars.rover.diagnostics.Pacemaker  - Diagnostics inhibited because rover is sleeping to conserve battery Current instructionQueue length = 0
3417998 [pool-2-thread-1] INFO space.exploration.mars.rover.diagnostics.Pacemaker  - Diagnostics inhibited because rover is sleeping to conserve battery Current instructionQueue length = 0
3477998 [pool-2-thread-1] INFO space.exploration.mars.rover.diagnostics.Pacemaker  - Diagnostics inhibited because rover is sleeping to conserve battery Current instructionQueue length = 0
3537998 [pool-2-thread-1] INFO space.exploration.mars.rover.diagnostics.Pacemaker  - Diagnostics inhibited because rover is sleeping to conserve battery Current instructionQueue length = 0
3597998 [pool-2-thread-1] INFO space.exploration.mars.rover.diagnostics.Pacemaker  - Diagnostics inhibited because rover is sleeping to conserve battery Current instructionQueue length = 0
3657998 [pool-2-thread-1] INFO space.exploration.mars.rover.diagnostics.Pacemaker  - Diagnostics inhibited because rover is sleeping to conserve battery Current instructionQueue length = 0
3717998 [pool-2-thread-1] INFO space.exploration.mars.rover.diagnostics.Pacemaker  - Awakening rover from slumber
3717998 [pool-2-thread-1] INFO space.exploration.mars.rover.animation.SleepingAnimationEngine  - Waking up rover
3897998 [pool-2-thread-1] INFO space.exploration.mars.rover.diagnostics.Pacemaker  - Putting rover to sleep - since its been a while since an instruction was received.
3898001 [pool-2-thread-1] INFO space.exploration.mars.rover.animation.SleepingAnimationEngine  - Rover is sleeping now
3957998 [pool-2-thread-1] INFO space.exploration.mars.rover.diagnostics.Pacemaker  - Diagnostics inhibited because rover is sleeping to conserve battery Current instructionQueue length = 0
4017998 [pool-2-thread-1] INFO space.exploration.mars.rover.diagnostics.Pacemaker  - Diagnostics inhibited because rover is sleeping to conserve battery Current instructionQueue length = 0
4077998 [pool-2-thread-1] INFO space.exploration.mars.rover.diagnostics.Pacemaker  - Diagnostics inhibited because rover is sleeping to conserve battery Current instructionQueue length = 0
4137998 [pool-2-thread-1] INFO space.exploration.mars.rover.diagnostics.Pacemaker  - Diagnostics inhibited because rover is sleeping to conserve battery Current instructionQueue length = 0
4197998 [pool-2-thread-1] INFO space.exploration.mars.rover.diagnostics.Pacemaker  - Diagnostics inhibited because rover is sleeping to conserve battery Current instructionQueue length = 0
4257998 [pool-2-thread-1] INFO space.exploration.mars.rover.diagnostics.Pacemaker  - Diagnostics inhibited because rover is sleeping to conserve battery Current instructionQueue length = 0
4317998 [pool-2-thread-1] INFO space.exploration.mars.rover.diagnostics.Pacemaker  - Awakening rover from slumber
4317998 [pool-2-thread-1] INFO space.exploration.mars.rover.animation.SleepingAnimationEngine  - Waking up rover
4497998 [pool-2-thread-1] INFO space.exploration.mars.rover.diagnostics.Pacemaker  - Putting rover to sleep - since its been a while since an instruction was received.
4498001 [pool-2-thread-1] INFO space.exploration.mars.rover.animation.SleepingAnimationEngine  - Rover is sleeping now
4557998 [pool-2-thread-1] INFO space.exploration.mars.rover.diagnostics.Pacemaker  - Diagnostics inhibited because rover is sleeping to conserve battery Current instructionQueue length = 0
4617998 [pool-2-thread-1] INFO space.exploration.mars.rover.diagnostics.Pacemaker  - Diagnostics inhibited because rover is sleeping to conserve battery Current instructionQueue length = 0
4677998 [pool-2-thread-1] INFO space.exploration.mars.rover.diagnostics.Pacemaker  - Diagnostics inhibited because rover is sleeping to conserve battery Current instructionQueue length = 0
4737998 [pool-2-thread-1] INFO space.exploration.mars.rover.diagnostics.Pacemaker  - Diagnostics inhibited because rover is sleeping to conserve battery Current instructionQueue length = 0
4797998 [pool-2-thread-1] INFO space.exploration.mars.rover.diagnostics.Pacemaker  - Diagnostics inhibited because rover is sleeping to conserve battery Current instructionQueue length = 0
4857998 [pool-2-thread-1] INFO space.exploration.mars.rover.diagnostics.Pacemaker  - Diagnostics inhibited because rover is sleeping to conserve battery Current instructionQueue length = 0
4917998 [pool-2-thread-1] INFO space.exploration.mars.rover.diagnostics.Pacemaker  - Awakening rover from slumber
4917998 [pool-2-thread-1] INFO space.exploration.mars.rover.animation.SleepingAnimationEngine  - Waking up rover
5097998 [pool-2-thread-1] INFO space.exploration.mars.rover.diagnostics.Pacemaker  - Putting rover to sleep - since its been a while since an instruction was received.
5098001 [pool-2-thread-1] INFO space.exploration.mars.rover.animation.SleepingAnimationEngine  - Rover is sleeping now
5157998 [pool-2-thread-1] INFO space.exploration.mars.rover.diagnostics.Pacemaker  - Diagnostics inhibited because rover is sleeping to conserve battery Current instructionQueue length = 0
5217998 [pool-2-thread-1] INFO space.exploration.mars.rover.diagnostics.Pacemaker  - Diagnostics inhibited because rover is sleeping to conserve battery Current instructionQueue length = 0
5277998 [pool-2-thread-1] INFO space.exploration.mars.rover.diagnostics.Pacemaker  - Diagnostics inhibited because rover is sleeping to conserve battery Current instructionQueue length = 0
5337998 [pool-2-thread-1] INFO space.exploration.mars.rover.diagnostics.Pacemaker  - Diagnostics inhibited because rover is sleeping to conserve battery Current instructionQueue length = 0
5397998 [pool-2-thread-1] INFO space.exploration.mars.rover.diagnostics.Pacemaker  - Diagnostics inhibited because rover is sleeping to conserve battery Current instructionQueue length = 0
5457998 [pool-2-thread-1] INFO space.exploration.mars.rover.diagnostics.Pacemaker  - Diagnostics inhibited because rover is sleeping to conserve battery Current instructionQueue length = 0
5517998 [pool-2-thread-1] INFO space.exploration.mars.rover.diagnostics.Pacemaker  - Awakening rover from slumber
5517998 [pool-2-thread-1] INFO space.exploration.mars.rover.animation.SleepingAnimationEngine  - Waking up rover
5697998 [pool-2-thread-1] INFO space.exploration.mars.rover.diagnostics.Pacemaker  - Putting rover to sleep - since its been a while since an instruction was received.
5698001 [pool-2-thread-1] INFO space.exploration.mars.rover.animation.SleepingAnimationEngine  - Rover is sleeping now
5757998 [pool-2-thread-1] INFO space.exploration.mars.rover.diagnostics.Pacemaker  - Diagnostics inhibited because rover is sleeping to conserve battery Current instructionQueue length = 0
5818000 [pool-2-thread-1] INFO space.exploration.mars.rover.diagnostics.Pacemaker  - Diagnostics inhibited because rover is sleeping to conserve battery Current instructionQueue length = 0
5877998 [pool-2-thread-1] INFO space.exploration.mars.rover.diagnostics.Pacemaker  - Diagnostics inhibited because rover is sleeping to conserve battery Current instructionQueue length = 0
5937998 [pool-2-thread-1] INFO space.exploration.mars.rover.diagnostics.Pacemaker  - Diagnostics inhibited because rover is sleeping to conserve battery Current instructionQueue length = 0
5997998 [pool-2-thread-1] INFO space.exploration.mars.rover.diagnostics.Pacemaker  - Diagnostics inhibited because rover is sleeping to conserve battery Current instructionQueue length = 0
6057998 [pool-2-thread-1] INFO space.exploration.mars.rover.diagnostics.Pacemaker  - Diagnostics inhibited because rover is sleeping to conserve battery Current instructionQueue length = 0
6117998 [pool-2-thread-1] INFO space.exploration.mars.rover.diagnostics.Pacemaker  - Awakening rover from slumber
6117998 [pool-2-thread-1] INFO space.exploration.mars.rover.animation.SleepingAnimationEngine  - Waking up rover
6297998 [pool-2-thread-1] INFO space.exploration.mars.rover.diagnostics.Pacemaker  - Putting rover to sleep - since its been a while since an instruction was received.
6298001 [pool-2-thread-1] INFO space.exploration.mars.rover.animation.SleepingAnimationEngine  - Rover is sleeping now
6357998 [pool-2-thread-1] INFO space.exploration.mars.rover.diagnostics.Pacemaker  - Diagnostics inhibited because rover is sleeping to conserve battery Current instructionQueue length = 0
6417998 [pool-2-thread-1] INFO space.exploration.mars.rover.diagnostics.Pacemaker  - Diagnostics inhibited because rover is sleeping to conserve battery Current instructionQueue length = 0
6477998 [pool-2-thread-1] INFO space.exploration.mars.rover.diagnostics.Pacemaker  - Diagnostics inhibited because rover is sleeping to conserve battery Current instructionQueue length = 0
6537998 [pool-2-thread-1] INFO space.exploration.mars.rover.diagnostics.Pacemaker  - Diagnostics inhibited because rover is sleeping to conserve battery Current instructionQueue length = 0
6597998 [pool-2-thread-1] INFO space.exploration.mars.rover.diagnostics.Pacemaker  - Diagnostics inhibited because rover is sleeping to conserve battery Current instructionQueue length = 0
6657998 [pool-2-thread-1] INFO space.exploration.mars.rover.diagnostics.Pacemaker  - Diagnostics inhibited because rover is sleeping to conserve battery Current instructionQueue length = 0
6717998 [pool-2-thread-1] INFO space.exploration.mars.rover.diagnostics.Pacemaker  - Awakening rover from slumber
6717998 [pool-2-thread-1] INFO space.exploration.mars.rover.animation.SleepingAnimationEngine  - Waking up rover
6897998 [pool-2-thread-1] INFO space.exploration.mars.rover.diagnostics.Pacemaker  - Putting rover to sleep - since its been a while since an instruction was received.
6898001 [pool-2-thread-1] INFO space.exploration.mars.rover.animation.SleepingAnimationEngine  - Rover is sleeping now
6957998 [pool-2-thread-1] INFO space.exploration.mars.rover.diagnostics.Pacemaker  - Diagnostics inhibited because rover is sleeping to conserve battery Current instructionQueue length = 0
7017998 [pool-2-thread-1] INFO space.exploration.mars.rover.diagnostics.Pacemaker  - Diagnostics inhibited because rover is sleeping to conserve battery Current instructionQueue length = 0
7077998 [pool-2-thread-1] INFO space.exploration.mars.rover.diagnostics.Pacemaker  - Diagnostics inhibited because rover is sleeping to conserve battery Current instructionQueue length = 0
7137998 [pool-2-thread-1] INFO space.exploration.mars.rover.diagnostics.Pacemaker  - Diagnostics inhibited because rover is sleeping to conserve battery Current instructionQueue length = 0
7197998 [pool-2-thread-1] INFO space.exploration.mars.rover.diagnostics.Pacemaker  - Diagnostics inhibited because rover is sleeping to conserve battery Current instructionQueue length = 0
7257998 [pool-2-thread-1] INFO space.exploration.mars.rover.diagnostics.Pacemaker  - Diagnostics inhibited because rover is sleeping to conserve battery Current instructionQueue length = 0
7317998 [pool-2-thread-1] INFO space.exploration.mars.rover.diagnostics.Pacemaker  - Awakening rover from slumber
7317998 [pool-2-thread-1] INFO space.exploration.mars.rover.animation.SleepingAnimationEngine  - Waking up rover
7497998 [pool-2-thread-1] INFO space.exploration.mars.rover.diagnostics.Pacemaker  - Putting rover to sleep - since its been a while since an instruction was received.
7498009 [pool-2-thread-1] INFO space.exploration.mars.rover.animation.SleepingAnimationEngine  - Rover is sleeping now
7557998 [pool-2-thread-1] INFO space.exploration.mars.rover.diagnostics.Pacemaker  - Diagnostics inhibited because rover is sleeping to conserve battery Current instructionQueue length = 0
7617998 [pool-2-thread-1] INFO space.exploration.mars.rover.diagnostics.Pacemaker  - Diagnostics inhibited because rover is sleeping to conserve battery Current instructionQueue length = 0
