2018-02-02 22:08:33,504 [                main]       INFO space.exploration.mars.rover.kernel.SpacecraftClock            -     <init> lid utc time ranges are dictated by clockService as follows:
2018-02-02 22:08:33,504 [                main]       INFO space.exploration.mars.rover.kernel.SpacecraftClock            -     <init> 001T11:58:55.816, APPLICABLE_STOP_TIME=2017-360T19:17:40.149
2018-02-02 22:08:33,504 [                main]       INFO space.exploration.mars.rover.kernel.SpacecraftClock            -     <init>                    Given UTC = 2016-08-26~17:49:00
2018-02-02 22:08:33,504 [                main]       INFO space.exploration.mars.rover.kernel.SpacecraftClock            -     <init> Please ensure that positionSensor and sclk are synchronized
2018-02-02 22:08:33,507 [                main]       INFO space.exploration.mars.rover.kernel.SpacecraftClock            -     <init> rnal spacecraft clock started at :: 2016-08-26T22:49:00.000Z
2018-02-02 22:08:33,507 [                main]       INFO space.exploration.mars.rover.kernel.SpacecraftClock            -     <init>           Mission duration is set to :: 1 year(s).
2018-02-02 22:08:33,507 [                main]       INFO space.exploration.mars.rover.kernel.SpacecraftClock            -     <init>                     Mission duration = 31536000000
2018-02-02 22:08:33,507 [                main]       INFO space.exploration.mars.rover.kernel.SpacecraftClock            - getSclkTime  Internal time::2016-08-26T22:49:00.000Z sclk of::
2018-02-02 22:08:34,536 [                main]       INFO space.exploration.mars.rover.kernel.SpacecraftClock            -     <init> lid utc time ranges are dictated by clockService as follows:
2018-02-02 22:08:34,536 [                main]       INFO space.exploration.mars.rover.kernel.SpacecraftClock            -     <init> 001T11:58:55.816, APPLICABLE_STOP_TIME=2017-360T19:17:40.149
2018-02-02 22:08:34,537 [                main]       INFO space.exploration.mars.rover.kernel.SpacecraftClock            -     <init>                    Given UTC = 2016-08-26~17:49:00
2018-02-02 22:08:34,537 [                main]       INFO space.exploration.mars.rover.kernel.SpacecraftClock            -     <init> Please ensure that positionSensor and sclk are synchronized
2018-02-02 22:08:34,538 [                main]       INFO space.exploration.mars.rover.kernel.SpacecraftClock            -     <init> rnal spacecraft clock started at :: 2016-08-26T22:49:00.000Z
2018-02-02 22:08:34,538 [                main]       INFO space.exploration.mars.rover.kernel.SpacecraftClock            -     <init>           Mission duration is set to :: 1 year(s).
2018-02-02 22:08:34,538 [                main]       INFO space.exploration.mars.rover.kernel.SpacecraftClock            -     <init>                     Mission duration = 31536000000
2018-02-02 22:08:34,538 [                main]       INFO space.exploration.mars.rover.kernel.SpacecraftClock            - resetSpacecraftClock                      UTCTime = 2016-05-05~12:00:00
2018-02-02 22:08:34,539 [                main]       INFO space.exploration.mars.rover.kernel.SpacecraftClock            - resetSpacecraftClock lid utc time ranges are dictated by clockService as follows:
2018-02-02 22:08:34,540 [                main]       INFO space.exploration.mars.rover.kernel.SpacecraftClock            - resetSpacecraftClock 001T11:58:55.816, APPLICABLE_STOP_TIME=2017-360T19:17:40.149
2018-02-02 22:08:34,540 [                main]       INFO space.exploration.mars.rover.kernel.SpacecraftClock            - resetSpacecraftClock                    Given UTC = 2016-05-05~12:00:00
2018-02-02 22:08:34,540 [                main]       INFO space.exploration.mars.rover.kernel.SpacecraftClock            - resetSpacecraftClock Please ensure that positionSensor and sclk are synchronized
2018-02-02 22:08:35,541 [                main]       INFO space.exploration.mars.rover.kernel.SpacecraftClock            - getSclkTime 016-05-05T12:03:00.000-05:00 sclk of::1/01332:07:09:48:04872
2018-02-02 22:08:36,542 [                main]       INFO space.exploration.mars.rover.kernel.SpacecraftClock            - getSclkTime 016-05-05T12:04:00.000-05:00 sclk of::1/01332:07:10:46:44338
2018-02-02 22:08:37,543 [                main]       INFO space.exploration.mars.rover.kernel.SpacecraftClock            - getSclkTime 016-05-05T12:05:00.000-05:00 sclk of::1/01332:07:11:44:83804
2018-02-02 22:08:38,544 [                main]       INFO space.exploration.mars.rover.kernel.SpacecraftClock            - getSclkTime 016-05-05T12:06:00.000-05:00 sclk of::1/01332:07:12:43:23269
2018-02-02 22:08:39,545 [                main]       INFO space.exploration.mars.rover.kernel.SpacecraftClock            - getSclkTime 016-05-05T12:07:00.000-05:00 sclk of::1/01332:07:13:41:62735
2018-02-02 22:08:40,546 [                main]       INFO space.exploration.mars.rover.kernel.SpacecraftClock            - getSclkTime 016-05-05T12:08:00.000-05:00 sclk of::1/01332:07:14:40:02201
2018-02-02 22:08:41,547 [                main]       INFO space.exploration.mars.rover.kernel.SpacecraftClock            - getSclkTime 016-05-05T12:09:00.000-05:00 sclk of::1/01332:07:15:38:41667
2018-02-02 22:08:42,548 [                main]       INFO space.exploration.mars.rover.kernel.SpacecraftClock            - getSclkTime 016-05-05T12:10:00.000-05:00 sclk of::1/01332:07:16:36:81132
2018-02-02 22:08:43,548 [                main]       INFO space.exploration.mars.rover.kernel.SpacecraftClock            - getSclkTime 016-05-05T12:11:00.000-05:00 sclk of::1/01332:07:17:35:20598
2018-02-02 22:08:44,549 [                main]       INFO space.exploration.mars.rover.kernel.SpacecraftClock            - getSclkTime 016-05-05T12:12:00.000-05:00 sclk of::1/01332:07:18:33:60064
2018-02-02 22:08:44,550 [                main]       INFO space.exploration.mars.rover.kernel.SpacecraftClock            - getSclkTime 016-05-05T12:12:00.000-05:00 sclk of::1/01332:07:18:33:60064
