0    [main] INFO  space.exploration.mars.rover.kernel.Rover  - Rover current position is = java.awt.Point[x=350,y=250]
1006 [main] INFO  space.exploration.mars.rover.sensor.Lidar  - Lidar initialized and ready!
2008 [main] INFO  space.exploration.mars.rover.sensor.Spectrometer  - Spectrometer initialized and ready!
3239 [main] INFO  space.exploration.mars.rover.sensor.Camera  - Camera initialized and ready!
4240 [main] INFO  space.exploration.mars.rover.sensor.Radar  - Radar configured:: 
5243 [main] INFO  space.exploration.mars.rover.power.Battery  - Battery configured, batteryLife:primaryPowerUnits = 10000 auxiliaryPowerUnits = 1000 alertThreshold: 100 rechargeTime = 60000
6247 [main] INFO  space.exploration.mars.rover.kernel.Rover  - Battery Monitor configured!
6470 [main] INFO  kafka.utils.VerifiableProperties  - Verifying properties
6489 [main] WARN  kafka.utils.VerifiableProperties  - Property auto.offset.reset is not valid
6490 [main] WARN  kafka.utils.VerifiableProperties  - Property destination.topic is not valid
6490 [main] WARN  kafka.utils.VerifiableProperties  - Property group.id is not valid
6490 [main] INFO  kafka.utils.VerifiableProperties  - Property metadata.broker.list is overridden to localhost:9092
6490 [main] WARN  kafka.utils.VerifiableProperties  - Property source.topic is not valid
6490 [main] WARN  kafka.utils.VerifiableProperties  - Property zookeeper.connect is not valid
6518 [main] INFO  kafka.utils.VerifiableProperties  - Verifying properties
6519 [main] INFO  kafka.utils.VerifiableProperties  - Property auto.offset.reset is overridden to largest
6519 [main] WARN  kafka.utils.VerifiableProperties  - Property destination.topic is not valid
6519 [main] INFO  kafka.utils.VerifiableProperties  - Property group.id is overridden to space.exploration.mars.rover
6519 [main] WARN  kafka.utils.VerifiableProperties  - Property metadata.broker.list is not valid
6519 [main] WARN  kafka.utils.VerifiableProperties  - Property source.topic is not valid
6519 [main] INFO  kafka.utils.VerifiableProperties  - Property zookeeper.connect is overridden to localhost:2181
6540 [main] INFO  kafka.consumer.ZookeeperConsumerConnector  - [space.exploration.mars.rover_zion-mainframe-1497223654279-3b1b0306], Connecting to zookeeper instance at localhost:2181
6548 [ZkClient-EventThread-22-localhost:2181] INFO  org.I0Itec.zkclient.ZkEventThread  - Starting ZkClient event thread.
6551 [main] INFO  org.apache.zookeeper.ZooKeeper  - Client environment:zookeeper.version=3.4.6-1569965, built on 02/20/2014 09:09 GMT
6551 [main] INFO  org.apache.zookeeper.ZooKeeper  - Client environment:host.name=zion-mainframe
6551 [main] INFO  org.apache.zookeeper.ZooKeeper  - Client environment:java.version=1.8.0_131
6551 [main] INFO  org.apache.zookeeper.ZooKeeper  - Client environment:java.vendor=Oracle Corporation
6551 [main] INFO  org.apache.zookeeper.ZooKeeper  - Client environment:java.home=/usr/lib/jvm/java-8-openjdk-amd64/jre
6551 [main] INFO  org.apache.zookeeper.ZooKeeper  - Client environment:java.class.path=/usr/lib/jvm/java-1.8.0-openjdk-amd64/jre/lib/charsets.jar:/usr/lib/jvm/java-1.8.0-openjdk-amd64/jre/lib/ext/cldrdata.jar:/usr/lib/jvm/java-1.8.0-openjdk-amd64/jre/lib/ext/dnsns.jar:/usr/lib/jvm/java-1.8.0-openjdk-amd64/jre/lib/ext/icedtea-sound.jar:/usr/lib/jvm/java-1.8.0-openjdk-amd64/jre/lib/ext/jaccess.jar:/usr/lib/jvm/java-1.8.0-openjdk-amd64/jre/lib/ext/localedata.jar:/usr/lib/jvm/java-1.8.0-openjdk-amd64/jre/lib/ext/nashorn.jar:/usr/lib/jvm/java-1.8.0-openjdk-amd64/jre/lib/ext/sunec.jar:/usr/lib/jvm/java-1.8.0-openjdk-amd64/jre/lib/ext/sunjce_provider.jar:/usr/lib/jvm/java-1.8.0-openjdk-amd64/jre/lib/ext/sunpkcs11.jar:/usr/lib/jvm/java-1.8.0-openjdk-amd64/jre/lib/ext/zipfs.jar:/usr/lib/jvm/java-1.8.0-openjdk-amd64/jre/lib/jce.jar:/usr/lib/jvm/java-1.8.0-openjdk-amd64/jre/lib/jsse.jar:/usr/lib/jvm/java-1.8.0-openjdk-amd64/jre/lib/management-agent.jar:/usr/lib/jvm/java-1.8.0-openjdk-amd64/jre/lib/resources.jar:/usr/lib/jvm/java-1.8.0-openjdk-amd64/jre/lib/rt.jar:/home/sanket/Documents/workspace/MarsRover/mars.rover/target/classes:/home/sanket/.m2/repository/com/google/protobuf/protobuf-java/3.2.0/protobuf-java-3.2.0.jar:/home/sanket/.m2/repository/org/apache/kafka/kafka_2.10/0.9.0.1/kafka_2.10-0.9.0.1.jar:/home/sanket/.m2/repository/com/101tec/zkclient/0.7/zkclient-0.7.jar:/home/sanket/.m2/repository/org/slf4j/slf4j-api/1.6.1/slf4j-api-1.6.1.jar:/home/sanket/.m2/repository/log4j/log4j/1.2.15/log4j-1.2.15.jar:/home/sanket/.m2/repository/javax/mail/mail/1.4/mail-1.4.jar:/home/sanket/.m2/repository/javax/activation/activation/1.1/activation-1.1.jar:/home/sanket/.m2/repository/org/apache/kafka/kafka-clients/0.9.0.1/kafka-clients-0.9.0.1.jar:/home/sanket/.m2/repository/org/xerial/snappy/snappy-java/1.1.1.7/snappy-java-1.1.1.7.jar:/home/sanket/.m2/repository/net/jpountz/lz4/lz4/1.2.0/lz4-1.2.0.jar:/home/sanket/.m2/repository/com/yammer/metrics/metrics-core/2.2.0/metrics-core-2.2.0.jar:/home/sanket/.m2/repository/org/scala-lang/scala-library/2.10.5/scala-library-2.10.5.jar:/home/sanket/.m2/repository/net/sf/jopt-simple/jopt-simple/3.2/jopt-simple-3.2.jar:/home/sanket/.m2/repository/org/slf4j/slf4j-log4j12/1.7.6/slf4j-log4j12-1.7.6.jar:/home/sanket/.m2/repository/org/apache/zookeeper/zookeeper/3.4.6/zookeeper-3.4.6.jar:/home/sanket/.m2/repository/jline/jline/0.9.94/jline-0.9.94.jar:/home/sanket/.m2/repository/io/netty/netty/3.7.0.Final/netty-3.7.0.Final.jar:/home/sanket/.m2/repository/org/tensorflow/tensorflow/1.1.0/tensorflow-1.1.0.jar:/home/sanket/.m2/repository/org/tensorflow/libtensorflow/1.1.0/libtensorflow-1.1.0.jar:/home/sanket/.m2/repository/org/tensorflow/libtensorflow_jni/1.1.0/libtensorflow_jni-1.1.0.jar:/home/sanket/Documents/Tools/intelliJ/idea-IC-171.4694.23/lib/idea_rt.jar
6551 [main] INFO  org.apache.zookeeper.ZooKeeper  - Client environment:java.library.path=/home/sanket/Documents/Tools/intelliJ/idea-IC-171.4694.23/bin::/usr/java/packages/lib/amd64:/usr/lib/x86_64-linux-gnu/jni:/lib/x86_64-linux-gnu:/usr/lib/x86_64-linux-gnu:/usr/lib/jni:/lib:/usr/lib
6551 [main] INFO  org.apache.zookeeper.ZooKeeper  - Client environment:java.io.tmpdir=/tmp
6551 [main] INFO  org.apache.zookeeper.ZooKeeper  - Client environment:java.compiler=<NA>
6551 [main] INFO  org.apache.zookeeper.ZooKeeper  - Client environment:os.name=Linux
6551 [main] INFO  org.apache.zookeeper.ZooKeeper  - Client environment:os.arch=amd64
6551 [main] INFO  org.apache.zookeeper.ZooKeeper  - Client environment:os.version=4.8.0-54-generic
6551 [main] INFO  org.apache.zookeeper.ZooKeeper  - Client environment:user.name=sanket
6551 [main] INFO  org.apache.zookeeper.ZooKeeper  - Client environment:user.home=/home/sanket
6551 [main] INFO  org.apache.zookeeper.ZooKeeper  - Client environment:user.dir=/home/sanket/Documents/workspace/MarsRover/mars.rover
6552 [main] INFO  org.apache.zookeeper.ZooKeeper  - Initiating client connection, connectString=localhost:2181 sessionTimeout=6000 watcher=org.I0Itec.zkclient.ZkClient@be64738
6559 [main] INFO  org.I0Itec.zkclient.ZkClient  - Waiting for keeper state SyncConnected
6562 [main-SendThread(localhost:2181)] INFO  org.apache.zookeeper.ClientCnxn  - Opening socket connection to server localhost/127.0.0.1:2181. Will not attempt to authenticate using SASL (unknown error)
6565 [main-SendThread(localhost:2181)] INFO  org.apache.zookeeper.ClientCnxn  - Socket connection established to localhost/127.0.0.1:2181, initiating session
6569 [main-SendThread(localhost:2181)] INFO  org.apache.zookeeper.ClientCnxn  - Session establishment complete on server localhost/127.0.0.1:2181, sessionid = 0x15c8a5136e10026, negotiated timeout = 6000
6571 [main-EventThread] INFO  org.I0Itec.zkclient.ZkClient  - zookeeper state changed (SyncConnected)
6577 [main] INFO  kafka.consumer.ZookeeperConsumerConnector  - [space.exploration.mars.rover_zion-mainframe-1497223654279-3b1b0306], starting auto committer every 60000 ms
6593 [Thread-2] INFO  kafka.consumer.ZookeeperConsumerConnector  - [space.exploration.mars.rover_zion-mainframe-1497223654279-3b1b0306], begin registering consumer space.exploration.mars.rover_zion-mainframe-1497223654279-3b1b0306 in ZK
6610 [Thread-2] INFO  kafka.utils.ZKCheckedEphemeral  - Creating /consumers/space.exploration.mars.rover/ids/space.exploration.mars.rover_zion-mainframe-1497223654279-3b1b0306 (is it secure? false)
6618 [Thread-2] INFO  kafka.utils.ZKCheckedEphemeral  - Result of znode creation is: OK
6618 [Thread-2] INFO  kafka.consumer.ZookeeperConsumerConnector  - [space.exploration.mars.rover_zion-mainframe-1497223654279-3b1b0306], end registering consumer space.exploration.mars.rover_zion-mainframe-1497223654279-3b1b0306 in ZK
6621 [space.exploration.mars.rover_zion-mainframe-1497223654279-3b1b0306_watcher_executor] INFO  kafka.consumer.ZookeeperConsumerConnector  - [space.exploration.mars.rover_zion-mainframe-1497223654279-3b1b0306], starting watcher executor thread for consumer space.exploration.mars.rover_zion-mainframe-1497223654279-3b1b0306
6639 [Thread-2] INFO  kafka.consumer.ZookeeperConsumerConnector  - [space.exploration.mars.rover_zion-mainframe-1497223654279-3b1b0306], begin rebalancing consumer space.exploration.mars.rover_zion-mainframe-1497223654279-3b1b0306 try #0
6718 [Thread-2] INFO  kafka.consumer.ConsumerFetcherManager  - [ConsumerFetcherManager-1497223654316] Stopping leader finder thread
6718 [Thread-2] INFO  kafka.consumer.ConsumerFetcherManager  - [ConsumerFetcherManager-1497223654316] Stopping all fetchers
6719 [Thread-2] INFO  kafka.consumer.ConsumerFetcherManager  - [ConsumerFetcherManager-1497223654316] All connections stopped
6720 [Thread-2] INFO  kafka.consumer.ZookeeperConsumerConnector  - [space.exploration.mars.rover_zion-mainframe-1497223654279-3b1b0306], Cleared all relevant queues for this fetcher
6721 [Thread-2] INFO  kafka.consumer.ZookeeperConsumerConnector  - [space.exploration.mars.rover_zion-mainframe-1497223654279-3b1b0306], Cleared the data chunks in all the consumer message iterators
6721 [Thread-2] INFO  kafka.consumer.ZookeeperConsumerConnector  - [space.exploration.mars.rover_zion-mainframe-1497223654279-3b1b0306], Committing all offsets after clearing the fetcher queues
6722 [Thread-2] INFO  kafka.consumer.ZookeeperConsumerConnector  - [space.exploration.mars.rover_zion-mainframe-1497223654279-3b1b0306], Releasing partition ownership
6760 [Thread-2] INFO  kafka.consumer.RangeAssignor  - Consumer space.exploration.mars.rover_zion-mainframe-1497223654279-3b1b0306 rebalancing the following partitions: ArrayBuffer(0) for topic secure_com_from_earth_channel_3 with consumers: List(space.exploration.mars.rover_zion-mainframe-1497223654279-3b1b0306-0)
6762 [Thread-2] INFO  kafka.consumer.RangeAssignor  - space.exploration.mars.rover_zion-mainframe-1497223654279-3b1b0306-0 attempting to claim partition 0
6791 [Thread-2] INFO  kafka.consumer.ZookeeperConsumerConnector  - [space.exploration.mars.rover_zion-mainframe-1497223654279-3b1b0306], space.exploration.mars.rover_zion-mainframe-1497223654279-3b1b0306-0 successfully owned partition 0 for topic secure_com_from_earth_channel_3
6865 [Thread-2] INFO  kafka.consumer.ZookeeperConsumerConnector  - [space.exploration.mars.rover_zion-mainframe-1497223654279-3b1b0306], Consumer space.exploration.mars.rover_zion-mainframe-1497223654279-3b1b0306 selected partitions : secure_com_from_earth_channel_3:0: fetched offset = 693: consumed offset = 693
6867 [space.exploration.mars.rover_zion-mainframe-1497223654279-3b1b0306-leader-finder-thread] INFO  kafka.consumer.ConsumerFetcherManager$LeaderFinderThread  - [space.exploration.mars.rover_zion-mainframe-1497223654279-3b1b0306-leader-finder-thread], Starting 
6868 [Thread-2] INFO  kafka.consumer.ZookeeperConsumerConnector  - [space.exploration.mars.rover_zion-mainframe-1497223654279-3b1b0306], end rebalancing consumer space.exploration.mars.rover_zion-mainframe-1497223654279-3b1b0306 try #0
6879 [space.exploration.mars.rover_zion-mainframe-1497223654279-3b1b0306-leader-finder-thread] INFO  kafka.utils.VerifiableProperties  - Verifying properties
6880 [space.exploration.mars.rover_zion-mainframe-1497223654279-3b1b0306-leader-finder-thread] INFO  kafka.utils.VerifiableProperties  - Property client.id is overridden to space.exploration.mars.rover
6880 [space.exploration.mars.rover_zion-mainframe-1497223654279-3b1b0306-leader-finder-thread] INFO  kafka.utils.VerifiableProperties  - Property metadata.broker.list is overridden to zion-mainframe:9092
6880 [space.exploration.mars.rover_zion-mainframe-1497223654279-3b1b0306-leader-finder-thread] INFO  kafka.utils.VerifiableProperties  - Property request.timeout.ms is overridden to 30000
6891 [space.exploration.mars.rover_zion-mainframe-1497223654279-3b1b0306-leader-finder-thread] INFO  kafka.client.ClientUtils$  - Fetching metadata from broker BrokerEndPoint(0,zion-mainframe,9092) with correlation id 0 for 1 topic(s) Set(secure_com_from_earth_channel_3)
6895 [space.exploration.mars.rover_zion-mainframe-1497223654279-3b1b0306-leader-finder-thread] INFO  kafka.producer.SyncProducer  - Connected to zion-mainframe:9092 for producing
6904 [space.exploration.mars.rover_zion-mainframe-1497223654279-3b1b0306-leader-finder-thread] INFO  kafka.producer.SyncProducer  - Disconnecting from zion-mainframe:9092
6916 [ConsumerFetcherThread-space.exploration.mars.rover_zion-mainframe-1497223654279-3b1b0306-0-0] INFO  kafka.consumer.ConsumerFetcherThread  - [ConsumerFetcherThread-space.exploration.mars.rover_zion-mainframe-1497223654279-3b1b0306-0-0], Starting 
6918 [space.exploration.mars.rover_zion-mainframe-1497223654279-3b1b0306-leader-finder-thread] INFO  kafka.consumer.ConsumerFetcherManager  - [ConsumerFetcherManager-1497223654316] Added fetcher for partitions ArrayBuffer([[secure_com_from_earth_channel_3,0], initOffset 693 to broker BrokerEndPoint(0,zion-mainframe,9092)] )
6977 [Thread-2] ERROR space.exploration.mars.rover.communication.Radio  - Radio lifeSpan has ended.
6977 [Thread-2] ERROR space.exploration.mars.rover.communication.Radio  - Radio lifeSpan has ended.
7579 [main] INFO  space.exploration.mars.rover.communication.Radio  - Radio configured:: 
metadata.broker.list::localhost:9092
source.topic::secure_com_from_earth_channel_3
auto.offset.reset::largest
group.id::space.exploration.mars.rover
destination.topic::secure_com_to_earth_channel_3
zookeeper.connect::localhost:2181
8582 [main] INFO  space.exploration.mars.rover.sensor.Radar  - Radar configured:: 
19753 [main] INFO  kafka.client.ClientUtils$  - Fetching metadata from broker BrokerEndPoint(0,localhost,9092) with correlation id 0 for 1 topic(s) Set(secure_com_to_earth_channel_3)
19754 [main] INFO  kafka.producer.SyncProducer  - Connected to localhost:9092 for producing
19756 [main] INFO  kafka.producer.SyncProducer  - Disconnecting from localhost:9092
19786 [main] INFO  kafka.producer.SyncProducer  - Connected to zion-mainframe:9092 for producing
35247 [pool-2-thread-1] INFO  space.exploration.mars.rover.power.Battery  - BatteryMonitor performing due diligence. SCET = 1497223682987
58062 [pool-1-thread-1] INFO  space.exploration.mars.rover.diagnostics.Pacemaker  - SCET: 1497223705744
equipmentHealth {
  key: "Battery"
  value: 1000
}
equipmentHealth {
  key: "Radio"
  value: 999
}
equipmentHealth {
  key: "Lidar"
  value: 1000
}
equipmentHealth {
  key: "Camera"
  value: 1000
}
equipmentHealth {
  key: "Spectrometer"
  value: 1000
}
equipmentHealth {
  key: "Radar"
  value: 1000
}
batteryLevel: 9999
moduleReporting: 3
notes: "This is rover Curiosity. Sending HeartBeat!"
location {
  x: 350
  y: 250
}

65247 [pool-2-thread-1] INFO  space.exploration.mars.rover.power.Battery  - BatteryMonitor performing due diligence. SCET = 1497223712987
