0 [main] INFO space.exploration.mars.rover.kernel.SpacecraftClock  - Curiosity internal spacecraft clock started at :: 2016-01-01T00:00:00.000-06:00
1 [main] INFO space.exploration.mars.rover.kernel.SpacecraftClock  - Mission duration is set to :: 31536000000 year(s).
15578 [main] INFO org.apache.kafka.clients.producer.ProducerConfig  - ProducerConfig values: 
	metric.reporters = []
	metadata.max.age.ms = 300000
	reconnect.backoff.ms = 50
	sasl.kerberos.ticket.renew.window.factor = 0.8
	bootstrap.servers = [localhost:9092]
	ssl.keystore.type = JKS
	sasl.mechanism = GSSAPI
	max.block.ms = 60000
	interceptor.classes = null
	ssl.truststore.password = null
	client.id = 
	ssl.endpoint.identification.algorithm = null
	request.timeout.ms = 30000
	acks = 1
	receive.buffer.bytes = 32768
	ssl.truststore.type = JKS
	retries = 0
	ssl.truststore.location = null
	ssl.keystore.password = null
	send.buffer.bytes = 131072
	compression.type = none
	metadata.fetch.timeout.ms = 60000
	retry.backoff.ms = 100
	sasl.kerberos.kinit.cmd = /usr/bin/kinit
	buffer.memory = 33554432
	timeout.ms = 30000
	key.serializer = class org.apache.kafka.common.serialization.StringSerializer
	sasl.kerberos.service.name = null
	sasl.kerberos.ticket.renew.jitter = 0.05
	ssl.trustmanager.algorithm = PKIX
	block.on.buffer.full = false
	ssl.key.password = null
	sasl.kerberos.min.time.before.relogin = 60000
	connections.max.idle.ms = 540000
	max.in.flight.requests.per.connection = 5
	metrics.num.samples = 2
	ssl.protocol = TLS
	ssl.provider = null
	ssl.enabled.protocols = [TLSv1.2, TLSv1.1, TLSv1]
	batch.size = 16384
	ssl.keystore.location = null
	ssl.cipher.suites = null
	security.protocol = PLAINTEXT
	max.request.size = 1048576
	value.serializer = class org.apache.kafka.common.serialization.ByteArraySerializer
	ssl.keymanager.algorithm = SunX509
	metrics.sample.window.ms = 30000
	partitioner.class = class org.apache.kafka.clients.producer.internals.DefaultPartitioner
	linger.ms = 0

15654 [main] INFO org.apache.kafka.clients.producer.ProducerConfig  - ProducerConfig values: 
	metric.reporters = []
	metadata.max.age.ms = 300000
	reconnect.backoff.ms = 50
	sasl.kerberos.ticket.renew.window.factor = 0.8
	bootstrap.servers = [localhost:9092]
	ssl.keystore.type = JKS
	sasl.mechanism = GSSAPI
	max.block.ms = 60000
	interceptor.classes = null
	ssl.truststore.password = null
	client.id = producer-1
	ssl.endpoint.identification.algorithm = null
	request.timeout.ms = 30000
	acks = 1
	receive.buffer.bytes = 32768
	ssl.truststore.type = JKS
	retries = 0
	ssl.truststore.location = null
	ssl.keystore.password = null
	send.buffer.bytes = 131072
	compression.type = none
	metadata.fetch.timeout.ms = 60000
	retry.backoff.ms = 100
	sasl.kerberos.kinit.cmd = /usr/bin/kinit
	buffer.memory = 33554432
	timeout.ms = 30000
	key.serializer = class org.apache.kafka.common.serialization.StringSerializer
	sasl.kerberos.service.name = null
	sasl.kerberos.ticket.renew.jitter = 0.05
	ssl.trustmanager.algorithm = PKIX
	block.on.buffer.full = false
	ssl.key.password = null
	sasl.kerberos.min.time.before.relogin = 60000
	connections.max.idle.ms = 540000
	max.in.flight.requests.per.connection = 5
	metrics.num.samples = 2
	ssl.protocol = TLS
	ssl.provider = null
	ssl.enabled.protocols = [TLSv1.2, TLSv1.1, TLSv1]
	batch.size = 16384
	ssl.keystore.location = null
	ssl.cipher.suites = null
	security.protocol = PLAINTEXT
	max.request.size = 1048576
	value.serializer = class org.apache.kafka.common.serialization.ByteArraySerializer
	ssl.keymanager.algorithm = SunX509
	metrics.sample.window.ms = 30000
	partitioner.class = class org.apache.kafka.clients.producer.internals.DefaultPartitioner
	linger.ms = 0

15655 [main] WARN org.apache.kafka.clients.producer.ProducerConfig  - The configuration zookeeper.connect = localhost:2181 was supplied but isn't a known config.
15655 [main] WARN org.apache.kafka.clients.producer.ProducerConfig  - The configuration group.id = space.exploration.mars.newRover was supplied but isn't a known config.
15655 [main] WARN org.apache.kafka.clients.producer.ProducerConfig  - The configuration source.topic = earth_to_curiosity_4 was supplied but isn't a known config.
15655 [main] WARN org.apache.kafka.clients.producer.ProducerConfig  - The configuration auto.offset.reset = largest was supplied but isn't a known config.
15655 [main] WARN org.apache.kafka.clients.producer.ProducerConfig  - The configuration metadata.broker.list = localhost:9092 was supplied but isn't a known config.
15655 [main] WARN org.apache.kafka.clients.producer.ProducerConfig  - The configuration destination.topic = curiosity_to_earth_4 was supplied but isn't a known config.
15656 [main] INFO org.apache.kafka.common.utils.AppInfoParser  - Kafka version : 0.10.0.1
15656 [main] INFO org.apache.kafka.common.utils.AppInfoParser  - Kafka commitId : a7a17cdec9eaa6c5
15765 [main] INFO kafka.utils.VerifiableProperties  - Verifying properties
15784 [main] INFO kafka.utils.VerifiableProperties  - Property auto.offset.reset is overridden to largest
15785 [main] WARN kafka.utils.VerifiableProperties  - Property bootstrap.servers is not valid
15785 [main] WARN kafka.utils.VerifiableProperties  - Property destination.topic is not valid
15785 [main] INFO kafka.utils.VerifiableProperties  - Property group.id is overridden to space.exploration.mars.newRover
15785 [main] WARN kafka.utils.VerifiableProperties  - Property key.serializer is not valid
15785 [main] WARN kafka.utils.VerifiableProperties  - Property metadata.broker.list is not valid
15785 [main] WARN kafka.utils.VerifiableProperties  - Property source.topic is not valid
15785 [main] WARN kafka.utils.VerifiableProperties  - Property value.serializer is not valid
15786 [main] INFO kafka.utils.VerifiableProperties  - Property zookeeper.connect is overridden to localhost:2181
15811 [main] INFO kafka.consumer.ZookeeperConsumerConnector  - [space.exploration.mars.newRover_zion-mainframe-1511070565271-ad692567], Connecting to zookeeper instance at localhost:2181
15817 [ZkClient-EventThread-26-localhost:2181] INFO org.I0Itec.zkclient.ZkEventThread  - Starting ZkClient event thread.
15820 [main] INFO org.apache.zookeeper.ZooKeeper  - Client environment:zookeeper.version=3.4.6-1569965, built on 02/20/2014 09:09 GMT
15820 [main] INFO org.apache.zookeeper.ZooKeeper  - Client environment:host.name=zion-mainframe
15820 [main] INFO org.apache.zookeeper.ZooKeeper  - Client environment:java.version=1.8.0_151
15820 [main] INFO org.apache.zookeeper.ZooKeeper  - Client environment:java.vendor=Oracle Corporation
15820 [main] INFO org.apache.zookeeper.ZooKeeper  - Client environment:java.home=/usr/lib/jvm/java-8-openjdk-amd64/jre
15820 [main] INFO org.apache.zookeeper.ZooKeeper  - Client environment:java.class.path=target/mars.rover-0.0.1-SOLSHOT-shaded.jar
15820 [main] INFO org.apache.zookeeper.ZooKeeper  - Client environment:java.library.path=$LD_LIBRARY_PATH:/home/sanket/Documents/workspace/SpiceUtilities/src/main/resources/JNISpice/lib/libJNISpice.so:/home/sanket/Documents/workspace/SpiceUtilities/src/main/resources/JNISpice/lib/libJNISpice.so:/usr/java/packages/lib/amd64:/usr/lib/x86_64-linux-gnu/jni:/lib/x86_64-linux-gnu:/usr/lib/x86_64-linux-gnu:/usr/lib/jni:/lib:/usr/lib
15820 [main] INFO org.apache.zookeeper.ZooKeeper  - Client environment:java.io.tmpdir=/tmp
15820 [main] INFO org.apache.zookeeper.ZooKeeper  - Client environment:java.compiler=<NA>
15820 [main] INFO org.apache.zookeeper.ZooKeeper  - Client environment:os.name=Linux
15820 [main] INFO org.apache.zookeeper.ZooKeeper  - Client environment:os.arch=amd64
15820 [main] INFO org.apache.zookeeper.ZooKeeper  - Client environment:os.version=4.10.0-38-generic
15820 [main] INFO org.apache.zookeeper.ZooKeeper  - Client environment:user.name=sanket
15820 [main] INFO org.apache.zookeeper.ZooKeeper  - Client environment:user.home=/home/sanket
15820 [main] INFO org.apache.zookeeper.ZooKeeper  - Client environment:user.dir=/home/sanket/Documents/workspace/MarsRover/mars.rover
15821 [main] INFO org.apache.zookeeper.ZooKeeper  - Initiating client connection, connectString=localhost:2181 sessionTimeout=6000 watcher=org.I0Itec.zkclient.ZkClient@1190200a
15827 [main] INFO org.I0Itec.zkclient.ZkClient  - Waiting for keeper state SyncConnected
15829 [main-SendThread(localhost:2181)] INFO org.apache.zookeeper.ClientCnxn  - Opening socket connection to server localhost/127.0.0.1:2181. Will not attempt to authenticate using SASL (unknown error)
15861 [main-SendThread(localhost:2181)] INFO org.apache.zookeeper.ClientCnxn  - Socket connection established to localhost/127.0.0.1:2181, initiating session
15865 [main-SendThread(localhost:2181)] INFO org.apache.zookeeper.ClientCnxn  - Session establishment complete on server localhost/127.0.0.1:2181, sessionid = 0x15fd29e17a20005, negotiated timeout = 6000
15866 [main-EventThread] INFO org.I0Itec.zkclient.ZkClient  - zookeeper state changed (SyncConnected)
15872 [main] INFO kafka.consumer.ZookeeperConsumerConnector  - [space.exploration.mars.newRover_zion-mainframe-1511070565271-ad692567], starting auto committer every 60000 ms
15889 [Thread-2] INFO kafka.consumer.ZookeeperConsumerConnector  - [space.exploration.mars.newRover_zion-mainframe-1511070565271-ad692567], begin registering consumer space.exploration.mars.newRover_zion-mainframe-1511070565271-ad692567 in ZK
15913 [Thread-2] INFO kafka.utils.ZKCheckedEphemeral  - Creating /consumers/space.exploration.mars.newRover/ids/space.exploration.mars.newRover_zion-mainframe-1511070565271-ad692567 (is it secure? false)
15920 [Thread-2] INFO kafka.utils.ZKCheckedEphemeral  - Result of znode creation is: OK
15920 [Thread-2] INFO kafka.consumer.ZookeeperConsumerConnector  - [space.exploration.mars.newRover_zion-mainframe-1511070565271-ad692567], end registering consumer space.exploration.mars.newRover_zion-mainframe-1511070565271-ad692567 in ZK
15924 [space.exploration.mars.newRover_zion-mainframe-1511070565271-ad692567_watcher_executor] INFO kafka.consumer.ZookeeperConsumerConnector  - [space.exploration.mars.newRover_zion-mainframe-1511070565271-ad692567], starting watcher executor thread for consumer space.exploration.mars.newRover_zion-mainframe-1511070565271-ad692567
15935 [Thread-2] INFO kafka.consumer.ZookeeperConsumerConnector  - [space.exploration.mars.newRover_zion-mainframe-1511070565271-ad692567], begin rebalancing consumer space.exploration.mars.newRover_zion-mainframe-1511070565271-ad692567 try #0
16010 [Thread-2] INFO kafka.consumer.ConsumerFetcherManager  - [ConsumerFetcherManager-1511070565331] Stopping leader finder thread
16010 [Thread-2] INFO kafka.consumer.ConsumerFetcherManager  - [ConsumerFetcherManager-1511070565331] Stopping all fetchers
16010 [Thread-2] INFO kafka.consumer.ConsumerFetcherManager  - [ConsumerFetcherManager-1511070565331] All connections stopped
16011 [Thread-2] INFO kafka.consumer.ZookeeperConsumerConnector  - [space.exploration.mars.newRover_zion-mainframe-1511070565271-ad692567], Cleared all relevant queues for this fetcher
16011 [Thread-2] INFO kafka.consumer.ZookeeperConsumerConnector  - [space.exploration.mars.newRover_zion-mainframe-1511070565271-ad692567], Cleared the data chunks in all the consumer message iterators
16011 [Thread-2] INFO kafka.consumer.ZookeeperConsumerConnector  - [space.exploration.mars.newRover_zion-mainframe-1511070565271-ad692567], Committing all offsets after clearing the fetcher queues
16012 [Thread-2] INFO kafka.consumer.ZookeeperConsumerConnector  - [space.exploration.mars.newRover_zion-mainframe-1511070565271-ad692567], Releasing partition ownership
16030 [Thread-2] INFO kafka.consumer.RangeAssignor  - Consumer space.exploration.mars.newRover_zion-mainframe-1511070565271-ad692567 rebalancing the following partitions: ArrayBuffer() for topic earth_to_curiosity_4 with consumers: List(space.exploration.mars.newRover_zion-mainframe-1511070565271-ad692567-0)
16031 [Thread-2] WARN kafka.consumer.RangeAssignor  - No broker partitions consumed by consumer thread space.exploration.mars.newRover_zion-mainframe-1511070565271-ad692567-0 for topic earth_to_curiosity_4
16038 [Thread-2] INFO kafka.consumer.ZookeeperConsumerConnector  - [space.exploration.mars.newRover_zion-mainframe-1511070565271-ad692567], Consumer space.exploration.mars.newRover_zion-mainframe-1511070565271-ad692567 selected partitions : 
16039 [space.exploration.mars.newRover_zion-mainframe-1511070565271-ad692567-leader-finder-thread] INFO kafka.consumer.ConsumerFetcherManager$LeaderFinderThread  - [space.exploration.mars.newRover_zion-mainframe-1511070565271-ad692567-leader-finder-thread], Starting 
16040 [Thread-2] INFO kafka.consumer.ZookeeperConsumerConnector  - [space.exploration.mars.newRover_zion-mainframe-1511070565271-ad692567], end rebalancing consumer space.exploration.mars.newRover_zion-mainframe-1511070565271-ad692567 try #0
40148 [main] INFO space.exploration.mars.rover.communication.Transmitter  - Sending information packet to curiosity_to_earth_4
43153 [pool-4-thread-1] INFO space.exploration.mars.rover.animation.SleepingAnimationEngine  - Rover is sleeping now
55059 [ZkClient-EventThread-26-localhost:2181] INFO kafka.consumer.ZookeeperConsumerConnector  - [space.exploration.mars.newRover_zion-mainframe-1511070565271-ad692567], Topic info for path /brokers/topics/earth_to_curiosity_4 changed to {"version":1,"partitions":{"0":[0]}}, triggering rebalance
55059 [space.exploration.mars.newRover_zion-mainframe-1511070565271-ad692567_watcher_executor] INFO kafka.consumer.ZookeeperConsumerConnector  - [space.exploration.mars.newRover_zion-mainframe-1511070565271-ad692567], begin rebalancing consumer space.exploration.mars.newRover_zion-mainframe-1511070565271-ad692567 try #0
55098 [space.exploration.mars.newRover_zion-mainframe-1511070565271-ad692567_watcher_executor] INFO kafka.consumer.ConsumerFetcherManager  - [ConsumerFetcherManager-1511070565331] Stopping leader finder thread
55106 [space.exploration.mars.newRover_zion-mainframe-1511070565271-ad692567_watcher_executor] INFO kafka.consumer.ConsumerFetcherManager$LeaderFinderThread  - [space.exploration.mars.newRover_zion-mainframe-1511070565271-ad692567-leader-finder-thread], Shutting down
55109 [space.exploration.mars.newRover_zion-mainframe-1511070565271-ad692567-leader-finder-thread] INFO kafka.consumer.ConsumerFetcherManager$LeaderFinderThread  - [space.exploration.mars.newRover_zion-mainframe-1511070565271-ad692567-leader-finder-thread], Stopped 
55110 [space.exploration.mars.newRover_zion-mainframe-1511070565271-ad692567_watcher_executor] INFO kafka.consumer.ConsumerFetcherManager$LeaderFinderThread  - [space.exploration.mars.newRover_zion-mainframe-1511070565271-ad692567-leader-finder-thread], Shutdown completed
55110 [space.exploration.mars.newRover_zion-mainframe-1511070565271-ad692567_watcher_executor] INFO kafka.consumer.ConsumerFetcherManager  - [ConsumerFetcherManager-1511070565331] Stopping all fetchers
55110 [space.exploration.mars.newRover_zion-mainframe-1511070565271-ad692567_watcher_executor] INFO kafka.consumer.ConsumerFetcherManager  - [ConsumerFetcherManager-1511070565331] All connections stopped
55110 [space.exploration.mars.newRover_zion-mainframe-1511070565271-ad692567_watcher_executor] INFO kafka.consumer.ZookeeperConsumerConnector  - [space.exploration.mars.newRover_zion-mainframe-1511070565271-ad692567], Cleared all relevant queues for this fetcher
55110 [space.exploration.mars.newRover_zion-mainframe-1511070565271-ad692567_watcher_executor] INFO kafka.consumer.ZookeeperConsumerConnector  - [space.exploration.mars.newRover_zion-mainframe-1511070565271-ad692567], Cleared the data chunks in all the consumer message iterators
55110 [space.exploration.mars.newRover_zion-mainframe-1511070565271-ad692567_watcher_executor] INFO kafka.consumer.ZookeeperConsumerConnector  - [space.exploration.mars.newRover_zion-mainframe-1511070565271-ad692567], Committing all offsets after clearing the fetcher queues
55110 [space.exploration.mars.newRover_zion-mainframe-1511070565271-ad692567_watcher_executor] INFO kafka.consumer.ZookeeperConsumerConnector  - [space.exploration.mars.newRover_zion-mainframe-1511070565271-ad692567], Releasing partition ownership
55131 [space.exploration.mars.newRover_zion-mainframe-1511070565271-ad692567_watcher_executor] INFO kafka.consumer.RangeAssignor  - Consumer space.exploration.mars.newRover_zion-mainframe-1511070565271-ad692567 rebalancing the following partitions: ArrayBuffer(0) for topic earth_to_curiosity_4 with consumers: List(space.exploration.mars.newRover_zion-mainframe-1511070565271-ad692567-0)
55133 [space.exploration.mars.newRover_zion-mainframe-1511070565271-ad692567_watcher_executor] INFO kafka.consumer.RangeAssignor  - space.exploration.mars.newRover_zion-mainframe-1511070565271-ad692567-0 attempting to claim partition 0
55156 [space.exploration.mars.newRover_zion-mainframe-1511070565271-ad692567_watcher_executor] INFO kafka.consumer.ZookeeperConsumerConnector  - [space.exploration.mars.newRover_zion-mainframe-1511070565271-ad692567], space.exploration.mars.newRover_zion-mainframe-1511070565271-ad692567-0 successfully owned partition 0 for topic earth_to_curiosity_4
55162 [space.exploration.mars.newRover_zion-mainframe-1511070565271-ad692567_watcher_executor] INFO kafka.consumer.ZookeeperConsumerConnector  - [space.exploration.mars.newRover_zion-mainframe-1511070565271-ad692567], Consumer space.exploration.mars.newRover_zion-mainframe-1511070565271-ad692567 selected partitions : earth_to_curiosity_4:0: fetched offset = -1: consumed offset = -1
55162 [space.exploration.mars.newRover_zion-mainframe-1511070565271-ad692567_watcher_executor] INFO kafka.consumer.ZookeeperConsumerConnector  - [space.exploration.mars.newRover_zion-mainframe-1511070565271-ad692567], end rebalancing consumer space.exploration.mars.newRover_zion-mainframe-1511070565271-ad692567 try #0
55162 [space.exploration.mars.newRover_zion-mainframe-1511070565271-ad692567-leader-finder-thread] INFO kafka.consumer.ConsumerFetcherManager$LeaderFinderThread  - [space.exploration.mars.newRover_zion-mainframe-1511070565271-ad692567-leader-finder-thread], Starting 
55173 [space.exploration.mars.newRover_zion-mainframe-1511070565271-ad692567-leader-finder-thread] INFO kafka.utils.VerifiableProperties  - Verifying properties
55175 [space.exploration.mars.newRover_zion-mainframe-1511070565271-ad692567-leader-finder-thread] INFO kafka.utils.VerifiableProperties  - Property client.id is overridden to space.exploration.mars.newRover
55175 [space.exploration.mars.newRover_zion-mainframe-1511070565271-ad692567-leader-finder-thread] INFO kafka.utils.VerifiableProperties  - Property metadata.broker.list is overridden to zion-mainframe:9092
55175 [space.exploration.mars.newRover_zion-mainframe-1511070565271-ad692567-leader-finder-thread] INFO kafka.utils.VerifiableProperties  - Property request.timeout.ms is overridden to 30000
55191 [space.exploration.mars.newRover_zion-mainframe-1511070565271-ad692567-leader-finder-thread] INFO kafka.client.ClientUtils$  - Fetching metadata from broker BrokerEndPoint(0,zion-mainframe,9092) with correlation id 0 for 1 topic(s) Set(earth_to_curiosity_4)
55195 [space.exploration.mars.newRover_zion-mainframe-1511070565271-ad692567-leader-finder-thread] INFO kafka.producer.SyncProducer  - Connected to zion-mainframe:9092 for producing
55220 [space.exploration.mars.newRover_zion-mainframe-1511070565271-ad692567-leader-finder-thread] INFO kafka.producer.SyncProducer  - Disconnecting from zion-mainframe:9092
55232 [space.exploration.mars.newRover_zion-mainframe-1511070565271-ad692567-leader-finder-thread] INFO kafka.consumer.ConsumerFetcherManager  - [ConsumerFetcherManager-1511070565331] Added fetcher for partitions ArrayBuffer()
55439 [space.exploration.mars.newRover_zion-mainframe-1511070565271-ad692567-leader-finder-thread] INFO kafka.utils.VerifiableProperties  - Verifying properties
55440 [space.exploration.mars.newRover_zion-mainframe-1511070565271-ad692567-leader-finder-thread] INFO kafka.utils.VerifiableProperties  - Property client.id is overridden to space.exploration.mars.newRover
55440 [space.exploration.mars.newRover_zion-mainframe-1511070565271-ad692567-leader-finder-thread] INFO kafka.utils.VerifiableProperties  - Property metadata.broker.list is overridden to zion-mainframe:9092
55440 [space.exploration.mars.newRover_zion-mainframe-1511070565271-ad692567-leader-finder-thread] INFO kafka.utils.VerifiableProperties  - Property request.timeout.ms is overridden to 30000
55441 [space.exploration.mars.newRover_zion-mainframe-1511070565271-ad692567-leader-finder-thread] INFO kafka.client.ClientUtils$  - Fetching metadata from broker BrokerEndPoint(0,zion-mainframe,9092) with correlation id 1 for 1 topic(s) Set(earth_to_curiosity_4)
55441 [space.exploration.mars.newRover_zion-mainframe-1511070565271-ad692567-leader-finder-thread] INFO kafka.producer.SyncProducer  - Connected to zion-mainframe:9092 for producing
55445 [space.exploration.mars.newRover_zion-mainframe-1511070565271-ad692567-leader-finder-thread] INFO kafka.producer.SyncProducer  - Disconnecting from zion-mainframe:9092
55463 [ConsumerFetcherThread-space.exploration.mars.newRover_zion-mainframe-1511070565271-ad692567-0-0] INFO kafka.consumer.ConsumerFetcherThread  - [ConsumerFetcherThread-space.exploration.mars.newRover_zion-mainframe-1511070565271-ad692567-0-0], Starting 
55489 [space.exploration.mars.newRover_zion-mainframe-1511070565271-ad692567-leader-finder-thread] INFO kafka.consumer.ConsumerFetcherManager  - [ConsumerFetcherManager-1511070565331] Added fetcher for partitions ArrayBuffer([[earth_to_curiosity_4,0], initOffset -1 to broker BrokerEndPoint(0,zion-mainframe,9092)] )
55520 [Thread-2] INFO space.exploration.mars.rover.communication.Receiver  - Time Elapsed since last message = 39646
60003 [pool-3-thread-1] INFO space.exploration.mars.rover.diagnostics.Pacemaker  - Diagnostics inhibited because rover is sleeping to conserve battery Current instructionQueue length = 0
61005 [pool-4-thread-1] INFO space.exploration.mars.rover.diagnostics.SleepMonitor  - Awakening rover from slumber
61005 [pool-4-thread-1] INFO space.exploration.mars.rover.animation.SleepingAnimationEngine  - Waking up rover
73581 [Thread-2] INFO space.exploration.mars.rover.kernel.ListeningState  - 1511070623042,0,ScanArea Current instructionQueue length = 0
105069 [Thread-2] INFO space.exploration.mars.rover.communication.Transmitter  - Sending information packet to curiosity_to_earth_4
108071 [Thread-2] INFO space.exploration.mars.rover.communication.Receiver  - Time Elapsed since last message = 52551
117376 [Thread-2] INFO space.exploration.mars.rover.kernel.ListeningState  - 1511070666837,0,ScanArea Current instructionQueue length = 0
154530 [Thread-2] INFO space.exploration.mars.rover.communication.Transmitter  - Sending information packet to curiosity_to_earth_4
171901 [pool-3-thread-1] INFO space.exploration.mars.rover.communication.Transmitter  - Sending information packet to curiosity_to_earth_4
