37969 [main] INFO org.apache.kafka.clients.producer.ProducerConfig  - ProducerConfig values: 
	metric.reporters = []
	metadata.max.age.ms = 300000
	reconnect.backoff.ms = 50
	sasl.kerberos.ticket.renew.window.factor = 0.8
	bootstrap.servers = [localhost:9092]
	ssl.keystore.type = JKS
	sasl.mechanism = GSSAPI
	max.block.ms = 60000
	interceptor.classes = null
	ssl.truststore.password = null
	client.id = 
	ssl.endpoint.identification.algorithm = null
	request.timeout.ms = 30000
	acks = 1
	receive.buffer.bytes = 32768
	ssl.truststore.type = JKS
	retries = 0
	ssl.truststore.location = null
	ssl.keystore.password = null
	send.buffer.bytes = 131072
	compression.type = none
	metadata.fetch.timeout.ms = 60000
	retry.backoff.ms = 100
	sasl.kerberos.kinit.cmd = /usr/bin/kinit
	buffer.memory = 33554432
	timeout.ms = 30000
	key.serializer = class org.apache.kafka.common.serialization.StringSerializer
	sasl.kerberos.service.name = null
	sasl.kerberos.ticket.renew.jitter = 0.05
	ssl.trustmanager.algorithm = PKIX
	block.on.buffer.full = false
	ssl.key.password = null
	sasl.kerberos.min.time.before.relogin = 60000
	connections.max.idle.ms = 540000
	max.in.flight.requests.per.connection = 5
	metrics.num.samples = 2
	ssl.protocol = TLS
	ssl.provider = null
	ssl.enabled.protocols = [TLSv1.2, TLSv1.1, TLSv1]
	batch.size = 16384
	ssl.keystore.location = null
	ssl.cipher.suites = null
	security.protocol = PLAINTEXT
	max.request.size = 1048576
	value.serializer = class org.apache.kafka.common.serialization.ByteArraySerializer
	ssl.keymanager.algorithm = SunX509
	metrics.sample.window.ms = 30000
	partitioner.class = class org.apache.kafka.clients.producer.internals.DefaultPartitioner
	linger.ms = 0

38048 [main] INFO org.apache.kafka.clients.producer.ProducerConfig  - ProducerConfig values: 
	metric.reporters = []
	metadata.max.age.ms = 300000
	reconnect.backoff.ms = 50
	sasl.kerberos.ticket.renew.window.factor = 0.8
	bootstrap.servers = [localhost:9092]
	ssl.keystore.type = JKS
	sasl.mechanism = GSSAPI
	max.block.ms = 60000
	interceptor.classes = null
	ssl.truststore.password = null
	client.id = producer-1
	ssl.endpoint.identification.algorithm = null
	request.timeout.ms = 30000
	acks = 1
	receive.buffer.bytes = 32768
	ssl.truststore.type = JKS
	retries = 0
	ssl.truststore.location = null
	ssl.keystore.password = null
	send.buffer.bytes = 131072
	compression.type = none
	metadata.fetch.timeout.ms = 60000
	retry.backoff.ms = 100
	sasl.kerberos.kinit.cmd = /usr/bin/kinit
	buffer.memory = 33554432
	timeout.ms = 30000
	key.serializer = class org.apache.kafka.common.serialization.StringSerializer
	sasl.kerberos.service.name = null
	sasl.kerberos.ticket.renew.jitter = 0.05
	ssl.trustmanager.algorithm = PKIX
	block.on.buffer.full = false
	ssl.key.password = null
	sasl.kerberos.min.time.before.relogin = 60000
	connections.max.idle.ms = 540000
	max.in.flight.requests.per.connection = 5
	metrics.num.samples = 2
	ssl.protocol = TLS
	ssl.provider = null
	ssl.enabled.protocols = [TLSv1.2, TLSv1.1, TLSv1]
	batch.size = 16384
	ssl.keystore.location = null
	ssl.cipher.suites = null
	security.protocol = PLAINTEXT
	max.request.size = 1048576
	value.serializer = class org.apache.kafka.common.serialization.ByteArraySerializer
	ssl.keymanager.algorithm = SunX509
	metrics.sample.window.ms = 30000
	partitioner.class = class org.apache.kafka.clients.producer.internals.DefaultPartitioner
	linger.ms = 0

38049 [main] WARN org.apache.kafka.clients.producer.ProducerConfig  - The configuration zookeeper.connect = localhost:2181 was supplied but isn't a known config.
38049 [main] WARN org.apache.kafka.clients.producer.ProducerConfig  - The configuration group.id = space.exploration.mars.newRover was supplied but isn't a known config.
38049 [main] WARN org.apache.kafka.clients.producer.ProducerConfig  - The configuration source.topic = earth_to_curiosity_3 was supplied but isn't a known config.
38049 [main] WARN org.apache.kafka.clients.producer.ProducerConfig  - The configuration auto.offset.reset = largest was supplied but isn't a known config.
38049 [main] WARN org.apache.kafka.clients.producer.ProducerConfig  - The configuration metadata.broker.list = localhost:9092 was supplied but isn't a known config.
38049 [main] WARN org.apache.kafka.clients.producer.ProducerConfig  - The configuration destination.topic = curiosity_to_earth_3 was supplied but isn't a known config.
38050 [main] INFO org.apache.kafka.common.utils.AppInfoParser  - Kafka version : 0.10.0.1
38050 [main] INFO org.apache.kafka.common.utils.AppInfoParser  - Kafka commitId : a7a17cdec9eaa6c5
38176 [main] INFO kafka.utils.VerifiableProperties  - Verifying properties
38200 [main] INFO kafka.utils.VerifiableProperties  - Property auto.offset.reset is overridden to largest
38201 [main] WARN kafka.utils.VerifiableProperties  - Property bootstrap.servers is not valid
38201 [main] WARN kafka.utils.VerifiableProperties  - Property destination.topic is not valid
38201 [main] INFO kafka.utils.VerifiableProperties  - Property group.id is overridden to space.exploration.mars.newRover
38201 [main] WARN kafka.utils.VerifiableProperties  - Property key.serializer is not valid
38201 [main] WARN kafka.utils.VerifiableProperties  - Property metadata.broker.list is not valid
38201 [main] WARN kafka.utils.VerifiableProperties  - Property source.topic is not valid
38201 [main] WARN kafka.utils.VerifiableProperties  - Property value.serializer is not valid
38201 [main] INFO kafka.utils.VerifiableProperties  - Property zookeeper.connect is overridden to localhost:2181
38234 [main] INFO kafka.consumer.ZookeeperConsumerConnector  - [space.exploration.mars.newRover_zion-portable-1509484278957-7e7afa9e], Connecting to zookeeper instance at localhost:2181
38242 [ZkClient-EventThread-29-localhost:2181] INFO org.I0Itec.zkclient.ZkEventThread  - Starting ZkClient event thread.
38246 [main] INFO org.apache.zookeeper.ZooKeeper  - Client environment:zookeeper.version=3.4.6-1569965, built on 02/20/2014 09:09 GMT
38246 [main] INFO org.apache.zookeeper.ZooKeeper  - Client environment:host.name=zion-portable
38246 [main] INFO org.apache.zookeeper.ZooKeeper  - Client environment:java.version=1.8.0_131
38246 [main] INFO org.apache.zookeeper.ZooKeeper  - Client environment:java.vendor=Oracle Corporation
38246 [main] INFO org.apache.zookeeper.ZooKeeper  - Client environment:java.home=/usr/lib/jvm/java-8-openjdk-amd64/jre
38246 [main] INFO org.apache.zookeeper.ZooKeeper  - Client environment:java.class.path=/usr/lib/jvm/java-1.8.0-openjdk-amd64/jre/lib/charsets.jar:/usr/lib/jvm/java-1.8.0-openjdk-amd64/jre/lib/ext/cldrdata.jar:/usr/lib/jvm/java-1.8.0-openjdk-amd64/jre/lib/ext/dnsns.jar:/usr/lib/jvm/java-1.8.0-openjdk-amd64/jre/lib/ext/icedtea-sound.jar:/usr/lib/jvm/java-1.8.0-openjdk-amd64/jre/lib/ext/jaccess.jar:/usr/lib/jvm/java-1.8.0-openjdk-amd64/jre/lib/ext/localedata.jar:/usr/lib/jvm/java-1.8.0-openjdk-amd64/jre/lib/ext/nashorn.jar:/usr/lib/jvm/java-1.8.0-openjdk-amd64/jre/lib/ext/sunec.jar:/usr/lib/jvm/java-1.8.0-openjdk-amd64/jre/lib/ext/sunjce_provider.jar:/usr/lib/jvm/java-1.8.0-openjdk-amd64/jre/lib/ext/sunpkcs11.jar:/usr/lib/jvm/java-1.8.0-openjdk-amd64/jre/lib/ext/zipfs.jar:/usr/lib/jvm/java-1.8.0-openjdk-amd64/jre/lib/jce.jar:/usr/lib/jvm/java-1.8.0-openjdk-amd64/jre/lib/jsse.jar:/usr/lib/jvm/java-1.8.0-openjdk-amd64/jre/lib/management-agent.jar:/usr/lib/jvm/java-1.8.0-openjdk-amd64/jre/lib/resources.jar:/usr/lib/jvm/java-1.8.0-openjdk-amd64/jre/lib/rt.jar:/home/sanket/Documents/workspace/MarsRover/mars.rover/target/classes:/home/sanket/.m2/repository/com/google/protobuf/protobuf-java/3.2.0/protobuf-java-3.2.0.jar:/home/sanket/.m2/repository/org/apache/kafka/kafka_2.10/0.10.0.1/kafka_2.10-0.10.0.1.jar:/home/sanket/.m2/repository/com/101tec/zkclient/0.8/zkclient-0.8.jar:/home/sanket/.m2/repository/org/slf4j/slf4j-api/1.6.1/slf4j-api-1.6.1.jar:/home/sanket/.m2/repository/log4j/log4j/1.2.15/log4j-1.2.15.jar:/home/sanket/.m2/repository/javax/mail/mail/1.4/mail-1.4.jar:/home/sanket/.m2/repository/javax/activation/activation/1.1/activation-1.1.jar:/home/sanket/.m2/repository/org/scala-lang/scala-library/2.10.6/scala-library-2.10.6.jar:/home/sanket/.m2/repository/org/slf4j/slf4j-log4j12/1.7.21/slf4j-log4j12-1.7.21.jar:/home/sanket/.m2/repository/com/yammer/metrics/metrics-core/2.2.0/metrics-core-2.2.0.jar:/home/sanket/.m2/repository/org/apache/kafka/kafka-clients/0.10.0.1/kafka-clients-0.10.0.1.jar:/home/sanket/.m2/repository/net/jpountz/lz4/lz4/1.3.0/lz4-1.3.0.jar:/home/sanket/.m2/repository/org/xerial/snappy/snappy-java/1.1.2.6/snappy-java-1.1.2.6.jar:/home/sanket/.m2/repository/net/sf/jopt-simple/jopt-simple/4.9/jopt-simple-4.9.jar:/home/sanket/.m2/repository/org/apache/zookeeper/zookeeper/3.4.6/zookeeper-3.4.6.jar:/home/sanket/.m2/repository/jline/jline/0.9.94/jline-0.9.94.jar:/home/sanket/.m2/repository/io/netty/netty/3.7.0.Final/netty-3.7.0.Final.jar:/home/sanket/.m2/repository/org/tensorflow/tensorflow/1.1.0/tensorflow-1.1.0.jar:/home/sanket/.m2/repository/org/tensorflow/libtensorflow/1.1.0/libtensorflow-1.1.0.jar:/home/sanket/.m2/repository/org/tensorflow/libtensorflow_jni/1.1.0/libtensorflow_jni-1.1.0.jar:/home/sanket/.m2/repository/mysql/mysql-connector-java/5.1.6/mysql-connector-java-5.1.6.jar:/home/sanket/.m2/repository/com/google/code/gson/gson/2.8.2/gson-2.8.2.jar:/home/sanket/.m2/repository/joda-time/joda-time/2.8.1/joda-time-2.8.1.jar:/home/sanket/.m2/repository/org/jsoup/jsoup/1.8.3/jsoup-1.8.3.jar:/home/sanket/Documents/Tools/intelliJ/idea-IC-171.4694.23/lib/idea_rt.jar
38246 [main] INFO org.apache.zookeeper.ZooKeeper  - Client environment:java.library.path=/home/sanket/Documents/Tools/intelliJ/idea-IC-171.4694.23/bin:/home/sanket/Documents/Tools/intelliJ/idea-IC-171.4694.23/bin::/usr/java/packages/lib/amd64:/usr/lib/x86_64-linux-gnu/jni:/lib/x86_64-linux-gnu:/usr/lib/x86_64-linux-gnu:/usr/lib/jni:/lib:/usr/lib
38246 [main] INFO org.apache.zookeeper.ZooKeeper  - Client environment:java.io.tmpdir=/tmp
38246 [main] INFO org.apache.zookeeper.ZooKeeper  - Client environment:java.compiler=<NA>
38246 [main] INFO org.apache.zookeeper.ZooKeeper  - Client environment:os.name=Linux
38246 [main] INFO org.apache.zookeeper.ZooKeeper  - Client environment:os.arch=amd64
38246 [main] INFO org.apache.zookeeper.ZooKeeper  - Client environment:os.version=4.10.0-37-generic
38246 [main] INFO org.apache.zookeeper.ZooKeeper  - Client environment:user.name=sanket
38246 [main] INFO org.apache.zookeeper.ZooKeeper  - Client environment:user.home=/home/sanket
38246 [main] INFO org.apache.zookeeper.ZooKeeper  - Client environment:user.dir=/home/sanket/Documents/workspace/MarsRover/mars.rover
38247 [main] INFO org.apache.zookeeper.ZooKeeper  - Initiating client connection, connectString=localhost:2181 sessionTimeout=6000 watcher=org.I0Itec.zkclient.ZkClient@31e4bb20
38255 [main] INFO org.I0Itec.zkclient.ZkClient  - Waiting for keeper state SyncConnected
38257 [main-SendThread(localhost:2181)] INFO org.apache.zookeeper.ClientCnxn  - Opening socket connection to server localhost/127.0.0.1:2181. Will not attempt to authenticate using SASL (unknown error)
38261 [main-SendThread(localhost:2181)] INFO org.apache.zookeeper.ClientCnxn  - Socket connection established to localhost/127.0.0.1:2181, initiating session
38269 [main-SendThread(localhost:2181)] INFO org.apache.zookeeper.ClientCnxn  - Session establishment complete on server localhost/127.0.0.1:2181, sessionid = 0x15f5ed1eae6001a, negotiated timeout = 6000
38270 [main-EventThread] INFO org.I0Itec.zkclient.ZkClient  - zookeeper state changed (SyncConnected)
38279 [main] INFO kafka.consumer.ZookeeperConsumerConnector  - [space.exploration.mars.newRover_zion-portable-1509484278957-7e7afa9e], starting auto committer every 60000 ms
38339 [Thread-2] INFO kafka.consumer.ZookeeperConsumerConnector  - [space.exploration.mars.newRover_zion-portable-1509484278957-7e7afa9e], begin registering consumer space.exploration.mars.newRover_zion-portable-1509484278957-7e7afa9e in ZK
38363 [Thread-2] INFO kafka.utils.ZKCheckedEphemeral  - Creating /consumers/space.exploration.mars.newRover/ids/space.exploration.mars.newRover_zion-portable-1509484278957-7e7afa9e (is it secure? false)
38375 [Thread-2] INFO kafka.utils.ZKCheckedEphemeral  - Result of znode creation is: OK
38375 [Thread-2] INFO kafka.consumer.ZookeeperConsumerConnector  - [space.exploration.mars.newRover_zion-portable-1509484278957-7e7afa9e], end registering consumer space.exploration.mars.newRover_zion-portable-1509484278957-7e7afa9e in ZK
38379 [space.exploration.mars.newRover_zion-portable-1509484278957-7e7afa9e_watcher_executor] INFO kafka.consumer.ZookeeperConsumerConnector  - [space.exploration.mars.newRover_zion-portable-1509484278957-7e7afa9e], starting watcher executor thread for consumer space.exploration.mars.newRover_zion-portable-1509484278957-7e7afa9e
38395 [Thread-2] INFO kafka.consumer.ZookeeperConsumerConnector  - [space.exploration.mars.newRover_zion-portable-1509484278957-7e7afa9e], begin rebalancing consumer space.exploration.mars.newRover_zion-portable-1509484278957-7e7afa9e try #0
38490 [Thread-2] INFO kafka.consumer.ConsumerFetcherManager  - [ConsumerFetcherManager-1509484279001] Stopping leader finder thread
38490 [Thread-2] INFO kafka.consumer.ConsumerFetcherManager  - [ConsumerFetcherManager-1509484279001] Stopping all fetchers
38492 [Thread-2] INFO kafka.consumer.ConsumerFetcherManager  - [ConsumerFetcherManager-1509484279001] All connections stopped
38493 [Thread-2] INFO kafka.consumer.ZookeeperConsumerConnector  - [space.exploration.mars.newRover_zion-portable-1509484278957-7e7afa9e], Cleared all relevant queues for this fetcher
38494 [Thread-2] INFO kafka.consumer.ZookeeperConsumerConnector  - [space.exploration.mars.newRover_zion-portable-1509484278957-7e7afa9e], Cleared the data chunks in all the consumer message iterators
38494 [Thread-2] INFO kafka.consumer.ZookeeperConsumerConnector  - [space.exploration.mars.newRover_zion-portable-1509484278957-7e7afa9e], Committing all offsets after clearing the fetcher queues
38496 [Thread-2] INFO kafka.consumer.ZookeeperConsumerConnector  - [space.exploration.mars.newRover_zion-portable-1509484278957-7e7afa9e], Releasing partition ownership
38520 [Thread-2] INFO kafka.consumer.RangeAssignor  - Consumer space.exploration.mars.newRover_zion-portable-1509484278957-7e7afa9e rebalancing the following partitions: ArrayBuffer(0) for topic earth_to_curiosity_3 with consumers: List(space.exploration.mars.newRover_zion-portable-1509484278957-7e7afa9e-0)
38522 [Thread-2] INFO kafka.consumer.RangeAssignor  - space.exploration.mars.newRover_zion-portable-1509484278957-7e7afa9e-0 attempting to claim partition 0
38544 [Thread-2] INFO kafka.consumer.ZookeeperConsumerConnector  - [space.exploration.mars.newRover_zion-portable-1509484278957-7e7afa9e], space.exploration.mars.newRover_zion-portable-1509484278957-7e7afa9e-0 successfully owned partition 0 for topic earth_to_curiosity_3
38562 [Thread-2] INFO kafka.consumer.ZookeeperConsumerConnector  - [space.exploration.mars.newRover_zion-portable-1509484278957-7e7afa9e], Consumer space.exploration.mars.newRover_zion-portable-1509484278957-7e7afa9e selected partitions : earth_to_curiosity_3:0: fetched offset = 8: consumed offset = 8
38564 [space.exploration.mars.newRover_zion-portable-1509484278957-7e7afa9e-leader-finder-thread] INFO kafka.consumer.ConsumerFetcherManager$LeaderFinderThread  - [space.exploration.mars.newRover_zion-portable-1509484278957-7e7afa9e-leader-finder-thread], Starting 
38565 [Thread-2] INFO kafka.consumer.ZookeeperConsumerConnector  - [space.exploration.mars.newRover_zion-portable-1509484278957-7e7afa9e], end rebalancing consumer space.exploration.mars.newRover_zion-portable-1509484278957-7e7afa9e try #0
38584 [space.exploration.mars.newRover_zion-portable-1509484278957-7e7afa9e-leader-finder-thread] INFO kafka.utils.VerifiableProperties  - Verifying properties
38585 [space.exploration.mars.newRover_zion-portable-1509484278957-7e7afa9e-leader-finder-thread] INFO kafka.utils.VerifiableProperties  - Property client.id is overridden to space.exploration.mars.newRover
38585 [space.exploration.mars.newRover_zion-portable-1509484278957-7e7afa9e-leader-finder-thread] INFO kafka.utils.VerifiableProperties  - Property metadata.broker.list is overridden to zion-portable:9092
38585 [space.exploration.mars.newRover_zion-portable-1509484278957-7e7afa9e-leader-finder-thread] INFO kafka.utils.VerifiableProperties  - Property request.timeout.ms is overridden to 30000
38601 [space.exploration.mars.newRover_zion-portable-1509484278957-7e7afa9e-leader-finder-thread] INFO kafka.client.ClientUtils$  - Fetching metadata from broker BrokerEndPoint(0,zion-portable,9092) with correlation id 0 for 1 topic(s) Set(earth_to_curiosity_3)
38607 [space.exploration.mars.newRover_zion-portable-1509484278957-7e7afa9e-leader-finder-thread] INFO kafka.producer.SyncProducer  - Connected to zion-portable:9092 for producing
38621 [space.exploration.mars.newRover_zion-portable-1509484278957-7e7afa9e-leader-finder-thread] INFO kafka.producer.SyncProducer  - Disconnecting from zion-portable:9092
38639 [ConsumerFetcherThread-space.exploration.mars.newRover_zion-portable-1509484278957-7e7afa9e-0-0] INFO kafka.consumer.ConsumerFetcherThread  - [ConsumerFetcherThread-space.exploration.mars.newRover_zion-portable-1509484278957-7e7afa9e-0-0], Starting 
38642 [space.exploration.mars.newRover_zion-portable-1509484278957-7e7afa9e-leader-finder-thread] INFO kafka.consumer.ConsumerFetcherManager  - [ConsumerFetcherManager-1509484279001] Added fetcher for partitions ArrayBuffer([[earth_to_curiosity_3,0], initOffset 8 to broker BrokerEndPoint(0,zion-portable,9092)] )
67560 [pool-3-thread-1] INFO space.exploration.mars.rover.animation.SleepingAnimationEngine  - Rover is sleeping now
67560 [pool-3-thread-1] INFO space.exploration.mars.rover.diagnostics.SleepMonitor  - Awakening rover from slumber
67560 [pool-3-thread-1] INFO space.exploration.mars.rover.animation.SleepingAnimationEngine  - Waking up rover
76728 [Thread-2] INFO space.exploration.mars.rover.kernel.ListeningState  - 1509484317452,8,ClickCamera Current instructionQueue length = 0
112384 [main-SendThread(localhost:2181)] INFO org.apache.zookeeper.ClientCnxn  - Client session timed out, have not heard from server in 31767ms for sessionid 0x15f5ed1eae6001a, closing socket connection and attempting reconnect
113205 [main-EventThread] INFO org.I0Itec.zkclient.ZkClient  - zookeeper state changed (Disconnected)
115033 [main-SendThread(localhost:2181)] INFO org.apache.zookeeper.ClientCnxn  - Opening socket connection to server localhost/127.0.0.1:2181. Will not attempt to authenticate using SASL (unknown error)
115120 [main-SendThread(localhost:2181)] INFO org.apache.zookeeper.ClientCnxn  - Socket connection established to localhost/127.0.0.1:2181, initiating session
119692 [main-EventThread] INFO org.I0Itec.zkclient.ZkClient  - zookeeper state changed (Expired)
119692 [main-SendThread(localhost:2181)] INFO org.apache.zookeeper.ClientCnxn  - Unable to reconnect to ZooKeeper service, session 0x15f5ed1eae6001a has expired, closing socket connection
119695 [main-EventThread] INFO org.apache.zookeeper.ZooKeeper  - Initiating client connection, connectString=localhost:2181 sessionTimeout=6000 watcher=org.I0Itec.zkclient.ZkClient@31e4bb20
150813 [main-EventThread] INFO org.apache.zookeeper.ClientCnxn  - EventThread shut down
150813 [ZkClient-EventThread-29-localhost:2181] INFO kafka.consumer.ZookeeperConsumerConnector  - [space.exploration.mars.newRover_zion-portable-1509484278957-7e7afa9e], ZK expired; release old broker parition ownership; re-register consumer space.exploration.mars.newRover_zion-portable-1509484278957-7e7afa9e
150813 [ZkClient-EventThread-29-localhost:2181] INFO kafka.consumer.ZookeeperConsumerConnector  - [space.exploration.mars.newRover_zion-portable-1509484278957-7e7afa9e], begin registering consumer space.exploration.mars.newRover_zion-portable-1509484278957-7e7afa9e in ZK
150814 [main-SendThread(localhost:2181)] INFO org.apache.zookeeper.ClientCnxn  - Opening socket connection to server localhost/127.0.0.1:2181. Will not attempt to authenticate using SASL (unknown error)
150814 [main-SendThread(localhost:2181)] INFO org.apache.zookeeper.ClientCnxn  - Socket connection established to localhost/127.0.0.1:2181, initiating session
150815 [ZkClient-EventThread-29-localhost:2181] INFO kafka.utils.ZKCheckedEphemeral  - Creating /consumers/space.exploration.mars.newRover/ids/space.exploration.mars.newRover_zion-portable-1509484278957-7e7afa9e (is it secure? false)
150815 [Thread-2] ERROR space.exploration.mars.rover.communication.Radio  - Radio receive operation encountered an exception
java.lang.NullPointerException
	at javax.imageio.ImageIO.write(ImageIO.java:1538)
	at space.exploration.mars.rover.utils.CameraUtil.writeImageToFile(CameraUtil.java:39)
	at space.exploration.mars.rover.utils.CameraUtil.convertToCamPayload(CameraUtil.java:85)
	at space.exploration.mars.rover.kernel.PhotographingState.activateCameraById(PhotographingState.java:82)
	at space.exploration.mars.rover.kernel.Rover.activateCameraById(Rover.java:496)
	at space.exploration.mars.rover.kernel.ListeningState.receiveMessage(ListeningState.java:87)
	at space.exploration.mars.rover.kernel.Rover.receiveMessage(Rover.java:305)
	at space.exploration.mars.rover.communication.Radio.receiveMessage(Radio.java:57)
	at space.exploration.mars.rover.communication.Receiver.run(Receiver.java:60)
150821 [kafka-consumer-scheduler-0] INFO org.I0Itec.zkclient.ZkClient  - Waiting for keeper state SyncConnected
150822 [main-SendThread(localhost:2181)] INFO org.apache.zookeeper.ClientCnxn  - Session establishment complete on server localhost/127.0.0.1:2181, sessionid = 0x15f5ed1eae6001b, negotiated timeout = 6000
150823 [main-EventThread] INFO org.I0Itec.zkclient.ZkClient  - zookeeper state changed (SyncConnected)
150842 [ZkClient-EventThread-29-localhost:2181] INFO kafka.utils.ZKCheckedEphemeral  - Result of znode creation is: OK
150842 [ZkClient-EventThread-29-localhost:2181] INFO kafka.consumer.ZookeeperConsumerConnector  - [space.exploration.mars.newRover_zion-portable-1509484278957-7e7afa9e], end registering consumer space.exploration.mars.newRover_zion-portable-1509484278957-7e7afa9e in ZK
150842 [ZkClient-EventThread-29-localhost:2181] INFO kafka.consumer.ZookeeperConsumerConnector  - [space.exploration.mars.newRover_zion-portable-1509484278957-7e7afa9e], begin rebalancing consumer space.exploration.mars.newRover_zion-portable-1509484278957-7e7afa9e try #0
