2018-01-21 21:26:02,027 [roverMain] ERROR space.exploration.mars.rover.sensor.DANSpectrometer  - Property not found in marsConfig - mars.rover.dan.lifespan . Defaulting the value to 1000 
java.lang.NumberFormatException: null
	at java.lang.Integer.parseInt(Integer.java:542)
	at java.lang.Integer.parseInt(Integer.java:615)
	at space.exploration.mars.rover.sensor.DANSpectrometer.<init>(DANSpectrometer.java:27)
	at space.exploration.mars.rover.kernel.Rover.bootUp(Rover.java:692)
	at space.exploration.mars.rover.kernel.Rover.<init>(Rover.java:120)
	at space.exploration.mars.rover.bootstrap.MarsMissionLaunch.main(MarsMissionLaunch.java:20)
2018-01-21 21:26:03,097 [roverMain] INFO space.exploration.mars.rover.kernel.SpacecraftClock  - Valid utc time ranges are dictated by clockService as follows:
2018-01-21 21:26:03,097 [roverMain] INFO space.exploration.mars.rover.kernel.SpacecraftClock  - APPLICABLE_START_TIME=2000-001T11:58:55.816, APPLICABLE_STOP_TIME=2017-360T19:17:40.149
2018-01-21 21:26:03,097 [roverMain] INFO space.exploration.mars.rover.kernel.SpacecraftClock  - Given UTC = 2016-08-26~17:49:00
2018-01-21 21:26:03,097 [roverMain] INFO space.exploration.mars.rover.kernel.SpacecraftClock  - Please ensure that positionSensor and sclk are synchronized
2018-01-21 21:26:03,110 [roverMain] INFO space.exploration.mars.rover.kernel.SpacecraftClock  - Curiosity internal spacecraft clock started at :: 2016-08-26T22:49:00.000Z
2018-01-21 21:26:03,110 [roverMain] INFO space.exploration.mars.rover.kernel.SpacecraftClock  - Mission duration is set to :: 1 year(s).
2018-01-21 21:26:03,110 [roverMain] INFO space.exploration.mars.rover.kernel.SpacecraftClock  - Mission duration = 31536000000
2018-01-21 21:26:07,450 [roverMain] INFO space.exploration.mars.rover.diagnostics.RoverGarbageCollector  - Starting garbageCollection
2018-01-21 21:26:09,458 [roverMain] INFO space.exploration.mars.rover.kernel.Rover  - Rover current position is = java.awt.Point[x=525,y=100]
2018-01-21 21:26:10,461 [roverMain] INFO space.exploration.mars.rover.sensor.Lidar  - Lidar initialized and ready!
2018-01-21 21:26:11,464 [roverMain] INFO space.exploration.mars.rover.sensor.Spectrometer  - Spectrometer initialized and ready!
2018-01-21 21:26:12,791 [roverMain] INFO space.exploration.mars.rover.sensor.Camera  - Camera initialized and ready!
2018-01-21 21:26:13,794 [roverMain] INFO space.exploration.mars.rover.sensor.Radar  - Radar configured:: 
2018-01-21 21:26:15,049 [roverMain] INFO space.exploration.mars.rover.power.Battery  - Battery configured, batteryLife:primaryPowerUnits = 1200 auxiliaryPowerUnits = 100 alertThreshold: 100 rechargeTime = 60000
2018-01-21 21:26:16,053 [roverMain] INFO space.exploration.mars.rover.kernel.Rover  - Battery Monitor configured!
2018-01-21 21:26:16,116 [roverMain] INFO org.apache.kafka.clients.producer.ProducerConfig  - ProducerConfig values: 
	metric.reporters = []
	metadata.max.age.ms = 300000
	reconnect.backoff.ms = 50
	sasl.kerberos.ticket.renew.window.factor = 0.8
	bootstrap.servers = [localhost:9092]
	ssl.keystore.type = JKS
	sasl.mechanism = GSSAPI
	max.block.ms = 60000
	interceptor.classes = null
	ssl.truststore.password = null
	client.id = 
	ssl.endpoint.identification.algorithm = null
	request.timeout.ms = 30000
	acks = 1
	receive.buffer.bytes = 32768
	ssl.truststore.type = JKS
	retries = 0
	ssl.truststore.location = null
	ssl.keystore.password = null
	send.buffer.bytes = 131072
	compression.type = none
	metadata.fetch.timeout.ms = 60000
	retry.backoff.ms = 100
	sasl.kerberos.kinit.cmd = /usr/bin/kinit
	buffer.memory = 33554432
	timeout.ms = 30000
	key.serializer = class org.apache.kafka.common.serialization.StringSerializer
	sasl.kerberos.service.name = null
	sasl.kerberos.ticket.renew.jitter = 0.05
	ssl.trustmanager.algorithm = PKIX
	block.on.buffer.full = false
	ssl.key.password = null
	sasl.kerberos.min.time.before.relogin = 60000
	connections.max.idle.ms = 540000
	max.in.flight.requests.per.connection = 5
	metrics.num.samples = 2
	ssl.protocol = TLS
	ssl.provider = null
	ssl.enabled.protocols = [TLSv1.2, TLSv1.1, TLSv1]
	batch.size = 16384
	ssl.keystore.location = null
	ssl.cipher.suites = null
	security.protocol = PLAINTEXT
	max.request.size = 1048576
	value.serializer = class org.apache.kafka.common.serialization.ByteArraySerializer
	ssl.keymanager.algorithm = SunX509
	metrics.sample.window.ms = 30000
	partitioner.class = class org.apache.kafka.clients.producer.internals.DefaultPartitioner
	linger.ms = 0

2018-01-21 21:26:16,214 [roverMain] INFO org.apache.kafka.clients.producer.ProducerConfig  - ProducerConfig values: 
	metric.reporters = []
	metadata.max.age.ms = 300000
	reconnect.backoff.ms = 50
	sasl.kerberos.ticket.renew.window.factor = 0.8
	bootstrap.servers = [localhost:9092]
	ssl.keystore.type = JKS
	sasl.mechanism = GSSAPI
	max.block.ms = 60000
	interceptor.classes = null
	ssl.truststore.password = null
	client.id = producer-1
	ssl.endpoint.identification.algorithm = null
	request.timeout.ms = 30000
	acks = 1
	receive.buffer.bytes = 32768
	ssl.truststore.type = JKS
	retries = 0
	ssl.truststore.location = null
	ssl.keystore.password = null
	send.buffer.bytes = 131072
	compression.type = none
	metadata.fetch.timeout.ms = 60000
	retry.backoff.ms = 100
	sasl.kerberos.kinit.cmd = /usr/bin/kinit
	buffer.memory = 33554432
	timeout.ms = 30000
	key.serializer = class org.apache.kafka.common.serialization.StringSerializer
	sasl.kerberos.service.name = null
	sasl.kerberos.ticket.renew.jitter = 0.05
	ssl.trustmanager.algorithm = PKIX
	block.on.buffer.full = false
	ssl.key.password = null
	sasl.kerberos.min.time.before.relogin = 60000
	connections.max.idle.ms = 540000
	max.in.flight.requests.per.connection = 5
	metrics.num.samples = 2
	ssl.protocol = TLS
	ssl.provider = null
	ssl.enabled.protocols = [TLSv1.2, TLSv1.1, TLSv1]
	batch.size = 16384
	ssl.keystore.location = null
	ssl.cipher.suites = null
	security.protocol = PLAINTEXT
	max.request.size = 1048576
	value.serializer = class org.apache.kafka.common.serialization.ByteArraySerializer
	ssl.keymanager.algorithm = SunX509
	metrics.sample.window.ms = 30000
	partitioner.class = class org.apache.kafka.clients.producer.internals.DefaultPartitioner
	linger.ms = 0

2018-01-21 21:26:16,214 [roverMain] WARN org.apache.kafka.clients.producer.ProducerConfig  - The configuration zookeeper.connect = localhost:2181 was supplied but isn't a known config.
2018-01-21 21:26:16,214 [roverMain] WARN org.apache.kafka.clients.producer.ProducerConfig  - The configuration group.id = space.exploration.mars.rover.curiosity.1516591560676 was supplied but isn't a known config.
2018-01-21 21:26:16,214 [roverMain] WARN org.apache.kafka.clients.producer.ProducerConfig  - The configuration source.topic = earth_to_curiosity_5 was supplied but isn't a known config.
2018-01-21 21:26:16,214 [roverMain] WARN org.apache.kafka.clients.producer.ProducerConfig  - The configuration auto.offset.reset = largest was supplied but isn't a known config.
2018-01-21 21:26:16,214 [roverMain] WARN org.apache.kafka.clients.producer.ProducerConfig  - The configuration metadata.broker.list = localhost:9092 was supplied but isn't a known config.
2018-01-21 21:26:16,214 [roverMain] WARN org.apache.kafka.clients.producer.ProducerConfig  - The configuration destination.topic = curiosity_to_earth_5 was supplied but isn't a known config.
2018-01-21 21:26:16,215 [roverMain] INFO org.apache.kafka.common.utils.AppInfoParser  - Kafka version : 0.10.0.1
2018-01-21 21:26:16,215 [roverMain] INFO org.apache.kafka.common.utils.AppInfoParser  - Kafka commitId : a7a17cdec9eaa6c5
2018-01-21 21:26:16,376 [roverMain] INFO kafka.utils.VerifiableProperties  - Verifying properties
2018-01-21 21:26:16,406 [roverMain] INFO kafka.utils.VerifiableProperties  - Property auto.offset.reset is overridden to largest
2018-01-21 21:26:16,406 [roverMain] WARN kafka.utils.VerifiableProperties  - Property bootstrap.servers is not valid
2018-01-21 21:26:16,406 [roverMain] WARN kafka.utils.VerifiableProperties  - Property destination.topic is not valid
2018-01-21 21:26:16,406 [roverMain] INFO kafka.utils.VerifiableProperties  - Property group.id is overridden to space.exploration.mars.rover.curiosity.1516591560676
2018-01-21 21:26:16,406 [roverMain] WARN kafka.utils.VerifiableProperties  - Property key.serializer is not valid
2018-01-21 21:26:16,406 [roverMain] WARN kafka.utils.VerifiableProperties  - Property metadata.broker.list is not valid
2018-01-21 21:26:16,406 [roverMain] WARN kafka.utils.VerifiableProperties  - Property source.topic is not valid
2018-01-21 21:26:16,406 [roverMain] WARN kafka.utils.VerifiableProperties  - Property value.serializer is not valid
2018-01-21 21:26:16,407 [roverMain] INFO kafka.utils.VerifiableProperties  - Property zookeeper.connect is overridden to localhost:2181
2018-01-21 21:26:16,447 [roverMain] INFO kafka.consumer.ZookeeperConsumerConnector  - [space.exploration.mars.rover.curiosity.1516591560676_zion-mainframe-1516591576446-674af74c], Connecting to zookeeper instance at localhost:2181
2018-01-21 21:26:16,457 [ZkClient-EventThread-30-localhost:2181] INFO org.I0Itec.zkclient.ZkEventThread  - Starting ZkClient event thread.
2018-01-21 21:26:16,461 [roverMain] INFO org.apache.zookeeper.ZooKeeper  - Client environment:zookeeper.version=3.4.6-1569965, built on 02/20/2014 09:09 GMT
2018-01-21 21:26:16,461 [roverMain] INFO org.apache.zookeeper.ZooKeeper  - Client environment:host.name=zion-mainframe
2018-01-21 21:26:16,461 [roverMain] INFO org.apache.zookeeper.ZooKeeper  - Client environment:java.version=1.8.0_151
2018-01-21 21:26:16,462 [roverMain] INFO org.apache.zookeeper.ZooKeeper  - Client environment:java.vendor=Oracle Corporation
2018-01-21 21:26:16,462 [roverMain] INFO org.apache.zookeeper.ZooKeeper  - Client environment:java.home=/usr/lib/jvm/java-8-openjdk-amd64/jre
2018-01-21 21:26:16,462 [roverMain] INFO org.apache.zookeeper.ZooKeeper  - Client environment:java.class.path=/usr/lib/jvm/java-1.8.0-openjdk-amd64/jre/lib/charsets.jar:/usr/lib/jvm/java-1.8.0-openjdk-amd64/jre/lib/ext/cldrdata.jar:/usr/lib/jvm/java-1.8.0-openjdk-amd64/jre/lib/ext/dnsns.jar:/usr/lib/jvm/java-1.8.0-openjdk-amd64/jre/lib/ext/icedtea-sound.jar:/usr/lib/jvm/java-1.8.0-openjdk-amd64/jre/lib/ext/jaccess.jar:/usr/lib/jvm/java-1.8.0-openjdk-amd64/jre/lib/ext/localedata.jar:/usr/lib/jvm/java-1.8.0-openjdk-amd64/jre/lib/ext/nashorn.jar:/usr/lib/jvm/java-1.8.0-openjdk-amd64/jre/lib/ext/sunec.jar:/usr/lib/jvm/java-1.8.0-openjdk-amd64/jre/lib/ext/sunjce_provider.jar:/usr/lib/jvm/java-1.8.0-openjdk-amd64/jre/lib/ext/sunpkcs11.jar:/usr/lib/jvm/java-1.8.0-openjdk-amd64/jre/lib/ext/zipfs.jar:/usr/lib/jvm/java-1.8.0-openjdk-amd64/jre/lib/jce.jar:/usr/lib/jvm/java-1.8.0-openjdk-amd64/jre/lib/jsse.jar:/usr/lib/jvm/java-1.8.0-openjdk-amd64/jre/lib/management-agent.jar:/usr/lib/jvm/java-1.8.0-openjdk-amd64/jre/lib/resources.jar:/usr/lib/jvm/java-1.8.0-openjdk-amd64/jre/lib/rt.jar:/home/sanket/Documents/workspace/MarsRover/mars.rover/target/classes:/home/sanket/.m2/repository/io/dropwizard/metrics/metrics-core/4.0.0/metrics-core-4.0.0.jar:/home/sanket/.m2/repository/org/slf4j/slf4j-api/1.7.25/slf4j-api-1.7.25.jar:/home/sanket/.m2/repository/org/apache/kafka/kafka_2.10/0.10.0.1/kafka_2.10-0.10.0.1.jar:/home/sanket/.m2/repository/com/101tec/zkclient/0.8/zkclient-0.8.jar:/home/sanket/.m2/repository/org/scala-lang/scala-library/2.10.6/scala-library-2.10.6.jar:/home/sanket/.m2/repository/org/slf4j/slf4j-log4j12/1.7.21/slf4j-log4j12-1.7.21.jar:/home/sanket/.m2/repository/com/yammer/metrics/metrics-core/2.2.0/metrics-core-2.2.0.jar:/home/sanket/.m2/repository/org/apache/kafka/kafka-clients/0.10.0.1/kafka-clients-0.10.0.1.jar:/home/sanket/.m2/repository/net/jpountz/lz4/lz4/1.3.0/lz4-1.3.0.jar:/home/sanket/.m2/repository/org/xerial/snappy/snappy-java/1.1.2.6/snappy-java-1.1.2.6.jar:/home/sanket/.m2/repository/net/sf/jopt-simple/jopt-simple/4.9/jopt-simple-4.9.jar:/home/sanket/.m2/repository/org/apache/zookeeper/zookeeper/3.4.6/zookeeper-3.4.6.jar:/home/sanket/.m2/repository/jline/jline/0.9.94/jline-0.9.94.jar:/home/sanket/.m2/repository/io/netty/netty/3.7.0.Final/netty-3.7.0.Final.jar:/home/sanket/.m2/repository/org/tensorflow/tensorflow/1.1.0/tensorflow-1.1.0.jar:/home/sanket/.m2/repository/org/tensorflow/libtensorflow/1.1.0/libtensorflow-1.1.0.jar:/home/sanket/.m2/repository/org/tensorflow/libtensorflow_jni/1.1.0/libtensorflow_jni-1.1.0.jar:/home/sanket/.m2/repository/mysql/mysql-connector-java/5.1.6/mysql-connector-java-5.1.6.jar:/home/sanket/.m2/repository/com/google/code/gson/gson/2.8.2/gson-2.8.2.jar:/home/sanket/.m2/repository/joda-time/joda-time/2.8.1/joda-time-2.8.1.jar:/home/sanket/.m2/repository/org/jsoup/jsoup/1.8.3/jsoup-1.8.3.jar:/home/sanket/.m2/repository/space/exploration/communications.protocol/1.2/communications.protocol-1.2.jar:/home/sanket/.m2/repository/com/google/protobuf/protobuf-java/3.4.0/protobuf-java-3.4.0.jar:/home/sanket/.m2/repository/space/exploration/spice.utilities/1.2.3/spice.utilities-1.2.3.jar:/home/sanket/.m2/repository/commons-io/commons-io/1.3.2/commons-io-1.3.2.jar:/home/sanket/.m2/repository/log4j/log4j/1.2.17/log4j-1.2.17.jar:/home/sanket/Documents/Tools/idea/idea-IU-173.3727.127/lib/idea_rt.jar
2018-01-21 21:26:16,462 [roverMain] INFO org.apache.zookeeper.ZooKeeper  - Client environment:java.library.path=$LD_LIBRARY_PATH:"/home/sanket/Documents/workspace/SpiceUtilities/src/main/resources/JNISpice/lib/libJNISpice.so":/usr/java/packages/lib/amd64:/usr/lib/x86_64-linux-gnu/jni:/lib/x86_64-linux-gnu:/usr/lib/x86_64-linux-gnu:/usr/lib/jni:/lib:/usr/lib
2018-01-21 21:26:16,462 [roverMain] INFO org.apache.zookeeper.ZooKeeper  - Client environment:java.io.tmpdir=/tmp
2018-01-21 21:26:16,462 [roverMain] INFO org.apache.zookeeper.ZooKeeper  - Client environment:java.compiler=<NA>
2018-01-21 21:26:16,462 [roverMain] INFO org.apache.zookeeper.ZooKeeper  - Client environment:os.name=Linux
2018-01-21 21:26:16,462 [roverMain] INFO org.apache.zookeeper.ZooKeeper  - Client environment:os.arch=amd64
2018-01-21 21:26:16,462 [roverMain] INFO org.apache.zookeeper.ZooKeeper  - Client environment:os.version=4.13.0-26-generic
2018-01-21 21:26:16,462 [roverMain] INFO org.apache.zookeeper.ZooKeeper  - Client environment:user.name=sanket
2018-01-21 21:26:16,462 [roverMain] INFO org.apache.zookeeper.ZooKeeper  - Client environment:user.home=/home/sanket
2018-01-21 21:26:16,462 [roverMain] INFO org.apache.zookeeper.ZooKeeper  - Client environment:user.dir=/home/sanket/Documents/workspace/MarsRover/mars.rover
2018-01-21 21:26:16,463 [roverMain] INFO org.apache.zookeeper.ZooKeeper  - Initiating client connection, connectString=localhost:2181 sessionTimeout=6000 watcher=org.I0Itec.zkclient.ZkClient@9d5509a
2018-01-21 21:26:16,472 [roverMain] INFO org.I0Itec.zkclient.ZkClient  - Waiting for keeper state SyncConnected
2018-01-21 21:26:16,475 [roverMain-SendThread(localhost:2181)] INFO org.apache.zookeeper.ClientCnxn  - Opening socket connection to server localhost/127.0.0.1:2181. Will not attempt to authenticate using SASL (unknown error)
2018-01-21 21:26:16,479 [roverMain-SendThread(localhost:2181)] INFO org.apache.zookeeper.ClientCnxn  - Socket connection established to localhost/127.0.0.1:2181, initiating session
2018-01-21 21:26:16,483 [roverMain-SendThread(localhost:2181)] INFO org.apache.zookeeper.ClientCnxn  - Session establishment complete on server localhost/127.0.0.1:2181, sessionid = 0x16111f6ce22000d, negotiated timeout = 6000
2018-01-21 21:26:16,485 [roverMain-EventThread] INFO org.I0Itec.zkclient.ZkClient  - zookeeper state changed (SyncConnected)
2018-01-21 21:26:16,495 [roverMain] INFO kafka.consumer.ZookeeperConsumerConnector  - [space.exploration.mars.rover.curiosity.1516591560676_zion-mainframe-1516591576446-674af74c], starting auto committer every 60000 ms
2018-01-21 21:26:16,519 [radio] INFO kafka.consumer.ZookeeperConsumerConnector  - [space.exploration.mars.rover.curiosity.1516591560676_zion-mainframe-1516591576446-674af74c], begin registering consumer space.exploration.mars.rover.curiosity.1516591560676_zion-mainframe-1516591576446-674af74c in ZK
2018-01-21 21:26:16,544 [radio] INFO kafka.utils.ZKCheckedEphemeral  - Creating /consumers/space.exploration.mars.rover.curiosity.1516591560676/ids/space.exploration.mars.rover.curiosity.1516591560676_zion-mainframe-1516591576446-674af74c (is it secure? false)
2018-01-21 21:26:16,554 [radio] INFO kafka.utils.ZKCheckedEphemeral  - Result of znode creation is: OK
2018-01-21 21:26:16,554 [radio] INFO kafka.consumer.ZookeeperConsumerConnector  - [space.exploration.mars.rover.curiosity.1516591560676_zion-mainframe-1516591576446-674af74c], end registering consumer space.exploration.mars.rover.curiosity.1516591560676_zion-mainframe-1516591576446-674af74c in ZK
2018-01-21 21:26:16,559 [space.exploration.mars.rover.curiosity.1516591560676_zion-mainframe-1516591576446-674af74c_watcher_executor] INFO kafka.consumer.ZookeeperConsumerConnector  - [space.exploration.mars.rover.curiosity.1516591560676_zion-mainframe-1516591576446-674af74c], starting watcher executor thread for consumer space.exploration.mars.rover.curiosity.1516591560676_zion-mainframe-1516591576446-674af74c
2018-01-21 21:26:16,574 [radio] INFO kafka.consumer.ZookeeperConsumerConnector  - [space.exploration.mars.rover.curiosity.1516591560676_zion-mainframe-1516591576446-674af74c], begin rebalancing consumer space.exploration.mars.rover.curiosity.1516591560676_zion-mainframe-1516591576446-674af74c try #0
2018-01-21 21:26:16,724 [radio] INFO kafka.consumer.ConsumerFetcherManager  - [ConsumerFetcherManager-1516591576493] Stopping leader finder thread
2018-01-21 21:26:16,725 [radio] INFO kafka.consumer.ConsumerFetcherManager  - [ConsumerFetcherManager-1516591576493] Stopping all fetchers
2018-01-21 21:26:16,725 [radio] INFO kafka.consumer.ConsumerFetcherManager  - [ConsumerFetcherManager-1516591576493] All connections stopped
2018-01-21 21:26:16,726 [radio] INFO kafka.consumer.ZookeeperConsumerConnector  - [space.exploration.mars.rover.curiosity.1516591560676_zion-mainframe-1516591576446-674af74c], Cleared all relevant queues for this fetcher
2018-01-21 21:26:16,727 [radio] INFO kafka.consumer.ZookeeperConsumerConnector  - [space.exploration.mars.rover.curiosity.1516591560676_zion-mainframe-1516591576446-674af74c], Cleared the data chunks in all the consumer message iterators
2018-01-21 21:26:16,727 [radio] INFO kafka.consumer.ZookeeperConsumerConnector  - [space.exploration.mars.rover.curiosity.1516591560676_zion-mainframe-1516591576446-674af74c], Committing all offsets after clearing the fetcher queues
2018-01-21 21:26:16,728 [radio] INFO kafka.consumer.ZookeeperConsumerConnector  - [space.exploration.mars.rover.curiosity.1516591560676_zion-mainframe-1516591576446-674af74c], Releasing partition ownership
2018-01-21 21:26:16,760 [radio] INFO kafka.consumer.RangeAssignor  - Consumer space.exploration.mars.rover.curiosity.1516591560676_zion-mainframe-1516591576446-674af74c rebalancing the following partitions: ArrayBuffer(0) for topic earth_to_curiosity_5 with consumers: List(space.exploration.mars.rover.curiosity.1516591560676_zion-mainframe-1516591576446-674af74c-0)
2018-01-21 21:26:16,761 [radio] INFO kafka.consumer.RangeAssignor  - space.exploration.mars.rover.curiosity.1516591560676_zion-mainframe-1516591576446-674af74c-0 attempting to claim partition 0
2018-01-21 21:26:16,798 [radio] INFO kafka.consumer.ZookeeperConsumerConnector  - [space.exploration.mars.rover.curiosity.1516591560676_zion-mainframe-1516591576446-674af74c], space.exploration.mars.rover.curiosity.1516591560676_zion-mainframe-1516591576446-674af74c-0 successfully owned partition 0 for topic earth_to_curiosity_5
2018-01-21 21:26:16,821 [radio] INFO kafka.consumer.ZookeeperConsumerConnector  - [space.exploration.mars.rover.curiosity.1516591560676_zion-mainframe-1516591576446-674af74c], Consumer space.exploration.mars.rover.curiosity.1516591560676_zion-mainframe-1516591576446-674af74c selected partitions : earth_to_curiosity_5:0: fetched offset = -1: consumed offset = -1
2018-01-21 21:26:16,824 [space.exploration.mars.rover.curiosity.1516591560676_zion-mainframe-1516591576446-674af74c-leader-finder-thread] INFO kafka.consumer.ConsumerFetcherManager$LeaderFinderThread  - [space.exploration.mars.rover.curiosity.1516591560676_zion-mainframe-1516591576446-674af74c-leader-finder-thread], Starting 
2018-01-21 21:26:16,825 [radio] INFO kafka.consumer.ZookeeperConsumerConnector  - [space.exploration.mars.rover.curiosity.1516591560676_zion-mainframe-1516591576446-674af74c], end rebalancing consumer space.exploration.mars.rover.curiosity.1516591560676_zion-mainframe-1516591576446-674af74c try #0
2018-01-21 21:26:16,867 [space.exploration.mars.rover.curiosity.1516591560676_zion-mainframe-1516591576446-674af74c-leader-finder-thread] INFO kafka.utils.VerifiableProperties  - Verifying properties
2018-01-21 21:26:16,867 [space.exploration.mars.rover.curiosity.1516591560676_zion-mainframe-1516591576446-674af74c-leader-finder-thread] INFO kafka.utils.VerifiableProperties  - Property client.id is overridden to space.exploration.mars.rover.curiosity.1516591560676
2018-01-21 21:26:16,867 [space.exploration.mars.rover.curiosity.1516591560676_zion-mainframe-1516591576446-674af74c-leader-finder-thread] INFO kafka.utils.VerifiableProperties  - Property metadata.broker.list is overridden to zion-mainframe:9092
2018-01-21 21:26:16,868 [space.exploration.mars.rover.curiosity.1516591560676_zion-mainframe-1516591576446-674af74c-leader-finder-thread] INFO kafka.utils.VerifiableProperties  - Property request.timeout.ms is overridden to 30000
2018-01-21 21:26:16,884 [space.exploration.mars.rover.curiosity.1516591560676_zion-mainframe-1516591576446-674af74c-leader-finder-thread] INFO kafka.client.ClientUtils$  - Fetching metadata from broker BrokerEndPoint(0,zion-mainframe,9092) with correlation id 0 for 1 topic(s) Set(earth_to_curiosity_5)
2018-01-21 21:26:16,889 [space.exploration.mars.rover.curiosity.1516591560676_zion-mainframe-1516591576446-674af74c-leader-finder-thread] INFO kafka.producer.SyncProducer  - Connected to zion-mainframe:9092 for producing
2018-01-21 21:26:16,906 [space.exploration.mars.rover.curiosity.1516591560676_zion-mainframe-1516591576446-674af74c-leader-finder-thread] INFO kafka.producer.SyncProducer  - Disconnecting from zion-mainframe:9092
2018-01-21 21:26:16,920 [ConsumerFetcherThread-space.exploration.mars.rover.curiosity.1516591560676_zion-mainframe-1516591576446-674af74c-0-0] INFO kafka.consumer.ConsumerFetcherThread  - [ConsumerFetcherThread-space.exploration.mars.rover.curiosity.1516591560676_zion-mainframe-1516591576446-674af74c-0-0], Starting 
2018-01-21 21:26:16,932 [space.exploration.mars.rover.curiosity.1516591560676_zion-mainframe-1516591576446-674af74c-leader-finder-thread] INFO kafka.consumer.ConsumerFetcherManager  - [ConsumerFetcherManager-1516591576493] Added fetcher for partitions ArrayBuffer([[earth_to_curiosity_5,0], initOffset -1 to broker BrokerEndPoint(0,zion-mainframe,9092)] )
2018-01-21 21:26:17,498 [roverMain] INFO space.exploration.mars.rover.communication.Radio  - Radio configured:: 
group.id::space.exploration.mars.rover.curiosity.1516591560676
auto.offset.reset::largest
bootstrap.servers::localhost:9092
value.serializer::org.apache.kafka.common.serialization.ByteArraySerializer
destination.topic::curiosity_to_earth_5
zookeeper.connect::localhost:2181
key.serializer::org.apache.kafka.common.serialization.StringSerializer
source.topic::earth_to_curiosity_5
metadata.broker.list::localhost:9092
2018-01-21 21:26:18,499 [roverMain] INFO space.exploration.mars.rover.sensor.Radar  - Radar configured:: 
2018-01-21 21:26:24,687 [roverMain] INFO space.exploration.mars.rover.communication.Transmitter  - Sending information packet to curiosity_to_earth_5
2018-01-21 21:26:26,509 [radio] INFO space.exploration.mars.rover.communication.Receiver  - Time Elapsed since last message = 10012
2018-01-21 21:26:26,661 [radio] INFO space.exploration.mars.rover.kernel.PositionSensor  - Houston - this is curiosityActual.ephemerisTime: 5.25507188182704E8
stateCuriosity: -4.2401192362E7
stateCuriosity: -1.09520575923E8
stateCuriosity: -5.429392135E7
stateCuriosity: 9.757
stateCuriosity: -12.725
stateCuriosity: -5.75
owltMSLEarth: 431.582
stateEarth: 4.2394325607E7
stateEarth: 1.09502838939E8
stateEarth: 5.4285127876E7
stateEarth: -9.754
stateEarth: 12.726
stateEarth: 5.751
owltEarthMSL: 431.512
positionEarthWRTCuriosity: 4.2394325607E7
positionEarthWRTCuriosity: 1.09502838939E8
positionEarthWRTCuriosity: 5.4285127876E7
owltEarthMSL2: 431.512
angSepHGAEarth: 100.067
utcTime: "2016-08-26~18:12:00"
sol: 1442
sclkValue: " 1/01442:12:36:12:79680"

2018-01-21 21:26:26,708 [radio] INFO space.exploration.mars.rover.kernel.PositionSensor  - ephemerisTime: 5.25507188182704E8
stateCuriosity: -4.2401192362E7
stateCuriosity: -1.09520575923E8
stateCuriosity: -5.429392135E7
stateCuriosity: 9.757
stateCuriosity: -12.725
stateCuriosity: -5.75
owltMSLEarth: 431.582
stateEarth: 4.2394325607E7
stateEarth: 1.09502838939E8
stateEarth: 5.4285127876E7
stateEarth: -9.754
stateEarth: 12.726
stateEarth: 5.751
owltEarthMSL: 431.512
positionEarthWRTCuriosity: 4.2394325607E7
positionEarthWRTCuriosity: 1.09502838939E8
positionEarthWRTCuriosity: 5.4285127876E7
owltEarthMSL2: 431.512
angSepHGAEarth: 100.067
utcTime: "2016-08-26~18:12:00"
sol: 1442
sclkValue: " 1/01442:12:36:12:79680"

2018-01-21 21:26:26,708 [radio] INFO space.exploration.mars.rover.communication.Radio  - One Way Light Time computed by SPICE :: 431.582
2018-01-21 21:26:27,705 [radio] INFO space.exploration.mars.rover.kernel.ListeningState  - timeStamp: 1516591586493
targets {
  roverModule: 5
  estimatedPowerUsage: 30
  action: "Explore"
}

2018-01-21 21:26:33,748 [radio] INFO space.exploration.mars.rover.kernel.ListeningState  - 1516591593748,5,Explore Current instructionQueue length = 0
2018-01-21 21:26:33,749 [radio] INFO space.exploration.mars.rover.kernel.ListeningState  - Rover Curiosity is on a scientific mission!
2018-01-21 21:26:34,749 [radio] INFO space.exploration.mars.rover.sensor.Spectrometer  - Spectrometer initialized and ready!
2018-01-21 21:27:13,948 [radio] INFO space.exploration.mars.rover.kernel.PositionSensor  - Houston - this is curiosityActual.ephemerisTime: 5.25510008182704E8
stateCuriosity: -4.2373621392E7
stateCuriosity: -1.09556495561E8
stateCuriosity: -5.4310176749E7
stateCuriosity: 9.798
stateCuriosity: -12.748
stateCuriosity: -5.779
owltMSLEarth: 431.676
stateEarth: 4.2366761922E7
stateEarth: 1.09538759796E8
stateEarth: 5.4301384025E7
stateEarth: -9.796
stateEarth: 12.748
stateEarth: 5.779
owltEarthMSL: 431.606
positionEarthWRTCuriosity: 4.2366761922E7
positionEarthWRTCuriosity: 1.09538759796E8
positionEarthWRTCuriosity: 5.4301384025E7
owltEarthMSL2: 431.606
angSepHGAEarth: 111.293
utcTime: "2016-08-26~18:59:00"
sol: 1442
sclkValue: " 1/01442:13:21:57:34572"

2018-01-21 21:27:14,008 [radio] INFO space.exploration.mars.rover.kernel.PositionSensor  - ephemerisTime: 5.25510008182704E8
stateCuriosity: -4.2373621392E7
stateCuriosity: -1.09556495561E8
stateCuriosity: -5.4310176749E7
stateCuriosity: 9.798
stateCuriosity: -12.748
stateCuriosity: -5.779
owltMSLEarth: 431.676
stateEarth: 4.2366761922E7
stateEarth: 1.09538759796E8
stateEarth: 5.4301384025E7
stateEarth: -9.796
stateEarth: 12.748
stateEarth: 5.779
owltEarthMSL: 431.606
positionEarthWRTCuriosity: 4.2366761922E7
positionEarthWRTCuriosity: 1.09538759796E8
positionEarthWRTCuriosity: 5.4301384025E7
owltEarthMSL2: 431.606
angSepHGAEarth: 111.293
utcTime: "2016-08-26~18:59:00"
sol: 1442
sclkValue: " 1/01442:13:21:57:34572"

2018-01-21 21:27:14,008 [radio] INFO space.exploration.mars.rover.communication.Radio  - One Way Light Time computed by SPICE :: 431.676
2018-01-21 21:27:14,015 [radio] INFO space.exploration.mars.rover.communication.Transmitter  - Sending information packet to curiosity_to_earth_5
2018-01-21 21:27:17,019 [spacecraftClock] INFO space.exploration.mars.rover.sensor.DANSpectrometer  - Commencing calibration for DAN Spectrometer for sol = 1442
2018-01-21 21:27:17,028 [remsCalibrationThread0] INFO space.exploration.mars.rover.sensor.WeatherSensor  - ThreadId = 0 started for remsCalibration for sol = 1442
2018-01-21 21:27:17,028 [remsCalibrationThread2] INFO space.exploration.mars.rover.sensor.WeatherSensor  - ThreadId = 2 started for remsCalibration for sol = 1442
2018-01-21 21:27:17,028 [remsCalibrationThread1] INFO space.exploration.mars.rover.sensor.WeatherSensor  - ThreadId = 1 started for remsCalibration for sol = 1442
2018-01-21 21:27:17,032 [remsCalibrationThread3] INFO space.exploration.mars.rover.sensor.WeatherSensor  - ThreadId = 3 started for remsCalibration for sol = 1442
2018-01-21 21:27:17,032 [remsCalibrationThread4] INFO space.exploration.mars.rover.sensor.WeatherSensor  - ThreadId = 4 started for remsCalibration for sol = 1442
2018-01-21 21:27:17,032 [remsCalibrationThread5] INFO space.exploration.mars.rover.sensor.WeatherSensor  - ThreadId = 5 started for remsCalibration for sol = 1442
2018-01-21 21:27:17,036 [remsCalibrationThread6] INFO space.exploration.mars.rover.sensor.WeatherSensor  - ThreadId = 6 started for remsCalibration for sol = 1442
2018-01-21 21:27:17,036 [remsCalibrationThread8] INFO space.exploration.mars.rover.sensor.WeatherSensor  - ThreadId = 8 started for remsCalibration for sol = 1442
2018-01-21 21:27:17,036 [remsCalibrationThread7] INFO space.exploration.mars.rover.sensor.WeatherSensor  - ThreadId = 7 started for remsCalibration for sol = 1442
2018-01-21 21:27:17,037 [remsCalibrationThread10] INFO space.exploration.mars.rover.sensor.WeatherSensor  - ThreadId = 10 started for remsCalibration for sol = 1442
2018-01-21 21:27:17,037 [remsCalibrationThread9] INFO space.exploration.mars.rover.sensor.WeatherSensor  - ThreadId = 9 started for remsCalibration for sol = 1442
2018-01-21 21:27:17,047 [remsCalibrationThread15] INFO space.exploration.mars.rover.sensor.WeatherSensor  - ThreadId = 15 started for remsCalibration for sol = 1442
2018-01-21 21:27:17,057 [remsCalibrationThread13] INFO space.exploration.mars.rover.sensor.WeatherSensor  - ThreadId = 13 started for remsCalibration for sol = 1442
2018-01-21 21:27:17,057 [remsCalibrationThread14] INFO space.exploration.mars.rover.sensor.WeatherSensor  - ThreadId = 14 started for remsCalibration for sol = 1442
2018-01-21 21:27:17,057 [remsCalibrationThread11] INFO space.exploration.mars.rover.sensor.WeatherSensor  - ThreadId = 11 started for remsCalibration for sol = 1442
2018-01-21 21:27:17,057 [remsCalibrationThread12] INFO space.exploration.mars.rover.sensor.WeatherSensor  - ThreadId = 12 started for remsCalibration for sol = 1442
2018-01-21 21:27:17,072 [remsCalibrationThread17] INFO space.exploration.mars.rover.sensor.WeatherSensor  - ThreadId = 17 started for remsCalibration for sol = 1442
2018-01-21 21:27:17,072 [remsCalibrationThread18] INFO space.exploration.mars.rover.sensor.WeatherSensor  - ThreadId = 18 started for remsCalibration for sol = 1442
2018-01-21 21:27:17,072 [remsCalibrationThread16] INFO space.exploration.mars.rover.sensor.WeatherSensor  - ThreadId = 16 started for remsCalibration for sol = 1442
2018-01-21 21:27:17,072 [remsCalibrationThread19] INFO space.exploration.mars.rover.sensor.WeatherSensor  - ThreadId = 19 started for remsCalibration for sol = 1442
2018-01-21 21:27:17,073 [remsCalibrationThread26] INFO space.exploration.mars.rover.sensor.WeatherSensor  - ThreadId = 26 started for remsCalibration for sol = 1442
2018-01-21 21:27:17,073 [remsCalibrationThread27] INFO space.exploration.mars.rover.sensor.WeatherSensor  - ThreadId = 27 started for remsCalibration for sol = 1442
2018-01-21 21:27:17,073 [remsCalibrationThread20] INFO space.exploration.mars.rover.sensor.WeatherSensor  - ThreadId = 20 started for remsCalibration for sol = 1442
2018-01-21 21:27:17,073 [remsCalibrationThread28] INFO space.exploration.mars.rover.sensor.WeatherSensor  - ThreadId = 28 started for remsCalibration for sol = 1442
2018-01-21 21:27:17,073 [remsCalibrationThread29] INFO space.exploration.mars.rover.sensor.WeatherSensor  - ThreadId = 29 started for remsCalibration for sol = 1442
2018-01-21 21:27:17,073 [remsCalibrationThread31] INFO space.exploration.mars.rover.sensor.WeatherSensor  - ThreadId = 31 started for remsCalibration for sol = 1442
2018-01-21 21:27:17,073 [remsCalibrationThread25] INFO space.exploration.mars.rover.sensor.WeatherSensor  - ThreadId = 25 started for remsCalibration for sol = 1442
2018-01-21 21:27:17,073 [remsCalibrationThread24] INFO space.exploration.mars.rover.sensor.WeatherSensor  - ThreadId = 24 started for remsCalibration for sol = 1442
2018-01-21 21:27:17,072 [remsCalibrationThread23] INFO space.exploration.mars.rover.sensor.WeatherSensor  - ThreadId = 23 started for remsCalibration for sol = 1442
2018-01-21 21:27:17,072 [remsCalibrationThread22] INFO space.exploration.mars.rover.sensor.WeatherSensor  - ThreadId = 22 started for remsCalibration for sol = 1442
2018-01-21 21:27:17,072 [remsCalibrationThread21] INFO space.exploration.mars.rover.sensor.WeatherSensor  - ThreadId = 21 started for remsCalibration for sol = 1442
2018-01-21 21:27:17,073 [remsCalibrationThread30] INFO space.exploration.mars.rover.sensor.WeatherSensor  - ThreadId = 30 started for remsCalibration for sol = 1442
2018-01-21 21:27:17,089 [remsCalibrationThread39] INFO space.exploration.mars.rover.sensor.WeatherSensor  - ThreadId = 39 started for remsCalibration for sol = 1442
2018-01-21 21:27:17,090 [remsCalibrationThread38] INFO space.exploration.mars.rover.sensor.WeatherSensor  - ThreadId = 38 started for remsCalibration for sol = 1442
2018-01-21 21:27:17,090 [remsCalibrationThread32] INFO space.exploration.mars.rover.sensor.WeatherSensor  - ThreadId = 32 started for remsCalibration for sol = 1442
2018-01-21 21:27:17,090 [remsCalibrationThread37] INFO space.exploration.mars.rover.sensor.WeatherSensor  - ThreadId = 37 started for remsCalibration for sol = 1442
2018-01-21 21:27:17,090 [remsCalibrationThread36] INFO space.exploration.mars.rover.sensor.WeatherSensor  - ThreadId = 36 started for remsCalibration for sol = 1442
2018-01-21 21:27:17,090 [remsCalibrationThread35] INFO space.exploration.mars.rover.sensor.WeatherSensor  - ThreadId = 35 started for remsCalibration for sol = 1442
2018-01-21 21:27:17,090 [remsCalibrationThread34] INFO space.exploration.mars.rover.sensor.WeatherSensor  - ThreadId = 34 started for remsCalibration for sol = 1442
2018-01-21 21:27:17,090 [remsCalibrationThread40] INFO space.exploration.mars.rover.sensor.WeatherSensor  - ThreadId = 40 started for remsCalibration for sol = 1442
2018-01-21 21:27:17,090 [remsCalibrationThread41] INFO space.exploration.mars.rover.sensor.WeatherSensor  - ThreadId = 41 started for remsCalibration for sol = 1442
2018-01-21 21:27:17,090 [remsCalibrationThread42] INFO space.exploration.mars.rover.sensor.WeatherSensor  - ThreadId = 42 started for remsCalibration for sol = 1442
2018-01-21 21:27:17,090 [remsCalibrationThread43] INFO space.exploration.mars.rover.sensor.WeatherSensor  - ThreadId = 43 started for remsCalibration for sol = 1442
2018-01-21 21:27:17,090 [remsCalibrationThread44] INFO space.exploration.mars.rover.sensor.WeatherSensor  - ThreadId = 44 started for remsCalibration for sol = 1442
2018-01-21 21:27:17,090 [remsCalibrationThread33] INFO space.exploration.mars.rover.sensor.WeatherSensor  - ThreadId = 33 started for remsCalibration for sol = 1442
2018-01-21 21:27:17,090 [remsCalibrationThread45] INFO space.exploration.mars.rover.sensor.WeatherSensor  - ThreadId = 45 started for remsCalibration for sol = 1442
2018-01-21 21:27:17,090 [remsCalibrationThread47] INFO space.exploration.mars.rover.sensor.WeatherSensor  - ThreadId = 47 started for remsCalibration for sol = 1442
2018-01-21 21:27:17,090 [remsCalibrationThread46] INFO space.exploration.mars.rover.sensor.WeatherSensor  - ThreadId = 46 started for remsCalibration for sol = 1442
2018-01-21 21:27:17,096 [remsCalibrationThread49] INFO space.exploration.mars.rover.sensor.WeatherSensor  - ThreadId = 49 started for remsCalibration for sol = 1442
2018-01-21 21:27:17,096 [remsCalibrationThread50] INFO space.exploration.mars.rover.sensor.WeatherSensor  - ThreadId = 50 started for remsCalibration for sol = 1442
2018-01-21 21:27:17,101 [remsCalibrationThread48] INFO space.exploration.mars.rover.sensor.WeatherSensor  - ThreadId = 48 started for remsCalibration for sol = 1442
2018-01-21 21:27:17,101 [remsCalibrationThread51] INFO space.exploration.mars.rover.sensor.WeatherSensor  - ThreadId = 51 started for remsCalibration for sol = 1442
2018-01-21 21:27:17,101 [remsCalibrationThread52] INFO space.exploration.mars.rover.sensor.WeatherSensor  - ThreadId = 52 started for remsCalibration for sol = 1442
2018-01-21 21:27:17,107 [remsCalibrationThread53] INFO space.exploration.mars.rover.sensor.WeatherSensor  - ThreadId = 53 started for remsCalibration for sol = 1442
2018-01-21 21:27:17,107 [remsCalibrationThread54] INFO space.exploration.mars.rover.sensor.WeatherSensor  - ThreadId = 54 started for remsCalibration for sol = 1442
2018-01-21 21:27:17,108 [remsCalibrationThread55] INFO space.exploration.mars.rover.sensor.WeatherSensor  - ThreadId = 55 started for remsCalibration for sol = 1442
2018-01-21 21:27:17,110 [remsCalibrationThread56] INFO space.exploration.mars.rover.sensor.WeatherSensor  - ThreadId = 56 started for remsCalibration for sol = 1442
2018-01-21 21:27:17,112 [remsCalibrationThread57] INFO space.exploration.mars.rover.sensor.WeatherSensor  - ThreadId = 57 started for remsCalibration for sol = 1442
2018-01-21 21:27:17,114 [remsCalibrationThread58] INFO space.exploration.mars.rover.sensor.WeatherSensor  - ThreadId = 58 started for remsCalibration for sol = 1442
2018-01-21 21:27:17,115 [remsCalibrationThread59] INFO space.exploration.mars.rover.sensor.WeatherSensor  - ThreadId = 59 started for remsCalibration for sol = 1442
2018-01-21 21:27:17,115 [remsCalibrationThread60] INFO space.exploration.mars.rover.sensor.WeatherSensor  - ThreadId = 60 started for remsCalibration for sol = 1442
2018-01-21 21:27:17,115 [remsCalibrationThread61] INFO space.exploration.mars.rover.sensor.WeatherSensor  - ThreadId = 61 started for remsCalibration for sol = 1442
2018-01-21 21:27:17,116 [remsCalibrationThread62] INFO space.exploration.mars.rover.sensor.WeatherSensor  - ThreadId = 62 started for remsCalibration for sol = 1442
2018-01-21 21:27:17,116 [remsCalibrationThread63] INFO space.exploration.mars.rover.sensor.WeatherSensor  - ThreadId = 63 started for remsCalibration for sol = 1442
2018-01-21 21:27:17,116 [remsCalibrationThread64] INFO space.exploration.mars.rover.sensor.WeatherSensor  - ThreadId = 64 started for remsCalibration for sol = 1442
2018-01-21 21:27:17,116 [remsCalibrationThread65] INFO space.exploration.mars.rover.sensor.WeatherSensor  - ThreadId = 65 started for remsCalibration for sol = 1442
2018-01-21 21:27:17,119 [remsCalibrationThread67] INFO space.exploration.mars.rover.sensor.WeatherSensor  - ThreadId = 67 started for remsCalibration for sol = 1442
2018-01-21 21:27:17,119 [remsCalibrationThread68] INFO space.exploration.mars.rover.sensor.WeatherSensor  - ThreadId = 68 started for remsCalibration for sol = 1442
2018-01-21 21:27:17,118 [remsCalibrationThread66] INFO space.exploration.mars.rover.sensor.WeatherSensor  - ThreadId = 66 started for remsCalibration for sol = 1442
2018-01-21 21:27:17,121 [remsCalibrationThread69] INFO space.exploration.mars.rover.sensor.WeatherSensor  - ThreadId = 69 started for remsCalibration for sol = 1442
2018-01-21 21:27:17,121 [remsCalibrationThread70] INFO space.exploration.mars.rover.sensor.WeatherSensor  - ThreadId = 70 started for remsCalibration for sol = 1442
2018-01-21 21:27:17,121 [remsCalibrationThread71] INFO space.exploration.mars.rover.sensor.WeatherSensor  - ThreadId = 71 started for remsCalibration for sol = 1442
2018-01-21 21:27:17,122 [remsCalibrationThread72] INFO space.exploration.mars.rover.sensor.WeatherSensor  - ThreadId = 72 started for remsCalibration for sol = 1442
2018-01-21 21:27:17,130 [remsCalibrationThread74] INFO space.exploration.mars.rover.sensor.WeatherSensor  - ThreadId = 74 started for remsCalibration for sol = 1442
2018-01-21 21:27:17,131 [remsCalibrationThread75] INFO space.exploration.mars.rover.sensor.WeatherSensor  - ThreadId = 75 started for remsCalibration for sol = 1442
2018-01-21 21:27:17,131 [remsCalibrationThread77] INFO space.exploration.mars.rover.sensor.WeatherSensor  - ThreadId = 77 started for remsCalibration for sol = 1442
2018-01-21 21:27:17,131 [remsCalibrationThread76] INFO space.exploration.mars.rover.sensor.WeatherSensor  - ThreadId = 76 started for remsCalibration for sol = 1442
2018-01-21 21:27:17,131 [remsCalibrationThread78] INFO space.exploration.mars.rover.sensor.WeatherSensor  - ThreadId = 78 started for remsCalibration for sol = 1442
2018-01-21 21:27:17,131 [remsCalibrationThread79] INFO space.exploration.mars.rover.sensor.WeatherSensor  - ThreadId = 79 started for remsCalibration for sol = 1442
2018-01-21 21:27:17,131 [remsCalibrationThread80] INFO space.exploration.mars.rover.sensor.WeatherSensor  - ThreadId = 80 started for remsCalibration for sol = 1442
2018-01-21 21:27:17,131 [remsCalibrationThread82] INFO space.exploration.mars.rover.sensor.WeatherSensor  - ThreadId = 82 started for remsCalibration for sol = 1442
2018-01-21 21:27:17,131 [remsCalibrationThread83] INFO space.exploration.mars.rover.sensor.WeatherSensor  - ThreadId = 83 started for remsCalibration for sol = 1442
2018-01-21 21:27:17,132 [remsCalibrationThread73] INFO space.exploration.mars.rover.sensor.WeatherSensor  - ThreadId = 73 started for remsCalibration for sol = 1442
2018-01-21 21:27:17,131 [remsCalibrationThread81] INFO space.exploration.mars.rover.sensor.WeatherSensor  - ThreadId = 81 started for remsCalibration for sol = 1442
2018-01-21 21:27:17,150 [remsCalibrationThread93] INFO space.exploration.mars.rover.sensor.WeatherSensor  - ThreadId = 93 started for remsCalibration for sol = 1442
2018-01-21 21:27:17,148 [remsCalibrationThread92] INFO space.exploration.mars.rover.sensor.WeatherSensor  - ThreadId = 92 started for remsCalibration for sol = 1442
2018-01-21 21:27:17,148 [remsCalibrationThread91] INFO space.exploration.mars.rover.sensor.WeatherSensor  - ThreadId = 91 started for remsCalibration for sol = 1442
2018-01-21 21:27:17,148 [remsCalibrationThread90] INFO space.exploration.mars.rover.sensor.WeatherSensor  - ThreadId = 90 started for remsCalibration for sol = 1442
2018-01-21 21:27:17,148 [remsCalibrationThread89] INFO space.exploration.mars.rover.sensor.WeatherSensor  - ThreadId = 89 started for remsCalibration for sol = 1442
2018-01-21 21:27:17,148 [remsCalibrationThread84] INFO space.exploration.mars.rover.sensor.WeatherSensor  - ThreadId = 84 started for remsCalibration for sol = 1442
2018-01-21 21:27:17,148 [remsCalibrationThread88] INFO space.exploration.mars.rover.sensor.WeatherSensor  - ThreadId = 88 started for remsCalibration for sol = 1442
2018-01-21 21:27:17,147 [remsCalibrationThread87] INFO space.exploration.mars.rover.sensor.WeatherSensor  - ThreadId = 87 started for remsCalibration for sol = 1442
2018-01-21 21:27:17,147 [remsCalibrationThread86] INFO space.exploration.mars.rover.sensor.WeatherSensor  - ThreadId = 86 started for remsCalibration for sol = 1442
2018-01-21 21:27:17,146 [remsCalibrationThread85] INFO space.exploration.mars.rover.sensor.WeatherSensor  - ThreadId = 85 started for remsCalibration for sol = 1442
2018-01-21 21:27:17,154 [remsCalibrationThread94] INFO space.exploration.mars.rover.sensor.WeatherSensor  - ThreadId = 94 started for remsCalibration for sol = 1442
2018-01-21 21:27:17,154 [remsCalibrationThread95] INFO space.exploration.mars.rover.sensor.WeatherSensor  - ThreadId = 95 started for remsCalibration for sol = 1442
2018-01-21 21:27:17,155 [remsCalibrationThread96] INFO space.exploration.mars.rover.sensor.WeatherSensor  - ThreadId = 96 started for remsCalibration for sol = 1442
2018-01-21 21:27:17,155 [remsCalibrationThread97] INFO space.exploration.mars.rover.sensor.WeatherSensor  - ThreadId = 97 started for remsCalibration for sol = 1442
2018-01-21 21:27:17,155 [remsCalibrationThread98] INFO space.exploration.mars.rover.sensor.WeatherSensor  - ThreadId = 98 started for remsCalibration for sol = 1442
2018-01-21 21:27:17,155 [remsCalibrationThread99] INFO space.exploration.mars.rover.sensor.WeatherSensor  - ThreadId = 99 started for remsCalibration for sol = 1442
2018-01-21 21:27:17,772 [batteryMonitor] INFO space.exploration.mars.rover.power.BatteryMonitor  - BatteryMonitor performing due diligence. SCET = 1516591606053 Rover state = Listening State
2018-01-21 21:27:17,772 [batteryMonitor] INFO space.exploration.mars.rover.power.BatteryMonitor  -  Battery primaryUnits = 1169 auxiliaryPowerUnits = 100
2018-01-21 21:27:17,773 [batteryMonitor] INFO space.exploration.mars.rover.power.BatteryMonitor  - BatteryMonitor performing due diligence. SCET = 1516591637773 Rover state = Listening State
2018-01-21 21:27:17,773 [batteryMonitor] INFO space.exploration.mars.rover.power.BatteryMonitor  -  Battery primaryUnits = 1169 auxiliaryPowerUnits = 100
2018-01-21 21:27:17,898 [pacemaker] INFO space.exploration.mars.rover.kernel.PositionSensor  - Houston - this is curiosityActual.ephemerisTime: 5.25510248182704E8
stateCuriosity: -4.23712694E7
stateCuriosity: -1.09559555373E8
stateCuriosity: -5.4311563884E7
stateCuriosity: 9.802
stateCuriosity: -12.75
stateCuriosity: -5.781
owltMSLEarth: 431.684
stateEarth: 4.2364410493E7
stateEarth: 1.09541819567E8
stateEarth: 5.4302771153E7
stateEarth: -9.8
stateEarth: 12.75
stateEarth: 5.781
owltEarthMSL: 431.614
positionEarthWRTCuriosity: 4.2364410493E7
positionEarthWRTCuriosity: 1.09541819567E8
positionEarthWRTCuriosity: 5.4302771153E7
owltEarthMSL2: 431.614
angSepHGAEarth: 112.246
utcTime: "2016-08-26~19:03:00"
sol: 1442
sclkValue: " 1/01442:13:25:50:92435"

2018-01-21 21:27:17,956 [pacemaker] INFO space.exploration.mars.rover.kernel.PositionSensor  - ephemerisTime: 5.25510248182704E8
stateCuriosity: -4.23712694E7
stateCuriosity: -1.09559555373E8
stateCuriosity: -5.4311563884E7
stateCuriosity: 9.802
stateCuriosity: -12.75
stateCuriosity: -5.781
owltMSLEarth: 431.684
stateEarth: 4.2364410493E7
stateEarth: 1.09541819567E8
stateEarth: 5.4302771153E7
stateEarth: -9.8
stateEarth: 12.75
stateEarth: 5.781
owltEarthMSL: 431.614
positionEarthWRTCuriosity: 4.2364410493E7
positionEarthWRTCuriosity: 1.09541819567E8
positionEarthWRTCuriosity: 5.4302771153E7
owltEarthMSL2: 431.614
angSepHGAEarth: 112.246
utcTime: "2016-08-26~19:03:00"
sol: 1442
sclkValue: " 1/01442:13:25:50:92435"

2018-01-21 21:27:17,974 [pacemaker] INFO space.exploration.mars.rover.kernel.SpacecraftClock  - Internal time::2016-08-26T18:01:00.000-05:00 sclk of::1/01442:12:24:32:06091
2018-01-21 21:27:24,039 [pacemaker] INFO space.exploration.mars.rover.kernel.PositionSensor  - Houston - this is curiosityActual.ephemerisTime: 5.25510608182704E8
stateCuriosity: -4.23677397E7
stateCuriosity: -1.09564145803E8
stateCuriosity: -5.4313645661E7
stateCuriosity: 9.808
stateCuriosity: -12.752
stateCuriosity: -5.785
owltMSLEarth: 431.696
stateEarth: 4.2360881619E7
stateEarth: 1.09546409891E8
stateEarth: 5.4304852897E7
stateEarth: -9.805
stateEarth: 12.752
stateEarth: 5.784
owltEarthMSL: 431.626
positionEarthWRTCuriosity: 4.2360881619E7
positionEarthWRTCuriosity: 1.09546409891E8
positionEarthWRTCuriosity: 5.4304852897E7
owltEarthMSL2: 431.626
angSepHGAEarth: 113.674
utcTime: "2016-08-26~19:09:00"
sol: 1442
sclkValue: " 1/01442:13:31:41:29230"

2018-01-21 21:27:24,089 [pacemaker] INFO space.exploration.mars.rover.kernel.PositionSensor  - ephemerisTime: 5.25510608182704E8
stateCuriosity: -4.23677397E7
stateCuriosity: -1.09564145803E8
stateCuriosity: -5.4313645661E7
stateCuriosity: 9.808
stateCuriosity: -12.752
stateCuriosity: -5.785
owltMSLEarth: 431.696
stateEarth: 4.2360881619E7
stateEarth: 1.09546409891E8
stateEarth: 5.4304852897E7
stateEarth: -9.805
stateEarth: 12.752
stateEarth: 5.784
owltEarthMSL: 431.626
positionEarthWRTCuriosity: 4.2360881619E7
positionEarthWRTCuriosity: 1.09546409891E8
positionEarthWRTCuriosity: 5.4304852897E7
owltEarthMSL2: 431.626
angSepHGAEarth: 113.674
utcTime: "2016-08-26~19:09:00"
sol: 1442
sclkValue: " 1/01442:13:31:41:29230"

2018-01-21 21:27:24,089 [pacemaker] INFO space.exploration.mars.rover.communication.Radio  - One Way Light Time computed by SPICE :: 431.696
2018-01-21 21:27:24,096 [pacemaker] INFO space.exploration.mars.rover.communication.Transmitter  - Sending information packet to curiosity_to_earth_5
2018-01-21 21:27:28,151 [radio] INFO space.exploration.mars.rover.communication.Receiver  - Time Elapsed since last message = 61642
2018-01-21 21:27:28,206 [radio] INFO space.exploration.mars.rover.kernel.PositionSensor  - Houston - this is curiosityActual.ephemerisTime: 5.25510908182703E8
stateCuriosity: -4.2364796695E7
stateCuriosity: -1.09567971782E8
stateCuriosity: -5.4315381456E7
stateCuriosity: 9.812
stateCuriosity: -12.754
stateCuriosity: -5.787
owltMSLEarth: 431.706
stateEarth: 4.2357939285E7
stateEarth: 1.09550235742E8
stateEarth: 5.4306588645E7
stateEarth: -9.81
stateEarth: 12.754
stateEarth: 5.787
owltEarthMSL: 431.636
positionEarthWRTCuriosity: 4.2357939285E7
positionEarthWRTCuriosity: 1.09550235742E8
positionEarthWRTCuriosity: 5.4306588645E7
owltEarthMSL2: 431.636
angSepHGAEarth: 114.863
utcTime: "2016-08-26~19:14:00"
sol: 1442
sclkValue: " 1/01442:13:36:33:26559"

2018-01-21 21:27:28,247 [radio] INFO space.exploration.mars.rover.kernel.PositionSensor  - ephemerisTime: 5.25510908182703E8
stateCuriosity: -4.2364796695E7
stateCuriosity: -1.09567971782E8
stateCuriosity: -5.4315381456E7
stateCuriosity: 9.812
stateCuriosity: -12.754
stateCuriosity: -5.787
owltMSLEarth: 431.706
stateEarth: 4.2357939285E7
stateEarth: 1.09550235742E8
stateEarth: 5.4306588645E7
stateEarth: -9.81
stateEarth: 12.754
stateEarth: 5.787
owltEarthMSL: 431.636
positionEarthWRTCuriosity: 4.2357939285E7
positionEarthWRTCuriosity: 1.09550235742E8
positionEarthWRTCuriosity: 5.4306588645E7
owltEarthMSL2: 431.636
angSepHGAEarth: 114.863
utcTime: "2016-08-26~19:14:00"
sol: 1442
sclkValue: " 1/01442:13:36:33:26559"

2018-01-21 21:27:28,247 [radio] INFO space.exploration.mars.rover.communication.Radio  - One Way Light Time computed by SPICE :: 431.706
2018-01-21 21:27:28,254 [radio] INFO space.exploration.mars.rover.kernel.ListeningState  - timeStamp: 1516591648140
targets {
  roverModule: 1
  estimatedPowerUsage: 40
  action: "Move"
  auxiliaryData: "\n\006\b\243\005\020\243\005"
}

2018-01-21 21:27:34,273 [radio] INFO space.exploration.mars.rover.kernel.ListeningState  - 1516591654273,1,Move Current instructionQueue length = 0
2018-01-21 21:27:34,956 [radio] INFO space.exploration.mars.rover.kernel.ListeningState  - Rover Curiosity is on the move!
2018-01-21 21:27:35,499 [radio] INFO space.exploration.mars.rover.sensor.TelemetrySensor  - Telemetry relay commenced.
2018-01-21 21:28:19,139 [radio] INFO space.exploration.mars.rover.sensor.TelemetrySensor  - Telemetry relay stopped, number of telemetryDataPoints = 103
2018-01-21 21:28:28,205 [radio] INFO space.exploration.mars.rover.kernel.PositionSensor  - Houston - this is curiosityActual.ephemerisTime: 5.25514508182703E8
stateCuriosity: -4.2329362114E7
stateCuriosity: -1.09613917343E8
stateCuriosity: -5.4336278593E7
stateCuriosity: 9.875
stateCuriosity: -12.769
stateCuriosity: -5.822
owltMSLEarth: 431.826
stateEarth: 4.2322511598E7
stateEarth: 1.09596176796E8
stateEarth: 5.4327483766E7
stateEarth: -9.873
stateEarth: 12.767
stateEarth: 5.821
owltEarthMSL: 431.756
positionEarthWRTCuriosity: 4.2322511598E7
positionEarthWRTCuriosity: 1.09596176796E8
positionEarthWRTCuriosity: 5.4327483766E7
owltEarthMSL2: 431.756
angSepHGAEarth: 129.046
utcTime: "2016-08-26~20:14:00"
sol: 1442
sclkValue: " 1/01442:14:34:56:94506"

2018-01-21 21:28:28,251 [radio] INFO space.exploration.mars.rover.kernel.PositionSensor  - ephemerisTime: 5.25514508182703E8
stateCuriosity: -4.2329362114E7
stateCuriosity: -1.09613917343E8
stateCuriosity: -5.4336278593E7
stateCuriosity: 9.875
stateCuriosity: -12.769
stateCuriosity: -5.822
owltMSLEarth: 431.826
stateEarth: 4.2322511598E7
stateEarth: 1.09596176796E8
stateEarth: 5.4327483766E7
stateEarth: -9.873
stateEarth: 12.767
stateEarth: 5.821
owltEarthMSL: 431.756
positionEarthWRTCuriosity: 4.2322511598E7
positionEarthWRTCuriosity: 1.09596176796E8
positionEarthWRTCuriosity: 5.4327483766E7
owltEarthMSL2: 431.756
angSepHGAEarth: 129.046
utcTime: "2016-08-26~20:14:00"
sol: 1442
sclkValue: " 1/01442:14:34:56:94506"

2018-01-21 21:28:28,251 [radio] INFO space.exploration.mars.rover.communication.Radio  - One Way Light Time computed by SPICE :: 431.826
2018-01-21 21:28:28,258 [radio] INFO space.exploration.mars.rover.communication.Transmitter  - Sending information packet to curiosity_to_earth_5
2018-01-21 21:28:31,259 [batteryMonitor] INFO space.exploration.mars.rover.power.BatteryMonitor  - BatteryMonitor performing due diligence. SCET = 1516591666053 Rover state = Listening State
2018-01-21 21:28:31,259 [batteryMonitor] INFO space.exploration.mars.rover.power.BatteryMonitor  -  Battery primaryUnits = 748 auxiliaryPowerUnits = 100
2018-01-21 21:28:31,260 [batteryMonitor] INFO space.exploration.mars.rover.power.BatteryMonitor  - BatteryMonitor performing due diligence. SCET = 1516591711259 Rover state = Listening State
2018-01-21 21:28:31,260 [batteryMonitor] INFO space.exploration.mars.rover.power.BatteryMonitor  -  Battery primaryUnits = 748 auxiliaryPowerUnits = 100
2018-01-21 21:28:31,356 [pacemaker] INFO space.exploration.mars.rover.kernel.PositionSensor  - Houston - this is curiosityActual.ephemerisTime: 5.25514688182703E8
stateCuriosity: -4.2327584406E7
stateCuriosity: -1.09616215769E8
stateCuriosity: -5.4337326608E7
stateCuriosity: 9.878
stateCuriosity: -12.769
stateCuriosity: -5.823
owltMSLEarth: 431.832
stateEarth: 4.2320734176E7
stateEarth: 1.09598474852E8
stateEarth: 5.4328531609E7
stateEarth: -9.876
stateEarth: 12.767
stateEarth: 5.822
owltEarthMSL: 431.762
positionEarthWRTCuriosity: 4.2320734176E7
positionEarthWRTCuriosity: 1.09598474852E8
positionEarthWRTCuriosity: 5.4328531609E7
owltEarthMSL2: 431.762
angSepHGAEarth: 129.749
utcTime: "2016-08-26~20:17:00"
sol: 1442
sclkValue: " 1/01442:14:37:52:12904"

2018-01-21 21:28:31,431 [pacemaker] INFO space.exploration.mars.rover.kernel.PositionSensor  - ephemerisTime: 5.25514688182703E8
stateCuriosity: -4.2327584406E7
stateCuriosity: -1.09616215769E8
stateCuriosity: -5.4337326608E7
stateCuriosity: 9.878
stateCuriosity: -12.769
stateCuriosity: -5.823
owltMSLEarth: 431.832
stateEarth: 4.2320734176E7
stateEarth: 1.09598474852E8
stateEarth: 5.4328531609E7
stateEarth: -9.876
stateEarth: 12.767
stateEarth: 5.822
owltEarthMSL: 431.762
positionEarthWRTCuriosity: 4.2320734176E7
positionEarthWRTCuriosity: 1.09598474852E8
positionEarthWRTCuriosity: 5.4328531609E7
owltEarthMSL2: 431.762
angSepHGAEarth: 129.749
utcTime: "2016-08-26~20:17:00"
sol: 1442
sclkValue: " 1/01442:14:37:52:12904"

2018-01-21 21:28:31,431 [pacemaker] INFO space.exploration.mars.rover.kernel.SpacecraftClock  - Internal time::2016-08-26T20:18:00.000-05:00 sclk of::1/01442:14:38:50:52369
2018-01-21 21:28:37,547 [pacemaker] INFO space.exploration.mars.rover.kernel.PositionSensor  - Houston - this is curiosityActual.ephemerisTime: 5.25515048182703E8
stateCuriosity: -4.2324027222E7
stateCuriosity: -1.09620812806E8
stateCuriosity: -5.4339423499E7
stateCuriosity: 9.884
stateCuriosity: -12.77
stateCuriosity: -5.826
owltMSLEarth: 431.844
stateEarth: 4.231717755E7
stateEarth: 1.09603071103E8
stateEarth: 5.4330628135E7
stateEarth: -9.883
stateEarth: 12.768
stateEarth: 5.825
owltEarthMSL: 431.774
positionEarthWRTCuriosity: 4.231717755E7
positionEarthWRTCuriosity: 1.09603071103E8
positionEarthWRTCuriosity: 5.4330628135E7
owltEarthMSL2: 431.774
angSepHGAEarth: 131.154
utcTime: "2016-08-26~20:23:00"
sol: 1442
sclkValue: " 1/01442:14:43:42:49698"

2018-01-21 21:28:37,590 [pacemaker] INFO space.exploration.mars.rover.kernel.PositionSensor  - ephemerisTime: 5.25515048182703E8
stateCuriosity: -4.2324027222E7
stateCuriosity: -1.09620812806E8
stateCuriosity: -5.4339423499E7
stateCuriosity: 9.884
stateCuriosity: -12.77
stateCuriosity: -5.826
owltMSLEarth: 431.844
stateEarth: 4.231717755E7
stateEarth: 1.09603071103E8
stateEarth: 5.4330628135E7
stateEarth: -9.883
stateEarth: 12.768
stateEarth: 5.825
owltEarthMSL: 431.774
positionEarthWRTCuriosity: 4.231717755E7
positionEarthWRTCuriosity: 1.09603071103E8
positionEarthWRTCuriosity: 5.4330628135E7
owltEarthMSL2: 431.774
angSepHGAEarth: 131.154
utcTime: "2016-08-26~20:23:00"
sol: 1442
sclkValue: " 1/01442:14:43:42:49698"

2018-01-21 21:28:37,590 [pacemaker] INFO space.exploration.mars.rover.communication.Radio  - One Way Light Time computed by SPICE :: 431.844
2018-01-21 21:28:37,597 [pacemaker] INFO space.exploration.mars.rover.communication.Transmitter  - Sending information packet to curiosity_to_earth_5
2018-01-21 21:28:38,292 [remsCalibrationKickOff] INFO space.exploration.mars.rover.sensor.WeatherSensor  - Thread id = 0 finished checking urls, file not found. Done status = true
2018-01-21 21:28:38,293 [remsCalibrationKickOff] INFO space.exploration.mars.rover.sensor.WeatherSensor  - Thread id = 1 finished checking urls, file not found. Done status = true
2018-01-21 21:28:38,293 [remsCalibrationKickOff] INFO space.exploration.mars.rover.sensor.WeatherSensor  - Thread id = 2 finished checking urls, file not found. Done status = true
2018-01-21 21:28:38,464 [remsCalibrationKickOff] INFO space.exploration.mars.rover.sensor.WeatherSensor  - Thread id = 3 finished checking urls, file not found. Done status = true
2018-01-21 21:28:38,465 [remsCalibrationKickOff] INFO space.exploration.mars.rover.sensor.WeatherSensor  - Thread id = 4 finished checking urls, file not found. Done status = true
2018-01-21 21:28:38,465 [remsCalibrationKickOff] INFO space.exploration.mars.rover.sensor.WeatherSensor  - Thread id = 5 finished checking urls, file not found. Done status = true
2018-01-21 21:28:38,465 [remsCalibrationKickOff] INFO space.exploration.mars.rover.sensor.WeatherSensor  - Thread id = 6 finished checking urls, file not found. Done status = true
2018-01-21 21:28:38,465 [remsCalibrationKickOff] INFO space.exploration.mars.rover.sensor.WeatherSensor  - Thread id = 7 finished checking urls, file not found. Done status = true
2018-01-21 21:28:38,465 [remsCalibrationKickOff] INFO space.exploration.mars.rover.sensor.WeatherSensor  - Thread id = 8 finished checking urls, file not found. Done status = true
2018-01-21 21:28:38,469 [remsCalibrationKickOff] INFO space.exploration.mars.rover.sensor.WeatherSensor  - Thread id = 9 finished checking urls, file not found. Done status = true
2018-01-21 21:28:38,469 [remsCalibrationKickOff] INFO space.exploration.mars.rover.sensor.WeatherSensor  - Thread id = 10 finished checking urls, file not found. Done status = true
2018-01-21 21:28:38,469 [remsCalibrationKickOff] INFO space.exploration.mars.rover.sensor.WeatherSensor  - Thread id = 11 finished checking urls, file not found. Done status = true
2018-01-21 21:28:38,469 [remsCalibrationKickOff] INFO space.exploration.mars.rover.sensor.WeatherSensor  - Thread id = 12 finished checking urls, file not found. Done status = true
2018-01-21 21:28:38,469 [remsCalibrationKickOff] INFO space.exploration.mars.rover.sensor.WeatherSensor  - Thread id = 13 finished checking urls, file not found. Done status = true
2018-01-21 21:28:38,469 [remsCalibrationKickOff] INFO space.exploration.mars.rover.sensor.WeatherSensor  - Thread id = 14 finished checking urls, file not found. Done status = true
2018-01-21 21:28:38,469 [remsCalibrationKickOff] INFO space.exploration.mars.rover.sensor.WeatherSensor  - Thread id = 15 finished checking urls, file not found. Done status = true
2018-01-21 21:28:38,469 [remsCalibrationKickOff] INFO space.exploration.mars.rover.sensor.WeatherSensor  - Thread id = 16 finished checking urls, file not found. Done status = true
2018-01-21 21:28:38,469 [remsCalibrationKickOff] INFO space.exploration.mars.rover.sensor.WeatherSensor  - Thread id = 17 finished checking urls, file not found. Done status = true
2018-01-21 21:28:38,470 [remsCalibrationKickOff] INFO space.exploration.mars.rover.sensor.WeatherSensor  - Thread id = 18 finished checking urls, file not found. Done status = true
2018-01-21 21:28:38,470 [remsCalibrationKickOff] INFO space.exploration.mars.rover.sensor.WeatherSensor  - Thread id = 19 finished checking urls, file not found. Done status = true
2018-01-21 21:28:38,470 [remsCalibrationKickOff] INFO space.exploration.mars.rover.sensor.WeatherSensor  - Thread id = 20 finished checking urls, file not found. Done status = true
2018-01-21 21:28:38,470 [remsCalibrationKickOff] INFO space.exploration.mars.rover.sensor.WeatherSensor  - Thread id = 21 finished checking urls, file not found. Done status = true
2018-01-21 21:28:38,470 [remsCalibrationKickOff] INFO space.exploration.mars.rover.sensor.WeatherSensor  - Thread id = 22 finished checking urls, file not found. Done status = true
2018-01-21 21:28:38,470 [remsCalibrationKickOff] INFO space.exploration.mars.rover.sensor.WeatherSensor  - Thread id = 23 finished checking urls, file not found. Done status = true
2018-01-21 21:28:38,470 [remsCalibrationKickOff] INFO space.exploration.mars.rover.sensor.WeatherSensor  - Thread id = 24 finished checking urls, file not found. Done status = true
2018-01-21 21:28:38,470 [remsCalibrationKickOff] INFO space.exploration.mars.rover.sensor.WeatherSensor  - Thread id = 25 finished checking urls, file not found. Done status = true
2018-01-21 21:28:38,470 [remsCalibrationKickOff] INFO space.exploration.mars.rover.sensor.WeatherSensor  - Thread id = 26 finished checking urls, file not found. Done status = true
2018-01-21 21:28:38,470 [remsCalibrationKickOff] INFO space.exploration.mars.rover.sensor.WeatherSensor  - Thread id = 27 finished checking urls, file not found. Done status = true
2018-01-21 21:28:38,470 [remsCalibrationKickOff] INFO space.exploration.mars.rover.sensor.WeatherSensor  - Thread id = 28 finished checking urls, file not found. Done status = true
2018-01-21 21:28:38,470 [remsCalibrationKickOff] INFO space.exploration.mars.rover.sensor.WeatherSensor  - Thread id = 29 finished checking urls, file not found. Done status = true
2018-01-21 21:28:38,470 [remsCalibrationKickOff] INFO space.exploration.mars.rover.sensor.WeatherSensor  - Thread id = 30 finished checking urls, file not found. Done status = true
2018-01-21 21:28:38,470 [remsCalibrationKickOff] INFO space.exploration.mars.rover.sensor.WeatherSensor  - Thread id = 31 finished checking urls, file not found. Done status = true
2018-01-21 21:28:38,470 [remsCalibrationKickOff] INFO space.exploration.mars.rover.sensor.WeatherSensor  - Thread id = 32 finished checking urls, file not found. Done status = true
2018-01-21 21:28:38,470 [remsCalibrationKickOff] INFO space.exploration.mars.rover.sensor.WeatherSensor  - Thread id = 33 finished checking urls, file not found. Done status = true
2018-01-21 21:28:38,470 [remsCalibrationKickOff] INFO space.exploration.mars.rover.sensor.WeatherSensor  - Thread id = 34 finished checking urls, file not found. Done status = true
2018-01-21 21:28:38,470 [remsCalibrationKickOff] INFO space.exploration.mars.rover.sensor.WeatherSensor  - Thread id = 35 finished checking urls, file not found. Done status = true
2018-01-21 21:28:38,470 [remsCalibrationKickOff] INFO space.exploration.mars.rover.sensor.WeatherSensor  - Thread id = 36 finished checking urls, file not found. Done status = true
2018-01-21 21:28:38,470 [remsCalibrationKickOff] INFO space.exploration.mars.rover.sensor.WeatherSensor  - Thread id = 37 finished checking urls, file not found. Done status = true
2018-01-21 21:28:38,470 [remsCalibrationKickOff] INFO space.exploration.mars.rover.sensor.WeatherSensor  - Thread id = 38 finished checking urls, file not found. Done status = true
2018-01-21 21:28:38,470 [remsCalibrationKickOff] INFO space.exploration.mars.rover.sensor.WeatherSensor  - Thread id = 39 finished checking urls, file not found. Done status = true
2018-01-21 21:28:38,470 [remsCalibrationKickOff] INFO space.exploration.mars.rover.sensor.WeatherSensor  - Thread id = 40 finished checking urls, file not found. Done status = true
2018-01-21 21:28:38,471 [remsCalibrationKickOff] INFO space.exploration.mars.rover.sensor.WeatherSensor  - Thread id = 41 finished checking urls, file not found. Done status = true
2018-01-21 21:28:38,471 [remsCalibrationKickOff] INFO space.exploration.mars.rover.sensor.WeatherSensor  - Thread id = 42 finished checking urls, file not found. Done status = true
2018-01-21 21:28:38,471 [remsCalibrationKickOff] INFO space.exploration.mars.rover.sensor.WeatherSensor  - Thread id = 43 finished checking urls, file not found. Done status = true
2018-01-21 21:28:38,471 [remsCalibrationKickOff] INFO space.exploration.mars.rover.sensor.WeatherSensor  - Thread id = 44 finished checking urls, file not found. Done status = true
2018-01-21 21:28:40,211 [remsCalibrationKickOff] INFO space.exploration.mars.rover.sensor.WeatherSensor  - REMS finished calibration. Time taken = 9419.999998033047 seconds. Calibration successful = true
2018-01-21 21:28:46,053 [batteryMonitor] INFO space.exploration.mars.rover.power.BatteryMonitor  - BatteryMonitor performing due diligence. SCET = 1516591726053 Rover state = Listening State
2018-01-21 21:28:46,053 [batteryMonitor] INFO space.exploration.mars.rover.power.BatteryMonitor  -  Battery primaryUnits = 748 auxiliaryPowerUnits = 100
2018-01-21 21:28:51,971 [radio] INFO space.exploration.mars.rover.communication.Receiver  - Time Elapsed since last message = 83820
2018-01-21 21:28:52,036 [radio] INFO space.exploration.mars.rover.kernel.PositionSensor  - Houston - this is curiosityActual.ephemerisTime: 5.25515888182702E8
stateCuriosity: -4.2315717885E7
stateCuriosity: -1.09631539921E8
stateCuriosity: -5.4344320626E7
stateCuriosity: 9.9
stateCuriosity: -12.771
stateCuriosity: -5.833
owltMSLEarth: 431.872
stateEarth: 4.2308869427E7
stateEarth: 1.0961379617E8
stateEarth: 5.4335524302E7
stateEarth: -9.898
stateEarth: 12.768
stateEarth: 5.832
owltEarthMSL: 431.802
positionEarthWRTCuriosity: 4.2308869427E7
positionEarthWRTCuriosity: 1.0961379617E8
positionEarthWRTCuriosity: 5.4335524302E7
owltEarthMSL2: 431.802
angSepHGAEarth: 134.419
utcTime: "2016-08-26~20:37:00"
sol: 1442
sclkValue: " 1/01442:14:57:20:02219"

2018-01-21 21:28:52,098 [radio] INFO space.exploration.mars.rover.kernel.PositionSensor  - ephemerisTime: 5.25515888182702E8
stateCuriosity: -4.2315717885E7
stateCuriosity: -1.09631539921E8
stateCuriosity: -5.4344320626E7
stateCuriosity: 9.9
stateCuriosity: -12.771
stateCuriosity: -5.833
owltMSLEarth: 431.872
stateEarth: 4.2308869427E7
stateEarth: 1.0961379617E8
stateEarth: 5.4335524302E7
stateEarth: -9.898
stateEarth: 12.768
stateEarth: 5.832
owltEarthMSL: 431.802
positionEarthWRTCuriosity: 4.2308869427E7
positionEarthWRTCuriosity: 1.0961379617E8
positionEarthWRTCuriosity: 5.4335524302E7
owltEarthMSL2: 431.802
angSepHGAEarth: 134.419
utcTime: "2016-08-26~20:37:00"
sol: 1442
sclkValue: " 1/01442:14:57:20:02219"

2018-01-21 21:28:52,098 [radio] INFO space.exploration.mars.rover.communication.Radio  - One Way Light Time computed by SPICE :: 431.872
2018-01-21 21:28:52,105 [radio] INFO space.exploration.mars.rover.kernel.ListeningState  - timeStamp: 1516591731965
targets {
  roverModule: 5
  estimatedPowerUsage: 30
  action: "Explore"
}

2018-01-21 21:28:58,116 [radio] INFO space.exploration.mars.rover.kernel.ListeningState  - 1516591738116,5,Explore Current instructionQueue length = 0
2018-01-21 21:28:58,116 [radio] INFO space.exploration.mars.rover.kernel.ListeningState  - Rover Curiosity is on a scientific mission!
2018-01-21 21:28:59,116 [radio] INFO space.exploration.mars.rover.sensor.Spectrometer  - Spectrometer initialized and ready!
2018-01-21 21:28:59,117 [radio] ERROR space.exploration.mars.rover.communication.Radio  - Houston, we have a problem!
java.lang.NullPointerException
	at space.exploration.mars.rover.sensor.Spectrometer$SoilComp.toString(Spectrometer.java:179)
	at space.exploration.mars.rover.sensor.Spectrometer.processSurroundingArea(Spectrometer.java:116)
	at space.exploration.mars.rover.kernel.ExploringState.exploreArea(ExploringState.java:58)
	at space.exploration.mars.rover.kernel.Rover.exploreArea(Rover.java:374)
	at space.exploration.mars.rover.kernel.ListeningState.receiveMessage(ListeningState.java:107)
	at space.exploration.mars.rover.kernel.Rover.receiveMessage(Rover.java:346)
	at space.exploration.mars.rover.communication.Radio.receiveMessage(Radio.java:68)
	at space.exploration.mars.rover.communication.Receiver.run(Receiver.java:67)
2018-01-21 21:28:59,118 [radio] ERROR space.exploration.mars.rover.communication.Radio  - The following instruction may have been lost.timeStamp: 1516591731965
targets {
  roverModule: 5
  estimatedPowerUsage: 30
  action: "Explore"
}

2018-01-21 21:29:05,546 [pacemaker] INFO space.exploration.mars.rover.kernel.PositionSensor  - Houston - this is curiosityActual.ephemerisTime: 5.25516728182702E8
stateCuriosity: -4.2307395464E7
stateCuriosity: -1.09642267487E8
stateCuriosity: -5.4349223699E7
stateCuriosity: 9.915
stateCuriosity: -12.771
stateCuriosity: -5.84
owltMSLEarth: 431.9
stateEarth: 4.2300548099E7
stateEarth: 1.09624521381E8
stateEarth: 5.4340426266E7
stateEarth: -9.914
stateEarth: 12.768
stateEarth: 5.839
owltEarthMSL: 431.83
positionEarthWRTCuriosity: 4.2300548099E7
positionEarthWRTCuriosity: 1.09624521381E8
positionEarthWRTCuriosity: 5.4340426266E7
owltEarthMSL2: 431.83
angSepHGAEarth: 137.663
utcTime: "2016-08-26~20:51:00"
sol: 1442
sclkValue: " 1/01442:15:10:57:54740"

2018-01-21 21:29:05,584 [pacemaker] INFO space.exploration.mars.rover.kernel.PositionSensor  - ephemerisTime: 5.25516728182702E8
stateCuriosity: -4.2307395464E7
stateCuriosity: -1.09642267487E8
stateCuriosity: -5.4349223699E7
stateCuriosity: 9.915
stateCuriosity: -12.771
stateCuriosity: -5.84
owltMSLEarth: 431.9
stateEarth: 4.2300548099E7
stateEarth: 1.09624521381E8
stateEarth: 5.4340426266E7
stateEarth: -9.914
stateEarth: 12.768
stateEarth: 5.839
owltEarthMSL: 431.83
positionEarthWRTCuriosity: 4.2300548099E7
positionEarthWRTCuriosity: 1.09624521381E8
positionEarthWRTCuriosity: 5.4340426266E7
owltEarthMSL2: 431.83
angSepHGAEarth: 137.663
utcTime: "2016-08-26~20:51:00"
sol: 1442
sclkValue: " 1/01442:15:10:57:54740"

2018-01-21 21:29:05,584 [pacemaker] INFO space.exploration.mars.rover.kernel.SpacecraftClock  - Internal time::2016-08-26T20:52:00.000-05:00 sclk of::1/01442:15:11:55:94206
2018-01-21 21:29:11,647 [pacemaker] INFO space.exploration.mars.rover.kernel.PositionSensor  - Houston - this is curiosityActual.ephemerisTime: 5.25517088182702E8
stateCuriosity: -4.2303824668E7
stateCuriosity: -1.09646864991E8
stateCuriosity: -5.4351326776E7
stateCuriosity: 9.922
stateCuriosity: -12.771
stateCuriosity: -5.843
owltMSLEarth: 431.912
stateEarth: 4.2296977735E7
stateEarth: 1.09629117783E8
stateEarth: 5.4342528822E7
stateEarth: -9.921
stateEarth: 12.768
stateEarth: 5.842
owltEarthMSL: 431.842
positionEarthWRTCuriosity: 4.2296977735E7
positionEarthWRTCuriosity: 1.09629117783E8
positionEarthWRTCuriosity: 5.4342528822E7
owltEarthMSL2: 431.842
angSepHGAEarth: 139.046
utcTime: "2016-08-26~20:57:00"
sol: 1442
sclkValue: " 1/01442:15:16:47:91535"

2018-01-21 21:29:11,685 [pacemaker] INFO space.exploration.mars.rover.kernel.PositionSensor  - ephemerisTime: 5.25517088182702E8
stateCuriosity: -4.2303824668E7
stateCuriosity: -1.09646864991E8
stateCuriosity: -5.4351326776E7
stateCuriosity: 9.922
stateCuriosity: -12.771
stateCuriosity: -5.843
owltMSLEarth: 431.912
stateEarth: 4.2296977735E7
stateEarth: 1.09629117783E8
stateEarth: 5.4342528822E7
stateEarth: -9.921
stateEarth: 12.768
stateEarth: 5.842
owltEarthMSL: 431.842
positionEarthWRTCuriosity: 4.2296977735E7
positionEarthWRTCuriosity: 1.09629117783E8
positionEarthWRTCuriosity: 5.4342528822E7
owltEarthMSL2: 431.842
angSepHGAEarth: 139.046
utcTime: "2016-08-26~20:57:00"
sol: 1442
sclkValue: " 1/01442:15:16:47:91535"

2018-01-21 21:29:11,685 [pacemaker] INFO space.exploration.mars.rover.communication.Radio  - One Way Light Time computed by SPICE :: 431.912
2018-01-21 21:29:11,692 [pacemaker] INFO space.exploration.mars.rover.communication.Transmitter  - Sending information packet to curiosity_to_earth_5
2018-01-21 21:29:16,053 [batteryMonitor] INFO space.exploration.mars.rover.power.BatteryMonitor  - BatteryMonitor performing due diligence. SCET = 1516591756053 Rover state = Listening State
2018-01-21 21:29:16,053 [batteryMonitor] INFO space.exploration.mars.rover.power.BatteryMonitor  -  Battery primaryUnits = 717 auxiliaryPowerUnits = 100
2018-01-21 21:29:46,053 [batteryMonitor] INFO space.exploration.mars.rover.power.BatteryMonitor  - BatteryMonitor performing due diligence. SCET = 1516591786053 Rover state = Listening State
2018-01-21 21:29:46,053 [batteryMonitor] INFO space.exploration.mars.rover.power.BatteryMonitor  -  Battery primaryUnits = 717 auxiliaryPowerUnits = 100
2018-01-21 21:29:58,773 [radio] INFO space.exploration.mars.rover.communication.Receiver  - Time Elapsed since last message = 66802
2018-01-21 21:29:58,846 [radio] INFO space.exploration.mars.rover.kernel.PositionSensor  - Houston - this is curiosityActual.ephemerisTime: 5.25519908182702E8
stateCuriosity: -4.2275768457E7
stateCuriosity: -1.09682871685E8
stateCuriosity: -5.4367834618E7
stateCuriosity: 9.976
stateCuriosity: -12.764
stateCuriosity: -5.864
owltMSLEarth: 432.007
stateEarth: 4.2268924157E7
stateEarth: 1.0966511394E8
stateEarth: 5.4359031653E7
stateEarth: -9.975
stateEarth: 12.76
stateEarth: 5.862
owltEarthMSL: 431.937
positionEarthWRTCuriosity: 4.2268924157E7
positionEarthWRTCuriosity: 1.0966511394E8
positionEarthWRTCuriosity: 5.4359031653E7
owltEarthMSL2: 431.937
angSepHGAEarth: 149.64
utcTime: "2016-08-26~21:44:00"
sol: 1442
sclkValue: " 1/01442:16:02:32:46427"

2018-01-21 21:29:58,892 [radio] INFO space.exploration.mars.rover.kernel.PositionSensor  - ephemerisTime: 5.25519908182702E8
stateCuriosity: -4.2275768457E7
stateCuriosity: -1.09682871685E8
stateCuriosity: -5.4367834618E7
stateCuriosity: 9.976
stateCuriosity: -12.764
stateCuriosity: -5.864
owltMSLEarth: 432.007
stateEarth: 4.2268924157E7
stateEarth: 1.0966511394E8
stateEarth: 5.4359031653E7
stateEarth: -9.975
stateEarth: 12.76
stateEarth: 5.862
owltEarthMSL: 431.937
positionEarthWRTCuriosity: 4.2268924157E7
positionEarthWRTCuriosity: 1.0966511394E8
positionEarthWRTCuriosity: 5.4359031653E7
owltEarthMSL2: 431.937
angSepHGAEarth: 149.64
utcTime: "2016-08-26~21:44:00"
sol: 1442
sclkValue: " 1/01442:16:02:32:46427"

2018-01-21 21:29:58,892 [radio] INFO space.exploration.mars.rover.communication.Radio  - One Way Light Time computed by SPICE :: 432.007
2018-01-21 21:29:58,900 [radio] INFO space.exploration.mars.rover.kernel.ListeningState  - timeStamp: 1516591798759
targets {
  roverModule: 5
  estimatedPowerUsage: 30
  action: "Explore"
}

2018-01-21 21:30:04,909 [radio] INFO space.exploration.mars.rover.kernel.ListeningState  - 1516591804909,5,Explore Current instructionQueue length = 0
2018-01-21 21:30:04,909 [radio] INFO space.exploration.mars.rover.kernel.ListeningState  - Rover Curiosity is on a scientific mission!
2018-01-21 21:30:05,910 [radio] INFO space.exploration.mars.rover.sensor.Spectrometer  - Spectrometer initialized and ready!
2018-01-21 21:30:05,910 [radio] ERROR space.exploration.mars.rover.communication.Radio  - Houston, we have a problem!
java.lang.NullPointerException
	at space.exploration.mars.rover.sensor.Spectrometer$SoilComp.toString(Spectrometer.java:179)
	at space.exploration.mars.rover.sensor.Spectrometer.processSurroundingArea(Spectrometer.java:116)
	at space.exploration.mars.rover.kernel.ExploringState.exploreArea(ExploringState.java:58)
	at space.exploration.mars.rover.kernel.Rover.exploreArea(Rover.java:374)
	at space.exploration.mars.rover.kernel.ListeningState.receiveMessage(ListeningState.java:107)
	at space.exploration.mars.rover.kernel.Rover.receiveMessage(Rover.java:346)
	at space.exploration.mars.rover.communication.Radio.receiveMessage(Radio.java:68)
	at space.exploration.mars.rover.communication.Receiver.run(Receiver.java:67)
2018-01-21 21:30:05,912 [radio] ERROR space.exploration.mars.rover.communication.Radio  - The following instruction may have been lost.timeStamp: 1516591798759
targets {
  roverModule: 5
  estimatedPowerUsage: 30
  action: "Explore"
}

