2017-12-11 18:51:56,393 [main] INFO space.exploration.mars.rover.kernel.SpacecraftClock  - Curiosity internal spacecraft clock started at :: 2016-01-01T00:00:00.000-06:00
2017-12-11 18:51:56,395 [main] INFO space.exploration.mars.rover.kernel.SpacecraftClock  - Mission duration is set to :: 1 year(s).
2017-12-11 18:51:56,395 [main] INFO space.exploration.mars.rover.kernel.SpacecraftClock  - Mission duration = 31536000000
2017-12-11 18:52:09,411 [main] INFO org.apache.kafka.clients.producer.ProducerConfig  - ProducerConfig values: 
	metric.reporters = []
	metadata.max.age.ms = 300000
	reconnect.backoff.ms = 50
	sasl.kerberos.ticket.renew.window.factor = 0.8
	bootstrap.servers = [localhost:9092]
	ssl.keystore.type = JKS
	sasl.mechanism = GSSAPI
	max.block.ms = 60000
	interceptor.classes = null
	ssl.truststore.password = null
	client.id = 
	ssl.endpoint.identification.algorithm = null
	request.timeout.ms = 30000
	acks = 1
	receive.buffer.bytes = 32768
	ssl.truststore.type = JKS
	retries = 0
	ssl.truststore.location = null
	ssl.keystore.password = null
	send.buffer.bytes = 131072
	compression.type = none
	metadata.fetch.timeout.ms = 60000
	retry.backoff.ms = 100
	sasl.kerberos.kinit.cmd = /usr/bin/kinit
	buffer.memory = 33554432
	timeout.ms = 30000
	key.serializer = class org.apache.kafka.common.serialization.StringSerializer
	sasl.kerberos.service.name = null
	sasl.kerberos.ticket.renew.jitter = 0.05
	ssl.trustmanager.algorithm = PKIX
	block.on.buffer.full = false
	ssl.key.password = null
	sasl.kerberos.min.time.before.relogin = 60000
	connections.max.idle.ms = 540000
	max.in.flight.requests.per.connection = 5
	metrics.num.samples = 2
	ssl.protocol = TLS
	ssl.provider = null
	ssl.enabled.protocols = [TLSv1.2, TLSv1.1, TLSv1]
	batch.size = 16384
	ssl.keystore.location = null
	ssl.cipher.suites = null
	security.protocol = PLAINTEXT
	max.request.size = 1048576
	value.serializer = class org.apache.kafka.common.serialization.ByteArraySerializer
	ssl.keymanager.algorithm = SunX509
	metrics.sample.window.ms = 30000
	partitioner.class = class org.apache.kafka.clients.producer.internals.DefaultPartitioner
	linger.ms = 0

2017-12-11 18:52:09,502 [main] INFO org.apache.kafka.clients.producer.ProducerConfig  - ProducerConfig values: 
	metric.reporters = []
	metadata.max.age.ms = 300000
	reconnect.backoff.ms = 50
	sasl.kerberos.ticket.renew.window.factor = 0.8
	bootstrap.servers = [localhost:9092]
	ssl.keystore.type = JKS
	sasl.mechanism = GSSAPI
	max.block.ms = 60000
	interceptor.classes = null
	ssl.truststore.password = null
	client.id = producer-1
	ssl.endpoint.identification.algorithm = null
	request.timeout.ms = 30000
	acks = 1
	receive.buffer.bytes = 32768
	ssl.truststore.type = JKS
	retries = 0
	ssl.truststore.location = null
	ssl.keystore.password = null
	send.buffer.bytes = 131072
	compression.type = none
	metadata.fetch.timeout.ms = 60000
	retry.backoff.ms = 100
	sasl.kerberos.kinit.cmd = /usr/bin/kinit
	buffer.memory = 33554432
	timeout.ms = 30000
	key.serializer = class org.apache.kafka.common.serialization.StringSerializer
	sasl.kerberos.service.name = null
	sasl.kerberos.ticket.renew.jitter = 0.05
	ssl.trustmanager.algorithm = PKIX
	block.on.buffer.full = false
	ssl.key.password = null
	sasl.kerberos.min.time.before.relogin = 60000
	connections.max.idle.ms = 540000
	max.in.flight.requests.per.connection = 5
	metrics.num.samples = 2
	ssl.protocol = TLS
	ssl.provider = null
	ssl.enabled.protocols = [TLSv1.2, TLSv1.1, TLSv1]
	batch.size = 16384
	ssl.keystore.location = null
	ssl.cipher.suites = null
	security.protocol = PLAINTEXT
	max.request.size = 1048576
	value.serializer = class org.apache.kafka.common.serialization.ByteArraySerializer
	ssl.keymanager.algorithm = SunX509
	metrics.sample.window.ms = 30000
	partitioner.class = class org.apache.kafka.clients.producer.internals.DefaultPartitioner
	linger.ms = 0

2017-12-11 18:52:09,503 [main] WARN org.apache.kafka.clients.producer.ProducerConfig  - The configuration zookeeper.connect = localhost:2181 was supplied but isn't a known config.
2017-12-11 18:52:09,503 [main] WARN org.apache.kafka.clients.producer.ProducerConfig  - The configuration group.id = space.exploration.mars.zionMainframe was supplied but isn't a known config.
2017-12-11 18:52:09,503 [main] WARN org.apache.kafka.clients.producer.ProducerConfig  - The configuration source.topic = earth_to_curiosity_5 was supplied but isn't a known config.
2017-12-11 18:52:09,503 [main] WARN org.apache.kafka.clients.producer.ProducerConfig  - The configuration auto.offset.reset = largest was supplied but isn't a known config.
2017-12-11 18:52:09,503 [main] WARN org.apache.kafka.clients.producer.ProducerConfig  - The configuration metadata.broker.list = localhost:9092 was supplied but isn't a known config.
2017-12-11 18:52:09,503 [main] WARN org.apache.kafka.clients.producer.ProducerConfig  - The configuration destination.topic = curiosity_to_earth_5 was supplied but isn't a known config.
2017-12-11 18:52:09,504 [main] INFO org.apache.kafka.common.utils.AppInfoParser  - Kafka version : 0.10.0.1
2017-12-11 18:52:09,504 [main] INFO org.apache.kafka.common.utils.AppInfoParser  - Kafka commitId : a7a17cdec9eaa6c5
2017-12-11 18:52:09,637 [main] INFO kafka.utils.VerifiableProperties  - Verifying properties
2017-12-11 18:52:09,666 [main] INFO kafka.utils.VerifiableProperties  - Property auto.offset.reset is overridden to largest
2017-12-11 18:52:09,666 [main] WARN kafka.utils.VerifiableProperties  - Property bootstrap.servers is not valid
2017-12-11 18:52:09,667 [main] WARN kafka.utils.VerifiableProperties  - Property destination.topic is not valid
2017-12-11 18:52:09,667 [main] INFO kafka.utils.VerifiableProperties  - Property group.id is overridden to space.exploration.mars.zionMainframe
2017-12-11 18:52:09,667 [main] WARN kafka.utils.VerifiableProperties  - Property key.serializer is not valid
2017-12-11 18:52:09,667 [main] WARN kafka.utils.VerifiableProperties  - Property metadata.broker.list is not valid
2017-12-11 18:52:09,667 [main] WARN kafka.utils.VerifiableProperties  - Property source.topic is not valid
2017-12-11 18:52:09,667 [main] WARN kafka.utils.VerifiableProperties  - Property value.serializer is not valid
2017-12-11 18:52:09,667 [main] INFO kafka.utils.VerifiableProperties  - Property zookeeper.connect is overridden to localhost:2181
2017-12-11 18:52:09,748 [main] INFO kafka.consumer.ZookeeperConsumerConnector  - [space.exploration.mars.zionMainframe_zion-mainframe-1513039929747-152e1164], Connecting to zookeeper instance at localhost:2181
2017-12-11 18:52:09,755 [ZkClient-EventThread-31-localhost:2181] INFO org.I0Itec.zkclient.ZkEventThread  - Starting ZkClient event thread.
2017-12-11 18:52:09,759 [main] INFO org.apache.zookeeper.ZooKeeper  - Client environment:zookeeper.version=3.4.6-1569965, built on 02/20/2014 09:09 GMT
2017-12-11 18:52:09,759 [main] INFO org.apache.zookeeper.ZooKeeper  - Client environment:host.name=zion-mainframe
2017-12-11 18:52:09,759 [main] INFO org.apache.zookeeper.ZooKeeper  - Client environment:java.version=1.8.0_151
2017-12-11 18:52:09,759 [main] INFO org.apache.zookeeper.ZooKeeper  - Client environment:java.vendor=Oracle Corporation
2017-12-11 18:52:09,759 [main] INFO org.apache.zookeeper.ZooKeeper  - Client environment:java.home=/usr/lib/jvm/java-8-openjdk-amd64/jre
2017-12-11 18:52:09,759 [main] INFO org.apache.zookeeper.ZooKeeper  - Client environment:java.class.path=/usr/lib/jvm/java-1.8.0-openjdk-amd64/jre/lib/charsets.jar:/usr/lib/jvm/java-1.8.0-openjdk-amd64/jre/lib/ext/cldrdata.jar:/usr/lib/jvm/java-1.8.0-openjdk-amd64/jre/lib/ext/dnsns.jar:/usr/lib/jvm/java-1.8.0-openjdk-amd64/jre/lib/ext/icedtea-sound.jar:/usr/lib/jvm/java-1.8.0-openjdk-amd64/jre/lib/ext/jaccess.jar:/usr/lib/jvm/java-1.8.0-openjdk-amd64/jre/lib/ext/localedata.jar:/usr/lib/jvm/java-1.8.0-openjdk-amd64/jre/lib/ext/nashorn.jar:/usr/lib/jvm/java-1.8.0-openjdk-amd64/jre/lib/ext/sunec.jar:/usr/lib/jvm/java-1.8.0-openjdk-amd64/jre/lib/ext/sunjce_provider.jar:/usr/lib/jvm/java-1.8.0-openjdk-amd64/jre/lib/ext/sunpkcs11.jar:/usr/lib/jvm/java-1.8.0-openjdk-amd64/jre/lib/ext/zipfs.jar:/usr/lib/jvm/java-1.8.0-openjdk-amd64/jre/lib/jce.jar:/usr/lib/jvm/java-1.8.0-openjdk-amd64/jre/lib/jsse.jar:/usr/lib/jvm/java-1.8.0-openjdk-amd64/jre/lib/management-agent.jar:/usr/lib/jvm/java-1.8.0-openjdk-amd64/jre/lib/resources.jar:/usr/lib/jvm/java-1.8.0-openjdk-amd64/jre/lib/rt.jar:/home/sanket/Documents/workspace/MarsRover/mars.rover/target/classes:/home/sanket/.m2/repository/org/apache/kafka/kafka_2.10/0.10.0.1/kafka_2.10-0.10.0.1.jar:/home/sanket/.m2/repository/com/101tec/zkclient/0.8/zkclient-0.8.jar:/home/sanket/.m2/repository/org/scala-lang/scala-library/2.10.6/scala-library-2.10.6.jar:/home/sanket/.m2/repository/org/slf4j/slf4j-log4j12/1.7.21/slf4j-log4j12-1.7.21.jar:/home/sanket/.m2/repository/com/yammer/metrics/metrics-core/2.2.0/metrics-core-2.2.0.jar:/home/sanket/.m2/repository/org/apache/kafka/kafka-clients/0.10.0.1/kafka-clients-0.10.0.1.jar:/home/sanket/.m2/repository/net/jpountz/lz4/lz4/1.3.0/lz4-1.3.0.jar:/home/sanket/.m2/repository/org/xerial/snappy/snappy-java/1.1.2.6/snappy-java-1.1.2.6.jar:/home/sanket/.m2/repository/net/sf/jopt-simple/jopt-simple/4.9/jopt-simple-4.9.jar:/home/sanket/.m2/repository/org/apache/zookeeper/zookeeper/3.4.6/zookeeper-3.4.6.jar:/home/sanket/.m2/repository/jline/jline/0.9.94/jline-0.9.94.jar:/home/sanket/.m2/repository/io/netty/netty/3.7.0.Final/netty-3.7.0.Final.jar:/home/sanket/.m2/repository/org/tensorflow/tensorflow/1.1.0/tensorflow-1.1.0.jar:/home/sanket/.m2/repository/org/tensorflow/libtensorflow/1.1.0/libtensorflow-1.1.0.jar:/home/sanket/.m2/repository/org/tensorflow/libtensorflow_jni/1.1.0/libtensorflow_jni-1.1.0.jar:/home/sanket/.m2/repository/mysql/mysql-connector-java/5.1.6/mysql-connector-java-5.1.6.jar:/home/sanket/.m2/repository/com/google/code/gson/gson/2.8.2/gson-2.8.2.jar:/home/sanket/.m2/repository/joda-time/joda-time/2.8.1/joda-time-2.8.1.jar:/home/sanket/.m2/repository/org/jsoup/jsoup/1.8.3/jsoup-1.8.3.jar:/home/sanket/.m2/repository/space/exploration/communications.protocol/1.1.4/communications.protocol-1.1.4.jar:/home/sanket/.m2/repository/com/google/protobuf/protobuf-java/3.4.0/protobuf-java-3.4.0.jar:/home/sanket/.m2/repository/space/exploration/spice.utilities/1.2.2/spice.utilities-1.2.2.jar:/home/sanket/.m2/repository/commons-io/commons-io/1.3.2/commons-io-1.3.2.jar:/home/sanket/.m2/repository/org/slf4j/slf4j-api/1.7.25/slf4j-api-1.7.25.jar:/home/sanket/.m2/repository/log4j/log4j/1.2.17/log4j-1.2.17.jar:/home/sanket/Documents/Tools/idea/idea-IU-173.3727.127/lib/idea_rt.jar:/home/sanket/Documents/Tools/idea/idea-IU-173.3727.127/lib/rt/debugger-agent.jar
2017-12-11 18:52:09,759 [main] INFO org.apache.zookeeper.ZooKeeper  - Client environment:java.library.path=$LD_LIBRARY_PATH:"/home/sanket/Documents/workspace/SpiceUtilities/src/main/resources/JNISpice/lib/libJNISpice.so":/usr/java/packages/lib/amd64:/usr/lib/x86_64-linux-gnu/jni:/lib/x86_64-linux-gnu:/usr/lib/x86_64-linux-gnu:/usr/lib/jni:/lib:/usr/lib
2017-12-11 18:52:09,759 [main] INFO org.apache.zookeeper.ZooKeeper  - Client environment:java.io.tmpdir=/tmp
2017-12-11 18:52:09,759 [main] INFO org.apache.zookeeper.ZooKeeper  - Client environment:java.compiler=<NA>
2017-12-11 18:52:09,759 [main] INFO org.apache.zookeeper.ZooKeeper  - Client environment:os.name=Linux
2017-12-11 18:52:09,759 [main] INFO org.apache.zookeeper.ZooKeeper  - Client environment:os.arch=amd64
2017-12-11 18:52:09,759 [main] INFO org.apache.zookeeper.ZooKeeper  - Client environment:os.version=4.10.0-42-generic
2017-12-11 18:52:09,759 [main] INFO org.apache.zookeeper.ZooKeeper  - Client environment:user.name=sanket
2017-12-11 18:52:09,759 [main] INFO org.apache.zookeeper.ZooKeeper  - Client environment:user.home=/home/sanket
2017-12-11 18:52:09,759 [main] INFO org.apache.zookeeper.ZooKeeper  - Client environment:user.dir=/home/sanket/Documents/workspace/MarsRover/mars.rover
2017-12-11 18:52:09,760 [main] INFO org.apache.zookeeper.ZooKeeper  - Initiating client connection, connectString=localhost:2181 sessionTimeout=6000 watcher=org.I0Itec.zkclient.ZkClient@54227100
2017-12-11 18:52:09,768 [main] INFO org.I0Itec.zkclient.ZkClient  - Waiting for keeper state SyncConnected
2017-12-11 18:52:09,770 [main-SendThread(localhost:2181)] INFO org.apache.zookeeper.ClientCnxn  - Opening socket connection to server localhost/127.0.0.1:2181. Will not attempt to authenticate using SASL (unknown error)
2017-12-11 18:52:09,774 [main-SendThread(localhost:2181)] INFO org.apache.zookeeper.ClientCnxn  - Socket connection established to localhost/127.0.0.1:2181, initiating session
2017-12-11 18:52:09,779 [main-SendThread(localhost:2181)] INFO org.apache.zookeeper.ClientCnxn  - Session establishment complete on server localhost/127.0.0.1:2181, sessionid = 0x160431894db0010, negotiated timeout = 6000
2017-12-11 18:52:09,780 [main-EventThread] INFO org.I0Itec.zkclient.ZkClient  - zookeeper state changed (SyncConnected)
2017-12-11 18:52:09,788 [main] INFO kafka.consumer.ZookeeperConsumerConnector  - [space.exploration.mars.zionMainframe_zion-mainframe-1513039929747-152e1164], starting auto committer every 60000 ms
2017-12-11 18:52:09,813 [Thread-2] INFO kafka.consumer.ZookeeperConsumerConnector  - [space.exploration.mars.zionMainframe_zion-mainframe-1513039929747-152e1164], begin registering consumer space.exploration.mars.zionMainframe_zion-mainframe-1513039929747-152e1164 in ZK
2017-12-11 18:52:09,840 [Thread-2] INFO kafka.utils.ZKCheckedEphemeral  - Creating /consumers/space.exploration.mars.zionMainframe/ids/space.exploration.mars.zionMainframe_zion-mainframe-1513039929747-152e1164 (is it secure? false)
2017-12-11 18:52:09,851 [Thread-2] INFO kafka.utils.ZKCheckedEphemeral  - Result of znode creation is: OK
2017-12-11 18:52:09,851 [Thread-2] INFO kafka.consumer.ZookeeperConsumerConnector  - [space.exploration.mars.zionMainframe_zion-mainframe-1513039929747-152e1164], end registering consumer space.exploration.mars.zionMainframe_zion-mainframe-1513039929747-152e1164 in ZK
2017-12-11 18:52:09,855 [space.exploration.mars.zionMainframe_zion-mainframe-1513039929747-152e1164_watcher_executor] INFO kafka.consumer.ZookeeperConsumerConnector  - [space.exploration.mars.zionMainframe_zion-mainframe-1513039929747-152e1164], starting watcher executor thread for consumer space.exploration.mars.zionMainframe_zion-mainframe-1513039929747-152e1164
2017-12-11 18:52:09,871 [Thread-2] INFO kafka.consumer.ZookeeperConsumerConnector  - [space.exploration.mars.zionMainframe_zion-mainframe-1513039929747-152e1164], begin rebalancing consumer space.exploration.mars.zionMainframe_zion-mainframe-1513039929747-152e1164 try #0
2017-12-11 18:52:09,982 [Thread-2] INFO kafka.consumer.ConsumerFetcherManager  - [ConsumerFetcherManager-1513039929786] Stopping leader finder thread
2017-12-11 18:52:09,982 [Thread-2] INFO kafka.consumer.ConsumerFetcherManager  - [ConsumerFetcherManager-1513039929786] Stopping all fetchers
2017-12-11 18:52:09,984 [Thread-2] INFO kafka.consumer.ConsumerFetcherManager  - [ConsumerFetcherManager-1513039929786] All connections stopped
2017-12-11 18:52:09,984 [Thread-2] INFO kafka.consumer.ZookeeperConsumerConnector  - [space.exploration.mars.zionMainframe_zion-mainframe-1513039929747-152e1164], Cleared all relevant queues for this fetcher
2017-12-11 18:52:09,986 [Thread-2] INFO kafka.consumer.ZookeeperConsumerConnector  - [space.exploration.mars.zionMainframe_zion-mainframe-1513039929747-152e1164], Cleared the data chunks in all the consumer message iterators
2017-12-11 18:52:09,986 [Thread-2] INFO kafka.consumer.ZookeeperConsumerConnector  - [space.exploration.mars.zionMainframe_zion-mainframe-1513039929747-152e1164], Committing all offsets after clearing the fetcher queues
2017-12-11 18:52:09,989 [Thread-2] INFO kafka.consumer.ZookeeperConsumerConnector  - [space.exploration.mars.zionMainframe_zion-mainframe-1513039929747-152e1164], Releasing partition ownership
2017-12-11 18:52:10,024 [Thread-2] INFO kafka.consumer.RangeAssignor  - Consumer space.exploration.mars.zionMainframe_zion-mainframe-1513039929747-152e1164 rebalancing the following partitions: ArrayBuffer(0) for topic earth_to_curiosity_5 with consumers: List(space.exploration.mars.zionMainframe_zion-mainframe-1513039929747-152e1164-0)
2017-12-11 18:52:10,026 [Thread-2] INFO kafka.consumer.RangeAssignor  - space.exploration.mars.zionMainframe_zion-mainframe-1513039929747-152e1164-0 attempting to claim partition 0
2017-12-11 18:52:10,044 [Thread-2] INFO kafka.consumer.ZookeeperConsumerConnector  - [space.exploration.mars.zionMainframe_zion-mainframe-1513039929747-152e1164], space.exploration.mars.zionMainframe_zion-mainframe-1513039929747-152e1164-0 successfully owned partition 0 for topic earth_to_curiosity_5
2017-12-11 18:52:10,063 [Thread-2] INFO kafka.consumer.ZookeeperConsumerConnector  - [space.exploration.mars.zionMainframe_zion-mainframe-1513039929747-152e1164], Consumer space.exploration.mars.zionMainframe_zion-mainframe-1513039929747-152e1164 selected partitions : earth_to_curiosity_5:0: fetched offset = 287: consumed offset = 287
2017-12-11 18:52:10,070 [space.exploration.mars.zionMainframe_zion-mainframe-1513039929747-152e1164-leader-finder-thread] INFO kafka.consumer.ConsumerFetcherManager$LeaderFinderThread  - [space.exploration.mars.zionMainframe_zion-mainframe-1513039929747-152e1164-leader-finder-thread], Starting 
2017-12-11 18:52:10,071 [Thread-2] INFO kafka.consumer.ZookeeperConsumerConnector  - [space.exploration.mars.zionMainframe_zion-mainframe-1513039929747-152e1164], end rebalancing consumer space.exploration.mars.zionMainframe_zion-mainframe-1513039929747-152e1164 try #0
2017-12-11 18:52:10,093 [space.exploration.mars.zionMainframe_zion-mainframe-1513039929747-152e1164-leader-finder-thread] INFO kafka.utils.VerifiableProperties  - Verifying properties
2017-12-11 18:52:10,093 [space.exploration.mars.zionMainframe_zion-mainframe-1513039929747-152e1164-leader-finder-thread] INFO kafka.utils.VerifiableProperties  - Property client.id is overridden to space.exploration.mars.zionMainframe
2017-12-11 18:52:10,093 [space.exploration.mars.zionMainframe_zion-mainframe-1513039929747-152e1164-leader-finder-thread] INFO kafka.utils.VerifiableProperties  - Property metadata.broker.list is overridden to zion-mainframe:9092
2017-12-11 18:52:10,093 [space.exploration.mars.zionMainframe_zion-mainframe-1513039929747-152e1164-leader-finder-thread] INFO kafka.utils.VerifiableProperties  - Property request.timeout.ms is overridden to 30000
2017-12-11 18:52:10,107 [space.exploration.mars.zionMainframe_zion-mainframe-1513039929747-152e1164-leader-finder-thread] INFO kafka.client.ClientUtils$  - Fetching metadata from broker BrokerEndPoint(0,zion-mainframe,9092) with correlation id 0 for 1 topic(s) Set(earth_to_curiosity_5)
2017-12-11 18:52:10,112 [space.exploration.mars.zionMainframe_zion-mainframe-1513039929747-152e1164-leader-finder-thread] INFO kafka.producer.SyncProducer  - Connected to zion-mainframe:9092 for producing
2017-12-11 18:52:10,126 [space.exploration.mars.zionMainframe_zion-mainframe-1513039929747-152e1164-leader-finder-thread] INFO kafka.producer.SyncProducer  - Disconnecting from zion-mainframe:9092
2017-12-11 18:52:10,143 [ConsumerFetcherThread-space.exploration.mars.zionMainframe_zion-mainframe-1513039929747-152e1164-0-0] INFO kafka.consumer.ConsumerFetcherThread  - [ConsumerFetcherThread-space.exploration.mars.zionMainframe_zion-mainframe-1513039929747-152e1164-0-0], Starting 
2017-12-11 18:52:10,146 [space.exploration.mars.zionMainframe_zion-mainframe-1513039929747-152e1164-leader-finder-thread] INFO kafka.consumer.ConsumerFetcherManager  - [ConsumerFetcherManager-1513039929786] Added fetcher for partitions ArrayBuffer([[earth_to_curiosity_5,0], initOffset 287 to broker BrokerEndPoint(0,zion-mainframe,9092)] )
2017-12-11 18:52:17,995 [main] INFO space.exploration.mars.rover.communication.Transmitter  - Sending information packet to curiosity_to_earth_5
2017-12-11 18:52:20,997 [pool-5-thread-1] INFO space.exploration.mars.rover.animation.SleepingAnimationEngine  - Rover is sleeping now
2017-12-11 18:52:39,389 [pool-7-thread-1] INFO space.exploration.mars.rover.power.BatteryMonitor  - BatteryMonitor performing due diligence. SCET = 1513039959389 Rover state = Sleeping State
2017-12-11 18:52:58,675 [pool-4-thread-1] INFO space.exploration.mars.rover.diagnostics.Pacemaker  - Diagnostics inhibited because rover is sleeping to conserve battery Current instructionQueue length = 0
2017-12-11 18:52:59,678 [pool-5-thread-1] INFO space.exploration.mars.rover.diagnostics.SleepMonitor  - Awakening rover from slumber
2017-12-11 18:52:59,678 [pool-5-thread-1] INFO space.exploration.mars.rover.animation.SleepingAnimationEngine  - Waking up rover
2017-12-11 18:53:09,389 [pool-7-thread-1] INFO space.exploration.mars.rover.power.BatteryMonitor  - BatteryMonitor performing due diligence. SCET = 1513039989389 Rover state = Listening State
2017-12-11 18:53:39,389 [pool-7-thread-1] INFO space.exploration.mars.rover.power.BatteryMonitor  - BatteryMonitor performing due diligence. SCET = 1513040019389 Rover state = Listening State
2017-12-11 18:53:58,753 [pool-4-thread-1] INFO space.exploration.mars.rover.sensor.PositionSensor  - ephemerisTime: 5.04885788183911E8
stateCuriosity: -2.21444782138E8
stateCuriosity: -1.12386324828E8
stateCuriosity: -4.1546358053E7
stateCuriosity: 28.477
stateCuriosity: -15.275
stateCuriosity: -7.2
owltMSLEarth: 839.857
stateEarth: 2.21474592641E8
stateEarth: 1.12401456112E8
stateEarth: 4.1551951763E7
stateEarth: -28.487
stateEarth: 15.274
stateEarth: 7.2
owltEarthMSL: 839.97
positionEarthWRTCuriosity: 2.21474592641E8
positionEarthWRTCuriosity: 1.12401456112E8
positionEarthWRTCuriosity: 4.1551951763E7
owltEarthMSL2: 839.97
angSepHGAEarth: 122.87
utcTime: "2016-01-01~02:02:00"
sol: 1210
sclkValue: " 1/01210:05:41:52:83737"

2017-12-11 18:53:58,761 [pool-4-thread-1] INFO space.exploration.mars.rover.kernel.SpacecraftClock  - Internal time::2016-01-01T02:03:00.000-06:00 sclk of::1/01210:05:42:51:23203
2017-12-11 18:54:04,891 [pool-4-thread-1] INFO space.exploration.mars.rover.sensor.PositionSensor  - ephemerisTime: 5.04886148183911E8
stateCuriosity: -2.21434530294E8
stateCuriosity: -1.12391822618E8
stateCuriosity: -4.1548949661E7
stateCuriosity: 28.478
stateCuriosity: -15.268
stateCuriosity: -7.197
owltMSLEarth: 839.837
stateEarth: 2.21464337054E8
stateEarth: 1.12406953499E8
stateEarth: 4.1554543371E7
stateEarth: -28.488
stateEarth: 15.267
stateEarth: 7.197
owltEarthMSL: 839.95
positionEarthWRTCuriosity: 2.21464337054E8
positionEarthWRTCuriosity: 1.12406953499E8
positionEarthWRTCuriosity: 4.1554543371E7
owltEarthMSL2: 839.95
angSepHGAEarth: 121.887
utcTime: "2016-01-01~02:08:00"
sol: 1210
sclkValue: " 1/01210:05:47:43:20532"

2017-12-11 18:54:04,891 [pool-4-thread-1] INFO space.exploration.mars.rover.communication.Radio  - One Way Light Time computed by SPICE :: 839.837
2017-12-11 18:54:04,905 [pool-4-thread-1] INFO space.exploration.mars.rover.communication.Transmitter  - Sending information packet to curiosity_to_earth_5
2017-12-11 18:54:09,389 [pool-7-thread-1] INFO space.exploration.mars.rover.power.BatteryMonitor  - BatteryMonitor performing due diligence. SCET = 1513040049389 Rover state = Listening State
2017-12-11 18:54:39,389 [pool-7-thread-1] INFO space.exploration.mars.rover.power.BatteryMonitor  - BatteryMonitor performing due diligence. SCET = 1513040079389 Rover state = Listening State
2017-12-11 18:54:58,748 [pool-4-thread-1] INFO space.exploration.mars.rover.sensor.PositionSensor  - ephemerisTime: 5.04889388183912E8
stateCuriosity: -2.21342248551E8
stateCuriosity: -1.12441181828E8
stateCuriosity: -4.1572220048E7
stateCuriosity: 28.484
stateCuriosity: -15.201
stateCuriosity: -7.166
owltMSLEarth: 839.652
stateEarth: 2.21372025708E8
stateEarth: 1.12456310983E8
stateEarth: 4.1577814446E7
stateEarth: -28.492
stateEarth: 15.201
stateEarth: 7.167
owltEarthMSL: 839.765
positionEarthWRTCuriosity: 2.21372025708E8
positionEarthWRTCuriosity: 1.12456310983E8
positionEarthWRTCuriosity: 4.1577814446E7
owltEarthMSL2: 839.765
angSepHGAEarth: 113.012
utcTime: "2016-01-01~03:02:00"
sol: 1210
sclkValue: " 1/01210:06:40:16:51684"

2017-12-11 18:54:58,748 [pool-4-thread-1] INFO space.exploration.mars.rover.kernel.SpacecraftClock  - Internal time::2016-01-01T03:03:00.000-06:00 sclk of::1/01210:06:41:14:91150
2017-12-11 18:55:04,854 [pool-4-thread-1] INFO space.exploration.mars.rover.sensor.PositionSensor  - ephemerisTime: 5.04889748183912E8
stateCuriosity: -2.21331994261E8
stateCuriosity: -1.12446652913E8
stateCuriosity: -4.1574799206E7
stateCuriosity: 28.484
stateCuriosity: -15.194
stateCuriosity: -7.162
owltMSLEarth: 839.632
stateEarth: 2.2136176861E8
stateEarth: 1.12461782101E8
stateEarth: 4.158039376E7
stateEarth: -28.492
stateEarth: 15.194
stateEarth: 7.163
owltEarthMSL: 839.745
positionEarthWRTCuriosity: 2.2136176861E8
positionEarthWRTCuriosity: 1.12461782101E8
positionEarthWRTCuriosity: 4.158039376E7
owltEarthMSL2: 839.745
angSepHGAEarth: 112.029
utcTime: "2016-01-01~03:08:00"
sol: 1210
sclkValue: " 1/01210:06:46:06:88479"

2017-12-11 18:55:04,854 [pool-4-thread-1] INFO space.exploration.mars.rover.communication.Radio  - One Way Light Time computed by SPICE :: 839.632
2017-12-11 18:55:04,867 [pool-4-thread-1] INFO space.exploration.mars.rover.communication.Transmitter  - Sending information packet to curiosity_to_earth_5
2017-12-11 18:55:07,869 [pool-5-thread-1] INFO space.exploration.mars.rover.animation.SleepingAnimationEngine  - Rover is sleeping now
2017-12-11 18:55:09,389 [pool-7-thread-1] INFO space.exploration.mars.rover.power.BatteryMonitor  - BatteryMonitor performing due diligence. SCET = 1513040109389 Rover state = Sleeping State
2017-12-11 18:55:39,389 [pool-7-thread-1] INFO space.exploration.mars.rover.power.BatteryMonitor  - BatteryMonitor performing due diligence. SCET = 1513040139389 Rover state = Sleeping State
2017-12-11 18:55:58,674 [pool-4-thread-1] INFO space.exploration.mars.rover.diagnostics.Pacemaker  - Diagnostics inhibited because rover is sleeping to conserve battery Current instructionQueue length = 0
2017-12-11 18:56:09,389 [pool-7-thread-1] INFO space.exploration.mars.rover.power.BatteryMonitor  - BatteryMonitor performing due diligence. SCET = 1513040169389 Rover state = Sleeping State
2017-12-11 18:56:39,389 [pool-7-thread-1] INFO space.exploration.mars.rover.power.BatteryMonitor  - BatteryMonitor performing due diligence. SCET = 1513040199389 Rover state = Sleeping State
2017-12-11 18:56:58,674 [pool-4-thread-1] INFO space.exploration.mars.rover.diagnostics.Pacemaker  - Diagnostics inhibited because rover is sleeping to conserve battery Current instructionQueue length = 0
2017-12-11 18:57:09,389 [pool-7-thread-1] INFO space.exploration.mars.rover.power.BatteryMonitor  - BatteryMonitor performing due diligence. SCET = 1513040229389 Rover state = Sleeping State
2017-12-11 18:57:39,389 [pool-7-thread-1] INFO space.exploration.mars.rover.power.BatteryMonitor  - BatteryMonitor performing due diligence. SCET = 1513040259389 Rover state = Sleeping State
2017-12-11 18:57:58,674 [pool-4-thread-1] INFO space.exploration.mars.rover.diagnostics.Pacemaker  - Diagnostics inhibited because rover is sleeping to conserve battery Current instructionQueue length = 0
2017-12-11 18:58:09,389 [pool-7-thread-1] INFO space.exploration.mars.rover.power.BatteryMonitor  - BatteryMonitor performing due diligence. SCET = 1513040289389 Rover state = Sleeping State
2017-12-11 18:58:39,389 [pool-7-thread-1] INFO space.exploration.mars.rover.power.BatteryMonitor  - BatteryMonitor performing due diligence. SCET = 1513040319389 Rover state = Sleeping State
2017-12-11 18:58:58,674 [pool-4-thread-1] INFO space.exploration.mars.rover.diagnostics.Pacemaker  - Diagnostics inhibited because rover is sleeping to conserve battery Current instructionQueue length = 0
2017-12-11 18:59:09,389 [pool-7-thread-1] INFO space.exploration.mars.rover.power.BatteryMonitor  - BatteryMonitor performing due diligence. SCET = 1513040349389 Rover state = Sleeping State
2017-12-11 18:59:39,389 [pool-7-thread-1] INFO space.exploration.mars.rover.power.BatteryMonitor  - BatteryMonitor performing due diligence. SCET = 1513040379389 Rover state = Sleeping State
2017-12-11 18:59:58,674 [pool-4-thread-1] INFO space.exploration.mars.rover.diagnostics.Pacemaker  - Diagnostics inhibited because rover is sleeping to conserve battery Current instructionQueue length = 0
2017-12-11 19:00:09,389 [pool-7-thread-1] INFO space.exploration.mars.rover.power.BatteryMonitor  - BatteryMonitor performing due diligence. SCET = 1513040409389 Rover state = Sleeping State
2017-12-11 19:00:39,389 [pool-7-thread-1] INFO space.exploration.mars.rover.power.BatteryMonitor  - BatteryMonitor performing due diligence. SCET = 1513040439389 Rover state = Sleeping State
2017-12-11 19:00:58,674 [pool-4-thread-1] INFO space.exploration.mars.rover.diagnostics.Pacemaker  - Diagnostics inhibited because rover is sleeping to conserve battery Current instructionQueue length = 0
2017-12-11 19:00:59,678 [pool-5-thread-1] INFO space.exploration.mars.rover.diagnostics.SleepMonitor  - Awakening rover from slumber
2017-12-11 19:00:59,678 [pool-5-thread-1] INFO space.exploration.mars.rover.animation.SleepingAnimationEngine  - Waking up rover
2017-12-11 19:01:09,389 [pool-7-thread-1] INFO space.exploration.mars.rover.power.BatteryMonitor  - BatteryMonitor performing due diligence. SCET = 1513040469389 Rover state = Listening State
2017-12-11 19:01:39,389 [pool-7-thread-1] INFO space.exploration.mars.rover.power.BatteryMonitor  - BatteryMonitor performing due diligence. SCET = 1513040499389 Rover state = Listening State
2017-12-11 19:01:58,747 [pool-4-thread-1] INFO space.exploration.mars.rover.sensor.PositionSensor  - ephemerisTime: 5.0491458818392E8
stateCuriosity: -2.20626775054E8
stateCuriosity: -1.12819662768E8
stateCuriosity: -4.1749120451E7
stateCuriosity: 28.239
stateCuriosity: -14.936
stateCuriosity: -6.89
owltMSLEarth: 838.218
stateEarth: 2.20656594527E8
stateEarth: 1.12834908026E8
stateEarth: 4.1754764186E7
stateEarth: -28.23
stateEarth: 14.944
stateEarth: 6.893
owltEarthMSL: 838.332
positionEarthWRTCuriosity: 2.20656594527E8
positionEarthWRTCuriosity: 1.12834908026E8
positionEarthWRTCuriosity: 4.1754764186E7
owltEarthMSL2: 838.332
angSepHGAEarth: 67.443
utcTime: "2016-01-01~10:02:00"
sol: 1210
sclkValue: " 1/01210:13:29:02:27315"

2017-12-11 19:01:58,747 [pool-4-thread-1] INFO space.exploration.mars.rover.kernel.SpacecraftClock  - Internal time::2016-01-01T10:03:00.000-06:00 sclk of::1/01210:13:30:00:66781
2017-12-11 19:02:04,838 [pool-4-thread-1] INFO space.exploration.mars.rover.sensor.PositionSensor  - ephemerisTime: 5.04914948183921E8
stateCuriosity: -2.20616609954E8
stateCuriosity: -1.1282504002E8
stateCuriosity: -4.175160053E7
stateCuriosity: 28.234
stateCuriosity: -14.937
stateCuriosity: -6.888
owltMSLEarth: 838.198
stateEarth: 2.20646432567E8
stateEarth: 1.12840288173E8
stateEarth: 4.175724536E7
stateEarth: -28.225
stateEarth: 14.945
stateEarth: 6.891
owltEarthMSL: 838.311
positionEarthWRTCuriosity: 2.20646432567E8
positionEarthWRTCuriosity: 1.12840288173E8
positionEarthWRTCuriosity: 4.175724536E7
owltEarthMSL2: 838.311
angSepHGAEarth: 67.448
utcTime: "2016-01-01~10:08:00"
sol: 1210
sclkValue: " 1/01210:13:34:52:64110"

2017-12-11 19:02:04,838 [pool-4-thread-1] INFO space.exploration.mars.rover.communication.Radio  - One Way Light Time computed by SPICE :: 838.198
2017-12-11 19:02:04,851 [pool-4-thread-1] INFO space.exploration.mars.rover.communication.Transmitter  - Sending information packet to curiosity_to_earth_5
2017-12-11 19:02:09,389 [pool-7-thread-1] INFO space.exploration.mars.rover.power.BatteryMonitor  - BatteryMonitor performing due diligence. SCET = 1513040529389 Rover state = Listening State
2017-12-11 19:02:39,389 [pool-7-thread-1] INFO space.exploration.mars.rover.power.BatteryMonitor  - BatteryMonitor performing due diligence. SCET = 1513040559389 Rover state = Listening State
2017-12-11 19:02:58,713 [pool-4-thread-1] INFO space.exploration.mars.rover.sensor.PositionSensor  - ephemerisTime: 5.04918188183922E8
stateCuriosity: -2.20525200084E8
stateCuriosity: -1.12873454809E8
stateCuriosity: -4.1773887838E7
stateCuriosity: 28.193
stateCuriosity: -14.95
stateCuriosity: -6.871
owltMSLEarth: 838.015
stateEarth: 2.20555051561E8
stateEarth: 1.12888729362E8
stateEarth: 4.1779542591E7
stateEarth: -28.184
stateEarth: 14.958
stateEarth: 6.874
owltEarthMSL: 838.129
positionEarthWRTCuriosity: 2.20555051561E8
positionEarthWRTCuriosity: 1.12888729362E8
positionEarthWRTCuriosity: 4.1779542591E7
owltEarthMSL2: 838.129
angSepHGAEarth: 68.63
utcTime: "2016-01-01~11:02:00"
sol: 1210
sclkValue: " 1/01210:14:27:25:95263"

2017-12-11 19:02:58,713 [pool-4-thread-1] INFO space.exploration.mars.rover.kernel.SpacecraftClock  - Internal time::2016-01-01T11:03:00.000-06:00 sclk of::1/01210:14:28:24:34728
2017-12-11 19:03:04,823 [pool-4-thread-1] INFO space.exploration.mars.rover.sensor.PositionSensor  - ephemerisTime: 5.04918548183922E8
stateCuriosity: -2.20515051505E8
stateCuriosity: -1.12878837149E8
stateCuriosity: -4.1776361087E7
stateCuriosity: 28.188
stateCuriosity: -14.952
stateCuriosity: -6.869
owltMSLEarth: 837.995
stateEarth: 2.20544906206E8
stateEarth: 1.1289411465E8
stateEarth: 4.1782016941E7
stateEarth: -28.179
stateEarth: 14.96
stateEarth: 6.872
owltEarthMSL: 838.108
positionEarthWRTCuriosity: 2.20544906206E8
positionEarthWRTCuriosity: 1.1289411465E8
positionEarthWRTCuriosity: 4.1782016941E7
owltEarthMSL2: 838.108
angSepHGAEarth: 68.886
utcTime: "2016-01-01~11:08:00"
sol: 1210
sclkValue: " 1/01210:14:33:16:32057"

2017-12-11 19:03:04,823 [pool-4-thread-1] INFO space.exploration.mars.rover.communication.Radio  - One Way Light Time computed by SPICE :: 837.995
2017-12-11 19:03:04,836 [pool-4-thread-1] INFO space.exploration.mars.rover.communication.Transmitter  - Sending information packet to curiosity_to_earth_5
2017-12-11 19:03:07,838 [pool-5-thread-1] INFO space.exploration.mars.rover.animation.SleepingAnimationEngine  - Rover is sleeping now
2017-12-11 19:03:09,389 [pool-7-thread-1] INFO space.exploration.mars.rover.power.BatteryMonitor  - BatteryMonitor performing due diligence. SCET = 1513040589389 Rover state = Sleeping State
2017-12-11 19:03:39,389 [pool-7-thread-1] INFO space.exploration.mars.rover.power.BatteryMonitor  - BatteryMonitor performing due diligence. SCET = 1513040619389 Rover state = Sleeping State
2017-12-11 19:03:58,674 [pool-4-thread-1] INFO space.exploration.mars.rover.diagnostics.Pacemaker  - Diagnostics inhibited because rover is sleeping to conserve battery Current instructionQueue length = 0
2017-12-11 19:04:09,389 [pool-7-thread-1] INFO space.exploration.mars.rover.power.BatteryMonitor  - BatteryMonitor performing due diligence. SCET = 1513040649389 Rover state = Sleeping State
2017-12-11 19:04:39,389 [pool-7-thread-1] INFO space.exploration.mars.rover.power.BatteryMonitor  - BatteryMonitor performing due diligence. SCET = 1513040679389 Rover state = Sleeping State
2017-12-11 19:04:58,674 [pool-4-thread-1] INFO space.exploration.mars.rover.diagnostics.Pacemaker  - Diagnostics inhibited because rover is sleeping to conserve battery Current instructionQueue length = 0
2017-12-11 19:05:09,389 [pool-7-thread-1] INFO space.exploration.mars.rover.power.BatteryMonitor  - BatteryMonitor performing due diligence. SCET = 1513040709389 Rover state = Sleeping State
2017-12-11 19:05:39,389 [pool-7-thread-1] INFO space.exploration.mars.rover.power.BatteryMonitor  - BatteryMonitor performing due diligence. SCET = 1513040739389 Rover state = Sleeping State
2017-12-11 19:05:58,674 [pool-4-thread-1] INFO space.exploration.mars.rover.diagnostics.Pacemaker  - Diagnostics inhibited because rover is sleeping to conserve battery Current instructionQueue length = 0
2017-12-11 19:06:09,389 [pool-7-thread-1] INFO space.exploration.mars.rover.power.BatteryMonitor  - BatteryMonitor performing due diligence. SCET = 1513040769389 Rover state = Sleeping State
2017-12-11 19:06:39,389 [pool-7-thread-1] INFO space.exploration.mars.rover.power.BatteryMonitor  - BatteryMonitor performing due diligence. SCET = 1513040799389 Rover state = Sleeping State
2017-12-11 19:06:58,674 [pool-4-thread-1] INFO space.exploration.mars.rover.diagnostics.Pacemaker  - Diagnostics inhibited because rover is sleeping to conserve battery Current instructionQueue length = 0
2017-12-11 19:07:09,389 [pool-7-thread-1] INFO space.exploration.mars.rover.power.BatteryMonitor  - BatteryMonitor performing due diligence. SCET = 1513040829389 Rover state = Sleeping State
2017-12-11 19:07:39,389 [pool-7-thread-1] INFO space.exploration.mars.rover.power.BatteryMonitor  - BatteryMonitor performing due diligence. SCET = 1513040859389 Rover state = Sleeping State
2017-12-11 19:07:58,674 [pool-4-thread-1] INFO space.exploration.mars.rover.diagnostics.Pacemaker  - Diagnostics inhibited because rover is sleeping to conserve battery Current instructionQueue length = 0
2017-12-11 19:08:09,389 [pool-7-thread-1] INFO space.exploration.mars.rover.power.BatteryMonitor  - BatteryMonitor performing due diligence. SCET = 1513040889389 Rover state = Sleeping State
2017-12-11 19:08:39,389 [pool-7-thread-1] INFO space.exploration.mars.rover.power.BatteryMonitor  - BatteryMonitor performing due diligence. SCET = 1513040919389 Rover state = Sleeping State
2017-12-11 19:08:58,674 [pool-4-thread-1] INFO space.exploration.mars.rover.diagnostics.Pacemaker  - Diagnostics inhibited because rover is sleeping to conserve battery Current instructionQueue length = 0
2017-12-11 19:08:59,678 [pool-5-thread-1] INFO space.exploration.mars.rover.diagnostics.SleepMonitor  - Awakening rover from slumber
2017-12-11 19:08:59,678 [pool-5-thread-1] INFO space.exploration.mars.rover.animation.SleepingAnimationEngine  - Waking up rover
2017-12-11 19:09:09,389 [pool-7-thread-1] INFO space.exploration.mars.rover.power.BatteryMonitor  - BatteryMonitor performing due diligence. SCET = 1513040949389 Rover state = Listening State
2017-12-11 19:09:39,389 [pool-7-thread-1] INFO space.exploration.mars.rover.power.BatteryMonitor  - BatteryMonitor performing due diligence. SCET = 1513040979389 Rover state = Listening State
2017-12-11 19:09:58,713 [pool-4-thread-1] INFO space.exploration.mars.rover.sensor.PositionSensor  - ephemerisTime: 5.0494338818393E8
stateCuriosity: -2.19816312638E8
stateCuriosity: -1.1325288315E8
stateCuriosity: -4.1947486202E7
stateCuriosity: 28.172
stateCuriosity: -15.155
stateCuriosity: -6.961
owltMSLEarth: 836.608
stateEarth: 2.19846246707E8
stateEarth: 1.13268297839E8
stateEarth: 4.1953192859E7
stateEarth: -28.178
stateEarth: 15.156
stateEarth: 6.961
owltEarthMSL: 836.722
positionEarthWRTCuriosity: 2.19846246707E8
positionEarthWRTCuriosity: 1.13268297839E8
positionEarthWRTCuriosity: 4.1953192859E7
owltEarthMSL2: 836.722
angSepHGAEarth: 122.225
utcTime: "2016-01-01~18:02:00"
sol: 1210
sclkValue: " 1/01210:21:16:11:70894"

2017-12-11 19:09:58,713 [pool-4-thread-1] INFO space.exploration.mars.rover.kernel.SpacecraftClock  - Internal time::2016-01-01T18:03:00.000-06:00 sclk of::1/01210:21:17:10:10359
2017-12-11 19:10:04,788 [pool-4-thread-1] INFO space.exploration.mars.rover.sensor.PositionSensor  - ephemerisTime: 5.0494374818393E8
stateCuriosity: -2.19806169876E8
stateCuriosity: -1.13258339041E8
stateCuriosity: -4.1949992533E7
stateCuriosity: 28.176
stateCuriosity: -15.156
stateCuriosity: -6.963
owltMSLEarth: 836.588
stateEarth: 2.19836101773E8
stateEarth: 1.13273754135E8
stateEarth: 4.195569937E7
stateEarth: -28.183
stateEarth: 15.157
stateEarth: 6.964
owltEarthMSL: 836.702
positionEarthWRTCuriosity: 2.19836101773E8
positionEarthWRTCuriosity: 1.13273754135E8
positionEarthWRTCuriosity: 4.195569937E7
owltEarthMSL2: 836.702
angSepHGAEarth: 123.206
utcTime: "2016-01-01~18:08:00"
sol: 1210
sclkValue: " 1/01210:21:22:02:07688"

2017-12-11 19:10:04,788 [pool-4-thread-1] INFO space.exploration.mars.rover.communication.Radio  - One Way Light Time computed by SPICE :: 836.588
2017-12-11 19:10:04,801 [pool-4-thread-1] INFO space.exploration.mars.rover.communication.Transmitter  - Sending information packet to curiosity_to_earth_5
2017-12-11 19:10:09,389 [pool-7-thread-1] INFO space.exploration.mars.rover.power.BatteryMonitor  - BatteryMonitor performing due diligence. SCET = 1513041009389 Rover state = Listening State
2017-12-11 19:10:39,389 [pool-7-thread-1] INFO space.exploration.mars.rover.power.BatteryMonitor  - BatteryMonitor performing due diligence. SCET = 1513041039389 Rover state = Listening State
2017-12-11 19:10:58,738 [pool-4-thread-1] INFO space.exploration.mars.rover.sensor.PositionSensor  - ephemerisTime: 5.04946988183931E8
stateCuriosity: -2.19714812705E8
stateCuriosity: -1.13307454294E8
stateCuriosity: -4.1972595522E7
stateCuriosity: 28.218
stateCuriosity: -15.161
stateCuriosity: -6.989
owltMSLEarth: 836.407
stateEarth: 2.19744720442E8
stateEarth: 1.13322870792E8
stateEarth: 4.1978303231E7
stateEarth: -28.227
stateEarth: 15.16
stateEarth: 6.989
owltEarthMSL: 836.521
positionEarthWRTCuriosity: 2.19744720442E8
positionEarthWRTCuriosity: 1.13322870792E8
positionEarthWRTCuriosity: 4.1978303231E7
owltEarthMSL2: 836.521
angSepHGAEarth: 131.883
utcTime: "2016-01-01~19:02:00"
sol: 1210
sclkValue: " 1/01210:22:14:35:38841"

2017-12-11 19:10:58,739 [pool-4-thread-1] INFO space.exploration.mars.rover.kernel.SpacecraftClock  - Internal time::2016-01-01T19:03:00.000-06:00 sclk of::1/01210:22:15:33:78307
2017-12-11 19:10:59,957 [Thread-2] INFO space.exploration.mars.rover.communication.Receiver  - Time Elapsed since last message = 1130166
2017-12-11 19:11:00,043 [Thread-2] INFO space.exploration.mars.rover.sensor.PositionSensor  - ephemerisTime: 5.04947048183931E8
stateCuriosity: -2.19713119596E8
stateCuriosity: -1.13308363925E8
stateCuriosity: -4.1973014863E7
stateCuriosity: 28.219
stateCuriosity: -15.161
stateCuriosity: -6.989
owltMSLEarth: 836.404
stateEarth: 2.1974302681E8
stateEarth: 1.13323780412E8
stateEarth: 4.1978722575E7
stateEarth: -28.228
stateEarth: 15.16
stateEarth: 6.989
owltEarthMSL: 836.518
positionEarthWRTCuriosity: 2.1974302681E8
positionEarthWRTCuriosity: 1.13323780412E8
positionEarthWRTCuriosity: 4.1978722575E7
owltEarthMSL2: 836.518
angSepHGAEarth: 132.039
utcTime: "2016-01-01~19:03:00"
sol: 1210
sclkValue: " 1/01210:22:15:33:78307"

2017-12-11 19:11:00,043 [Thread-2] INFO space.exploration.mars.rover.communication.Radio  - One Way Light Time computed by SPICE :: 836.404
2017-12-11 19:11:04,828 [pool-4-thread-1] INFO space.exploration.mars.rover.sensor.PositionSensor  - ephemerisTime: 5.04947348183931E8
stateCuriosity: -2.19704653296E8
stateCuriosity: -1.13312912061E8
stateCuriosity: -4.1975111971E7
stateCuriosity: 28.223
stateCuriosity: -15.16
stateCuriosity: -6.991
owltMSLEarth: 836.387
stateEarth: 2.19734557856E8
stateEarth: 1.13328328474E8
stateEarth: 4.1980819697E7
stateEarth: -28.232
stateEarth: 15.16
stateEarth: 6.992
owltEarthMSL: 836.501
positionEarthWRTCuriosity: 2.19734557856E8
positionEarthWRTCuriosity: 1.13328328474E8
positionEarthWRTCuriosity: 4.1980819697E7
owltEarthMSL2: 836.501
angSepHGAEarth: 132.82
utcTime: "2016-01-01~19:08:00"
sol: 1210
sclkValue: " 1/01210:22:20:25:75636"

2017-12-11 19:11:04,829 [pool-4-thread-1] INFO space.exploration.mars.rover.communication.Radio  - One Way Light Time computed by SPICE :: 836.387
2017-12-11 19:11:04,842 [pool-4-thread-1] INFO space.exploration.mars.rover.communication.Transmitter  - Sending information packet to curiosity_to_earth_5
2017-12-11 19:11:07,861 [Thread-2] INFO space.exploration.mars.rover.kernel.ListeningState  - timeStamp: 1513041059534
targets {
  roverModule: 8
  estimatedPowerUsage: 20
  action: "ClickCamera"
  roverSubModule: "NAVCAM"
}

2017-12-11 19:11:13,898 [Thread-2] INFO space.exploration.mars.rover.kernel.ListeningState  - 1513041073898,8,ClickCamera Current instructionQueue length = 0
2017-12-11 19:11:13,899 [Thread-2] INFO space.exploration.mars.rover.kernel.ListeningState  - Rover Curiosity is going to try to take pictures!
2017-12-11 19:11:18,545 [pool-7-thread-1] INFO space.exploration.mars.rover.power.BatteryMonitor  - BatteryMonitor performing due diligence. SCET = 1513041069389 Rover state = Photographing State
2017-12-11 19:11:18,546 [Thread-2] ERROR space.exploration.mars.rover.communication.Radio  - Houston, we have a problem!
java.lang.NullPointerException
	at javax.imageio.ImageIO.write(ImageIO.java:1538)
	at space.exploration.mars.rover.utils.CameraUtil.writeImageToFile(CameraUtil.java:39)
	at space.exploration.mars.rover.utils.CameraUtil.convertToCamPayload(CameraUtil.java:85)
	at space.exploration.mars.rover.kernel.PhotographingState.activateCameraById(PhotographingState.java:79)
	at space.exploration.mars.rover.kernel.Rover.activateCameraById(Rover.java:508)
	at space.exploration.mars.rover.kernel.ListeningState.receiveMessage(ListeningState.java:89)
	at space.exploration.mars.rover.kernel.Rover.receiveMessage(Rover.java:306)
	at space.exploration.mars.rover.communication.Radio.receiveMessage(Radio.java:58)
	at space.exploration.mars.rover.communication.Receiver.run(Receiver.java:66)
2017-12-11 19:11:39,389 [pool-7-thread-1] INFO space.exploration.mars.rover.power.BatteryMonitor  - BatteryMonitor performing due diligence. SCET = 1513041099389 Rover state = Listening State
2017-12-11 19:11:58,747 [pool-4-thread-1] INFO space.exploration.mars.rover.sensor.PositionSensor  - ephemerisTime: 5.04950588183933E8
stateCuriosity: -2.19613133636E8
stateCuriosity: -1.13362022808E8
stateCuriosity: -4.1997802212E7
stateCuriosity: 28.271
stateCuriosity: -15.153
stateCuriosity: -7.014
owltMSLEarth: 836.207
stateEarth: 2.19643005546E8
stateEarth: 1.13377436471E8
stateEarth: 4.2003509446E7
stateEarth: -28.282
stateEarth: 15.152
stateEarth: 7.014
owltEarthMSL: 836.32
positionEarthWRTCuriosity: 2.19643005546E8
positionEarthWRTCuriosity: 1.13377436471E8
positionEarthWRTCuriosity: 4.2003509446E7
owltEarthMSL2: 836.32
angSepHGAEarth: 140.814
utcTime: "2016-01-01~20:02:00"
sol: 1210
sclkValue: " 1/01210:23:12:59:06788"

2017-12-11 19:11:58,747 [pool-4-thread-1] INFO space.exploration.mars.rover.kernel.SpacecraftClock  - Internal time::2016-01-01T20:03:00.000-06:00 sclk of::1/01210:23:13:57:46254
2017-12-11 19:12:01,461 [Thread-2] INFO space.exploration.mars.rover.communication.Receiver  - Time Elapsed since last message = 61497
2017-12-11 19:12:01,524 [Thread-2] INFO space.exploration.mars.rover.sensor.PositionSensor  - ephemerisTime: 5.04950768183933E8
stateCuriosity: -2.19608044553E8
stateCuriosity: -1.13364750283E8
stateCuriosity: -4.1999064893E7
stateCuriosity: 28.274
stateCuriosity: -15.152
stateCuriosity: -7.015
owltMSLEarth: 836.197
stateEarth: 2.19637914449E8
stateEarth: 1.13380163694E8
stateEarth: 4.2004772068E7
stateEarth: -28.285
stateEarth: 15.151
stateEarth: 7.015
owltEarthMSL: 836.31
positionEarthWRTCuriosity: 2.19637914449E8
positionEarthWRTCuriosity: 1.13380163694E8
positionEarthWRTCuriosity: 4.2004772068E7
owltEarthMSL2: 836.31
angSepHGAEarth: 141.227
utcTime: "2016-01-01~20:05:00"
sol: 1210
sclkValue: " 1/01210:23:15:54:25186"

2017-12-11 19:12:01,524 [Thread-2] INFO space.exploration.mars.rover.communication.Radio  - One Way Light Time computed by SPICE :: 836.197
2017-12-11 19:12:04,848 [pool-4-thread-1] INFO space.exploration.mars.rover.sensor.PositionSensor  - ephemerisTime: 5.04950948183933E8
stateCuriosity: -2.19602954965E8
stateCuriosity: -1.1336747762E8
stateCuriosity: -4.2000327782E7
stateCuriosity: 28.277
stateCuriosity: -15.151
stateCuriosity: -7.017
owltMSLEarth: 836.187
stateEarth: 2.19632822828E8
stateEarth: 1.13382890771E8
stateEarth: 4.2006034895E7
stateEarth: -28.288
stateEarth: 15.15
stateEarth: 7.016
owltEarthMSL: 836.3
positionEarthWRTCuriosity: 2.19632822828E8
positionEarthWRTCuriosity: 1.13382890771E8
positionEarthWRTCuriosity: 4.2006034895E7
owltEarthMSL2: 836.3
angSepHGAEarth: 141.636
utcTime: "2016-01-01~20:08:00"
sol: 1210
sclkValue: " 1/01210:23:18:49:43583"

2017-12-11 19:12:04,848 [pool-4-thread-1] INFO space.exploration.mars.rover.communication.Radio  - One Way Light Time computed by SPICE :: 836.187
2017-12-11 19:12:04,861 [pool-4-thread-1] INFO space.exploration.mars.rover.communication.Transmitter  - Sending information packet to curiosity_to_earth_5
2017-12-11 19:12:07,863 [Thread-2] INFO space.exploration.mars.rover.kernel.ListeningState  - timeStamp: 1513041121442
targets {
  roverModule: 1
  estimatedPowerUsage: 40
  action: "Move"
  auxiliaryData: "\n\006\b\251\003\020\220\003"
}

2017-12-11 19:12:13,896 [Thread-2] INFO space.exploration.mars.rover.kernel.ListeningState  - 1513041133895,1,Move Current instructionQueue length = 0
2017-12-11 19:12:13,936 [Thread-2] ERROR space.exploration.mars.rover.navigation.NavigationEngine  - No path was found between start =>  and end => 
2017-12-11 19:12:13,937 [Thread-2] ERROR space.exploration.mars.rover.communication.Radio  - Houston, we have a problem!
java.lang.NullPointerException
	at space.exploration.mars.rover.propulsion.PropulsionUnit.requestPropulsion(PropulsionUnit.java:53)
	at space.exploration.mars.rover.propulsion.PropulsionUnit.<init>(PropulsionUnit.java:28)
	at space.exploration.mars.rover.kernel.ListeningState.requestPower(ListeningState.java:123)
	at space.exploration.mars.rover.kernel.ListeningState.receiveMessage(ListeningState.java:56)
	at space.exploration.mars.rover.kernel.Rover.receiveMessage(Rover.java:306)
	at space.exploration.mars.rover.communication.Radio.receiveMessage(Radio.java:58)
	at space.exploration.mars.rover.communication.Receiver.run(Receiver.java:66)
2017-12-11 19:12:13,937 [pool-7-thread-1] INFO space.exploration.mars.rover.power.BatteryMonitor  - BatteryMonitor performing due diligence. SCET = 1513041129389 Rover state = Listening State
2017-12-11 19:12:39,389 [pool-7-thread-1] INFO space.exploration.mars.rover.power.BatteryMonitor  - BatteryMonitor performing due diligence. SCET = 1513041159389 Rover state = Listening State
2017-12-11 19:12:58,747 [pool-4-thread-1] INFO space.exploration.mars.rover.sensor.PositionSensor  - ephemerisTime: 5.04954188183934E8
stateCuriosity: -2.19511254376E8
stateCuriosity: -1.13416538949E8
stateCuriosity: -4.2023092725E7
stateCuriosity: 28.329
stateCuriosity: -15.131
stateCuriosity: -7.035
owltMSLEarth: 836.005
stateEarth: 2.19541082594E8
stateEarth: 1.13431945885E8
stateEarth: 4.2028798243E7
stateEarth: -28.342
stateEarth: 15.129
stateEarth: 7.034
owltEarthMSL: 836.119
positionEarthWRTCuriosity: 2.19541082594E8
positionEarthWRTCuriosity: 1.13431945885E8
positionEarthWRTCuriosity: 4.2028798243E7
owltEarthMSL2: 836.119
angSepHGAEarth: 148.077
utcTime: "2016-01-01~21:02:00"
sol: 1211
sclkValue: " 1/01211:00:11:22:74736"

2017-12-11 19:12:58,747 [pool-4-thread-1] INFO space.exploration.mars.rover.kernel.SpacecraftClock  - Internal time::2016-01-01T21:03:00.000-06:00 sclk of::1/01211:00:12:21:14201
2017-12-11 19:13:02,968 [Thread-2] INFO space.exploration.mars.rover.communication.Receiver  - Time Elapsed since last message = 61506
2017-12-11 19:13:03,037 [Thread-2] INFO space.exploration.mars.rover.sensor.PositionSensor  - ephemerisTime: 5.04954428183934E8
stateCuriosity: -2.19504455016E8
stateCuriosity: -1.13420170245E8
stateCuriosity: -4.2024781266E7
stateCuriosity: 28.333
stateCuriosity: -15.129
stateCuriosity: -7.036
owltMSLEarth: 835.992
stateEarth: 2.19534280092E8
stateEarth: 1.13435576618E8
stateEarth: 4.2030486634E7
stateEarth: -28.346
stateEarth: 15.127
stateEarth: 7.036
owltEarthMSL: 836.105
positionEarthWRTCuriosity: 2.19534280092E8
positionEarthWRTCuriosity: 1.13435576618E8
positionEarthWRTCuriosity: 4.2030486634E7
owltEarthMSL2: 836.105
angSepHGAEarth: 148.467
utcTime: "2016-01-01~21:06:00"
sol: 1211
sclkValue: " 1/01211:00:15:16:32599"

2017-12-11 19:13:03,037 [Thread-2] INFO space.exploration.mars.rover.communication.Radio  - One Way Light Time computed by SPICE :: 835.992
2017-12-11 19:13:04,856 [pool-4-thread-1] INFO space.exploration.mars.rover.sensor.PositionSensor  - ephemerisTime: 5.04954548183934E8
stateCuriosity: -2.19501054985E8
stateCuriosity: -1.13421985717E8
stateCuriosity: -4.202562564E7
stateCuriosity: 28.335
stateCuriosity: -15.128
stateCuriosity: -7.037
owltMSLEarth: 835.985
stateEarth: 2.1953087848E8
stateEarth: 1.13437391803E8
stateEarth: 4.2031330931E7
stateEarth: -28.348
stateEarth: 15.126
stateEarth: 7.036
owltEarthMSL: 836.099
positionEarthWRTCuriosity: 2.1953087848E8
positionEarthWRTCuriosity: 1.13437391803E8
positionEarthWRTCuriosity: 4.2031330931E7
owltEarthMSL2: 836.099
angSepHGAEarth: 148.656
utcTime: "2016-01-01~21:08:00"
sol: 1211
sclkValue: " 1/01211:00:17:13:11530"

2017-12-11 19:13:04,856 [pool-4-thread-1] INFO space.exploration.mars.rover.communication.Radio  - One Way Light Time computed by SPICE :: 835.985
2017-12-11 19:13:04,869 [pool-4-thread-1] INFO space.exploration.mars.rover.communication.Transmitter  - Sending information packet to curiosity_to_earth_5
2017-12-11 19:13:07,872 [Thread-2] INFO space.exploration.mars.rover.kernel.ListeningState  - timeStamp: 1513041182962
targets {
  roverModule: 1
  estimatedPowerUsage: 40
  action: "Move"
  auxiliaryData: "\n\006\b\336\002\020\226\001"
}

2017-12-11 19:13:13,905 [Thread-2] INFO space.exploration.mars.rover.kernel.ListeningState  - 1513041193905,1,Move Current instructionQueue length = 0
2017-12-11 19:13:13,907 [Thread-2] ERROR space.exploration.mars.rover.power.Battery  - Battery insufficient at time = 1513041193907 Power requested = 100 Critical = false
2017-12-11 19:13:13,907 [Thread-2] ERROR space.exploration.mars.rover.kernel.ListeningState  - Going into hibernation from Listening state.
2017-12-11 19:13:13,908 [pool-7-thread-1] INFO space.exploration.mars.rover.power.BatteryMonitor  - BatteryMonitor performing due diligence. SCET = 1513041189389 Rover state = Hibernating State
2017-12-11 19:13:13,908 [pool-7-thread-1] INFO space.exploration.mars.rover.power.BatteryMonitor  - Rover is in hibernating state, timeInRecharge = 0 required = 60000
2017-12-11 19:13:39,389 [pool-7-thread-1] INFO space.exploration.mars.rover.power.BatteryMonitor  - BatteryMonitor performing due diligence. SCET = 1513041219389 Rover state = Hibernating State
2017-12-11 19:13:39,389 [pool-7-thread-1] INFO space.exploration.mars.rover.power.BatteryMonitor  - Rover is in hibernating state, timeInRecharge = 25481 required = 60000
2017-12-11 19:13:58,674 [pool-4-thread-1] ERROR space.exploration.mars.rover.diagnostics.Pacemaker  - Diagnostics inhibited because rover is in hibernating state. Current instructionQueue length = 1
2017-12-11 19:14:04,475 [Thread-2] INFO space.exploration.mars.rover.communication.Receiver  - Time Elapsed since last message = 61506
2017-12-11 19:14:04,542 [Thread-2] INFO space.exploration.mars.rover.sensor.PositionSensor  - ephemerisTime: 5.04958148183935E8
stateCuriosity: -2.19398945641E8
stateCuriosity: -1.13476385565E8
stateCuriosity: -4.2050984002E7
stateCuriosity: 28.393
stateCuriosity: -15.091
stateCuriosity: -7.05
owltMSLEarth: 835.783
stateEarth: 2.19428719275E8
stateEarth: 1.13491781812E8
stateEarth: 4.2056686637E7
stateEarth: -28.407
stateEarth: 15.088
stateEarth: 7.049
owltEarthMSL: 835.897
positionEarthWRTCuriosity: 2.19428719275E8
positionEarthWRTCuriosity: 1.13491781812E8
positionEarthWRTCuriosity: 4.2056686637E7
owltEarthMSL2: 835.897
angSepHGAEarth: 152.265
utcTime: "2016-01-01~22:08:00"
sol: 1211
sclkValue: " 1/01211:01:15:36:79478"

2017-12-11 19:14:04,542 [Thread-2] INFO space.exploration.mars.rover.communication.Radio  - One Way Light Time computed by SPICE :: 835.783
2017-12-11 19:14:04,555 [Thread-2] INFO space.exploration.mars.rover.kernel.HibernatingState  - In hibernating state's receiveMessage(), adding message to instruction queue
2017-12-11 19:14:09,389 [pool-7-thread-1] INFO space.exploration.mars.rover.power.BatteryMonitor  - BatteryMonitor performing due diligence. SCET = 1513041249389 Rover state = Hibernating State
2017-12-11 19:14:09,389 [pool-7-thread-1] INFO space.exploration.mars.rover.power.BatteryMonitor  - Rover is in hibernating state, timeInRecharge = 55481 required = 60000
2017-12-11 19:14:39,389 [pool-7-thread-1] INFO space.exploration.mars.rover.power.BatteryMonitor  - BatteryMonitor performing due diligence. SCET = 1513041279389 Rover state = Hibernating State
2017-12-11 19:14:39,389 [pool-7-thread-1] INFO space.exploration.mars.rover.power.BatteryMonitor  - Rover is in hibernating state, timeInRecharge = 85481 required = 60000
2017-12-11 19:14:40,390 [pool-7-thread-1] INFO space.exploration.mars.rover.power.BatteryMonitor  - Battery Monitor restoring the rover to normal after recharge
2017-12-11 19:14:48,491 [pool-7-thread-1] INFO space.exploration.mars.rover.sensor.PositionSensor  - ephemerisTime: 5.04960728183936E8
stateCuriosity: -2.19325640761E8
stateCuriosity: -1.1351527845E8
stateCuriosity: -4.2069179652E7
stateCuriosity: 28.432
stateCuriosity: -15.057
stateCuriosity: -7.054
owltMSLEarth: 835.638
stateEarth: 2.19355376684E8
stateEarth: 1.13530666605E8
stateEarth: 4.2074880106E7
stateEarth: -28.447
stateEarth: 15.054
stateEarth: 7.054
owltEarthMSL: 835.751
positionEarthWRTCuriosity: 2.19355376684E8
positionEarthWRTCuriosity: 1.13530666605E8
positionEarthWRTCuriosity: 4.2074880106E7
owltEarthMSL2: 835.751
angSepHGAEarth: 151.907
utcTime: "2016-01-01~22:52:00"
sol: 1211
sclkValue: " 1/01211:01:57:27:76506"

2017-12-11 19:14:48,491 [pool-7-thread-1] INFO space.exploration.mars.rover.communication.Radio  - One Way Light Time computed by SPICE :: 835.638
2017-12-11 19:14:48,504 [pool-7-thread-1] INFO space.exploration.mars.rover.communication.Transmitter  - Sending information packet to curiosity_to_earth_5
2017-12-11 19:14:51,505 [pool-6-thread-1] INFO space.exploration.mars.rover.diagnostics.RoverGarbageCollector  - RoverGC trimming instructionQueue. Current length = 2
2017-12-11 19:14:51,507 [pool-6-thread-1] INFO space.exploration.mars.rover.kernel.ListeningState  - timeStamp: 1513041182962
targets {
  roverModule: 1
  estimatedPowerUsage: 40
  action: "Move"
  auxiliaryData: "\n\006\b\336\002\020\226\001"
}

2017-12-11 19:14:57,541 [pool-6-thread-1] INFO space.exploration.mars.rover.kernel.ListeningState  - 1513041297541,1,Move Current instructionQueue length = 1
2017-12-11 19:14:57,543 [pool-6-thread-1] ERROR space.exploration.mars.rover.power.Battery  - Battery insufficient at time = 1513041297543 Power requested = 100 Critical = false
2017-12-11 19:14:57,543 [pool-6-thread-1] ERROR space.exploration.mars.rover.kernel.ListeningState  - Going into hibernation from Listening state.
2017-12-11 19:14:58,674 [pool-4-thread-1] ERROR space.exploration.mars.rover.diagnostics.Pacemaker  - Diagnostics inhibited because rover is in hibernating state. Current instructionQueue length = 2
2017-12-11 19:15:05,983 [Thread-2] INFO space.exploration.mars.rover.communication.Receiver  - Time Elapsed since last message = 61507
2017-12-11 19:15:06,053 [Thread-2] INFO space.exploration.mars.rover.sensor.PositionSensor  - ephemerisTime: 5.04961808183936E8
stateCuriosity: -2.19294925022E8
stateCuriosity: -1.13531531364E8
stateCuriosity: -4.2076798806E7
stateCuriosity: 28.448
stateCuriosity: -15.041
stateCuriosity: -7.055
owltMSLEarth: 835.577
stateEarth: 2.19324644944E8
stateEarth: 1.13546916006E8
stateEarth: 4.2082498324E7
stateEarth: -28.463
stateEarth: 15.038
stateEarth: 7.054
owltEarthMSL: 835.69
positionEarthWRTCuriosity: 2.19324644944E8
positionEarthWRTCuriosity: 1.13546916006E8
positionEarthWRTCuriosity: 4.2082498324E7
owltEarthMSL2: 835.69
angSepHGAEarth: 151.009
utcTime: "2016-01-01~23:09:00"
sol: 1211
sclkValue: " 1/01211:02:14:58:86891"

2017-12-11 19:15:06,054 [Thread-2] INFO space.exploration.mars.rover.communication.Radio  - One Way Light Time computed by SPICE :: 835.577
2017-12-11 19:15:06,067 [Thread-2] INFO space.exploration.mars.rover.kernel.HibernatingState  - In hibernating state's receiveMessage(), adding message to instruction queue
2017-12-11 19:15:12,391 [pool-12-thread-1] INFO space.exploration.mars.rover.power.BatteryMonitor  - BatteryMonitor performing due diligence. SCET = 1513041312391 Rover state = Hibernating State
2017-12-11 19:15:12,391 [pool-12-thread-1] INFO space.exploration.mars.rover.power.BatteryMonitor  - Rover is in hibernating state, timeInRecharge = 14848 required = 60000
2017-12-11 19:15:42,391 [pool-12-thread-1] INFO space.exploration.mars.rover.power.BatteryMonitor  - BatteryMonitor performing due diligence. SCET = 1513041342391 Rover state = Hibernating State
2017-12-11 19:15:42,391 [pool-12-thread-1] INFO space.exploration.mars.rover.power.BatteryMonitor  - Rover is in hibernating state, timeInRecharge = 44848 required = 60000
2017-12-11 19:15:58,674 [pool-4-thread-1] ERROR space.exploration.mars.rover.diagnostics.Pacemaker  - Diagnostics inhibited because rover is in hibernating state. Current instructionQueue length = 3
2017-12-11 19:16:07,488 [Thread-2] INFO space.exploration.mars.rover.communication.Receiver  - Time Elapsed since last message = 61504
2017-12-11 19:16:07,555 [Thread-2] INFO space.exploration.mars.rover.sensor.PositionSensor  - ephemerisTime: 5.04965528183938E8
stateCuriosity: -2.19189001617E8
stateCuriosity: -1.13587369362E8
stateCuriosity: -4.2103037863E7
stateCuriosity: 28.498
stateCuriosity: -14.978
stateCuriosity: -7.05
owltMSLEarth: 835.367
stateEarth: 2.19218666756E8
stateEarth: 1.13602741965E8
stateEarth: 4.2108734272E7
stateEarth: -28.513
stateEarth: 14.975
stateEarth: 7.05
owltEarthMSL: 835.48
positionEarthWRTCuriosity: 2.19218666756E8
positionEarthWRTCuriosity: 1.13602741965E8
positionEarthWRTCuriosity: 4.2108734272E7
owltEarthMSL2: 835.48
angSepHGAEarth: 145.233
utcTime: "2016-01-02~00:11:00"
sol: 1211
sclkValue: " 1/01211:03:15:19:33770"

2017-12-11 19:16:07,555 [Thread-2] INFO space.exploration.mars.rover.communication.Radio  - One Way Light Time computed by SPICE :: 835.367
2017-12-11 19:16:07,568 [Thread-2] INFO space.exploration.mars.rover.kernel.HibernatingState  - In hibernating state's receiveMessage(), adding message to instruction queue
2017-12-11 19:16:12,391 [pool-12-thread-1] INFO space.exploration.mars.rover.power.BatteryMonitor  - BatteryMonitor performing due diligence. SCET = 1513041372391 Rover state = Hibernating State
2017-12-11 19:16:12,392 [pool-12-thread-1] INFO space.exploration.mars.rover.power.BatteryMonitor  - Rover is in hibernating state, timeInRecharge = 74849 required = 60000
2017-12-11 19:16:13,392 [pool-12-thread-1] INFO space.exploration.mars.rover.power.BatteryMonitor  - Battery Monitor restoring the rover to normal after recharge
2017-12-11 19:16:21,490 [pool-12-thread-1] INFO space.exploration.mars.rover.sensor.PositionSensor  - ephemerisTime: 5.04966308183938E8
stateCuriosity: -2.19166769368E8
stateCuriosity: -1.13599046571E8
stateCuriosity: -4.2108536326E7
stateCuriosity: 28.507
stateCuriosity: -14.964
stateCuriosity: -7.048
owltMSLEarth: 835.323
stateEarth: 2.19196423277E8
stateEarth: 1.13614416756E8
stateEarth: 4.2114232137E7
stateEarth: -28.522
stateEarth: 14.961
stateEarth: 7.047
owltEarthMSL: 835.436
positionEarthWRTCuriosity: 2.19196423277E8
positionEarthWRTCuriosity: 1.13614416756E8
positionEarthWRTCuriosity: 4.2114232137E7
owltEarthMSL2: 835.436
angSepHGAEarth: 143.625
utcTime: "2016-01-02~00:25:00"
sol: 1211
sclkValue: " 1/01211:03:27:58:46825"

2017-12-11 19:16:21,490 [pool-12-thread-1] INFO space.exploration.mars.rover.communication.Radio  - One Way Light Time computed by SPICE :: 835.323
2017-12-11 19:16:21,503 [pool-12-thread-1] INFO space.exploration.mars.rover.communication.Transmitter  - Sending information packet to curiosity_to_earth_5
2017-12-11 19:16:24,505 [pool-6-thread-1] INFO space.exploration.mars.rover.diagnostics.RoverGarbageCollector  - RoverGC trimming instructionQueue. Current length = 4
2017-12-11 19:16:24,506 [pool-6-thread-1] INFO space.exploration.mars.rover.kernel.ListeningState  - timeStamp: 1513041244468
targets {
  roverModule: 5
  estimatedPowerUsage: 30
  action: "Explore"
}

2017-12-11 19:16:30,537 [pool-6-thread-1] INFO space.exploration.mars.rover.kernel.ListeningState  - 1513041390537,5,Explore Current instructionQueue length = 3
2017-12-11 19:16:30,537 [pool-6-thread-1] INFO space.exploration.mars.rover.kernel.ListeningState  - Rover Curiosity is on a scientific mission!
2017-12-11 19:17:01,676 [pool-6-thread-1] INFO space.exploration.mars.rover.sensor.PositionSensor  - ephemerisTime: 5.04968768183939E8
stateCuriosity: -2.19096607989E8
stateCuriosity: -1.13635799189E8
stateCuriosity: -4.2125863505E7
stateCuriosity: 28.533
stateCuriosity: -14.916
stateCuriosity: -7.038
owltMSLEarth: 835.184
stateEarth: 2.19126227597E8
stateEarth: 1.13651162241E8
stateEarth: 4.2131557641E7
stateEarth: -28.547
stateEarth: 14.913
stateEarth: 7.038
owltEarthMSL: 835.296
positionEarthWRTCuriosity: 2.19126227597E8
positionEarthWRTCuriosity: 1.13651162241E8
positionEarthWRTCuriosity: 4.2131557641E7
owltEarthMSL2: 835.296
angSepHGAEarth: 137.976
utcTime: "2016-01-02~01:05:00"
sol: 1211
sclkValue: " 1/01211:04:07:52:64922"

2017-12-11 19:17:01,676 [pool-6-thread-1] INFO space.exploration.mars.rover.communication.Radio  - One Way Light Time computed by SPICE :: 835.184
2017-12-11 19:17:01,689 [pool-6-thread-1] INFO space.exploration.mars.rover.communication.Transmitter  - Sending information packet to curiosity_to_earth_5
2017-12-11 19:17:04,690 [pool-6-thread-1] INFO space.exploration.mars.rover.diagnostics.RoverGarbageCollector  - RoverGC trimming instructionQueue. Current length = 3
2017-12-11 19:17:04,690 [pool-13-thread-1] INFO space.exploration.mars.rover.power.BatteryMonitor  - BatteryMonitor performing due diligence. SCET = 1513041405393 Rover state = Listening State
2017-12-11 19:17:04,691 [pool-6-thread-1] INFO space.exploration.mars.rover.kernel.ListeningState  - timeStamp: 1513041182962
targets {
  roverModule: 1
  estimatedPowerUsage: 40
  action: "Move"
  auxiliaryData: "\n\006\b\336\002\020\226\001"
}

2017-12-11 19:17:08,990 [Thread-2] INFO space.exploration.mars.rover.communication.Receiver  - Time Elapsed since last message = 61502
2017-12-11 19:17:09,030 [Thread-2] INFO space.exploration.mars.rover.sensor.PositionSensor  - ephemerisTime: 5.04969188183939E8
stateCuriosity: -2.19084623112E8
stateCuriosity: -1.13642062207E8
stateCuriosity: -4.2128819132E7
stateCuriosity: 28.537
stateCuriosity: -14.908
stateCuriosity: -7.036
owltMSLEarth: 835.16
stateEarth: 2.19114237073E8
stateEarth: 1.13657424136E8
stateEarth: 4.213451302E7
stateEarth: -28.551
stateEarth: 14.905
stateEarth: 7.036
owltEarthMSL: 835.273
positionEarthWRTCuriosity: 2.19114237073E8
positionEarthWRTCuriosity: 1.13657424136E8
positionEarthWRTCuriosity: 4.213451302E7
owltEarthMSL2: 835.273
angSepHGAEarth: 136.944
utcTime: "2016-01-02~01:12:00"
sol: 1211
sclkValue: " 1/01211:04:14:41:41183"

2017-12-11 19:17:09,031 [Thread-2] INFO space.exploration.mars.rover.communication.Radio  - One Way Light Time computed by SPICE :: 835.16
2017-12-11 19:17:10,718 [pool-6-thread-1] INFO space.exploration.mars.rover.kernel.ListeningState  - 1513041430718,1,Move Current instructionQueue length = 2
2017-12-11 19:17:10,720 [pool-6-thread-1] ERROR space.exploration.mars.rover.power.Battery  - Battery insufficient at time = 1513041430720 Power requested = 100 Critical = false
2017-12-11 19:17:10,720 [pool-6-thread-1] ERROR space.exploration.mars.rover.kernel.ListeningState  - Going into hibernation from Listening state.
2017-12-11 19:17:10,720 [Thread-2] INFO space.exploration.mars.rover.kernel.HibernatingState  - In hibernating state's receiveMessage(), adding message to instruction queue
2017-12-11 19:17:10,724 [pool-13-thread-1] INFO space.exploration.mars.rover.power.BatteryMonitor  - Rover is in hibernating state, timeInRecharge = 4 required = 60000
2017-12-11 19:17:15,393 [pool-13-thread-1] INFO space.exploration.mars.rover.power.BatteryMonitor  - BatteryMonitor performing due diligence. SCET = 1513041435393 Rover state = Hibernating State
2017-12-11 19:17:15,393 [pool-13-thread-1] INFO space.exploration.mars.rover.power.BatteryMonitor  - Rover is in hibernating state, timeInRecharge = 4673 required = 60000
2017-12-11 19:17:45,393 [pool-13-thread-1] INFO space.exploration.mars.rover.power.BatteryMonitor  - BatteryMonitor performing due diligence. SCET = 1513041465393 Rover state = Hibernating State
2017-12-11 19:17:45,393 [pool-13-thread-1] INFO space.exploration.mars.rover.power.BatteryMonitor  - Rover is in hibernating state, timeInRecharge = 34673 required = 60000
2017-12-11 19:17:58,674 [pool-4-thread-1] ERROR space.exploration.mars.rover.diagnostics.Pacemaker  - Diagnostics inhibited because rover is in hibernating state. Current instructionQueue length = 4
2017-12-11 19:18:15,393 [pool-13-thread-1] INFO space.exploration.mars.rover.power.BatteryMonitor  - BatteryMonitor performing due diligence. SCET = 1513041495393 Rover state = Hibernating State
2017-12-11 19:18:15,393 [pool-13-thread-1] INFO space.exploration.mars.rover.power.BatteryMonitor  - Rover is in hibernating state, timeInRecharge = 64673 required = 60000
2017-12-11 19:18:16,393 [pool-13-thread-1] INFO space.exploration.mars.rover.power.BatteryMonitor  - Battery Monitor restoring the rover to normal after recharge
