1    [main] INFO  space.exploration.mars.rover.kernel.Rover  - Rover current position is = java.awt.Point[x=350,y=250]
1005 [main] INFO  space.exploration.mars.rover.sensor.Lidar  - Lidar initialized and ready!
2008 [main] INFO  space.exploration.mars.rover.sensor.Spectrometer  - Spectrometer initialized and ready!
3223 [main] INFO  space.exploration.mars.rover.sensor.Camera  - Camera initialized and ready!
4228 [main] INFO  space.exploration.mars.rover.sensor.Radar  - Radar configured:: 
5231 [main] INFO  space.exploration.mars.rover.power.Battery  - Battery configured, batteryLife:primaryPowerUnits = 10000 auxiliaryPowerUnits = 1000 alertThreshold: 100 rechargeTime = 60000
6235 [main] INFO  space.exploration.mars.rover.kernel.Rover  - Battery Monitor configured!
6441 [main] INFO  kafka.utils.VerifiableProperties  - Verifying properties
6461 [main] WARN  kafka.utils.VerifiableProperties  - Property auto.offset.reset is not valid
6461 [main] WARN  kafka.utils.VerifiableProperties  - Property destination.topic is not valid
6461 [main] WARN  kafka.utils.VerifiableProperties  - Property group.id is not valid
6462 [main] INFO  kafka.utils.VerifiableProperties  - Property metadata.broker.list is overridden to localhost:9092
6462 [main] WARN  kafka.utils.VerifiableProperties  - Property source.topic is not valid
6462 [main] WARN  kafka.utils.VerifiableProperties  - Property zookeeper.connect is not valid
6492 [main] INFO  kafka.utils.VerifiableProperties  - Verifying properties
6492 [main] INFO  kafka.utils.VerifiableProperties  - Property auto.offset.reset is overridden to largest
6493 [main] WARN  kafka.utils.VerifiableProperties  - Property destination.topic is not valid
6493 [main] INFO  kafka.utils.VerifiableProperties  - Property group.id is overridden to space.exploration.mars.rover
6493 [main] WARN  kafka.utils.VerifiableProperties  - Property metadata.broker.list is not valid
6493 [main] WARN  kafka.utils.VerifiableProperties  - Property source.topic is not valid
6493 [main] INFO  kafka.utils.VerifiableProperties  - Property zookeeper.connect is overridden to localhost:2181
6513 [main] INFO  kafka.consumer.ZookeeperConsumerConnector  - [space.exploration.mars.rover_zion-mainframe-1501680955701-ecc1c177], Connecting to zookeeper instance at localhost:2181
6518 [ZkClient-EventThread-22-localhost:2181] INFO  org.I0Itec.zkclient.ZkEventThread  - Starting ZkClient event thread.
6521 [main] INFO  org.apache.zookeeper.ZooKeeper  - Client environment:zookeeper.version=3.4.6-1569965, built on 02/20/2014 09:09 GMT
6521 [main] INFO  org.apache.zookeeper.ZooKeeper  - Client environment:host.name=zion-mainframe
6521 [main] INFO  org.apache.zookeeper.ZooKeeper  - Client environment:java.version=1.8.0_131
6521 [main] INFO  org.apache.zookeeper.ZooKeeper  - Client environment:java.vendor=Oracle Corporation
6521 [main] INFO  org.apache.zookeeper.ZooKeeper  - Client environment:java.home=/usr/lib/jvm/java-8-openjdk-amd64/jre
6521 [main] INFO  org.apache.zookeeper.ZooKeeper  - Client environment:java.class.path=/usr/lib/jvm/java-1.8.0-openjdk-amd64/jre/lib/charsets.jar:/usr/lib/jvm/java-1.8.0-openjdk-amd64/jre/lib/ext/cldrdata.jar:/usr/lib/jvm/java-1.8.0-openjdk-amd64/jre/lib/ext/dnsns.jar:/usr/lib/jvm/java-1.8.0-openjdk-amd64/jre/lib/ext/icedtea-sound.jar:/usr/lib/jvm/java-1.8.0-openjdk-amd64/jre/lib/ext/jaccess.jar:/usr/lib/jvm/java-1.8.0-openjdk-amd64/jre/lib/ext/localedata.jar:/usr/lib/jvm/java-1.8.0-openjdk-amd64/jre/lib/ext/nashorn.jar:/usr/lib/jvm/java-1.8.0-openjdk-amd64/jre/lib/ext/sunec.jar:/usr/lib/jvm/java-1.8.0-openjdk-amd64/jre/lib/ext/sunjce_provider.jar:/usr/lib/jvm/java-1.8.0-openjdk-amd64/jre/lib/ext/sunpkcs11.jar:/usr/lib/jvm/java-1.8.0-openjdk-amd64/jre/lib/ext/zipfs.jar:/usr/lib/jvm/java-1.8.0-openjdk-amd64/jre/lib/jce.jar:/usr/lib/jvm/java-1.8.0-openjdk-amd64/jre/lib/jsse.jar:/usr/lib/jvm/java-1.8.0-openjdk-amd64/jre/lib/management-agent.jar:/usr/lib/jvm/java-1.8.0-openjdk-amd64/jre/lib/resources.jar:/usr/lib/jvm/java-1.8.0-openjdk-amd64/jre/lib/rt.jar:/home/sanket/Documents/workspace/MarsRover/mars.rover/target/classes:/home/sanket/.m2/repository/com/google/protobuf/protobuf-java/3.2.0/protobuf-java-3.2.0.jar:/home/sanket/.m2/repository/org/apache/kafka/kafka_2.10/0.9.0.1/kafka_2.10-0.9.0.1.jar:/home/sanket/.m2/repository/com/101tec/zkclient/0.7/zkclient-0.7.jar:/home/sanket/.m2/repository/org/slf4j/slf4j-api/1.6.1/slf4j-api-1.6.1.jar:/home/sanket/.m2/repository/log4j/log4j/1.2.15/log4j-1.2.15.jar:/home/sanket/.m2/repository/javax/mail/mail/1.4/mail-1.4.jar:/home/sanket/.m2/repository/javax/activation/activation/1.1/activation-1.1.jar:/home/sanket/.m2/repository/org/apache/kafka/kafka-clients/0.9.0.1/kafka-clients-0.9.0.1.jar:/home/sanket/.m2/repository/org/xerial/snappy/snappy-java/1.1.1.7/snappy-java-1.1.1.7.jar:/home/sanket/.m2/repository/net/jpountz/lz4/lz4/1.2.0/lz4-1.2.0.jar:/home/sanket/.m2/repository/com/yammer/metrics/metrics-core/2.2.0/metrics-core-2.2.0.jar:/home/sanket/.m2/repository/org/scala-lang/scala-library/2.10.5/scala-library-2.10.5.jar:/home/sanket/.m2/repository/net/sf/jopt-simple/jopt-simple/3.2/jopt-simple-3.2.jar:/home/sanket/.m2/repository/org/slf4j/slf4j-log4j12/1.7.6/slf4j-log4j12-1.7.6.jar:/home/sanket/.m2/repository/org/apache/zookeeper/zookeeper/3.4.6/zookeeper-3.4.6.jar:/home/sanket/.m2/repository/jline/jline/0.9.94/jline-0.9.94.jar:/home/sanket/.m2/repository/io/netty/netty/3.7.0.Final/netty-3.7.0.Final.jar:/home/sanket/.m2/repository/org/tensorflow/tensorflow/1.1.0/tensorflow-1.1.0.jar:/home/sanket/.m2/repository/org/tensorflow/libtensorflow/1.1.0/libtensorflow-1.1.0.jar:/home/sanket/.m2/repository/org/tensorflow/libtensorflow_jni/1.1.0/libtensorflow_jni-1.1.0.jar:/home/sanket/Documents/Tools/intelliJ/idea-IC-171.4694.23/lib/idea_rt.jar
6521 [main] INFO  org.apache.zookeeper.ZooKeeper  - Client environment:java.library.path=/home/sanket/Documents/Tools/intelliJ/idea-IC-171.4694.23/bin::/usr/java/packages/lib/amd64:/usr/lib/x86_64-linux-gnu/jni:/lib/x86_64-linux-gnu:/usr/lib/x86_64-linux-gnu:/usr/lib/jni:/lib:/usr/lib
6521 [main] INFO  org.apache.zookeeper.ZooKeeper  - Client environment:java.io.tmpdir=/tmp
6521 [main] INFO  org.apache.zookeeper.ZooKeeper  - Client environment:java.compiler=<NA>
6521 [main] INFO  org.apache.zookeeper.ZooKeeper  - Client environment:os.name=Linux
6521 [main] INFO  org.apache.zookeeper.ZooKeeper  - Client environment:os.arch=amd64
6521 [main] INFO  org.apache.zookeeper.ZooKeeper  - Client environment:os.version=4.10.0-28-generic
6521 [main] INFO  org.apache.zookeeper.ZooKeeper  - Client environment:user.name=sanket
6521 [main] INFO  org.apache.zookeeper.ZooKeeper  - Client environment:user.home=/home/sanket
6521 [main] INFO  org.apache.zookeeper.ZooKeeper  - Client environment:user.dir=/home/sanket/Documents/workspace/MarsRover/mars.rover
6521 [main] INFO  org.apache.zookeeper.ZooKeeper  - Initiating client connection, connectString=localhost:2181 sessionTimeout=6000 watcher=org.I0Itec.zkclient.ZkClient@6f96c77
6529 [main] INFO  org.I0Itec.zkclient.ZkClient  - Waiting for keeper state SyncConnected
6531 [main-SendThread(localhost:2181)] INFO  org.apache.zookeeper.ClientCnxn  - Opening socket connection to server localhost/127.0.0.1:2181. Will not attempt to authenticate using SASL (unknown error)
6534 [main-SendThread(localhost:2181)] INFO  org.apache.zookeeper.ClientCnxn  - Socket connection established to localhost/127.0.0.1:2181, initiating session
6539 [main-SendThread(localhost:2181)] INFO  org.apache.zookeeper.ClientCnxn  - Session establishment complete on server localhost/127.0.0.1:2181, sessionid = 0x15d95e6b031000c, negotiated timeout = 6000
6540 [main-EventThread] INFO  org.I0Itec.zkclient.ZkClient  - zookeeper state changed (SyncConnected)
6546 [main] INFO  kafka.consumer.ZookeeperConsumerConnector  - [space.exploration.mars.rover_zion-mainframe-1501680955701-ecc1c177], starting auto committer every 60000 ms
6561 [Thread-2] INFO  kafka.consumer.ZookeeperConsumerConnector  - [space.exploration.mars.rover_zion-mainframe-1501680955701-ecc1c177], begin registering consumer space.exploration.mars.rover_zion-mainframe-1501680955701-ecc1c177 in ZK
6578 [Thread-2] INFO  kafka.utils.ZKCheckedEphemeral  - Creating /consumers/space.exploration.mars.rover/ids/space.exploration.mars.rover_zion-mainframe-1501680955701-ecc1c177 (is it secure? false)
6586 [Thread-2] INFO  kafka.utils.ZKCheckedEphemeral  - Result of znode creation is: OK
6586 [Thread-2] INFO  kafka.consumer.ZookeeperConsumerConnector  - [space.exploration.mars.rover_zion-mainframe-1501680955701-ecc1c177], end registering consumer space.exploration.mars.rover_zion-mainframe-1501680955701-ecc1c177 in ZK
6590 [space.exploration.mars.rover_zion-mainframe-1501680955701-ecc1c177_watcher_executor] INFO  kafka.consumer.ZookeeperConsumerConnector  - [space.exploration.mars.rover_zion-mainframe-1501680955701-ecc1c177], starting watcher executor thread for consumer space.exploration.mars.rover_zion-mainframe-1501680955701-ecc1c177
6603 [Thread-2] INFO  kafka.consumer.ZookeeperConsumerConnector  - [space.exploration.mars.rover_zion-mainframe-1501680955701-ecc1c177], begin rebalancing consumer space.exploration.mars.rover_zion-mainframe-1501680955701-ecc1c177 try #0
6683 [Thread-2] INFO  kafka.consumer.ConsumerFetcherManager  - [ConsumerFetcherManager-1501680955734] Stopping leader finder thread
6683 [Thread-2] INFO  kafka.consumer.ConsumerFetcherManager  - [ConsumerFetcherManager-1501680955734] Stopping all fetchers
6684 [Thread-2] INFO  kafka.consumer.ConsumerFetcherManager  - [ConsumerFetcherManager-1501680955734] All connections stopped
6684 [Thread-2] INFO  kafka.consumer.ZookeeperConsumerConnector  - [space.exploration.mars.rover_zion-mainframe-1501680955701-ecc1c177], Cleared all relevant queues for this fetcher
6685 [Thread-2] INFO  kafka.consumer.ZookeeperConsumerConnector  - [space.exploration.mars.rover_zion-mainframe-1501680955701-ecc1c177], Cleared the data chunks in all the consumer message iterators
6685 [Thread-2] INFO  kafka.consumer.ZookeeperConsumerConnector  - [space.exploration.mars.rover_zion-mainframe-1501680955701-ecc1c177], Committing all offsets after clearing the fetcher queues
6686 [Thread-2] INFO  kafka.consumer.ZookeeperConsumerConnector  - [space.exploration.mars.rover_zion-mainframe-1501680955701-ecc1c177], Releasing partition ownership
6711 [Thread-2] INFO  kafka.consumer.RangeAssignor  - Consumer space.exploration.mars.rover_zion-mainframe-1501680955701-ecc1c177 rebalancing the following partitions: ArrayBuffer(0) for topic secure_com_from_earth_channel_3 with consumers: List(space.exploration.mars.rover_zion-mainframe-1501680955701-ecc1c177-0)
6712 [Thread-2] INFO  kafka.consumer.RangeAssignor  - space.exploration.mars.rover_zion-mainframe-1501680955701-ecc1c177-0 attempting to claim partition 0
6740 [Thread-2] INFO  kafka.consumer.ZookeeperConsumerConnector  - [space.exploration.mars.rover_zion-mainframe-1501680955701-ecc1c177], space.exploration.mars.rover_zion-mainframe-1501680955701-ecc1c177-0 successfully owned partition 0 for topic secure_com_from_earth_channel_3
6767 [Thread-2] INFO  kafka.consumer.ZookeeperConsumerConnector  - [space.exploration.mars.rover_zion-mainframe-1501680955701-ecc1c177], Consumer space.exploration.mars.rover_zion-mainframe-1501680955701-ecc1c177 selected partitions : secure_com_from_earth_channel_3:0: fetched offset = 367: consumed offset = 367
6771 [Thread-2] INFO  kafka.consumer.ZookeeperConsumerConnector  - [space.exploration.mars.rover_zion-mainframe-1501680955701-ecc1c177], end rebalancing consumer space.exploration.mars.rover_zion-mainframe-1501680955701-ecc1c177 try #0
6774 [space.exploration.mars.rover_zion-mainframe-1501680955701-ecc1c177-leader-finder-thread] INFO  kafka.consumer.ConsumerFetcherManager$LeaderFinderThread  - [space.exploration.mars.rover_zion-mainframe-1501680955701-ecc1c177-leader-finder-thread], Starting 
6782 [space.exploration.mars.rover_zion-mainframe-1501680955701-ecc1c177-leader-finder-thread] INFO  kafka.utils.VerifiableProperties  - Verifying properties
6783 [space.exploration.mars.rover_zion-mainframe-1501680955701-ecc1c177-leader-finder-thread] INFO  kafka.utils.VerifiableProperties  - Property client.id is overridden to space.exploration.mars.rover
6783 [space.exploration.mars.rover_zion-mainframe-1501680955701-ecc1c177-leader-finder-thread] INFO  kafka.utils.VerifiableProperties  - Property metadata.broker.list is overridden to zion-mainframe:9092
6783 [space.exploration.mars.rover_zion-mainframe-1501680955701-ecc1c177-leader-finder-thread] INFO  kafka.utils.VerifiableProperties  - Property request.timeout.ms is overridden to 30000
6825 [space.exploration.mars.rover_zion-mainframe-1501680955701-ecc1c177-leader-finder-thread] INFO  kafka.client.ClientUtils$  - Fetching metadata from broker BrokerEndPoint(0,zion-mainframe,9092) with correlation id 0 for 1 topic(s) Set(secure_com_from_earth_channel_3)
6829 [space.exploration.mars.rover_zion-mainframe-1501680955701-ecc1c177-leader-finder-thread] INFO  kafka.producer.SyncProducer  - Connected to zion-mainframe:9092 for producing
6838 [space.exploration.mars.rover_zion-mainframe-1501680955701-ecc1c177-leader-finder-thread] INFO  kafka.producer.SyncProducer  - Disconnecting from zion-mainframe:9092
6848 [ConsumerFetcherThread-space.exploration.mars.rover_zion-mainframe-1501680955701-ecc1c177-0-0] INFO  kafka.consumer.ConsumerFetcherThread  - [ConsumerFetcherThread-space.exploration.mars.rover_zion-mainframe-1501680955701-ecc1c177-0-0], Starting 
6850 [space.exploration.mars.rover_zion-mainframe-1501680955701-ecc1c177-leader-finder-thread] INFO  kafka.consumer.ConsumerFetcherManager  - [ConsumerFetcherManager-1501680955734] Added fetcher for partitions ArrayBuffer([[secure_com_from_earth_channel_3,0], initOffset 367 to broker BrokerEndPoint(0,zion-mainframe,9092)] )
7548 [main] INFO  space.exploration.mars.rover.communication.Radio  - Radio configured:: 
metadata.broker.list::localhost:9092
source.topic::secure_com_from_earth_channel_3
auto.offset.reset::largest
group.id::space.exploration.mars.rover
destination.topic::secure_com_to_earth_channel_3
zookeeper.connect::localhost:2181
8549 [main] INFO  space.exploration.mars.rover.sensor.Radar  - Radar configured:: 
18166 [main] INFO  kafka.client.ClientUtils$  - Fetching metadata from broker BrokerEndPoint(0,localhost,9092) with correlation id 0 for 1 topic(s) Set(secure_com_to_earth_channel_3)
18168 [main] INFO  kafka.producer.SyncProducer  - Connected to localhost:9092 for producing
18171 [main] INFO  kafka.producer.SyncProducer  - Disconnecting from localhost:9092
18195 [main] INFO  kafka.producer.SyncProducer  - Connected to zion-mainframe:9092 for producing
35235 [pool-2-thread-1] INFO  space.exploration.mars.rover.power.Battery  - BatteryMonitor performing due diligence. SCET = 1501680984424
58063 [pool-1-thread-1] INFO  space.exploration.mars.rover.diagnostics.Pacemaker  - SCET: 1501681007193
equipmentHealth {
  key: "Battery"
  value: 1000
}
equipmentHealth {
  key: "Radio"
  value: 9999
}
equipmentHealth {
  key: "Lidar"
  value: 1000
}
equipmentHealth {
  key: "Camera"
  value: 1000
}
equipmentHealth {
  key: "Spectrometer"
  value: 1000
}
equipmentHealth {
  key: "Radar"
  value: 1000
}
batteryLevel: 9999
moduleReporting: 3
notes: "This is rover Curiosity. Sending HeartBeat!"
location {
  x: 350
  y: 250
}

65234 [pool-2-thread-1] INFO  space.exploration.mars.rover.power.Battery  - BatteryMonitor performing due diligence. SCET = 1501681014423
95234 [pool-2-thread-2] INFO  space.exploration.mars.rover.power.Battery  - BatteryMonitor performing due diligence. SCET = 1501681044423
118000 [pool-1-thread-1] INFO  space.exploration.mars.rover.diagnostics.Pacemaker  - SCET: 1501681067185
equipmentHealth {
  key: "Battery"
  value: 1000
}
equipmentHealth {
  key: "Radio"
  value: 9998
}
equipmentHealth {
  key: "Lidar"
  value: 1000
}
equipmentHealth {
  key: "Camera"
  value: 1000
}
equipmentHealth {
  key: "Spectrometer"
  value: 1000
}
equipmentHealth {
  key: "Radar"
  value: 1000
}
batteryLevel: 9998
moduleReporting: 3
notes: "This is rover Curiosity. Sending HeartBeat!"
location {
  x: 350
  y: 250
}

125234 [pool-2-thread-1] INFO  space.exploration.mars.rover.power.Battery  - BatteryMonitor performing due diligence. SCET = 1501681074423
155234 [pool-2-thread-1] INFO  space.exploration.mars.rover.power.Battery  - BatteryMonitor performing due diligence. SCET = 1501681104423
178009 [pool-1-thread-2] INFO  space.exploration.mars.rover.kernel.ListeningState  - timeStamp: 1501681059337
targets {
  roverModule: 1
  estimatedPowerUsage: 40
  action: "Move"
  auxiliaryData: "\n\006\b\341\001\020\372\001"
}

178174 [pool-1-thread-2] INFO  space.exploration.mars.rover.learning.ReinforcementLearner  -  rlEngine training triggered at SCET = 1501681127363 source = java.awt.Point[x=350,y=250] destination = java.awt.Point[x=225,y=250]
178310 [pool-1-thread-2] INFO  space.exploration.mars.rover.learning.ReinforcementLearner  -  rlEngine logging totalExplorationSteps = 168178
185234 [pool-2-thread-1] INFO  space.exploration.mars.rover.power.Battery  - BatteryMonitor performing due diligence. SCET = 1501681134423
199861 [pool-1-thread-2] INFO  space.exploration.mars.rover.diagnostics.Pacemaker  - SCET: 1501681149046
equipmentHealth {
  key: "Battery"
  value: 1000
}
equipmentHealth {
  key: "Radio"
  value: 9995
}
equipmentHealth {
  key: "Lidar"
  value: 1000
}
equipmentHealth {
  key: "Camera"
  value: 1000
}
equipmentHealth {
  key: "Spectrometer"
  value: 1000
}
equipmentHealth {
  key: "Radar"
  value: 1000
}
batteryLevel: 9897
moduleReporting: 3
notes: "This is rover Curiosity. Sending HeartBeat!"
location {
  x: 225
  y: 250
}

215234 [pool-2-thread-1] INFO  space.exploration.mars.rover.power.Battery  - BatteryMonitor performing due diligence. SCET = 1501681164423
237997 [pool-1-thread-1] INFO  space.exploration.mars.rover.kernel.ListeningState  - timeStamp: 1501681140992
targets {
  roverModule: 8
  estimatedPowerUsage: 10
  action: "ClickCamera"
}

241029 [pool-1-thread-1] INFO  space.exploration.mars.rover.kernel.PhotographingState  - SCET: 1501681190216
location {
  x: 225
  y: 250
}
batteryLevel: 9866
moduleReporting: 8
notes: "Camera wasn\'t able to take a shot. Sorry earth!"

245234 [pool-2-thread-1] INFO  space.exploration.mars.rover.power.Battery  - BatteryMonitor performing due diligence. SCET = 1501681194423
266173 [pool-1-thread-1] INFO  space.exploration.mars.rover.diagnostics.Pacemaker  - SCET: 1501681215338
equipmentHealth {
  key: "Battery"
  value: 1000
}
equipmentHealth {
  key: "Radio"
  value: 9992
}
equipmentHealth {
  key: "Lidar"
  value: 1000
}
equipmentHealth {
  key: "Camera"
  value: 999
}
equipmentHealth {
  key: "Spectrometer"
  value: 1000
}
equipmentHealth {
  key: "Radar"
  value: 1000
}
batteryLevel: 9866
moduleReporting: 3
notes: "This is rover Curiosity. Sending HeartBeat!"
location {
  x: 225
  y: 250
}

275234 [pool-2-thread-1] INFO  space.exploration.mars.rover.power.Battery  - BatteryMonitor performing due diligence. SCET = 1501681224423
297998 [pool-1-thread-3] INFO  space.exploration.mars.rover.diagnostics.Pacemaker  - SCET: 1501681247185
equipmentHealth {
  key: "Battery"
  value: 1000
}
equipmentHealth {
  key: "Radio"
  value: 9991
}
equipmentHealth {
  key: "Lidar"
  value: 1000
}
equipmentHealth {
  key: "Camera"
  value: 999
}
equipmentHealth {
  key: "Spectrometer"
  value: 1000
}
equipmentHealth {
  key: "Radar"
  value: 1000
}
batteryLevel: 9865
moduleReporting: 3
notes: "This is rover Curiosity. Sending HeartBeat!"
location {
  x: 225
  y: 250
}

305234 [pool-2-thread-1] INFO  space.exploration.mars.rover.power.Battery  - BatteryMonitor performing due diligence. SCET = 1501681254423
335234 [pool-2-thread-1] INFO  space.exploration.mars.rover.power.Battery  - BatteryMonitor performing due diligence. SCET = 1501681284423
357997 [pool-1-thread-3] INFO  space.exploration.mars.rover.kernel.ListeningState  - timeStamp: 1501681222494
targets {
  roverModule: 1
  estimatedPowerUsage: 40
  action: "Move"
  auxiliaryData: "\n\005\b2\020\302\003"
}

358127 [pool-1-thread-3] INFO  space.exploration.mars.rover.learning.ReinforcementLearner  -  rlEngine training triggered at SCET = 1501681307316 source = java.awt.Point[x=225,y=250] destination = java.awt.Point[x=50,y=450]
358268 [pool-1-thread-3] INFO  space.exploration.mars.rover.learning.ReinforcementLearner  -  rlEngine logging totalExplorationSteps = 238414
365234 [pool-2-thread-1] INFO  space.exploration.mars.rover.power.Battery  - BatteryMonitor performing due diligence. SCET = 1501681314423
395234 [pool-2-thread-1] INFO  space.exploration.mars.rover.power.Battery  - BatteryMonitor performing due diligence. SCET = 1501681344423
418000 [pool-1-thread-4] INFO  space.exploration.mars.rover.kernel.ListeningState  - timeStamp: 1501681303997
targets {
  roverModule: 9
  estimatedPowerUsage: 20
  action: "PerformRadarScan"
}

418001 [pool-1-thread-4] INFO  space.exploration.mars.rover.kernel.RadarScanningState  - Performing Radar Scan, current position = java.awt.Point[x=50,y=450]
418110 [pool-1-thread-4] INFO  space.exploration.mars.rover.sensor.Radar  - Rover position at RadarScan =>java.awt.Point[x=50,y=450]
418110 [pool-1-thread-4] INFO  space.exploration.mars.rover.sensor.Radar  - Rover position at RadarScan =>java.awt.Point[x=50,y=450]
418110 [pool-1-thread-4] INFO  space.exploration.mars.rover.sensor.Radar  - Rover position at RadarScan =>java.awt.Point[x=50,y=450]
418110 [pool-1-thread-4] INFO  space.exploration.mars.rover.sensor.Radar  - Rover position at RadarScan =>java.awt.Point[x=50,y=450]
418110 [pool-1-thread-4] INFO  space.exploration.mars.rover.sensor.Radar  - Rover position at RadarScan =>java.awt.Point[x=50,y=450]
418115 [Thread-4] INFO  space.exploration.mars.rover.environment.RadarContactBlip  - java.awt.Point[x=416,y=350]
418150 [Thread-5] INFO  space.exploration.mars.rover.environment.RadarContactBlip  - java.awt.Point[x=416,y=350]
418218 [Thread-6] INFO  space.exploration.mars.rover.environment.RadarContactBlip  - java.awt.Point[x=416,y=350]
425234 [pool-2-thread-1] INFO  space.exploration.mars.rover.power.Battery  - BatteryMonitor performing due diligence. SCET = 1501681374423
437577 [Thread-7] INFO  space.exploration.mars.rover.environment.RadarContactBlip  - java.awt.Point[x=449,y=250]
437639 [Thread-8] INFO  space.exploration.mars.rover.environment.RadarContactBlip  - java.awt.Point[x=482,y=217]
437641 [Thread-9] INFO  space.exploration.mars.rover.environment.RadarContactBlip  - java.awt.Point[x=449,y=250]
437702 [Thread-10] INFO  space.exploration.mars.rover.environment.RadarContactBlip  - java.awt.Point[x=482,y=217]
437702 [Thread-11] INFO  space.exploration.mars.rover.environment.RadarContactBlip  - java.awt.Point[x=449,y=250]
437950 [Thread-12] INFO  space.exploration.mars.rover.environment.RadarContactBlip  - java.awt.Point[x=465,y=250]
438015 [Thread-13] INFO  space.exploration.mars.rover.environment.RadarContactBlip  - java.awt.Point[x=465,y=250]
438047 [Thread-14] INFO  space.exploration.mars.rover.environment.RadarContactBlip  - java.awt.Point[x=465,y=250]
438760 [Thread-15] INFO  space.exploration.mars.rover.environment.RadarContactBlip  - java.awt.Point[x=647,y=184]
438792 [Thread-16] INFO  space.exploration.mars.rover.environment.RadarContactBlip  - java.awt.Point[x=647,y=184]
440580 [Thread-17] INFO  space.exploration.mars.rover.environment.RadarContactBlip  - java.awt.Point[x=416,y=350]
440613 [Thread-18] INFO  space.exploration.mars.rover.environment.RadarContactBlip  - java.awt.Point[x=416,y=350]
440675 [Thread-19] INFO  space.exploration.mars.rover.environment.RadarContactBlip  - java.awt.Point[x=416,y=350]
455234 [pool-2-thread-1] INFO  space.exploration.mars.rover.power.Battery  - BatteryMonitor performing due diligence. SCET = 1501681404423
460059 [Thread-20] INFO  space.exploration.mars.rover.environment.RadarContactBlip  - java.awt.Point[x=449,y=250]
460127 [Thread-22] INFO  space.exploration.mars.rover.environment.RadarContactBlip  - java.awt.Point[x=449,y=250]
460128 [Thread-21] INFO  space.exploration.mars.rover.environment.RadarContactBlip  - java.awt.Point[x=482,y=217]
460187 [Thread-23] INFO  space.exploration.mars.rover.environment.RadarContactBlip  - java.awt.Point[x=482,y=217]
460188 [Thread-24] INFO  space.exploration.mars.rover.environment.RadarContactBlip  - java.awt.Point[x=449,y=250]
460435 [Thread-25] INFO  space.exploration.mars.rover.environment.RadarContactBlip  - java.awt.Point[x=465,y=250]
460500 [Thread-26] INFO  space.exploration.mars.rover.environment.RadarContactBlip  - java.awt.Point[x=465,y=250]
460533 [Thread-27] INFO  space.exploration.mars.rover.environment.RadarContactBlip  - java.awt.Point[x=465,y=250]
461250 [Thread-28] INFO  space.exploration.mars.rover.environment.RadarContactBlip  - java.awt.Point[x=647,y=184]
461283 [Thread-29] INFO  space.exploration.mars.rover.environment.RadarContactBlip  - java.awt.Point[x=647,y=184]
463117 [pool-1-thread-4] INFO  space.exploration.mars.rover.sensor.Radar  - Rover position at RadarScan =>java.awt.Point[x=50,y=450]
463117 [pool-1-thread-4] INFO  space.exploration.mars.rover.sensor.Radar  - Rover position at RadarScan =>java.awt.Point[x=50,y=450]
463117 [pool-1-thread-4] INFO  space.exploration.mars.rover.sensor.Radar  - Rover position at RadarScan =>java.awt.Point[x=50,y=450]
463117 [pool-1-thread-4] INFO  space.exploration.mars.rover.sensor.Radar  - Rover position at RadarScan =>java.awt.Point[x=50,y=450]
463117 [pool-1-thread-4] INFO  space.exploration.mars.rover.sensor.Radar  - Rover position at RadarScan =>java.awt.Point[x=50,y=450]
479063 [pool-1-thread-1] INFO  space.exploration.mars.rover.kernel.ListeningState  - timeStamp: 1501681385503
targets {
  roverModule: 8
  estimatedPowerUsage: 10
  action: "ClickCamera"
}

482089 [pool-1-thread-1] INFO  space.exploration.mars.rover.kernel.PhotographingState  - SCET: 1501681431277
location {
  x: 50
  y: 450
}
batteryLevel: 9612
moduleReporting: 8
notes: "Camera wasn\'t able to take a shot. Sorry earth!"

485234 [pool-2-thread-1] INFO  space.exploration.mars.rover.power.Battery  - BatteryMonitor performing due diligence. SCET = 1501681434423
509502 [pool-1-thread-1] INFO  space.exploration.mars.rover.diagnostics.Pacemaker  - SCET: 1501681458687
equipmentHealth {
  key: "Battery"
  value: 1000
}
equipmentHealth {
  key: "Radio"
  value: 9984
}
equipmentHealth {
  key: "Lidar"
  value: 1000
}
equipmentHealth {
  key: "Camera"
  value: 998
}
equipmentHealth {
  key: "Spectrometer"
  value: 1000
}
equipmentHealth {
  key: "Radar"
  value: 998
}
batteryLevel: 9612
moduleReporting: 3
notes: "This is rover Curiosity. Sending HeartBeat!"
location {
  x: 50
  y: 450
}

515234 [pool-2-thread-1] INFO  space.exploration.mars.rover.power.Battery  - BatteryMonitor performing due diligence. SCET = 1501681464423
537997 [pool-1-thread-5] INFO  space.exploration.mars.rover.kernel.ListeningState  - timeStamp: 1501681467012
targets {
  roverModule: 8
  estimatedPowerUsage: 10
  action: "ClickCamera"
}

541018 [pool-1-thread-5] INFO  space.exploration.mars.rover.kernel.PhotographingState  - SCET: 1501681490207
location {
  x: 50
  y: 450
}
batteryLevel: 9581
moduleReporting: 8
notes: "Camera wasn\'t able to take a shot. Sorry earth!"

545234 [pool-2-thread-1] INFO  space.exploration.mars.rover.power.Battery  - BatteryMonitor performing due diligence. SCET = 1501681494423
566768 [pool-1-thread-5] INFO  space.exploration.mars.rover.diagnostics.Pacemaker  - SCET: 1501681515954
equipmentHealth {
  key: "Battery"
  value: 1000
}
equipmentHealth {
  key: "Radio"
  value: 9981
}
equipmentHealth {
  key: "Lidar"
  value: 1000
}
equipmentHealth {
  key: "Camera"
  value: 997
}
equipmentHealth {
  key: "Spectrometer"
  value: 1000
}
equipmentHealth {
  key: "Radar"
  value: 998
}
batteryLevel: 9581
moduleReporting: 3
notes: "This is rover Curiosity. Sending HeartBeat!"
location {
  x: 50
  y: 450
}

575234 [pool-2-thread-1] INFO  space.exploration.mars.rover.power.Battery  - BatteryMonitor performing due diligence. SCET = 1501681524423
598005 [pool-1-thread-6] INFO  space.exploration.mars.rover.diagnostics.Pacemaker  - SCET: 1501681547185
equipmentHealth {
  key: "Battery"
  value: 1000
}
equipmentHealth {
  key: "Radio"
  value: 9980
}
equipmentHealth {
  key: "Lidar"
  value: 1000
}
equipmentHealth {
  key: "Camera"
  value: 997
}
equipmentHealth {
  key: "Spectrometer"
  value: 1000
}
equipmentHealth {
  key: "Radar"
  value: 998
}
batteryLevel: 9580
moduleReporting: 3
notes: "This is rover Curiosity. Sending HeartBeat!"
location {
  x: 50
  y: 450
}

605234 [pool-2-thread-1] INFO  space.exploration.mars.rover.power.Battery  - BatteryMonitor performing due diligence. SCET = 1501681554423
622084 [Thread-2] INFO  space.exploration.mars.rover.kernel.ListeningState  - timeStamp: 1501681548518
targets {
  roverModule: 9
  estimatedPowerUsage: 20
  action: "PerformRadarScan"
}

622085 [Thread-2] INFO  space.exploration.mars.rover.kernel.RadarScanningState  - Performing Radar Scan, current position = java.awt.Point[x=50,y=450]
622181 [Thread-2] INFO  space.exploration.mars.rover.sensor.Radar  - Rover position at RadarScan =>java.awt.Point[x=50,y=450]
622181 [Thread-2] INFO  space.exploration.mars.rover.sensor.Radar  - Rover position at RadarScan =>java.awt.Point[x=50,y=450]
622181 [Thread-2] INFO  space.exploration.mars.rover.sensor.Radar  - Rover position at RadarScan =>java.awt.Point[x=50,y=450]
622182 [Thread-2] INFO  space.exploration.mars.rover.sensor.Radar  - Rover position at RadarScan =>java.awt.Point[x=50,y=450]
622182 [Thread-2] INFO  space.exploration.mars.rover.sensor.Radar  - Rover position at RadarScan =>java.awt.Point[x=50,y=450]
622183 [Thread-30] INFO  space.exploration.mars.rover.environment.RadarContactBlip  - java.awt.Point[x=416,y=350]
622213 [Thread-31] INFO  space.exploration.mars.rover.environment.RadarContactBlip  - java.awt.Point[x=416,y=350]
622275 [Thread-32] INFO  space.exploration.mars.rover.environment.RadarContactBlip  - java.awt.Point[x=416,y=350]
635234 [pool-2-thread-1] INFO  space.exploration.mars.rover.power.Battery  - BatteryMonitor performing due diligence. SCET = 1501681584423
641631 [Thread-33] INFO  space.exploration.mars.rover.environment.RadarContactBlip  - java.awt.Point[x=449,y=250]
641696 [Thread-34] INFO  space.exploration.mars.rover.environment.RadarContactBlip  - java.awt.Point[x=482,y=217]
641696 [Thread-35] INFO  space.exploration.mars.rover.environment.RadarContactBlip  - java.awt.Point[x=449,y=250]
641758 [Thread-36] INFO  space.exploration.mars.rover.environment.RadarContactBlip  - java.awt.Point[x=482,y=217]
641759 [Thread-37] INFO  space.exploration.mars.rover.environment.RadarContactBlip  - java.awt.Point[x=449,y=250]
642005 [Thread-38] INFO  space.exploration.mars.rover.environment.RadarContactBlip  - java.awt.Point[x=465,y=250]
642070 [Thread-39] INFO  space.exploration.mars.rover.environment.RadarContactBlip  - java.awt.Point[x=465,y=250]
642102 [Thread-40] INFO  space.exploration.mars.rover.environment.RadarContactBlip  - java.awt.Point[x=465,y=250]
642821 [Thread-41] INFO  space.exploration.mars.rover.environment.RadarContactBlip  - java.awt.Point[x=647,y=184]
642856 [Thread-42] INFO  space.exploration.mars.rover.environment.RadarContactBlip  - java.awt.Point[x=647,y=184]
644670 [Thread-43] INFO  space.exploration.mars.rover.environment.RadarContactBlip  - java.awt.Point[x=416,y=350]
644703 [Thread-44] INFO  space.exploration.mars.rover.environment.RadarContactBlip  - java.awt.Point[x=416,y=350]
644766 [Thread-45] INFO  space.exploration.mars.rover.environment.RadarContactBlip  - java.awt.Point[x=416,y=350]
664005 [Thread-46] INFO  space.exploration.mars.rover.environment.RadarContactBlip  - java.awt.Point[x=449,y=250]
664068 [Thread-47] INFO  space.exploration.mars.rover.environment.RadarContactBlip  - java.awt.Point[x=482,y=217]
664068 [Thread-48] INFO  space.exploration.mars.rover.environment.RadarContactBlip  - java.awt.Point[x=449,y=250]
664130 [Thread-49] INFO  space.exploration.mars.rover.environment.RadarContactBlip  - java.awt.Point[x=482,y=217]
664131 [Thread-50] INFO  space.exploration.mars.rover.environment.RadarContactBlip  - java.awt.Point[x=449,y=250]
664378 [Thread-51] INFO  space.exploration.mars.rover.environment.RadarContactBlip  - java.awt.Point[x=465,y=250]
664442 [Thread-52] INFO  space.exploration.mars.rover.environment.RadarContactBlip  - java.awt.Point[x=465,y=250]
664478 [Thread-53] INFO  space.exploration.mars.rover.environment.RadarContactBlip  - java.awt.Point[x=465,y=250]
665191 [Thread-54] INFO  space.exploration.mars.rover.environment.RadarContactBlip  - java.awt.Point[x=647,y=184]
665224 [Thread-55] INFO  space.exploration.mars.rover.environment.RadarContactBlip  - java.awt.Point[x=647,y=184]
665234 [pool-2-thread-1] INFO  space.exploration.mars.rover.power.Battery  - BatteryMonitor performing due diligence. SCET = 1501681614423
667051 [Thread-2] INFO  space.exploration.mars.rover.sensor.Radar  - Rover position at RadarScan =>java.awt.Point[x=50,y=450]
667051 [Thread-2] INFO  space.exploration.mars.rover.sensor.Radar  - Rover position at RadarScan =>java.awt.Point[x=50,y=450]
667051 [Thread-2] INFO  space.exploration.mars.rover.sensor.Radar  - Rover position at RadarScan =>java.awt.Point[x=50,y=450]
667051 [Thread-2] INFO  space.exploration.mars.rover.sensor.Radar  - Rover position at RadarScan =>java.awt.Point[x=50,y=450]
667051 [Thread-2] INFO  space.exploration.mars.rover.sensor.Radar  - Rover position at RadarScan =>java.awt.Point[x=50,y=450]
689438 [Thread-2] INFO  kafka.client.ClientUtils$  - Fetching metadata from broker BrokerEndPoint(0,localhost,9092) with correlation id 31 for 1 topic(s) Set(secure_com_to_earth_channel_3)
689440 [Thread-2] INFO  kafka.producer.SyncProducer  - Connected to localhost:9092 for producing
689442 [Thread-2] INFO  kafka.producer.SyncProducer  - Disconnecting from localhost:9092
689442 [Thread-2] INFO  kafka.producer.SyncProducer  - Disconnecting from zion-mainframe:9092
689446 [Thread-2] INFO  kafka.producer.SyncProducer  - Connected to zion-mainframe:9092 for producing
695234 [pool-2-thread-1] INFO  space.exploration.mars.rover.power.Battery  - BatteryMonitor performing due diligence. SCET = 1501681644423
714617 [Thread-2] INFO  space.exploration.mars.rover.kernel.ListeningState  - timeStamp: 1501681630023
targets {
  roverModule: 8
  estimatedPowerUsage: 10
  action: "ClickCamera"
}

717636 [Thread-2] INFO  space.exploration.mars.rover.kernel.PhotographingState  - SCET: 1501681666825
location {
  x: 50
  y: 450
}
batteryLevel: 9529
moduleReporting: 8
notes: "Camera wasn\'t able to take a shot. Sorry earth!"

725234 [pool-2-thread-1] INFO  space.exploration.mars.rover.power.Battery  - BatteryMonitor performing due diligence. SCET = 1501681674423
755234 [pool-2-thread-1] INFO  space.exploration.mars.rover.power.Battery  - BatteryMonitor performing due diligence. SCET = 1501681704423
773961 [Thread-2] INFO  space.exploration.mars.rover.kernel.ListeningState  - timeStamp: 1501681711529
targets {
  roverModule: 9
  estimatedPowerUsage: 20
  action: "PerformRadarScan"
}

773962 [Thread-2] INFO  space.exploration.mars.rover.kernel.RadarScanningState  - Performing Radar Scan, current position = java.awt.Point[x=50,y=450]
773990 [Thread-2] INFO  space.exploration.mars.rover.sensor.Radar  - Rover position at RadarScan =>java.awt.Point[x=50,y=450]
773998 [Thread-2] INFO  space.exploration.mars.rover.sensor.Radar  - Rover position at RadarScan =>java.awt.Point[x=50,y=450]
773998 [Thread-2] INFO  space.exploration.mars.rover.sensor.Radar  - Rover position at RadarScan =>java.awt.Point[x=50,y=450]
773998 [Thread-2] INFO  space.exploration.mars.rover.sensor.Radar  - Rover position at RadarScan =>java.awt.Point[x=50,y=450]
773998 [Thread-2] INFO  space.exploration.mars.rover.sensor.Radar  - Rover position at RadarScan =>java.awt.Point[x=50,y=450]
774117 [Thread-56] INFO  space.exploration.mars.rover.environment.RadarContactBlip  - java.awt.Point[x=416,y=350]
774151 [Thread-57] INFO  space.exploration.mars.rover.environment.RadarContactBlip  - java.awt.Point[x=416,y=350]
774213 [Thread-58] INFO  space.exploration.mars.rover.environment.RadarContactBlip  - java.awt.Point[x=416,y=350]
785234 [pool-2-thread-1] INFO  space.exploration.mars.rover.power.Battery  - BatteryMonitor performing due diligence. SCET = 1501681734423
793553 [Thread-59] INFO  space.exploration.mars.rover.environment.RadarContactBlip  - java.awt.Point[x=449,y=250]
793616 [Thread-60] INFO  space.exploration.mars.rover.environment.RadarContactBlip  - java.awt.Point[x=482,y=217]
793616 [Thread-61] INFO  space.exploration.mars.rover.environment.RadarContactBlip  - java.awt.Point[x=449,y=250]
793677 [Thread-62] INFO  space.exploration.mars.rover.environment.RadarContactBlip  - java.awt.Point[x=482,y=217]
793677 [Thread-63] INFO  space.exploration.mars.rover.environment.RadarContactBlip  - java.awt.Point[x=449,y=250]
793935 [Thread-64] INFO  space.exploration.mars.rover.environment.RadarContactBlip  - java.awt.Point[x=465,y=250]
793997 [Thread-65] INFO  space.exploration.mars.rover.environment.RadarContactBlip  - java.awt.Point[x=465,y=250]
794030 [Thread-66] INFO  space.exploration.mars.rover.environment.RadarContactBlip  - java.awt.Point[x=465,y=250]
794756 [Thread-67] INFO  space.exploration.mars.rover.environment.RadarContactBlip  - java.awt.Point[x=647,y=184]
794790 [Thread-68] INFO  space.exploration.mars.rover.environment.RadarContactBlip  - java.awt.Point[x=647,y=184]
796617 [Thread-69] INFO  space.exploration.mars.rover.environment.RadarContactBlip  - java.awt.Point[x=416,y=350]
796653 [Thread-70] INFO  space.exploration.mars.rover.environment.RadarContactBlip  - java.awt.Point[x=416,y=350]
796718 [Thread-71] INFO  space.exploration.mars.rover.environment.RadarContactBlip  - java.awt.Point[x=416,y=350]
815234 [pool-2-thread-1] INFO  space.exploration.mars.rover.power.Battery  - BatteryMonitor performing due diligence. SCET = 1501681764423
816080 [Thread-72] INFO  space.exploration.mars.rover.environment.RadarContactBlip  - java.awt.Point[x=449,y=250]
816143 [Thread-73] INFO  space.exploration.mars.rover.environment.RadarContactBlip  - java.awt.Point[x=482,y=217]
816146 [Thread-74] INFO  space.exploration.mars.rover.environment.RadarContactBlip  - java.awt.Point[x=449,y=250]
816207 [Thread-75] INFO  space.exploration.mars.rover.environment.RadarContactBlip  - java.awt.Point[x=482,y=217]
816208 [Thread-76] INFO  space.exploration.mars.rover.environment.RadarContactBlip  - java.awt.Point[x=449,y=250]
816459 [Thread-77] INFO  space.exploration.mars.rover.environment.RadarContactBlip  - java.awt.Point[x=465,y=250]
816524 [Thread-78] INFO  space.exploration.mars.rover.environment.RadarContactBlip  - java.awt.Point[x=465,y=250]
816558 [Thread-79] INFO  space.exploration.mars.rover.environment.RadarContactBlip  - java.awt.Point[x=465,y=250]
817275 [Thread-80] INFO  space.exploration.mars.rover.environment.RadarContactBlip  - java.awt.Point[x=647,y=184]
817307 [Thread-81] INFO  space.exploration.mars.rover.environment.RadarContactBlip  - java.awt.Point[x=647,y=184]
819116 [Thread-2] INFO  space.exploration.mars.rover.sensor.Radar  - Rover position at RadarScan =>java.awt.Point[x=50,y=450]
819116 [Thread-2] INFO  space.exploration.mars.rover.sensor.Radar  - Rover position at RadarScan =>java.awt.Point[x=50,y=450]
819116 [Thread-2] INFO  space.exploration.mars.rover.sensor.Radar  - Rover position at RadarScan =>java.awt.Point[x=50,y=450]
819116 [Thread-2] INFO  space.exploration.mars.rover.sensor.Radar  - Rover position at RadarScan =>java.awt.Point[x=50,y=450]
819117 [Thread-2] INFO  space.exploration.mars.rover.sensor.Radar  - Rover position at RadarScan =>java.awt.Point[x=50,y=450]
845234 [pool-2-thread-1] INFO  space.exploration.mars.rover.power.Battery  - BatteryMonitor performing due diligence. SCET = 1501681794423
865618 [Thread-2] INFO  space.exploration.mars.rover.kernel.ListeningState  - timeStamp: 1501681793042
targets {
  roverModule: 5
  estimatedPowerUsage: 30
  action: "Explore"
}

866619 [Thread-2] INFO  space.exploration.mars.rover.sensor.Spectrometer  - Spectrometer initialized and ready!
866621 [Thread-2] INFO  space.exploration.mars.rover.sensor.Spectrometer  -  Processing point = java.awt.Point[x=25,y=425] Composition =  Point = java.awt.Point[x=25,y=425] Composition =  Al2O3 = 0.39192292579086585 Na2O = 0.2588760246808457 FeO = 0.0742531976014142 MgO = 0.4747070811719433
866621 [Thread-2] INFO  space.exploration.mars.rover.sensor.Spectrometer  -  Processing point = java.awt.Point[x=25,y=450] Composition =  Point = java.awt.Point[x=25,y=450] Composition =  Al2O3 = 0.6847824537347225 Na2O = 0.7118692327759836 FeO = 0.4497777124478674 MgO = 0.37765306870398796
866621 [Thread-2] INFO  space.exploration.mars.rover.sensor.Spectrometer  -  Processing point = java.awt.Point[x=25,y=475] Composition =  Point = java.awt.Point[x=25,y=475] Composition =  Al2O3 = 0.4831274369996857 Na2O = 0.006653060985021675 FeO = 0.6454915357753033 MgO = 0.7813370199804152
866621 [Thread-2] INFO  space.exploration.mars.rover.sensor.Spectrometer  -  Processing point = java.awt.Point[x=50,y=425] Composition =  Point = java.awt.Point[x=50,y=425] Composition =  Al2O3 = 0.5552013782942963 Na2O = 0.44875411178920777 FeO = 0.20418156960374478 MgO = 0.48437351544424045
866622 [Thread-2] INFO  space.exploration.mars.rover.sensor.Spectrometer  -  Processing point = java.awt.Point[x=50,y=450] Composition =  Point = java.awt.Point[x=50,y=450] Composition =  Al2O3 = 0.6949363008441579 Na2O = 0.6109263731749058 FeO = 0.032051286572238345 MgO = 0.4479771640150445
866622 [Thread-2] INFO  space.exploration.mars.rover.sensor.Spectrometer  -  Processing point = java.awt.Point[x=50,y=475] Composition =  Point = java.awt.Point[x=50,y=475] Composition =  Al2O3 = 0.006572221960869396 Na2O = 0.15979471792418956 FeO = 0.7002855296242954 MgO = 0.3217432590327013
866622 [Thread-2] INFO  space.exploration.mars.rover.sensor.Spectrometer  -  Processing point = java.awt.Point[x=75,y=425] Composition =  Point = java.awt.Point[x=75,y=425] Composition =  Al2O3 = 0.43531714032180385 Na2O = 0.09420403961696727 FeO = 0.2259945269101447 MgO = 0.3630945589402368
866622 [Thread-2] INFO  space.exploration.mars.rover.sensor.Spectrometer  -  Processing point = java.awt.Point[x=75,y=450] Composition =  Point = java.awt.Point[x=75,y=450] Composition =  Al2O3 = 0.46459966311383705 Na2O = 0.480750224961072 FeO = 0.2810488374926255 MgO = 0.2836315551403556
866622 [Thread-2] INFO  space.exploration.mars.rover.sensor.Spectrometer  -  Processing point = java.awt.Point[x=75,y=475] Composition =  Point = java.awt.Point[x=75,y=475] Composition =  Al2O3 = 0.3286078984737046 Na2O = 0.3418530619086643 FeO = 0.5469223157708657 MgO = 0.7933319871170831
875234 [pool-2-thread-1] INFO  space.exploration.mars.rover.power.Battery  - BatteryMonitor performing due diligence. SCET = 1501681824423
905234 [pool-2-thread-1] INFO  space.exploration.mars.rover.power.Battery  - BatteryMonitor performing due diligence. SCET = 1501681854423
935234 [pool-2-thread-1] INFO  space.exploration.mars.rover.power.Battery  - BatteryMonitor performing due diligence. SCET = 1501681884423
947426 [Thread-2] INFO  space.exploration.mars.rover.kernel.ListeningState  - timeStamp: 1501681874549
targets {
  roverModule: 1
  estimatedPowerUsage: 40
  action: "Move"
  auxiliaryData: "\n\006\b\364\003\020\310\001"
}

947517 [Thread-2] INFO  space.exploration.mars.rover.learning.ReinforcementLearner  -  rlEngine training triggered at SCET = 1501681896706 source = java.awt.Point[x=50,y=450] destination = java.awt.Point[x=500,y=200]
947652 [Thread-2] INFO  space.exploration.mars.rover.learning.ReinforcementLearner  -  rlEngine logging totalExplorationSteps = 233219
965234 [pool-2-thread-1] INFO  space.exploration.mars.rover.power.Battery  - BatteryMonitor performing due diligence. SCET = 1501681914423
995234 [pool-2-thread-1] INFO  space.exploration.mars.rover.power.Battery  - BatteryMonitor performing due diligence. SCET = 1501681944423
1017998 [pool-1-thread-6] INFO  space.exploration.mars.rover.diagnostics.Pacemaker  - SCET: 1501681967185
equipmentHealth {
  key: "Battery"
  value: 1000
}
equipmentHealth {
  key: "Radio"
  value: 9969
}
equipmentHealth {
  key: "Lidar"
  value: 1000
}
equipmentHealth {
  key: "Camera"
  value: 996
}
equipmentHealth {
  key: "Spectrometer"
  value: 999
}
equipmentHealth {
  key: "Radar"
  value: 994
}
batteryLevel: 9128
moduleReporting: 3
notes: "This is rover Curiosity. Sending HeartBeat!"
location {
  x: 500
  y: 200
}

1025234 [pool-2-thread-1] INFO  space.exploration.mars.rover.power.Battery  - BatteryMonitor performing due diligence. SCET = 1501681974423
1055234 [pool-2-thread-1] INFO  space.exploration.mars.rover.power.Battery  - BatteryMonitor performing due diligence. SCET = 1501682004423
1077996 [pool-1-thread-6] INFO  space.exploration.mars.rover.kernel.ListeningState  - timeStamp: 1501681956056
targets {
  roverModule: 9
  estimatedPowerUsage: 20
  action: "PerformRadarScan"
}

1077997 [pool-1-thread-6] INFO  space.exploration.mars.rover.kernel.RadarScanningState  - Performing Radar Scan, current position = java.awt.Point[x=500,y=200]
1078099 [pool-1-thread-6] INFO  space.exploration.mars.rover.sensor.Radar  - Rover position at RadarScan =>java.awt.Point[x=500,y=200]
1078099 [pool-1-thread-6] INFO  space.exploration.mars.rover.sensor.Radar  - Rover position at RadarScan =>java.awt.Point[x=500,y=200]
1078099 [pool-1-thread-6] INFO  space.exploration.mars.rover.sensor.Radar  - Rover position at RadarScan =>java.awt.Point[x=500,y=200]
1078099 [pool-1-thread-6] INFO  space.exploration.mars.rover.sensor.Radar  - Rover position at RadarScan =>java.awt.Point[x=500,y=200]
1078099 [pool-1-thread-6] INFO  space.exploration.mars.rover.sensor.Radar  - Rover position at RadarScan =>java.awt.Point[x=500,y=200]
1085234 [pool-2-thread-1] INFO  space.exploration.mars.rover.power.Battery  - BatteryMonitor performing due diligence. SCET = 1501682034423
1086956 [Thread-82] INFO  space.exploration.mars.rover.environment.RadarContactBlip  - java.awt.Point[x=73,y=547]
1086987 [Thread-83] INFO  space.exploration.mars.rover.environment.RadarContactBlip  - java.awt.Point[x=73,y=547]
1088010 [Thread-84] INFO  space.exploration.mars.rover.environment.RadarContactBlip  - java.awt.Point[x=132,y=429]
1088136 [Thread-85] INFO  space.exploration.mars.rover.environment.RadarContactBlip  - java.awt.Point[x=112,y=429]
1088168 [Thread-86] INFO  space.exploration.mars.rover.environment.RadarContactBlip  - java.awt.Point[x=112,y=429]
1088634 [Thread-87] INFO  space.exploration.mars.rover.environment.RadarContactBlip  - java.awt.Point[x=152,y=389]
1088669 [Thread-88] INFO  space.exploration.mars.rover.environment.RadarContactBlip  - java.awt.Point[x=152,y=389]
1092196 [Thread-89] INFO  space.exploration.mars.rover.environment.RadarContactBlip  - java.awt.Point[x=0,y=0]
1109378 [Thread-90] INFO  space.exploration.mars.rover.environment.RadarContactBlip  - java.awt.Point[x=73,y=547]
1109409 [Thread-91] INFO  space.exploration.mars.rover.environment.RadarContactBlip  - java.awt.Point[x=73,y=547]
1110422 [Thread-92] INFO  space.exploration.mars.rover.environment.RadarContactBlip  - java.awt.Point[x=132,y=429]
1110544 [Thread-93] INFO  space.exploration.mars.rover.environment.RadarContactBlip  - java.awt.Point[x=112,y=429]
1110577 [Thread-94] INFO  space.exploration.mars.rover.environment.RadarContactBlip  - java.awt.Point[x=112,y=429]
1111041 [Thread-95] INFO  space.exploration.mars.rover.environment.RadarContactBlip  - java.awt.Point[x=152,y=389]
1111075 [Thread-96] INFO  space.exploration.mars.rover.environment.RadarContactBlip  - java.awt.Point[x=152,y=389]
1114613 [Thread-97] INFO  space.exploration.mars.rover.environment.RadarContactBlip  - java.awt.Point[x=0,y=0]
1115234 [pool-2-thread-1] INFO  space.exploration.mars.rover.power.Battery  - BatteryMonitor performing due diligence. SCET = 1501682064423
1122920 [pool-1-thread-6] INFO  space.exploration.mars.rover.sensor.Radar  - Rover position at RadarScan =>java.awt.Point[x=500,y=200]
1122920 [pool-1-thread-6] INFO  space.exploration.mars.rover.sensor.Radar  - Rover position at RadarScan =>java.awt.Point[x=500,y=200]
1122921 [pool-1-thread-6] INFO  space.exploration.mars.rover.sensor.Radar  - Rover position at RadarScan =>java.awt.Point[x=500,y=200]
1122921 [pool-1-thread-6] INFO  space.exploration.mars.rover.sensor.Radar  - Rover position at RadarScan =>java.awt.Point[x=500,y=200]
1122921 [pool-1-thread-6] INFO  space.exploration.mars.rover.sensor.Radar  - Rover position at RadarScan =>java.awt.Point[x=500,y=200]
1145234 [pool-2-thread-1] INFO  space.exploration.mars.rover.power.Battery  - BatteryMonitor performing due diligence. SCET = 1501682094423
1146097 [pool-1-thread-6] INFO  space.exploration.mars.rover.kernel.ListeningState  - timeStamp: 1501682037562
targets {
  roverModule: 8
  estimatedPowerUsage: 10
  action: "ClickCamera"
}

1149115 [pool-1-thread-6] INFO  space.exploration.mars.rover.kernel.PhotographingState  - SCET: 1501682098304
location {
  x: 500
  y: 200
}
batteryLevel: 9076
moduleReporting: 8
notes: "Camera wasn\'t able to take a shot. Sorry earth!"

1163643 [pool-1-thread-6] INFO  space.exploration.mars.rover.diagnostics.Pacemaker  - SCET: 1501682112829
equipmentHealth {
  key: "Battery"
  value: 1000
}
equipmentHealth {
  key: "Radio"
  value: 9964
}
equipmentHealth {
  key: "Lidar"
  value: 1000
}
equipmentHealth {
  key: "Camera"
  value: 995
}
equipmentHealth {
  key: "Spectrometer"
  value: 999
}
equipmentHealth {
  key: "Radar"
  value: 992
}
batteryLevel: 9076
moduleReporting: 3
notes: "This is rover Curiosity. Sending HeartBeat!"
location {
  x: 500
  y: 200
}

1175234 [pool-2-thread-1] INFO  space.exploration.mars.rover.power.Battery  - BatteryMonitor performing due diligence. SCET = 1501682124423
1190409 [Thread-2] INFO  space.exploration.mars.rover.kernel.ListeningState  - timeStamp: 1501682119069
targets {
  estimatedPowerUsage: 20
  action: "ScanArea"
}

1191410 [Thread-2] INFO  space.exploration.mars.rover.sensor.Lidar  - Lidar initialized and ready!
1191410 [Thread-2] INFO  space.exploration.mars.rover.sensor.Lidar  - Wallbuilder set for lidar
1191411 [Thread-2] INFO  space.exploration.mars.rover.sensor.Lidar  -  Scanning at location = java.awt.Point[x=500,y=200] Length of contacts  = 0
1205234 [pool-2-thread-1] INFO  space.exploration.mars.rover.power.Battery  - BatteryMonitor performing due diligence. SCET = 1501682154423
1235234 [pool-2-thread-1] INFO  space.exploration.mars.rover.power.Battery  - BatteryMonitor performing due diligence. SCET = 1501682184423
1257998 [pool-1-thread-6] INFO  space.exploration.mars.rover.diagnostics.Pacemaker  - SCET: 1501682207184
equipmentHealth {
  key: "Battery"
  value: 1000
}
equipmentHealth {
  key: "Radio"
  value: 9961
}
equipmentHealth {
  key: "Lidar"
  value: 999
}
equipmentHealth {
  key: "Camera"
  value: 995
}
equipmentHealth {
  key: "Spectrometer"
  value: 999
}
equipmentHealth {
  key: "Radar"
  value: 992
}
batteryLevel: 9049
moduleReporting: 3
notes: "This is rover Curiosity. Sending HeartBeat!"
location {
  x: 500
  y: 200
}

1265234 [pool-2-thread-1] INFO  space.exploration.mars.rover.power.Battery  - BatteryMonitor performing due diligence. SCET = 1501682214423
1295234 [pool-2-thread-1] INFO  space.exploration.mars.rover.power.Battery  - BatteryMonitor performing due diligence. SCET = 1501682244423
1317996 [pool-1-thread-6] INFO  space.exploration.mars.rover.kernel.ListeningState  - timeStamp: 1501682200574
targets {
  roverModule: 5
  estimatedPowerUsage: 30
  action: "Explore"
}

1318997 [pool-1-thread-6] INFO  space.exploration.mars.rover.sensor.Spectrometer  - Spectrometer initialized and ready!
1318997 [pool-1-thread-6] INFO  space.exploration.mars.rover.sensor.Spectrometer  -  Processing point = java.awt.Point[x=475,y=175] Composition =  Point = java.awt.Point[x=475,y=175] Composition =  Al2O3 = 0.7976454401275687 Na2O = 0.24956622307165227 FeO = 0.03919548695014657 MgO = 0.08101921347716329
1318997 [pool-1-thread-6] INFO  space.exploration.mars.rover.sensor.Spectrometer  -  Processing point = java.awt.Point[x=475,y=200] Composition =  Point = java.awt.Point[x=475,y=200] Composition =  Al2O3 = 0.19385903500430057 Na2O = 0.45330149371337963 FeO = 0.5922286659504574 MgO = 0.10747799320858792
1318998 [pool-1-thread-6] INFO  space.exploration.mars.rover.sensor.Spectrometer  -  Processing point = java.awt.Point[x=475,y=225] Composition =  Point = java.awt.Point[x=475,y=225] Composition =  Al2O3 = 0.487219099702968 Na2O = 0.2183872908852177 FeO = 0.7333257781320204 MgO = 0.6464662401807494
1318998 [pool-1-thread-6] INFO  space.exploration.mars.rover.sensor.Spectrometer  -  Processing point = java.awt.Point[x=500,y=175] Composition =  Point = java.awt.Point[x=500,y=175] Composition =  Al2O3 = 0.3665980723282255 Na2O = 0.21818564440416505 FeO = 0.5434787812110249 MgO = 0.22868364829947885
1318998 [pool-1-thread-6] INFO  space.exploration.mars.rover.sensor.Spectrometer  -  Processing point = java.awt.Point[x=500,y=200] Composition =  Point = java.awt.Point[x=500,y=200] Composition =  Al2O3 = 0.5426018371898119 Na2O = 0.5481299078900866 FeO = 0.2051489042240988 MgO = 0.6391838242029536
1318998 [pool-1-thread-6] INFO  space.exploration.mars.rover.sensor.Spectrometer  -  Processing point = java.awt.Point[x=500,y=225] Composition =  Point = java.awt.Point[x=500,y=225] Composition =  Al2O3 = 0.6436579519446854 Na2O = 0.08479702385149164 FeO = 0.006722458113228758 MgO = 0.34438617605646393
1318999 [pool-1-thread-6] INFO  space.exploration.mars.rover.sensor.Spectrometer  -  Processing point = java.awt.Point[x=525,y=175] Composition =  Point = java.awt.Point[x=525,y=175] Composition =  Al2O3 = 0.09685522144747392 Na2O = 0.5760685231243893 FeO = 0.10436873734764501 MgO = 0.26879590395348457
1318999 [pool-1-thread-6] INFO  space.exploration.mars.rover.sensor.Spectrometer  -  Processing point = java.awt.Point[x=525,y=200] Composition =  Point = java.awt.Point[x=525,y=200] Composition =  Al2O3 = 0.7952552492967695 Na2O = 0.18291019438389836 FeO = 0.4898013582881343 MgO = 0.37216474165998953
1318999 [pool-1-thread-6] INFO  space.exploration.mars.rover.sensor.Spectrometer  -  Processing point = java.awt.Point[x=525,y=225] Composition =  Point = java.awt.Point[x=525,y=225] Composition =  Al2O3 = 0.4357617784276549 Na2O = 0.7231162055682776 FeO = 0.5242165953733572 MgO = 0.5711754889080121
1325234 [pool-2-thread-1] INFO  space.exploration.mars.rover.power.Battery  - BatteryMonitor performing due diligence. SCET = 1501682274423
1355234 [pool-2-thread-1] INFO  space.exploration.mars.rover.power.Battery  - BatteryMonitor performing due diligence. SCET = 1501682304423
1364186 [pool-1-thread-6] INFO  kafka.client.ClientUtils$  - Fetching metadata from broker BrokerEndPoint(0,localhost,9092) with correlation id 54 for 1 topic(s) Set(secure_com_to_earth_channel_3)
1364187 [pool-1-thread-6] INFO  kafka.producer.SyncProducer  - Connected to localhost:9092 for producing
1364189 [pool-1-thread-6] INFO  kafka.producer.SyncProducer  - Disconnecting from localhost:9092
1364189 [pool-1-thread-6] INFO  kafka.producer.SyncProducer  - Disconnecting from zion-mainframe:9092
1364192 [pool-1-thread-6] INFO  kafka.producer.SyncProducer  - Connected to zion-mainframe:9092 for producing
1377996 [pool-1-thread-4] INFO  space.exploration.mars.rover.kernel.ListeningState  - timeStamp: 1501682282079
targets {
  roverModule: 8
  estimatedPowerUsage: 10
  action: "ClickCamera"
}

1381017 [pool-1-thread-4] INFO  space.exploration.mars.rover.kernel.PhotographingState  - SCET: 1501682330206
location {
  x: 500
  y: 200
}
batteryLevel: 8972
moduleReporting: 8
notes: "Camera wasn\'t able to take a shot. Sorry earth!"

1385234 [pool-2-thread-1] INFO  space.exploration.mars.rover.power.Battery  - BatteryMonitor performing due diligence. SCET = 1501682334423
1393712 [pool-1-thread-4] INFO  space.exploration.mars.rover.diagnostics.Pacemaker  - SCET: 1501682342898
equipmentHealth {
  key: "Battery"
  value: 1000
}
equipmentHealth {
  key: "Radio"
  value: 9956
}
equipmentHealth {
  key: "Lidar"
  value: 999
}
equipmentHealth {
  key: "Camera"
  value: 994
}
equipmentHealth {
  key: "Spectrometer"
  value: 998
}
equipmentHealth {
  key: "Radar"
  value: 992
}
batteryLevel: 8972
moduleReporting: 3
notes: "This is rover Curiosity. Sending HeartBeat!"
location {
  x: 500
  y: 200
}

1415234 [pool-2-thread-1] INFO  space.exploration.mars.rover.power.Battery  - BatteryMonitor performing due diligence. SCET = 1501682364423
1430812 [Thread-2] INFO  space.exploration.mars.rover.kernel.ListeningState  - timeStamp: 1501682363584
targets {
  roverModule: 1
  estimatedPowerUsage: 40
  action: "Move"
  auxiliaryData: "\n\006\b\305\002\020\223\002"
}

1430904 [Thread-2] INFO  space.exploration.mars.rover.learning.ReinforcementLearner  -  rlEngine training triggered at SCET = 1501682380093 source = java.awt.Point[x=500,y=200] destination = java.awt.Point[x=325,y=275]
1431025 [Thread-2] INFO  space.exploration.mars.rover.learning.ReinforcementLearner  -  rlEngine logging totalExplorationSteps = 221897
1445234 [pool-2-thread-1] INFO  space.exploration.mars.rover.power.Battery  - BatteryMonitor performing due diligence. SCET = 1501682394423
1475234 [pool-2-thread-1] INFO  space.exploration.mars.rover.power.Battery  - BatteryMonitor performing due diligence. SCET = 1501682424423
1497997 [pool-1-thread-4] INFO  space.exploration.mars.rover.diagnostics.Pacemaker  - SCET: 1501682447185
solNumber: 1
equipmentHealth {
  key: "Battery"
  value: 1000
}
equipmentHealth {
  key: "Radio"
  value: 9953
}
equipmentHealth {
  key: "Lidar"
  value: 999
}
equipmentHealth {
  key: "Camera"
  value: 994
}
equipmentHealth {
  key: "Spectrometer"
  value: 998
}
equipmentHealth {
  key: "Radar"
  value: 992
}
batteryLevel: 8820
moduleReporting: 3
notes: "This is rover Curiosity. Sending HeartBeat!"
location {
  x: 325
  y: 275
}

1505234 [pool-2-thread-1] INFO  space.exploration.mars.rover.power.Battery  - BatteryMonitor performing due diligence. SCET = 1501682454423
1522486 [Thread-2] INFO  space.exploration.mars.rover.kernel.ListeningState  - timeStamp: 1501682445096
targets {
  roverModule: 9
  estimatedPowerUsage: 20
  action: "PerformRadarScan"
}

1522487 [Thread-2] INFO  space.exploration.mars.rover.kernel.RadarScanningState  - Performing Radar Scan, current position = java.awt.Point[x=325,y=275]
1522520 [Thread-2] INFO  space.exploration.mars.rover.sensor.Radar  - Rover position at RadarScan =>java.awt.Point[x=325,y=275]
1522521 [Thread-2] INFO  space.exploration.mars.rover.sensor.Radar  - Rover position at RadarScan =>java.awt.Point[x=325,y=275]
1522521 [Thread-2] INFO  space.exploration.mars.rover.sensor.Radar  - Rover position at RadarScan =>java.awt.Point[x=325,y=275]
1522521 [Thread-2] INFO  space.exploration.mars.rover.sensor.Radar  - Rover position at RadarScan =>java.awt.Point[x=325,y=275]
1522521 [Thread-2] INFO  space.exploration.mars.rover.sensor.Radar  - Rover position at RadarScan =>java.awt.Point[x=325,y=275]
1530836 [Thread-98] INFO  space.exploration.mars.rover.environment.RadarContactBlip  - java.awt.Point[x=109,y=590]
1530870 [Thread-99] INFO  space.exploration.mars.rover.environment.RadarContactBlip  - java.awt.Point[x=109,y=590]
1532780 [Thread-100] INFO  space.exploration.mars.rover.environment.RadarContactBlip  - java.awt.Point[x=212,y=384]
1532813 [Thread-101] INFO  space.exploration.mars.rover.environment.RadarContactBlip  - java.awt.Point[x=212,y=384]
1532998 [Thread-102] INFO  space.exploration.mars.rover.environment.RadarContactBlip  - java.awt.Point[x=178,y=384]
1533029 [Thread-103] INFO  space.exploration.mars.rover.environment.RadarContactBlip  - java.awt.Point[x=178,y=384]
1534921 [Thread-104] INFO  space.exploration.mars.rover.environment.RadarContactBlip  - java.awt.Point[x=246,y=315]
1534952 [Thread-105] INFO  space.exploration.mars.rover.environment.RadarContactBlip  - java.awt.Point[x=246,y=315]
1535234 [pool-2-thread-1] INFO  space.exploration.mars.rover.power.Battery  - BatteryMonitor performing due diligence. SCET = 1501682484423
1543434 [Thread-106] INFO  space.exploration.mars.rover.environment.RadarContactBlip  - java.awt.Point[x=590,y=246]
1553131 [Thread-107] INFO  space.exploration.mars.rover.environment.RadarContactBlip  - java.awt.Point[x=109,y=590]
1553163 [Thread-108] INFO  space.exploration.mars.rover.environment.RadarContactBlip  - java.awt.Point[x=109,y=590]
1555059 [Thread-109] INFO  space.exploration.mars.rover.environment.RadarContactBlip  - java.awt.Point[x=212,y=384]
1555094 [Thread-110] INFO  space.exploration.mars.rover.environment.RadarContactBlip  - java.awt.Point[x=212,y=384]
1555279 [Thread-111] INFO  space.exploration.mars.rover.environment.RadarContactBlip  - java.awt.Point[x=178,y=384]
1555310 [Thread-112] INFO  space.exploration.mars.rover.environment.RadarContactBlip  - java.awt.Point[x=178,y=384]
1557181 [Thread-113] INFO  space.exploration.mars.rover.environment.RadarContactBlip  - java.awt.Point[x=246,y=315]
1557218 [Thread-114] INFO  space.exploration.mars.rover.environment.RadarContactBlip  - java.awt.Point[x=246,y=315]
1565234 [pool-2-thread-1] INFO  space.exploration.mars.rover.power.Battery  - BatteryMonitor performing due diligence. SCET = 1501682514423
1565696 [Thread-115] INFO  space.exploration.mars.rover.environment.RadarContactBlip  - java.awt.Point[x=590,y=246]
1567186 [Thread-2] INFO  space.exploration.mars.rover.sensor.Radar  - Rover position at RadarScan =>java.awt.Point[x=325,y=275]
1567187 [Thread-2] INFO  space.exploration.mars.rover.sensor.Radar  - Rover position at RadarScan =>java.awt.Point[x=325,y=275]
1567187 [Thread-2] INFO  space.exploration.mars.rover.sensor.Radar  - Rover position at RadarScan =>java.awt.Point[x=325,y=275]
1567187 [Thread-2] INFO  space.exploration.mars.rover.sensor.Radar  - Rover position at RadarScan =>java.awt.Point[x=325,y=275]
1567187 [Thread-2] INFO  space.exploration.mars.rover.sensor.Radar  - Rover position at RadarScan =>java.awt.Point[x=325,y=275]
1595234 [pool-2-thread-1] INFO  space.exploration.mars.rover.power.Battery  - BatteryMonitor performing due diligence. SCET = 1501682544423
1608068 [Thread-2] INFO  space.exploration.mars.rover.kernel.ListeningState  - timeStamp: 1501682526603
targets {
  roverModule: 8
  estimatedPowerUsage: 10
  action: "ClickCamera"
}

1611082 [Thread-2] INFO  space.exploration.mars.rover.kernel.PhotographingState  - SCET: 1501682560271
solNumber: 1
location {
  x: 325
  y: 275
}
batteryLevel: 8769
moduleReporting: 8
notes: "Camera wasn\'t able to take a shot. Sorry earth!"

1625234 [pool-2-thread-1] INFO  space.exploration.mars.rover.power.Battery  - BatteryMonitor performing due diligence. SCET = 1501682574423
1655234 [pool-2-thread-1] INFO  space.exploration.mars.rover.power.Battery  - BatteryMonitor performing due diligence. SCET = 1501682604423
1669653 [Thread-2] INFO  space.exploration.mars.rover.kernel.ListeningState  - timeStamp: 1501682608107
targets {
  estimatedPowerUsage: 20
  action: "ScanArea"
}

1670654 [Thread-2] INFO  space.exploration.mars.rover.sensor.Lidar  - Lidar initialized and ready!
1670654 [Thread-2] INFO  space.exploration.mars.rover.sensor.Lidar  - Wallbuilder set for lidar
1670655 [Thread-2] INFO  space.exploration.mars.rover.sensor.Lidar  -  Scanning at location = java.awt.Point[x=325,y=275] Length of contacts  = 0
1685234 [pool-2-thread-1] INFO  space.exploration.mars.rover.power.Battery  - BatteryMonitor performing due diligence. SCET = 1501682634423
1715234 [pool-2-thread-1] INFO  space.exploration.mars.rover.power.Battery  - BatteryMonitor performing due diligence. SCET = 1501682664423
1737997 [pool-1-thread-4] INFO  space.exploration.mars.rover.diagnostics.Pacemaker  - SCET: 1501682687184
solNumber: 1
equipmentHealth {
  key: "Battery"
  value: 1000
}
equipmentHealth {
  key: "Radio"
  value: 9946
}
equipmentHealth {
  key: "Lidar"
  value: 998
}
equipmentHealth {
  key: "Camera"
  value: 993
}
equipmentHealth {
  key: "Spectrometer"
  value: 998
}
equipmentHealth {
  key: "Radar"
  value: 990
}
batteryLevel: 8741
moduleReporting: 3
notes: "This is rover Curiosity. Sending HeartBeat!"
location {
  x: 325
  y: 275
}

1745234 [pool-2-thread-1] INFO  space.exploration.mars.rover.power.Battery  - BatteryMonitor performing due diligence. SCET = 1501682694423
1762050 [Thread-2] INFO  space.exploration.mars.rover.kernel.ListeningState  - timeStamp: 1501682689612
targets {
  estimatedPowerUsage: 20
  action: "ScanArea"
}

1763051 [Thread-2] INFO  space.exploration.mars.rover.sensor.Lidar  - Lidar initialized and ready!
1763052 [Thread-2] INFO  space.exploration.mars.rover.sensor.Lidar  - Wallbuilder set for lidar
1763052 [Thread-2] INFO  space.exploration.mars.rover.sensor.Lidar  -  Scanning at location = java.awt.Point[x=325,y=275] Length of contacts  = 0
1775234 [pool-2-thread-1] INFO  space.exploration.mars.rover.power.Battery  - BatteryMonitor performing due diligence. SCET = 1501682724423
1797998 [pool-1-thread-4] INFO  space.exploration.mars.rover.diagnostics.Pacemaker  - SCET: 1501682747185
solNumber: 1
equipmentHealth {
  key: "Battery"
  value: 1000
}
equipmentHealth {
  key: "Radio"
  value: 9943
}
equipmentHealth {
  key: "Lidar"
  value: 997
}
equipmentHealth {
  key: "Camera"
  value: 993
}
equipmentHealth {
  key: "Spectrometer"
  value: 998
}
equipmentHealth {
  key: "Radar"
  value: 990
}
batteryLevel: 8715
moduleReporting: 3
notes: "This is rover Curiosity. Sending HeartBeat!"
location {
  x: 325
  y: 275
}

1805234 [pool-2-thread-1] INFO  space.exploration.mars.rover.power.Battery  - BatteryMonitor performing due diligence. SCET = 1501682754423
1835234 [pool-2-thread-1] INFO  space.exploration.mars.rover.power.Battery  - BatteryMonitor performing due diligence. SCET = 1501682784423
1848549 [Thread-2] INFO  space.exploration.mars.rover.kernel.ListeningState  - timeStamp: 1501682771117
targets {
  roverModule: 8
  estimatedPowerUsage: 10
  action: "ClickCamera"
}

