2017-12-06 21:20:17,258 [main] INFO space.exploration.mars.rover.kernel.SpacecraftClock  - Curiosity internal spacecraft clock started at :: 2016-01-05T00:00:00.000-06:00
2017-12-06 21:20:17,259 [main] INFO space.exploration.mars.rover.kernel.SpacecraftClock  - Mission duration is set to :: 1 year(s).
2017-12-06 21:20:17,259 [main] INFO space.exploration.mars.rover.kernel.SpacecraftClock  - Mission duration = 31536000000
2017-12-06 21:20:30,126 [main] INFO org.apache.kafka.clients.producer.ProducerConfig  - ProducerConfig values: 
	metric.reporters = []
	metadata.max.age.ms = 300000
	reconnect.backoff.ms = 50
	sasl.kerberos.ticket.renew.window.factor = 0.8
	bootstrap.servers = [localhost:9092]
	ssl.keystore.type = JKS
	sasl.mechanism = GSSAPI
	max.block.ms = 60000
	interceptor.classes = null
	ssl.truststore.password = null
	client.id = 
	ssl.endpoint.identification.algorithm = null
	request.timeout.ms = 30000
	acks = 1
	receive.buffer.bytes = 32768
	ssl.truststore.type = JKS
	retries = 0
	ssl.truststore.location = null
	ssl.keystore.password = null
	send.buffer.bytes = 131072
	compression.type = none
	metadata.fetch.timeout.ms = 60000
	retry.backoff.ms = 100
	sasl.kerberos.kinit.cmd = /usr/bin/kinit
	buffer.memory = 33554432
	timeout.ms = 30000
	key.serializer = class org.apache.kafka.common.serialization.StringSerializer
	sasl.kerberos.service.name = null
	sasl.kerberos.ticket.renew.jitter = 0.05
	ssl.trustmanager.algorithm = PKIX
	block.on.buffer.full = false
	ssl.key.password = null
	sasl.kerberos.min.time.before.relogin = 60000
	connections.max.idle.ms = 540000
	max.in.flight.requests.per.connection = 5
	metrics.num.samples = 2
	ssl.protocol = TLS
	ssl.provider = null
	ssl.enabled.protocols = [TLSv1.2, TLSv1.1, TLSv1]
	batch.size = 16384
	ssl.keystore.location = null
	ssl.cipher.suites = null
	security.protocol = PLAINTEXT
	max.request.size = 1048576
	value.serializer = class org.apache.kafka.common.serialization.ByteArraySerializer
	ssl.keymanager.algorithm = SunX509
	metrics.sample.window.ms = 30000
	partitioner.class = class org.apache.kafka.clients.producer.internals.DefaultPartitioner
	linger.ms = 0

2017-12-06 21:20:30,270 [main] INFO org.apache.kafka.clients.producer.ProducerConfig  - ProducerConfig values: 
	metric.reporters = []
	metadata.max.age.ms = 300000
	reconnect.backoff.ms = 50
	sasl.kerberos.ticket.renew.window.factor = 0.8
	bootstrap.servers = [localhost:9092]
	ssl.keystore.type = JKS
	sasl.mechanism = GSSAPI
	max.block.ms = 60000
	interceptor.classes = null
	ssl.truststore.password = null
	client.id = producer-1
	ssl.endpoint.identification.algorithm = null
	request.timeout.ms = 30000
	acks = 1
	receive.buffer.bytes = 32768
	ssl.truststore.type = JKS
	retries = 0
	ssl.truststore.location = null
	ssl.keystore.password = null
	send.buffer.bytes = 131072
	compression.type = none
	metadata.fetch.timeout.ms = 60000
	retry.backoff.ms = 100
	sasl.kerberos.kinit.cmd = /usr/bin/kinit
	buffer.memory = 33554432
	timeout.ms = 30000
	key.serializer = class org.apache.kafka.common.serialization.StringSerializer
	sasl.kerberos.service.name = null
	sasl.kerberos.ticket.renew.jitter = 0.05
	ssl.trustmanager.algorithm = PKIX
	block.on.buffer.full = false
	ssl.key.password = null
	sasl.kerberos.min.time.before.relogin = 60000
	connections.max.idle.ms = 540000
	max.in.flight.requests.per.connection = 5
	metrics.num.samples = 2
	ssl.protocol = TLS
	ssl.provider = null
	ssl.enabled.protocols = [TLSv1.2, TLSv1.1, TLSv1]
	batch.size = 16384
	ssl.keystore.location = null
	ssl.cipher.suites = null
	security.protocol = PLAINTEXT
	max.request.size = 1048576
	value.serializer = class org.apache.kafka.common.serialization.ByteArraySerializer
	ssl.keymanager.algorithm = SunX509
	metrics.sample.window.ms = 30000
	partitioner.class = class org.apache.kafka.clients.producer.internals.DefaultPartitioner
	linger.ms = 0

2017-12-06 21:20:30,270 [main] WARN org.apache.kafka.clients.producer.ProducerConfig  - The configuration zookeeper.connect = localhost:2181 was supplied but isn't a known config.
2017-12-06 21:20:30,271 [main] WARN org.apache.kafka.clients.producer.ProducerConfig  - The configuration group.id = space.exploration.mars.rover.curiosity.1512616816163 was supplied but isn't a known config.
2017-12-06 21:20:30,271 [main] WARN org.apache.kafka.clients.producer.ProducerConfig  - The configuration source.topic = earth_to_curiosity_5 was supplied but isn't a known config.
2017-12-06 21:20:30,271 [main] WARN org.apache.kafka.clients.producer.ProducerConfig  - The configuration auto.offset.reset = largest was supplied but isn't a known config.
2017-12-06 21:20:30,271 [main] WARN org.apache.kafka.clients.producer.ProducerConfig  - The configuration metadata.broker.list = localhost:9092 was supplied but isn't a known config.
2017-12-06 21:20:30,271 [main] WARN org.apache.kafka.clients.producer.ProducerConfig  - The configuration destination.topic = curiosity_to_earth_5 was supplied but isn't a known config.
2017-12-06 21:20:30,272 [main] INFO org.apache.kafka.common.utils.AppInfoParser  - Kafka version : 0.10.0.1
2017-12-06 21:20:30,272 [main] INFO org.apache.kafka.common.utils.AppInfoParser  - Kafka commitId : a7a17cdec9eaa6c5
2017-12-06 21:20:30,439 [main] INFO kafka.utils.VerifiableProperties  - Verifying properties
2017-12-06 21:20:30,473 [main] INFO kafka.utils.VerifiableProperties  - Property auto.offset.reset is overridden to largest
2017-12-06 21:20:30,474 [main] WARN kafka.utils.VerifiableProperties  - Property bootstrap.servers is not valid
2017-12-06 21:20:30,474 [main] WARN kafka.utils.VerifiableProperties  - Property destination.topic is not valid
2017-12-06 21:20:30,474 [main] INFO kafka.utils.VerifiableProperties  - Property group.id is overridden to space.exploration.mars.rover.curiosity.1512616816163
2017-12-06 21:20:30,474 [main] WARN kafka.utils.VerifiableProperties  - Property key.serializer is not valid
2017-12-06 21:20:30,474 [main] WARN kafka.utils.VerifiableProperties  - Property metadata.broker.list is not valid
2017-12-06 21:20:30,474 [main] WARN kafka.utils.VerifiableProperties  - Property source.topic is not valid
2017-12-06 21:20:30,474 [main] WARN kafka.utils.VerifiableProperties  - Property value.serializer is not valid
2017-12-06 21:20:30,475 [main] INFO kafka.utils.VerifiableProperties  - Property zookeeper.connect is overridden to localhost:2181
2017-12-06 21:20:30,564 [main] INFO kafka.consumer.ZookeeperConsumerConnector  - [space.exploration.mars.rover.curiosity.1512616816163_zion-mainframe-1512616830564-c6351cc6], Connecting to zookeeper instance at localhost:2181
2017-12-06 21:20:30,571 [ZkClient-EventThread-29-localhost:2181] INFO org.I0Itec.zkclient.ZkEventThread  - Starting ZkClient event thread.
2017-12-06 21:20:30,575 [main] INFO org.apache.zookeeper.ZooKeeper  - Client environment:zookeeper.version=3.4.6-1569965, built on 02/20/2014 09:09 GMT
2017-12-06 21:20:30,575 [main] INFO org.apache.zookeeper.ZooKeeper  - Client environment:host.name=zion-mainframe
2017-12-06 21:20:30,575 [main] INFO org.apache.zookeeper.ZooKeeper  - Client environment:java.version=1.8.0_151
2017-12-06 21:20:30,575 [main] INFO org.apache.zookeeper.ZooKeeper  - Client environment:java.vendor=Oracle Corporation
2017-12-06 21:20:30,576 [main] INFO org.apache.zookeeper.ZooKeeper  - Client environment:java.home=/usr/lib/jvm/java-8-openjdk-amd64/jre
2017-12-06 21:20:30,576 [main] INFO org.apache.zookeeper.ZooKeeper  - Client environment:java.class.path=target/mars.rover-1.2-SOLSHOT-shaded.jar
2017-12-06 21:20:30,576 [main] INFO org.apache.zookeeper.ZooKeeper  - Client environment:java.library.path=$LD_LIBRARY_PATH:"/home/sanket/Documents/workspace/SpiceUtilities/src/main/resources/JNISpice/lib/libJNISpice.so":/home/sanket/Documents/workspace/SpiceUtilities/src/main/resources/JNISpice/lib/libJNISpice.so:/usr/java/packages/lib/amd64:/usr/lib/x86_64-linux-gnu/jni:/lib/x86_64-linux-gnu:/usr/lib/x86_64-linux-gnu:/usr/lib/jni:/lib:/usr/lib
2017-12-06 21:20:30,576 [main] INFO org.apache.zookeeper.ZooKeeper  - Client environment:java.io.tmpdir=/tmp
2017-12-06 21:20:30,576 [main] INFO org.apache.zookeeper.ZooKeeper  - Client environment:java.compiler=<NA>
2017-12-06 21:20:30,576 [main] INFO org.apache.zookeeper.ZooKeeper  - Client environment:os.name=Linux
2017-12-06 21:20:30,576 [main] INFO org.apache.zookeeper.ZooKeeper  - Client environment:os.arch=amd64
2017-12-06 21:20:30,576 [main] INFO org.apache.zookeeper.ZooKeeper  - Client environment:os.version=4.10.0-40-generic
2017-12-06 21:20:30,576 [main] INFO org.apache.zookeeper.ZooKeeper  - Client environment:user.name=sanket
2017-12-06 21:20:30,576 [main] INFO org.apache.zookeeper.ZooKeeper  - Client environment:user.home=/home/sanket
2017-12-06 21:20:30,576 [main] INFO org.apache.zookeeper.ZooKeeper  - Client environment:user.dir=/home/sanket/Documents/workspace/MarsRover/mars.rover
2017-12-06 21:20:30,576 [main] INFO org.apache.zookeeper.ZooKeeper  - Initiating client connection, connectString=localhost:2181 sessionTimeout=6000 watcher=org.I0Itec.zkclient.ZkClient@4b2bac3f
2017-12-06 21:20:30,585 [main] INFO org.I0Itec.zkclient.ZkClient  - Waiting for keeper state SyncConnected
2017-12-06 21:20:30,587 [main-SendThread(localhost:2181)] INFO org.apache.zookeeper.ClientCnxn  - Opening socket connection to server localhost/127.0.0.1:2181. Will not attempt to authenticate using SASL (unknown error)
2017-12-06 21:20:30,591 [main-SendThread(localhost:2181)] INFO org.apache.zookeeper.ClientCnxn  - Socket connection established to localhost/127.0.0.1:2181, initiating session
2017-12-06 21:20:30,597 [main-SendThread(localhost:2181)] INFO org.apache.zookeeper.ClientCnxn  - Session establishment complete on server localhost/127.0.0.1:2181, sessionid = 0x1602972e528000c, negotiated timeout = 6000
2017-12-06 21:20:30,599 [main-EventThread] INFO org.I0Itec.zkclient.ZkClient  - zookeeper state changed (SyncConnected)
2017-12-06 21:20:30,609 [main] INFO kafka.consumer.ZookeeperConsumerConnector  - [space.exploration.mars.rover.curiosity.1512616816163_zion-mainframe-1512616830564-c6351cc6], starting auto committer every 60000 ms
2017-12-06 21:20:30,634 [Thread-2] INFO kafka.consumer.ZookeeperConsumerConnector  - [space.exploration.mars.rover.curiosity.1512616816163_zion-mainframe-1512616830564-c6351cc6], begin registering consumer space.exploration.mars.rover.curiosity.1512616816163_zion-mainframe-1512616830564-c6351cc6 in ZK
2017-12-06 21:20:30,663 [Thread-2] INFO kafka.utils.ZKCheckedEphemeral  - Creating /consumers/space.exploration.mars.rover.curiosity.1512616816163/ids/space.exploration.mars.rover.curiosity.1512616816163_zion-mainframe-1512616830564-c6351cc6 (is it secure? false)
2017-12-06 21:20:30,674 [Thread-2] INFO kafka.utils.ZKCheckedEphemeral  - Result of znode creation is: OK
2017-12-06 21:20:30,674 [Thread-2] INFO kafka.consumer.ZookeeperConsumerConnector  - [space.exploration.mars.rover.curiosity.1512616816163_zion-mainframe-1512616830564-c6351cc6], end registering consumer space.exploration.mars.rover.curiosity.1512616816163_zion-mainframe-1512616830564-c6351cc6 in ZK
2017-12-06 21:20:30,680 [space.exploration.mars.rover.curiosity.1512616816163_zion-mainframe-1512616830564-c6351cc6_watcher_executor] INFO kafka.consumer.ZookeeperConsumerConnector  - [space.exploration.mars.rover.curiosity.1512616816163_zion-mainframe-1512616830564-c6351cc6], starting watcher executor thread for consumer space.exploration.mars.rover.curiosity.1512616816163_zion-mainframe-1512616830564-c6351cc6
2017-12-06 21:20:30,697 [Thread-2] INFO kafka.consumer.ZookeeperConsumerConnector  - [space.exploration.mars.rover.curiosity.1512616816163_zion-mainframe-1512616830564-c6351cc6], begin rebalancing consumer space.exploration.mars.rover.curiosity.1512616816163_zion-mainframe-1512616830564-c6351cc6 try #0
2017-12-06 21:20:30,799 [Thread-2] INFO kafka.consumer.ConsumerFetcherManager  - [ConsumerFetcherManager-1512616830606] Stopping leader finder thread
2017-12-06 21:20:30,800 [Thread-2] INFO kafka.consumer.ConsumerFetcherManager  - [ConsumerFetcherManager-1512616830606] Stopping all fetchers
2017-12-06 21:20:30,800 [Thread-2] INFO kafka.consumer.ConsumerFetcherManager  - [ConsumerFetcherManager-1512616830606] All connections stopped
2017-12-06 21:20:30,801 [Thread-2] INFO kafka.consumer.ZookeeperConsumerConnector  - [space.exploration.mars.rover.curiosity.1512616816163_zion-mainframe-1512616830564-c6351cc6], Cleared all relevant queues for this fetcher
2017-12-06 21:20:30,802 [Thread-2] INFO kafka.consumer.ZookeeperConsumerConnector  - [space.exploration.mars.rover.curiosity.1512616816163_zion-mainframe-1512616830564-c6351cc6], Cleared the data chunks in all the consumer message iterators
2017-12-06 21:20:30,802 [Thread-2] INFO kafka.consumer.ZookeeperConsumerConnector  - [space.exploration.mars.rover.curiosity.1512616816163_zion-mainframe-1512616830564-c6351cc6], Committing all offsets after clearing the fetcher queues
2017-12-06 21:20:30,803 [Thread-2] INFO kafka.consumer.ZookeeperConsumerConnector  - [space.exploration.mars.rover.curiosity.1512616816163_zion-mainframe-1512616830564-c6351cc6], Releasing partition ownership
2017-12-06 21:20:30,830 [Thread-2] INFO kafka.consumer.RangeAssignor  - Consumer space.exploration.mars.rover.curiosity.1512616816163_zion-mainframe-1512616830564-c6351cc6 rebalancing the following partitions: ArrayBuffer(0) for topic earth_to_curiosity_5 with consumers: List(space.exploration.mars.rover.curiosity.1512616816163_zion-mainframe-1512616830564-c6351cc6-0)
2017-12-06 21:20:30,831 [Thread-2] INFO kafka.consumer.RangeAssignor  - space.exploration.mars.rover.curiosity.1512616816163_zion-mainframe-1512616830564-c6351cc6-0 attempting to claim partition 0
2017-12-06 21:20:30,867 [Thread-2] INFO kafka.consumer.ZookeeperConsumerConnector  - [space.exploration.mars.rover.curiosity.1512616816163_zion-mainframe-1512616830564-c6351cc6], space.exploration.mars.rover.curiosity.1512616816163_zion-mainframe-1512616830564-c6351cc6-0 successfully owned partition 0 for topic earth_to_curiosity_5
2017-12-06 21:20:30,887 [Thread-2] INFO kafka.consumer.ZookeeperConsumerConnector  - [space.exploration.mars.rover.curiosity.1512616816163_zion-mainframe-1512616830564-c6351cc6], Consumer space.exploration.mars.rover.curiosity.1512616816163_zion-mainframe-1512616830564-c6351cc6 selected partitions : earth_to_curiosity_5:0: fetched offset = -1: consumed offset = -1
2017-12-06 21:20:30,894 [Thread-2] INFO kafka.consumer.ZookeeperConsumerConnector  - [space.exploration.mars.rover.curiosity.1512616816163_zion-mainframe-1512616830564-c6351cc6], end rebalancing consumer space.exploration.mars.rover.curiosity.1512616816163_zion-mainframe-1512616830564-c6351cc6 try #0
2017-12-06 21:20:30,901 [space.exploration.mars.rover.curiosity.1512616816163_zion-mainframe-1512616830564-c6351cc6-leader-finder-thread] INFO kafka.consumer.ConsumerFetcherManager$LeaderFinderThread  - [space.exploration.mars.rover.curiosity.1512616816163_zion-mainframe-1512616830564-c6351cc6-leader-finder-thread], Starting 
2017-12-06 21:20:30,916 [space.exploration.mars.rover.curiosity.1512616816163_zion-mainframe-1512616830564-c6351cc6-leader-finder-thread] INFO kafka.utils.VerifiableProperties  - Verifying properties
2017-12-06 21:20:30,917 [space.exploration.mars.rover.curiosity.1512616816163_zion-mainframe-1512616830564-c6351cc6-leader-finder-thread] INFO kafka.utils.VerifiableProperties  - Property client.id is overridden to space.exploration.mars.rover.curiosity.1512616816163
2017-12-06 21:20:30,917 [space.exploration.mars.rover.curiosity.1512616816163_zion-mainframe-1512616830564-c6351cc6-leader-finder-thread] INFO kafka.utils.VerifiableProperties  - Property metadata.broker.list is overridden to zion-mainframe:9092
2017-12-06 21:20:30,917 [space.exploration.mars.rover.curiosity.1512616816163_zion-mainframe-1512616830564-c6351cc6-leader-finder-thread] INFO kafka.utils.VerifiableProperties  - Property request.timeout.ms is overridden to 30000
2017-12-06 21:20:30,930 [space.exploration.mars.rover.curiosity.1512616816163_zion-mainframe-1512616830564-c6351cc6-leader-finder-thread] INFO kafka.client.ClientUtils$  - Fetching metadata from broker BrokerEndPoint(0,zion-mainframe,9092) with correlation id 0 for 1 topic(s) Set(earth_to_curiosity_5)
2017-12-06 21:20:30,934 [space.exploration.mars.rover.curiosity.1512616816163_zion-mainframe-1512616830564-c6351cc6-leader-finder-thread] INFO kafka.producer.SyncProducer  - Connected to zion-mainframe:9092 for producing
2017-12-06 21:20:30,948 [space.exploration.mars.rover.curiosity.1512616816163_zion-mainframe-1512616830564-c6351cc6-leader-finder-thread] INFO kafka.producer.SyncProducer  - Disconnecting from zion-mainframe:9092
2017-12-06 21:20:30,965 [ConsumerFetcherThread-space.exploration.mars.rover.curiosity.1512616816163_zion-mainframe-1512616830564-c6351cc6-0-0] INFO kafka.consumer.ConsumerFetcherThread  - [ConsumerFetcherThread-space.exploration.mars.rover.curiosity.1512616816163_zion-mainframe-1512616830564-c6351cc6-0-0], Starting 
2017-12-06 21:20:30,980 [space.exploration.mars.rover.curiosity.1512616816163_zion-mainframe-1512616830564-c6351cc6-leader-finder-thread] INFO kafka.consumer.ConsumerFetcherManager  - [ConsumerFetcherManager-1512616830606] Added fetcher for partitions ArrayBuffer([[earth_to_curiosity_5,0], initOffset -1 to broker BrokerEndPoint(0,zion-mainframe,9092)] )
2017-12-06 21:20:38,696 [main] INFO space.exploration.mars.rover.communication.Transmitter  - Sending information packet to curiosity_to_earth_5
2017-12-06 21:20:41,699 [pool-5-thread-1] INFO space.exploration.mars.rover.animation.SleepingAnimationEngine  - Rover is sleeping now
