13439 [main] INFO org.apache.kafka.clients.producer.ProducerConfig  - ProducerConfig values: 
	metric.reporters = []
	metadata.max.age.ms = 300000
	reconnect.backoff.ms = 50
	sasl.kerberos.ticket.renew.window.factor = 0.8
	bootstrap.servers = [localhost:9092]
	ssl.keystore.type = JKS
	sasl.mechanism = GSSAPI
	max.block.ms = 60000
	interceptor.classes = null
	ssl.truststore.password = null
	client.id = 
	ssl.endpoint.identification.algorithm = null
	request.timeout.ms = 30000
	acks = 1
	receive.buffer.bytes = 32768
	ssl.truststore.type = JKS
	retries = 0
	ssl.truststore.location = null
	ssl.keystore.password = null
	send.buffer.bytes = 131072
	compression.type = none
	metadata.fetch.timeout.ms = 60000
	retry.backoff.ms = 100
	sasl.kerberos.kinit.cmd = /usr/bin/kinit
	buffer.memory = 33554432
	timeout.ms = 30000
	key.serializer = class org.apache.kafka.common.serialization.StringSerializer
	sasl.kerberos.service.name = null
	sasl.kerberos.ticket.renew.jitter = 0.05
	ssl.trustmanager.algorithm = PKIX
	block.on.buffer.full = false
	ssl.key.password = null
	sasl.kerberos.min.time.before.relogin = 60000
	connections.max.idle.ms = 540000
	max.in.flight.requests.per.connection = 5
	metrics.num.samples = 2
	ssl.protocol = TLS
	ssl.provider = null
	ssl.enabled.protocols = [TLSv1.2, TLSv1.1, TLSv1]
	batch.size = 16384
	ssl.keystore.location = null
	ssl.cipher.suites = null
	security.protocol = PLAINTEXT
	max.request.size = 1048576
	value.serializer = class org.apache.kafka.common.serialization.ByteArraySerializer
	ssl.keymanager.algorithm = SunX509
	metrics.sample.window.ms = 30000
	partitioner.class = class org.apache.kafka.clients.producer.internals.DefaultPartitioner
	linger.ms = 0

13563 [main] INFO org.apache.kafka.clients.producer.ProducerConfig  - ProducerConfig values: 
	metric.reporters = []
	metadata.max.age.ms = 300000
	reconnect.backoff.ms = 50
	sasl.kerberos.ticket.renew.window.factor = 0.8
	bootstrap.servers = [localhost:9092]
	ssl.keystore.type = JKS
	sasl.mechanism = GSSAPI
	max.block.ms = 60000
	interceptor.classes = null
	ssl.truststore.password = null
	client.id = producer-1
	ssl.endpoint.identification.algorithm = null
	request.timeout.ms = 30000
	acks = 1
	receive.buffer.bytes = 32768
	ssl.truststore.type = JKS
	retries = 0
	ssl.truststore.location = null
	ssl.keystore.password = null
	send.buffer.bytes = 131072
	compression.type = none
	metadata.fetch.timeout.ms = 60000
	retry.backoff.ms = 100
	sasl.kerberos.kinit.cmd = /usr/bin/kinit
	buffer.memory = 33554432
	timeout.ms = 30000
	key.serializer = class org.apache.kafka.common.serialization.StringSerializer
	sasl.kerberos.service.name = null
	sasl.kerberos.ticket.renew.jitter = 0.05
	ssl.trustmanager.algorithm = PKIX
	block.on.buffer.full = false
	ssl.key.password = null
	sasl.kerberos.min.time.before.relogin = 60000
	connections.max.idle.ms = 540000
	max.in.flight.requests.per.connection = 5
	metrics.num.samples = 2
	ssl.protocol = TLS
	ssl.provider = null
	ssl.enabled.protocols = [TLSv1.2, TLSv1.1, TLSv1]
	batch.size = 16384
	ssl.keystore.location = null
	ssl.cipher.suites = null
	security.protocol = PLAINTEXT
	max.request.size = 1048576
	value.serializer = class org.apache.kafka.common.serialization.ByteArraySerializer
	ssl.keymanager.algorithm = SunX509
	metrics.sample.window.ms = 30000
	partitioner.class = class org.apache.kafka.clients.producer.internals.DefaultPartitioner
	linger.ms = 0

13563 [main] WARN org.apache.kafka.clients.producer.ProducerConfig  - The configuration zookeeper.connect = localhost:2181 was supplied but isn't a known config.
13563 [main] WARN org.apache.kafka.clients.producer.ProducerConfig  - The configuration group.id = space.exploration.mars.newRover was supplied but isn't a known config.
13563 [main] WARN org.apache.kafka.clients.producer.ProducerConfig  - The configuration source.topic = earth_to_curiosity_1 was supplied but isn't a known config.
13563 [main] WARN org.apache.kafka.clients.producer.ProducerConfig  - The configuration auto.offset.reset = largest was supplied but isn't a known config.
13563 [main] WARN org.apache.kafka.clients.producer.ProducerConfig  - The configuration metadata.broker.list = localhost:9092 was supplied but isn't a known config.
13564 [main] WARN org.apache.kafka.clients.producer.ProducerConfig  - The configuration destination.topic = curiosity_to_earth_1 was supplied but isn't a known config.
13564 [main] INFO org.apache.kafka.common.utils.AppInfoParser  - Kafka version : 0.10.0.1
13564 [main] INFO org.apache.kafka.common.utils.AppInfoParser  - Kafka commitId : a7a17cdec9eaa6c5
13697 [main] INFO kafka.utils.VerifiableProperties  - Verifying properties
13718 [main] INFO kafka.utils.VerifiableProperties  - Property auto.offset.reset is overridden to largest
13719 [main] WARN kafka.utils.VerifiableProperties  - Property bootstrap.servers is not valid
13719 [main] WARN kafka.utils.VerifiableProperties  - Property destination.topic is not valid
13719 [main] INFO kafka.utils.VerifiableProperties  - Property group.id is overridden to space.exploration.mars.newRover
13719 [main] WARN kafka.utils.VerifiableProperties  - Property key.serializer is not valid
13719 [main] WARN kafka.utils.VerifiableProperties  - Property metadata.broker.list is not valid
13719 [main] WARN kafka.utils.VerifiableProperties  - Property source.topic is not valid
13719 [main] WARN kafka.utils.VerifiableProperties  - Property value.serializer is not valid
13719 [main] INFO kafka.utils.VerifiableProperties  - Property zookeeper.connect is overridden to localhost:2181
13749 [main] INFO kafka.consumer.ZookeeperConsumerConnector  - [space.exploration.mars.newRover_zion-mainframe-1507610892781-51eb716f], Connecting to zookeeper instance at localhost:2181
13755 [ZkClient-EventThread-25-localhost:2181] INFO org.I0Itec.zkclient.ZkEventThread  - Starting ZkClient event thread.
13758 [main] INFO org.apache.zookeeper.ZooKeeper  - Client environment:zookeeper.version=3.4.6-1569965, built on 02/20/2014 09:09 GMT
13758 [main] INFO org.apache.zookeeper.ZooKeeper  - Client environment:host.name=zion-mainframe
13758 [main] INFO org.apache.zookeeper.ZooKeeper  - Client environment:java.version=1.8.0_131
13758 [main] INFO org.apache.zookeeper.ZooKeeper  - Client environment:java.vendor=Oracle Corporation
13758 [main] INFO org.apache.zookeeper.ZooKeeper  - Client environment:java.home=/usr/lib/jvm/java-8-openjdk-amd64/jre
13758 [main] INFO org.apache.zookeeper.ZooKeeper  - Client environment:java.class.path=target/mars.rover-0.0.1-SOLSHOT-shaded.jar
13758 [main] INFO org.apache.zookeeper.ZooKeeper  - Client environment:java.library.path=/usr/java/packages/lib/amd64:/usr/lib/x86_64-linux-gnu/jni:/lib/x86_64-linux-gnu:/usr/lib/x86_64-linux-gnu:/usr/lib/jni:/lib:/usr/lib
13759 [main] INFO org.apache.zookeeper.ZooKeeper  - Client environment:java.io.tmpdir=/tmp
13759 [main] INFO org.apache.zookeeper.ZooKeeper  - Client environment:java.compiler=<NA>
13759 [main] INFO org.apache.zookeeper.ZooKeeper  - Client environment:os.name=Linux
13759 [main] INFO org.apache.zookeeper.ZooKeeper  - Client environment:os.arch=amd64
13759 [main] INFO org.apache.zookeeper.ZooKeeper  - Client environment:os.version=4.10.0-35-generic
13759 [main] INFO org.apache.zookeeper.ZooKeeper  - Client environment:user.name=sanket
13759 [main] INFO org.apache.zookeeper.ZooKeeper  - Client environment:user.home=/home/sanket
13759 [main] INFO org.apache.zookeeper.ZooKeeper  - Client environment:user.dir=/home/sanket/Documents/workspace/MarsRover/mars.rover
13759 [main] INFO org.apache.zookeeper.ZooKeeper  - Initiating client connection, connectString=localhost:2181 sessionTimeout=6000 watcher=org.I0Itec.zkclient.ZkClient@6302bbb1
13766 [main] INFO org.I0Itec.zkclient.ZkClient  - Waiting for keeper state SyncConnected
13768 [main-SendThread(localhost:2181)] INFO org.apache.zookeeper.ClientCnxn  - Opening socket connection to server localhost/127.0.0.1:2181. Will not attempt to authenticate using SASL (unknown error)
13771 [main-SendThread(localhost:2181)] INFO org.apache.zookeeper.ClientCnxn  - Socket connection established to localhost/127.0.0.1:2181, initiating session
13775 [main-SendThread(localhost:2181)] INFO org.apache.zookeeper.ClientCnxn  - Session establishment complete on server localhost/127.0.0.1:2181, sessionid = 0x15ed3fe37fc012c, negotiated timeout = 6000
13776 [main-EventThread] INFO org.I0Itec.zkclient.ZkClient  - zookeeper state changed (SyncConnected)
13783 [main] INFO kafka.consumer.ZookeeperConsumerConnector  - [space.exploration.mars.newRover_zion-mainframe-1507610892781-51eb716f], starting auto committer every 60000 ms
13802 [Thread-2] INFO kafka.consumer.ZookeeperConsumerConnector  - [space.exploration.mars.newRover_zion-mainframe-1507610892781-51eb716f], begin registering consumer space.exploration.mars.newRover_zion-mainframe-1507610892781-51eb716f in ZK
13874 [Thread-2] INFO kafka.utils.ZKCheckedEphemeral  - Creating /consumers/space.exploration.mars.newRover/ids/space.exploration.mars.newRover_zion-mainframe-1507610892781-51eb716f (is it secure? false)
13883 [Thread-2] INFO kafka.utils.ZKCheckedEphemeral  - Result of znode creation is: OK
13884 [Thread-2] INFO kafka.consumer.ZookeeperConsumerConnector  - [space.exploration.mars.newRover_zion-mainframe-1507610892781-51eb716f], end registering consumer space.exploration.mars.newRover_zion-mainframe-1507610892781-51eb716f in ZK
13887 [space.exploration.mars.newRover_zion-mainframe-1507610892781-51eb716f_watcher_executor] INFO kafka.consumer.ZookeeperConsumerConnector  - [space.exploration.mars.newRover_zion-mainframe-1507610892781-51eb716f], starting watcher executor thread for consumer space.exploration.mars.newRover_zion-mainframe-1507610892781-51eb716f
13900 [Thread-2] INFO kafka.consumer.ZookeeperConsumerConnector  - [space.exploration.mars.newRover_zion-mainframe-1507610892781-51eb716f], begin rebalancing consumer space.exploration.mars.newRover_zion-mainframe-1507610892781-51eb716f try #0
13983 [Thread-2] INFO kafka.consumer.ConsumerFetcherManager  - [ConsumerFetcherManager-1507610892814] Stopping leader finder thread
13983 [Thread-2] INFO kafka.consumer.ConsumerFetcherManager  - [ConsumerFetcherManager-1507610892814] Stopping all fetchers
13983 [Thread-2] INFO kafka.consumer.ConsumerFetcherManager  - [ConsumerFetcherManager-1507610892814] All connections stopped
13984 [Thread-2] INFO kafka.consumer.ZookeeperConsumerConnector  - [space.exploration.mars.newRover_zion-mainframe-1507610892781-51eb716f], Cleared all relevant queues for this fetcher
13985 [Thread-2] INFO kafka.consumer.ZookeeperConsumerConnector  - [space.exploration.mars.newRover_zion-mainframe-1507610892781-51eb716f], Cleared the data chunks in all the consumer message iterators
13985 [Thread-2] INFO kafka.consumer.ZookeeperConsumerConnector  - [space.exploration.mars.newRover_zion-mainframe-1507610892781-51eb716f], Committing all offsets after clearing the fetcher queues
13986 [Thread-2] INFO kafka.consumer.ZookeeperConsumerConnector  - [space.exploration.mars.newRover_zion-mainframe-1507610892781-51eb716f], Releasing partition ownership
14008 [Thread-2] INFO kafka.consumer.RangeAssignor  - Consumer space.exploration.mars.newRover_zion-mainframe-1507610892781-51eb716f rebalancing the following partitions: ArrayBuffer(0) for topic earth_to_curiosity_1 with consumers: List(space.exploration.mars.newRover_zion-mainframe-1507610892781-51eb716f-0)
14010 [Thread-2] INFO kafka.consumer.RangeAssignor  - space.exploration.mars.newRover_zion-mainframe-1507610892781-51eb716f-0 attempting to claim partition 0
14028 [Thread-2] INFO kafka.consumer.ZookeeperConsumerConnector  - [space.exploration.mars.newRover_zion-mainframe-1507610892781-51eb716f], space.exploration.mars.newRover_zion-mainframe-1507610892781-51eb716f-0 successfully owned partition 0 for topic earth_to_curiosity_1
14041 [Thread-2] INFO kafka.consumer.ZookeeperConsumerConnector  - [space.exploration.mars.newRover_zion-mainframe-1507610892781-51eb716f], Consumer space.exploration.mars.newRover_zion-mainframe-1507610892781-51eb716f selected partitions : earth_to_curiosity_1:0: fetched offset = 3840: consumed offset = 3840
14043 [space.exploration.mars.newRover_zion-mainframe-1507610892781-51eb716f-leader-finder-thread] INFO kafka.consumer.ConsumerFetcherManager$LeaderFinderThread  - [space.exploration.mars.newRover_zion-mainframe-1507610892781-51eb716f-leader-finder-thread], Starting 
14043 [Thread-2] INFO kafka.consumer.ZookeeperConsumerConnector  - [space.exploration.mars.newRover_zion-mainframe-1507610892781-51eb716f], end rebalancing consumer space.exploration.mars.newRover_zion-mainframe-1507610892781-51eb716f try #0
14060 [space.exploration.mars.newRover_zion-mainframe-1507610892781-51eb716f-leader-finder-thread] INFO kafka.utils.VerifiableProperties  - Verifying properties
14060 [space.exploration.mars.newRover_zion-mainframe-1507610892781-51eb716f-leader-finder-thread] INFO kafka.utils.VerifiableProperties  - Property client.id is overridden to space.exploration.mars.newRover
14060 [space.exploration.mars.newRover_zion-mainframe-1507610892781-51eb716f-leader-finder-thread] INFO kafka.utils.VerifiableProperties  - Property metadata.broker.list is overridden to zion-mainframe:9092
14060 [space.exploration.mars.newRover_zion-mainframe-1507610892781-51eb716f-leader-finder-thread] INFO kafka.utils.VerifiableProperties  - Property request.timeout.ms is overridden to 30000
14073 [space.exploration.mars.newRover_zion-mainframe-1507610892781-51eb716f-leader-finder-thread] INFO kafka.client.ClientUtils$  - Fetching metadata from broker BrokerEndPoint(0,zion-mainframe,9092) with correlation id 0 for 1 topic(s) Set(earth_to_curiosity_1)
14076 [space.exploration.mars.newRover_zion-mainframe-1507610892781-51eb716f-leader-finder-thread] INFO kafka.producer.SyncProducer  - Connected to zion-mainframe:9092 for producing
14084 [space.exploration.mars.newRover_zion-mainframe-1507610892781-51eb716f-leader-finder-thread] INFO kafka.producer.SyncProducer  - Disconnecting from zion-mainframe:9092
14096 [ConsumerFetcherThread-space.exploration.mars.newRover_zion-mainframe-1507610892781-51eb716f-0-0] INFO kafka.consumer.ConsumerFetcherThread  - [ConsumerFetcherThread-space.exploration.mars.newRover_zion-mainframe-1507610892781-51eb716f-0-0], Starting 
14098 [space.exploration.mars.newRover_zion-mainframe-1507610892781-51eb716f-leader-finder-thread] INFO kafka.consumer.ConsumerFetcherManager  - [ConsumerFetcherManager-1507610892814] Added fetcher for partitions ArrayBuffer([[earth_to_curiosity_1,0], initOffset 3840 to broker BrokerEndPoint(0,zion-mainframe,9092)] )
