2018-08-01 23:21:00,580 [roverGarbageCollector] INFO  space.exploration.mars.rover.diagnostics.RoverGarbageCollector - RoverGC trimming instructionQueue. Current length = 1
2018-08-01 23:21:00,580 [roverGarbageCollector] INFO  space.exploration.mars.rover.kernel.Rover - Trying to reflect rover state.Listening State Software Version - 2.0
2018-08-01 23:21:00,604 [roverGarbageCollector] INFO  space.exploration.mars.rover.kernel.ListeningState - timeStamp: 1533183654374
targets {
  roverModule: 6
  action: "Request Rover Logs"
  auxiliaryData: "\n\023yyyy-MM-dd~HH:mm:ss\022\0232018-08-01~23:20:54\032\0232018-08-02~00:00:00"
}

2018-08-01 23:21:06,632 [roverGarbageCollector] INFO  space.exploration.mars.rover.kernel.ListeningState - 1533183666632,6,Request Rover Logs Current instructionQueue length = 0
2018-08-01 23:21:06,633 [roverGarbageCollector] INFO  space.exploration.mars.rover.kernel.ListeningState - Requesting logs in date format = yyyy-MM-dd~HH:mm:ss
2018-08-01 23:21:06,633 [roverGarbageCollector] INFO  space.exploration.mars.rover.kernel.ListeningState - Start date = 2018-08-01~23:20:54 End date = 2018-08-02~00:00:00
2018-08-01 23:21:06,643 [roverGarbageCollector] INFO  space.exploration.mars.rover.kernel.Rover - Trying to reflect rover state.Transmitting State Software Version - 2.0
2018-08-01 23:21:12,713 [roverGarbageCollector] INFO  space.exploration.mars.rover.kernel.PositionSensor - Houston - this is curiosityActual.ephemerisTime: 5.1557040818544E8
stateCuriosity: -3.3173614886E7
stateCuriosity: -7.165281618E7
stateCuriosity: -3.1413877518E7
stateCuriosity: -0.248
stateCuriosity: 8.375
stateCuriosity: 2.915
owltMSLEarth: 283.46
stateEarth: 3.3175421988E7
stateEarth: 7.1656717516E7
stateEarth: 3.1415587856E7
stateEarth: 0.249
stateEarth: -8.374
stateEarth: -2.915
owltEarthMSL: 283.475
positionEarthWRTCuriosity: 3.3175421988E7
positionEarthWRTCuriosity: 7.1656717516E7
positionEarthWRTCuriosity: 3.1415587856E7
owltEarthMSL2: 283.475
angSepHGAEarth: 35.903
utcTime: "2016-05-03~17:59:00"
sol: 1330
sclkValue: " 1/01330:14:14:18:32696"

2018-08-01 23:21:12,750 [roverGarbageCollector] INFO  space.exploration.mars.rover.kernel.PositionSensor - ephemerisTime: 5.1557040818544E8
stateCuriosity: -3.3173614886E7
stateCuriosity: -7.165281618E7
stateCuriosity: -3.1413877518E7
stateCuriosity: -0.248
stateCuriosity: 8.375
stateCuriosity: 2.915
owltMSLEarth: 283.46
stateEarth: 3.3175421988E7
stateEarth: 7.1656717516E7
stateEarth: 3.1415587856E7
stateEarth: 0.249
stateEarth: -8.374
stateEarth: -2.915
owltEarthMSL: 283.475
positionEarthWRTCuriosity: 3.3175421988E7
positionEarthWRTCuriosity: 7.1656717516E7
positionEarthWRTCuriosity: 3.1415587856E7
owltEarthMSL2: 283.475
angSepHGAEarth: 35.903
utcTime: "2016-05-03~17:59:00"
sol: 1330
sclkValue: " 1/01330:14:14:18:32696"

2018-08-01 23:21:12,751 [roverGarbageCollector] INFO  space.exploration.mars.rover.communication.Radio - One Way Light Time computed by SPICE :: 283.46
2018-08-01 23:21:12,771 [roverGarbageCollector] INFO  space.exploration.mars.rover.communication.Radio - Message encryption successful.
2018-08-01 23:21:12,772 [roverGarbageCollector] INFO  space.exploration.mars.rover.communication.Transmitter - Sending information packet to curiosity_to_earth_5
2018-08-01 23:21:15,773 [roverGarbageCollector] INFO  space.exploration.mars.rover.kernel.Rover - Trying to reflect rover state.Listening State Software Version - 2.0
2018-08-01 23:21:15,774 [batteryMonitor] INFO  space.exploration.mars.rover.power.BatteryMonitor - BatteryMonitor performing due diligence. SCET = 1533183672486 Rover state = Listening State
2018-08-01 23:21:15,775 [batteryMonitor] INFO  space.exploration.mars.rover.power.BatteryMonitor -  Battery primaryUnits = 1200 auxiliaryPowerUnits = 100
2018-08-01 23:21:18,364 [radio] INFO  space.exploration.mars.rover.communication.Receiver - Time Elapsed since last message = 35614
2018-08-01 23:21:18,398 [radio] INFO  space.exploration.mars.rover.kernel.PositionSensor - Houston - this is curiosityActual.ephemerisTime: 5.15570708185439E8
stateCuriosity: -3.3173689389E7
stateCuriosity: -7.1650304388E7
stateCuriosity: -3.1413003315E7
stateCuriosity: -0.249
stateCuriosity: 8.37
stateCuriosity: 2.913
owltMSLEarth: 283.452
stateEarth: 3.3175496672E7
stateEarth: 7.1654205945E7
stateEarth: 3.1414713755E7
stateEarth: 0.249
stateEarth: -8.369
stateEarth: -2.912
owltEarthMSL: 283.467
positionEarthWRTCuriosity: 3.3175496672E7
positionEarthWRTCuriosity: 7.1654205945E7
positionEarthWRTCuriosity: 3.1414713755E7
owltEarthMSL2: 283.467
angSepHGAEarth: 36.365
utcTime: "2016-05-03~18:04:00"
sol: 1330
sclkValue: " 1/01330:14:19:10:30025"

2018-08-01 23:21:18,435 [radio] INFO  space.exploration.mars.rover.kernel.PositionSensor - ephemerisTime: 5.15570708185439E8
stateCuriosity: -3.3173689389E7
stateCuriosity: -7.1650304388E7
stateCuriosity: -3.1413003315E7
stateCuriosity: -0.249
stateCuriosity: 8.37
stateCuriosity: 2.913
owltMSLEarth: 283.452
stateEarth: 3.3175496672E7
stateEarth: 7.1654205945E7
stateEarth: 3.1414713755E7
stateEarth: 0.249
stateEarth: -8.369
stateEarth: -2.912
owltEarthMSL: 283.467
positionEarthWRTCuriosity: 3.3175496672E7
positionEarthWRTCuriosity: 7.1654205945E7
positionEarthWRTCuriosity: 3.1414713755E7
owltEarthMSL2: 283.467
angSepHGAEarth: 36.365
utcTime: "2016-05-03~18:04:00"
sol: 1330
sclkValue: " 1/01330:14:19:10:30025"

2018-08-01 23:21:18,435 [radio] INFO  space.exploration.mars.rover.communication.Radio - One Way Light Time computed by SPICE :: 283.452
2018-08-01 23:21:18,638 [pacemaker] INFO  space.exploration.mars.rover.kernel.PositionSensor - Houston - this is curiosityActual.ephemerisTime: 5.15570768185439E8
stateCuriosity: -3.3173704305E7
stateCuriosity: -7.1649802209E7
stateCuriosity: -3.1412828572E7
stateCuriosity: -0.249
stateCuriosity: 8.369
stateCuriosity: 2.912
owltMSLEarth: 283.45
stateEarth: 3.3175511623E7
stateEarth: 7.1653703809E7
stateEarth: 3.1414539033E7
stateEarth: 0.249
stateEarth: -8.368
stateEarth: -2.912
owltEarthMSL: 283.466
positionEarthWRTCuriosity: 3.3175511623E7
positionEarthWRTCuriosity: 7.1653703809E7
positionEarthWRTCuriosity: 3.1414539033E7
owltEarthMSL2: 283.466
angSepHGAEarth: 36.46
utcTime: "2016-05-03~18:05:00"
sol: 1330
sclkValue: " 1/01330:14:20:08:69491"

2018-08-01 23:21:18,698 [pacemaker] INFO  space.exploration.mars.rover.kernel.PositionSensor - ephemerisTime: 5.15570768185439E8
stateCuriosity: -3.3173704305E7
stateCuriosity: -7.1649802209E7
stateCuriosity: -3.1412828572E7
stateCuriosity: -0.249
stateCuriosity: 8.369
stateCuriosity: 2.912
owltMSLEarth: 283.45
stateEarth: 3.3175511623E7
stateEarth: 7.1653703809E7
stateEarth: 3.1414539033E7
stateEarth: 0.249
stateEarth: -8.368
stateEarth: -2.912
owltEarthMSL: 283.466
positionEarthWRTCuriosity: 3.3175511623E7
positionEarthWRTCuriosity: 7.1653703809E7
positionEarthWRTCuriosity: 3.1414539033E7
owltEarthMSL2: 283.466
angSepHGAEarth: 36.46
utcTime: "2016-05-03~18:05:00"
sol: 1330
sclkValue: " 1/01330:14:20:08:69491"

2018-08-01 23:21:18,703 [pacemaker] INFO  space.exploration.mars.rover.kernel.SpacecraftClock - Internal time::2016-05-03T18:05:00.000-05:00 sclk of::1/01330:14:20:08:69491
2018-08-01 23:21:18,709 [pacemaker] INFO  space.exploration.mars.rover.kernel.Rover - Trying to reflect rover state.Transmitting State Software Version - 2.0
2018-08-01 23:21:24,765 [pacemaker] INFO  space.exploration.mars.rover.kernel.PositionSensor - Houston - this is curiosityActual.ephemerisTime: 5.15571128185439E8
stateCuriosity: -3.3173793882E7
stateCuriosity: -7.164679039E7
stateCuriosity: -3.1411780814E7
stateCuriosity: -0.249
stateCuriosity: 8.363
stateCuriosity: 2.909
owltMSLEarth: 283.44
stateEarth: 3.3175601408E7
stateEarth: 7.1650692237E7
stateEarth: 3.1413491389E7
stateEarth: 0.25
stateEarth: -8.363
stateEarth: -2.908
owltEarthMSL: 283.456
positionEarthWRTCuriosity: 3.3175601408E7
positionEarthWRTCuriosity: 7.1650692237E7
positionEarthWRTCuriosity: 3.1413491389E7
owltEarthMSL2: 283.456
angSepHGAEarth: 37.055
utcTime: "2016-05-03~18:11:00"
sol: 1330
sclkValue: " 1/01330:14:25:59:06285"

2018-08-01 23:21:24,799 [pacemaker] INFO  space.exploration.mars.rover.kernel.PositionSensor - ephemerisTime: 5.15571128185439E8
stateCuriosity: -3.3173793882E7
stateCuriosity: -7.164679039E7
stateCuriosity: -3.1411780814E7
stateCuriosity: -0.249
stateCuriosity: 8.363
stateCuriosity: 2.909
owltMSLEarth: 283.44
stateEarth: 3.3175601408E7
stateEarth: 7.1650692237E7
stateEarth: 3.1413491389E7
stateEarth: 0.25
stateEarth: -8.363
stateEarth: -2.908
owltEarthMSL: 283.456
positionEarthWRTCuriosity: 3.3175601408E7
positionEarthWRTCuriosity: 7.1650692237E7
positionEarthWRTCuriosity: 3.1413491389E7
owltEarthMSL2: 283.456
angSepHGAEarth: 37.055
utcTime: "2016-05-03~18:11:00"
sol: 1330
sclkValue: " 1/01330:14:25:59:06285"

2018-08-01 23:21:24,799 [pacemaker] INFO  space.exploration.mars.rover.communication.Radio - One Way Light Time computed by SPICE :: 283.44
2018-08-01 23:21:24,813 [pacemaker] INFO  space.exploration.mars.rover.communication.Radio - Message encryption successful.
2018-08-01 23:21:24,813 [pacemaker] INFO  space.exploration.mars.rover.communication.Transmitter - Sending information packet to curiosity_to_earth_5
2018-08-01 23:21:27,814 [pacemaker] INFO  space.exploration.mars.rover.kernel.Rover - Trying to reflect rover state.Listening State Software Version - 2.0
2018-08-01 23:21:27,815 [radio] INFO  space.exploration.mars.rover.kernel.Rover - Trying to reflect rover state.Listening State Software Version - 2.0
2018-08-01 23:21:27,815 [radio] INFO  space.exploration.mars.rover.kernel.ListeningState - timeStamp: 1533183678345
targets {
  roverModule: 13
  action: "Perform Sample Analysis"
  auxiliaryData: "\b\272\t\020\001"
}

2018-08-01 23:21:33,827 [radio] INFO  space.exploration.mars.rover.kernel.ListeningState - 1533183693827,13,Perform Sample Analysis Current instructionQueue length = 0
2018-08-01 23:21:33,827 [radio] INFO  space.exploration.mars.rover.kernel.ListeningState - Rover will attempt sampleAnalysis on Mars for sol = 1330
2018-08-01 23:21:33,829 [radio] INFO  space.exploration.mars.rover.kernel.SampleAnalysisState - Sample Analysis requested from MSL for sol = 1330 samQuery = sol: 1210
getNearest: true

2018-08-01 23:21:33,829 [radio] INFO  space.exploration.mars.rover.kernel.Rover - Trying to reflect rover state.SampleAnalysisState Software Version - 2.0
2018-08-01 23:21:45,834 [radio] ERROR space.exploration.mars.rover.kernel.SampleAnalysisState - sampleAnalysisData unavailable for sol = 1330
2018-08-01 23:21:45,835 [radio] INFO  space.exploration.mars.rover.kernel.Rover - Trying to reflect rover state.Transmitting State Software Version - 2.0
2018-08-01 23:21:51,879 [radio] INFO  space.exploration.mars.rover.kernel.PositionSensor - Houston - this is curiosityActual.ephemerisTime: 5.15572748185439E8
stateCuriosity: -3.3174197614E7
stateCuriosity: -7.1633263355E7
stateCuriosity: -3.1407081094E7
stateCuriosity: -0.249
stateCuriosity: 8.337
stateCuriosity: 2.893
owltMSLEarth: 283.397
stateEarth: 3.3176005962E7
stateEarth: 7.1637166075E7
stateEarth: 3.1408792083E7
stateEarth: 0.249
stateEarth: -8.337
stateEarth: -2.893
owltEarthMSL: 283.413
positionEarthWRTCuriosity: 3.3176005962E7
positionEarthWRTCuriosity: 7.1637166075E7
positionEarthWRTCuriosity: 3.1408792083E7
owltEarthMSL2: 283.413
angSepHGAEarth: 40.15
utcTime: "2016-05-03~18:38:00"
sol: 1330
sclkValue: " 1/01330:14:52:15:71861"

2018-08-01 23:21:51,913 [radio] INFO  space.exploration.mars.rover.kernel.PositionSensor - ephemerisTime: 5.15572748185439E8
stateCuriosity: -3.3174197614E7
stateCuriosity: -7.1633263355E7
stateCuriosity: -3.1407081094E7
stateCuriosity: -0.249
stateCuriosity: 8.337
stateCuriosity: 2.893
owltMSLEarth: 283.397
stateEarth: 3.3176005962E7
stateEarth: 7.1637166075E7
stateEarth: 3.1408792083E7
stateEarth: 0.249
stateEarth: -8.337
stateEarth: -2.893
owltEarthMSL: 283.413
positionEarthWRTCuriosity: 3.3176005962E7
positionEarthWRTCuriosity: 7.1637166075E7
positionEarthWRTCuriosity: 3.1408792083E7
owltEarthMSL2: 283.413
angSepHGAEarth: 40.15
utcTime: "2016-05-03~18:38:00"
sol: 1330
sclkValue: " 1/01330:14:52:15:71861"

2018-08-01 23:21:51,913 [radio] INFO  space.exploration.mars.rover.communication.Radio - One Way Light Time computed by SPICE :: 283.397
2018-08-01 23:21:51,927 [radio] INFO  space.exploration.mars.rover.communication.Radio - Message encryption successful.
2018-08-01 23:21:51,927 [radio] INFO  space.exploration.mars.rover.communication.Transmitter - Sending information packet to curiosity_to_earth_5
2018-08-01 23:21:54,928 [radio] INFO  space.exploration.mars.rover.kernel.Rover - Trying to reflect rover state.Listening State Software Version - 2.0
2018-08-01 23:21:54,928 [batteryMonitor] INFO  space.exploration.mars.rover.power.BatteryMonitor - BatteryMonitor performing due diligence. SCET = 1533183702486 Rover state = Listening State
2018-08-01 23:21:54,928 [batteryMonitor] INFO  space.exploration.mars.rover.power.BatteryMonitor -  Battery primaryUnits = 1199 auxiliaryPowerUnits = 100
2018-08-01 23:22:12,486 [batteryMonitor] INFO  space.exploration.mars.rover.power.BatteryMonitor - BatteryMonitor performing due diligence. SCET = 1533183732486 Rover state = Listening State
2018-08-01 23:22:12,486 [batteryMonitor] INFO  space.exploration.mars.rover.power.BatteryMonitor -  Battery primaryUnits = 1199 auxiliaryPowerUnits = 100
2018-08-01 23:22:18,612 [pacemaker] INFO  space.exploration.mars.rover.kernel.PositionSensor - Houston - this is curiosityActual.ephemerisTime: 5.15574368185439E8
stateCuriosity: -3.3174599063E7
stateCuriosity: -7.1619777673E7
stateCuriosity: -3.1402407362E7
stateCuriosity: -0.246
stateCuriosity: 8.312
stateCuriosity: 2.877
owltMSLEarth: 283.354
stateEarth: 3.3176408022E7
stateEarth: 7.1623680828E7
stateEarth: 3.1404118574E7
stateEarth: 0.247
stateEarth: -8.312
stateEarth: -2.877
owltEarthMSL: 283.369
positionEarthWRTCuriosity: 3.3176408022E7
positionEarthWRTCuriosity: 7.1623680828E7
positionEarthWRTCuriosity: 3.1404118574E7
owltEarthMSL2: 283.369
angSepHGAEarth: 43.808
utcTime: "2016-05-03~19:05:00"
sol: 1330
sclkValue: " 1/01330:15:18:32:37438"

2018-08-01 23:22:18,652 [pacemaker] INFO  space.exploration.mars.rover.kernel.PositionSensor - ephemerisTime: 5.15574368185439E8
stateCuriosity: -3.3174599063E7
stateCuriosity: -7.1619777673E7
stateCuriosity: -3.1402407362E7
stateCuriosity: -0.246
stateCuriosity: 8.312
stateCuriosity: 2.877
owltMSLEarth: 283.354
stateEarth: 3.3176408022E7
stateEarth: 7.1623680828E7
stateEarth: 3.1404118574E7
stateEarth: 0.247
stateEarth: -8.312
stateEarth: -2.877
owltEarthMSL: 283.369
positionEarthWRTCuriosity: 3.3176408022E7
positionEarthWRTCuriosity: 7.1623680828E7
positionEarthWRTCuriosity: 3.1404118574E7
owltEarthMSL2: 283.369
angSepHGAEarth: 43.808
utcTime: "2016-05-03~19:05:00"
sol: 1330
sclkValue: " 1/01330:15:18:32:37438"

2018-08-01 23:22:18,653 [pacemaker] INFO  space.exploration.mars.rover.kernel.SpacecraftClock - Internal time::2016-05-03T19:05:00.000-05:00 sclk of::1/01330:15:18:32:37438
2018-08-01 23:22:18,653 [pacemaker] INFO  space.exploration.mars.rover.kernel.Rover - Trying to reflect rover state.Transmitting State Software Version - 2.0
2018-08-01 23:22:24,696 [pacemaker] INFO  space.exploration.mars.rover.kernel.PositionSensor - Houston - this is curiosityActual.ephemerisTime: 5.15574728185439E8
stateCuriosity: -3.317468752E7
stateCuriosity: -7.1616786246E7
stateCuriosity: -3.1401372417E7
stateCuriosity: -0.245
stateCuriosity: 8.307
stateCuriosity: 2.873
owltMSLEarth: 283.344
stateEarth: 3.3176496583E7
stateEarth: 7.1620689432E7
stateEarth: 3.140308365E7
stateEarth: 0.245
stateEarth: -8.307
stateEarth: -2.873
owltEarthMSL: 283.36
positionEarthWRTCuriosity: 3.3176496583E7
positionEarthWRTCuriosity: 7.1620689432E7
positionEarthWRTCuriosity: 3.140308365E7
owltEarthMSL2: 283.36
angSepHGAEarth: 44.683
utcTime: "2016-05-03~19:11:00"
sol: 1330
sclkValue: " 1/01330:15:24:22:74232"

2018-08-01 23:22:24,730 [pacemaker] INFO  space.exploration.mars.rover.kernel.PositionSensor - ephemerisTime: 5.15574728185439E8
stateCuriosity: -3.317468752E7
stateCuriosity: -7.1616786246E7
stateCuriosity: -3.1401372417E7
stateCuriosity: -0.245
stateCuriosity: 8.307
stateCuriosity: 2.873
owltMSLEarth: 283.344
stateEarth: 3.3176496583E7
stateEarth: 7.1620689432E7
stateEarth: 3.140308365E7
stateEarth: 0.245
stateEarth: -8.307
stateEarth: -2.873
owltEarthMSL: 283.36
positionEarthWRTCuriosity: 3.3176496583E7
positionEarthWRTCuriosity: 7.1620689432E7
positionEarthWRTCuriosity: 3.140308365E7
owltEarthMSL2: 283.36
angSepHGAEarth: 44.683
utcTime: "2016-05-03~19:11:00"
sol: 1330
sclkValue: " 1/01330:15:24:22:74232"

2018-08-01 23:22:24,730 [pacemaker] INFO  space.exploration.mars.rover.communication.Radio - One Way Light Time computed by SPICE :: 283.344
2018-08-01 23:22:24,741 [pacemaker] INFO  space.exploration.mars.rover.communication.Radio - Message encryption successful.
2018-08-01 23:22:24,742 [pacemaker] INFO  space.exploration.mars.rover.communication.Transmitter - Sending information packet to curiosity_to_earth_5
2018-08-01 23:22:27,743 [pacemaker] INFO  space.exploration.mars.rover.kernel.Rover - Trying to reflect rover state.Listening State Software Version - 2.0
2018-08-01 23:22:42,486 [batteryMonitor] INFO  space.exploration.mars.rover.power.BatteryMonitor - BatteryMonitor performing due diligence. SCET = 1533183762486 Rover state = Listening State
2018-08-01 23:22:42,486 [batteryMonitor] INFO  space.exploration.mars.rover.power.BatteryMonitor -  Battery primaryUnits = 1198 auxiliaryPowerUnits = 100
2018-08-01 23:23:10,272 [radio] INFO  space.exploration.mars.rover.communication.Receiver - Time Elapsed since last message = 111907
2018-08-01 23:23:10,307 [radio] ERROR space.exploration.mars.rover.communication.Radio - Encountered exception when getting comsDelay. There may be a coverage gap at this time.Radio is returning the last known communications delay.4 utcTime = 2016-05-03~19:56:00
java.lang.NumberFormatException: empty String
	at sun.misc.FloatingDecimal.readJavaFormatString(FloatingDecimal.java:1842)
	at sun.misc.FloatingDecimal.parseDouble(FloatingDecimal.java:110)
	at java.lang.Double.parseDouble(Double.java:538)
	at space.exploration.spice.utilities.PositionUtils.getPositionPacket(PositionUtils.java:41)
	at space.exploration.mars.rover.kernel.PositionSensor.getPositionsData(PositionSensor.java:76)
	at space.exploration.mars.rover.communication.Radio.getComsDelaySecs(Radio.java:155)
	at space.exploration.mars.rover.communication.Radio.receiveMessage(Radio.java:84)
	at space.exploration.mars.rover.communication.Receiver.run(Receiver.java:68)
2018-08-01 23:23:10,931 [radio] INFO  space.exploration.mars.rover.kernel.Rover - Trying to reflect rover state.Listening State Software Version - 2.0
2018-08-01 23:23:10,931 [radio] INFO  space.exploration.mars.rover.kernel.ListeningState - timeStamp: 1533183790261
targets {
  roverModule: 6
  action: "Graceful Shutdown."
}

2018-08-01 23:23:16,945 [radio] INFO  space.exploration.mars.rover.kernel.ListeningState - 1533183796945,6,Graceful Shutdown. Current instructionQueue length = 0
2018-08-01 23:23:16,946 [radio] INFO  space.exploration.mars.rover.kernel.Rover - Trying to reflect rover state.Maintenance State Software Version - 2.0
2018-08-01 23:23:16,946 [radio] INFO  space.exploration.mars.rover.kernel.ListeningState - Rover initiating a gracefulShutdown.
2018-08-01 23:23:16,946 [radio] INFO  space.exploration.mars.rover.kernel.ListeningState - Synchronizing Clocks.
2018-08-01 23:23:16,947 [radio] INFO  space.exploration.mars.rover.kernel.SclkTimingState - Synchronizing sclk and positionSensor to 2016-05-03~20:03:00
2018-08-01 23:23:16,947 [radio] INFO  space.exploration.mars.rover.kernel.SclkTimingState - Houston, expect a diagnostics pause. Shutting down paceMaker
2018-08-01 23:23:16,947 [radio] INFO  space.exploration.mars.rover.kernel.Rover - Trying to reflect rover state.SclkTiming State Software Version - 2.0
2018-08-01 23:23:16,947 [radio] INFO  space.exploration.mars.rover.diagnostics.Pacemaker - Pacemaker diagnostic module interrupted.
2018-08-01 23:23:16,947 [radio] INFO  space.exploration.mars.rover.kernel.SclkTimingState - Houston, be advised - garbageCollection is paused. Please wait before sending new signals.
2018-08-01 23:23:16,947 [radio] INFO  space.exploration.mars.rover.diagnostics.RoverGarbageCollector - RoverGC interrupted
2018-08-01 23:23:16,947 [radio] INFO  space.exploration.mars.rover.kernel.SpacecraftClock - UTCTime = 2016-05-03~20:03:00
2018-08-01 23:23:16,948 [radio] INFO  space.exploration.mars.rover.kernel.SpacecraftClock - Valid utc time ranges are dictated by clockService as follows:
2018-08-01 23:23:16,948 [radio] INFO  space.exploration.mars.rover.kernel.SpacecraftClock - APPLICABLE_START_TIME=2000-001T11:58:55.816, APPLICABLE_STOP_TIME=2017-360T19:17:40.149
2018-08-01 23:23:16,948 [radio] INFO  space.exploration.mars.rover.kernel.SpacecraftClock - Given UTC = 2016-05-03~20:03:00
2018-08-01 23:23:16,948 [radio] INFO  space.exploration.mars.rover.kernel.SpacecraftClock - Please ensure that positionSensor and sclk are synchronized
2018-08-01 23:23:16,948 [radio] INFO  space.exploration.mars.rover.kernel.PositionSensor - Synchronizing positionSensor clock to 2016-05-03~20:03:00
2018-08-01 23:23:16,949 [radio] INFO  space.exploration.mars.rover.kernel.SclkTimingState - Restarting diagnostics heartbeat
2018-08-01 23:23:16,949 [radio] INFO  space.exploration.mars.rover.diagnostics.Pacemaker - Pacemaker initialized
2018-08-01 23:23:16,955 [radio] INFO  space.exploration.mars.rover.kernel.SclkTimingState - Restarting garbageCollection
2018-08-01 23:23:16,956 [radio] INFO  space.exploration.mars.rover.diagnostics.RoverGarbageCollector - RoverGarbageCollector initialized
2018-08-01 23:23:16,956 [radio] INFO  space.exploration.mars.rover.diagnostics.RoverGarbageCollector - Starting garbageCollection
2018-08-01 23:23:16,956 [radio] INFO  space.exploration.mars.rover.kernel.Rover - Trying to reflect rover state.SclkTiming State Software Version - 2.0
2018-08-01 23:23:16,960 [radio] INFO  space.exploration.mars.rover.kernel.SpacecraftClock - Internal time::2016-05-03T20:04:00.000-05:00 sclk of::1/01330:16:14:59:26453
2018-08-01 23:23:16,960 [radio] INFO  space.exploration.mars.rover.kernel.Rover - Trying to reflect rover state.Transmitting State Software Version - 2.0
2018-08-01 23:23:23,004 [radio] INFO  space.exploration.mars.rover.kernel.PositionSensor - Houston - this is curiosityActual.ephemerisTime: 5.15578688185438E8
stateCuriosity: -3.3175625756E7
stateCuriosity: -7.1583998975E7
stateCuriosity: -3.1390079675E7
stateCuriosity: -0.226
stateCuriosity: 8.254
stateCuriosity: 2.83
owltMSLEarth: 283.239
stateEarth: 3.3177435093E7
stateEarth: 7.1587900664E7
stateEarth: 3.1391790346E7
stateEarth: 0.226
stateEarth: -8.255
stateEarth: -2.83
owltEarthMSL: 283.255
positionEarthWRTCuriosity: 3.3177435093E7
positionEarthWRTCuriosity: 7.1587900664E7
positionEarthWRTCuriosity: 3.1391790346E7
owltEarthMSL2: 283.255
angSepHGAEarth: 55.438
utcTime: "2016-05-03~20:17:00"
sol: 1330
sclkValue: " 1/01330:16:28:36:78974"

2018-08-01 23:23:23,038 [radio] INFO  space.exploration.mars.rover.kernel.PositionSensor - ephemerisTime: 5.15578688185438E8
stateCuriosity: -3.3175625756E7
stateCuriosity: -7.1583998975E7
stateCuriosity: -3.1390079675E7
stateCuriosity: -0.226
stateCuriosity: 8.254
stateCuriosity: 2.83
owltMSLEarth: 283.239
stateEarth: 3.3177435093E7
stateEarth: 7.1587900664E7
stateEarth: 3.1391790346E7
stateEarth: 0.226
stateEarth: -8.255
stateEarth: -2.83
owltEarthMSL: 283.255
positionEarthWRTCuriosity: 3.3177435093E7
positionEarthWRTCuriosity: 7.1587900664E7
positionEarthWRTCuriosity: 3.1391790346E7
owltEarthMSL2: 283.255
angSepHGAEarth: 55.438
utcTime: "2016-05-03~20:17:00"
sol: 1330
sclkValue: " 1/01330:16:28:36:78974"

2018-08-01 23:23:23,038 [radio] INFO  space.exploration.mars.rover.communication.Radio - One Way Light Time computed by SPICE :: 283.239
2018-08-01 23:23:23,048 [radio] INFO  space.exploration.mars.rover.communication.Radio - Message encryption successful.
2018-08-01 23:23:23,048 [radio] INFO  space.exploration.mars.rover.communication.Transmitter - Sending information packet to curiosity_to_earth_5
2018-08-01 23:23:26,049 [radio] INFO  space.exploration.mars.rover.kernel.Rover - Trying to reflect rover state.Listening State Software Version - 2.0
2018-08-01 23:23:26,049 [radio] INFO  space.exploration.mars.rover.kernel.ListeningState - Sending diagnostic heartbeat.
2018-08-01 23:23:26,086 [radio] INFO  space.exploration.mars.rover.kernel.PositionSensor - Houston - this is curiosityActual.ephemerisTime: 5.15579048185438E8
stateCuriosity: -3.3175706755E7
stateCuriosity: -7.1581028179E7
stateCuriosity: -3.1389061567E7
stateCuriosity: -0.224
stateCuriosity: 8.25
stateCuriosity: 2.826
owltMSLEarth: 283.23
stateEarth: 3.3177516031E7
stateEarth: 7.158492955E7
stateEarth: 3.1390772109E7
stateEarth: 0.224
stateEarth: -8.251
stateEarth: -2.826
owltEarthMSL: 283.245
positionEarthWRTCuriosity: 3.3177516031E7
positionEarthWRTCuriosity: 7.158492955E7
positionEarthWRTCuriosity: 3.1390772109E7
owltEarthMSL2: 283.245
angSepHGAEarth: 56.47
utcTime: "2016-05-03~20:23:00"
sol: 1330
sclkValue: " 1/01330:16:34:27:15769"

2018-08-01 23:23:26,121 [radio] INFO  space.exploration.mars.rover.kernel.PositionSensor - ephemerisTime: 5.15579048185438E8
stateCuriosity: -3.3175706755E7
stateCuriosity: -7.1581028179E7
stateCuriosity: -3.1389061567E7
stateCuriosity: -0.224
stateCuriosity: 8.25
stateCuriosity: 2.826
owltMSLEarth: 283.23
stateEarth: 3.3177516031E7
stateEarth: 7.158492955E7
stateEarth: 3.1390772109E7
stateEarth: 0.224
stateEarth: -8.251
stateEarth: -2.826
owltEarthMSL: 283.245
positionEarthWRTCuriosity: 3.3177516031E7
positionEarthWRTCuriosity: 7.158492955E7
positionEarthWRTCuriosity: 3.1390772109E7
owltEarthMSL2: 283.245
angSepHGAEarth: 56.47
utcTime: "2016-05-03~20:23:00"
sol: 1330
sclkValue: " 1/01330:16:34:27:15769"

2018-08-01 23:23:26,121 [radio] INFO  space.exploration.mars.rover.kernel.SpacecraftClock - Internal time::2016-05-03T20:23:00.000-05:00 sclk of::1/01330:16:34:27:15769
2018-08-01 23:23:26,122 [radio] INFO  space.exploration.mars.rover.kernel.Rover - Trying to reflect rover state.Transmitting State Software Version - 2.0
2018-08-01 23:23:32,165 [radio] INFO  space.exploration.mars.rover.kernel.PositionSensor - Houston - this is curiosityActual.ephemerisTime: 5.15579768185438E8
stateCuriosity: -3.3175866033E7
stateCuriosity: -7.1575090985E7
stateCuriosity: -3.1387029653E7
stateCuriosity: -0.219
stateCuriosity: 8.242
stateCuriosity: 2.818
owltMSLEarth: 283.211
stateEarth: 3.3177675139E7
stateEarth: 7.1578991625E7
stateEarth: 3.1388739895E7
stateEarth: 0.218
stateEarth: -8.243
stateEarth: -2.819
owltEarthMSL: 283.226
positionEarthWRTCuriosity: 3.3177675139E7
positionEarthWRTCuriosity: 7.1578991625E7
positionEarthWRTCuriosity: 3.1388739895E7
owltEarthMSL2: 283.226
angSepHGAEarth: 58.551
utcTime: "2016-05-03~20:35:00"
sol: 1330
sclkValue: " 1/01330:16:46:07:89358"

2018-08-01 23:23:32,200 [radio] INFO  space.exploration.mars.rover.kernel.PositionSensor - ephemerisTime: 5.15579768185438E8
stateCuriosity: -3.3175866033E7
stateCuriosity: -7.1575090985E7
stateCuriosity: -3.1387029653E7
stateCuriosity: -0.219
stateCuriosity: 8.242
stateCuriosity: 2.818
owltMSLEarth: 283.211
stateEarth: 3.3177675139E7
stateEarth: 7.1578991625E7
stateEarth: 3.1388739895E7
stateEarth: 0.218
stateEarth: -8.243
stateEarth: -2.819
owltEarthMSL: 283.226
positionEarthWRTCuriosity: 3.3177675139E7
positionEarthWRTCuriosity: 7.1578991625E7
positionEarthWRTCuriosity: 3.1388739895E7
owltEarthMSL2: 283.226
angSepHGAEarth: 58.551
utcTime: "2016-05-03~20:35:00"
sol: 1330
sclkValue: " 1/01330:16:46:07:89358"

2018-08-01 23:23:32,200 [radio] INFO  space.exploration.mars.rover.communication.Radio - One Way Light Time computed by SPICE :: 283.211
2018-08-01 23:23:32,211 [radio] INFO  space.exploration.mars.rover.communication.Radio - Message encryption successful.
2018-08-01 23:23:32,211 [radio] INFO  space.exploration.mars.rover.communication.Transmitter - Sending information packet to curiosity_to_earth_5
2018-08-01 23:23:35,212 [radio] INFO  space.exploration.mars.rover.kernel.Rover - Trying to reflect rover state.Listening State Software Version - 2.0
2018-08-01 23:23:35,212 [radio] INFO  space.exploration.mars.rover.kernel.ListeningState - Severing ties with the rover.
2018-08-01 23:23:35,212 [radio] INFO  space.exploration.mars.rover.kernel.Rover - Stopping all daemon processes.
2018-08-01 23:23:35,212 [radio] INFO  space.exploration.mars.rover.kernel.Rover -  1. Stopping Pacemaker.
2018-08-01 23:23:35,212 [radio] INFO  space.exploration.mars.rover.diagnostics.Pacemaker - Pacemaker diagnostic module shuttingDown.
2018-08-01 23:23:35,212 [radio] INFO  space.exploration.mars.rover.kernel.Rover -  2. Stopping GarbageCollector.
2018-08-01 23:23:35,212 [radio] INFO  space.exploration.mars.rover.diagnostics.RoverGarbageCollector - RoverGC shuttingDown.
2018-08-01 23:23:35,213 [radio] INFO  space.exploration.mars.rover.kernel.Rover -  3. Stopping BatteryMonitor. 
2018-08-01 23:23:35,213 [radio] INFO  space.exploration.mars.rover.kernel.Rover -  4. Stopping SleepMonitor. 
2018-08-01 23:23:35,213 [radio] INFO  space.exploration.mars.rover.diagnostics.SleepMonitor - SleepMonitor is shuttingDown.
2018-08-01 23:23:35,213 [radio] INFO  space.exploration.mars.rover.kernel.Rover -  5. Stopping PositionSensor.
2018-08-01 23:23:35,213 [radio] INFO  space.exploration.mars.rover.kernel.PositionSensor - PositionSensor is shutting down.
2018-08-01 23:23:35,213 [radio] INFO  space.exploration.mars.rover.kernel.Rover - 6. Saving properties file. 
2018-08-01 23:23:35,213 [radio] INFO  space.exploration.mars.rover.kernel.Rover - Writing properties file to :: src/main/resources/marsConfig.properties
2018-08-01 23:23:35,213 [radio] INFO  space.exploration.mars.rover.kernel.Rover -  7. Stopping SpacecraftClock. 
2018-08-01 23:23:35,213 [radio] INFO  space.exploration.mars.rover.kernel.SpacecraftClock - SpacecraftClock shuttingDown.
2018-08-01 23:23:35,213 [radio] INFO  space.exploration.mars.rover.kernel.Rover -  8. Shutting down graphics.
2018-08-01 23:23:35,224 [radio] INFO  space.exploration.mars.rover.kernel.Rover -  9. Stopping Radio Communications.
2018-08-01 23:23:35,224 [radio] INFO  space.exploration.mars.rover.communication.Radio - Radio stopped
2018-08-01 23:23:35,224 [radio] INFO  space.exploration.mars.rover.kernel.ListeningState - No pre-existing launcher process found. Shutting down system.
2018-08-01 23:23:35,224 [radio] INFO  space.exploration.mars.rover.kernel.Rover - Houston this is Curiosity saying goodbye! Hope I did OK!
