3764 [main] INFO space.exploration.mars.rover.kernel.SpacecraftClock  - Curiosity internal spacecraft clock started at :: 2016-01-01T00:00:00.000-06:00
3764 [main] INFO space.exploration.mars.rover.kernel.SpacecraftClock  - Mission duration is set to :: 1 year(s).
3765 [main] INFO space.exploration.mars.rover.kernel.SpacecraftClock  - Mission duration = 31536000000
14259 [main] INFO org.apache.kafka.clients.producer.ProducerConfig  - ProducerConfig values: 
	metric.reporters = []
	metadata.max.age.ms = 300000
	reconnect.backoff.ms = 50
	sasl.kerberos.ticket.renew.window.factor = 0.8
	bootstrap.servers = [localhost:9092]
	ssl.keystore.type = JKS
	sasl.mechanism = GSSAPI
	max.block.ms = 60000
	interceptor.classes = null
	ssl.truststore.password = null
	client.id = 
	ssl.endpoint.identification.algorithm = null
	request.timeout.ms = 30000
	acks = 1
	receive.buffer.bytes = 32768
	ssl.truststore.type = JKS
	retries = 0
	ssl.truststore.location = null
	ssl.keystore.password = null
	send.buffer.bytes = 131072
	compression.type = none
	metadata.fetch.timeout.ms = 60000
	retry.backoff.ms = 100
	sasl.kerberos.kinit.cmd = /usr/bin/kinit
	buffer.memory = 33554432
	timeout.ms = 30000
	key.serializer = class org.apache.kafka.common.serialization.StringSerializer
	sasl.kerberos.service.name = null
	sasl.kerberos.ticket.renew.jitter = 0.05
	ssl.trustmanager.algorithm = PKIX
	block.on.buffer.full = false
	ssl.key.password = null
	sasl.kerberos.min.time.before.relogin = 60000
	connections.max.idle.ms = 540000
	max.in.flight.requests.per.connection = 5
	metrics.num.samples = 2
	ssl.protocol = TLS
	ssl.provider = null
	ssl.enabled.protocols = [TLSv1.2, TLSv1.1, TLSv1]
	batch.size = 16384
	ssl.keystore.location = null
	ssl.cipher.suites = null
	security.protocol = PLAINTEXT
	max.request.size = 1048576
	value.serializer = class org.apache.kafka.common.serialization.ByteArraySerializer
	ssl.keymanager.algorithm = SunX509
	metrics.sample.window.ms = 30000
	partitioner.class = class org.apache.kafka.clients.producer.internals.DefaultPartitioner
	linger.ms = 0

14314 [main] INFO org.apache.kafka.clients.producer.ProducerConfig  - ProducerConfig values: 
	metric.reporters = []
	metadata.max.age.ms = 300000
	reconnect.backoff.ms = 50
	sasl.kerberos.ticket.renew.window.factor = 0.8
	bootstrap.servers = [localhost:9092]
	ssl.keystore.type = JKS
	sasl.mechanism = GSSAPI
	max.block.ms = 60000
	interceptor.classes = null
	ssl.truststore.password = null
	client.id = producer-1
	ssl.endpoint.identification.algorithm = null
	request.timeout.ms = 30000
	acks = 1
	receive.buffer.bytes = 32768
	ssl.truststore.type = JKS
	retries = 0
	ssl.truststore.location = null
	ssl.keystore.password = null
	send.buffer.bytes = 131072
	compression.type = none
	metadata.fetch.timeout.ms = 60000
	retry.backoff.ms = 100
	sasl.kerberos.kinit.cmd = /usr/bin/kinit
	buffer.memory = 33554432
	timeout.ms = 30000
	key.serializer = class org.apache.kafka.common.serialization.StringSerializer
	sasl.kerberos.service.name = null
	sasl.kerberos.ticket.renew.jitter = 0.05
	ssl.trustmanager.algorithm = PKIX
	block.on.buffer.full = false
	ssl.key.password = null
	sasl.kerberos.min.time.before.relogin = 60000
	connections.max.idle.ms = 540000
	max.in.flight.requests.per.connection = 5
	metrics.num.samples = 2
	ssl.protocol = TLS
	ssl.provider = null
	ssl.enabled.protocols = [TLSv1.2, TLSv1.1, TLSv1]
	batch.size = 16384
	ssl.keystore.location = null
	ssl.cipher.suites = null
	security.protocol = PLAINTEXT
	max.request.size = 1048576
	value.serializer = class org.apache.kafka.common.serialization.ByteArraySerializer
	ssl.keymanager.algorithm = SunX509
	metrics.sample.window.ms = 30000
	partitioner.class = class org.apache.kafka.clients.producer.internals.DefaultPartitioner
	linger.ms = 0

14315 [main] WARN org.apache.kafka.clients.producer.ProducerConfig  - The configuration zookeeper.connect = localhost:2181 was supplied but isn't a known config.
14315 [main] WARN org.apache.kafka.clients.producer.ProducerConfig  - The configuration group.id = space.exploration.mars.newRover was supplied but isn't a known config.
14315 [main] WARN org.apache.kafka.clients.producer.ProducerConfig  - The configuration source.topic = earth_to_curiosity_4 was supplied but isn't a known config.
14315 [main] WARN org.apache.kafka.clients.producer.ProducerConfig  - The configuration auto.offset.reset = largest was supplied but isn't a known config.
14315 [main] WARN org.apache.kafka.clients.producer.ProducerConfig  - The configuration metadata.broker.list = localhost:9092 was supplied but isn't a known config.
14315 [main] WARN org.apache.kafka.clients.producer.ProducerConfig  - The configuration destination.topic = curiosity_to_earth_4 was supplied but isn't a known config.
14316 [main] INFO org.apache.kafka.common.utils.AppInfoParser  - Kafka version : 0.10.0.1
14316 [main] INFO org.apache.kafka.common.utils.AppInfoParser  - Kafka commitId : a7a17cdec9eaa6c5
14440 [main] INFO kafka.utils.VerifiableProperties  - Verifying properties
14465 [main] INFO kafka.utils.VerifiableProperties  - Property auto.offset.reset is overridden to largest
14465 [main] WARN kafka.utils.VerifiableProperties  - Property bootstrap.servers is not valid
14465 [main] WARN kafka.utils.VerifiableProperties  - Property destination.topic is not valid
14465 [main] INFO kafka.utils.VerifiableProperties  - Property group.id is overridden to space.exploration.mars.newRover
14465 [main] WARN kafka.utils.VerifiableProperties  - Property key.serializer is not valid
14465 [main] WARN kafka.utils.VerifiableProperties  - Property metadata.broker.list is not valid
14465 [main] WARN kafka.utils.VerifiableProperties  - Property source.topic is not valid
14465 [main] WARN kafka.utils.VerifiableProperties  - Property value.serializer is not valid
14465 [main] INFO kafka.utils.VerifiableProperties  - Property zookeeper.connect is overridden to localhost:2181
14500 [main] INFO kafka.consumer.ZookeeperConsumerConnector  - [space.exploration.mars.newRover_zion-mainframe-1511239276301-336eb656], Connecting to zookeeper instance at localhost:2181
14508 [ZkClient-EventThread-27-localhost:2181] INFO org.I0Itec.zkclient.ZkEventThread  - Starting ZkClient event thread.
14513 [main] INFO org.apache.zookeeper.ZooKeeper  - Client environment:zookeeper.version=3.4.6-1569965, built on 02/20/2014 09:09 GMT
14513 [main] INFO org.apache.zookeeper.ZooKeeper  - Client environment:host.name=zion-mainframe
14513 [main] INFO org.apache.zookeeper.ZooKeeper  - Client environment:java.version=1.8.0_151
14513 [main] INFO org.apache.zookeeper.ZooKeeper  - Client environment:java.vendor=Oracle Corporation
14513 [main] INFO org.apache.zookeeper.ZooKeeper  - Client environment:java.home=/usr/lib/jvm/java-8-openjdk-amd64/jre
14513 [main] INFO org.apache.zookeeper.ZooKeeper  - Client environment:java.class.path=/home/sanket/Documents/workspace/MarsRover/mars.rover/target/test-classes:/home/sanket/Documents/workspace/MarsRover/mars.rover/target/classes:/home/sanket/.m2/repository/junit/junit/4.12/junit-4.12.jar:/home/sanket/.m2/repository/org/hamcrest/hamcrest-core/1.3/hamcrest-core-1.3.jar:/home/sanket/.m2/repository/org/apache/kafka/kafka_2.10/0.10.0.1/kafka_2.10-0.10.0.1.jar:/home/sanket/.m2/repository/com/101tec/zkclient/0.8/zkclient-0.8.jar:/home/sanket/.m2/repository/org/slf4j/slf4j-api/1.6.1/slf4j-api-1.6.1.jar:/home/sanket/.m2/repository/log4j/log4j/1.2.15/log4j-1.2.15.jar:/home/sanket/.m2/repository/javax/mail/mail/1.4/mail-1.4.jar:/home/sanket/.m2/repository/javax/activation/activation/1.1/activation-1.1.jar:/home/sanket/.m2/repository/org/scala-lang/scala-library/2.10.6/scala-library-2.10.6.jar:/home/sanket/.m2/repository/org/slf4j/slf4j-log4j12/1.7.21/slf4j-log4j12-1.7.21.jar:/home/sanket/.m2/repository/com/yammer/metrics/metrics-core/2.2.0/metrics-core-2.2.0.jar:/home/sanket/.m2/repository/org/apache/kafka/kafka-clients/0.10.0.1/kafka-clients-0.10.0.1.jar:/home/sanket/.m2/repository/net/jpountz/lz4/lz4/1.3.0/lz4-1.3.0.jar:/home/sanket/.m2/repository/org/xerial/snappy/snappy-java/1.1.2.6/snappy-java-1.1.2.6.jar:/home/sanket/.m2/repository/net/sf/jopt-simple/jopt-simple/4.9/jopt-simple-4.9.jar:/home/sanket/.m2/repository/org/apache/zookeeper/zookeeper/3.4.6/zookeeper-3.4.6.jar:/home/sanket/.m2/repository/jline/jline/0.9.94/jline-0.9.94.jar:/home/sanket/.m2/repository/io/netty/netty/3.7.0.Final/netty-3.7.0.Final.jar:/home/sanket/.m2/repository/org/tensorflow/tensorflow/1.1.0/tensorflow-1.1.0.jar:/home/sanket/.m2/repository/org/tensorflow/libtensorflow/1.1.0/libtensorflow-1.1.0.jar:/home/sanket/.m2/repository/org/tensorflow/libtensorflow_jni/1.1.0/libtensorflow_jni-1.1.0.jar:/home/sanket/.m2/repository/mysql/mysql-connector-java/5.1.6/mysql-connector-java-5.1.6.jar:/home/sanket/.m2/repository/com/google/code/gson/gson/2.8.2/gson-2.8.2.jar:/home/sanket/.m2/repository/joda-time/joda-time/2.8.1/joda-time-2.8.1.jar:/home/sanket/.m2/repository/org/jsoup/jsoup/1.8.3/jsoup-1.8.3.jar:/home/sanket/.m2/repository/space/exploration/communications.protocol/1.1/communications.protocol-1.1.jar:/home/sanket/.m2/repository/com/google/protobuf/protobuf-java/3.4.0/protobuf-java-3.4.0.jar:/home/sanket/.m2/repository/space/exploration/spice.utilities/1.0/spice.utilities-1.0.jar:/home/sanket/.m2/repository/commons-io/commons-io/1.3.2/commons-io-1.3.2.jar:
14514 [main] INFO org.apache.zookeeper.ZooKeeper  - Client environment:java.library.path=$LD_LIBRARY_PATH:"/home/sanket/Documents/workspace/SpiceUtilities/src/main/resources/JNISpice/lib/libJNISpice.so":/home/sanket/Documents/workspace/SpiceUtilities/src/main/resources/JNISpice/lib/libJNISpice.so:/usr/java/packages/lib/amd64:/usr/lib/x86_64-linux-gnu/jni:/lib/x86_64-linux-gnu:/usr/lib/x86_64-linux-gnu:/usr/lib/jni:/lib:/usr/lib
14514 [main] INFO org.apache.zookeeper.ZooKeeper  - Client environment:java.io.tmpdir=/tmp
14514 [main] INFO org.apache.zookeeper.ZooKeeper  - Client environment:java.compiler=<NA>
14514 [main] INFO org.apache.zookeeper.ZooKeeper  - Client environment:os.name=Linux
14514 [main] INFO org.apache.zookeeper.ZooKeeper  - Client environment:os.arch=amd64
14514 [main] INFO org.apache.zookeeper.ZooKeeper  - Client environment:os.version=4.10.0-38-generic
14514 [main] INFO org.apache.zookeeper.ZooKeeper  - Client environment:user.name=sanket
14514 [main] INFO org.apache.zookeeper.ZooKeeper  - Client environment:user.home=/home/sanket
14514 [main] INFO org.apache.zookeeper.ZooKeeper  - Client environment:user.dir=/home/sanket/Documents/workspace/MarsRover/mars.rover
14515 [main] INFO org.apache.zookeeper.ZooKeeper  - Initiating client connection, connectString=localhost:2181 sessionTimeout=6000 watcher=org.I0Itec.zkclient.ZkClient@51a9ad5e
14529 [main] INFO org.I0Itec.zkclient.ZkClient  - Waiting for keeper state SyncConnected
14535 [main-SendThread(localhost:2181)] INFO org.apache.zookeeper.ClientCnxn  - Opening socket connection to server localhost/127.0.0.1:2181. Will not attempt to authenticate using SASL (unknown error)
14538 [main-SendThread(localhost:2181)] INFO org.apache.zookeeper.ClientCnxn  - Socket connection established to localhost/127.0.0.1:2181, initiating session
14544 [main-SendThread(localhost:2181)] INFO org.apache.zookeeper.ClientCnxn  - Session establishment complete on server localhost/127.0.0.1:2181, sessionid = 0x15fd568a77d000f, negotiated timeout = 6000
14545 [main-EventThread] INFO org.I0Itec.zkclient.ZkClient  - zookeeper state changed (SyncConnected)
14553 [main] INFO kafka.consumer.ZookeeperConsumerConnector  - [space.exploration.mars.newRover_zion-mainframe-1511239276301-336eb656], starting auto committer every 60000 ms
14579 [Thread-1] INFO kafka.consumer.ZookeeperConsumerConnector  - [space.exploration.mars.newRover_zion-mainframe-1511239276301-336eb656], begin registering consumer space.exploration.mars.newRover_zion-mainframe-1511239276301-336eb656 in ZK
14596 [Thread-1] INFO kafka.utils.ZKCheckedEphemeral  - Creating /consumers/space.exploration.mars.newRover/ids/space.exploration.mars.newRover_zion-mainframe-1511239276301-336eb656 (is it secure? false)
14603 [Thread-1] INFO kafka.utils.ZKCheckedEphemeral  - Result of znode creation is: OK
14604 [Thread-1] INFO kafka.consumer.ZookeeperConsumerConnector  - [space.exploration.mars.newRover_zion-mainframe-1511239276301-336eb656], end registering consumer space.exploration.mars.newRover_zion-mainframe-1511239276301-336eb656 in ZK
14606 [space.exploration.mars.newRover_zion-mainframe-1511239276301-336eb656_watcher_executor] INFO kafka.consumer.ZookeeperConsumerConnector  - [space.exploration.mars.newRover_zion-mainframe-1511239276301-336eb656], starting watcher executor thread for consumer space.exploration.mars.newRover_zion-mainframe-1511239276301-336eb656
14620 [Thread-1] INFO kafka.consumer.ZookeeperConsumerConnector  - [space.exploration.mars.newRover_zion-mainframe-1511239276301-336eb656], begin rebalancing consumer space.exploration.mars.newRover_zion-mainframe-1511239276301-336eb656 try #0
14691 [Thread-1] INFO kafka.consumer.ConsumerFetcherManager  - [ConsumerFetcherManager-1511239276354] Stopping leader finder thread
14691 [Thread-1] INFO kafka.consumer.ConsumerFetcherManager  - [ConsumerFetcherManager-1511239276354] Stopping all fetchers
14692 [Thread-1] INFO kafka.consumer.ConsumerFetcherManager  - [ConsumerFetcherManager-1511239276354] All connections stopped
14692 [Thread-1] INFO kafka.consumer.ZookeeperConsumerConnector  - [space.exploration.mars.newRover_zion-mainframe-1511239276301-336eb656], Cleared all relevant queues for this fetcher
14693 [Thread-1] INFO kafka.consumer.ZookeeperConsumerConnector  - [space.exploration.mars.newRover_zion-mainframe-1511239276301-336eb656], Cleared the data chunks in all the consumer message iterators
14693 [Thread-1] INFO kafka.consumer.ZookeeperConsumerConnector  - [space.exploration.mars.newRover_zion-mainframe-1511239276301-336eb656], Committing all offsets after clearing the fetcher queues
14694 [Thread-1] INFO kafka.consumer.ZookeeperConsumerConnector  - [space.exploration.mars.newRover_zion-mainframe-1511239276301-336eb656], Releasing partition ownership
14718 [Thread-1] INFO kafka.consumer.RangeAssignor  - Consumer space.exploration.mars.newRover_zion-mainframe-1511239276301-336eb656 rebalancing the following partitions: ArrayBuffer(0) for topic earth_to_curiosity_4 with consumers: List(space.exploration.mars.newRover_zion-mainframe-1511239276301-336eb656-0)
14720 [Thread-1] INFO kafka.consumer.RangeAssignor  - space.exploration.mars.newRover_zion-mainframe-1511239276301-336eb656-0 attempting to claim partition 0
14741 [Thread-1] INFO kafka.consumer.ZookeeperConsumerConnector  - [space.exploration.mars.newRover_zion-mainframe-1511239276301-336eb656], space.exploration.mars.newRover_zion-mainframe-1511239276301-336eb656-0 successfully owned partition 0 for topic earth_to_curiosity_4
14757 [Thread-1] INFO kafka.consumer.ZookeeperConsumerConnector  - [space.exploration.mars.newRover_zion-mainframe-1511239276301-336eb656], Consumer space.exploration.mars.newRover_zion-mainframe-1511239276301-336eb656 selected partitions : earth_to_curiosity_4:0: fetched offset = 1: consumed offset = 1
14758 [space.exploration.mars.newRover_zion-mainframe-1511239276301-336eb656-leader-finder-thread] INFO kafka.consumer.ConsumerFetcherManager$LeaderFinderThread  - [space.exploration.mars.newRover_zion-mainframe-1511239276301-336eb656-leader-finder-thread], Starting 
14761 [Thread-1] INFO kafka.consumer.ZookeeperConsumerConnector  - [space.exploration.mars.newRover_zion-mainframe-1511239276301-336eb656], end rebalancing consumer space.exploration.mars.newRover_zion-mainframe-1511239276301-336eb656 try #0
14775 [space.exploration.mars.newRover_zion-mainframe-1511239276301-336eb656-leader-finder-thread] INFO kafka.utils.VerifiableProperties  - Verifying properties
14775 [space.exploration.mars.newRover_zion-mainframe-1511239276301-336eb656-leader-finder-thread] INFO kafka.utils.VerifiableProperties  - Property client.id is overridden to space.exploration.mars.newRover
14775 [space.exploration.mars.newRover_zion-mainframe-1511239276301-336eb656-leader-finder-thread] INFO kafka.utils.VerifiableProperties  - Property metadata.broker.list is overridden to zion-mainframe:9092
14775 [space.exploration.mars.newRover_zion-mainframe-1511239276301-336eb656-leader-finder-thread] INFO kafka.utils.VerifiableProperties  - Property request.timeout.ms is overridden to 30000
14788 [space.exploration.mars.newRover_zion-mainframe-1511239276301-336eb656-leader-finder-thread] INFO kafka.client.ClientUtils$  - Fetching metadata from broker BrokerEndPoint(0,zion-mainframe,9092) with correlation id 0 for 1 topic(s) Set(earth_to_curiosity_4)
14791 [space.exploration.mars.newRover_zion-mainframe-1511239276301-336eb656-leader-finder-thread] INFO kafka.producer.SyncProducer  - Connected to zion-mainframe:9092 for producing
14802 [space.exploration.mars.newRover_zion-mainframe-1511239276301-336eb656-leader-finder-thread] INFO kafka.producer.SyncProducer  - Disconnecting from zion-mainframe:9092
14812 [ConsumerFetcherThread-space.exploration.mars.newRover_zion-mainframe-1511239276301-336eb656-0-0] INFO kafka.consumer.ConsumerFetcherThread  - [ConsumerFetcherThread-space.exploration.mars.newRover_zion-mainframe-1511239276301-336eb656-0-0], Starting 
14815 [space.exploration.mars.newRover_zion-mainframe-1511239276301-336eb656-leader-finder-thread] INFO kafka.consumer.ConsumerFetcherManager  - [ConsumerFetcherManager-1511239276354] Added fetcher for partitions ArrayBuffer([[earth_to_curiosity_4,0], initOffset 1 to broker BrokerEndPoint(0,zion-mainframe,9092)] )
32124 [main] INFO space.exploration.mars.rover.communication.Transmitter  - Sending information packet to curiosity_to_earth_4
35132 [pool-4-thread-1] INFO space.exploration.mars.rover.animation.SleepingAnimationEngine  - Rover is sleeping now
35140 [main] INFO space.exploration.mars.rover.kernel.WeatherSensingState  - Will get mars weather measurements
38520 [main] ERROR space.exploration.mars.rover.sensor.WeatherSensor  - Weather Service had an exception.
java.lang.StringIndexOutOfBoundsException: String index out of range: -1
	at java.lang.String.substring(String.java:1927)
	at space.exploration.mars.rover.utils.WeatherUtil.getValue(WeatherUtil.java:89)
	at space.exploration.mars.rover.utils.WeatherUtil.getweatherPayload(WeatherUtil.java:17)
	at space.exploration.mars.rover.utils.WeatherUtil.getWeatherPayload(WeatherUtil.java:118)
	at space.exploration.mars.rover.utils.WeatherUtil.getSeasonalWeatherPayload(WeatherUtil.java:125)
	at space.exploration.mars.rover.sensor.WeatherSensor.getWeather(WeatherSensor.java:83)
	at space.exploration.mars.rover.kernel.WeatherSensingState.senseWeather(WeatherSensingState.java:54)
	at space.exploration.mars.rover.kernel.Rover.senseWeather(Rover.java:304)
	at space.exploration.mars.rover.kernel.WeatherSensingStateTest.testInvalidEndDate(WeatherSensingStateTest.java:31)
	at sun.reflect.NativeMethodAccessorImpl.invoke0(Native Method)
	at sun.reflect.NativeMethodAccessorImpl.invoke(NativeMethodAccessorImpl.java:62)
	at sun.reflect.DelegatingMethodAccessorImpl.invoke(DelegatingMethodAccessorImpl.java:43)
	at java.lang.reflect.Method.invoke(Method.java:498)
	at junit.framework.TestCase.runTest(TestCase.java:176)
	at junit.framework.TestCase.runBare(TestCase.java:141)
	at junit.framework.TestResult$1.protect(TestResult.java:122)
	at junit.framework.TestResult.runProtected(TestResult.java:142)
	at junit.framework.TestResult.run(TestResult.java:125)
	at junit.framework.TestCase.run(TestCase.java:129)
	at junit.framework.TestSuite.runTest(TestSuite.java:252)
	at junit.framework.TestSuite.run(TestSuite.java:247)
	at org.junit.internal.runners.JUnit38ClassRunner.run(JUnit38ClassRunner.java:86)
	at org.apache.maven.surefire.junit4.JUnit4Provider.execute(JUnit4Provider.java:264)
	at org.apache.maven.surefire.junit4.JUnit4Provider.executeTestSet(JUnit4Provider.java:153)
	at org.apache.maven.surefire.junit4.JUnit4Provider.invoke(JUnit4Provider.java:124)
	at org.apache.maven.surefire.booter.ForkedBooter.invokeProviderInSameClassLoader(ForkedBooter.java:200)
	at org.apache.maven.surefire.booter.ForkedBooter.runSuitesInProcess(ForkedBooter.java:153)
	at org.apache.maven.surefire.booter.ForkedBooter.main(ForkedBooter.java:103)
38521 [main] INFO space.exploration.mars.rover.sensor.WeatherSensor  - Current weatherQueryRate/hour = 0.0 max allowed = 1000.0/hr
56090 [main] INFO space.exploration.mars.rover.communication.Transmitter  - Sending information packet to curiosity_to_earth_4
60134 [main] INFO space.exploration.mars.rover.kernel.SpacecraftClock  - Curiosity internal spacecraft clock started at :: 2016-01-01T00:00:00.000-06:00
60134 [main] INFO space.exploration.mars.rover.kernel.SpacecraftClock  - Mission duration is set to :: 1 year(s).
60134 [main] INFO space.exploration.mars.rover.kernel.SpacecraftClock  - Mission duration = 31536000000
61177 [main] INFO space.exploration.mars.rover.kernel.SpacecraftClock  - Internal time::2016-01-01T00:01:02.580-06:00 sclk of::1/0504877261-44223
62204 [main] INFO space.exploration.mars.rover.kernel.SpacecraftClock  - Internal time::2016-01-01T00:02:04.200-06:00 sclk of::1/0504877323-44184
63233 [main] INFO space.exploration.mars.rover.kernel.SpacecraftClock  - Internal time::2016-01-01T00:03:05.940-06:00 sclk of::1/0504877385-44146
64262 [main] INFO space.exploration.mars.rover.kernel.SpacecraftClock  - Internal time::2016-01-01T00:04:07.680-06:00 sclk of::1/0504877447-44107
65289 [main] INFO space.exploration.mars.rover.kernel.SpacecraftClock  - Internal time::2016-01-01T00:05:09.300-06:00 sclk of::1/0504877508-44069
66321 [main] INFO space.exploration.mars.rover.kernel.SpacecraftClock  - Internal time::2016-01-01T00:06:11.220-06:00 sclk of::1/0504877570-44030
67353 [main] INFO space.exploration.mars.rover.kernel.SpacecraftClock  - Internal time::2016-01-01T00:07:13.140-06:00 sclk of::1/0504877632-43992
68383 [main] INFO space.exploration.mars.rover.kernel.SpacecraftClock  - Internal time::2016-01-01T00:08:14.940-06:00 sclk of::1/0504877694-43953
69413 [main] INFO space.exploration.mars.rover.kernel.SpacecraftClock  - Internal time::2016-01-01T00:09:16.680-06:00 sclk of::1/0504877756-43914
70442 [main] INFO space.exploration.mars.rover.kernel.SpacecraftClock  - Internal time::2016-01-01T00:10:18.480-06:00 sclk of::1/0504877817-43876
