11342 [main] INFO org.apache.kafka.clients.producer.ProducerConfig  - ProducerConfig values: 
	metric.reporters = []
	metadata.max.age.ms = 300000
	reconnect.backoff.ms = 50
	sasl.kerberos.ticket.renew.window.factor = 0.8
	bootstrap.servers = [localhost:9092]
	ssl.keystore.type = JKS
	sasl.mechanism = GSSAPI
	max.block.ms = 60000
	interceptor.classes = null
	ssl.truststore.password = null
	client.id = 
	ssl.endpoint.identification.algorithm = null
	request.timeout.ms = 30000
	acks = 1
	receive.buffer.bytes = 32768
	ssl.truststore.type = JKS
	retries = 0
	ssl.truststore.location = null
	ssl.keystore.password = null
	send.buffer.bytes = 131072
	compression.type = none
	metadata.fetch.timeout.ms = 60000
	retry.backoff.ms = 100
	sasl.kerberos.kinit.cmd = /usr/bin/kinit
	buffer.memory = 33554432
	timeout.ms = 30000
	key.serializer = class org.apache.kafka.common.serialization.StringSerializer
	sasl.kerberos.service.name = null
	sasl.kerberos.ticket.renew.jitter = 0.05
	ssl.trustmanager.algorithm = PKIX
	block.on.buffer.full = false
	ssl.key.password = null
	sasl.kerberos.min.time.before.relogin = 60000
	connections.max.idle.ms = 540000
	max.in.flight.requests.per.connection = 5
	metrics.num.samples = 2
	ssl.protocol = TLS
	ssl.provider = null
	ssl.enabled.protocols = [TLSv1.2, TLSv1.1, TLSv1]
	batch.size = 16384
	ssl.keystore.location = null
	ssl.cipher.suites = null
	security.protocol = PLAINTEXT
	max.request.size = 1048576
	value.serializer = class org.apache.kafka.common.serialization.ByteArraySerializer
	ssl.keymanager.algorithm = SunX509
	metrics.sample.window.ms = 30000
	partitioner.class = class org.apache.kafka.clients.producer.internals.DefaultPartitioner
	linger.ms = 0

11494 [main] INFO org.apache.kafka.clients.producer.ProducerConfig  - ProducerConfig values: 
	metric.reporters = []
	metadata.max.age.ms = 300000
	reconnect.backoff.ms = 50
	sasl.kerberos.ticket.renew.window.factor = 0.8
	bootstrap.servers = [localhost:9092]
	ssl.keystore.type = JKS
	sasl.mechanism = GSSAPI
	max.block.ms = 60000
	interceptor.classes = null
	ssl.truststore.password = null
	client.id = producer-1
	ssl.endpoint.identification.algorithm = null
	request.timeout.ms = 30000
	acks = 1
	receive.buffer.bytes = 32768
	ssl.truststore.type = JKS
	retries = 0
	ssl.truststore.location = null
	ssl.keystore.password = null
	send.buffer.bytes = 131072
	compression.type = none
	metadata.fetch.timeout.ms = 60000
	retry.backoff.ms = 100
	sasl.kerberos.kinit.cmd = /usr/bin/kinit
	buffer.memory = 33554432
	timeout.ms = 30000
	key.serializer = class org.apache.kafka.common.serialization.StringSerializer
	sasl.kerberos.service.name = null
	sasl.kerberos.ticket.renew.jitter = 0.05
	ssl.trustmanager.algorithm = PKIX
	block.on.buffer.full = false
	ssl.key.password = null
	sasl.kerberos.min.time.before.relogin = 60000
	connections.max.idle.ms = 540000
	max.in.flight.requests.per.connection = 5
	metrics.num.samples = 2
	ssl.protocol = TLS
	ssl.provider = null
	ssl.enabled.protocols = [TLSv1.2, TLSv1.1, TLSv1]
	batch.size = 16384
	ssl.keystore.location = null
	ssl.cipher.suites = null
	security.protocol = PLAINTEXT
	max.request.size = 1048576
	value.serializer = class org.apache.kafka.common.serialization.ByteArraySerializer
	ssl.keymanager.algorithm = SunX509
	metrics.sample.window.ms = 30000
	partitioner.class = class org.apache.kafka.clients.producer.internals.DefaultPartitioner
	linger.ms = 0

11501 [main] WARN org.apache.kafka.clients.producer.ProducerConfig  - The configuration zookeeper.connect = localhost:2181 was supplied but isn't a known config.
11501 [main] WARN org.apache.kafka.clients.producer.ProducerConfig  - The configuration group.id = space.exploration.mars.newRover was supplied but isn't a known config.
11501 [main] WARN org.apache.kafka.clients.producer.ProducerConfig  - The configuration source.topic = earth_to_curiosity_3 was supplied but isn't a known config.
11501 [main] WARN org.apache.kafka.clients.producer.ProducerConfig  - The configuration auto.offset.reset = largest was supplied but isn't a known config.
11501 [main] WARN org.apache.kafka.clients.producer.ProducerConfig  - The configuration metadata.broker.list = localhost:9092 was supplied but isn't a known config.
11501 [main] WARN org.apache.kafka.clients.producer.ProducerConfig  - The configuration destination.topic = curiosity_to_earth_3 was supplied but isn't a known config.
11503 [main] INFO org.apache.kafka.common.utils.AppInfoParser  - Kafka version : 0.10.0.1
11503 [main] INFO org.apache.kafka.common.utils.AppInfoParser  - Kafka commitId : a7a17cdec9eaa6c5
11758 [main] INFO kafka.utils.VerifiableProperties  - Verifying properties
11792 [main] INFO kafka.utils.VerifiableProperties  - Property auto.offset.reset is overridden to largest
11792 [main] WARN kafka.utils.VerifiableProperties  - Property bootstrap.servers is not valid
11792 [main] WARN kafka.utils.VerifiableProperties  - Property destination.topic is not valid
11792 [main] INFO kafka.utils.VerifiableProperties  - Property group.id is overridden to space.exploration.mars.newRover
11792 [main] WARN kafka.utils.VerifiableProperties  - Property key.serializer is not valid
11792 [main] WARN kafka.utils.VerifiableProperties  - Property metadata.broker.list is not valid
11792 [main] WARN kafka.utils.VerifiableProperties  - Property source.topic is not valid
11793 [main] WARN kafka.utils.VerifiableProperties  - Property value.serializer is not valid
11793 [main] INFO kafka.utils.VerifiableProperties  - Property zookeeper.connect is overridden to localhost:2181
11845 [main] INFO kafka.consumer.ZookeeperConsumerConnector  - [space.exploration.mars.newRover_zion-mainframe-1507956621466-f64e37d7], Connecting to zookeeper instance at localhost:2181
11867 [ZkClient-EventThread-24-localhost:2181] INFO org.I0Itec.zkclient.ZkEventThread  - Starting ZkClient event thread.
11884 [main] INFO org.apache.zookeeper.ZooKeeper  - Client environment:zookeeper.version=3.4.6-1569965, built on 02/20/2014 09:09 GMT
11884 [main] INFO org.apache.zookeeper.ZooKeeper  - Client environment:host.name=zion-mainframe
11884 [main] INFO org.apache.zookeeper.ZooKeeper  - Client environment:java.version=1.8.0_131
11884 [main] INFO org.apache.zookeeper.ZooKeeper  - Client environment:java.vendor=Oracle Corporation
11884 [main] INFO org.apache.zookeeper.ZooKeeper  - Client environment:java.home=/usr/lib/jvm/java-8-openjdk-amd64/jre
11884 [main] INFO org.apache.zookeeper.ZooKeeper  - Client environment:java.class.path=target/mars.rover-0.0.1-SOLSHOT-shaded.jar
11884 [main] INFO org.apache.zookeeper.ZooKeeper  - Client environment:java.library.path=/usr/java/packages/lib/amd64:/usr/lib/x86_64-linux-gnu/jni:/lib/x86_64-linux-gnu:/usr/lib/x86_64-linux-gnu:/usr/lib/jni:/lib:/usr/lib
11884 [main] INFO org.apache.zookeeper.ZooKeeper  - Client environment:java.io.tmpdir=/tmp
11884 [main] INFO org.apache.zookeeper.ZooKeeper  - Client environment:java.compiler=<NA>
11884 [main] INFO org.apache.zookeeper.ZooKeeper  - Client environment:os.name=Linux
11884 [main] INFO org.apache.zookeeper.ZooKeeper  - Client environment:os.arch=amd64
11884 [main] INFO org.apache.zookeeper.ZooKeeper  - Client environment:os.version=4.10.0-35-generic
11884 [main] INFO org.apache.zookeeper.ZooKeeper  - Client environment:user.name=sanket
11884 [main] INFO org.apache.zookeeper.ZooKeeper  - Client environment:user.home=/home/sanket
11884 [main] INFO org.apache.zookeeper.ZooKeeper  - Client environment:user.dir=/home/sanket/Documents/workspace/MarsRover/mars.rover
11885 [main] INFO org.apache.zookeeper.ZooKeeper  - Initiating client connection, connectString=localhost:2181 sessionTimeout=6000 watcher=org.I0Itec.zkclient.ZkClient@1ab3a8c8
11906 [main] INFO org.I0Itec.zkclient.ZkClient  - Waiting for keeper state SyncConnected
11910 [main-SendThread(localhost:2181)] INFO org.apache.zookeeper.ClientCnxn  - Opening socket connection to server localhost/127.0.0.1:2181. Will not attempt to authenticate using SASL (unknown error)
11919 [main-SendThread(localhost:2181)] INFO org.apache.zookeeper.ClientCnxn  - Socket connection established to localhost/127.0.0.1:2181, initiating session
11925 [main-SendThread(localhost:2181)] INFO org.apache.zookeeper.ClientCnxn  - Session establishment complete on server localhost/127.0.0.1:2181, sessionid = 0x15ed3fe37fc0188, negotiated timeout = 6000
11926 [main-EventThread] INFO org.I0Itec.zkclient.ZkClient  - zookeeper state changed (SyncConnected)
11937 [main] INFO kafka.consumer.ZookeeperConsumerConnector  - [space.exploration.mars.newRover_zion-mainframe-1507956621466-f64e37d7], starting auto committer every 60000 ms
11964 [Thread-1] INFO kafka.consumer.ZookeeperConsumerConnector  - [space.exploration.mars.newRover_zion-mainframe-1507956621466-f64e37d7], begin registering consumer space.exploration.mars.newRover_zion-mainframe-1507956621466-f64e37d7 in ZK
11996 [Thread-1] INFO kafka.utils.ZKCheckedEphemeral  - Creating /consumers/space.exploration.mars.newRover/ids/space.exploration.mars.newRover_zion-mainframe-1507956621466-f64e37d7 (is it secure? false)
12007 [Thread-1] INFO kafka.utils.ZKCheckedEphemeral  - Result of znode creation is: OK
12007 [Thread-1] INFO kafka.consumer.ZookeeperConsumerConnector  - [space.exploration.mars.newRover_zion-mainframe-1507956621466-f64e37d7], end registering consumer space.exploration.mars.newRover_zion-mainframe-1507956621466-f64e37d7 in ZK
12022 [space.exploration.mars.newRover_zion-mainframe-1507956621466-f64e37d7_watcher_executor] INFO kafka.consumer.ZookeeperConsumerConnector  - [space.exploration.mars.newRover_zion-mainframe-1507956621466-f64e37d7], starting watcher executor thread for consumer space.exploration.mars.newRover_zion-mainframe-1507956621466-f64e37d7
12052 [Thread-1] INFO kafka.consumer.ZookeeperConsumerConnector  - [space.exploration.mars.newRover_zion-mainframe-1507956621466-f64e37d7], begin rebalancing consumer space.exploration.mars.newRover_zion-mainframe-1507956621466-f64e37d7 try #0
12168 [Thread-1] INFO kafka.consumer.ConsumerFetcherManager  - [ConsumerFetcherManager-1507956621558] Stopping leader finder thread
12168 [Thread-1] INFO kafka.consumer.ConsumerFetcherManager  - [ConsumerFetcherManager-1507956621558] Stopping all fetchers
12169 [Thread-1] INFO kafka.consumer.ConsumerFetcherManager  - [ConsumerFetcherManager-1507956621558] All connections stopped
12169 [Thread-1] INFO kafka.consumer.ZookeeperConsumerConnector  - [space.exploration.mars.newRover_zion-mainframe-1507956621466-f64e37d7], Cleared all relevant queues for this fetcher
12170 [Thread-1] INFO kafka.consumer.ZookeeperConsumerConnector  - [space.exploration.mars.newRover_zion-mainframe-1507956621466-f64e37d7], Cleared the data chunks in all the consumer message iterators
12170 [Thread-1] INFO kafka.consumer.ZookeeperConsumerConnector  - [space.exploration.mars.newRover_zion-mainframe-1507956621466-f64e37d7], Committing all offsets after clearing the fetcher queues
12171 [Thread-1] INFO kafka.consumer.ZookeeperConsumerConnector  - [space.exploration.mars.newRover_zion-mainframe-1507956621466-f64e37d7], Releasing partition ownership
12209 [Thread-1] INFO kafka.consumer.RangeAssignor  - Consumer space.exploration.mars.newRover_zion-mainframe-1507956621466-f64e37d7 rebalancing the following partitions: ArrayBuffer() for topic earth_to_curiosity_3 with consumers: List(space.exploration.mars.newRover_zion-mainframe-1507956621466-f64e37d7-0)
12210 [Thread-1] WARN kafka.consumer.RangeAssignor  - No broker partitions consumed by consumer thread space.exploration.mars.newRover_zion-mainframe-1507956621466-f64e37d7-0 for topic earth_to_curiosity_3
12275 [Thread-1] INFO kafka.consumer.ZookeeperConsumerConnector  - [space.exploration.mars.newRover_zion-mainframe-1507956621466-f64e37d7], Consumer space.exploration.mars.newRover_zion-mainframe-1507956621466-f64e37d7 selected partitions : 
12278 [Thread-1] INFO kafka.consumer.ZookeeperConsumerConnector  - [space.exploration.mars.newRover_zion-mainframe-1507956621466-f64e37d7], end rebalancing consumer space.exploration.mars.newRover_zion-mainframe-1507956621466-f64e37d7 try #0
12281 [space.exploration.mars.newRover_zion-mainframe-1507956621466-f64e37d7-leader-finder-thread] INFO kafka.consumer.ConsumerFetcherManager$LeaderFinderThread  - [space.exploration.mars.newRover_zion-mainframe-1507956621466-f64e37d7-leader-finder-thread], Starting 
27040 [kafka-producer-network-thread | producer-1] WARN org.apache.kafka.clients.NetworkClient  - Error while fetching metadata with correlation id 0 : {curiosity_to_earth_3=LEADER_NOT_AVAILABLE}
27137 [kafka-producer-network-thread | producer-1] WARN org.apache.kafka.clients.NetworkClient  - Error while fetching metadata with correlation id 1 : {curiosity_to_earth_3=LEADER_NOT_AVAILABLE}
27241 [kafka-producer-network-thread | producer-1] WARN org.apache.kafka.clients.NetworkClient  - Error while fetching metadata with correlation id 2 : {curiosity_to_earth_3=LEADER_NOT_AVAILABLE}
27344 [kafka-producer-network-thread | producer-1] WARN org.apache.kafka.clients.NetworkClient  - Error while fetching metadata with correlation id 3 : {curiosity_to_earth_3=LEADER_NOT_AVAILABLE}
30454 [pool-3-thread-1] INFO space.exploration.mars.rover.animation.SleepingAnimationEngine  - Rover is sleeping now
55996 [pool-2-thread-1] INFO space.exploration.mars.rover.diagnostics.Pacemaker  - Diagnostics inhibited because rover is sleeping to conserve battery Current instructionQueue length = 0
56997 [pool-3-thread-1] INFO space.exploration.mars.rover.diagnostics.SleepMonitor  - Awakening rover from slumber
56997 [pool-3-thread-1] INFO space.exploration.mars.rover.animation.SleepingAnimationEngine  - Waking up rover
128381 [space.exploration.mars.newRover_zion-mainframe-1507956621466-f64e37d7_watcher_executor] INFO kafka.consumer.ZookeeperConsumerConnector  - [space.exploration.mars.newRover_zion-mainframe-1507956621466-f64e37d7], begin rebalancing consumer space.exploration.mars.newRover_zion-mainframe-1507956621466-f64e37d7 try #0
128404 [space.exploration.mars.newRover_zion-mainframe-1507956621466-f64e37d7_watcher_executor] INFO kafka.consumer.ConsumerFetcherManager  - [ConsumerFetcherManager-1507956621558] Stopping leader finder thread
128405 [space.exploration.mars.newRover_zion-mainframe-1507956621466-f64e37d7_watcher_executor] INFO kafka.consumer.ConsumerFetcherManager$LeaderFinderThread  - [space.exploration.mars.newRover_zion-mainframe-1507956621466-f64e37d7-leader-finder-thread], Shutting down
128428 [space.exploration.mars.newRover_zion-mainframe-1507956621466-f64e37d7_watcher_executor] INFO kafka.consumer.ConsumerFetcherManager$LeaderFinderThread  - [space.exploration.mars.newRover_zion-mainframe-1507956621466-f64e37d7-leader-finder-thread], Shutdown completed
128428 [space.exploration.mars.newRover_zion-mainframe-1507956621466-f64e37d7_watcher_executor] INFO kafka.consumer.ConsumerFetcherManager  - [ConsumerFetcherManager-1507956621558] Stopping all fetchers
128429 [space.exploration.mars.newRover_zion-mainframe-1507956621466-f64e37d7-leader-finder-thread] INFO kafka.consumer.ConsumerFetcherManager$LeaderFinderThread  - [space.exploration.mars.newRover_zion-mainframe-1507956621466-f64e37d7-leader-finder-thread], Stopped 
128429 [space.exploration.mars.newRover_zion-mainframe-1507956621466-f64e37d7_watcher_executor] INFO kafka.consumer.ConsumerFetcherManager  - [ConsumerFetcherManager-1507956621558] All connections stopped
128429 [space.exploration.mars.newRover_zion-mainframe-1507956621466-f64e37d7_watcher_executor] INFO kafka.consumer.ZookeeperConsumerConnector  - [space.exploration.mars.newRover_zion-mainframe-1507956621466-f64e37d7], Cleared all relevant queues for this fetcher
128430 [space.exploration.mars.newRover_zion-mainframe-1507956621466-f64e37d7_watcher_executor] INFO kafka.consumer.ZookeeperConsumerConnector  - [space.exploration.mars.newRover_zion-mainframe-1507956621466-f64e37d7], Cleared the data chunks in all the consumer message iterators
128430 [space.exploration.mars.newRover_zion-mainframe-1507956621466-f64e37d7_watcher_executor] INFO kafka.consumer.ZookeeperConsumerConnector  - [space.exploration.mars.newRover_zion-mainframe-1507956621466-f64e37d7], Committing all offsets after clearing the fetcher queues
128431 [space.exploration.mars.newRover_zion-mainframe-1507956621466-f64e37d7_watcher_executor] INFO kafka.consumer.ZookeeperConsumerConnector  - [space.exploration.mars.newRover_zion-mainframe-1507956621466-f64e37d7], Releasing partition ownership
128444 [space.exploration.mars.newRover_zion-mainframe-1507956621466-f64e37d7_watcher_executor] INFO kafka.consumer.RangeAssignor  - Consumer space.exploration.mars.newRover_zion-mainframe-1507956621466-f64e37d7 rebalancing the following partitions: ArrayBuffer() for topic earth_to_curiosity_3 with consumers: List(space.exploration.mars.newRover_zion-mainframe-1507956621466-f64e37d7-0)
128445 [space.exploration.mars.newRover_zion-mainframe-1507956621466-f64e37d7_watcher_executor] WARN kafka.consumer.RangeAssignor  - No broker partitions consumed by consumer thread space.exploration.mars.newRover_zion-mainframe-1507956621466-f64e37d7-0 for topic earth_to_curiosity_3
128445 [space.exploration.mars.newRover_zion-mainframe-1507956621466-f64e37d7_watcher_executor] INFO kafka.consumer.ZookeeperConsumerConnector  - [space.exploration.mars.newRover_zion-mainframe-1507956621466-f64e37d7], Consumer space.exploration.mars.newRover_zion-mainframe-1507956621466-f64e37d7 selected partitions : 
128454 [space.exploration.mars.newRover_zion-mainframe-1507956621466-f64e37d7_watcher_executor] INFO kafka.consumer.ZookeeperConsumerConnector  - [space.exploration.mars.newRover_zion-mainframe-1507956621466-f64e37d7], end rebalancing consumer space.exploration.mars.newRover_zion-mainframe-1507956621466-f64e37d7 try #0
128456 [space.exploration.mars.newRover_zion-mainframe-1507956621466-f64e37d7-leader-finder-thread] INFO kafka.consumer.ConsumerFetcherManager$LeaderFinderThread  - [space.exploration.mars.newRover_zion-mainframe-1507956621466-f64e37d7-leader-finder-thread], Starting 
155167 [main-SendThread(localhost:2181)] INFO org.apache.zookeeper.ClientCnxn  - Unable to read additional data from server sessionid 0x15ed3fe37fc0188, likely server has closed socket, closing socket connection and attempting reconnect
155267 [main-EventThread] INFO org.I0Itec.zkclient.ZkClient  - zookeeper state changed (Disconnected)
157021 [main-SendThread(localhost:2181)] INFO org.apache.zookeeper.ClientCnxn  - Opening socket connection to server localhost/127.0.0.1:2181. Will not attempt to authenticate using SASL (unknown error)
157022 [main-SendThread(localhost:2181)] WARN org.apache.zookeeper.ClientCnxn  - Session 0x15ed3fe37fc0188 for server null, unexpected error, closing socket connection and attempting reconnect
java.net.ConnectException: Connection refused
	at sun.nio.ch.SocketChannelImpl.checkConnect(Native Method)
	at sun.nio.ch.SocketChannelImpl.finishConnect(SocketChannelImpl.java:717)
	at org.apache.zookeeper.ClientCnxnSocketNIO.doTransport(ClientCnxnSocketNIO.java:361)
	at org.apache.zookeeper.ClientCnxn$SendThread.run(ClientCnxn.java:1081)
158989 [main-SendThread(localhost:2181)] INFO org.apache.zookeeper.ClientCnxn  - Opening socket connection to server localhost/127.0.0.1:2181. Will not attempt to authenticate using SASL (unknown error)
158989 [main-SendThread(localhost:2181)] WARN org.apache.zookeeper.ClientCnxn  - Session 0x15ed3fe37fc0188 for server null, unexpected error, closing socket connection and attempting reconnect
java.net.ConnectException: Connection refused
	at sun.nio.ch.SocketChannelImpl.checkConnect(Native Method)
	at sun.nio.ch.SocketChannelImpl.finishConnect(SocketChannelImpl.java:717)
	at org.apache.zookeeper.ClientCnxnSocketNIO.doTransport(ClientCnxnSocketNIO.java:361)
	at org.apache.zookeeper.ClientCnxn$SendThread.run(ClientCnxn.java:1081)
160324 [main-SendThread(localhost:2181)] INFO org.apache.zookeeper.ClientCnxn  - Opening socket connection to server localhost/127.0.0.1:2181. Will not attempt to authenticate using SASL (unknown error)
160324 [main-SendThread(localhost:2181)] WARN org.apache.zookeeper.ClientCnxn  - Session 0x15ed3fe37fc0188 for server null, unexpected error, closing socket connection and attempting reconnect
java.net.ConnectException: Connection refused
	at sun.nio.ch.SocketChannelImpl.checkConnect(Native Method)
	at sun.nio.ch.SocketChannelImpl.finishConnect(SocketChannelImpl.java:717)
	at org.apache.zookeeper.ClientCnxnSocketNIO.doTransport(ClientCnxnSocketNIO.java:361)
	at org.apache.zookeeper.ClientCnxn$SendThread.run(ClientCnxn.java:1081)
162139 [main-SendThread(localhost:2181)] INFO org.apache.zookeeper.ClientCnxn  - Opening socket connection to server localhost/127.0.0.1:2181. Will not attempt to authenticate using SASL (unknown error)
162139 [main-SendThread(localhost:2181)] WARN org.apache.zookeeper.ClientCnxn  - Session 0x15ed3fe37fc0188 for server null, unexpected error, closing socket connection and attempting reconnect
java.net.ConnectException: Connection refused
	at sun.nio.ch.SocketChannelImpl.checkConnect(Native Method)
	at sun.nio.ch.SocketChannelImpl.finishConnect(SocketChannelImpl.java:717)
	at org.apache.zookeeper.ClientCnxnSocketNIO.doTransport(ClientCnxnSocketNIO.java:361)
	at org.apache.zookeeper.ClientCnxn$SendThread.run(ClientCnxn.java:1081)
163634 [main-SendThread(localhost:2181)] INFO org.apache.zookeeper.ClientCnxn  - Opening socket connection to server localhost/127.0.0.1:2181. Will not attempt to authenticate using SASL (unknown error)
163635 [main-SendThread(localhost:2181)] INFO org.apache.zookeeper.ClientCnxn  - Socket connection established to localhost/127.0.0.1:2181, initiating session
163638 [main-SendThread(localhost:2181)] INFO org.apache.zookeeper.ClientCnxn  - Unable to read additional data from server sessionid 0x15ed3fe37fc0188, likely server has closed socket, closing socket connection and attempting reconnect
165346 [main-SendThread(localhost:2181)] INFO org.apache.zookeeper.ClientCnxn  - Opening socket connection to server localhost/127.0.0.1:2181. Will not attempt to authenticate using SASL (unknown error)
165346 [main-SendThread(localhost:2181)] INFO org.apache.zookeeper.ClientCnxn  - Socket connection established to localhost/127.0.0.1:2181, initiating session
165347 [main-SendThread(localhost:2181)] INFO org.apache.zookeeper.ClientCnxn  - Session establishment complete on server localhost/127.0.0.1:2181, sessionid = 0x15ed3fe37fc0188, negotiated timeout = 6000
165347 [main-EventThread] INFO org.I0Itec.zkclient.ZkClient  - zookeeper state changed (SyncConnected)
196223 [pool-3-thread-1] INFO space.exploration.mars.rover.animation.SleepingAnimationEngine  - Rover is sleeping now
