2017-12-25 22:18:12,049 [roverMain] INFO space.exploration.mars.rover.kernel.SpacecraftClock  - Valid utc time ranges are dictated by clockService as follows:
2017-12-25 22:18:12,052 [roverMain] INFO space.exploration.mars.rover.kernel.SpacecraftClock  - APPLICABLE_START_TIME=2000-001T11:58:55.816, APPLICABLE_STOP_TIME=2017-360T19:17:40.149
2017-12-25 22:18:12,052 [roverMain] INFO space.exploration.mars.rover.kernel.SpacecraftClock  - Given UTC = 2016-08-26~17:49:00
2017-12-25 22:18:12,052 [roverMain] INFO space.exploration.mars.rover.kernel.SpacecraftClock  - Please ensure that positionSensor and sclk are synchronized
2017-12-25 22:18:12,093 [roverMain] INFO space.exploration.mars.rover.kernel.SpacecraftClock  - Curiosity internal spacecraft clock started at :: 2016-08-26T22:49:00.000Z
2017-12-25 22:18:12,093 [roverMain] INFO space.exploration.mars.rover.kernel.SpacecraftClock  - Mission duration is set to :: 1 year(s).
2017-12-25 22:18:12,094 [roverMain] INFO space.exploration.mars.rover.kernel.SpacecraftClock  - Mission duration = 31536000000
2017-12-25 22:18:16,298 [roverMain] INFO space.exploration.mars.rover.diagnostics.RoverGarbageCollector  - Starting garbageCollection
2017-12-25 22:18:18,299 [roverMain] INFO space.exploration.mars.rover.kernel.Rover  - Rover current position is = java.awt.Point[x=525,y=100]
2017-12-25 22:18:19,301 [roverMain] INFO space.exploration.mars.rover.sensor.Lidar  - Lidar initialized and ready!
2017-12-25 22:18:20,304 [roverMain] INFO space.exploration.mars.rover.sensor.Spectrometer  - Spectrometer initialized and ready!
2017-12-25 22:18:21,534 [roverMain] INFO space.exploration.mars.rover.sensor.Camera  - Camera initialized and ready!
2017-12-25 22:18:22,538 [roverMain] INFO space.exploration.mars.rover.sensor.Radar  - Radar configured:: 
2017-12-25 22:18:24,043 [roverMain] INFO space.exploration.mars.rover.power.Battery  - Battery configured, batteryLife:primaryPowerUnits = 1200 auxiliaryPowerUnits = 100 alertThreshold: 100 rechargeTime = 60000
2017-12-25 22:18:25,046 [roverMain] INFO space.exploration.mars.rover.kernel.Rover  - Battery Monitor configured!
2017-12-25 22:18:25,069 [roverMain] INFO org.apache.kafka.clients.producer.ProducerConfig  - ProducerConfig values: 
	metric.reporters = []
	metadata.max.age.ms = 300000
	reconnect.backoff.ms = 50
	sasl.kerberos.ticket.renew.window.factor = 0.8
	bootstrap.servers = [localhost:9092]
	ssl.keystore.type = JKS
	sasl.mechanism = GSSAPI
	max.block.ms = 60000
	interceptor.classes = null
	ssl.truststore.password = null
	client.id = 
	ssl.endpoint.identification.algorithm = null
	request.timeout.ms = 30000
	acks = 1
	receive.buffer.bytes = 32768
	ssl.truststore.type = JKS
	retries = 0
	ssl.truststore.location = null
	ssl.keystore.password = null
	send.buffer.bytes = 131072
	compression.type = none
	metadata.fetch.timeout.ms = 60000
	retry.backoff.ms = 100
	sasl.kerberos.kinit.cmd = /usr/bin/kinit
	buffer.memory = 33554432
	timeout.ms = 30000
	key.serializer = class org.apache.kafka.common.serialization.StringSerializer
	sasl.kerberos.service.name = null
	sasl.kerberos.ticket.renew.jitter = 0.05
	ssl.trustmanager.algorithm = PKIX
	block.on.buffer.full = false
	ssl.key.password = null
	sasl.kerberos.min.time.before.relogin = 60000
	connections.max.idle.ms = 540000
	max.in.flight.requests.per.connection = 5
	metrics.num.samples = 2
	ssl.protocol = TLS
	ssl.provider = null
	ssl.enabled.protocols = [TLSv1.2, TLSv1.1, TLSv1]
	batch.size = 16384
	ssl.keystore.location = null
	ssl.cipher.suites = null
	security.protocol = PLAINTEXT
	max.request.size = 1048576
	value.serializer = class org.apache.kafka.common.serialization.ByteArraySerializer
	ssl.keymanager.algorithm = SunX509
	metrics.sample.window.ms = 30000
	partitioner.class = class org.apache.kafka.clients.producer.internals.DefaultPartitioner
	linger.ms = 0

2017-12-25 22:18:25,187 [roverMain] INFO org.apache.kafka.clients.producer.ProducerConfig  - ProducerConfig values: 
	metric.reporters = []
	metadata.max.age.ms = 300000
	reconnect.backoff.ms = 50
	sasl.kerberos.ticket.renew.window.factor = 0.8
	bootstrap.servers = [localhost:9092]
	ssl.keystore.type = JKS
	sasl.mechanism = GSSAPI
	max.block.ms = 60000
	interceptor.classes = null
	ssl.truststore.password = null
	client.id = producer-1
	ssl.endpoint.identification.algorithm = null
	request.timeout.ms = 30000
	acks = 1
	receive.buffer.bytes = 32768
	ssl.truststore.type = JKS
	retries = 0
	ssl.truststore.location = null
	ssl.keystore.password = null
	send.buffer.bytes = 131072
	compression.type = none
	metadata.fetch.timeout.ms = 60000
	retry.backoff.ms = 100
	sasl.kerberos.kinit.cmd = /usr/bin/kinit
	buffer.memory = 33554432
	timeout.ms = 30000
	key.serializer = class org.apache.kafka.common.serialization.StringSerializer
	sasl.kerberos.service.name = null
	sasl.kerberos.ticket.renew.jitter = 0.05
	ssl.trustmanager.algorithm = PKIX
	block.on.buffer.full = false
	ssl.key.password = null
	sasl.kerberos.min.time.before.relogin = 60000
	connections.max.idle.ms = 540000
	max.in.flight.requests.per.connection = 5
	metrics.num.samples = 2
	ssl.protocol = TLS
	ssl.provider = null
	ssl.enabled.protocols = [TLSv1.2, TLSv1.1, TLSv1]
	batch.size = 16384
	ssl.keystore.location = null
	ssl.cipher.suites = null
	security.protocol = PLAINTEXT
	max.request.size = 1048576
	value.serializer = class org.apache.kafka.common.serialization.ByteArraySerializer
	ssl.keymanager.algorithm = SunX509
	metrics.sample.window.ms = 30000
	partitioner.class = class org.apache.kafka.clients.producer.internals.DefaultPartitioner
	linger.ms = 0

2017-12-25 22:18:25,187 [roverMain] WARN org.apache.kafka.clients.producer.ProducerConfig  - The configuration zookeeper.connect = localhost:2181 was supplied but isn't a known config.
2017-12-25 22:18:25,187 [roverMain] WARN org.apache.kafka.clients.producer.ProducerConfig  - The configuration group.id = space.exploration.mars.rover.curiosity.1514261890915 was supplied but isn't a known config.
2017-12-25 22:18:25,187 [roverMain] WARN org.apache.kafka.clients.producer.ProducerConfig  - The configuration source.topic = earth_to_curiosity_5 was supplied but isn't a known config.
2017-12-25 22:18:25,187 [roverMain] WARN org.apache.kafka.clients.producer.ProducerConfig  - The configuration auto.offset.reset = largest was supplied but isn't a known config.
2017-12-25 22:18:25,187 [roverMain] WARN org.apache.kafka.clients.producer.ProducerConfig  - The configuration metadata.broker.list = localhost:9092 was supplied but isn't a known config.
2017-12-25 22:18:25,188 [roverMain] WARN org.apache.kafka.clients.producer.ProducerConfig  - The configuration destination.topic = curiosity_to_earth_5 was supplied but isn't a known config.
2017-12-25 22:18:25,188 [roverMain] INFO org.apache.kafka.common.utils.AppInfoParser  - Kafka version : 0.10.0.1
2017-12-25 22:18:25,188 [roverMain] INFO org.apache.kafka.common.utils.AppInfoParser  - Kafka commitId : a7a17cdec9eaa6c5
2017-12-25 22:18:25,317 [roverMain] INFO kafka.utils.VerifiableProperties  - Verifying properties
2017-12-25 22:18:25,345 [roverMain] INFO kafka.utils.VerifiableProperties  - Property auto.offset.reset is overridden to largest
2017-12-25 22:18:25,345 [roverMain] WARN kafka.utils.VerifiableProperties  - Property bootstrap.servers is not valid
2017-12-25 22:18:25,346 [roverMain] WARN kafka.utils.VerifiableProperties  - Property destination.topic is not valid
2017-12-25 22:18:25,346 [roverMain] INFO kafka.utils.VerifiableProperties  - Property group.id is overridden to space.exploration.mars.rover.curiosity.1514261890915
2017-12-25 22:18:25,346 [roverMain] WARN kafka.utils.VerifiableProperties  - Property key.serializer is not valid
2017-12-25 22:18:25,346 [roverMain] WARN kafka.utils.VerifiableProperties  - Property metadata.broker.list is not valid
2017-12-25 22:18:25,346 [roverMain] WARN kafka.utils.VerifiableProperties  - Property source.topic is not valid
2017-12-25 22:18:25,346 [roverMain] WARN kafka.utils.VerifiableProperties  - Property value.serializer is not valid
2017-12-25 22:18:25,346 [roverMain] INFO kafka.utils.VerifiableProperties  - Property zookeeper.connect is overridden to localhost:2181
2017-12-25 22:18:25,378 [roverMain] INFO kafka.consumer.ZookeeperConsumerConnector  - [space.exploration.mars.rover.curiosity.1514261890915_zion-mainframe-1514261905377-be7282cc], Connecting to zookeeper instance at localhost:2181
2017-12-25 22:18:25,443 [ZkClient-EventThread-29-localhost:2181] INFO org.I0Itec.zkclient.ZkEventThread  - Starting ZkClient event thread.
2017-12-25 22:18:25,447 [roverMain] INFO org.apache.zookeeper.ZooKeeper  - Client environment:zookeeper.version=3.4.6-1569965, built on 02/20/2014 09:09 GMT
2017-12-25 22:18:25,448 [roverMain] INFO org.apache.zookeeper.ZooKeeper  - Client environment:host.name=zion-mainframe
2017-12-25 22:18:25,448 [roverMain] INFO org.apache.zookeeper.ZooKeeper  - Client environment:java.version=1.8.0_151
2017-12-25 22:18:25,448 [roverMain] INFO org.apache.zookeeper.ZooKeeper  - Client environment:java.vendor=Oracle Corporation
2017-12-25 22:18:25,448 [roverMain] INFO org.apache.zookeeper.ZooKeeper  - Client environment:java.home=/usr/lib/jvm/java-8-openjdk-amd64/jre
2017-12-25 22:18:25,448 [roverMain] INFO org.apache.zookeeper.ZooKeeper  - Client environment:java.class.path=/usr/lib/jvm/java-1.8.0-openjdk-amd64/jre/lib/charsets.jar:/usr/lib/jvm/java-1.8.0-openjdk-amd64/jre/lib/ext/cldrdata.jar:/usr/lib/jvm/java-1.8.0-openjdk-amd64/jre/lib/ext/dnsns.jar:/usr/lib/jvm/java-1.8.0-openjdk-amd64/jre/lib/ext/icedtea-sound.jar:/usr/lib/jvm/java-1.8.0-openjdk-amd64/jre/lib/ext/jaccess.jar:/usr/lib/jvm/java-1.8.0-openjdk-amd64/jre/lib/ext/localedata.jar:/usr/lib/jvm/java-1.8.0-openjdk-amd64/jre/lib/ext/nashorn.jar:/usr/lib/jvm/java-1.8.0-openjdk-amd64/jre/lib/ext/sunec.jar:/usr/lib/jvm/java-1.8.0-openjdk-amd64/jre/lib/ext/sunjce_provider.jar:/usr/lib/jvm/java-1.8.0-openjdk-amd64/jre/lib/ext/sunpkcs11.jar:/usr/lib/jvm/java-1.8.0-openjdk-amd64/jre/lib/ext/zipfs.jar:/usr/lib/jvm/java-1.8.0-openjdk-amd64/jre/lib/jce.jar:/usr/lib/jvm/java-1.8.0-openjdk-amd64/jre/lib/jsse.jar:/usr/lib/jvm/java-1.8.0-openjdk-amd64/jre/lib/management-agent.jar:/usr/lib/jvm/java-1.8.0-openjdk-amd64/jre/lib/resources.jar:/usr/lib/jvm/java-1.8.0-openjdk-amd64/jre/lib/rt.jar:/home/sanket/Documents/workspace/MarsRover/mars.rover/target/classes:/home/sanket/.m2/repository/org/apache/kafka/kafka_2.10/0.10.0.1/kafka_2.10-0.10.0.1.jar:/home/sanket/.m2/repository/com/101tec/zkclient/0.8/zkclient-0.8.jar:/home/sanket/.m2/repository/org/scala-lang/scala-library/2.10.6/scala-library-2.10.6.jar:/home/sanket/.m2/repository/org/slf4j/slf4j-log4j12/1.7.21/slf4j-log4j12-1.7.21.jar:/home/sanket/.m2/repository/com/yammer/metrics/metrics-core/2.2.0/metrics-core-2.2.0.jar:/home/sanket/.m2/repository/org/apache/kafka/kafka-clients/0.10.0.1/kafka-clients-0.10.0.1.jar:/home/sanket/.m2/repository/net/jpountz/lz4/lz4/1.3.0/lz4-1.3.0.jar:/home/sanket/.m2/repository/org/xerial/snappy/snappy-java/1.1.2.6/snappy-java-1.1.2.6.jar:/home/sanket/.m2/repository/net/sf/jopt-simple/jopt-simple/4.9/jopt-simple-4.9.jar:/home/sanket/.m2/repository/org/apache/zookeeper/zookeeper/3.4.6/zookeeper-3.4.6.jar:/home/sanket/.m2/repository/jline/jline/0.9.94/jline-0.9.94.jar:/home/sanket/.m2/repository/io/netty/netty/3.7.0.Final/netty-3.7.0.Final.jar:/home/sanket/.m2/repository/org/tensorflow/tensorflow/1.1.0/tensorflow-1.1.0.jar:/home/sanket/.m2/repository/org/tensorflow/libtensorflow/1.1.0/libtensorflow-1.1.0.jar:/home/sanket/.m2/repository/org/tensorflow/libtensorflow_jni/1.1.0/libtensorflow_jni-1.1.0.jar:/home/sanket/.m2/repository/mysql/mysql-connector-java/5.1.6/mysql-connector-java-5.1.6.jar:/home/sanket/.m2/repository/com/google/code/gson/gson/2.8.2/gson-2.8.2.jar:/home/sanket/.m2/repository/joda-time/joda-time/2.8.1/joda-time-2.8.1.jar:/home/sanket/.m2/repository/org/jsoup/jsoup/1.8.3/jsoup-1.8.3.jar:/home/sanket/.m2/repository/space/exploration/communications.protocol/1.1.5/communications.protocol-1.1.5.jar:/home/sanket/.m2/repository/com/google/protobuf/protobuf-java/3.4.0/protobuf-java-3.4.0.jar:/home/sanket/.m2/repository/space/exploration/spice.utilities/1.2.2/spice.utilities-1.2.2.jar:/home/sanket/.m2/repository/commons-io/commons-io/1.3.2/commons-io-1.3.2.jar:/home/sanket/.m2/repository/org/slf4j/slf4j-api/1.7.25/slf4j-api-1.7.25.jar:/home/sanket/.m2/repository/log4j/log4j/1.2.17/log4j-1.2.17.jar:/home/sanket/Documents/Tools/idea/idea-IU-173.3727.127/lib/idea_rt.jar
2017-12-25 22:18:25,448 [roverMain] INFO org.apache.zookeeper.ZooKeeper  - Client environment:java.library.path=$LD_LIBRARY_PATH:"/home/sanket/Documents/workspace/SpiceUtilities/src/main/resources/JNISpice/lib/libJNISpice.so":/usr/java/packages/lib/amd64:/usr/lib/x86_64-linux-gnu/jni:/lib/x86_64-linux-gnu:/usr/lib/x86_64-linux-gnu:/usr/lib/jni:/lib:/usr/lib
2017-12-25 22:18:25,448 [roverMain] INFO org.apache.zookeeper.ZooKeeper  - Client environment:java.io.tmpdir=/tmp
2017-12-25 22:18:25,448 [roverMain] INFO org.apache.zookeeper.ZooKeeper  - Client environment:java.compiler=<NA>
2017-12-25 22:18:25,448 [roverMain] INFO org.apache.zookeeper.ZooKeeper  - Client environment:os.name=Linux
2017-12-25 22:18:25,448 [roverMain] INFO org.apache.zookeeper.ZooKeeper  - Client environment:os.arch=amd64
2017-12-25 22:18:25,448 [roverMain] INFO org.apache.zookeeper.ZooKeeper  - Client environment:os.version=4.10.0-42-generic
2017-12-25 22:18:25,448 [roverMain] INFO org.apache.zookeeper.ZooKeeper  - Client environment:user.name=sanket
2017-12-25 22:18:25,448 [roverMain] INFO org.apache.zookeeper.ZooKeeper  - Client environment:user.home=/home/sanket
2017-12-25 22:18:25,448 [roverMain] INFO org.apache.zookeeper.ZooKeeper  - Client environment:user.dir=/home/sanket/Documents/workspace/MarsRover/mars.rover
2017-12-25 22:18:25,448 [roverMain] INFO org.apache.zookeeper.ZooKeeper  - Initiating client connection, connectString=localhost:2181 sessionTimeout=6000 watcher=org.I0Itec.zkclient.ZkClient@40005471
2017-12-25 22:18:25,455 [roverMain] INFO org.I0Itec.zkclient.ZkClient  - Waiting for keeper state SyncConnected
2017-12-25 22:18:25,459 [roverMain-SendThread(localhost:2181)] INFO org.apache.zookeeper.ClientCnxn  - Opening socket connection to server localhost/127.0.0.1:2181. Will not attempt to authenticate using SASL (unknown error)
2017-12-25 22:18:25,464 [roverMain-SendThread(localhost:2181)] INFO org.apache.zookeeper.ClientCnxn  - Socket connection established to localhost/127.0.0.1:2181, initiating session
2017-12-25 22:18:25,469 [roverMain-SendThread(localhost:2181)] INFO org.apache.zookeeper.ClientCnxn  - Session establishment complete on server localhost/127.0.0.1:2181, sessionid = 0x1608c6199d40007, negotiated timeout = 6000
2017-12-25 22:18:25,470 [roverMain-EventThread] INFO org.I0Itec.zkclient.ZkClient  - zookeeper state changed (SyncConnected)
2017-12-25 22:18:25,477 [roverMain] INFO kafka.consumer.ZookeeperConsumerConnector  - [space.exploration.mars.rover.curiosity.1514261890915_zion-mainframe-1514261905377-be7282cc], starting auto committer every 60000 ms
2017-12-25 22:18:25,502 [radio] INFO kafka.consumer.ZookeeperConsumerConnector  - [space.exploration.mars.rover.curiosity.1514261890915_zion-mainframe-1514261905377-be7282cc], begin registering consumer space.exploration.mars.rover.curiosity.1514261890915_zion-mainframe-1514261905377-be7282cc in ZK
2017-12-25 22:18:25,529 [radio] INFO kafka.utils.ZKCheckedEphemeral  - Creating /consumers/space.exploration.mars.rover.curiosity.1514261890915/ids/space.exploration.mars.rover.curiosity.1514261890915_zion-mainframe-1514261905377-be7282cc (is it secure? false)
2017-12-25 22:18:25,540 [radio] INFO kafka.utils.ZKCheckedEphemeral  - Result of znode creation is: OK
2017-12-25 22:18:25,541 [radio] INFO kafka.consumer.ZookeeperConsumerConnector  - [space.exploration.mars.rover.curiosity.1514261890915_zion-mainframe-1514261905377-be7282cc], end registering consumer space.exploration.mars.rover.curiosity.1514261890915_zion-mainframe-1514261905377-be7282cc in ZK
2017-12-25 22:18:25,544 [space.exploration.mars.rover.curiosity.1514261890915_zion-mainframe-1514261905377-be7282cc_watcher_executor] INFO kafka.consumer.ZookeeperConsumerConnector  - [space.exploration.mars.rover.curiosity.1514261890915_zion-mainframe-1514261905377-be7282cc], starting watcher executor thread for consumer space.exploration.mars.rover.curiosity.1514261890915_zion-mainframe-1514261905377-be7282cc
2017-12-25 22:18:25,557 [radio] INFO kafka.consumer.ZookeeperConsumerConnector  - [space.exploration.mars.rover.curiosity.1514261890915_zion-mainframe-1514261905377-be7282cc], begin rebalancing consumer space.exploration.mars.rover.curiosity.1514261890915_zion-mainframe-1514261905377-be7282cc try #0
2017-12-25 22:18:25,658 [radio] INFO kafka.consumer.ConsumerFetcherManager  - [ConsumerFetcherManager-1514261905476] Stopping leader finder thread
2017-12-25 22:18:25,658 [radio] INFO kafka.consumer.ConsumerFetcherManager  - [ConsumerFetcherManager-1514261905476] Stopping all fetchers
2017-12-25 22:18:25,659 [radio] INFO kafka.consumer.ConsumerFetcherManager  - [ConsumerFetcherManager-1514261905476] All connections stopped
2017-12-25 22:18:25,659 [radio] INFO kafka.consumer.ZookeeperConsumerConnector  - [space.exploration.mars.rover.curiosity.1514261890915_zion-mainframe-1514261905377-be7282cc], Cleared all relevant queues for this fetcher
2017-12-25 22:18:25,660 [radio] INFO kafka.consumer.ZookeeperConsumerConnector  - [space.exploration.mars.rover.curiosity.1514261890915_zion-mainframe-1514261905377-be7282cc], Cleared the data chunks in all the consumer message iterators
2017-12-25 22:18:25,660 [radio] INFO kafka.consumer.ZookeeperConsumerConnector  - [space.exploration.mars.rover.curiosity.1514261890915_zion-mainframe-1514261905377-be7282cc], Committing all offsets after clearing the fetcher queues
2017-12-25 22:18:25,661 [radio] INFO kafka.consumer.ZookeeperConsumerConnector  - [space.exploration.mars.rover.curiosity.1514261890915_zion-mainframe-1514261905377-be7282cc], Releasing partition ownership
2017-12-25 22:18:25,682 [radio] INFO kafka.consumer.RangeAssignor  - Consumer space.exploration.mars.rover.curiosity.1514261890915_zion-mainframe-1514261905377-be7282cc rebalancing the following partitions: ArrayBuffer(0) for topic earth_to_curiosity_5 with consumers: List(space.exploration.mars.rover.curiosity.1514261890915_zion-mainframe-1514261905377-be7282cc-0)
2017-12-25 22:18:25,683 [radio] INFO kafka.consumer.RangeAssignor  - space.exploration.mars.rover.curiosity.1514261890915_zion-mainframe-1514261905377-be7282cc-0 attempting to claim partition 0
2017-12-25 22:18:25,716 [radio] INFO kafka.consumer.ZookeeperConsumerConnector  - [space.exploration.mars.rover.curiosity.1514261890915_zion-mainframe-1514261905377-be7282cc], space.exploration.mars.rover.curiosity.1514261890915_zion-mainframe-1514261905377-be7282cc-0 successfully owned partition 0 for topic earth_to_curiosity_5
2017-12-25 22:18:25,730 [radio] INFO kafka.consumer.ZookeeperConsumerConnector  - [space.exploration.mars.rover.curiosity.1514261890915_zion-mainframe-1514261905377-be7282cc], Consumer space.exploration.mars.rover.curiosity.1514261890915_zion-mainframe-1514261905377-be7282cc selected partitions : earth_to_curiosity_5:0: fetched offset = -1: consumed offset = -1
2017-12-25 22:18:25,734 [space.exploration.mars.rover.curiosity.1514261890915_zion-mainframe-1514261905377-be7282cc-leader-finder-thread] INFO kafka.consumer.ConsumerFetcherManager$LeaderFinderThread  - [space.exploration.mars.rover.curiosity.1514261890915_zion-mainframe-1514261905377-be7282cc-leader-finder-thread], Starting 
2017-12-25 22:18:25,736 [radio] INFO kafka.consumer.ZookeeperConsumerConnector  - [space.exploration.mars.rover.curiosity.1514261890915_zion-mainframe-1514261905377-be7282cc], end rebalancing consumer space.exploration.mars.rover.curiosity.1514261890915_zion-mainframe-1514261905377-be7282cc try #0
2017-12-25 22:18:25,759 [space.exploration.mars.rover.curiosity.1514261890915_zion-mainframe-1514261905377-be7282cc-leader-finder-thread] INFO kafka.utils.VerifiableProperties  - Verifying properties
2017-12-25 22:18:25,759 [space.exploration.mars.rover.curiosity.1514261890915_zion-mainframe-1514261905377-be7282cc-leader-finder-thread] INFO kafka.utils.VerifiableProperties  - Property client.id is overridden to space.exploration.mars.rover.curiosity.1514261890915
2017-12-25 22:18:25,760 [space.exploration.mars.rover.curiosity.1514261890915_zion-mainframe-1514261905377-be7282cc-leader-finder-thread] INFO kafka.utils.VerifiableProperties  - Property metadata.broker.list is overridden to zion-mainframe:9092
2017-12-25 22:18:25,760 [space.exploration.mars.rover.curiosity.1514261890915_zion-mainframe-1514261905377-be7282cc-leader-finder-thread] INFO kafka.utils.VerifiableProperties  - Property request.timeout.ms is overridden to 30000
2017-12-25 22:18:25,775 [space.exploration.mars.rover.curiosity.1514261890915_zion-mainframe-1514261905377-be7282cc-leader-finder-thread] INFO kafka.client.ClientUtils$  - Fetching metadata from broker BrokerEndPoint(0,zion-mainframe,9092) with correlation id 0 for 1 topic(s) Set(earth_to_curiosity_5)
2017-12-25 22:18:25,781 [space.exploration.mars.rover.curiosity.1514261890915_zion-mainframe-1514261905377-be7282cc-leader-finder-thread] INFO kafka.producer.SyncProducer  - Connected to zion-mainframe:9092 for producing
2017-12-25 22:18:25,792 [space.exploration.mars.rover.curiosity.1514261890915_zion-mainframe-1514261905377-be7282cc-leader-finder-thread] INFO kafka.producer.SyncProducer  - Disconnecting from zion-mainframe:9092
2017-12-25 22:18:25,805 [ConsumerFetcherThread-space.exploration.mars.rover.curiosity.1514261890915_zion-mainframe-1514261905377-be7282cc-0-0] INFO kafka.consumer.ConsumerFetcherThread  - [ConsumerFetcherThread-space.exploration.mars.rover.curiosity.1514261890915_zion-mainframe-1514261905377-be7282cc-0-0], Starting 
2017-12-25 22:18:25,822 [space.exploration.mars.rover.curiosity.1514261890915_zion-mainframe-1514261905377-be7282cc-leader-finder-thread] INFO kafka.consumer.ConsumerFetcherManager  - [ConsumerFetcherManager-1514261905476] Added fetcher for partitions ArrayBuffer([[earth_to_curiosity_5,0], initOffset -1 to broker BrokerEndPoint(0,zion-mainframe,9092)] )
2017-12-25 22:18:26,481 [roverMain] INFO space.exploration.mars.rover.communication.Radio  - Radio configured:: 
group.id::space.exploration.mars.rover.curiosity.1514261890915
auto.offset.reset::largest
bootstrap.servers::localhost:9092
value.serializer::org.apache.kafka.common.serialization.ByteArraySerializer
destination.topic::curiosity_to_earth_5
zookeeper.connect::localhost:2181
key.serializer::org.apache.kafka.common.serialization.StringSerializer
source.topic::earth_to_curiosity_5
metadata.broker.list::localhost:9092
2017-12-25 22:18:27,482 [roverMain] INFO space.exploration.mars.rover.sensor.Radar  - Radar configured:: 
2017-12-25 22:18:33,686 [roverMain] INFO space.exploration.mars.rover.communication.Transmitter  - Sending information packet to curiosity_to_earth_5
2017-12-25 22:18:36,688 [sleepMonitor] INFO space.exploration.mars.rover.animation.SleepingAnimationEngine  - Rover is sleeping now
2017-12-25 22:18:48,539 [radio] INFO space.exploration.mars.rover.communication.Receiver  - Time Elapsed since last message = 23058
2017-12-25 22:18:48,651 [radio] INFO space.exploration.mars.rover.kernel.PositionSensor  - Houston - this is curiosityActual.ephemerisTime: 5.25507968182704E8
stateCuriosity: -4.239357787E7
stateCuriosity: -1.09530504459E8
stateCuriosity: -5.4298409478E7
stateCuriosity: 9.768
stateCuriosity: -12.732
stateCuriosity: -5.758
owltMSLEarth: 431.608
stateEarth: 4.2386713252E7
stateEarth: 1.09512768117E8
stateEarth: 5.4289616361E7
stateEarth: -9.765
stateEarth: 12.733
stateEarth: 5.758
owltEarthMSL: 431.538
positionEarthWRTCuriosity: 4.2386713252E7
positionEarthWRTCuriosity: 1.09512768117E8
positionEarthWRTCuriosity: 5.4289616361E7
owltEarthMSL2: 431.538
angSepHGAEarth: 103.177
utcTime: "2016-08-26~18:25:00"
sol: 1442
sclkValue: " 1/01442:12:48:51:92736"

2017-12-25 22:18:48,651 [radio] INFO space.exploration.mars.rover.communication.Radio  - One Way Light Time computed by SPICE :: 431.608
2017-12-25 22:18:48,659 [radio] INFO space.exploration.mars.rover.kernel.SleepingState  - Awaking from sleeping state
2017-12-25 22:18:48,659 [radio] INFO space.exploration.mars.rover.animation.SleepingAnimationEngine  - Waking up rover
2017-12-25 22:18:51,675 [radio] INFO space.exploration.mars.rover.kernel.ListeningState  - timeStamp: 1514261928524
targets {
  estimatedPowerUsage: 70
  action: "ScanArea"
}

2017-12-25 22:18:57,766 [radio] INFO space.exploration.mars.rover.kernel.ListeningState  - 1514261937766,0,ScanArea Current instructionQueue length = 0
2017-12-25 22:18:57,766 [radio] INFO space.exploration.mars.rover.kernel.ListeningState  - Got lidar message
2017-12-25 22:18:58,766 [radio] INFO space.exploration.mars.rover.sensor.Lidar  - Lidar initialized and ready!
2017-12-25 22:19:18,170 [radio] INFO space.exploration.mars.rover.kernel.PositionSensor  - Houston - this is curiosityActual.ephemerisTime: 5.25509708182704E8
stateCuriosity: -4.2376560113E7
stateCuriosity: -1.09552671353E8
stateCuriosity: -5.4308443641E7
stateCuriosity: 9.793
stateCuriosity: -12.746
stateCuriosity: -5.776
owltMSLEarth: 431.666
stateEarth: 4.2369699927E7
stateEarth: 1.09534935606E8
stateEarth: 5.429965091E7
stateEarth: -9.791
stateEarth: 12.746
stateEarth: 5.776
owltEarthMSL: 431.596
positionEarthWRTCuriosity: 4.2369699927E7
positionEarthWRTCuriosity: 1.09534935606E8
positionEarthWRTCuriosity: 5.429965091E7
owltEarthMSL2: 431.596
angSepHGAEarth: 110.102
utcTime: "2016-08-26~18:55:00"
sol: 1442
sclkValue: " 1/01442:13:17:05:37243"

2017-12-25 22:19:18,170 [radio] INFO space.exploration.mars.rover.communication.Radio  - One Way Light Time computed by SPICE :: 431.666
2017-12-25 22:19:18,178 [radio] INFO space.exploration.mars.rover.communication.Transmitter  - Sending information packet to curiosity_to_earth_5
2017-12-25 22:19:21,180 [batteryMonitor] INFO space.exploration.mars.rover.power.BatteryMonitor  - BatteryMonitor performing due diligence. SCET = 1514261935045 Rover state = Listening State
2017-12-25 22:19:21,181 [batteryMonitor] INFO space.exploration.mars.rover.power.BatteryMonitor  -  Battery primaryUnits = 1129 auxiliaryPowerUnits = 100
2017-12-25 22:19:21,275 [pacemaker] INFO space.exploration.mars.rover.kernel.PositionSensor  - Houston - this is curiosityActual.ephemerisTime: 5.25509948182704E8
stateCuriosity: -4.2374209248E7
stateCuriosity: -1.09555730669E8
stateCuriosity: -5.4309830056E7
stateCuriosity: 9.797
stateCuriosity: -12.748
stateCuriosity: -5.778
owltMSLEarth: 431.674
stateEarth: 4.2367349636E7
stateEarth: 1.09537994911E8
stateEarth: 5.4301037332E7
stateEarth: -9.795
stateEarth: 12.748
stateEarth: 5.778
owltEarthMSL: 431.604
positionEarthWRTCuriosity: 4.2367349636E7
positionEarthWRTCuriosity: 1.09537994911E8
positionEarthWRTCuriosity: 5.4301037332E7
owltEarthMSL2: 431.604
angSepHGAEarth: 111.055
utcTime: "2016-08-26~18:58:00"
sol: 1442
sclkValue: " 1/01442:13:20:58:95107"

2017-12-25 22:19:21,283 [pacemaker] INFO space.exploration.mars.rover.kernel.SpacecraftClock  - Internal time::2016-08-26T18:59:00.000-05:00 sclk of::1/01442:13:21:57:34572
2017-12-25 22:19:27,393 [pacemaker] INFO space.exploration.mars.rover.kernel.PositionSensor  - Houston - this is curiosityActual.ephemerisTime: 5.25510308182704E8
stateCuriosity: -4.237068126E7
stateCuriosity: -1.09560320387E8
stateCuriosity: -5.4311910757E7
stateCuriosity: 9.803
stateCuriosity: -12.75
stateCuriosity: -5.782
owltMSLEarth: 431.686
stateEarth: 4.2363822492E7
stateEarth: 1.09542584566E8
stateEarth: 5.4303118022E7
stateEarth: -9.8
stateEarth: 12.75
stateEarth: 5.781
owltEarthMSL: 431.616
positionEarthWRTCuriosity: 4.2363822492E7
positionEarthWRTCuriosity: 1.09542584566E8
positionEarthWRTCuriosity: 5.4303118022E7
owltEarthMSL2: 431.616
angSepHGAEarth: 112.484
utcTime: "2016-08-26~19:04:00"
sol: 1442
sclkValue: " 1/01442:13:26:49:31901"

2017-12-25 22:19:27,394 [pacemaker] INFO space.exploration.mars.rover.communication.Radio  - One Way Light Time computed by SPICE :: 431.686
2017-12-25 22:19:27,401 [pacemaker] INFO space.exploration.mars.rover.communication.Transmitter  - Sending information packet to curiosity_to_earth_5
2017-12-25 22:19:30,402 [batteryMonitor] INFO space.exploration.mars.rover.power.BatteryMonitor  - BatteryMonitor performing due diligence. SCET = 1514261965044 Rover state = Listening State
2017-12-25 22:19:30,402 [batteryMonitor] INFO space.exploration.mars.rover.power.BatteryMonitor  -  Battery primaryUnits = 1129 auxiliaryPowerUnits = 100
2017-12-25 22:19:55,044 [batteryMonitor] INFO space.exploration.mars.rover.power.BatteryMonitor  - BatteryMonitor performing due diligence. SCET = 1514261995044 Rover state = Listening State
2017-12-25 22:19:55,044 [batteryMonitor] INFO space.exploration.mars.rover.power.BatteryMonitor  -  Battery primaryUnits = 1129 auxiliaryPowerUnits = 100
2017-12-25 22:20:14,360 [pacemaker] INFO space.exploration.mars.rover.kernel.PositionSensor  - Houston - this is curiosityActual.ephemerisTime: 5.25513128182703E8
stateCuriosity: -4.2342971921E7
stateCuriosity: -1.09596298853E8
stateCuriosity: -5.4328253578E7
stateCuriosity: 9.85
stateCuriosity: -12.765
stateCuriosity: -5.809
owltMSLEarth: 431.78
stateEarth: 4.2336119021E7
stateEarth: 1.09578560688E8
stateEarth: 5.4319459845E7
stateEarth: -9.848
stateEarth: 12.763
stateEarth: 5.808
owltEarthMSL: 431.71
positionEarthWRTCuriosity: 4.2336119021E7
positionEarthWRTCuriosity: 1.09578560688E8
positionEarthWRTCuriosity: 5.4319459845E7
owltEarthMSL2: 431.71
angSepHGAEarth: 123.632
utcTime: "2016-08-26~19:51:00"
sol: 1442
sclkValue: " 1/01442:14:12:33:86793"

2017-12-25 22:20:14,360 [pacemaker] INFO space.exploration.mars.rover.kernel.SpacecraftClock  - Internal time::2016-08-26T19:52:00.000-05:00 sclk of::1/01442:14:13:32:26259
2017-12-25 22:20:20,445 [pacemaker] INFO space.exploration.mars.rover.kernel.PositionSensor  - Houston - this is curiosityActual.ephemerisTime: 5.25513488182703E8
stateCuriosity: -4.2339424796E7
stateCuriosity: -1.09600894427E8
stateCuriosity: -5.4330345371E7
stateCuriosity: 9.856
stateCuriosity: -12.766
stateCuriosity: -5.812
owltMSLEarth: 431.792
stateEarth: 4.2332572549E7
stateEarth: 1.0958315572E8
stateEarth: 5.4321551391E7
stateEarth: -9.855
stateEarth: 12.765
stateEarth: 5.811
owltEarthMSL: 431.722
positionEarthWRTCuriosity: 4.2332572549E7
positionEarthWRTCuriosity: 1.0958315572E8
positionEarthWRTCuriosity: 5.4321551391E7
owltEarthMSL2: 431.722
angSepHGAEarth: 125.047
utcTime: "2016-08-26~19:57:00"
sol: 1442
sclkValue: " 1/01442:14:18:24:23588"

2017-12-25 22:20:20,445 [pacemaker] INFO space.exploration.mars.rover.communication.Radio  - One Way Light Time computed by SPICE :: 431.792
2017-12-25 22:20:20,453 [pacemaker] INFO space.exploration.mars.rover.communication.Transmitter  - Sending information packet to curiosity_to_earth_5
2017-12-25 22:20:25,044 [batteryMonitor] INFO space.exploration.mars.rover.power.BatteryMonitor  - BatteryMonitor performing due diligence. SCET = 1514262025044 Rover state = Listening State
2017-12-25 22:20:25,045 [batteryMonitor] INFO space.exploration.mars.rover.power.BatteryMonitor  -  Battery primaryUnits = 1128 auxiliaryPowerUnits = 100
2017-12-25 22:20:44,553 [radio] INFO space.exploration.mars.rover.communication.Receiver  - Time Elapsed since last message = 116013
2017-12-25 22:20:44,592 [radio] INFO space.exploration.mars.rover.kernel.PositionSensor  - Houston - this is curiosityActual.ephemerisTime: 5.25514928182703E8
stateCuriosity: -4.2325213212E7
stateCuriosity: -1.09619280435E8
stateCuriosity: -5.4338724409E7
stateCuriosity: 9.882
stateCuriosity: -12.77
stateCuriosity: -5.825
owltMSLEarth: 431.84
stateEarth: 4.2318363357E7
stateEarth: 1.09601539001E8
stateEarth: 5.4329929169E7
stateEarth: -9.881
stateEarth: 12.767
stateEarth: 5.824
owltEarthMSL: 431.77
positionEarthWRTCuriosity: 4.2318363357E7
positionEarthWRTCuriosity: 1.09601539001E8
positionEarthWRTCuriosity: 5.4329929169E7
owltEarthMSL2: 431.77
angSepHGAEarth: 130.686
utcTime: "2016-08-26~20:21:00"
sol: 1442
sclkValue: " 1/01442:14:41:45:70767"

2017-12-25 22:20:44,592 [radio] INFO space.exploration.mars.rover.communication.Radio  - One Way Light Time computed by SPICE :: 431.84
2017-12-25 22:20:44,599 [radio] INFO space.exploration.mars.rover.kernel.ListeningState  - timeStamp: 1514262044422
targets {
  roverModule: 6
  action: "Graceful Shutdown."
}

2017-12-25 22:20:50,628 [radio] INFO space.exploration.mars.rover.kernel.ListeningState  - 1514262050628,6,Graceful Shutdown. Current instructionQueue length = 0
2017-12-25 22:20:50,628 [radio] INFO space.exploration.mars.rover.kernel.ListeningState  - Rover initiating a gracefulShutdown.
2017-12-25 22:20:50,629 [radio] INFO space.exploration.mars.rover.kernel.ListeningState  - Synchronizing Clocks.
2017-12-25 22:20:50,629 [radio] INFO space.exploration.mars.rover.kernel.SclkTimingState  - Synchronizing sclk and positionSensor to 2016-08-26~20:28:00
2017-12-25 22:20:50,629 [radio] INFO space.exploration.mars.rover.kernel.SclkTimingState  - Houston, expect a diagnostics pause. Shutting down paceMaker
2017-12-25 22:20:50,629 [radio] INFO space.exploration.mars.rover.diagnostics.Pacemaker  - Pacemaker diagnostic module interrupted.
2017-12-25 22:20:50,630 [radio] INFO space.exploration.mars.rover.kernel.SclkTimingState  - Houston, be advised - garbageCollection is paused. Please wait before sending new signals.
2017-12-25 22:20:50,630 [radio] INFO space.exploration.mars.rover.diagnostics.RoverGarbageCollector  - RoverGC interrupted
2017-12-25 22:20:50,631 [radio] INFO space.exploration.mars.rover.kernel.SpacecraftClock  - UTCTime = 2016-08-26~20:28:00
2017-12-25 22:20:50,631 [radio] INFO space.exploration.mars.rover.kernel.SpacecraftClock  - Valid utc time ranges are dictated by clockService as follows:
2017-12-25 22:20:50,631 [radio] INFO space.exploration.mars.rover.kernel.SpacecraftClock  - APPLICABLE_START_TIME=2000-001T11:58:55.816, APPLICABLE_STOP_TIME=2017-360T19:17:40.149
2017-12-25 22:20:50,631 [radio] INFO space.exploration.mars.rover.kernel.SpacecraftClock  - Given UTC = 2016-08-26~20:28:00
2017-12-25 22:20:50,631 [radio] INFO space.exploration.mars.rover.kernel.SpacecraftClock  - Please ensure that positionSensor and sclk are synchronized
2017-12-25 22:20:50,633 [radio] INFO space.exploration.mars.rover.kernel.PositionSensor  - Synchronizing positionSensor clock to 2016-08-26~20:28:00
2017-12-25 22:20:50,634 [radio] INFO space.exploration.mars.rover.kernel.SclkTimingState  - Restarting diagnostics heartbeat
2017-12-25 22:20:50,634 [radio] INFO space.exploration.mars.rover.kernel.SclkTimingState  - Restarting garbageCollection
2017-12-25 22:20:50,635 [radio] INFO space.exploration.mars.rover.diagnostics.RoverGarbageCollector  - Starting garbageCollection
2017-12-25 22:20:50,647 [radio] INFO space.exploration.mars.rover.kernel.SpacecraftClock  - Internal time::2016-08-26T20:29:00.000-05:00 sclk of::1/01442:14:48:34:47027
2017-12-25 22:20:56,770 [radio] INFO space.exploration.mars.rover.kernel.PositionSensor  - Houston - this is curiosityActual.ephemerisTime: 5.25516188182702E8
stateCuriosity: -4.2312747103E7
stateCuriosity: -1.09635371177E8
stateCuriosity: -5.4346071053E7
stateCuriosity: 9.905
stateCuriosity: -12.771
stateCuriosity: -5.836
owltMSLEarth: 431.882
stateEarth: 4.2305899048E7
stateEarth: 1.0961762662E8
stateEarth: 5.433727435E7
stateEarth: -9.904
stateEarth: 12.768
stateEarth: 5.835
owltEarthMSL: 431.812
positionEarthWRTCuriosity: 4.2305899048E7
positionEarthWRTCuriosity: 1.0961762662E8
positionEarthWRTCuriosity: 5.433727435E7
owltEarthMSL2: 431.812
angSepHGAEarth: 135.58
utcTime: "2016-08-26~20:42:00"
sol: 1442
sclkValue: " 1/01442:15:02:11:99548"

2017-12-25 22:20:56,770 [radio] INFO space.exploration.mars.rover.communication.Radio  - One Way Light Time computed by SPICE :: 431.882
2017-12-25 22:20:56,778 [radio] INFO space.exploration.mars.rover.communication.Transmitter  - Sending information packet to curiosity_to_earth_5
2017-12-25 22:20:59,778 [radio] INFO space.exploration.mars.rover.kernel.ListeningState  - Sending diagnostic heartbeat.
2017-12-25 22:20:59,847 [radio] INFO space.exploration.mars.rover.kernel.PositionSensor  - Houston - this is curiosityActual.ephemerisTime: 5.25516548182702E8
stateCuriosity: -4.2309179949E7
stateCuriosity: -1.09639968718E8
stateCuriosity: -5.4348172552E7
stateCuriosity: 9.912
stateCuriosity: -12.771
stateCuriosity: -5.839
owltMSLEarth: 431.894
stateEarth: 4.230233236E7
stateEarth: 1.09622223142E8
stateEarth: 5.4339375369E7
stateEarth: -9.911
stateEarth: 12.768
stateEarth: 5.838
owltEarthMSL: 431.824
positionEarthWRTCuriosity: 4.230233236E7
positionEarthWRTCuriosity: 1.09622223142E8
positionEarthWRTCuriosity: 5.4339375369E7
owltEarthMSL2: 431.824
angSepHGAEarth: 136.97
utcTime: "2016-08-26~20:48:00"
sol: 1442
sclkValue: " 1/01442:15:08:02:36343"

2017-12-25 22:20:59,847 [radio] INFO space.exploration.mars.rover.kernel.SpacecraftClock  - Internal time::2016-08-26T20:48:00.000-05:00 sclk of::1/01442:15:08:02:36343
2017-12-25 22:21:05,941 [radio] INFO space.exploration.mars.rover.kernel.PositionSensor  - Houston - this is curiosityActual.ephemerisTime: 5.25517268182702E8
stateCuriosity: -4.2302038355E7
stateCuriosity: -1.09649163713E8
stateCuriosity: -5.43523787E7
stateCuriosity: 9.926
stateCuriosity: -12.771
stateCuriosity: -5.845
owltMSLEarth: 431.918
stateEarth: 4.229519163E7
stateEarth: 1.09631415933E8
stateEarth: 5.4343580476E7
stateEarth: -9.925
stateEarth: 12.767
stateEarth: 5.843
owltEarthMSL: 431.848
positionEarthWRTCuriosity: 4.229519163E7
positionEarthWRTCuriosity: 1.09631415933E8
positionEarthWRTCuriosity: 5.4343580476E7
owltEarthMSL2: 431.848
angSepHGAEarth: 139.736
utcTime: "2016-08-26~21:00:00"
sol: 1442
sclkValue: " 1/01442:15:19:43:09932"

2017-12-25 22:21:05,941 [radio] INFO space.exploration.mars.rover.communication.Radio  - One Way Light Time computed by SPICE :: 431.918
2017-12-25 22:21:05,949 [radio] INFO space.exploration.mars.rover.communication.Transmitter  - Sending information packet to curiosity_to_earth_5
2017-12-25 22:21:08,950 [radio] INFO space.exploration.mars.rover.kernel.ListeningState  - Severing ties with the rover.
2017-12-25 22:21:08,950 [radio] INFO space.exploration.mars.rover.kernel.Rover  - Stopping all daemon processes.
2017-12-25 22:21:08,950 [radio] INFO space.exploration.mars.rover.kernel.Rover  -  3.1 Stopping Pacemaker.
2017-12-25 22:21:08,950 [radio] INFO space.exploration.mars.rover.diagnostics.Pacemaker  - Pacemaker diagnostic module shuttingDown.
2017-12-25 22:21:08,951 [radio] INFO space.exploration.mars.rover.kernel.Rover  -  3.2 Stopping GarbageCollector.
2017-12-25 22:21:08,951 [radio] INFO space.exploration.mars.rover.diagnostics.RoverGarbageCollector  - RoverGC shuttingDown.
2017-12-25 22:21:08,951 [radio] INFO space.exploration.mars.rover.kernel.Rover  -  3.3 Stopping BatteryMonitor. 
2017-12-25 22:21:08,952 [radio] INFO space.exploration.mars.rover.kernel.Rover  -  3.4. Stopping SleepMonitor. 
2017-12-25 22:21:08,952 [radio] INFO space.exploration.mars.rover.diagnostics.SleepMonitor  - SleepMonitor is shuttingDown.
2017-12-25 22:21:08,952 [radio] INFO space.exploration.mars.rover.kernel.Rover  -  3.5 Stopping PositionSensor.
2017-12-25 22:21:08,952 [radio] INFO space.exploration.mars.rover.kernel.PositionSensor  - PositionSensor is shutting down.
2017-12-25 22:21:08,952 [radio] INFO space.exploration.mars.rover.kernel.Rover  - 3.6. Saving properties file. 
2017-12-25 22:21:08,953 [radio] INFO space.exploration.mars.rover.kernel.Rover  - Writing properties file to :: /home/sanket/Documents/workspace/MarsRover/mars.rover/target/classes/testMarsConfig.properties
2017-12-25 22:21:08,954 [radio] INFO space.exploration.mars.rover.kernel.Rover  -  3.7 Stopping SpacecraftClock. 
2017-12-25 22:21:08,954 [radio] INFO space.exploration.mars.rover.kernel.SpacecraftClock  - SpacecraftClock shuttingDown.
2017-12-25 22:21:08,955 [radio] INFO space.exploration.mars.rover.kernel.Rover  -  3.8 Shutting down graphics.
2017-12-25 22:21:08,976 [radio] INFO space.exploration.mars.rover.kernel.Rover  -  3.9 Stopping Radio Communications.
2017-12-25 22:21:08,977 [radio] INFO space.exploration.mars.rover.communication.Radio  - Radio stopped
2017-12-25 22:21:08,977 [radio] INFO space.exploration.mars.rover.kernel.Rover  - Houston this is Curiosity saying goodbye! Hope I did OK!
