2018-02-02 22:19:57,583 [      roverMain] INFO  s.rover.kernel.SpacecraftClock null - Valid utc time ranges are dictated by clockService as follows:
2018-02-02 22:19:57,587 [      roverMain] INFO  s.rover.kernel.SpacecraftClock null - APPLICABLE_START_TIME=2000-001T11:58:55.816, APPLICABLE_STOP_TIME=2017-360T19:17:40.149
2018-02-02 22:19:57,587 [      roverMain] INFO  s.rover.kernel.SpacecraftClock null - Given UTC = 2017-02-15~19:06:00
2018-02-02 22:19:57,587 [      roverMain] INFO  s.rover.kernel.SpacecraftClock null - Please ensure that positionSensor and sclk are synchronized
2018-02-02 22:19:57,602 [      roverMain] INFO  s.rover.kernel.SpacecraftClock null - Curiosity internal spacecraft clock started at :: 2017-02-16T01:06:00.000Z
2018-02-02 22:19:57,602 [      roverMain] INFO  s.rover.kernel.SpacecraftClock null - Mission duration is set to :: 1 year(s).
2018-02-02 22:19:57,602 [      roverMain] INFO  s.rover.kernel.SpacecraftClock null - Mission duration = 31536000000
2018-02-02 22:20:01,764 [      roverMain] INFO  gnostics.RoverGarbageCollector null - Starting garbageCollection
2018-02-02 22:20:03,767 [      roverMain] INFO  ration.mars.rover.kernel.Rover null - Rover current position is = java.awt.Point[x=525,y=100]
2018-02-02 22:20:04,770 [      roverMain] INFO  ration.mars.rover.sensor.Lidar null - Lidar initialized and ready!
2018-02-02 22:20:06,007 [      roverMain] INFO  ation.mars.rover.sensor.Camera null - Camera initialized and ready!
2018-02-02 22:20:07,013 [      roverMain] INFO  ration.mars.rover.sensor.Radar null - Radar configured:: 
2018-02-02 22:20:08,227 [      roverMain] INFO  ation.mars.rover.power.Battery null - Battery configured, batteryLife:primaryPowerUnits = 1200 auxiliaryPowerUnits = 100 alertThreshold: 100 rechargeTime = 60000
2018-02-02 22:20:09,229 [      roverMain] INFO  ration.mars.rover.kernel.Rover null - Battery Monitor configured!
2018-02-02 22:20:09,269 [      roverMain] INFO  lients.producer.ProducerConfig null - ProducerConfig values: 
	metric.reporters = []
	metadata.max.age.ms = 300000
	reconnect.backoff.ms = 50
	sasl.kerberos.ticket.renew.window.factor = 0.8
	bootstrap.servers = [localhost:9092]
	ssl.keystore.type = JKS
	sasl.mechanism = GSSAPI
	max.block.ms = 60000
	interceptor.classes = null
	ssl.truststore.password = null
	client.id = 
	ssl.endpoint.identification.algorithm = null
	request.timeout.ms = 30000
	acks = 1
	receive.buffer.bytes = 32768
	ssl.truststore.type = JKS
	retries = 0
	ssl.truststore.location = null
	ssl.keystore.password = null
	send.buffer.bytes = 131072
	compression.type = none
	metadata.fetch.timeout.ms = 60000
	retry.backoff.ms = 100
	sasl.kerberos.kinit.cmd = /usr/bin/kinit
	buffer.memory = 33554432
	timeout.ms = 30000
	key.serializer = class org.apache.kafka.common.serialization.StringSerializer
	sasl.kerberos.service.name = null
	sasl.kerberos.ticket.renew.jitter = 0.05
	ssl.trustmanager.algorithm = PKIX
	block.on.buffer.full = false
	ssl.key.password = null
	sasl.kerberos.min.time.before.relogin = 60000
	connections.max.idle.ms = 540000
	max.in.flight.requests.per.connection = 5
	metrics.num.samples = 2
	ssl.protocol = TLS
	ssl.provider = null
	ssl.enabled.protocols = [TLSv1.2, TLSv1.1, TLSv1]
	batch.size = 16384
	ssl.keystore.location = null
	ssl.cipher.suites = null
	security.protocol = PLAINTEXT
	max.request.size = 1048576
	value.serializer = class org.apache.kafka.common.serialization.ByteArraySerializer
	ssl.keymanager.algorithm = SunX509
	metrics.sample.window.ms = 30000
	partitioner.class = class org.apache.kafka.clients.producer.internals.DefaultPartitioner
	linger.ms = 0

2018-02-02 22:20:09,345 [      roverMain] INFO  lients.producer.ProducerConfig null - ProducerConfig values: 
	metric.reporters = []
	metadata.max.age.ms = 300000
	reconnect.backoff.ms = 50
	sasl.kerberos.ticket.renew.window.factor = 0.8
	bootstrap.servers = [localhost:9092]
	ssl.keystore.type = JKS
	sasl.mechanism = GSSAPI
	max.block.ms = 60000
	interceptor.classes = null
	ssl.truststore.password = null
	client.id = producer-1
	ssl.endpoint.identification.algorithm = null
	request.timeout.ms = 30000
	acks = 1
	receive.buffer.bytes = 32768
	ssl.truststore.type = JKS
	retries = 0
	ssl.truststore.location = null
	ssl.keystore.password = null
	send.buffer.bytes = 131072
	compression.type = none
	metadata.fetch.timeout.ms = 60000
	retry.backoff.ms = 100
	sasl.kerberos.kinit.cmd = /usr/bin/kinit
	buffer.memory = 33554432
	timeout.ms = 30000
	key.serializer = class org.apache.kafka.common.serialization.StringSerializer
	sasl.kerberos.service.name = null
	sasl.kerberos.ticket.renew.jitter = 0.05
	ssl.trustmanager.algorithm = PKIX
	block.on.buffer.full = false
	ssl.key.password = null
	sasl.kerberos.min.time.before.relogin = 60000
	connections.max.idle.ms = 540000
	max.in.flight.requests.per.connection = 5
	metrics.num.samples = 2
	ssl.protocol = TLS
	ssl.provider = null
	ssl.enabled.protocols = [TLSv1.2, TLSv1.1, TLSv1]
	batch.size = 16384
	ssl.keystore.location = null
	ssl.cipher.suites = null
	security.protocol = PLAINTEXT
	max.request.size = 1048576
	value.serializer = class org.apache.kafka.common.serialization.ByteArraySerializer
	ssl.keymanager.algorithm = SunX509
	metrics.sample.window.ms = 30000
	partitioner.class = class org.apache.kafka.clients.producer.internals.DefaultPartitioner
	linger.ms = 0

2018-02-02 22:20:09,345 [      roverMain] WARN  lients.producer.ProducerConfig null - The configuration zookeeper.connect = localhost:2181 was supplied but isn't a known config.
2018-02-02 22:20:09,346 [      roverMain] WARN  lients.producer.ProducerConfig null - The configuration group.id = space.exploration.mars.rover.curiosity.1517631595315 was supplied but isn't a known config.
2018-02-02 22:20:09,346 [      roverMain] WARN  lients.producer.ProducerConfig null - The configuration source.topic = earth_to_curiosity_5 was supplied but isn't a known config.
2018-02-02 22:20:09,346 [      roverMain] WARN  lients.producer.ProducerConfig null - The configuration auto.offset.reset = largest was supplied but isn't a known config.
2018-02-02 22:20:09,346 [      roverMain] WARN  lients.producer.ProducerConfig null - The configuration metadata.broker.list = localhost:9092 was supplied but isn't a known config.
2018-02-02 22:20:09,346 [      roverMain] WARN  lients.producer.ProducerConfig null - The configuration destination.topic = curiosity_to_earth_5 was supplied but isn't a known config.
2018-02-02 22:20:09,347 [      roverMain] INFO  fka.common.utils.AppInfoParser null - Kafka version : 0.10.0.1
2018-02-02 22:20:09,347 [      roverMain] INFO  fka.common.utils.AppInfoParser null - Kafka commitId : a7a17cdec9eaa6c5
2018-02-02 22:20:09,448 [      roverMain] INFO  fka.utils.VerifiableProperties null - Verifying properties
2018-02-02 22:20:09,466 [      roverMain] INFO  fka.utils.VerifiableProperties null - Property auto.offset.reset is overridden to largest
2018-02-02 22:20:09,466 [      roverMain] WARN  fka.utils.VerifiableProperties null - Property bootstrap.servers is not valid
2018-02-02 22:20:09,466 [      roverMain] WARN  fka.utils.VerifiableProperties null - Property destination.topic is not valid
2018-02-02 22:20:09,466 [      roverMain] INFO  fka.utils.VerifiableProperties null - Property group.id is overridden to space.exploration.mars.rover.curiosity.1517631595315
2018-02-02 22:20:09,467 [      roverMain] WARN  fka.utils.VerifiableProperties null - Property key.serializer is not valid
2018-02-02 22:20:09,467 [      roverMain] WARN  fka.utils.VerifiableProperties null - Property metadata.broker.list is not valid
2018-02-02 22:20:09,467 [      roverMain] WARN  fka.utils.VerifiableProperties null - Property source.topic is not valid
2018-02-02 22:20:09,467 [      roverMain] WARN  fka.utils.VerifiableProperties null - Property value.serializer is not valid
2018-02-02 22:20:09,467 [      roverMain] INFO  fka.utils.VerifiableProperties null - Property zookeeper.connect is overridden to localhost:2181
2018-02-02 22:20:09,495 [      roverMain] INFO  mer.ZookeeperConsumerConnector null - [space.exploration.mars.rover.curiosity.1517631595315_zion-mainframe-1517631609494-48e2eaeb], Connecting to zookeeper instance at localhost:2181
2018-02-02 22:20:09,500 [-localhost:2181] INFO  .I0Itec.zkclient.ZkEventThread null - Starting ZkClient event thread.
2018-02-02 22:20:09,502 [      roverMain] INFO  org.apache.zookeeper.ZooKeeper null - Client environment:zookeeper.version=3.4.6-1569965, built on 02/20/2014 09:09 GMT
2018-02-02 22:20:09,503 [      roverMain] INFO  org.apache.zookeeper.ZooKeeper null - Client environment:host.name=zion-mainframe
2018-02-02 22:20:09,503 [      roverMain] INFO  org.apache.zookeeper.ZooKeeper null - Client environment:java.version=1.8.0_151
2018-02-02 22:20:09,503 [      roverMain] INFO  org.apache.zookeeper.ZooKeeper null - Client environment:java.vendor=Oracle Corporation
2018-02-02 22:20:09,503 [      roverMain] INFO  org.apache.zookeeper.ZooKeeper null - Client environment:java.home=/usr/lib/jvm/java-8-openjdk-amd64/jre
2018-02-02 22:20:09,503 [      roverMain] INFO  org.apache.zookeeper.ZooKeeper null - Client environment:java.class.path=target/mars.rover-1.5-SOLSHOT-shaded.jar
2018-02-02 22:20:09,503 [      roverMain] INFO  org.apache.zookeeper.ZooKeeper null - Client environment:java.library.path=$LD_LIBRARY_PATH:"/home/sanket/Documents/workspace/SpiceUtilities/src/main/resources/JNISpice/lib/libJNISpice.so":/home/sanket/Documents/workspace/SpiceUtilities/src/main/resources/JNISpice/lib/libJNISpice.so:/usr/java/packages/lib/amd64:/usr/lib/x86_64-linux-gnu/jni:/lib/x86_64-linux-gnu:/usr/lib/x86_64-linux-gnu:/usr/lib/jni:/lib:/usr/lib
2018-02-02 22:20:09,503 [      roverMain] INFO  org.apache.zookeeper.ZooKeeper null - Client environment:java.io.tmpdir=/tmp
2018-02-02 22:20:09,503 [      roverMain] INFO  org.apache.zookeeper.ZooKeeper null - Client environment:java.compiler=<NA>
2018-02-02 22:20:09,503 [      roverMain] INFO  org.apache.zookeeper.ZooKeeper null - Client environment:os.name=Linux
2018-02-02 22:20:09,503 [      roverMain] INFO  org.apache.zookeeper.ZooKeeper null - Client environment:os.arch=amd64
2018-02-02 22:20:09,503 [      roverMain] INFO  org.apache.zookeeper.ZooKeeper null - Client environment:os.version=4.13.0-32-generic
2018-02-02 22:20:09,503 [      roverMain] INFO  org.apache.zookeeper.ZooKeeper null - Client environment:user.name=sanket
2018-02-02 22:20:09,503 [      roverMain] INFO  org.apache.zookeeper.ZooKeeper null - Client environment:user.home=/home/sanket
2018-02-02 22:20:09,503 [      roverMain] INFO  org.apache.zookeeper.ZooKeeper null - Client environment:user.dir=/home/sanket/Documents/workspace/MarsRover/mars.rover
2018-02-02 22:20:09,503 [      roverMain] INFO  org.apache.zookeeper.ZooKeeper null - Initiating client connection, connectString=localhost:2181 sessionTimeout=6000 watcher=org.I0Itec.zkclient.ZkClient@305b7c14
2018-02-02 22:20:09,509 [      roverMain] INFO    org.I0Itec.zkclient.ZkClient null - Waiting for keeper state SyncConnected
2018-02-02 22:20:09,511 [localhost:2181)] INFO  rg.apache.zookeeper.ClientCnxn null - Opening socket connection to server localhost/127.0.0.1:2181. Will not attempt to authenticate using SASL (unknown error)
2018-02-02 22:20:09,516 [localhost:2181)] INFO  rg.apache.zookeeper.ClientCnxn null - Socket connection established to localhost/127.0.0.1:2181, initiating session
2018-02-02 22:20:09,520 [localhost:2181)] INFO  rg.apache.zookeeper.ClientCnxn null - Session establishment complete on server localhost/127.0.0.1:2181, sessionid = 0x1615861f7cf0007, negotiated timeout = 6000
2018-02-02 22:20:09,521 [ain-EventThread] INFO    org.I0Itec.zkclient.ZkClient null - zookeeper state changed (SyncConnected)
2018-02-02 22:20:09,527 [      roverMain] INFO  mer.ZookeeperConsumerConnector null - [space.exploration.mars.rover.curiosity.1517631595315_zion-mainframe-1517631609494-48e2eaeb], starting auto committer every 60000 ms
2018-02-02 22:20:09,545 [          radio] INFO  mer.ZookeeperConsumerConnector null - [space.exploration.mars.rover.curiosity.1517631595315_zion-mainframe-1517631609494-48e2eaeb], begin registering consumer space.exploration.mars.rover.curiosity.1517631595315_zion-mainframe-1517631609494-48e2eaeb in ZK
2018-02-02 22:20:09,563 [          radio] INFO  kafka.utils.ZKCheckedEphemeral null - Creating /consumers/space.exploration.mars.rover.curiosity.1517631595315/ids/space.exploration.mars.rover.curiosity.1517631595315_zion-mainframe-1517631609494-48e2eaeb (is it secure? false)
2018-02-02 22:20:09,599 [          radio] INFO  kafka.utils.ZKCheckedEphemeral null - Result of znode creation is: OK
2018-02-02 22:20:09,599 [          radio] INFO  mer.ZookeeperConsumerConnector null - [space.exploration.mars.rover.curiosity.1517631595315_zion-mainframe-1517631609494-48e2eaeb], end registering consumer space.exploration.mars.rover.curiosity.1517631595315_zion-mainframe-1517631609494-48e2eaeb in ZK
2018-02-02 22:20:09,602 [atcher_executor] INFO  mer.ZookeeperConsumerConnector null - [space.exploration.mars.rover.curiosity.1517631595315_zion-mainframe-1517631609494-48e2eaeb], starting watcher executor thread for consumer space.exploration.mars.rover.curiosity.1517631595315_zion-mainframe-1517631609494-48e2eaeb
2018-02-02 22:20:09,616 [          radio] INFO  mer.ZookeeperConsumerConnector null - [space.exploration.mars.rover.curiosity.1517631595315_zion-mainframe-1517631609494-48e2eaeb], begin rebalancing consumer space.exploration.mars.rover.curiosity.1517631595315_zion-mainframe-1517631609494-48e2eaeb try #0
2018-02-02 22:20:09,706 [          radio] INFO  onsumer.ConsumerFetcherManager null - [ConsumerFetcherManager-1517631609526] Stopping leader finder thread
2018-02-02 22:20:09,706 [          radio] INFO  onsumer.ConsumerFetcherManager null - [ConsumerFetcherManager-1517631609526] Stopping all fetchers
2018-02-02 22:20:09,707 [          radio] INFO  onsumer.ConsumerFetcherManager null - [ConsumerFetcherManager-1517631609526] All connections stopped
2018-02-02 22:20:09,707 [          radio] INFO  mer.ZookeeperConsumerConnector null - [space.exploration.mars.rover.curiosity.1517631595315_zion-mainframe-1517631609494-48e2eaeb], Cleared all relevant queues for this fetcher
2018-02-02 22:20:09,708 [          radio] INFO  mer.ZookeeperConsumerConnector null - [space.exploration.mars.rover.curiosity.1517631595315_zion-mainframe-1517631609494-48e2eaeb], Cleared the data chunks in all the consumer message iterators
2018-02-02 22:20:09,708 [          radio] INFO  mer.ZookeeperConsumerConnector null - [space.exploration.mars.rover.curiosity.1517631595315_zion-mainframe-1517631609494-48e2eaeb], Committing all offsets after clearing the fetcher queues
2018-02-02 22:20:09,708 [          radio] INFO  mer.ZookeeperConsumerConnector null - [space.exploration.mars.rover.curiosity.1517631595315_zion-mainframe-1517631609494-48e2eaeb], Releasing partition ownership
2018-02-02 22:20:09,732 [          radio] INFO    kafka.consumer.RangeAssignor null - Consumer space.exploration.mars.rover.curiosity.1517631595315_zion-mainframe-1517631609494-48e2eaeb rebalancing the following partitions: ArrayBuffer(0) for topic earth_to_curiosity_5 with consumers: List(space.exploration.mars.rover.curiosity.1517631595315_zion-mainframe-1517631609494-48e2eaeb-0)
2018-02-02 22:20:09,733 [          radio] INFO    kafka.consumer.RangeAssignor null - space.exploration.mars.rover.curiosity.1517631595315_zion-mainframe-1517631609494-48e2eaeb-0 attempting to claim partition 0
2018-02-02 22:20:09,770 [          radio] INFO  mer.ZookeeperConsumerConnector null - [space.exploration.mars.rover.curiosity.1517631595315_zion-mainframe-1517631609494-48e2eaeb], space.exploration.mars.rover.curiosity.1517631595315_zion-mainframe-1517631609494-48e2eaeb-0 successfully owned partition 0 for topic earth_to_curiosity_5
2018-02-02 22:20:09,783 [          radio] INFO  mer.ZookeeperConsumerConnector null - [space.exploration.mars.rover.curiosity.1517631595315_zion-mainframe-1517631609494-48e2eaeb], Consumer space.exploration.mars.rover.curiosity.1517631595315_zion-mainframe-1517631609494-48e2eaeb selected partitions : earth_to_curiosity_5:0: fetched offset = -1: consumed offset = -1
2018-02-02 22:20:09,789 [r-finder-thread] INFO  cherManager$LeaderFinderThread null - [space.exploration.mars.rover.curiosity.1517631595315_zion-mainframe-1517631609494-48e2eaeb-leader-finder-thread], Starting 
2018-02-02 22:20:09,789 [          radio] INFO  mer.ZookeeperConsumerConnector null - [space.exploration.mars.rover.curiosity.1517631595315_zion-mainframe-1517631609494-48e2eaeb], end rebalancing consumer space.exploration.mars.rover.curiosity.1517631595315_zion-mainframe-1517631609494-48e2eaeb try #0
2018-02-02 22:20:09,801 [r-finder-thread] INFO  fka.utils.VerifiableProperties null - Verifying properties
2018-02-02 22:20:09,801 [r-finder-thread] INFO  fka.utils.VerifiableProperties null - Property client.id is overridden to space.exploration.mars.rover.curiosity.1517631595315
2018-02-02 22:20:09,802 [r-finder-thread] INFO  fka.utils.VerifiableProperties null - Property metadata.broker.list is overridden to zion-mainframe:9092
2018-02-02 22:20:09,802 [r-finder-thread] INFO  fka.utils.VerifiableProperties null - Property request.timeout.ms is overridden to 30000
2018-02-02 22:20:09,810 [r-finder-thread] INFO       kafka.client.ClientUtils$ null - Fetching metadata from broker BrokerEndPoint(0,zion-mainframe,9092) with correlation id 0 for 1 topic(s) Set(earth_to_curiosity_5)
2018-02-02 22:20:09,813 [r-finder-thread] INFO     kafka.producer.SyncProducer null - Connected to zion-mainframe:9092 for producing
2018-02-02 22:20:09,822 [r-finder-thread] INFO     kafka.producer.SyncProducer null - Disconnecting from zion-mainframe:9092
2018-02-02 22:20:09,841 [94-48e2eaeb-0-0] INFO  consumer.ConsumerFetcherThread null - [ConsumerFetcherThread-space.exploration.mars.rover.curiosity.1517631595315_zion-mainframe-1517631609494-48e2eaeb-0-0], Starting 
2018-02-02 22:20:09,854 [r-finder-thread] INFO  onsumer.ConsumerFetcherManager null - [ConsumerFetcherManager-1517631609526] Added fetcher for partitions ArrayBuffer([[earth_to_curiosity_5,0], initOffset -1 to broker BrokerEndPoint(0,zion-mainframe,9092)] )
2018-02-02 22:20:10,530 [      roverMain] INFO  mars.rover.communication.Radio null - Radio configured:: 
group.id::space.exploration.mars.rover.curiosity.1517631595315
auto.offset.reset::largest
bootstrap.servers::localhost:9092
value.serializer::org.apache.kafka.common.serialization.ByteArraySerializer
destination.topic::curiosity_to_earth_5
zookeeper.connect::localhost:2181
key.serializer::org.apache.kafka.common.serialization.StringSerializer
source.topic::earth_to_curiosity_5
metadata.broker.list::localhost:9092
2018-02-02 22:20:11,531 [      roverMain] INFO  ration.mars.rover.sensor.Radar null - Radar configured:: 
2018-02-02 22:20:17,713 [      roverMain] INFO  over.communication.Transmitter null - Sending information packet to curiosity_to_earth_5
2018-02-02 22:20:20,718 [spacecraftClock] INFO  s.rover.sensor.DANSpectrometer null - Commencing calibration for DAN Spectrometer for sol = 1610
2018-02-02 22:20:20,792 [ibrationThread3] INFO  ars.rover.sensor.WeatherSensor null - ThreadId = 3 started for remsCalibration for sol = 1610
2018-02-02 22:20:20,792 [ibrationThread1] INFO  ars.rover.sensor.WeatherSensor null - ThreadId = 1 started for remsCalibration for sol = 1610
2018-02-02 22:20:20,792 [ibrationThread0] INFO  ars.rover.sensor.WeatherSensor null - ThreadId = 0 started for remsCalibration for sol = 1610
2018-02-02 22:20:20,792 [brationThread19] INFO  ars.rover.sensor.WeatherSensor null - ThreadId = 19 started for remsCalibration for sol = 1610
2018-02-02 22:20:20,797 [brationThread12] INFO  ars.rover.sensor.WeatherSensor null - ThreadId = 12 started for remsCalibration for sol = 1610
2018-02-02 22:20:20,797 [brationThread11] INFO  ars.rover.sensor.WeatherSensor null - ThreadId = 11 started for remsCalibration for sol = 1610
2018-02-02 22:20:20,797 [brationThread10] INFO  ars.rover.sensor.WeatherSensor null - ThreadId = 10 started for remsCalibration for sol = 1610
2018-02-02 22:20:20,797 [brationThread13] INFO  ars.rover.sensor.WeatherSensor null - ThreadId = 13 started for remsCalibration for sol = 1610
2018-02-02 22:20:20,797 [brationThread15] INFO  ars.rover.sensor.WeatherSensor null - ThreadId = 15 started for remsCalibration for sol = 1610
2018-02-02 22:20:20,797 [ibrationThread9] INFO  ars.rover.sensor.WeatherSensor null - ThreadId = 9 started for remsCalibration for sol = 1610
2018-02-02 22:20:20,797 [ibrationThread8] INFO  ars.rover.sensor.WeatherSensor null - ThreadId = 8 started for remsCalibration for sol = 1610
2018-02-02 22:20:20,797 [ibrationThread6] INFO  ars.rover.sensor.WeatherSensor null - ThreadId = 6 started for remsCalibration for sol = 1610
2018-02-02 22:20:20,797 [ibrationThread7] INFO  ars.rover.sensor.WeatherSensor null - ThreadId = 7 started for remsCalibration for sol = 1610
2018-02-02 22:20:20,797 [ibrationThread5] INFO  ars.rover.sensor.WeatherSensor null - ThreadId = 5 started for remsCalibration for sol = 1610
2018-02-02 22:20:20,797 [ibrationThread4] INFO  ars.rover.sensor.WeatherSensor null - ThreadId = 4 started for remsCalibration for sol = 1610
2018-02-02 22:20:20,797 [ibrationThread2] INFO  ars.rover.sensor.WeatherSensor null - ThreadId = 2 started for remsCalibration for sol = 1610
2018-02-02 22:20:20,797 [brationThread18] INFO  ars.rover.sensor.WeatherSensor null - ThreadId = 18 started for remsCalibration for sol = 1610
2018-02-02 22:20:20,797 [brationThread17] INFO  ars.rover.sensor.WeatherSensor null - ThreadId = 17 started for remsCalibration for sol = 1610
2018-02-02 22:20:20,797 [brationThread14] INFO  ars.rover.sensor.WeatherSensor null - ThreadId = 14 started for remsCalibration for sol = 1610
2018-02-02 22:20:20,797 [brationThread16] INFO  ars.rover.sensor.WeatherSensor null - ThreadId = 16 started for remsCalibration for sol = 1610
2018-02-02 22:20:20,801 [brationThread20] INFO  ars.rover.sensor.WeatherSensor null - ThreadId = 20 started for remsCalibration for sol = 1610
2018-02-02 22:20:20,801 [brationThread21] INFO  ars.rover.sensor.WeatherSensor null - ThreadId = 21 started for remsCalibration for sol = 1610
2018-02-02 22:20:20,801 [brationThread22] INFO  ars.rover.sensor.WeatherSensor null - ThreadId = 22 started for remsCalibration for sol = 1610
2018-02-02 22:20:20,801 [brationThread25] INFO  ars.rover.sensor.WeatherSensor null - ThreadId = 25 started for remsCalibration for sol = 1610
2018-02-02 22:20:20,801 [brationThread26] INFO  ars.rover.sensor.WeatherSensor null - ThreadId = 26 started for remsCalibration for sol = 1610
2018-02-02 22:20:20,801 [brationThread29] INFO  ars.rover.sensor.WeatherSensor null - ThreadId = 29 started for remsCalibration for sol = 1610
2018-02-02 22:20:20,801 [brationThread23] INFO  ars.rover.sensor.WeatherSensor null - ThreadId = 23 started for remsCalibration for sol = 1610
2018-02-02 22:20:20,801 [brationThread30] INFO  ars.rover.sensor.WeatherSensor null - ThreadId = 30 started for remsCalibration for sol = 1610
2018-02-02 22:20:20,801 [brationThread27] INFO  ars.rover.sensor.WeatherSensor null - ThreadId = 27 started for remsCalibration for sol = 1610
2018-02-02 22:20:20,801 [brationThread32] INFO  ars.rover.sensor.WeatherSensor null - ThreadId = 32 started for remsCalibration for sol = 1610
2018-02-02 22:20:20,801 [brationThread31] INFO  ars.rover.sensor.WeatherSensor null - ThreadId = 31 started for remsCalibration for sol = 1610
2018-02-02 22:20:20,801 [brationThread24] INFO  ars.rover.sensor.WeatherSensor null - ThreadId = 24 started for remsCalibration for sol = 1610
2018-02-02 22:20:20,801 [brationThread28] INFO  ars.rover.sensor.WeatherSensor null - ThreadId = 28 started for remsCalibration for sol = 1610
2018-02-02 22:20:20,802 [brationThread33] INFO  ars.rover.sensor.WeatherSensor null - ThreadId = 33 started for remsCalibration for sol = 1610
2018-02-02 22:20:20,809 [brationThread34] INFO  ars.rover.sensor.WeatherSensor null - ThreadId = 34 started for remsCalibration for sol = 1610
2018-02-02 22:20:20,809 [brationThread35] INFO  ars.rover.sensor.WeatherSensor null - ThreadId = 35 started for remsCalibration for sol = 1610
2018-02-02 22:20:20,810 [brationThread37] INFO  ars.rover.sensor.WeatherSensor null - ThreadId = 37 started for remsCalibration for sol = 1610
2018-02-02 22:20:20,810 [brationThread36] INFO  ars.rover.sensor.WeatherSensor null - ThreadId = 36 started for remsCalibration for sol = 1610
2018-02-02 22:20:20,810 [brationThread38] INFO  ars.rover.sensor.WeatherSensor null - ThreadId = 38 started for remsCalibration for sol = 1610
2018-02-02 22:20:20,813 [brationThread39] INFO  ars.rover.sensor.WeatherSensor null - ThreadId = 39 started for remsCalibration for sol = 1610
2018-02-02 22:20:20,814 [brationThread40] INFO  ars.rover.sensor.WeatherSensor null - ThreadId = 40 started for remsCalibration for sol = 1610
2018-02-02 22:20:20,815 [brationThread41] INFO  ars.rover.sensor.WeatherSensor null - ThreadId = 41 started for remsCalibration for sol = 1610
2018-02-02 22:20:20,816 [brationThread42] INFO  ars.rover.sensor.WeatherSensor null - ThreadId = 42 started for remsCalibration for sol = 1610
2018-02-02 22:20:20,816 [brationThread43] INFO  ars.rover.sensor.WeatherSensor null - ThreadId = 43 started for remsCalibration for sol = 1610
2018-02-02 22:20:20,816 [brationThread44] INFO  ars.rover.sensor.WeatherSensor null - ThreadId = 44 started for remsCalibration for sol = 1610
2018-02-02 22:20:20,817 [brationThread45] INFO  ars.rover.sensor.WeatherSensor null - ThreadId = 45 started for remsCalibration for sol = 1610
2018-02-02 22:20:20,821 [brationThread46] INFO  ars.rover.sensor.WeatherSensor null - ThreadId = 46 started for remsCalibration for sol = 1610
2018-02-02 22:20:20,825 [brationThread48] INFO  ars.rover.sensor.WeatherSensor null - ThreadId = 48 started for remsCalibration for sol = 1610
2018-02-02 22:20:20,826 [brationThread49] INFO  ars.rover.sensor.WeatherSensor null - ThreadId = 49 started for remsCalibration for sol = 1610
2018-02-02 22:20:20,827 [brationThread47] INFO  ars.rover.sensor.WeatherSensor null - ThreadId = 47 started for remsCalibration for sol = 1610
2018-02-02 22:20:20,827 [brationThread50] INFO  ars.rover.sensor.WeatherSensor null - ThreadId = 50 started for remsCalibration for sol = 1610
2018-02-02 22:20:20,828 [brationThread51] INFO  ars.rover.sensor.WeatherSensor null - ThreadId = 51 started for remsCalibration for sol = 1610
2018-02-02 22:20:20,828 [brationThread52] INFO  ars.rover.sensor.WeatherSensor null - ThreadId = 52 started for remsCalibration for sol = 1610
2018-02-02 22:20:20,828 [brationThread53] INFO  ars.rover.sensor.WeatherSensor null - ThreadId = 53 started for remsCalibration for sol = 1610
2018-02-02 22:20:20,829 [brationThread54] INFO  ars.rover.sensor.WeatherSensor null - ThreadId = 54 started for remsCalibration for sol = 1610
2018-02-02 22:20:20,829 [brationThread55] INFO  ars.rover.sensor.WeatherSensor null - ThreadId = 55 started for remsCalibration for sol = 1610
2018-02-02 22:20:20,829 [brationThread56] INFO  ars.rover.sensor.WeatherSensor null - ThreadId = 56 started for remsCalibration for sol = 1610
2018-02-02 22:20:20,829 [brationThread57] INFO  ars.rover.sensor.WeatherSensor null - ThreadId = 57 started for remsCalibration for sol = 1610
2018-02-02 22:20:20,829 [brationThread58] INFO  ars.rover.sensor.WeatherSensor null - ThreadId = 58 started for remsCalibration for sol = 1610
2018-02-02 22:20:20,830 [brationThread59] INFO  ars.rover.sensor.WeatherSensor null - ThreadId = 59 started for remsCalibration for sol = 1610
2018-02-02 22:20:20,830 [brationThread60] INFO  ars.rover.sensor.WeatherSensor null - ThreadId = 60 started for remsCalibration for sol = 1610
2018-02-02 22:20:20,831 [brationThread61] INFO  ars.rover.sensor.WeatherSensor null - ThreadId = 61 started for remsCalibration for sol = 1610
2018-02-02 22:20:20,832 [brationThread62] INFO  ars.rover.sensor.WeatherSensor null - ThreadId = 62 started for remsCalibration for sol = 1610
2018-02-02 22:20:20,832 [brationThread63] INFO  ars.rover.sensor.WeatherSensor null - ThreadId = 63 started for remsCalibration for sol = 1610
2018-02-02 22:20:20,832 [brationThread64] INFO  ars.rover.sensor.WeatherSensor null - ThreadId = 64 started for remsCalibration for sol = 1610
2018-02-02 22:20:20,832 [brationThread65] INFO  ars.rover.sensor.WeatherSensor null - ThreadId = 65 started for remsCalibration for sol = 1610
2018-02-02 22:20:20,832 [brationThread66] INFO  ars.rover.sensor.WeatherSensor null - ThreadId = 66 started for remsCalibration for sol = 1610
2018-02-02 22:20:20,833 [brationThread67] INFO  ars.rover.sensor.WeatherSensor null - ThreadId = 67 started for remsCalibration for sol = 1610
2018-02-02 22:20:20,833 [brationThread68] INFO  ars.rover.sensor.WeatherSensor null - ThreadId = 68 started for remsCalibration for sol = 1610
2018-02-02 22:20:20,833 [brationThread69] INFO  ars.rover.sensor.WeatherSensor null - ThreadId = 69 started for remsCalibration for sol = 1610
2018-02-02 22:20:20,833 [brationThread70] INFO  ars.rover.sensor.WeatherSensor null - ThreadId = 70 started for remsCalibration for sol = 1610
2018-02-02 22:20:20,833 [brationThread71] INFO  ars.rover.sensor.WeatherSensor null - ThreadId = 71 started for remsCalibration for sol = 1610
2018-02-02 22:20:20,833 [brationThread72] INFO  ars.rover.sensor.WeatherSensor null - ThreadId = 72 started for remsCalibration for sol = 1610
2018-02-02 22:20:20,833 [brationThread73] INFO  ars.rover.sensor.WeatherSensor null - ThreadId = 73 started for remsCalibration for sol = 1610
2018-02-02 22:20:20,833 [brationThread74] INFO  ars.rover.sensor.WeatherSensor null - ThreadId = 74 started for remsCalibration for sol = 1610
2018-02-02 22:20:20,833 [brationThread75] INFO  ars.rover.sensor.WeatherSensor null - ThreadId = 75 started for remsCalibration for sol = 1610
2018-02-02 22:20:20,834 [brationThread76] INFO  ars.rover.sensor.WeatherSensor null - ThreadId = 76 started for remsCalibration for sol = 1610
2018-02-02 22:20:20,834 [brationThread77] INFO  ars.rover.sensor.WeatherSensor null - ThreadId = 77 started for remsCalibration for sol = 1610
2018-02-02 22:20:20,834 [brationThread78] INFO  ars.rover.sensor.WeatherSensor null - ThreadId = 78 started for remsCalibration for sol = 1610
2018-02-02 22:20:20,834 [brationThread79] INFO  ars.rover.sensor.WeatherSensor null - ThreadId = 79 started for remsCalibration for sol = 1610
2018-02-02 22:20:20,834 [brationThread80] INFO  ars.rover.sensor.WeatherSensor null - ThreadId = 80 started for remsCalibration for sol = 1610
2018-02-02 22:20:20,834 [brationThread81] INFO  ars.rover.sensor.WeatherSensor null - ThreadId = 81 started for remsCalibration for sol = 1610
2018-02-02 22:20:20,834 [brationThread82] INFO  ars.rover.sensor.WeatherSensor null - ThreadId = 82 started for remsCalibration for sol = 1610
2018-02-02 22:20:20,835 [brationThread83] INFO  ars.rover.sensor.WeatherSensor null - ThreadId = 83 started for remsCalibration for sol = 1610
2018-02-02 22:20:20,835 [brationThread85] INFO  ars.rover.sensor.WeatherSensor null - ThreadId = 85 started for remsCalibration for sol = 1610
2018-02-02 22:20:20,835 [brationThread84] INFO  ars.rover.sensor.WeatherSensor null - ThreadId = 84 started for remsCalibration for sol = 1610
2018-02-02 22:20:20,835 [brationThread86] INFO  ars.rover.sensor.WeatherSensor null - ThreadId = 86 started for remsCalibration for sol = 1610
2018-02-02 22:20:20,835 [brationThread87] INFO  ars.rover.sensor.WeatherSensor null - ThreadId = 87 started for remsCalibration for sol = 1610
2018-02-02 22:20:20,835 [brationThread88] INFO  ars.rover.sensor.WeatherSensor null - ThreadId = 88 started for remsCalibration for sol = 1610
2018-02-02 22:20:20,835 [brationThread89] INFO  ars.rover.sensor.WeatherSensor null - ThreadId = 89 started for remsCalibration for sol = 1610
2018-02-02 22:20:20,835 [brationThread90] INFO  ars.rover.sensor.WeatherSensor null - ThreadId = 90 started for remsCalibration for sol = 1610
2018-02-02 22:20:20,836 [brationThread91] INFO  ars.rover.sensor.WeatherSensor null - ThreadId = 91 started for remsCalibration for sol = 1610
2018-02-02 22:20:20,836 [brationThread92] INFO  ars.rover.sensor.WeatherSensor null - ThreadId = 92 started for remsCalibration for sol = 1610
2018-02-02 22:20:20,836 [brationThread93] INFO  ars.rover.sensor.WeatherSensor null - ThreadId = 93 started for remsCalibration for sol = 1610
2018-02-02 22:20:20,836 [brationThread94] INFO  ars.rover.sensor.WeatherSensor null - ThreadId = 94 started for remsCalibration for sol = 1610
2018-02-02 22:20:20,836 [brationThread95] INFO  ars.rover.sensor.WeatherSensor null - ThreadId = 95 started for remsCalibration for sol = 1610
2018-02-02 22:20:20,837 [brationThread97] INFO  ars.rover.sensor.WeatherSensor null - ThreadId = 97 started for remsCalibration for sol = 1610
2018-02-02 22:20:20,837 [brationThread96] INFO  ars.rover.sensor.WeatherSensor null - ThreadId = 96 started for remsCalibration for sol = 1610
2018-02-02 22:20:20,837 [brationThread98] INFO  ars.rover.sensor.WeatherSensor null - ThreadId = 98 started for remsCalibration for sol = 1610
2018-02-02 22:20:20,837 [brationThread99] INFO  ars.rover.sensor.WeatherSensor null - ThreadId = 99 started for remsCalibration for sol = 1610
2018-02-02 22:20:21,432 [spacecraftClock] INFO  .rover.service.ApxsDataService null - ApxsSpectrometer configured successfully for sol = 1610
2018-02-02 22:20:21,435 [   sleepMonitor] INFO  mation.SleepingAnimationEngine null - Rover is sleeping now
2018-02-02 22:20:39,228 [ batteryMonitor] INFO  ars.rover.power.BatteryMonitor null - BatteryMonitor performing due diligence. SCET = 1517631639228 Rover state = Sleeping State
2018-02-02 22:20:39,229 [ batteryMonitor] INFO  ars.rover.power.BatteryMonitor null -  Battery primaryUnits = 1200 auxiliaryPowerUnits = 100
2018-02-02 22:20:59,758 [      pacemaker] INFO  rs.rover.diagnostics.Pacemaker null - Diagnostics inhibited because rover is sleeping to conserve battery Current instructionQueue length = 0
2018-02-02 22:21:00,761 [   sleepMonitor] INFO  rover.diagnostics.SleepMonitor null - Awakening rover from slumber
2018-02-02 22:21:00,762 [   sleepMonitor] INFO  mation.SleepingAnimationEngine null - Waking up rover
2018-02-02 22:21:00,762 [  sleepBreather] INFO  .rover.animation.SleepBreather null - Sleep animation interrupted.
2018-02-02 22:21:09,228 [ batteryMonitor] INFO  ars.rover.power.BatteryMonitor null - BatteryMonitor performing due diligence. SCET = 1517631669228 Rover state = Listening State
2018-02-02 22:21:09,229 [ batteryMonitor] INFO  ars.rover.power.BatteryMonitor null -  Battery primaryUnits = 1200 auxiliaryPowerUnits = 100
2018-02-02 22:21:36,061 [          radio] INFO  s.rover.communication.Receiver null - Time Elapsed since last message = 86532
2018-02-02 22:21:36,178 [          radio] INFO  rs.rover.kernel.PositionSensor null - Houston - this is curiosityActual.ephemerisTime: 5.4046350918514E8
stateCuriosity: 2.83424596589E8
stateCuriosity: 6.3170944377E7
stateCuriosity: 2.6525517531E7
stateCuriosity: 0.945
stateCuriosity: 41.04
stateCuriosity: 18.732
owltMSLEarth: 972.634
stateEarth: -2.83393690707E8
stateEarth: -6.3164062328E7
stateEarth: -2.6522624829E7
stateEarth: -0.933
stateEarth: -41.033
stateEarth: -18.729
owltEarthMSL: 972.527
positionEarthWRTCuriosity: -2.83393690707E8
positionEarthWRTCuriosity: -6.3164062328E7
positionEarthWRTCuriosity: -2.6522624829E7
owltEarthMSL2: 972.527
angSepHGAEarth: 112.29
utcTime: "2017-02-15~20:44:00"
sol: 1610
sclkValue: " 1/01610:23:58:46:92701"

2018-02-02 22:21:36,249 [          radio] INFO  rs.rover.kernel.PositionSensor null - ephemerisTime: 5.4046350918514E8
stateCuriosity: 2.83424596589E8
stateCuriosity: 6.3170944377E7
stateCuriosity: 2.6525517531E7
stateCuriosity: 0.945
stateCuriosity: 41.04
stateCuriosity: 18.732
owltMSLEarth: 972.634
stateEarth: -2.83393690707E8
stateEarth: -6.3164062328E7
stateEarth: -2.6522624829E7
stateEarth: -0.933
stateEarth: -41.033
stateEarth: -18.729
owltEarthMSL: 972.527
positionEarthWRTCuriosity: -2.83393690707E8
positionEarthWRTCuriosity: -6.3164062328E7
positionEarthWRTCuriosity: -2.6522624829E7
owltEarthMSL2: 972.527
angSepHGAEarth: 112.29
utcTime: "2017-02-15~20:44:00"
sol: 1610
sclkValue: " 1/01610:23:58:46:92701"

2018-02-02 22:21:36,249 [          radio] INFO  mars.rover.communication.Radio null - One Way Light Time computed by SPICE :: 972.634
2018-02-02 22:21:36,286 [          radio] INFO  rs.rover.kernel.ListeningState null - timeStamp: 1517631695866
targets {
  roverModule: 8
  estimatedPowerUsage: 20
  action: "ClickCamera"
  roverSubModule: "FHAZ"
}

2018-02-02 22:21:41,951 [ibrationKickOff] INFO  ars.rover.sensor.WeatherSensor null - Thread id = 0 finished checking urls, file not found. Done status = true
2018-02-02 22:21:41,952 [ibrationKickOff] INFO  ars.rover.sensor.WeatherSensor null - Thread id = 1 finished checking urls, file not found. Done status = true
2018-02-02 22:21:41,952 [ibrationKickOff] INFO  ars.rover.sensor.WeatherSensor null - Thread id = 2 finished checking urls, file not found. Done status = true
2018-02-02 22:21:41,952 [ibrationKickOff] INFO  ars.rover.sensor.WeatherSensor null - Thread id = 3 finished checking urls, file not found. Done status = true
2018-02-02 22:21:41,952 [ibrationKickOff] INFO  ars.rover.sensor.WeatherSensor null - Thread id = 4 finished checking urls, file not found. Done status = true
2018-02-02 22:21:41,952 [ibrationKickOff] INFO  ars.rover.sensor.WeatherSensor null - Thread id = 5 finished checking urls, file not found. Done status = true
2018-02-02 22:21:41,952 [ibrationKickOff] INFO  ars.rover.sensor.WeatherSensor null - Thread id = 6 finished checking urls, file not found. Done status = true
2018-02-02 22:21:41,952 [ibrationKickOff] INFO  ars.rover.sensor.WeatherSensor null - Thread id = 7 finished checking urls, file not found. Done status = true
2018-02-02 22:21:42,020 [ibrationKickOff] INFO  ars.rover.sensor.WeatherSensor null - Thread id = 8 finished checking urls, file not found. Done status = true
2018-02-02 22:21:42,025 [ibrationKickOff] INFO  ars.rover.sensor.WeatherSensor null - Thread id = 9 finished checking urls, file not found. Done status = true
2018-02-02 22:21:42,025 [ibrationKickOff] INFO  ars.rover.sensor.WeatherSensor null - Thread id = 10 finished checking urls, file not found. Done status = true
2018-02-02 22:21:42,025 [ibrationKickOff] INFO  ars.rover.sensor.WeatherSensor null - Thread id = 11 finished checking urls, file not found. Done status = true
2018-02-02 22:21:42,025 [ibrationKickOff] INFO  ars.rover.sensor.WeatherSensor null - Thread id = 12 finished checking urls, file not found. Done status = true
2018-02-02 22:21:42,025 [ibrationKickOff] INFO  ars.rover.sensor.WeatherSensor null - Thread id = 13 finished checking urls, file not found. Done status = true
2018-02-02 22:21:42,025 [ibrationKickOff] INFO  ars.rover.sensor.WeatherSensor null - Thread id = 14 finished checking urls, file not found. Done status = true
2018-02-02 22:21:42,025 [ibrationKickOff] INFO  ars.rover.sensor.WeatherSensor null - Thread id = 15 finished checking urls, file not found. Done status = true
2018-02-02 22:21:42,025 [ibrationKickOff] INFO  ars.rover.sensor.WeatherSensor null - Thread id = 16 finished checking urls, file not found. Done status = true
2018-02-02 22:21:42,026 [ibrationKickOff] INFO  ars.rover.sensor.WeatherSensor null - Thread id = 17 finished checking urls, file not found. Done status = true
2018-02-02 22:21:42,026 [ibrationKickOff] INFO  ars.rover.sensor.WeatherSensor null - Thread id = 18 finished checking urls, file not found. Done status = true
2018-02-02 22:21:42,026 [ibrationKickOff] INFO  ars.rover.sensor.WeatherSensor null - Thread id = 19 finished checking urls, file not found. Done status = true
2018-02-02 22:21:42,026 [ibrationKickOff] INFO  ars.rover.sensor.WeatherSensor null - Thread id = 20 finished checking urls, file not found. Done status = true
2018-02-02 22:21:42,026 [ibrationKickOff] INFO  ars.rover.sensor.WeatherSensor null - Thread id = 21 finished checking urls, file not found. Done status = true
2018-02-02 22:21:42,026 [ibrationKickOff] INFO  ars.rover.sensor.WeatherSensor null - Thread id = 22 finished checking urls, file not found. Done status = true
2018-02-02 22:21:42,026 [ibrationKickOff] INFO  ars.rover.sensor.WeatherSensor null - Thread id = 23 finished checking urls, file not found. Done status = true
2018-02-02 22:21:42,026 [ibrationKickOff] INFO  ars.rover.sensor.WeatherSensor null - Thread id = 24 finished checking urls, file not found. Done status = true
2018-02-02 22:21:42,026 [ibrationKickOff] INFO  ars.rover.sensor.WeatherSensor null - Thread id = 25 finished checking urls, file not found. Done status = true
2018-02-02 22:21:42,026 [ibrationKickOff] INFO  ars.rover.sensor.WeatherSensor null - Thread id = 26 finished checking urls, file not found. Done status = true
2018-02-02 22:21:42,026 [ibrationKickOff] INFO  ars.rover.sensor.WeatherSensor null - Thread id = 27 finished checking urls, file not found. Done status = true
2018-02-02 22:21:42,026 [ibrationKickOff] INFO  ars.rover.sensor.WeatherSensor null - Thread id = 28 finished checking urls, file not found. Done status = true
2018-02-02 22:21:42,026 [ibrationKickOff] INFO  ars.rover.sensor.WeatherSensor null - Thread id = 29 finished checking urls, file not found. Done status = true
2018-02-02 22:21:42,027 [ibrationKickOff] INFO  ars.rover.sensor.WeatherSensor null - Thread id = 30 finished checking urls, file not found. Done status = true
2018-02-02 22:21:42,323 [          radio] INFO  rs.rover.kernel.ListeningState null - 1517631702323,8,ClickCamera Current instructionQueue length = 0
2018-02-02 22:21:42,324 [          radio] INFO  rs.rover.kernel.ListeningState null - Rover Curiosity is going to try to take pictures!
2018-02-02 22:21:42,500 [ibrationKickOff] INFO  ars.rover.sensor.WeatherSensor null - REMS finished calibration. Time taken = 5940.000002026558 seconds. Calibration successful = true
2018-02-02 22:21:54,039 [          radio] INFO  rs.rover.kernel.PositionSensor null - Houston - this is curiosityActual.ephemerisTime: 5.4046458918514E8
stateCuriosity: 2.83425605236E8
stateCuriosity: 6.3215261993E7
stateCuriosity: 2.6545749488E7
stateCuriosity: 0.923
stateCuriosity: 41.03
stateCuriosity: 18.735
owltMSLEarth: 972.675
stateEarth: -2.83394686284E8
stateEarth: -6.3208372676E7
stateEarth: -2.6542853762E7
stateEarth: -0.911
stateEarth: -41.023
stateEarth: -18.732
owltEarthMSL: 972.569
positionEarthWRTCuriosity: -2.83394686284E8
positionEarthWRTCuriosity: -6.3208372676E7
positionEarthWRTCuriosity: -2.6542853762E7
owltEarthMSL2: 972.569
angSepHGAEarth: 108.637
utcTime: "2017-02-15~21:02:00"
sol: 1611
sclkValue: " 1/01611:00:16:18:03085"

2018-02-02 22:21:54,078 [          radio] INFO  rs.rover.kernel.PositionSensor null - ephemerisTime: 5.4046458918514E8
stateCuriosity: 2.83425605236E8
stateCuriosity: 6.3215261993E7
stateCuriosity: 2.6545749488E7
stateCuriosity: 0.923
stateCuriosity: 41.03
stateCuriosity: 18.735
owltMSLEarth: 972.675
stateEarth: -2.83394686284E8
stateEarth: -6.3208372676E7
stateEarth: -2.6542853762E7
stateEarth: -0.911
stateEarth: -41.023
stateEarth: -18.732
owltEarthMSL: 972.569
positionEarthWRTCuriosity: -2.83394686284E8
positionEarthWRTCuriosity: -6.3208372676E7
positionEarthWRTCuriosity: -2.6542853762E7
owltEarthMSL2: 972.569
angSepHGAEarth: 108.637
utcTime: "2017-02-15~21:02:00"
sol: 1611
sclkValue: " 1/01611:00:16:18:03085"

2018-02-02 22:21:54,078 [          radio] INFO  mars.rover.communication.Radio null - One Way Light Time computed by SPICE :: 972.675
2018-02-02 22:21:54,104 [          radio] INFO  over.communication.Transmitter null - Sending information packet to curiosity_to_earth_5
2018-02-02 22:21:57,107 [ batteryMonitor] INFO  ars.rover.power.BatteryMonitor null - BatteryMonitor performing due diligence. SCET = 1517631699228 Rover state = Listening State
2018-02-02 22:21:57,108 [spacecraftClock] INFO  s.rover.sensor.DANSpectrometer null - Commencing calibration for DAN Spectrometer for sol = 1611
2018-02-02 22:21:57,107 [          radio] INFO  s.rover.communication.Receiver null - Time Elapsed since last message = 21046
2018-02-02 22:21:57,117 [ibrationThread0] INFO  ars.rover.sensor.WeatherSensor null - ThreadId = 0 started for remsCalibration for sol = 1611
2018-02-02 22:21:57,118 [ibrationThread1] INFO  ars.rover.sensor.WeatherSensor null - ThreadId = 1 started for remsCalibration for sol = 1611
2018-02-02 22:21:57,119 [ibrationThread2] INFO  ars.rover.sensor.WeatherSensor null - ThreadId = 2 started for remsCalibration for sol = 1611
2018-02-02 22:21:57,120 [ibrationThread3] INFO  ars.rover.sensor.WeatherSensor null - ThreadId = 3 started for remsCalibration for sol = 1611
2018-02-02 22:21:57,120 [ibrationThread4] INFO  ars.rover.sensor.WeatherSensor null - ThreadId = 4 started for remsCalibration for sol = 1611
2018-02-02 22:21:57,120 [ibrationThread5] INFO  ars.rover.sensor.WeatherSensor null - ThreadId = 5 started for remsCalibration for sol = 1611
2018-02-02 22:21:57,121 [ibrationThread6] INFO  ars.rover.sensor.WeatherSensor null - ThreadId = 6 started for remsCalibration for sol = 1611
2018-02-02 22:21:57,121 [ibrationThread7] INFO  ars.rover.sensor.WeatherSensor null - ThreadId = 7 started for remsCalibration for sol = 1611
2018-02-02 22:21:57,121 [ibrationThread8] INFO  ars.rover.sensor.WeatherSensor null - ThreadId = 8 started for remsCalibration for sol = 1611
2018-02-02 22:21:57,122 [ibrationThread9] INFO  ars.rover.sensor.WeatherSensor null - ThreadId = 9 started for remsCalibration for sol = 1611
2018-02-02 22:21:57,122 [brationThread10] INFO  ars.rover.sensor.WeatherSensor null - ThreadId = 10 started for remsCalibration for sol = 1611
2018-02-02 22:21:57,122 [brationThread11] INFO  ars.rover.sensor.WeatherSensor null - ThreadId = 11 started for remsCalibration for sol = 1611
2018-02-02 22:21:57,123 [brationThread12] INFO  ars.rover.sensor.WeatherSensor null - ThreadId = 12 started for remsCalibration for sol = 1611
2018-02-02 22:21:57,123 [brationThread13] INFO  ars.rover.sensor.WeatherSensor null - ThreadId = 13 started for remsCalibration for sol = 1611
2018-02-02 22:21:57,123 [brationThread14] INFO  ars.rover.sensor.WeatherSensor null - ThreadId = 14 started for remsCalibration for sol = 1611
2018-02-02 22:21:57,124 [brationThread15] INFO  ars.rover.sensor.WeatherSensor null - ThreadId = 15 started for remsCalibration for sol = 1611
2018-02-02 22:21:57,124 [brationThread16] INFO  ars.rover.sensor.WeatherSensor null - ThreadId = 16 started for remsCalibration for sol = 1611
2018-02-02 22:21:57,124 [brationThread17] INFO  ars.rover.sensor.WeatherSensor null - ThreadId = 17 started for remsCalibration for sol = 1611
2018-02-02 22:21:57,124 [brationThread18] INFO  ars.rover.sensor.WeatherSensor null - ThreadId = 18 started for remsCalibration for sol = 1611
2018-02-02 22:21:57,125 [brationThread19] INFO  ars.rover.sensor.WeatherSensor null - ThreadId = 19 started for remsCalibration for sol = 1611
2018-02-02 22:21:57,125 [brationThread21] INFO  ars.rover.sensor.WeatherSensor null - ThreadId = 21 started for remsCalibration for sol = 1611
2018-02-02 22:21:57,125 [brationThread20] INFO  ars.rover.sensor.WeatherSensor null - ThreadId = 20 started for remsCalibration for sol = 1611
2018-02-02 22:21:57,126 [brationThread23] INFO  ars.rover.sensor.WeatherSensor null - ThreadId = 23 started for remsCalibration for sol = 1611
2018-02-02 22:21:57,126 [brationThread24] INFO  ars.rover.sensor.WeatherSensor null - ThreadId = 24 started for remsCalibration for sol = 1611
2018-02-02 22:21:57,126 [brationThread25] INFO  ars.rover.sensor.WeatherSensor null - ThreadId = 25 started for remsCalibration for sol = 1611
2018-02-02 22:21:57,127 [brationThread26] INFO  ars.rover.sensor.WeatherSensor null - ThreadId = 26 started for remsCalibration for sol = 1611
2018-02-02 22:21:57,127 [brationThread27] INFO  ars.rover.sensor.WeatherSensor null - ThreadId = 27 started for remsCalibration for sol = 1611
2018-02-02 22:21:57,127 [brationThread28] INFO  ars.rover.sensor.WeatherSensor null - ThreadId = 28 started for remsCalibration for sol = 1611
2018-02-02 22:21:57,127 [brationThread29] INFO  ars.rover.sensor.WeatherSensor null - ThreadId = 29 started for remsCalibration for sol = 1611
2018-02-02 22:21:57,128 [brationThread30] INFO  ars.rover.sensor.WeatherSensor null - ThreadId = 30 started for remsCalibration for sol = 1611
2018-02-02 22:21:57,128 [brationThread31] INFO  ars.rover.sensor.WeatherSensor null - ThreadId = 31 started for remsCalibration for sol = 1611
2018-02-02 22:21:57,125 [brationThread22] INFO  ars.rover.sensor.WeatherSensor null - ThreadId = 22 started for remsCalibration for sol = 1611
2018-02-02 22:21:57,133 [brationThread32] INFO  ars.rover.sensor.WeatherSensor null - ThreadId = 32 started for remsCalibration for sol = 1611
2018-02-02 22:21:57,133 [brationThread33] INFO  ars.rover.sensor.WeatherSensor null - ThreadId = 33 started for remsCalibration for sol = 1611
2018-02-02 22:21:57,133 [brationThread34] INFO  ars.rover.sensor.WeatherSensor null - ThreadId = 34 started for remsCalibration for sol = 1611
2018-02-02 22:21:57,133 [brationThread35] INFO  ars.rover.sensor.WeatherSensor null - ThreadId = 35 started for remsCalibration for sol = 1611
2018-02-02 22:21:57,134 [brationThread36] INFO  ars.rover.sensor.WeatherSensor null - ThreadId = 36 started for remsCalibration for sol = 1611
2018-02-02 22:21:57,134 [brationThread37] INFO  ars.rover.sensor.WeatherSensor null - ThreadId = 37 started for remsCalibration for sol = 1611
2018-02-02 22:21:57,134 [brationThread38] INFO  ars.rover.sensor.WeatherSensor null - ThreadId = 38 started for remsCalibration for sol = 1611
2018-02-02 22:21:57,134 [brationThread39] INFO  ars.rover.sensor.WeatherSensor null - ThreadId = 39 started for remsCalibration for sol = 1611
2018-02-02 22:21:57,134 [brationThread40] INFO  ars.rover.sensor.WeatherSensor null - ThreadId = 40 started for remsCalibration for sol = 1611
2018-02-02 22:21:57,134 [brationThread41] INFO  ars.rover.sensor.WeatherSensor null - ThreadId = 41 started for remsCalibration for sol = 1611
2018-02-02 22:21:57,135 [brationThread42] INFO  ars.rover.sensor.WeatherSensor null - ThreadId = 42 started for remsCalibration for sol = 1611
2018-02-02 22:21:57,135 [brationThread43] INFO  ars.rover.sensor.WeatherSensor null - ThreadId = 43 started for remsCalibration for sol = 1611
2018-02-02 22:21:57,135 [brationThread44] INFO  ars.rover.sensor.WeatherSensor null - ThreadId = 44 started for remsCalibration for sol = 1611
2018-02-02 22:21:57,135 [brationThread45] INFO  ars.rover.sensor.WeatherSensor null - ThreadId = 45 started for remsCalibration for sol = 1611
2018-02-02 22:21:57,135 [brationThread46] INFO  ars.rover.sensor.WeatherSensor null - ThreadId = 46 started for remsCalibration for sol = 1611
2018-02-02 22:21:57,135 [brationThread47] INFO  ars.rover.sensor.WeatherSensor null - ThreadId = 47 started for remsCalibration for sol = 1611
2018-02-02 22:21:57,136 [brationThread48] INFO  ars.rover.sensor.WeatherSensor null - ThreadId = 48 started for remsCalibration for sol = 1611
2018-02-02 22:21:57,137 [brationThread99] INFO  ars.rover.sensor.WeatherSensor null - ThreadId = 99 started for remsCalibration for sol = 1611
2018-02-02 22:21:57,137 [brationThread98] INFO  ars.rover.sensor.WeatherSensor null - ThreadId = 98 started for remsCalibration for sol = 1611
2018-02-02 22:21:57,137 [brationThread97] INFO  ars.rover.sensor.WeatherSensor null - ThreadId = 97 started for remsCalibration for sol = 1611
2018-02-02 22:21:57,137 [brationThread96] INFO  ars.rover.sensor.WeatherSensor null - ThreadId = 96 started for remsCalibration for sol = 1611
2018-02-02 22:21:57,137 [brationThread95] INFO  ars.rover.sensor.WeatherSensor null - ThreadId = 95 started for remsCalibration for sol = 1611
2018-02-02 22:21:57,137 [brationThread94] INFO  ars.rover.sensor.WeatherSensor null - ThreadId = 94 started for remsCalibration for sol = 1611
2018-02-02 22:21:57,137 [brationThread93] INFO  ars.rover.sensor.WeatherSensor null - ThreadId = 93 started for remsCalibration for sol = 1611
2018-02-02 22:21:57,137 [brationThread92] INFO  ars.rover.sensor.WeatherSensor null - ThreadId = 92 started for remsCalibration for sol = 1611
2018-02-02 22:21:57,137 [brationThread91] INFO  ars.rover.sensor.WeatherSensor null - ThreadId = 91 started for remsCalibration for sol = 1611
2018-02-02 22:21:57,137 [brationThread90] INFO  ars.rover.sensor.WeatherSensor null - ThreadId = 90 started for remsCalibration for sol = 1611
2018-02-02 22:21:57,137 [brationThread89] INFO  ars.rover.sensor.WeatherSensor null - ThreadId = 89 started for remsCalibration for sol = 1611
2018-02-02 22:21:57,137 [brationThread88] INFO  ars.rover.sensor.WeatherSensor null - ThreadId = 88 started for remsCalibration for sol = 1611
2018-02-02 22:21:57,137 [brationThread87] INFO  ars.rover.sensor.WeatherSensor null - ThreadId = 87 started for remsCalibration for sol = 1611
2018-02-02 22:21:57,137 [brationThread86] INFO  ars.rover.sensor.WeatherSensor null - ThreadId = 86 started for remsCalibration for sol = 1611
2018-02-02 22:21:57,137 [brationThread85] INFO  ars.rover.sensor.WeatherSensor null - ThreadId = 85 started for remsCalibration for sol = 1611
2018-02-02 22:21:57,137 [brationThread84] INFO  ars.rover.sensor.WeatherSensor null - ThreadId = 84 started for remsCalibration for sol = 1611
2018-02-02 22:21:57,137 [brationThread83] INFO  ars.rover.sensor.WeatherSensor null - ThreadId = 83 started for remsCalibration for sol = 1611
2018-02-02 22:21:57,137 [brationThread82] INFO  ars.rover.sensor.WeatherSensor null - ThreadId = 82 started for remsCalibration for sol = 1611
2018-02-02 22:21:57,136 [brationThread81] INFO  ars.rover.sensor.WeatherSensor null - ThreadId = 81 started for remsCalibration for sol = 1611
2018-02-02 22:21:57,136 [brationThread80] INFO  ars.rover.sensor.WeatherSensor null - ThreadId = 80 started for remsCalibration for sol = 1611
2018-02-02 22:21:57,136 [brationThread79] INFO  ars.rover.sensor.WeatherSensor null - ThreadId = 79 started for remsCalibration for sol = 1611
2018-02-02 22:21:57,136 [brationThread78] INFO  ars.rover.sensor.WeatherSensor null - ThreadId = 78 started for remsCalibration for sol = 1611
2018-02-02 22:21:57,136 [brationThread77] INFO  ars.rover.sensor.WeatherSensor null - ThreadId = 77 started for remsCalibration for sol = 1611
2018-02-02 22:21:57,136 [brationThread76] INFO  ars.rover.sensor.WeatherSensor null - ThreadId = 76 started for remsCalibration for sol = 1611
2018-02-02 22:21:57,136 [brationThread75] INFO  ars.rover.sensor.WeatherSensor null - ThreadId = 75 started for remsCalibration for sol = 1611
2018-02-02 22:21:57,136 [brationThread74] INFO  ars.rover.sensor.WeatherSensor null - ThreadId = 74 started for remsCalibration for sol = 1611
2018-02-02 22:21:57,136 [brationThread73] INFO  ars.rover.sensor.WeatherSensor null - ThreadId = 73 started for remsCalibration for sol = 1611
2018-02-02 22:21:57,136 [brationThread72] INFO  ars.rover.sensor.WeatherSensor null - ThreadId = 72 started for remsCalibration for sol = 1611
2018-02-02 22:21:57,136 [brationThread71] INFO  ars.rover.sensor.WeatherSensor null - ThreadId = 71 started for remsCalibration for sol = 1611
2018-02-02 22:21:57,136 [brationThread70] INFO  ars.rover.sensor.WeatherSensor null - ThreadId = 70 started for remsCalibration for sol = 1611
2018-02-02 22:21:57,136 [brationThread69] INFO  ars.rover.sensor.WeatherSensor null - ThreadId = 69 started for remsCalibration for sol = 1611
2018-02-02 22:21:57,136 [brationThread68] INFO  ars.rover.sensor.WeatherSensor null - ThreadId = 68 started for remsCalibration for sol = 1611
2018-02-02 22:21:57,136 [brationThread67] INFO  ars.rover.sensor.WeatherSensor null - ThreadId = 67 started for remsCalibration for sol = 1611
2018-02-02 22:21:57,136 [brationThread66] INFO  ars.rover.sensor.WeatherSensor null - ThreadId = 66 started for remsCalibration for sol = 1611
2018-02-02 22:21:57,136 [brationThread65] INFO  ars.rover.sensor.WeatherSensor null - ThreadId = 65 started for remsCalibration for sol = 1611
2018-02-02 22:21:57,136 [brationThread64] INFO  ars.rover.sensor.WeatherSensor null - ThreadId = 64 started for remsCalibration for sol = 1611
2018-02-02 22:21:57,136 [brationThread63] INFO  ars.rover.sensor.WeatherSensor null - ThreadId = 63 started for remsCalibration for sol = 1611
2018-02-02 22:21:57,136 [brationThread62] INFO  ars.rover.sensor.WeatherSensor null - ThreadId = 62 started for remsCalibration for sol = 1611
2018-02-02 22:21:57,136 [brationThread61] INFO  ars.rover.sensor.WeatherSensor null - ThreadId = 61 started for remsCalibration for sol = 1611
2018-02-02 22:21:57,136 [brationThread60] INFO  ars.rover.sensor.WeatherSensor null - ThreadId = 60 started for remsCalibration for sol = 1611
2018-02-02 22:21:57,136 [brationThread59] INFO  ars.rover.sensor.WeatherSensor null - ThreadId = 59 started for remsCalibration for sol = 1611
2018-02-02 22:21:57,136 [brationThread58] INFO  ars.rover.sensor.WeatherSensor null - ThreadId = 58 started for remsCalibration for sol = 1611
2018-02-02 22:21:57,136 [brationThread57] INFO  ars.rover.sensor.WeatherSensor null - ThreadId = 57 started for remsCalibration for sol = 1611
2018-02-02 22:21:57,136 [brationThread56] INFO  ars.rover.sensor.WeatherSensor null - ThreadId = 56 started for remsCalibration for sol = 1611
2018-02-02 22:21:57,136 [brationThread55] INFO  ars.rover.sensor.WeatherSensor null - ThreadId = 55 started for remsCalibration for sol = 1611
2018-02-02 22:21:57,136 [brationThread54] INFO  ars.rover.sensor.WeatherSensor null - ThreadId = 54 started for remsCalibration for sol = 1611
2018-02-02 22:21:57,136 [brationThread53] INFO  ars.rover.sensor.WeatherSensor null - ThreadId = 53 started for remsCalibration for sol = 1611
2018-02-02 22:21:57,136 [brationThread52] INFO  ars.rover.sensor.WeatherSensor null - ThreadId = 52 started for remsCalibration for sol = 1611
2018-02-02 22:21:57,136 [brationThread51] INFO  ars.rover.sensor.WeatherSensor null - ThreadId = 51 started for remsCalibration for sol = 1611
2018-02-02 22:21:57,136 [brationThread50] INFO  ars.rover.sensor.WeatherSensor null - ThreadId = 50 started for remsCalibration for sol = 1611
2018-02-02 22:21:57,136 [brationThread49] INFO  ars.rover.sensor.WeatherSensor null - ThreadId = 49 started for remsCalibration for sol = 1611
2018-02-02 22:21:57,201 [          radio] INFO  rs.rover.kernel.PositionSensor null - Houston - this is curiosityActual.ephemerisTime: 5.4046476918514E8
stateCuriosity: 2.83425771071E8
stateCuriosity: 6.3222647175E7
stateCuriosity: 2.6549121737E7
stateCuriosity: 0.92
stateCuriosity: 41.028
stateCuriosity: 18.735
owltMSLEarth: 972.682
stateEarth: -2.83394849978E8
stateEarth: -6.3215756653E7
stateEarth: -2.654622551E7
stateEarth: -0.908
stateEarth: -41.021
stateEarth: -18.732
owltEarthMSL: 972.576
positionEarthWRTCuriosity: -2.83394849978E8
positionEarthWRTCuriosity: -6.3215756653E7
positionEarthWRTCuriosity: -2.654622551E7
owltEarthMSL2: 972.576
angSepHGAEarth: 108.021
utcTime: "2017-02-15~21:05:00"
sol: 1611
sclkValue: " 1/01611:00:19:13:21482"

2018-02-02 22:21:57,261 [          radio] INFO  rs.rover.kernel.PositionSensor null - ephemerisTime: 5.4046476918514E8
stateCuriosity: 2.83425771071E8
stateCuriosity: 6.3222647175E7
stateCuriosity: 2.6549121737E7
stateCuriosity: 0.92
stateCuriosity: 41.028
stateCuriosity: 18.735
owltMSLEarth: 972.682
stateEarth: -2.83394849978E8
stateEarth: -6.3215756653E7
stateEarth: -2.654622551E7
stateEarth: -0.908
stateEarth: -41.021
stateEarth: -18.732
owltEarthMSL: 972.576
positionEarthWRTCuriosity: -2.83394849978E8
positionEarthWRTCuriosity: -6.3215756653E7
positionEarthWRTCuriosity: -2.654622551E7
owltEarthMSL2: 972.576
angSepHGAEarth: 108.021
utcTime: "2017-02-15~21:05:00"
sol: 1611
sclkValue: " 1/01611:00:19:13:21482"

2018-02-02 22:21:57,261 [          radio] INFO  mars.rover.communication.Radio null - One Way Light Time computed by SPICE :: 972.682
2018-02-02 22:21:57,482 [spacecraftClock] INFO  tion.mars.rover.utils.FileUtil null - File /home/sanket/Documents/workspace/MarsRover/mars.rover/dataArchives/APXS/1611/ does not exist. Trying to create it now.
2018-02-02 22:21:57,482 [spacecraftClock] INFO  tion.mars.rover.utils.FileUtil null - Successfully created /home/sanket/Documents/workspace/MarsRover/mars.rover/dataArchives/APXS/1611/
2018-02-02 22:21:57,524 [spacecraftClock] ERROR .rover.service.ApxsDataService null -  Could not find data files for sol = 1611 url = http://pds-geosciences.wustl.edu/msl/msl-m-apxs-4_5-rdr-v1/mslapx_1xxx/data/sol01611/
org.jsoup.HttpStatusException: HTTP error fetching URL. Status=404, URL=http://pds-geosciences.wustl.edu/msl/msl-m-apxs-4_5-rdr-v1/mslapx_1xxx/data/sol01611/
	at org.jsoup.helper.HttpConnection$Response.execute(HttpConnection.java:537)
	at org.jsoup.helper.HttpConnection$Response.execute(HttpConnection.java:493)
	at org.jsoup.helper.HttpConnection.execute(HttpConnection.java:205)
	at org.jsoup.helper.HttpConnection.get(HttpConnection.java:194)
	at space.exploration.mars.rover.service.ApxsDataService.getTargetURL(ApxsDataService.java:52)
	at space.exploration.mars.rover.service.ApxsDataService.<init>(ApxsDataService.java:25)
	at space.exploration.mars.rover.sensor.ApxsSpectrometer.calibrateApxsSpectrometer(ApxsSpectrometer.java:37)
	at space.exploration.mars.rover.kernel.Rover.updateSensors(Rover.java:348)
	at space.exploration.mars.rover.kernel.SpacecraftClock$Clock.run(SpacecraftClock.java:220)
	at java.util.concurrent.Executors$RunnableAdapter.call(Executors.java:511)
	at java.util.concurrent.FutureTask.runAndReset(FutureTask.java:308)
	at java.util.concurrent.ScheduledThreadPoolExecutor$ScheduledFutureTask.access$301(ScheduledThreadPoolExecutor.java:180)
	at java.util.concurrent.ScheduledThreadPoolExecutor$ScheduledFutureTask.run(ScheduledThreadPoolExecutor.java:294)
	at java.util.concurrent.ThreadPoolExecutor.runWorker(ThreadPoolExecutor.java:1149)
	at java.util.concurrent.ThreadPoolExecutor$Worker.run(ThreadPoolExecutor.java:624)
	at java.lang.Thread.run(Thread.java:748)
2018-02-02 22:21:57,528 [spacecraftClock] INFO  tion.mars.rover.utils.FileUtil null - File at /home/sanket/Documents/workspace/MarsRover/mars.rover/dataArchives/APXS/1611/ exists - will delete it now.
2018-02-02 22:21:57,528 [spacecraftClock] ERROR .rover.sensor.ApxsSpectrometer null - ApxsData not available for sol = 1611
java.net.MalformedURLException
	at java.net.URL.<init>(URL.java:627)
	at java.net.URL.<init>(URL.java:490)
	at java.net.URL.<init>(URL.java:439)
	at space.exploration.mars.rover.utils.ServiceUtil.download(ServiceUtil.java:15)
	at space.exploration.mars.rover.utils.ServiceUtil.downloadCsv(ServiceUtil.java:40)
	at space.exploration.mars.rover.service.ApxsDataService.<init>(ApxsDataService.java:27)
	at space.exploration.mars.rover.sensor.ApxsSpectrometer.calibrateApxsSpectrometer(ApxsSpectrometer.java:37)
	at space.exploration.mars.rover.kernel.Rover.updateSensors(Rover.java:348)
	at space.exploration.mars.rover.kernel.SpacecraftClock$Clock.run(SpacecraftClock.java:220)
	at java.util.concurrent.Executors$RunnableAdapter.call(Executors.java:511)
	at java.util.concurrent.FutureTask.runAndReset(FutureTask.java:308)
	at java.util.concurrent.ScheduledThreadPoolExecutor$ScheduledFutureTask.access$301(ScheduledThreadPoolExecutor.java:180)
	at java.util.concurrent.ScheduledThreadPoolExecutor$ScheduledFutureTask.run(ScheduledThreadPoolExecutor.java:294)
	at java.util.concurrent.ThreadPoolExecutor.runWorker(ThreadPoolExecutor.java:1149)
	at java.util.concurrent.ThreadPoolExecutor$Worker.run(ThreadPoolExecutor.java:624)
	at java.lang.Thread.run(Thread.java:748)
Caused by: java.lang.NullPointerException
	at java.net.URL.<init>(URL.java:532)
	... 15 more
2018-02-02 22:21:57,530 [          radio] INFO  rs.rover.kernel.ListeningState null - timeStamp: 1517631707555
targets {
  estimatedPowerUsage: 70
  action: "ScanArea"
}

2018-02-02 22:22:03,558 [          radio] INFO  rs.rover.kernel.ListeningState null - 1517631723557,0,ScanArea Current instructionQueue length = 0
2018-02-02 22:22:03,558 [          radio] INFO  rs.rover.kernel.ListeningState null - Got lidar message
2018-02-02 22:22:04,559 [          radio] INFO  ration.mars.rover.sensor.Lidar null - Lidar initialized and ready!
2018-02-02 22:22:23,897 [          radio] INFO  rs.rover.kernel.PositionSensor null - Houston - this is curiosityActual.ephemerisTime: 5.40466389185141E8
stateCuriosity: 2.83427235197E8
stateCuriosity: 6.3289098771E7
stateCuriosity: 2.6579474252E7
stateCuriosity: 0.888
stateCuriosity: 41.011
stateCuriosity: 18.737
owltMSLEarth: 972.744
stateEarth: -2.83396295426E8
stateEarth: -6.3282197494E7
stateEarth: -2.6576573582E7
stateEarth: -0.877
stateEarth: -41.004
stateEarth: -18.734
owltEarthMSL: 972.638
positionEarthWRTCuriosity: -2.83396295426E8
positionEarthWRTCuriosity: -6.3282197494E7
positionEarthWRTCuriosity: -2.6576573582E7
owltEarthMSL2: 972.638
angSepHGAEarth: 102.417
utcTime: "2017-02-15~21:32:00"
sol: 1611
sclkValue: " 1/01611:00:45:29:87059"

2018-02-02 22:22:23,938 [          radio] INFO  rs.rover.kernel.PositionSensor null - ephemerisTime: 5.40466389185141E8
stateCuriosity: 2.83427235197E8
stateCuriosity: 6.3289098771E7
stateCuriosity: 2.6579474252E7
stateCuriosity: 0.888
stateCuriosity: 41.011
stateCuriosity: 18.737
owltMSLEarth: 972.744
stateEarth: -2.83396295426E8
stateEarth: -6.3282197494E7
stateEarth: -2.6576573582E7
stateEarth: -0.877
stateEarth: -41.004
stateEarth: -18.734
owltEarthMSL: 972.638
positionEarthWRTCuriosity: -2.83396295426E8
positionEarthWRTCuriosity: -6.3282197494E7
positionEarthWRTCuriosity: -2.6576573582E7
owltEarthMSL2: 972.638
angSepHGAEarth: 102.417
utcTime: "2017-02-15~21:32:00"
sol: 1611
sclkValue: " 1/01611:00:45:29:87059"

2018-02-02 22:22:23,938 [          radio] INFO  mars.rover.communication.Radio null - One Way Light Time computed by SPICE :: 972.744
2018-02-02 22:22:23,954 [          radio] INFO  over.communication.Transmitter null - Sending information packet to curiosity_to_earth_5
2018-02-02 22:22:26,955 [ batteryMonitor] INFO  ars.rover.power.BatteryMonitor null -  Battery primaryUnits = 1110 auxiliaryPowerUnits = 100
2018-02-02 22:22:26,955 [ batteryMonitor] INFO  ars.rover.power.BatteryMonitor null - BatteryMonitor performing due diligence. SCET = 1517631746955 Rover state = Listening State
2018-02-02 22:22:26,956 [ batteryMonitor] INFO  ars.rover.power.BatteryMonitor null -  Battery primaryUnits = 1109 auxiliaryPowerUnits = 100
2018-02-02 22:22:26,955 [          radio] INFO  s.rover.communication.Receiver null - Time Elapsed since last message = 29847
2018-02-02 22:22:27,013 [          radio] INFO  rs.rover.kernel.PositionSensor null - Houston - this is curiosityActual.ephemerisTime: 5.40466569185141E8
stateCuriosity: 2.83427394793E8
stateCuriosity: 6.3296480535E7
stateCuriosity: 2.6582846929E7
stateCuriosity: 0.885
stateCuriosity: 41.009
stateCuriosity: 18.737
owltMSLEarth: 972.751
stateEarth: -2.83396453019E8
stateEarth: -6.3289578075E7
stateEarth: -2.6579945772E7
stateEarth: -0.874
stateEarth: -41.002
stateEarth: -18.734
owltEarthMSL: 972.645
positionEarthWRTCuriosity: -2.83396453019E8
positionEarthWRTCuriosity: -6.3289578075E7
positionEarthWRTCuriosity: -2.6579945772E7
owltEarthMSL2: 972.645
angSepHGAEarth: 101.788
utcTime: "2017-02-15~21:35:00"
sol: 1611
sclkValue: " 1/01611:00:48:25:05456"

2018-02-02 22:22:27,015 [      pacemaker] INFO  rs.rover.kernel.PositionSensor null - Houston - this is curiosityActual.ephemerisTime: 5.40466569185141E8
stateCuriosity: 2.83427394793E8
stateCuriosity: 6.3296480535E7
stateCuriosity: 2.6582846929E7
stateCuriosity: 0.885
stateCuriosity: 41.009
stateCuriosity: 18.737
owltMSLEarth: 972.751
stateEarth: -2.83396453019E8
stateEarth: -6.3289578075E7
stateEarth: -2.6579945772E7
stateEarth: -0.874
stateEarth: -41.002
stateEarth: -18.734
owltEarthMSL: 972.645
positionEarthWRTCuriosity: -2.83396453019E8
positionEarthWRTCuriosity: -6.3289578075E7
positionEarthWRTCuriosity: -2.6579945772E7
owltEarthMSL2: 972.645
angSepHGAEarth: 101.788
utcTime: "2017-02-15~21:35:00"
sol: 1611
sclkValue: " 1/01611:00:48:25:05456"

2018-02-02 22:22:27,058 [          radio] INFO  rs.rover.kernel.PositionSensor null - ephemerisTime: 5.40466569185141E8
stateCuriosity: 2.83427394793E8
stateCuriosity: 6.3296480535E7
stateCuriosity: 2.6582846929E7
stateCuriosity: 0.885
stateCuriosity: 41.009
stateCuriosity: 18.737
owltMSLEarth: 972.751
stateEarth: -2.83396453019E8
stateEarth: -6.3289578075E7
stateEarth: -2.6579945772E7
stateEarth: -0.874
stateEarth: -41.002
stateEarth: -18.734
owltEarthMSL: 972.645
positionEarthWRTCuriosity: -2.83396453019E8
positionEarthWRTCuriosity: -6.3289578075E7
positionEarthWRTCuriosity: -2.6579945772E7
owltEarthMSL2: 972.645
angSepHGAEarth: 101.788
utcTime: "2017-02-15~21:35:00"
sol: 1611
sclkValue: " 1/01611:00:48:25:05456"

2018-02-02 22:22:27,058 [          radio] INFO  mars.rover.communication.Radio null - One Way Light Time computed by SPICE :: 972.751
2018-02-02 22:22:27,064 [      pacemaker] INFO  rs.rover.kernel.PositionSensor null - ephemerisTime: 5.40466569185141E8
stateCuriosity: 2.83427394793E8
stateCuriosity: 6.3296480535E7
stateCuriosity: 2.6582846929E7
stateCuriosity: 0.885
stateCuriosity: 41.009
stateCuriosity: 18.737
owltMSLEarth: 972.751
stateEarth: -2.83396453019E8
stateEarth: -6.3289578075E7
stateEarth: -2.6579945772E7
stateEarth: -0.874
stateEarth: -41.002
stateEarth: -18.734
owltEarthMSL: 972.645
positionEarthWRTCuriosity: -2.83396453019E8
positionEarthWRTCuriosity: -6.3289578075E7
positionEarthWRTCuriosity: -2.6579945772E7
owltEarthMSL2: 972.645
angSepHGAEarth: 101.788
utcTime: "2017-02-15~21:35:00"
sol: 1611
sclkValue: " 1/01611:00:48:25:05456"

2018-02-02 22:22:27,069 [      pacemaker] INFO  s.rover.kernel.SpacecraftClock null - Internal time::2017-02-15T21:36:00.000-06:00 sclk of::1/01611:00:49:23:44922
2018-02-02 22:22:27,075 [          radio] INFO  rs.rover.kernel.ListeningState null - timeStamp: 1517631719063
targets {
  roverModule: 11
  action: "GetSclkInformation"
}

2018-02-02 22:22:33,088 [          radio] INFO  rs.rover.kernel.ListeningState null - 1517631753088,11,GetSclkInformation Current instructionQueue length = 0
2018-02-02 22:22:33,089 [          radio] INFO  rs.rover.kernel.ListeningState null - Rover will get detailed spacecraftClock information. Houston, this is CuriosityActual.
2018-02-02 22:22:33,101 [          radio] INFO  s.rover.kernel.SpacecraftClock null - Internal time::2017-02-15T21:42:00.000-06:00 sclk of::1/01611:00:55:13:81716
2018-02-02 22:22:39,184 [          radio] INFO  rs.rover.kernel.PositionSensor null - Houston - this is curiosityActual.ephemerisTime: 5.40467289185141E8
stateCuriosity: 2.83428027193E8
stateCuriosity: 6.3326003912E7
stateCuriosity: 2.6596337792E7
stateCuriosity: 0.872
stateCuriosity: 41.001
stateCuriosity: 18.737
owltMSLEarth: 972.778
stateEarth: -2.83397077569E8
stateEarth: -6.3319096747E7
stateEarth: -2.6593434703E7
stateEarth: -0.861
stateEarth: -40.994
stateEarth: -18.735
owltEarthMSL: 972.672
positionEarthWRTCuriosity: -2.83397077569E8
positionEarthWRTCuriosity: -6.3319096747E7
positionEarthWRTCuriosity: -2.6593434703E7
owltEarthMSL2: 972.672
angSepHGAEarth: 99.257
utcTime: "2017-02-15~21:47:00"
sol: 1611
sclkValue: " 1/01611:01:00:05:79045"

2018-02-02 22:22:39,226 [          radio] INFO  rs.rover.kernel.PositionSensor null - ephemerisTime: 5.40467289185141E8
stateCuriosity: 2.83428027193E8
stateCuriosity: 6.3326003912E7
stateCuriosity: 2.6596337792E7
stateCuriosity: 0.872
stateCuriosity: 41.001
stateCuriosity: 18.737
owltMSLEarth: 972.778
stateEarth: -2.83397077569E8
stateEarth: -6.3319096747E7
stateEarth: -2.6593434703E7
stateEarth: -0.861
stateEarth: -40.994
stateEarth: -18.735
owltEarthMSL: 972.672
positionEarthWRTCuriosity: -2.83397077569E8
positionEarthWRTCuriosity: -6.3319096747E7
positionEarthWRTCuriosity: -2.6593434703E7
owltEarthMSL2: 972.672
angSepHGAEarth: 99.257
utcTime: "2017-02-15~21:47:00"
sol: 1611
sclkValue: " 1/01611:01:00:05:79045"

2018-02-02 22:22:39,226 [          radio] INFO  mars.rover.communication.Radio null - One Way Light Time computed by SPICE :: 972.778
2018-02-02 22:22:39,243 [          radio] INFO  over.communication.Transmitter null - Sending information packet to curiosity_to_earth_5
2018-02-02 22:22:42,243 [ batteryMonitor] INFO  ars.rover.power.BatteryMonitor null - BatteryMonitor performing due diligence. SCET = 1517631759228 Rover state = Listening State
2018-02-02 22:22:42,244 [ batteryMonitor] INFO  ars.rover.power.BatteryMonitor null -  Battery primaryUnits = 1109 auxiliaryPowerUnits = 100
2018-02-02 22:22:48,330 [      pacemaker] INFO  rs.rover.kernel.PositionSensor null - Houston - this is curiosityActual.ephemerisTime: 5.40467829185141E8
stateCuriosity: 2.83428495331E8
stateCuriosity: 6.3348142483E7
stateCuriosity: 2.6606455982E7
stateCuriosity: 0.862
stateCuriosity: 40.994
stateCuriosity: 18.737
owltMSLEarth: 972.799
stateEarth: -2.83397539999E8
stateEarth: -6.334123182E7
stateEarth: -2.660355146E7
stateEarth: -0.852
stateEarth: -40.988
stateEarth: -18.735
owltEarthMSL: 972.693
positionEarthWRTCuriosity: -2.83397539999E8
positionEarthWRTCuriosity: -6.334123182E7
positionEarthWRTCuriosity: -2.660355146E7
owltEarthMSL2: 972.693
angSepHGAEarth: 97.348
utcTime: "2017-02-15~21:56:00"
sol: 1611
sclkValue: " 1/01611:01:08:51:34237"

2018-02-02 22:22:48,372 [      pacemaker] INFO  rs.rover.kernel.PositionSensor null - ephemerisTime: 5.40467829185141E8
stateCuriosity: 2.83428495331E8
stateCuriosity: 6.3348142483E7
stateCuriosity: 2.6606455982E7
stateCuriosity: 0.862
stateCuriosity: 40.994
stateCuriosity: 18.737
owltMSLEarth: 972.799
stateEarth: -2.83397539999E8
stateEarth: -6.334123182E7
stateEarth: -2.660355146E7
stateEarth: -0.852
stateEarth: -40.988
stateEarth: -18.735
owltEarthMSL: 972.693
positionEarthWRTCuriosity: -2.83397539999E8
positionEarthWRTCuriosity: -6.334123182E7
positionEarthWRTCuriosity: -2.660355146E7
owltEarthMSL2: 972.693
angSepHGAEarth: 97.348
utcTime: "2017-02-15~21:56:00"
sol: 1611
sclkValue: " 1/01611:01:08:51:34237"

2018-02-02 22:22:48,372 [      pacemaker] INFO  mars.rover.communication.Radio null - One Way Light Time computed by SPICE :: 972.799
2018-02-02 22:22:48,388 [      pacemaker] INFO  over.communication.Transmitter null - Sending information packet to curiosity_to_earth_5
