2017-12-23 15:40:51,354 [main] INFO space.exploration.mars.rover.kernel.SpacecraftClock  - Valid utc time ranges are dictated by clockService as follows:
2017-12-23 15:40:51,354 [main] INFO space.exploration.mars.rover.kernel.SpacecraftClock  - APPLICABLE_START_TIME=2000-001T11:58:55.816, APPLICABLE_STOP_TIME=2017-360T19:17:40.149
2017-12-23 15:40:51,355 [main] INFO space.exploration.mars.rover.kernel.SpacecraftClock  - Given UTC = 2016-08-26~17:49:00
2017-12-23 15:40:51,355 [main] INFO space.exploration.mars.rover.kernel.SpacecraftClock  - Please ensure that positionSensor and sclk are synchronized
2017-12-23 15:40:51,356 [main] INFO space.exploration.mars.rover.kernel.SpacecraftClock  - Curiosity internal spacecraft clock started at :: 2016-08-26T22:49:00.000Z
2017-12-23 15:40:51,356 [main] INFO space.exploration.mars.rover.kernel.SpacecraftClock  - Mission duration is set to :: 1 year(s).
2017-12-23 15:40:51,356 [main] INFO space.exploration.mars.rover.kernel.SpacecraftClock  - Mission duration = 31536000000
2017-12-23 15:40:51,357 [main] INFO space.exploration.mars.rover.kernel.SpacecraftClock  - Internal time::2016-08-26T22:49:00.000Z sclk of::
2017-12-23 15:40:52,358 [main] INFO space.exploration.mars.rover.kernel.SpacecraftClock  - Internal time::2016-08-26T20:14:00.000-05:00 sclk of::1/01442:14:33:58:55040
2017-12-23 15:40:53,358 [main] INFO space.exploration.mars.rover.kernel.SpacecraftClock  - Internal time::2016-08-26T22:52:00.000-05:00 sclk of::1/01442:17:07:44:90634
2017-12-23 15:40:54,359 [main] INFO space.exploration.mars.rover.kernel.SpacecraftClock  - Internal time::2016-08-27T01:25:00.000-05:00 sclk of::1/01442:19:36:39:28900
2017-12-23 15:40:55,359 [main] INFO space.exploration.mars.rover.kernel.SpacecraftClock  - Internal time::2016-08-27T04:08:00.000-05:00 sclk of::1/01442:22:15:17:61822
2017-12-23 15:40:56,359 [main] INFO space.exploration.mars.rover.kernel.SpacecraftClock  - Internal time::2016-08-27T06:40:00.000-05:00 sclk of::1/01443:00:43:13:60622
2017-12-23 15:40:57,359 [main] INFO space.exploration.mars.rover.kernel.SpacecraftClock  - Internal time::2016-08-27T09:16:00.000-05:00 sclk of::1/01443:03:15:03:17284
2017-12-23 15:40:58,360 [main] INFO space.exploration.mars.rover.kernel.SpacecraftClock  - Internal time::2016-08-27T11:47:00.000-05:00 sclk of::1/01443:05:42:00:76618
2017-12-23 15:40:59,360 [main] INFO space.exploration.mars.rover.kernel.SpacecraftClock  - Internal time::2016-08-27T14:27:00.000-05:00 sclk of::1/01443:08:17:43:91143
2017-12-23 15:41:00,360 [main] INFO space.exploration.mars.rover.kernel.SpacecraftClock  - Internal time::2016-08-27T17:02:00.000-05:00 sclk of::1/01443:10:48:35:08340
2017-12-23 15:41:01,360 [main] INFO space.exploration.mars.rover.kernel.SpacecraftClock  - Internal time::2016-08-27T19:41:00.000-05:00 sclk of::1/01443:13:23:19:83400
2017-12-23 15:41:01,362 [main] INFO space.exploration.mars.rover.kernel.SpacecraftClock  - Internal time::2016-08-27T19:41:00.000-05:00 sclk of::1/01443:13:23:19:83400
2017-12-23 15:41:02,368 [main] INFO space.exploration.mars.rover.kernel.SpacecraftClock  - Valid utc time ranges are dictated by clockService as follows:
2017-12-23 15:41:02,368 [main] INFO space.exploration.mars.rover.kernel.SpacecraftClock  - APPLICABLE_START_TIME=2000-001T11:58:55.816, APPLICABLE_STOP_TIME=2017-360T19:17:40.149
2017-12-23 15:41:02,368 [main] INFO space.exploration.mars.rover.kernel.SpacecraftClock  - Given UTC = 2016-08-26~17:49:00
2017-12-23 15:41:02,368 [main] INFO space.exploration.mars.rover.kernel.SpacecraftClock  - Please ensure that positionSensor and sclk are synchronized
2017-12-23 15:41:02,368 [main] INFO space.exploration.mars.rover.kernel.SpacecraftClock  - Curiosity internal spacecraft clock started at :: 2016-08-26T22:49:00.000Z
2017-12-23 15:41:02,368 [main] INFO space.exploration.mars.rover.kernel.SpacecraftClock  - Mission duration is set to :: 1 year(s).
2017-12-23 15:41:02,368 [main] INFO space.exploration.mars.rover.kernel.SpacecraftClock  - Mission duration = 31536000000
2017-12-23 15:41:02,368 [main] INFO space.exploration.mars.rover.kernel.SpacecraftClock  - Internal time::2016-08-26T22:49:00.000Z sclk of::
2017-12-23 15:41:03,370 [main] INFO space.exploration.mars.rover.kernel.SpacecraftClock  - Valid utc time ranges are dictated by clockService as follows:
2017-12-23 15:41:03,370 [main] INFO space.exploration.mars.rover.kernel.SpacecraftClock  - APPLICABLE_START_TIME=2000-001T11:58:55.816, APPLICABLE_STOP_TIME=2017-360T19:17:40.149
2017-12-23 15:41:03,370 [main] INFO space.exploration.mars.rover.kernel.SpacecraftClock  - Given UTC = 2016-08-26~17:49:00
2017-12-23 15:41:03,370 [main] INFO space.exploration.mars.rover.kernel.SpacecraftClock  - Please ensure that positionSensor and sclk are synchronized
2017-12-23 15:41:03,370 [main] INFO space.exploration.mars.rover.kernel.SpacecraftClock  - Curiosity internal spacecraft clock started at :: 2016-08-26T22:49:00.000Z
2017-12-23 15:41:03,370 [main] INFO space.exploration.mars.rover.kernel.SpacecraftClock  - Mission duration is set to :: 1 year(s).
2017-12-23 15:41:03,370 [main] INFO space.exploration.mars.rover.kernel.SpacecraftClock  - Mission duration = 31536000000
2017-12-23 15:41:03,370 [main] INFO space.exploration.mars.rover.kernel.SpacecraftClock  - UTCTime = 2016-05-05~12:00:00
2017-12-23 15:41:03,373 [main] INFO space.exploration.mars.rover.kernel.SpacecraftClock  - Valid utc time ranges are dictated by clockService as follows:
2017-12-23 15:41:03,373 [main] INFO space.exploration.mars.rover.kernel.SpacecraftClock  - APPLICABLE_START_TIME=2000-001T11:58:55.816, APPLICABLE_STOP_TIME=2017-360T19:17:40.149
2017-12-23 15:41:03,374 [main] INFO space.exploration.mars.rover.kernel.SpacecraftClock  - Given UTC = 2016-05-05~12:00:00
2017-12-23 15:41:03,374 [main] INFO space.exploration.mars.rover.kernel.SpacecraftClock  - Please ensure that positionSensor and sclk are synchronized
2017-12-23 15:41:04,377 [main] INFO space.exploration.mars.rover.kernel.SpacecraftClock  - Internal time::2016-05-05T14:08:00.000-05:00 sclk of::1/01332:09:11:27:38095
2017-12-23 15:41:05,377 [main] INFO space.exploration.mars.rover.kernel.SpacecraftClock  - Internal time::2016-05-05T16:15:00.000-05:00 sclk of::1/01332:11:15:03:50250
2017-12-23 15:41:06,378 [main] INFO space.exploration.mars.rover.kernel.SpacecraftClock  - Internal time::2016-05-05T18:16:00.000-05:00 sclk of::1/01332:13:12:49:25610
2017-12-23 15:41:07,378 [main] INFO space.exploration.mars.rover.kernel.SpacecraftClock  - Internal time::2016-05-05T20:16:00.000-05:00 sclk of::1/01332:15:09:36:61504
2017-12-23 15:41:08,378 [main] INFO space.exploration.mars.rover.kernel.SpacecraftClock  - Internal time::2016-05-05T22:13:00.000-05:00 sclk of::1/01332:17:03:28:79001
2017-12-23 15:41:09,378 [main] INFO space.exploration.mars.rover.kernel.SpacecraftClock  - Internal time::2016-05-06T00:24:00.000-05:00 sclk of::1/01332:19:10:58:49019
2017-12-23 15:41:10,378 [main] INFO space.exploration.mars.rover.kernel.SpacecraftClock  - Internal time::2016-05-06T02:34:00.000-05:00 sclk of::1/01332:21:17:29:79571
2017-12-23 15:41:11,379 [main] INFO space.exploration.mars.rover.kernel.SpacecraftClock  - Internal time::2016-05-06T04:29:00.000-05:00 sclk of::1/01332:23:09:25:18136
2017-12-23 15:41:12,379 [main] INFO space.exploration.mars.rover.kernel.SpacecraftClock  - Internal time::2016-05-06T06:39:00.000-05:00 sclk of::1/01333:01:15:56:48688
2017-12-23 15:41:13,379 [main] INFO space.exploration.mars.rover.kernel.SpacecraftClock  - Internal time::2016-05-06T08:35:00.000-05:00 sclk of::1/01333:03:08:50:26719
2017-12-23 15:41:13,379 [main] INFO space.exploration.mars.rover.kernel.SpacecraftClock  - Internal time::2016-05-06T08:35:00.000-05:00 sclk of::1/01333:03:08:50:26719
