2017-12-23 16:04:26,898 [roverMain] INFO space.exploration.mars.rover.kernel.SpacecraftClock  - Valid utc time ranges are dictated by clockService as follows:
2017-12-23 16:04:26,900 [roverMain] INFO space.exploration.mars.rover.kernel.SpacecraftClock  - APPLICABLE_START_TIME=2000-001T11:58:55.816, APPLICABLE_STOP_TIME=2017-360T19:17:40.149
2017-12-23 16:04:26,900 [roverMain] INFO space.exploration.mars.rover.kernel.SpacecraftClock  - Given UTC = 2016-08-27~11:50:00
2017-12-23 16:04:26,900 [roverMain] INFO space.exploration.mars.rover.kernel.SpacecraftClock  - Please ensure that positionSensor and sclk are synchronized
2017-12-23 16:04:26,912 [roverMain] INFO space.exploration.mars.rover.kernel.SpacecraftClock  - Curiosity internal spacecraft clock started at :: 2016-08-27T16:50:00.000Z
2017-12-23 16:04:26,912 [roverMain] INFO space.exploration.mars.rover.kernel.SpacecraftClock  - Mission duration is set to :: 1 year(s).
2017-12-23 16:04:26,912 [roverMain] INFO space.exploration.mars.rover.kernel.SpacecraftClock  - Mission duration = 31536000000
2017-12-23 16:04:31,059 [roverMain] INFO space.exploration.mars.rover.diagnostics.RoverGarbageCollector  - Starting garbageCollection
2017-12-23 16:04:33,060 [roverMain] INFO space.exploration.mars.rover.kernel.Rover  - Rover current position is = java.awt.Point[x=525,y=100]
2017-12-23 16:04:34,062 [roverMain] INFO space.exploration.mars.rover.sensor.Lidar  - Lidar initialized and ready!
2017-12-23 16:04:35,063 [roverMain] INFO space.exploration.mars.rover.sensor.Spectrometer  - Spectrometer initialized and ready!
2017-12-23 16:04:36,291 [roverMain] INFO space.exploration.mars.rover.sensor.Camera  - Camera initialized and ready!
2017-12-23 16:04:37,292 [roverMain] INFO space.exploration.mars.rover.sensor.Radar  - Radar configured:: 
2017-12-23 16:04:38,740 [roverMain] INFO space.exploration.mars.rover.power.Battery  - Battery configured, batteryLife:primaryPowerUnits = 1200 auxiliaryPowerUnits = 100 alertThreshold: 100 rechargeTime = 60000
2017-12-23 16:04:39,744 [roverMain] INFO space.exploration.mars.rover.kernel.Rover  - Battery Monitor configured!
2017-12-23 16:04:39,783 [roverMain] INFO org.apache.kafka.clients.producer.ProducerConfig  - ProducerConfig values: 
	metric.reporters = []
	metadata.max.age.ms = 300000
	reconnect.backoff.ms = 50
	sasl.kerberos.ticket.renew.window.factor = 0.8
	bootstrap.servers = [localhost:9092]
	ssl.keystore.type = JKS
	sasl.mechanism = GSSAPI
	max.block.ms = 60000
	interceptor.classes = null
	ssl.truststore.password = null
	client.id = 
	ssl.endpoint.identification.algorithm = null
	request.timeout.ms = 30000
	acks = 1
	receive.buffer.bytes = 32768
	ssl.truststore.type = JKS
	retries = 0
	ssl.truststore.location = null
	ssl.keystore.password = null
	send.buffer.bytes = 131072
	compression.type = none
	metadata.fetch.timeout.ms = 60000
	retry.backoff.ms = 100
	sasl.kerberos.kinit.cmd = /usr/bin/kinit
	buffer.memory = 33554432
	timeout.ms = 30000
	key.serializer = class org.apache.kafka.common.serialization.StringSerializer
	sasl.kerberos.service.name = null
	sasl.kerberos.ticket.renew.jitter = 0.05
	ssl.trustmanager.algorithm = PKIX
	block.on.buffer.full = false
	ssl.key.password = null
	sasl.kerberos.min.time.before.relogin = 60000
	connections.max.idle.ms = 540000
	max.in.flight.requests.per.connection = 5
	metrics.num.samples = 2
	ssl.protocol = TLS
	ssl.provider = null
	ssl.enabled.protocols = [TLSv1.2, TLSv1.1, TLSv1]
	batch.size = 16384
	ssl.keystore.location = null
	ssl.cipher.suites = null
	security.protocol = PLAINTEXT
	max.request.size = 1048576
	value.serializer = class org.apache.kafka.common.serialization.ByteArraySerializer
	ssl.keymanager.algorithm = SunX509
	metrics.sample.window.ms = 30000
	partitioner.class = class org.apache.kafka.clients.producer.internals.DefaultPartitioner
	linger.ms = 0

2017-12-23 16:04:39,877 [roverMain] INFO org.apache.kafka.clients.producer.ProducerConfig  - ProducerConfig values: 
	metric.reporters = []
	metadata.max.age.ms = 300000
	reconnect.backoff.ms = 50
	sasl.kerberos.ticket.renew.window.factor = 0.8
	bootstrap.servers = [localhost:9092]
	ssl.keystore.type = JKS
	sasl.mechanism = GSSAPI
	max.block.ms = 60000
	interceptor.classes = null
	ssl.truststore.password = null
	client.id = producer-1
	ssl.endpoint.identification.algorithm = null
	request.timeout.ms = 30000
	acks = 1
	receive.buffer.bytes = 32768
	ssl.truststore.type = JKS
	retries = 0
	ssl.truststore.location = null
	ssl.keystore.password = null
	send.buffer.bytes = 131072
	compression.type = none
	metadata.fetch.timeout.ms = 60000
	retry.backoff.ms = 100
	sasl.kerberos.kinit.cmd = /usr/bin/kinit
	buffer.memory = 33554432
	timeout.ms = 30000
	key.serializer = class org.apache.kafka.common.serialization.StringSerializer
	sasl.kerberos.service.name = null
	sasl.kerberos.ticket.renew.jitter = 0.05
	ssl.trustmanager.algorithm = PKIX
	block.on.buffer.full = false
	ssl.key.password = null
	sasl.kerberos.min.time.before.relogin = 60000
	connections.max.idle.ms = 540000
	max.in.flight.requests.per.connection = 5
	metrics.num.samples = 2
	ssl.protocol = TLS
	ssl.provider = null
	ssl.enabled.protocols = [TLSv1.2, TLSv1.1, TLSv1]
	batch.size = 16384
	ssl.keystore.location = null
	ssl.cipher.suites = null
	security.protocol = PLAINTEXT
	max.request.size = 1048576
	value.serializer = class org.apache.kafka.common.serialization.ByteArraySerializer
	ssl.keymanager.algorithm = SunX509
	metrics.sample.window.ms = 30000
	partitioner.class = class org.apache.kafka.clients.producer.internals.DefaultPartitioner
	linger.ms = 0

2017-12-23 16:04:39,878 [roverMain] WARN org.apache.kafka.clients.producer.ProducerConfig  - The configuration zookeeper.connect = localhost:2181 was supplied but isn't a known config.
2017-12-23 16:04:39,878 [roverMain] WARN org.apache.kafka.clients.producer.ProducerConfig  - The configuration group.id = space.exploration.mars.rover.curiosity.1514066665818 was supplied but isn't a known config.
2017-12-23 16:04:39,878 [roverMain] WARN org.apache.kafka.clients.producer.ProducerConfig  - The configuration source.topic = earth_to_curiosity_5 was supplied but isn't a known config.
2017-12-23 16:04:39,878 [roverMain] WARN org.apache.kafka.clients.producer.ProducerConfig  - The configuration auto.offset.reset = largest was supplied but isn't a known config.
2017-12-23 16:04:39,878 [roverMain] WARN org.apache.kafka.clients.producer.ProducerConfig  - The configuration metadata.broker.list = localhost:9092 was supplied but isn't a known config.
2017-12-23 16:04:39,878 [roverMain] WARN org.apache.kafka.clients.producer.ProducerConfig  - The configuration destination.topic = curiosity_to_earth_5 was supplied but isn't a known config.
2017-12-23 16:04:39,879 [roverMain] INFO org.apache.kafka.common.utils.AppInfoParser  - Kafka version : 0.10.0.1
2017-12-23 16:04:39,879 [roverMain] INFO org.apache.kafka.common.utils.AppInfoParser  - Kafka commitId : a7a17cdec9eaa6c5
2017-12-23 16:04:40,003 [roverMain] INFO kafka.utils.VerifiableProperties  - Verifying properties
2017-12-23 16:04:40,029 [roverMain] INFO kafka.utils.VerifiableProperties  - Property auto.offset.reset is overridden to largest
2017-12-23 16:04:40,029 [roverMain] WARN kafka.utils.VerifiableProperties  - Property bootstrap.servers is not valid
2017-12-23 16:04:40,030 [roverMain] WARN kafka.utils.VerifiableProperties  - Property destination.topic is not valid
2017-12-23 16:04:40,030 [roverMain] INFO kafka.utils.VerifiableProperties  - Property group.id is overridden to space.exploration.mars.rover.curiosity.1514066665818
2017-12-23 16:04:40,030 [roverMain] WARN kafka.utils.VerifiableProperties  - Property key.serializer is not valid
2017-12-23 16:04:40,030 [roverMain] WARN kafka.utils.VerifiableProperties  - Property metadata.broker.list is not valid
2017-12-23 16:04:40,030 [roverMain] WARN kafka.utils.VerifiableProperties  - Property source.topic is not valid
2017-12-23 16:04:40,030 [roverMain] WARN kafka.utils.VerifiableProperties  - Property value.serializer is not valid
2017-12-23 16:04:40,030 [roverMain] INFO kafka.utils.VerifiableProperties  - Property zookeeper.connect is overridden to localhost:2181
2017-12-23 16:04:40,063 [roverMain] INFO kafka.consumer.ZookeeperConsumerConnector  - [space.exploration.mars.rover.curiosity.1514066665818_zion-mainframe-1514066680063-f518fee4], Connecting to zookeeper instance at localhost:2181
2017-12-23 16:04:40,069 [ZkClient-EventThread-28-localhost:2181] INFO org.I0Itec.zkclient.ZkEventThread  - Starting ZkClient event thread.
2017-12-23 16:04:40,072 [roverMain] INFO org.apache.zookeeper.ZooKeeper  - Client environment:zookeeper.version=3.4.6-1569965, built on 02/20/2014 09:09 GMT
2017-12-23 16:04:40,073 [roverMain] INFO org.apache.zookeeper.ZooKeeper  - Client environment:host.name=zion-mainframe
2017-12-23 16:04:40,073 [roverMain] INFO org.apache.zookeeper.ZooKeeper  - Client environment:java.version=1.8.0_151
2017-12-23 16:04:40,073 [roverMain] INFO org.apache.zookeeper.ZooKeeper  - Client environment:java.vendor=Oracle Corporation
2017-12-23 16:04:40,073 [roverMain] INFO org.apache.zookeeper.ZooKeeper  - Client environment:java.home=/usr/lib/jvm/java-8-openjdk-amd64/jre
2017-12-23 16:04:40,073 [roverMain] INFO org.apache.zookeeper.ZooKeeper  - Client environment:java.class.path=target/mars.rover-1.3-SOLSHOT-shaded.jar
2017-12-23 16:04:40,073 [roverMain] INFO org.apache.zookeeper.ZooKeeper  - Client environment:java.library.path=$LD_LIBRARY_PATH:"/home/sanket/Documents/workspace/SpiceUtilities/src/main/resources/JNISpice/lib/libJNISpice.so":/home/sanket/Documents/workspace/SpiceUtilities/src/main/resources/JNISpice/lib/libJNISpice.so:/usr/java/packages/lib/amd64:/usr/lib/x86_64-linux-gnu/jni:/lib/x86_64-linux-gnu:/usr/lib/x86_64-linux-gnu:/usr/lib/jni:/lib:/usr/lib
2017-12-23 16:04:40,073 [roverMain] INFO org.apache.zookeeper.ZooKeeper  - Client environment:java.io.tmpdir=/tmp
2017-12-23 16:04:40,073 [roverMain] INFO org.apache.zookeeper.ZooKeeper  - Client environment:java.compiler=<NA>
2017-12-23 16:04:40,073 [roverMain] INFO org.apache.zookeeper.ZooKeeper  - Client environment:os.name=Linux
2017-12-23 16:04:40,074 [roverMain] INFO org.apache.zookeeper.ZooKeeper  - Client environment:os.arch=amd64
2017-12-23 16:04:40,074 [roverMain] INFO org.apache.zookeeper.ZooKeeper  - Client environment:os.version=4.10.0-42-generic
2017-12-23 16:04:40,074 [roverMain] INFO org.apache.zookeeper.ZooKeeper  - Client environment:user.name=sanket
2017-12-23 16:04:40,074 [roverMain] INFO org.apache.zookeeper.ZooKeeper  - Client environment:user.home=/home/sanket
2017-12-23 16:04:40,074 [roverMain] INFO org.apache.zookeeper.ZooKeeper  - Client environment:user.dir=/home/sanket/Documents/workspace/MarsRover/mars.rover
2017-12-23 16:04:40,074 [roverMain] INFO org.apache.zookeeper.ZooKeeper  - Initiating client connection, connectString=localhost:2181 sessionTimeout=6000 watcher=org.I0Itec.zkclient.ZkClient@26794848
2017-12-23 16:04:40,081 [roverMain] INFO org.I0Itec.zkclient.ZkClient  - Waiting for keeper state SyncConnected
2017-12-23 16:04:40,084 [roverMain-SendThread(localhost:2181)] INFO org.apache.zookeeper.ClientCnxn  - Opening socket connection to server localhost/127.0.0.1:2181. Will not attempt to authenticate using SASL (unknown error)
2017-12-23 16:04:40,164 [roverMain-SendThread(localhost:2181)] INFO org.apache.zookeeper.ClientCnxn  - Socket connection established to localhost/127.0.0.1:2181, initiating session
2017-12-23 16:04:40,170 [roverMain-SendThread(localhost:2181)] INFO org.apache.zookeeper.ClientCnxn  - Session establishment complete on server localhost/127.0.0.1:2181, sessionid = 0x160431894db004e, negotiated timeout = 6000
2017-12-23 16:04:40,172 [roverMain-EventThread] INFO org.I0Itec.zkclient.ZkClient  - zookeeper state changed (SyncConnected)
2017-12-23 16:04:40,181 [roverMain] INFO kafka.consumer.ZookeeperConsumerConnector  - [space.exploration.mars.rover.curiosity.1514066665818_zion-mainframe-1514066680063-f518fee4], starting auto committer every 60000 ms
2017-12-23 16:04:40,207 [radio] INFO kafka.consumer.ZookeeperConsumerConnector  - [space.exploration.mars.rover.curiosity.1514066665818_zion-mainframe-1514066680063-f518fee4], begin registering consumer space.exploration.mars.rover.curiosity.1514066665818_zion-mainframe-1514066680063-f518fee4 in ZK
2017-12-23 16:04:40,234 [radio] INFO kafka.utils.ZKCheckedEphemeral  - Creating /consumers/space.exploration.mars.rover.curiosity.1514066665818/ids/space.exploration.mars.rover.curiosity.1514066665818_zion-mainframe-1514066680063-f518fee4 (is it secure? false)
2017-12-23 16:04:40,247 [radio] INFO kafka.utils.ZKCheckedEphemeral  - Result of znode creation is: OK
2017-12-23 16:04:40,247 [radio] INFO kafka.consumer.ZookeeperConsumerConnector  - [space.exploration.mars.rover.curiosity.1514066665818_zion-mainframe-1514066680063-f518fee4], end registering consumer space.exploration.mars.rover.curiosity.1514066665818_zion-mainframe-1514066680063-f518fee4 in ZK
2017-12-23 16:04:40,253 [space.exploration.mars.rover.curiosity.1514066665818_zion-mainframe-1514066680063-f518fee4_watcher_executor] INFO kafka.consumer.ZookeeperConsumerConnector  - [space.exploration.mars.rover.curiosity.1514066665818_zion-mainframe-1514066680063-f518fee4], starting watcher executor thread for consumer space.exploration.mars.rover.curiosity.1514066665818_zion-mainframe-1514066680063-f518fee4
2017-12-23 16:04:40,268 [radio] INFO kafka.consumer.ZookeeperConsumerConnector  - [space.exploration.mars.rover.curiosity.1514066665818_zion-mainframe-1514066680063-f518fee4], begin rebalancing consumer space.exploration.mars.rover.curiosity.1514066665818_zion-mainframe-1514066680063-f518fee4 try #0
2017-12-23 16:04:40,364 [radio] INFO kafka.consumer.ConsumerFetcherManager  - [ConsumerFetcherManager-1514066680179] Stopping leader finder thread
2017-12-23 16:04:40,364 [radio] INFO kafka.consumer.ConsumerFetcherManager  - [ConsumerFetcherManager-1514066680179] Stopping all fetchers
2017-12-23 16:04:40,365 [radio] INFO kafka.consumer.ConsumerFetcherManager  - [ConsumerFetcherManager-1514066680179] All connections stopped
2017-12-23 16:04:40,366 [radio] INFO kafka.consumer.ZookeeperConsumerConnector  - [space.exploration.mars.rover.curiosity.1514066665818_zion-mainframe-1514066680063-f518fee4], Cleared all relevant queues for this fetcher
2017-12-23 16:04:40,367 [radio] INFO kafka.consumer.ZookeeperConsumerConnector  - [space.exploration.mars.rover.curiosity.1514066665818_zion-mainframe-1514066680063-f518fee4], Cleared the data chunks in all the consumer message iterators
2017-12-23 16:04:40,367 [radio] INFO kafka.consumer.ZookeeperConsumerConnector  - [space.exploration.mars.rover.curiosity.1514066665818_zion-mainframe-1514066680063-f518fee4], Committing all offsets after clearing the fetcher queues
2017-12-23 16:04:40,368 [radio] INFO kafka.consumer.ZookeeperConsumerConnector  - [space.exploration.mars.rover.curiosity.1514066665818_zion-mainframe-1514066680063-f518fee4], Releasing partition ownership
2017-12-23 16:04:40,400 [radio] INFO kafka.consumer.RangeAssignor  - Consumer space.exploration.mars.rover.curiosity.1514066665818_zion-mainframe-1514066680063-f518fee4 rebalancing the following partitions: ArrayBuffer(0) for topic earth_to_curiosity_5 with consumers: List(space.exploration.mars.rover.curiosity.1514066665818_zion-mainframe-1514066680063-f518fee4-0)
2017-12-23 16:04:40,401 [radio] INFO kafka.consumer.RangeAssignor  - space.exploration.mars.rover.curiosity.1514066665818_zion-mainframe-1514066680063-f518fee4-0 attempting to claim partition 0
2017-12-23 16:04:40,423 [radio] INFO kafka.consumer.ZookeeperConsumerConnector  - [space.exploration.mars.rover.curiosity.1514066665818_zion-mainframe-1514066680063-f518fee4], space.exploration.mars.rover.curiosity.1514066665818_zion-mainframe-1514066680063-f518fee4-0 successfully owned partition 0 for topic earth_to_curiosity_5
2017-12-23 16:04:40,439 [radio] INFO kafka.consumer.ZookeeperConsumerConnector  - [space.exploration.mars.rover.curiosity.1514066665818_zion-mainframe-1514066680063-f518fee4], Consumer space.exploration.mars.rover.curiosity.1514066665818_zion-mainframe-1514066680063-f518fee4 selected partitions : earth_to_curiosity_5:0: fetched offset = -1: consumed offset = -1
2017-12-23 16:04:40,441 [radio] INFO kafka.consumer.ZookeeperConsumerConnector  - [space.exploration.mars.rover.curiosity.1514066665818_zion-mainframe-1514066680063-f518fee4], end rebalancing consumer space.exploration.mars.rover.curiosity.1514066665818_zion-mainframe-1514066680063-f518fee4 try #0
2017-12-23 16:04:40,443 [space.exploration.mars.rover.curiosity.1514066665818_zion-mainframe-1514066680063-f518fee4-leader-finder-thread] INFO kafka.consumer.ConsumerFetcherManager$LeaderFinderThread  - [space.exploration.mars.rover.curiosity.1514066665818_zion-mainframe-1514066680063-f518fee4-leader-finder-thread], Starting 
2017-12-23 16:04:40,469 [space.exploration.mars.rover.curiosity.1514066665818_zion-mainframe-1514066680063-f518fee4-leader-finder-thread] INFO kafka.utils.VerifiableProperties  - Verifying properties
2017-12-23 16:04:40,470 [space.exploration.mars.rover.curiosity.1514066665818_zion-mainframe-1514066680063-f518fee4-leader-finder-thread] INFO kafka.utils.VerifiableProperties  - Property client.id is overridden to space.exploration.mars.rover.curiosity.1514066665818
2017-12-23 16:04:40,472 [space.exploration.mars.rover.curiosity.1514066665818_zion-mainframe-1514066680063-f518fee4-leader-finder-thread] INFO kafka.utils.VerifiableProperties  - Property metadata.broker.list is overridden to zion-mainframe:9092
2017-12-23 16:04:40,473 [space.exploration.mars.rover.curiosity.1514066665818_zion-mainframe-1514066680063-f518fee4-leader-finder-thread] INFO kafka.utils.VerifiableProperties  - Property request.timeout.ms is overridden to 30000
2017-12-23 16:04:40,487 [space.exploration.mars.rover.curiosity.1514066665818_zion-mainframe-1514066680063-f518fee4-leader-finder-thread] INFO kafka.client.ClientUtils$  - Fetching metadata from broker BrokerEndPoint(0,zion-mainframe,9092) with correlation id 0 for 1 topic(s) Set(earth_to_curiosity_5)
2017-12-23 16:04:40,492 [space.exploration.mars.rover.curiosity.1514066665818_zion-mainframe-1514066680063-f518fee4-leader-finder-thread] INFO kafka.producer.SyncProducer  - Connected to zion-mainframe:9092 for producing
2017-12-23 16:04:40,504 [space.exploration.mars.rover.curiosity.1514066665818_zion-mainframe-1514066680063-f518fee4-leader-finder-thread] INFO kafka.producer.SyncProducer  - Disconnecting from zion-mainframe:9092
2017-12-23 16:04:40,520 [ConsumerFetcherThread-space.exploration.mars.rover.curiosity.1514066665818_zion-mainframe-1514066680063-f518fee4-0-0] INFO kafka.consumer.ConsumerFetcherThread  - [ConsumerFetcherThread-space.exploration.mars.rover.curiosity.1514066665818_zion-mainframe-1514066680063-f518fee4-0-0], Starting 
2017-12-23 16:04:40,535 [space.exploration.mars.rover.curiosity.1514066665818_zion-mainframe-1514066680063-f518fee4-leader-finder-thread] INFO kafka.consumer.ConsumerFetcherManager  - [ConsumerFetcherManager-1514066680179] Added fetcher for partitions ArrayBuffer([[earth_to_curiosity_5,0], initOffset -1 to broker BrokerEndPoint(0,zion-mainframe,9092)] )
2017-12-23 16:04:41,184 [roverMain] INFO space.exploration.mars.rover.communication.Radio  - Radio configured:: 
group.id::space.exploration.mars.rover.curiosity.1514066665818
auto.offset.reset::largest
bootstrap.servers::localhost:9092
value.serializer::org.apache.kafka.common.serialization.ByteArraySerializer
destination.topic::curiosity_to_earth_5
zookeeper.connect::localhost:2181
key.serializer::org.apache.kafka.common.serialization.StringSerializer
source.topic::earth_to_curiosity_5
metadata.broker.list::localhost:9092
2017-12-23 16:04:42,185 [roverMain] INFO space.exploration.mars.rover.sensor.Radar  - Radar configured:: 
2017-12-23 16:04:48,272 [roverMain] INFO space.exploration.mars.rover.communication.Transmitter  - Sending information packet to curiosity_to_earth_5
2017-12-23 16:04:51,275 [sleepMonitor] INFO space.exploration.mars.rover.animation.SleepingAnimationEngine  - Rover is sleeping now
2017-12-23 16:05:09,744 [batteryMonitor] INFO space.exploration.mars.rover.power.BatteryMonitor  - BatteryMonitor performing due diligence. SCET = 1514066709744 Rover state = Sleeping State
2017-12-23 16:05:22,670 [radio] INFO space.exploration.mars.rover.communication.Receiver  - Time Elapsed since last message = 42486
2017-12-23 16:05:22,718 [radio] ERROR space.exploration.mars.rover.communication.Radio  - Encountered exception when getting comsDelay. There may be a coverage gap at this time.Radio is returning the last known communications delay.
java.lang.NumberFormatException: empty String
	at sun.misc.FloatingDecimal.readJavaFormatString(FloatingDecimal.java:1842)
	at sun.misc.FloatingDecimal.parseDouble(FloatingDecimal.java:110)
	at java.lang.Double.parseDouble(Double.java:538)
	at space.exploration.spice.utilities.PositionUtils.getPositionPacket(PositionUtils.java:37)
	at space.exploration.mars.rover.kernel.PositionSensor.getPositionsData(PositionSensor.java:66)
	at space.exploration.mars.rover.communication.Radio.getComsDelaySecs(Radio.java:124)
	at space.exploration.mars.rover.communication.Radio.receiveMessage(Radio.java:57)
	at space.exploration.mars.rover.communication.Receiver.run(Receiver.java:67)
2017-12-23 16:05:22,719 [radio] INFO space.exploration.mars.rover.kernel.SleepingState  - Awaking from sleeping state
2017-12-23 16:05:22,719 [radio] INFO space.exploration.mars.rover.animation.SleepingAnimationEngine  - Waking up rover
2017-12-23 16:05:22,720 [pool-9-thread-1] ERROR space.exploration.mars.rover.animation.SleepBreather  - Sleep animation interrupted.
java.lang.InterruptedException: sleep interrupted
	at java.lang.Thread.sleep(Native Method)
	at space.exploration.mars.rover.animation.SleepBreather.run(SleepBreather.java:48)
	at java.util.concurrent.Executors$RunnableAdapter.call(Executors.java:511)
	at java.util.concurrent.FutureTask.runAndReset(FutureTask.java:308)
	at java.util.concurrent.ScheduledThreadPoolExecutor$ScheduledFutureTask.access$301(ScheduledThreadPoolExecutor.java:180)
	at java.util.concurrent.ScheduledThreadPoolExecutor$ScheduledFutureTask.run(ScheduledThreadPoolExecutor.java:294)
	at java.util.concurrent.ThreadPoolExecutor.runWorker(ThreadPoolExecutor.java:1149)
	at java.util.concurrent.ThreadPoolExecutor$Worker.run(ThreadPoolExecutor.java:624)
	at java.lang.Thread.run(Thread.java:748)
2017-12-23 16:05:25,753 [radio] INFO space.exploration.mars.rover.kernel.ListeningState  - timeStamp: 1514066722662
targets {
  estimatedPowerUsage: 70
  action: "ScanArea"
}

2017-12-23 16:05:31,824 [radio] INFO space.exploration.mars.rover.kernel.ListeningState  - 1514066731824,0,ScanArea Current instructionQueue length = 0
2017-12-23 16:05:31,824 [radio] INFO space.exploration.mars.rover.kernel.ListeningState  - Got lidar message
2017-12-23 16:05:32,825 [radio] INFO space.exploration.mars.rover.sensor.Lidar  - Lidar initialized and ready!
2017-12-23 16:05:52,159 [radio] ERROR space.exploration.mars.rover.communication.Radio  - Encountered exception when getting comsDelay. There may be a coverage gap at this time.Radio is returning the last known communications delay.
java.lang.NumberFormatException: empty String
	at sun.misc.FloatingDecimal.readJavaFormatString(FloatingDecimal.java:1842)
	at sun.misc.FloatingDecimal.parseDouble(FloatingDecimal.java:110)
	at java.lang.Double.parseDouble(Double.java:538)
	at space.exploration.spice.utilities.PositionUtils.getPositionPacket(PositionUtils.java:37)
	at space.exploration.mars.rover.kernel.PositionSensor.getPositionsData(PositionSensor.java:66)
	at space.exploration.mars.rover.communication.Radio.getComsDelaySecs(Radio.java:124)
	at space.exploration.mars.rover.communication.Radio.sendMessage(Radio.java:78)
	at space.exploration.mars.rover.kernel.TransmittingState.transmitMessage(TransmittingState.java:43)
	at space.exploration.mars.rover.kernel.Rover.transmitMessage(Rover.java:339)
	at space.exploration.mars.rover.kernel.SensingState.scanSurroundings(SensingState.java:107)
	at space.exploration.mars.rover.kernel.Rover.scanSurroundings(Rover.java:311)
	at space.exploration.mars.rover.kernel.ListeningState.receiveMessage(ListeningState.java:85)
	at space.exploration.mars.rover.kernel.Rover.receiveMessage(Rover.java:307)
	at space.exploration.mars.rover.kernel.SleepingState.receiveMessage(SleepingState.java:30)
	at space.exploration.mars.rover.kernel.Rover.receiveMessage(Rover.java:307)
	at space.exploration.mars.rover.communication.Radio.receiveMessage(Radio.java:58)
	at space.exploration.mars.rover.communication.Receiver.run(Receiver.java:67)
2017-12-23 16:05:52,159 [radio] INFO space.exploration.mars.rover.communication.Transmitter  - Sending information packet to curiosity_to_earth_5
2017-12-23 16:05:55,160 [batteryMonitor] INFO space.exploration.mars.rover.power.BatteryMonitor  - BatteryMonitor performing due diligence. SCET = 1514066739743 Rover state = Listening State
2017-12-23 16:05:55,204 [pacemaker] ERROR space.exploration.mars.rover.diagnostics.Pacemaker  - Encountered exception while generating diagnostic heartBeat. Its possible this instance is in a coverage gap for positionVectors.
java.lang.NumberFormatException: empty String
	at sun.misc.FloatingDecimal.readJavaFormatString(FloatingDecimal.java:1842)
	at sun.misc.FloatingDecimal.parseDouble(FloatingDecimal.java:110)
	at java.lang.Double.parseDouble(Double.java:538)
	at space.exploration.spice.utilities.PositionUtils.getPositionPacket(PositionUtils.java:37)
	at space.exploration.mars.rover.kernel.PositionSensor.getPositionsData(PositionSensor.java:66)
	at space.exploration.mars.rover.diagnostics.Pacemaker.generateDiagnosticStatus(Pacemaker.java:98)
	at space.exploration.mars.rover.diagnostics.Pacemaker.sendHeartBeat(Pacemaker.java:42)
	at space.exploration.mars.rover.diagnostics.Pacemaker$Pulse.run(Pacemaker.java:131)
	at java.util.concurrent.Executors$RunnableAdapter.call(Executors.java:511)
	at java.util.concurrent.FutureTask.runAndReset(FutureTask.java:308)
	at java.util.concurrent.ScheduledThreadPoolExecutor$ScheduledFutureTask.access$301(ScheduledThreadPoolExecutor.java:180)
	at java.util.concurrent.ScheduledThreadPoolExecutor$ScheduledFutureTask.run(ScheduledThreadPoolExecutor.java:294)
	at java.util.concurrent.ThreadPoolExecutor.runWorker(ThreadPoolExecutor.java:1149)
	at java.util.concurrent.ThreadPoolExecutor$Worker.run(ThreadPoolExecutor.java:624)
	at java.lang.Thread.run(Thread.java:748)
2017-12-23 16:06:09,743 [batteryMonitor] INFO space.exploration.mars.rover.power.BatteryMonitor  - BatteryMonitor performing due diligence. SCET = 1514066769743 Rover state = Listening State
2017-12-23 16:06:29,097 [pacemaker] ERROR space.exploration.mars.rover.diagnostics.Pacemaker  - Encountered exception while generating diagnostic heartBeat. Its possible this instance is in a coverage gap for positionVectors.
java.lang.NumberFormatException: empty String
	at sun.misc.FloatingDecimal.readJavaFormatString(FloatingDecimal.java:1842)
	at sun.misc.FloatingDecimal.parseDouble(FloatingDecimal.java:110)
	at java.lang.Double.parseDouble(Double.java:538)
	at space.exploration.spice.utilities.PositionUtils.getPositionPacket(PositionUtils.java:37)
	at space.exploration.mars.rover.kernel.PositionSensor.getPositionsData(PositionSensor.java:66)
	at space.exploration.mars.rover.diagnostics.Pacemaker.generateDiagnosticStatus(Pacemaker.java:98)
	at space.exploration.mars.rover.diagnostics.Pacemaker.sendHeartBeat(Pacemaker.java:42)
	at space.exploration.mars.rover.diagnostics.Pacemaker$Pulse.run(Pacemaker.java:131)
	at java.util.concurrent.Executors$RunnableAdapter.call(Executors.java:511)
	at java.util.concurrent.FutureTask.runAndReset(FutureTask.java:308)
	at java.util.concurrent.ScheduledThreadPoolExecutor$ScheduledFutureTask.access$301(ScheduledThreadPoolExecutor.java:180)
	at java.util.concurrent.ScheduledThreadPoolExecutor$ScheduledFutureTask.run(ScheduledThreadPoolExecutor.java:294)
	at java.util.concurrent.ThreadPoolExecutor.runWorker(ThreadPoolExecutor.java:1149)
	at java.util.concurrent.ThreadPoolExecutor$Worker.run(ThreadPoolExecutor.java:624)
	at java.lang.Thread.run(Thread.java:748)
2017-12-23 16:06:39,743 [batteryMonitor] INFO space.exploration.mars.rover.power.BatteryMonitor  - BatteryMonitor performing due diligence. SCET = 1514066799743 Rover state = Listening State
2017-12-23 16:07:09,743 [batteryMonitor] INFO space.exploration.mars.rover.power.BatteryMonitor  - BatteryMonitor performing due diligence. SCET = 1514066829743 Rover state = Listening State
2017-12-23 16:07:29,100 [pacemaker] ERROR space.exploration.mars.rover.diagnostics.Pacemaker  - Encountered exception while generating diagnostic heartBeat. Its possible this instance is in a coverage gap for positionVectors.
java.lang.NumberFormatException: empty String
	at sun.misc.FloatingDecimal.readJavaFormatString(FloatingDecimal.java:1842)
	at sun.misc.FloatingDecimal.parseDouble(FloatingDecimal.java:110)
	at java.lang.Double.parseDouble(Double.java:538)
	at space.exploration.spice.utilities.PositionUtils.getPositionPacket(PositionUtils.java:37)
	at space.exploration.mars.rover.kernel.PositionSensor.getPositionsData(PositionSensor.java:66)
	at space.exploration.mars.rover.diagnostics.Pacemaker.generateDiagnosticStatus(Pacemaker.java:98)
	at space.exploration.mars.rover.diagnostics.Pacemaker.sendHeartBeat(Pacemaker.java:42)
	at space.exploration.mars.rover.diagnostics.Pacemaker$Pulse.run(Pacemaker.java:131)
	at java.util.concurrent.Executors$RunnableAdapter.call(Executors.java:511)
	at java.util.concurrent.FutureTask.runAndReset(FutureTask.java:308)
	at java.util.concurrent.ScheduledThreadPoolExecutor$ScheduledFutureTask.access$301(ScheduledThreadPoolExecutor.java:180)
	at java.util.concurrent.ScheduledThreadPoolExecutor$ScheduledFutureTask.run(ScheduledThreadPoolExecutor.java:294)
	at java.util.concurrent.ThreadPoolExecutor.runWorker(ThreadPoolExecutor.java:1149)
	at java.util.concurrent.ThreadPoolExecutor$Worker.run(ThreadPoolExecutor.java:624)
	at java.lang.Thread.run(Thread.java:748)
2017-12-23 16:07:30,058 [sleepMonitor] INFO space.exploration.mars.rover.animation.SleepingAnimationEngine  - Rover is sleeping now
2017-12-23 16:07:39,743 [batteryMonitor] INFO space.exploration.mars.rover.power.BatteryMonitor  - BatteryMonitor performing due diligence. SCET = 1514066859743 Rover state = Sleeping State
