0    [main] INFO  space.exploration.mars.rover.kernel.Rover  - Rover current position is = java.awt.Point[x=100,y=525]
1001 [main] INFO  space.exploration.mars.rover.sensor.Lidar  - Lidar initialized and ready!
2005 [main] INFO  space.exploration.mars.rover.sensor.Spectrometer  - Spectrometer initialized and ready!
3249 [main] INFO  space.exploration.mars.rover.sensor.Camera  - Camera initialized and ready!
4256 [main] INFO  space.exploration.mars.rover.sensor.Radar  - Radar configured:: 
4610 [main] INFO  space.exploration.mars.rover.navigation.NavigationEngine  - navEnginePosn :: java.awt.Point[x=100,y=525]
4610 [main] INFO  space.exploration.mars.rover.navigation.NavigationEngine  - navEnginePosn :: java.awt.Point[x=100,y=500]
4611 [main] INFO  space.exploration.mars.rover.navigation.NavigationEngine  - navEnginePosn :: java.awt.Point[x=100,y=475]
4611 [main] INFO  space.exploration.mars.rover.navigation.NavigationEngine  - navEnginePosn :: java.awt.Point[x=100,y=450]
4611 [main] INFO  space.exploration.mars.rover.navigation.NavigationEngine  - navEnginePosn :: java.awt.Point[x=100,y=425]
4611 [main] INFO  space.exploration.mars.rover.navigation.NavigationEngine  - navEnginePosn :: java.awt.Point[x=100,y=400]
4611 [main] INFO  space.exploration.mars.rover.navigation.NavigationEngine  - navEnginePosn :: java.awt.Point[x=100,y=375]
4611 [main] INFO  space.exploration.mars.rover.navigation.NavigationEngine  - navEnginePosn :: java.awt.Point[x=125,y=375]
4611 [main] INFO  space.exploration.mars.rover.navigation.NavigationEngine  - navEnginePosn :: java.awt.Point[x=150,y=375]
4611 [main] INFO  space.exploration.mars.rover.navigation.NavigationEngine  - navEnginePosn :: java.awt.Point[x=175,y=375]
4611 [main] INFO  space.exploration.mars.rover.navigation.NavigationEngine  - navEnginePosn :: java.awt.Point[x=200,y=375]
4611 [main] INFO  space.exploration.mars.rover.navigation.NavigationEngine  - navEnginePosn :: java.awt.Point[x=225,y=375]
4611 [main] INFO  space.exploration.mars.rover.navigation.NavigationEngine  - navEnginePosn :: java.awt.Point[x=250,y=375]
4611 [main] INFO  space.exploration.mars.rover.navigation.NavigationEngine  - navEnginePosn :: java.awt.Point[x=275,y=375]
4611 [main] INFO  space.exploration.mars.rover.navigation.NavigationEngine  - navEnginePosn :: java.awt.Point[x=300,y=375]
4611 [main] INFO  space.exploration.mars.rover.navigation.NavigationEngine  - navEnginePosn :: java.awt.Point[x=325,y=375]
4611 [main] INFO  space.exploration.mars.rover.navigation.NavigationEngine  - navEnginePosn :: java.awt.Point[x=350,y=375]
4611 [main] INFO  space.exploration.mars.rover.navigation.NavigationEngine  - navEnginePosn :: java.awt.Point[x=375,y=375]
4611 [main] INFO  space.exploration.mars.rover.navigation.NavigationEngine  - navEnginePosn :: java.awt.Point[x=400,y=375]
4611 [main] INFO  space.exploration.mars.rover.navigation.NavigationEngine  - navEnginePosn :: java.awt.Point[x=425,y=375]
4611 [main] INFO  space.exploration.mars.rover.navigation.NavigationEngine  - navEnginePosn :: java.awt.Point[x=425,y=350]
4611 [main] INFO  space.exploration.mars.rover.navigation.NavigationEngine  - navEnginePosn :: java.awt.Point[x=450,y=350]
4611 [main] INFO  space.exploration.mars.rover.navigation.NavigationEngine  - navEnginePosn :: java.awt.Point[x=475,y=350]
4611 [main] INFO  space.exploration.mars.rover.navigation.NavigationEngine  - navEnginePosn :: java.awt.Point[x=475,y=375]
4611 [main] INFO  space.exploration.mars.rover.navigation.NavigationEngine  - navEnginePosn :: java.awt.Point[x=500,y=375]
4611 [main] INFO  space.exploration.mars.rover.navigation.NavigationEngine  - navEnginePosn :: java.awt.Point[x=500,y=400]
4611 [main] INFO  space.exploration.mars.rover.navigation.NavigationEngine  - navEnginePosn :: java.awt.Point[x=525,y=400]
4611 [main] INFO  space.exploration.mars.rover.navigation.NavigationEngine  - navEnginePosn :: java.awt.Point[x=550,y=400]
4611 [main] INFO  space.exploration.mars.rover.navigation.NavigationEngine  - navEnginePosn :: java.awt.Point[x=575,y=400]
4612 [main] INFO  space.exploration.mars.rover.navigation.NavigationEngine  - navEnginePosn :: java.awt.Point[x=575,y=375]
4612 [main] INFO  space.exploration.mars.rover.navigation.NavigationEngine  - navEnginePosn :: java.awt.Point[x=600,y=375]
4612 [main] INFO  space.exploration.mars.rover.navigation.NavigationEngine  - navEnginePosn :: java.awt.Point[x=625,y=375]
4612 [main] INFO  space.exploration.mars.rover.navigation.NavigationEngine  - navEnginePosn :: java.awt.Point[x=650,y=375]
5613 [main] INFO  space.exploration.mars.rover.power.Battery  - Battery configured, batteryLife:primaryPowerUnits = 1000 auxiliaryPowerUnits = 200 alertThreshold: 100 rechargeTime = 60000
6616 [main] INFO  space.exploration.mars.rover.kernel.Rover  - Battery Monitor configured!
6907 [main] INFO  kafka.utils.VerifiableProperties  - Verifying properties
6932 [main] WARN  kafka.utils.VerifiableProperties  - Property auto.offset.reset is not valid
6932 [main] WARN  kafka.utils.VerifiableProperties  - Property destination.topic is not valid
6932 [main] WARN  kafka.utils.VerifiableProperties  - Property group.id is not valid
6933 [main] INFO  kafka.utils.VerifiableProperties  - Property metadata.broker.list is overridden to localhost:9092
6933 [main] WARN  kafka.utils.VerifiableProperties  - Property source.topic is not valid
6933 [main] WARN  kafka.utils.VerifiableProperties  - Property zookeeper.connect is not valid
6979 [main] INFO  kafka.utils.VerifiableProperties  - Verifying properties
6980 [main] INFO  kafka.utils.VerifiableProperties  - Property auto.offset.reset is overridden to largest
6980 [main] WARN  kafka.utils.VerifiableProperties  - Property destination.topic is not valid
6981 [main] INFO  kafka.utils.VerifiableProperties  - Property group.id is overridden to space.exploration.mars.newRover
6981 [main] WARN  kafka.utils.VerifiableProperties  - Property metadata.broker.list is not valid
6982 [main] WARN  kafka.utils.VerifiableProperties  - Property source.topic is not valid
6982 [main] INFO  kafka.utils.VerifiableProperties  - Property zookeeper.connect is overridden to localhost:2181
7009 [main] INFO  kafka.consumer.ZookeeperConsumerConnector  - [space.exploration.mars.newRover_zion-mainframe-1503259096874-6de3cdb6], Connecting to zookeeper instance at localhost:2181
7015 [ZkClient-EventThread-22-localhost:2181] INFO  org.I0Itec.zkclient.ZkEventThread  - Starting ZkClient event thread.
7024 [main] INFO  org.apache.zookeeper.ZooKeeper  - Client environment:zookeeper.version=3.4.6-1569965, built on 02/20/2014 09:09 GMT
7024 [main] INFO  org.apache.zookeeper.ZooKeeper  - Client environment:host.name=zion-mainframe
7024 [main] INFO  org.apache.zookeeper.ZooKeeper  - Client environment:java.version=1.8.0_131
7024 [main] INFO  org.apache.zookeeper.ZooKeeper  - Client environment:java.vendor=Oracle Corporation
7024 [main] INFO  org.apache.zookeeper.ZooKeeper  - Client environment:java.home=/usr/lib/jvm/java-8-openjdk-amd64/jre
7024 [main] INFO  org.apache.zookeeper.ZooKeeper  - Client environment:java.class.path=/usr/lib/jvm/java-1.8.0-openjdk-amd64/jre/lib/charsets.jar:/usr/lib/jvm/java-1.8.0-openjdk-amd64/jre/lib/ext/cldrdata.jar:/usr/lib/jvm/java-1.8.0-openjdk-amd64/jre/lib/ext/dnsns.jar:/usr/lib/jvm/java-1.8.0-openjdk-amd64/jre/lib/ext/icedtea-sound.jar:/usr/lib/jvm/java-1.8.0-openjdk-amd64/jre/lib/ext/jaccess.jar:/usr/lib/jvm/java-1.8.0-openjdk-amd64/jre/lib/ext/localedata.jar:/usr/lib/jvm/java-1.8.0-openjdk-amd64/jre/lib/ext/nashorn.jar:/usr/lib/jvm/java-1.8.0-openjdk-amd64/jre/lib/ext/sunec.jar:/usr/lib/jvm/java-1.8.0-openjdk-amd64/jre/lib/ext/sunjce_provider.jar:/usr/lib/jvm/java-1.8.0-openjdk-amd64/jre/lib/ext/sunpkcs11.jar:/usr/lib/jvm/java-1.8.0-openjdk-amd64/jre/lib/ext/zipfs.jar:/usr/lib/jvm/java-1.8.0-openjdk-amd64/jre/lib/jce.jar:/usr/lib/jvm/java-1.8.0-openjdk-amd64/jre/lib/jsse.jar:/usr/lib/jvm/java-1.8.0-openjdk-amd64/jre/lib/management-agent.jar:/usr/lib/jvm/java-1.8.0-openjdk-amd64/jre/lib/resources.jar:/usr/lib/jvm/java-1.8.0-openjdk-amd64/jre/lib/rt.jar:/home/sanket/Documents/workspace/MarsRover/mars.rover/target/classes:/home/sanket/.m2/repository/com/google/protobuf/protobuf-java/3.2.0/protobuf-java-3.2.0.jar:/home/sanket/.m2/repository/org/apache/kafka/kafka_2.10/0.9.0.1/kafka_2.10-0.9.0.1.jar:/home/sanket/.m2/repository/com/101tec/zkclient/0.7/zkclient-0.7.jar:/home/sanket/.m2/repository/org/slf4j/slf4j-api/1.6.1/slf4j-api-1.6.1.jar:/home/sanket/.m2/repository/log4j/log4j/1.2.15/log4j-1.2.15.jar:/home/sanket/.m2/repository/javax/mail/mail/1.4/mail-1.4.jar:/home/sanket/.m2/repository/javax/activation/activation/1.1/activation-1.1.jar:/home/sanket/.m2/repository/org/apache/kafka/kafka-clients/0.9.0.1/kafka-clients-0.9.0.1.jar:/home/sanket/.m2/repository/org/xerial/snappy/snappy-java/1.1.1.7/snappy-java-1.1.1.7.jar:/home/sanket/.m2/repository/net/jpountz/lz4/lz4/1.2.0/lz4-1.2.0.jar:/home/sanket/.m2/repository/com/yammer/metrics/metrics-core/2.2.0/metrics-core-2.2.0.jar:/home/sanket/.m2/repository/org/scala-lang/scala-library/2.10.5/scala-library-2.10.5.jar:/home/sanket/.m2/repository/net/sf/jopt-simple/jopt-simple/3.2/jopt-simple-3.2.jar:/home/sanket/.m2/repository/org/slf4j/slf4j-log4j12/1.7.6/slf4j-log4j12-1.7.6.jar:/home/sanket/.m2/repository/org/apache/zookeeper/zookeeper/3.4.6/zookeeper-3.4.6.jar:/home/sanket/.m2/repository/jline/jline/0.9.94/jline-0.9.94.jar:/home/sanket/.m2/repository/io/netty/netty/3.7.0.Final/netty-3.7.0.Final.jar:/home/sanket/.m2/repository/org/tensorflow/tensorflow/1.1.0/tensorflow-1.1.0.jar:/home/sanket/.m2/repository/org/tensorflow/libtensorflow/1.1.0/libtensorflow-1.1.0.jar:/home/sanket/.m2/repository/org/tensorflow/libtensorflow_jni/1.1.0/libtensorflow_jni-1.1.0.jar:/home/sanket/Documents/Tools/intelliJ/idea-IC-171.4694.23/lib/idea_rt.jar
7025 [main] INFO  org.apache.zookeeper.ZooKeeper  - Client environment:java.library.path=/home/sanket/Documents/Tools/intelliJ/idea-IC-171.4694.23/bin::/usr/java/packages/lib/amd64:/usr/lib/x86_64-linux-gnu/jni:/lib/x86_64-linux-gnu:/usr/lib/x86_64-linux-gnu:/usr/lib/jni:/lib:/usr/lib
7025 [main] INFO  org.apache.zookeeper.ZooKeeper  - Client environment:java.io.tmpdir=/tmp
7025 [main] INFO  org.apache.zookeeper.ZooKeeper  - Client environment:java.compiler=<NA>
7025 [main] INFO  org.apache.zookeeper.ZooKeeper  - Client environment:os.name=Linux
7025 [main] INFO  org.apache.zookeeper.ZooKeeper  - Client environment:os.arch=amd64
7025 [main] INFO  org.apache.zookeeper.ZooKeeper  - Client environment:os.version=4.10.0-32-generic
7025 [main] INFO  org.apache.zookeeper.ZooKeeper  - Client environment:user.name=sanket
7025 [main] INFO  org.apache.zookeeper.ZooKeeper  - Client environment:user.home=/home/sanket
7025 [main] INFO  org.apache.zookeeper.ZooKeeper  - Client environment:user.dir=/home/sanket/Documents/workspace/MarsRover/mars.rover
7025 [main] INFO  org.apache.zookeeper.ZooKeeper  - Initiating client connection, connectString=localhost:2181 sessionTimeout=6000 watcher=org.I0Itec.zkclient.ZkClient@6f96c77
7034 [main] INFO  org.I0Itec.zkclient.ZkClient  - Waiting for keeper state SyncConnected
7036 [main-SendThread(localhost:2181)] INFO  org.apache.zookeeper.ClientCnxn  - Opening socket connection to server localhost/127.0.0.1:2181. Will not attempt to authenticate using SASL (unknown error)
7044 [main-SendThread(localhost:2181)] INFO  org.apache.zookeeper.ClientCnxn  - Socket connection established to localhost/127.0.0.1:2181, initiating session
7050 [main-SendThread(localhost:2181)] INFO  org.apache.zookeeper.ClientCnxn  - Session establishment complete on server localhost/127.0.0.1:2181, sessionid = 0x15df68ade470022, negotiated timeout = 6000
7051 [main-EventThread] INFO  org.I0Itec.zkclient.ZkClient  - zookeeper state changed (SyncConnected)
7059 [main] INFO  kafka.consumer.ZookeeperConsumerConnector  - [space.exploration.mars.newRover_zion-mainframe-1503259096874-6de3cdb6], starting auto committer every 60000 ms
7090 [Thread-2] INFO  kafka.consumer.ZookeeperConsumerConnector  - [space.exploration.mars.newRover_zion-mainframe-1503259096874-6de3cdb6], begin registering consumer space.exploration.mars.newRover_zion-mainframe-1503259096874-6de3cdb6 in ZK
7117 [Thread-2] INFO  kafka.utils.ZKCheckedEphemeral  - Creating /consumers/space.exploration.mars.newRover/ids/space.exploration.mars.newRover_zion-mainframe-1503259096874-6de3cdb6 (is it secure? false)
7131 [Thread-2] INFO  kafka.utils.ZKCheckedEphemeral  - Result of znode creation is: OK
7132 [Thread-2] INFO  kafka.consumer.ZookeeperConsumerConnector  - [space.exploration.mars.newRover_zion-mainframe-1503259096874-6de3cdb6], end registering consumer space.exploration.mars.newRover_zion-mainframe-1503259096874-6de3cdb6 in ZK
7137 [space.exploration.mars.newRover_zion-mainframe-1503259096874-6de3cdb6_watcher_executor] INFO  kafka.consumer.ZookeeperConsumerConnector  - [space.exploration.mars.newRover_zion-mainframe-1503259096874-6de3cdb6], starting watcher executor thread for consumer space.exploration.mars.newRover_zion-mainframe-1503259096874-6de3cdb6
7159 [Thread-2] INFO  kafka.consumer.ZookeeperConsumerConnector  - [space.exploration.mars.newRover_zion-mainframe-1503259096874-6de3cdb6], begin rebalancing consumer space.exploration.mars.newRover_zion-mainframe-1503259096874-6de3cdb6 try #0
7284 [Thread-2] INFO  kafka.consumer.ConsumerFetcherManager  - [ConsumerFetcherManager-1503259096921] Stopping leader finder thread
7284 [Thread-2] INFO  kafka.consumer.ConsumerFetcherManager  - [ConsumerFetcherManager-1503259096921] Stopping all fetchers
7285 [Thread-2] INFO  kafka.consumer.ConsumerFetcherManager  - [ConsumerFetcherManager-1503259096921] All connections stopped
7285 [Thread-2] INFO  kafka.consumer.ZookeeperConsumerConnector  - [space.exploration.mars.newRover_zion-mainframe-1503259096874-6de3cdb6], Cleared all relevant queues for this fetcher
7288 [Thread-2] INFO  kafka.consumer.ZookeeperConsumerConnector  - [space.exploration.mars.newRover_zion-mainframe-1503259096874-6de3cdb6], Cleared the data chunks in all the consumer message iterators
7289 [Thread-2] INFO  kafka.consumer.ZookeeperConsumerConnector  - [space.exploration.mars.newRover_zion-mainframe-1503259096874-6de3cdb6], Committing all offsets after clearing the fetcher queues
7294 [Thread-2] INFO  kafka.consumer.ZookeeperConsumerConnector  - [space.exploration.mars.newRover_zion-mainframe-1503259096874-6de3cdb6], Releasing partition ownership
7321 [Thread-2] INFO  kafka.consumer.RangeAssignor  - Consumer space.exploration.mars.newRover_zion-mainframe-1503259096874-6de3cdb6 rebalancing the following partitions: ArrayBuffer(0) for topic earth_to_curiosity_1 with consumers: List(space.exploration.mars.newRover_zion-mainframe-1503259096874-6de3cdb6-0)
7323 [Thread-2] INFO  kafka.consumer.RangeAssignor  - space.exploration.mars.newRover_zion-mainframe-1503259096874-6de3cdb6-0 attempting to claim partition 0
7360 [Thread-2] INFO  kafka.consumer.ZookeeperConsumerConnector  - [space.exploration.mars.newRover_zion-mainframe-1503259096874-6de3cdb6], space.exploration.mars.newRover_zion-mainframe-1503259096874-6de3cdb6-0 successfully owned partition 0 for topic earth_to_curiosity_1
7432 [Thread-2] INFO  kafka.consumer.ZookeeperConsumerConnector  - [space.exploration.mars.newRover_zion-mainframe-1503259096874-6de3cdb6], Consumer space.exploration.mars.newRover_zion-mainframe-1503259096874-6de3cdb6 selected partitions : earth_to_curiosity_1:0: fetched offset = 1038: consumed offset = 1038
7435 [Thread-2] INFO  kafka.consumer.ZookeeperConsumerConnector  - [space.exploration.mars.newRover_zion-mainframe-1503259096874-6de3cdb6], end rebalancing consumer space.exploration.mars.newRover_zion-mainframe-1503259096874-6de3cdb6 try #0
7438 [space.exploration.mars.newRover_zion-mainframe-1503259096874-6de3cdb6-leader-finder-thread] INFO  kafka.consumer.ConsumerFetcherManager$LeaderFinderThread  - [space.exploration.mars.newRover_zion-mainframe-1503259096874-6de3cdb6-leader-finder-thread], Starting 
7478 [space.exploration.mars.newRover_zion-mainframe-1503259096874-6de3cdb6-leader-finder-thread] INFO  kafka.utils.VerifiableProperties  - Verifying properties
7484 [space.exploration.mars.newRover_zion-mainframe-1503259096874-6de3cdb6-leader-finder-thread] INFO  kafka.utils.VerifiableProperties  - Property client.id is overridden to space.exploration.mars.newRover
7486 [space.exploration.mars.newRover_zion-mainframe-1503259096874-6de3cdb6-leader-finder-thread] INFO  kafka.utils.VerifiableProperties  - Property metadata.broker.list is overridden to zion-mainframe:9092
7486 [space.exploration.mars.newRover_zion-mainframe-1503259096874-6de3cdb6-leader-finder-thread] INFO  kafka.utils.VerifiableProperties  - Property request.timeout.ms is overridden to 30000
7516 [space.exploration.mars.newRover_zion-mainframe-1503259096874-6de3cdb6-leader-finder-thread] INFO  kafka.client.ClientUtils$  - Fetching metadata from broker BrokerEndPoint(0,zion-mainframe,9092) with correlation id 0 for 1 topic(s) Set(earth_to_curiosity_1)
7523 [space.exploration.mars.newRover_zion-mainframe-1503259096874-6de3cdb6-leader-finder-thread] INFO  kafka.producer.SyncProducer  - Connected to zion-mainframe:9092 for producing
7542 [space.exploration.mars.newRover_zion-mainframe-1503259096874-6de3cdb6-leader-finder-thread] INFO  kafka.producer.SyncProducer  - Disconnecting from zion-mainframe:9092
7561 [ConsumerFetcherThread-space.exploration.mars.newRover_zion-mainframe-1503259096874-6de3cdb6-0-0] INFO  kafka.consumer.ConsumerFetcherThread  - [ConsumerFetcherThread-space.exploration.mars.newRover_zion-mainframe-1503259096874-6de3cdb6-0-0], Starting 
7567 [space.exploration.mars.newRover_zion-mainframe-1503259096874-6de3cdb6-leader-finder-thread] INFO  kafka.consumer.ConsumerFetcherManager  - [ConsumerFetcherManager-1503259096921] Added fetcher for partitions ArrayBuffer([[earth_to_curiosity_1,0], initOffset 1038 to broker BrokerEndPoint(0,zion-mainframe,9092)] )
7629 [Thread-2] ERROR space.exploration.mars.rover.communication.Radio  - Radio lifeSpan has ended.
7630 [Thread-2] ERROR space.exploration.mars.rover.communication.Radio  - Radio lifeSpan has ended.
7630 [Thread-2] ERROR space.exploration.mars.rover.communication.Radio  - Radio lifeSpan has ended.
7631 [Thread-2] ERROR space.exploration.mars.rover.communication.Radio  - Radio lifeSpan has ended.
7631 [Thread-2] ERROR space.exploration.mars.rover.communication.Radio  - Radio lifeSpan has ended.
7631 [Thread-2] ERROR space.exploration.mars.rover.communication.Radio  - Radio lifeSpan has ended.
7632 [Thread-2] ERROR space.exploration.mars.rover.communication.Radio  - Radio lifeSpan has ended.
7632 [Thread-2] ERROR space.exploration.mars.rover.communication.Radio  - Radio lifeSpan has ended.
7632 [Thread-2] ERROR space.exploration.mars.rover.communication.Radio  - Radio lifeSpan has ended.
7633 [Thread-2] ERROR space.exploration.mars.rover.communication.Radio  - Radio lifeSpan has ended.
7633 [Thread-2] ERROR space.exploration.mars.rover.communication.Radio  - Radio lifeSpan has ended.
7633 [Thread-2] ERROR space.exploration.mars.rover.communication.Radio  - Radio lifeSpan has ended.
7634 [Thread-2] ERROR space.exploration.mars.rover.communication.Radio  - Radio lifeSpan has ended.
7634 [Thread-2] ERROR space.exploration.mars.rover.communication.Radio  - Radio lifeSpan has ended.
7634 [Thread-2] ERROR space.exploration.mars.rover.communication.Radio  - Radio lifeSpan has ended.
7635 [Thread-2] ERROR space.exploration.mars.rover.communication.Radio  - Radio lifeSpan has ended.
7635 [Thread-2] ERROR space.exploration.mars.rover.communication.Radio  - Radio lifeSpan has ended.
7635 [Thread-2] ERROR space.exploration.mars.rover.communication.Radio  - Radio lifeSpan has ended.
7635 [Thread-2] ERROR space.exploration.mars.rover.communication.Radio  - Radio lifeSpan has ended.
7635 [Thread-2] ERROR space.exploration.mars.rover.communication.Radio  - Radio lifeSpan has ended.
7635 [Thread-2] ERROR space.exploration.mars.rover.communication.Radio  - Radio lifeSpan has ended.
7635 [Thread-2] ERROR space.exploration.mars.rover.communication.Radio  - Radio lifeSpan has ended.
7635 [Thread-2] ERROR space.exploration.mars.rover.communication.Radio  - Radio lifeSpan has ended.
7636 [Thread-2] ERROR space.exploration.mars.rover.communication.Radio  - Radio lifeSpan has ended.
7636 [Thread-2] ERROR space.exploration.mars.rover.communication.Radio  - Radio lifeSpan has ended.
7636 [Thread-2] ERROR space.exploration.mars.rover.communication.Radio  - Radio lifeSpan has ended.
7636 [Thread-2] ERROR space.exploration.mars.rover.communication.Radio  - Radio lifeSpan has ended.
7636 [Thread-2] ERROR space.exploration.mars.rover.communication.Radio  - Radio lifeSpan has ended.
7636 [Thread-2] ERROR space.exploration.mars.rover.communication.Radio  - Radio lifeSpan has ended.
7636 [Thread-2] ERROR space.exploration.mars.rover.communication.Radio  - Radio lifeSpan has ended.
7636 [Thread-2] ERROR space.exploration.mars.rover.communication.Radio  - Radio lifeSpan has ended.
7636 [Thread-2] ERROR space.exploration.mars.rover.communication.Radio  - Radio lifeSpan has ended.
7636 [Thread-2] ERROR space.exploration.mars.rover.communication.Radio  - Radio lifeSpan has ended.
7636 [Thread-2] ERROR space.exploration.mars.rover.communication.Radio  - Radio lifeSpan has ended.
7637 [Thread-2] ERROR space.exploration.mars.rover.communication.Radio  - Radio lifeSpan has ended.
7637 [Thread-2] ERROR space.exploration.mars.rover.communication.Radio  - Radio lifeSpan has ended.
7637 [Thread-2] ERROR space.exploration.mars.rover.communication.Radio  - Radio lifeSpan has ended.
7637 [Thread-2] ERROR space.exploration.mars.rover.communication.Radio  - Radio lifeSpan has ended.
7637 [Thread-2] ERROR space.exploration.mars.rover.communication.Radio  - Radio lifeSpan has ended.
7637 [Thread-2] ERROR space.exploration.mars.rover.communication.Radio  - Radio lifeSpan has ended.
7637 [Thread-2] ERROR space.exploration.mars.rover.communication.Radio  - Radio lifeSpan has ended.
7637 [Thread-2] ERROR space.exploration.mars.rover.communication.Radio  - Radio lifeSpan has ended.
7637 [Thread-2] ERROR space.exploration.mars.rover.communication.Radio  - Radio lifeSpan has ended.
7637 [Thread-2] ERROR space.exploration.mars.rover.communication.Radio  - Radio lifeSpan has ended.
7638 [Thread-2] ERROR space.exploration.mars.rover.communication.Radio  - Radio lifeSpan has ended.
7638 [Thread-2] ERROR space.exploration.mars.rover.communication.Radio  - Radio lifeSpan has ended.
7638 [Thread-2] ERROR space.exploration.mars.rover.communication.Radio  - Radio lifeSpan has ended.
7638 [Thread-2] ERROR space.exploration.mars.rover.communication.Radio  - Radio lifeSpan has ended.
7638 [Thread-2] ERROR space.exploration.mars.rover.communication.Radio  - Radio lifeSpan has ended.
7638 [Thread-2] ERROR space.exploration.mars.rover.communication.Radio  - Radio lifeSpan has ended.
7638 [Thread-2] ERROR space.exploration.mars.rover.communication.Radio  - Radio lifeSpan has ended.
7639 [Thread-2] ERROR space.exploration.mars.rover.communication.Radio  - Radio lifeSpan has ended.
7639 [Thread-2] ERROR space.exploration.mars.rover.communication.Radio  - Radio lifeSpan has ended.
7639 [Thread-2] ERROR space.exploration.mars.rover.communication.Radio  - Radio lifeSpan has ended.
7639 [Thread-2] ERROR space.exploration.mars.rover.communication.Radio  - Radio lifeSpan has ended.
7639 [Thread-2] ERROR space.exploration.mars.rover.communication.Radio  - Radio lifeSpan has ended.
7639 [Thread-2] ERROR space.exploration.mars.rover.communication.Radio  - Radio lifeSpan has ended.
7639 [Thread-2] ERROR space.exploration.mars.rover.communication.Radio  - Radio lifeSpan has ended.
7640 [Thread-2] ERROR space.exploration.mars.rover.communication.Radio  - Radio lifeSpan has ended.
7640 [Thread-2] ERROR space.exploration.mars.rover.communication.Radio  - Radio lifeSpan has ended.
7640 [Thread-2] ERROR space.exploration.mars.rover.communication.Radio  - Radio lifeSpan has ended.
7640 [Thread-2] ERROR space.exploration.mars.rover.communication.Radio  - Radio lifeSpan has ended.
7640 [Thread-2] ERROR space.exploration.mars.rover.communication.Radio  - Radio lifeSpan has ended.
7640 [Thread-2] ERROR space.exploration.mars.rover.communication.Radio  - Radio lifeSpan has ended.
7640 [Thread-2] ERROR space.exploration.mars.rover.communication.Radio  - Radio lifeSpan has ended.
7640 [Thread-2] ERROR space.exploration.mars.rover.communication.Radio  - Radio lifeSpan has ended.
7641 [Thread-2] ERROR space.exploration.mars.rover.communication.Radio  - Radio lifeSpan has ended.
8064 [main] INFO  space.exploration.mars.rover.communication.Radio  - Radio configured:: 
metadata.broker.list::localhost:9092
source.topic::earth_to_curiosity_1
auto.offset.reset::largest
group.id::space.exploration.mars.newRover
destination.topic::curiosity_to_earth_1
zookeeper.connect::localhost:2181
9066 [main] INFO  space.exploration.mars.rover.sensor.Radar  - Radar configured:: 
15616 [pool-2-thread-1] INFO  space.exploration.mars.rover.power.BatteryMonitor  - BatteryMonitor performing due diligence. SCET = 1503259105481 Rover state = Transmitting State
31207 [main] INFO  kafka.client.ClientUtils$  - Fetching metadata from broker BrokerEndPoint(0,localhost,9092) with correlation id 0 for 1 topic(s) Set(curiosity_to_earth_1)
31209 [main] INFO  kafka.producer.SyncProducer  - Connected to localhost:9092 for producing
31214 [main] INFO  kafka.producer.SyncProducer  - Disconnecting from localhost:9092
31245 [main] INFO  kafka.producer.SyncProducer  - Connected to zion-mainframe:9092 for producing
45616 [pool-2-thread-1] INFO  space.exploration.mars.rover.power.BatteryMonitor  - BatteryMonitor performing due diligence. SCET = 1503259135481 Rover state = Listening State
57997 [pool-1-thread-1] INFO  space.exploration.mars.rover.diagnostics.Pacemaker  - Pacemaker performing its due diligence.
58071 [pool-1-thread-1] INFO  space.exploration.mars.rover.diagnostics.Pacemaker  - SCET: 1503259147871
equipmentHealth {
  key: "Battery"
  value: 1000
}
equipmentHealth {
  key: "Radio"
  value: 9999
}
equipmentHealth {
  key: "Lidar"
  value: 1000
}
equipmentHealth {
  key: "Camera"
  value: 1000
}
equipmentHealth {
  key: "Spectrometer"
  value: 1000
}
equipmentHealth {
  key: "Radar"
  value: 1000
}
batteryLevel: 999
moduleReporting: 3
notes: "This is rover Curiosity. Sending HeartBeat!"
location {
  x: 100
  y: 525
}

75615 [pool-2-thread-1] INFO  space.exploration.mars.rover.power.BatteryMonitor  - BatteryMonitor performing due diligence. SCET = 1503259165480 Rover state = Listening State
103492 [Thread-2] INFO  space.exploration.mars.rover.kernel.ListeningState  - timeStamp: 1503259181536
targets {
  roverModule: 5
  estimatedPowerUsage: 30
  action: "Explore"
}

104495 [Thread-2] INFO  space.exploration.mars.rover.sensor.Spectrometer  - Spectrometer initialized and ready!
104498 [Thread-2] INFO  space.exploration.mars.rover.sensor.Spectrometer  -  Processing point = java.awt.Point[x=75,y=500] Composition =  Point = java.awt.Point[x=75,y=500] Composition =  Al2O3 = 0.38985170128905894 Na2O = 0.4383638589998932 FeO = 0.6430589016358579 MgO = 0.31616907996763566
104498 [Thread-2] INFO  space.exploration.mars.rover.sensor.Spectrometer  -  Processing point = java.awt.Point[x=75,y=525] Composition =  Point = java.awt.Point[x=75,y=525] Composition =  Al2O3 = 0.6550993193816083 Na2O = 0.7088888537089089 FeO = 0.5426233520337669 MgO = 0.4403486417319535
104499 [Thread-2] INFO  space.exploration.mars.rover.sensor.Spectrometer  -  Processing point = java.awt.Point[x=75,y=550] Composition =  Point = java.awt.Point[x=75,y=550] Composition =  Al2O3 = 0.5201413659148992 Na2O = 0.24069677498717096 FeO = 0.1559655351070382 MgO = 0.4334791506096254
104499 [Thread-2] INFO  space.exploration.mars.rover.sensor.Spectrometer  -  Processing point = java.awt.Point[x=100,y=500] Composition =  Point = java.awt.Point[x=100,y=500] Composition =  Al2O3 = 0.46332012894097696 Na2O = 0.44327539601737487 FeO = 0.3287318951755298 MgO = 0.024119614059238615
104499 [Thread-2] INFO  space.exploration.mars.rover.sensor.Spectrometer  -  Processing point = java.awt.Point[x=100,y=525] Composition =  Point = java.awt.Point[x=100,y=525] Composition =  Al2O3 = 0.18645445269823802 Na2O = 0.1935156972856331 FeO = 0.6789262360970436 MgO = 0.21251834764991673
104499 [Thread-2] INFO  space.exploration.mars.rover.sensor.Spectrometer  -  Processing point = java.awt.Point[x=100,y=550] Composition =  Point = java.awt.Point[x=100,y=550] Composition =  Al2O3 = 0.5334794493516906 Na2O = 0.7404206997814269 FeO = 0.4894746077078991 MgO = 0.1763800055737982
104500 [Thread-2] INFO  space.exploration.mars.rover.sensor.Spectrometer  -  Processing point = java.awt.Point[x=125,y=500] Composition =  Point = java.awt.Point[x=125,y=500] Composition =  Al2O3 = 0.505227251806174 Na2O = 0.0768600667604634 FeO = 0.11562565251971116 MgO = 0.7475492169771698
104500 [Thread-2] INFO  space.exploration.mars.rover.sensor.Spectrometer  -  Processing point = java.awt.Point[x=125,y=525] Composition =  Point = java.awt.Point[x=125,y=525] Composition =  Al2O3 = 0.08490462224754403 Na2O = 0.10560435363417123 FeO = 0.31565495976306973 MgO = 0.15286275526248785
104500 [Thread-2] INFO  space.exploration.mars.rover.sensor.Spectrometer  -  Processing point = java.awt.Point[x=125,y=550] Composition =  Point = java.awt.Point[x=125,y=550] Composition =  Al2O3 = 0.6168891915959462 Na2O = 0.0952875715713561 FeO = 0.1959502981527752 MgO = 0.7546837555330862
105616 [pool-2-thread-1] INFO  space.exploration.mars.rover.power.BatteryMonitor  - BatteryMonitor performing due diligence. SCET = 1503259195480 Rover state = Exploring State
117997 [pool-1-thread-1] INFO  space.exploration.mars.rover.diagnostics.Pacemaker  - Pacemaker performing its due diligence.
135615 [pool-2-thread-1] INFO  space.exploration.mars.rover.power.BatteryMonitor  - BatteryMonitor performing due diligence. SCET = 1503259225480 Rover state = Transmitting State
165615 [pool-2-thread-1] INFO  space.exploration.mars.rover.power.BatteryMonitor  - BatteryMonitor performing due diligence. SCET = 1503259255480 Rover state = Listening State
177997 [pool-1-thread-1] INFO  space.exploration.mars.rover.diagnostics.Pacemaker  - Pacemaker performing its due diligence.
178002 [pool-1-thread-1] INFO  space.exploration.mars.rover.diagnostics.Pacemaker  - SCET: 1503259267862
equipmentHealth {
  key: "Battery"
  value: 1000
}
equipmentHealth {
  key: "Radio"
  value: 9996
}
equipmentHealth {
  key: "Lidar"
  value: 1000
}
equipmentHealth {
  key: "Camera"
  value: 1000
}
equipmentHealth {
  key: "Spectrometer"
  value: 999
}
equipmentHealth {
  key: "Radar"
  value: 1000
}
batteryLevel: 818
moduleReporting: 3
notes: "This is rover Curiosity. Sending HeartBeat!"
location {
  x: 100
  y: 525
}

195615 [pool-2-thread-1] INFO  space.exploration.mars.rover.power.BatteryMonitor  - BatteryMonitor performing due diligence. SCET = 1503259285480 Rover state = Transmitting State
225615 [pool-2-thread-1] INFO  space.exploration.mars.rover.power.BatteryMonitor  - BatteryMonitor performing due diligence. SCET = 1503259315480 Rover state = Listening State
237997 [pool-1-thread-1] INFO  space.exploration.mars.rover.diagnostics.Pacemaker  - Pacemaker performing its due diligence.
237999 [pool-1-thread-1] INFO  space.exploration.mars.rover.kernel.ListeningState  - timeStamp: 1503259273045
targets {
  estimatedPowerUsage: 20
  action: "ScanArea"
}

238999 [pool-1-thread-1] INFO  space.exploration.mars.rover.sensor.Lidar  - Lidar initialized and ready!
239000 [pool-1-thread-1] INFO  space.exploration.mars.rover.sensor.Lidar  - Wallbuilder set for lidar
239001 [pool-1-thread-1] INFO  space.exploration.mars.rover.sensor.Lidar  -  Scanning at location = java.awt.Point[x=100,y=525] Length of contacts  = 0
255615 [pool-2-thread-1] INFO  space.exploration.mars.rover.power.BatteryMonitor  - BatteryMonitor performing due diligence. SCET = 1503259345480 Rover state = Transmitting State
274450 [pool-1-thread-1] INFO  space.exploration.mars.rover.diagnostics.Pacemaker  - SCET: 1503259364310
equipmentHealth {
  key: "Battery"
  value: 1000
}
equipmentHealth {
  key: "Radio"
  value: 9993
}
equipmentHealth {
  key: "Lidar"
  value: 999
}
equipmentHealth {
  key: "Camera"
  value: 1000
}
equipmentHealth {
  key: "Spectrometer"
  value: 999
}
equipmentHealth {
  key: "Radar"
  value: 1000
}
batteryLevel: 747
moduleReporting: 3
notes: "This is rover Curiosity. Sending HeartBeat!"
location {
  x: 100
  y: 525
}

285615 [pool-2-thread-1] INFO  space.exploration.mars.rover.power.BatteryMonitor  - BatteryMonitor performing due diligence. SCET = 1503259375480 Rover state = Transmitting State
288954 [Thread-2] INFO  space.exploration.mars.rover.kernel.ListeningState  - timeStamp: 1503259364553
targets {
  roverModule: 1
  estimatedPowerUsage: 40
  action: "Move"
  auxiliaryData: "\n\005\b\341\001\020d"
}

288971 [Thread-2] INFO  space.exploration.mars.rover.kernel.MovingState  - In moving state, destination demanded = x: 225
y: 100

297997 [pool-1-thread-1] INFO  space.exploration.mars.rover.diagnostics.Pacemaker  - Pacemaker performing its due diligence.
315615 [pool-2-thread-1] INFO  space.exploration.mars.rover.power.BatteryMonitor  - BatteryMonitor performing due diligence. SCET = 1503259405480 Rover state = Transmitting State
345615 [pool-2-thread-1] INFO  space.exploration.mars.rover.power.BatteryMonitor  - BatteryMonitor performing due diligence. SCET = 1503259435480 Rover state = Listening State
357997 [pool-1-thread-1] INFO  space.exploration.mars.rover.diagnostics.Pacemaker  - Pacemaker performing its due diligence.
358009 [pool-1-thread-1] INFO  space.exploration.mars.rover.diagnostics.Pacemaker  - SCET: 1503259447862
equipmentHealth {
  key: "Battery"
  value: 1000
}
equipmentHealth {
  key: "Radio"
  value: 9990
}
equipmentHealth {
  key: "Lidar"
  value: 999
}
equipmentHealth {
  key: "Camera"
  value: 1000
}
equipmentHealth {
  key: "Spectrometer"
  value: 999
}
equipmentHealth {
  key: "Radar"
  value: 1000
}
batteryLevel: 706
moduleReporting: 3
notes: "This is rover Curiosity. Sending HeartBeat!"
location {
  x: 225
  y: 100
}

375615 [pool-2-thread-1] INFO  space.exploration.mars.rover.power.BatteryMonitor  - BatteryMonitor performing due diligence. SCET = 1503259465480 Rover state = Transmitting State
389735 [Thread-2] INFO  space.exploration.mars.rover.kernel.ListeningState  - timeStamp: 1503259456080
targets {
  roverModule: 5
  estimatedPowerUsage: 30
  action: "Explore"
}

390736 [Thread-2] INFO  space.exploration.mars.rover.sensor.Spectrometer  - Spectrometer initialized and ready!
390737 [Thread-2] INFO  space.exploration.mars.rover.sensor.Spectrometer  -  Processing point = java.awt.Point[x=200,y=75] Composition =  Point = java.awt.Point[x=200,y=75] Composition =  Al2O3 = 0.4242164293727597 Na2O = 0.07123278849381008 FeO = 0.11168783554230358 MgO = 0.5817644720596843
390737 [Thread-2] INFO  space.exploration.mars.rover.sensor.Spectrometer  -  Processing point = java.awt.Point[x=200,y=100] Composition =  Point = java.awt.Point[x=200,y=100] Composition =  Al2O3 = 0.5131413880886574 Na2O = 0.2967089846216001 FeO = 0.33864111097463506 MgO = 0.5182141837767302
390737 [Thread-2] INFO  space.exploration.mars.rover.sensor.Spectrometer  -  Processing point = java.awt.Point[x=200,y=125] Composition =  Point = java.awt.Point[x=200,y=125] Composition =  Al2O3 = 0.4966495544283457 Na2O = 0.44189146153143277 FeO = 0.36368222305495684 MgO = 0.2635568828198803
390737 [Thread-2] INFO  space.exploration.mars.rover.sensor.Spectrometer  -  Processing point = java.awt.Point[x=225,y=75] Composition =  Point = java.awt.Point[x=225,y=75] Composition =  Al2O3 = 0.039763343574697 Na2O = 0.5120843962644938 FeO = 0.30875365875445315 MgO = 0.05633265312421063
390738 [Thread-2] INFO  space.exploration.mars.rover.sensor.Spectrometer  -  Processing point = java.awt.Point[x=225,y=100] Composition =  Point = java.awt.Point[x=225,y=100] Composition =  Al2O3 = 0.07076394888454818 Na2O = 0.2400075688798225 FeO = 0.3395284314549503 MgO = 0.603076254176644
390738 [Thread-2] INFO  space.exploration.mars.rover.sensor.Spectrometer  -  Processing point = java.awt.Point[x=225,y=125] Composition =  Point = java.awt.Point[x=225,y=125] Composition =  Al2O3 = 0.09285191757275522 Na2O = 0.7510615880840168 FeO = 0.742674063264514 MgO = 0.04735560872581877
390738 [Thread-2] INFO  space.exploration.mars.rover.sensor.Spectrometer  -  Processing point = java.awt.Point[x=250,y=75] Composition =  Point = java.awt.Point[x=250,y=75] Composition =  Al2O3 = 0.17036953473671154 Na2O = 0.7399696727499945 FeO = 0.32622146801740204 MgO = 0.2339017938222556
390738 [Thread-2] INFO  space.exploration.mars.rover.sensor.Spectrometer  -  Processing point = java.awt.Point[x=250,y=100] Composition =  Point = java.awt.Point[x=250,y=100] Composition =  Al2O3 = 0.08622719770409058 Na2O = 0.7365937728563619 FeO = 0.27990270730800415 MgO = 0.2484450722723339
390739 [Thread-2] INFO  space.exploration.mars.rover.sensor.Spectrometer  -  Processing point = java.awt.Point[x=250,y=125] Composition =  Point = java.awt.Point[x=250,y=125] Composition =  Al2O3 = 0.26768564131102385 Na2O = 0.35963425914923663 FeO = 0.1847635515508076 MgO = 0.5853406478500945
405615 [pool-2-thread-1] INFO  space.exploration.mars.rover.power.BatteryMonitor  - BatteryMonitor performing due diligence. SCET = 1503259495480 Rover state = Exploring State
417997 [pool-1-thread-1] INFO  space.exploration.mars.rover.diagnostics.Pacemaker  - Pacemaker performing its due diligence.
435616 [pool-2-thread-1] INFO  space.exploration.mars.rover.power.BatteryMonitor  - BatteryMonitor performing due diligence. SCET = 1503259525480 Rover state = Listening State
465616 [pool-2-thread-1] INFO  space.exploration.mars.rover.power.BatteryMonitor  - BatteryMonitor performing due diligence. SCET = 1503259555481 Rover state = Listening State
477997 [pool-1-thread-1] INFO  space.exploration.mars.rover.diagnostics.Pacemaker  - Pacemaker performing its due diligence.
478001 [pool-1-thread-1] INFO  space.exploration.mars.rover.diagnostics.Pacemaker  - SCET: 1503259567862
equipmentHealth {
  key: "Battery"
  value: 1000
}
equipmentHealth {
  key: "Radio"
  value: 9987
}
equipmentHealth {
  key: "Lidar"
  value: 999
}
equipmentHealth {
  key: "Camera"
  value: 1000
}
equipmentHealth {
  key: "Spectrometer"
  value: 998
}
equipmentHealth {
  key: "Radar"
  value: 1000
}
batteryLevel: 525
moduleReporting: 3
notes: "This is rover Curiosity. Sending HeartBeat!"
location {
  x: 225
  y: 100
}

495616 [pool-2-thread-1] INFO  space.exploration.mars.rover.power.BatteryMonitor  - BatteryMonitor performing due diligence. SCET = 1503259585481 Rover state = Listening State
525615 [pool-2-thread-1] INFO  space.exploration.mars.rover.power.BatteryMonitor  - BatteryMonitor performing due diligence. SCET = 1503259615480 Rover state = Listening State
