0 [main] INFO space.exploration.mars.rover.kernel.SpacecraftClock  - Curiosity internal spacecraft clock started at :: 2016-01-01T00:00:00.000-06:00
0 [main] INFO space.exploration.mars.rover.kernel.SpacecraftClock  - Mission duration is set to :: 1 year(s).
0 [main] INFO space.exploration.mars.rover.kernel.SpacecraftClock  - Mission duration = 31536000000
22243 [main] INFO org.apache.kafka.clients.producer.ProducerConfig  - ProducerConfig values: 
	metric.reporters = []
	metadata.max.age.ms = 300000
	reconnect.backoff.ms = 50
	sasl.kerberos.ticket.renew.window.factor = 0.8
	bootstrap.servers = [localhost:9092]
	ssl.keystore.type = JKS
	sasl.mechanism = GSSAPI
	max.block.ms = 60000
	interceptor.classes = null
	ssl.truststore.password = null
	client.id = 
	ssl.endpoint.identification.algorithm = null
	request.timeout.ms = 30000
	acks = 1
	receive.buffer.bytes = 32768
	ssl.truststore.type = JKS
	retries = 0
	ssl.truststore.location = null
	ssl.keystore.password = null
	send.buffer.bytes = 131072
	compression.type = none
	metadata.fetch.timeout.ms = 60000
	retry.backoff.ms = 100
	sasl.kerberos.kinit.cmd = /usr/bin/kinit
	buffer.memory = 33554432
	timeout.ms = 30000
	key.serializer = class org.apache.kafka.common.serialization.StringSerializer
	sasl.kerberos.service.name = null
	sasl.kerberos.ticket.renew.jitter = 0.05
	ssl.trustmanager.algorithm = PKIX
	block.on.buffer.full = false
	ssl.key.password = null
	sasl.kerberos.min.time.before.relogin = 60000
	connections.max.idle.ms = 540000
	max.in.flight.requests.per.connection = 5
	metrics.num.samples = 2
	ssl.protocol = TLS
	ssl.provider = null
	ssl.enabled.protocols = [TLSv1.2, TLSv1.1, TLSv1]
	batch.size = 16384
	ssl.keystore.location = null
	ssl.cipher.suites = null
	security.protocol = PLAINTEXT
	max.request.size = 1048576
	value.serializer = class org.apache.kafka.common.serialization.ByteArraySerializer
	ssl.keymanager.algorithm = SunX509
	metrics.sample.window.ms = 30000
	partitioner.class = class org.apache.kafka.clients.producer.internals.DefaultPartitioner
	linger.ms = 0

22328 [main] INFO org.apache.kafka.clients.producer.ProducerConfig  - ProducerConfig values: 
	metric.reporters = []
	metadata.max.age.ms = 300000
	reconnect.backoff.ms = 50
	sasl.kerberos.ticket.renew.window.factor = 0.8
	bootstrap.servers = [localhost:9092]
	ssl.keystore.type = JKS
	sasl.mechanism = GSSAPI
	max.block.ms = 60000
	interceptor.classes = null
	ssl.truststore.password = null
	client.id = producer-1
	ssl.endpoint.identification.algorithm = null
	request.timeout.ms = 30000
	acks = 1
	receive.buffer.bytes = 32768
	ssl.truststore.type = JKS
	retries = 0
	ssl.truststore.location = null
	ssl.keystore.password = null
	send.buffer.bytes = 131072
	compression.type = none
	metadata.fetch.timeout.ms = 60000
	retry.backoff.ms = 100
	sasl.kerberos.kinit.cmd = /usr/bin/kinit
	buffer.memory = 33554432
	timeout.ms = 30000
	key.serializer = class org.apache.kafka.common.serialization.StringSerializer
	sasl.kerberos.service.name = null
	sasl.kerberos.ticket.renew.jitter = 0.05
	ssl.trustmanager.algorithm = PKIX
	block.on.buffer.full = false
	ssl.key.password = null
	sasl.kerberos.min.time.before.relogin = 60000
	connections.max.idle.ms = 540000
	max.in.flight.requests.per.connection = 5
	metrics.num.samples = 2
	ssl.protocol = TLS
	ssl.provider = null
	ssl.enabled.protocols = [TLSv1.2, TLSv1.1, TLSv1]
	batch.size = 16384
	ssl.keystore.location = null
	ssl.cipher.suites = null
	security.protocol = PLAINTEXT
	max.request.size = 1048576
	value.serializer = class org.apache.kafka.common.serialization.ByteArraySerializer
	ssl.keymanager.algorithm = SunX509
	metrics.sample.window.ms = 30000
	partitioner.class = class org.apache.kafka.clients.producer.internals.DefaultPartitioner
	linger.ms = 0

22329 [main] WARN org.apache.kafka.clients.producer.ProducerConfig  - The configuration zookeeper.connect = localhost:2181 was supplied but isn't a known config.
22329 [main] WARN org.apache.kafka.clients.producer.ProducerConfig  - The configuration group.id = space.exploration.mars.rover.curiosity.1512018454096 was supplied but isn't a known config.
22329 [main] WARN org.apache.kafka.clients.producer.ProducerConfig  - The configuration source.topic = earth_to_curiosity_5 was supplied but isn't a known config.
22329 [main] WARN org.apache.kafka.clients.producer.ProducerConfig  - The configuration auto.offset.reset = largest was supplied but isn't a known config.
22329 [main] WARN org.apache.kafka.clients.producer.ProducerConfig  - The configuration metadata.broker.list = localhost:9092 was supplied but isn't a known config.
22329 [main] WARN org.apache.kafka.clients.producer.ProducerConfig  - The configuration destination.topic = curiosity_to_earth_5 was supplied but isn't a known config.
22330 [main] INFO org.apache.kafka.common.utils.AppInfoParser  - Kafka version : 0.10.0.1
22330 [main] INFO org.apache.kafka.common.utils.AppInfoParser  - Kafka commitId : a7a17cdec9eaa6c5
22432 [main] INFO kafka.utils.VerifiableProperties  - Verifying properties
22452 [main] INFO kafka.utils.VerifiableProperties  - Property auto.offset.reset is overridden to largest
22453 [main] WARN kafka.utils.VerifiableProperties  - Property bootstrap.servers is not valid
22453 [main] WARN kafka.utils.VerifiableProperties  - Property destination.topic is not valid
22453 [main] INFO kafka.utils.VerifiableProperties  - Property group.id is overridden to space.exploration.mars.rover.curiosity.1512018454096
22453 [main] WARN kafka.utils.VerifiableProperties  - Property key.serializer is not valid
22453 [main] WARN kafka.utils.VerifiableProperties  - Property metadata.broker.list is not valid
22453 [main] WARN kafka.utils.VerifiableProperties  - Property source.topic is not valid
22453 [main] WARN kafka.utils.VerifiableProperties  - Property value.serializer is not valid
22453 [main] INFO kafka.utils.VerifiableProperties  - Property zookeeper.connect is overridden to localhost:2181
22482 [main] INFO kafka.consumer.ZookeeperConsumerConnector  - [space.exploration.mars.rover.curiosity.1512018454096_zion-mainframe-1512018477680-f812b155], Connecting to zookeeper instance at localhost:2181
22531 [ZkClient-EventThread-29-localhost:2181] INFO org.I0Itec.zkclient.ZkEventThread  - Starting ZkClient event thread.
22534 [main] INFO org.apache.zookeeper.ZooKeeper  - Client environment:zookeeper.version=3.4.6-1569965, built on 02/20/2014 09:09 GMT
22535 [main] INFO org.apache.zookeeper.ZooKeeper  - Client environment:host.name=zion-mainframe
22535 [main] INFO org.apache.zookeeper.ZooKeeper  - Client environment:java.version=1.8.0_151
22535 [main] INFO org.apache.zookeeper.ZooKeeper  - Client environment:java.vendor=Oracle Corporation
22535 [main] INFO org.apache.zookeeper.ZooKeeper  - Client environment:java.home=/usr/lib/jvm/java-8-openjdk-amd64/jre
22535 [main] INFO org.apache.zookeeper.ZooKeeper  - Client environment:java.class.path=target/mars.rover-1.1.1-SOLSHOT-shaded.jar
22535 [main] INFO org.apache.zookeeper.ZooKeeper  - Client environment:java.library.path=$LD_LIBRARY_PATH:"/home/sanket/Documents/workspace/SpiceUtilities/src/main/resources/JNISpice/lib/libJNISpice.so":/home/sanket/Documents/workspace/SpiceUtilities/src/main/resources/JNISpice/lib/libJNISpice.so:/usr/java/packages/lib/amd64:/usr/lib/x86_64-linux-gnu/jni:/lib/x86_64-linux-gnu:/usr/lib/x86_64-linux-gnu:/usr/lib/jni:/lib:/usr/lib
22535 [main] INFO org.apache.zookeeper.ZooKeeper  - Client environment:java.io.tmpdir=/tmp
22535 [main] INFO org.apache.zookeeper.ZooKeeper  - Client environment:java.compiler=<NA>
22535 [main] INFO org.apache.zookeeper.ZooKeeper  - Client environment:os.name=Linux
22535 [main] INFO org.apache.zookeeper.ZooKeeper  - Client environment:os.arch=amd64
22535 [main] INFO org.apache.zookeeper.ZooKeeper  - Client environment:os.version=4.10.0-40-generic
22535 [main] INFO org.apache.zookeeper.ZooKeeper  - Client environment:user.name=sanket
22535 [main] INFO org.apache.zookeeper.ZooKeeper  - Client environment:user.home=/home/sanket
22535 [main] INFO org.apache.zookeeper.ZooKeeper  - Client environment:user.dir=/home/sanket/Documents/workspace/MarsRover/mars.rover
22535 [main] INFO org.apache.zookeeper.ZooKeeper  - Initiating client connection, connectString=localhost:2181 sessionTimeout=6000 watcher=org.I0Itec.zkclient.ZkClient@7a8c8dcf
22542 [main] INFO org.I0Itec.zkclient.ZkClient  - Waiting for keeper state SyncConnected
22544 [main-SendThread(localhost:2181)] INFO org.apache.zookeeper.ClientCnxn  - Opening socket connection to server localhost/127.0.0.1:2181. Will not attempt to authenticate using SASL (unknown error)
22547 [main-SendThread(localhost:2181)] INFO org.apache.zookeeper.ClientCnxn  - Socket connection established to localhost/127.0.0.1:2181, initiating session
22552 [main-SendThread(localhost:2181)] INFO org.apache.zookeeper.ClientCnxn  - Session establishment complete on server localhost/127.0.0.1:2181, sessionid = 0x1600b26dc9e0003, negotiated timeout = 6000
22553 [main-EventThread] INFO org.I0Itec.zkclient.ZkClient  - zookeeper state changed (SyncConnected)
22560 [main] INFO kafka.consumer.ZookeeperConsumerConnector  - [space.exploration.mars.rover.curiosity.1512018454096_zion-mainframe-1512018477680-f812b155], starting auto committer every 60000 ms
22586 [Thread-2] INFO kafka.consumer.ZookeeperConsumerConnector  - [space.exploration.mars.rover.curiosity.1512018454096_zion-mainframe-1512018477680-f812b155], begin registering consumer space.exploration.mars.rover.curiosity.1512018454096_zion-mainframe-1512018477680-f812b155 in ZK
22607 [Thread-2] INFO kafka.utils.ZKCheckedEphemeral  - Creating /consumers/space.exploration.mars.rover.curiosity.1512018454096/ids/space.exploration.mars.rover.curiosity.1512018454096_zion-mainframe-1512018477680-f812b155 (is it secure? false)
22617 [Thread-2] INFO kafka.utils.ZKCheckedEphemeral  - Result of znode creation is: OK
22617 [Thread-2] INFO kafka.consumer.ZookeeperConsumerConnector  - [space.exploration.mars.rover.curiosity.1512018454096_zion-mainframe-1512018477680-f812b155], end registering consumer space.exploration.mars.rover.curiosity.1512018454096_zion-mainframe-1512018477680-f812b155 in ZK
22623 [space.exploration.mars.rover.curiosity.1512018454096_zion-mainframe-1512018477680-f812b155_watcher_executor] INFO kafka.consumer.ZookeeperConsumerConnector  - [space.exploration.mars.rover.curiosity.1512018454096_zion-mainframe-1512018477680-f812b155], starting watcher executor thread for consumer space.exploration.mars.rover.curiosity.1512018454096_zion-mainframe-1512018477680-f812b155
22637 [Thread-2] INFO kafka.consumer.ZookeeperConsumerConnector  - [space.exploration.mars.rover.curiosity.1512018454096_zion-mainframe-1512018477680-f812b155], begin rebalancing consumer space.exploration.mars.rover.curiosity.1512018454096_zion-mainframe-1512018477680-f812b155 try #0
22725 [Thread-2] INFO kafka.consumer.ConsumerFetcherManager  - [ConsumerFetcherManager-1512018477757] Stopping leader finder thread
22725 [Thread-2] INFO kafka.consumer.ConsumerFetcherManager  - [ConsumerFetcherManager-1512018477757] Stopping all fetchers
22725 [Thread-2] INFO kafka.consumer.ConsumerFetcherManager  - [ConsumerFetcherManager-1512018477757] All connections stopped
22726 [Thread-2] INFO kafka.consumer.ZookeeperConsumerConnector  - [space.exploration.mars.rover.curiosity.1512018454096_zion-mainframe-1512018477680-f812b155], Cleared all relevant queues for this fetcher
22727 [Thread-2] INFO kafka.consumer.ZookeeperConsumerConnector  - [space.exploration.mars.rover.curiosity.1512018454096_zion-mainframe-1512018477680-f812b155], Cleared the data chunks in all the consumer message iterators
22727 [Thread-2] INFO kafka.consumer.ZookeeperConsumerConnector  - [space.exploration.mars.rover.curiosity.1512018454096_zion-mainframe-1512018477680-f812b155], Committing all offsets after clearing the fetcher queues
22728 [Thread-2] INFO kafka.consumer.ZookeeperConsumerConnector  - [space.exploration.mars.rover.curiosity.1512018454096_zion-mainframe-1512018477680-f812b155], Releasing partition ownership
22752 [Thread-2] INFO kafka.consumer.RangeAssignor  - Consumer space.exploration.mars.rover.curiosity.1512018454096_zion-mainframe-1512018477680-f812b155 rebalancing the following partitions: ArrayBuffer(0) for topic earth_to_curiosity_5 with consumers: List(space.exploration.mars.rover.curiosity.1512018454096_zion-mainframe-1512018477680-f812b155-0)
22753 [Thread-2] INFO kafka.consumer.RangeAssignor  - space.exploration.mars.rover.curiosity.1512018454096_zion-mainframe-1512018477680-f812b155-0 attempting to claim partition 0
22776 [Thread-2] INFO kafka.consumer.ZookeeperConsumerConnector  - [space.exploration.mars.rover.curiosity.1512018454096_zion-mainframe-1512018477680-f812b155], space.exploration.mars.rover.curiosity.1512018454096_zion-mainframe-1512018477680-f812b155-0 successfully owned partition 0 for topic earth_to_curiosity_5
22790 [Thread-2] INFO kafka.consumer.ZookeeperConsumerConnector  - [space.exploration.mars.rover.curiosity.1512018454096_zion-mainframe-1512018477680-f812b155], Consumer space.exploration.mars.rover.curiosity.1512018454096_zion-mainframe-1512018477680-f812b155 selected partitions : earth_to_curiosity_5:0: fetched offset = -1: consumed offset = -1
22792 [space.exploration.mars.rover.curiosity.1512018454096_zion-mainframe-1512018477680-f812b155-leader-finder-thread] INFO kafka.consumer.ConsumerFetcherManager$LeaderFinderThread  - [space.exploration.mars.rover.curiosity.1512018454096_zion-mainframe-1512018477680-f812b155-leader-finder-thread], Starting 
22793 [Thread-2] INFO kafka.consumer.ZookeeperConsumerConnector  - [space.exploration.mars.rover.curiosity.1512018454096_zion-mainframe-1512018477680-f812b155], end rebalancing consumer space.exploration.mars.rover.curiosity.1512018454096_zion-mainframe-1512018477680-f812b155 try #0
22815 [space.exploration.mars.rover.curiosity.1512018454096_zion-mainframe-1512018477680-f812b155-leader-finder-thread] INFO kafka.utils.VerifiableProperties  - Verifying properties
22816 [space.exploration.mars.rover.curiosity.1512018454096_zion-mainframe-1512018477680-f812b155-leader-finder-thread] INFO kafka.utils.VerifiableProperties  - Property client.id is overridden to space.exploration.mars.rover.curiosity.1512018454096
22816 [space.exploration.mars.rover.curiosity.1512018454096_zion-mainframe-1512018477680-f812b155-leader-finder-thread] INFO kafka.utils.VerifiableProperties  - Property metadata.broker.list is overridden to zion-mainframe:9092
22816 [space.exploration.mars.rover.curiosity.1512018454096_zion-mainframe-1512018477680-f812b155-leader-finder-thread] INFO kafka.utils.VerifiableProperties  - Property request.timeout.ms is overridden to 30000
22826 [space.exploration.mars.rover.curiosity.1512018454096_zion-mainframe-1512018477680-f812b155-leader-finder-thread] INFO kafka.client.ClientUtils$  - Fetching metadata from broker BrokerEndPoint(0,zion-mainframe,9092) with correlation id 0 for 1 topic(s) Set(earth_to_curiosity_5)
22830 [space.exploration.mars.rover.curiosity.1512018454096_zion-mainframe-1512018477680-f812b155-leader-finder-thread] INFO kafka.producer.SyncProducer  - Connected to zion-mainframe:9092 for producing
22841 [space.exploration.mars.rover.curiosity.1512018454096_zion-mainframe-1512018477680-f812b155-leader-finder-thread] INFO kafka.producer.SyncProducer  - Disconnecting from zion-mainframe:9092
22858 [ConsumerFetcherThread-space.exploration.mars.rover.curiosity.1512018454096_zion-mainframe-1512018477680-f812b155-0-0] INFO kafka.consumer.ConsumerFetcherThread  - [ConsumerFetcherThread-space.exploration.mars.rover.curiosity.1512018454096_zion-mainframe-1512018477680-f812b155-0-0], Starting 
22875 [space.exploration.mars.rover.curiosity.1512018454096_zion-mainframe-1512018477680-f812b155-leader-finder-thread] INFO kafka.consumer.ConsumerFetcherManager  - [ConsumerFetcherManager-1512018477757] Added fetcher for partitions ArrayBuffer([[earth_to_curiosity_5,0], initOffset -1 to broker BrokerEndPoint(0,zion-mainframe,9092)] )
30639 [main] INFO space.exploration.mars.rover.communication.Transmitter  - Sending information packet to curiosity_to_earth_5
33643 [pool-5-thread-1] INFO space.exploration.mars.rover.animation.SleepingAnimationEngine  - Rover is sleeping now
62193 [pool-4-thread-1] INFO space.exploration.mars.rover.diagnostics.Pacemaker  - Diagnostics inhibited because rover is sleeping to conserve battery Current instructionQueue length = 0
63195 [pool-5-thread-1] INFO space.exploration.mars.rover.diagnostics.SleepMonitor  - Awakening rover from slumber
63195 [pool-5-thread-1] INFO space.exploration.mars.rover.animation.SleepingAnimationEngine  - Waking up rover
122264 [pool-4-thread-1] INFO space.exploration.mars.rover.kernel.SpacecraftClock  - Internal time::2016-01-01T00:16:05.820-06:00 sclk of::1/0504878226-43621
128345 [pool-4-thread-1] INFO space.exploration.mars.rover.communication.Transmitter  - Sending information packet to curiosity_to_earth_5
182229 [pool-4-thread-1] INFO space.exploration.mars.rover.kernel.SpacecraftClock  - Internal time::2016-01-01T00:23:59.280-06:00 sclk of::1/0504878700-43325
188292 [pool-4-thread-1] INFO space.exploration.mars.rover.communication.Transmitter  - Sending information packet to curiosity_to_earth_5
191293 [pool-5-thread-1] INFO space.exploration.mars.rover.animation.SleepingAnimationEngine  - Rover is sleeping now
242193 [pool-4-thread-1] INFO space.exploration.mars.rover.diagnostics.Pacemaker  - Diagnostics inhibited because rover is sleeping to conserve battery Current instructionQueue length = 0
302193 [pool-4-thread-1] INFO space.exploration.mars.rover.diagnostics.Pacemaker  - Diagnostics inhibited because rover is sleeping to conserve battery Current instructionQueue length = 0
362193 [pool-4-thread-1] INFO space.exploration.mars.rover.diagnostics.Pacemaker  - Diagnostics inhibited because rover is sleeping to conserve battery Current instructionQueue length = 0
422193 [pool-4-thread-1] INFO space.exploration.mars.rover.diagnostics.Pacemaker  - Diagnostics inhibited because rover is sleeping to conserve battery Current instructionQueue length = 0
482193 [pool-4-thread-1] INFO space.exploration.mars.rover.diagnostics.Pacemaker  - Diagnostics inhibited because rover is sleeping to conserve battery Current instructionQueue length = 0
542193 [pool-4-thread-1] INFO space.exploration.mars.rover.diagnostics.Pacemaker  - Diagnostics inhibited because rover is sleeping to conserve battery Current instructionQueue length = 0
543195 [pool-5-thread-1] INFO space.exploration.mars.rover.diagnostics.SleepMonitor  - Awakening rover from slumber
543195 [pool-5-thread-1] INFO space.exploration.mars.rover.animation.SleepingAnimationEngine  - Waking up rover
602228 [pool-4-thread-1] INFO space.exploration.mars.rover.kernel.SpacecraftClock  - Internal time::2016-01-01T01:18:54.960-06:00 sclk of::1/0504881995-41269
608290 [pool-4-thread-1] INFO space.exploration.mars.rover.communication.Transmitter  - Sending information packet to curiosity_to_earth_5
