2018-03-10 23:55:26,568 [                roverMain] INFO  space.exploration.mars.rover.kernel.SpacecraftClock - Valid utc time ranges are dictated by clockService as follows:
2018-03-10 23:55:26,570 [                roverMain] INFO  space.exploration.mars.rover.kernel.SpacecraftClock - APPLICABLE_START_TIME=2000-001T11:58:55.816, APPLICABLE_STOP_TIME=2017-360T19:17:40.149
2018-03-10 23:55:26,570 [                roverMain] INFO  space.exploration.mars.rover.kernel.SpacecraftClock - Given UTC = 2016-11-17~04:00:00
2018-03-10 23:55:26,570 [                roverMain] INFO  space.exploration.mars.rover.kernel.SpacecraftClock - Please ensure that positionSensor and sclk are synchronized
2018-03-10 23:55:26,582 [                roverMain] INFO  space.exploration.mars.rover.kernel.SpacecraftClock - Curiosity internal spacecraft clock started at :: 2016-11-17T10:00:00.000Z
2018-03-10 23:55:26,582 [                roverMain] INFO  space.exploration.mars.rover.kernel.SpacecraftClock - Mission duration is set to :: 1 year(s).
2018-03-10 23:55:26,582 [                roverMain] INFO  space.exploration.mars.rover.kernel.SpacecraftClock - Mission duration = 31536000000
2018-03-10 23:55:30,771 [                roverMain] INFO  space.exploration.mars.rover.diagnostics.RoverGarbageCollector - Starting garbageCollection
2018-03-10 23:55:32,773 [                roverMain] INFO  space.exploration.mars.rover.kernel.Rover - Rover current position is = java.awt.Point[x=525,y=100]
2018-03-10 23:55:33,776 [                roverMain] INFO  space.exploration.mars.rover.sensor.Lidar - Lidar initialized and ready!
2018-03-10 23:55:35,024 [                roverMain] INFO  space.exploration.mars.rover.sensor.Camera - Camera initialized and ready!
2018-03-10 23:55:36,028 [                roverMain] INFO  space.exploration.mars.rover.sensor.Radar - Radar configured:: 
2018-03-10 23:55:38,046 [                roverMain] INFO  space.exploration.mars.rover.power.Battery - Battery configured, batteryLife:primaryPowerUnits = 1200 auxiliaryPowerUnits = 100 alertThreshold: 100 rechargeTime = 60000
2018-03-10 23:55:39,049 [                roverMain] INFO  space.exploration.mars.rover.kernel.Rover - Battery Monitor configured!
2018-03-10 23:55:39,087 [                roverMain] INFO  org.apache.kafka.clients.producer.ProducerConfig - ProducerConfig values: 
	metric.reporters = []
	metadata.max.age.ms = 300000
	reconnect.backoff.ms = 50
	sasl.kerberos.ticket.renew.window.factor = 0.8
	bootstrap.servers = [localhost:9092]
	ssl.keystore.type = JKS
	sasl.mechanism = GSSAPI
	max.block.ms = 60000
	interceptor.classes = null
	ssl.truststore.password = null
	client.id = 
	ssl.endpoint.identification.algorithm = null
	request.timeout.ms = 30000
	acks = 1
	receive.buffer.bytes = 32768
	ssl.truststore.type = JKS
	retries = 0
	ssl.truststore.location = null
	ssl.keystore.password = null
	send.buffer.bytes = 131072
	compression.type = none
	metadata.fetch.timeout.ms = 60000
	retry.backoff.ms = 100
	sasl.kerberos.kinit.cmd = /usr/bin/kinit
	buffer.memory = 33554432
	timeout.ms = 30000
	key.serializer = class org.apache.kafka.common.serialization.StringSerializer
	sasl.kerberos.service.name = null
	sasl.kerberos.ticket.renew.jitter = 0.05
	ssl.trustmanager.algorithm = PKIX
	block.on.buffer.full = false
	ssl.key.password = null
	sasl.kerberos.min.time.before.relogin = 60000
	connections.max.idle.ms = 540000
	max.in.flight.requests.per.connection = 5
	metrics.num.samples = 2
	ssl.protocol = TLS
	ssl.provider = null
	ssl.enabled.protocols = [TLSv1.2, TLSv1.1, TLSv1]
	batch.size = 16384
	ssl.keystore.location = null
	ssl.cipher.suites = null
	security.protocol = PLAINTEXT
	max.request.size = 1048576
	value.serializer = class org.apache.kafka.common.serialization.ByteArraySerializer
	ssl.keymanager.algorithm = SunX509
	metrics.sample.window.ms = 30000
	partitioner.class = class org.apache.kafka.clients.producer.internals.DefaultPartitioner
	linger.ms = 0

2018-03-10 23:55:39,181 [                roverMain] INFO  org.apache.kafka.clients.producer.ProducerConfig - ProducerConfig values: 
	metric.reporters = []
	metadata.max.age.ms = 300000
	reconnect.backoff.ms = 50
	sasl.kerberos.ticket.renew.window.factor = 0.8
	bootstrap.servers = [localhost:9092]
	ssl.keystore.type = JKS
	sasl.mechanism = GSSAPI
	max.block.ms = 60000
	interceptor.classes = null
	ssl.truststore.password = null
	client.id = producer-1
	ssl.endpoint.identification.algorithm = null
	request.timeout.ms = 30000
	acks = 1
	receive.buffer.bytes = 32768
	ssl.truststore.type = JKS
	retries = 0
	ssl.truststore.location = null
	ssl.keystore.password = null
	send.buffer.bytes = 131072
	compression.type = none
	metadata.fetch.timeout.ms = 60000
	retry.backoff.ms = 100
	sasl.kerberos.kinit.cmd = /usr/bin/kinit
	buffer.memory = 33554432
	timeout.ms = 30000
	key.serializer = class org.apache.kafka.common.serialization.StringSerializer
	sasl.kerberos.service.name = null
	sasl.kerberos.ticket.renew.jitter = 0.05
	ssl.trustmanager.algorithm = PKIX
	block.on.buffer.full = false
	ssl.key.password = null
	sasl.kerberos.min.time.before.relogin = 60000
	connections.max.idle.ms = 540000
	max.in.flight.requests.per.connection = 5
	metrics.num.samples = 2
	ssl.protocol = TLS
	ssl.provider = null
	ssl.enabled.protocols = [TLSv1.2, TLSv1.1, TLSv1]
	batch.size = 16384
	ssl.keystore.location = null
	ssl.cipher.suites = null
	security.protocol = PLAINTEXT
	max.request.size = 1048576
	value.serializer = class org.apache.kafka.common.serialization.ByteArraySerializer
	ssl.keymanager.algorithm = SunX509
	metrics.sample.window.ms = 30000
	partitioner.class = class org.apache.kafka.clients.producer.internals.DefaultPartitioner
	linger.ms = 0

2018-03-10 23:55:39,181 [                roverMain] WARN  org.apache.kafka.clients.producer.ProducerConfig - The configuration zookeeper.connect = localhost:2181 was supplied but isn't a known config.
2018-03-10 23:55:39,182 [                roverMain] WARN  org.apache.kafka.clients.producer.ProducerConfig - The configuration group.id = space.exploration.mars.rover.curiosity.1520747725473 was supplied but isn't a known config.
2018-03-10 23:55:39,182 [                roverMain] WARN  org.apache.kafka.clients.producer.ProducerConfig - The configuration source.topic = earth_to_curiosity_5 was supplied but isn't a known config.
2018-03-10 23:55:39,182 [                roverMain] WARN  org.apache.kafka.clients.producer.ProducerConfig - The configuration auto.offset.reset = largest was supplied but isn't a known config.
2018-03-10 23:55:39,182 [                roverMain] WARN  org.apache.kafka.clients.producer.ProducerConfig - The configuration metadata.broker.list = localhost:9092 was supplied but isn't a known config.
2018-03-10 23:55:39,182 [                roverMain] WARN  org.apache.kafka.clients.producer.ProducerConfig - The configuration destination.topic = curiosity_to_earth_5 was supplied but isn't a known config.
2018-03-10 23:55:39,183 [                roverMain] INFO  org.apache.kafka.common.utils.AppInfoParser - Kafka version : 0.10.0.1
2018-03-10 23:55:39,184 [                roverMain] INFO  org.apache.kafka.common.utils.AppInfoParser - Kafka commitId : a7a17cdec9eaa6c5
2018-03-10 23:55:39,340 [                roverMain] INFO          kafka.utils.VerifiableProperties - Verifying properties
2018-03-10 23:55:39,373 [                roverMain] INFO          kafka.utils.VerifiableProperties - Property auto.offset.reset is overridden to largest
2018-03-10 23:55:39,373 [                roverMain] WARN          kafka.utils.VerifiableProperties - Property bootstrap.servers is not valid
2018-03-10 23:55:39,373 [                roverMain] WARN          kafka.utils.VerifiableProperties - Property destination.topic is not valid
2018-03-10 23:55:39,373 [                roverMain] INFO          kafka.utils.VerifiableProperties - Property group.id is overridden to space.exploration.mars.rover.curiosity.1520747725473
2018-03-10 23:55:39,374 [                roverMain] WARN          kafka.utils.VerifiableProperties - Property key.serializer is not valid
2018-03-10 23:55:39,374 [                roverMain] WARN          kafka.utils.VerifiableProperties - Property metadata.broker.list is not valid
2018-03-10 23:55:39,374 [                roverMain] WARN          kafka.utils.VerifiableProperties - Property source.topic is not valid
2018-03-10 23:55:39,374 [                roverMain] WARN          kafka.utils.VerifiableProperties - Property value.serializer is not valid
2018-03-10 23:55:39,374 [                roverMain] INFO          kafka.utils.VerifiableProperties - Property zookeeper.connect is overridden to localhost:2181
2018-03-10 23:55:39,569 [                roverMain] INFO  kafka.consumer.ZookeeperConsumerConnector - [space.exploration.mars.rover.curiosity.1520747725473_zion-mainframe-1520747739568-3697e961], Connecting to zookeeper instance at localhost:2181
2018-03-10 23:55:39,579 [lient-EventThread-30-localhost:2181] INFO         org.I0Itec.zkclient.ZkEventThread - Starting ZkClient event thread.
2018-03-10 23:55:39,585 [                roverMain] INFO            org.apache.zookeeper.ZooKeeper - Client environment:zookeeper.version=3.4.6-1569965, built on 02/20/2014 09:09 GMT
2018-03-10 23:55:39,586 [                roverMain] INFO            org.apache.zookeeper.ZooKeeper - Client environment:host.name=zion-mainframe
2018-03-10 23:55:39,586 [                roverMain] INFO            org.apache.zookeeper.ZooKeeper - Client environment:java.version=1.8.0_151
2018-03-10 23:55:39,586 [                roverMain] INFO            org.apache.zookeeper.ZooKeeper - Client environment:java.vendor=Oracle Corporation
2018-03-10 23:55:39,586 [                roverMain] INFO            org.apache.zookeeper.ZooKeeper - Client environment:java.home=/usr/lib/jvm/java-8-openjdk-amd64/jre
2018-03-10 23:55:39,586 [                roverMain] INFO            org.apache.zookeeper.ZooKeeper - Client environment:java.class.path=target/mars.rover-1.5-SOLSHOT-shaded.jar
2018-03-10 23:55:39,586 [                roverMain] INFO            org.apache.zookeeper.ZooKeeper - Client environment:java.library.path=$LD_LIBRARY_PATH:"/home/sanket/Documents/workspace/SpiceUtilities/src/main/resources/JNISpice/lib/libJNISpice.so":/home/sanket/Documents/workspace/SpiceUtilities/src/main/resources/JNISpice/lib/libJNISpice.so:/usr/java/packages/lib/amd64:/usr/lib/x86_64-linux-gnu/jni:/lib/x86_64-linux-gnu:/usr/lib/x86_64-linux-gnu:/usr/lib/jni:/lib:/usr/lib
2018-03-10 23:55:39,586 [                roverMain] INFO            org.apache.zookeeper.ZooKeeper - Client environment:java.io.tmpdir=/tmp
2018-03-10 23:55:39,586 [                roverMain] INFO            org.apache.zookeeper.ZooKeeper - Client environment:java.compiler=<NA>
2018-03-10 23:55:39,586 [                roverMain] INFO            org.apache.zookeeper.ZooKeeper - Client environment:os.name=Linux
2018-03-10 23:55:39,586 [                roverMain] INFO            org.apache.zookeeper.ZooKeeper - Client environment:os.arch=amd64
2018-03-10 23:55:39,586 [                roverMain] INFO            org.apache.zookeeper.ZooKeeper - Client environment:os.version=4.13.0-36-generic
2018-03-10 23:55:39,586 [                roverMain] INFO            org.apache.zookeeper.ZooKeeper - Client environment:user.name=sanket
2018-03-10 23:55:39,586 [                roverMain] INFO            org.apache.zookeeper.ZooKeeper - Client environment:user.home=/home/sanket
2018-03-10 23:55:39,586 [                roverMain] INFO            org.apache.zookeeper.ZooKeeper - Client environment:user.dir=/home/sanket/Documents/workspace/MarsRover/mars.rover
2018-03-10 23:55:39,587 [                roverMain] INFO            org.apache.zookeeper.ZooKeeper - Initiating client connection, connectString=localhost:2181 sessionTimeout=6000 watcher=org.I0Itec.zkclient.ZkClient@399c4be1
2018-03-10 23:55:39,596 [                roverMain] INFO              org.I0Itec.zkclient.ZkClient - Waiting for keeper state SyncConnected
2018-03-10 23:55:39,598 [overMain-SendThread(localhost:2181)] INFO           org.apache.zookeeper.ClientCnxn - Opening socket connection to server localhost/127.0.0.1:2181. Will not attempt to authenticate using SASL (unknown error)
2018-03-10 23:55:39,602 [overMain-SendThread(localhost:2181)] INFO           org.apache.zookeeper.ClientCnxn - Socket connection established to localhost/127.0.0.1:2181, initiating session
2018-03-10 23:55:39,607 [overMain-SendThread(localhost:2181)] INFO           org.apache.zookeeper.ClientCnxn - Session establishment complete on server localhost/127.0.0.1:2181, sessionid = 0x161fec756df000b, negotiated timeout = 6000
2018-03-10 23:55:39,608 [    roverMain-EventThread] INFO              org.I0Itec.zkclient.ZkClient - zookeeper state changed (SyncConnected)
2018-03-10 23:55:39,619 [                roverMain] INFO  kafka.consumer.ZookeeperConsumerConnector - [space.exploration.mars.rover.curiosity.1520747725473_zion-mainframe-1520747739568-3697e961], starting auto committer every 60000 ms
2018-03-10 23:55:39,657 [                    radio] INFO  kafka.consumer.ZookeeperConsumerConnector - [space.exploration.mars.rover.curiosity.1520747725473_zion-mainframe-1520747739568-3697e961], begin registering consumer space.exploration.mars.rover.curiosity.1520747725473_zion-mainframe-1520747739568-3697e961 in ZK
2018-03-10 23:55:39,714 [                    radio] INFO            kafka.utils.ZKCheckedEphemeral - Creating /consumers/space.exploration.mars.rover.curiosity.1520747725473/ids/space.exploration.mars.rover.curiosity.1520747725473_zion-mainframe-1520747739568-3697e961 (is it secure? false)
2018-03-10 23:55:39,733 [                    radio] INFO            kafka.utils.ZKCheckedEphemeral - Result of znode creation is: OK
2018-03-10 23:55:39,736 [                    radio] INFO  kafka.consumer.ZookeeperConsumerConnector - [space.exploration.mars.rover.curiosity.1520747725473_zion-mainframe-1520747739568-3697e961], end registering consumer space.exploration.mars.rover.curiosity.1520747725473_zion-mainframe-1520747739568-3697e961 in ZK
2018-03-10 23:55:39,755 [747739568-3697e961_watcher_executor] INFO  kafka.consumer.ZookeeperConsumerConnector - [space.exploration.mars.rover.curiosity.1520747725473_zion-mainframe-1520747739568-3697e961], starting watcher executor thread for consumer space.exploration.mars.rover.curiosity.1520747725473_zion-mainframe-1520747739568-3697e961
2018-03-10 23:55:39,771 [                    radio] INFO  kafka.consumer.ZookeeperConsumerConnector - [space.exploration.mars.rover.curiosity.1520747725473_zion-mainframe-1520747739568-3697e961], begin rebalancing consumer space.exploration.mars.rover.curiosity.1520747725473_zion-mainframe-1520747739568-3697e961 try #0
2018-03-10 23:55:39,918 [                    radio] INFO     kafka.consumer.ConsumerFetcherManager - [ConsumerFetcherManager-1520747739616] Stopping leader finder thread
2018-03-10 23:55:39,919 [                    radio] INFO     kafka.consumer.ConsumerFetcherManager - [ConsumerFetcherManager-1520747739616] Stopping all fetchers
2018-03-10 23:55:39,919 [                    radio] INFO     kafka.consumer.ConsumerFetcherManager - [ConsumerFetcherManager-1520747739616] All connections stopped
2018-03-10 23:55:39,920 [                    radio] INFO  kafka.consumer.ZookeeperConsumerConnector - [space.exploration.mars.rover.curiosity.1520747725473_zion-mainframe-1520747739568-3697e961], Cleared all relevant queues for this fetcher
2018-03-10 23:55:39,920 [                    radio] INFO  kafka.consumer.ZookeeperConsumerConnector - [space.exploration.mars.rover.curiosity.1520747725473_zion-mainframe-1520747739568-3697e961], Cleared the data chunks in all the consumer message iterators
2018-03-10 23:55:39,921 [                    radio] INFO  kafka.consumer.ZookeeperConsumerConnector - [space.exploration.mars.rover.curiosity.1520747725473_zion-mainframe-1520747739568-3697e961], Committing all offsets after clearing the fetcher queues
2018-03-10 23:55:39,922 [                    radio] INFO  kafka.consumer.ZookeeperConsumerConnector - [space.exploration.mars.rover.curiosity.1520747725473_zion-mainframe-1520747739568-3697e961], Releasing partition ownership
2018-03-10 23:55:39,954 [                    radio] INFO              kafka.consumer.RangeAssignor - Consumer space.exploration.mars.rover.curiosity.1520747725473_zion-mainframe-1520747739568-3697e961 rebalancing the following partitions: ArrayBuffer(0) for topic earth_to_curiosity_5 with consumers: List(space.exploration.mars.rover.curiosity.1520747725473_zion-mainframe-1520747739568-3697e961-0)
2018-03-10 23:55:39,955 [                    radio] INFO              kafka.consumer.RangeAssignor - space.exploration.mars.rover.curiosity.1520747725473_zion-mainframe-1520747739568-3697e961-0 attempting to claim partition 0
2018-03-10 23:55:39,994 [                    radio] INFO  kafka.consumer.ZookeeperConsumerConnector - [space.exploration.mars.rover.curiosity.1520747725473_zion-mainframe-1520747739568-3697e961], space.exploration.mars.rover.curiosity.1520747725473_zion-mainframe-1520747739568-3697e961-0 successfully owned partition 0 for topic earth_to_curiosity_5
2018-03-10 23:55:40,011 [                    radio] INFO  kafka.consumer.ZookeeperConsumerConnector - [space.exploration.mars.rover.curiosity.1520747725473_zion-mainframe-1520747739568-3697e961], Consumer space.exploration.mars.rover.curiosity.1520747725473_zion-mainframe-1520747739568-3697e961 selected partitions : earth_to_curiosity_5:0: fetched offset = -1: consumed offset = -1
2018-03-10 23:55:40,014 [                    radio] INFO  kafka.consumer.ZookeeperConsumerConnector - [space.exploration.mars.rover.curiosity.1520747725473_zion-mainframe-1520747739568-3697e961], end rebalancing consumer space.exploration.mars.rover.curiosity.1520747725473_zion-mainframe-1520747739568-3697e961 try #0
2018-03-10 23:55:40,018 [39568-3697e961-leader-finder-thread] INFO  kafka.consumer.ConsumerFetcherManager$LeaderFinderThread - [space.exploration.mars.rover.curiosity.1520747725473_zion-mainframe-1520747739568-3697e961-leader-finder-thread], Starting 
2018-03-10 23:55:40,100 [39568-3697e961-leader-finder-thread] INFO          kafka.utils.VerifiableProperties - Verifying properties
2018-03-10 23:55:40,104 [39568-3697e961-leader-finder-thread] INFO          kafka.utils.VerifiableProperties - Property client.id is overridden to space.exploration.mars.rover.curiosity.1520747725473
2018-03-10 23:55:40,107 [39568-3697e961-leader-finder-thread] INFO          kafka.utils.VerifiableProperties - Property metadata.broker.list is overridden to zion-mainframe:9092
2018-03-10 23:55:40,109 [39568-3697e961-leader-finder-thread] INFO          kafka.utils.VerifiableProperties - Property request.timeout.ms is overridden to 30000
2018-03-10 23:55:40,124 [39568-3697e961-leader-finder-thread] INFO                 kafka.client.ClientUtils$ - Fetching metadata from broker BrokerEndPoint(0,zion-mainframe,9092) with correlation id 0 for 1 topic(s) Set(earth_to_curiosity_5)
2018-03-10 23:55:40,129 [39568-3697e961-leader-finder-thread] INFO               kafka.producer.SyncProducer - Connected to zion-mainframe:9092 for producing
2018-03-10 23:55:40,141 [39568-3697e961-leader-finder-thread] INFO               kafka.producer.SyncProducer - Disconnecting from zion-mainframe:9092
2018-03-10 23:55:40,160 [ainframe-1520747739568-3697e961-0-0] INFO      kafka.consumer.ConsumerFetcherThread - [ConsumerFetcherThread-space.exploration.mars.rover.curiosity.1520747725473_zion-mainframe-1520747739568-3697e961-0-0], Starting 
2018-03-10 23:55:40,175 [39568-3697e961-leader-finder-thread] INFO     kafka.consumer.ConsumerFetcherManager - [ConsumerFetcherManager-1520747739616] Added fetcher for partitions ArrayBuffer([[earth_to_curiosity_5,0], initOffset -1 to broker BrokerEndPoint(0,zion-mainframe,9092)] )
2018-03-10 23:55:40,629 [                roverMain] INFO  space.exploration.mars.rover.communication.Radio - Radio configured:: 
group.id::space.exploration.mars.rover.curiosity.1520747725473
auto.offset.reset::largest
bootstrap.servers::localhost:9092
value.serializer::org.apache.kafka.common.serialization.ByteArraySerializer
destination.topic::curiosity_to_earth_5
zookeeper.connect::localhost:2181
key.serializer::org.apache.kafka.common.serialization.StringSerializer
source.topic::earth_to_curiosity_5
metadata.broker.list::localhost:9092
2018-03-10 23:55:41,629 [                roverMain] INFO  space.exploration.mars.rover.sensor.Radar - Radar configured:: 
2018-03-10 23:55:47,800 [                roverMain] INFO  space.exploration.mars.rover.communication.Transmitter - Sending information packet to curiosity_to_earth_5
2018-03-10 23:55:50,805 [          spacecraftClock] INFO  space.exploration.mars.rover.sensor.DANSpectrometer - Commencing calibration for DAN Spectrometer for sol = 1522
2018-03-10 23:55:51,253 [          spacecraftClock] INFO  space.exploration.mars.rover.utils.FileUtil - File /home/sanket/Documents/workspace/MarsRover/mars.rover/dataArchives/APXS/1522/ does not exist. Trying to create it now.
2018-03-10 23:55:51,254 [          spacecraftClock] INFO  space.exploration.mars.rover.utils.FileUtil - Successfully created /home/sanket/Documents/workspace/MarsRover/mars.rover/dataArchives/APXS/1522/
2018-03-10 23:55:51,309 [          spacecraftClock] ERROR space.exploration.mars.rover.service.ApxsDataService -  Could not find data files for sol = 1522 url = http://pds-geosciences.wustl.edu/msl/msl-m-apxs-4_5-rdr-v1/mslapx_1xxx/data/sol01522/
org.jsoup.HttpStatusException: HTTP error fetching URL. Status=404, URL=http://pds-geosciences.wustl.edu/msl/msl-m-apxs-4_5-rdr-v1/mslapx_1xxx/data/sol01522/
	at org.jsoup.helper.HttpConnection$Response.execute(HttpConnection.java:537)
	at org.jsoup.helper.HttpConnection$Response.execute(HttpConnection.java:493)
	at org.jsoup.helper.HttpConnection.execute(HttpConnection.java:205)
	at org.jsoup.helper.HttpConnection.get(HttpConnection.java:194)
	at space.exploration.mars.rover.service.ApxsDataService.getTargetURL(ApxsDataService.java:52)
	at space.exploration.mars.rover.service.ApxsDataService.<init>(ApxsDataService.java:25)
	at space.exploration.mars.rover.sensor.ApxsSpectrometer.calibrateApxsSpectrometer(ApxsSpectrometer.java:37)
	at space.exploration.mars.rover.kernel.Rover.updateSensors(Rover.java:504)
	at space.exploration.mars.rover.kernel.SpacecraftClock$Clock.run(SpacecraftClock.java:220)
	at java.util.concurrent.Executors$RunnableAdapter.call(Executors.java:511)
	at java.util.concurrent.FutureTask.runAndReset(FutureTask.java:308)
	at java.util.concurrent.ScheduledThreadPoolExecutor$ScheduledFutureTask.access$301(ScheduledThreadPoolExecutor.java:180)
	at java.util.concurrent.ScheduledThreadPoolExecutor$ScheduledFutureTask.run(ScheduledThreadPoolExecutor.java:294)
	at java.util.concurrent.ThreadPoolExecutor.runWorker(ThreadPoolExecutor.java:1149)
	at java.util.concurrent.ThreadPoolExecutor$Worker.run(ThreadPoolExecutor.java:624)
	at java.lang.Thread.run(Thread.java:748)
2018-03-10 23:55:51,314 [          spacecraftClock] INFO  space.exploration.mars.rover.utils.FileUtil - File at /home/sanket/Documents/workspace/MarsRover/mars.rover/dataArchives/APXS/1522/ exists - will delete it now.
2018-03-10 23:55:51,326 [          spacecraftClock] ERROR space.exploration.mars.rover.sensor.ApxsSpectrometer - ApxsData not available for sol = 1522
java.net.MalformedURLException
	at java.net.URL.<init>(URL.java:627)
	at java.net.URL.<init>(URL.java:490)
	at java.net.URL.<init>(URL.java:439)
	at space.exploration.mars.rover.utils.ServiceUtil.download(ServiceUtil.java:15)
	at space.exploration.mars.rover.utils.ServiceUtil.downloadCsv(ServiceUtil.java:40)
	at space.exploration.mars.rover.service.ApxsDataService.<init>(ApxsDataService.java:27)
	at space.exploration.mars.rover.sensor.ApxsSpectrometer.calibrateApxsSpectrometer(ApxsSpectrometer.java:37)
	at space.exploration.mars.rover.kernel.Rover.updateSensors(Rover.java:504)
	at space.exploration.mars.rover.kernel.SpacecraftClock$Clock.run(SpacecraftClock.java:220)
	at java.util.concurrent.Executors$RunnableAdapter.call(Executors.java:511)
	at java.util.concurrent.FutureTask.runAndReset(FutureTask.java:308)
	at java.util.concurrent.ScheduledThreadPoolExecutor$ScheduledFutureTask.access$301(ScheduledThreadPoolExecutor.java:180)
	at java.util.concurrent.ScheduledThreadPoolExecutor$ScheduledFutureTask.run(ScheduledThreadPoolExecutor.java:294)
	at java.util.concurrent.ThreadPoolExecutor.runWorker(ThreadPoolExecutor.java:1149)
	at java.util.concurrent.ThreadPoolExecutor$Worker.run(ThreadPoolExecutor.java:624)
	at java.lang.Thread.run(Thread.java:748)
Caused by: java.lang.NullPointerException
	at java.net.URL.<init>(URL.java:532)
	... 15 more
2018-03-10 23:55:51,337 [             sleepMonitor] INFO  space.exploration.mars.rover.animation.SleepingAnimationEngine - Rover is sleeping now
