2018-05-30 15:09:50,203 [main] INFO  space.exploration.mars.rover.kernel.SpacecraftClock - Valid utc time ranges are dictated by clockService as follows:
2018-05-30 15:09:50,204 [main] INFO  space.exploration.mars.rover.kernel.SpacecraftClock - APPLICABLE_START_TIME=2000-001T11:58:55.816, APPLICABLE_STOP_TIME=2017-360T19:17:40.149
2018-05-30 15:09:50,204 [main] INFO  space.exploration.mars.rover.kernel.SpacecraftClock - Given UTC = 2016-08-26~17:49:00
2018-05-30 15:09:50,204 [main] INFO  space.exploration.mars.rover.kernel.SpacecraftClock - Please ensure that positionSensor and sclk are synchronized
2018-05-30 15:09:50,213 [main] INFO  space.exploration.mars.rover.kernel.SpacecraftClock - Curiosity internal spacecraft clock started at :: 2016-08-26T22:49:00.000Z
2018-05-30 15:09:50,213 [main] INFO  space.exploration.mars.rover.kernel.SpacecraftClock - Mission duration is set to :: 1 year(s).
2018-05-30 15:09:50,213 [main] INFO  space.exploration.mars.rover.kernel.SpacecraftClock - Mission duration = 31536000000
2018-05-30 15:09:50,214 [main] INFO  space.exploration.mars.rover.kernel.SpacecraftClock - Internal time::2016-08-26T22:49:00.000Z sclk of::
2018-05-30 15:09:51,215 [main] INFO  space.exploration.mars.rover.kernel.SpacecraftClock - Internal time::2016-08-26T17:50:00.000-05:00 sclk of::1/01442:12:14:48:11433
2018-05-30 15:09:52,215 [main] INFO  space.exploration.mars.rover.kernel.SpacecraftClock - Internal time::2016-08-26T17:50:00.000-05:00 sclk of::1/01442:12:14:48:11433
2018-05-30 15:09:53,216 [main] INFO  space.exploration.mars.rover.kernel.SpacecraftClock - Internal time::2016-08-26T17:50:00.000-05:00 sclk of::1/01442:12:14:48:11433
2018-05-30 15:09:54,218 [main] INFO  space.exploration.mars.rover.kernel.SpacecraftClock - Internal time::2016-08-26T17:50:00.000-05:00 sclk of::1/01442:12:14:48:11433
2018-05-30 15:09:55,219 [main] INFO  space.exploration.mars.rover.kernel.SpacecraftClock - Internal time::2016-08-26T17:50:00.000-05:00 sclk of::1/01442:12:14:48:11433
2018-05-30 15:09:56,221 [main] INFO  space.exploration.mars.rover.kernel.SpacecraftClock - Internal time::2016-08-26T17:50:00.000-05:00 sclk of::1/01442:12:14:48:11433
2018-05-30 15:09:57,222 [main] INFO  space.exploration.mars.rover.kernel.SpacecraftClock - Internal time::2016-08-26T17:50:00.000-05:00 sclk of::1/01442:12:14:48:11433
2018-05-30 15:09:58,224 [main] INFO  space.exploration.mars.rover.kernel.SpacecraftClock - Internal time::2016-08-26T17:50:00.000-05:00 sclk of::1/01442:12:14:48:11433
2018-05-30 15:09:59,226 [main] INFO  space.exploration.mars.rover.kernel.SpacecraftClock - Internal time::2016-08-26T17:50:00.000-05:00 sclk of::1/01442:12:14:48:11433
2018-05-30 15:10:00,227 [main] INFO  space.exploration.mars.rover.kernel.SpacecraftClock - Internal time::2016-08-26T17:50:00.000-05:00 sclk of::1/01442:12:14:48:11433
2018-05-30 15:10:00,247 [main] INFO  space.exploration.mars.rover.kernel.SpacecraftClock - Internal time::2016-08-26T17:50:00.000-05:00 sclk of::1/01442:12:14:48:11433
2018-05-30 15:10:01,316 [main] INFO  space.exploration.mars.rover.kernel.SpacecraftClock - Valid utc time ranges are dictated by clockService as follows:
2018-05-30 15:10:01,316 [main] INFO  space.exploration.mars.rover.kernel.SpacecraftClock - APPLICABLE_START_TIME=2000-001T11:58:55.816, APPLICABLE_STOP_TIME=2017-360T19:17:40.149
2018-05-30 15:10:01,316 [main] INFO  space.exploration.mars.rover.kernel.SpacecraftClock - Given UTC = 2016-08-26~17:49:00
2018-05-30 15:10:01,316 [main] INFO  space.exploration.mars.rover.kernel.SpacecraftClock - Please ensure that positionSensor and sclk are synchronized
2018-05-30 15:10:01,317 [main] INFO  space.exploration.mars.rover.kernel.SpacecraftClock - Curiosity internal spacecraft clock started at :: 2016-08-26T22:49:00.000Z
2018-05-30 15:10:01,317 [main] INFO  space.exploration.mars.rover.kernel.SpacecraftClock - Mission duration is set to :: 1 year(s).
2018-05-30 15:10:01,317 [main] INFO  space.exploration.mars.rover.kernel.SpacecraftClock - Mission duration = 31536000000
2018-05-30 15:10:01,317 [main] INFO  space.exploration.mars.rover.kernel.SpacecraftClock - Internal time::2016-08-26T22:49:00.000Z sclk of::
2018-05-30 15:10:02,329 [main] INFO  space.exploration.mars.rover.kernel.SpacecraftClock - Valid utc time ranges are dictated by clockService as follows:
2018-05-30 15:10:02,330 [main] INFO  space.exploration.mars.rover.kernel.SpacecraftClock - APPLICABLE_START_TIME=2000-001T11:58:55.816, APPLICABLE_STOP_TIME=2017-360T19:17:40.149
2018-05-30 15:10:02,330 [main] INFO  space.exploration.mars.rover.kernel.SpacecraftClock - Given UTC = 2016-08-26~17:49:00
2018-05-30 15:10:02,330 [main] INFO  space.exploration.mars.rover.kernel.SpacecraftClock - Please ensure that positionSensor and sclk are synchronized
2018-05-30 15:10:02,330 [main] INFO  space.exploration.mars.rover.kernel.SpacecraftClock - Curiosity internal spacecraft clock started at :: 2016-08-26T22:49:00.000Z
2018-05-30 15:10:02,330 [main] INFO  space.exploration.mars.rover.kernel.SpacecraftClock - Mission duration is set to :: 1 year(s).
2018-05-30 15:10:02,330 [main] INFO  space.exploration.mars.rover.kernel.SpacecraftClock - Mission duration = 31536000000
2018-05-30 15:10:02,330 [main] INFO  space.exploration.mars.rover.kernel.SpacecraftClock - UTCTime = 2016-05-05~12:00:00
2018-05-30 15:10:02,330 [main] INFO  space.exploration.mars.rover.kernel.SpacecraftClock - Valid utc time ranges are dictated by clockService as follows:
2018-05-30 15:10:02,330 [main] INFO  space.exploration.mars.rover.kernel.SpacecraftClock - APPLICABLE_START_TIME=2000-001T11:58:55.816, APPLICABLE_STOP_TIME=2017-360T19:17:40.149
2018-05-30 15:10:02,330 [main] INFO  space.exploration.mars.rover.kernel.SpacecraftClock - Given UTC = 2016-05-05~12:00:00
2018-05-30 15:10:02,330 [main] INFO  space.exploration.mars.rover.kernel.SpacecraftClock - Please ensure that positionSensor and sclk are synchronized
2018-05-30 15:10:03,331 [main] INFO  space.exploration.mars.rover.kernel.SpacecraftClock - Internal time::2016-05-05T12:03:00.000-05:00 sclk of::1/01332:07:09:48:04872
2018-05-30 15:10:04,333 [main] INFO  space.exploration.mars.rover.kernel.SpacecraftClock - Internal time::2016-05-05T12:04:00.000-05:00 sclk of::1/01332:07:10:46:44338
2018-05-30 15:10:05,335 [main] INFO  space.exploration.mars.rover.kernel.SpacecraftClock - Internal time::2016-05-05T12:05:00.000-05:00 sclk of::1/01332:07:11:44:83804
2018-05-30 15:10:06,337 [main] INFO  space.exploration.mars.rover.kernel.SpacecraftClock - Internal time::2016-05-05T12:06:00.000-05:00 sclk of::1/01332:07:12:43:23269
2018-05-30 15:10:07,338 [main] INFO  space.exploration.mars.rover.kernel.SpacecraftClock - Internal time::2016-05-05T12:07:00.000-05:00 sclk of::1/01332:07:13:41:62735
2018-05-30 15:10:08,339 [main] INFO  space.exploration.mars.rover.kernel.SpacecraftClock - Internal time::2016-05-05T12:08:00.000-05:00 sclk of::1/01332:07:14:40:02201
2018-05-30 15:10:09,339 [main] INFO  space.exploration.mars.rover.kernel.SpacecraftClock - Internal time::2016-05-05T12:09:00.000-05:00 sclk of::1/01332:07:15:38:41667
2018-05-30 15:10:10,340 [main] INFO  space.exploration.mars.rover.kernel.SpacecraftClock - Internal time::2016-05-05T12:10:00.000-05:00 sclk of::1/01332:07:16:36:81132
2018-05-30 15:10:11,341 [main] INFO  space.exploration.mars.rover.kernel.SpacecraftClock - Internal time::2016-05-05T12:11:00.000-05:00 sclk of::1/01332:07:17:35:20598
2018-05-30 15:10:12,341 [main] INFO  space.exploration.mars.rover.kernel.SpacecraftClock - Internal time::2016-05-05T12:12:00.000-05:00 sclk of::1/01332:07:18:33:60064
2018-05-30 15:10:12,343 [main] INFO  space.exploration.mars.rover.kernel.SpacecraftClock - Internal time::2016-05-05T12:12:00.000-05:00 sclk of::1/01332:07:18:33:60064
