2018-02-03 09:52:02,059 [                roverMain] ERROR space.exploration.mars.rover.sensor.DANSpectrometer - Property not found in marsConfig - mars.rover.dan.lifespan . Defaulting the value to 1000 
java.lang.NumberFormatException: null
	at java.lang.Integer.parseInt(Integer.java:542)
	at java.lang.Integer.parseInt(Integer.java:615)
	at space.exploration.mars.rover.sensor.DANSpectrometer.<init>(DANSpectrometer.java:27)
	at space.exploration.mars.rover.kernel.Rover.bootUp(Rover.java:700)
	at space.exploration.mars.rover.kernel.Rover.<init>(Rover.java:121)
	at space.exploration.mars.rover.bootstrap.MarsMissionLaunch.main(MarsMissionLaunch.java:17)
2018-02-03 09:52:03,140 [                roverMain] INFO  space.exploration.mars.rover.kernel.SpacecraftClock - Valid utc time ranges are dictated by clockService as follows:
2018-02-03 09:52:03,140 [                roverMain] INFO  space.exploration.mars.rover.kernel.SpacecraftClock - APPLICABLE_START_TIME=2000-001T11:58:55.816, APPLICABLE_STOP_TIME=2017-360T19:17:40.149
2018-02-03 09:52:03,141 [                roverMain] INFO  space.exploration.mars.rover.kernel.SpacecraftClock - Given UTC = 2016-08-26~17:49:00
2018-02-03 09:52:03,141 [                roverMain] INFO  space.exploration.mars.rover.kernel.SpacecraftClock - Please ensure that positionSensor and sclk are synchronized
2018-02-03 09:52:03,154 [                roverMain] INFO  space.exploration.mars.rover.kernel.SpacecraftClock - Curiosity internal spacecraft clock started at :: 2016-08-26T22:49:00.000Z
2018-02-03 09:52:03,154 [                roverMain] INFO  space.exploration.mars.rover.kernel.SpacecraftClock - Mission duration is set to :: 1 year(s).
2018-02-03 09:52:03,154 [                roverMain] INFO  space.exploration.mars.rover.kernel.SpacecraftClock - Mission duration = 31536000000
2018-02-03 09:52:07,313 [                roverMain] INFO  space.exploration.mars.rover.diagnostics.RoverGarbageCollector - Starting garbageCollection
2018-02-03 09:52:09,315 [                roverMain] INFO  space.exploration.mars.rover.kernel.Rover - Rover current position is = java.awt.Point[x=675,y=675]
2018-02-03 09:52:10,318 [                roverMain] INFO  space.exploration.mars.rover.sensor.Lidar - Lidar initialized and ready!
2018-02-03 09:52:11,612 [                roverMain] INFO  space.exploration.mars.rover.sensor.Camera - Camera initialized and ready!
2018-02-03 09:52:12,615 [                roverMain] INFO  space.exploration.mars.rover.sensor.Radar - Radar configured:: 
2018-02-03 09:52:13,927 [                roverMain] INFO  space.exploration.mars.rover.power.Battery - Battery configured, batteryLife:primaryPowerUnits = 1200 auxiliaryPowerUnits = 100 alertThreshold: 100 rechargeTime = 60000
2018-02-03 09:52:14,933 [                roverMain] INFO  space.exploration.mars.rover.kernel.Rover - Battery Monitor configured!
2018-02-03 09:52:14,953 [                roverMain] INFO  org.apache.kafka.clients.producer.ProducerConfig - ProducerConfig values: 
	metric.reporters = []
	metadata.max.age.ms = 300000
	reconnect.backoff.ms = 50
	sasl.kerberos.ticket.renew.window.factor = 0.8
	bootstrap.servers = [localhost:9092]
	ssl.keystore.type = JKS
	sasl.mechanism = GSSAPI
	max.block.ms = 60000
	interceptor.classes = null
	ssl.truststore.password = null
	client.id = 
	ssl.endpoint.identification.algorithm = null
	request.timeout.ms = 30000
	acks = 1
	receive.buffer.bytes = 32768
	ssl.truststore.type = JKS
	retries = 0
	ssl.truststore.location = null
	ssl.keystore.password = null
	send.buffer.bytes = 131072
	compression.type = none
	metadata.fetch.timeout.ms = 60000
	retry.backoff.ms = 100
	sasl.kerberos.kinit.cmd = /usr/bin/kinit
	buffer.memory = 33554432
	timeout.ms = 30000
	key.serializer = class org.apache.kafka.common.serialization.StringSerializer
	sasl.kerberos.service.name = null
	sasl.kerberos.ticket.renew.jitter = 0.05
	ssl.trustmanager.algorithm = PKIX
	block.on.buffer.full = false
	ssl.key.password = null
	sasl.kerberos.min.time.before.relogin = 60000
	connections.max.idle.ms = 540000
	max.in.flight.requests.per.connection = 5
	metrics.num.samples = 2
	ssl.protocol = TLS
	ssl.provider = null
	ssl.enabled.protocols = [TLSv1.2, TLSv1.1, TLSv1]
	batch.size = 16384
	ssl.keystore.location = null
	ssl.cipher.suites = null
	security.protocol = PLAINTEXT
	max.request.size = 1048576
	value.serializer = class org.apache.kafka.common.serialization.ByteArraySerializer
	ssl.keymanager.algorithm = SunX509
	metrics.sample.window.ms = 30000
	partitioner.class = class org.apache.kafka.clients.producer.internals.DefaultPartitioner
	linger.ms = 0

2018-02-03 09:52:15,037 [                roverMain] INFO  org.apache.kafka.clients.producer.ProducerConfig - ProducerConfig values: 
	metric.reporters = []
	metadata.max.age.ms = 300000
	reconnect.backoff.ms = 50
	sasl.kerberos.ticket.renew.window.factor = 0.8
	bootstrap.servers = [localhost:9092]
	ssl.keystore.type = JKS
	sasl.mechanism = GSSAPI
	max.block.ms = 60000
	interceptor.classes = null
	ssl.truststore.password = null
	client.id = producer-1
	ssl.endpoint.identification.algorithm = null
	request.timeout.ms = 30000
	acks = 1
	receive.buffer.bytes = 32768
	ssl.truststore.type = JKS
	retries = 0
	ssl.truststore.location = null
	ssl.keystore.password = null
	send.buffer.bytes = 131072
	compression.type = none
	metadata.fetch.timeout.ms = 60000
	retry.backoff.ms = 100
	sasl.kerberos.kinit.cmd = /usr/bin/kinit
	buffer.memory = 33554432
	timeout.ms = 30000
	key.serializer = class org.apache.kafka.common.serialization.StringSerializer
	sasl.kerberos.service.name = null
	sasl.kerberos.ticket.renew.jitter = 0.05
	ssl.trustmanager.algorithm = PKIX
	block.on.buffer.full = false
	ssl.key.password = null
	sasl.kerberos.min.time.before.relogin = 60000
	connections.max.idle.ms = 540000
	max.in.flight.requests.per.connection = 5
	metrics.num.samples = 2
	ssl.protocol = TLS
	ssl.provider = null
	ssl.enabled.protocols = [TLSv1.2, TLSv1.1, TLSv1]
	batch.size = 16384
	ssl.keystore.location = null
	ssl.cipher.suites = null
	security.protocol = PLAINTEXT
	max.request.size = 1048576
	value.serializer = class org.apache.kafka.common.serialization.ByteArraySerializer
	ssl.keymanager.algorithm = SunX509
	metrics.sample.window.ms = 30000
	partitioner.class = class org.apache.kafka.clients.producer.internals.DefaultPartitioner
	linger.ms = 0

2018-02-03 09:52:15,038 [                roverMain] WARN  org.apache.kafka.clients.producer.ProducerConfig - The configuration zookeeper.connect = localhost:2181 was supplied but isn't a known config.
2018-02-03 09:52:15,038 [                roverMain] WARN  org.apache.kafka.clients.producer.ProducerConfig - The configuration group.id = space.exploration.mars.rover.curiosity.1517673120696 was supplied but isn't a known config.
2018-02-03 09:52:15,038 [                roverMain] WARN  org.apache.kafka.clients.producer.ProducerConfig - The configuration source.topic = earth_to_curiosity_5 was supplied but isn't a known config.
2018-02-03 09:52:15,038 [                roverMain] WARN  org.apache.kafka.clients.producer.ProducerConfig - The configuration auto.offset.reset = largest was supplied but isn't a known config.
2018-02-03 09:52:15,038 [                roverMain] WARN  org.apache.kafka.clients.producer.ProducerConfig - The configuration metadata.broker.list = localhost:9092 was supplied but isn't a known config.
2018-02-03 09:52:15,038 [                roverMain] WARN  org.apache.kafka.clients.producer.ProducerConfig - The configuration destination.topic = curiosity_to_earth_5 was supplied but isn't a known config.
2018-02-03 09:52:15,039 [                roverMain] INFO  org.apache.kafka.common.utils.AppInfoParser - Kafka version : 0.10.0.1
2018-02-03 09:52:15,039 [                roverMain] INFO  org.apache.kafka.common.utils.AppInfoParser - Kafka commitId : a7a17cdec9eaa6c5
2018-02-03 09:52:15,174 [                roverMain] INFO          kafka.utils.VerifiableProperties - Verifying properties
2018-02-03 09:52:15,202 [                roverMain] INFO          kafka.utils.VerifiableProperties - Property auto.offset.reset is overridden to largest
2018-02-03 09:52:15,202 [                roverMain] WARN          kafka.utils.VerifiableProperties - Property bootstrap.servers is not valid
2018-02-03 09:52:15,202 [                roverMain] WARN          kafka.utils.VerifiableProperties - Property destination.topic is not valid
2018-02-03 09:52:15,203 [                roverMain] INFO          kafka.utils.VerifiableProperties - Property group.id is overridden to space.exploration.mars.rover.curiosity.1517673120696
2018-02-03 09:52:15,203 [                roverMain] WARN          kafka.utils.VerifiableProperties - Property key.serializer is not valid
2018-02-03 09:52:15,203 [                roverMain] WARN          kafka.utils.VerifiableProperties - Property metadata.broker.list is not valid
2018-02-03 09:52:15,203 [                roverMain] WARN          kafka.utils.VerifiableProperties - Property source.topic is not valid
2018-02-03 09:52:15,203 [                roverMain] WARN          kafka.utils.VerifiableProperties - Property value.serializer is not valid
2018-02-03 09:52:15,203 [                roverMain] INFO          kafka.utils.VerifiableProperties - Property zookeeper.connect is overridden to localhost:2181
2018-02-03 09:52:15,248 [                roverMain] INFO  kafka.consumer.ZookeeperConsumerConnector - [space.exploration.mars.rover.curiosity.1517673120696_zion-mainframe-1517673135247-fdb28c57], Connecting to zookeeper instance at localhost:2181
2018-02-03 09:52:15,259 [lient-EventThread-30-localhost:2181] INFO         org.I0Itec.zkclient.ZkEventThread - Starting ZkClient event thread.
2018-02-03 09:52:15,263 [                roverMain] INFO            org.apache.zookeeper.ZooKeeper - Client environment:zookeeper.version=3.4.6-1569965, built on 02/20/2014 09:09 GMT
2018-02-03 09:52:15,263 [                roverMain] INFO            org.apache.zookeeper.ZooKeeper - Client environment:host.name=zion-mainframe
2018-02-03 09:52:15,263 [                roverMain] INFO            org.apache.zookeeper.ZooKeeper - Client environment:java.version=1.8.0_151
2018-02-03 09:52:15,263 [                roverMain] INFO            org.apache.zookeeper.ZooKeeper - Client environment:java.vendor=Oracle Corporation
2018-02-03 09:52:15,263 [                roverMain] INFO            org.apache.zookeeper.ZooKeeper - Client environment:java.home=/usr/lib/jvm/java-8-openjdk-amd64/jre
2018-02-03 09:52:15,263 [                roverMain] INFO            org.apache.zookeeper.ZooKeeper - Client environment:java.class.path=/usr/lib/jvm/java-1.8.0-openjdk-amd64/jre/lib/charsets.jar:/usr/lib/jvm/java-1.8.0-openjdk-amd64/jre/lib/ext/cldrdata.jar:/usr/lib/jvm/java-1.8.0-openjdk-amd64/jre/lib/ext/dnsns.jar:/usr/lib/jvm/java-1.8.0-openjdk-amd64/jre/lib/ext/icedtea-sound.jar:/usr/lib/jvm/java-1.8.0-openjdk-amd64/jre/lib/ext/jaccess.jar:/usr/lib/jvm/java-1.8.0-openjdk-amd64/jre/lib/ext/localedata.jar:/usr/lib/jvm/java-1.8.0-openjdk-amd64/jre/lib/ext/nashorn.jar:/usr/lib/jvm/java-1.8.0-openjdk-amd64/jre/lib/ext/sunec.jar:/usr/lib/jvm/java-1.8.0-openjdk-amd64/jre/lib/ext/sunjce_provider.jar:/usr/lib/jvm/java-1.8.0-openjdk-amd64/jre/lib/ext/sunpkcs11.jar:/usr/lib/jvm/java-1.8.0-openjdk-amd64/jre/lib/ext/zipfs.jar:/usr/lib/jvm/java-1.8.0-openjdk-amd64/jre/lib/jce.jar:/usr/lib/jvm/java-1.8.0-openjdk-amd64/jre/lib/jsse.jar:/usr/lib/jvm/java-1.8.0-openjdk-amd64/jre/lib/management-agent.jar:/usr/lib/jvm/java-1.8.0-openjdk-amd64/jre/lib/resources.jar:/usr/lib/jvm/java-1.8.0-openjdk-amd64/jre/lib/rt.jar:/home/sanket/Documents/workspace/MarsRover/mars.rover/target/classes:/home/sanket/.m2/repository/io/dropwizard/metrics/metrics-core/4.0.0/metrics-core-4.0.0.jar:/home/sanket/.m2/repository/org/slf4j/slf4j-api/1.7.25/slf4j-api-1.7.25.jar:/home/sanket/.m2/repository/org/apache/kafka/kafka_2.10/0.10.0.1/kafka_2.10-0.10.0.1.jar:/home/sanket/.m2/repository/com/101tec/zkclient/0.8/zkclient-0.8.jar:/home/sanket/.m2/repository/org/scala-lang/scala-library/2.10.6/scala-library-2.10.6.jar:/home/sanket/.m2/repository/org/slf4j/slf4j-log4j12/1.7.21/slf4j-log4j12-1.7.21.jar:/home/sanket/.m2/repository/com/yammer/metrics/metrics-core/2.2.0/metrics-core-2.2.0.jar:/home/sanket/.m2/repository/org/apache/kafka/kafka-clients/0.10.0.1/kafka-clients-0.10.0.1.jar:/home/sanket/.m2/repository/net/jpountz/lz4/lz4/1.3.0/lz4-1.3.0.jar:/home/sanket/.m2/repository/org/xerial/snappy/snappy-java/1.1.2.6/snappy-java-1.1.2.6.jar:/home/sanket/.m2/repository/net/sf/jopt-simple/jopt-simple/4.9/jopt-simple-4.9.jar:/home/sanket/.m2/repository/org/apache/zookeeper/zookeeper/3.4.6/zookeeper-3.4.6.jar:/home/sanket/.m2/repository/jline/jline/0.9.94/jline-0.9.94.jar:/home/sanket/.m2/repository/io/netty/netty/3.7.0.Final/netty-3.7.0.Final.jar:/home/sanket/.m2/repository/org/tensorflow/tensorflow/1.1.0/tensorflow-1.1.0.jar:/home/sanket/.m2/repository/org/tensorflow/libtensorflow/1.1.0/libtensorflow-1.1.0.jar:/home/sanket/.m2/repository/org/tensorflow/libtensorflow_jni/1.1.0/libtensorflow_jni-1.1.0.jar:/home/sanket/.m2/repository/mysql/mysql-connector-java/5.1.6/mysql-connector-java-5.1.6.jar:/home/sanket/.m2/repository/com/google/code/gson/gson/2.8.2/gson-2.8.2.jar:/home/sanket/.m2/repository/joda-time/joda-time/2.8.1/joda-time-2.8.1.jar:/home/sanket/.m2/repository/org/jsoup/jsoup/1.8.3/jsoup-1.8.3.jar:/home/sanket/.m2/repository/space/exploration/communications.protocol/1.3/communications.protocol-1.3.jar:/home/sanket/.m2/repository/com/google/protobuf/protobuf-java/3.4.0/protobuf-java-3.4.0.jar:/home/sanket/.m2/repository/space/exploration/spice.utilities/1.2.3/spice.utilities-1.2.3.jar:/home/sanket/.m2/repository/commons-io/commons-io/1.3.2/commons-io-1.3.2.jar:/home/sanket/.m2/repository/log4j/log4j/1.2.17/log4j-1.2.17.jar:/home/sanket/Documents/Tools/idea/idea-IU-173.3727.127/lib/idea_rt.jar
2018-02-03 09:52:15,264 [                roverMain] INFO            org.apache.zookeeper.ZooKeeper - Client environment:java.library.path=$LD_LIBRARY_PATH:"/home/sanket/Documents/workspace/SpiceUtilities/src/main/resources/JNISpice/lib/libJNISpice.so":/usr/java/packages/lib/amd64:/usr/lib/x86_64-linux-gnu/jni:/lib/x86_64-linux-gnu:/usr/lib/x86_64-linux-gnu:/usr/lib/jni:/lib:/usr/lib
2018-02-03 09:52:15,264 [                roverMain] INFO            org.apache.zookeeper.ZooKeeper - Client environment:java.io.tmpdir=/tmp
2018-02-03 09:52:15,264 [                roverMain] INFO            org.apache.zookeeper.ZooKeeper - Client environment:java.compiler=<NA>
2018-02-03 09:52:15,264 [                roverMain] INFO            org.apache.zookeeper.ZooKeeper - Client environment:os.name=Linux
2018-02-03 09:52:15,264 [                roverMain] INFO            org.apache.zookeeper.ZooKeeper - Client environment:os.arch=amd64
2018-02-03 09:52:15,264 [                roverMain] INFO            org.apache.zookeeper.ZooKeeper - Client environment:os.version=4.13.0-32-generic
2018-02-03 09:52:15,264 [                roverMain] INFO            org.apache.zookeeper.ZooKeeper - Client environment:user.name=sanket
2018-02-03 09:52:15,264 [                roverMain] INFO            org.apache.zookeeper.ZooKeeper - Client environment:user.home=/home/sanket
2018-02-03 09:52:15,264 [                roverMain] INFO            org.apache.zookeeper.ZooKeeper - Client environment:user.dir=/home/sanket/Documents/workspace/MarsRover/mars.rover
2018-02-03 09:52:15,264 [                roverMain] INFO            org.apache.zookeeper.ZooKeeper - Initiating client connection, connectString=localhost:2181 sessionTimeout=6000 watcher=org.I0Itec.zkclient.ZkClient@7c9d8e2
2018-02-03 09:52:15,273 [                roverMain] INFO              org.I0Itec.zkclient.ZkClient - Waiting for keeper state SyncConnected
2018-02-03 09:52:15,275 [overMain-SendThread(localhost:2181)] INFO           org.apache.zookeeper.ClientCnxn - Opening socket connection to server localhost/127.0.0.1:2181. Will not attempt to authenticate using SASL (unknown error)
2018-02-03 09:52:15,279 [overMain-SendThread(localhost:2181)] INFO           org.apache.zookeeper.ClientCnxn - Socket connection established to localhost/127.0.0.1:2181, initiating session
2018-02-03 09:52:15,285 [overMain-SendThread(localhost:2181)] INFO           org.apache.zookeeper.ClientCnxn - Session establishment complete on server localhost/127.0.0.1:2181, sessionid = 0x1615861f7cf000e, negotiated timeout = 6000
2018-02-03 09:52:15,286 [    roverMain-EventThread] INFO              org.I0Itec.zkclient.ZkClient - zookeeper state changed (SyncConnected)
2018-02-03 09:52:15,296 [                roverMain] INFO  kafka.consumer.ZookeeperConsumerConnector - [space.exploration.mars.rover.curiosity.1517673120696_zion-mainframe-1517673135247-fdb28c57], starting auto committer every 60000 ms
2018-02-03 09:52:15,325 [                    radio] INFO  kafka.consumer.ZookeeperConsumerConnector - [space.exploration.mars.rover.curiosity.1517673120696_zion-mainframe-1517673135247-fdb28c57], begin registering consumer space.exploration.mars.rover.curiosity.1517673120696_zion-mainframe-1517673135247-fdb28c57 in ZK
2018-02-03 09:52:15,378 [                    radio] INFO            kafka.utils.ZKCheckedEphemeral - Creating /consumers/space.exploration.mars.rover.curiosity.1517673120696/ids/space.exploration.mars.rover.curiosity.1517673120696_zion-mainframe-1517673135247-fdb28c57 (is it secure? false)
2018-02-03 09:52:15,389 [                    radio] INFO            kafka.utils.ZKCheckedEphemeral - Result of znode creation is: OK
2018-02-03 09:52:15,390 [                    radio] INFO  kafka.consumer.ZookeeperConsumerConnector - [space.exploration.mars.rover.curiosity.1517673120696_zion-mainframe-1517673135247-fdb28c57], end registering consumer space.exploration.mars.rover.curiosity.1517673120696_zion-mainframe-1517673135247-fdb28c57 in ZK
2018-02-03 09:52:15,394 [673135247-fdb28c57_watcher_executor] INFO  kafka.consumer.ZookeeperConsumerConnector - [space.exploration.mars.rover.curiosity.1517673120696_zion-mainframe-1517673135247-fdb28c57], starting watcher executor thread for consumer space.exploration.mars.rover.curiosity.1517673120696_zion-mainframe-1517673135247-fdb28c57
2018-02-03 09:52:15,422 [                    radio] INFO  kafka.consumer.ZookeeperConsumerConnector - [space.exploration.mars.rover.curiosity.1517673120696_zion-mainframe-1517673135247-fdb28c57], begin rebalancing consumer space.exploration.mars.rover.curiosity.1517673120696_zion-mainframe-1517673135247-fdb28c57 try #0
2018-02-03 09:52:15,508 [                    radio] INFO     kafka.consumer.ConsumerFetcherManager - [ConsumerFetcherManager-1517673135294] Stopping leader finder thread
2018-02-03 09:52:15,508 [                    radio] INFO     kafka.consumer.ConsumerFetcherManager - [ConsumerFetcherManager-1517673135294] Stopping all fetchers
2018-02-03 09:52:15,509 [                    radio] INFO     kafka.consumer.ConsumerFetcherManager - [ConsumerFetcherManager-1517673135294] All connections stopped
2018-02-03 09:52:15,509 [                    radio] INFO  kafka.consumer.ZookeeperConsumerConnector - [space.exploration.mars.rover.curiosity.1517673120696_zion-mainframe-1517673135247-fdb28c57], Cleared all relevant queues for this fetcher
2018-02-03 09:52:15,510 [                    radio] INFO  kafka.consumer.ZookeeperConsumerConnector - [space.exploration.mars.rover.curiosity.1517673120696_zion-mainframe-1517673135247-fdb28c57], Cleared the data chunks in all the consumer message iterators
2018-02-03 09:52:15,510 [                    radio] INFO  kafka.consumer.ZookeeperConsumerConnector - [space.exploration.mars.rover.curiosity.1517673120696_zion-mainframe-1517673135247-fdb28c57], Committing all offsets after clearing the fetcher queues
2018-02-03 09:52:15,511 [                    radio] INFO  kafka.consumer.ZookeeperConsumerConnector - [space.exploration.mars.rover.curiosity.1517673120696_zion-mainframe-1517673135247-fdb28c57], Releasing partition ownership
2018-02-03 09:52:15,537 [                    radio] INFO              kafka.consumer.RangeAssignor - Consumer space.exploration.mars.rover.curiosity.1517673120696_zion-mainframe-1517673135247-fdb28c57 rebalancing the following partitions: ArrayBuffer(0) for topic earth_to_curiosity_5 with consumers: List(space.exploration.mars.rover.curiosity.1517673120696_zion-mainframe-1517673135247-fdb28c57-0)
2018-02-03 09:52:15,539 [                    radio] INFO              kafka.consumer.RangeAssignor - space.exploration.mars.rover.curiosity.1517673120696_zion-mainframe-1517673135247-fdb28c57-0 attempting to claim partition 0
2018-02-03 09:52:15,570 [                    radio] INFO  kafka.consumer.ZookeeperConsumerConnector - [space.exploration.mars.rover.curiosity.1517673120696_zion-mainframe-1517673135247-fdb28c57], space.exploration.mars.rover.curiosity.1517673120696_zion-mainframe-1517673135247-fdb28c57-0 successfully owned partition 0 for topic earth_to_curiosity_5
2018-02-03 09:52:15,582 [                    radio] INFO  kafka.consumer.ZookeeperConsumerConnector - [space.exploration.mars.rover.curiosity.1517673120696_zion-mainframe-1517673135247-fdb28c57], Consumer space.exploration.mars.rover.curiosity.1517673120696_zion-mainframe-1517673135247-fdb28c57 selected partitions : earth_to_curiosity_5:0: fetched offset = -1: consumed offset = -1
2018-02-03 09:52:15,584 [                    radio] INFO  kafka.consumer.ZookeeperConsumerConnector - [space.exploration.mars.rover.curiosity.1517673120696_zion-mainframe-1517673135247-fdb28c57], end rebalancing consumer space.exploration.mars.rover.curiosity.1517673120696_zion-mainframe-1517673135247-fdb28c57 try #0
2018-02-03 09:52:15,586 [35247-fdb28c57-leader-finder-thread] INFO  kafka.consumer.ConsumerFetcherManager$LeaderFinderThread - [space.exploration.mars.rover.curiosity.1517673120696_zion-mainframe-1517673135247-fdb28c57-leader-finder-thread], Starting 
2018-02-03 09:52:15,605 [35247-fdb28c57-leader-finder-thread] INFO          kafka.utils.VerifiableProperties - Verifying properties
2018-02-03 09:52:15,606 [35247-fdb28c57-leader-finder-thread] INFO          kafka.utils.VerifiableProperties - Property client.id is overridden to space.exploration.mars.rover.curiosity.1517673120696
2018-02-03 09:52:15,606 [35247-fdb28c57-leader-finder-thread] INFO          kafka.utils.VerifiableProperties - Property metadata.broker.list is overridden to zion-mainframe:9092
2018-02-03 09:52:15,606 [35247-fdb28c57-leader-finder-thread] INFO          kafka.utils.VerifiableProperties - Property request.timeout.ms is overridden to 30000
2018-02-03 09:52:15,627 [35247-fdb28c57-leader-finder-thread] INFO                 kafka.client.ClientUtils$ - Fetching metadata from broker BrokerEndPoint(0,zion-mainframe,9092) with correlation id 0 for 1 topic(s) Set(earth_to_curiosity_5)
2018-02-03 09:52:15,632 [35247-fdb28c57-leader-finder-thread] INFO               kafka.producer.SyncProducer - Connected to zion-mainframe:9092 for producing
2018-02-03 09:52:15,643 [35247-fdb28c57-leader-finder-thread] INFO               kafka.producer.SyncProducer - Disconnecting from zion-mainframe:9092
2018-02-03 09:52:15,655 [ainframe-1517673135247-fdb28c57-0-0] INFO      kafka.consumer.ConsumerFetcherThread - [ConsumerFetcherThread-space.exploration.mars.rover.curiosity.1517673120696_zion-mainframe-1517673135247-fdb28c57-0-0], Starting 
2018-02-03 09:52:15,668 [35247-fdb28c57-leader-finder-thread] INFO     kafka.consumer.ConsumerFetcherManager - [ConsumerFetcherManager-1517673135294] Added fetcher for partitions ArrayBuffer([[earth_to_curiosity_5,0], initOffset -1 to broker BrokerEndPoint(0,zion-mainframe,9092)] )
2018-02-03 09:52:16,305 [                roverMain] INFO  space.exploration.mars.rover.communication.Radio - Radio configured:: 
group.id::space.exploration.mars.rover.curiosity.1517673120696
auto.offset.reset::largest
bootstrap.servers::localhost:9092
value.serializer::org.apache.kafka.common.serialization.ByteArraySerializer
destination.topic::curiosity_to_earth_5
zookeeper.connect::localhost:2181
key.serializer::org.apache.kafka.common.serialization.StringSerializer
source.topic::earth_to_curiosity_5
metadata.broker.list::localhost:9092
2018-02-03 09:52:17,306 [                roverMain] INFO  space.exploration.mars.rover.sensor.Radar - Radar configured:: 
2018-02-03 09:52:23,493 [                roverMain] INFO  space.exploration.mars.rover.communication.Transmitter - Sending information packet to curiosity_to_earth_5
2018-02-03 09:52:26,532 [          spacecraftClock] INFO  space.exploration.mars.rover.sensor.DANSpectrometer - Commencing calibration for DAN Spectrometer for sol = 1442
2018-02-03 09:52:26,556 [   remsCalibrationThread0] INFO  space.exploration.mars.rover.sensor.WeatherSensor - ThreadId = 0 started for remsCalibration for sol = 1442
2018-02-03 09:52:26,572 [   remsCalibrationThread1] INFO  space.exploration.mars.rover.sensor.WeatherSensor - ThreadId = 1 started for remsCalibration for sol = 1442
2018-02-03 09:52:26,599 [   remsCalibrationThread3] INFO  space.exploration.mars.rover.sensor.WeatherSensor - ThreadId = 3 started for remsCalibration for sol = 1442
2018-02-03 09:52:26,599 [   remsCalibrationThread4] INFO  space.exploration.mars.rover.sensor.WeatherSensor - ThreadId = 4 started for remsCalibration for sol = 1442
2018-02-03 09:52:26,599 [   remsCalibrationThread8] INFO  space.exploration.mars.rover.sensor.WeatherSensor - ThreadId = 8 started for remsCalibration for sol = 1442
2018-02-03 09:52:26,599 [   remsCalibrationThread2] INFO  space.exploration.mars.rover.sensor.WeatherSensor - ThreadId = 2 started for remsCalibration for sol = 1442
2018-02-03 09:52:26,599 [   remsCalibrationThread6] INFO  space.exploration.mars.rover.sensor.WeatherSensor - ThreadId = 6 started for remsCalibration for sol = 1442
2018-02-03 09:52:26,599 [   remsCalibrationThread5] INFO  space.exploration.mars.rover.sensor.WeatherSensor - ThreadId = 5 started for remsCalibration for sol = 1442
2018-02-03 09:52:26,600 [   remsCalibrationThread7] INFO  space.exploration.mars.rover.sensor.WeatherSensor - ThreadId = 7 started for remsCalibration for sol = 1442
2018-02-03 09:52:26,617 [  remsCalibrationThread10] INFO  space.exploration.mars.rover.sensor.WeatherSensor - ThreadId = 10 started for remsCalibration for sol = 1442
2018-02-03 09:52:26,618 [  remsCalibrationThread11] INFO  space.exploration.mars.rover.sensor.WeatherSensor - ThreadId = 11 started for remsCalibration for sol = 1442
2018-02-03 09:52:26,618 [  remsCalibrationThread12] INFO  space.exploration.mars.rover.sensor.WeatherSensor - ThreadId = 12 started for remsCalibration for sol = 1442
2018-02-03 09:52:26,654 [   remsCalibrationThread9] INFO  space.exploration.mars.rover.sensor.WeatherSensor - ThreadId = 9 started for remsCalibration for sol = 1442
2018-02-03 09:52:26,654 [  remsCalibrationThread24] INFO  space.exploration.mars.rover.sensor.WeatherSensor - ThreadId = 24 started for remsCalibration for sol = 1442
2018-02-03 09:52:26,654 [  remsCalibrationThread13] INFO  space.exploration.mars.rover.sensor.WeatherSensor - ThreadId = 13 started for remsCalibration for sol = 1442
2018-02-03 09:52:26,655 [  remsCalibrationThread14] INFO  space.exploration.mars.rover.sensor.WeatherSensor - ThreadId = 14 started for remsCalibration for sol = 1442
2018-02-03 09:52:26,655 [  remsCalibrationThread15] INFO  space.exploration.mars.rover.sensor.WeatherSensor - ThreadId = 15 started for remsCalibration for sol = 1442
2018-02-03 09:52:26,655 [  remsCalibrationThread17] INFO  space.exploration.mars.rover.sensor.WeatherSensor - ThreadId = 17 started for remsCalibration for sol = 1442
2018-02-03 09:52:26,655 [  remsCalibrationThread16] INFO  space.exploration.mars.rover.sensor.WeatherSensor - ThreadId = 16 started for remsCalibration for sol = 1442
2018-02-03 09:52:26,655 [  remsCalibrationThread18] INFO  space.exploration.mars.rover.sensor.WeatherSensor - ThreadId = 18 started for remsCalibration for sol = 1442
2018-02-03 09:52:26,655 [  remsCalibrationThread19] INFO  space.exploration.mars.rover.sensor.WeatherSensor - ThreadId = 19 started for remsCalibration for sol = 1442
2018-02-03 09:52:26,655 [  remsCalibrationThread21] INFO  space.exploration.mars.rover.sensor.WeatherSensor - ThreadId = 21 started for remsCalibration for sol = 1442
2018-02-03 09:52:26,655 [  remsCalibrationThread20] INFO  space.exploration.mars.rover.sensor.WeatherSensor - ThreadId = 20 started for remsCalibration for sol = 1442
2018-02-03 09:52:26,655 [  remsCalibrationThread22] INFO  space.exploration.mars.rover.sensor.WeatherSensor - ThreadId = 22 started for remsCalibration for sol = 1442
2018-02-03 09:52:26,656 [  remsCalibrationThread23] INFO  space.exploration.mars.rover.sensor.WeatherSensor - ThreadId = 23 started for remsCalibration for sol = 1442
2018-02-03 09:52:26,662 [  remsCalibrationThread26] INFO  space.exploration.mars.rover.sensor.WeatherSensor - ThreadId = 26 started for remsCalibration for sol = 1442
2018-02-03 09:52:26,663 [  remsCalibrationThread25] INFO  space.exploration.mars.rover.sensor.WeatherSensor - ThreadId = 25 started for remsCalibration for sol = 1442
2018-02-03 09:52:26,664 [  remsCalibrationThread27] INFO  space.exploration.mars.rover.sensor.WeatherSensor - ThreadId = 27 started for remsCalibration for sol = 1442
2018-02-03 09:52:26,670 [  remsCalibrationThread30] INFO  space.exploration.mars.rover.sensor.WeatherSensor - ThreadId = 30 started for remsCalibration for sol = 1442
2018-02-03 09:52:26,670 [  remsCalibrationThread29] INFO  space.exploration.mars.rover.sensor.WeatherSensor - ThreadId = 29 started for remsCalibration for sol = 1442
2018-02-03 09:52:26,670 [  remsCalibrationThread28] INFO  space.exploration.mars.rover.sensor.WeatherSensor - ThreadId = 28 started for remsCalibration for sol = 1442
2018-02-03 09:52:26,670 [  remsCalibrationThread31] INFO  space.exploration.mars.rover.sensor.WeatherSensor - ThreadId = 31 started for remsCalibration for sol = 1442
2018-02-03 09:52:26,673 [  remsCalibrationThread32] INFO  space.exploration.mars.rover.sensor.WeatherSensor - ThreadId = 32 started for remsCalibration for sol = 1442
2018-02-03 09:52:26,673 [  remsCalibrationThread34] INFO  space.exploration.mars.rover.sensor.WeatherSensor - ThreadId = 34 started for remsCalibration for sol = 1442
2018-02-03 09:52:26,673 [  remsCalibrationThread33] INFO  space.exploration.mars.rover.sensor.WeatherSensor - ThreadId = 33 started for remsCalibration for sol = 1442
2018-02-03 09:52:26,696 [  remsCalibrationThread36] INFO  space.exploration.mars.rover.sensor.WeatherSensor - ThreadId = 36 started for remsCalibration for sol = 1442
2018-02-03 09:52:26,696 [  remsCalibrationThread35] INFO  space.exploration.mars.rover.sensor.WeatherSensor - ThreadId = 35 started for remsCalibration for sol = 1442
2018-02-03 09:52:26,697 [  remsCalibrationThread38] INFO  space.exploration.mars.rover.sensor.WeatherSensor - ThreadId = 38 started for remsCalibration for sol = 1442
2018-02-03 09:52:26,697 [  remsCalibrationThread39] INFO  space.exploration.mars.rover.sensor.WeatherSensor - ThreadId = 39 started for remsCalibration for sol = 1442
2018-02-03 09:52:26,697 [  remsCalibrationThread40] INFO  space.exploration.mars.rover.sensor.WeatherSensor - ThreadId = 40 started for remsCalibration for sol = 1442
2018-02-03 09:52:26,697 [  remsCalibrationThread41] INFO  space.exploration.mars.rover.sensor.WeatherSensor - ThreadId = 41 started for remsCalibration for sol = 1442
2018-02-03 09:52:26,697 [  remsCalibrationThread42] INFO  space.exploration.mars.rover.sensor.WeatherSensor - ThreadId = 42 started for remsCalibration for sol = 1442
2018-02-03 09:52:26,697 [  remsCalibrationThread43] INFO  space.exploration.mars.rover.sensor.WeatherSensor - ThreadId = 43 started for remsCalibration for sol = 1442
2018-02-03 09:52:26,698 [  remsCalibrationThread44] INFO  space.exploration.mars.rover.sensor.WeatherSensor - ThreadId = 44 started for remsCalibration for sol = 1442
2018-02-03 09:52:26,698 [  remsCalibrationThread37] INFO  space.exploration.mars.rover.sensor.WeatherSensor - ThreadId = 37 started for remsCalibration for sol = 1442
2018-02-03 09:52:26,699 [  remsCalibrationThread45] INFO  space.exploration.mars.rover.sensor.WeatherSensor - ThreadId = 45 started for remsCalibration for sol = 1442
2018-02-03 09:52:26,700 [  remsCalibrationThread47] INFO  space.exploration.mars.rover.sensor.WeatherSensor - ThreadId = 47 started for remsCalibration for sol = 1442
2018-02-03 09:52:26,700 [  remsCalibrationThread46] INFO  space.exploration.mars.rover.sensor.WeatherSensor - ThreadId = 46 started for remsCalibration for sol = 1442
2018-02-03 09:52:26,700 [  remsCalibrationThread48] INFO  space.exploration.mars.rover.sensor.WeatherSensor - ThreadId = 48 started for remsCalibration for sol = 1442
2018-02-03 09:52:26,700 [  remsCalibrationThread49] INFO  space.exploration.mars.rover.sensor.WeatherSensor - ThreadId = 49 started for remsCalibration for sol = 1442
2018-02-03 09:52:26,701 [  remsCalibrationThread50] INFO  space.exploration.mars.rover.sensor.WeatherSensor - ThreadId = 50 started for remsCalibration for sol = 1442
2018-02-03 09:52:26,705 [  remsCalibrationThread51] INFO  space.exploration.mars.rover.sensor.WeatherSensor - ThreadId = 51 started for remsCalibration for sol = 1442
2018-02-03 09:52:26,708 [  remsCalibrationThread52] INFO  space.exploration.mars.rover.sensor.WeatherSensor - ThreadId = 52 started for remsCalibration for sol = 1442
2018-02-03 09:52:26,711 [  remsCalibrationThread53] INFO  space.exploration.mars.rover.sensor.WeatherSensor - ThreadId = 53 started for remsCalibration for sol = 1442
2018-02-03 09:52:26,720 [  remsCalibrationThread54] INFO  space.exploration.mars.rover.sensor.WeatherSensor - ThreadId = 54 started for remsCalibration for sol = 1442
2018-02-03 09:52:26,721 [  remsCalibrationThread55] INFO  space.exploration.mars.rover.sensor.WeatherSensor - ThreadId = 55 started for remsCalibration for sol = 1442
2018-02-03 09:52:26,721 [  remsCalibrationThread56] INFO  space.exploration.mars.rover.sensor.WeatherSensor - ThreadId = 56 started for remsCalibration for sol = 1442
2018-02-03 09:52:26,721 [  remsCalibrationThread57] INFO  space.exploration.mars.rover.sensor.WeatherSensor - ThreadId = 57 started for remsCalibration for sol = 1442
2018-02-03 09:52:26,721 [  remsCalibrationThread58] INFO  space.exploration.mars.rover.sensor.WeatherSensor - ThreadId = 58 started for remsCalibration for sol = 1442
2018-02-03 09:52:26,722 [  remsCalibrationThread59] INFO  space.exploration.mars.rover.sensor.WeatherSensor - ThreadId = 59 started for remsCalibration for sol = 1442
2018-02-03 09:52:26,722 [  remsCalibrationThread60] INFO  space.exploration.mars.rover.sensor.WeatherSensor - ThreadId = 60 started for remsCalibration for sol = 1442
2018-02-03 09:52:26,722 [  remsCalibrationThread61] INFO  space.exploration.mars.rover.sensor.WeatherSensor - ThreadId = 61 started for remsCalibration for sol = 1442
2018-02-03 09:52:26,722 [  remsCalibrationThread62] INFO  space.exploration.mars.rover.sensor.WeatherSensor - ThreadId = 62 started for remsCalibration for sol = 1442
2018-02-03 09:52:26,722 [  remsCalibrationThread63] INFO  space.exploration.mars.rover.sensor.WeatherSensor - ThreadId = 63 started for remsCalibration for sol = 1442
2018-02-03 09:52:26,723 [  remsCalibrationThread64] INFO  space.exploration.mars.rover.sensor.WeatherSensor - ThreadId = 64 started for remsCalibration for sol = 1442
2018-02-03 09:52:26,723 [  remsCalibrationThread66] INFO  space.exploration.mars.rover.sensor.WeatherSensor - ThreadId = 66 started for remsCalibration for sol = 1442
2018-02-03 09:52:26,723 [  remsCalibrationThread65] INFO  space.exploration.mars.rover.sensor.WeatherSensor - ThreadId = 65 started for remsCalibration for sol = 1442
2018-02-03 09:52:26,723 [  remsCalibrationThread67] INFO  space.exploration.mars.rover.sensor.WeatherSensor - ThreadId = 67 started for remsCalibration for sol = 1442
2018-02-03 09:52:26,723 [  remsCalibrationThread68] INFO  space.exploration.mars.rover.sensor.WeatherSensor - ThreadId = 68 started for remsCalibration for sol = 1442
2018-02-03 09:52:26,723 [  remsCalibrationThread69] INFO  space.exploration.mars.rover.sensor.WeatherSensor - ThreadId = 69 started for remsCalibration for sol = 1442
2018-02-03 09:52:26,723 [  remsCalibrationThread70] INFO  space.exploration.mars.rover.sensor.WeatherSensor - ThreadId = 70 started for remsCalibration for sol = 1442
2018-02-03 09:52:26,723 [  remsCalibrationThread71] INFO  space.exploration.mars.rover.sensor.WeatherSensor - ThreadId = 71 started for remsCalibration for sol = 1442
2018-02-03 09:52:26,724 [  remsCalibrationThread72] INFO  space.exploration.mars.rover.sensor.WeatherSensor - ThreadId = 72 started for remsCalibration for sol = 1442
2018-02-03 09:52:26,724 [  remsCalibrationThread73] INFO  space.exploration.mars.rover.sensor.WeatherSensor - ThreadId = 73 started for remsCalibration for sol = 1442
2018-02-03 09:52:26,724 [  remsCalibrationThread74] INFO  space.exploration.mars.rover.sensor.WeatherSensor - ThreadId = 74 started for remsCalibration for sol = 1442
2018-02-03 09:52:26,724 [  remsCalibrationThread75] INFO  space.exploration.mars.rover.sensor.WeatherSensor - ThreadId = 75 started for remsCalibration for sol = 1442
2018-02-03 09:52:26,724 [  remsCalibrationThread76] INFO  space.exploration.mars.rover.sensor.WeatherSensor - ThreadId = 76 started for remsCalibration for sol = 1442
2018-02-03 09:52:26,753 [  remsCalibrationThread77] INFO  space.exploration.mars.rover.sensor.WeatherSensor - ThreadId = 77 started for remsCalibration for sol = 1442
2018-02-03 09:52:26,753 [  remsCalibrationThread78] INFO  space.exploration.mars.rover.sensor.WeatherSensor - ThreadId = 78 started for remsCalibration for sol = 1442
2018-02-03 09:52:26,753 [  remsCalibrationThread79] INFO  space.exploration.mars.rover.sensor.WeatherSensor - ThreadId = 79 started for remsCalibration for sol = 1442
2018-02-03 09:52:26,757 [  remsCalibrationThread80] INFO  space.exploration.mars.rover.sensor.WeatherSensor - ThreadId = 80 started for remsCalibration for sol = 1442
2018-02-03 09:52:26,758 [  remsCalibrationThread81] INFO  space.exploration.mars.rover.sensor.WeatherSensor - ThreadId = 81 started for remsCalibration for sol = 1442
2018-02-03 09:52:26,758 [  remsCalibrationThread82] INFO  space.exploration.mars.rover.sensor.WeatherSensor - ThreadId = 82 started for remsCalibration for sol = 1442
2018-02-03 09:52:26,758 [  remsCalibrationThread83] INFO  space.exploration.mars.rover.sensor.WeatherSensor - ThreadId = 83 started for remsCalibration for sol = 1442
2018-02-03 09:52:26,758 [  remsCalibrationThread84] INFO  space.exploration.mars.rover.sensor.WeatherSensor - ThreadId = 84 started for remsCalibration for sol = 1442
2018-02-03 09:52:26,758 [  remsCalibrationThread85] INFO  space.exploration.mars.rover.sensor.WeatherSensor - ThreadId = 85 started for remsCalibration for sol = 1442
2018-02-03 09:52:26,762 [  remsCalibrationThread87] INFO  space.exploration.mars.rover.sensor.WeatherSensor - ThreadId = 87 started for remsCalibration for sol = 1442
2018-02-03 09:52:26,762 [  remsCalibrationThread86] INFO  space.exploration.mars.rover.sensor.WeatherSensor - ThreadId = 86 started for remsCalibration for sol = 1442
2018-02-03 09:52:26,775 [  remsCalibrationThread88] INFO  space.exploration.mars.rover.sensor.WeatherSensor - ThreadId = 88 started for remsCalibration for sol = 1442
2018-02-03 09:52:26,779 [  remsCalibrationThread89] INFO  space.exploration.mars.rover.sensor.WeatherSensor - ThreadId = 89 started for remsCalibration for sol = 1442
2018-02-03 09:52:26,787 [  remsCalibrationThread90] INFO  space.exploration.mars.rover.sensor.WeatherSensor - ThreadId = 90 started for remsCalibration for sol = 1442
2018-02-03 09:52:26,802 [  remsCalibrationThread91] INFO  space.exploration.mars.rover.sensor.WeatherSensor - ThreadId = 91 started for remsCalibration for sol = 1442
2018-02-03 09:52:26,807 [  remsCalibrationThread92] INFO  space.exploration.mars.rover.sensor.WeatherSensor - ThreadId = 92 started for remsCalibration for sol = 1442
2018-02-03 09:52:26,810 [  remsCalibrationThread93] INFO  space.exploration.mars.rover.sensor.WeatherSensor - ThreadId = 93 started for remsCalibration for sol = 1442
2018-02-03 09:52:26,810 [  remsCalibrationThread94] INFO  space.exploration.mars.rover.sensor.WeatherSensor - ThreadId = 94 started for remsCalibration for sol = 1442
2018-02-03 09:52:26,813 [  remsCalibrationThread95] INFO  space.exploration.mars.rover.sensor.WeatherSensor - ThreadId = 95 started for remsCalibration for sol = 1442
2018-02-03 09:52:26,826 [  remsCalibrationThread96] INFO  space.exploration.mars.rover.sensor.WeatherSensor - ThreadId = 96 started for remsCalibration for sol = 1442
2018-02-03 09:52:26,826 [  remsCalibrationThread97] INFO  space.exploration.mars.rover.sensor.WeatherSensor - ThreadId = 97 started for remsCalibration for sol = 1442
2018-02-03 09:52:26,827 [  remsCalibrationThread98] INFO  space.exploration.mars.rover.sensor.WeatherSensor - ThreadId = 98 started for remsCalibration for sol = 1442
2018-02-03 09:52:26,827 [  remsCalibrationThread99] INFO  space.exploration.mars.rover.sensor.WeatherSensor - ThreadId = 99 started for remsCalibration for sol = 1442
2018-02-03 09:52:27,126 [          spacecraftClock] INFO  space.exploration.mars.rover.utils.FileUtil - File /dataArchives/APXS/1442/ does not exist. Trying to create it now.
2018-02-03 09:52:27,172 [          spacecraftClock] ERROR space.exploration.mars.rover.service.ApxsDataService -  Could not find data files for sol = 1442 url = http://pds-geosciences.wustl.edu/msl/msl-m-apxs-4_5-rdr-v1/mslapx_1xxx/data/sol01442/
org.jsoup.HttpStatusException: HTTP error fetching URL. Status=404, URL=http://pds-geosciences.wustl.edu/msl/msl-m-apxs-4_5-rdr-v1/mslapx_1xxx/data/sol01442/
	at org.jsoup.helper.HttpConnection$Response.execute(HttpConnection.java:537)
	at org.jsoup.helper.HttpConnection$Response.execute(HttpConnection.java:493)
	at org.jsoup.helper.HttpConnection.execute(HttpConnection.java:205)
	at org.jsoup.helper.HttpConnection.get(HttpConnection.java:194)
	at space.exploration.mars.rover.service.ApxsDataService.getTargetURL(ApxsDataService.java:52)
	at space.exploration.mars.rover.service.ApxsDataService.<init>(ApxsDataService.java:25)
	at space.exploration.mars.rover.sensor.ApxsSpectrometer.calibrateApxsSpectrometer(ApxsSpectrometer.java:37)
	at space.exploration.mars.rover.kernel.Rover.updateSensors(Rover.java:348)
	at space.exploration.mars.rover.kernel.SpacecraftClock$Clock.run(SpacecraftClock.java:220)
	at java.util.concurrent.Executors$RunnableAdapter.call(Executors.java:511)
	at java.util.concurrent.FutureTask.runAndReset(FutureTask.java:308)
	at java.util.concurrent.ScheduledThreadPoolExecutor$ScheduledFutureTask.access$301(ScheduledThreadPoolExecutor.java:180)
	at java.util.concurrent.ScheduledThreadPoolExecutor$ScheduledFutureTask.run(ScheduledThreadPoolExecutor.java:294)
	at java.util.concurrent.ThreadPoolExecutor.runWorker(ThreadPoolExecutor.java:1149)
	at java.util.concurrent.ThreadPoolExecutor$Worker.run(ThreadPoolExecutor.java:624)
	at java.lang.Thread.run(Thread.java:748)
2018-02-03 09:52:27,175 [          spacecraftClock] ERROR space.exploration.mars.rover.sensor.ApxsSpectrometer - ApxsData not available for sol = 1442
java.net.MalformedURLException
	at java.net.URL.<init>(URL.java:627)
	at java.net.URL.<init>(URL.java:490)
	at java.net.URL.<init>(URL.java:439)
	at space.exploration.mars.rover.utils.ServiceUtil.download(ServiceUtil.java:15)
	at space.exploration.mars.rover.utils.ServiceUtil.downloadCsv(ServiceUtil.java:40)
	at space.exploration.mars.rover.service.ApxsDataService.<init>(ApxsDataService.java:27)
	at space.exploration.mars.rover.sensor.ApxsSpectrometer.calibrateApxsSpectrometer(ApxsSpectrometer.java:37)
	at space.exploration.mars.rover.kernel.Rover.updateSensors(Rover.java:348)
	at space.exploration.mars.rover.kernel.SpacecraftClock$Clock.run(SpacecraftClock.java:220)
	at java.util.concurrent.Executors$RunnableAdapter.call(Executors.java:511)
	at java.util.concurrent.FutureTask.runAndReset(FutureTask.java:308)
	at java.util.concurrent.ScheduledThreadPoolExecutor$ScheduledFutureTask.access$301(ScheduledThreadPoolExecutor.java:180)
	at java.util.concurrent.ScheduledThreadPoolExecutor$ScheduledFutureTask.run(ScheduledThreadPoolExecutor.java:294)
	at java.util.concurrent.ThreadPoolExecutor.runWorker(ThreadPoolExecutor.java:1149)
	at java.util.concurrent.ThreadPoolExecutor$Worker.run(ThreadPoolExecutor.java:624)
	at java.lang.Thread.run(Thread.java:748)
Caused by: java.lang.NullPointerException
	at java.net.URL.<init>(URL.java:532)
	... 15 more
2018-02-03 09:52:27,180 [             sleepMonitor] INFO  space.exploration.mars.rover.animation.SleepingAnimationEngine - Rover is sleeping now
2018-02-03 09:52:44,929 [           batteryMonitor] INFO  space.exploration.mars.rover.power.BatteryMonitor - BatteryMonitor performing due diligence. SCET = 1517673164929 Rover state = Sleeping State
2018-02-03 09:52:44,929 [           batteryMonitor] INFO  space.exploration.mars.rover.power.BatteryMonitor -  Battery primaryUnits = 1200 auxiliaryPowerUnits = 100
