2018-01-21 21:22:23,405 [roverMain] INFO space.exploration.mars.rover.kernel.SpacecraftClock  - Valid utc time ranges are dictated by clockService as follows:
2018-01-21 21:22:23,406 [roverMain] INFO space.exploration.mars.rover.kernel.SpacecraftClock  - APPLICABLE_START_TIME=2000-001T11:58:55.816, APPLICABLE_STOP_TIME=2017-360T19:17:40.149
2018-01-21 21:22:23,406 [roverMain] INFO space.exploration.mars.rover.kernel.SpacecraftClock  - Given UTC = 2016-06-07~13:23:00
2018-01-21 21:22:23,406 [roverMain] INFO space.exploration.mars.rover.kernel.SpacecraftClock  - Please ensure that positionSensor and sclk are synchronized
2018-01-21 21:22:23,414 [roverMain] INFO space.exploration.mars.rover.kernel.SpacecraftClock  - Curiosity internal spacecraft clock started at :: 2016-06-07T18:23:00.000Z
2018-01-21 21:22:23,414 [roverMain] INFO space.exploration.mars.rover.kernel.SpacecraftClock  - Mission duration is set to :: 1 year(s).
2018-01-21 21:22:23,414 [roverMain] INFO space.exploration.mars.rover.kernel.SpacecraftClock  - Mission duration = 31536000000
2018-01-21 21:22:27,657 [roverMain] INFO space.exploration.mars.rover.diagnostics.RoverGarbageCollector  - Starting garbageCollection
2018-01-21 21:22:29,658 [roverMain] INFO space.exploration.mars.rover.kernel.Rover  - Rover current position is = java.awt.Point[x=525,y=100]
2018-01-21 21:22:30,660 [roverMain] INFO space.exploration.mars.rover.sensor.Lidar  - Lidar initialized and ready!
2018-01-21 21:22:31,662 [roverMain] INFO space.exploration.mars.rover.sensor.Spectrometer  - Spectrometer initialized and ready!
2018-01-21 21:22:33,018 [roverMain] INFO space.exploration.mars.rover.sensor.Camera  - Camera initialized and ready!
2018-01-21 21:22:34,021 [roverMain] INFO space.exploration.mars.rover.sensor.Radar  - Radar configured:: 
2018-01-21 21:22:35,379 [roverMain] INFO space.exploration.mars.rover.power.Battery  - Battery configured, batteryLife:primaryPowerUnits = 1200 auxiliaryPowerUnits = 100 alertThreshold: 100 rechargeTime = 60000
2018-01-21 21:22:36,382 [roverMain] INFO space.exploration.mars.rover.kernel.Rover  - Battery Monitor configured!
2018-01-21 21:22:36,444 [roverMain] INFO org.apache.kafka.clients.producer.ProducerConfig  - ProducerConfig values: 
	metric.reporters = []
	metadata.max.age.ms = 300000
	reconnect.backoff.ms = 50
	sasl.kerberos.ticket.renew.window.factor = 0.8
	bootstrap.servers = [localhost:9092]
	ssl.keystore.type = JKS
	sasl.mechanism = GSSAPI
	max.block.ms = 60000
	interceptor.classes = null
	ssl.truststore.password = null
	client.id = 
	ssl.endpoint.identification.algorithm = null
	request.timeout.ms = 30000
	acks = 1
	receive.buffer.bytes = 32768
	ssl.truststore.type = JKS
	retries = 0
	ssl.truststore.location = null
	ssl.keystore.password = null
	send.buffer.bytes = 131072
	compression.type = none
	metadata.fetch.timeout.ms = 60000
	retry.backoff.ms = 100
	sasl.kerberos.kinit.cmd = /usr/bin/kinit
	buffer.memory = 33554432
	timeout.ms = 30000
	key.serializer = class org.apache.kafka.common.serialization.StringSerializer
	sasl.kerberos.service.name = null
	sasl.kerberos.ticket.renew.jitter = 0.05
	ssl.trustmanager.algorithm = PKIX
	block.on.buffer.full = false
	ssl.key.password = null
	sasl.kerberos.min.time.before.relogin = 60000
	connections.max.idle.ms = 540000
	max.in.flight.requests.per.connection = 5
	metrics.num.samples = 2
	ssl.protocol = TLS
	ssl.provider = null
	ssl.enabled.protocols = [TLSv1.2, TLSv1.1, TLSv1]
	batch.size = 16384
	ssl.keystore.location = null
	ssl.cipher.suites = null
	security.protocol = PLAINTEXT
	max.request.size = 1048576
	value.serializer = class org.apache.kafka.common.serialization.ByteArraySerializer
	ssl.keymanager.algorithm = SunX509
	metrics.sample.window.ms = 30000
	partitioner.class = class org.apache.kafka.clients.producer.internals.DefaultPartitioner
	linger.ms = 0

2018-01-21 21:22:36,546 [roverMain] INFO org.apache.kafka.clients.producer.ProducerConfig  - ProducerConfig values: 
	metric.reporters = []
	metadata.max.age.ms = 300000
	reconnect.backoff.ms = 50
	sasl.kerberos.ticket.renew.window.factor = 0.8
	bootstrap.servers = [localhost:9092]
	ssl.keystore.type = JKS
	sasl.mechanism = GSSAPI
	max.block.ms = 60000
	interceptor.classes = null
	ssl.truststore.password = null
	client.id = producer-1
	ssl.endpoint.identification.algorithm = null
	request.timeout.ms = 30000
	acks = 1
	receive.buffer.bytes = 32768
	ssl.truststore.type = JKS
	retries = 0
	ssl.truststore.location = null
	ssl.keystore.password = null
	send.buffer.bytes = 131072
	compression.type = none
	metadata.fetch.timeout.ms = 60000
	retry.backoff.ms = 100
	sasl.kerberos.kinit.cmd = /usr/bin/kinit
	buffer.memory = 33554432
	timeout.ms = 30000
	key.serializer = class org.apache.kafka.common.serialization.StringSerializer
	sasl.kerberos.service.name = null
	sasl.kerberos.ticket.renew.jitter = 0.05
	ssl.trustmanager.algorithm = PKIX
	block.on.buffer.full = false
	ssl.key.password = null
	sasl.kerberos.min.time.before.relogin = 60000
	connections.max.idle.ms = 540000
	max.in.flight.requests.per.connection = 5
	metrics.num.samples = 2
	ssl.protocol = TLS
	ssl.provider = null
	ssl.enabled.protocols = [TLSv1.2, TLSv1.1, TLSv1]
	batch.size = 16384
	ssl.keystore.location = null
	ssl.cipher.suites = null
	security.protocol = PLAINTEXT
	max.request.size = 1048576
	value.serializer = class org.apache.kafka.common.serialization.ByteArraySerializer
	ssl.keymanager.algorithm = SunX509
	metrics.sample.window.ms = 30000
	partitioner.class = class org.apache.kafka.clients.producer.internals.DefaultPartitioner
	linger.ms = 0

2018-01-21 21:22:36,548 [roverMain] WARN org.apache.kafka.clients.producer.ProducerConfig  - The configuration zookeeper.connect = localhost:2181 was supplied but isn't a known config.
2018-01-21 21:22:36,548 [roverMain] WARN org.apache.kafka.clients.producer.ProducerConfig  - The configuration group.id = space.exploration.mars.rover.curiosity.1516591341016 was supplied but isn't a known config.
2018-01-21 21:22:36,548 [roverMain] WARN org.apache.kafka.clients.producer.ProducerConfig  - The configuration source.topic = earth_to_curiosity_5 was supplied but isn't a known config.
2018-01-21 21:22:36,548 [roverMain] WARN org.apache.kafka.clients.producer.ProducerConfig  - The configuration auto.offset.reset = largest was supplied but isn't a known config.
2018-01-21 21:22:36,548 [roverMain] WARN org.apache.kafka.clients.producer.ProducerConfig  - The configuration metadata.broker.list = localhost:9092 was supplied but isn't a known config.
2018-01-21 21:22:36,548 [roverMain] WARN org.apache.kafka.clients.producer.ProducerConfig  - The configuration destination.topic = curiosity_to_earth_5 was supplied but isn't a known config.
2018-01-21 21:22:36,549 [roverMain] INFO org.apache.kafka.common.utils.AppInfoParser  - Kafka version : 0.10.0.1
2018-01-21 21:22:36,549 [roverMain] INFO org.apache.kafka.common.utils.AppInfoParser  - Kafka commitId : a7a17cdec9eaa6c5
2018-01-21 21:22:36,792 [roverMain] INFO kafka.utils.VerifiableProperties  - Verifying properties
2018-01-21 21:22:36,816 [roverMain] INFO kafka.utils.VerifiableProperties  - Property auto.offset.reset is overridden to largest
2018-01-21 21:22:36,816 [roverMain] WARN kafka.utils.VerifiableProperties  - Property bootstrap.servers is not valid
2018-01-21 21:22:36,816 [roverMain] WARN kafka.utils.VerifiableProperties  - Property destination.topic is not valid
2018-01-21 21:22:36,817 [roverMain] INFO kafka.utils.VerifiableProperties  - Property group.id is overridden to space.exploration.mars.rover.curiosity.1516591341016
2018-01-21 21:22:36,817 [roverMain] WARN kafka.utils.VerifiableProperties  - Property key.serializer is not valid
2018-01-21 21:22:36,817 [roverMain] WARN kafka.utils.VerifiableProperties  - Property metadata.broker.list is not valid
2018-01-21 21:22:36,817 [roverMain] WARN kafka.utils.VerifiableProperties  - Property source.topic is not valid
2018-01-21 21:22:36,817 [roverMain] WARN kafka.utils.VerifiableProperties  - Property value.serializer is not valid
2018-01-21 21:22:36,817 [roverMain] INFO kafka.utils.VerifiableProperties  - Property zookeeper.connect is overridden to localhost:2181
2018-01-21 21:22:36,869 [roverMain] INFO kafka.consumer.ZookeeperConsumerConnector  - [space.exploration.mars.rover.curiosity.1516591341016_zion-mainframe-1516591356867-87e4ad81], Connecting to zookeeper instance at localhost:2181
2018-01-21 21:22:36,878 [ZkClient-EventThread-29-localhost:2181] INFO org.I0Itec.zkclient.ZkEventThread  - Starting ZkClient event thread.
2018-01-21 21:22:36,883 [roverMain] INFO org.apache.zookeeper.ZooKeeper  - Client environment:zookeeper.version=3.4.6-1569965, built on 02/20/2014 09:09 GMT
2018-01-21 21:22:36,883 [roverMain] INFO org.apache.zookeeper.ZooKeeper  - Client environment:host.name=zion-mainframe
2018-01-21 21:22:36,883 [roverMain] INFO org.apache.zookeeper.ZooKeeper  - Client environment:java.version=1.8.0_151
2018-01-21 21:22:36,883 [roverMain] INFO org.apache.zookeeper.ZooKeeper  - Client environment:java.vendor=Oracle Corporation
2018-01-21 21:22:36,883 [roverMain] INFO org.apache.zookeeper.ZooKeeper  - Client environment:java.home=/usr/lib/jvm/java-8-openjdk-amd64/jre
2018-01-21 21:22:36,883 [roverMain] INFO org.apache.zookeeper.ZooKeeper  - Client environment:java.class.path=target/mars.rover-1.5-SOLSHOT-shaded.jar
2018-01-21 21:22:36,883 [roverMain] INFO org.apache.zookeeper.ZooKeeper  - Client environment:java.library.path=$LD_LIBRARY_PATH:"/home/sanket/Documents/workspace/SpiceUtilities/src/main/resources/JNISpice/lib/libJNISpice.so":/home/sanket/Documents/workspace/SpiceUtilities/src/main/resources/JNISpice/lib/libJNISpice.so:/usr/java/packages/lib/amd64:/usr/lib/x86_64-linux-gnu/jni:/lib/x86_64-linux-gnu:/usr/lib/x86_64-linux-gnu:/usr/lib/jni:/lib:/usr/lib
2018-01-21 21:22:36,883 [roverMain] INFO org.apache.zookeeper.ZooKeeper  - Client environment:java.io.tmpdir=/tmp
2018-01-21 21:22:36,883 [roverMain] INFO org.apache.zookeeper.ZooKeeper  - Client environment:java.compiler=<NA>
2018-01-21 21:22:36,883 [roverMain] INFO org.apache.zookeeper.ZooKeeper  - Client environment:os.name=Linux
2018-01-21 21:22:36,883 [roverMain] INFO org.apache.zookeeper.ZooKeeper  - Client environment:os.arch=amd64
2018-01-21 21:22:36,883 [roverMain] INFO org.apache.zookeeper.ZooKeeper  - Client environment:os.version=4.13.0-26-generic
2018-01-21 21:22:36,883 [roverMain] INFO org.apache.zookeeper.ZooKeeper  - Client environment:user.name=sanket
2018-01-21 21:22:36,883 [roverMain] INFO org.apache.zookeeper.ZooKeeper  - Client environment:user.home=/home/sanket
2018-01-21 21:22:36,883 [roverMain] INFO org.apache.zookeeper.ZooKeeper  - Client environment:user.dir=/home/sanket/Documents/workspace/MarsRover/mars.rover
2018-01-21 21:22:36,884 [roverMain] INFO org.apache.zookeeper.ZooKeeper  - Initiating client connection, connectString=localhost:2181 sessionTimeout=6000 watcher=org.I0Itec.zkclient.ZkClient@3857f613
2018-01-21 21:22:36,896 [roverMain] INFO org.I0Itec.zkclient.ZkClient  - Waiting for keeper state SyncConnected
2018-01-21 21:22:36,899 [roverMain-SendThread(localhost:2181)] INFO org.apache.zookeeper.ClientCnxn  - Opening socket connection to server localhost/127.0.0.1:2181. Will not attempt to authenticate using SASL (unknown error)
2018-01-21 21:22:36,902 [roverMain-SendThread(localhost:2181)] INFO org.apache.zookeeper.ClientCnxn  - Socket connection established to localhost/127.0.0.1:2181, initiating session
2018-01-21 21:22:36,907 [roverMain-SendThread(localhost:2181)] INFO org.apache.zookeeper.ClientCnxn  - Session establishment complete on server localhost/127.0.0.1:2181, sessionid = 0x16111f6ce22000c, negotiated timeout = 6000
2018-01-21 21:22:36,909 [roverMain-EventThread] INFO org.I0Itec.zkclient.ZkClient  - zookeeper state changed (SyncConnected)
2018-01-21 21:22:36,918 [roverMain] INFO kafka.consumer.ZookeeperConsumerConnector  - [space.exploration.mars.rover.curiosity.1516591341016_zion-mainframe-1516591356867-87e4ad81], starting auto committer every 60000 ms
2018-01-21 21:22:36,944 [radio] INFO kafka.consumer.ZookeeperConsumerConnector  - [space.exploration.mars.rover.curiosity.1516591341016_zion-mainframe-1516591356867-87e4ad81], begin registering consumer space.exploration.mars.rover.curiosity.1516591341016_zion-mainframe-1516591356867-87e4ad81 in ZK
2018-01-21 21:22:36,970 [radio] INFO kafka.utils.ZKCheckedEphemeral  - Creating /consumers/space.exploration.mars.rover.curiosity.1516591341016/ids/space.exploration.mars.rover.curiosity.1516591341016_zion-mainframe-1516591356867-87e4ad81 (is it secure? false)
2018-01-21 21:22:36,980 [radio] INFO kafka.utils.ZKCheckedEphemeral  - Result of znode creation is: OK
2018-01-21 21:22:36,980 [radio] INFO kafka.consumer.ZookeeperConsumerConnector  - [space.exploration.mars.rover.curiosity.1516591341016_zion-mainframe-1516591356867-87e4ad81], end registering consumer space.exploration.mars.rover.curiosity.1516591341016_zion-mainframe-1516591356867-87e4ad81 in ZK
2018-01-21 21:22:36,984 [space.exploration.mars.rover.curiosity.1516591341016_zion-mainframe-1516591356867-87e4ad81_watcher_executor] INFO kafka.consumer.ZookeeperConsumerConnector  - [space.exploration.mars.rover.curiosity.1516591341016_zion-mainframe-1516591356867-87e4ad81], starting watcher executor thread for consumer space.exploration.mars.rover.curiosity.1516591341016_zion-mainframe-1516591356867-87e4ad81
2018-01-21 21:22:37,001 [radio] INFO kafka.consumer.ZookeeperConsumerConnector  - [space.exploration.mars.rover.curiosity.1516591341016_zion-mainframe-1516591356867-87e4ad81], begin rebalancing consumer space.exploration.mars.rover.curiosity.1516591341016_zion-mainframe-1516591356867-87e4ad81 try #0
2018-01-21 21:22:37,153 [radio] INFO kafka.consumer.ConsumerFetcherManager  - [ConsumerFetcherManager-1516591356916] Stopping leader finder thread
2018-01-21 21:22:37,154 [radio] INFO kafka.consumer.ConsumerFetcherManager  - [ConsumerFetcherManager-1516591356916] Stopping all fetchers
2018-01-21 21:22:37,155 [radio] INFO kafka.consumer.ConsumerFetcherManager  - [ConsumerFetcherManager-1516591356916] All connections stopped
2018-01-21 21:22:37,155 [radio] INFO kafka.consumer.ZookeeperConsumerConnector  - [space.exploration.mars.rover.curiosity.1516591341016_zion-mainframe-1516591356867-87e4ad81], Cleared all relevant queues for this fetcher
2018-01-21 21:22:37,156 [radio] INFO kafka.consumer.ZookeeperConsumerConnector  - [space.exploration.mars.rover.curiosity.1516591341016_zion-mainframe-1516591356867-87e4ad81], Cleared the data chunks in all the consumer message iterators
2018-01-21 21:22:37,156 [radio] INFO kafka.consumer.ZookeeperConsumerConnector  - [space.exploration.mars.rover.curiosity.1516591341016_zion-mainframe-1516591356867-87e4ad81], Committing all offsets after clearing the fetcher queues
2018-01-21 21:22:37,157 [radio] INFO kafka.consumer.ZookeeperConsumerConnector  - [space.exploration.mars.rover.curiosity.1516591341016_zion-mainframe-1516591356867-87e4ad81], Releasing partition ownership
2018-01-21 21:22:37,183 [radio] INFO kafka.consumer.RangeAssignor  - Consumer space.exploration.mars.rover.curiosity.1516591341016_zion-mainframe-1516591356867-87e4ad81 rebalancing the following partitions: ArrayBuffer(0) for topic earth_to_curiosity_5 with consumers: List(space.exploration.mars.rover.curiosity.1516591341016_zion-mainframe-1516591356867-87e4ad81-0)
2018-01-21 21:22:37,185 [radio] INFO kafka.consumer.RangeAssignor  - space.exploration.mars.rover.curiosity.1516591341016_zion-mainframe-1516591356867-87e4ad81-0 attempting to claim partition 0
2018-01-21 21:22:37,223 [radio] INFO kafka.consumer.ZookeeperConsumerConnector  - [space.exploration.mars.rover.curiosity.1516591341016_zion-mainframe-1516591356867-87e4ad81], space.exploration.mars.rover.curiosity.1516591341016_zion-mainframe-1516591356867-87e4ad81-0 successfully owned partition 0 for topic earth_to_curiosity_5
2018-01-21 21:22:37,239 [radio] INFO kafka.consumer.ZookeeperConsumerConnector  - [space.exploration.mars.rover.curiosity.1516591341016_zion-mainframe-1516591356867-87e4ad81], Consumer space.exploration.mars.rover.curiosity.1516591341016_zion-mainframe-1516591356867-87e4ad81 selected partitions : earth_to_curiosity_5:0: fetched offset = -1: consumed offset = -1
2018-01-21 21:22:37,245 [radio] INFO kafka.consumer.ZookeeperConsumerConnector  - [space.exploration.mars.rover.curiosity.1516591341016_zion-mainframe-1516591356867-87e4ad81], end rebalancing consumer space.exploration.mars.rover.curiosity.1516591341016_zion-mainframe-1516591356867-87e4ad81 try #0
2018-01-21 21:22:37,246 [space.exploration.mars.rover.curiosity.1516591341016_zion-mainframe-1516591356867-87e4ad81-leader-finder-thread] INFO kafka.consumer.ConsumerFetcherManager$LeaderFinderThread  - [space.exploration.mars.rover.curiosity.1516591341016_zion-mainframe-1516591356867-87e4ad81-leader-finder-thread], Starting 
2018-01-21 21:22:37,275 [space.exploration.mars.rover.curiosity.1516591341016_zion-mainframe-1516591356867-87e4ad81-leader-finder-thread] INFO kafka.utils.VerifiableProperties  - Verifying properties
2018-01-21 21:22:37,275 [space.exploration.mars.rover.curiosity.1516591341016_zion-mainframe-1516591356867-87e4ad81-leader-finder-thread] INFO kafka.utils.VerifiableProperties  - Property client.id is overridden to space.exploration.mars.rover.curiosity.1516591341016
2018-01-21 21:22:37,275 [space.exploration.mars.rover.curiosity.1516591341016_zion-mainframe-1516591356867-87e4ad81-leader-finder-thread] INFO kafka.utils.VerifiableProperties  - Property metadata.broker.list is overridden to zion-mainframe:9092
2018-01-21 21:22:37,275 [space.exploration.mars.rover.curiosity.1516591341016_zion-mainframe-1516591356867-87e4ad81-leader-finder-thread] INFO kafka.utils.VerifiableProperties  - Property request.timeout.ms is overridden to 30000
2018-01-21 21:22:37,285 [space.exploration.mars.rover.curiosity.1516591341016_zion-mainframe-1516591356867-87e4ad81-leader-finder-thread] INFO kafka.client.ClientUtils$  - Fetching metadata from broker BrokerEndPoint(0,zion-mainframe,9092) with correlation id 0 for 1 topic(s) Set(earth_to_curiosity_5)
2018-01-21 21:22:37,296 [space.exploration.mars.rover.curiosity.1516591341016_zion-mainframe-1516591356867-87e4ad81-leader-finder-thread] INFO kafka.producer.SyncProducer  - Connected to zion-mainframe:9092 for producing
2018-01-21 21:22:37,306 [space.exploration.mars.rover.curiosity.1516591341016_zion-mainframe-1516591356867-87e4ad81-leader-finder-thread] INFO kafka.producer.SyncProducer  - Disconnecting from zion-mainframe:9092
2018-01-21 21:22:37,324 [ConsumerFetcherThread-space.exploration.mars.rover.curiosity.1516591341016_zion-mainframe-1516591356867-87e4ad81-0-0] INFO kafka.consumer.ConsumerFetcherThread  - [ConsumerFetcherThread-space.exploration.mars.rover.curiosity.1516591341016_zion-mainframe-1516591356867-87e4ad81-0-0], Starting 
2018-01-21 21:22:37,341 [space.exploration.mars.rover.curiosity.1516591341016_zion-mainframe-1516591356867-87e4ad81-leader-finder-thread] INFO kafka.consumer.ConsumerFetcherManager  - [ConsumerFetcherManager-1516591356916] Added fetcher for partitions ArrayBuffer([[earth_to_curiosity_5,0], initOffset -1 to broker BrokerEndPoint(0,zion-mainframe,9092)] )
2018-01-21 21:22:37,922 [roverMain] INFO space.exploration.mars.rover.communication.Radio  - Radio configured:: 
group.id::space.exploration.mars.rover.curiosity.1516591341016
auto.offset.reset::largest
bootstrap.servers::localhost:9092
value.serializer::org.apache.kafka.common.serialization.ByteArraySerializer
destination.topic::curiosity_to_earth_5
zookeeper.connect::localhost:2181
key.serializer::org.apache.kafka.common.serialization.StringSerializer
source.topic::earth_to_curiosity_5
metadata.broker.list::localhost:9092
2018-01-21 21:22:38,923 [roverMain] INFO space.exploration.mars.rover.sensor.Radar  - Radar configured:: 
2018-01-21 21:22:45,141 [roverMain] INFO space.exploration.mars.rover.communication.Transmitter  - Sending information packet to curiosity_to_earth_5
2018-01-21 21:22:48,163 [sleepMonitor] INFO space.exploration.mars.rover.animation.SleepingAnimationEngine  - Rover is sleeping now
2018-01-21 21:22:48,178 [spacecraftClock] INFO space.exploration.mars.rover.sensor.DANSpectrometer  - Commencing calibration for DAN Spectrometer for sol = 1364
2018-01-21 21:22:48,206 [remsCalibrationThread0] INFO space.exploration.mars.rover.sensor.WeatherSensor  - ThreadId = 0 started for remsCalibration for sol = 1364
2018-01-21 21:22:48,207 [remsCalibrationThread2] INFO space.exploration.mars.rover.sensor.WeatherSensor  - ThreadId = 2 started for remsCalibration for sol = 1364
2018-01-21 21:22:48,207 [remsCalibrationThread1] INFO space.exploration.mars.rover.sensor.WeatherSensor  - ThreadId = 1 started for remsCalibration for sol = 1364
2018-01-21 21:22:48,243 [remsCalibrationThread3] INFO space.exploration.mars.rover.sensor.WeatherSensor  - ThreadId = 3 started for remsCalibration for sol = 1364
2018-01-21 21:22:48,243 [remsCalibrationThread4] INFO space.exploration.mars.rover.sensor.WeatherSensor  - ThreadId = 4 started for remsCalibration for sol = 1364
2018-01-21 21:22:48,243 [remsCalibrationThread5] INFO space.exploration.mars.rover.sensor.WeatherSensor  - ThreadId = 5 started for remsCalibration for sol = 1364
2018-01-21 21:22:48,243 [remsCalibrationThread6] INFO space.exploration.mars.rover.sensor.WeatherSensor  - ThreadId = 6 started for remsCalibration for sol = 1364
2018-01-21 21:22:48,243 [remsCalibrationThread7] INFO space.exploration.mars.rover.sensor.WeatherSensor  - ThreadId = 7 started for remsCalibration for sol = 1364
2018-01-21 21:22:48,243 [remsCalibrationThread10] INFO space.exploration.mars.rover.sensor.WeatherSensor  - ThreadId = 10 started for remsCalibration for sol = 1364
2018-01-21 21:22:48,243 [remsCalibrationThread8] INFO space.exploration.mars.rover.sensor.WeatherSensor  - ThreadId = 8 started for remsCalibration for sol = 1364
2018-01-21 21:22:48,243 [remsCalibrationThread11] INFO space.exploration.mars.rover.sensor.WeatherSensor  - ThreadId = 11 started for remsCalibration for sol = 1364
2018-01-21 21:22:48,243 [remsCalibrationThread14] INFO space.exploration.mars.rover.sensor.WeatherSensor  - ThreadId = 14 started for remsCalibration for sol = 1364
2018-01-21 21:22:48,244 [remsCalibrationThread13] INFO space.exploration.mars.rover.sensor.WeatherSensor  - ThreadId = 13 started for remsCalibration for sol = 1364
2018-01-21 21:22:48,244 [remsCalibrationThread15] INFO space.exploration.mars.rover.sensor.WeatherSensor  - ThreadId = 15 started for remsCalibration for sol = 1364
2018-01-21 21:22:48,245 [remsCalibrationThread12] INFO space.exploration.mars.rover.sensor.WeatherSensor  - ThreadId = 12 started for remsCalibration for sol = 1364
2018-01-21 21:22:48,256 [remsCalibrationThread18] INFO space.exploration.mars.rover.sensor.WeatherSensor  - ThreadId = 18 started for remsCalibration for sol = 1364
2018-01-21 21:22:48,256 [remsCalibrationThread21] INFO space.exploration.mars.rover.sensor.WeatherSensor  - ThreadId = 21 started for remsCalibration for sol = 1364
2018-01-21 21:22:48,256 [remsCalibrationThread19] INFO space.exploration.mars.rover.sensor.WeatherSensor  - ThreadId = 19 started for remsCalibration for sol = 1364
2018-01-21 21:22:48,256 [remsCalibrationThread17] INFO space.exploration.mars.rover.sensor.WeatherSensor  - ThreadId = 17 started for remsCalibration for sol = 1364
2018-01-21 21:22:48,256 [remsCalibrationThread20] INFO space.exploration.mars.rover.sensor.WeatherSensor  - ThreadId = 20 started for remsCalibration for sol = 1364
2018-01-21 21:22:48,256 [remsCalibrationThread16] INFO space.exploration.mars.rover.sensor.WeatherSensor  - ThreadId = 16 started for remsCalibration for sol = 1364
2018-01-21 21:22:48,256 [remsCalibrationThread9] INFO space.exploration.mars.rover.sensor.WeatherSensor  - ThreadId = 9 started for remsCalibration for sol = 1364
2018-01-21 21:22:48,257 [remsCalibrationThread22] INFO space.exploration.mars.rover.sensor.WeatherSensor  - ThreadId = 22 started for remsCalibration for sol = 1364
2018-01-21 21:22:48,262 [remsCalibrationThread24] INFO space.exploration.mars.rover.sensor.WeatherSensor  - ThreadId = 24 started for remsCalibration for sol = 1364
2018-01-21 21:22:48,263 [remsCalibrationThread25] INFO space.exploration.mars.rover.sensor.WeatherSensor  - ThreadId = 25 started for remsCalibration for sol = 1364
2018-01-21 21:22:48,262 [remsCalibrationThread23] INFO space.exploration.mars.rover.sensor.WeatherSensor  - ThreadId = 23 started for remsCalibration for sol = 1364
2018-01-21 21:22:48,264 [remsCalibrationThread31] INFO space.exploration.mars.rover.sensor.WeatherSensor  - ThreadId = 31 started for remsCalibration for sol = 1364
2018-01-21 21:22:48,264 [remsCalibrationThread26] INFO space.exploration.mars.rover.sensor.WeatherSensor  - ThreadId = 26 started for remsCalibration for sol = 1364
2018-01-21 21:22:48,264 [remsCalibrationThread28] INFO space.exploration.mars.rover.sensor.WeatherSensor  - ThreadId = 28 started for remsCalibration for sol = 1364
2018-01-21 21:22:48,264 [remsCalibrationThread29] INFO space.exploration.mars.rover.sensor.WeatherSensor  - ThreadId = 29 started for remsCalibration for sol = 1364
2018-01-21 21:22:48,264 [remsCalibrationThread30] INFO space.exploration.mars.rover.sensor.WeatherSensor  - ThreadId = 30 started for remsCalibration for sol = 1364
2018-01-21 21:22:48,264 [remsCalibrationThread32] INFO space.exploration.mars.rover.sensor.WeatherSensor  - ThreadId = 32 started for remsCalibration for sol = 1364
2018-01-21 21:22:48,264 [remsCalibrationThread27] INFO space.exploration.mars.rover.sensor.WeatherSensor  - ThreadId = 27 started for remsCalibration for sol = 1364
2018-01-21 21:22:48,266 [remsCalibrationThread34] INFO space.exploration.mars.rover.sensor.WeatherSensor  - ThreadId = 34 started for remsCalibration for sol = 1364
2018-01-21 21:22:48,266 [remsCalibrationThread35] INFO space.exploration.mars.rover.sensor.WeatherSensor  - ThreadId = 35 started for remsCalibration for sol = 1364
2018-01-21 21:22:48,266 [remsCalibrationThread36] INFO space.exploration.mars.rover.sensor.WeatherSensor  - ThreadId = 36 started for remsCalibration for sol = 1364
2018-01-21 21:22:48,266 [remsCalibrationThread39] INFO space.exploration.mars.rover.sensor.WeatherSensor  - ThreadId = 39 started for remsCalibration for sol = 1364
2018-01-21 21:22:48,268 [remsCalibrationThread52] INFO space.exploration.mars.rover.sensor.WeatherSensor  - ThreadId = 52 started for remsCalibration for sol = 1364
2018-01-21 21:22:48,266 [remsCalibrationThread44] INFO space.exploration.mars.rover.sensor.WeatherSensor  - ThreadId = 44 started for remsCalibration for sol = 1364
2018-01-21 21:22:48,268 [remsCalibrationThread43] INFO space.exploration.mars.rover.sensor.WeatherSensor  - ThreadId = 43 started for remsCalibration for sol = 1364
2018-01-21 21:22:48,268 [remsCalibrationThread42] INFO space.exploration.mars.rover.sensor.WeatherSensor  - ThreadId = 42 started for remsCalibration for sol = 1364
2018-01-21 21:22:48,268 [remsCalibrationThread41] INFO space.exploration.mars.rover.sensor.WeatherSensor  - ThreadId = 41 started for remsCalibration for sol = 1364
2018-01-21 21:22:48,267 [remsCalibrationThread51] INFO space.exploration.mars.rover.sensor.WeatherSensor  - ThreadId = 51 started for remsCalibration for sol = 1364
2018-01-21 21:22:48,267 [remsCalibrationThread50] INFO space.exploration.mars.rover.sensor.WeatherSensor  - ThreadId = 50 started for remsCalibration for sol = 1364
2018-01-21 21:22:48,267 [remsCalibrationThread49] INFO space.exploration.mars.rover.sensor.WeatherSensor  - ThreadId = 49 started for remsCalibration for sol = 1364
2018-01-21 21:22:48,267 [remsCalibrationThread48] INFO space.exploration.mars.rover.sensor.WeatherSensor  - ThreadId = 48 started for remsCalibration for sol = 1364
2018-01-21 21:22:48,267 [remsCalibrationThread33] INFO space.exploration.mars.rover.sensor.WeatherSensor  - ThreadId = 33 started for remsCalibration for sol = 1364
2018-01-21 21:22:48,267 [remsCalibrationThread47] INFO space.exploration.mars.rover.sensor.WeatherSensor  - ThreadId = 47 started for remsCalibration for sol = 1364
2018-01-21 21:22:48,267 [remsCalibrationThread46] INFO space.exploration.mars.rover.sensor.WeatherSensor  - ThreadId = 46 started for remsCalibration for sol = 1364
2018-01-21 21:22:48,267 [remsCalibrationThread45] INFO space.exploration.mars.rover.sensor.WeatherSensor  - ThreadId = 45 started for remsCalibration for sol = 1364
2018-01-21 21:22:48,267 [remsCalibrationThread40] INFO space.exploration.mars.rover.sensor.WeatherSensor  - ThreadId = 40 started for remsCalibration for sol = 1364
2018-01-21 21:22:48,266 [remsCalibrationThread38] INFO space.exploration.mars.rover.sensor.WeatherSensor  - ThreadId = 38 started for remsCalibration for sol = 1364
2018-01-21 21:22:48,266 [remsCalibrationThread37] INFO space.exploration.mars.rover.sensor.WeatherSensor  - ThreadId = 37 started for remsCalibration for sol = 1364
2018-01-21 21:22:48,270 [remsCalibrationThread53] INFO space.exploration.mars.rover.sensor.WeatherSensor  - ThreadId = 53 started for remsCalibration for sol = 1364
2018-01-21 21:22:48,270 [remsCalibrationThread54] INFO space.exploration.mars.rover.sensor.WeatherSensor  - ThreadId = 54 started for remsCalibration for sol = 1364
2018-01-21 21:22:48,270 [remsCalibrationThread55] INFO space.exploration.mars.rover.sensor.WeatherSensor  - ThreadId = 55 started for remsCalibration for sol = 1364
2018-01-21 21:22:48,276 [remsCalibrationThread56] INFO space.exploration.mars.rover.sensor.WeatherSensor  - ThreadId = 56 started for remsCalibration for sol = 1364
2018-01-21 21:22:48,276 [remsCalibrationThread57] INFO space.exploration.mars.rover.sensor.WeatherSensor  - ThreadId = 57 started for remsCalibration for sol = 1364
2018-01-21 21:22:48,277 [remsCalibrationThread58] INFO space.exploration.mars.rover.sensor.WeatherSensor  - ThreadId = 58 started for remsCalibration for sol = 1364
2018-01-21 21:22:48,277 [remsCalibrationThread59] INFO space.exploration.mars.rover.sensor.WeatherSensor  - ThreadId = 59 started for remsCalibration for sol = 1364
2018-01-21 21:22:48,277 [remsCalibrationThread60] INFO space.exploration.mars.rover.sensor.WeatherSensor  - ThreadId = 60 started for remsCalibration for sol = 1364
2018-01-21 21:22:48,277 [remsCalibrationThread61] INFO space.exploration.mars.rover.sensor.WeatherSensor  - ThreadId = 61 started for remsCalibration for sol = 1364
2018-01-21 21:22:48,278 [remsCalibrationThread62] INFO space.exploration.mars.rover.sensor.WeatherSensor  - ThreadId = 62 started for remsCalibration for sol = 1364
2018-01-21 21:22:48,278 [remsCalibrationThread63] INFO space.exploration.mars.rover.sensor.WeatherSensor  - ThreadId = 63 started for remsCalibration for sol = 1364
2018-01-21 21:22:48,280 [remsCalibrationThread64] INFO space.exploration.mars.rover.sensor.WeatherSensor  - ThreadId = 64 started for remsCalibration for sol = 1364
2018-01-21 21:22:48,280 [remsCalibrationThread65] INFO space.exploration.mars.rover.sensor.WeatherSensor  - ThreadId = 65 started for remsCalibration for sol = 1364
2018-01-21 21:22:48,281 [remsCalibrationThread66] INFO space.exploration.mars.rover.sensor.WeatherSensor  - ThreadId = 66 started for remsCalibration for sol = 1364
2018-01-21 21:22:48,281 [remsCalibrationThread67] INFO space.exploration.mars.rover.sensor.WeatherSensor  - ThreadId = 67 started for remsCalibration for sol = 1364
2018-01-21 21:22:48,281 [remsCalibrationThread68] INFO space.exploration.mars.rover.sensor.WeatherSensor  - ThreadId = 68 started for remsCalibration for sol = 1364
2018-01-21 21:22:48,281 [remsCalibrationThread69] INFO space.exploration.mars.rover.sensor.WeatherSensor  - ThreadId = 69 started for remsCalibration for sol = 1364
2018-01-21 21:22:48,281 [remsCalibrationThread70] INFO space.exploration.mars.rover.sensor.WeatherSensor  - ThreadId = 70 started for remsCalibration for sol = 1364
2018-01-21 21:22:48,281 [remsCalibrationThread71] INFO space.exploration.mars.rover.sensor.WeatherSensor  - ThreadId = 71 started for remsCalibration for sol = 1364
2018-01-21 21:22:48,281 [remsCalibrationThread73] INFO space.exploration.mars.rover.sensor.WeatherSensor  - ThreadId = 73 started for remsCalibration for sol = 1364
2018-01-21 21:22:48,281 [remsCalibrationThread74] INFO space.exploration.mars.rover.sensor.WeatherSensor  - ThreadId = 74 started for remsCalibration for sol = 1364
2018-01-21 21:22:48,282 [remsCalibrationThread75] INFO space.exploration.mars.rover.sensor.WeatherSensor  - ThreadId = 75 started for remsCalibration for sol = 1364
2018-01-21 21:22:48,282 [remsCalibrationThread76] INFO space.exploration.mars.rover.sensor.WeatherSensor  - ThreadId = 76 started for remsCalibration for sol = 1364
2018-01-21 21:22:48,282 [remsCalibrationThread77] INFO space.exploration.mars.rover.sensor.WeatherSensor  - ThreadId = 77 started for remsCalibration for sol = 1364
2018-01-21 21:22:48,283 [remsCalibrationThread78] INFO space.exploration.mars.rover.sensor.WeatherSensor  - ThreadId = 78 started for remsCalibration for sol = 1364
2018-01-21 21:22:48,283 [remsCalibrationThread79] INFO space.exploration.mars.rover.sensor.WeatherSensor  - ThreadId = 79 started for remsCalibration for sol = 1364
2018-01-21 21:22:48,283 [remsCalibrationThread80] INFO space.exploration.mars.rover.sensor.WeatherSensor  - ThreadId = 80 started for remsCalibration for sol = 1364
2018-01-21 21:22:48,285 [remsCalibrationThread72] INFO space.exploration.mars.rover.sensor.WeatherSensor  - ThreadId = 72 started for remsCalibration for sol = 1364
2018-01-21 21:22:48,285 [remsCalibrationThread82] INFO space.exploration.mars.rover.sensor.WeatherSensor  - ThreadId = 82 started for remsCalibration for sol = 1364
2018-01-21 21:22:48,286 [remsCalibrationThread81] INFO space.exploration.mars.rover.sensor.WeatherSensor  - ThreadId = 81 started for remsCalibration for sol = 1364
2018-01-21 21:22:48,286 [remsCalibrationThread83] INFO space.exploration.mars.rover.sensor.WeatherSensor  - ThreadId = 83 started for remsCalibration for sol = 1364
2018-01-21 21:22:48,287 [remsCalibrationThread84] INFO space.exploration.mars.rover.sensor.WeatherSensor  - ThreadId = 84 started for remsCalibration for sol = 1364
2018-01-21 21:22:48,287 [remsCalibrationThread85] INFO space.exploration.mars.rover.sensor.WeatherSensor  - ThreadId = 85 started for remsCalibration for sol = 1364
2018-01-21 21:22:48,287 [remsCalibrationThread86] INFO space.exploration.mars.rover.sensor.WeatherSensor  - ThreadId = 86 started for remsCalibration for sol = 1364
2018-01-21 21:22:48,290 [remsCalibrationThread87] INFO space.exploration.mars.rover.sensor.WeatherSensor  - ThreadId = 87 started for remsCalibration for sol = 1364
2018-01-21 21:22:48,290 [remsCalibrationThread88] INFO space.exploration.mars.rover.sensor.WeatherSensor  - ThreadId = 88 started for remsCalibration for sol = 1364
2018-01-21 21:22:48,290 [remsCalibrationThread89] INFO space.exploration.mars.rover.sensor.WeatherSensor  - ThreadId = 89 started for remsCalibration for sol = 1364
2018-01-21 21:22:48,290 [remsCalibrationThread90] INFO space.exploration.mars.rover.sensor.WeatherSensor  - ThreadId = 90 started for remsCalibration for sol = 1364
2018-01-21 21:22:48,291 [remsCalibrationThread91] INFO space.exploration.mars.rover.sensor.WeatherSensor  - ThreadId = 91 started for remsCalibration for sol = 1364
2018-01-21 21:22:48,291 [remsCalibrationThread92] INFO space.exploration.mars.rover.sensor.WeatherSensor  - ThreadId = 92 started for remsCalibration for sol = 1364
2018-01-21 21:22:48,291 [remsCalibrationThread93] INFO space.exploration.mars.rover.sensor.WeatherSensor  - ThreadId = 93 started for remsCalibration for sol = 1364
2018-01-21 21:22:48,291 [remsCalibrationThread94] INFO space.exploration.mars.rover.sensor.WeatherSensor  - ThreadId = 94 started for remsCalibration for sol = 1364
2018-01-21 21:22:48,292 [remsCalibrationThread95] INFO space.exploration.mars.rover.sensor.WeatherSensor  - ThreadId = 95 started for remsCalibration for sol = 1364
2018-01-21 21:22:48,292 [remsCalibrationThread96] INFO space.exploration.mars.rover.sensor.WeatherSensor  - ThreadId = 96 started for remsCalibration for sol = 1364
2018-01-21 21:22:48,292 [remsCalibrationThread97] INFO space.exploration.mars.rover.sensor.WeatherSensor  - ThreadId = 97 started for remsCalibration for sol = 1364
2018-01-21 21:22:48,292 [remsCalibrationThread98] INFO space.exploration.mars.rover.sensor.WeatherSensor  - ThreadId = 98 started for remsCalibration for sol = 1364
2018-01-21 21:22:48,292 [remsCalibrationThread99] INFO space.exploration.mars.rover.sensor.WeatherSensor  - ThreadId = 99 started for remsCalibration for sol = 1364
2018-01-21 21:22:57,335 [radio] INFO space.exploration.mars.rover.communication.Receiver  - Time Elapsed since last message = 20413
2018-01-21 21:22:57,496 [radio] INFO space.exploration.mars.rover.kernel.PositionSensor  - Houston - this is curiosityActual.ephemerisTime: 5.18579828184736E8
stateCuriosity: -4.2272251272E7
stateCuriosity: -5.6906066041E7
stateCuriosity: -2.7456744559E7
stateCuriosity: -5.067
stateCuriosity: 0.87
stateCuriosity: -0.28
owltMSLEarth: 253.577
stateEarth: 4.2269683777E7
stateEarth: 5.6902609679E7
stateEarth: 2.7455076928E7
stateEarth: 5.067
stateEarth: -0.869
stateEarth: 0.281
owltEarthMSL: 253.562
positionEarthWRTCuriosity: 4.2269683777E7
positionEarthWRTCuriosity: 5.6902609679E7
positionEarthWRTCuriosity: 2.7455076928E7
owltEarthMSL2: 253.562
angSepHGAEarth: 35.462
utcTime: "2016-06-07~13:56:00"
sol: 1364
sclkValue: " 1/01364:11:49:19:18066"

2018-01-21 21:22:57,555 [radio] INFO space.exploration.mars.rover.kernel.PositionSensor  - ephemerisTime: 5.18579888184736E8
stateCuriosity: -4.2272555279E7
stateCuriosity: -5.6906013872E7
stateCuriosity: -2.7456761386E7
stateCuriosity: -5.067
stateCuriosity: 0.869
stateCuriosity: -0.281
owltMSLEarth: 253.578
stateEarth: 4.2269987806E7
stateEarth: 5.6902557567E7
stateEarth: 2.7455093778E7
stateEarth: 5.067
stateEarth: -0.868
stateEarth: 0.281
owltEarthMSL: 253.562
positionEarthWRTCuriosity: 4.2269987806E7
positionEarthWRTCuriosity: 5.6902557567E7
positionEarthWRTCuriosity: 2.7455093778E7
owltEarthMSL2: 253.562
angSepHGAEarth: 35.244
utcTime: "2016-06-07~13:57:00"
sol: 1364
sclkValue: " 1/01364:11:50:17:57532"

2018-01-21 21:22:57,555 [radio] INFO space.exploration.mars.rover.communication.Radio  - One Way Light Time computed by SPICE :: 253.577
2018-01-21 21:22:57,560 [radio] INFO space.exploration.mars.rover.kernel.SleepingState  - Awaking from sleeping state
2018-01-21 21:22:57,561 [radio] INFO space.exploration.mars.rover.animation.SleepingAnimationEngine  - Waking up rover
2018-01-21 21:23:00,575 [radio] INFO space.exploration.mars.rover.kernel.ListeningState  - timeStamp: 1516591377323
targets {
  roverModule: 1
  estimatedPowerUsage: 40
  action: "Move"
  auxiliaryData: "\n\006\b\243\005\020\243\005"
}

2018-01-21 21:23:06,605 [radio] INFO space.exploration.mars.rover.kernel.ListeningState  - 1516591386605,1,Move Current instructionQueue length = 0
2018-01-21 21:23:07,358 [radio] INFO space.exploration.mars.rover.kernel.ListeningState  - Rover Curiosity is on the move!
2018-01-21 21:23:08,046 [radio] INFO space.exploration.mars.rover.sensor.TelemetrySensor  - Telemetry relay commenced.
2018-01-21 21:23:51,853 [radio] INFO space.exploration.mars.rover.sensor.TelemetrySensor  - Telemetry relay stopped, number of telemetryDataPoints = 103
2018-01-21 21:23:57,178 [remsCalibrationKickOff] INFO space.exploration.mars.rover.sensor.WeatherSensor  - Thread id = 0 finished checking urls, file not found. Done status = true
2018-01-21 21:24:00,947 [radio] INFO space.exploration.mars.rover.kernel.PositionSensor  - Houston - this is curiosityActual.ephemerisTime: 5.18583668184735E8
stateCuriosity: -4.229172645E7
stateCuriosity: -5.6902860458E7
stateCuriosity: -2.7457878595E7
stateCuriosity: -5.074
stateCuriosity: 0.8
stateCuriosity: -0.312
owltMSLEarth: 253.607
stateEarth: 4.2289159936E7
stateEarth: 5.6899407049E7
stateEarth: 2.7456212152E7
stateEarth: 5.074
stateEarth: -0.799
stateEarth: 0.312
owltEarthMSL: 253.591
positionEarthWRTCuriosity: 4.2289159936E7
positionEarthWRTCuriosity: 5.6899407049E7
positionEarthWRTCuriosity: 2.7456212152E7
owltEarthMSL2: 253.591
angSepHGAEarth: 21.911
utcTime: "2016-06-07~15:00:00"
sol: 1364
sclkValue: " 1/01364:12:51:36:43876"

2018-01-21 21:24:01,000 [radio] INFO space.exploration.mars.rover.kernel.PositionSensor  - ephemerisTime: 5.18583668184735E8
stateCuriosity: -4.229172645E7
stateCuriosity: -5.6902860458E7
stateCuriosity: -2.7457878595E7
stateCuriosity: -5.074
stateCuriosity: 0.8
stateCuriosity: -0.312
owltMSLEarth: 253.607
stateEarth: 4.2289159936E7
stateEarth: 5.6899407049E7
stateEarth: 2.7456212152E7
stateEarth: 5.074
stateEarth: -0.799
stateEarth: 0.312
owltEarthMSL: 253.591
positionEarthWRTCuriosity: 4.2289159936E7
positionEarthWRTCuriosity: 5.6899407049E7
positionEarthWRTCuriosity: 2.7456212152E7
owltEarthMSL2: 253.591
angSepHGAEarth: 21.911
utcTime: "2016-06-07~15:00:00"
sol: 1364
sclkValue: " 1/01364:12:51:36:43876"

2018-01-21 21:24:01,000 [radio] INFO space.exploration.mars.rover.communication.Radio  - One Way Light Time computed by SPICE :: 253.607
2018-01-21 21:24:01,005 [radio] INFO space.exploration.mars.rover.communication.Transmitter  - Sending information packet to curiosity_to_earth_5
2018-01-21 21:24:03,746 [remsCalibrationKickOff] INFO space.exploration.mars.rover.sensor.WeatherSensor  - Thread id = 1 finished checking urls, file not found. Done status = true
2018-01-21 21:24:04,006 [batteryMonitor] INFO space.exploration.mars.rover.power.BatteryMonitor  - BatteryMonitor performing due diligence. SCET = 1516591386382 Rover state = Listening State
2018-01-21 21:24:04,006 [batteryMonitor] INFO space.exploration.mars.rover.power.BatteryMonitor  -  Battery primaryUnits = 779 auxiliaryPowerUnits = 100
2018-01-21 21:24:04,006 [batteryMonitor] INFO space.exploration.mars.rover.power.BatteryMonitor  - BatteryMonitor performing due diligence. SCET = 1516591444006 Rover state = Listening State
2018-01-21 21:24:04,006 [batteryMonitor] INFO space.exploration.mars.rover.power.BatteryMonitor  -  Battery primaryUnits = 779 auxiliaryPowerUnits = 100
2018-01-21 21:24:04,075 [pacemaker] INFO space.exploration.mars.rover.kernel.PositionSensor  - Houston - this is curiosityActual.ephemerisTime: 5.18583848184735E8
stateCuriosity: -4.2292639773E7
stateCuriosity: -5.6902716771E7
stateCuriosity: -2.7457934851E7
stateCuriosity: -5.074
stateCuriosity: 0.797
stateCuriosity: -0.313
owltMSLEarth: 253.608
stateEarth: 4.2290073277E7
stateEarth: 5.6899263462E7
stateEarth: 2.7456268446E7
stateEarth: 5.074
stateEarth: -0.796
stateEarth: 0.314
owltEarthMSL: 253.593
positionEarthWRTCuriosity: 4.2290073277E7
positionEarthWRTCuriosity: 5.6899263462E7
positionEarthWRTCuriosity: 2.7456268446E7
owltEarthMSL2: 253.593
angSepHGAEarth: 21.312
utcTime: "2016-06-07~15:03:00"
sol: 1364
sclkValue: " 1/01364:12:54:31:62274"

2018-01-21 21:24:04,124 [pacemaker] INFO space.exploration.mars.rover.kernel.PositionSensor  - ephemerisTime: 5.18583848184735E8
stateCuriosity: -4.2292639773E7
stateCuriosity: -5.6902716771E7
stateCuriosity: -2.7457934851E7
stateCuriosity: -5.074
stateCuriosity: 0.797
stateCuriosity: -0.313
owltMSLEarth: 253.608
stateEarth: 4.2290073277E7
stateEarth: 5.6899263462E7
stateEarth: 2.7456268446E7
stateEarth: 5.074
stateEarth: -0.796
stateEarth: 0.314
owltEarthMSL: 253.593
positionEarthWRTCuriosity: 4.2290073277E7
positionEarthWRTCuriosity: 5.6899263462E7
positionEarthWRTCuriosity: 2.7456268446E7
owltEarthMSL2: 253.593
angSepHGAEarth: 21.312
utcTime: "2016-06-07~15:03:00"
sol: 1364
sclkValue: " 1/01364:12:54:31:62274"

2018-01-21 21:24:04,129 [pacemaker] INFO space.exploration.mars.rover.kernel.SpacecraftClock  - Internal time::2016-06-07T15:04:00.000-05:00 sclk of::1/01364:12:55:30:01739
2018-01-21 21:24:04,561 [remsCalibrationKickOff] INFO space.exploration.mars.rover.sensor.WeatherSensor  - Thread id = 2 finished checking urls, file not found. Done status = true
2018-01-21 21:24:04,561 [remsCalibrationKickOff] INFO space.exploration.mars.rover.sensor.WeatherSensor  - Thread id = 3 finished checking urls, file not found. Done status = true
2018-01-21 21:24:04,603 [remsCalibrationKickOff] INFO space.exploration.mars.rover.sensor.WeatherSensor  - Thread id = 4 finished checking urls, file not found. Done status = true
2018-01-21 21:24:04,603 [remsCalibrationKickOff] INFO space.exploration.mars.rover.sensor.WeatherSensor  - Thread id = 5 finished checking urls, file not found. Done status = true
2018-01-21 21:24:04,603 [remsCalibrationKickOff] INFO space.exploration.mars.rover.sensor.WeatherSensor  - Thread id = 6 finished checking urls, file not found. Done status = true
2018-01-21 21:24:04,603 [remsCalibrationKickOff] INFO space.exploration.mars.rover.sensor.WeatherSensor  - Thread id = 7 finished checking urls, file not found. Done status = true
2018-01-21 21:24:04,603 [remsCalibrationKickOff] INFO space.exploration.mars.rover.sensor.WeatherSensor  - Thread id = 8 finished checking urls, file not found. Done status = true
2018-01-21 21:24:04,603 [remsCalibrationKickOff] INFO space.exploration.mars.rover.sensor.WeatherSensor  - Thread id = 9 finished checking urls, file not found. Done status = true
2018-01-21 21:24:04,603 [remsCalibrationKickOff] INFO space.exploration.mars.rover.sensor.WeatherSensor  - Thread id = 10 finished checking urls, file not found. Done status = true
2018-01-21 21:24:04,603 [remsCalibrationKickOff] INFO space.exploration.mars.rover.sensor.WeatherSensor  - Thread id = 11 finished checking urls, file not found. Done status = true
2018-01-21 21:24:04,603 [remsCalibrationKickOff] INFO space.exploration.mars.rover.sensor.WeatherSensor  - Thread id = 12 finished checking urls, file not found. Done status = true
2018-01-21 21:24:04,603 [remsCalibrationKickOff] INFO space.exploration.mars.rover.sensor.WeatherSensor  - Thread id = 13 finished checking urls, file not found. Done status = true
2018-01-21 21:24:04,603 [remsCalibrationKickOff] INFO space.exploration.mars.rover.sensor.WeatherSensor  - Thread id = 14 finished checking urls, file not found. Done status = true
2018-01-21 21:24:04,603 [remsCalibrationKickOff] INFO space.exploration.mars.rover.sensor.WeatherSensor  - Thread id = 15 finished checking urls, file not found. Done status = true
2018-01-21 21:24:04,603 [remsCalibrationKickOff] INFO space.exploration.mars.rover.sensor.WeatherSensor  - Thread id = 16 finished checking urls, file not found. Done status = true
2018-01-21 21:24:04,603 [remsCalibrationKickOff] INFO space.exploration.mars.rover.sensor.WeatherSensor  - Thread id = 17 finished checking urls, file not found. Done status = true
2018-01-21 21:24:04,603 [remsCalibrationKickOff] INFO space.exploration.mars.rover.sensor.WeatherSensor  - Thread id = 18 finished checking urls, file not found. Done status = true
2018-01-21 21:24:04,603 [remsCalibrationKickOff] INFO space.exploration.mars.rover.sensor.WeatherSensor  - Thread id = 19 finished checking urls, file not found. Done status = true
2018-01-21 21:24:04,603 [remsCalibrationKickOff] INFO space.exploration.mars.rover.sensor.WeatherSensor  - Thread id = 20 finished checking urls, file not found. Done status = true
2018-01-21 21:24:10,234 [pacemaker] INFO space.exploration.mars.rover.kernel.PositionSensor  - Houston - this is curiosityActual.ephemerisTime: 5.18584208184735E8
stateCuriosity: -4.2294466382E7
stateCuriosity: -5.6902431132E7
stateCuriosity: -2.7458048265E7
stateCuriosity: -5.074
stateCuriosity: 0.79
stateCuriosity: -0.317
owltMSLEarth: 253.611
stateEarth: 4.229189991E7
stateEarth: 5.6898978011E7
stateEarth: 2.7456381928E7
stateEarth: 5.074
stateEarth: -0.79
stateEarth: 0.317
owltEarthMSL: 253.595
positionEarthWRTCuriosity: 4.229189991E7
positionEarthWRTCuriosity: 5.6898978011E7
positionEarthWRTCuriosity: 2.7456381928E7
owltEarthMSL2: 253.595
angSepHGAEarth: 20.132
utcTime: "2016-06-07~15:09:00"
sol: 1364
sclkValue: " 1/01364:13:00:21:99068"

2018-01-21 21:24:10,298 [pacemaker] INFO space.exploration.mars.rover.kernel.PositionSensor  - ephemerisTime: 5.18584208184735E8
stateCuriosity: -4.2294466382E7
stateCuriosity: -5.6902431132E7
stateCuriosity: -2.7458048265E7
stateCuriosity: -5.074
stateCuriosity: 0.79
stateCuriosity: -0.317
owltMSLEarth: 253.611
stateEarth: 4.229189991E7
stateEarth: 5.6898978011E7
stateEarth: 2.7456381928E7
stateEarth: 5.074
stateEarth: -0.79
stateEarth: 0.317
owltEarthMSL: 253.595
positionEarthWRTCuriosity: 4.229189991E7
positionEarthWRTCuriosity: 5.6898978011E7
positionEarthWRTCuriosity: 2.7456381928E7
owltEarthMSL2: 253.595
angSepHGAEarth: 20.132
utcTime: "2016-06-07~15:09:00"
sol: 1364
sclkValue: " 1/01364:13:00:21:99068"

2018-01-21 21:24:10,298 [pacemaker] INFO space.exploration.mars.rover.communication.Radio  - One Way Light Time computed by SPICE :: 253.611
2018-01-21 21:24:10,302 [pacemaker] INFO space.exploration.mars.rover.communication.Transmitter  - Sending information packet to curiosity_to_earth_5
2018-01-21 21:24:13,303 [batteryMonitor] INFO space.exploration.mars.rover.power.BatteryMonitor  - BatteryMonitor performing due diligence. SCET = 1516591446382 Rover state = Listening State
2018-01-21 21:24:13,304 [batteryMonitor] INFO space.exploration.mars.rover.power.BatteryMonitor  -  Battery primaryUnits = 779 auxiliaryPowerUnits = 100
2018-01-21 21:24:17,823 [radio] INFO space.exploration.mars.rover.communication.Receiver  - Time Elapsed since last message = 80488
2018-01-21 21:24:17,941 [radio] INFO space.exploration.mars.rover.kernel.PositionSensor  - Houston - this is curiosityActual.ephemerisTime: 5.18584688184735E8
stateCuriosity: -4.2296901706E7
stateCuriosity: -5.6902053857E7
stateCuriosity: -2.7458201384E7
stateCuriosity: -5.073
stateCuriosity: 0.782
stateCuriosity: -0.321
owltMSLEarth: 253.615
stateEarth: 4.2294335249E7
stateEarth: 5.689860096E7
stateEarth: 2.7456535126E7
stateEarth: 5.073
stateEarth: -0.781
stateEarth: 0.321
owltEarthMSL: 253.599
positionEarthWRTCuriosity: 4.2294335249E7
positionEarthWRTCuriosity: 5.689860096E7
positionEarthWRTCuriosity: 2.7456535126E7
owltEarthMSL2: 253.599
angSepHGAEarth: 18.601
utcTime: "2016-06-07~15:17:00"
sol: 1364
sclkValue: " 1/01364:13:08:09:14795"

2018-01-21 21:24:17,984 [radio] INFO space.exploration.mars.rover.kernel.PositionSensor  - ephemerisTime: 5.18584688184735E8
stateCuriosity: -4.2296901706E7
stateCuriosity: -5.6902053857E7
stateCuriosity: -2.7458201384E7
stateCuriosity: -5.073
stateCuriosity: 0.782
stateCuriosity: -0.321
owltMSLEarth: 253.615
stateEarth: 4.2294335249E7
stateEarth: 5.689860096E7
stateEarth: 2.7456535126E7
stateEarth: 5.073
stateEarth: -0.781
stateEarth: 0.321
owltEarthMSL: 253.599
positionEarthWRTCuriosity: 4.2294335249E7
positionEarthWRTCuriosity: 5.689860096E7
positionEarthWRTCuriosity: 2.7456535126E7
owltEarthMSL2: 253.599
angSepHGAEarth: 18.601
utcTime: "2016-06-07~15:17:00"
sol: 1364
sclkValue: " 1/01364:13:08:09:14795"

2018-01-21 21:24:17,984 [radio] INFO space.exploration.mars.rover.communication.Radio  - One Way Light Time computed by SPICE :: 253.615
2018-01-21 21:24:17,989 [radio] INFO space.exploration.mars.rover.kernel.ListeningState  - timeStamp: 1516591457808
targets {
  roverModule: 5
  estimatedPowerUsage: 30
  action: "Explore"
}

2018-01-21 21:24:24,015 [radio] INFO space.exploration.mars.rover.kernel.ListeningState  - 1516591464015,5,Explore Current instructionQueue length = 0
2018-01-21 21:24:24,015 [radio] INFO space.exploration.mars.rover.kernel.ListeningState  - Rover Curiosity is on a scientific mission!
2018-01-21 21:24:25,016 [radio] INFO space.exploration.mars.rover.sensor.Spectrometer  - Spectrometer initialized and ready!
2018-01-21 21:24:25,018 [radio] ERROR space.exploration.mars.rover.communication.Radio  - Houston, we have a problem!
java.lang.NullPointerException
	at space.exploration.mars.rover.sensor.Spectrometer$SoilComp.toString(Spectrometer.java:179)
	at space.exploration.mars.rover.sensor.Spectrometer.processSurroundingArea(Spectrometer.java:116)
	at space.exploration.mars.rover.kernel.ExploringState.exploreArea(ExploringState.java:58)
	at space.exploration.mars.rover.kernel.Rover.exploreArea(Rover.java:374)
	at space.exploration.mars.rover.kernel.ListeningState.receiveMessage(ListeningState.java:107)
	at space.exploration.mars.rover.kernel.Rover.receiveMessage(Rover.java:346)
	at space.exploration.mars.rover.communication.Radio.receiveMessage(Radio.java:68)
	at space.exploration.mars.rover.communication.Receiver.run(Receiver.java:67)
2018-01-21 21:24:25,026 [radio] ERROR space.exploration.mars.rover.communication.Radio  - The following instruction may have been lost.timeStamp: 1516591457808
targets {
  roverModule: 5
  estimatedPowerUsage: 30
  action: "Explore"
}

2018-01-21 21:24:25,783 [pacemaker] INFO space.exploration.mars.rover.kernel.PositionSensor  - Houston - this is curiosityActual.ephemerisTime: 5.18585168184735E8
stateCuriosity: -4.2299336745E7
stateCuriosity: -5.6901680636E7
stateCuriosity: -2.7458356718E7
stateCuriosity: -5.073
stateCuriosity: 0.773
stateCuriosity: -0.326
owltMSLEarth: 253.618
stateEarth: 4.2296770279E7
stateEarth: 5.6898227932E7
stateEarth: 2.7456690524E7
stateEarth: 5.073
stateEarth: -0.773
stateEarth: 0.326
owltEarthMSL: 253.603
positionEarthWRTCuriosity: 4.2296770279E7
positionEarthWRTCuriosity: 5.6898227932E7
positionEarthWRTCuriosity: 2.7456690524E7
owltEarthMSL2: 253.603
angSepHGAEarth: 17.13
utcTime: "2016-06-07~15:25:00"
sol: 1364
sclkValue: " 1/01364:13:15:56:30521"

2018-01-21 21:24:25,831 [pacemaker] INFO space.exploration.mars.rover.kernel.PositionSensor  - ephemerisTime: 5.18585168184735E8
stateCuriosity: -4.2299336745E7
stateCuriosity: -5.6901680636E7
stateCuriosity: -2.7458356718E7
stateCuriosity: -5.073
stateCuriosity: 0.773
stateCuriosity: -0.326
owltMSLEarth: 253.618
stateEarth: 4.2296770279E7
stateEarth: 5.6898227932E7
stateEarth: 2.7456690524E7
stateEarth: 5.073
stateEarth: -0.773
stateEarth: 0.326
owltEarthMSL: 253.603
positionEarthWRTCuriosity: 4.2296770279E7
positionEarthWRTCuriosity: 5.6898227932E7
positionEarthWRTCuriosity: 2.7456690524E7
owltEarthMSL2: 253.603
angSepHGAEarth: 17.13
utcTime: "2016-06-07~15:25:00"
sol: 1364
sclkValue: " 1/01364:13:15:56:30521"

2018-01-21 21:24:25,831 [pacemaker] INFO space.exploration.mars.rover.kernel.SpacecraftClock  - Internal time::2016-06-07T15:26:00.000-05:00 sclk of::1/01364:13:16:54:69987
