2018-06-04 16:14:18,024 [roverMain] INFO  space.exploration.mars.rover.kernel.Rover - IsDirectory result = true
2018-06-04 16:14:18,071 [roverMain] INFO  space.exploration.mars.rover.kernel.Rover - Could not get timestamp for :: 0
2018-06-04 16:14:18,071 [roverMain] INFO  space.exploration.mars.rover.kernel.Rover - Could not get timestamp for :: 0
2018-06-04 16:14:18,071 [roverMain] INFO  space.exploration.mars.rover.kernel.Rover - Could not get timestamp for :: 0
2018-06-04 16:14:18,071 [roverMain] INFO  space.exploration.mars.rover.kernel.Rover - Could not get timestamp for :: 0
2018-06-04 16:14:18,072 [roverMain] INFO  space.exploration.mars.rover.kernel.Rover - Could not get timestamp for :: 0
2018-06-04 16:14:18,072 [roverMain] INFO  space.exploration.mars.rover.kernel.Rover - Could not get timestamp for :: 0
2018-06-04 16:14:18,072 [roverMain] INFO  space.exploration.mars.rover.kernel.Rover - Could not get timestamp for :: 0
2018-06-04 16:14:18,072 [roverMain] INFO  space.exploration.mars.rover.kernel.Rover - Could not get timestamp for :: 0
2018-06-04 16:14:18,072 [roverMain] INFO  space.exploration.mars.rover.kernel.Rover - Could not get timestamp for :: 0
2018-06-04 16:14:18,072 [roverMain] INFO  space.exploration.mars.rover.kernel.Rover - Could not get timestamp for :: 0
2018-06-04 16:14:18,072 [roverMain] INFO  space.exploration.mars.rover.kernel.Rover - Could not get timestamp for :: 0
2018-06-04 16:14:18,072 [roverMain] INFO  space.exploration.mars.rover.kernel.Rover - Could not get timestamp for :: 0
2018-06-04 16:14:18,072 [roverMain] INFO  space.exploration.mars.rover.kernel.Rover - Could not get timestamp for :: 0
2018-06-04 16:14:18,072 [roverMain] INFO  space.exploration.mars.rover.kernel.Rover - Could not get timestamp for :: 0
2018-06-04 16:14:18,072 [roverMain] INFO  space.exploration.mars.rover.kernel.Rover - Could not get timestamp for :: 0
2018-06-04 16:14:18,073 [roverMain] INFO  space.exploration.mars.rover.kernel.Rover - Could not get timestamp for :: 0
2018-06-04 16:14:18,073 [roverMain] INFO  space.exploration.mars.rover.kernel.Rover - Could not get timestamp for :: 0
2018-06-04 16:14:18,073 [roverMain] INFO  space.exploration.mars.rover.kernel.Rover - Could not get timestamp for :: 0
2018-06-04 16:14:18,073 [roverMain] INFO  space.exploration.mars.rover.kernel.Rover - Could not get timestamp for :: 0
2018-06-04 16:14:18,073 [roverMain] INFO  space.exploration.mars.rover.kernel.Rover - Could not get timestamp for :: 0
2018-06-04 16:14:18,073 [roverMain] INFO  space.exploration.mars.rover.kernel.Rover - Could not get timestamp for :: 0
2018-06-04 16:14:18,073 [roverMain] INFO  space.exploration.mars.rover.kernel.Rover - Could not get timestamp for :: 0
2018-06-04 16:14:18,073 [roverMain] INFO  space.exploration.mars.rover.kernel.Rover - Could not get timestamp for :: 0
2018-06-04 16:14:18,073 [roverMain] INFO  space.exploration.mars.rover.kernel.Rover - Could not get timestamp for :: 0
2018-06-04 16:14:18,073 [roverMain] INFO  space.exploration.mars.rover.kernel.Rover - Could not get timestamp for :: 0
2018-06-04 16:14:18,073 [roverMain] INFO  space.exploration.mars.rover.kernel.Rover - Could not get timestamp for :: 0
2018-06-04 16:14:18,074 [roverMain] INFO  space.exploration.mars.rover.kernel.Rover - Could not get timestamp for :: 0
2018-06-04 16:14:18,074 [roverMain] INFO  space.exploration.mars.rover.kernel.Rover - Could not get timestamp for :: 0
2018-06-04 16:14:18,074 [roverMain] INFO  space.exploration.mars.rover.kernel.Rover - Could not get timestamp for :: 0
2018-06-04 16:14:18,074 [roverMain] INFO  space.exploration.mars.rover.kernel.Rover - Could not get timestamp for :: 0
2018-06-04 16:14:18,074 [roverMain] INFO  space.exploration.mars.rover.kernel.Rover - Could not get timestamp for :: 0
2018-06-04 16:14:18,074 [roverMain] INFO  space.exploration.mars.rover.kernel.Rover - Could not get timestamp for :: 0
2018-06-04 16:14:18,074 [roverMain] INFO  space.exploration.mars.rover.kernel.Rover - Could not get timestamp for :: 0
2018-06-04 16:14:18,074 [roverMain] INFO  space.exploration.mars.rover.kernel.Rover - Could not get timestamp for :: 0
2018-06-04 16:14:18,074 [roverMain] INFO  space.exploration.mars.rover.kernel.Rover - Could not get timestamp for :: 0
2018-06-04 16:14:18,074 [roverMain] INFO  space.exploration.mars.rover.kernel.Rover - Could not get timestamp for :: 0
2018-06-04 16:14:18,074 [roverMain] INFO  space.exploration.mars.rover.kernel.Rover - Could not get timestamp for :: 0
2018-06-04 16:14:18,074 [roverMain] INFO  space.exploration.mars.rover.kernel.Rover - Could not get timestamp for :: 0
2018-06-04 16:14:18,075 [roverMain] INFO  space.exploration.mars.rover.kernel.Rover - Could not get timestamp for :: 0
2018-06-04 16:14:18,075 [roverMain] INFO  space.exploration.mars.rover.kernel.Rover - Could not get timestamp for :: 0
2018-06-04 16:14:18,075 [roverMain] INFO  space.exploration.mars.rover.kernel.Rover - Could not get timestamp for :: 0
2018-06-04 16:14:18,075 [roverMain] INFO  space.exploration.mars.rover.kernel.Rover - Could not get timestamp for :: 0
2018-06-04 16:14:18,075 [roverMain] INFO  space.exploration.mars.rover.kernel.Rover - Could not get timestamp for :: 0
2018-06-04 16:14:18,075 [roverMain] INFO  space.exploration.mars.rover.kernel.Rover - Could not get timestamp for :: 0
2018-06-04 16:14:18,075 [roverMain] INFO  space.exploration.mars.rover.kernel.Rover - Could not get timestamp for :: 0
2018-06-04 16:14:18,075 [roverMain] INFO  space.exploration.mars.rover.kernel.Rover - Could not get timestamp for :: 0
2018-06-04 16:14:18,075 [roverMain] INFO  space.exploration.mars.rover.kernel.Rover - Could not get timestamp for :: 0
2018-06-04 16:14:18,075 [roverMain] INFO  space.exploration.mars.rover.kernel.Rover - Could not get timestamp for :: 0
2018-06-04 16:14:18,075 [roverMain] INFO  space.exploration.mars.rover.kernel.Rover - Could not get timestamp for :: 0
2018-06-04 16:14:18,075 [roverMain] INFO  space.exploration.mars.rover.kernel.Rover - Could not get timestamp for :: 0
2018-06-04 16:14:18,075 [roverMain] INFO  space.exploration.mars.rover.kernel.Rover - Could not get timestamp for :: 0
2018-06-04 16:14:18,076 [roverMain] INFO  space.exploration.mars.rover.kernel.Rover - Could not get timestamp for :: 0
2018-06-04 16:14:18,076 [roverMain] INFO  space.exploration.mars.rover.kernel.Rover - Could not get timestamp for :: 0
2018-06-04 16:14:18,076 [roverMain] INFO  space.exploration.mars.rover.kernel.Rover - Could not get timestamp for :: 0
2018-06-04 16:14:18,076 [roverMain] INFO  space.exploration.mars.rover.kernel.Rover - Could not get timestamp for :: 0
2018-06-04 16:14:18,076 [roverMain] INFO  space.exploration.mars.rover.kernel.Rover - Could not get timestamp for :: 0
2018-06-04 16:14:18,076 [roverMain] INFO  space.exploration.mars.rover.kernel.Rover - Could not get timestamp for :: 0
2018-06-04 16:14:18,076 [roverMain] INFO  space.exploration.mars.rover.kernel.Rover - Could not get timestamp for :: 0
2018-06-04 16:14:18,076 [roverMain] INFO  space.exploration.mars.rover.kernel.Rover - Could not get timestamp for :: 0
2018-06-04 16:14:18,076 [roverMain] INFO  space.exploration.mars.rover.kernel.Rover - Could not get timestamp for :: 0
2018-06-04 16:14:18,076 [roverMain] INFO  space.exploration.mars.rover.kernel.Rover - Could not get timestamp for :: 0
2018-06-04 16:14:18,076 [roverMain] INFO  space.exploration.mars.rover.kernel.Rover - Could not get timestamp for :: 0
2018-06-04 16:14:18,076 [roverMain] INFO  space.exploration.mars.rover.kernel.Rover - Could not get timestamp for :: 0
2018-06-04 16:14:18,076 [roverMain] INFO  space.exploration.mars.rover.kernel.Rover - Could not get timestamp for :: 0
2018-06-04 16:14:18,077 [roverMain] INFO  space.exploration.mars.rover.kernel.Rover - Could not get timestamp for :: 0
2018-06-04 16:14:18,077 [roverMain] INFO  space.exploration.mars.rover.kernel.Rover - Could not get timestamp for :: 0
2018-06-04 16:14:18,077 [roverMain] INFO  space.exploration.mars.rover.kernel.Rover - Could not get timestamp for :: 0
2018-06-04 16:14:18,077 [roverMain] INFO  space.exploration.mars.rover.kernel.Rover - Could not get timestamp for :: 0
2018-06-04 16:14:18,077 [roverMain] INFO  space.exploration.mars.rover.kernel.Rover - Could not get timestamp for :: 0
2018-06-04 16:14:18,077 [roverMain] INFO  space.exploration.mars.rover.kernel.Rover - Could not get timestamp for :: 0
2018-06-04 16:14:18,077 [roverMain] INFO  space.exploration.mars.rover.kernel.Rover - Could not get timestamp for :: 0
2018-06-04 16:14:18,077 [roverMain] INFO  space.exploration.mars.rover.kernel.Rover - Could not get timestamp for :: 0
2018-06-04 16:14:18,077 [roverMain] INFO  space.exploration.mars.rover.kernel.Rover - Could not get timestamp for :: 0
2018-06-04 16:14:18,077 [roverMain] INFO  space.exploration.mars.rover.kernel.Rover - Could not get timestamp for :: 0
2018-06-04 16:14:18,077 [roverMain] INFO  space.exploration.mars.rover.kernel.Rover - Could not get timestamp for :: 0
2018-06-04 16:14:18,078 [roverMain] INFO  space.exploration.mars.rover.kernel.Rover - Could not get timestamp for :: 0
2018-06-04 16:14:18,078 [roverMain] INFO  space.exploration.mars.rover.kernel.Rover - Could not get timestamp for :: 0
2018-06-04 16:14:18,078 [roverMain] INFO  space.exploration.mars.rover.kernel.Rover - Could not get timestamp for :: 0
2018-06-04 16:14:18,078 [roverMain] INFO  space.exploration.mars.rover.kernel.Rover - Could not get timestamp for :: 0
2018-06-04 16:14:18,078 [roverMain] INFO  space.exploration.mars.rover.kernel.Rover - Could not get timestamp for :: 0
2018-06-04 16:14:18,078 [roverMain] INFO  space.exploration.mars.rover.kernel.Rover - Could not get timestamp for :: 0
2018-06-04 16:14:18,078 [roverMain] INFO  space.exploration.mars.rover.kernel.Rover - Could not get timestamp for :: 0
2018-06-04 16:14:18,078 [roverMain] INFO  space.exploration.mars.rover.kernel.Rover - Could not get timestamp for :: 0
2018-06-04 16:14:18,078 [roverMain] INFO  space.exploration.mars.rover.kernel.Rover - Could not get timestamp for :: 0
2018-06-04 16:14:18,078 [roverMain] INFO  space.exploration.mars.rover.kernel.Rover - Could not get timestamp for :: 0
2018-06-04 16:14:18,079 [roverMain] INFO  space.exploration.mars.rover.kernel.Rover - Could not get timestamp for :: 0
2018-06-04 16:14:18,079 [roverMain] INFO  space.exploration.mars.rover.kernel.Rover - Could not get timestamp for :: 0
2018-06-04 16:14:18,079 [roverMain] INFO  space.exploration.mars.rover.kernel.Rover - Could not get timestamp for :: 0
2018-06-04 16:14:18,079 [roverMain] INFO  space.exploration.mars.rover.kernel.Rover - Could not get timestamp for :: 0
2018-06-04 16:14:18,079 [roverMain] INFO  space.exploration.mars.rover.kernel.Rover - Could not get timestamp for :: 0
2018-06-04 16:14:18,079 [roverMain] INFO  space.exploration.mars.rover.kernel.Rover - Could not get timestamp for :: 0
2018-06-04 16:14:18,079 [roverMain] INFO  space.exploration.mars.rover.kernel.Rover - Could not get timestamp for :: 0
2018-06-04 16:14:18,079 [roverMain] INFO  space.exploration.mars.rover.kernel.Rover - Could not get timestamp for :: 0
2018-06-04 16:14:18,079 [roverMain] INFO  space.exploration.mars.rover.kernel.Rover - Could not get timestamp for :: 0
2018-06-04 16:14:18,079 [roverMain] INFO  space.exploration.mars.rover.kernel.Rover - Could not get timestamp for :: 0
2018-06-04 16:14:18,079 [roverMain] INFO  space.exploration.mars.rover.kernel.Rover - Could not get timestamp for :: 0
2018-06-04 16:14:18,080 [roverMain] INFO  space.exploration.mars.rover.kernel.Rover - Could not get timestamp for :: 0
2018-06-04 16:14:18,080 [roverMain] INFO  space.exploration.mars.rover.kernel.Rover - Could not get timestamp for :: 0
2018-06-04 16:14:18,080 [roverMain] INFO  space.exploration.mars.rover.kernel.Rover - Could not get timestamp for :: 0
2018-06-04 16:14:18,080 [roverMain] INFO  space.exploration.mars.rover.kernel.Rover - Could not get timestamp for :: 0
2018-06-04 16:14:18,080 [roverMain] INFO  space.exploration.mars.rover.kernel.Rover - Could not get timestamp for :: 0
2018-06-04 16:14:18,080 [roverMain] INFO  space.exploration.mars.rover.kernel.Rover - Could not get timestamp for :: 0
2018-06-04 16:14:18,080 [roverMain] INFO  space.exploration.mars.rover.kernel.Rover - Could not get timestamp for :: 0
2018-06-04 16:14:18,080 [roverMain] INFO  space.exploration.mars.rover.kernel.Rover - Could not get timestamp for :: 0
2018-06-04 16:14:18,080 [roverMain] INFO  space.exploration.mars.rover.kernel.Rover - Could not get timestamp for :: 0
2018-06-04 16:14:18,080 [roverMain] INFO  space.exploration.mars.rover.kernel.Rover - Could not get timestamp for :: 0
2018-06-04 16:14:18,080 [roverMain] INFO  space.exploration.mars.rover.kernel.Rover - Could not get timestamp for :: 0
2018-06-04 16:14:18,080 [roverMain] INFO  space.exploration.mars.rover.kernel.Rover - Could not get timestamp for :: 0
2018-06-04 16:14:18,080 [roverMain] INFO  space.exploration.mars.rover.kernel.Rover - Could not get timestamp for :: 0
2018-06-04 16:14:18,080 [roverMain] INFO  space.exploration.mars.rover.kernel.Rover - Could not get timestamp for :: 0
2018-06-04 16:14:18,081 [roverMain] INFO  space.exploration.mars.rover.kernel.Rover - Could not get timestamp for :: 0
2018-06-04 16:14:18,081 [roverMain] INFO  space.exploration.mars.rover.kernel.Rover - Could not get timestamp for :: 0
2018-06-04 16:14:18,081 [roverMain] INFO  space.exploration.mars.rover.kernel.Rover - Could not get timestamp for :: 0
2018-06-04 16:14:18,081 [roverMain] INFO  space.exploration.mars.rover.kernel.Rover - Could not get timestamp for :: 0
2018-06-04 16:14:18,081 [roverMain] INFO  space.exploration.mars.rover.kernel.Rover - Could not get timestamp for :: 0
2018-06-04 16:14:18,081 [roverMain] INFO  space.exploration.mars.rover.kernel.Rover - Could not get timestamp for :: 0
2018-06-04 16:14:18,081 [roverMain] INFO  space.exploration.mars.rover.kernel.Rover - Could not get timestamp for :: 0
2018-06-04 16:14:18,081 [roverMain] INFO  space.exploration.mars.rover.kernel.Rover - Could not get timestamp for :: 0
2018-06-04 16:14:18,081 [roverMain] INFO  space.exploration.mars.rover.kernel.Rover - Could not get timestamp for :: 0
2018-06-04 16:14:18,081 [roverMain] INFO  space.exploration.mars.rover.kernel.Rover - Could not get timestamp for :: 0
2018-06-04 16:14:18,081 [roverMain] INFO  space.exploration.mars.rover.kernel.Rover - Could not get timestamp for :: 0
2018-06-04 16:14:18,081 [roverMain] INFO  space.exploration.mars.rover.kernel.Rover - Could not get timestamp for :: 0
2018-06-04 16:14:18,081 [roverMain] INFO  space.exploration.mars.rover.kernel.Rover - Could not get timestamp for :: 0
2018-06-04 16:14:18,081 [roverMain] INFO  space.exploration.mars.rover.kernel.Rover - Could not get timestamp for :: 0
2018-06-04 16:14:18,081 [roverMain] INFO  space.exploration.mars.rover.kernel.Rover - Could not get timestamp for :: 0
2018-06-04 16:14:18,081 [roverMain] INFO  space.exploration.mars.rover.kernel.Rover - Could not get timestamp for :: 0
2018-06-04 16:14:18,082 [roverMain] INFO  space.exploration.mars.rover.kernel.Rover - Could not get timestamp for :: 0
2018-06-04 16:14:18,082 [roverMain] INFO  space.exploration.mars.rover.kernel.Rover - Could not get timestamp for :: 0
2018-06-04 16:14:18,082 [roverMain] INFO  space.exploration.mars.rover.kernel.Rover - Could not get timestamp for :: 0
2018-06-04 16:14:18,082 [roverMain] INFO  space.exploration.mars.rover.kernel.Rover - Could not get timestamp for :: 0
2018-06-04 16:14:18,082 [roverMain] INFO  space.exploration.mars.rover.kernel.Rover - Could not get timestamp for :: 0
2018-06-04 16:14:18,082 [roverMain] INFO  space.exploration.mars.rover.kernel.Rover - Could not get timestamp for :: 0
2018-06-04 16:14:18,082 [roverMain] INFO  space.exploration.mars.rover.kernel.Rover - Could not get timestamp for :: 0
2018-06-04 16:14:18,082 [roverMain] INFO  space.exploration.mars.rover.kernel.Rover - Could not get timestamp for :: 0
2018-06-04 16:14:18,082 [roverMain] INFO  space.exploration.mars.rover.kernel.Rover - Could not get timestamp for :: 0
2018-06-04 16:14:18,082 [roverMain] INFO  space.exploration.mars.rover.kernel.Rover - Could not get timestamp for :: 0
2018-06-04 16:14:18,082 [roverMain] INFO  space.exploration.mars.rover.kernel.Rover - Could not get timestamp for :: 0
2018-06-04 16:14:18,082 [roverMain] INFO  space.exploration.mars.rover.kernel.Rover - Could not get timestamp for :: 0
2018-06-04 16:14:18,082 [roverMain] INFO  space.exploration.mars.rover.kernel.Rover - Could not get timestamp for :: 0
2018-06-04 16:14:18,082 [roverMain] INFO  space.exploration.mars.rover.kernel.Rover - Could not get timestamp for :: 0
2018-06-04 16:14:18,083 [roverMain] INFO  space.exploration.mars.rover.kernel.Rover - Could not get timestamp for :: 0
2018-06-04 16:14:18,083 [roverMain] INFO  space.exploration.mars.rover.kernel.Rover - Could not get timestamp for :: 0
2018-06-04 16:14:18,083 [roverMain] INFO  space.exploration.mars.rover.kernel.Rover - Could not get timestamp for :: 0
2018-06-04 16:14:18,083 [roverMain] INFO  space.exploration.mars.rover.kernel.Rover - Could not get timestamp for :: 0
2018-06-04 16:14:18,083 [roverMain] INFO  space.exploration.mars.rover.kernel.Rover - Could not get timestamp for :: 0
2018-06-04 16:14:18,083 [roverMain] INFO  space.exploration.mars.rover.kernel.Rover - Could not get timestamp for :: 0
2018-06-04 16:14:18,083 [roverMain] INFO  space.exploration.mars.rover.kernel.Rover - Could not get timestamp for :: 0
2018-06-04 16:14:18,083 [roverMain] INFO  space.exploration.mars.rover.kernel.Rover - Could not get timestamp for :: 0
2018-06-04 16:14:18,083 [roverMain] INFO  space.exploration.mars.rover.kernel.Rover - Could not get timestamp for :: 0
2018-06-04 16:14:18,083 [roverMain] INFO  space.exploration.mars.rover.kernel.Rover - Could not get timestamp for :: 0
2018-06-04 16:14:18,083 [roverMain] INFO  space.exploration.mars.rover.kernel.Rover - Could not get timestamp for :: 0
2018-06-04 16:14:18,083 [roverMain] INFO  space.exploration.mars.rover.kernel.Rover - Could not get timestamp for :: 0
2018-06-04 16:14:18,083 [roverMain] INFO  space.exploration.mars.rover.kernel.Rover - Could not get timestamp for :: 0
2018-06-04 16:14:18,083 [roverMain] INFO  space.exploration.mars.rover.kernel.Rover - Could not get timestamp for :: 0
2018-06-04 16:14:18,083 [roverMain] INFO  space.exploration.mars.rover.kernel.Rover - Could not get timestamp for :: 0
2018-06-04 16:14:18,083 [roverMain] INFO  space.exploration.mars.rover.kernel.Rover - Could not get timestamp for :: 0
2018-06-04 16:14:18,083 [roverMain] INFO  space.exploration.mars.rover.kernel.Rover - Could not get timestamp for :: 0
2018-06-04 16:14:18,083 [roverMain] INFO  space.exploration.mars.rover.kernel.Rover - Could not get timestamp for :: 0
2018-06-04 16:14:18,083 [roverMain] INFO  space.exploration.mars.rover.kernel.Rover - Could not get timestamp for :: 0
2018-06-04 16:14:18,084 [roverMain] INFO  space.exploration.mars.rover.kernel.Rover - Could not get timestamp for :: 0
2018-06-04 16:14:18,084 [roverMain] INFO  space.exploration.mars.rover.kernel.Rover - Could not get timestamp for :: 0
2018-06-04 16:14:18,084 [roverMain] INFO  space.exploration.mars.rover.kernel.Rover - Could not get timestamp for :: 0
2018-06-04 16:14:18,084 [roverMain] INFO  space.exploration.mars.rover.kernel.Rover - Could not get timestamp for :: 0
2018-06-04 16:14:18,084 [roverMain] INFO  space.exploration.mars.rover.kernel.Rover - Could not get timestamp for :: 0
2018-06-04 16:14:18,084 [roverMain] INFO  space.exploration.mars.rover.kernel.Rover - Could not get timestamp for :: 0
2018-06-04 16:14:18,084 [roverMain] INFO  space.exploration.mars.rover.kernel.Rover - Could not get timestamp for :: 0
2018-06-04 16:14:18,084 [roverMain] INFO  space.exploration.mars.rover.kernel.Rover - Could not get timestamp for :: 0
2018-06-04 16:14:18,084 [roverMain] INFO  space.exploration.mars.rover.kernel.Rover - Could not get timestamp for :: 0
2018-06-04 16:14:18,084 [roverMain] INFO  space.exploration.mars.rover.kernel.Rover - Could not get timestamp for :: 0
2018-06-04 16:14:18,084 [roverMain] INFO  space.exploration.mars.rover.kernel.Rover - Could not get timestamp for :: 0
2018-06-04 16:14:18,084 [roverMain] INFO  space.exploration.mars.rover.kernel.Rover - Could not get timestamp for :: 0
2018-06-04 16:14:18,084 [roverMain] INFO  space.exploration.mars.rover.kernel.Rover - Could not get timestamp for :: 0
2018-06-04 16:14:18,084 [roverMain] INFO  space.exploration.mars.rover.kernel.Rover - Could not get timestamp for :: 0
2018-06-04 16:14:18,084 [roverMain] INFO  space.exploration.mars.rover.kernel.Rover - Could not get timestamp for :: 0
2018-06-04 16:14:18,084 [roverMain] INFO  space.exploration.mars.rover.kernel.Rover - Could not get timestamp for :: 0
2018-06-04 16:14:18,084 [roverMain] INFO  space.exploration.mars.rover.kernel.Rover - Could not get timestamp for :: 0
2018-06-04 16:14:18,084 [roverMain] INFO  space.exploration.mars.rover.kernel.Rover - Could not get timestamp for :: 0
2018-06-04 16:14:18,085 [roverMain] INFO  space.exploration.mars.rover.kernel.Rover - Could not get timestamp for :: 0
2018-06-04 16:14:18,085 [roverMain] INFO  space.exploration.mars.rover.kernel.Rover - Could not get timestamp for :: 0
2018-06-04 16:14:18,085 [roverMain] INFO  space.exploration.mars.rover.kernel.Rover - Could not get timestamp for :: 0
2018-06-04 16:14:18,085 [roverMain] INFO  space.exploration.mars.rover.kernel.Rover - Deleted 0 old log files.
2018-06-04 16:14:18,086 [roverMain] INFO  space.exploration.mars.rover.kernel.Rover - marsRover launched with software version = 1.8
2018-06-04 16:14:19,137 [roverMain] INFO  space.exploration.mars.rover.kernel.SpacecraftClock - Valid utc time ranges are dictated by clockService as follows:
2018-06-04 16:14:19,137 [roverMain] INFO  space.exploration.mars.rover.kernel.SpacecraftClock - APPLICABLE_START_TIME=2000-001T11:58:55.816, APPLICABLE_STOP_TIME=2017-360T19:17:40.149
2018-06-04 16:14:19,137 [roverMain] INFO  space.exploration.mars.rover.kernel.SpacecraftClock - Given UTC = 2016-02-18~01:22:00
2018-06-04 16:14:19,137 [roverMain] INFO  space.exploration.mars.rover.kernel.SpacecraftClock - Please ensure that positionSensor and sclk are synchronized
2018-06-04 16:14:19,144 [roverMain] INFO  space.exploration.mars.rover.kernel.SpacecraftClock - Curiosity internal spacecraft clock started at :: 2016-02-18T07:22:00.000Z
2018-06-04 16:14:19,144 [roverMain] INFO  space.exploration.mars.rover.kernel.SpacecraftClock - Mission duration is set to :: 1 year(s).
2018-06-04 16:14:19,144 [roverMain] INFO  space.exploration.mars.rover.kernel.SpacecraftClock - Mission duration = 31536000000
2018-06-04 16:14:21,289 [roverMain] INFO  space.exploration.mars.rover.kernel.Rover - Rover + Curiosity states initialized. 
2018-06-04 16:14:21,293 [roverMain] INFO  space.exploration.mars.rover.diagnostics.Pacemaker - Pacemaker initialized
2018-06-04 16:14:22,298 [roverMain] INFO  space.exploration.mars.rover.diagnostics.SleepMonitor - SleepMonitor initialized and activated!
2018-06-04 16:14:23,301 [roverMain] INFO  space.exploration.mars.rover.diagnostics.RoverGarbageCollector - RoverGarbageCollector initialized
2018-06-04 16:14:23,301 [roverMain] INFO  space.exploration.mars.rover.diagnostics.RoverGarbageCollector - Starting garbageCollection
2018-06-04 16:14:25,302 [roverMain] INFO  space.exploration.mars.rover.kernel.Rover - Rover current position is = java.awt.Point[x=525,y=100]
2018-06-04 16:14:26,303 [roverMain] INFO  space.exploration.mars.rover.sensor.Lidar - Lidar initialized and ready!
2018-06-04 16:14:27,545 [roverMain] INFO  space.exploration.mars.rover.sensor.Camera - Camera initialized and ready!
2018-06-04 16:14:28,550 [roverMain] INFO  space.exploration.mars.rover.sensor.Radar - Radar configured:: 
2018-06-04 16:14:29,886 [roverMain] INFO  space.exploration.mars.rover.power.Battery - Battery configured, batteryLife:primaryPowerUnits = 1200 auxiliaryPowerUnits = 100 alertThreshold: 100 rechargeTime = 60000
2018-06-04 16:14:30,890 [roverMain] INFO  space.exploration.mars.rover.kernel.Rover - Battery Monitor configured!
2018-06-04 16:14:30,922 [roverMain] INFO  org.apache.kafka.clients.producer.ProducerConfig - ProducerConfig values: 
	metric.reporters = []
	metadata.max.age.ms = 300000
	reconnect.backoff.ms = 50
	sasl.kerberos.ticket.renew.window.factor = 0.8
	bootstrap.servers = [localhost:9092]
	ssl.keystore.type = JKS
	sasl.mechanism = GSSAPI
	max.block.ms = 60000
	interceptor.classes = null
	ssl.truststore.password = null
	client.id = 
	ssl.endpoint.identification.algorithm = null
	request.timeout.ms = 30000
	acks = 1
	receive.buffer.bytes = 32768
	ssl.truststore.type = JKS
	retries = 0
	ssl.truststore.location = null
	ssl.keystore.password = null
	send.buffer.bytes = 131072
	compression.type = none
	metadata.fetch.timeout.ms = 60000
	retry.backoff.ms = 100
	sasl.kerberos.kinit.cmd = /usr/bin/kinit
	buffer.memory = 33554432
	timeout.ms = 30000
	key.serializer = class org.apache.kafka.common.serialization.StringSerializer
	sasl.kerberos.service.name = null
	sasl.kerberos.ticket.renew.jitter = 0.05
	ssl.trustmanager.algorithm = PKIX
	block.on.buffer.full = false
	ssl.key.password = null
	sasl.kerberos.min.time.before.relogin = 60000
	connections.max.idle.ms = 540000
	max.in.flight.requests.per.connection = 5
	metrics.num.samples = 2
	ssl.protocol = TLS
	ssl.provider = null
	ssl.enabled.protocols = [TLSv1.2, TLSv1.1, TLSv1]
	batch.size = 16384
	ssl.keystore.location = null
	ssl.cipher.suites = null
	security.protocol = PLAINTEXT
	max.request.size = 1048576
	value.serializer = class org.apache.kafka.common.serialization.ByteArraySerializer
	ssl.keymanager.algorithm = SunX509
	metrics.sample.window.ms = 30000
	partitioner.class = class org.apache.kafka.clients.producer.internals.DefaultPartitioner
	linger.ms = 0

2018-06-04 16:14:30,998 [roverMain] INFO  org.apache.kafka.clients.producer.ProducerConfig - ProducerConfig values: 
	metric.reporters = []
	metadata.max.age.ms = 300000
	reconnect.backoff.ms = 50
	sasl.kerberos.ticket.renew.window.factor = 0.8
	bootstrap.servers = [localhost:9092]
	ssl.keystore.type = JKS
	sasl.mechanism = GSSAPI
	max.block.ms = 60000
	interceptor.classes = null
	ssl.truststore.password = null
	client.id = producer-1
	ssl.endpoint.identification.algorithm = null
	request.timeout.ms = 30000
	acks = 1
	receive.buffer.bytes = 32768
	ssl.truststore.type = JKS
	retries = 0
	ssl.truststore.location = null
	ssl.keystore.password = null
	send.buffer.bytes = 131072
	compression.type = none
	metadata.fetch.timeout.ms = 60000
	retry.backoff.ms = 100
	sasl.kerberos.kinit.cmd = /usr/bin/kinit
	buffer.memory = 33554432
	timeout.ms = 30000
	key.serializer = class org.apache.kafka.common.serialization.StringSerializer
	sasl.kerberos.service.name = null
	sasl.kerberos.ticket.renew.jitter = 0.05
	ssl.trustmanager.algorithm = PKIX
	block.on.buffer.full = false
	ssl.key.password = null
	sasl.kerberos.min.time.before.relogin = 60000
	connections.max.idle.ms = 540000
	max.in.flight.requests.per.connection = 5
	metrics.num.samples = 2
	ssl.protocol = TLS
	ssl.provider = null
	ssl.enabled.protocols = [TLSv1.2, TLSv1.1, TLSv1]
	batch.size = 16384
	ssl.keystore.location = null
	ssl.cipher.suites = null
	security.protocol = PLAINTEXT
	max.request.size = 1048576
	value.serializer = class org.apache.kafka.common.serialization.ByteArraySerializer
	ssl.keymanager.algorithm = SunX509
	metrics.sample.window.ms = 30000
	partitioner.class = class org.apache.kafka.clients.producer.internals.DefaultPartitioner
	linger.ms = 0

2018-06-04 16:14:30,998 [roverMain] WARN  org.apache.kafka.clients.producer.ProducerConfig - The configuration zookeeper.connect = localhost:2181 was supplied but isn't a known config.
2018-06-04 16:14:30,998 [roverMain] WARN  org.apache.kafka.clients.producer.ProducerConfig - The configuration group.id = space.exploration.mars.rover.curiosity.1528146858012 was supplied but isn't a known config.
2018-06-04 16:14:30,998 [roverMain] WARN  org.apache.kafka.clients.producer.ProducerConfig - The configuration source.topic = earth_to_curiosity_5 was supplied but isn't a known config.
2018-06-04 16:14:30,999 [roverMain] WARN  org.apache.kafka.clients.producer.ProducerConfig - The configuration auto.offset.reset = largest was supplied but isn't a known config.
2018-06-04 16:14:30,999 [roverMain] WARN  org.apache.kafka.clients.producer.ProducerConfig - The configuration metadata.broker.list = localhost:9092 was supplied but isn't a known config.
2018-06-04 16:14:30,999 [roverMain] WARN  org.apache.kafka.clients.producer.ProducerConfig - The configuration destination.topic = curiosity_to_earth_5 was supplied but isn't a known config.
2018-06-04 16:14:30,999 [roverMain] INFO  org.apache.kafka.common.utils.AppInfoParser - Kafka version : 0.10.0.1
2018-06-04 16:14:30,999 [roverMain] INFO  org.apache.kafka.common.utils.AppInfoParser - Kafka commitId : a7a17cdec9eaa6c5
2018-06-04 16:14:31,085 [roverMain] INFO          kafka.utils.VerifiableProperties - Verifying properties
2018-06-04 16:14:31,104 [roverMain] INFO          kafka.utils.VerifiableProperties - Property auto.offset.reset is overridden to largest
2018-06-04 16:14:31,105 [roverMain] WARN          kafka.utils.VerifiableProperties - Property bootstrap.servers is not valid
2018-06-04 16:14:31,105 [roverMain] WARN          kafka.utils.VerifiableProperties - Property destination.topic is not valid
2018-06-04 16:14:31,105 [roverMain] INFO          kafka.utils.VerifiableProperties - Property group.id is overridden to space.exploration.mars.rover.curiosity.1528146858012
2018-06-04 16:14:31,105 [roverMain] WARN          kafka.utils.VerifiableProperties - Property key.serializer is not valid
2018-06-04 16:14:31,105 [roverMain] WARN          kafka.utils.VerifiableProperties - Property metadata.broker.list is not valid
2018-06-04 16:14:31,105 [roverMain] WARN          kafka.utils.VerifiableProperties - Property source.topic is not valid
2018-06-04 16:14:31,105 [roverMain] WARN          kafka.utils.VerifiableProperties - Property value.serializer is not valid
2018-06-04 16:14:31,106 [roverMain] INFO          kafka.utils.VerifiableProperties - Property zookeeper.connect is overridden to localhost:2181
2018-06-04 16:14:31,162 [roverMain] INFO  kafka.consumer.ZookeeperConsumerConnector - [space.exploration.mars.rover.curiosity.1528146858012_zion-portable-1528146871162-8cfb9736], Connecting to zookeeper instance at localhost:2181
2018-06-04 16:14:31,168 [ZkClient-EventThread-31-localhost:2181] INFO         org.I0Itec.zkclient.ZkEventThread - Starting ZkClient event thread.
2018-06-04 16:14:31,172 [roverMain] INFO            org.apache.zookeeper.ZooKeeper - Client environment:zookeeper.version=3.4.6-1569965, built on 02/20/2014 09:09 GMT
2018-06-04 16:14:31,172 [roverMain] INFO            org.apache.zookeeper.ZooKeeper - Client environment:host.name=zion-portable
2018-06-04 16:14:31,172 [roverMain] INFO            org.apache.zookeeper.ZooKeeper - Client environment:java.version=1.8.0_171
2018-06-04 16:14:31,172 [roverMain] INFO            org.apache.zookeeper.ZooKeeper - Client environment:java.vendor=Oracle Corporation
2018-06-04 16:14:31,172 [roverMain] INFO            org.apache.zookeeper.ZooKeeper - Client environment:java.home=/usr/lib/jvm/java-8-openjdk-amd64/jre
2018-06-04 16:14:31,172 [roverMain] INFO            org.apache.zookeeper.ZooKeeper - Client environment:java.class.path=target/mars.rover-1.8-SOLSHOT-shaded.jar
2018-06-04 16:14:31,172 [roverMain] INFO            org.apache.zookeeper.ZooKeeper - Client environment:java.library.path=/usr/java/packages/lib/amd64:/usr/lib/x86_64-linux-gnu/jni:/lib/x86_64-linux-gnu:/usr/lib/x86_64-linux-gnu:/usr/lib/jni:/lib:/usr/lib
2018-06-04 16:14:31,172 [roverMain] INFO            org.apache.zookeeper.ZooKeeper - Client environment:java.io.tmpdir=/tmp
2018-06-04 16:14:31,172 [roverMain] INFO            org.apache.zookeeper.ZooKeeper - Client environment:java.compiler=<NA>
2018-06-04 16:14:31,172 [roverMain] INFO            org.apache.zookeeper.ZooKeeper - Client environment:os.name=Linux
2018-06-04 16:14:31,172 [roverMain] INFO            org.apache.zookeeper.ZooKeeper - Client environment:os.arch=amd64
2018-06-04 16:14:31,172 [roverMain] INFO            org.apache.zookeeper.ZooKeeper - Client environment:os.version=4.13.0-43-generic
2018-06-04 16:14:31,172 [roverMain] INFO            org.apache.zookeeper.ZooKeeper - Client environment:user.name=sanket
2018-06-04 16:14:31,172 [roverMain] INFO            org.apache.zookeeper.ZooKeeper - Client environment:user.home=/home/sanket
2018-06-04 16:14:31,172 [roverMain] INFO            org.apache.zookeeper.ZooKeeper - Client environment:user.dir=/home/sanket/Documents/workspace/MarsRover/mars.rover
2018-06-04 16:14:31,173 [roverMain] INFO            org.apache.zookeeper.ZooKeeper - Initiating client connection, connectString=localhost:2181 sessionTimeout=6000 watcher=org.I0Itec.zkclient.ZkClient@41c2284a
2018-06-04 16:14:31,180 [roverMain] INFO              org.I0Itec.zkclient.ZkClient - Waiting for keeper state SyncConnected
2018-06-04 16:14:31,182 [roverMain-SendThread(localhost:2181)] INFO           org.apache.zookeeper.ClientCnxn - Opening socket connection to server localhost/127.0.0.1:2181. Will not attempt to authenticate using SASL (unknown error)
2018-06-04 16:14:31,185 [roverMain-SendThread(localhost:2181)] INFO           org.apache.zookeeper.ClientCnxn - Socket connection established to localhost/127.0.0.1:2181, initiating session
2018-06-04 16:14:31,196 [roverMain-SendThread(localhost:2181)] INFO           org.apache.zookeeper.ClientCnxn - Session establishment complete on server localhost/127.0.0.1:2181, sessionid = 0x163cc24f9eb0008, negotiated timeout = 6000
2018-06-04 16:14:31,197 [roverMain-EventThread] INFO              org.I0Itec.zkclient.ZkClient - zookeeper state changed (SyncConnected)
2018-06-04 16:14:31,205 [roverMain] INFO  kafka.consumer.ZookeeperConsumerConnector - [space.exploration.mars.rover.curiosity.1528146858012_zion-portable-1528146871162-8cfb9736], starting auto committer every 60000 ms
2018-06-04 16:14:31,226 [radio] INFO  kafka.consumer.ZookeeperConsumerConnector - [space.exploration.mars.rover.curiosity.1528146858012_zion-portable-1528146871162-8cfb9736], begin registering consumer space.exploration.mars.rover.curiosity.1528146858012_zion-portable-1528146871162-8cfb9736 in ZK
2018-06-04 16:14:31,246 [radio] INFO            kafka.utils.ZKCheckedEphemeral - Creating /consumers/space.exploration.mars.rover.curiosity.1528146858012/ids/space.exploration.mars.rover.curiosity.1528146858012_zion-portable-1528146871162-8cfb9736 (is it secure? false)
2018-06-04 16:14:31,254 [radio] INFO            kafka.utils.ZKCheckedEphemeral - Result of znode creation is: OK
2018-06-04 16:14:31,254 [radio] INFO  kafka.consumer.ZookeeperConsumerConnector - [space.exploration.mars.rover.curiosity.1528146858012_zion-portable-1528146871162-8cfb9736], end registering consumer space.exploration.mars.rover.curiosity.1528146858012_zion-portable-1528146871162-8cfb9736 in ZK
2018-06-04 16:14:31,257 [space.exploration.mars.rover.curiosity.1528146858012_zion-portable-1528146871162-8cfb9736_watcher_executor] INFO  kafka.consumer.ZookeeperConsumerConnector - [space.exploration.mars.rover.curiosity.1528146858012_zion-portable-1528146871162-8cfb9736], starting watcher executor thread for consumer space.exploration.mars.rover.curiosity.1528146858012_zion-portable-1528146871162-8cfb9736
2018-06-04 16:14:31,271 [radio] INFO  kafka.consumer.ZookeeperConsumerConnector - [space.exploration.mars.rover.curiosity.1528146858012_zion-portable-1528146871162-8cfb9736], begin rebalancing consumer space.exploration.mars.rover.curiosity.1528146858012_zion-portable-1528146871162-8cfb9736 try #0
2018-06-04 16:14:31,343 [radio] INFO     kafka.consumer.ConsumerFetcherManager - [ConsumerFetcherManager-1528146871203] Stopping leader finder thread
2018-06-04 16:14:31,343 [radio] INFO     kafka.consumer.ConsumerFetcherManager - [ConsumerFetcherManager-1528146871203] Stopping all fetchers
2018-06-04 16:14:31,343 [radio] INFO     kafka.consumer.ConsumerFetcherManager - [ConsumerFetcherManager-1528146871203] All connections stopped
2018-06-04 16:14:31,344 [radio] INFO  kafka.consumer.ZookeeperConsumerConnector - [space.exploration.mars.rover.curiosity.1528146858012_zion-portable-1528146871162-8cfb9736], Cleared all relevant queues for this fetcher
2018-06-04 16:14:31,344 [radio] INFO  kafka.consumer.ZookeeperConsumerConnector - [space.exploration.mars.rover.curiosity.1528146858012_zion-portable-1528146871162-8cfb9736], Cleared the data chunks in all the consumer message iterators
2018-06-04 16:14:31,344 [radio] INFO  kafka.consumer.ZookeeperConsumerConnector - [space.exploration.mars.rover.curiosity.1528146858012_zion-portable-1528146871162-8cfb9736], Committing all offsets after clearing the fetcher queues
2018-06-04 16:14:31,345 [radio] INFO  kafka.consumer.ZookeeperConsumerConnector - [space.exploration.mars.rover.curiosity.1528146858012_zion-portable-1528146871162-8cfb9736], Releasing partition ownership
2018-06-04 16:14:31,367 [radio] INFO              kafka.consumer.RangeAssignor - Consumer space.exploration.mars.rover.curiosity.1528146858012_zion-portable-1528146871162-8cfb9736 rebalancing the following partitions: ArrayBuffer(0) for topic earth_to_curiosity_5 with consumers: List(space.exploration.mars.rover.curiosity.1528146858012_zion-portable-1528146871162-8cfb9736-0)
2018-06-04 16:14:31,368 [radio] INFO              kafka.consumer.RangeAssignor - space.exploration.mars.rover.curiosity.1528146858012_zion-portable-1528146871162-8cfb9736-0 attempting to claim partition 0
2018-06-04 16:14:31,393 [radio] INFO  kafka.consumer.ZookeeperConsumerConnector - [space.exploration.mars.rover.curiosity.1528146858012_zion-portable-1528146871162-8cfb9736], space.exploration.mars.rover.curiosity.1528146858012_zion-portable-1528146871162-8cfb9736-0 successfully owned partition 0 for topic earth_to_curiosity_5
2018-06-04 16:14:31,404 [radio] INFO  kafka.consumer.ZookeeperConsumerConnector - [space.exploration.mars.rover.curiosity.1528146858012_zion-portable-1528146871162-8cfb9736], Consumer space.exploration.mars.rover.curiosity.1528146858012_zion-portable-1528146871162-8cfb9736 selected partitions : earth_to_curiosity_5:0: fetched offset = -1: consumed offset = -1
2018-06-04 16:14:31,405 [space.exploration.mars.rover.curiosity.1528146858012_zion-portable-1528146871162-8cfb9736-leader-finder-thread] INFO  kafka.consumer.ConsumerFetcherManager$LeaderFinderThread - [space.exploration.mars.rover.curiosity.1528146858012_zion-portable-1528146871162-8cfb9736-leader-finder-thread], Starting 
2018-06-04 16:14:31,405 [radio] INFO  kafka.consumer.ZookeeperConsumerConnector - [space.exploration.mars.rover.curiosity.1528146858012_zion-portable-1528146871162-8cfb9736], end rebalancing consumer space.exploration.mars.rover.curiosity.1528146858012_zion-portable-1528146871162-8cfb9736 try #0
2018-06-04 16:14:31,420 [space.exploration.mars.rover.curiosity.1528146858012_zion-portable-1528146871162-8cfb9736-leader-finder-thread] INFO          kafka.utils.VerifiableProperties - Verifying properties
2018-06-04 16:14:31,420 [space.exploration.mars.rover.curiosity.1528146858012_zion-portable-1528146871162-8cfb9736-leader-finder-thread] INFO          kafka.utils.VerifiableProperties - Property client.id is overridden to space.exploration.mars.rover.curiosity.1528146858012
2018-06-04 16:14:31,420 [space.exploration.mars.rover.curiosity.1528146858012_zion-portable-1528146871162-8cfb9736-leader-finder-thread] INFO          kafka.utils.VerifiableProperties - Property metadata.broker.list is overridden to zion-portable:9092
2018-06-04 16:14:31,420 [space.exploration.mars.rover.curiosity.1528146858012_zion-portable-1528146871162-8cfb9736-leader-finder-thread] INFO          kafka.utils.VerifiableProperties - Property request.timeout.ms is overridden to 30000
2018-06-04 16:14:31,432 [space.exploration.mars.rover.curiosity.1528146858012_zion-portable-1528146871162-8cfb9736-leader-finder-thread] INFO                 kafka.client.ClientUtils$ - Fetching metadata from broker BrokerEndPoint(0,zion-portable,9092) with correlation id 0 for 1 topic(s) Set(earth_to_curiosity_5)
2018-06-04 16:14:31,436 [space.exploration.mars.rover.curiosity.1528146858012_zion-portable-1528146871162-8cfb9736-leader-finder-thread] INFO               kafka.producer.SyncProducer - Connected to zion-portable:9092 for producing
2018-06-04 16:14:31,446 [space.exploration.mars.rover.curiosity.1528146858012_zion-portable-1528146871162-8cfb9736-leader-finder-thread] INFO               kafka.producer.SyncProducer - Disconnecting from zion-portable:9092
2018-06-04 16:14:31,457 [ConsumerFetcherThread-space.exploration.mars.rover.curiosity.1528146858012_zion-portable-1528146871162-8cfb9736-0-0] INFO      kafka.consumer.ConsumerFetcherThread - [ConsumerFetcherThread-space.exploration.mars.rover.curiosity.1528146858012_zion-portable-1528146871162-8cfb9736-0-0], Starting 
2018-06-04 16:14:31,470 [space.exploration.mars.rover.curiosity.1528146858012_zion-portable-1528146871162-8cfb9736-leader-finder-thread] INFO     kafka.consumer.ConsumerFetcherManager - [ConsumerFetcherManager-1528146871203] Added fetcher for partitions ArrayBuffer([[earth_to_curiosity_5,0], initOffset -1 to broker BrokerEndPoint(0,zion-portable,9092)] )
2018-06-04 16:14:32,207 [roverMain] INFO  space.exploration.mars.rover.communication.Radio - Radio configured:: 
group.id::space.exploration.mars.rover.curiosity.1528146858012
auto.offset.reset::largest
bootstrap.servers::localhost:9092
value.serializer::org.apache.kafka.common.serialization.ByteArraySerializer
destination.topic::curiosity_to_earth_5
zookeeper.connect::localhost:2181
key.serializer::org.apache.kafka.common.serialization.StringSerializer
source.topic::earth_to_curiosity_5
metadata.broker.list::localhost:9092
2018-06-04 16:14:33,209 [roverMain] INFO  space.exploration.mars.rover.sensor.Radar - Radar configured:: 
2018-06-04 16:14:39,445 [roverMain] INFO  space.exploration.mars.rover.communication.Transmitter - Sending information packet to curiosity_to_earth_5
2018-06-04 16:14:42,449 [spacecraftClock] INFO  space.exploration.mars.rover.sensor.DANSpectrometer - Commencing calibration for DAN Spectrometer for sol = 1256
2018-06-04 16:14:43,151 [spacecraftClock] INFO  space.exploration.mars.rover.utils.FileUtil - File /home/sanket/Documents/workspace/MarsRover/mars.rover/dataArchives/APXS/1256/ does not exist. Trying to create it now.
2018-06-04 16:14:43,152 [spacecraftClock] INFO  space.exploration.mars.rover.utils.FileUtil - Successfully created /home/sanket/Documents/workspace/MarsRover/mars.rover/dataArchives/APXS/1256/
2018-06-04 16:14:43,196 [spacecraftClock] ERROR space.exploration.mars.rover.service.ApxsDataService -  Could not find data files for sol = 1256 url = http://pds-geosciences.wustl.edu/msl/msl-m-apxs-4_5-rdr-v1/mslapx_1xxx/data/sol01256/
org.jsoup.HttpStatusException: HTTP error fetching URL. Status=404, URL=http://pds-geosciences.wustl.edu/msl/msl-m-apxs-4_5-rdr-v1/mslapx_1xxx/data/sol01256/
	at org.jsoup.helper.HttpConnection$Response.execute(HttpConnection.java:537)
	at org.jsoup.helper.HttpConnection$Response.execute(HttpConnection.java:493)
	at org.jsoup.helper.HttpConnection.execute(HttpConnection.java:205)
	at org.jsoup.helper.HttpConnection.get(HttpConnection.java:194)
	at space.exploration.mars.rover.service.ApxsDataService.getTargetURL(ApxsDataService.java:52)
	at space.exploration.mars.rover.service.ApxsDataService.<init>(ApxsDataService.java:25)
	at space.exploration.mars.rover.sensor.ApxsSpectrometer.calibrateApxsSpectrometer(ApxsSpectrometer.java:39)
	at space.exploration.mars.rover.kernel.Rover.updateSensors(Rover.java:346)
	at space.exploration.mars.rover.kernel.SpacecraftClock$Clock.run(SpacecraftClock.java:225)
	at java.util.concurrent.Executors$RunnableAdapter.call(Executors.java:511)
	at java.util.concurrent.FutureTask.runAndReset(FutureTask.java:308)
	at java.util.concurrent.ScheduledThreadPoolExecutor$ScheduledFutureTask.access$301(ScheduledThreadPoolExecutor.java:180)
	at java.util.concurrent.ScheduledThreadPoolExecutor$ScheduledFutureTask.run(ScheduledThreadPoolExecutor.java:294)
	at java.util.concurrent.ThreadPoolExecutor.runWorker(ThreadPoolExecutor.java:1149)
	at java.util.concurrent.ThreadPoolExecutor$Worker.run(ThreadPoolExecutor.java:624)
	at java.lang.Thread.run(Thread.java:748)
2018-06-04 16:14:43,197 [spacecraftClock] INFO  space.exploration.mars.rover.utils.FileUtil - File at /home/sanket/Documents/workspace/MarsRover/mars.rover/dataArchives/APXS/1256/ exists - will delete it now.
2018-06-04 16:14:43,197 [spacecraftClock] ERROR space.exploration.mars.rover.sensor.ApxsSpectrometer - ApxsData not available for sol = 1256
java.net.MalformedURLException
	at java.net.URL.<init>(URL.java:627)
	at java.net.URL.<init>(URL.java:490)
	at java.net.URL.<init>(URL.java:439)
	at space.exploration.mars.rover.utils.ServiceUtil.download(ServiceUtil.java:15)
	at space.exploration.mars.rover.utils.ServiceUtil.downloadCsv(ServiceUtil.java:40)
	at space.exploration.mars.rover.service.ApxsDataService.<init>(ApxsDataService.java:27)
	at space.exploration.mars.rover.sensor.ApxsSpectrometer.calibrateApxsSpectrometer(ApxsSpectrometer.java:39)
	at space.exploration.mars.rover.kernel.Rover.updateSensors(Rover.java:346)
	at space.exploration.mars.rover.kernel.SpacecraftClock$Clock.run(SpacecraftClock.java:225)
	at java.util.concurrent.Executors$RunnableAdapter.call(Executors.java:511)
	at java.util.concurrent.FutureTask.runAndReset(FutureTask.java:308)
	at java.util.concurrent.ScheduledThreadPoolExecutor$ScheduledFutureTask.access$301(ScheduledThreadPoolExecutor.java:180)
	at java.util.concurrent.ScheduledThreadPoolExecutor$ScheduledFutureTask.run(ScheduledThreadPoolExecutor.java:294)
	at java.util.concurrent.ThreadPoolExecutor.runWorker(ThreadPoolExecutor.java:1149)
	at java.util.concurrent.ThreadPoolExecutor$Worker.run(ThreadPoolExecutor.java:624)
	at java.lang.Thread.run(Thread.java:748)
Caused by: java.lang.NullPointerException
	at java.net.URL.<init>(URL.java:532)
	... 15 more
2018-06-04 16:14:43,198 [sleepMonitor] INFO  space.exploration.mars.rover.animation.SleepingAnimationEngine - Rover is sleeping now
2018-06-04 16:15:00,891 [batteryMonitor] INFO  space.exploration.mars.rover.power.BatteryMonitor - BatteryMonitor performing due diligence. SCET = 1528146900891 Rover state = Sleeping State
2018-06-04 16:15:00,891 [batteryMonitor] INFO  space.exploration.mars.rover.power.BatteryMonitor -  Battery primaryUnits = 1200 auxiliaryPowerUnits = 100
2018-06-04 16:15:19,365 [radio] INFO  space.exploration.mars.rover.communication.Receiver - Time Elapsed since last message = 48158
2018-06-04 16:15:19,435 [radio] INFO  space.exploration.mars.rover.kernel.PositionSensor - Houston - this is curiosityActual.ephemerisTime: 5.09034188185171E8
stateCuriosity: -1.08211415583E8
stateCuriosity: -1.32609592472E8
stateCuriosity: -5.2719882847E7
stateCuriosity: 23.449
stateCuriosity: 3.976
stateCuriosity: 1.007
owltMSLEarth: 597.391
stateEarth: 1.08226784699E8
stateEarth: 1.32628421452E8
stateEarth: 5.272736696E7
stateEarth: -23.457
stateEarth: -3.982
stateEarth: -1.009
owltEarthMSL: 597.476
positionEarthWRTCuriosity: 1.08226784699E8
positionEarthWRTCuriosity: 1.32628421452E8
positionEarthWRTCuriosity: 5.272736696E7
owltEarthMSL2: 597.476
angSepHGAEarth: 104.384
utcTime: "2016-02-18~02:22:00"
sol: 1256
sclkValue: " 1/01256:23:11:59:48318"

2018-06-04 16:15:19,476 [radio] INFO  space.exploration.mars.rover.kernel.PositionSensor - ephemerisTime: 5.09034188185171E8
stateCuriosity: -1.08211415583E8
stateCuriosity: -1.32609592472E8
stateCuriosity: -5.2719882847E7
stateCuriosity: 23.449
stateCuriosity: 3.976
stateCuriosity: 1.007
owltMSLEarth: 597.391
stateEarth: 1.08226784699E8
stateEarth: 1.32628421452E8
stateEarth: 5.272736696E7
stateEarth: -23.457
stateEarth: -3.982
stateEarth: -1.009
owltEarthMSL: 597.476
positionEarthWRTCuriosity: 1.08226784699E8
positionEarthWRTCuriosity: 1.32628421452E8
positionEarthWRTCuriosity: 5.272736696E7
owltEarthMSL2: 597.476
angSepHGAEarth: 104.384
utcTime: "2016-02-18~02:22:00"
sol: 1256
sclkValue: " 1/01256:23:11:59:48318"

2018-06-04 16:15:19,476 [radio] INFO  space.exploration.mars.rover.communication.Radio - One Way Light Time computed by SPICE :: 597.391
2018-06-04 16:15:19,489 [radio] INFO  space.exploration.mars.rover.communication.Radio - Message is authentic. Sender id = 
2018-06-04 16:15:20,448 [radio] INFO  space.exploration.mars.rover.kernel.SleepingState - Awaking from sleeping state
2018-06-04 16:15:20,448 [radio] INFO  space.exploration.mars.rover.animation.SleepingAnimationEngine - Waking up rover
2018-06-04 16:15:20,449 [sleepBreather] INFO  space.exploration.mars.rover.animation.SleepBreather - Sleep animation interrupted.
2018-06-04 16:15:23,465 [radio] INFO  space.exploration.mars.rover.kernel.ListeningState - timeStamp: 1528146919160
targets {
  roverModule: 11
  action: "GetSclkInformation"
}

2018-06-04 16:15:29,536 [radio] INFO  space.exploration.mars.rover.kernel.ListeningState - 1528146929536,11,GetSclkInformation Current instructionQueue length = 0
2018-06-04 16:15:29,536 [radio] INFO  space.exploration.mars.rover.kernel.ListeningState - Rover will get detailed spacecraftClock information. Houston, this is CuriosityActual.
2018-06-04 16:15:29,541 [radio] INFO  space.exploration.mars.rover.kernel.SpacecraftClock - Internal time::2016-02-18T02:33:00.000-06:00 sclk of::1/01256:23:22:41:82442
2018-06-04 16:15:35,634 [radio] INFO  space.exploration.mars.rover.kernel.PositionSensor - Houston - this is curiosityActual.ephemerisTime: 5.09035148185171E8
stateCuriosity: -1.08188898908E8
stateCuriosity: -1.32605771104E8
stateCuriosity: -5.271891838E7
stateCuriosity: 23.461
stateCuriosity: 3.985
stateCuriosity: 1.003
owltMSLEarth: 597.335
stateEarth: 1.08204260352E8
stateEarth: 1.32624594271E8
stateEarth: 5.27264003E7
stateEarth: -23.469
stateEarth: -3.991
stateEarth: -1.005
owltEarthMSL: 597.42
positionEarthWRTCuriosity: 1.08204260352E8
positionEarthWRTCuriosity: 1.32624594271E8
positionEarthWRTCuriosity: 5.27264003E7
owltEarthMSL2: 597.42
angSepHGAEarth: 107.635
utcTime: "2016-02-18~02:38:00"
sol: 1256
sclkValue: " 1/01256:23:27:33:79770"

2018-06-04 16:15:35,677 [radio] INFO  space.exploration.mars.rover.kernel.PositionSensor - ephemerisTime: 5.09035148185171E8
stateCuriosity: -1.08188898908E8
stateCuriosity: -1.32605771104E8
stateCuriosity: -5.271891838E7
stateCuriosity: 23.461
stateCuriosity: 3.985
stateCuriosity: 1.003
owltMSLEarth: 597.335
stateEarth: 1.08204260352E8
stateEarth: 1.32624594271E8
stateEarth: 5.27264003E7
stateEarth: -23.469
stateEarth: -3.991
stateEarth: -1.005
owltEarthMSL: 597.42
positionEarthWRTCuriosity: 1.08204260352E8
positionEarthWRTCuriosity: 1.32624594271E8
positionEarthWRTCuriosity: 5.27264003E7
owltEarthMSL2: 597.42
angSepHGAEarth: 107.635
utcTime: "2016-02-18~02:38:00"
sol: 1256
sclkValue: " 1/01256:23:27:33:79770"

2018-06-04 16:15:35,677 [radio] INFO  space.exploration.mars.rover.communication.Radio - One Way Light Time computed by SPICE :: 597.335
2018-06-04 16:15:35,708 [radio] INFO  space.exploration.mars.rover.communication.Transmitter - Sending information packet to curiosity_to_earth_5
2018-06-04 16:15:38,710 [batteryMonitor] INFO  space.exploration.mars.rover.power.BatteryMonitor - BatteryMonitor performing due diligence. SCET = 1528146930890 Rover state = Listening State
2018-06-04 16:15:38,710 [batteryMonitor] INFO  space.exploration.mars.rover.power.BatteryMonitor -  Battery primaryUnits = 1199 auxiliaryPowerUnits = 100
2018-06-04 16:15:38,767 [pacemaker] INFO  space.exploration.mars.rover.kernel.PositionSensor - Houston - this is curiosityActual.ephemerisTime: 5.09035328185171E8
stateCuriosity: -1.0818467581E8
stateCuriosity: -1.32605053612E8
stateCuriosity: -5.2718737929E7
stateCuriosity: 23.463
stateCuriosity: 3.987
stateCuriosity: 1.002
owltMSLEarth: 597.325
stateEarth: 1.08200035785E8
stateEarth: 1.32623875654E8
stateEarth: 5.2726219425E7
stateEarth: -23.471
stateEarth: -3.993
stateEarth: -1.005
owltEarthMSL: 597.409
positionEarthWRTCuriosity: 1.08200035785E8
positionEarthWRTCuriosity: 1.32623875654E8
positionEarthWRTCuriosity: 5.2726219425E7
owltEarthMSL2: 597.409
angSepHGAEarth: 108.245
utcTime: "2016-02-18~02:41:00"
sol: 1256
sclkValue: " 1/01256:23:30:28:98168"

2018-06-04 16:15:38,811 [pacemaker] INFO  space.exploration.mars.rover.kernel.PositionSensor - ephemerisTime: 5.09035328185171E8
stateCuriosity: -1.0818467581E8
stateCuriosity: -1.32605053612E8
stateCuriosity: -5.2718737929E7
stateCuriosity: 23.463
stateCuriosity: 3.987
stateCuriosity: 1.002
owltMSLEarth: 597.325
stateEarth: 1.08200035785E8
stateEarth: 1.32623875654E8
stateEarth: 5.2726219425E7
stateEarth: -23.471
stateEarth: -3.993
stateEarth: -1.005
owltEarthMSL: 597.409
positionEarthWRTCuriosity: 1.08200035785E8
positionEarthWRTCuriosity: 1.32623875654E8
positionEarthWRTCuriosity: 5.2726219425E7
owltEarthMSL2: 597.409
angSepHGAEarth: 108.245
utcTime: "2016-02-18~02:41:00"
sol: 1256
sclkValue: " 1/01256:23:30:28:98168"

2018-06-04 16:15:38,815 [pacemaker] INFO  space.exploration.mars.rover.kernel.SpacecraftClock - Internal time::2016-02-18T02:42:00.000-06:00 sclk of::1/01256:23:31:27:37634
2018-06-04 16:15:44,893 [pacemaker] INFO  space.exploration.mars.rover.kernel.PositionSensor - Houston - this is curiosityActual.ephemerisTime: 5.09035688185171E8
stateCuriosity: -1.08176228466E8
stateCuriosity: -1.32603617647E8
stateCuriosity: -5.2718377362E7
stateCuriosity: 23.467
stateCuriosity: 3.991
stateCuriosity: 1.001
owltMSLEarth: 597.304
stateEarth: 1.08191585477E8
stateEarth: 1.32622437405E8
stateEarth: 5.2725857996E7
stateEarth: -23.475
stateEarth: -3.997
stateEarth: -1.003
owltEarthMSL: 597.388
positionEarthWRTCuriosity: 1.08191585477E8
positionEarthWRTCuriosity: 1.32622437405E8
positionEarthWRTCuriosity: 5.2725857996E7
owltEarthMSL2: 597.388
angSepHGAEarth: 109.466
utcTime: "2016-02-18~02:47:00"
sol: 1256
sclkValue: " 1/01256:23:36:19:34963"

2018-06-04 16:15:44,939 [pacemaker] INFO  space.exploration.mars.rover.kernel.PositionSensor - ephemerisTime: 5.09035688185171E8
stateCuriosity: -1.08176228466E8
stateCuriosity: -1.32603617647E8
stateCuriosity: -5.2718377362E7
stateCuriosity: 23.467
stateCuriosity: 3.991
stateCuriosity: 1.001
owltMSLEarth: 597.304
stateEarth: 1.08191585477E8
stateEarth: 1.32622437405E8
stateEarth: 5.2725857996E7
stateEarth: -23.475
stateEarth: -3.997
stateEarth: -1.003
owltEarthMSL: 597.388
positionEarthWRTCuriosity: 1.08191585477E8
positionEarthWRTCuriosity: 1.32622437405E8
positionEarthWRTCuriosity: 5.2725857996E7
owltEarthMSL2: 597.388
angSepHGAEarth: 109.466
utcTime: "2016-02-18~02:47:00"
sol: 1256
sclkValue: " 1/01256:23:36:19:34963"

2018-06-04 16:15:44,940 [pacemaker] INFO  space.exploration.mars.rover.communication.Radio - One Way Light Time computed by SPICE :: 597.304
2018-06-04 16:15:44,958 [pacemaker] INFO  space.exploration.mars.rover.communication.Transmitter - Sending information packet to curiosity_to_earth_5
2018-06-04 16:16:00,890 [batteryMonitor] INFO  space.exploration.mars.rover.power.BatteryMonitor - BatteryMonitor performing due diligence. SCET = 1528146960890 Rover state = Listening State
2018-06-04 16:16:00,891 [batteryMonitor] INFO  space.exploration.mars.rover.power.BatteryMonitor -  Battery primaryUnits = 1199 auxiliaryPowerUnits = 100
2018-06-04 16:16:08,156 [spacecraftClock] INFO  space.exploration.mars.rover.sensor.DANSpectrometer - Commencing calibration for DAN Spectrometer for sol = 1257
2018-06-04 16:16:08,494 [spacecraftClock] INFO  space.exploration.mars.rover.utils.FileUtil - File /home/sanket/Documents/workspace/MarsRover/mars.rover/dataArchives/APXS/1257/ does not exist. Trying to create it now.
2018-06-04 16:16:08,495 [spacecraftClock] INFO  space.exploration.mars.rover.utils.FileUtil - Successfully created /home/sanket/Documents/workspace/MarsRover/mars.rover/dataArchives/APXS/1257/
2018-06-04 16:16:08,534 [spacecraftClock] ERROR space.exploration.mars.rover.service.ApxsDataService -  Could not find data files for sol = 1257 url = http://pds-geosciences.wustl.edu/msl/msl-m-apxs-4_5-rdr-v1/mslapx_1xxx/data/sol01257/
org.jsoup.HttpStatusException: HTTP error fetching URL. Status=404, URL=http://pds-geosciences.wustl.edu/msl/msl-m-apxs-4_5-rdr-v1/mslapx_1xxx/data/sol01257/
	at org.jsoup.helper.HttpConnection$Response.execute(HttpConnection.java:537)
	at org.jsoup.helper.HttpConnection$Response.execute(HttpConnection.java:493)
	at org.jsoup.helper.HttpConnection.execute(HttpConnection.java:205)
	at org.jsoup.helper.HttpConnection.get(HttpConnection.java:194)
	at space.exploration.mars.rover.service.ApxsDataService.getTargetURL(ApxsDataService.java:52)
	at space.exploration.mars.rover.service.ApxsDataService.<init>(ApxsDataService.java:25)
	at space.exploration.mars.rover.sensor.ApxsSpectrometer.calibrateApxsSpectrometer(ApxsSpectrometer.java:39)
	at space.exploration.mars.rover.kernel.Rover.updateSensors(Rover.java:346)
	at space.exploration.mars.rover.kernel.SpacecraftClock$Clock.run(SpacecraftClock.java:225)
	at java.util.concurrent.Executors$RunnableAdapter.call(Executors.java:511)
	at java.util.concurrent.FutureTask.runAndReset(FutureTask.java:308)
	at java.util.concurrent.ScheduledThreadPoolExecutor$ScheduledFutureTask.access$301(ScheduledThreadPoolExecutor.java:180)
	at java.util.concurrent.ScheduledThreadPoolExecutor$ScheduledFutureTask.run(ScheduledThreadPoolExecutor.java:294)
	at java.util.concurrent.ThreadPoolExecutor.runWorker(ThreadPoolExecutor.java:1149)
	at java.util.concurrent.ThreadPoolExecutor$Worker.run(ThreadPoolExecutor.java:624)
	at java.lang.Thread.run(Thread.java:748)
2018-06-04 16:16:08,535 [spacecraftClock] INFO  space.exploration.mars.rover.utils.FileUtil - File at /home/sanket/Documents/workspace/MarsRover/mars.rover/dataArchives/APXS/1257/ exists - will delete it now.
2018-06-04 16:16:08,535 [spacecraftClock] ERROR space.exploration.mars.rover.sensor.ApxsSpectrometer - ApxsData not available for sol = 1257
java.net.MalformedURLException
	at java.net.URL.<init>(URL.java:627)
	at java.net.URL.<init>(URL.java:490)
	at java.net.URL.<init>(URL.java:439)
	at space.exploration.mars.rover.utils.ServiceUtil.download(ServiceUtil.java:15)
	at space.exploration.mars.rover.utils.ServiceUtil.downloadCsv(ServiceUtil.java:40)
	at space.exploration.mars.rover.service.ApxsDataService.<init>(ApxsDataService.java:27)
	at space.exploration.mars.rover.sensor.ApxsSpectrometer.calibrateApxsSpectrometer(ApxsSpectrometer.java:39)
	at space.exploration.mars.rover.kernel.Rover.updateSensors(Rover.java:346)
	at space.exploration.mars.rover.kernel.SpacecraftClock$Clock.run(SpacecraftClock.java:225)
	at java.util.concurrent.Executors$RunnableAdapter.call(Executors.java:511)
	at java.util.concurrent.FutureTask.runAndReset(FutureTask.java:308)
	at java.util.concurrent.ScheduledThreadPoolExecutor$ScheduledFutureTask.access$301(ScheduledThreadPoolExecutor.java:180)
	at java.util.concurrent.ScheduledThreadPoolExecutor$ScheduledFutureTask.run(ScheduledThreadPoolExecutor.java:294)
	at java.util.concurrent.ThreadPoolExecutor.runWorker(ThreadPoolExecutor.java:1149)
	at java.util.concurrent.ThreadPoolExecutor$Worker.run(ThreadPoolExecutor.java:624)
	at java.lang.Thread.run(Thread.java:748)
Caused by: java.lang.NullPointerException
	at java.net.URL.<init>(URL.java:532)
	... 15 more
