13293 [main] INFO org.apache.kafka.clients.producer.ProducerConfig  - ProducerConfig values: 
	metric.reporters = []
	metadata.max.age.ms = 300000
	reconnect.backoff.ms = 50
	sasl.kerberos.ticket.renew.window.factor = 0.8
	bootstrap.servers = [localhost:9092]
	ssl.keystore.type = JKS
	sasl.mechanism = GSSAPI
	max.block.ms = 60000
	interceptor.classes = null
	ssl.truststore.password = null
	client.id = 
	ssl.endpoint.identification.algorithm = null
	request.timeout.ms = 30000
	acks = 1
	receive.buffer.bytes = 32768
	ssl.truststore.type = JKS
	retries = 0
	ssl.truststore.location = null
	ssl.keystore.password = null
	send.buffer.bytes = 131072
	compression.type = none
	metadata.fetch.timeout.ms = 60000
	retry.backoff.ms = 100
	sasl.kerberos.kinit.cmd = /usr/bin/kinit
	buffer.memory = 33554432
	timeout.ms = 30000
	key.serializer = class org.apache.kafka.common.serialization.StringSerializer
	sasl.kerberos.service.name = null
	sasl.kerberos.ticket.renew.jitter = 0.05
	ssl.trustmanager.algorithm = PKIX
	block.on.buffer.full = false
	ssl.key.password = null
	sasl.kerberos.min.time.before.relogin = 60000
	connections.max.idle.ms = 540000
	max.in.flight.requests.per.connection = 5
	metrics.num.samples = 2
	ssl.protocol = TLS
	ssl.provider = null
	ssl.enabled.protocols = [TLSv1.2, TLSv1.1, TLSv1]
	batch.size = 16384
	ssl.keystore.location = null
	ssl.cipher.suites = null
	security.protocol = PLAINTEXT
	max.request.size = 1048576
	value.serializer = class org.apache.kafka.common.serialization.ByteArraySerializer
	ssl.keymanager.algorithm = SunX509
	metrics.sample.window.ms = 30000
	partitioner.class = class org.apache.kafka.clients.producer.internals.DefaultPartitioner
	linger.ms = 0

13370 [main] INFO org.apache.kafka.clients.producer.ProducerConfig  - ProducerConfig values: 
	metric.reporters = []
	metadata.max.age.ms = 300000
	reconnect.backoff.ms = 50
	sasl.kerberos.ticket.renew.window.factor = 0.8
	bootstrap.servers = [localhost:9092]
	ssl.keystore.type = JKS
	sasl.mechanism = GSSAPI
	max.block.ms = 60000
	interceptor.classes = null
	ssl.truststore.password = null
	client.id = producer-1
	ssl.endpoint.identification.algorithm = null
	request.timeout.ms = 30000
	acks = 1
	receive.buffer.bytes = 32768
	ssl.truststore.type = JKS
	retries = 0
	ssl.truststore.location = null
	ssl.keystore.password = null
	send.buffer.bytes = 131072
	compression.type = none
	metadata.fetch.timeout.ms = 60000
	retry.backoff.ms = 100
	sasl.kerberos.kinit.cmd = /usr/bin/kinit
	buffer.memory = 33554432
	timeout.ms = 30000
	key.serializer = class org.apache.kafka.common.serialization.StringSerializer
	sasl.kerberos.service.name = null
	sasl.kerberos.ticket.renew.jitter = 0.05
	ssl.trustmanager.algorithm = PKIX
	block.on.buffer.full = false
	ssl.key.password = null
	sasl.kerberos.min.time.before.relogin = 60000
	connections.max.idle.ms = 540000
	max.in.flight.requests.per.connection = 5
	metrics.num.samples = 2
	ssl.protocol = TLS
	ssl.provider = null
	ssl.enabled.protocols = [TLSv1.2, TLSv1.1, TLSv1]
	batch.size = 16384
	ssl.keystore.location = null
	ssl.cipher.suites = null
	security.protocol = PLAINTEXT
	max.request.size = 1048576
	value.serializer = class org.apache.kafka.common.serialization.ByteArraySerializer
	ssl.keymanager.algorithm = SunX509
	metrics.sample.window.ms = 30000
	partitioner.class = class org.apache.kafka.clients.producer.internals.DefaultPartitioner
	linger.ms = 0

13370 [main] WARN org.apache.kafka.clients.producer.ProducerConfig  - The configuration zookeeper.connect = localhost:2181 was supplied but isn't a known config.
13370 [main] WARN org.apache.kafka.clients.producer.ProducerConfig  - The configuration group.id = space.exploration.mars.newRover was supplied but isn't a known config.
13370 [main] WARN org.apache.kafka.clients.producer.ProducerConfig  - The configuration source.topic = earth_to_curiosity_3 was supplied but isn't a known config.
13370 [main] WARN org.apache.kafka.clients.producer.ProducerConfig  - The configuration auto.offset.reset = largest was supplied but isn't a known config.
13370 [main] WARN org.apache.kafka.clients.producer.ProducerConfig  - The configuration metadata.broker.list = localhost:9092 was supplied but isn't a known config.
13370 [main] WARN org.apache.kafka.clients.producer.ProducerConfig  - The configuration destination.topic = curiosity_to_earth_3 was supplied but isn't a known config.
13371 [main] INFO org.apache.kafka.common.utils.AppInfoParser  - Kafka version : 0.10.0.1
13371 [main] INFO org.apache.kafka.common.utils.AppInfoParser  - Kafka commitId : a7a17cdec9eaa6c5
13478 [main] INFO kafka.utils.VerifiableProperties  - Verifying properties
13495 [main] INFO kafka.utils.VerifiableProperties  - Property auto.offset.reset is overridden to largest
13495 [main] WARN kafka.utils.VerifiableProperties  - Property bootstrap.servers is not valid
13495 [main] WARN kafka.utils.VerifiableProperties  - Property destination.topic is not valid
13495 [main] INFO kafka.utils.VerifiableProperties  - Property group.id is overridden to space.exploration.mars.newRover
13495 [main] WARN kafka.utils.VerifiableProperties  - Property key.serializer is not valid
13495 [main] WARN kafka.utils.VerifiableProperties  - Property metadata.broker.list is not valid
13495 [main] WARN kafka.utils.VerifiableProperties  - Property source.topic is not valid
13495 [main] WARN kafka.utils.VerifiableProperties  - Property value.serializer is not valid
13496 [main] INFO kafka.utils.VerifiableProperties  - Property zookeeper.connect is overridden to localhost:2181
13531 [main] INFO kafka.consumer.ZookeeperConsumerConnector  - [space.exploration.mars.newRover_zion-portable-1507953774599-c2b26fda], Connecting to zookeeper instance at localhost:2181
13538 [ZkClient-EventThread-25-localhost:2181] INFO org.I0Itec.zkclient.ZkEventThread  - Starting ZkClient event thread.
13542 [main] INFO org.apache.zookeeper.ZooKeeper  - Client environment:zookeeper.version=3.4.6-1569965, built on 02/20/2014 09:09 GMT
13543 [main] INFO org.apache.zookeeper.ZooKeeper  - Client environment:host.name=zion-portable
13543 [main] INFO org.apache.zookeeper.ZooKeeper  - Client environment:java.version=1.8.0_131
13543 [main] INFO org.apache.zookeeper.ZooKeeper  - Client environment:java.vendor=Oracle Corporation
13543 [main] INFO org.apache.zookeeper.ZooKeeper  - Client environment:java.home=/usr/lib/jvm/java-8-openjdk-amd64/jre
13543 [main] INFO org.apache.zookeeper.ZooKeeper  - Client environment:java.class.path=target/mars.rover-0.0.1-SOLSHOT-shaded.jar
13543 [main] INFO org.apache.zookeeper.ZooKeeper  - Client environment:java.library.path=/usr/java/packages/lib/amd64:/usr/lib/x86_64-linux-gnu/jni:/lib/x86_64-linux-gnu:/usr/lib/x86_64-linux-gnu:/usr/lib/jni:/lib:/usr/lib
13543 [main] INFO org.apache.zookeeper.ZooKeeper  - Client environment:java.io.tmpdir=/tmp
13543 [main] INFO org.apache.zookeeper.ZooKeeper  - Client environment:java.compiler=<NA>
13543 [main] INFO org.apache.zookeeper.ZooKeeper  - Client environment:os.name=Linux
13543 [main] INFO org.apache.zookeeper.ZooKeeper  - Client environment:os.arch=amd64
13543 [main] INFO org.apache.zookeeper.ZooKeeper  - Client environment:os.version=4.10.0-37-generic
13543 [main] INFO org.apache.zookeeper.ZooKeeper  - Client environment:user.name=sanket
13543 [main] INFO org.apache.zookeeper.ZooKeeper  - Client environment:user.home=/home/sanket
13543 [main] INFO org.apache.zookeeper.ZooKeeper  - Client environment:user.dir=/home/sanket/Documents/workspace/MarsRover/mars.rover
13543 [main] INFO org.apache.zookeeper.ZooKeeper  - Initiating client connection, connectString=localhost:2181 sessionTimeout=6000 watcher=org.I0Itec.zkclient.ZkClient@1ab3a8c8
13551 [main] INFO org.I0Itec.zkclient.ZkClient  - Waiting for keeper state SyncConnected
13554 [main-SendThread(localhost:2181)] INFO org.apache.zookeeper.ClientCnxn  - Opening socket connection to server localhost/127.0.0.1:2181. Will not attempt to authenticate using SASL (unknown error)
13557 [main-SendThread(localhost:2181)] INFO org.apache.zookeeper.ClientCnxn  - Socket connection established to localhost/127.0.0.1:2181, initiating session
13568 [main-SendThread(localhost:2181)] INFO org.apache.zookeeper.ClientCnxn  - Session establishment complete on server localhost/127.0.0.1:2181, sessionid = 0x15f174a05310018, negotiated timeout = 6000
13569 [main-EventThread] INFO org.I0Itec.zkclient.ZkClient  - zookeeper state changed (SyncConnected)
13576 [main] INFO kafka.consumer.ZookeeperConsumerConnector  - [space.exploration.mars.newRover_zion-portable-1507953774599-c2b26fda], starting auto committer every 60000 ms
13596 [Thread-1] INFO kafka.consumer.ZookeeperConsumerConnector  - [space.exploration.mars.newRover_zion-portable-1507953774599-c2b26fda], begin registering consumer space.exploration.mars.newRover_zion-portable-1507953774599-c2b26fda in ZK
13614 [Thread-1] INFO kafka.utils.ZKCheckedEphemeral  - Creating /consumers/space.exploration.mars.newRover/ids/space.exploration.mars.newRover_zion-portable-1507953774599-c2b26fda (is it secure? false)
13621 [Thread-1] INFO kafka.utils.ZKCheckedEphemeral  - Result of znode creation is: OK
13622 [Thread-1] INFO kafka.consumer.ZookeeperConsumerConnector  - [space.exploration.mars.newRover_zion-portable-1507953774599-c2b26fda], end registering consumer space.exploration.mars.newRover_zion-portable-1507953774599-c2b26fda in ZK
13625 [space.exploration.mars.newRover_zion-portable-1507953774599-c2b26fda_watcher_executor] INFO kafka.consumer.ZookeeperConsumerConnector  - [space.exploration.mars.newRover_zion-portable-1507953774599-c2b26fda], starting watcher executor thread for consumer space.exploration.mars.newRover_zion-portable-1507953774599-c2b26fda
13636 [Thread-1] INFO kafka.consumer.ZookeeperConsumerConnector  - [space.exploration.mars.newRover_zion-portable-1507953774599-c2b26fda], begin rebalancing consumer space.exploration.mars.newRover_zion-portable-1507953774599-c2b26fda try #0
13709 [Thread-1] INFO kafka.consumer.ConsumerFetcherManager  - [ConsumerFetcherManager-1507953774643] Stopping leader finder thread
13709 [Thread-1] INFO kafka.consumer.ConsumerFetcherManager  - [ConsumerFetcherManager-1507953774643] Stopping all fetchers
13709 [Thread-1] INFO kafka.consumer.ConsumerFetcherManager  - [ConsumerFetcherManager-1507953774643] All connections stopped
13709 [Thread-1] INFO kafka.consumer.ZookeeperConsumerConnector  - [space.exploration.mars.newRover_zion-portable-1507953774599-c2b26fda], Cleared all relevant queues for this fetcher
13710 [Thread-1] INFO kafka.consumer.ZookeeperConsumerConnector  - [space.exploration.mars.newRover_zion-portable-1507953774599-c2b26fda], Cleared the data chunks in all the consumer message iterators
13710 [Thread-1] INFO kafka.consumer.ZookeeperConsumerConnector  - [space.exploration.mars.newRover_zion-portable-1507953774599-c2b26fda], Committing all offsets after clearing the fetcher queues
13711 [Thread-1] INFO kafka.consumer.ZookeeperConsumerConnector  - [space.exploration.mars.newRover_zion-portable-1507953774599-c2b26fda], Releasing partition ownership
13731 [Thread-1] INFO kafka.consumer.RangeAssignor  - Consumer space.exploration.mars.newRover_zion-portable-1507953774599-c2b26fda rebalancing the following partitions: ArrayBuffer(0) for topic earth_to_curiosity_3 with consumers: List(space.exploration.mars.newRover_zion-portable-1507953774599-c2b26fda-0)
13732 [Thread-1] INFO kafka.consumer.RangeAssignor  - space.exploration.mars.newRover_zion-portable-1507953774599-c2b26fda-0 attempting to claim partition 0
13772 [Thread-1] INFO kafka.consumer.ZookeeperConsumerConnector  - [space.exploration.mars.newRover_zion-portable-1507953774599-c2b26fda], space.exploration.mars.newRover_zion-portable-1507953774599-c2b26fda-0 successfully owned partition 0 for topic earth_to_curiosity_3
13783 [Thread-1] INFO kafka.consumer.ZookeeperConsumerConnector  - [space.exploration.mars.newRover_zion-portable-1507953774599-c2b26fda], Consumer space.exploration.mars.newRover_zion-portable-1507953774599-c2b26fda selected partitions : earth_to_curiosity_3:0: fetched offset = 19: consumed offset = 19
13784 [space.exploration.mars.newRover_zion-portable-1507953774599-c2b26fda-leader-finder-thread] INFO kafka.consumer.ConsumerFetcherManager$LeaderFinderThread  - [space.exploration.mars.newRover_zion-portable-1507953774599-c2b26fda-leader-finder-thread], Starting 
13784 [Thread-1] INFO kafka.consumer.ZookeeperConsumerConnector  - [space.exploration.mars.newRover_zion-portable-1507953774599-c2b26fda], end rebalancing consumer space.exploration.mars.newRover_zion-portable-1507953774599-c2b26fda try #0
13795 [space.exploration.mars.newRover_zion-portable-1507953774599-c2b26fda-leader-finder-thread] INFO kafka.utils.VerifiableProperties  - Verifying properties
13795 [space.exploration.mars.newRover_zion-portable-1507953774599-c2b26fda-leader-finder-thread] INFO kafka.utils.VerifiableProperties  - Property client.id is overridden to space.exploration.mars.newRover
13796 [space.exploration.mars.newRover_zion-portable-1507953774599-c2b26fda-leader-finder-thread] INFO kafka.utils.VerifiableProperties  - Property metadata.broker.list is overridden to zion-portable:9092
13796 [space.exploration.mars.newRover_zion-portable-1507953774599-c2b26fda-leader-finder-thread] INFO kafka.utils.VerifiableProperties  - Property request.timeout.ms is overridden to 30000
13805 [space.exploration.mars.newRover_zion-portable-1507953774599-c2b26fda-leader-finder-thread] INFO kafka.client.ClientUtils$  - Fetching metadata from broker BrokerEndPoint(0,zion-portable,9092) with correlation id 0 for 1 topic(s) Set(earth_to_curiosity_3)
13808 [space.exploration.mars.newRover_zion-portable-1507953774599-c2b26fda-leader-finder-thread] INFO kafka.producer.SyncProducer  - Connected to zion-portable:9092 for producing
13817 [space.exploration.mars.newRover_zion-portable-1507953774599-c2b26fda-leader-finder-thread] INFO kafka.producer.SyncProducer  - Disconnecting from zion-portable:9092
13829 [ConsumerFetcherThread-space.exploration.mars.newRover_zion-portable-1507953774599-c2b26fda-0-0] INFO kafka.consumer.ConsumerFetcherThread  - [ConsumerFetcherThread-space.exploration.mars.newRover_zion-portable-1507953774599-c2b26fda-0-0], Starting 
13831 [space.exploration.mars.newRover_zion-portable-1507953774599-c2b26fda-leader-finder-thread] INFO kafka.consumer.ConsumerFetcherManager  - [ConsumerFetcherManager-1507953774643] Added fetcher for partitions ArrayBuffer([[earth_to_curiosity_3,0], initOffset 19 to broker BrokerEndPoint(0,zion-portable,9092)] )
34489 [pool-3-thread-1] INFO space.exploration.mars.rover.animation.SleepingAnimationEngine  - Rover is sleeping now
55990 [pool-2-thread-1] INFO space.exploration.mars.rover.diagnostics.Pacemaker  - Diagnostics inhibited because rover is sleeping to conserve battery Current instructionQueue length = 0
56993 [pool-3-thread-1] INFO space.exploration.mars.rover.diagnostics.SleepMonitor  - Awakening rover from slumber
56993 [pool-3-thread-1] INFO space.exploration.mars.rover.animation.SleepingAnimationEngine  - Waking up rover
198410 [pool-3-thread-1] INFO space.exploration.mars.rover.animation.SleepingAnimationEngine  - Rover is sleeping now
232324 [Thread-1] INFO space.exploration.mars.rover.kernel.SleepingState  - Awaking from sleeping state
232324 [Thread-1] INFO space.exploration.mars.rover.animation.SleepingAnimationEngine  - Waking up rover
241361 [Thread-1] INFO space.exploration.mars.rover.kernel.ListeningState  - 1507954002429,8,ClickCamera Current instructionQueue length = 0
