0    [main] INFO  space.exploration.mars.rover.power.Battery  - Battery configured, batteryLife:primaryPowerUnits = 10000 auxiliaryPowerUnits = 1000 alertThreshold: 100 rechargeTime = 60000
276  [main] INFO  kafka.utils.VerifiableProperties  - Verifying properties
302  [main] WARN  kafka.utils.VerifiableProperties  - Property auto.offset.reset is not valid
302  [main] WARN  kafka.utils.VerifiableProperties  - Property destination.topic is not valid
302  [main] WARN  kafka.utils.VerifiableProperties  - Property group.id is not valid
303  [main] INFO  kafka.utils.VerifiableProperties  - Property metadata.broker.list is overridden to localhost:9092
303  [main] WARN  kafka.utils.VerifiableProperties  - Property source.topic is not valid
303  [main] WARN  kafka.utils.VerifiableProperties  - Property zookeeper.connect is not valid
342  [main] INFO  kafka.utils.VerifiableProperties  - Verifying properties
343  [main] INFO  kafka.utils.VerifiableProperties  - Property auto.offset.reset is overridden to largest
343  [main] WARN  kafka.utils.VerifiableProperties  - Property destination.topic is not valid
343  [main] INFO  kafka.utils.VerifiableProperties  - Property group.id is overridden to space.exploration.mars.rover
343  [main] WARN  kafka.utils.VerifiableProperties  - Property metadata.broker.list is not valid
343  [main] WARN  kafka.utils.VerifiableProperties  - Property source.topic is not valid
343  [main] INFO  kafka.utils.VerifiableProperties  - Property zookeeper.connect is overridden to localhost:2181
5230 [main] INFO  kafka.consumer.ZookeeperConsumerConnector  - [space.exploration.mars.rover_Sankets-MacBook-Pro.local-1495828511634-caa74785], Connecting to zookeeper instance at localhost:2181
5239 [ZkClient-EventThread-22-localhost:2181] INFO  org.I0Itec.zkclient.ZkEventThread  - Starting ZkClient event thread.
5259 [main] INFO  org.apache.zookeeper.ZooKeeper  - Client environment:zookeeper.version=3.4.6-1569965, built on 02/20/2014 09:09 GMT
5260 [main] INFO  org.apache.zookeeper.ZooKeeper  - Client environment:host.name=10.36.201.139
5260 [main] INFO  org.apache.zookeeper.ZooKeeper  - Client environment:java.version=1.8.0_121
5260 [main] INFO  org.apache.zookeeper.ZooKeeper  - Client environment:java.vendor=Oracle Corporation
5260 [main] INFO  org.apache.zookeeper.ZooKeeper  - Client environment:java.home=/Library/Java/JavaVirtualMachines/jdk1.8.0_121.jdk/Contents/Home/jre
5260 [main] INFO  org.apache.zookeeper.ZooKeeper  - Client environment:java.class.path=/Library/Java/JavaVirtualMachines/jdk1.8.0_121.jdk/Contents/Home/jre/lib/charsets.jar:/Library/Java/JavaVirtualMachines/jdk1.8.0_121.jdk/Contents/Home/jre/lib/deploy.jar:/Library/Java/JavaVirtualMachines/jdk1.8.0_121.jdk/Contents/Home/jre/lib/ext/cldrdata.jar:/Library/Java/JavaVirtualMachines/jdk1.8.0_121.jdk/Contents/Home/jre/lib/ext/dnsns.jar:/Library/Java/JavaVirtualMachines/jdk1.8.0_121.jdk/Contents/Home/jre/lib/ext/jaccess.jar:/Library/Java/JavaVirtualMachines/jdk1.8.0_121.jdk/Contents/Home/jre/lib/ext/jfxrt.jar:/Library/Java/JavaVirtualMachines/jdk1.8.0_121.jdk/Contents/Home/jre/lib/ext/localedata.jar:/Library/Java/JavaVirtualMachines/jdk1.8.0_121.jdk/Contents/Home/jre/lib/ext/nashorn.jar:/Library/Java/JavaVirtualMachines/jdk1.8.0_121.jdk/Contents/Home/jre/lib/ext/sunec.jar:/Library/Java/JavaVirtualMachines/jdk1.8.0_121.jdk/Contents/Home/jre/lib/ext/sunjce_provider.jar:/Library/Java/JavaVirtualMachines/jdk1.8.0_121.jdk/Contents/Home/jre/lib/ext/sunpkcs11.jar:/Library/Java/JavaVirtualMachines/jdk1.8.0_121.jdk/Contents/Home/jre/lib/ext/zipfs.jar:/Library/Java/JavaVirtualMachines/jdk1.8.0_121.jdk/Contents/Home/jre/lib/javaws.jar:/Library/Java/JavaVirtualMachines/jdk1.8.0_121.jdk/Contents/Home/jre/lib/jce.jar:/Library/Java/JavaVirtualMachines/jdk1.8.0_121.jdk/Contents/Home/jre/lib/jfr.jar:/Library/Java/JavaVirtualMachines/jdk1.8.0_121.jdk/Contents/Home/jre/lib/jfxswt.jar:/Library/Java/JavaVirtualMachines/jdk1.8.0_121.jdk/Contents/Home/jre/lib/jsse.jar:/Library/Java/JavaVirtualMachines/jdk1.8.0_121.jdk/Contents/Home/jre/lib/management-agent.jar:/Library/Java/JavaVirtualMachines/jdk1.8.0_121.jdk/Contents/Home/jre/lib/plugin.jar:/Library/Java/JavaVirtualMachines/jdk1.8.0_121.jdk/Contents/Home/jre/lib/resources.jar:/Library/Java/JavaVirtualMachines/jdk1.8.0_121.jdk/Contents/Home/jre/lib/rt.jar:/Library/Java/JavaVirtualMachines/jdk1.8.0_121.jdk/Contents/Home/lib/ant-javafx.jar:/Library/Java/JavaVirtualMachines/jdk1.8.0_121.jdk/Contents/Home/lib/dt.jar:/Library/Java/JavaVirtualMachines/jdk1.8.0_121.jdk/Contents/Home/lib/javafx-mx.jar:/Library/Java/JavaVirtualMachines/jdk1.8.0_121.jdk/Contents/Home/lib/jconsole.jar:/Library/Java/JavaVirtualMachines/jdk1.8.0_121.jdk/Contents/Home/lib/packager.jar:/Library/Java/JavaVirtualMachines/jdk1.8.0_121.jdk/Contents/Home/lib/sa-jdi.jar:/Library/Java/JavaVirtualMachines/jdk1.8.0_121.jdk/Contents/Home/lib/tools.jar:/Users/sanketkorgaonkar/Documents/workspace/mars.rover.project/mars.rover/target/classes:/Users/sanketkorgaonkar/.m2/repository/com/google/protobuf/protobuf-java/3.2.0/protobuf-java-3.2.0.jar:/Users/sanketkorgaonkar/.m2/repository/org/apache/kafka/kafka_2.10/0.9.0.1/kafka_2.10-0.9.0.1.jar:/Users/sanketkorgaonkar/.m2/repository/com/101tec/zkclient/0.7/zkclient-0.7.jar:/Users/sanketkorgaonkar/.m2/repository/org/slf4j/slf4j-api/1.6.1/slf4j-api-1.6.1.jar:/Users/sanketkorgaonkar/.m2/repository/log4j/log4j/1.2.15/log4j-1.2.15.jar:/Users/sanketkorgaonkar/.m2/repository/javax/mail/mail/1.4/mail-1.4.jar:/Users/sanketkorgaonkar/.m2/repository/javax/activation/activation/1.1/activation-1.1.jar:/Users/sanketkorgaonkar/.m2/repository/org/apache/kafka/kafka-clients/0.9.0.1/kafka-clients-0.9.0.1.jar:/Users/sanketkorgaonkar/.m2/repository/org/xerial/snappy/snappy-java/1.1.1.7/snappy-java-1.1.1.7.jar:/Users/sanketkorgaonkar/.m2/repository/net/jpountz/lz4/lz4/1.2.0/lz4-1.2.0.jar:/Users/sanketkorgaonkar/.m2/repository/com/yammer/metrics/metrics-core/2.2.0/metrics-core-2.2.0.jar:/Users/sanketkorgaonkar/.m2/repository/org/scala-lang/scala-library/2.10.5/scala-library-2.10.5.jar:/Users/sanketkorgaonkar/.m2/repository/net/sf/jopt-simple/jopt-simple/3.2/jopt-simple-3.2.jar:/Users/sanketkorgaonkar/.m2/repository/org/slf4j/slf4j-log4j12/1.7.6/slf4j-log4j12-1.7.6.jar:/Users/sanketkorgaonkar/.m2/repository/org/apache/zookeeper/zookeeper/3.4.6/zookeeper-3.4.6.jar:/Users/sanketkorgaonkar/.m2/repository/jline/jline/0.9.94/jline-0.9.94.jar:/Users/sanketkorgaonkar/.m2/repository/io/netty/netty/3.7.0.Final/netty-3.7.0.Final.jar:/Users/sanketkorgaonkar/.m2/repository/org/tensorflow/tensorflow/1.1.0/tensorflow-1.1.0.jar:/Users/sanketkorgaonkar/.m2/repository/org/tensorflow/libtensorflow/1.1.0/libtensorflow-1.1.0.jar:/Users/sanketkorgaonkar/.m2/repository/org/tensorflow/libtensorflow_jni/1.1.0/libtensorflow_jni-1.1.0.jar:/Applications/IntelliJ IDEA CE.app/Contents/lib/idea_rt.jar
5260 [main] INFO  org.apache.zookeeper.ZooKeeper  - Client environment:java.library.path=/Users/sanketkorgaonkar/Library/Java/Extensions:/Library/Java/Extensions:/Network/Library/Java/Extensions:/System/Library/Java/Extensions:/usr/lib/java:.
5260 [main] INFO  org.apache.zookeeper.ZooKeeper  - Client environment:java.io.tmpdir=/var/folders/5h/gwr26fh90zs2zgrhjqr0pm1r0000gn/T/
5260 [main] INFO  org.apache.zookeeper.ZooKeeper  - Client environment:java.compiler=<NA>
5260 [main] INFO  org.apache.zookeeper.ZooKeeper  - Client environment:os.name=Mac OS X
5260 [main] INFO  org.apache.zookeeper.ZooKeeper  - Client environment:os.arch=x86_64
5260 [main] INFO  org.apache.zookeeper.ZooKeeper  - Client environment:os.version=10.12.4
5260 [main] INFO  org.apache.zookeeper.ZooKeeper  - Client environment:user.name=sanketkorgaonkar
5260 [main] INFO  org.apache.zookeeper.ZooKeeper  - Client environment:user.home=/Users/sanketkorgaonkar
5260 [main] INFO  org.apache.zookeeper.ZooKeeper  - Client environment:user.dir=/Users/sanketkorgaonkar/Documents/workspace/mars.rover.project/mars.rover
5261 [main] INFO  org.apache.zookeeper.ZooKeeper  - Initiating client connection, connectString=localhost:2181 sessionTimeout=6000 watcher=org.I0Itec.zkclient.ZkClient@51e5fc98
5282 [main] INFO  org.I0Itec.zkclient.ZkClient  - Waiting for keeper state SyncConnected
5286 [main-SendThread(localhost:2181)] INFO  org.apache.zookeeper.ClientCnxn  - Opening socket connection to server localhost/0:0:0:0:0:0:0:1:2181. Will not attempt to authenticate using SASL (unknown error)
5327 [main-SendThread(localhost:2181)] INFO  org.apache.zookeeper.ClientCnxn  - Socket connection established to localhost/0:0:0:0:0:0:0:1:2181, initiating session
5343 [main-SendThread(localhost:2181)] INFO  org.apache.zookeeper.ClientCnxn  - Session establishment complete on server localhost/0:0:0:0:0:0:0:1:2181, sessionid = 0x15c1929caf60107, negotiated timeout = 6000
5344 [main-EventThread] INFO  org.I0Itec.zkclient.ZkClient  - zookeeper state changed (SyncConnected)
5353 [main] INFO  kafka.consumer.ZookeeperConsumerConnector  - [space.exploration.mars.rover_Sankets-MacBook-Pro.local-1495828511634-caa74785], starting auto committer every 60000 ms
5374 [Thread-2] INFO  kafka.consumer.ZookeeperConsumerConnector  - [space.exploration.mars.rover_Sankets-MacBook-Pro.local-1495828511634-caa74785], begin registering consumer space.exploration.mars.rover_Sankets-MacBook-Pro.local-1495828511634-caa74785 in ZK
5402 [Thread-2] INFO  kafka.utils.ZKCheckedEphemeral  - Creating /consumers/space.exploration.mars.rover/ids/space.exploration.mars.rover_Sankets-MacBook-Pro.local-1495828511634-caa74785 (is it secure? false)
5415 [Thread-2] INFO  kafka.utils.ZKCheckedEphemeral  - Result of znode creation is: OK
5416 [Thread-2] INFO  kafka.consumer.ZookeeperConsumerConnector  - [space.exploration.mars.rover_Sankets-MacBook-Pro.local-1495828511634-caa74785], end registering consumer space.exploration.mars.rover_Sankets-MacBook-Pro.local-1495828511634-caa74785 in ZK
5420 [space.exploration.mars.rover_Sankets-MacBook-Pro.local-1495828511634-caa74785_watcher_executor] INFO  kafka.consumer.ZookeeperConsumerConnector  - [space.exploration.mars.rover_Sankets-MacBook-Pro.local-1495828511634-caa74785], starting watcher executor thread for consumer space.exploration.mars.rover_Sankets-MacBook-Pro.local-1495828511634-caa74785
5440 [Thread-2] INFO  kafka.consumer.ZookeeperConsumerConnector  - [space.exploration.mars.rover_Sankets-MacBook-Pro.local-1495828511634-caa74785], begin rebalancing consumer space.exploration.mars.rover_Sankets-MacBook-Pro.local-1495828511634-caa74785 try #0
5550 [Thread-2] INFO  kafka.consumer.ConsumerFetcherManager  - [ConsumerFetcherManager-1495828511757] Stopping leader finder thread
5550 [Thread-2] INFO  kafka.consumer.ConsumerFetcherManager  - [ConsumerFetcherManager-1495828511757] Stopping all fetchers
5551 [Thread-2] INFO  kafka.consumer.ConsumerFetcherManager  - [ConsumerFetcherManager-1495828511757] All connections stopped
5551 [Thread-2] INFO  kafka.consumer.ZookeeperConsumerConnector  - [space.exploration.mars.rover_Sankets-MacBook-Pro.local-1495828511634-caa74785], Cleared all relevant queues for this fetcher
5552 [Thread-2] INFO  kafka.consumer.ZookeeperConsumerConnector  - [space.exploration.mars.rover_Sankets-MacBook-Pro.local-1495828511634-caa74785], Cleared the data chunks in all the consumer message iterators
5552 [Thread-2] INFO  kafka.consumer.ZookeeperConsumerConnector  - [space.exploration.mars.rover_Sankets-MacBook-Pro.local-1495828511634-caa74785], Committing all offsets after clearing the fetcher queues
5554 [Thread-2] INFO  kafka.consumer.ZookeeperConsumerConnector  - [space.exploration.mars.rover_Sankets-MacBook-Pro.local-1495828511634-caa74785], Releasing partition ownership
5583 [Thread-2] INFO  kafka.consumer.RangeAssignor  - Consumer space.exploration.mars.rover_Sankets-MacBook-Pro.local-1495828511634-caa74785 rebalancing the following partitions: ArrayBuffer(0) for topic secure_com_from_earth_channel_3 with consumers: List(space.exploration.mars.rover_Sankets-MacBook-Pro.local-1495828511634-caa74785-0)
5585 [Thread-2] INFO  kafka.consumer.RangeAssignor  - space.exploration.mars.rover_Sankets-MacBook-Pro.local-1495828511634-caa74785-0 attempting to claim partition 0
5608 [Thread-2] INFO  kafka.consumer.ZookeeperConsumerConnector  - [space.exploration.mars.rover_Sankets-MacBook-Pro.local-1495828511634-caa74785], space.exploration.mars.rover_Sankets-MacBook-Pro.local-1495828511634-caa74785-0 successfully owned partition 0 for topic secure_com_from_earth_channel_3
5626 [Thread-2] INFO  kafka.consumer.ZookeeperConsumerConnector  - [space.exploration.mars.rover_Sankets-MacBook-Pro.local-1495828511634-caa74785], Consumer space.exploration.mars.rover_Sankets-MacBook-Pro.local-1495828511634-caa74785 selected partitions : secure_com_from_earth_channel_3:0: fetched offset = 246: consumed offset = 246
5627 [space.exploration.mars.rover_Sankets-MacBook-Pro.local-1495828511634-caa74785-leader-finder-thread] INFO  kafka.consumer.ConsumerFetcherManager$LeaderFinderThread  - [space.exploration.mars.rover_Sankets-MacBook-Pro.local-1495828511634-caa74785-leader-finder-thread], Starting 
5628 [Thread-2] INFO  kafka.consumer.ZookeeperConsumerConnector  - [space.exploration.mars.rover_Sankets-MacBook-Pro.local-1495828511634-caa74785], end rebalancing consumer space.exploration.mars.rover_Sankets-MacBook-Pro.local-1495828511634-caa74785 try #0
5637 [space.exploration.mars.rover_Sankets-MacBook-Pro.local-1495828511634-caa74785-leader-finder-thread] INFO  kafka.utils.VerifiableProperties  - Verifying properties
5638 [space.exploration.mars.rover_Sankets-MacBook-Pro.local-1495828511634-caa74785-leader-finder-thread] INFO  kafka.utils.VerifiableProperties  - Property client.id is overridden to space.exploration.mars.rover
5638 [space.exploration.mars.rover_Sankets-MacBook-Pro.local-1495828511634-caa74785-leader-finder-thread] INFO  kafka.utils.VerifiableProperties  - Property metadata.broker.list is overridden to 10.36.201.139:9092
5638 [space.exploration.mars.rover_Sankets-MacBook-Pro.local-1495828511634-caa74785-leader-finder-thread] INFO  kafka.utils.VerifiableProperties  - Property request.timeout.ms is overridden to 30000
5652 [space.exploration.mars.rover_Sankets-MacBook-Pro.local-1495828511634-caa74785-leader-finder-thread] INFO  kafka.client.ClientUtils$  - Fetching metadata from broker BrokerEndPoint(0,10.36.201.139,9092) with correlation id 0 for 1 topic(s) Set(secure_com_from_earth_channel_3)
5659 [space.exploration.mars.rover_Sankets-MacBook-Pro.local-1495828511634-caa74785-leader-finder-thread] INFO  kafka.producer.SyncProducer  - Connected to 10.36.201.139:9092 for producing
5672 [space.exploration.mars.rover_Sankets-MacBook-Pro.local-1495828511634-caa74785-leader-finder-thread] INFO  kafka.producer.SyncProducer  - Disconnecting from 10.36.201.139:9092
5686 [ConsumerFetcherThread-space.exploration.mars.rover_Sankets-MacBook-Pro.local-1495828511634-caa74785-0-0] INFO  kafka.consumer.ConsumerFetcherThread  - [ConsumerFetcherThread-space.exploration.mars.rover_Sankets-MacBook-Pro.local-1495828511634-caa74785-0-0], Starting 
5689 [space.exploration.mars.rover_Sankets-MacBook-Pro.local-1495828511634-caa74785-leader-finder-thread] INFO  kafka.consumer.ConsumerFetcherManager  - [ConsumerFetcherManager-1495828511757] Added fetcher for partitions ArrayBuffer([[secure_com_from_earth_channel_3,0], initOffset 246 to broker BrokerEndPoint(0,10.36.201.139,9092)] )
6359 [main] INFO  space.exploration.mars.rover.communication.Radio  - Radio configured:: 
metadata.broker.list::localhost:9092
source.topic::secure_com_from_earth_channel_3
auto.offset.reset::largest
group.id::space.exploration.mars.rover
destination.topic::secure_com_to_earth_channel_3
zookeeper.connect::localhost:2181
7363 [main] INFO  space.exploration.mars.rover.kernel.Rover  - Rover current position is = java.awt.Point[x=0,y=250]
8371 [main] INFO  space.exploration.mars.rover.sensor.Lidar  - Lidar initialized and ready!
9379 [main] INFO  space.exploration.mars.rover.sensor.Spectrometer  - Spectrometer initialized and ready!
10731 [main] INFO  space.exploration.mars.rover.sensor.Camera  - Camera initialized and ready!
33215 [main] INFO  kafka.client.ClientUtils$  - Fetching metadata from broker BrokerEndPoint(0,localhost,9092) with correlation id 0 for 1 topic(s) Set(secure_com_to_earth_channel_3)
33216 [main] INFO  kafka.producer.SyncProducer  - Connected to localhost:9092 for producing
33217 [main] INFO  kafka.producer.SyncProducer  - Disconnecting from localhost:9092
33231 [main] INFO  kafka.producer.SyncProducer  - Connected to 10.36.201.139:9092 for producing
57902 [pool-1-thread-1] INFO  space.exploration.mars.rover.diagnostics.Pacemaker  - SCET: 1495828564257
equipmentHealth {
  key: "Battery"
  value: 1000
}
equipmentHealth {
  key: "Radio"
  value: 999
}
equipmentHealth {
  key: "Lidar"
  value: 1000
}
equipmentHealth {
  key: "Camera"
  value: 1000
}
equipmentHealth {
  key: "Spectrometer"
  value: 1000
}
batteryLevel: 10000
moduleReporting: 3
notes: "This is rover Curiosity. Sending HeartBeat!"
location {
  y: 250
}

117841 [pool-1-thread-1] INFO  space.exploration.mars.rover.diagnostics.Pacemaker  - SCET: 1495828624245
equipmentHealth {
  key: "Battery"
  value: 1000
}
equipmentHealth {
  key: "Radio"
  value: 998
}
equipmentHealth {
  key: "Lidar"
  value: 1000
}
equipmentHealth {
  key: "Camera"
  value: 1000
}
equipmentHealth {
  key: "Spectrometer"
  value: 1000
}
batteryLevel: 10000
moduleReporting: 3
notes: "This is rover Curiosity. Sending HeartBeat!"
location {
  y: 250
}

177839 [pool-1-thread-2] INFO  space.exploration.mars.rover.diagnostics.Pacemaker  - SCET: 1495828684243
equipmentHealth {
  key: "Battery"
  value: 1000
}
equipmentHealth {
  key: "Radio"
  value: 997
}
equipmentHealth {
  key: "Lidar"
  value: 1000
}
equipmentHealth {
  key: "Camera"
  value: 1000
}
equipmentHealth {
  key: "Spectrometer"
  value: 1000
}
batteryLevel: 10000
moduleReporting: 3
notes: "This is rover Curiosity. Sending HeartBeat!"
location {
  y: 250
}

213884 [Thread-2] INFO  space.exploration.mars.rover.kernel.ListeningState  - timeStamp: 1495828700087
targets {
  roverModule: 1
  estimatedPowerUsage: 40
  action: "Move"
  auxiliaryData: "\n\003\020\336\002"
}

214030 [Thread-2] INFO  space.exploration.mars.rover.learning.ReinforcementLearner  -  rlEngine training triggered at SCET = 1495828720436 source = java.awt.Point[x=0,y=250] destination = java.awt.Point[x=0,y=350]
214283 [Thread-2] INFO  space.exploration.mars.rover.learning.ReinforcementLearner  -  rlEngine logging totalExplorationSteps = 309885
297836 [pool-1-thread-3] INFO  space.exploration.mars.rover.diagnostics.Pacemaker  - SCET: 1495828804236
equipmentHealth {
  key: "Battery"
  value: 1000
}
equipmentHealth {
  key: "Radio"
  value: 994
}
equipmentHealth {
  key: "Lidar"
  value: 1000
}
equipmentHealth {
  key: "Camera"
  value: 1000
}
equipmentHealth {
  key: "Spectrometer"
  value: 1000
}
batteryLevel: 9940
moduleReporting: 3
notes: "This is rover Curiosity. Sending HeartBeat!"
location {
  y: 350
}

338146 [Thread-2] INFO  space.exploration.mars.rover.kernel.ListeningState  - timeStamp: 1495828818288
targets {
  roverModule: 1
  estimatedPowerUsage: 40
  action: "Move"
  auxiliaryData: "\n\003\020\372\001"
}

338231 [Thread-2] INFO  space.exploration.mars.rover.learning.ReinforcementLearner  -  rlEngine training triggered at SCET = 1495828844637 source = java.awt.Point[x=0,y=350] destination = java.awt.Point[x=0,y=250]
338478 [Thread-2] INFO  space.exploration.mars.rover.learning.ReinforcementLearner  -  rlEngine logging totalExplorationSteps = 344077
