2018-06-13 23:14:00,674 [radio] INFO  space.exploration.mars.rover.kernel.PositionSensor - Houston - this is curiosityActual.ephemerisTime: 5.15337428185476E8
stateCuriosity: -3.3243024977E7
stateCuriosity: -7.3674622848E7
stateCuriosity: -3.2096302951E7
stateCuriosity: 0.779
stateCuriosity: 8.756
stateCuriosity: 2.868
owltMSLEarth: 290.09
stateEarth: 3.3245079417E7
stateEarth: 7.367917428E7
stateEarth: 3.2098285579E7
stateEarth: -0.782
stateEarth: -8.762
stateEarth: -2.871
owltEarthMSL: 290.108
positionEarthWRTCuriosity: 3.3245079417E7
positionEarthWRTCuriosity: 7.367917428E7
positionEarthWRTCuriosity: 3.2098285579E7
owltEarthMSL2: 290.108
angSepHGAEarth: 140.074
utcTime: "2016-05-01~01:16:00"
sol: 1327
sclkValue: " 1/01327:23:15:11:87052"

2018-06-13 23:14:00,710 [radio] INFO  space.exploration.mars.rover.kernel.PositionSensor - ephemerisTime: 5.15337428185476E8
stateCuriosity: -3.3243024977E7
stateCuriosity: -7.3674622848E7
stateCuriosity: -3.2096302951E7
stateCuriosity: 0.779
stateCuriosity: 8.756
stateCuriosity: 2.868
owltMSLEarth: 290.09
stateEarth: 3.3245079417E7
stateEarth: 7.367917428E7
stateEarth: 3.2098285579E7
stateEarth: -0.782
stateEarth: -8.762
stateEarth: -2.871
owltEarthMSL: 290.108
positionEarthWRTCuriosity: 3.3245079417E7
positionEarthWRTCuriosity: 7.367917428E7
positionEarthWRTCuriosity: 3.2098285579E7
owltEarthMSL2: 290.108
angSepHGAEarth: 140.074
utcTime: "2016-05-01~01:16:00"
sol: 1327
sclkValue: " 1/01327:23:15:11:87052"

2018-06-13 23:14:00,710 [radio] INFO  space.exploration.mars.rover.communication.Radio - One Way Light Time computed by SPICE :: 290.09
2018-06-13 23:14:01,142 [radio] INFO  space.exploration.mars.rover.kernel.Rover - Trying to reflect rover state.Listening State Software Version - 2.0
2018-06-13 23:14:01,142 [radio] INFO  space.exploration.mars.rover.kernel.ListeningState - timeStamp: 1528949547124
targets {
  roverModule: 6
  action: "Update Software"
  auxiliaryData: "\tffffff\376?\022`https://storage.googleapis.com/rover_artifacts/softwareUpdates/mars.rover-1.8-SOLSHOT-shaded.jar\032Phttps://storage.googleapis.com/rover_artifacts/softwareUpdates/softwareLaunch.sh\"!mars.rover-1.8-SOLSHOT-shaded.jar*\021softwareLaunch.sh"
}

2018-06-13 23:14:07,155 [radio] INFO  space.exploration.mars.rover.kernel.ListeningState - 1528949647155,6,Update Software Current instructionQueue length = 1
2018-06-13 23:14:07,157 [radio] WARN  space.exploration.mars.rover.kernel.Rover - Updating software. This is always a bit tricky!
2018-06-13 23:14:07,157 [radio] INFO  space.exploration.mars.rover.kernel.Rover - Trying to reflect rover state.Maintenance State Software Version - 2.0
2018-06-13 23:14:07,157 [radio] INFO  space.exploration.mars.rover.kernel.ListeningState - Rover commencing software update.
2018-06-13 23:14:07,157 [radio] ERROR space.exploration.mars.rover.kernel.ListeningState - Software already up to date.
2018-06-13 23:14:07,158 [roverGarbageCollector] INFO  space.exploration.mars.rover.diagnostics.RoverGarbageCollector - RoverGC trimming instructionQueue. Current length = 1
2018-06-13 23:14:07,158 [radio] INFO  space.exploration.mars.rover.communication.Receiver - Time Elapsed since last message = 6549
2018-06-13 23:14:07,158 [roverGarbageCollector] INFO  space.exploration.mars.rover.kernel.Rover - Trying to reflect rover state.Listening State Software Version - 2.0
2018-06-13 23:14:07,159 [roverGarbageCollector] INFO  space.exploration.mars.rover.kernel.ListeningState - timeStamp: 1528949613289
targets {
  roverModule: 6
  action: "Request Rover Logs"
  auxiliaryData: "\n\023yyyy-MM-dd~HH:mm:ss\022\0232018-06-13~23:13:33\032\0232018-06-14~00:00:00"
}

2018-06-13 23:14:07,214 [radio] INFO  space.exploration.mars.rover.kernel.PositionSensor - Houston - this is curiosityActual.ephemerisTime: 5.15338148185476E8
stateCuriosity: -3.3242462001E7
stateCuriosity: -7.3668315793E7
stateCuriosity: -3.2094238054E7
stateCuriosity: 0.784
stateCuriosity: 8.764
stateCuriosity: 2.868
owltMSLEarth: 290.069
stateEarth: 3.3244514368E7
stateEarth: 7.3672862388E7
stateEarth: 3.2096218632E7
stateEarth: -0.787
stateEarth: -8.771
stateEarth: -2.871
owltEarthMSL: 290.087
positionEarthWRTCuriosity: 3.3244514368E7
positionEarthWRTCuriosity: 7.3672862388E7
positionEarthWRTCuriosity: 3.2096218632E7
owltEarthMSL2: 290.087
angSepHGAEarth: 140.403
utcTime: "2016-05-01~01:28:00"
sol: 1327
sclkValue: " 1/01327:23:26:52:60641"

2018-06-13 23:14:07,249 [radio] INFO  space.exploration.mars.rover.kernel.PositionSensor - ephemerisTime: 5.15338148185476E8
stateCuriosity: -3.3242462001E7
stateCuriosity: -7.3668315793E7
stateCuriosity: -3.2094238054E7
stateCuriosity: 0.784
stateCuriosity: 8.764
stateCuriosity: 2.868
owltMSLEarth: 290.069
stateEarth: 3.3244514368E7
stateEarth: 7.3672862388E7
stateEarth: 3.2096218632E7
stateEarth: -0.787
stateEarth: -8.771
stateEarth: -2.871
owltEarthMSL: 290.087
positionEarthWRTCuriosity: 3.3244514368E7
positionEarthWRTCuriosity: 7.3672862388E7
positionEarthWRTCuriosity: 3.2096218632E7
owltEarthMSL2: 290.087
angSepHGAEarth: 140.403
utcTime: "2016-05-01~01:28:00"
sol: 1327
sclkValue: " 1/01327:23:26:52:60641"

2018-06-13 23:14:07,249 [radio] INFO  space.exploration.mars.rover.communication.Radio - One Way Light Time computed by SPICE :: 290.069
2018-06-13 23:14:13,171 [roverGarbageCollector] INFO  space.exploration.mars.rover.kernel.ListeningState - 1528949653171,6,Request Rover Logs Current instructionQueue length = 0
2018-06-13 23:14:13,171 [roverGarbageCollector] INFO  space.exploration.mars.rover.kernel.ListeningState - Requesting logs in date format = yyyy-MM-dd~HH:mm:ss
2018-06-13 23:14:13,171 [roverGarbageCollector] INFO  space.exploration.mars.rover.kernel.ListeningState - Start date = 2018-06-13~23:13:33 End date = 2018-06-14~00:00:00
2018-06-13 23:14:13,175 [roverGarbageCollector] INFO  space.exploration.mars.rover.kernel.Rover - Trying to reflect rover state.Transmitting State Software Version - 2.0
2018-06-13 23:14:19,254 [roverGarbageCollector] INFO  space.exploration.mars.rover.kernel.PositionSensor - Houston - this is curiosityActual.ephemerisTime: 5.15339588185475E8
stateCuriosity: -3.3241325949E7
stateCuriosity: -7.3655682573E7
stateCuriosity: -3.2090106465E7
stateCuriosity: 0.793
stateCuriosity: 8.782
stateCuriosity: 2.87
owltMSLEarth: 290.027
stateEarth: 3.3243374113E7
stateEarth: 7.366021937E7
stateEarth: 3.209208289E7
stateEarth: -0.796
stateEarth: -8.789
stateEarth: -2.873
owltEarthMSL: 290.045
positionEarthWRTCuriosity: 3.3243374113E7
positionEarthWRTCuriosity: 7.366021937E7
positionEarthWRTCuriosity: 3.209208289E7
owltEarthMSL2: 290.045
angSepHGAEarth: 140.581
utcTime: "2016-05-01~01:52:00"
sol: 1327
sclkValue: " 1/01327:23:50:14:07820"

2018-06-13 23:14:19,290 [roverGarbageCollector] INFO  space.exploration.mars.rover.kernel.PositionSensor - ephemerisTime: 5.15339588185475E8
stateCuriosity: -3.3241325949E7
stateCuriosity: -7.3655682573E7
stateCuriosity: -3.2090106465E7
stateCuriosity: 0.793
stateCuriosity: 8.782
stateCuriosity: 2.87
owltMSLEarth: 290.027
stateEarth: 3.3243374113E7
stateEarth: 7.366021937E7
stateEarth: 3.209208289E7
stateEarth: -0.796
stateEarth: -8.789
stateEarth: -2.873
owltEarthMSL: 290.045
positionEarthWRTCuriosity: 3.3243374113E7
positionEarthWRTCuriosity: 7.366021937E7
positionEarthWRTCuriosity: 3.209208289E7
owltEarthMSL2: 290.045
angSepHGAEarth: 140.581
utcTime: "2016-05-01~01:52:00"
sol: 1327
sclkValue: " 1/01327:23:50:14:07820"

2018-06-13 23:14:19,291 [roverGarbageCollector] INFO  space.exploration.mars.rover.communication.Radio - One Way Light Time computed by SPICE :: 290.027
2018-06-13 23:14:19,303 [roverGarbageCollector] INFO  space.exploration.mars.rover.communication.Radio - Message encryption successful.
2018-06-13 23:14:19,303 [roverGarbageCollector] INFO  space.exploration.mars.rover.communication.Transmitter - Sending information packet to curiosity_to_earth_5
2018-06-13 23:14:22,304 [roverGarbageCollector] INFO  space.exploration.mars.rover.kernel.Rover - Trying to reflect rover state.Listening State Software Version - 2.0
2018-06-13 23:14:22,304 [batteryMonitor] INFO  space.exploration.mars.rover.power.BatteryMonitor - BatteryMonitor performing due diligence. SCET = 1528949661964 Rover state = Listening State
2018-06-13 23:14:22,304 [radio] INFO  space.exploration.mars.rover.kernel.Rover - Trying to reflect rover state.Listening State Software Version - 2.0
2018-06-13 23:14:22,305 [radio] INFO  space.exploration.mars.rover.kernel.ListeningState - timeStamp: 1528949573642
targets {
  roverModule: 6
  action: "Graceful Shutdown."
}

2018-06-13 23:14:28,319 [radio] INFO  space.exploration.mars.rover.kernel.ListeningState - 1528949668319,6,Graceful Shutdown. Current instructionQueue length = 0
2018-06-13 23:14:28,320 [radio] INFO  space.exploration.mars.rover.kernel.Rover - Trying to reflect rover state.Maintenance State Software Version - 2.0
2018-06-13 23:14:28,320 [radio] INFO  space.exploration.mars.rover.kernel.ListeningState - Rover initiating a gracefulShutdown.
2018-06-13 23:14:28,320 [radio] INFO  space.exploration.mars.rover.kernel.ListeningState - Synchronizing Clocks.
2018-06-13 23:14:28,320 [radio] INFO  space.exploration.mars.rover.kernel.SclkTimingState - Synchronizing sclk and positionSensor to 2016-05-01~02:03:00
2018-06-13 23:14:28,320 [radio] INFO  space.exploration.mars.rover.kernel.SclkTimingState - Houston, expect a diagnostics pause. Shutting down paceMaker
2018-06-13 23:14:28,321 [radio] INFO  space.exploration.mars.rover.kernel.Rover - Trying to reflect rover state.SclkTiming State Software Version - 2.0
2018-06-13 23:14:28,321 [radio] INFO  space.exploration.mars.rover.diagnostics.Pacemaker - Pacemaker diagnostic module interrupted.
2018-06-13 23:14:28,321 [radio] INFO  space.exploration.mars.rover.kernel.SclkTimingState - Houston, be advised - garbageCollection is paused. Please wait before sending new signals.
2018-06-13 23:14:28,321 [radio] INFO  space.exploration.mars.rover.diagnostics.RoverGarbageCollector - RoverGC interrupted
2018-06-13 23:14:28,321 [radio] INFO  space.exploration.mars.rover.kernel.SpacecraftClock - UTCTime = 2016-05-01~02:03:00
2018-06-13 23:14:28,321 [radio] INFO  space.exploration.mars.rover.kernel.SpacecraftClock - Valid utc time ranges are dictated by clockService as follows:
2018-06-13 23:14:28,321 [radio] INFO  space.exploration.mars.rover.kernel.SpacecraftClock - APPLICABLE_START_TIME=2000-001T11:58:55.816, APPLICABLE_STOP_TIME=2017-360T19:17:40.149
2018-06-13 23:14:28,321 [radio] INFO  space.exploration.mars.rover.kernel.SpacecraftClock - Given UTC = 2016-05-01~02:03:00
2018-06-13 23:14:28,321 [radio] INFO  space.exploration.mars.rover.kernel.SpacecraftClock - Please ensure that positionSensor and sclk are synchronized
2018-06-13 23:14:28,322 [radio] INFO  space.exploration.mars.rover.kernel.PositionSensor - Synchronizing positionSensor clock to 2016-05-01~02:03:00
2018-06-13 23:14:28,322 [radio] INFO  space.exploration.mars.rover.kernel.SclkTimingState - Restarting diagnostics heartbeat
2018-06-13 23:14:28,323 [radio] INFO  space.exploration.mars.rover.diagnostics.Pacemaker - Pacemaker initialized
2018-06-13 23:14:28,323 [radio] INFO  space.exploration.mars.rover.kernel.SclkTimingState - Restarting garbageCollection
2018-06-13 23:14:28,323 [radio] INFO  space.exploration.mars.rover.diagnostics.RoverGarbageCollector - RoverGarbageCollector initialized
2018-06-13 23:14:28,323 [radio] INFO  space.exploration.mars.rover.diagnostics.RoverGarbageCollector - Starting garbageCollection
2018-06-13 23:14:28,324 [radio] INFO  space.exploration.mars.rover.kernel.Rover - Trying to reflect rover state.SclkTiming State Software Version - 2.0
2018-06-13 23:14:28,324 [radio] INFO  space.exploration.mars.rover.kernel.SpacecraftClock - Internal time::2016-05-01T02:04:00.000-05:00 sclk of::1/01328:00:00:56:41943
2018-06-13 23:14:28,324 [radio] INFO  space.exploration.mars.rover.kernel.Rover - Trying to reflect rover state.Transmitting State Software Version - 2.0
2018-06-13 23:14:34,379 [radio] INFO  space.exploration.mars.rover.kernel.PositionSensor - Houston - this is curiosityActual.ephemerisTime: 5.15341088185475E8
stateCuriosity: -3.3240130601E7
stateCuriosity: -7.3642494744E7
stateCuriosity: -3.2085798282E7
stateCuriosity: 0.8
stateCuriosity: 8.802
stateCuriosity: 2.874
owltMSLEarth: 289.983
stateEarth: 3.3242174329E7
stateEarth: 7.3647021214E7
stateEarth: 3.2087770331E7
stateEarth: -0.803
stateEarth: -8.809
stateEarth: -2.877
owltEarthMSL: 290.0
positionEarthWRTCuriosity: 3.3242174329E7
positionEarthWRTCuriosity: 7.3647021214E7
positionEarthWRTCuriosity: 3.2087770331E7
owltEarthMSL2: 290.0
angSepHGAEarth: 140.085
utcTime: "2016-05-01~02:17:00"
sol: 1328
sclkValue: " 1/01328:00:14:33:94464"

2018-06-13 23:14:34,414 [radio] INFO  space.exploration.mars.rover.kernel.PositionSensor - ephemerisTime: 5.15341088185475E8
stateCuriosity: -3.3240130601E7
stateCuriosity: -7.3642494744E7
stateCuriosity: -3.2085798282E7
stateCuriosity: 0.8
stateCuriosity: 8.802
stateCuriosity: 2.874
owltMSLEarth: 289.983
stateEarth: 3.3242174329E7
stateEarth: 7.3647021214E7
stateEarth: 3.2087770331E7
stateEarth: -0.803
stateEarth: -8.809
stateEarth: -2.877
owltEarthMSL: 290.0
positionEarthWRTCuriosity: 3.3242174329E7
positionEarthWRTCuriosity: 7.3647021214E7
positionEarthWRTCuriosity: 3.2087770331E7
owltEarthMSL2: 290.0
angSepHGAEarth: 140.085
utcTime: "2016-05-01~02:17:00"
sol: 1328
sclkValue: " 1/01328:00:14:33:94464"

2018-06-13 23:14:34,414 [radio] INFO  space.exploration.mars.rover.communication.Radio - One Way Light Time computed by SPICE :: 289.983
2018-06-13 23:14:34,423 [radio] INFO  space.exploration.mars.rover.communication.Radio - Message encryption successful.
2018-06-13 23:14:34,423 [radio] INFO  space.exploration.mars.rover.communication.Transmitter - Sending information packet to curiosity_to_earth_5
2018-06-13 23:14:37,424 [radio] INFO  space.exploration.mars.rover.kernel.Rover - Trying to reflect rover state.Listening State Software Version - 2.0
2018-06-13 23:14:37,424 [radio] INFO  space.exploration.mars.rover.kernel.ListeningState - Sending diagnostic heartbeat.
2018-06-13 23:14:37,478 [radio] INFO  space.exploration.mars.rover.kernel.PositionSensor - Houston - this is curiosityActual.ephemerisTime: 5.15341448185475E8
stateCuriosity: -3.323984224E7
stateCuriosity: -7.3639325252E7
stateCuriosity: -3.2084763389E7
stateCuriosity: 0.802
stateCuriosity: 8.807
stateCuriosity: 2.875
owltMSLEarth: 289.972
stateEarth: 3.3241884899E7
stateEarth: 7.3643849233E7
stateEarth: 3.2086734383E7
stateEarth: -0.805
stateEarth: -8.813
stateEarth: -2.878
owltEarthMSL: 289.99
positionEarthWRTCuriosity: 3.3241884899E7
positionEarthWRTCuriosity: 7.3643849233E7
positionEarthWRTCuriosity: 3.2086734383E7
owltEarthMSL2: 289.99
angSepHGAEarth: 139.865
utcTime: "2016-05-01~02:23:00"
sol: 1328
sclkValue: " 1/01328:00:20:24:31259"

2018-06-13 23:14:37,512 [radio] INFO  space.exploration.mars.rover.kernel.PositionSensor - ephemerisTime: 5.15341448185475E8
stateCuriosity: -3.323984224E7
stateCuriosity: -7.3639325252E7
stateCuriosity: -3.2084763389E7
stateCuriosity: 0.802
stateCuriosity: 8.807
stateCuriosity: 2.875
owltMSLEarth: 289.972
stateEarth: 3.3241884899E7
stateEarth: 7.3643849233E7
stateEarth: 3.2086734383E7
stateEarth: -0.805
stateEarth: -8.813
stateEarth: -2.878
owltEarthMSL: 289.99
positionEarthWRTCuriosity: 3.3241884899E7
positionEarthWRTCuriosity: 7.3643849233E7
positionEarthWRTCuriosity: 3.2086734383E7
owltEarthMSL2: 289.99
angSepHGAEarth: 139.865
utcTime: "2016-05-01~02:23:00"
sol: 1328
sclkValue: " 1/01328:00:20:24:31259"

2018-06-13 23:14:37,513 [radio] INFO  space.exploration.mars.rover.kernel.SpacecraftClock - Internal time::2016-05-01T02:23:00.000-05:00 sclk of::1/01328:00:20:24:31259
2018-06-13 23:14:37,513 [radio] INFO  space.exploration.mars.rover.kernel.Rover - Trying to reflect rover state.Transmitting State Software Version - 2.0
2018-06-13 23:14:43,555 [radio] INFO  space.exploration.mars.rover.kernel.PositionSensor - Houston - this is curiosityActual.ephemerisTime: 5.15342168185475E8
stateCuriosity: -3.3239264123E7
stateCuriosity: -7.3632981052E7
stateCuriosity: -3.2082692297E7
stateCuriosity: 0.804
stateCuriosity: 8.816
stateCuriosity: 2.878
owltMSLEarth: 289.951
stateEarth: 3.3241304639E7
stateEarth: 7.3637500048E7
stateEarth: 3.2084661179E7
stateEarth: -0.807
stateEarth: -8.823
stateEarth: -2.881
owltEarthMSL: 289.969
positionEarthWRTCuriosity: 3.3241304639E7
positionEarthWRTCuriosity: 7.3637500048E7
positionEarthWRTCuriosity: 3.2084661179E7
owltEarthMSL2: 289.969
angSepHGAEarth: 139.311
utcTime: "2016-05-01~02:35:00"
sol: 1328
sclkValue: " 1/01328:00:32:05:04849"

2018-06-13 23:14:43,592 [radio] INFO  space.exploration.mars.rover.kernel.PositionSensor - ephemerisTime: 5.15342168185475E8
stateCuriosity: -3.3239264123E7
stateCuriosity: -7.3632981052E7
stateCuriosity: -3.2082692297E7
stateCuriosity: 0.804
stateCuriosity: 8.816
stateCuriosity: 2.878
owltMSLEarth: 289.951
stateEarth: 3.3241304639E7
stateEarth: 7.3637500048E7
stateEarth: 3.2084661179E7
stateEarth: -0.807
stateEarth: -8.823
stateEarth: -2.881
owltEarthMSL: 289.969
positionEarthWRTCuriosity: 3.3241304639E7
positionEarthWRTCuriosity: 7.3637500048E7
positionEarthWRTCuriosity: 3.2084661179E7
owltEarthMSL2: 289.969
angSepHGAEarth: 139.311
utcTime: "2016-05-01~02:35:00"
sol: 1328
sclkValue: " 1/01328:00:32:05:04849"

2018-06-13 23:14:43,592 [radio] INFO  space.exploration.mars.rover.communication.Radio - One Way Light Time computed by SPICE :: 289.951
2018-06-13 23:14:43,600 [radio] INFO  space.exploration.mars.rover.communication.Radio - Message encryption successful.
2018-06-13 23:14:43,600 [radio] INFO  space.exploration.mars.rover.communication.Transmitter - Sending information packet to curiosity_to_earth_5
2018-06-13 23:14:46,600 [radio] INFO  space.exploration.mars.rover.kernel.Rover - Trying to reflect rover state.Listening State Software Version - 2.0
2018-06-13 23:14:46,601 [radio] INFO  space.exploration.mars.rover.kernel.ListeningState - Severing ties with the rover.
2018-06-13 23:14:46,601 [radio] INFO  space.exploration.mars.rover.kernel.Rover - Stopping all daemon processes.
2018-06-13 23:14:46,601 [radio] INFO  space.exploration.mars.rover.kernel.Rover -  1. Stopping Pacemaker.
2018-06-13 23:14:46,601 [radio] INFO  space.exploration.mars.rover.diagnostics.Pacemaker - Pacemaker diagnostic module shuttingDown.
2018-06-13 23:14:46,602 [radio] INFO  space.exploration.mars.rover.kernel.Rover -  2. Stopping GarbageCollector.
2018-06-13 23:14:46,602 [radio] INFO  space.exploration.mars.rover.diagnostics.RoverGarbageCollector - RoverGC shuttingDown.
2018-06-13 23:14:46,602 [radio] INFO  space.exploration.mars.rover.kernel.Rover -  3. Stopping BatteryMonitor. 
2018-06-13 23:14:46,602 [radio] INFO  space.exploration.mars.rover.kernel.Rover -  4. Stopping SleepMonitor. 
2018-06-13 23:14:46,602 [radio] INFO  space.exploration.mars.rover.diagnostics.SleepMonitor - SleepMonitor is shuttingDown.
2018-06-13 23:14:46,602 [radio] INFO  space.exploration.mars.rover.kernel.Rover -  5. Stopping PositionSensor.
2018-06-13 23:14:46,602 [radio] INFO  space.exploration.mars.rover.kernel.PositionSensor - PositionSensor is shutting down.
2018-06-13 23:14:46,602 [radio] INFO  space.exploration.mars.rover.kernel.Rover - 6. Saving properties file. 
2018-06-13 23:14:46,603 [radio] INFO  space.exploration.mars.rover.kernel.Rover - Writing properties file to :: src/main/resources/marsConfig.properties
2018-06-13 23:14:46,603 [radio] INFO  space.exploration.mars.rover.kernel.Rover -  7. Stopping SpacecraftClock. 
2018-06-13 23:14:46,603 [radio] INFO  space.exploration.mars.rover.kernel.SpacecraftClock - SpacecraftClock shuttingDown.
2018-06-13 23:14:46,603 [radio] INFO  space.exploration.mars.rover.kernel.Rover -  8. Shutting down graphics.
2018-06-13 23:14:46,606 [radio] INFO  space.exploration.mars.rover.kernel.Rover -  9. Stopping Radio Communications.
2018-06-13 23:14:46,606 [radio] INFO  space.exploration.mars.rover.communication.Radio - Radio stopped
2018-06-13 23:14:46,606 [radio] INFO  space.exploration.mars.rover.kernel.ListeningState - No pre-existing launcher process found. Shutting down system.
2018-06-13 23:14:46,606 [radio] INFO  space.exploration.mars.rover.kernel.Rover - Houston this is Curiosity saying goodbye! Hope I did OK!
