0    [main] INFO  space.exploration.mars.rover.kernel.Rover  - Rover current position is = java.awt.Point[x=350,y=250]
1005 [main] INFO  space.exploration.mars.rover.sensor.Lidar  - Lidar initialized and ready!
2006 [main] INFO  space.exploration.mars.rover.sensor.Spectrometer  - Spectrometer initialized and ready!
3323 [main] INFO  space.exploration.mars.rover.sensor.Camera  - Camera initialized and ready!
4328 [main] INFO  space.exploration.mars.rover.sensor.Radar  - Radar configured:: 
5332 [main] INFO  space.exploration.mars.rover.power.Battery  - Battery configured, batteryLife:primaryPowerUnits = 10000 auxiliaryPowerUnits = 1000 alertThreshold: 100 rechargeTime = 60000
6337 [main] INFO  space.exploration.mars.rover.kernel.Rover  - Battery Monitor configured!
6606 [main] INFO  kafka.utils.VerifiableProperties  - Verifying properties
6632 [main] WARN  kafka.utils.VerifiableProperties  - Property auto.offset.reset is not valid
6632 [main] WARN  kafka.utils.VerifiableProperties  - Property destination.topic is not valid
6632 [main] WARN  kafka.utils.VerifiableProperties  - Property group.id is not valid
6633 [main] INFO  kafka.utils.VerifiableProperties  - Property metadata.broker.list is overridden to localhost:9092
6633 [main] WARN  kafka.utils.VerifiableProperties  - Property source.topic is not valid
6633 [main] WARN  kafka.utils.VerifiableProperties  - Property zookeeper.connect is not valid
6668 [main] INFO  kafka.utils.VerifiableProperties  - Verifying properties
6668 [main] INFO  kafka.utils.VerifiableProperties  - Property auto.offset.reset is overridden to largest
6669 [main] WARN  kafka.utils.VerifiableProperties  - Property destination.topic is not valid
6669 [main] INFO  kafka.utils.VerifiableProperties  - Property group.id is overridden to space.exploration.mars.rover
6669 [main] WARN  kafka.utils.VerifiableProperties  - Property metadata.broker.list is not valid
6669 [main] WARN  kafka.utils.VerifiableProperties  - Property source.topic is not valid
6669 [main] INFO  kafka.utils.VerifiableProperties  - Property zookeeper.connect is overridden to localhost:2181
11697 [main] INFO  kafka.consumer.ZookeeperConsumerConnector  - [space.exploration.mars.rover_Sankets-MacBook-Pro.local-1501602054347-81b83ab5], Connecting to zookeeper instance at localhost:2181
11707 [ZkClient-EventThread-23-localhost:2181] INFO  org.I0Itec.zkclient.ZkEventThread  - Starting ZkClient event thread.
16717 [main] INFO  org.apache.zookeeper.ZooKeeper  - Client environment:zookeeper.version=3.4.6-1569965, built on 02/20/2014 09:09 GMT
16718 [main] INFO  org.apache.zookeeper.ZooKeeper  - Client environment:host.name=10.36.201.7
16718 [main] INFO  org.apache.zookeeper.ZooKeeper  - Client environment:java.version=1.8.0_121
16718 [main] INFO  org.apache.zookeeper.ZooKeeper  - Client environment:java.vendor=Oracle Corporation
16718 [main] INFO  org.apache.zookeeper.ZooKeeper  - Client environment:java.home=/Library/Java/JavaVirtualMachines/jdk1.8.0_121.jdk/Contents/Home/jre
16718 [main] INFO  org.apache.zookeeper.ZooKeeper  - Client environment:java.class.path=/Library/Java/JavaVirtualMachines/jdk1.8.0_121.jdk/Contents/Home/jre/lib/charsets.jar:/Library/Java/JavaVirtualMachines/jdk1.8.0_121.jdk/Contents/Home/jre/lib/deploy.jar:/Library/Java/JavaVirtualMachines/jdk1.8.0_121.jdk/Contents/Home/jre/lib/ext/cldrdata.jar:/Library/Java/JavaVirtualMachines/jdk1.8.0_121.jdk/Contents/Home/jre/lib/ext/dnsns.jar:/Library/Java/JavaVirtualMachines/jdk1.8.0_121.jdk/Contents/Home/jre/lib/ext/jaccess.jar:/Library/Java/JavaVirtualMachines/jdk1.8.0_121.jdk/Contents/Home/jre/lib/ext/jfxrt.jar:/Library/Java/JavaVirtualMachines/jdk1.8.0_121.jdk/Contents/Home/jre/lib/ext/localedata.jar:/Library/Java/JavaVirtualMachines/jdk1.8.0_121.jdk/Contents/Home/jre/lib/ext/nashorn.jar:/Library/Java/JavaVirtualMachines/jdk1.8.0_121.jdk/Contents/Home/jre/lib/ext/sunec.jar:/Library/Java/JavaVirtualMachines/jdk1.8.0_121.jdk/Contents/Home/jre/lib/ext/sunjce_provider.jar:/Library/Java/JavaVirtualMachines/jdk1.8.0_121.jdk/Contents/Home/jre/lib/ext/sunpkcs11.jar:/Library/Java/JavaVirtualMachines/jdk1.8.0_121.jdk/Contents/Home/jre/lib/ext/zipfs.jar:/Library/Java/JavaVirtualMachines/jdk1.8.0_121.jdk/Contents/Home/jre/lib/javaws.jar:/Library/Java/JavaVirtualMachines/jdk1.8.0_121.jdk/Contents/Home/jre/lib/jce.jar:/Library/Java/JavaVirtualMachines/jdk1.8.0_121.jdk/Contents/Home/jre/lib/jfr.jar:/Library/Java/JavaVirtualMachines/jdk1.8.0_121.jdk/Contents/Home/jre/lib/jfxswt.jar:/Library/Java/JavaVirtualMachines/jdk1.8.0_121.jdk/Contents/Home/jre/lib/jsse.jar:/Library/Java/JavaVirtualMachines/jdk1.8.0_121.jdk/Contents/Home/jre/lib/management-agent.jar:/Library/Java/JavaVirtualMachines/jdk1.8.0_121.jdk/Contents/Home/jre/lib/plugin.jar:/Library/Java/JavaVirtualMachines/jdk1.8.0_121.jdk/Contents/Home/jre/lib/resources.jar:/Library/Java/JavaVirtualMachines/jdk1.8.0_121.jdk/Contents/Home/jre/lib/rt.jar:/Library/Java/JavaVirtualMachines/jdk1.8.0_121.jdk/Contents/Home/lib/ant-javafx.jar:/Library/Java/JavaVirtualMachines/jdk1.8.0_121.jdk/Contents/Home/lib/dt.jar:/Library/Java/JavaVirtualMachines/jdk1.8.0_121.jdk/Contents/Home/lib/javafx-mx.jar:/Library/Java/JavaVirtualMachines/jdk1.8.0_121.jdk/Contents/Home/lib/jconsole.jar:/Library/Java/JavaVirtualMachines/jdk1.8.0_121.jdk/Contents/Home/lib/packager.jar:/Library/Java/JavaVirtualMachines/jdk1.8.0_121.jdk/Contents/Home/lib/sa-jdi.jar:/Library/Java/JavaVirtualMachines/jdk1.8.0_121.jdk/Contents/Home/lib/tools.jar:/Users/sanketkorgaonkar/Documents/workspace/space.exploration/mars.rover/target/classes:/Users/sanketkorgaonkar/.m2/repository/com/google/protobuf/protobuf-java/3.2.0/protobuf-java-3.2.0.jar:/Users/sanketkorgaonkar/.m2/repository/org/apache/kafka/kafka_2.10/0.9.0.1/kafka_2.10-0.9.0.1.jar:/Users/sanketkorgaonkar/.m2/repository/com/101tec/zkclient/0.7/zkclient-0.7.jar:/Users/sanketkorgaonkar/.m2/repository/org/slf4j/slf4j-api/1.6.1/slf4j-api-1.6.1.jar:/Users/sanketkorgaonkar/.m2/repository/log4j/log4j/1.2.15/log4j-1.2.15.jar:/Users/sanketkorgaonkar/.m2/repository/javax/mail/mail/1.4/mail-1.4.jar:/Users/sanketkorgaonkar/.m2/repository/javax/activation/activation/1.1/activation-1.1.jar:/Users/sanketkorgaonkar/.m2/repository/org/apache/kafka/kafka-clients/0.9.0.1/kafka-clients-0.9.0.1.jar:/Users/sanketkorgaonkar/.m2/repository/org/xerial/snappy/snappy-java/1.1.1.7/snappy-java-1.1.1.7.jar:/Users/sanketkorgaonkar/.m2/repository/net/jpountz/lz4/lz4/1.2.0/lz4-1.2.0.jar:/Users/sanketkorgaonkar/.m2/repository/com/yammer/metrics/metrics-core/2.2.0/metrics-core-2.2.0.jar:/Users/sanketkorgaonkar/.m2/repository/org/scala-lang/scala-library/2.10.5/scala-library-2.10.5.jar:/Users/sanketkorgaonkar/.m2/repository/net/sf/jopt-simple/jopt-simple/3.2/jopt-simple-3.2.jar:/Users/sanketkorgaonkar/.m2/repository/org/slf4j/slf4j-log4j12/1.7.6/slf4j-log4j12-1.7.6.jar:/Users/sanketkorgaonkar/.m2/repository/org/apache/zookeeper/zookeeper/3.4.6/zookeeper-3.4.6.jar:/Users/sanketkorgaonkar/.m2/repository/jline/jline/0.9.94/jline-0.9.94.jar:/Users/sanketkorgaonkar/.m2/repository/io/netty/netty/3.7.0.Final/netty-3.7.0.Final.jar:/Users/sanketkorgaonkar/.m2/repository/org/tensorflow/tensorflow/1.1.0/tensorflow-1.1.0.jar:/Users/sanketkorgaonkar/.m2/repository/org/tensorflow/libtensorflow/1.1.0/libtensorflow-1.1.0.jar:/Users/sanketkorgaonkar/.m2/repository/org/tensorflow/libtensorflow_jni/1.1.0/libtensorflow_jni-1.1.0.jar:/Applications/IntelliJ IDEA CE.app/Contents/lib/idea_rt.jar
16718 [main] INFO  org.apache.zookeeper.ZooKeeper  - Client environment:java.library.path=/Users/sanketkorgaonkar/Library/Java/Extensions:/Library/Java/Extensions:/Network/Library/Java/Extensions:/System/Library/Java/Extensions:/usr/lib/java:.
16718 [main] INFO  org.apache.zookeeper.ZooKeeper  - Client environment:java.io.tmpdir=/var/folders/5h/gwr26fh90zs2zgrhjqr0pm1r0000gn/T/
16718 [main] INFO  org.apache.zookeeper.ZooKeeper  - Client environment:java.compiler=<NA>
16718 [main] INFO  org.apache.zookeeper.ZooKeeper  - Client environment:os.name=Mac OS X
16718 [main] INFO  org.apache.zookeeper.ZooKeeper  - Client environment:os.arch=x86_64
16718 [main] INFO  org.apache.zookeeper.ZooKeeper  - Client environment:os.version=10.12.5
16718 [main] INFO  org.apache.zookeeper.ZooKeeper  - Client environment:user.name=sanketkorgaonkar
16718 [main] INFO  org.apache.zookeeper.ZooKeeper  - Client environment:user.home=/Users/sanketkorgaonkar
16718 [main] INFO  org.apache.zookeeper.ZooKeeper  - Client environment:user.dir=/Users/sanketkorgaonkar/Documents/workspace/space.exploration/mars.rover
16719 [main] INFO  org.apache.zookeeper.ZooKeeper  - Initiating client connection, connectString=localhost:2181 sessionTimeout=6000 watcher=org.I0Itec.zkclient.ZkClient@76908cc0
16743 [main] INFO  org.I0Itec.zkclient.ZkClient  - Waiting for keeper state SyncConnected
16746 [main-SendThread(localhost:2181)] INFO  org.apache.zookeeper.ClientCnxn  - Opening socket connection to server localhost/0:0:0:0:0:0:0:1:2181. Will not attempt to authenticate using SASL (unknown error)
16787 [main-SendThread(localhost:2181)] INFO  org.apache.zookeeper.ClientCnxn  - Socket connection established to localhost/0:0:0:0:0:0:0:1:2181, initiating session
16799 [main-SendThread(localhost:2181)] INFO  org.apache.zookeeper.ClientCnxn  - Session establishment complete on server localhost/0:0:0:0:0:0:0:1:2181, sessionid = 0x15d5bd1e65301fd, negotiated timeout = 6000
16800 [main-EventThread] INFO  org.I0Itec.zkclient.ZkClient  - zookeeper state changed (SyncConnected)
16809 [main] INFO  kafka.consumer.ZookeeperConsumerConnector  - [space.exploration.mars.rover_Sankets-MacBook-Pro.local-1501602054347-81b83ab5], starting auto committer every 60000 ms
16830 [Thread-2] INFO  kafka.consumer.ZookeeperConsumerConnector  - [space.exploration.mars.rover_Sankets-MacBook-Pro.local-1501602054347-81b83ab5], begin registering consumer space.exploration.mars.rover_Sankets-MacBook-Pro.local-1501602054347-81b83ab5 in ZK
16858 [Thread-2] INFO  kafka.utils.ZKCheckedEphemeral  - Creating /consumers/space.exploration.mars.rover/ids/space.exploration.mars.rover_Sankets-MacBook-Pro.local-1501602054347-81b83ab5 (is it secure? false)
16873 [Thread-2] INFO  kafka.utils.ZKCheckedEphemeral  - Result of znode creation is: OK
16873 [Thread-2] INFO  kafka.consumer.ZookeeperConsumerConnector  - [space.exploration.mars.rover_Sankets-MacBook-Pro.local-1501602054347-81b83ab5], end registering consumer space.exploration.mars.rover_Sankets-MacBook-Pro.local-1501602054347-81b83ab5 in ZK
16877 [space.exploration.mars.rover_Sankets-MacBook-Pro.local-1501602054347-81b83ab5_watcher_executor] INFO  kafka.consumer.ZookeeperConsumerConnector  - [space.exploration.mars.rover_Sankets-MacBook-Pro.local-1501602054347-81b83ab5], starting watcher executor thread for consumer space.exploration.mars.rover_Sankets-MacBook-Pro.local-1501602054347-81b83ab5
16893 [Thread-2] INFO  kafka.consumer.ZookeeperConsumerConnector  - [space.exploration.mars.rover_Sankets-MacBook-Pro.local-1501602054347-81b83ab5], begin rebalancing consumer space.exploration.mars.rover_Sankets-MacBook-Pro.local-1501602054347-81b83ab5 try #0
16977 [Thread-2] INFO  kafka.consumer.ConsumerFetcherManager  - [ConsumerFetcherManager-1501602059458] Stopping leader finder thread
16978 [Thread-2] INFO  kafka.consumer.ConsumerFetcherManager  - [ConsumerFetcherManager-1501602059458] Stopping all fetchers
16978 [Thread-2] INFO  kafka.consumer.ConsumerFetcherManager  - [ConsumerFetcherManager-1501602059458] All connections stopped
16979 [Thread-2] INFO  kafka.consumer.ZookeeperConsumerConnector  - [space.exploration.mars.rover_Sankets-MacBook-Pro.local-1501602054347-81b83ab5], Cleared all relevant queues for this fetcher
16981 [Thread-2] INFO  kafka.consumer.ZookeeperConsumerConnector  - [space.exploration.mars.rover_Sankets-MacBook-Pro.local-1501602054347-81b83ab5], Cleared the data chunks in all the consumer message iterators
16981 [Thread-2] INFO  kafka.consumer.ZookeeperConsumerConnector  - [space.exploration.mars.rover_Sankets-MacBook-Pro.local-1501602054347-81b83ab5], Committing all offsets after clearing the fetcher queues
16982 [Thread-2] INFO  kafka.consumer.ZookeeperConsumerConnector  - [space.exploration.mars.rover_Sankets-MacBook-Pro.local-1501602054347-81b83ab5], Releasing partition ownership
17002 [Thread-2] INFO  kafka.consumer.RangeAssignor  - Consumer space.exploration.mars.rover_Sankets-MacBook-Pro.local-1501602054347-81b83ab5 rebalancing the following partitions: ArrayBuffer(0) for topic secure_com_from_earth_channel_3 with consumers: List(space.exploration.mars.rover_Sankets-MacBook-Pro.local-1501602054347-81b83ab5-0)
17004 [Thread-2] INFO  kafka.consumer.RangeAssignor  - space.exploration.mars.rover_Sankets-MacBook-Pro.local-1501602054347-81b83ab5-0 attempting to claim partition 0
17028 [Thread-2] INFO  kafka.consumer.ZookeeperConsumerConnector  - [space.exploration.mars.rover_Sankets-MacBook-Pro.local-1501602054347-81b83ab5], space.exploration.mars.rover_Sankets-MacBook-Pro.local-1501602054347-81b83ab5-0 successfully owned partition 0 for topic secure_com_from_earth_channel_3
17044 [Thread-2] INFO  kafka.consumer.ZookeeperConsumerConnector  - [space.exploration.mars.rover_Sankets-MacBook-Pro.local-1501602054347-81b83ab5], Consumer space.exploration.mars.rover_Sankets-MacBook-Pro.local-1501602054347-81b83ab5 selected partitions : secure_com_from_earth_channel_3:0: fetched offset = 376: consumed offset = 376
17046 [space.exploration.mars.rover_Sankets-MacBook-Pro.local-1501602054347-81b83ab5-leader-finder-thread] INFO  kafka.consumer.ConsumerFetcherManager$LeaderFinderThread  - [space.exploration.mars.rover_Sankets-MacBook-Pro.local-1501602054347-81b83ab5-leader-finder-thread], Starting 
17046 [Thread-2] INFO  kafka.consumer.ZookeeperConsumerConnector  - [space.exploration.mars.rover_Sankets-MacBook-Pro.local-1501602054347-81b83ab5], end rebalancing consumer space.exploration.mars.rover_Sankets-MacBook-Pro.local-1501602054347-81b83ab5 try #0
17054 [space.exploration.mars.rover_Sankets-MacBook-Pro.local-1501602054347-81b83ab5-leader-finder-thread] INFO  kafka.utils.VerifiableProperties  - Verifying properties
17054 [space.exploration.mars.rover_Sankets-MacBook-Pro.local-1501602054347-81b83ab5-leader-finder-thread] INFO  kafka.utils.VerifiableProperties  - Property client.id is overridden to space.exploration.mars.rover
17054 [space.exploration.mars.rover_Sankets-MacBook-Pro.local-1501602054347-81b83ab5-leader-finder-thread] INFO  kafka.utils.VerifiableProperties  - Property metadata.broker.list is overridden to 10.36.201.7:9092
17054 [space.exploration.mars.rover_Sankets-MacBook-Pro.local-1501602054347-81b83ab5-leader-finder-thread] INFO  kafka.utils.VerifiableProperties  - Property request.timeout.ms is overridden to 30000
17067 [space.exploration.mars.rover_Sankets-MacBook-Pro.local-1501602054347-81b83ab5-leader-finder-thread] INFO  kafka.client.ClientUtils$  - Fetching metadata from broker BrokerEndPoint(0,10.36.201.7,9092) with correlation id 0 for 1 topic(s) Set(secure_com_from_earth_channel_3)
17075 [space.exploration.mars.rover_Sankets-MacBook-Pro.local-1501602054347-81b83ab5-leader-finder-thread] INFO  kafka.producer.SyncProducer  - Connected to 10.36.201.7:9092 for producing
17098 [space.exploration.mars.rover_Sankets-MacBook-Pro.local-1501602054347-81b83ab5-leader-finder-thread] INFO  kafka.producer.SyncProducer  - Disconnecting from 10.36.201.7:9092
17139 [ConsumerFetcherThread-space.exploration.mars.rover_Sankets-MacBook-Pro.local-1501602054347-81b83ab5-0-0] INFO  kafka.consumer.ConsumerFetcherThread  - [ConsumerFetcherThread-space.exploration.mars.rover_Sankets-MacBook-Pro.local-1501602054347-81b83ab5-0-0], Starting 
17142 [space.exploration.mars.rover_Sankets-MacBook-Pro.local-1501602054347-81b83ab5-leader-finder-thread] INFO  kafka.consumer.ConsumerFetcherManager  - [ConsumerFetcherManager-1501602059458] Added fetcher for partitions ArrayBuffer([[secure_com_from_earth_channel_3,0], initOffset 376 to broker BrokerEndPoint(0,10.36.201.7,9092)] )
17813 [main] INFO  space.exploration.mars.rover.communication.Radio  - Radio configured:: 
metadata.broker.list::localhost:9092
source.topic::secure_com_from_earth_channel_3
auto.offset.reset::largest
group.id::space.exploration.mars.rover
destination.topic::secure_com_to_earth_channel_3
zookeeper.connect::localhost:2181
18817 [main] INFO  space.exploration.mars.rover.sensor.Radar  - Radar configured:: 
32041 [main] INFO  kafka.client.ClientUtils$  - Fetching metadata from broker BrokerEndPoint(0,localhost,9092) with correlation id 0 for 1 topic(s) Set(secure_com_to_earth_channel_3)
32042 [main] INFO  kafka.producer.SyncProducer  - Connected to localhost:9092 for producing
32043 [main] INFO  kafka.producer.SyncProducer  - Disconnecting from localhost:9092
32056 [main] INFO  kafka.producer.SyncProducer  - Connected to 10.36.201.7:9092 for producing
35336 [pool-2-thread-1] INFO  space.exploration.mars.rover.power.Battery  - BatteryMonitor performing due diligence. SCET = 1501602077987
58042 [pool-1-thread-1] INFO  space.exploration.mars.rover.diagnostics.Pacemaker  - SCET: 1501602100647
equipmentHealth {
  key: "Battery"
  value: 1000
}
equipmentHealth {
  key: "Radio"
  value: 9999
}
equipmentHealth {
  key: "Lidar"
  value: 1000
}
equipmentHealth {
  key: "Camera"
  value: 1000
}
equipmentHealth {
  key: "Spectrometer"
  value: 1000
}
equipmentHealth {
  key: "Radar"
  value: 1000
}
batteryLevel: 9999
moduleReporting: 3
notes: "This is rover Curiosity. Sending HeartBeat!"
location {
  x: 350
  y: 250
}

65332 [pool-2-thread-1] INFO  space.exploration.mars.rover.power.Battery  - BatteryMonitor performing due diligence. SCET = 1501602107983
95333 [pool-2-thread-2] INFO  space.exploration.mars.rover.power.Battery  - BatteryMonitor performing due diligence. SCET = 1501602137984
118002 [pool-1-thread-1] INFO  space.exploration.mars.rover.kernel.ListeningState  - timeStamp: 1501602081112
targets {
  roverModule: 9
  estimatedPowerUsage: 20
  action: "PerformRadarScan"
}

118003 [pool-1-thread-1] INFO  space.exploration.mars.rover.kernel.RadarScanningState  - Performing Radar Scan, current position = java.awt.Point[x=350,y=250]
125333 [pool-2-thread-1] INFO  space.exploration.mars.rover.power.Battery  - BatteryMonitor performing due diligence. SCET = 1501602167984
132140 [Thread-4] INFO  space.exploration.mars.rover.environment.RadarContactBlip  - java.awt.Point[x=200,y=300]
132363 [Thread-5] INFO  space.exploration.mars.rover.environment.RadarContactBlip  - java.awt.Point[x=225,y=300]
140640 [Thread-6] INFO  space.exploration.mars.rover.environment.RadarContactBlip  - java.awt.Point[x=500,y=200]
155332 [pool-2-thread-1] INFO  space.exploration.mars.rover.power.Battery  - BatteryMonitor performing due diligence. SCET = 1501602197983
157865 [Thread-7] INFO  space.exploration.mars.rover.environment.RadarContactBlip  - java.awt.Point[x=200,y=300]
158076 [Thread-8] INFO  space.exploration.mars.rover.environment.RadarContactBlip  - java.awt.Point[x=225,y=300]
