2018-01-07 23:50:34,174 [roverMain] INFO space.exploration.mars.rover.kernel.SpacecraftClock  - Valid utc time ranges are dictated by clockService as follows:
2018-01-07 23:50:34,175 [roverMain] INFO space.exploration.mars.rover.kernel.SpacecraftClock  - APPLICABLE_START_TIME=2000-001T11:58:55.816, APPLICABLE_STOP_TIME=2017-360T19:17:40.149
2018-01-07 23:50:34,175 [roverMain] INFO space.exploration.mars.rover.kernel.SpacecraftClock  - Given UTC = 2016-12-16~10:11:00
2018-01-07 23:50:34,175 [roverMain] INFO space.exploration.mars.rover.kernel.SpacecraftClock  - Please ensure that positionSensor and sclk are synchronized
2018-01-07 23:50:34,186 [roverMain] INFO space.exploration.mars.rover.kernel.SpacecraftClock  - Curiosity internal spacecraft clock started at :: 2016-12-16T16:11:00.000Z
2018-01-07 23:50:34,186 [roverMain] INFO space.exploration.mars.rover.kernel.SpacecraftClock  - Mission duration is set to :: 1 year(s).
2018-01-07 23:50:34,186 [roverMain] INFO space.exploration.mars.rover.kernel.SpacecraftClock  - Mission duration = 31536000000
2018-01-07 23:50:38,326 [roverMain] INFO space.exploration.mars.rover.diagnostics.RoverGarbageCollector  - Starting garbageCollection
2018-01-07 23:50:40,327 [roverMain] INFO space.exploration.mars.rover.kernel.Rover  - Rover current position is = java.awt.Point[x=525,y=100]
2018-01-07 23:50:41,329 [roverMain] INFO space.exploration.mars.rover.sensor.Lidar  - Lidar initialized and ready!
2018-01-07 23:50:42,331 [roverMain] INFO space.exploration.mars.rover.sensor.ApxsSpectrometer  - Spectrometer initialized and ready!
2018-01-07 23:50:43,540 [roverMain] INFO space.exploration.mars.rover.sensor.Camera  - Camera initialized and ready!
2018-01-07 23:50:44,544 [roverMain] INFO space.exploration.mars.rover.sensor.Radar  - Radar configured:: 
2018-01-07 23:50:47,167 [roverMain] INFO space.exploration.mars.rover.power.Battery  - Battery configured, batteryLife:primaryPowerUnits = 1200 auxiliaryPowerUnits = 100 alertThreshold: 100 rechargeTime = 60000
2018-01-07 23:50:48,171 [roverMain] INFO space.exploration.mars.rover.kernel.Rover  - Battery Monitor configured!
2018-01-07 23:50:48,205 [roverMain] INFO org.apache.kafka.clients.producer.ProducerConfig  - ProducerConfig values: 
	metric.reporters = []
	metadata.max.age.ms = 300000
	reconnect.backoff.ms = 50
	sasl.kerberos.ticket.renew.window.factor = 0.8
	bootstrap.servers = [localhost:9092]
	ssl.keystore.type = JKS
	sasl.mechanism = GSSAPI
	max.block.ms = 60000
	interceptor.classes = null
	ssl.truststore.password = null
	client.id = 
	ssl.endpoint.identification.algorithm = null
	request.timeout.ms = 30000
	acks = 1
	receive.buffer.bytes = 32768
	ssl.truststore.type = JKS
	retries = 0
	ssl.truststore.location = null
	ssl.keystore.password = null
	send.buffer.bytes = 131072
	compression.type = none
	metadata.fetch.timeout.ms = 60000
	retry.backoff.ms = 100
	sasl.kerberos.kinit.cmd = /usr/bin/kinit
	buffer.memory = 33554432
	timeout.ms = 30000
	key.serializer = class org.apache.kafka.common.serialization.StringSerializer
	sasl.kerberos.service.name = null
	sasl.kerberos.ticket.renew.jitter = 0.05
	ssl.trustmanager.algorithm = PKIX
	block.on.buffer.full = false
	ssl.key.password = null
	sasl.kerberos.min.time.before.relogin = 60000
	connections.max.idle.ms = 540000
	max.in.flight.requests.per.connection = 5
	metrics.num.samples = 2
	ssl.protocol = TLS
	ssl.provider = null
	ssl.enabled.protocols = [TLSv1.2, TLSv1.1, TLSv1]
	batch.size = 16384
	ssl.keystore.location = null
	ssl.cipher.suites = null
	security.protocol = PLAINTEXT
	max.request.size = 1048576
	value.serializer = class org.apache.kafka.common.serialization.ByteArraySerializer
	ssl.keymanager.algorithm = SunX509
	metrics.sample.window.ms = 30000
	partitioner.class = class org.apache.kafka.clients.producer.internals.DefaultPartitioner
	linger.ms = 0

2018-01-07 23:50:48,274 [roverMain] INFO org.apache.kafka.clients.producer.ProducerConfig  - ProducerConfig values: 
	metric.reporters = []
	metadata.max.age.ms = 300000
	reconnect.backoff.ms = 50
	sasl.kerberos.ticket.renew.window.factor = 0.8
	bootstrap.servers = [localhost:9092]
	ssl.keystore.type = JKS
	sasl.mechanism = GSSAPI
	max.block.ms = 60000
	interceptor.classes = null
	ssl.truststore.password = null
	client.id = producer-1
	ssl.endpoint.identification.algorithm = null
	request.timeout.ms = 30000
	acks = 1
	receive.buffer.bytes = 32768
	ssl.truststore.type = JKS
	retries = 0
	ssl.truststore.location = null
	ssl.keystore.password = null
	send.buffer.bytes = 131072
	compression.type = none
	metadata.fetch.timeout.ms = 60000
	retry.backoff.ms = 100
	sasl.kerberos.kinit.cmd = /usr/bin/kinit
	buffer.memory = 33554432
	timeout.ms = 30000
	key.serializer = class org.apache.kafka.common.serialization.StringSerializer
	sasl.kerberos.service.name = null
	sasl.kerberos.ticket.renew.jitter = 0.05
	ssl.trustmanager.algorithm = PKIX
	block.on.buffer.full = false
	ssl.key.password = null
	sasl.kerberos.min.time.before.relogin = 60000
	connections.max.idle.ms = 540000
	max.in.flight.requests.per.connection = 5
	metrics.num.samples = 2
	ssl.protocol = TLS
	ssl.provider = null
	ssl.enabled.protocols = [TLSv1.2, TLSv1.1, TLSv1]
	batch.size = 16384
	ssl.keystore.location = null
	ssl.cipher.suites = null
	security.protocol = PLAINTEXT
	max.request.size = 1048576
	value.serializer = class org.apache.kafka.common.serialization.ByteArraySerializer
	ssl.keymanager.algorithm = SunX509
	metrics.sample.window.ms = 30000
	partitioner.class = class org.apache.kafka.clients.producer.internals.DefaultPartitioner
	linger.ms = 0

2018-01-07 23:50:48,274 [roverMain] WARN org.apache.kafka.clients.producer.ProducerConfig  - The configuration zookeeper.connect = localhost:2181 was supplied but isn't a known config.
2018-01-07 23:50:48,274 [roverMain] WARN org.apache.kafka.clients.producer.ProducerConfig  - The configuration group.id = space.exploration.mars.rover.curiosity.1515390633104 was supplied but isn't a known config.
2018-01-07 23:50:48,274 [roverMain] WARN org.apache.kafka.clients.producer.ProducerConfig  - The configuration source.topic = earth_to_curiosity_5 was supplied but isn't a known config.
2018-01-07 23:50:48,274 [roverMain] WARN org.apache.kafka.clients.producer.ProducerConfig  - The configuration auto.offset.reset = largest was supplied but isn't a known config.
2018-01-07 23:50:48,274 [roverMain] WARN org.apache.kafka.clients.producer.ProducerConfig  - The configuration metadata.broker.list = localhost:9092 was supplied but isn't a known config.
2018-01-07 23:50:48,274 [roverMain] WARN org.apache.kafka.clients.producer.ProducerConfig  - The configuration destination.topic = curiosity_to_earth_5 was supplied but isn't a known config.
2018-01-07 23:50:48,275 [roverMain] INFO org.apache.kafka.common.utils.AppInfoParser  - Kafka version : 0.10.0.1
2018-01-07 23:50:48,275 [roverMain] INFO org.apache.kafka.common.utils.AppInfoParser  - Kafka commitId : a7a17cdec9eaa6c5
2018-01-07 23:50:48,366 [roverMain] INFO kafka.utils.VerifiableProperties  - Verifying properties
2018-01-07 23:50:48,386 [roverMain] INFO kafka.utils.VerifiableProperties  - Property auto.offset.reset is overridden to largest
2018-01-07 23:50:48,386 [roverMain] WARN kafka.utils.VerifiableProperties  - Property bootstrap.servers is not valid
2018-01-07 23:50:48,386 [roverMain] WARN kafka.utils.VerifiableProperties  - Property destination.topic is not valid
2018-01-07 23:50:48,386 [roverMain] INFO kafka.utils.VerifiableProperties  - Property group.id is overridden to space.exploration.mars.rover.curiosity.1515390633104
2018-01-07 23:50:48,386 [roverMain] WARN kafka.utils.VerifiableProperties  - Property key.serializer is not valid
2018-01-07 23:50:48,386 [roverMain] WARN kafka.utils.VerifiableProperties  - Property metadata.broker.list is not valid
2018-01-07 23:50:48,386 [roverMain] WARN kafka.utils.VerifiableProperties  - Property source.topic is not valid
2018-01-07 23:50:48,386 [roverMain] WARN kafka.utils.VerifiableProperties  - Property value.serializer is not valid
2018-01-07 23:50:48,387 [roverMain] INFO kafka.utils.VerifiableProperties  - Property zookeeper.connect is overridden to localhost:2181
2018-01-07 23:50:48,416 [roverMain] INFO kafka.consumer.ZookeeperConsumerConnector  - [space.exploration.mars.rover.curiosity.1515390633104_zion-mainframe-1515390648415-dd9672ab], Connecting to zookeeper instance at localhost:2181
2018-01-07 23:50:48,421 [ZkClient-EventThread-30-localhost:2181] INFO org.I0Itec.zkclient.ZkEventThread  - Starting ZkClient event thread.
2018-01-07 23:50:48,424 [roverMain] INFO org.apache.zookeeper.ZooKeeper  - Client environment:zookeeper.version=3.4.6-1569965, built on 02/20/2014 09:09 GMT
2018-01-07 23:50:48,424 [roverMain] INFO org.apache.zookeeper.ZooKeeper  - Client environment:host.name=zion-mainframe
2018-01-07 23:50:48,424 [roverMain] INFO org.apache.zookeeper.ZooKeeper  - Client environment:java.version=1.8.0_151
2018-01-07 23:50:48,424 [roverMain] INFO org.apache.zookeeper.ZooKeeper  - Client environment:java.vendor=Oracle Corporation
2018-01-07 23:50:48,424 [roverMain] INFO org.apache.zookeeper.ZooKeeper  - Client environment:java.home=/usr/lib/jvm/java-8-openjdk-amd64/jre
2018-01-07 23:50:48,424 [roverMain] INFO org.apache.zookeeper.ZooKeeper  - Client environment:java.class.path=target/mars.rover-1.5-SOLSHOT-shaded.jar
2018-01-07 23:50:48,424 [roverMain] INFO org.apache.zookeeper.ZooKeeper  - Client environment:java.library.path=$LD_LIBRARY_PATH:"/home/sanket/Documents/workspace/SpiceUtilities/src/main/resources/JNISpice/lib/libJNISpice.so":/home/sanket/Documents/workspace/SpiceUtilities/src/main/resources/JNISpice/lib/libJNISpice.so:/usr/java/packages/lib/amd64:/usr/lib/x86_64-linux-gnu/jni:/lib/x86_64-linux-gnu:/usr/lib/x86_64-linux-gnu:/usr/lib/jni:/lib:/usr/lib
2018-01-07 23:50:48,424 [roverMain] INFO org.apache.zookeeper.ZooKeeper  - Client environment:java.io.tmpdir=/tmp
2018-01-07 23:50:48,424 [roverMain] INFO org.apache.zookeeper.ZooKeeper  - Client environment:java.compiler=<NA>
2018-01-07 23:50:48,424 [roverMain] INFO org.apache.zookeeper.ZooKeeper  - Client environment:os.name=Linux
2018-01-07 23:50:48,424 [roverMain] INFO org.apache.zookeeper.ZooKeeper  - Client environment:os.arch=amd64
2018-01-07 23:50:48,424 [roverMain] INFO org.apache.zookeeper.ZooKeeper  - Client environment:os.version=4.10.0-42-generic
2018-01-07 23:50:48,424 [roverMain] INFO org.apache.zookeeper.ZooKeeper  - Client environment:user.name=sanket
2018-01-07 23:50:48,424 [roverMain] INFO org.apache.zookeeper.ZooKeeper  - Client environment:user.home=/home/sanket
2018-01-07 23:50:48,424 [roverMain] INFO org.apache.zookeeper.ZooKeeper  - Client environment:user.dir=/home/sanket/Documents/workspace/MarsRover/mars.rover
2018-01-07 23:50:48,424 [roverMain] INFO org.apache.zookeeper.ZooKeeper  - Initiating client connection, connectString=localhost:2181 sessionTimeout=6000 watcher=org.I0Itec.zkclient.ZkClient@710f4dc7
2018-01-07 23:50:48,433 [roverMain] INFO org.I0Itec.zkclient.ZkClient  - Waiting for keeper state SyncConnected
2018-01-07 23:50:48,436 [roverMain-SendThread(localhost:2181)] INFO org.apache.zookeeper.ClientCnxn  - Opening socket connection to server localhost/127.0.0.1:2181. Will not attempt to authenticate using SASL (unknown error)
2018-01-07 23:50:48,502 [roverMain-SendThread(localhost:2181)] INFO org.apache.zookeeper.ClientCnxn  - Socket connection established to localhost/127.0.0.1:2181, initiating session
2018-01-07 23:50:48,507 [roverMain-SendThread(localhost:2181)] INFO org.apache.zookeeper.ClientCnxn  - Session establishment complete on server localhost/127.0.0.1:2181, sessionid = 0x160d4443dc70004, negotiated timeout = 6000
2018-01-07 23:50:48,508 [roverMain-EventThread] INFO org.I0Itec.zkclient.ZkClient  - zookeeper state changed (SyncConnected)
2018-01-07 23:50:48,515 [roverMain] INFO kafka.consumer.ZookeeperConsumerConnector  - [space.exploration.mars.rover.curiosity.1515390633104_zion-mainframe-1515390648415-dd9672ab], starting auto committer every 60000 ms
2018-01-07 23:50:48,536 [radio] INFO kafka.consumer.ZookeeperConsumerConnector  - [space.exploration.mars.rover.curiosity.1515390633104_zion-mainframe-1515390648415-dd9672ab], begin registering consumer space.exploration.mars.rover.curiosity.1515390633104_zion-mainframe-1515390648415-dd9672ab in ZK
2018-01-07 23:50:48,558 [radio] INFO kafka.utils.ZKCheckedEphemeral  - Creating /consumers/space.exploration.mars.rover.curiosity.1515390633104/ids/space.exploration.mars.rover.curiosity.1515390633104_zion-mainframe-1515390648415-dd9672ab (is it secure? false)
2018-01-07 23:50:48,567 [radio] INFO kafka.utils.ZKCheckedEphemeral  - Result of znode creation is: OK
2018-01-07 23:50:48,568 [radio] INFO kafka.consumer.ZookeeperConsumerConnector  - [space.exploration.mars.rover.curiosity.1515390633104_zion-mainframe-1515390648415-dd9672ab], end registering consumer space.exploration.mars.rover.curiosity.1515390633104_zion-mainframe-1515390648415-dd9672ab in ZK
2018-01-07 23:50:48,572 [space.exploration.mars.rover.curiosity.1515390633104_zion-mainframe-1515390648415-dd9672ab_watcher_executor] INFO kafka.consumer.ZookeeperConsumerConnector  - [space.exploration.mars.rover.curiosity.1515390633104_zion-mainframe-1515390648415-dd9672ab], starting watcher executor thread for consumer space.exploration.mars.rover.curiosity.1515390633104_zion-mainframe-1515390648415-dd9672ab
2018-01-07 23:50:48,588 [radio] INFO kafka.consumer.ZookeeperConsumerConnector  - [space.exploration.mars.rover.curiosity.1515390633104_zion-mainframe-1515390648415-dd9672ab], begin rebalancing consumer space.exploration.mars.rover.curiosity.1515390633104_zion-mainframe-1515390648415-dd9672ab try #0
2018-01-07 23:50:48,661 [radio] INFO kafka.consumer.ConsumerFetcherManager  - [ConsumerFetcherManager-1515390648513] Stopping leader finder thread
2018-01-07 23:50:48,662 [radio] INFO kafka.consumer.ConsumerFetcherManager  - [ConsumerFetcherManager-1515390648513] Stopping all fetchers
2018-01-07 23:50:48,662 [radio] INFO kafka.consumer.ConsumerFetcherManager  - [ConsumerFetcherManager-1515390648513] All connections stopped
2018-01-07 23:50:48,663 [radio] INFO kafka.consumer.ZookeeperConsumerConnector  - [space.exploration.mars.rover.curiosity.1515390633104_zion-mainframe-1515390648415-dd9672ab], Cleared all relevant queues for this fetcher
2018-01-07 23:50:48,663 [radio] INFO kafka.consumer.ZookeeperConsumerConnector  - [space.exploration.mars.rover.curiosity.1515390633104_zion-mainframe-1515390648415-dd9672ab], Cleared the data chunks in all the consumer message iterators
2018-01-07 23:50:48,664 [radio] INFO kafka.consumer.ZookeeperConsumerConnector  - [space.exploration.mars.rover.curiosity.1515390633104_zion-mainframe-1515390648415-dd9672ab], Committing all offsets after clearing the fetcher queues
2018-01-07 23:50:48,664 [radio] INFO kafka.consumer.ZookeeperConsumerConnector  - [space.exploration.mars.rover.curiosity.1515390633104_zion-mainframe-1515390648415-dd9672ab], Releasing partition ownership
2018-01-07 23:50:48,687 [radio] INFO kafka.consumer.RangeAssignor  - Consumer space.exploration.mars.rover.curiosity.1515390633104_zion-mainframe-1515390648415-dd9672ab rebalancing the following partitions: ArrayBuffer(0) for topic earth_to_curiosity_5 with consumers: List(space.exploration.mars.rover.curiosity.1515390633104_zion-mainframe-1515390648415-dd9672ab-0)
2018-01-07 23:50:48,688 [radio] INFO kafka.consumer.RangeAssignor  - space.exploration.mars.rover.curiosity.1515390633104_zion-mainframe-1515390648415-dd9672ab-0 attempting to claim partition 0
2018-01-07 23:50:48,722 [radio] INFO kafka.consumer.ZookeeperConsumerConnector  - [space.exploration.mars.rover.curiosity.1515390633104_zion-mainframe-1515390648415-dd9672ab], space.exploration.mars.rover.curiosity.1515390633104_zion-mainframe-1515390648415-dd9672ab-0 successfully owned partition 0 for topic earth_to_curiosity_5
2018-01-07 23:50:48,737 [radio] INFO kafka.consumer.ZookeeperConsumerConnector  - [space.exploration.mars.rover.curiosity.1515390633104_zion-mainframe-1515390648415-dd9672ab], Consumer space.exploration.mars.rover.curiosity.1515390633104_zion-mainframe-1515390648415-dd9672ab selected partitions : earth_to_curiosity_5:0: fetched offset = -1: consumed offset = -1
2018-01-07 23:50:48,739 [space.exploration.mars.rover.curiosity.1515390633104_zion-mainframe-1515390648415-dd9672ab-leader-finder-thread] INFO kafka.consumer.ConsumerFetcherManager$LeaderFinderThread  - [space.exploration.mars.rover.curiosity.1515390633104_zion-mainframe-1515390648415-dd9672ab-leader-finder-thread], Starting 
2018-01-07 23:50:48,740 [radio] INFO kafka.consumer.ZookeeperConsumerConnector  - [space.exploration.mars.rover.curiosity.1515390633104_zion-mainframe-1515390648415-dd9672ab], end rebalancing consumer space.exploration.mars.rover.curiosity.1515390633104_zion-mainframe-1515390648415-dd9672ab try #0
2018-01-07 23:50:48,772 [space.exploration.mars.rover.curiosity.1515390633104_zion-mainframe-1515390648415-dd9672ab-leader-finder-thread] INFO kafka.utils.VerifiableProperties  - Verifying properties
2018-01-07 23:50:48,773 [space.exploration.mars.rover.curiosity.1515390633104_zion-mainframe-1515390648415-dd9672ab-leader-finder-thread] INFO kafka.utils.VerifiableProperties  - Property client.id is overridden to space.exploration.mars.rover.curiosity.1515390633104
2018-01-07 23:50:48,773 [space.exploration.mars.rover.curiosity.1515390633104_zion-mainframe-1515390648415-dd9672ab-leader-finder-thread] INFO kafka.utils.VerifiableProperties  - Property metadata.broker.list is overridden to zion-mainframe:9092
2018-01-07 23:50:48,773 [space.exploration.mars.rover.curiosity.1515390633104_zion-mainframe-1515390648415-dd9672ab-leader-finder-thread] INFO kafka.utils.VerifiableProperties  - Property request.timeout.ms is overridden to 30000
2018-01-07 23:50:48,782 [space.exploration.mars.rover.curiosity.1515390633104_zion-mainframe-1515390648415-dd9672ab-leader-finder-thread] INFO kafka.client.ClientUtils$  - Fetching metadata from broker BrokerEndPoint(0,zion-mainframe,9092) with correlation id 0 for 1 topic(s) Set(earth_to_curiosity_5)
2018-01-07 23:50:48,785 [space.exploration.mars.rover.curiosity.1515390633104_zion-mainframe-1515390648415-dd9672ab-leader-finder-thread] INFO kafka.producer.SyncProducer  - Connected to zion-mainframe:9092 for producing
2018-01-07 23:50:48,794 [space.exploration.mars.rover.curiosity.1515390633104_zion-mainframe-1515390648415-dd9672ab-leader-finder-thread] INFO kafka.producer.SyncProducer  - Disconnecting from zion-mainframe:9092
2018-01-07 23:50:48,815 [ConsumerFetcherThread-space.exploration.mars.rover.curiosity.1515390633104_zion-mainframe-1515390648415-dd9672ab-0-0] INFO kafka.consumer.ConsumerFetcherThread  - [ConsumerFetcherThread-space.exploration.mars.rover.curiosity.1515390633104_zion-mainframe-1515390648415-dd9672ab-0-0], Starting 
2018-01-07 23:50:48,826 [space.exploration.mars.rover.curiosity.1515390633104_zion-mainframe-1515390648415-dd9672ab-leader-finder-thread] INFO kafka.consumer.ConsumerFetcherManager  - [ConsumerFetcherManager-1515390648513] Added fetcher for partitions ArrayBuffer([[earth_to_curiosity_5,0], initOffset -1 to broker BrokerEndPoint(0,zion-mainframe,9092)] )
2018-01-07 23:50:49,518 [roverMain] INFO space.exploration.mars.rover.communication.Radio  - Radio configured:: 
group.id::space.exploration.mars.rover.curiosity.1515390633104
auto.offset.reset::largest
bootstrap.servers::localhost:9092
value.serializer::org.apache.kafka.common.serialization.ByteArraySerializer
destination.topic::curiosity_to_earth_5
zookeeper.connect::localhost:2181
key.serializer::org.apache.kafka.common.serialization.StringSerializer
source.topic::earth_to_curiosity_5
metadata.broker.list::localhost:9092
2018-01-07 23:50:50,520 [roverMain] INFO space.exploration.mars.rover.sensor.Radar  - Radar configured:: 
2018-01-07 23:50:56,716 [roverMain] INFO space.exploration.mars.rover.communication.Transmitter  - Sending information packet to curiosity_to_earth_5
2018-01-07 23:50:59,723 [sleepMonitor] INFO space.exploration.mars.rover.animation.SleepingAnimationEngine  - Rover is sleeping now
2018-01-07 23:51:18,171 [batteryMonitor] INFO space.exploration.mars.rover.power.BatteryMonitor  - BatteryMonitor performing due diligence. SCET = 1515390678171 Rover state = Sleeping State
2018-01-07 23:51:18,171 [batteryMonitor] INFO space.exploration.mars.rover.power.BatteryMonitor  -  Battery primaryUnits = 1200 auxiliaryPowerUnits = 100
2018-01-07 23:51:36,322 [pacemaker] INFO space.exploration.mars.rover.diagnostics.Pacemaker  - Diagnostics inhibited because rover is sleeping to conserve battery Current instructionQueue length = 0
2018-01-07 23:51:37,324 [sleepMonitor] INFO space.exploration.mars.rover.diagnostics.SleepMonitor  - Awakening rover from slumber
2018-01-07 23:51:37,325 [sleepMonitor] INFO space.exploration.mars.rover.animation.SleepingAnimationEngine  - Waking up rover
2018-01-07 23:51:37,326 [sleepBreather] INFO space.exploration.mars.rover.animation.SleepBreather  - Sleep animation interrupted.
2018-01-07 23:51:48,170 [batteryMonitor] INFO space.exploration.mars.rover.power.BatteryMonitor  - BatteryMonitor performing due diligence. SCET = 1515390708170 Rover state = Listening State
2018-01-07 23:51:48,170 [batteryMonitor] INFO space.exploration.mars.rover.power.BatteryMonitor  -  Battery primaryUnits = 1200 auxiliaryPowerUnits = 100
2018-01-07 23:52:18,170 [batteryMonitor] INFO space.exploration.mars.rover.power.BatteryMonitor  - BatteryMonitor performing due diligence. SCET = 1515390738170 Rover state = Listening State
2018-01-07 23:52:18,170 [batteryMonitor] INFO space.exploration.mars.rover.power.BatteryMonitor  -  Battery primaryUnits = 1200 auxiliaryPowerUnits = 100
2018-01-07 23:52:36,410 [pacemaker] INFO space.exploration.mars.rover.kernel.PositionSensor  - Houston - this is curiosityActual.ephemerisTime: 5.35162448183489E8
stateCuriosity: 1.94212601768E8
stateCuriosity: -1.11291086685E8
stateCuriosity: -5.3268603085E7
stateCuriosity: 28.153
stateCuriosity: 21.262
stateCuriosity: 9.976
owltMSLEarth: 767.5
stateEarth: -1.94185050443E8
stateEarth: 1.11275292607E8
stateEarth: 5.3261042813E7
stateEarth: -28.157
stateEarth: -21.254
stateEarth: -9.972
owltEarthMSL: 767.391
positionEarthWRTCuriosity: -1.94185050443E8
positionEarthWRTCuriosity: 1.11275292607E8
positionEarthWRTCuriosity: 5.3261042813E7
owltEarthMSL2: 767.391
angSepHGAEarth: 65.106
utcTime: "2016-12-16~12:13:00"
sol: 1551
sclkValue: " 1/01551:06:51:39:53539"

2018-01-07 23:52:36,450 [pacemaker] INFO space.exploration.mars.rover.kernel.PositionSensor  - ephemerisTime: 5.35162448183489E8
stateCuriosity: 1.94212601768E8
stateCuriosity: -1.11291086685E8
stateCuriosity: -5.3268603085E7
stateCuriosity: 28.153
stateCuriosity: 21.262
stateCuriosity: 9.976
owltMSLEarth: 767.5
stateEarth: -1.94185050443E8
stateEarth: 1.11275292607E8
stateEarth: 5.3261042813E7
stateEarth: -28.157
stateEarth: -21.254
stateEarth: -9.972
owltEarthMSL: 767.391
positionEarthWRTCuriosity: -1.94185050443E8
positionEarthWRTCuriosity: 1.11275292607E8
positionEarthWRTCuriosity: 5.3261042813E7
owltEarthMSL2: 767.391
angSepHGAEarth: 65.106
utcTime: "2016-12-16~12:13:00"
sol: 1551
sclkValue: " 1/01551:06:51:39:53539"

2018-01-07 23:52:36,453 [pacemaker] INFO space.exploration.mars.rover.kernel.SpacecraftClock  - Internal time::2016-12-16T12:14:00.000-06:00 sclk of::1/01551:06:52:37:93005
2018-01-07 23:52:42,590 [pacemaker] INFO space.exploration.mars.rover.kernel.PositionSensor  - Houston - this is curiosityActual.ephemerisTime: 5.3516280818349E8
stateCuriosity: 1.94222736932E8
stateCuriosity: -1.11283432771E8
stateCuriosity: -5.3265012319E7
stateCuriosity: 28.153
stateCuriosity: 21.259
stateCuriosity: 9.973
owltMSLEarth: 767.514
stateEarth: -1.94195187188E8
stateEarth: 1.11267641623E8
stateEarth: 5.3257453379E7
stateEarth: -28.158
stateEarth: -21.251
stateEarth: -9.969
owltEarthMSL: 767.405
positionEarthWRTCuriosity: -1.94195187188E8
positionEarthWRTCuriosity: 1.11267641623E8
positionEarthWRTCuriosity: 5.3257453379E7
owltEarthMSL2: 767.405
angSepHGAEarth: 64.751
utcTime: "2016-12-16~12:19:00"
sol: 1551
sclkValue: " 1/01551:06:57:29:90333"

2018-01-07 23:52:42,630 [pacemaker] INFO space.exploration.mars.rover.kernel.PositionSensor  - ephemerisTime: 5.3516280818349E8
stateCuriosity: 1.94222736932E8
stateCuriosity: -1.11283432771E8
stateCuriosity: -5.3265012319E7
stateCuriosity: 28.153
stateCuriosity: 21.259
stateCuriosity: 9.973
owltMSLEarth: 767.514
stateEarth: -1.94195187188E8
stateEarth: 1.11267641623E8
stateEarth: 5.3257453379E7
stateEarth: -28.158
stateEarth: -21.251
stateEarth: -9.969
owltEarthMSL: 767.405
positionEarthWRTCuriosity: -1.94195187188E8
positionEarthWRTCuriosity: 1.11267641623E8
positionEarthWRTCuriosity: 5.3257453379E7
owltEarthMSL2: 767.405
angSepHGAEarth: 64.751
utcTime: "2016-12-16~12:19:00"
sol: 1551
sclkValue: " 1/01551:06:57:29:90333"

2018-01-07 23:52:42,630 [pacemaker] INFO space.exploration.mars.rover.communication.Radio  - One Way Light Time computed by SPICE :: 767.514
2018-01-07 23:52:42,643 [pacemaker] INFO space.exploration.mars.rover.communication.Transmitter  - Sending information packet to curiosity_to_earth_5
2018-01-07 23:52:48,170 [batteryMonitor] INFO space.exploration.mars.rover.power.BatteryMonitor  - BatteryMonitor performing due diligence. SCET = 1515390768170 Rover state = Listening State
2018-01-07 23:52:48,171 [batteryMonitor] INFO space.exploration.mars.rover.power.BatteryMonitor  -  Battery primaryUnits = 1199 auxiliaryPowerUnits = 100
2018-01-07 23:52:54,549 [radio] INFO space.exploration.mars.rover.communication.Receiver  - Time Elapsed since last message = 126032
2018-01-07 23:52:54,590 [radio] INFO space.exploration.mars.rover.kernel.PositionSensor  - Houston - this is curiosityActual.ephemerisTime: 5.3516352818349E8
stateCuriosity: 1.9424300758E8
stateCuriosity: -1.11268128369E8
stateCuriosity: -5.3257833368E7
stateCuriosity: 28.154
stateCuriosity: 21.253
stateCuriosity: 9.968
owltMSLEarth: 767.541
stateEarth: -1.94215461175E8
stateEarth: 1.11252343188E8
stateEarth: 5.3250277144E7
stateEarth: -28.159
stateEarth: -21.245
stateEarth: -9.965
owltEarthMSL: 767.432
positionEarthWRTCuriosity: -1.94215461175E8
positionEarthWRTCuriosity: 1.11252343188E8
positionEarthWRTCuriosity: 5.3250277144E7
owltEarthMSL2: 767.432
angSepHGAEarth: 64.12
utcTime: "2016-12-16~12:31:00"
sol: 1551
sclkValue: " 1/01551:07:09:10:63923"

2018-01-07 23:52:54,627 [radio] INFO space.exploration.mars.rover.kernel.PositionSensor  - ephemerisTime: 5.3516352818349E8
stateCuriosity: 1.9424300758E8
stateCuriosity: -1.11268128369E8
stateCuriosity: -5.3257833368E7
stateCuriosity: 28.154
stateCuriosity: 21.253
stateCuriosity: 9.968
owltMSLEarth: 767.541
stateEarth: -1.94215461175E8
stateEarth: 1.11252343188E8
stateEarth: 5.3250277144E7
stateEarth: -28.159
stateEarth: -21.245
stateEarth: -9.965
owltEarthMSL: 767.432
positionEarthWRTCuriosity: -1.94215461175E8
positionEarthWRTCuriosity: 1.11252343188E8
positionEarthWRTCuriosity: 5.3250277144E7
owltEarthMSL2: 767.432
angSepHGAEarth: 64.12
utcTime: "2016-12-16~12:31:00"
sol: 1551
sclkValue: " 1/01551:07:09:10:63923"

2018-01-07 23:52:54,627 [radio] INFO space.exploration.mars.rover.communication.Radio  - One Way Light Time computed by SPICE :: 767.541
2018-01-07 23:52:54,644 [radio] INFO space.exploration.mars.rover.kernel.ListeningState  - timeStamp: 1515390774413
targets {
  roverModule: 11
  action: "SynchronizeClock"
  utcTime: "2016-10-05~06:30:22"
}

2018-01-07 23:53:00,684 [radio] INFO space.exploration.mars.rover.kernel.ListeningState  - 1515390780684,11,SynchronizeClock Current instructionQueue length = 0
2018-01-07 23:53:00,684 [radio] INFO space.exploration.mars.rover.kernel.ListeningState  - Rover will get detailed spacecraftClock information. Houston, this is CuriosityActual.
2018-01-07 23:53:00,685 [radio] INFO space.exploration.mars.rover.kernel.SclkTimingState  - Synchronizing sclk and positionSensor to 2016-10-05~06:30:22
2018-01-07 23:53:00,685 [radio] INFO space.exploration.mars.rover.kernel.SclkTimingState  - Houston, expect a diagnostics pause. Shutting down paceMaker
2018-01-07 23:53:00,685 [radio] INFO space.exploration.mars.rover.diagnostics.Pacemaker  - Pacemaker diagnostic module interrupted.
2018-01-07 23:53:00,686 [radio] INFO space.exploration.mars.rover.kernel.SclkTimingState  - Houston, be advised - garbageCollection is paused. Please wait before sending new signals.
2018-01-07 23:53:00,686 [radio] INFO space.exploration.mars.rover.diagnostics.RoverGarbageCollector  - RoverGC interrupted
2018-01-07 23:53:00,686 [radio] INFO space.exploration.mars.rover.kernel.SpacecraftClock  - UTCTime = 2016-10-05~06:30:22
2018-01-07 23:53:00,687 [radio] INFO space.exploration.mars.rover.kernel.SpacecraftClock  - Valid utc time ranges are dictated by clockService as follows:
2018-01-07 23:53:00,687 [radio] INFO space.exploration.mars.rover.kernel.SpacecraftClock  - APPLICABLE_START_TIME=2000-001T11:58:55.816, APPLICABLE_STOP_TIME=2017-360T19:17:40.149
2018-01-07 23:53:00,687 [radio] INFO space.exploration.mars.rover.kernel.SpacecraftClock  - Given UTC = 2016-10-05~06:30:22
2018-01-07 23:53:00,687 [radio] INFO space.exploration.mars.rover.kernel.SpacecraftClock  - Please ensure that positionSensor and sclk are synchronized
2018-01-07 23:53:00,688 [radio] INFO space.exploration.mars.rover.kernel.PositionSensor  - Synchronizing positionSensor clock to 2016-10-05~06:30:22
2018-01-07 23:53:00,689 [radio] INFO space.exploration.mars.rover.kernel.SclkTimingState  - Restarting diagnostics heartbeat
2018-01-07 23:53:00,692 [radio] INFO space.exploration.mars.rover.kernel.SclkTimingState  - Restarting garbageCollection
2018-01-07 23:53:00,693 [radio] INFO space.exploration.mars.rover.diagnostics.RoverGarbageCollector  - Starting garbageCollection
2018-01-07 23:53:00,702 [radio] INFO space.exploration.mars.rover.kernel.SpacecraftClock  - Internal time::2016-10-05T06:31:22.000-05:00 sclk of::1/01551:07:15:59:40183
2018-01-07 23:53:06,788 [radio] INFO space.exploration.mars.rover.kernel.PositionSensor  - Houston - this is curiosityActual.ephemerisTime: 5.28921930182343E8
stateCuriosity: 1.4347097144E7
stateCuriosity: -1.46544558405E8
stateCuriosity: -7.0819365285E7
stateCuriosity: 23.183
stateCuriosity: -7.309
stateCuriosity: -3.193
owltMSLEarth: 545.013
stateEarth: -1.4344755677E7
stateEarth: 1.46520610999E8
stateEarth: 7.0807793452E7
stateEarth: -23.179
stateEarth: 7.302
stateEarth: 3.189
owltEarthMSL: 544.924
positionEarthWRTCuriosity: -1.4344755677E7
positionEarthWRTCuriosity: 1.46520610999E8
positionEarthWRTCuriosity: 7.0807793452E7
owltEarthMSL2: 544.924
angSepHGAEarth: 93.92
utcTime: "2016-10-05~06:44:22"
sol: 1480
sclkValue: " 1/01480:23:45:50:97607"

2018-01-07 23:53:06,830 [radio] INFO space.exploration.mars.rover.kernel.PositionSensor  - ephemerisTime: 5.28921930182343E8
stateCuriosity: 1.4347097144E7
stateCuriosity: -1.46544558405E8
stateCuriosity: -7.0819365285E7
stateCuriosity: 23.183
stateCuriosity: -7.309
stateCuriosity: -3.193
owltMSLEarth: 545.013
stateEarth: -1.4344755677E7
stateEarth: 1.46520610999E8
stateEarth: 7.0807793452E7
stateEarth: -23.179
stateEarth: 7.302
stateEarth: 3.189
owltEarthMSL: 544.924
positionEarthWRTCuriosity: -1.4344755677E7
positionEarthWRTCuriosity: 1.46520610999E8
positionEarthWRTCuriosity: 7.0807793452E7
owltEarthMSL2: 544.924
angSepHGAEarth: 93.92
utcTime: "2016-10-05~06:44:22"
sol: 1480
sclkValue: " 1/01480:23:45:50:97607"

2018-01-07 23:53:06,830 [radio] INFO space.exploration.mars.rover.communication.Radio  - One Way Light Time computed by SPICE :: 545.013
2018-01-07 23:53:06,839 [radio] INFO space.exploration.mars.rover.communication.Transmitter  - Sending information packet to curiosity_to_earth_5
2018-01-07 23:53:18,170 [batteryMonitor] INFO space.exploration.mars.rover.power.BatteryMonitor  - BatteryMonitor performing due diligence. SCET = 1515390798170 Rover state = Listening State
2018-01-07 23:53:18,171 [batteryMonitor] INFO space.exploration.mars.rover.power.BatteryMonitor  -  Battery primaryUnits = 1199 auxiliaryPowerUnits = 100
2018-01-07 23:53:48,170 [batteryMonitor] INFO space.exploration.mars.rover.power.BatteryMonitor  - BatteryMonitor performing due diligence. SCET = 1515390828170 Rover state = Listening State
2018-01-07 23:53:48,170 [batteryMonitor] INFO space.exploration.mars.rover.power.BatteryMonitor  -  Battery primaryUnits = 1199 auxiliaryPowerUnits = 100
2018-01-07 23:54:00,760 [pacemaker] INFO space.exploration.mars.rover.kernel.PositionSensor  - Houston - this is curiosityActual.ephemerisTime: 5.28928410182343E8
stateCuriosity: 1.449713553E7
stateCuriosity: -1.46591739407E8
stateCuriosity: -7.0839817118E7
stateCuriosity: 23.121
stateCuriosity: -7.261
stateCuriosity: -3.121
owltMSLEarth: 545.228
stateEarth: -1.4494767431E7
stateEarth: 1.46567756996E8
stateEarth: 7.0828228998E7
stateEarth: -23.117
stateEarth: 7.257
stateEarth: 3.12
owltEarthMSL: 545.138
positionEarthWRTCuriosity: -1.4494767431E7
positionEarthWRTCuriosity: 1.46567756996E8
positionEarthWRTCuriosity: 7.0828228998E7
owltEarthMSL2: 545.138
angSepHGAEarth: 68.408
utcTime: "2016-10-05~08:32:22"
sol: 1481
sclkValue: " 1/01481:01:30:57:59912"

2018-01-07 23:54:00,818 [pacemaker] INFO space.exploration.mars.rover.kernel.PositionSensor  - ephemerisTime: 5.28928410182343E8
stateCuriosity: 1.449713553E7
stateCuriosity: -1.46591739407E8
stateCuriosity: -7.0839817118E7
stateCuriosity: 23.121
stateCuriosity: -7.261
stateCuriosity: -3.121
owltMSLEarth: 545.228
stateEarth: -1.4494767431E7
stateEarth: 1.46567756996E8
stateEarth: 7.0828228998E7
stateEarth: -23.117
stateEarth: 7.257
stateEarth: 3.12
owltEarthMSL: 545.138
positionEarthWRTCuriosity: -1.4494767431E7
positionEarthWRTCuriosity: 1.46567756996E8
positionEarthWRTCuriosity: 7.0828228998E7
owltEarthMSL2: 545.138
angSepHGAEarth: 68.408
utcTime: "2016-10-05~08:32:22"
sol: 1481
sclkValue: " 1/01481:01:30:57:59912"

2018-01-07 23:54:00,819 [pacemaker] INFO space.exploration.mars.rover.kernel.SpacecraftClock  - Internal time::2016-10-05T08:32:22.000-05:00 sclk of::1/01481:01:30:57:59912
2018-01-07 23:54:06,896 [pacemaker] INFO space.exploration.mars.rover.kernel.PositionSensor  - Houston - this is curiosityActual.ephemerisTime: 5.28929130182343E8
stateCuriosity: 1.4513779688E7
stateCuriosity: -1.46596966094E8
stateCuriosity: -7.0842061937E7
stateCuriosity: 23.113
stateCuriosity: -7.258
stateCuriosity: -3.114
owltMSLEarth: 545.251
stateEarth: -1.4511408738E7
stateEarth: 1.46572981141E8
stateEarth: 7.0830472646E7
stateEarth: -23.109
stateEarth: 7.255
stateEarth: 3.113
owltEarthMSL: 545.162
positionEarthWRTCuriosity: -1.4511408738E7
positionEarthWRTCuriosity: 1.46572981141E8
positionEarthWRTCuriosity: 7.0830472646E7
owltEarthMSL2: 545.162
angSepHGAEarth: 65.573
utcTime: "2016-10-05~08:44:22"
sol: 1481
sclkValue: " 1/01481:01:42:38:33502"

2018-01-07 23:54:06,934 [pacemaker] INFO space.exploration.mars.rover.kernel.PositionSensor  - ephemerisTime: 5.28929130182343E8
stateCuriosity: 1.4513779688E7
stateCuriosity: -1.46596966094E8
stateCuriosity: -7.0842061937E7
stateCuriosity: 23.113
stateCuriosity: -7.258
stateCuriosity: -3.114
owltMSLEarth: 545.251
stateEarth: -1.4511408738E7
stateEarth: 1.46572981141E8
stateEarth: 7.0830472646E7
stateEarth: -23.109
stateEarth: 7.255
stateEarth: 3.113
owltEarthMSL: 545.162
positionEarthWRTCuriosity: -1.4511408738E7
positionEarthWRTCuriosity: 1.46572981141E8
positionEarthWRTCuriosity: 7.0830472646E7
owltEarthMSL2: 545.162
angSepHGAEarth: 65.573
utcTime: "2016-10-05~08:44:22"
sol: 1481
sclkValue: " 1/01481:01:42:38:33502"

2018-01-07 23:54:06,934 [pacemaker] INFO space.exploration.mars.rover.communication.Radio  - One Way Light Time computed by SPICE :: 545.251
2018-01-07 23:54:06,943 [pacemaker] INFO space.exploration.mars.rover.communication.Transmitter  - Sending information packet to curiosity_to_earth_5
2018-01-07 23:54:18,170 [batteryMonitor] INFO space.exploration.mars.rover.power.BatteryMonitor  - BatteryMonitor performing due diligence. SCET = 1515390858170 Rover state = Listening State
2018-01-07 23:54:18,171 [batteryMonitor] INFO space.exploration.mars.rover.power.BatteryMonitor  -  Battery primaryUnits = 1198 auxiliaryPowerUnits = 100
2018-01-07 23:54:39,733 [radio] INFO space.exploration.mars.rover.communication.Receiver  - Time Elapsed since last message = 105184
2018-01-07 23:54:39,772 [radio] INFO space.exploration.mars.rover.kernel.PositionSensor  - Houston - this is curiosityActual.ephemerisTime: 5.28933090182343E8
stateCuriosity: 1.4605215601E7
stateCuriosity: -1.46625694377E8
stateCuriosity: -7.0854322551E7
stateCuriosity: 23.067
stateCuriosity: -7.254
stateCuriosity: -3.079
owltMSLEarth: 545.382
stateEarth: -1.4602829406E7
stateEarth: 1.46601700757E8
stateEarth: 7.0842729347E7
stateEarth: -23.063
stateEarth: 7.253
stateEarth: 3.079
owltEarthMSL: 545.293
positionEarthWRTCuriosity: -1.4602829406E7
positionEarthWRTCuriosity: 1.46601700757E8
positionEarthWRTCuriosity: 7.0842729347E7
owltEarthMSL2: 545.293
angSepHGAEarth: 50.028
utcTime: "2016-10-05~09:50:22"
sol: 1481
sclkValue: " 1/01481:02:46:52:38243"

2018-01-07 23:54:39,812 [radio] INFO space.exploration.mars.rover.kernel.PositionSensor  - ephemerisTime: 5.28933090182343E8
stateCuriosity: 1.4605215601E7
stateCuriosity: -1.46625694377E8
stateCuriosity: -7.0854322551E7
stateCuriosity: 23.067
stateCuriosity: -7.254
stateCuriosity: -3.079
owltMSLEarth: 545.382
stateEarth: -1.4602829406E7
stateEarth: 1.46601700757E8
stateEarth: 7.0842729347E7
stateEarth: -23.063
stateEarth: 7.253
stateEarth: 3.079
owltEarthMSL: 545.293
positionEarthWRTCuriosity: -1.4602829406E7
positionEarthWRTCuriosity: 1.46601700757E8
positionEarthWRTCuriosity: 7.0842729347E7
owltEarthMSL2: 545.293
angSepHGAEarth: 50.028
utcTime: "2016-10-05~09:50:22"
sol: 1481
sclkValue: " 1/01481:02:46:52:38243"

2018-01-07 23:54:39,812 [radio] INFO space.exploration.mars.rover.communication.Radio  - One Way Light Time computed by SPICE :: 545.382
2018-01-07 23:54:39,822 [radio] INFO space.exploration.mars.rover.kernel.ListeningState  - timeStamp: 1515390879725
targets {
  roverModule: 10
  estimatedPowerUsage: 70
  action: "GetWeather"
}

2018-01-07 23:54:45,853 [radio] INFO space.exploration.mars.rover.kernel.ListeningState  - 1515390885853,10,GetWeather Current instructionQueue length = 0
2018-01-07 23:54:45,854 [radio] INFO space.exploration.mars.rover.kernel.ListeningState  - Rover will try to get weather measurements - actual Curiosity Data
2018-01-07 23:54:45,854 [radio] INFO space.exploration.mars.rover.kernel.WeatherSensingState  - Will get mars weather measurements
2018-01-07 23:54:48,935 [radio] ERROR space.exploration.mars.rover.sensor.WeatherSensor  - WeatherData is too stale. Calendar Date = 2016 OCT 05 10:09:30.182
2018-01-07 23:54:55,033 [radio] INFO space.exploration.mars.rover.kernel.PositionSensor  - Houston - this is curiosityActual.ephemerisTime: 5.28934890182343E8
stateCuriosity: 1.4646716575E7
stateCuriosity: -1.46638754472E8
stateCuriosity: -7.0859853158E7
stateCuriosity: 23.046
stateCuriosity: -7.258
stateCuriosity: -3.066
owltMSLEarth: 545.442
stateEarth: -1.4644323703E7
stateEarth: 1.46614759945E8
stateEarth: 7.0848259615E7
stateEarth: -23.042
stateEarth: 7.258
stateEarth: 3.066
owltEarthMSL: 545.353
positionEarthWRTCuriosity: -1.4644323703E7
positionEarthWRTCuriosity: 1.46614759945E8
positionEarthWRTCuriosity: 7.0848259615E7
owltEarthMSL2: 545.353
angSepHGAEarth: 43.014
utcTime: "2016-10-05~10:20:22"
sol: 1481
sclkValue: " 1/01481:03:16:04:22217"

2018-01-07 23:54:55,074 [radio] INFO space.exploration.mars.rover.kernel.PositionSensor  - ephemerisTime: 5.28934890182343E8
stateCuriosity: 1.4646716575E7
stateCuriosity: -1.46638754472E8
stateCuriosity: -7.0859853158E7
stateCuriosity: 23.046
stateCuriosity: -7.258
stateCuriosity: -3.066
owltMSLEarth: 545.442
stateEarth: -1.4644323703E7
stateEarth: 1.46614759945E8
stateEarth: 7.0848259615E7
stateEarth: -23.042
stateEarth: 7.258
stateEarth: 3.066
owltEarthMSL: 545.353
positionEarthWRTCuriosity: -1.4644323703E7
positionEarthWRTCuriosity: 1.46614759945E8
positionEarthWRTCuriosity: 7.0848259615E7
owltEarthMSL2: 545.353
angSepHGAEarth: 43.014
utcTime: "2016-10-05~10:20:22"
sol: 1481
sclkValue: " 1/01481:03:16:04:22217"

2018-01-07 23:54:55,075 [radio] INFO space.exploration.mars.rover.communication.Radio  - One Way Light Time computed by SPICE :: 545.442
2018-01-07 23:54:55,084 [radio] INFO space.exploration.mars.rover.communication.Transmitter  - Sending information packet to curiosity_to_earth_5
2018-01-07 23:54:58,085 [batteryMonitor] INFO space.exploration.mars.rover.power.BatteryMonitor  - BatteryMonitor performing due diligence. SCET = 1515390888170 Rover state = Listening State
2018-01-07 23:54:58,086 [batteryMonitor] INFO space.exploration.mars.rover.power.BatteryMonitor  -  Battery primaryUnits = 1128 auxiliaryPowerUnits = 100
2018-01-07 23:55:00,736 [pacemaker] INFO space.exploration.mars.rover.kernel.PositionSensor  - Houston - this is curiosityActual.ephemerisTime: 5.28935610182343E8
stateCuriosity: 1.4663306423E7
stateCuriosity: -1.46643980891E8
stateCuriosity: -7.0862059091E7
stateCuriosity: 23.037
stateCuriosity: -7.26
stateCuriosity: -3.061
owltMSLEarth: 545.466
stateEarth: -1.4660910924E7
stateEarth: 1.46619986532E8
stateEarth: 7.0850465665E7
stateEarth: -23.034
stateEarth: 7.261
stateEarth: 3.062
owltEarthMSL: 545.376
positionEarthWRTCuriosity: -1.4660910924E7
positionEarthWRTCuriosity: 1.46619986532E8
positionEarthWRTCuriosity: 7.0850465665E7
owltEarthMSL2: 545.376
angSepHGAEarth: 40.225
utcTime: "2016-10-05~10:32:22"
sol: 1481
sclkValue: " 1/01481:03:27:44:95806"

2018-01-07 23:55:00,780 [pacemaker] INFO space.exploration.mars.rover.kernel.PositionSensor  - ephemerisTime: 5.28935610182343E8
stateCuriosity: 1.4663306423E7
stateCuriosity: -1.46643980891E8
stateCuriosity: -7.0862059091E7
stateCuriosity: 23.037
stateCuriosity: -7.26
stateCuriosity: -3.061
owltMSLEarth: 545.466
stateEarth: -1.4660910924E7
stateEarth: 1.46619986532E8
stateEarth: 7.0850465665E7
stateEarth: -23.034
stateEarth: 7.261
stateEarth: 3.062
owltEarthMSL: 545.376
positionEarthWRTCuriosity: -1.4660910924E7
positionEarthWRTCuriosity: 1.46619986532E8
positionEarthWRTCuriosity: 7.0850465665E7
owltEarthMSL2: 545.376
angSepHGAEarth: 40.225
utcTime: "2016-10-05~10:32:22"
sol: 1481
sclkValue: " 1/01481:03:27:44:95806"

2018-01-07 23:55:00,781 [pacemaker] INFO space.exploration.mars.rover.kernel.SpacecraftClock  - Internal time::2016-10-05T10:32:22.000-05:00 sclk of::1/01481:03:27:44:95806
2018-01-07 23:55:06,868 [pacemaker] INFO space.exploration.mars.rover.kernel.PositionSensor  - Houston - this is curiosityActual.ephemerisTime: 5.28936330182343E8
stateCuriosity: 1.4679890352E7
stateCuriosity: -1.46649209236E8
stateCuriosity: -7.0864261766E7
stateCuriosity: 23.029
stateCuriosity: -7.263
stateCuriosity: -3.057
owltMSLEarth: 545.489
stateEarth: -1.4677492252E7
stateEarth: 1.46625215346E8
stateEarth: 7.0852668599E7
stateEarth: -23.026
stateEarth: 7.264
stateEarth: 3.058
owltEarthMSL: 545.4
positionEarthWRTCuriosity: -1.4677492252E7
positionEarthWRTCuriosity: 1.46625215346E8
positionEarthWRTCuriosity: 7.0852668599E7
owltEarthMSL2: 545.4
angSepHGAEarth: 37.449
utcTime: "2016-10-05~10:44:22"
sol: 1481
sclkValue: " 1/01481:03:39:25:69396"

2018-01-07 23:55:06,908 [pacemaker] INFO space.exploration.mars.rover.kernel.PositionSensor  - ephemerisTime: 5.28936330182343E8
stateCuriosity: 1.4679890352E7
stateCuriosity: -1.46649209236E8
stateCuriosity: -7.0864261766E7
stateCuriosity: 23.029
stateCuriosity: -7.263
stateCuriosity: -3.057
owltMSLEarth: 545.489
stateEarth: -1.4677492252E7
stateEarth: 1.46625215346E8
stateEarth: 7.0852668599E7
stateEarth: -23.026
stateEarth: 7.264
stateEarth: 3.058
owltEarthMSL: 545.4
positionEarthWRTCuriosity: -1.4677492252E7
positionEarthWRTCuriosity: 1.46625215346E8
positionEarthWRTCuriosity: 7.0852668599E7
owltEarthMSL2: 545.4
angSepHGAEarth: 37.449
utcTime: "2016-10-05~10:44:22"
sol: 1481
sclkValue: " 1/01481:03:39:25:69396"

2018-01-07 23:55:06,908 [pacemaker] INFO space.exploration.mars.rover.communication.Radio  - One Way Light Time computed by SPICE :: 545.489
2018-01-07 23:55:06,917 [pacemaker] INFO space.exploration.mars.rover.communication.Transmitter  - Sending information packet to curiosity_to_earth_5
