0    [main] INFO  space.exploration.mars.rover.kernel.Rover  - Rover current position is = java.awt.Point[x=525,y=100]
1004 [main] INFO  space.exploration.mars.rover.sensor.Lidar  - Lidar initialized and ready!
2007 [main] INFO  space.exploration.mars.rover.sensor.Spectrometer  - Spectrometer initialized and ready!
3216 [main] INFO  space.exploration.mars.rover.sensor.Camera  - Camera initialized and ready!
4220 [main] INFO  space.exploration.mars.rover.sensor.Radar  - Radar configured:: 
4420 [main] INFO  space.exploration.mars.rover.navigation.NavigationEngine  - navEnginePosn :: java.awt.Point[x=525,y=100]
4420 [main] INFO  space.exploration.mars.rover.navigation.NavigationEngine  - navEnginePosn :: java.awt.Point[x=525,y=125]
4420 [main] INFO  space.exploration.mars.rover.navigation.NavigationEngine  - navEnginePosn :: java.awt.Point[x=525,y=150]
4420 [main] INFO  space.exploration.mars.rover.navigation.NavigationEngine  - navEnginePosn :: java.awt.Point[x=525,y=175]
4420 [main] INFO  space.exploration.mars.rover.navigation.NavigationEngine  - navEnginePosn :: java.awt.Point[x=525,y=200]
4420 [main] INFO  space.exploration.mars.rover.navigation.NavigationEngine  - navEnginePosn :: java.awt.Point[x=525,y=225]
4420 [main] INFO  space.exploration.mars.rover.navigation.NavigationEngine  - navEnginePosn :: java.awt.Point[x=525,y=250]
4420 [main] INFO  space.exploration.mars.rover.navigation.NavigationEngine  - navEnginePosn :: java.awt.Point[x=525,y=275]
4420 [main] INFO  space.exploration.mars.rover.navigation.NavigationEngine  - navEnginePosn :: java.awt.Point[x=525,y=300]
4420 [main] INFO  space.exploration.mars.rover.navigation.NavigationEngine  - navEnginePosn :: java.awt.Point[x=525,y=325]
4420 [main] INFO  space.exploration.mars.rover.navigation.NavigationEngine  - navEnginePosn :: java.awt.Point[x=525,y=350]
4420 [main] INFO  space.exploration.mars.rover.navigation.NavigationEngine  - navEnginePosn :: java.awt.Point[x=500,y=350]
4420 [main] INFO  space.exploration.mars.rover.navigation.NavigationEngine  - navEnginePosn :: java.awt.Point[x=500,y=375]
4420 [main] INFO  space.exploration.mars.rover.navigation.NavigationEngine  - navEnginePosn :: java.awt.Point[x=500,y=400]
4420 [main] INFO  space.exploration.mars.rover.navigation.NavigationEngine  - navEnginePosn :: java.awt.Point[x=525,y=400]
4420 [main] INFO  space.exploration.mars.rover.navigation.NavigationEngine  - navEnginePosn :: java.awt.Point[x=550,y=400]
4420 [main] INFO  space.exploration.mars.rover.navigation.NavigationEngine  - navEnginePosn :: java.awt.Point[x=575,y=400]
4420 [main] INFO  space.exploration.mars.rover.navigation.NavigationEngine  - navEnginePosn :: java.awt.Point[x=575,y=375]
4420 [main] INFO  space.exploration.mars.rover.navigation.NavigationEngine  - navEnginePosn :: java.awt.Point[x=600,y=375]
4420 [main] INFO  space.exploration.mars.rover.navigation.NavigationEngine  - navEnginePosn :: java.awt.Point[x=625,y=375]
4420 [main] INFO  space.exploration.mars.rover.navigation.NavigationEngine  - navEnginePosn :: java.awt.Point[x=650,y=375]
5421 [main] INFO  space.exploration.mars.rover.power.Battery  - Battery configured, batteryLife:primaryPowerUnits = 1000 auxiliaryPowerUnits = 200 alertThreshold: 100 rechargeTime = 60000
6424 [main] INFO  space.exploration.mars.rover.kernel.Rover  - Battery Monitor configured!
6628 [main] INFO  kafka.utils.VerifiableProperties  - Verifying properties
6646 [main] WARN  kafka.utils.VerifiableProperties  - Property auto.offset.reset is not valid
6646 [main] WARN  kafka.utils.VerifiableProperties  - Property destination.topic is not valid
6646 [main] WARN  kafka.utils.VerifiableProperties  - Property group.id is not valid
6647 [main] INFO  kafka.utils.VerifiableProperties  - Property metadata.broker.list is overridden to localhost:9092
6647 [main] WARN  kafka.utils.VerifiableProperties  - Property source.topic is not valid
6647 [main] WARN  kafka.utils.VerifiableProperties  - Property zookeeper.connect is not valid
6675 [main] INFO  kafka.utils.VerifiableProperties  - Verifying properties
6675 [main] INFO  kafka.utils.VerifiableProperties  - Property auto.offset.reset is overridden to largest
6675 [main] WARN  kafka.utils.VerifiableProperties  - Property destination.topic is not valid
6675 [main] INFO  kafka.utils.VerifiableProperties  - Property group.id is overridden to space.exploration.mars.newRover
6675 [main] WARN  kafka.utils.VerifiableProperties  - Property metadata.broker.list is not valid
6675 [main] WARN  kafka.utils.VerifiableProperties  - Property source.topic is not valid
6676 [main] INFO  kafka.utils.VerifiableProperties  - Property zookeeper.connect is overridden to localhost:2181
6693 [main] INFO  kafka.consumer.ZookeeperConsumerConnector  - [space.exploration.mars.newRover_zion-mainframe-1503538261810-2e911179], Connecting to zookeeper instance at localhost:2181
6699 [ZkClient-EventThread-22-localhost:2181] INFO  org.I0Itec.zkclient.ZkEventThread  - Starting ZkClient event thread.
6702 [main] INFO  org.apache.zookeeper.ZooKeeper  - Client environment:zookeeper.version=3.4.6-1569965, built on 02/20/2014 09:09 GMT
6702 [main] INFO  org.apache.zookeeper.ZooKeeper  - Client environment:host.name=zion-mainframe
6702 [main] INFO  org.apache.zookeeper.ZooKeeper  - Client environment:java.version=1.8.0_131
6702 [main] INFO  org.apache.zookeeper.ZooKeeper  - Client environment:java.vendor=Oracle Corporation
6702 [main] INFO  org.apache.zookeeper.ZooKeeper  - Client environment:java.home=/usr/lib/jvm/java-8-openjdk-amd64/jre
6702 [main] INFO  org.apache.zookeeper.ZooKeeper  - Client environment:java.class.path=/usr/lib/jvm/java-1.8.0-openjdk-amd64/jre/lib/charsets.jar:/usr/lib/jvm/java-1.8.0-openjdk-amd64/jre/lib/ext/cldrdata.jar:/usr/lib/jvm/java-1.8.0-openjdk-amd64/jre/lib/ext/dnsns.jar:/usr/lib/jvm/java-1.8.0-openjdk-amd64/jre/lib/ext/icedtea-sound.jar:/usr/lib/jvm/java-1.8.0-openjdk-amd64/jre/lib/ext/jaccess.jar:/usr/lib/jvm/java-1.8.0-openjdk-amd64/jre/lib/ext/localedata.jar:/usr/lib/jvm/java-1.8.0-openjdk-amd64/jre/lib/ext/nashorn.jar:/usr/lib/jvm/java-1.8.0-openjdk-amd64/jre/lib/ext/sunec.jar:/usr/lib/jvm/java-1.8.0-openjdk-amd64/jre/lib/ext/sunjce_provider.jar:/usr/lib/jvm/java-1.8.0-openjdk-amd64/jre/lib/ext/sunpkcs11.jar:/usr/lib/jvm/java-1.8.0-openjdk-amd64/jre/lib/ext/zipfs.jar:/usr/lib/jvm/java-1.8.0-openjdk-amd64/jre/lib/jce.jar:/usr/lib/jvm/java-1.8.0-openjdk-amd64/jre/lib/jsse.jar:/usr/lib/jvm/java-1.8.0-openjdk-amd64/jre/lib/management-agent.jar:/usr/lib/jvm/java-1.8.0-openjdk-amd64/jre/lib/resources.jar:/usr/lib/jvm/java-1.8.0-openjdk-amd64/jre/lib/rt.jar:/home/sanket/Documents/workspace/MarsRover/mars.rover/target/classes:/home/sanket/.m2/repository/com/google/protobuf/protobuf-java/3.2.0/protobuf-java-3.2.0.jar:/home/sanket/.m2/repository/org/apache/kafka/kafka_2.10/0.9.0.1/kafka_2.10-0.9.0.1.jar:/home/sanket/.m2/repository/com/101tec/zkclient/0.7/zkclient-0.7.jar:/home/sanket/.m2/repository/org/slf4j/slf4j-api/1.6.1/slf4j-api-1.6.1.jar:/home/sanket/.m2/repository/log4j/log4j/1.2.15/log4j-1.2.15.jar:/home/sanket/.m2/repository/javax/mail/mail/1.4/mail-1.4.jar:/home/sanket/.m2/repository/javax/activation/activation/1.1/activation-1.1.jar:/home/sanket/.m2/repository/org/apache/kafka/kafka-clients/0.9.0.1/kafka-clients-0.9.0.1.jar:/home/sanket/.m2/repository/org/xerial/snappy/snappy-java/1.1.1.7/snappy-java-1.1.1.7.jar:/home/sanket/.m2/repository/net/jpountz/lz4/lz4/1.2.0/lz4-1.2.0.jar:/home/sanket/.m2/repository/com/yammer/metrics/metrics-core/2.2.0/metrics-core-2.2.0.jar:/home/sanket/.m2/repository/org/scala-lang/scala-library/2.10.5/scala-library-2.10.5.jar:/home/sanket/.m2/repository/net/sf/jopt-simple/jopt-simple/3.2/jopt-simple-3.2.jar:/home/sanket/.m2/repository/org/slf4j/slf4j-log4j12/1.7.6/slf4j-log4j12-1.7.6.jar:/home/sanket/.m2/repository/org/apache/zookeeper/zookeeper/3.4.6/zookeeper-3.4.6.jar:/home/sanket/.m2/repository/jline/jline/0.9.94/jline-0.9.94.jar:/home/sanket/.m2/repository/io/netty/netty/3.7.0.Final/netty-3.7.0.Final.jar:/home/sanket/.m2/repository/org/tensorflow/tensorflow/1.1.0/tensorflow-1.1.0.jar:/home/sanket/.m2/repository/org/tensorflow/libtensorflow/1.1.0/libtensorflow-1.1.0.jar:/home/sanket/.m2/repository/org/tensorflow/libtensorflow_jni/1.1.0/libtensorflow_jni-1.1.0.jar:/home/sanket/Documents/Tools/intelliJ/idea-IC-171.4694.23/lib/idea_rt.jar
6702 [main] INFO  org.apache.zookeeper.ZooKeeper  - Client environment:java.library.path=/home/sanket/Documents/Tools/intelliJ/idea-IC-171.4694.23/bin::/usr/java/packages/lib/amd64:/usr/lib/x86_64-linux-gnu/jni:/lib/x86_64-linux-gnu:/usr/lib/x86_64-linux-gnu:/usr/lib/jni:/lib:/usr/lib
6702 [main] INFO  org.apache.zookeeper.ZooKeeper  - Client environment:java.io.tmpdir=/tmp
6702 [main] INFO  org.apache.zookeeper.ZooKeeper  - Client environment:java.compiler=<NA>
6702 [main] INFO  org.apache.zookeeper.ZooKeeper  - Client environment:os.name=Linux
6702 [main] INFO  org.apache.zookeeper.ZooKeeper  - Client environment:os.arch=amd64
6702 [main] INFO  org.apache.zookeeper.ZooKeeper  - Client environment:os.version=4.10.0-32-generic
6702 [main] INFO  org.apache.zookeeper.ZooKeeper  - Client environment:user.name=sanket
6702 [main] INFO  org.apache.zookeeper.ZooKeeper  - Client environment:user.home=/home/sanket
6702 [main] INFO  org.apache.zookeeper.ZooKeeper  - Client environment:user.dir=/home/sanket/Documents/workspace/MarsRover/mars.rover
6703 [main] INFO  org.apache.zookeeper.ZooKeeper  - Initiating client connection, connectString=localhost:2181 sessionTimeout=6000 watcher=org.I0Itec.zkclient.ZkClient@6f96c77
6711 [main] INFO  org.I0Itec.zkclient.ZkClient  - Waiting for keeper state SyncConnected
6713 [main-SendThread(localhost:2181)] INFO  org.apache.zookeeper.ClientCnxn  - Opening socket connection to server localhost/127.0.0.1:2181. Will not attempt to authenticate using SASL (unknown error)
6716 [main-SendThread(localhost:2181)] INFO  org.apache.zookeeper.ClientCnxn  - Socket connection established to localhost/127.0.0.1:2181, initiating session
6721 [main-SendThread(localhost:2181)] INFO  org.apache.zookeeper.ClientCnxn  - Session establishment complete on server localhost/127.0.0.1:2181, sessionid = 0x15e11d1f1f20004, negotiated timeout = 6000
6722 [main-EventThread] INFO  org.I0Itec.zkclient.ZkClient  - zookeeper state changed (SyncConnected)
6731 [main] INFO  kafka.consumer.ZookeeperConsumerConnector  - [space.exploration.mars.newRover_zion-mainframe-1503538261810-2e911179], starting auto committer every 60000 ms
6751 [Thread-2] INFO  kafka.consumer.ZookeeperConsumerConnector  - [space.exploration.mars.newRover_zion-mainframe-1503538261810-2e911179], begin registering consumer space.exploration.mars.newRover_zion-mainframe-1503538261810-2e911179 in ZK
6771 [Thread-2] INFO  kafka.utils.ZKCheckedEphemeral  - Creating /consumers/space.exploration.mars.newRover/ids/space.exploration.mars.newRover_zion-mainframe-1503538261810-2e911179 (is it secure? false)
6780 [Thread-2] INFO  kafka.utils.ZKCheckedEphemeral  - Result of znode creation is: OK
6781 [Thread-2] INFO  kafka.consumer.ZookeeperConsumerConnector  - [space.exploration.mars.newRover_zion-mainframe-1503538261810-2e911179], end registering consumer space.exploration.mars.newRover_zion-mainframe-1503538261810-2e911179 in ZK
6785 [space.exploration.mars.newRover_zion-mainframe-1503538261810-2e911179_watcher_executor] INFO  kafka.consumer.ZookeeperConsumerConnector  - [space.exploration.mars.newRover_zion-mainframe-1503538261810-2e911179], starting watcher executor thread for consumer space.exploration.mars.newRover_zion-mainframe-1503538261810-2e911179
6798 [Thread-2] INFO  kafka.consumer.ZookeeperConsumerConnector  - [space.exploration.mars.newRover_zion-mainframe-1503538261810-2e911179], begin rebalancing consumer space.exploration.mars.newRover_zion-mainframe-1503538261810-2e911179 try #0
6875 [Thread-2] INFO  kafka.consumer.ConsumerFetcherManager  - [ConsumerFetcherManager-1503538261846] Stopping leader finder thread
6875 [Thread-2] INFO  kafka.consumer.ConsumerFetcherManager  - [ConsumerFetcherManager-1503538261846] Stopping all fetchers
6876 [Thread-2] INFO  kafka.consumer.ConsumerFetcherManager  - [ConsumerFetcherManager-1503538261846] All connections stopped
6876 [Thread-2] INFO  kafka.consumer.ZookeeperConsumerConnector  - [space.exploration.mars.newRover_zion-mainframe-1503538261810-2e911179], Cleared all relevant queues for this fetcher
6877 [Thread-2] INFO  kafka.consumer.ZookeeperConsumerConnector  - [space.exploration.mars.newRover_zion-mainframe-1503538261810-2e911179], Cleared the data chunks in all the consumer message iterators
6877 [Thread-2] INFO  kafka.consumer.ZookeeperConsumerConnector  - [space.exploration.mars.newRover_zion-mainframe-1503538261810-2e911179], Committing all offsets after clearing the fetcher queues
6879 [Thread-2] INFO  kafka.consumer.ZookeeperConsumerConnector  - [space.exploration.mars.newRover_zion-mainframe-1503538261810-2e911179], Releasing partition ownership
6903 [Thread-2] INFO  kafka.consumer.RangeAssignor  - Consumer space.exploration.mars.newRover_zion-mainframe-1503538261810-2e911179 rebalancing the following partitions: ArrayBuffer(0) for topic earth_to_curiosity_1 with consumers: List(space.exploration.mars.newRover_zion-mainframe-1503538261810-2e911179-0)
6904 [Thread-2] INFO  kafka.consumer.RangeAssignor  - space.exploration.mars.newRover_zion-mainframe-1503538261810-2e911179-0 attempting to claim partition 0
6922 [Thread-2] INFO  kafka.consumer.ZookeeperConsumerConnector  - [space.exploration.mars.newRover_zion-mainframe-1503538261810-2e911179], space.exploration.mars.newRover_zion-mainframe-1503538261810-2e911179-0 successfully owned partition 0 for topic earth_to_curiosity_1
6968 [Thread-2] INFO  kafka.consumer.ZookeeperConsumerConnector  - [space.exploration.mars.newRover_zion-mainframe-1503538261810-2e911179], Consumer space.exploration.mars.newRover_zion-mainframe-1503538261810-2e911179 selected partitions : earth_to_curiosity_1:0: fetched offset = 1692: consumed offset = 1692
6969 [space.exploration.mars.newRover_zion-mainframe-1503538261810-2e911179-leader-finder-thread] INFO  kafka.consumer.ConsumerFetcherManager$LeaderFinderThread  - [space.exploration.mars.newRover_zion-mainframe-1503538261810-2e911179-leader-finder-thread], Starting 
6969 [Thread-2] INFO  kafka.consumer.ZookeeperConsumerConnector  - [space.exploration.mars.newRover_zion-mainframe-1503538261810-2e911179], end rebalancing consumer space.exploration.mars.newRover_zion-mainframe-1503538261810-2e911179 try #0
6981 [space.exploration.mars.newRover_zion-mainframe-1503538261810-2e911179-leader-finder-thread] INFO  kafka.utils.VerifiableProperties  - Verifying properties
6981 [space.exploration.mars.newRover_zion-mainframe-1503538261810-2e911179-leader-finder-thread] INFO  kafka.utils.VerifiableProperties  - Property client.id is overridden to space.exploration.mars.newRover
6981 [space.exploration.mars.newRover_zion-mainframe-1503538261810-2e911179-leader-finder-thread] INFO  kafka.utils.VerifiableProperties  - Property metadata.broker.list is overridden to zion-mainframe:9092
6981 [space.exploration.mars.newRover_zion-mainframe-1503538261810-2e911179-leader-finder-thread] INFO  kafka.utils.VerifiableProperties  - Property request.timeout.ms is overridden to 30000
7001 [space.exploration.mars.newRover_zion-mainframe-1503538261810-2e911179-leader-finder-thread] INFO  kafka.client.ClientUtils$  - Fetching metadata from broker BrokerEndPoint(0,zion-mainframe,9092) with correlation id 0 for 1 topic(s) Set(earth_to_curiosity_1)
7006 [space.exploration.mars.newRover_zion-mainframe-1503538261810-2e911179-leader-finder-thread] INFO  kafka.producer.SyncProducer  - Connected to zion-mainframe:9092 for producing
7019 [space.exploration.mars.newRover_zion-mainframe-1503538261810-2e911179-leader-finder-thread] INFO  kafka.producer.SyncProducer  - Disconnecting from zion-mainframe:9092
7031 [ConsumerFetcherThread-space.exploration.mars.newRover_zion-mainframe-1503538261810-2e911179-0-0] INFO  kafka.consumer.ConsumerFetcherThread  - [ConsumerFetcherThread-space.exploration.mars.newRover_zion-mainframe-1503538261810-2e911179-0-0], Starting 
7035 [space.exploration.mars.newRover_zion-mainframe-1503538261810-2e911179-leader-finder-thread] INFO  kafka.consumer.ConsumerFetcherManager  - [ConsumerFetcherManager-1503538261846] Added fetcher for partitions ArrayBuffer([[earth_to_curiosity_1,0], initOffset 1692 to broker BrokerEndPoint(0,zion-mainframe,9092)] )
7733 [main] INFO  space.exploration.mars.rover.communication.Radio  - Radio configured:: 
metadata.broker.list::localhost:9092
source.topic::earth_to_curiosity_1
auto.offset.reset::largest
group.id::space.exploration.mars.newRover
destination.topic::curiosity_to_earth_1
zookeeper.connect::localhost:2181
8734 [main] INFO  space.exploration.mars.rover.sensor.Radar  - Radar configured:: 
15424 [pool-2-thread-1] INFO  space.exploration.mars.rover.power.BatteryMonitor  - BatteryMonitor performing due diligence. SCET = 1503538270541 Rover state = Transmitting State
18545 [main] INFO  kafka.client.ClientUtils$  - Fetching metadata from broker BrokerEndPoint(0,localhost,9092) with correlation id 0 for 1 topic(s) Set(curiosity_to_earth_1)
18546 [main] INFO  kafka.producer.SyncProducer  - Connected to localhost:9092 for producing
18548 [main] INFO  kafka.producer.SyncProducer  - Disconnecting from localhost:9092
18563 [main] INFO  kafka.producer.SyncProducer  - Connected to zion-mainframe:9092 for producing
34270 [Thread-2] INFO  space.exploration.mars.rover.kernel.ListeningState  - timeStamp: 1503538285769
targets {
  roverModule: 1
  estimatedPowerUsage: 40
  action: "Move"
  auxiliaryData: "\n\006\b\243\005\020\243\005"
}

40330 [Thread-2] INFO  space.exploration.mars.rover.kernel.MovingState  - In moving state, destination demanded = x: 675
y: 675

45424 [pool-2-thread-1] INFO  space.exploration.mars.rover.power.BatteryMonitor  - BatteryMonitor performing due diligence. SCET = 1503538300541 Rover state = Moving State
57996 [pool-1-thread-1] INFO  space.exploration.mars.rover.diagnostics.Pacemaker  - Pacemaker performing its due diligence.
75424 [pool-2-thread-1] INFO  space.exploration.mars.rover.power.BatteryMonitor  - BatteryMonitor performing due diligence. SCET = 1503538330541 Rover state = Moving State
105424 [pool-2-thread-1] INFO  space.exploration.mars.rover.power.BatteryMonitor  - BatteryMonitor performing due diligence. SCET = 1503538360541 Rover state = Transmitting State
117996 [pool-1-thread-1] INFO  space.exploration.mars.rover.diagnostics.Pacemaker  - Pacemaker performing its due diligence.
118038 [pool-1-thread-1] INFO  space.exploration.mars.rover.diagnostics.Pacemaker  - SCET: 1503538373122
equipmentHealth {
  key: "Battery"
  value: 1000
}
equipmentHealth {
  key: "Radio"
  value: 9997
}
equipmentHealth {
  key: "Lidar"
  value: 1000
}
equipmentHealth {
  key: "Camera"
  value: 1000
}
equipmentHealth {
  key: "Spectrometer"
  value: 1000
}
equipmentHealth {
  key: "Radar"
  value: 1000
}
batteryLevel: 959
moduleReporting: 3
notes: "This is rover Curiosity. Sending HeartBeat!"
location {
  x: 675
  y: 675
}

135424 [pool-2-thread-1] INFO  space.exploration.mars.rover.power.BatteryMonitor  - BatteryMonitor performing due diligence. SCET = 1503538390541 Rover state = Transmitting State
