6619 [main] INFO org.apache.kafka.clients.producer.ProducerConfig  - ProducerConfig values: 
	metric.reporters = []
	metadata.max.age.ms = 300000
	reconnect.backoff.ms = 50
	sasl.kerberos.ticket.renew.window.factor = 0.8
	bootstrap.servers = [localhost:9092]
	ssl.keystore.type = JKS
	sasl.mechanism = GSSAPI
	max.block.ms = 60000
	interceptor.classes = null
	ssl.truststore.password = null
	client.id = 
	ssl.endpoint.identification.algorithm = null
	request.timeout.ms = 30000
	acks = 1
	receive.buffer.bytes = 32768
	ssl.truststore.type = JKS
	retries = 0
	ssl.truststore.location = null
	ssl.keystore.password = null
	send.buffer.bytes = 131072
	compression.type = none
	metadata.fetch.timeout.ms = 60000
	retry.backoff.ms = 100
	sasl.kerberos.kinit.cmd = /usr/bin/kinit
	buffer.memory = 33554432
	timeout.ms = 30000
	key.serializer = class org.apache.kafka.common.serialization.StringSerializer
	sasl.kerberos.service.name = null
	sasl.kerberos.ticket.renew.jitter = 0.05
	ssl.trustmanager.algorithm = PKIX
	block.on.buffer.full = false
	ssl.key.password = null
	sasl.kerberos.min.time.before.relogin = 60000
	connections.max.idle.ms = 540000
	max.in.flight.requests.per.connection = 5
	metrics.num.samples = 2
	ssl.protocol = TLS
	ssl.provider = null
	ssl.enabled.protocols = [TLSv1.2, TLSv1.1, TLSv1]
	batch.size = 16384
	ssl.keystore.location = null
	ssl.cipher.suites = null
	security.protocol = PLAINTEXT
	max.request.size = 1048576
	value.serializer = class org.apache.kafka.common.serialization.ByteArraySerializer
	ssl.keymanager.algorithm = SunX509
	metrics.sample.window.ms = 30000
	partitioner.class = class org.apache.kafka.clients.producer.internals.DefaultPartitioner
	linger.ms = 0

6689 [main] INFO org.apache.kafka.clients.producer.ProducerConfig  - ProducerConfig values: 
	metric.reporters = []
	metadata.max.age.ms = 300000
	reconnect.backoff.ms = 50
	sasl.kerberos.ticket.renew.window.factor = 0.8
	bootstrap.servers = [localhost:9092]
	ssl.keystore.type = JKS
	sasl.mechanism = GSSAPI
	max.block.ms = 60000
	interceptor.classes = null
	ssl.truststore.password = null
	client.id = producer-1
	ssl.endpoint.identification.algorithm = null
	request.timeout.ms = 30000
	acks = 1
	receive.buffer.bytes = 32768
	ssl.truststore.type = JKS
	retries = 0
	ssl.truststore.location = null
	ssl.keystore.password = null
	send.buffer.bytes = 131072
	compression.type = none
	metadata.fetch.timeout.ms = 60000
	retry.backoff.ms = 100
	sasl.kerberos.kinit.cmd = /usr/bin/kinit
	buffer.memory = 33554432
	timeout.ms = 30000
	key.serializer = class org.apache.kafka.common.serialization.StringSerializer
	sasl.kerberos.service.name = null
	sasl.kerberos.ticket.renew.jitter = 0.05
	ssl.trustmanager.algorithm = PKIX
	block.on.buffer.full = false
	ssl.key.password = null
	sasl.kerberos.min.time.before.relogin = 60000
	connections.max.idle.ms = 540000
	max.in.flight.requests.per.connection = 5
	metrics.num.samples = 2
	ssl.protocol = TLS
	ssl.provider = null
	ssl.enabled.protocols = [TLSv1.2, TLSv1.1, TLSv1]
	batch.size = 16384
	ssl.keystore.location = null
	ssl.cipher.suites = null
	security.protocol = PLAINTEXT
	max.request.size = 1048576
	value.serializer = class org.apache.kafka.common.serialization.ByteArraySerializer
	ssl.keymanager.algorithm = SunX509
	metrics.sample.window.ms = 30000
	partitioner.class = class org.apache.kafka.clients.producer.internals.DefaultPartitioner
	linger.ms = 0

6689 [main] WARN org.apache.kafka.clients.producer.ProducerConfig  - The configuration zookeeper.connect = localhost:2181 was supplied but isn't a known config.
6689 [main] WARN org.apache.kafka.clients.producer.ProducerConfig  - The configuration group.id = space.exploration.mars.newRover was supplied but isn't a known config.
6689 [main] WARN org.apache.kafka.clients.producer.ProducerConfig  - The configuration source.topic = earth_to_curiosity_3 was supplied but isn't a known config.
6689 [main] WARN org.apache.kafka.clients.producer.ProducerConfig  - The configuration auto.offset.reset = largest was supplied but isn't a known config.
6689 [main] WARN org.apache.kafka.clients.producer.ProducerConfig  - The configuration metadata.broker.list = localhost:9092 was supplied but isn't a known config.
6689 [main] WARN org.apache.kafka.clients.producer.ProducerConfig  - The configuration destination.topic = curiosity_to_earth_3 was supplied but isn't a known config.
6690 [main] INFO org.apache.kafka.common.utils.AppInfoParser  - Kafka version : 0.10.0.1
6690 [main] INFO org.apache.kafka.common.utils.AppInfoParser  - Kafka commitId : a7a17cdec9eaa6c5
6795 [main] INFO kafka.utils.VerifiableProperties  - Verifying properties
6814 [main] INFO kafka.utils.VerifiableProperties  - Property auto.offset.reset is overridden to largest
6814 [main] WARN kafka.utils.VerifiableProperties  - Property bootstrap.servers is not valid
6814 [main] WARN kafka.utils.VerifiableProperties  - Property destination.topic is not valid
6814 [main] INFO kafka.utils.VerifiableProperties  - Property group.id is overridden to space.exploration.mars.newRover
6814 [main] WARN kafka.utils.VerifiableProperties  - Property key.serializer is not valid
6814 [main] WARN kafka.utils.VerifiableProperties  - Property metadata.broker.list is not valid
6814 [main] WARN kafka.utils.VerifiableProperties  - Property source.topic is not valid
6814 [main] WARN kafka.utils.VerifiableProperties  - Property value.serializer is not valid
6814 [main] INFO kafka.utils.VerifiableProperties  - Property zookeeper.connect is overridden to localhost:2181
6844 [main] INFO kafka.consumer.ZookeeperConsumerConnector  - [space.exploration.mars.newRover_zion-portable-1507837662522-893d508b], Connecting to zookeeper instance at localhost:2181
6850 [ZkClient-EventThread-25-localhost:2181] INFO org.I0Itec.zkclient.ZkEventThread  - Starting ZkClient event thread.
6853 [main] INFO org.apache.zookeeper.ZooKeeper  - Client environment:zookeeper.version=3.4.6-1569965, built on 02/20/2014 09:09 GMT
6853 [main] INFO org.apache.zookeeper.ZooKeeper  - Client environment:host.name=zion-portable
6853 [main] INFO org.apache.zookeeper.ZooKeeper  - Client environment:java.version=1.8.0_131
6853 [main] INFO org.apache.zookeeper.ZooKeeper  - Client environment:java.vendor=Oracle Corporation
6854 [main] INFO org.apache.zookeeper.ZooKeeper  - Client environment:java.home=/usr/lib/jvm/java-8-openjdk-amd64/jre
6854 [main] INFO org.apache.zookeeper.ZooKeeper  - Client environment:java.class.path=target/mars.rover-0.0.1-SOLSHOT-shaded.jar
6854 [main] INFO org.apache.zookeeper.ZooKeeper  - Client environment:java.library.path=/usr/java/packages/lib/amd64:/usr/lib/x86_64-linux-gnu/jni:/lib/x86_64-linux-gnu:/usr/lib/x86_64-linux-gnu:/usr/lib/jni:/lib:/usr/lib
6854 [main] INFO org.apache.zookeeper.ZooKeeper  - Client environment:java.io.tmpdir=/tmp
6854 [main] INFO org.apache.zookeeper.ZooKeeper  - Client environment:java.compiler=<NA>
6854 [main] INFO org.apache.zookeeper.ZooKeeper  - Client environment:os.name=Linux
6854 [main] INFO org.apache.zookeeper.ZooKeeper  - Client environment:os.arch=amd64
6854 [main] INFO org.apache.zookeeper.ZooKeeper  - Client environment:os.version=4.10.0-37-generic
6854 [main] INFO org.apache.zookeeper.ZooKeeper  - Client environment:user.name=sanket
6854 [main] INFO org.apache.zookeeper.ZooKeeper  - Client environment:user.home=/home/sanket
6854 [main] INFO org.apache.zookeeper.ZooKeeper  - Client environment:user.dir=/home/sanket/Documents/workspace/MarsRover/mars.rover
6854 [main] INFO org.apache.zookeeper.ZooKeeper  - Initiating client connection, connectString=localhost:2181 sessionTimeout=6000 watcher=org.I0Itec.zkclient.ZkClient@5f058f00
6870 [main] INFO org.I0Itec.zkclient.ZkClient  - Waiting for keeper state SyncConnected
6872 [main-SendThread(localhost:2181)] INFO org.apache.zookeeper.ClientCnxn  - Opening socket connection to server localhost/127.0.0.1:2181. Will not attempt to authenticate using SASL (unknown error)
6875 [main-SendThread(localhost:2181)] INFO org.apache.zookeeper.ClientCnxn  - Socket connection established to localhost/127.0.0.1:2181, initiating session
6881 [main-SendThread(localhost:2181)] INFO org.apache.zookeeper.ClientCnxn  - Session establishment complete on server localhost/127.0.0.1:2181, sessionid = 0x15f1143e1b91282, negotiated timeout = 6000
6882 [main-EventThread] INFO org.I0Itec.zkclient.ZkClient  - zookeeper state changed (SyncConnected)
6890 [main] INFO kafka.consumer.ZookeeperConsumerConnector  - [space.exploration.mars.newRover_zion-portable-1507837662522-893d508b], starting auto committer every 60000 ms
6909 [Thread-1] INFO kafka.consumer.ZookeeperConsumerConnector  - [space.exploration.mars.newRover_zion-portable-1507837662522-893d508b], begin registering consumer space.exploration.mars.newRover_zion-portable-1507837662522-893d508b in ZK
6927 [Thread-1] INFO kafka.utils.ZKCheckedEphemeral  - Creating /consumers/space.exploration.mars.newRover/ids/space.exploration.mars.newRover_zion-portable-1507837662522-893d508b (is it secure? false)
6935 [Thread-1] INFO kafka.utils.ZKCheckedEphemeral  - Result of znode creation is: OK
6936 [Thread-1] INFO kafka.consumer.ZookeeperConsumerConnector  - [space.exploration.mars.newRover_zion-portable-1507837662522-893d508b], end registering consumer space.exploration.mars.newRover_zion-portable-1507837662522-893d508b in ZK
6938 [space.exploration.mars.newRover_zion-portable-1507837662522-893d508b_watcher_executor] INFO kafka.consumer.ZookeeperConsumerConnector  - [space.exploration.mars.newRover_zion-portable-1507837662522-893d508b], starting watcher executor thread for consumer space.exploration.mars.newRover_zion-portable-1507837662522-893d508b
6951 [Thread-1] INFO kafka.consumer.ZookeeperConsumerConnector  - [space.exploration.mars.newRover_zion-portable-1507837662522-893d508b], begin rebalancing consumer space.exploration.mars.newRover_zion-portable-1507837662522-893d508b try #0
7030 [Thread-1] INFO kafka.consumer.ConsumerFetcherManager  - [ConsumerFetcherManager-1507837662567] Stopping leader finder thread
7030 [Thread-1] INFO kafka.consumer.ConsumerFetcherManager  - [ConsumerFetcherManager-1507837662567] Stopping all fetchers
7031 [Thread-1] INFO kafka.consumer.ConsumerFetcherManager  - [ConsumerFetcherManager-1507837662567] All connections stopped
7031 [Thread-1] INFO kafka.consumer.ZookeeperConsumerConnector  - [space.exploration.mars.newRover_zion-portable-1507837662522-893d508b], Cleared all relevant queues for this fetcher
7032 [Thread-1] INFO kafka.consumer.ZookeeperConsumerConnector  - [space.exploration.mars.newRover_zion-portable-1507837662522-893d508b], Cleared the data chunks in all the consumer message iterators
7032 [Thread-1] INFO kafka.consumer.ZookeeperConsumerConnector  - [space.exploration.mars.newRover_zion-portable-1507837662522-893d508b], Committing all offsets after clearing the fetcher queues
7033 [Thread-1] INFO kafka.consumer.ZookeeperConsumerConnector  - [space.exploration.mars.newRover_zion-portable-1507837662522-893d508b], Releasing partition ownership
7051 [Thread-1] INFO kafka.consumer.RangeAssignor  - Consumer space.exploration.mars.newRover_zion-portable-1507837662522-893d508b rebalancing the following partitions: ArrayBuffer(0) for topic earth_to_curiosity_2 with consumers: List(space.exploration.mars.newRover_zion-portable-1507837662522-893d508b-0)
7052 [Thread-1] INFO kafka.consumer.RangeAssignor  - space.exploration.mars.newRover_zion-portable-1507837662522-893d508b-0 attempting to claim partition 0
7067 [Thread-1] INFO kafka.consumer.ZookeeperConsumerConnector  - [space.exploration.mars.newRover_zion-portable-1507837662522-893d508b], space.exploration.mars.newRover_zion-portable-1507837662522-893d508b-0 successfully owned partition 0 for topic earth_to_curiosity_2
7113 [Thread-1] INFO kafka.consumer.ZookeeperConsumerConnector  - [space.exploration.mars.newRover_zion-portable-1507837662522-893d508b], Consumer space.exploration.mars.newRover_zion-portable-1507837662522-893d508b selected partitions : earth_to_curiosity_2:0: fetched offset = 63: consumed offset = 63
7114 [space.exploration.mars.newRover_zion-portable-1507837662522-893d508b-leader-finder-thread] INFO kafka.consumer.ConsumerFetcherManager$LeaderFinderThread  - [space.exploration.mars.newRover_zion-portable-1507837662522-893d508b-leader-finder-thread], Starting 
7114 [Thread-1] INFO kafka.consumer.ZookeeperConsumerConnector  - [space.exploration.mars.newRover_zion-portable-1507837662522-893d508b], end rebalancing consumer space.exploration.mars.newRover_zion-portable-1507837662522-893d508b try #0
7127 [space.exploration.mars.newRover_zion-portable-1507837662522-893d508b-leader-finder-thread] INFO kafka.utils.VerifiableProperties  - Verifying properties
7128 [space.exploration.mars.newRover_zion-portable-1507837662522-893d508b-leader-finder-thread] INFO kafka.utils.VerifiableProperties  - Property client.id is overridden to space.exploration.mars.newRover
7128 [space.exploration.mars.newRover_zion-portable-1507837662522-893d508b-leader-finder-thread] INFO kafka.utils.VerifiableProperties  - Property metadata.broker.list is overridden to zion-portable:9092
7128 [space.exploration.mars.newRover_zion-portable-1507837662522-893d508b-leader-finder-thread] INFO kafka.utils.VerifiableProperties  - Property request.timeout.ms is overridden to 30000
7139 [space.exploration.mars.newRover_zion-portable-1507837662522-893d508b-leader-finder-thread] INFO kafka.client.ClientUtils$  - Fetching metadata from broker BrokerEndPoint(0,zion-portable,9092) with correlation id 0 for 1 topic(s) Set(earth_to_curiosity_2)
7142 [space.exploration.mars.newRover_zion-portable-1507837662522-893d508b-leader-finder-thread] INFO kafka.producer.SyncProducer  - Connected to zion-portable:9092 for producing
7150 [space.exploration.mars.newRover_zion-portable-1507837662522-893d508b-leader-finder-thread] INFO kafka.producer.SyncProducer  - Disconnecting from zion-portable:9092
7162 [ConsumerFetcherThread-space.exploration.mars.newRover_zion-portable-1507837662522-893d508b-0-0] INFO kafka.consumer.ConsumerFetcherThread  - [ConsumerFetcherThread-space.exploration.mars.newRover_zion-portable-1507837662522-893d508b-0-0], Starting 
7164 [space.exploration.mars.newRover_zion-portable-1507837662522-893d508b-leader-finder-thread] INFO kafka.consumer.ConsumerFetcherManager  - [ConsumerFetcherManager-1507837662567] Added fetcher for partitions ArrayBuffer([[earth_to_curiosity_2,0], initOffset 63 to broker BrokerEndPoint(0,zion-portable,9092)] )
36253 [kafka-producer-network-thread | producer-1] WARN org.apache.kafka.clients.NetworkClient  - Error while fetching metadata with correlation id 0 : {curiosity_to_earth_3=LEADER_NOT_AVAILABLE}
36365 [kafka-producer-network-thread | producer-1] WARN org.apache.kafka.clients.NetworkClient  - Error while fetching metadata with correlation id 1 : {curiosity_to_earth_3=LEADER_NOT_AVAILABLE}
36476 [kafka-producer-network-thread | producer-1] WARN org.apache.kafka.clients.NetworkClient  - Error while fetching metadata with correlation id 2 : {curiosity_to_earth_3=LEADER_NOT_AVAILABLE}
36587 [kafka-producer-network-thread | producer-1] WARN org.apache.kafka.clients.NetworkClient  - Error while fetching metadata with correlation id 3 : {curiosity_to_earth_3=LEADER_NOT_AVAILABLE}
45778 [Thread-1] INFO space.exploration.mars.rover.kernel.ListeningState  - 1507837701457,1,Move Current instructionQueue length = 0
45854 [Thread-1] INFO space.exploration.mars.rover.sensor.TelemetrySensor  - Telemetry relay commenced.
71609 [Thread-1] INFO space.exploration.mars.rover.sensor.TelemetrySensor  - Telemetry relay stopped, number of telemetryDataPoints = 60
