2018-06-04 14:34:24,194 [roverMain] INFO  space.exploration.mars.rover.kernel.Rover - IsDirectory result = true
2018-06-04 14:34:24,242 [roverMain] INFO  space.exploration.mars.rover.kernel.Rover - Could not get timestamp for :: 0
2018-06-04 14:34:24,243 [roverMain] INFO  space.exploration.mars.rover.kernel.Rover - Could not get timestamp for :: 0
2018-06-04 14:34:24,243 [roverMain] INFO  space.exploration.mars.rover.kernel.Rover - Could not get timestamp for :: 0
2018-06-04 14:34:24,243 [roverMain] INFO  space.exploration.mars.rover.kernel.Rover - Could not get timestamp for :: 0
2018-06-04 14:34:24,243 [roverMain] INFO  space.exploration.mars.rover.kernel.Rover - Could not get timestamp for :: 0
2018-06-04 14:34:24,243 [roverMain] INFO  space.exploration.mars.rover.kernel.Rover - Could not get timestamp for :: 0
2018-06-04 14:34:24,243 [roverMain] INFO  space.exploration.mars.rover.kernel.Rover - Could not get timestamp for :: 0
2018-06-04 14:34:24,243 [roverMain] INFO  space.exploration.mars.rover.kernel.Rover - Could not get timestamp for :: 0
2018-06-04 14:34:24,243 [roverMain] INFO  space.exploration.mars.rover.kernel.Rover - Could not get timestamp for :: 0
2018-06-04 14:34:24,243 [roverMain] INFO  space.exploration.mars.rover.kernel.Rover - Could not get timestamp for :: 0
2018-06-04 14:34:24,243 [roverMain] INFO  space.exploration.mars.rover.kernel.Rover - Could not get timestamp for :: 0
2018-06-04 14:34:24,243 [roverMain] INFO  space.exploration.mars.rover.kernel.Rover - Could not get timestamp for :: 0
2018-06-04 14:34:24,244 [roverMain] INFO  space.exploration.mars.rover.kernel.Rover - Could not get timestamp for :: 0
2018-06-04 14:34:24,244 [roverMain] INFO  space.exploration.mars.rover.kernel.Rover - Could not get timestamp for :: 0
2018-06-04 14:34:24,244 [roverMain] INFO  space.exploration.mars.rover.kernel.Rover - Could not get timestamp for :: 0
2018-06-04 14:34:24,244 [roverMain] INFO  space.exploration.mars.rover.kernel.Rover - Could not get timestamp for :: 0
2018-06-04 14:34:24,244 [roverMain] INFO  space.exploration.mars.rover.kernel.Rover - Could not get timestamp for :: 0
2018-06-04 14:34:24,244 [roverMain] INFO  space.exploration.mars.rover.kernel.Rover - Could not get timestamp for :: 0
2018-06-04 14:34:24,244 [roverMain] INFO  space.exploration.mars.rover.kernel.Rover - Could not get timestamp for :: 0
2018-06-04 14:34:24,244 [roverMain] INFO  space.exploration.mars.rover.kernel.Rover - Could not get timestamp for :: 0
2018-06-04 14:34:24,244 [roverMain] INFO  space.exploration.mars.rover.kernel.Rover - Could not get timestamp for :: 0
2018-06-04 14:34:24,245 [roverMain] INFO  space.exploration.mars.rover.kernel.Rover - Could not get timestamp for :: 0
2018-06-04 14:34:24,245 [roverMain] INFO  space.exploration.mars.rover.kernel.Rover - Could not get timestamp for :: 0
2018-06-04 14:34:24,245 [roverMain] INFO  space.exploration.mars.rover.kernel.Rover - Could not get timestamp for :: 0
2018-06-04 14:34:24,245 [roverMain] INFO  space.exploration.mars.rover.kernel.Rover - Could not get timestamp for :: 0
2018-06-04 14:34:24,245 [roverMain] INFO  space.exploration.mars.rover.kernel.Rover - Could not get timestamp for :: 0
2018-06-04 14:34:24,245 [roverMain] INFO  space.exploration.mars.rover.kernel.Rover - Could not get timestamp for :: 0
2018-06-04 14:34:24,245 [roverMain] INFO  space.exploration.mars.rover.kernel.Rover - Could not get timestamp for :: 0
2018-06-04 14:34:24,246 [roverMain] INFO  space.exploration.mars.rover.kernel.Rover - Could not get timestamp for :: 0
2018-06-04 14:34:24,246 [roverMain] INFO  space.exploration.mars.rover.kernel.Rover - Could not get timestamp for :: 0
2018-06-04 14:34:24,246 [roverMain] INFO  space.exploration.mars.rover.kernel.Rover - Could not get timestamp for :: 0
2018-06-04 14:34:24,246 [roverMain] INFO  space.exploration.mars.rover.kernel.Rover - Could not get timestamp for :: 0
2018-06-04 14:34:24,246 [roverMain] INFO  space.exploration.mars.rover.kernel.Rover - Could not get timestamp for :: 0
2018-06-04 14:34:24,246 [roverMain] INFO  space.exploration.mars.rover.kernel.Rover - Could not get timestamp for :: 0
2018-06-04 14:34:24,246 [roverMain] INFO  space.exploration.mars.rover.kernel.Rover - Could not get timestamp for :: 0
2018-06-04 14:34:24,246 [roverMain] INFO  space.exploration.mars.rover.kernel.Rover - Could not get timestamp for :: 0
2018-06-04 14:34:24,246 [roverMain] INFO  space.exploration.mars.rover.kernel.Rover - Could not get timestamp for :: 0
2018-06-04 14:34:24,246 [roverMain] INFO  space.exploration.mars.rover.kernel.Rover - Could not get timestamp for :: 0
2018-06-04 14:34:24,247 [roverMain] INFO  space.exploration.mars.rover.kernel.Rover - Could not get timestamp for :: 0
2018-06-04 14:34:24,247 [roverMain] INFO  space.exploration.mars.rover.kernel.Rover - Could not get timestamp for :: 0
2018-06-04 14:34:24,247 [roverMain] INFO  space.exploration.mars.rover.kernel.Rover - Could not get timestamp for :: 0
2018-06-04 14:34:24,247 [roverMain] INFO  space.exploration.mars.rover.kernel.Rover - Could not get timestamp for :: 0
2018-06-04 14:34:24,247 [roverMain] INFO  space.exploration.mars.rover.kernel.Rover - Could not get timestamp for :: 0
2018-06-04 14:34:24,247 [roverMain] INFO  space.exploration.mars.rover.kernel.Rover - Could not get timestamp for :: 0
2018-06-04 14:34:24,247 [roverMain] INFO  space.exploration.mars.rover.kernel.Rover - Could not get timestamp for :: 0
2018-06-04 14:34:24,247 [roverMain] INFO  space.exploration.mars.rover.kernel.Rover - Could not get timestamp for :: 0
2018-06-04 14:34:24,247 [roverMain] INFO  space.exploration.mars.rover.kernel.Rover - Could not get timestamp for :: 0
2018-06-04 14:34:24,247 [roverMain] INFO  space.exploration.mars.rover.kernel.Rover - Could not get timestamp for :: 0
2018-06-04 14:34:24,247 [roverMain] INFO  space.exploration.mars.rover.kernel.Rover - Could not get timestamp for :: 0
2018-06-04 14:34:24,247 [roverMain] INFO  space.exploration.mars.rover.kernel.Rover - Could not get timestamp for :: 0
2018-06-04 14:34:24,248 [roverMain] INFO  space.exploration.mars.rover.kernel.Rover - Could not get timestamp for :: 0
2018-06-04 14:34:24,248 [roverMain] INFO  space.exploration.mars.rover.kernel.Rover - Could not get timestamp for :: 0
2018-06-04 14:34:24,248 [roverMain] INFO  space.exploration.mars.rover.kernel.Rover - Could not get timestamp for :: 0
2018-06-04 14:34:24,248 [roverMain] INFO  space.exploration.mars.rover.kernel.Rover - Could not get timestamp for :: 0
2018-06-04 14:34:24,248 [roverMain] INFO  space.exploration.mars.rover.kernel.Rover - Could not get timestamp for :: 0
2018-06-04 14:34:24,248 [roverMain] INFO  space.exploration.mars.rover.kernel.Rover - Could not get timestamp for :: 0
2018-06-04 14:34:24,248 [roverMain] INFO  space.exploration.mars.rover.kernel.Rover - Could not get timestamp for :: 0
2018-06-04 14:34:24,248 [roverMain] INFO  space.exploration.mars.rover.kernel.Rover - Could not get timestamp for :: 0
2018-06-04 14:34:24,248 [roverMain] INFO  space.exploration.mars.rover.kernel.Rover - Could not get timestamp for :: 0
2018-06-04 14:34:24,248 [roverMain] INFO  space.exploration.mars.rover.kernel.Rover - Could not get timestamp for :: 0
2018-06-04 14:34:24,248 [roverMain] INFO  space.exploration.mars.rover.kernel.Rover - Could not get timestamp for :: 0
2018-06-04 14:34:24,248 [roverMain] INFO  space.exploration.mars.rover.kernel.Rover - Could not get timestamp for :: 0
2018-06-04 14:34:24,248 [roverMain] INFO  space.exploration.mars.rover.kernel.Rover - Could not get timestamp for :: 0
2018-06-04 14:34:24,249 [roverMain] INFO  space.exploration.mars.rover.kernel.Rover - Could not get timestamp for :: 0
2018-06-04 14:34:24,249 [roverMain] INFO  space.exploration.mars.rover.kernel.Rover - Could not get timestamp for :: 0
2018-06-04 14:34:24,249 [roverMain] INFO  space.exploration.mars.rover.kernel.Rover - Could not get timestamp for :: 0
2018-06-04 14:34:24,249 [roverMain] INFO  space.exploration.mars.rover.kernel.Rover - Could not get timestamp for :: 0
2018-06-04 14:34:24,249 [roverMain] INFO  space.exploration.mars.rover.kernel.Rover - Could not get timestamp for :: 0
2018-06-04 14:34:24,249 [roverMain] INFO  space.exploration.mars.rover.kernel.Rover - Could not get timestamp for :: 0
2018-06-04 14:34:24,249 [roverMain] INFO  space.exploration.mars.rover.kernel.Rover - Could not get timestamp for :: 0
2018-06-04 14:34:24,249 [roverMain] INFO  space.exploration.mars.rover.kernel.Rover - Could not get timestamp for :: 0
2018-06-04 14:34:24,249 [roverMain] INFO  space.exploration.mars.rover.kernel.Rover - Could not get timestamp for :: 0
2018-06-04 14:34:24,249 [roverMain] INFO  space.exploration.mars.rover.kernel.Rover - Could not get timestamp for :: 0
2018-06-04 14:34:24,249 [roverMain] INFO  space.exploration.mars.rover.kernel.Rover - Could not get timestamp for :: 0
2018-06-04 14:34:24,249 [roverMain] INFO  space.exploration.mars.rover.kernel.Rover - Could not get timestamp for :: 0
2018-06-04 14:34:24,249 [roverMain] INFO  space.exploration.mars.rover.kernel.Rover - Could not get timestamp for :: 0
2018-06-04 14:34:24,249 [roverMain] INFO  space.exploration.mars.rover.kernel.Rover - Could not get timestamp for :: 0
2018-06-04 14:34:24,249 [roverMain] INFO  space.exploration.mars.rover.kernel.Rover - Could not get timestamp for :: 0
2018-06-04 14:34:24,250 [roverMain] INFO  space.exploration.mars.rover.kernel.Rover - Could not get timestamp for :: 0
2018-06-04 14:34:24,250 [roverMain] INFO  space.exploration.mars.rover.kernel.Rover - Could not get timestamp for :: 0
2018-06-04 14:34:24,250 [roverMain] INFO  space.exploration.mars.rover.kernel.Rover - Could not get timestamp for :: 0
2018-06-04 14:34:24,250 [roverMain] INFO  space.exploration.mars.rover.kernel.Rover - Could not get timestamp for :: 0
2018-06-04 14:34:24,250 [roverMain] INFO  space.exploration.mars.rover.kernel.Rover - Could not get timestamp for :: 0
2018-06-04 14:34:24,250 [roverMain] INFO  space.exploration.mars.rover.kernel.Rover - Could not get timestamp for :: 0
2018-06-04 14:34:24,250 [roverMain] INFO  space.exploration.mars.rover.kernel.Rover - Could not get timestamp for :: 0
2018-06-04 14:34:24,250 [roverMain] INFO  space.exploration.mars.rover.kernel.Rover - Could not get timestamp for :: 0
2018-06-04 14:34:24,250 [roverMain] INFO  space.exploration.mars.rover.kernel.Rover - Could not get timestamp for :: 0
2018-06-04 14:34:24,250 [roverMain] INFO  space.exploration.mars.rover.kernel.Rover - Could not get timestamp for :: 0
2018-06-04 14:34:24,250 [roverMain] INFO  space.exploration.mars.rover.kernel.Rover - Could not get timestamp for :: 0
2018-06-04 14:34:24,250 [roverMain] INFO  space.exploration.mars.rover.kernel.Rover - Could not get timestamp for :: 0
2018-06-04 14:34:24,250 [roverMain] INFO  space.exploration.mars.rover.kernel.Rover - Could not get timestamp for :: 0
2018-06-04 14:34:24,250 [roverMain] INFO  space.exploration.mars.rover.kernel.Rover - Could not get timestamp for :: 0
2018-06-04 14:34:24,251 [roverMain] INFO  space.exploration.mars.rover.kernel.Rover - Could not get timestamp for :: 0
2018-06-04 14:34:24,251 [roverMain] INFO  space.exploration.mars.rover.kernel.Rover - Could not get timestamp for :: 0
2018-06-04 14:34:24,251 [roverMain] INFO  space.exploration.mars.rover.kernel.Rover - Could not get timestamp for :: 0
2018-06-04 14:34:24,251 [roverMain] INFO  space.exploration.mars.rover.kernel.Rover - Could not get timestamp for :: 0
2018-06-04 14:34:24,251 [roverMain] INFO  space.exploration.mars.rover.kernel.Rover - Could not get timestamp for :: 0
2018-06-04 14:34:24,251 [roverMain] INFO  space.exploration.mars.rover.kernel.Rover - Could not get timestamp for :: 0
2018-06-04 14:34:24,251 [roverMain] INFO  space.exploration.mars.rover.kernel.Rover - Could not get timestamp for :: 0
2018-06-04 14:34:24,251 [roverMain] INFO  space.exploration.mars.rover.kernel.Rover - Could not get timestamp for :: 0
2018-06-04 14:34:24,251 [roverMain] INFO  space.exploration.mars.rover.kernel.Rover - Could not get timestamp for :: 0
2018-06-04 14:34:24,251 [roverMain] INFO  space.exploration.mars.rover.kernel.Rover - Could not get timestamp for :: 0
2018-06-04 14:34:24,251 [roverMain] INFO  space.exploration.mars.rover.kernel.Rover - Could not get timestamp for :: 0
2018-06-04 14:34:24,251 [roverMain] INFO  space.exploration.mars.rover.kernel.Rover - Could not get timestamp for :: 0
2018-06-04 14:34:24,251 [roverMain] INFO  space.exploration.mars.rover.kernel.Rover - Could not get timestamp for :: 0
2018-06-04 14:34:24,251 [roverMain] INFO  space.exploration.mars.rover.kernel.Rover - Could not get timestamp for :: 0
2018-06-04 14:34:24,251 [roverMain] INFO  space.exploration.mars.rover.kernel.Rover - Could not get timestamp for :: 0
2018-06-04 14:34:24,252 [roverMain] INFO  space.exploration.mars.rover.kernel.Rover - Could not get timestamp for :: 0
2018-06-04 14:34:24,252 [roverMain] INFO  space.exploration.mars.rover.kernel.Rover - Could not get timestamp for :: 0
2018-06-04 14:34:24,252 [roverMain] INFO  space.exploration.mars.rover.kernel.Rover - Could not get timestamp for :: 0
2018-06-04 14:34:24,252 [roverMain] INFO  space.exploration.mars.rover.kernel.Rover - Could not get timestamp for :: 0
2018-06-04 14:34:24,252 [roverMain] INFO  space.exploration.mars.rover.kernel.Rover - Could not get timestamp for :: 0
2018-06-04 14:34:24,252 [roverMain] INFO  space.exploration.mars.rover.kernel.Rover - Could not get timestamp for :: 0
2018-06-04 14:34:24,252 [roverMain] INFO  space.exploration.mars.rover.kernel.Rover - Could not get timestamp for :: 0
2018-06-04 14:34:24,252 [roverMain] INFO  space.exploration.mars.rover.kernel.Rover - Could not get timestamp for :: 0
2018-06-04 14:34:24,252 [roverMain] INFO  space.exploration.mars.rover.kernel.Rover - Could not get timestamp for :: 0
2018-06-04 14:34:24,252 [roverMain] INFO  space.exploration.mars.rover.kernel.Rover - Could not get timestamp for :: 0
2018-06-04 14:34:24,252 [roverMain] INFO  space.exploration.mars.rover.kernel.Rover - Could not get timestamp for :: 0
2018-06-04 14:34:24,252 [roverMain] INFO  space.exploration.mars.rover.kernel.Rover - Could not get timestamp for :: 0
2018-06-04 14:34:24,252 [roverMain] INFO  space.exploration.mars.rover.kernel.Rover - Could not get timestamp for :: 0
2018-06-04 14:34:24,252 [roverMain] INFO  space.exploration.mars.rover.kernel.Rover - Could not get timestamp for :: 0
2018-06-04 14:34:24,252 [roverMain] INFO  space.exploration.mars.rover.kernel.Rover - Could not get timestamp for :: 0
2018-06-04 14:34:24,252 [roverMain] INFO  space.exploration.mars.rover.kernel.Rover - Could not get timestamp for :: 0
2018-06-04 14:34:24,253 [roverMain] INFO  space.exploration.mars.rover.kernel.Rover - Could not get timestamp for :: 0
2018-06-04 14:34:24,253 [roverMain] INFO  space.exploration.mars.rover.kernel.Rover - Could not get timestamp for :: 0
2018-06-04 14:34:24,253 [roverMain] INFO  space.exploration.mars.rover.kernel.Rover - Could not get timestamp for :: 0
2018-06-04 14:34:24,253 [roverMain] INFO  space.exploration.mars.rover.kernel.Rover - Could not get timestamp for :: 0
2018-06-04 14:34:24,253 [roverMain] INFO  space.exploration.mars.rover.kernel.Rover - Could not get timestamp for :: 0
2018-06-04 14:34:24,253 [roverMain] INFO  space.exploration.mars.rover.kernel.Rover - Could not get timestamp for :: 0
2018-06-04 14:34:24,253 [roverMain] INFO  space.exploration.mars.rover.kernel.Rover - Could not get timestamp for :: 0
2018-06-04 14:34:24,253 [roverMain] INFO  space.exploration.mars.rover.kernel.Rover - Could not get timestamp for :: 0
2018-06-04 14:34:24,253 [roverMain] INFO  space.exploration.mars.rover.kernel.Rover - Could not get timestamp for :: 0
2018-06-04 14:34:24,253 [roverMain] INFO  space.exploration.mars.rover.kernel.Rover - Could not get timestamp for :: 0
2018-06-04 14:34:24,253 [roverMain] INFO  space.exploration.mars.rover.kernel.Rover - Could not get timestamp for :: 0
2018-06-04 14:34:24,253 [roverMain] INFO  space.exploration.mars.rover.kernel.Rover - Could not get timestamp for :: 0
2018-06-04 14:34:24,253 [roverMain] INFO  space.exploration.mars.rover.kernel.Rover - Could not get timestamp for :: 0
2018-06-04 14:34:24,254 [roverMain] INFO  space.exploration.mars.rover.kernel.Rover - Could not get timestamp for :: 0
2018-06-04 14:34:24,254 [roverMain] INFO  space.exploration.mars.rover.kernel.Rover - Could not get timestamp for :: 0
2018-06-04 14:34:24,254 [roverMain] INFO  space.exploration.mars.rover.kernel.Rover - Could not get timestamp for :: 0
2018-06-04 14:34:24,254 [roverMain] INFO  space.exploration.mars.rover.kernel.Rover - Could not get timestamp for :: 0
2018-06-04 14:34:24,254 [roverMain] INFO  space.exploration.mars.rover.kernel.Rover - Could not get timestamp for :: 0
2018-06-04 14:34:24,254 [roverMain] INFO  space.exploration.mars.rover.kernel.Rover - Could not get timestamp for :: 0
2018-06-04 14:34:24,254 [roverMain] INFO  space.exploration.mars.rover.kernel.Rover - Could not get timestamp for :: 0
2018-06-04 14:34:24,254 [roverMain] INFO  space.exploration.mars.rover.kernel.Rover - Could not get timestamp for :: 0
2018-06-04 14:34:24,254 [roverMain] INFO  space.exploration.mars.rover.kernel.Rover - Could not get timestamp for :: 0
2018-06-04 14:34:24,254 [roverMain] INFO  space.exploration.mars.rover.kernel.Rover - Could not get timestamp for :: 0
2018-06-04 14:34:24,254 [roverMain] INFO  space.exploration.mars.rover.kernel.Rover - Could not get timestamp for :: 0
2018-06-04 14:34:24,254 [roverMain] INFO  space.exploration.mars.rover.kernel.Rover - Could not get timestamp for :: 0
2018-06-04 14:34:24,254 [roverMain] INFO  space.exploration.mars.rover.kernel.Rover - Could not get timestamp for :: 0
2018-06-04 14:34:24,254 [roverMain] INFO  space.exploration.mars.rover.kernel.Rover - Could not get timestamp for :: 0
2018-06-04 14:34:24,254 [roverMain] INFO  space.exploration.mars.rover.kernel.Rover - Could not get timestamp for :: 0
2018-06-04 14:34:24,254 [roverMain] INFO  space.exploration.mars.rover.kernel.Rover - Could not get timestamp for :: 0
2018-06-04 14:34:24,254 [roverMain] INFO  space.exploration.mars.rover.kernel.Rover - Could not get timestamp for :: 0
2018-06-04 14:34:24,255 [roverMain] INFO  space.exploration.mars.rover.kernel.Rover - Could not get timestamp for :: 0
2018-06-04 14:34:24,255 [roverMain] INFO  space.exploration.mars.rover.kernel.Rover - Could not get timestamp for :: 0
2018-06-04 14:34:24,255 [roverMain] INFO  space.exploration.mars.rover.kernel.Rover - Could not get timestamp for :: 0
2018-06-04 14:34:24,255 [roverMain] INFO  space.exploration.mars.rover.kernel.Rover - Could not get timestamp for :: 0
2018-06-04 14:34:24,255 [roverMain] INFO  space.exploration.mars.rover.kernel.Rover - Could not get timestamp for :: 0
2018-06-04 14:34:24,255 [roverMain] INFO  space.exploration.mars.rover.kernel.Rover - Could not get timestamp for :: 0
2018-06-04 14:34:24,255 [roverMain] INFO  space.exploration.mars.rover.kernel.Rover - Could not get timestamp for :: 0
2018-06-04 14:34:24,255 [roverMain] INFO  space.exploration.mars.rover.kernel.Rover - Could not get timestamp for :: 0
2018-06-04 14:34:24,255 [roverMain] INFO  space.exploration.mars.rover.kernel.Rover - Could not get timestamp for :: 0
2018-06-04 14:34:24,255 [roverMain] INFO  space.exploration.mars.rover.kernel.Rover - Could not get timestamp for :: 0
2018-06-04 14:34:24,255 [roverMain] INFO  space.exploration.mars.rover.kernel.Rover - Could not get timestamp for :: 0
2018-06-04 14:34:24,255 [roverMain] INFO  space.exploration.mars.rover.kernel.Rover - Could not get timestamp for :: 0
2018-06-04 14:34:24,255 [roverMain] INFO  space.exploration.mars.rover.kernel.Rover - Could not get timestamp for :: 0
2018-06-04 14:34:24,255 [roverMain] INFO  space.exploration.mars.rover.kernel.Rover - Could not get timestamp for :: 0
2018-06-04 14:34:24,255 [roverMain] INFO  space.exploration.mars.rover.kernel.Rover - Could not get timestamp for :: 0
2018-06-04 14:34:24,255 [roverMain] INFO  space.exploration.mars.rover.kernel.Rover - Could not get timestamp for :: 0
2018-06-04 14:34:24,255 [roverMain] INFO  space.exploration.mars.rover.kernel.Rover - Could not get timestamp for :: 0
2018-06-04 14:34:24,255 [roverMain] INFO  space.exploration.mars.rover.kernel.Rover - Could not get timestamp for :: 0
2018-06-04 14:34:24,256 [roverMain] INFO  space.exploration.mars.rover.kernel.Rover - Could not get timestamp for :: 0
2018-06-04 14:34:24,256 [roverMain] INFO  space.exploration.mars.rover.kernel.Rover - Deleted 0 old log files.
2018-06-04 14:34:24,257 [roverMain] INFO  space.exploration.mars.rover.kernel.Rover - marsRover launched with software version = 1.8
2018-06-04 14:34:25,330 [roverMain] INFO  space.exploration.mars.rover.kernel.SpacecraftClock - Valid utc time ranges are dictated by clockService as follows:
2018-06-04 14:34:25,330 [roverMain] INFO  space.exploration.mars.rover.kernel.SpacecraftClock - APPLICABLE_START_TIME=2000-001T11:58:55.816, APPLICABLE_STOP_TIME=2017-360T19:17:40.149
2018-06-04 14:34:25,331 [roverMain] INFO  space.exploration.mars.rover.kernel.SpacecraftClock - Given UTC = 2016-02-18~01:22:00
2018-06-04 14:34:25,331 [roverMain] INFO  space.exploration.mars.rover.kernel.SpacecraftClock - Please ensure that positionSensor and sclk are synchronized
2018-06-04 14:34:25,340 [roverMain] INFO  space.exploration.mars.rover.kernel.SpacecraftClock - Curiosity internal spacecraft clock started at :: 2016-02-18T07:22:00.000Z
2018-06-04 14:34:25,340 [roverMain] INFO  space.exploration.mars.rover.kernel.SpacecraftClock - Mission duration is set to :: 1 year(s).
2018-06-04 14:34:25,340 [roverMain] INFO  space.exploration.mars.rover.kernel.SpacecraftClock - Mission duration = 31536000000
2018-06-04 14:34:27,476 [roverMain] INFO  space.exploration.mars.rover.kernel.Rover - Rover + Curiosity states initialized. 
2018-06-04 14:34:27,480 [roverMain] INFO  space.exploration.mars.rover.diagnostics.Pacemaker - Pacemaker initialized
2018-06-04 14:34:28,484 [roverMain] INFO  space.exploration.mars.rover.diagnostics.SleepMonitor - SleepMonitor initialized and activated!
2018-06-04 14:34:29,488 [roverMain] INFO  space.exploration.mars.rover.diagnostics.RoverGarbageCollector - RoverGarbageCollector initialized
2018-06-04 14:34:29,489 [roverMain] INFO  space.exploration.mars.rover.diagnostics.RoverGarbageCollector - Starting garbageCollection
2018-06-04 14:34:31,490 [roverMain] INFO  space.exploration.mars.rover.kernel.Rover - Rover current position is = java.awt.Point[x=525,y=100]
2018-06-04 14:34:32,492 [roverMain] INFO  space.exploration.mars.rover.sensor.Lidar - Lidar initialized and ready!
2018-06-04 14:34:33,737 [roverMain] INFO  space.exploration.mars.rover.sensor.Camera - Camera initialized and ready!
2018-06-04 14:34:34,776 [roverMain] INFO  space.exploration.mars.rover.sensor.Radar - Radar configured:: 
2018-06-04 14:34:36,102 [roverMain] INFO  space.exploration.mars.rover.power.Battery - Battery configured, batteryLife:primaryPowerUnits = 1200 auxiliaryPowerUnits = 100 alertThreshold: 100 rechargeTime = 60000
2018-06-04 14:34:37,106 [roverMain] INFO  space.exploration.mars.rover.kernel.Rover - Battery Monitor configured!
2018-06-04 14:34:37,147 [roverMain] INFO  org.apache.kafka.clients.producer.ProducerConfig - ProducerConfig values: 
	metric.reporters = []
	metadata.max.age.ms = 300000
	reconnect.backoff.ms = 50
	sasl.kerberos.ticket.renew.window.factor = 0.8
	bootstrap.servers = [localhost:9092]
	ssl.keystore.type = JKS
	sasl.mechanism = GSSAPI
	max.block.ms = 60000
	interceptor.classes = null
	ssl.truststore.password = null
	client.id = 
	ssl.endpoint.identification.algorithm = null
	request.timeout.ms = 30000
	acks = 1
	receive.buffer.bytes = 32768
	ssl.truststore.type = JKS
	retries = 0
	ssl.truststore.location = null
	ssl.keystore.password = null
	send.buffer.bytes = 131072
	compression.type = none
	metadata.fetch.timeout.ms = 60000
	retry.backoff.ms = 100
	sasl.kerberos.kinit.cmd = /usr/bin/kinit
	buffer.memory = 33554432
	timeout.ms = 30000
	key.serializer = class org.apache.kafka.common.serialization.StringSerializer
	sasl.kerberos.service.name = null
	sasl.kerberos.ticket.renew.jitter = 0.05
	ssl.trustmanager.algorithm = PKIX
	block.on.buffer.full = false
	ssl.key.password = null
	sasl.kerberos.min.time.before.relogin = 60000
	connections.max.idle.ms = 540000
	max.in.flight.requests.per.connection = 5
	metrics.num.samples = 2
	ssl.protocol = TLS
	ssl.provider = null
	ssl.enabled.protocols = [TLSv1.2, TLSv1.1, TLSv1]
	batch.size = 16384
	ssl.keystore.location = null
	ssl.cipher.suites = null
	security.protocol = PLAINTEXT
	max.request.size = 1048576
	value.serializer = class org.apache.kafka.common.serialization.ByteArraySerializer
	ssl.keymanager.algorithm = SunX509
	metrics.sample.window.ms = 30000
	partitioner.class = class org.apache.kafka.clients.producer.internals.DefaultPartitioner
	linger.ms = 0

2018-06-04 14:34:37,223 [roverMain] INFO  org.apache.kafka.clients.producer.ProducerConfig - ProducerConfig values: 
	metric.reporters = []
	metadata.max.age.ms = 300000
	reconnect.backoff.ms = 50
	sasl.kerberos.ticket.renew.window.factor = 0.8
	bootstrap.servers = [localhost:9092]
	ssl.keystore.type = JKS
	sasl.mechanism = GSSAPI
	max.block.ms = 60000
	interceptor.classes = null
	ssl.truststore.password = null
	client.id = producer-1
	ssl.endpoint.identification.algorithm = null
	request.timeout.ms = 30000
	acks = 1
	receive.buffer.bytes = 32768
	ssl.truststore.type = JKS
	retries = 0
	ssl.truststore.location = null
	ssl.keystore.password = null
	send.buffer.bytes = 131072
	compression.type = none
	metadata.fetch.timeout.ms = 60000
	retry.backoff.ms = 100
	sasl.kerberos.kinit.cmd = /usr/bin/kinit
	buffer.memory = 33554432
	timeout.ms = 30000
	key.serializer = class org.apache.kafka.common.serialization.StringSerializer
	sasl.kerberos.service.name = null
	sasl.kerberos.ticket.renew.jitter = 0.05
	ssl.trustmanager.algorithm = PKIX
	block.on.buffer.full = false
	ssl.key.password = null
	sasl.kerberos.min.time.before.relogin = 60000
	connections.max.idle.ms = 540000
	max.in.flight.requests.per.connection = 5
	metrics.num.samples = 2
	ssl.protocol = TLS
	ssl.provider = null
	ssl.enabled.protocols = [TLSv1.2, TLSv1.1, TLSv1]
	batch.size = 16384
	ssl.keystore.location = null
	ssl.cipher.suites = null
	security.protocol = PLAINTEXT
	max.request.size = 1048576
	value.serializer = class org.apache.kafka.common.serialization.ByteArraySerializer
	ssl.keymanager.algorithm = SunX509
	metrics.sample.window.ms = 30000
	partitioner.class = class org.apache.kafka.clients.producer.internals.DefaultPartitioner
	linger.ms = 0

2018-06-04 14:34:37,223 [roverMain] WARN  org.apache.kafka.clients.producer.ProducerConfig - The configuration zookeeper.connect = localhost:2181 was supplied but isn't a known config.
2018-06-04 14:34:37,223 [roverMain] WARN  org.apache.kafka.clients.producer.ProducerConfig - The configuration group.id = space.exploration.mars.rover.curiosity.1528140864182 was supplied but isn't a known config.
2018-06-04 14:34:37,223 [roverMain] WARN  org.apache.kafka.clients.producer.ProducerConfig - The configuration source.topic = earth_to_curiosity_5 was supplied but isn't a known config.
2018-06-04 14:34:37,223 [roverMain] WARN  org.apache.kafka.clients.producer.ProducerConfig - The configuration auto.offset.reset = largest was supplied but isn't a known config.
2018-06-04 14:34:37,223 [roverMain] WARN  org.apache.kafka.clients.producer.ProducerConfig - The configuration metadata.broker.list = localhost:9092 was supplied but isn't a known config.
2018-06-04 14:34:37,224 [roverMain] WARN  org.apache.kafka.clients.producer.ProducerConfig - The configuration destination.topic = curiosity_to_earth_5 was supplied but isn't a known config.
2018-06-04 14:34:37,224 [roverMain] INFO  org.apache.kafka.common.utils.AppInfoParser - Kafka version : 0.10.0.1
2018-06-04 14:34:37,224 [roverMain] INFO  org.apache.kafka.common.utils.AppInfoParser - Kafka commitId : a7a17cdec9eaa6c5
2018-06-04 14:34:37,320 [roverMain] INFO          kafka.utils.VerifiableProperties - Verifying properties
2018-06-04 14:34:37,339 [roverMain] INFO          kafka.utils.VerifiableProperties - Property auto.offset.reset is overridden to largest
2018-06-04 14:34:37,339 [roverMain] WARN          kafka.utils.VerifiableProperties - Property bootstrap.servers is not valid
2018-06-04 14:34:37,339 [roverMain] WARN          kafka.utils.VerifiableProperties - Property destination.topic is not valid
2018-06-04 14:34:37,339 [roverMain] INFO          kafka.utils.VerifiableProperties - Property group.id is overridden to space.exploration.mars.rover.curiosity.1528140864182
2018-06-04 14:34:37,339 [roverMain] WARN          kafka.utils.VerifiableProperties - Property key.serializer is not valid
2018-06-04 14:34:37,340 [roverMain] WARN          kafka.utils.VerifiableProperties - Property metadata.broker.list is not valid
2018-06-04 14:34:37,340 [roverMain] WARN          kafka.utils.VerifiableProperties - Property source.topic is not valid
2018-06-04 14:34:37,340 [roverMain] WARN          kafka.utils.VerifiableProperties - Property value.serializer is not valid
2018-06-04 14:34:37,340 [roverMain] INFO          kafka.utils.VerifiableProperties - Property zookeeper.connect is overridden to localhost:2181
2018-06-04 14:34:37,396 [roverMain] INFO  kafka.consumer.ZookeeperConsumerConnector - [space.exploration.mars.rover.curiosity.1528140864182_zion-portable-1528140877396-38ff6f54], Connecting to zookeeper instance at localhost:2181
2018-06-04 14:34:37,402 [ZkClient-EventThread-31-localhost:2181] INFO         org.I0Itec.zkclient.ZkEventThread - Starting ZkClient event thread.
2018-06-04 14:34:37,406 [roverMain] INFO            org.apache.zookeeper.ZooKeeper - Client environment:zookeeper.version=3.4.6-1569965, built on 02/20/2014 09:09 GMT
2018-06-04 14:34:37,406 [roverMain] INFO            org.apache.zookeeper.ZooKeeper - Client environment:host.name=zion-portable
2018-06-04 14:34:37,406 [roverMain] INFO            org.apache.zookeeper.ZooKeeper - Client environment:java.version=1.8.0_171
2018-06-04 14:34:37,406 [roverMain] INFO            org.apache.zookeeper.ZooKeeper - Client environment:java.vendor=Oracle Corporation
2018-06-04 14:34:37,406 [roverMain] INFO            org.apache.zookeeper.ZooKeeper - Client environment:java.home=/usr/lib/jvm/java-8-openjdk-amd64/jre
2018-06-04 14:34:37,406 [roverMain] INFO            org.apache.zookeeper.ZooKeeper - Client environment:java.class.path=target/mars.rover-1.8-SOLSHOT-shaded.jar
2018-06-04 14:34:37,406 [roverMain] INFO            org.apache.zookeeper.ZooKeeper - Client environment:java.library.path=/usr/java/packages/lib/amd64:/usr/lib/x86_64-linux-gnu/jni:/lib/x86_64-linux-gnu:/usr/lib/x86_64-linux-gnu:/usr/lib/jni:/lib:/usr/lib
2018-06-04 14:34:37,406 [roverMain] INFO            org.apache.zookeeper.ZooKeeper - Client environment:java.io.tmpdir=/tmp
2018-06-04 14:34:37,406 [roverMain] INFO            org.apache.zookeeper.ZooKeeper - Client environment:java.compiler=<NA>
2018-06-04 14:34:37,406 [roverMain] INFO            org.apache.zookeeper.ZooKeeper - Client environment:os.name=Linux
2018-06-04 14:34:37,406 [roverMain] INFO            org.apache.zookeeper.ZooKeeper - Client environment:os.arch=amd64
2018-06-04 14:34:37,406 [roverMain] INFO            org.apache.zookeeper.ZooKeeper - Client environment:os.version=4.13.0-43-generic
2018-06-04 14:34:37,406 [roverMain] INFO            org.apache.zookeeper.ZooKeeper - Client environment:user.name=sanket
2018-06-04 14:34:37,406 [roverMain] INFO            org.apache.zookeeper.ZooKeeper - Client environment:user.home=/home/sanket
2018-06-04 14:34:37,406 [roverMain] INFO            org.apache.zookeeper.ZooKeeper - Client environment:user.dir=/home/sanket/Documents/workspace/MarsRover/mars.rover
2018-06-04 14:34:37,407 [roverMain] INFO            org.apache.zookeeper.ZooKeeper - Initiating client connection, connectString=localhost:2181 sessionTimeout=6000 watcher=org.I0Itec.zkclient.ZkClient@41c2284a
2018-06-04 14:34:37,414 [roverMain] INFO              org.I0Itec.zkclient.ZkClient - Waiting for keeper state SyncConnected
2018-06-04 14:34:37,417 [roverMain-SendThread(localhost:2181)] INFO           org.apache.zookeeper.ClientCnxn - Opening socket connection to server localhost/127.0.0.1:2181. Will not attempt to authenticate using SASL (unknown error)
2018-06-04 14:34:37,420 [roverMain-SendThread(localhost:2181)] INFO           org.apache.zookeeper.ClientCnxn - Socket connection established to localhost/127.0.0.1:2181, initiating session
2018-06-04 14:34:37,431 [roverMain-SendThread(localhost:2181)] INFO           org.apache.zookeeper.ClientCnxn - Session establishment complete on server localhost/127.0.0.1:2181, sessionid = 0x163cc24f9eb0002, negotiated timeout = 6000
2018-06-04 14:34:37,432 [roverMain-EventThread] INFO              org.I0Itec.zkclient.ZkClient - zookeeper state changed (SyncConnected)
2018-06-04 14:34:37,440 [roverMain] INFO  kafka.consumer.ZookeeperConsumerConnector - [space.exploration.mars.rover.curiosity.1528140864182_zion-portable-1528140877396-38ff6f54], starting auto committer every 60000 ms
2018-06-04 14:34:37,464 [radio] INFO  kafka.consumer.ZookeeperConsumerConnector - [space.exploration.mars.rover.curiosity.1528140864182_zion-portable-1528140877396-38ff6f54], begin registering consumer space.exploration.mars.rover.curiosity.1528140864182_zion-portable-1528140877396-38ff6f54 in ZK
2018-06-04 14:34:37,485 [radio] INFO            kafka.utils.ZKCheckedEphemeral - Creating /consumers/space.exploration.mars.rover.curiosity.1528140864182/ids/space.exploration.mars.rover.curiosity.1528140864182_zion-portable-1528140877396-38ff6f54 (is it secure? false)
2018-06-04 14:34:37,495 [radio] INFO            kafka.utils.ZKCheckedEphemeral - Result of znode creation is: OK
2018-06-04 14:34:37,495 [radio] INFO  kafka.consumer.ZookeeperConsumerConnector - [space.exploration.mars.rover.curiosity.1528140864182_zion-portable-1528140877396-38ff6f54], end registering consumer space.exploration.mars.rover.curiosity.1528140864182_zion-portable-1528140877396-38ff6f54 in ZK
2018-06-04 14:34:37,499 [space.exploration.mars.rover.curiosity.1528140864182_zion-portable-1528140877396-38ff6f54_watcher_executor] INFO  kafka.consumer.ZookeeperConsumerConnector - [space.exploration.mars.rover.curiosity.1528140864182_zion-portable-1528140877396-38ff6f54], starting watcher executor thread for consumer space.exploration.mars.rover.curiosity.1528140864182_zion-portable-1528140877396-38ff6f54
2018-06-04 14:34:37,511 [radio] INFO  kafka.consumer.ZookeeperConsumerConnector - [space.exploration.mars.rover.curiosity.1528140864182_zion-portable-1528140877396-38ff6f54], begin rebalancing consumer space.exploration.mars.rover.curiosity.1528140864182_zion-portable-1528140877396-38ff6f54 try #0
2018-06-04 14:34:37,582 [radio] INFO     kafka.consumer.ConsumerFetcherManager - [ConsumerFetcherManager-1528140877438] Stopping leader finder thread
2018-06-04 14:34:37,583 [radio] INFO     kafka.consumer.ConsumerFetcherManager - [ConsumerFetcherManager-1528140877438] Stopping all fetchers
2018-06-04 14:34:37,583 [radio] INFO     kafka.consumer.ConsumerFetcherManager - [ConsumerFetcherManager-1528140877438] All connections stopped
2018-06-04 14:34:37,583 [radio] INFO  kafka.consumer.ZookeeperConsumerConnector - [space.exploration.mars.rover.curiosity.1528140864182_zion-portable-1528140877396-38ff6f54], Cleared all relevant queues for this fetcher
2018-06-04 14:34:37,584 [radio] INFO  kafka.consumer.ZookeeperConsumerConnector - [space.exploration.mars.rover.curiosity.1528140864182_zion-portable-1528140877396-38ff6f54], Cleared the data chunks in all the consumer message iterators
2018-06-04 14:34:37,584 [radio] INFO  kafka.consumer.ZookeeperConsumerConnector - [space.exploration.mars.rover.curiosity.1528140864182_zion-portable-1528140877396-38ff6f54], Committing all offsets after clearing the fetcher queues
2018-06-04 14:34:37,585 [radio] INFO  kafka.consumer.ZookeeperConsumerConnector - [space.exploration.mars.rover.curiosity.1528140864182_zion-portable-1528140877396-38ff6f54], Releasing partition ownership
2018-06-04 14:34:37,605 [radio] INFO              kafka.consumer.RangeAssignor - Consumer space.exploration.mars.rover.curiosity.1528140864182_zion-portable-1528140877396-38ff6f54 rebalancing the following partitions: ArrayBuffer(0) for topic earth_to_curiosity_5 with consumers: List(space.exploration.mars.rover.curiosity.1528140864182_zion-portable-1528140877396-38ff6f54-0)
2018-06-04 14:34:37,606 [radio] INFO              kafka.consumer.RangeAssignor - space.exploration.mars.rover.curiosity.1528140864182_zion-portable-1528140877396-38ff6f54-0 attempting to claim partition 0
2018-06-04 14:34:37,632 [radio] INFO  kafka.consumer.ZookeeperConsumerConnector - [space.exploration.mars.rover.curiosity.1528140864182_zion-portable-1528140877396-38ff6f54], space.exploration.mars.rover.curiosity.1528140864182_zion-portable-1528140877396-38ff6f54-0 successfully owned partition 0 for topic earth_to_curiosity_5
2018-06-04 14:34:37,643 [radio] INFO  kafka.consumer.ZookeeperConsumerConnector - [space.exploration.mars.rover.curiosity.1528140864182_zion-portable-1528140877396-38ff6f54], Consumer space.exploration.mars.rover.curiosity.1528140864182_zion-portable-1528140877396-38ff6f54 selected partitions : earth_to_curiosity_5:0: fetched offset = -1: consumed offset = -1
2018-06-04 14:34:37,644 [space.exploration.mars.rover.curiosity.1528140864182_zion-portable-1528140877396-38ff6f54-leader-finder-thread] INFO  kafka.consumer.ConsumerFetcherManager$LeaderFinderThread - [space.exploration.mars.rover.curiosity.1528140864182_zion-portable-1528140877396-38ff6f54-leader-finder-thread], Starting 
2018-06-04 14:34:37,644 [radio] INFO  kafka.consumer.ZookeeperConsumerConnector - [space.exploration.mars.rover.curiosity.1528140864182_zion-portable-1528140877396-38ff6f54], end rebalancing consumer space.exploration.mars.rover.curiosity.1528140864182_zion-portable-1528140877396-38ff6f54 try #0
2018-06-04 14:34:37,658 [space.exploration.mars.rover.curiosity.1528140864182_zion-portable-1528140877396-38ff6f54-leader-finder-thread] INFO          kafka.utils.VerifiableProperties - Verifying properties
2018-06-04 14:34:37,658 [space.exploration.mars.rover.curiosity.1528140864182_zion-portable-1528140877396-38ff6f54-leader-finder-thread] INFO          kafka.utils.VerifiableProperties - Property client.id is overridden to space.exploration.mars.rover.curiosity.1528140864182
2018-06-04 14:34:37,659 [space.exploration.mars.rover.curiosity.1528140864182_zion-portable-1528140877396-38ff6f54-leader-finder-thread] INFO          kafka.utils.VerifiableProperties - Property metadata.broker.list is overridden to zion-portable:9092
2018-06-04 14:34:37,659 [space.exploration.mars.rover.curiosity.1528140864182_zion-portable-1528140877396-38ff6f54-leader-finder-thread] INFO          kafka.utils.VerifiableProperties - Property request.timeout.ms is overridden to 30000
2018-06-04 14:34:37,668 [space.exploration.mars.rover.curiosity.1528140864182_zion-portable-1528140877396-38ff6f54-leader-finder-thread] INFO                 kafka.client.ClientUtils$ - Fetching metadata from broker BrokerEndPoint(0,zion-portable,9092) with correlation id 0 for 1 topic(s) Set(earth_to_curiosity_5)
2018-06-04 14:34:37,671 [space.exploration.mars.rover.curiosity.1528140864182_zion-portable-1528140877396-38ff6f54-leader-finder-thread] INFO               kafka.producer.SyncProducer - Connected to zion-portable:9092 for producing
2018-06-04 14:34:37,680 [space.exploration.mars.rover.curiosity.1528140864182_zion-portable-1528140877396-38ff6f54-leader-finder-thread] INFO               kafka.producer.SyncProducer - Disconnecting from zion-portable:9092
2018-06-04 14:34:37,693 [ConsumerFetcherThread-space.exploration.mars.rover.curiosity.1528140864182_zion-portable-1528140877396-38ff6f54-0-0] INFO      kafka.consumer.ConsumerFetcherThread - [ConsumerFetcherThread-space.exploration.mars.rover.curiosity.1528140864182_zion-portable-1528140877396-38ff6f54-0-0], Starting 
2018-06-04 14:34:37,706 [space.exploration.mars.rover.curiosity.1528140864182_zion-portable-1528140877396-38ff6f54-leader-finder-thread] INFO     kafka.consumer.ConsumerFetcherManager - [ConsumerFetcherManager-1528140877438] Added fetcher for partitions ArrayBuffer([[earth_to_curiosity_5,0], initOffset -1 to broker BrokerEndPoint(0,zion-portable,9092)] )
2018-06-04 14:34:38,444 [roverMain] INFO  space.exploration.mars.rover.communication.Radio - Radio configured:: 
group.id::space.exploration.mars.rover.curiosity.1528140864182
auto.offset.reset::largest
bootstrap.servers::localhost:9092
value.serializer::org.apache.kafka.common.serialization.ByteArraySerializer
destination.topic::curiosity_to_earth_5
zookeeper.connect::localhost:2181
key.serializer::org.apache.kafka.common.serialization.StringSerializer
source.topic::earth_to_curiosity_5
metadata.broker.list::localhost:9092
2018-06-04 14:34:39,446 [roverMain] INFO  space.exploration.mars.rover.sensor.Radar - Radar configured:: 
2018-06-04 14:34:45,615 [roverMain] INFO  space.exploration.mars.rover.communication.Transmitter - Sending information packet to curiosity_to_earth_5
2018-06-04 14:34:48,618 [spacecraftClock] INFO  space.exploration.mars.rover.sensor.DANSpectrometer - Commencing calibration for DAN Spectrometer for sol = 1256
2018-06-04 14:34:54,136 [spacecraftClock] INFO  space.exploration.mars.rover.utils.FileUtil - File /home/sanket/Documents/workspace/MarsRover/mars.rover/dataArchives/APXS/1256/ does not exist. Trying to create it now.
2018-06-04 14:34:54,137 [spacecraftClock] INFO  space.exploration.mars.rover.utils.FileUtil - Successfully created /home/sanket/Documents/workspace/MarsRover/mars.rover/dataArchives/APXS/1256/
2018-06-04 14:34:54,178 [spacecraftClock] ERROR space.exploration.mars.rover.service.ApxsDataService -  Could not find data files for sol = 1256 url = http://pds-geosciences.wustl.edu/msl/msl-m-apxs-4_5-rdr-v1/mslapx_1xxx/data/sol01256/
org.jsoup.HttpStatusException: HTTP error fetching URL. Status=404, URL=http://pds-geosciences.wustl.edu/msl/msl-m-apxs-4_5-rdr-v1/mslapx_1xxx/data/sol01256/
	at org.jsoup.helper.HttpConnection$Response.execute(HttpConnection.java:537)
	at org.jsoup.helper.HttpConnection$Response.execute(HttpConnection.java:493)
	at org.jsoup.helper.HttpConnection.execute(HttpConnection.java:205)
	at org.jsoup.helper.HttpConnection.get(HttpConnection.java:194)
	at space.exploration.mars.rover.service.ApxsDataService.getTargetURL(ApxsDataService.java:52)
	at space.exploration.mars.rover.service.ApxsDataService.<init>(ApxsDataService.java:25)
	at space.exploration.mars.rover.sensor.ApxsSpectrometer.calibrateApxsSpectrometer(ApxsSpectrometer.java:39)
	at space.exploration.mars.rover.kernel.Rover.updateSensors(Rover.java:346)
	at space.exploration.mars.rover.kernel.SpacecraftClock$Clock.run(SpacecraftClock.java:225)
	at java.util.concurrent.Executors$RunnableAdapter.call(Executors.java:511)
	at java.util.concurrent.FutureTask.runAndReset(FutureTask.java:308)
	at java.util.concurrent.ScheduledThreadPoolExecutor$ScheduledFutureTask.access$301(ScheduledThreadPoolExecutor.java:180)
	at java.util.concurrent.ScheduledThreadPoolExecutor$ScheduledFutureTask.run(ScheduledThreadPoolExecutor.java:294)
	at java.util.concurrent.ThreadPoolExecutor.runWorker(ThreadPoolExecutor.java:1149)
	at java.util.concurrent.ThreadPoolExecutor$Worker.run(ThreadPoolExecutor.java:624)
	at java.lang.Thread.run(Thread.java:748)
2018-06-04 14:34:54,180 [spacecraftClock] INFO  space.exploration.mars.rover.utils.FileUtil - File at /home/sanket/Documents/workspace/MarsRover/mars.rover/dataArchives/APXS/1256/ exists - will delete it now.
2018-06-04 14:34:54,180 [spacecraftClock] ERROR space.exploration.mars.rover.sensor.ApxsSpectrometer - ApxsData not available for sol = 1256
java.net.MalformedURLException
	at java.net.URL.<init>(URL.java:627)
	at java.net.URL.<init>(URL.java:490)
	at java.net.URL.<init>(URL.java:439)
	at space.exploration.mars.rover.utils.ServiceUtil.download(ServiceUtil.java:15)
	at space.exploration.mars.rover.utils.ServiceUtil.downloadCsv(ServiceUtil.java:40)
	at space.exploration.mars.rover.service.ApxsDataService.<init>(ApxsDataService.java:27)
	at space.exploration.mars.rover.sensor.ApxsSpectrometer.calibrateApxsSpectrometer(ApxsSpectrometer.java:39)
	at space.exploration.mars.rover.kernel.Rover.updateSensors(Rover.java:346)
	at space.exploration.mars.rover.kernel.SpacecraftClock$Clock.run(SpacecraftClock.java:225)
	at java.util.concurrent.Executors$RunnableAdapter.call(Executors.java:511)
	at java.util.concurrent.FutureTask.runAndReset(FutureTask.java:308)
	at java.util.concurrent.ScheduledThreadPoolExecutor$ScheduledFutureTask.access$301(ScheduledThreadPoolExecutor.java:180)
	at java.util.concurrent.ScheduledThreadPoolExecutor$ScheduledFutureTask.run(ScheduledThreadPoolExecutor.java:294)
	at java.util.concurrent.ThreadPoolExecutor.runWorker(ThreadPoolExecutor.java:1149)
	at java.util.concurrent.ThreadPoolExecutor$Worker.run(ThreadPoolExecutor.java:624)
	at java.lang.Thread.run(Thread.java:748)
Caused by: java.lang.NullPointerException
	at java.net.URL.<init>(URL.java:532)
	... 15 more
2018-06-04 14:34:54,181 [sleepMonitor] INFO  space.exploration.mars.rover.animation.SleepingAnimationEngine - Rover is sleeping now
2018-06-04 14:35:07,106 [batteryMonitor] INFO  space.exploration.mars.rover.power.BatteryMonitor - BatteryMonitor performing due diligence. SCET = 1528140907106 Rover state = Sleeping State
2018-06-04 14:35:07,106 [batteryMonitor] INFO  space.exploration.mars.rover.power.BatteryMonitor -  Battery primaryUnits = 1200 auxiliaryPowerUnits = 100
2018-06-04 14:35:19,242 [radio] INFO  space.exploration.mars.rover.communication.Receiver - Time Elapsed since last message = 41799
2018-06-04 14:35:19,328 [radio] INFO  space.exploration.mars.rover.kernel.PositionSensor - Houston - this is curiosityActual.ephemerisTime: 5.09033768185171E8
stateCuriosity: -1.0822126315E8
stateCuriosity: -1.32611261692E8
stateCuriosity: -5.2720305986E7
stateCuriosity: 23.444
stateCuriosity: 3.973
stateCuriosity: 1.008
owltMSLEarth: 597.415
stateEarth: 1.08236635535E8
stateEarth: 1.3263009311E8
stateEarth: 5.2727791019E7
stateEarth: -23.452
stateEarth: -3.978
stateEarth: -1.011
owltEarthMSL: 597.5
positionEarthWRTCuriosity: 1.08236635535E8
positionEarthWRTCuriosity: 1.3263009311E8
positionEarthWRTCuriosity: 5.2727791019E7
owltEarthMSL2: 597.5
angSepHGAEarth: 102.965
utcTime: "2016-02-18~02:15:00"
sol: 1256
sclkValue: " 1/01256:23:05:10:72057"

2018-06-04 14:35:19,379 [radio] INFO  space.exploration.mars.rover.kernel.PositionSensor - ephemerisTime: 5.09033768185171E8
stateCuriosity: -1.0822126315E8
stateCuriosity: -1.32611261692E8
stateCuriosity: -5.2720305986E7
stateCuriosity: 23.444
stateCuriosity: 3.973
stateCuriosity: 1.008
owltMSLEarth: 597.415
stateEarth: 1.08236635535E8
stateEarth: 1.3263009311E8
stateEarth: 5.2727791019E7
stateEarth: -23.452
stateEarth: -3.978
stateEarth: -1.011
owltEarthMSL: 597.5
positionEarthWRTCuriosity: 1.08236635535E8
positionEarthWRTCuriosity: 1.3263009311E8
positionEarthWRTCuriosity: 5.2727791019E7
owltEarthMSL2: 597.5
angSepHGAEarth: 102.965
utcTime: "2016-02-18~02:16:00"
sol: 1256
sclkValue: " 1/01256:23:05:10:72057"

2018-06-04 14:35:19,379 [radio] INFO  space.exploration.mars.rover.communication.Radio - One Way Light Time computed by SPICE :: 597.415
2018-06-04 14:35:19,414 [radio] INFO  space.exploration.mars.rover.kernel.SleepingState - Awaking from sleeping state
2018-06-04 14:35:19,414 [radio] INFO  space.exploration.mars.rover.animation.SleepingAnimationEngine - Waking up rover
2018-06-04 14:35:19,414 [sleepBreather] INFO  space.exploration.mars.rover.animation.SleepBreather - Sleep animation interrupted.
2018-06-04 14:35:22,431 [radio] INFO  space.exploration.mars.rover.kernel.ListeningState - timeStamp: 1528140913499
targets {
  roverModule: 11
  action: "GetSclkInformation"
}

2018-06-04 14:35:28,496 [radio] INFO  space.exploration.mars.rover.kernel.ListeningState - 1528140928496,11,GetSclkInformation Current instructionQueue length = 0
2018-06-04 14:35:28,496 [radio] INFO  space.exploration.mars.rover.kernel.ListeningState - Rover will get detailed spacecraftClock information. Houston, this is CuriosityActual.
2018-06-04 14:35:28,501 [radio] INFO  space.exploration.mars.rover.kernel.SpacecraftClock - Internal time::2016-02-18T02:26:00.000-06:00 sclk of::1/01256:23:15:53:06181
2018-06-04 14:35:34,593 [radio] INFO  space.exploration.mars.rover.kernel.PositionSensor - Houston - this is curiosityActual.ephemerisTime: 5.09034728185171E8
stateCuriosity: -1.08198751308E8
stateCuriosity: -1.32607444018E8
stateCuriosity: -5.2719339893E7
stateCuriosity: 23.456
stateCuriosity: 3.981
stateCuriosity: 1.004
owltMSLEarth: 597.359
stateEarth: 1.08214116142E8
stateEarth: 1.32626269769E8
stateEarth: 5.2726822788E7
stateEarth: -23.464
stateEarth: -3.987
stateEarth: -1.007
owltEarthMSL: 597.444
positionEarthWRTCuriosity: 1.08214116142E8
positionEarthWRTCuriosity: 1.32626269769E8
positionEarthWRTCuriosity: 5.2726822788E7
owltEarthMSL2: 597.444
angSepHGAEarth: 106.212
utcTime: "2016-02-18~02:31:00"
sol: 1256
sclkValue: " 1/01256:23:20:45:03510"

2018-06-04 14:35:34,635 [radio] INFO  space.exploration.mars.rover.kernel.PositionSensor - ephemerisTime: 5.09034728185171E8
stateCuriosity: -1.08198751308E8
stateCuriosity: -1.32607444018E8
stateCuriosity: -5.2719339893E7
stateCuriosity: 23.456
stateCuriosity: 3.981
stateCuriosity: 1.004
owltMSLEarth: 597.359
stateEarth: 1.08214116142E8
stateEarth: 1.32626269769E8
stateEarth: 5.2726822788E7
stateEarth: -23.464
stateEarth: -3.987
stateEarth: -1.007
owltEarthMSL: 597.444
positionEarthWRTCuriosity: 1.08214116142E8
positionEarthWRTCuriosity: 1.32626269769E8
positionEarthWRTCuriosity: 5.2726822788E7
owltEarthMSL2: 597.444
angSepHGAEarth: 106.212
utcTime: "2016-02-18~02:31:00"
sol: 1256
sclkValue: " 1/01256:23:20:45:03510"

2018-06-04 14:35:34,635 [radio] INFO  space.exploration.mars.rover.communication.Radio - One Way Light Time computed by SPICE :: 597.359
2018-06-04 14:35:34,646 [radio] ERROR space.exploration.mars.rover.communication.Radio - Exception
javax.crypto.IllegalBlockSizeException: Data must not be longer than 245 bytes
	at com.sun.crypto.provider.RSACipher.doFinal(RSACipher.java:344)
	at com.sun.crypto.provider.RSACipher.engineDoFinal(RSACipher.java:389)
	at javax.crypto.Cipher.doFinal(Cipher.java:2164)
	at encryption.EncryptionUtil.encryptMessage(EncryptionUtil.java:49)
	at space.exploration.mars.rover.communication.Radio.sendMessage(Radio.java:113)
	at space.exploration.mars.rover.kernel.TransmittingState.transmitMessage(TransmittingState.java:68)
	at space.exploration.mars.rover.kernel.Rover.transmitMessage(Rover.java:386)
	at space.exploration.mars.rover.kernel.SclkTimingState.getSclkInformation(SclkTimingState.java:176)
	at space.exploration.mars.rover.kernel.Rover.getSclkInformation(Rover.java:378)
	at space.exploration.mars.rover.kernel.ListeningState.receiveMessage(ListeningState.java:164)
	at space.exploration.mars.rover.kernel.Rover.receiveMessage(Rover.java:354)
	at space.exploration.mars.rover.kernel.SleepingState.receiveMessage(SleepingState.java:38)
	at space.exploration.mars.rover.kernel.Rover.receiveMessage(Rover.java:354)
	at space.exploration.mars.rover.communication.Radio.receiveMessage(Radio.java:84)
	at space.exploration.mars.rover.communication.Receiver.run(Receiver.java:70)
2018-06-04 14:35:37,661 [batteryMonitor] INFO  space.exploration.mars.rover.power.BatteryMonitor - BatteryMonitor performing due diligence. SCET = 1528140937105 Rover state = Listening State
2018-06-04 14:35:37,662 [batteryMonitor] INFO  space.exploration.mars.rover.power.BatteryMonitor -  Battery primaryUnits = 1199 auxiliaryPowerUnits = 100
2018-06-04 14:35:37,734 [pacemaker] INFO  space.exploration.mars.rover.kernel.PositionSensor - Houston - this is curiosityActual.ephemerisTime: 5.09034908185171E8
stateCuriosity: -1.08194529108E8
stateCuriosity: -1.32606727263E8
stateCuriosity: -5.2719159164E7
stateCuriosity: 23.458
stateCuriosity: 3.983
stateCuriosity: 1.004
owltMSLEarth: 597.349
stateEarth: 1.08209892496E8
stateEarth: 1.32625551914E8
stateEarth: 5.2726641644E7
stateEarth: -23.466
stateEarth: -3.989
stateEarth: -1.006
owltEarthMSL: 597.434
positionEarthWRTCuriosity: 1.08209892496E8
positionEarthWRTCuriosity: 1.32625551914E8
positionEarthWRTCuriosity: 5.2726641644E7
owltEarthMSL2: 597.434
angSepHGAEarth: 106.822
utcTime: "2016-02-18~02:34:00"
sol: 1256
sclkValue: " 1/01256:23:23:40:21907"

2018-06-04 14:35:37,779 [pacemaker] INFO  space.exploration.mars.rover.kernel.PositionSensor - ephemerisTime: 5.09034908185171E8
stateCuriosity: -1.08194529108E8
stateCuriosity: -1.32606727263E8
stateCuriosity: -5.2719159164E7
stateCuriosity: 23.458
stateCuriosity: 3.983
stateCuriosity: 1.004
owltMSLEarth: 597.349
stateEarth: 1.08209892496E8
stateEarth: 1.32625551914E8
stateEarth: 5.2726641644E7
stateEarth: -23.466
stateEarth: -3.989
stateEarth: -1.006
owltEarthMSL: 597.434
positionEarthWRTCuriosity: 1.08209892496E8
positionEarthWRTCuriosity: 1.32625551914E8
positionEarthWRTCuriosity: 5.2726641644E7
owltEarthMSL2: 597.434
angSepHGAEarth: 106.822
utcTime: "2016-02-18~02:34:00"
sol: 1256
sclkValue: " 1/01256:23:23:40:21907"

2018-06-04 14:35:37,784 [pacemaker] INFO  space.exploration.mars.rover.kernel.SpacecraftClock - Internal time::2016-02-18T02:35:00.000-06:00 sclk of::1/01256:23:24:38:61373
2018-06-04 14:35:43,863 [pacemaker] INFO  space.exploration.mars.rover.kernel.PositionSensor - Houston - this is curiosityActual.ephemerisTime: 5.09035268185171E8
stateCuriosity: -1.08186083552E8
stateCuriosity: -1.32605292812E8
stateCuriosity: -5.2718798066E7
stateCuriosity: 23.462
stateCuriosity: 3.986
stateCuriosity: 1.002
owltMSLEarth: 597.328
stateEarth: 1.08201444018E8
stateEarth: 1.3262411523E8
stateEarth: 5.2726279704E7
stateEarth: -23.47
stateEarth: -3.993
stateEarth: -1.005
owltEarthMSL: 597.413
positionEarthWRTCuriosity: 1.08201444018E8
positionEarthWRTCuriosity: 1.3262411523E8
positionEarthWRTCuriosity: 5.2726279704E7
owltEarthMSL2: 597.413
angSepHGAEarth: 108.042
utcTime: "2016-02-18~02:40:00"
sol: 1256
sclkValue: " 1/01256:23:29:30:58702"

2018-06-04 14:35:43,908 [pacemaker] INFO  space.exploration.mars.rover.kernel.PositionSensor - ephemerisTime: 5.09035268185171E8
stateCuriosity: -1.08186083552E8
stateCuriosity: -1.32605292812E8
stateCuriosity: -5.2718798066E7
stateCuriosity: 23.462
stateCuriosity: 3.986
stateCuriosity: 1.002
owltMSLEarth: 597.328
stateEarth: 1.08201444018E8
stateEarth: 1.3262411523E8
stateEarth: 5.2726279704E7
stateEarth: -23.47
stateEarth: -3.993
stateEarth: -1.005
owltEarthMSL: 597.413
positionEarthWRTCuriosity: 1.08201444018E8
positionEarthWRTCuriosity: 1.3262411523E8
positionEarthWRTCuriosity: 5.2726279704E7
owltEarthMSL2: 597.413
angSepHGAEarth: 108.042
utcTime: "2016-02-18~02:40:00"
sol: 1256
sclkValue: " 1/01256:23:29:30:58702"

2018-06-04 14:35:43,908 [pacemaker] INFO  space.exploration.mars.rover.communication.Radio - One Way Light Time computed by SPICE :: 597.328
2018-06-04 14:35:43,919 [pacemaker] ERROR space.exploration.mars.rover.communication.Radio - Exception
javax.crypto.IllegalBlockSizeException: Data must not be longer than 245 bytes
	at com.sun.crypto.provider.RSACipher.doFinal(RSACipher.java:344)
	at com.sun.crypto.provider.RSACipher.engineDoFinal(RSACipher.java:389)
	at javax.crypto.Cipher.doFinal(Cipher.java:2164)
	at encryption.EncryptionUtil.encryptMessage(EncryptionUtil.java:49)
	at space.exploration.mars.rover.communication.Radio.sendMessage(Radio.java:113)
	at space.exploration.mars.rover.kernel.TransmittingState.transmitMessage(TransmittingState.java:68)
	at space.exploration.mars.rover.kernel.Rover.transmitMessage(Rover.java:386)
	at space.exploration.mars.rover.diagnostics.Pacemaker.sendHeartBeat(Pacemaker.java:51)
	at space.exploration.mars.rover.diagnostics.Pacemaker$Pulse.run(Pacemaker.java:142)
	at java.util.concurrent.Executors$RunnableAdapter.call(Executors.java:511)
	at java.util.concurrent.FutureTask.runAndReset(FutureTask.java:308)
	at java.util.concurrent.ScheduledThreadPoolExecutor$ScheduledFutureTask.access$301(ScheduledThreadPoolExecutor.java:180)
	at java.util.concurrent.ScheduledThreadPoolExecutor$ScheduledFutureTask.run(ScheduledThreadPoolExecutor.java:294)
	at java.util.concurrent.ThreadPoolExecutor.runWorker(ThreadPoolExecutor.java:1149)
	at java.util.concurrent.ThreadPoolExecutor$Worker.run(ThreadPoolExecutor.java:624)
	at java.lang.Thread.run(Thread.java:748)
2018-06-04 14:36:07,105 [batteryMonitor] INFO  space.exploration.mars.rover.power.BatteryMonitor - BatteryMonitor performing due diligence. SCET = 1528140967105 Rover state = Listening State
2018-06-04 14:36:07,106 [batteryMonitor] INFO  space.exploration.mars.rover.power.BatteryMonitor -  Battery primaryUnits = 1199 auxiliaryPowerUnits = 100
2018-06-04 14:36:14,370 [spacecraftClock] INFO  space.exploration.mars.rover.sensor.DANSpectrometer - Commencing calibration for DAN Spectrometer for sol = 1257
2018-06-04 14:36:19,701 [spacecraftClock] INFO  space.exploration.mars.rover.utils.FileUtil - File /home/sanket/Documents/workspace/MarsRover/mars.rover/dataArchives/APXS/1257/ does not exist. Trying to create it now.
2018-06-04 14:36:19,701 [spacecraftClock] INFO  space.exploration.mars.rover.utils.FileUtil - Successfully created /home/sanket/Documents/workspace/MarsRover/mars.rover/dataArchives/APXS/1257/
2018-06-04 14:36:19,762 [spacecraftClock] ERROR space.exploration.mars.rover.service.ApxsDataService -  Could not find data files for sol = 1257 url = http://pds-geosciences.wustl.edu/msl/msl-m-apxs-4_5-rdr-v1/mslapx_1xxx/data/sol01257/
org.jsoup.HttpStatusException: HTTP error fetching URL. Status=404, URL=http://pds-geosciences.wustl.edu/msl/msl-m-apxs-4_5-rdr-v1/mslapx_1xxx/data/sol01257/
	at org.jsoup.helper.HttpConnection$Response.execute(HttpConnection.java:537)
	at org.jsoup.helper.HttpConnection$Response.execute(HttpConnection.java:493)
	at org.jsoup.helper.HttpConnection.execute(HttpConnection.java:205)
	at org.jsoup.helper.HttpConnection.get(HttpConnection.java:194)
	at space.exploration.mars.rover.service.ApxsDataService.getTargetURL(ApxsDataService.java:52)
	at space.exploration.mars.rover.service.ApxsDataService.<init>(ApxsDataService.java:25)
	at space.exploration.mars.rover.sensor.ApxsSpectrometer.calibrateApxsSpectrometer(ApxsSpectrometer.java:39)
	at space.exploration.mars.rover.kernel.Rover.updateSensors(Rover.java:346)
	at space.exploration.mars.rover.kernel.SpacecraftClock$Clock.run(SpacecraftClock.java:225)
	at java.util.concurrent.Executors$RunnableAdapter.call(Executors.java:511)
	at java.util.concurrent.FutureTask.runAndReset(FutureTask.java:308)
	at java.util.concurrent.ScheduledThreadPoolExecutor$ScheduledFutureTask.access$301(ScheduledThreadPoolExecutor.java:180)
	at java.util.concurrent.ScheduledThreadPoolExecutor$ScheduledFutureTask.run(ScheduledThreadPoolExecutor.java:294)
	at java.util.concurrent.ThreadPoolExecutor.runWorker(ThreadPoolExecutor.java:1149)
	at java.util.concurrent.ThreadPoolExecutor$Worker.run(ThreadPoolExecutor.java:624)
	at java.lang.Thread.run(Thread.java:748)
2018-06-04 14:36:19,763 [spacecraftClock] INFO  space.exploration.mars.rover.utils.FileUtil - File at /home/sanket/Documents/workspace/MarsRover/mars.rover/dataArchives/APXS/1257/ exists - will delete it now.
2018-06-04 14:36:19,763 [spacecraftClock] ERROR space.exploration.mars.rover.sensor.ApxsSpectrometer - ApxsData not available for sol = 1257
java.net.MalformedURLException
	at java.net.URL.<init>(URL.java:627)
	at java.net.URL.<init>(URL.java:490)
	at java.net.URL.<init>(URL.java:439)
	at space.exploration.mars.rover.utils.ServiceUtil.download(ServiceUtil.java:15)
	at space.exploration.mars.rover.utils.ServiceUtil.downloadCsv(ServiceUtil.java:40)
	at space.exploration.mars.rover.service.ApxsDataService.<init>(ApxsDataService.java:27)
	at space.exploration.mars.rover.sensor.ApxsSpectrometer.calibrateApxsSpectrometer(ApxsSpectrometer.java:39)
	at space.exploration.mars.rover.kernel.Rover.updateSensors(Rover.java:346)
	at space.exploration.mars.rover.kernel.SpacecraftClock$Clock.run(SpacecraftClock.java:225)
	at java.util.concurrent.Executors$RunnableAdapter.call(Executors.java:511)
	at java.util.concurrent.FutureTask.runAndReset(FutureTask.java:308)
	at java.util.concurrent.ScheduledThreadPoolExecutor$ScheduledFutureTask.access$301(ScheduledThreadPoolExecutor.java:180)
	at java.util.concurrent.ScheduledThreadPoolExecutor$ScheduledFutureTask.run(ScheduledThreadPoolExecutor.java:294)
	at java.util.concurrent.ThreadPoolExecutor.runWorker(ThreadPoolExecutor.java:1149)
	at java.util.concurrent.ThreadPoolExecutor$Worker.run(ThreadPoolExecutor.java:624)
	at java.lang.Thread.run(Thread.java:748)
Caused by: java.lang.NullPointerException
	at java.net.URL.<init>(URL.java:532)
	... 15 more
2018-06-04 14:36:27,555 [pacemaker] INFO  space.exploration.mars.rover.kernel.PositionSensor - Houston - this is curiosityActual.ephemerisTime: 5.09037908185172E8
stateCuriosity: -1.08124103457E8
stateCuriosity: -1.32594731042E8
stateCuriosity: -5.271616203E7
stateCuriosity: 23.492
stateCuriosity: 4.016
stateCuriosity: 0.995
owltMSLEarth: 597.175
stateEarth: 1.08139441451E8
stateEarth: 1.32613535833E8
stateEarth: 5.2723637023E7
stateEarth: -23.501
stateEarth: -4.023
stateEarth: -0.998
owltEarthMSL: 597.259
positionEarthWRTCuriosity: 1.08139441451E8
positionEarthWRTCuriosity: 1.32613535833E8
positionEarthWRTCuriosity: 5.2723637023E7
owltEarthMSL2: 597.259
angSepHGAEarth: 116.997
utcTime: "2016-02-18~03:24:00"
sol: 1257
sclkValue: " 1/01257:00:12:19:95197"

2018-06-04 14:36:27,601 [pacemaker] INFO  space.exploration.mars.rover.kernel.PositionSensor - ephemerisTime: 5.09037908185172E8
stateCuriosity: -1.08124103457E8
stateCuriosity: -1.32594731042E8
stateCuriosity: -5.271616203E7
stateCuriosity: 23.492
stateCuriosity: 4.016
stateCuriosity: 0.995
owltMSLEarth: 597.175
stateEarth: 1.08139441451E8
stateEarth: 1.32613535833E8
stateEarth: 5.2723637023E7
stateEarth: -23.501
stateEarth: -4.023
stateEarth: -0.998
owltEarthMSL: 597.259
positionEarthWRTCuriosity: 1.08139441451E8
positionEarthWRTCuriosity: 1.32613535833E8
positionEarthWRTCuriosity: 5.2723637023E7
owltEarthMSL2: 597.259
angSepHGAEarth: 116.997
utcTime: "2016-02-18~03:24:00"
sol: 1257
sclkValue: " 1/01257:00:12:19:95197"

2018-06-04 14:36:27,601 [pacemaker] INFO  space.exploration.mars.rover.kernel.SpacecraftClock - Internal time::2016-02-18T03:25:00.000-06:00 sclk of::1/01257:00:13:18:34662
2018-06-04 14:36:33,690 [pacemaker] INFO  space.exploration.mars.rover.kernel.PositionSensor - Houston - this is curiosityActual.ephemerisTime: 5.09038268185172E8
stateCuriosity: -1.08115645548E8
stateCuriosity: -1.32593284438E8
stateCuriosity: -5.2715803807E7
stateCuriosity: 23.496
stateCuriosity: 4.021
stateCuriosity: 0.995
owltMSLEarth: 597.154
stateEarth: 1.08130980349E8
stateEarth: 1.32612086671E8
stateEarth: 5.2723277837E7
stateEarth: -23.505
stateEarth: -4.028
stateEarth: -0.997
owltEarthMSL: 597.238
positionEarthWRTCuriosity: 1.08130980349E8
positionEarthWRTCuriosity: 1.32612086671E8
positionEarthWRTCuriosity: 5.2723277837E7
owltEarthMSL2: 597.238
angSepHGAEarth: 118.216
utcTime: "2016-02-18~03:30:00"
sol: 1257
sclkValue: " 1/01257:00:18:10:31991"

2018-06-04 14:36:33,736 [pacemaker] INFO  space.exploration.mars.rover.kernel.PositionSensor - ephemerisTime: 5.09038268185172E8
stateCuriosity: -1.08115645548E8
stateCuriosity: -1.32593284438E8
stateCuriosity: -5.2715803807E7
stateCuriosity: 23.496
stateCuriosity: 4.021
stateCuriosity: 0.995
owltMSLEarth: 597.154
stateEarth: 1.08130980349E8
stateEarth: 1.32612086671E8
stateEarth: 5.2723277837E7
stateEarth: -23.505
stateEarth: -4.028
stateEarth: -0.997
owltEarthMSL: 597.238
positionEarthWRTCuriosity: 1.08130980349E8
positionEarthWRTCuriosity: 1.32612086671E8
positionEarthWRTCuriosity: 5.2723277837E7
owltEarthMSL2: 597.238
angSepHGAEarth: 118.216
utcTime: "2016-02-18~03:30:00"
sol: 1257
sclkValue: " 1/01257:00:18:10:31991"

2018-06-04 14:36:33,736 [pacemaker] INFO  space.exploration.mars.rover.communication.Radio - One Way Light Time computed by SPICE :: 597.154
2018-06-04 14:36:33,747 [pacemaker] ERROR space.exploration.mars.rover.communication.Radio - Exception
javax.crypto.IllegalBlockSizeException: Data must not be longer than 245 bytes
	at com.sun.crypto.provider.RSACipher.doFinal(RSACipher.java:344)
	at com.sun.crypto.provider.RSACipher.engineDoFinal(RSACipher.java:389)
	at javax.crypto.Cipher.doFinal(Cipher.java:2164)
	at encryption.EncryptionUtil.encryptMessage(EncryptionUtil.java:49)
	at space.exploration.mars.rover.communication.Radio.sendMessage(Radio.java:113)
	at space.exploration.mars.rover.kernel.TransmittingState.transmitMessage(TransmittingState.java:68)
	at space.exploration.mars.rover.kernel.Rover.transmitMessage(Rover.java:386)
	at space.exploration.mars.rover.diagnostics.Pacemaker.sendHeartBeat(Pacemaker.java:51)
	at space.exploration.mars.rover.diagnostics.Pacemaker$Pulse.run(Pacemaker.java:142)
	at java.util.concurrent.Executors$RunnableAdapter.call(Executors.java:511)
	at java.util.concurrent.FutureTask.runAndReset(FutureTask.java:308)
	at java.util.concurrent.ScheduledThreadPoolExecutor$ScheduledFutureTask.access$301(ScheduledThreadPoolExecutor.java:180)
	at java.util.concurrent.ScheduledThreadPoolExecutor$ScheduledFutureTask.run(ScheduledThreadPoolExecutor.java:294)
	at java.util.concurrent.ThreadPoolExecutor.runWorker(ThreadPoolExecutor.java:1149)
	at java.util.concurrent.ThreadPoolExecutor$Worker.run(ThreadPoolExecutor.java:624)
	at java.lang.Thread.run(Thread.java:748)
2018-06-04 14:36:37,105 [batteryMonitor] INFO  space.exploration.mars.rover.power.BatteryMonitor - BatteryMonitor performing due diligence. SCET = 1528140997105 Rover state = Listening State
2018-06-04 14:36:37,106 [batteryMonitor] INFO  space.exploration.mars.rover.power.BatteryMonitor -  Battery primaryUnits = 1198 auxiliaryPowerUnits = 100
