9559 [main] INFO org.apache.kafka.clients.producer.ProducerConfig  - ProducerConfig values: 
	metric.reporters = []
	metadata.max.age.ms = 300000
	reconnect.backoff.ms = 50
	sasl.kerberos.ticket.renew.window.factor = 0.8
	bootstrap.servers = [localhost:9092]
	ssl.keystore.type = JKS
	sasl.mechanism = GSSAPI
	max.block.ms = 60000
	interceptor.classes = null
	ssl.truststore.password = null
	client.id = 
	ssl.endpoint.identification.algorithm = null
	request.timeout.ms = 30000
	acks = 1
	receive.buffer.bytes = 32768
	ssl.truststore.type = JKS
	retries = 0
	ssl.truststore.location = null
	ssl.keystore.password = null
	send.buffer.bytes = 131072
	compression.type = none
	metadata.fetch.timeout.ms = 60000
	retry.backoff.ms = 100
	sasl.kerberos.kinit.cmd = /usr/bin/kinit
	buffer.memory = 33554432
	timeout.ms = 30000
	key.serializer = class org.apache.kafka.common.serialization.StringSerializer
	sasl.kerberos.service.name = null
	sasl.kerberos.ticket.renew.jitter = 0.05
	ssl.trustmanager.algorithm = PKIX
	block.on.buffer.full = false
	ssl.key.password = null
	sasl.kerberos.min.time.before.relogin = 60000
	connections.max.idle.ms = 540000
	max.in.flight.requests.per.connection = 5
	metrics.num.samples = 2
	ssl.protocol = TLS
	ssl.provider = null
	ssl.enabled.protocols = [TLSv1.2, TLSv1.1, TLSv1]
	batch.size = 16384
	ssl.keystore.location = null
	ssl.cipher.suites = null
	security.protocol = PLAINTEXT
	max.request.size = 1048576
	value.serializer = class org.apache.kafka.common.serialization.ByteArraySerializer
	ssl.keymanager.algorithm = SunX509
	metrics.sample.window.ms = 30000
	partitioner.class = class org.apache.kafka.clients.producer.internals.DefaultPartitioner
	linger.ms = 0

9664 [main] INFO org.apache.kafka.clients.producer.ProducerConfig  - ProducerConfig values: 
	metric.reporters = []
	metadata.max.age.ms = 300000
	reconnect.backoff.ms = 50
	sasl.kerberos.ticket.renew.window.factor = 0.8
	bootstrap.servers = [localhost:9092]
	ssl.keystore.type = JKS
	sasl.mechanism = GSSAPI
	max.block.ms = 60000
	interceptor.classes = null
	ssl.truststore.password = null
	client.id = producer-1
	ssl.endpoint.identification.algorithm = null
	request.timeout.ms = 30000
	acks = 1
	receive.buffer.bytes = 32768
	ssl.truststore.type = JKS
	retries = 0
	ssl.truststore.location = null
	ssl.keystore.password = null
	send.buffer.bytes = 131072
	compression.type = none
	metadata.fetch.timeout.ms = 60000
	retry.backoff.ms = 100
	sasl.kerberos.kinit.cmd = /usr/bin/kinit
	buffer.memory = 33554432
	timeout.ms = 30000
	key.serializer = class org.apache.kafka.common.serialization.StringSerializer
	sasl.kerberos.service.name = null
	sasl.kerberos.ticket.renew.jitter = 0.05
	ssl.trustmanager.algorithm = PKIX
	block.on.buffer.full = false
	ssl.key.password = null
	sasl.kerberos.min.time.before.relogin = 60000
	connections.max.idle.ms = 540000
	max.in.flight.requests.per.connection = 5
	metrics.num.samples = 2
	ssl.protocol = TLS
	ssl.provider = null
	ssl.enabled.protocols = [TLSv1.2, TLSv1.1, TLSv1]
	batch.size = 16384
	ssl.keystore.location = null
	ssl.cipher.suites = null
	security.protocol = PLAINTEXT
	max.request.size = 1048576
	value.serializer = class org.apache.kafka.common.serialization.ByteArraySerializer
	ssl.keymanager.algorithm = SunX509
	metrics.sample.window.ms = 30000
	partitioner.class = class org.apache.kafka.clients.producer.internals.DefaultPartitioner
	linger.ms = 0

9664 [main] WARN org.apache.kafka.clients.producer.ProducerConfig  - The configuration zookeeper.connect = localhost:2181 was supplied but isn't a known config.
9664 [main] WARN org.apache.kafka.clients.producer.ProducerConfig  - The configuration group.id = space.exploration.mars.newRover was supplied but isn't a known config.
9664 [main] WARN org.apache.kafka.clients.producer.ProducerConfig  - The configuration source.topic = earth_to_curiosity_3 was supplied but isn't a known config.
9664 [main] WARN org.apache.kafka.clients.producer.ProducerConfig  - The configuration auto.offset.reset = largest was supplied but isn't a known config.
9664 [main] WARN org.apache.kafka.clients.producer.ProducerConfig  - The configuration metadata.broker.list = localhost:9092 was supplied but isn't a known config.
9664 [main] WARN org.apache.kafka.clients.producer.ProducerConfig  - The configuration destination.topic = curiosity_to_earth_3 was supplied but isn't a known config.
9665 [main] INFO org.apache.kafka.common.utils.AppInfoParser  - Kafka version : 0.10.0.1
9665 [main] INFO org.apache.kafka.common.utils.AppInfoParser  - Kafka commitId : a7a17cdec9eaa6c5
9847 [main] INFO kafka.utils.VerifiableProperties  - Verifying properties
9869 [main] INFO kafka.utils.VerifiableProperties  - Property auto.offset.reset is overridden to largest
9869 [main] WARN kafka.utils.VerifiableProperties  - Property bootstrap.servers is not valid
9870 [main] WARN kafka.utils.VerifiableProperties  - Property destination.topic is not valid
9870 [main] INFO kafka.utils.VerifiableProperties  - Property group.id is overridden to space.exploration.mars.newRover
9870 [main] WARN kafka.utils.VerifiableProperties  - Property key.serializer is not valid
9870 [main] WARN kafka.utils.VerifiableProperties  - Property metadata.broker.list is not valid
9870 [main] WARN kafka.utils.VerifiableProperties  - Property source.topic is not valid
9870 [main] WARN kafka.utils.VerifiableProperties  - Property value.serializer is not valid
9871 [main] INFO kafka.utils.VerifiableProperties  - Property zookeeper.connect is overridden to localhost:2181
9920 [main] INFO kafka.consumer.ZookeeperConsumerConnector  - [space.exploration.mars.newRover_zion-mainframe-1507957179502-ed1064cf], Connecting to zookeeper instance at localhost:2181
9934 [main] INFO org.apache.zookeeper.ZooKeeper  - Client environment:zookeeper.version=3.4.6-1569965, built on 02/20/2014 09:09 GMT
9934 [main] INFO org.apache.zookeeper.ZooKeeper  - Client environment:host.name=zion-mainframe
9934 [main] INFO org.apache.zookeeper.ZooKeeper  - Client environment:java.version=1.8.0_131
9934 [main] INFO org.apache.zookeeper.ZooKeeper  - Client environment:java.vendor=Oracle Corporation
9934 [main] INFO org.apache.zookeeper.ZooKeeper  - Client environment:java.home=/usr/lib/jvm/java-8-openjdk-amd64/jre
9934 [main] INFO org.apache.zookeeper.ZooKeeper  - Client environment:java.class.path=target/mars.rover-0.0.1-SOLSHOT-shaded.jar
9934 [main] INFO org.apache.zookeeper.ZooKeeper  - Client environment:java.library.path=/usr/java/packages/lib/amd64:/usr/lib/x86_64-linux-gnu/jni:/lib/x86_64-linux-gnu:/usr/lib/x86_64-linux-gnu:/usr/lib/jni:/lib:/usr/lib
9934 [main] INFO org.apache.zookeeper.ZooKeeper  - Client environment:java.io.tmpdir=/tmp
9934 [main] INFO org.apache.zookeeper.ZooKeeper  - Client environment:java.compiler=<NA>
9934 [main] INFO org.apache.zookeeper.ZooKeeper  - Client environment:os.name=Linux
9934 [main] INFO org.apache.zookeeper.ZooKeeper  - Client environment:os.arch=amd64
9934 [main] INFO org.apache.zookeeper.ZooKeeper  - Client environment:os.version=4.10.0-35-generic
9935 [main] INFO org.apache.zookeeper.ZooKeeper  - Client environment:user.name=sanket
9935 [main] INFO org.apache.zookeeper.ZooKeeper  - Client environment:user.home=/home/sanket
9935 [main] INFO org.apache.zookeeper.ZooKeeper  - Client environment:user.dir=/home/sanket/Documents/workspace/MarsRover/mars.rover
9935 [main] INFO org.apache.zookeeper.ZooKeeper  - Initiating client connection, connectString=localhost:2181 sessionTimeout=6000 watcher=org.I0Itec.zkclient.ZkClient@1ab3a8c8
9940 [ZkClient-EventThread-24-localhost:2181] INFO org.I0Itec.zkclient.ZkEventThread  - Starting ZkClient event thread.
9944 [main] INFO org.I0Itec.zkclient.ZkClient  - Waiting for keeper state SyncConnected
9947 [main-SendThread(localhost:2181)] INFO org.apache.zookeeper.ClientCnxn  - Opening socket connection to server localhost/127.0.0.1:2181. Will not attempt to authenticate using SASL (unknown error)
9951 [main-SendThread(localhost:2181)] INFO org.apache.zookeeper.ClientCnxn  - Socket connection established to localhost/127.0.0.1:2181, initiating session
9956 [main-SendThread(localhost:2181)] INFO org.apache.zookeeper.ClientCnxn  - Session establishment complete on server localhost/127.0.0.1:2181, sessionid = 0x15f193a53600001, negotiated timeout = 6000
9957 [main-EventThread] INFO org.I0Itec.zkclient.ZkClient  - zookeeper state changed (SyncConnected)
9965 [main] INFO kafka.consumer.ZookeeperConsumerConnector  - [space.exploration.mars.newRover_zion-mainframe-1507957179502-ed1064cf], starting auto committer every 60000 ms
10011 [Thread-1] INFO kafka.consumer.ZookeeperConsumerConnector  - [space.exploration.mars.newRover_zion-mainframe-1507957179502-ed1064cf], begin registering consumer space.exploration.mars.newRover_zion-mainframe-1507957179502-ed1064cf in ZK
10054 [Thread-1] INFO kafka.utils.ZKCheckedEphemeral  - Creating /consumers/space.exploration.mars.newRover/ids/space.exploration.mars.newRover_zion-mainframe-1507957179502-ed1064cf (is it secure? false)
10078 [Thread-1] INFO kafka.utils.ZKCheckedEphemeral  - Result of znode creation is: OK
10079 [Thread-1] INFO kafka.consumer.ZookeeperConsumerConnector  - [space.exploration.mars.newRover_zion-mainframe-1507957179502-ed1064cf], end registering consumer space.exploration.mars.newRover_zion-mainframe-1507957179502-ed1064cf in ZK
10096 [space.exploration.mars.newRover_zion-mainframe-1507957179502-ed1064cf_watcher_executor] INFO kafka.consumer.ZookeeperConsumerConnector  - [space.exploration.mars.newRover_zion-mainframe-1507957179502-ed1064cf], starting watcher executor thread for consumer space.exploration.mars.newRover_zion-mainframe-1507957179502-ed1064cf
10116 [Thread-1] INFO kafka.consumer.ZookeeperConsumerConnector  - [space.exploration.mars.newRover_zion-mainframe-1507957179502-ed1064cf], begin rebalancing consumer space.exploration.mars.newRover_zion-mainframe-1507957179502-ed1064cf try #0
10271 [Thread-1] INFO kafka.consumer.ConsumerFetcherManager  - [ConsumerFetcherManager-1507957179546] Stopping leader finder thread
10271 [Thread-1] INFO kafka.consumer.ConsumerFetcherManager  - [ConsumerFetcherManager-1507957179546] Stopping all fetchers
10272 [Thread-1] INFO kafka.consumer.ConsumerFetcherManager  - [ConsumerFetcherManager-1507957179546] All connections stopped
10273 [Thread-1] INFO kafka.consumer.ZookeeperConsumerConnector  - [space.exploration.mars.newRover_zion-mainframe-1507957179502-ed1064cf], Cleared all relevant queues for this fetcher
10274 [Thread-1] INFO kafka.consumer.ZookeeperConsumerConnector  - [space.exploration.mars.newRover_zion-mainframe-1507957179502-ed1064cf], Cleared the data chunks in all the consumer message iterators
10274 [Thread-1] INFO kafka.consumer.ZookeeperConsumerConnector  - [space.exploration.mars.newRover_zion-mainframe-1507957179502-ed1064cf], Committing all offsets after clearing the fetcher queues
10275 [Thread-1] INFO kafka.consumer.ZookeeperConsumerConnector  - [space.exploration.mars.newRover_zion-mainframe-1507957179502-ed1064cf], Releasing partition ownership
10310 [Thread-1] INFO kafka.consumer.RangeAssignor  - Consumer space.exploration.mars.newRover_zion-mainframe-1507957179502-ed1064cf rebalancing the following partitions: ArrayBuffer(0) for topic earth_to_curiosity_3 with consumers: List(space.exploration.mars.newRover_zion-mainframe-1507957179502-ed1064cf-0)
10312 [Thread-1] INFO kafka.consumer.RangeAssignor  - space.exploration.mars.newRover_zion-mainframe-1507957179502-ed1064cf-0 attempting to claim partition 0
10382 [Thread-1] INFO kafka.consumer.ZookeeperConsumerConnector  - [space.exploration.mars.newRover_zion-mainframe-1507957179502-ed1064cf], space.exploration.mars.newRover_zion-mainframe-1507957179502-ed1064cf-0 successfully owned partition 0 for topic earth_to_curiosity_3
10403 [Thread-1] INFO kafka.consumer.ZookeeperConsumerConnector  - [space.exploration.mars.newRover_zion-mainframe-1507957179502-ed1064cf], Consumer space.exploration.mars.newRover_zion-mainframe-1507957179502-ed1064cf selected partitions : earth_to_curiosity_3:0: fetched offset = -1: consumed offset = -1
10406 [Thread-1] INFO kafka.consumer.ZookeeperConsumerConnector  - [space.exploration.mars.newRover_zion-mainframe-1507957179502-ed1064cf], end rebalancing consumer space.exploration.mars.newRover_zion-mainframe-1507957179502-ed1064cf try #0
10409 [space.exploration.mars.newRover_zion-mainframe-1507957179502-ed1064cf-leader-finder-thread] INFO kafka.consumer.ConsumerFetcherManager$LeaderFinderThread  - [space.exploration.mars.newRover_zion-mainframe-1507957179502-ed1064cf-leader-finder-thread], Starting 
10474 [space.exploration.mars.newRover_zion-mainframe-1507957179502-ed1064cf-leader-finder-thread] INFO kafka.utils.VerifiableProperties  - Verifying properties
10474 [space.exploration.mars.newRover_zion-mainframe-1507957179502-ed1064cf-leader-finder-thread] INFO kafka.utils.VerifiableProperties  - Property client.id is overridden to space.exploration.mars.newRover
10474 [space.exploration.mars.newRover_zion-mainframe-1507957179502-ed1064cf-leader-finder-thread] INFO kafka.utils.VerifiableProperties  - Property metadata.broker.list is overridden to zion-mainframe:9092
10474 [space.exploration.mars.newRover_zion-mainframe-1507957179502-ed1064cf-leader-finder-thread] INFO kafka.utils.VerifiableProperties  - Property request.timeout.ms is overridden to 30000
10496 [space.exploration.mars.newRover_zion-mainframe-1507957179502-ed1064cf-leader-finder-thread] INFO kafka.client.ClientUtils$  - Fetching metadata from broker BrokerEndPoint(0,zion-mainframe,9092) with correlation id 0 for 1 topic(s) Set(earth_to_curiosity_3)
10502 [space.exploration.mars.newRover_zion-mainframe-1507957179502-ed1064cf-leader-finder-thread] INFO kafka.producer.SyncProducer  - Connected to zion-mainframe:9092 for producing
10528 [space.exploration.mars.newRover_zion-mainframe-1507957179502-ed1064cf-leader-finder-thread] INFO kafka.producer.SyncProducer  - Disconnecting from zion-mainframe:9092
10579 [ConsumerFetcherThread-space.exploration.mars.newRover_zion-mainframe-1507957179502-ed1064cf-0-0] INFO kafka.consumer.ConsumerFetcherThread  - [ConsumerFetcherThread-space.exploration.mars.newRover_zion-mainframe-1507957179502-ed1064cf-0-0], Starting 
10594 [space.exploration.mars.newRover_zion-mainframe-1507957179502-ed1064cf-leader-finder-thread] INFO kafka.consumer.ConsumerFetcherManager  - [ConsumerFetcherManager-1507957179546] Added fetcher for partitions ArrayBuffer([[earth_to_curiosity_3,0], initOffset -1 to broker BrokerEndPoint(0,zion-mainframe,9092)] )
25420 [pool-3-thread-1] INFO space.exploration.mars.rover.animation.SleepingAnimationEngine  - Rover is sleeping now
55990 [pool-2-thread-1] INFO space.exploration.mars.rover.diagnostics.Pacemaker  - Diagnostics inhibited because rover is sleeping to conserve battery Current instructionQueue length = 0
56993 [pool-3-thread-1] INFO space.exploration.mars.rover.diagnostics.SleepMonitor  - Awakening rover from slumber
56993 [pool-3-thread-1] INFO space.exploration.mars.rover.animation.SleepingAnimationEngine  - Waking up rover
106693 [Thread-1] INFO space.exploration.mars.rover.kernel.ListeningState  - 1507957276276,0,ScanArea Current instructionQueue length = 0
212074 [Thread-1] INFO space.exploration.mars.rover.kernel.ListeningState  - 1507957381657,0,ScanArea Current instructionQueue length = 0
325912 [Thread-1] INFO space.exploration.mars.rover.kernel.ListeningState  - 1507957495495,0,ScanArea Current instructionQueue length = 0
