0    [main] INFO  space.exploration.mars.rover.kernel.Rover  - Rover current position is = java.awt.Point[x=350,y=250]
1011 [main] INFO  space.exploration.mars.rover.sensor.Lidar  - Lidar initialized and ready!
2014 [main] INFO  space.exploration.mars.rover.sensor.Spectrometer  - Spectrometer initialized and ready!
3254 [main] INFO  space.exploration.mars.rover.sensor.Camera  - Camera initialized and ready!
4258 [main] INFO  space.exploration.mars.rover.sensor.Radar  - Radar configured:: 
5262 [main] INFO  space.exploration.mars.rover.power.Battery  - Battery configured, batteryLife:primaryPowerUnits = 10000 auxiliaryPowerUnits = 1000 alertThreshold: 100 rechargeTime = 60000
6265 [main] INFO  space.exploration.mars.rover.kernel.Rover  - Battery Monitor configured!
6447 [main] INFO  kafka.utils.VerifiableProperties  - Verifying properties
6465 [main] WARN  kafka.utils.VerifiableProperties  - Property auto.offset.reset is not valid
6465 [main] WARN  kafka.utils.VerifiableProperties  - Property destination.topic is not valid
6465 [main] WARN  kafka.utils.VerifiableProperties  - Property group.id is not valid
6466 [main] INFO  kafka.utils.VerifiableProperties  - Property metadata.broker.list is overridden to localhost:9092
6466 [main] WARN  kafka.utils.VerifiableProperties  - Property source.topic is not valid
6466 [main] WARN  kafka.utils.VerifiableProperties  - Property zookeeper.connect is not valid
6498 [main] INFO  kafka.utils.VerifiableProperties  - Verifying properties
6498 [main] INFO  kafka.utils.VerifiableProperties  - Property auto.offset.reset is overridden to largest
6498 [main] WARN  kafka.utils.VerifiableProperties  - Property destination.topic is not valid
6498 [main] INFO  kafka.utils.VerifiableProperties  - Property group.id is overridden to space.exploration.mars.newRover
6498 [main] WARN  kafka.utils.VerifiableProperties  - Property metadata.broker.list is not valid
6498 [main] WARN  kafka.utils.VerifiableProperties  - Property source.topic is not valid
6498 [main] INFO  kafka.utils.VerifiableProperties  - Property zookeeper.connect is overridden to localhost:2181
6517 [main] INFO  kafka.consumer.ZookeeperConsumerConnector  - [space.exploration.mars.newRover_zion-mainframe-1502419110155-f1acc4cf], Connecting to zookeeper instance at localhost:2181
6522 [ZkClient-EventThread-22-localhost:2181] INFO  org.I0Itec.zkclient.ZkEventThread  - Starting ZkClient event thread.
6525 [main] INFO  org.apache.zookeeper.ZooKeeper  - Client environment:zookeeper.version=3.4.6-1569965, built on 02/20/2014 09:09 GMT
6525 [main] INFO  org.apache.zookeeper.ZooKeeper  - Client environment:host.name=zion-mainframe
6525 [main] INFO  org.apache.zookeeper.ZooKeeper  - Client environment:java.version=1.8.0_131
6525 [main] INFO  org.apache.zookeeper.ZooKeeper  - Client environment:java.vendor=Oracle Corporation
6525 [main] INFO  org.apache.zookeeper.ZooKeeper  - Client environment:java.home=/usr/lib/jvm/java-8-openjdk-amd64/jre
6525 [main] INFO  org.apache.zookeeper.ZooKeeper  - Client environment:java.class.path=/usr/lib/jvm/java-1.8.0-openjdk-amd64/jre/lib/charsets.jar:/usr/lib/jvm/java-1.8.0-openjdk-amd64/jre/lib/ext/cldrdata.jar:/usr/lib/jvm/java-1.8.0-openjdk-amd64/jre/lib/ext/dnsns.jar:/usr/lib/jvm/java-1.8.0-openjdk-amd64/jre/lib/ext/icedtea-sound.jar:/usr/lib/jvm/java-1.8.0-openjdk-amd64/jre/lib/ext/jaccess.jar:/usr/lib/jvm/java-1.8.0-openjdk-amd64/jre/lib/ext/localedata.jar:/usr/lib/jvm/java-1.8.0-openjdk-amd64/jre/lib/ext/nashorn.jar:/usr/lib/jvm/java-1.8.0-openjdk-amd64/jre/lib/ext/sunec.jar:/usr/lib/jvm/java-1.8.0-openjdk-amd64/jre/lib/ext/sunjce_provider.jar:/usr/lib/jvm/java-1.8.0-openjdk-amd64/jre/lib/ext/sunpkcs11.jar:/usr/lib/jvm/java-1.8.0-openjdk-amd64/jre/lib/ext/zipfs.jar:/usr/lib/jvm/java-1.8.0-openjdk-amd64/jre/lib/jce.jar:/usr/lib/jvm/java-1.8.0-openjdk-amd64/jre/lib/jsse.jar:/usr/lib/jvm/java-1.8.0-openjdk-amd64/jre/lib/management-agent.jar:/usr/lib/jvm/java-1.8.0-openjdk-amd64/jre/lib/resources.jar:/usr/lib/jvm/java-1.8.0-openjdk-amd64/jre/lib/rt.jar:/home/sanket/Documents/workspace/MarsRover/mars.rover/target/classes:/home/sanket/.m2/repository/com/google/protobuf/protobuf-java/3.2.0/protobuf-java-3.2.0.jar:/home/sanket/.m2/repository/org/apache/kafka/kafka_2.10/0.9.0.1/kafka_2.10-0.9.0.1.jar:/home/sanket/.m2/repository/com/101tec/zkclient/0.7/zkclient-0.7.jar:/home/sanket/.m2/repository/org/slf4j/slf4j-api/1.6.1/slf4j-api-1.6.1.jar:/home/sanket/.m2/repository/log4j/log4j/1.2.15/log4j-1.2.15.jar:/home/sanket/.m2/repository/javax/mail/mail/1.4/mail-1.4.jar:/home/sanket/.m2/repository/javax/activation/activation/1.1/activation-1.1.jar:/home/sanket/.m2/repository/org/apache/kafka/kafka-clients/0.9.0.1/kafka-clients-0.9.0.1.jar:/home/sanket/.m2/repository/org/xerial/snappy/snappy-java/1.1.1.7/snappy-java-1.1.1.7.jar:/home/sanket/.m2/repository/net/jpountz/lz4/lz4/1.2.0/lz4-1.2.0.jar:/home/sanket/.m2/repository/com/yammer/metrics/metrics-core/2.2.0/metrics-core-2.2.0.jar:/home/sanket/.m2/repository/org/scala-lang/scala-library/2.10.5/scala-library-2.10.5.jar:/home/sanket/.m2/repository/net/sf/jopt-simple/jopt-simple/3.2/jopt-simple-3.2.jar:/home/sanket/.m2/repository/org/slf4j/slf4j-log4j12/1.7.6/slf4j-log4j12-1.7.6.jar:/home/sanket/.m2/repository/org/apache/zookeeper/zookeeper/3.4.6/zookeeper-3.4.6.jar:/home/sanket/.m2/repository/jline/jline/0.9.94/jline-0.9.94.jar:/home/sanket/.m2/repository/io/netty/netty/3.7.0.Final/netty-3.7.0.Final.jar:/home/sanket/.m2/repository/org/tensorflow/tensorflow/1.1.0/tensorflow-1.1.0.jar:/home/sanket/.m2/repository/org/tensorflow/libtensorflow/1.1.0/libtensorflow-1.1.0.jar:/home/sanket/.m2/repository/org/tensorflow/libtensorflow_jni/1.1.0/libtensorflow_jni-1.1.0.jar:/home/sanket/Documents/Tools/intelliJ/idea-IC-171.4694.23/lib/idea_rt.jar
6525 [main] INFO  org.apache.zookeeper.ZooKeeper  - Client environment:java.library.path=/home/sanket/Documents/Tools/intelliJ/idea-IC-171.4694.23/bin:/home/sanket/Documents/Tools/intelliJ/idea-IC-171.4694.23/bin::/usr/java/packages/lib/amd64:/usr/lib/x86_64-linux-gnu/jni:/lib/x86_64-linux-gnu:/usr/lib/x86_64-linux-gnu:/usr/lib/jni:/lib:/usr/lib
6525 [main] INFO  org.apache.zookeeper.ZooKeeper  - Client environment:java.io.tmpdir=/tmp
6525 [main] INFO  org.apache.zookeeper.ZooKeeper  - Client environment:java.compiler=<NA>
6525 [main] INFO  org.apache.zookeeper.ZooKeeper  - Client environment:os.name=Linux
6525 [main] INFO  org.apache.zookeeper.ZooKeeper  - Client environment:os.arch=amd64
6525 [main] INFO  org.apache.zookeeper.ZooKeeper  - Client environment:os.version=4.10.0-28-generic
6525 [main] INFO  org.apache.zookeeper.ZooKeeper  - Client environment:user.name=sanket
6525 [main] INFO  org.apache.zookeeper.ZooKeeper  - Client environment:user.home=/home/sanket
6525 [main] INFO  org.apache.zookeeper.ZooKeeper  - Client environment:user.dir=/home/sanket/Documents/workspace/MarsRover/mars.rover
6526 [main] INFO  org.apache.zookeeper.ZooKeeper  - Initiating client connection, connectString=localhost:2181 sessionTimeout=6000 watcher=org.I0Itec.zkclient.ZkClient@6f96c77
6534 [main] INFO  org.I0Itec.zkclient.ZkClient  - Waiting for keeper state SyncConnected
6536 [main-SendThread(localhost:2181)] INFO  org.apache.zookeeper.ClientCnxn  - Opening socket connection to server localhost/127.0.0.1:2181. Will not attempt to authenticate using SASL (unknown error)
6540 [main-SendThread(localhost:2181)] INFO  org.apache.zookeeper.ClientCnxn  - Socket connection established to localhost/127.0.0.1:2181, initiating session
6544 [main-SendThread(localhost:2181)] INFO  org.apache.zookeeper.ClientCnxn  - Session establishment complete on server localhost/127.0.0.1:2181, sessionid = 0x15dce0f3434001e, negotiated timeout = 6000
6546 [main-EventThread] INFO  org.I0Itec.zkclient.ZkClient  - zookeeper state changed (SyncConnected)
6552 [main] INFO  kafka.consumer.ZookeeperConsumerConnector  - [space.exploration.mars.newRover_zion-mainframe-1502419110155-f1acc4cf], starting auto committer every 60000 ms
6568 [Thread-2] INFO  kafka.consumer.ZookeeperConsumerConnector  - [space.exploration.mars.newRover_zion-mainframe-1502419110155-f1acc4cf], begin registering consumer space.exploration.mars.newRover_zion-mainframe-1502419110155-f1acc4cf in ZK
6585 [Thread-2] INFO  kafka.utils.ZKCheckedEphemeral  - Creating /consumers/space.exploration.mars.newRover/ids/space.exploration.mars.newRover_zion-mainframe-1502419110155-f1acc4cf (is it secure? false)
6594 [Thread-2] INFO  kafka.utils.ZKCheckedEphemeral  - Result of znode creation is: OK
6595 [Thread-2] INFO  kafka.consumer.ZookeeperConsumerConnector  - [space.exploration.mars.newRover_zion-mainframe-1502419110155-f1acc4cf], end registering consumer space.exploration.mars.newRover_zion-mainframe-1502419110155-f1acc4cf in ZK
6598 [space.exploration.mars.newRover_zion-mainframe-1502419110155-f1acc4cf_watcher_executor] INFO  kafka.consumer.ZookeeperConsumerConnector  - [space.exploration.mars.newRover_zion-mainframe-1502419110155-f1acc4cf], starting watcher executor thread for consumer space.exploration.mars.newRover_zion-mainframe-1502419110155-f1acc4cf
6611 [Thread-2] INFO  kafka.consumer.ZookeeperConsumerConnector  - [space.exploration.mars.newRover_zion-mainframe-1502419110155-f1acc4cf], begin rebalancing consumer space.exploration.mars.newRover_zion-mainframe-1502419110155-f1acc4cf try #0
6688 [Thread-2] INFO  kafka.consumer.ConsumerFetcherManager  - [ConsumerFetcherManager-1502419110190] Stopping leader finder thread
6688 [Thread-2] INFO  kafka.consumer.ConsumerFetcherManager  - [ConsumerFetcherManager-1502419110190] Stopping all fetchers
6689 [Thread-2] INFO  kafka.consumer.ConsumerFetcherManager  - [ConsumerFetcherManager-1502419110190] All connections stopped
6689 [Thread-2] INFO  kafka.consumer.ZookeeperConsumerConnector  - [space.exploration.mars.newRover_zion-mainframe-1502419110155-f1acc4cf], Cleared all relevant queues for this fetcher
6690 [Thread-2] INFO  kafka.consumer.ZookeeperConsumerConnector  - [space.exploration.mars.newRover_zion-mainframe-1502419110155-f1acc4cf], Cleared the data chunks in all the consumer message iterators
6690 [Thread-2] INFO  kafka.consumer.ZookeeperConsumerConnector  - [space.exploration.mars.newRover_zion-mainframe-1502419110155-f1acc4cf], Committing all offsets after clearing the fetcher queues
6691 [Thread-2] INFO  kafka.consumer.ZookeeperConsumerConnector  - [space.exploration.mars.newRover_zion-mainframe-1502419110155-f1acc4cf], Releasing partition ownership
6715 [Thread-2] INFO  kafka.consumer.RangeAssignor  - Consumer space.exploration.mars.newRover_zion-mainframe-1502419110155-f1acc4cf rebalancing the following partitions: ArrayBuffer(0) for topic earth_to_curiosity_0 with consumers: List(space.exploration.mars.newRover_zion-mainframe-1502419110155-f1acc4cf-0)
6717 [Thread-2] INFO  kafka.consumer.RangeAssignor  - space.exploration.mars.newRover_zion-mainframe-1502419110155-f1acc4cf-0 attempting to claim partition 0
6747 [Thread-2] INFO  kafka.consumer.ZookeeperConsumerConnector  - [space.exploration.mars.newRover_zion-mainframe-1502419110155-f1acc4cf], space.exploration.mars.newRover_zion-mainframe-1502419110155-f1acc4cf-0 successfully owned partition 0 for topic earth_to_curiosity_0
6773 [Thread-2] INFO  kafka.consumer.ZookeeperConsumerConnector  - [space.exploration.mars.newRover_zion-mainframe-1502419110155-f1acc4cf], Consumer space.exploration.mars.newRover_zion-mainframe-1502419110155-f1acc4cf selected partitions : earth_to_curiosity_0:0: fetched offset = 154: consumed offset = 154
6777 [Thread-2] INFO  kafka.consumer.ZookeeperConsumerConnector  - [space.exploration.mars.newRover_zion-mainframe-1502419110155-f1acc4cf], end rebalancing consumer space.exploration.mars.newRover_zion-mainframe-1502419110155-f1acc4cf try #0
6779 [space.exploration.mars.newRover_zion-mainframe-1502419110155-f1acc4cf-leader-finder-thread] INFO  kafka.consumer.ConsumerFetcherManager$LeaderFinderThread  - [space.exploration.mars.newRover_zion-mainframe-1502419110155-f1acc4cf-leader-finder-thread], Starting 
6788 [space.exploration.mars.newRover_zion-mainframe-1502419110155-f1acc4cf-leader-finder-thread] INFO  kafka.utils.VerifiableProperties  - Verifying properties
6789 [space.exploration.mars.newRover_zion-mainframe-1502419110155-f1acc4cf-leader-finder-thread] INFO  kafka.utils.VerifiableProperties  - Property client.id is overridden to space.exploration.mars.newRover
6789 [space.exploration.mars.newRover_zion-mainframe-1502419110155-f1acc4cf-leader-finder-thread] INFO  kafka.utils.VerifiableProperties  - Property metadata.broker.list is overridden to zion-mainframe:9092
6789 [space.exploration.mars.newRover_zion-mainframe-1502419110155-f1acc4cf-leader-finder-thread] INFO  kafka.utils.VerifiableProperties  - Property request.timeout.ms is overridden to 30000
6826 [space.exploration.mars.newRover_zion-mainframe-1502419110155-f1acc4cf-leader-finder-thread] INFO  kafka.client.ClientUtils$  - Fetching metadata from broker BrokerEndPoint(0,zion-mainframe,9092) with correlation id 0 for 1 topic(s) Set(earth_to_curiosity_0)
6829 [space.exploration.mars.newRover_zion-mainframe-1502419110155-f1acc4cf-leader-finder-thread] INFO  kafka.producer.SyncProducer  - Connected to zion-mainframe:9092 for producing
6839 [space.exploration.mars.newRover_zion-mainframe-1502419110155-f1acc4cf-leader-finder-thread] INFO  kafka.producer.SyncProducer  - Disconnecting from zion-mainframe:9092
6851 [ConsumerFetcherThread-space.exploration.mars.newRover_zion-mainframe-1502419110155-f1acc4cf-0-0] INFO  kafka.consumer.ConsumerFetcherThread  - [ConsumerFetcherThread-space.exploration.mars.newRover_zion-mainframe-1502419110155-f1acc4cf-0-0], Starting 
6854 [space.exploration.mars.newRover_zion-mainframe-1502419110155-f1acc4cf-leader-finder-thread] INFO  kafka.consumer.ConsumerFetcherManager  - [ConsumerFetcherManager-1502419110190] Added fetcher for partitions ArrayBuffer([[earth_to_curiosity_0,0], initOffset 154 to broker BrokerEndPoint(0,zion-mainframe,9092)] )
7554 [main] INFO  space.exploration.mars.rover.communication.Radio  - Radio configured:: 
metadata.broker.list::localhost:9092
source.topic::earth_to_curiosity_0
auto.offset.reset::largest
group.id::space.exploration.mars.newRover
destination.topic::curiosity_to_earth_0
zookeeper.connect::localhost:2181
8556 [main] INFO  space.exploration.mars.rover.sensor.Radar  - Radar configured:: 
35265 [pool-2-thread-1] INFO  space.exploration.mars.rover.power.Battery  - BatteryMonitor performing due diligence. SCET = 1502419138904
35732 [main] INFO  kafka.client.ClientUtils$  - Fetching metadata from broker BrokerEndPoint(0,localhost,9092) with correlation id 0 for 1 topic(s) Set(curiosity_to_earth_0)
35733 [main] INFO  kafka.producer.SyncProducer  - Connected to localhost:9092 for producing
35736 [main] INFO  kafka.producer.SyncProducer  - Disconnecting from localhost:9092
35760 [main] INFO  kafka.producer.SyncProducer  - Connected to zion-mainframe:9092 for producing
58052 [pool-1-thread-1] INFO  space.exploration.mars.rover.diagnostics.Pacemaker  - SCET: 1502419161641
equipmentHealth {
  key: "Battery"
  value: 1000
}
equipmentHealth {
  key: "Radio"
  value: 9999
}
equipmentHealth {
  key: "Lidar"
  value: 1000
}
equipmentHealth {
  key: "Camera"
  value: 1000
}
equipmentHealth {
  key: "Spectrometer"
  value: 1000
}
equipmentHealth {
  key: "Radar"
  value: 1000
}
batteryLevel: 9999
moduleReporting: 3
notes: "This is rover Curiosity. Sending HeartBeat!"
location {
  x: 350
  y: 250
}

65265 [pool-2-thread-1] INFO  space.exploration.mars.rover.power.Battery  - BatteryMonitor performing due diligence. SCET = 1502419168904
95265 [pool-2-thread-2] INFO  space.exploration.mars.rover.power.Battery  - BatteryMonitor performing due diligence. SCET = 1502419198904
117998 [pool-1-thread-1] INFO  space.exploration.mars.rover.diagnostics.Pacemaker  - SCET: 1502419221633
equipmentHealth {
  key: "Battery"
  value: 1000
}
equipmentHealth {
  key: "Radio"
  value: 9998
}
equipmentHealth {
  key: "Lidar"
  value: 1000
}
equipmentHealth {
  key: "Camera"
  value: 1000
}
equipmentHealth {
  key: "Spectrometer"
  value: 1000
}
equipmentHealth {
  key: "Radar"
  value: 1000
}
batteryLevel: 9998
moduleReporting: 3
notes: "This is rover Curiosity. Sending HeartBeat!"
location {
  x: 350
  y: 250
}

125265 [pool-2-thread-1] INFO  space.exploration.mars.rover.power.Battery  - BatteryMonitor performing due diligence. SCET = 1502419228904
155265 [pool-2-thread-1] INFO  space.exploration.mars.rover.power.Battery  - BatteryMonitor performing due diligence. SCET = 1502419258904
177998 [pool-1-thread-1] INFO  space.exploration.mars.rover.diagnostics.Pacemaker  - SCET: 1502419281633
equipmentHealth {
  key: "Battery"
  value: 1000
}
equipmentHealth {
  key: "Radio"
  value: 9997
}
equipmentHealth {
  key: "Lidar"
  value: 1000
}
equipmentHealth {
  key: "Camera"
  value: 1000
}
equipmentHealth {
  key: "Spectrometer"
  value: 1000
}
equipmentHealth {
  key: "Radar"
  value: 1000
}
batteryLevel: 9997
moduleReporting: 3
notes: "This is rover Curiosity. Sending HeartBeat!"
location {
  x: 350
  y: 250
}

185268 [pool-2-thread-1] INFO  space.exploration.mars.rover.power.Battery  - BatteryMonitor performing due diligence. SCET = 1502419288907
215265 [pool-2-thread-1] INFO  space.exploration.mars.rover.power.Battery  - BatteryMonitor performing due diligence. SCET = 1502419318903
238018 [pool-1-thread-3] INFO  space.exploration.mars.rover.diagnostics.Pacemaker  - SCET: 1502419341633
equipmentHealth {
  key: "Battery"
  value: 1000
}
equipmentHealth {
  key: "Radio"
  value: 9996
}
equipmentHealth {
  key: "Lidar"
  value: 1000
}
equipmentHealth {
  key: "Camera"
  value: 1000
}
equipmentHealth {
  key: "Spectrometer"
  value: 1000
}
equipmentHealth {
  key: "Radar"
  value: 1000
}
batteryLevel: 9996
moduleReporting: 3
notes: "This is rover Curiosity. Sending HeartBeat!"
location {
  x: 350
  y: 250
}

245265 [pool-2-thread-1] INFO  space.exploration.mars.rover.power.Battery  - BatteryMonitor performing due diligence. SCET = 1502419348904
275265 [pool-2-thread-1] INFO  space.exploration.mars.rover.power.Battery  - BatteryMonitor performing due diligence. SCET = 1502419378904
297998 [pool-1-thread-2] INFO  space.exploration.mars.rover.diagnostics.Pacemaker  - SCET: 1502419401633
equipmentHealth {
  key: "Battery"
  value: 1000
}
equipmentHealth {
  key: "Radio"
  value: 9995
}
equipmentHealth {
  key: "Lidar"
  value: 1000
}
equipmentHealth {
  key: "Camera"
  value: 1000
}
equipmentHealth {
  key: "Spectrometer"
  value: 1000
}
equipmentHealth {
  key: "Radar"
  value: 1000
}
batteryLevel: 9995
moduleReporting: 3
notes: "This is rover Curiosity. Sending HeartBeat!"
location {
  x: 350
  y: 250
}

