0    [main] INFO  space.exploration.mars.rover.kernel.Rover  - Rover current position is = java.awt.Point[x=350,y=250]
1010 [main] INFO  space.exploration.mars.rover.sensor.Lidar  - Lidar initialized and ready!
2019 [main] INFO  space.exploration.mars.rover.sensor.Spectrometer  - Spectrometer initialized and ready!
3356 [main] INFO  space.exploration.mars.rover.sensor.Camera  - Camera initialized and ready!
4362 [main] INFO  space.exploration.mars.rover.sensor.Radar  - Radar configured:: 
5368 [main] INFO  space.exploration.mars.rover.power.Battery  - Battery configured, batteryLife:primaryPowerUnits = 10000 auxiliaryPowerUnits = 1000 alertThreshold: 100 rechargeTime = 60000
6372 [main] INFO  space.exploration.mars.rover.kernel.Rover  - Battery Monitor configured!
6640 [main] INFO  kafka.utils.VerifiableProperties  - Verifying properties
6666 [main] WARN  kafka.utils.VerifiableProperties  - Property auto.offset.reset is not valid
6666 [main] WARN  kafka.utils.VerifiableProperties  - Property destination.topic is not valid
6666 [main] WARN  kafka.utils.VerifiableProperties  - Property group.id is not valid
6666 [main] INFO  kafka.utils.VerifiableProperties  - Property metadata.broker.list is overridden to localhost:9092
6666 [main] WARN  kafka.utils.VerifiableProperties  - Property source.topic is not valid
6666 [main] WARN  kafka.utils.VerifiableProperties  - Property zookeeper.connect is not valid
6703 [main] INFO  kafka.utils.VerifiableProperties  - Verifying properties
6704 [main] INFO  kafka.utils.VerifiableProperties  - Property auto.offset.reset is overridden to largest
6704 [main] WARN  kafka.utils.VerifiableProperties  - Property destination.topic is not valid
6704 [main] INFO  kafka.utils.VerifiableProperties  - Property group.id is overridden to space.exploration.mars.rover
6704 [main] WARN  kafka.utils.VerifiableProperties  - Property metadata.broker.list is not valid
6704 [main] WARN  kafka.utils.VerifiableProperties  - Property source.topic is not valid
6704 [main] INFO  kafka.utils.VerifiableProperties  - Property zookeeper.connect is overridden to localhost:2181
11734 [main] INFO  kafka.consumer.ZookeeperConsumerConnector  - [space.exploration.mars.rover_Sankets-MacBook-Pro.local-1501603789934-d947d593], Connecting to zookeeper instance at localhost:2181
11743 [ZkClient-EventThread-23-localhost:2181] INFO  org.I0Itec.zkclient.ZkEventThread  - Starting ZkClient event thread.
16772 [main] INFO  org.apache.zookeeper.ZooKeeper  - Client environment:zookeeper.version=3.4.6-1569965, built on 02/20/2014 09:09 GMT
16772 [main] INFO  org.apache.zookeeper.ZooKeeper  - Client environment:host.name=10.36.201.7
16772 [main] INFO  org.apache.zookeeper.ZooKeeper  - Client environment:java.version=1.8.0_121
16772 [main] INFO  org.apache.zookeeper.ZooKeeper  - Client environment:java.vendor=Oracle Corporation
16772 [main] INFO  org.apache.zookeeper.ZooKeeper  - Client environment:java.home=/Library/Java/JavaVirtualMachines/jdk1.8.0_121.jdk/Contents/Home/jre
16772 [main] INFO  org.apache.zookeeper.ZooKeeper  - Client environment:java.class.path=/Library/Java/JavaVirtualMachines/jdk1.8.0_121.jdk/Contents/Home/jre/lib/charsets.jar:/Library/Java/JavaVirtualMachines/jdk1.8.0_121.jdk/Contents/Home/jre/lib/deploy.jar:/Library/Java/JavaVirtualMachines/jdk1.8.0_121.jdk/Contents/Home/jre/lib/ext/cldrdata.jar:/Library/Java/JavaVirtualMachines/jdk1.8.0_121.jdk/Contents/Home/jre/lib/ext/dnsns.jar:/Library/Java/JavaVirtualMachines/jdk1.8.0_121.jdk/Contents/Home/jre/lib/ext/jaccess.jar:/Library/Java/JavaVirtualMachines/jdk1.8.0_121.jdk/Contents/Home/jre/lib/ext/jfxrt.jar:/Library/Java/JavaVirtualMachines/jdk1.8.0_121.jdk/Contents/Home/jre/lib/ext/localedata.jar:/Library/Java/JavaVirtualMachines/jdk1.8.0_121.jdk/Contents/Home/jre/lib/ext/nashorn.jar:/Library/Java/JavaVirtualMachines/jdk1.8.0_121.jdk/Contents/Home/jre/lib/ext/sunec.jar:/Library/Java/JavaVirtualMachines/jdk1.8.0_121.jdk/Contents/Home/jre/lib/ext/sunjce_provider.jar:/Library/Java/JavaVirtualMachines/jdk1.8.0_121.jdk/Contents/Home/jre/lib/ext/sunpkcs11.jar:/Library/Java/JavaVirtualMachines/jdk1.8.0_121.jdk/Contents/Home/jre/lib/ext/zipfs.jar:/Library/Java/JavaVirtualMachines/jdk1.8.0_121.jdk/Contents/Home/jre/lib/javaws.jar:/Library/Java/JavaVirtualMachines/jdk1.8.0_121.jdk/Contents/Home/jre/lib/jce.jar:/Library/Java/JavaVirtualMachines/jdk1.8.0_121.jdk/Contents/Home/jre/lib/jfr.jar:/Library/Java/JavaVirtualMachines/jdk1.8.0_121.jdk/Contents/Home/jre/lib/jfxswt.jar:/Library/Java/JavaVirtualMachines/jdk1.8.0_121.jdk/Contents/Home/jre/lib/jsse.jar:/Library/Java/JavaVirtualMachines/jdk1.8.0_121.jdk/Contents/Home/jre/lib/management-agent.jar:/Library/Java/JavaVirtualMachines/jdk1.8.0_121.jdk/Contents/Home/jre/lib/plugin.jar:/Library/Java/JavaVirtualMachines/jdk1.8.0_121.jdk/Contents/Home/jre/lib/resources.jar:/Library/Java/JavaVirtualMachines/jdk1.8.0_121.jdk/Contents/Home/jre/lib/rt.jar:/Library/Java/JavaVirtualMachines/jdk1.8.0_121.jdk/Contents/Home/lib/ant-javafx.jar:/Library/Java/JavaVirtualMachines/jdk1.8.0_121.jdk/Contents/Home/lib/dt.jar:/Library/Java/JavaVirtualMachines/jdk1.8.0_121.jdk/Contents/Home/lib/javafx-mx.jar:/Library/Java/JavaVirtualMachines/jdk1.8.0_121.jdk/Contents/Home/lib/jconsole.jar:/Library/Java/JavaVirtualMachines/jdk1.8.0_121.jdk/Contents/Home/lib/packager.jar:/Library/Java/JavaVirtualMachines/jdk1.8.0_121.jdk/Contents/Home/lib/sa-jdi.jar:/Library/Java/JavaVirtualMachines/jdk1.8.0_121.jdk/Contents/Home/lib/tools.jar:/Users/sanketkorgaonkar/Documents/workspace/space.exploration/mars.rover/target/classes:/Users/sanketkorgaonkar/.m2/repository/com/google/protobuf/protobuf-java/3.2.0/protobuf-java-3.2.0.jar:/Users/sanketkorgaonkar/.m2/repository/org/apache/kafka/kafka_2.10/0.9.0.1/kafka_2.10-0.9.0.1.jar:/Users/sanketkorgaonkar/.m2/repository/com/101tec/zkclient/0.7/zkclient-0.7.jar:/Users/sanketkorgaonkar/.m2/repository/org/slf4j/slf4j-api/1.6.1/slf4j-api-1.6.1.jar:/Users/sanketkorgaonkar/.m2/repository/log4j/log4j/1.2.15/log4j-1.2.15.jar:/Users/sanketkorgaonkar/.m2/repository/javax/mail/mail/1.4/mail-1.4.jar:/Users/sanketkorgaonkar/.m2/repository/javax/activation/activation/1.1/activation-1.1.jar:/Users/sanketkorgaonkar/.m2/repository/org/apache/kafka/kafka-clients/0.9.0.1/kafka-clients-0.9.0.1.jar:/Users/sanketkorgaonkar/.m2/repository/org/xerial/snappy/snappy-java/1.1.1.7/snappy-java-1.1.1.7.jar:/Users/sanketkorgaonkar/.m2/repository/net/jpountz/lz4/lz4/1.2.0/lz4-1.2.0.jar:/Users/sanketkorgaonkar/.m2/repository/com/yammer/metrics/metrics-core/2.2.0/metrics-core-2.2.0.jar:/Users/sanketkorgaonkar/.m2/repository/org/scala-lang/scala-library/2.10.5/scala-library-2.10.5.jar:/Users/sanketkorgaonkar/.m2/repository/net/sf/jopt-simple/jopt-simple/3.2/jopt-simple-3.2.jar:/Users/sanketkorgaonkar/.m2/repository/org/slf4j/slf4j-log4j12/1.7.6/slf4j-log4j12-1.7.6.jar:/Users/sanketkorgaonkar/.m2/repository/org/apache/zookeeper/zookeeper/3.4.6/zookeeper-3.4.6.jar:/Users/sanketkorgaonkar/.m2/repository/jline/jline/0.9.94/jline-0.9.94.jar:/Users/sanketkorgaonkar/.m2/repository/io/netty/netty/3.7.0.Final/netty-3.7.0.Final.jar:/Users/sanketkorgaonkar/.m2/repository/org/tensorflow/tensorflow/1.1.0/tensorflow-1.1.0.jar:/Users/sanketkorgaonkar/.m2/repository/org/tensorflow/libtensorflow/1.1.0/libtensorflow-1.1.0.jar:/Users/sanketkorgaonkar/.m2/repository/org/tensorflow/libtensorflow_jni/1.1.0/libtensorflow_jni-1.1.0.jar:/Applications/IntelliJ IDEA CE.app/Contents/lib/idea_rt.jar
16773 [main] INFO  org.apache.zookeeper.ZooKeeper  - Client environment:java.library.path=/Users/sanketkorgaonkar/Library/Java/Extensions:/Library/Java/Extensions:/Network/Library/Java/Extensions:/System/Library/Java/Extensions:/usr/lib/java:.
16773 [main] INFO  org.apache.zookeeper.ZooKeeper  - Client environment:java.io.tmpdir=/var/folders/5h/gwr26fh90zs2zgrhjqr0pm1r0000gn/T/
16773 [main] INFO  org.apache.zookeeper.ZooKeeper  - Client environment:java.compiler=<NA>
16774 [main] INFO  org.apache.zookeeper.ZooKeeper  - Client environment:os.name=Mac OS X
16774 [main] INFO  org.apache.zookeeper.ZooKeeper  - Client environment:os.arch=x86_64
16774 [main] INFO  org.apache.zookeeper.ZooKeeper  - Client environment:os.version=10.12.5
16774 [main] INFO  org.apache.zookeeper.ZooKeeper  - Client environment:user.name=sanketkorgaonkar
16774 [main] INFO  org.apache.zookeeper.ZooKeeper  - Client environment:user.home=/Users/sanketkorgaonkar
16774 [main] INFO  org.apache.zookeeper.ZooKeeper  - Client environment:user.dir=/Users/sanketkorgaonkar/Documents/workspace/space.exploration/mars.rover
16775 [main] INFO  org.apache.zookeeper.ZooKeeper  - Initiating client connection, connectString=localhost:2181 sessionTimeout=6000 watcher=org.I0Itec.zkclient.ZkClient@76908cc0
16794 [main] INFO  org.I0Itec.zkclient.ZkClient  - Waiting for keeper state SyncConnected
16798 [main-SendThread(localhost:2181)] INFO  org.apache.zookeeper.ClientCnxn  - Opening socket connection to server localhost/0:0:0:0:0:0:0:1:2181. Will not attempt to authenticate using SASL (unknown error)
16842 [main-SendThread(localhost:2181)] INFO  org.apache.zookeeper.ClientCnxn  - Socket connection established to localhost/0:0:0:0:0:0:0:1:2181, initiating session
16855 [main-SendThread(localhost:2181)] INFO  org.apache.zookeeper.ClientCnxn  - Session establishment complete on server localhost/0:0:0:0:0:0:0:1:2181, sessionid = 0x15d5bd1e6530202, negotiated timeout = 6000
16856 [main-EventThread] INFO  org.I0Itec.zkclient.ZkClient  - zookeeper state changed (SyncConnected)
16865 [main] INFO  kafka.consumer.ZookeeperConsumerConnector  - [space.exploration.mars.rover_Sankets-MacBook-Pro.local-1501603789934-d947d593], starting auto committer every 60000 ms
16884 [Thread-2] INFO  kafka.consumer.ZookeeperConsumerConnector  - [space.exploration.mars.rover_Sankets-MacBook-Pro.local-1501603789934-d947d593], begin registering consumer space.exploration.mars.rover_Sankets-MacBook-Pro.local-1501603789934-d947d593 in ZK
16906 [Thread-2] INFO  kafka.utils.ZKCheckedEphemeral  - Creating /consumers/space.exploration.mars.rover/ids/space.exploration.mars.rover_Sankets-MacBook-Pro.local-1501603789934-d947d593 (is it secure? false)
16920 [Thread-2] INFO  kafka.utils.ZKCheckedEphemeral  - Result of znode creation is: OK
16920 [Thread-2] INFO  kafka.consumer.ZookeeperConsumerConnector  - [space.exploration.mars.rover_Sankets-MacBook-Pro.local-1501603789934-d947d593], end registering consumer space.exploration.mars.rover_Sankets-MacBook-Pro.local-1501603789934-d947d593 in ZK
16924 [space.exploration.mars.rover_Sankets-MacBook-Pro.local-1501603789934-d947d593_watcher_executor] INFO  kafka.consumer.ZookeeperConsumerConnector  - [space.exploration.mars.rover_Sankets-MacBook-Pro.local-1501603789934-d947d593], starting watcher executor thread for consumer space.exploration.mars.rover_Sankets-MacBook-Pro.local-1501603789934-d947d593
16939 [Thread-2] INFO  kafka.consumer.ZookeeperConsumerConnector  - [space.exploration.mars.rover_Sankets-MacBook-Pro.local-1501603789934-d947d593], begin rebalancing consumer space.exploration.mars.rover_Sankets-MacBook-Pro.local-1501603789934-d947d593 try #0
17022 [Thread-2] INFO  kafka.consumer.ConsumerFetcherManager  - [ConsumerFetcherManager-1501603795065] Stopping leader finder thread
17023 [Thread-2] INFO  kafka.consumer.ConsumerFetcherManager  - [ConsumerFetcherManager-1501603795065] Stopping all fetchers
17023 [Thread-2] INFO  kafka.consumer.ConsumerFetcherManager  - [ConsumerFetcherManager-1501603795065] All connections stopped
17024 [Thread-2] INFO  kafka.consumer.ZookeeperConsumerConnector  - [space.exploration.mars.rover_Sankets-MacBook-Pro.local-1501603789934-d947d593], Cleared all relevant queues for this fetcher
17027 [Thread-2] INFO  kafka.consumer.ZookeeperConsumerConnector  - [space.exploration.mars.rover_Sankets-MacBook-Pro.local-1501603789934-d947d593], Cleared the data chunks in all the consumer message iterators
17027 [Thread-2] INFO  kafka.consumer.ZookeeperConsumerConnector  - [space.exploration.mars.rover_Sankets-MacBook-Pro.local-1501603789934-d947d593], Committing all offsets after clearing the fetcher queues
17028 [Thread-2] INFO  kafka.consumer.ZookeeperConsumerConnector  - [space.exploration.mars.rover_Sankets-MacBook-Pro.local-1501603789934-d947d593], Releasing partition ownership
17050 [Thread-2] INFO  kafka.consumer.RangeAssignor  - Consumer space.exploration.mars.rover_Sankets-MacBook-Pro.local-1501603789934-d947d593 rebalancing the following partitions: ArrayBuffer(0) for topic secure_com_from_earth_channel_3 with consumers: List(space.exploration.mars.rover_Sankets-MacBook-Pro.local-1501603789934-d947d593-0)
17051 [Thread-2] INFO  kafka.consumer.RangeAssignor  - space.exploration.mars.rover_Sankets-MacBook-Pro.local-1501603789934-d947d593-0 attempting to claim partition 0
17073 [Thread-2] INFO  kafka.consumer.ZookeeperConsumerConnector  - [space.exploration.mars.rover_Sankets-MacBook-Pro.local-1501603789934-d947d593], space.exploration.mars.rover_Sankets-MacBook-Pro.local-1501603789934-d947d593-0 successfully owned partition 0 for topic secure_com_from_earth_channel_3
17087 [Thread-2] INFO  kafka.consumer.ZookeeperConsumerConnector  - [space.exploration.mars.rover_Sankets-MacBook-Pro.local-1501603789934-d947d593], Consumer space.exploration.mars.rover_Sankets-MacBook-Pro.local-1501603789934-d947d593 selected partitions : secure_com_from_earth_channel_3:0: fetched offset = 378: consumed offset = 378
17089 [space.exploration.mars.rover_Sankets-MacBook-Pro.local-1501603789934-d947d593-leader-finder-thread] INFO  kafka.consumer.ConsumerFetcherManager$LeaderFinderThread  - [space.exploration.mars.rover_Sankets-MacBook-Pro.local-1501603789934-d947d593-leader-finder-thread], Starting 
17090 [Thread-2] INFO  kafka.consumer.ZookeeperConsumerConnector  - [space.exploration.mars.rover_Sankets-MacBook-Pro.local-1501603789934-d947d593], end rebalancing consumer space.exploration.mars.rover_Sankets-MacBook-Pro.local-1501603789934-d947d593 try #0
17098 [space.exploration.mars.rover_Sankets-MacBook-Pro.local-1501603789934-d947d593-leader-finder-thread] INFO  kafka.utils.VerifiableProperties  - Verifying properties
17099 [space.exploration.mars.rover_Sankets-MacBook-Pro.local-1501603789934-d947d593-leader-finder-thread] INFO  kafka.utils.VerifiableProperties  - Property client.id is overridden to space.exploration.mars.rover
17099 [space.exploration.mars.rover_Sankets-MacBook-Pro.local-1501603789934-d947d593-leader-finder-thread] INFO  kafka.utils.VerifiableProperties  - Property metadata.broker.list is overridden to 10.36.201.7:9092
17099 [space.exploration.mars.rover_Sankets-MacBook-Pro.local-1501603789934-d947d593-leader-finder-thread] INFO  kafka.utils.VerifiableProperties  - Property request.timeout.ms is overridden to 30000
17126 [space.exploration.mars.rover_Sankets-MacBook-Pro.local-1501603789934-d947d593-leader-finder-thread] INFO  kafka.client.ClientUtils$  - Fetching metadata from broker BrokerEndPoint(0,10.36.201.7,9092) with correlation id 0 for 1 topic(s) Set(secure_com_from_earth_channel_3)
17156 [space.exploration.mars.rover_Sankets-MacBook-Pro.local-1501603789934-d947d593-leader-finder-thread] INFO  kafka.producer.SyncProducer  - Connected to 10.36.201.7:9092 for producing
17167 [space.exploration.mars.rover_Sankets-MacBook-Pro.local-1501603789934-d947d593-leader-finder-thread] INFO  kafka.producer.SyncProducer  - Disconnecting from 10.36.201.7:9092
17183 [ConsumerFetcherThread-space.exploration.mars.rover_Sankets-MacBook-Pro.local-1501603789934-d947d593-0-0] INFO  kafka.consumer.ConsumerFetcherThread  - [ConsumerFetcherThread-space.exploration.mars.rover_Sankets-MacBook-Pro.local-1501603789934-d947d593-0-0], Starting 
17185 [space.exploration.mars.rover_Sankets-MacBook-Pro.local-1501603789934-d947d593-leader-finder-thread] INFO  kafka.consumer.ConsumerFetcherManager  - [ConsumerFetcherManager-1501603795065] Added fetcher for partitions ArrayBuffer([[secure_com_from_earth_channel_3,0], initOffset 378 to broker BrokerEndPoint(0,10.36.201.7,9092)] )
17870 [main] INFO  space.exploration.mars.rover.communication.Radio  - Radio configured:: 
metadata.broker.list::localhost:9092
source.topic::secure_com_from_earth_channel_3
auto.offset.reset::largest
group.id::space.exploration.mars.rover
destination.topic::secure_com_to_earth_channel_3
zookeeper.connect::localhost:2181
18875 [main] INFO  space.exploration.mars.rover.sensor.Radar  - Radar configured:: 
34112 [main] INFO  kafka.client.ClientUtils$  - Fetching metadata from broker BrokerEndPoint(0,localhost,9092) with correlation id 0 for 1 topic(s) Set(secure_com_to_earth_channel_3)
34113 [main] INFO  kafka.producer.SyncProducer  - Connected to localhost:9092 for producing
34114 [main] INFO  kafka.producer.SyncProducer  - Disconnecting from localhost:9092
34127 [main] INFO  kafka.producer.SyncProducer  - Connected to 10.36.201.7:9092 for producing
35371 [pool-2-thread-1] INFO  space.exploration.mars.rover.power.Battery  - BatteryMonitor performing due diligence. SCET = 1501603813573
58037 [pool-1-thread-1] INFO  space.exploration.mars.rover.diagnostics.Pacemaker  - SCET: 1501603836193
equipmentHealth {
  key: "Battery"
  value: 1000
}
equipmentHealth {
  key: "Radio"
  value: 9999
}
equipmentHealth {
  key: "Lidar"
  value: 1000
}
equipmentHealth {
  key: "Camera"
  value: 1000
}
equipmentHealth {
  key: "Spectrometer"
  value: 1000
}
equipmentHealth {
  key: "Radar"
  value: 1000
}
batteryLevel: 9999
moduleReporting: 3
notes: "This is rover Curiosity. Sending HeartBeat!"
location {
  x: 350
  y: 250
}

65371 [pool-2-thread-1] INFO  space.exploration.mars.rover.power.Battery  - BatteryMonitor performing due diligence. SCET = 1501603843573
95370 [pool-2-thread-2] INFO  space.exploration.mars.rover.power.Battery  - BatteryMonitor performing due diligence. SCET = 1501603873572
117987 [pool-1-thread-1] INFO  space.exploration.mars.rover.diagnostics.Pacemaker  - SCET: 1501603896187
equipmentHealth {
  key: "Battery"
  value: 1000
}
equipmentHealth {
  key: "Radio"
  value: 9998
}
equipmentHealth {
  key: "Lidar"
  value: 1000
}
equipmentHealth {
  key: "Camera"
  value: 1000
}
equipmentHealth {
  key: "Spectrometer"
  value: 1000
}
equipmentHealth {
  key: "Radar"
  value: 1000
}
batteryLevel: 9998
moduleReporting: 3
notes: "This is rover Curiosity. Sending HeartBeat!"
location {
  x: 350
  y: 250
}

125365 [pool-2-thread-1] INFO  space.exploration.mars.rover.power.Battery  - BatteryMonitor performing due diligence. SCET = 1501603903567
155367 [pool-2-thread-1] INFO  space.exploration.mars.rover.power.Battery  - BatteryMonitor performing due diligence. SCET = 1501603933569
177985 [pool-1-thread-2] INFO  space.exploration.mars.rover.diagnostics.Pacemaker  - SCET: 1501603956186
equipmentHealth {
  key: "Battery"
  value: 1000
}
equipmentHealth {
  key: "Radio"
  value: 9997
}
equipmentHealth {
  key: "Lidar"
  value: 1000
}
equipmentHealth {
  key: "Camera"
  value: 1000
}
equipmentHealth {
  key: "Spectrometer"
  value: 1000
}
equipmentHealth {
  key: "Radar"
  value: 1000
}
batteryLevel: 9997
moduleReporting: 3
notes: "This is rover Curiosity. Sending HeartBeat!"
location {
  x: 350
  y: 250
}

185364 [pool-2-thread-1] INFO  space.exploration.mars.rover.power.Battery  - BatteryMonitor performing due diligence. SCET = 1501603963566
215367 [pool-2-thread-1] INFO  space.exploration.mars.rover.power.Battery  - BatteryMonitor performing due diligence. SCET = 1501603993569
237990 [pool-1-thread-1] INFO  space.exploration.mars.rover.diagnostics.Pacemaker  - SCET: 1501604016185
equipmentHealth {
  key: "Battery"
  value: 1000
}
equipmentHealth {
  key: "Radio"
  value: 9996
}
equipmentHealth {
  key: "Lidar"
  value: 1000
}
equipmentHealth {
  key: "Camera"
  value: 1000
}
equipmentHealth {
  key: "Spectrometer"
  value: 1000
}
equipmentHealth {
  key: "Radar"
  value: 1000
}
batteryLevel: 9996
moduleReporting: 3
notes: "This is rover Curiosity. Sending HeartBeat!"
location {
  x: 350
  y: 250
}

245361 [pool-2-thread-1] INFO  space.exploration.mars.rover.power.Battery  - BatteryMonitor performing due diligence. SCET = 1501604023563
275360 [pool-2-thread-1] INFO  space.exploration.mars.rover.power.Battery  - BatteryMonitor performing due diligence. SCET = 1501604053562
297981 [pool-1-thread-3] INFO  space.exploration.mars.rover.diagnostics.Pacemaker  - SCET: 1501604076181
equipmentHealth {
  key: "Battery"
  value: 1000
}
equipmentHealth {
  key: "Radio"
  value: 9995
}
equipmentHealth {
  key: "Lidar"
  value: 1000
}
equipmentHealth {
  key: "Camera"
  value: 1000
}
equipmentHealth {
  key: "Spectrometer"
  value: 1000
}
equipmentHealth {
  key: "Radar"
  value: 1000
}
batteryLevel: 9995
moduleReporting: 3
notes: "This is rover Curiosity. Sending HeartBeat!"
location {
  x: 350
  y: 250
}

305361 [pool-2-thread-1] INFO  space.exploration.mars.rover.power.Battery  - BatteryMonitor performing due diligence. SCET = 1501604083563
335362 [pool-2-thread-1] INFO  space.exploration.mars.rover.power.Battery  - BatteryMonitor performing due diligence. SCET = 1501604113564
357979 [pool-1-thread-2] INFO  space.exploration.mars.rover.diagnostics.Pacemaker  - SCET: 1501604136179
equipmentHealth {
  key: "Battery"
  value: 1000
}
equipmentHealth {
  key: "Radio"
  value: 9994
}
equipmentHealth {
  key: "Lidar"
  value: 1000
}
equipmentHealth {
  key: "Camera"
  value: 1000
}
equipmentHealth {
  key: "Spectrometer"
  value: 1000
}
equipmentHealth {
  key: "Radar"
  value: 1000
}
batteryLevel: 9994
moduleReporting: 3
notes: "This is rover Curiosity. Sending HeartBeat!"
location {
  x: 350
  y: 250
}

365357 [pool-2-thread-1] INFO  space.exploration.mars.rover.power.Battery  - BatteryMonitor performing due diligence. SCET = 1501604143559
395355 [pool-2-thread-1] INFO  space.exploration.mars.rover.power.Battery  - BatteryMonitor performing due diligence. SCET = 1501604173557
417978 [pool-1-thread-4] INFO  space.exploration.mars.rover.diagnostics.Pacemaker  - SCET: 1501604196178
equipmentHealth {
  key: "Battery"
  value: 1000
}
equipmentHealth {
  key: "Radio"
  value: 9993
}
equipmentHealth {
  key: "Lidar"
  value: 1000
}
equipmentHealth {
  key: "Camera"
  value: 1000
}
equipmentHealth {
  key: "Spectrometer"
  value: 1000
}
equipmentHealth {
  key: "Radar"
  value: 1000
}
batteryLevel: 9993
moduleReporting: 3
notes: "This is rover Curiosity. Sending HeartBeat!"
location {
  x: 350
  y: 250
}

425357 [pool-2-thread-1] INFO  space.exploration.mars.rover.power.Battery  - BatteryMonitor performing due diligence. SCET = 1501604203559
455356 [pool-2-thread-1] INFO  space.exploration.mars.rover.power.Battery  - BatteryMonitor performing due diligence. SCET = 1501604233558
477976 [pool-1-thread-1] INFO  space.exploration.mars.rover.diagnostics.Pacemaker  - SCET: 1501604256174
equipmentHealth {
  key: "Battery"
  value: 1000
}
equipmentHealth {
  key: "Radio"
  value: 9992
}
equipmentHealth {
  key: "Lidar"
  value: 1000
}
equipmentHealth {
  key: "Camera"
  value: 1000
}
equipmentHealth {
  key: "Spectrometer"
  value: 1000
}
equipmentHealth {
  key: "Radar"
  value: 1000
}
batteryLevel: 9992
moduleReporting: 3
notes: "This is rover Curiosity. Sending HeartBeat!"
location {
  x: 350
  y: 250
}

485353 [pool-2-thread-1] INFO  space.exploration.mars.rover.power.Battery  - BatteryMonitor performing due diligence. SCET = 1501604263555
515353 [pool-2-thread-1] INFO  space.exploration.mars.rover.power.Battery  - BatteryMonitor performing due diligence. SCET = 1501604293555
537971 [pool-1-thread-5] INFO  space.exploration.mars.rover.diagnostics.Pacemaker  - SCET: 1501604316170
equipmentHealth {
  key: "Battery"
  value: 1000
}
equipmentHealth {
  key: "Radio"
  value: 9991
}
equipmentHealth {
  key: "Lidar"
  value: 1000
}
equipmentHealth {
  key: "Camera"
  value: 1000
}
equipmentHealth {
  key: "Spectrometer"
  value: 1000
}
equipmentHealth {
  key: "Radar"
  value: 1000
}
batteryLevel: 9991
moduleReporting: 3
notes: "This is rover Curiosity. Sending HeartBeat!"
location {
  x: 350
  y: 250
}

545351 [pool-2-thread-2] INFO  space.exploration.mars.rover.power.Battery  - BatteryMonitor performing due diligence. SCET = 1501604323553
575348 [pool-2-thread-2] INFO  space.exploration.mars.rover.power.Battery  - BatteryMonitor performing due diligence. SCET = 1501604353550
597968 [pool-1-thread-3] INFO  space.exploration.mars.rover.diagnostics.Pacemaker  - SCET: 1501604376168
equipmentHealth {
  key: "Battery"
  value: 1000
}
equipmentHealth {
  key: "Radio"
  value: 9990
}
equipmentHealth {
  key: "Lidar"
  value: 1000
}
equipmentHealth {
  key: "Camera"
  value: 1000
}
equipmentHealth {
  key: "Spectrometer"
  value: 1000
}
equipmentHealth {
  key: "Radar"
  value: 1000
}
batteryLevel: 9990
moduleReporting: 3
notes: "This is rover Curiosity. Sending HeartBeat!"
location {
  x: 350
  y: 250
}

605348 [pool-2-thread-2] INFO  space.exploration.mars.rover.power.Battery  - BatteryMonitor performing due diligence. SCET = 1501604383550
635347 [pool-2-thread-2] INFO  space.exploration.mars.rover.power.Battery  - BatteryMonitor performing due diligence. SCET = 1501604413549
657965 [pool-1-thread-3] INFO  space.exploration.mars.rover.diagnostics.Pacemaker  - SCET: 1501604436166
equipmentHealth {
  key: "Battery"
  value: 1000
}
equipmentHealth {
  key: "Radio"
  value: 9989
}
equipmentHealth {
  key: "Lidar"
  value: 1000
}
equipmentHealth {
  key: "Camera"
  value: 1000
}
equipmentHealth {
  key: "Spectrometer"
  value: 1000
}
equipmentHealth {
  key: "Radar"
  value: 1000
}
batteryLevel: 9989
moduleReporting: 3
notes: "This is rover Curiosity. Sending HeartBeat!"
location {
  x: 350
  y: 250
}

665344 [pool-2-thread-2] INFO  space.exploration.mars.rover.power.Battery  - BatteryMonitor performing due diligence. SCET = 1501604443546
682966 [pool-1-thread-3] INFO  kafka.client.ClientUtils$  - Fetching metadata from broker BrokerEndPoint(0,localhost,9092) with correlation id 23 for 1 topic(s) Set(secure_com_to_earth_channel_3)
682967 [pool-1-thread-3] INFO  kafka.producer.SyncProducer  - Connected to localhost:9092 for producing
682968 [pool-1-thread-3] INFO  kafka.producer.SyncProducer  - Disconnecting from localhost:9092
682968 [pool-1-thread-3] INFO  kafka.producer.SyncProducer  - Disconnecting from 10.36.201.7:9092
682969 [pool-1-thread-3] INFO  kafka.producer.SyncProducer  - Connected to 10.36.201.7:9092 for producing
695609 [pool-2-thread-2] INFO  space.exploration.mars.rover.power.Battery  - BatteryMonitor performing due diligence. SCET = 1501604473811
718228 [pool-1-thread-3] INFO  space.exploration.mars.rover.diagnostics.Pacemaker  - SCET: 1501604496429
equipmentHealth {
  key: "Battery"
  value: 1000
}
equipmentHealth {
  key: "Radio"
  value: 9988
}
equipmentHealth {
  key: "Lidar"
  value: 1000
}
equipmentHealth {
  key: "Camera"
  value: 1000
}
equipmentHealth {
  key: "Spectrometer"
  value: 1000
}
equipmentHealth {
  key: "Radar"
  value: 1000
}
batteryLevel: 9988
moduleReporting: 3
notes: "This is rover Curiosity. Sending HeartBeat!"
location {
  x: 350
  y: 250
}

725606 [pool-2-thread-2] INFO  space.exploration.mars.rover.power.Battery  - BatteryMonitor performing due diligence. SCET = 1501604503808
755604 [pool-2-thread-2] INFO  space.exploration.mars.rover.power.Battery  - BatteryMonitor performing due diligence. SCET = 1501604533806
778222 [pool-1-thread-3] INFO  space.exploration.mars.rover.diagnostics.Pacemaker  - SCET: 1501604556423
equipmentHealth {
  key: "Battery"
  value: 1000
}
equipmentHealth {
  key: "Radio"
  value: 9987
}
equipmentHealth {
  key: "Lidar"
  value: 1000
}
equipmentHealth {
  key: "Camera"
  value: 1000
}
equipmentHealth {
  key: "Spectrometer"
  value: 1000
}
equipmentHealth {
  key: "Radar"
  value: 1000
}
batteryLevel: 9987
moduleReporting: 3
notes: "This is rover Curiosity. Sending HeartBeat!"
location {
  x: 350
  y: 250
}

785607 [pool-2-thread-2] INFO  space.exploration.mars.rover.power.Battery  - BatteryMonitor performing due diligence. SCET = 1501604563809
815602 [pool-2-thread-2] INFO  space.exploration.mars.rover.power.Battery  - BatteryMonitor performing due diligence. SCET = 1501604593804
838222 [pool-1-thread-3] INFO  space.exploration.mars.rover.diagnostics.Pacemaker  - SCET: 1501604616423
equipmentHealth {
  key: "Battery"
  value: 1000
}
equipmentHealth {
  key: "Radio"
  value: 9986
}
equipmentHealth {
  key: "Lidar"
  value: 1000
}
equipmentHealth {
  key: "Camera"
  value: 1000
}
equipmentHealth {
  key: "Spectrometer"
  value: 1000
}
equipmentHealth {
  key: "Radar"
  value: 1000
}
batteryLevel: 9986
moduleReporting: 3
notes: "This is rover Curiosity. Sending HeartBeat!"
location {
  x: 350
  y: 250
}

845604 [pool-2-thread-2] INFO  space.exploration.mars.rover.power.Battery  - BatteryMonitor performing due diligence. SCET = 1501604623806
875604 [pool-2-thread-2] INFO  space.exploration.mars.rover.power.Battery  - BatteryMonitor performing due diligence. SCET = 1501604653806
898217 [pool-1-thread-3] INFO  space.exploration.mars.rover.diagnostics.Pacemaker  - SCET: 1501604676418
equipmentHealth {
  key: "Battery"
  value: 1000
}
equipmentHealth {
  key: "Radio"
  value: 9985
}
equipmentHealth {
  key: "Lidar"
  value: 1000
}
equipmentHealth {
  key: "Camera"
  value: 1000
}
equipmentHealth {
  key: "Spectrometer"
  value: 1000
}
equipmentHealth {
  key: "Radar"
  value: 1000
}
batteryLevel: 9985
moduleReporting: 3
notes: "This is rover Curiosity. Sending HeartBeat!"
location {
  x: 350
  y: 250
}

905598 [pool-2-thread-2] INFO  space.exploration.mars.rover.power.Battery  - BatteryMonitor performing due diligence. SCET = 1501604683800
935601 [pool-2-thread-2] INFO  space.exploration.mars.rover.power.Battery  - BatteryMonitor performing due diligence. SCET = 1501604713803
958220 [pool-1-thread-3] INFO  space.exploration.mars.rover.diagnostics.Pacemaker  - SCET: 1501604736420
equipmentHealth {
  key: "Battery"
  value: 1000
}
equipmentHealth {
  key: "Radio"
  value: 9984
}
equipmentHealth {
  key: "Lidar"
  value: 1000
}
equipmentHealth {
  key: "Camera"
  value: 1000
}
equipmentHealth {
  key: "Spectrometer"
  value: 1000
}
equipmentHealth {
  key: "Radar"
  value: 1000
}
batteryLevel: 9984
moduleReporting: 3
notes: "This is rover Curiosity. Sending HeartBeat!"
location {
  x: 350
  y: 250
}

965600 [pool-2-thread-2] INFO  space.exploration.mars.rover.power.Battery  - BatteryMonitor performing due diligence. SCET = 1501604743802
995598 [pool-2-thread-2] INFO  space.exploration.mars.rover.power.Battery  - BatteryMonitor performing due diligence. SCET = 1501604773800
1018214 [pool-1-thread-3] INFO  space.exploration.mars.rover.diagnostics.Pacemaker  - SCET: 1501604796415
equipmentHealth {
  key: "Battery"
  value: 1000
}
equipmentHealth {
  key: "Radio"
  value: 9983
}
equipmentHealth {
  key: "Lidar"
  value: 1000
}
equipmentHealth {
  key: "Camera"
  value: 1000
}
equipmentHealth {
  key: "Spectrometer"
  value: 1000
}
equipmentHealth {
  key: "Radar"
  value: 1000
}
batteryLevel: 9983
moduleReporting: 3
notes: "This is rover Curiosity. Sending HeartBeat!"
location {
  x: 350
  y: 250
}

1025596 [pool-2-thread-2] INFO  space.exploration.mars.rover.power.Battery  - BatteryMonitor performing due diligence. SCET = 1501604803798
1055595 [pool-2-thread-2] INFO  space.exploration.mars.rover.power.Battery  - BatteryMonitor performing due diligence. SCET = 1501604833797
1078212 [pool-1-thread-3] INFO  space.exploration.mars.rover.diagnostics.Pacemaker  - SCET: 1501604856413
equipmentHealth {
  key: "Battery"
  value: 1000
}
equipmentHealth {
  key: "Radio"
  value: 9982
}
equipmentHealth {
  key: "Lidar"
  value: 1000
}
equipmentHealth {
  key: "Camera"
  value: 1000
}
equipmentHealth {
  key: "Spectrometer"
  value: 1000
}
equipmentHealth {
  key: "Radar"
  value: 1000
}
batteryLevel: 9982
moduleReporting: 3
notes: "This is rover Curiosity. Sending HeartBeat!"
location {
  x: 350
  y: 250
}

1085594 [pool-2-thread-2] INFO  space.exploration.mars.rover.power.Battery  - BatteryMonitor performing due diligence. SCET = 1501604863796
1115593 [pool-2-thread-2] INFO  space.exploration.mars.rover.power.Battery  - BatteryMonitor performing due diligence. SCET = 1501604893795
1138209 [pool-1-thread-3] INFO  space.exploration.mars.rover.diagnostics.Pacemaker  - SCET: 1501604916410
equipmentHealth {
  key: "Battery"
  value: 1000
}
equipmentHealth {
  key: "Radio"
  value: 9981
}
equipmentHealth {
  key: "Lidar"
  value: 1000
}
equipmentHealth {
  key: "Camera"
  value: 1000
}
equipmentHealth {
  key: "Spectrometer"
  value: 1000
}
equipmentHealth {
  key: "Radar"
  value: 1000
}
batteryLevel: 9981
moduleReporting: 3
notes: "This is rover Curiosity. Sending HeartBeat!"
location {
  x: 350
  y: 250
}

1145592 [pool-2-thread-2] INFO  space.exploration.mars.rover.power.Battery  - BatteryMonitor performing due diligence. SCET = 1501604923794
1175590 [pool-2-thread-2] INFO  space.exploration.mars.rover.power.Battery  - BatteryMonitor performing due diligence. SCET = 1501604953792
1198209 [pool-1-thread-3] INFO  space.exploration.mars.rover.diagnostics.Pacemaker  - SCET: 1501604976410
equipmentHealth {
  key: "Battery"
  value: 1000
}
equipmentHealth {
  key: "Radio"
  value: 9980
}
equipmentHealth {
  key: "Lidar"
  value: 1000
}
equipmentHealth {
  key: "Camera"
  value: 1000
}
equipmentHealth {
  key: "Spectrometer"
  value: 1000
}
equipmentHealth {
  key: "Radar"
  value: 1000
}
batteryLevel: 9980
moduleReporting: 3
notes: "This is rover Curiosity. Sending HeartBeat!"
location {
  x: 350
  y: 250
}

1205588 [pool-2-thread-2] INFO  space.exploration.mars.rover.power.Battery  - BatteryMonitor performing due diligence. SCET = 1501604983790
