0    [main] INFO  space.exploration.mars.rover.kernel.Rover  - Rover current position is = java.awt.Point[x=350,y=250]
1007 [main] INFO  space.exploration.mars.rover.sensor.Lidar  - Lidar initialized and ready!
2011 [main] INFO  space.exploration.mars.rover.sensor.Spectrometer  - Spectrometer initialized and ready!
3367 [main] INFO  space.exploration.mars.rover.sensor.Camera  - Camera initialized and ready!
4373 [main] INFO  space.exploration.mars.rover.sensor.Radar  - Radar configured:: 
5379 [main] INFO  space.exploration.mars.rover.power.Battery  - Battery configured, batteryLife:primaryPowerUnits = 10000 auxiliaryPowerUnits = 1000 alertThreshold: 100 rechargeTime = 60000
6385 [main] INFO  space.exploration.mars.rover.kernel.Rover  - Battery Monitor configured!
6690 [main] INFO  kafka.utils.VerifiableProperties  - Verifying properties
6715 [main] WARN  kafka.utils.VerifiableProperties  - Property auto.offset.reset is not valid
6716 [main] WARN  kafka.utils.VerifiableProperties  - Property destination.topic is not valid
6716 [main] WARN  kafka.utils.VerifiableProperties  - Property group.id is not valid
6716 [main] INFO  kafka.utils.VerifiableProperties  - Property metadata.broker.list is overridden to localhost:9092
6716 [main] WARN  kafka.utils.VerifiableProperties  - Property source.topic is not valid
6716 [main] WARN  kafka.utils.VerifiableProperties  - Property zookeeper.connect is not valid
6755 [main] INFO  kafka.utils.VerifiableProperties  - Verifying properties
6756 [main] INFO  kafka.utils.VerifiableProperties  - Property auto.offset.reset is overridden to largest
6756 [main] WARN  kafka.utils.VerifiableProperties  - Property destination.topic is not valid
6756 [main] INFO  kafka.utils.VerifiableProperties  - Property group.id is overridden to space.exploration.mars.rover
6756 [main] WARN  kafka.utils.VerifiableProperties  - Property metadata.broker.list is not valid
6756 [main] WARN  kafka.utils.VerifiableProperties  - Property source.topic is not valid
6756 [main] INFO  kafka.utils.VerifiableProperties  - Property zookeeper.connect is overridden to localhost:2181
11793 [main] INFO  kafka.consumer.ZookeeperConsumerConnector  - [space.exploration.mars.rover_Sankets-MacBook-Pro.local-1501691248867-4c9f6f26], Connecting to zookeeper instance at localhost:2181
11803 [ZkClient-EventThread-23-localhost:2181] INFO  org.I0Itec.zkclient.ZkEventThread  - Starting ZkClient event thread.
16829 [main] INFO  org.apache.zookeeper.ZooKeeper  - Client environment:zookeeper.version=3.4.6-1569965, built on 02/20/2014 09:09 GMT
16829 [main] INFO  org.apache.zookeeper.ZooKeeper  - Client environment:host.name=10.36.201.7
16829 [main] INFO  org.apache.zookeeper.ZooKeeper  - Client environment:java.version=1.8.0_121
16829 [main] INFO  org.apache.zookeeper.ZooKeeper  - Client environment:java.vendor=Oracle Corporation
16829 [main] INFO  org.apache.zookeeper.ZooKeeper  - Client environment:java.home=/Library/Java/JavaVirtualMachines/jdk1.8.0_121.jdk/Contents/Home/jre
16829 [main] INFO  org.apache.zookeeper.ZooKeeper  - Client environment:java.class.path=/Library/Java/JavaVirtualMachines/jdk1.8.0_121.jdk/Contents/Home/jre/lib/charsets.jar:/Library/Java/JavaVirtualMachines/jdk1.8.0_121.jdk/Contents/Home/jre/lib/deploy.jar:/Library/Java/JavaVirtualMachines/jdk1.8.0_121.jdk/Contents/Home/jre/lib/ext/cldrdata.jar:/Library/Java/JavaVirtualMachines/jdk1.8.0_121.jdk/Contents/Home/jre/lib/ext/dnsns.jar:/Library/Java/JavaVirtualMachines/jdk1.8.0_121.jdk/Contents/Home/jre/lib/ext/jaccess.jar:/Library/Java/JavaVirtualMachines/jdk1.8.0_121.jdk/Contents/Home/jre/lib/ext/jfxrt.jar:/Library/Java/JavaVirtualMachines/jdk1.8.0_121.jdk/Contents/Home/jre/lib/ext/localedata.jar:/Library/Java/JavaVirtualMachines/jdk1.8.0_121.jdk/Contents/Home/jre/lib/ext/nashorn.jar:/Library/Java/JavaVirtualMachines/jdk1.8.0_121.jdk/Contents/Home/jre/lib/ext/sunec.jar:/Library/Java/JavaVirtualMachines/jdk1.8.0_121.jdk/Contents/Home/jre/lib/ext/sunjce_provider.jar:/Library/Java/JavaVirtualMachines/jdk1.8.0_121.jdk/Contents/Home/jre/lib/ext/sunpkcs11.jar:/Library/Java/JavaVirtualMachines/jdk1.8.0_121.jdk/Contents/Home/jre/lib/ext/zipfs.jar:/Library/Java/JavaVirtualMachines/jdk1.8.0_121.jdk/Contents/Home/jre/lib/javaws.jar:/Library/Java/JavaVirtualMachines/jdk1.8.0_121.jdk/Contents/Home/jre/lib/jce.jar:/Library/Java/JavaVirtualMachines/jdk1.8.0_121.jdk/Contents/Home/jre/lib/jfr.jar:/Library/Java/JavaVirtualMachines/jdk1.8.0_121.jdk/Contents/Home/jre/lib/jfxswt.jar:/Library/Java/JavaVirtualMachines/jdk1.8.0_121.jdk/Contents/Home/jre/lib/jsse.jar:/Library/Java/JavaVirtualMachines/jdk1.8.0_121.jdk/Contents/Home/jre/lib/management-agent.jar:/Library/Java/JavaVirtualMachines/jdk1.8.0_121.jdk/Contents/Home/jre/lib/plugin.jar:/Library/Java/JavaVirtualMachines/jdk1.8.0_121.jdk/Contents/Home/jre/lib/resources.jar:/Library/Java/JavaVirtualMachines/jdk1.8.0_121.jdk/Contents/Home/jre/lib/rt.jar:/Library/Java/JavaVirtualMachines/jdk1.8.0_121.jdk/Contents/Home/lib/ant-javafx.jar:/Library/Java/JavaVirtualMachines/jdk1.8.0_121.jdk/Contents/Home/lib/dt.jar:/Library/Java/JavaVirtualMachines/jdk1.8.0_121.jdk/Contents/Home/lib/javafx-mx.jar:/Library/Java/JavaVirtualMachines/jdk1.8.0_121.jdk/Contents/Home/lib/jconsole.jar:/Library/Java/JavaVirtualMachines/jdk1.8.0_121.jdk/Contents/Home/lib/packager.jar:/Library/Java/JavaVirtualMachines/jdk1.8.0_121.jdk/Contents/Home/lib/sa-jdi.jar:/Library/Java/JavaVirtualMachines/jdk1.8.0_121.jdk/Contents/Home/lib/tools.jar:/Users/sanketkorgaonkar/Documents/workspace/space.exploration/mars.rover/target/classes:/Users/sanketkorgaonkar/.m2/repository/com/google/protobuf/protobuf-java/3.2.0/protobuf-java-3.2.0.jar:/Users/sanketkorgaonkar/.m2/repository/org/apache/kafka/kafka_2.10/0.9.0.1/kafka_2.10-0.9.0.1.jar:/Users/sanketkorgaonkar/.m2/repository/com/101tec/zkclient/0.7/zkclient-0.7.jar:/Users/sanketkorgaonkar/.m2/repository/org/slf4j/slf4j-api/1.6.1/slf4j-api-1.6.1.jar:/Users/sanketkorgaonkar/.m2/repository/log4j/log4j/1.2.15/log4j-1.2.15.jar:/Users/sanketkorgaonkar/.m2/repository/javax/mail/mail/1.4/mail-1.4.jar:/Users/sanketkorgaonkar/.m2/repository/javax/activation/activation/1.1/activation-1.1.jar:/Users/sanketkorgaonkar/.m2/repository/org/apache/kafka/kafka-clients/0.9.0.1/kafka-clients-0.9.0.1.jar:/Users/sanketkorgaonkar/.m2/repository/org/xerial/snappy/snappy-java/1.1.1.7/snappy-java-1.1.1.7.jar:/Users/sanketkorgaonkar/.m2/repository/net/jpountz/lz4/lz4/1.2.0/lz4-1.2.0.jar:/Users/sanketkorgaonkar/.m2/repository/com/yammer/metrics/metrics-core/2.2.0/metrics-core-2.2.0.jar:/Users/sanketkorgaonkar/.m2/repository/org/scala-lang/scala-library/2.10.5/scala-library-2.10.5.jar:/Users/sanketkorgaonkar/.m2/repository/net/sf/jopt-simple/jopt-simple/3.2/jopt-simple-3.2.jar:/Users/sanketkorgaonkar/.m2/repository/org/slf4j/slf4j-log4j12/1.7.6/slf4j-log4j12-1.7.6.jar:/Users/sanketkorgaonkar/.m2/repository/org/apache/zookeeper/zookeeper/3.4.6/zookeeper-3.4.6.jar:/Users/sanketkorgaonkar/.m2/repository/jline/jline/0.9.94/jline-0.9.94.jar:/Users/sanketkorgaonkar/.m2/repository/io/netty/netty/3.7.0.Final/netty-3.7.0.Final.jar:/Users/sanketkorgaonkar/.m2/repository/org/tensorflow/tensorflow/1.1.0/tensorflow-1.1.0.jar:/Users/sanketkorgaonkar/.m2/repository/org/tensorflow/libtensorflow/1.1.0/libtensorflow-1.1.0.jar:/Users/sanketkorgaonkar/.m2/repository/org/tensorflow/libtensorflow_jni/1.1.0/libtensorflow_jni-1.1.0.jar:/Applications/IntelliJ IDEA CE.app/Contents/lib/idea_rt.jar
16829 [main] INFO  org.apache.zookeeper.ZooKeeper  - Client environment:java.library.path=/Users/sanketkorgaonkar/Library/Java/Extensions:/Library/Java/Extensions:/Network/Library/Java/Extensions:/System/Library/Java/Extensions:/usr/lib/java:.
16829 [main] INFO  org.apache.zookeeper.ZooKeeper  - Client environment:java.io.tmpdir=/var/folders/5h/gwr26fh90zs2zgrhjqr0pm1r0000gn/T/
16829 [main] INFO  org.apache.zookeeper.ZooKeeper  - Client environment:java.compiler=<NA>
16829 [main] INFO  org.apache.zookeeper.ZooKeeper  - Client environment:os.name=Mac OS X
16829 [main] INFO  org.apache.zookeeper.ZooKeeper  - Client environment:os.arch=x86_64
16829 [main] INFO  org.apache.zookeeper.ZooKeeper  - Client environment:os.version=10.12.5
16829 [main] INFO  org.apache.zookeeper.ZooKeeper  - Client environment:user.name=sanketkorgaonkar
16829 [main] INFO  org.apache.zookeeper.ZooKeeper  - Client environment:user.home=/Users/sanketkorgaonkar
16829 [main] INFO  org.apache.zookeeper.ZooKeeper  - Client environment:user.dir=/Users/sanketkorgaonkar/Documents/workspace/space.exploration/mars.rover
16830 [main] INFO  org.apache.zookeeper.ZooKeeper  - Initiating client connection, connectString=localhost:2181 sessionTimeout=6000 watcher=org.I0Itec.zkclient.ZkClient@76908cc0
16855 [main] INFO  org.I0Itec.zkclient.ZkClient  - Waiting for keeper state SyncConnected
16861 [main-SendThread(localhost:2181)] INFO  org.apache.zookeeper.ClientCnxn  - Opening socket connection to server localhost/127.0.0.1:2181. Will not attempt to authenticate using SASL (unknown error)
16903 [main-SendThread(localhost:2181)] INFO  org.apache.zookeeper.ClientCnxn  - Socket connection established to localhost/127.0.0.1:2181, initiating session
16918 [main-SendThread(localhost:2181)] INFO  org.apache.zookeeper.ClientCnxn  - Session establishment complete on server localhost/127.0.0.1:2181, sessionid = 0x15d5bd1e653022b, negotiated timeout = 6000
16919 [main-EventThread] INFO  org.I0Itec.zkclient.ZkClient  - zookeeper state changed (SyncConnected)
16927 [main] INFO  kafka.consumer.ZookeeperConsumerConnector  - [space.exploration.mars.rover_Sankets-MacBook-Pro.local-1501691248867-4c9f6f26], starting auto committer every 60000 ms
16950 [Thread-2] INFO  kafka.consumer.ZookeeperConsumerConnector  - [space.exploration.mars.rover_Sankets-MacBook-Pro.local-1501691248867-4c9f6f26], begin registering consumer space.exploration.mars.rover_Sankets-MacBook-Pro.local-1501691248867-4c9f6f26 in ZK
16974 [Thread-2] INFO  kafka.utils.ZKCheckedEphemeral  - Creating /consumers/space.exploration.mars.rover/ids/space.exploration.mars.rover_Sankets-MacBook-Pro.local-1501691248867-4c9f6f26 (is it secure? false)
16988 [Thread-2] INFO  kafka.utils.ZKCheckedEphemeral  - Result of znode creation is: OK
16988 [Thread-2] INFO  kafka.consumer.ZookeeperConsumerConnector  - [space.exploration.mars.rover_Sankets-MacBook-Pro.local-1501691248867-4c9f6f26], end registering consumer space.exploration.mars.rover_Sankets-MacBook-Pro.local-1501691248867-4c9f6f26 in ZK
16992 [space.exploration.mars.rover_Sankets-MacBook-Pro.local-1501691248867-4c9f6f26_watcher_executor] INFO  kafka.consumer.ZookeeperConsumerConnector  - [space.exploration.mars.rover_Sankets-MacBook-Pro.local-1501691248867-4c9f6f26], starting watcher executor thread for consumer space.exploration.mars.rover_Sankets-MacBook-Pro.local-1501691248867-4c9f6f26
17008 [Thread-2] INFO  kafka.consumer.ZookeeperConsumerConnector  - [space.exploration.mars.rover_Sankets-MacBook-Pro.local-1501691248867-4c9f6f26], begin rebalancing consumer space.exploration.mars.rover_Sankets-MacBook-Pro.local-1501691248867-4c9f6f26 try #0
17096 [Thread-2] INFO  kafka.consumer.ConsumerFetcherManager  - [ConsumerFetcherManager-1501691254002] Stopping leader finder thread
17097 [Thread-2] INFO  kafka.consumer.ConsumerFetcherManager  - [ConsumerFetcherManager-1501691254002] Stopping all fetchers
17097 [Thread-2] INFO  kafka.consumer.ConsumerFetcherManager  - [ConsumerFetcherManager-1501691254002] All connections stopped
17098 [Thread-2] INFO  kafka.consumer.ZookeeperConsumerConnector  - [space.exploration.mars.rover_Sankets-MacBook-Pro.local-1501691248867-4c9f6f26], Cleared all relevant queues for this fetcher
17101 [Thread-2] INFO  kafka.consumer.ZookeeperConsumerConnector  - [space.exploration.mars.rover_Sankets-MacBook-Pro.local-1501691248867-4c9f6f26], Cleared the data chunks in all the consumer message iterators
17101 [Thread-2] INFO  kafka.consumer.ZookeeperConsumerConnector  - [space.exploration.mars.rover_Sankets-MacBook-Pro.local-1501691248867-4c9f6f26], Committing all offsets after clearing the fetcher queues
17102 [Thread-2] INFO  kafka.consumer.ZookeeperConsumerConnector  - [space.exploration.mars.rover_Sankets-MacBook-Pro.local-1501691248867-4c9f6f26], Releasing partition ownership
17124 [Thread-2] INFO  kafka.consumer.RangeAssignor  - Consumer space.exploration.mars.rover_Sankets-MacBook-Pro.local-1501691248867-4c9f6f26 rebalancing the following partitions: ArrayBuffer(0) for topic secure_com_from_earth_channel_3 with consumers: List(space.exploration.mars.rover_Sankets-MacBook-Pro.local-1501691248867-4c9f6f26-0)
17125 [Thread-2] INFO  kafka.consumer.RangeAssignor  - space.exploration.mars.rover_Sankets-MacBook-Pro.local-1501691248867-4c9f6f26-0 attempting to claim partition 0
17150 [Thread-2] INFO  kafka.consumer.ZookeeperConsumerConnector  - [space.exploration.mars.rover_Sankets-MacBook-Pro.local-1501691248867-4c9f6f26], space.exploration.mars.rover_Sankets-MacBook-Pro.local-1501691248867-4c9f6f26-0 successfully owned partition 0 for topic secure_com_from_earth_channel_3
17165 [Thread-2] INFO  kafka.consumer.ZookeeperConsumerConnector  - [space.exploration.mars.rover_Sankets-MacBook-Pro.local-1501691248867-4c9f6f26], Consumer space.exploration.mars.rover_Sankets-MacBook-Pro.local-1501691248867-4c9f6f26 selected partitions : secure_com_from_earth_channel_3:0: fetched offset = 405: consumed offset = 405
17166 [space.exploration.mars.rover_Sankets-MacBook-Pro.local-1501691248867-4c9f6f26-leader-finder-thread] INFO  kafka.consumer.ConsumerFetcherManager$LeaderFinderThread  - [space.exploration.mars.rover_Sankets-MacBook-Pro.local-1501691248867-4c9f6f26-leader-finder-thread], Starting 
17167 [Thread-2] INFO  kafka.consumer.ZookeeperConsumerConnector  - [space.exploration.mars.rover_Sankets-MacBook-Pro.local-1501691248867-4c9f6f26], end rebalancing consumer space.exploration.mars.rover_Sankets-MacBook-Pro.local-1501691248867-4c9f6f26 try #0
17175 [space.exploration.mars.rover_Sankets-MacBook-Pro.local-1501691248867-4c9f6f26-leader-finder-thread] INFO  kafka.utils.VerifiableProperties  - Verifying properties
17175 [space.exploration.mars.rover_Sankets-MacBook-Pro.local-1501691248867-4c9f6f26-leader-finder-thread] INFO  kafka.utils.VerifiableProperties  - Property client.id is overridden to space.exploration.mars.rover
17175 [space.exploration.mars.rover_Sankets-MacBook-Pro.local-1501691248867-4c9f6f26-leader-finder-thread] INFO  kafka.utils.VerifiableProperties  - Property metadata.broker.list is overridden to 10.36.201.7:9092
17175 [space.exploration.mars.rover_Sankets-MacBook-Pro.local-1501691248867-4c9f6f26-leader-finder-thread] INFO  kafka.utils.VerifiableProperties  - Property request.timeout.ms is overridden to 30000
17204 [space.exploration.mars.rover_Sankets-MacBook-Pro.local-1501691248867-4c9f6f26-leader-finder-thread] INFO  kafka.client.ClientUtils$  - Fetching metadata from broker BrokerEndPoint(0,10.36.201.7,9092) with correlation id 0 for 1 topic(s) Set(secure_com_from_earth_channel_3)
17215 [space.exploration.mars.rover_Sankets-MacBook-Pro.local-1501691248867-4c9f6f26-leader-finder-thread] INFO  kafka.producer.SyncProducer  - Connected to 10.36.201.7:9092 for producing
17252 [space.exploration.mars.rover_Sankets-MacBook-Pro.local-1501691248867-4c9f6f26-leader-finder-thread] INFO  kafka.producer.SyncProducer  - Disconnecting from 10.36.201.7:9092
17269 [ConsumerFetcherThread-space.exploration.mars.rover_Sankets-MacBook-Pro.local-1501691248867-4c9f6f26-0-0] INFO  kafka.consumer.ConsumerFetcherThread  - [ConsumerFetcherThread-space.exploration.mars.rover_Sankets-MacBook-Pro.local-1501691248867-4c9f6f26-0-0], Starting 
17271 [space.exploration.mars.rover_Sankets-MacBook-Pro.local-1501691248867-4c9f6f26-leader-finder-thread] INFO  kafka.consumer.ConsumerFetcherManager  - [ConsumerFetcherManager-1501691254002] Added fetcher for partitions ArrayBuffer([[secure_com_from_earth_channel_3,0], initOffset 405 to broker BrokerEndPoint(0,10.36.201.7,9092)] )
17932 [main] INFO  space.exploration.mars.rover.communication.Radio  - Radio configured:: 
metadata.broker.list::localhost:9092
source.topic::secure_com_from_earth_channel_3
auto.offset.reset::largest
group.id::space.exploration.mars.rover
destination.topic::secure_com_to_earth_channel_3
zookeeper.connect::localhost:2181
18936 [main] INFO  space.exploration.mars.rover.sensor.Radar  - Radar configured:: 
35383 [pool-2-thread-1] INFO  space.exploration.mars.rover.power.Battery  - BatteryMonitor performing due diligence. SCET = 1501691272459
43676 [main] INFO  kafka.client.ClientUtils$  - Fetching metadata from broker BrokerEndPoint(0,localhost,9092) with correlation id 0 for 1 topic(s) Set(secure_com_to_earth_channel_3)
43676 [main] INFO  kafka.producer.SyncProducer  - Connected to localhost:9092 for producing
43677 [main] INFO  kafka.producer.SyncProducer  - Disconnecting from localhost:9092
43690 [main] INFO  kafka.producer.SyncProducer  - Connected to 10.36.201.7:9092 for producing
58042 [pool-1-thread-1] INFO  space.exploration.mars.rover.diagnostics.Pacemaker  - SCET: 1501691295074
equipmentHealth {
  key: "Battery"
  value: 1000
}
equipmentHealth {
  key: "Radio"
  value: 9999
}
equipmentHealth {
  key: "Lidar"
  value: 1000
}
equipmentHealth {
  key: "Camera"
  value: 1000
}
equipmentHealth {
  key: "Spectrometer"
  value: 1000
}
equipmentHealth {
  key: "Radar"
  value: 1000
}
batteryLevel: 9999
moduleReporting: 3
notes: "This is rover Curiosity. Sending HeartBeat!"
location {
  x: 350
  y: 250
}

65381 [pool-2-thread-1] INFO  space.exploration.mars.rover.power.Battery  - BatteryMonitor performing due diligence. SCET = 1501691302457
95379 [pool-2-thread-2] INFO  space.exploration.mars.rover.power.Battery  - BatteryMonitor performing due diligence. SCET = 1501691332455
100442 [Thread-2] INFO  space.exploration.mars.rover.kernel.ListeningState  - timeStamp: 1501691323177
targets {
  roverModule: 1
  estimatedPowerUsage: 40
  action: "Move"
  auxiliaryData: "\n\006\b\336\002\020\254\002"
}

100605 [Thread-2] INFO  space.exploration.mars.rover.learning.ReinforcementLearner  -  rlEngine training triggered at SCET = 1501691337681 source = java.awt.Point[x=350,y=250] destination = java.awt.Point[x=350,y=300]
100760 [Thread-2] INFO  space.exploration.mars.rover.learning.ReinforcementLearner  -  rlEngine logging totalExplorationSteps = 183852
125379 [pool-2-thread-1] INFO  space.exploration.mars.rover.power.Battery  - BatteryMonitor performing due diligence. SCET = 1501691362455
140057 [Thread-2] INFO  space.exploration.mars.rover.kernel.ListeningState  - timeStamp: 1501691326734
targets {
  roverModule: 9
  estimatedPowerUsage: 20
  action: "PerformRadarScan"
}

140057 [Thread-2] INFO  space.exploration.mars.rover.kernel.RadarScanningState  - Performing Radar Scan, current position = java.awt.Point[x=350,y=300]
140093 [Thread-2] INFO  space.exploration.mars.rover.sensor.Radar  - Rover position at RadarScan =>java.awt.Point[x=350,y=300]
140094 [Thread-2] INFO  space.exploration.mars.rover.sensor.Radar  - Rover position at RadarScan =>java.awt.Point[x=350,y=300]
140094 [Thread-2] INFO  space.exploration.mars.rover.sensor.Radar  - Rover position at RadarScan =>java.awt.Point[x=350,y=300]
140094 [Thread-2] INFO  space.exploration.mars.rover.sensor.Radar  - Rover position at RadarScan =>java.awt.Point[x=350,y=300]
140094 [Thread-2] INFO  space.exploration.mars.rover.sensor.Radar  - Rover position at RadarScan =>java.awt.Point[x=350,y=300]
150371 [Thread-4] INFO  space.exploration.mars.rover.environment.RadarContactBlip  - java.awt.Point[x=78,y=554]
150410 [Thread-5] INFO  space.exploration.mars.rover.environment.RadarContactBlip  - java.awt.Point[x=78,y=554]
153034 [Thread-6] INFO  space.exploration.mars.rover.environment.RadarContactBlip  - java.awt.Point[x=180,y=350]
153034 [Thread-7] INFO  space.exploration.mars.rover.environment.RadarContactBlip  - java.awt.Point[x=145,y=350]
153069 [Thread-8] INFO  space.exploration.mars.rover.environment.RadarContactBlip  - java.awt.Point[x=180,y=350]
153139 [Thread-9] INFO  space.exploration.mars.rover.environment.RadarContactBlip  - java.awt.Point[x=180,y=350]
153139 [Thread-10] INFO  space.exploration.mars.rover.environment.RadarContactBlip  - java.awt.Point[x=145,y=350]
155044 [Thread-11] INFO  space.exploration.mars.rover.environment.RadarContactBlip  - java.awt.Point[x=213,y=282]
155113 [Thread-12] INFO  space.exploration.mars.rover.environment.RadarContactBlip  - java.awt.Point[x=213,y=282]
155376 [pool-2-thread-1] INFO  space.exploration.mars.rover.power.Battery  - BatteryMonitor performing due diligence. SCET = 1501691392452
163526 [Thread-13] INFO  space.exploration.mars.rover.environment.RadarContactBlip  - java.awt.Point[x=554,y=213]
163560 [Thread-14] INFO  space.exploration.mars.rover.environment.RadarContactBlip  - java.awt.Point[x=554,y=213]
176120 [Thread-15] INFO  space.exploration.mars.rover.environment.RadarContactBlip  - java.awt.Point[x=78,y=554]
176155 [Thread-16] INFO  space.exploration.mars.rover.environment.RadarContactBlip  - java.awt.Point[x=78,y=554]
178755 [Thread-17] INFO  space.exploration.mars.rover.environment.RadarContactBlip  - java.awt.Point[x=180,y=350]
178755 [Thread-18] INFO  space.exploration.mars.rover.environment.RadarContactBlip  - java.awt.Point[x=145,y=350]
178789 [Thread-19] INFO  space.exploration.mars.rover.environment.RadarContactBlip  - java.awt.Point[x=180,y=350]
178860 [Thread-20] INFO  space.exploration.mars.rover.environment.RadarContactBlip  - java.awt.Point[x=180,y=350]
178860 [Thread-21] INFO  space.exploration.mars.rover.environment.RadarContactBlip  - java.awt.Point[x=145,y=350]
180762 [Thread-22] INFO  space.exploration.mars.rover.environment.RadarContactBlip  - java.awt.Point[x=213,y=282]
180833 [Thread-23] INFO  space.exploration.mars.rover.environment.RadarContactBlip  - java.awt.Point[x=213,y=282]
185378 [pool-2-thread-1] INFO  space.exploration.mars.rover.power.Battery  - BatteryMonitor performing due diligence. SCET = 1501691422454
189239 [Thread-24] INFO  space.exploration.mars.rover.environment.RadarContactBlip  - java.awt.Point[x=554,y=213]
189273 [Thread-25] INFO  space.exploration.mars.rover.environment.RadarContactBlip  - java.awt.Point[x=554,y=213]
191733 [Thread-2] INFO  space.exploration.mars.rover.sensor.Radar  - Rover position at RadarScan =>java.awt.Point[x=350,y=300]
191733 [Thread-2] INFO  space.exploration.mars.rover.sensor.Radar  - Rover position at RadarScan =>java.awt.Point[x=350,y=300]
191733 [Thread-2] INFO  space.exploration.mars.rover.sensor.Radar  - Rover position at RadarScan =>java.awt.Point[x=350,y=300]
191733 [Thread-2] INFO  space.exploration.mars.rover.sensor.Radar  - Rover position at RadarScan =>java.awt.Point[x=350,y=300]
191733 [Thread-2] INFO  space.exploration.mars.rover.sensor.Radar  - Rover position at RadarScan =>java.awt.Point[x=350,y=300]
215376 [pool-2-thread-1] INFO  space.exploration.mars.rover.power.Battery  - BatteryMonitor performing due diligence. SCET = 1501691452452
