6946 [main] INFO  kafka.utils.VerifiableProperties  - Verifying properties
6971 [main] WARN  kafka.utils.VerifiableProperties  - Property auto.offset.reset is not valid
6971 [main] WARN  kafka.utils.VerifiableProperties  - Property destination.topic is not valid
6971 [main] WARN  kafka.utils.VerifiableProperties  - Property group.id is not valid
6971 [main] INFO  kafka.utils.VerifiableProperties  - Property metadata.broker.list is overridden to localhost:9092
6971 [main] WARN  kafka.utils.VerifiableProperties  - Property source.topic is not valid
6972 [main] WARN  kafka.utils.VerifiableProperties  - Property zookeeper.connect is not valid
7012 [main] INFO  kafka.utils.VerifiableProperties  - Verifying properties
7012 [main] INFO  kafka.utils.VerifiableProperties  - Property auto.offset.reset is overridden to largest
7013 [main] WARN  kafka.utils.VerifiableProperties  - Property destination.topic is not valid
7013 [main] INFO  kafka.utils.VerifiableProperties  - Property group.id is overridden to space.exploration.mars.newRover
7013 [main] WARN  kafka.utils.VerifiableProperties  - Property metadata.broker.list is not valid
7013 [main] WARN  kafka.utils.VerifiableProperties  - Property source.topic is not valid
7013 [main] INFO  kafka.utils.VerifiableProperties  - Property zookeeper.connect is overridden to localhost:2181
7034 [main] INFO  kafka.consumer.ZookeeperConsumerConnector  - [space.exploration.mars.newRover_zion-mainframe-1504559561631-855958a1], Connecting to zookeeper instance at localhost:2181
7044 [ZkClient-EventThread-23-localhost:2181] INFO  org.I0Itec.zkclient.ZkEventThread  - Starting ZkClient event thread.
7050 [main] INFO  org.apache.zookeeper.ZooKeeper  - Client environment:zookeeper.version=3.4.6-1569965, built on 02/20/2014 09:09 GMT
7050 [main] INFO  org.apache.zookeeper.ZooKeeper  - Client environment:host.name=zion-mainframe
7050 [main] INFO  org.apache.zookeeper.ZooKeeper  - Client environment:java.version=1.8.0_131
7050 [main] INFO  org.apache.zookeeper.ZooKeeper  - Client environment:java.vendor=Oracle Corporation
7050 [main] INFO  org.apache.zookeeper.ZooKeeper  - Client environment:java.home=/usr/lib/jvm/java-8-openjdk-amd64/jre
7050 [main] INFO  org.apache.zookeeper.ZooKeeper  - Client environment:java.class.path=/usr/lib/jvm/java-1.8.0-openjdk-amd64/jre/lib/charsets.jar:/usr/lib/jvm/java-1.8.0-openjdk-amd64/jre/lib/ext/cldrdata.jar:/usr/lib/jvm/java-1.8.0-openjdk-amd64/jre/lib/ext/dnsns.jar:/usr/lib/jvm/java-1.8.0-openjdk-amd64/jre/lib/ext/icedtea-sound.jar:/usr/lib/jvm/java-1.8.0-openjdk-amd64/jre/lib/ext/jaccess.jar:/usr/lib/jvm/java-1.8.0-openjdk-amd64/jre/lib/ext/localedata.jar:/usr/lib/jvm/java-1.8.0-openjdk-amd64/jre/lib/ext/nashorn.jar:/usr/lib/jvm/java-1.8.0-openjdk-amd64/jre/lib/ext/sunec.jar:/usr/lib/jvm/java-1.8.0-openjdk-amd64/jre/lib/ext/sunjce_provider.jar:/usr/lib/jvm/java-1.8.0-openjdk-amd64/jre/lib/ext/sunpkcs11.jar:/usr/lib/jvm/java-1.8.0-openjdk-amd64/jre/lib/ext/zipfs.jar:/usr/lib/jvm/java-1.8.0-openjdk-amd64/jre/lib/jce.jar:/usr/lib/jvm/java-1.8.0-openjdk-amd64/jre/lib/jsse.jar:/usr/lib/jvm/java-1.8.0-openjdk-amd64/jre/lib/management-agent.jar:/usr/lib/jvm/java-1.8.0-openjdk-amd64/jre/lib/resources.jar:/usr/lib/jvm/java-1.8.0-openjdk-amd64/jre/lib/rt.jar:/home/sanket/Documents/workspace/MarsRover/mars.rover/target/classes:/home/sanket/.m2/repository/com/google/protobuf/protobuf-java/3.2.0/protobuf-java-3.2.0.jar:/home/sanket/.m2/repository/org/apache/kafka/kafka_2.10/0.9.0.1/kafka_2.10-0.9.0.1.jar:/home/sanket/.m2/repository/com/101tec/zkclient/0.7/zkclient-0.7.jar:/home/sanket/.m2/repository/org/slf4j/slf4j-api/1.6.1/slf4j-api-1.6.1.jar:/home/sanket/.m2/repository/log4j/log4j/1.2.15/log4j-1.2.15.jar:/home/sanket/.m2/repository/javax/mail/mail/1.4/mail-1.4.jar:/home/sanket/.m2/repository/javax/activation/activation/1.1/activation-1.1.jar:/home/sanket/.m2/repository/org/apache/kafka/kafka-clients/0.9.0.1/kafka-clients-0.9.0.1.jar:/home/sanket/.m2/repository/org/xerial/snappy/snappy-java/1.1.1.7/snappy-java-1.1.1.7.jar:/home/sanket/.m2/repository/net/jpountz/lz4/lz4/1.2.0/lz4-1.2.0.jar:/home/sanket/.m2/repository/com/yammer/metrics/metrics-core/2.2.0/metrics-core-2.2.0.jar:/home/sanket/.m2/repository/org/scala-lang/scala-library/2.10.5/scala-library-2.10.5.jar:/home/sanket/.m2/repository/net/sf/jopt-simple/jopt-simple/3.2/jopt-simple-3.2.jar:/home/sanket/.m2/repository/org/slf4j/slf4j-log4j12/1.7.6/slf4j-log4j12-1.7.6.jar:/home/sanket/.m2/repository/org/apache/zookeeper/zookeeper/3.4.6/zookeeper-3.4.6.jar:/home/sanket/.m2/repository/jline/jline/0.9.94/jline-0.9.94.jar:/home/sanket/.m2/repository/io/netty/netty/3.7.0.Final/netty-3.7.0.Final.jar:/home/sanket/.m2/repository/org/tensorflow/tensorflow/1.1.0/tensorflow-1.1.0.jar:/home/sanket/.m2/repository/org/tensorflow/libtensorflow/1.1.0/libtensorflow-1.1.0.jar:/home/sanket/.m2/repository/org/tensorflow/libtensorflow_jni/1.1.0/libtensorflow_jni-1.1.0.jar:/home/sanket/.m2/repository/mysql/mysql-connector-java/5.1.6/mysql-connector-java-5.1.6.jar:/home/sanket/Documents/Tools/intelliJ/idea-IC-171.4694.23/lib/idea_rt.jar
7050 [main] INFO  org.apache.zookeeper.ZooKeeper  - Client environment:java.library.path=/home/sanket/Documents/Tools/intelliJ/idea-IC-171.4694.23/bin::/usr/java/packages/lib/amd64:/usr/lib/x86_64-linux-gnu/jni:/lib/x86_64-linux-gnu:/usr/lib/x86_64-linux-gnu:/usr/lib/jni:/lib:/usr/lib
7050 [main] INFO  org.apache.zookeeper.ZooKeeper  - Client environment:java.io.tmpdir=/tmp
7050 [main] INFO  org.apache.zookeeper.ZooKeeper  - Client environment:java.compiler=<NA>
7050 [main] INFO  org.apache.zookeeper.ZooKeeper  - Client environment:os.name=Linux
7050 [main] INFO  org.apache.zookeeper.ZooKeeper  - Client environment:os.arch=amd64
7050 [main] INFO  org.apache.zookeeper.ZooKeeper  - Client environment:os.version=4.10.0-32-generic
7050 [main] INFO  org.apache.zookeeper.ZooKeeper  - Client environment:user.name=sanket
7050 [main] INFO  org.apache.zookeeper.ZooKeeper  - Client environment:user.home=/home/sanket
7050 [main] INFO  org.apache.zookeeper.ZooKeeper  - Client environment:user.dir=/home/sanket/Documents/workspace/MarsRover/mars.rover
7051 [main] INFO  org.apache.zookeeper.ZooKeeper  - Initiating client connection, connectString=localhost:2181 sessionTimeout=6000 watcher=org.I0Itec.zkclient.ZkClient@4fb61f4a
7063 [main] INFO  org.I0Itec.zkclient.ZkClient  - Waiting for keeper state SyncConnected
7065 [main-SendThread(localhost:2181)] INFO  org.apache.zookeeper.ClientCnxn  - Opening socket connection to server localhost/127.0.0.1:2181. Will not attempt to authenticate using SASL (unknown error)
7068 [main-SendThread(localhost:2181)] INFO  org.apache.zookeeper.ClientCnxn  - Socket connection established to localhost/127.0.0.1:2181, initiating session
7073 [main-SendThread(localhost:2181)] INFO  org.apache.zookeeper.ClientCnxn  - Session establishment complete on server localhost/127.0.0.1:2181, sessionid = 0x15e11d1f1f2008b, negotiated timeout = 6000
7074 [main-EventThread] INFO  org.I0Itec.zkclient.ZkClient  - zookeeper state changed (SyncConnected)
7080 [main] INFO  kafka.consumer.ZookeeperConsumerConnector  - [space.exploration.mars.newRover_zion-mainframe-1504559561631-855958a1], starting auto committer every 60000 ms
7105 [Thread-3] INFO  kafka.consumer.ZookeeperConsumerConnector  - [space.exploration.mars.newRover_zion-mainframe-1504559561631-855958a1], begin registering consumer space.exploration.mars.newRover_zion-mainframe-1504559561631-855958a1 in ZK
7169 [Thread-3] INFO  kafka.utils.ZKCheckedEphemeral  - Creating /consumers/space.exploration.mars.newRover/ids/space.exploration.mars.newRover_zion-mainframe-1504559561631-855958a1 (is it secure? false)
7178 [Thread-3] INFO  kafka.utils.ZKCheckedEphemeral  - Result of znode creation is: OK
7181 [Thread-3] INFO  kafka.consumer.ZookeeperConsumerConnector  - [space.exploration.mars.newRover_zion-mainframe-1504559561631-855958a1], end registering consumer space.exploration.mars.newRover_zion-mainframe-1504559561631-855958a1 in ZK
7187 [space.exploration.mars.newRover_zion-mainframe-1504559561631-855958a1_watcher_executor] INFO  kafka.consumer.ZookeeperConsumerConnector  - [space.exploration.mars.newRover_zion-mainframe-1504559561631-855958a1], starting watcher executor thread for consumer space.exploration.mars.newRover_zion-mainframe-1504559561631-855958a1
7207 [Thread-3] INFO  kafka.consumer.ZookeeperConsumerConnector  - [space.exploration.mars.newRover_zion-mainframe-1504559561631-855958a1], begin rebalancing consumer space.exploration.mars.newRover_zion-mainframe-1504559561631-855958a1 try #0
7316 [Thread-3] INFO  kafka.consumer.ConsumerFetcherManager  - [ConsumerFetcherManager-1504559561677] Stopping leader finder thread
7316 [Thread-3] INFO  kafka.consumer.ConsumerFetcherManager  - [ConsumerFetcherManager-1504559561677] Stopping all fetchers
7317 [Thread-3] INFO  kafka.consumer.ConsumerFetcherManager  - [ConsumerFetcherManager-1504559561677] All connections stopped
7317 [Thread-3] INFO  kafka.consumer.ZookeeperConsumerConnector  - [space.exploration.mars.newRover_zion-mainframe-1504559561631-855958a1], Cleared all relevant queues for this fetcher
7318 [Thread-3] INFO  kafka.consumer.ZookeeperConsumerConnector  - [space.exploration.mars.newRover_zion-mainframe-1504559561631-855958a1], Cleared the data chunks in all the consumer message iterators
7318 [Thread-3] INFO  kafka.consumer.ZookeeperConsumerConnector  - [space.exploration.mars.newRover_zion-mainframe-1504559561631-855958a1], Committing all offsets after clearing the fetcher queues
7319 [Thread-3] INFO  kafka.consumer.ZookeeperConsumerConnector  - [space.exploration.mars.newRover_zion-mainframe-1504559561631-855958a1], Releasing partition ownership
7349 [Thread-3] INFO  kafka.consumer.RangeAssignor  - Consumer space.exploration.mars.newRover_zion-mainframe-1504559561631-855958a1 rebalancing the following partitions: ArrayBuffer(0) for topic earth_to_curiosity_1 with consumers: List(space.exploration.mars.newRover_zion-mainframe-1504559561631-855958a1-0)
7350 [Thread-3] INFO  kafka.consumer.RangeAssignor  - space.exploration.mars.newRover_zion-mainframe-1504559561631-855958a1-0 attempting to claim partition 0
7380 [Thread-3] INFO  kafka.consumer.ZookeeperConsumerConnector  - [space.exploration.mars.newRover_zion-mainframe-1504559561631-855958a1], space.exploration.mars.newRover_zion-mainframe-1504559561631-855958a1-0 successfully owned partition 0 for topic earth_to_curiosity_1
7404 [Thread-3] INFO  kafka.consumer.ZookeeperConsumerConnector  - [space.exploration.mars.newRover_zion-mainframe-1504559561631-855958a1], Consumer space.exploration.mars.newRover_zion-mainframe-1504559561631-855958a1 selected partitions : earth_to_curiosity_1:0: fetched offset = 9593: consumed offset = 9593
7407 [Thread-3] INFO  kafka.consumer.ZookeeperConsumerConnector  - [space.exploration.mars.newRover_zion-mainframe-1504559561631-855958a1], end rebalancing consumer space.exploration.mars.newRover_zion-mainframe-1504559561631-855958a1 try #0
7412 [space.exploration.mars.newRover_zion-mainframe-1504559561631-855958a1-leader-finder-thread] INFO  kafka.consumer.ConsumerFetcherManager$LeaderFinderThread  - [space.exploration.mars.newRover_zion-mainframe-1504559561631-855958a1-leader-finder-thread], Starting 
7432 [space.exploration.mars.newRover_zion-mainframe-1504559561631-855958a1-leader-finder-thread] INFO  kafka.utils.VerifiableProperties  - Verifying properties
7433 [space.exploration.mars.newRover_zion-mainframe-1504559561631-855958a1-leader-finder-thread] INFO  kafka.utils.VerifiableProperties  - Property client.id is overridden to space.exploration.mars.newRover
7433 [space.exploration.mars.newRover_zion-mainframe-1504559561631-855958a1-leader-finder-thread] INFO  kafka.utils.VerifiableProperties  - Property metadata.broker.list is overridden to zion-mainframe:9092
7433 [space.exploration.mars.newRover_zion-mainframe-1504559561631-855958a1-leader-finder-thread] INFO  kafka.utils.VerifiableProperties  - Property request.timeout.ms is overridden to 30000
7454 [space.exploration.mars.newRover_zion-mainframe-1504559561631-855958a1-leader-finder-thread] INFO  kafka.client.ClientUtils$  - Fetching metadata from broker BrokerEndPoint(0,zion-mainframe,9092) with correlation id 0 for 1 topic(s) Set(earth_to_curiosity_1)
7463 [space.exploration.mars.newRover_zion-mainframe-1504559561631-855958a1-leader-finder-thread] INFO  kafka.producer.SyncProducer  - Connected to zion-mainframe:9092 for producing
7475 [space.exploration.mars.newRover_zion-mainframe-1504559561631-855958a1-leader-finder-thread] INFO  kafka.producer.SyncProducer  - Disconnecting from zion-mainframe:9092
7498 [ConsumerFetcherThread-space.exploration.mars.newRover_zion-mainframe-1504559561631-855958a1-0-0] INFO  kafka.consumer.ConsumerFetcherThread  - [ConsumerFetcherThread-space.exploration.mars.newRover_zion-mainframe-1504559561631-855958a1-0-0], Starting 
7499 [space.exploration.mars.newRover_zion-mainframe-1504559561631-855958a1-leader-finder-thread] INFO  kafka.consumer.ConsumerFetcherManager  - [ConsumerFetcherManager-1504559561677] Added fetcher for partitions ArrayBuffer([[earth_to_curiosity_1,0], initOffset 9593 to broker BrokerEndPoint(0,zion-mainframe,9092)] )
22125 [main] INFO  kafka.client.ClientUtils$  - Fetching metadata from broker BrokerEndPoint(0,localhost,9092) with correlation id 0 for 1 topic(s) Set(curiosity_to_earth_1)
22126 [main] INFO  kafka.producer.SyncProducer  - Connected to localhost:9092 for producing
22126 [main] INFO  kafka.producer.SyncProducer  - Disconnecting from localhost:9092
22139 [main] INFO  kafka.producer.SyncProducer  - Connected to zion-mainframe:9092 for producing
101064 [Thread-3] INFO  space.exploration.mars.rover.kernel.ListeningState  - 1504559655662,9,PerformRadarScan
194115 [Thread-3] INFO  space.exploration.mars.rover.kernel.ListeningState  - 1504559748713,0,ScanArea
256017 [Thread-3] INFO  space.exploration.mars.rover.kernel.ListeningState  - 1504559810615,5,Explore
351430 [Thread-3] INFO  space.exploration.mars.rover.kernel.ListeningState  - 1504559906028,0,ScanArea
415211 [Thread-3] INFO  space.exploration.mars.rover.kernel.ListeningState  - 1504559969809,1,Move
485499 [Thread-3] INFO  space.exploration.mars.rover.kernel.ListeningState  - 1504560040097,9,PerformRadarScan
592507 [Thread-3] INFO  space.exploration.mars.rover.kernel.ListeningState  - 1504560147105,9,PerformRadarScan
651369 [Thread-3] INFO  kafka.client.ClientUtils$  - Fetching metadata from broker BrokerEndPoint(0,localhost,9092) with correlation id 33 for 1 topic(s) Set(curiosity_to_earth_1)
651371 [Thread-3] INFO  kafka.producer.SyncProducer  - Connected to localhost:9092 for producing
651372 [Thread-3] INFO  kafka.producer.SyncProducer  - Disconnecting from localhost:9092
651373 [Thread-3] INFO  kafka.producer.SyncProducer  - Disconnecting from zion-mainframe:9092
651375 [Thread-3] INFO  kafka.producer.SyncProducer  - Connected to zion-mainframe:9092 for producing
682187 [Thread-3] INFO  space.exploration.mars.rover.kernel.ListeningState  - 1504560236785,5,Explore
757312 [Thread-3] INFO  space.exploration.mars.rover.kernel.ListeningState  - 1504560311910,0,ScanArea
813917 [Thread-3] INFO  space.exploration.mars.rover.kernel.ListeningState  - 1504560368515,0,ScanArea
881275 [Thread-3] INFO  space.exploration.mars.rover.kernel.ListeningState  - 1504560435873,0,ScanArea
932807 [Thread-3] INFO  space.exploration.mars.rover.kernel.ListeningState  - 1504560487405,9,PerformRadarScan
932807 [Thread-3] ERROR space.exploration.mars.rover.power.Battery  - Battery insufficient at time = 1504560487405 Power requested = 20 Critical = false
932808 [Thread-3] ERROR space.exploration.mars.rover.kernel.ListeningState  - Going into hibernation from Listening state.
952307 [Thread-3] INFO  space.exploration.mars.rover.kernel.ListeningState  - 1504560506905,1,Move
952307 [Thread-3] ERROR space.exploration.mars.rover.power.Battery  - Battery insufficient at time = 1504560506905 Power requested = 40 Critical = false
952307 [Thread-3] ERROR space.exploration.mars.rover.kernel.ListeningState  - Going into hibernation from Listening state.
957998 [pool-1-thread-1] ERROR space.exploration.mars.rover.diagnostics.Pacemaker  - Diagnostics inhibited because rover is in hibernating state.
958774 [Thread-3] INFO  space.exploration.mars.rover.kernel.HibernatingState  - In hibernating state's receiveMessage(), adding message to instruction queue
968881 [Thread-3] INFO  space.exploration.mars.rover.kernel.HibernatingState  - In hibernating state's receiveMessage(), adding message to instruction queue
1017998 [pool-1-thread-1] ERROR space.exploration.mars.rover.diagnostics.Pacemaker  - Diagnostics inhibited because rover is in hibernating state.
1034394 [Thread-3] INFO  space.exploration.mars.rover.kernel.HibernatingState  - In hibernating state's receiveMessage(), adding message to instruction queue
1084018 [pool-1-thread-1] INFO  space.exploration.mars.rover.kernel.ListeningState  - 1504560638616,9,PerformRadarScan
1166252 [Thread-3] INFO  space.exploration.mars.rover.kernel.ListeningState  - 1504560720850,8,ClickCamera
1201366 [pool-1-thread-1] INFO  space.exploration.mars.rover.kernel.ListeningState  - 1504560755964,1,Move
1256930 [pool-1-thread-1] INFO  space.exploration.mars.rover.kernel.ListeningState  - 1504560811528,1,Move
1320699 [pool-1-thread-1] INFO  kafka.client.ClientUtils$  - Fetching metadata from broker BrokerEndPoint(0,localhost,9092) with correlation id 64 for 1 topic(s) Set(curiosity_to_earth_1)
1320700 [pool-1-thread-1] INFO  kafka.producer.SyncProducer  - Connected to localhost:9092 for producing
1320701 [pool-1-thread-1] INFO  kafka.producer.SyncProducer  - Disconnecting from localhost:9092
1320701 [pool-1-thread-1] INFO  kafka.producer.SyncProducer  - Disconnecting from zion-mainframe:9092
1320702 [pool-1-thread-1] INFO  kafka.producer.SyncProducer  - Connected to zion-mainframe:9092 for producing
1329712 [pool-1-thread-1] INFO  space.exploration.mars.rover.kernel.ListeningState  - 1504560884310,8,ClickCamera
1359286 [Thread-3] INFO  space.exploration.mars.rover.kernel.ListeningState  - 1504560913884,0,ScanArea
1395598 [pool-1-thread-1] INFO  space.exploration.mars.rover.kernel.ListeningState  - 1504560950196,5,Explore
1454932 [Thread-3] INFO  space.exploration.mars.rover.kernel.ListeningState  - 1504561009530,9,PerformRadarScan
1545672 [Thread-3] INFO  space.exploration.mars.rover.kernel.ListeningState  - 1504561100270,0,ScanArea
1611409 [Thread-3] INFO  space.exploration.mars.rover.kernel.ListeningState  - 1504561166007,8,ClickCamera
1675601 [Thread-3] INFO  space.exploration.mars.rover.kernel.ListeningState  - 1504561230199,5,Explore
1675601 [Thread-3] ERROR space.exploration.mars.rover.power.Battery  - Battery insufficient at time = 1504561230199 Power requested = 30 Critical = false
1675602 [Thread-3] ERROR space.exploration.mars.rover.kernel.ListeningState  - Going into hibernation from Listening state.
1698573 [Thread-3] INFO  space.exploration.mars.rover.kernel.ListeningState  - 1504561253171,1,Move
1698573 [Thread-3] ERROR space.exploration.mars.rover.power.Battery  - Battery insufficient at time = 1504561253171 Power requested = 40 Critical = false
1698573 [Thread-3] ERROR space.exploration.mars.rover.kernel.ListeningState  - Going into hibernation from Listening state.
1698573 [pool-1-thread-1] ERROR space.exploration.mars.rover.diagnostics.Pacemaker  - Diagnostics inhibited because rover is in hibernating state.
1698574 [pool-1-thread-1] ERROR space.exploration.mars.rover.diagnostics.Pacemaker  - Diagnostics inhibited because rover is in hibernating state.
1698577 [pool-1-thread-1] ERROR space.exploration.mars.rover.diagnostics.Pacemaker  - Diagnostics inhibited because rover is in hibernating state.
1704041 [Thread-3] INFO  space.exploration.mars.rover.kernel.HibernatingState  - In hibernating state's receiveMessage(), adding message to instruction queue
1724501 [Thread-3] INFO  space.exploration.mars.rover.kernel.HibernatingState  - In hibernating state's receiveMessage(), adding message to instruction queue
1737998 [pool-1-thread-1] ERROR space.exploration.mars.rover.diagnostics.Pacemaker  - Diagnostics inhibited because rover is in hibernating state.
1743350 [Thread-3] INFO  space.exploration.mars.rover.kernel.HibernatingState  - In hibernating state's receiveMessage(), adding message to instruction queue
1749984 [Thread-3] INFO  space.exploration.mars.rover.kernel.HibernatingState  - In hibernating state's receiveMessage(), adding message to instruction queue
1761452 [Thread-3] INFO  space.exploration.mars.rover.kernel.HibernatingState  - In hibernating state's receiveMessage(), adding message to instruction queue
1804017 [pool-1-thread-1] INFO  space.exploration.mars.rover.kernel.ListeningState  - 1504561358614,5,Explore
1858465 [Thread-3] INFO  space.exploration.mars.rover.kernel.ListeningState  - 1504561413063,1,Move
1903950 [pool-1-thread-1] INFO  space.exploration.mars.rover.kernel.ListeningState  - 1504561458548,1,Move
1949058 [pool-1-thread-1] INFO  kafka.client.ClientUtils$  - Fetching metadata from broker BrokerEndPoint(0,localhost,9092) with correlation id 93 for 1 topic(s) Set(curiosity_to_earth_1)
1949060 [pool-1-thread-1] INFO  kafka.producer.SyncProducer  - Connected to localhost:9092 for producing
1949060 [pool-1-thread-1] INFO  kafka.producer.SyncProducer  - Disconnecting from localhost:9092
1949061 [pool-1-thread-1] INFO  kafka.producer.SyncProducer  - Disconnecting from zion-mainframe:9092
1949063 [pool-1-thread-1] INFO  kafka.producer.SyncProducer  - Connected to zion-mainframe:9092 for producing
1958074 [pool-1-thread-1] INFO  space.exploration.mars.rover.kernel.ListeningState  - 1504561512672,5,Explore
2007589 [Thread-3] INFO  space.exploration.mars.rover.kernel.ListeningState  - 1504561562187,9,PerformRadarScan
2078125 [pool-1-thread-1] INFO  space.exploration.mars.rover.kernel.ListeningState  - 1504561632723,9,PerformRadarScan
2153353 [pool-1-thread-1] INFO  space.exploration.mars.rover.kernel.ListeningState  - 1504561707951,1,Move
2153355 [pool-1-thread-1] ERROR space.exploration.mars.rover.power.Battery  - Battery insufficient at time = 1504561707953 Power requested = 340 Critical = false
2153355 [pool-1-thread-1] ERROR space.exploration.mars.rover.kernel.MovingState  - Propulsion unavailable due to insufficient battery. Sending the rover into hibernating state. Will attempt to restore propulsion upon battery recharge.
2153358 [Thread-3] INFO  space.exploration.mars.rover.kernel.HibernatingState  - In hibernating state's receiveMessage(), adding message to instruction queue
2153361 [pool-1-thread-1] ERROR space.exploration.mars.rover.diagnostics.Pacemaker  - Diagnostics inhibited because rover is in hibernating state.
2157998 [pool-1-thread-1] ERROR space.exploration.mars.rover.diagnostics.Pacemaker  - Diagnostics inhibited because rover is in hibernating state.
2162618 [Thread-3] INFO  space.exploration.mars.rover.kernel.HibernatingState  - In hibernating state's receiveMessage(), adding message to instruction queue
2174867 [Thread-3] INFO  space.exploration.mars.rover.kernel.HibernatingState  - In hibernating state's receiveMessage(), adding message to instruction queue
2191058 [Thread-3] INFO  space.exploration.mars.rover.kernel.HibernatingState  - In hibernating state's receiveMessage(), adding message to instruction queue
2195586 [Thread-3] INFO  space.exploration.mars.rover.kernel.HibernatingState  - In hibernating state's receiveMessage(), adding message to instruction queue
2217998 [pool-1-thread-1] ERROR space.exploration.mars.rover.diagnostics.Pacemaker  - Diagnostics inhibited because rover is in hibernating state.
2259586 [Thread-3] INFO  space.exploration.mars.rover.kernel.ListeningState  - 1504561814184,9,PerformRadarScan
2336420 [pool-1-thread-1] INFO  space.exploration.mars.rover.kernel.ListeningState  - 1504561891018,8,ClickCamera
2369996 [pool-1-thread-1] INFO  space.exploration.mars.rover.kernel.ListeningState  - 1504561924594,5,Explore
2425214 [pool-1-thread-1] INFO  space.exploration.mars.rover.kernel.ListeningState  - 1504561979812,1,Move
2493523 [pool-1-thread-1] INFO  space.exploration.mars.rover.kernel.ListeningState  - 1504562048121,5,Explore
