0 [main] INFO space.exploration.mars.rover.kernel.SpacecraftClock  - Curiosity internal spacecraft clock started at :: 2016-01-01T00:00:00.000-06:00
1 [main] INFO space.exploration.mars.rover.kernel.SpacecraftClock  - Mission duration is set to :: 1 year(s).
1 [main] INFO space.exploration.mars.rover.kernel.SpacecraftClock  - Mission duration = 31536000000
22123 [main] INFO org.apache.kafka.clients.producer.ProducerConfig  - ProducerConfig values: 
	metric.reporters = []
	metadata.max.age.ms = 300000
	reconnect.backoff.ms = 50
	sasl.kerberos.ticket.renew.window.factor = 0.8
	bootstrap.servers = [localhost:9092]
	ssl.keystore.type = JKS
	sasl.mechanism = GSSAPI
	max.block.ms = 60000
	interceptor.classes = null
	ssl.truststore.password = null
	client.id = 
	ssl.endpoint.identification.algorithm = null
	request.timeout.ms = 30000
	acks = 1
	receive.buffer.bytes = 32768
	ssl.truststore.type = JKS
	retries = 0
	ssl.truststore.location = null
	ssl.keystore.password = null
	send.buffer.bytes = 131072
	compression.type = none
	metadata.fetch.timeout.ms = 60000
	retry.backoff.ms = 100
	sasl.kerberos.kinit.cmd = /usr/bin/kinit
	buffer.memory = 33554432
	timeout.ms = 30000
	key.serializer = class org.apache.kafka.common.serialization.StringSerializer
	sasl.kerberos.service.name = null
	sasl.kerberos.ticket.renew.jitter = 0.05
	ssl.trustmanager.algorithm = PKIX
	block.on.buffer.full = false
	ssl.key.password = null
	sasl.kerberos.min.time.before.relogin = 60000
	connections.max.idle.ms = 540000
	max.in.flight.requests.per.connection = 5
	metrics.num.samples = 2
	ssl.protocol = TLS
	ssl.provider = null
	ssl.enabled.protocols = [TLSv1.2, TLSv1.1, TLSv1]
	batch.size = 16384
	ssl.keystore.location = null
	ssl.cipher.suites = null
	security.protocol = PLAINTEXT
	max.request.size = 1048576
	value.serializer = class org.apache.kafka.common.serialization.ByteArraySerializer
	ssl.keymanager.algorithm = SunX509
	metrics.sample.window.ms = 30000
	partitioner.class = class org.apache.kafka.clients.producer.internals.DefaultPartitioner
	linger.ms = 0

22235 [main] INFO org.apache.kafka.clients.producer.ProducerConfig  - ProducerConfig values: 
	metric.reporters = []
	metadata.max.age.ms = 300000
	reconnect.backoff.ms = 50
	sasl.kerberos.ticket.renew.window.factor = 0.8
	bootstrap.servers = [localhost:9092]
	ssl.keystore.type = JKS
	sasl.mechanism = GSSAPI
	max.block.ms = 60000
	interceptor.classes = null
	ssl.truststore.password = null
	client.id = producer-1
	ssl.endpoint.identification.algorithm = null
	request.timeout.ms = 30000
	acks = 1
	receive.buffer.bytes = 32768
	ssl.truststore.type = JKS
	retries = 0
	ssl.truststore.location = null
	ssl.keystore.password = null
	send.buffer.bytes = 131072
	compression.type = none
	metadata.fetch.timeout.ms = 60000
	retry.backoff.ms = 100
	sasl.kerberos.kinit.cmd = /usr/bin/kinit
	buffer.memory = 33554432
	timeout.ms = 30000
	key.serializer = class org.apache.kafka.common.serialization.StringSerializer
	sasl.kerberos.service.name = null
	sasl.kerberos.ticket.renew.jitter = 0.05
	ssl.trustmanager.algorithm = PKIX
	block.on.buffer.full = false
	ssl.key.password = null
	sasl.kerberos.min.time.before.relogin = 60000
	connections.max.idle.ms = 540000
	max.in.flight.requests.per.connection = 5
	metrics.num.samples = 2
	ssl.protocol = TLS
	ssl.provider = null
	ssl.enabled.protocols = [TLSv1.2, TLSv1.1, TLSv1]
	batch.size = 16384
	ssl.keystore.location = null
	ssl.cipher.suites = null
	security.protocol = PLAINTEXT
	max.request.size = 1048576
	value.serializer = class org.apache.kafka.common.serialization.ByteArraySerializer
	ssl.keymanager.algorithm = SunX509
	metrics.sample.window.ms = 30000
	partitioner.class = class org.apache.kafka.clients.producer.internals.DefaultPartitioner
	linger.ms = 0

22235 [main] WARN org.apache.kafka.clients.producer.ProducerConfig  - The configuration zookeeper.connect = localhost:2181 was supplied but isn't a known config.
22235 [main] WARN org.apache.kafka.clients.producer.ProducerConfig  - The configuration group.id = space.exploration.mars.newRover was supplied but isn't a known config.
22235 [main] WARN org.apache.kafka.clients.producer.ProducerConfig  - The configuration source.topic = earth_to_curiosity_5 was supplied but isn't a known config.
22235 [main] WARN org.apache.kafka.clients.producer.ProducerConfig  - The configuration auto.offset.reset = largest was supplied but isn't a known config.
22236 [main] WARN org.apache.kafka.clients.producer.ProducerConfig  - The configuration metadata.broker.list = localhost:9092 was supplied but isn't a known config.
22236 [main] WARN org.apache.kafka.clients.producer.ProducerConfig  - The configuration destination.topic = curiosity_to_earth_5 was supplied but isn't a known config.
22237 [main] INFO org.apache.kafka.common.utils.AppInfoParser  - Kafka version : 0.10.0.1
22237 [main] INFO org.apache.kafka.common.utils.AppInfoParser  - Kafka commitId : a7a17cdec9eaa6c5
22358 [main] INFO kafka.utils.VerifiableProperties  - Verifying properties
22377 [main] INFO kafka.utils.VerifiableProperties  - Property auto.offset.reset is overridden to largest
22378 [main] WARN kafka.utils.VerifiableProperties  - Property bootstrap.servers is not valid
22378 [main] WARN kafka.utils.VerifiableProperties  - Property destination.topic is not valid
22378 [main] INFO kafka.utils.VerifiableProperties  - Property group.id is overridden to space.exploration.mars.newRover
22378 [main] WARN kafka.utils.VerifiableProperties  - Property key.serializer is not valid
22378 [main] WARN kafka.utils.VerifiableProperties  - Property metadata.broker.list is not valid
22378 [main] WARN kafka.utils.VerifiableProperties  - Property source.topic is not valid
22378 [main] WARN kafka.utils.VerifiableProperties  - Property value.serializer is not valid
22379 [main] INFO kafka.utils.VerifiableProperties  - Property zookeeper.connect is overridden to localhost:2181
22408 [main] INFO kafka.consumer.ZookeeperConsumerConnector  - [space.exploration.mars.newRover_zion-mainframe-1511403845374-e0da88cb], Connecting to zookeeper instance at localhost:2181
22453 [ZkClient-EventThread-28-localhost:2181] INFO org.I0Itec.zkclient.ZkEventThread  - Starting ZkClient event thread.
22456 [main] INFO org.apache.zookeeper.ZooKeeper  - Client environment:zookeeper.version=3.4.6-1569965, built on 02/20/2014 09:09 GMT
22457 [main] INFO org.apache.zookeeper.ZooKeeper  - Client environment:host.name=zion-mainframe
22457 [main] INFO org.apache.zookeeper.ZooKeeper  - Client environment:java.version=1.8.0_151
22457 [main] INFO org.apache.zookeeper.ZooKeeper  - Client environment:java.vendor=Oracle Corporation
22457 [main] INFO org.apache.zookeeper.ZooKeeper  - Client environment:java.home=/usr/lib/jvm/java-8-openjdk-amd64/jre
22457 [main] INFO org.apache.zookeeper.ZooKeeper  - Client environment:java.class.path=target/mars.rover-1.1.1-SOLSHOT-shaded.jar
22457 [main] INFO org.apache.zookeeper.ZooKeeper  - Client environment:java.library.path=$LD_LIBRARY_PATH:"/home/sanket/Documents/workspace/SpiceUtilities/src/main/resources/JNISpice/lib/libJNISpice.so":/home/sanket/Documents/workspace/SpiceUtilities/src/main/resources/JNISpice/lib/libJNISpice.so:/usr/java/packages/lib/amd64:/usr/lib/x86_64-linux-gnu/jni:/lib/x86_64-linux-gnu:/usr/lib/x86_64-linux-gnu:/usr/lib/jni:/lib:/usr/lib
22457 [main] INFO org.apache.zookeeper.ZooKeeper  - Client environment:java.io.tmpdir=/tmp
22457 [main] INFO org.apache.zookeeper.ZooKeeper  - Client environment:java.compiler=<NA>
22457 [main] INFO org.apache.zookeeper.ZooKeeper  - Client environment:os.name=Linux
22457 [main] INFO org.apache.zookeeper.ZooKeeper  - Client environment:os.arch=amd64
22457 [main] INFO org.apache.zookeeper.ZooKeeper  - Client environment:os.version=4.10.0-38-generic
22457 [main] INFO org.apache.zookeeper.ZooKeeper  - Client environment:user.name=sanket
22457 [main] INFO org.apache.zookeeper.ZooKeeper  - Client environment:user.home=/home/sanket
22457 [main] INFO org.apache.zookeeper.ZooKeeper  - Client environment:user.dir=/home/sanket/Documents/workspace/MarsRover/mars.rover
22457 [main] INFO org.apache.zookeeper.ZooKeeper  - Initiating client connection, connectString=localhost:2181 sessionTimeout=6000 watcher=org.I0Itec.zkclient.ZkClient@587e5365
22466 [main] INFO org.I0Itec.zkclient.ZkClient  - Waiting for keeper state SyncConnected
22468 [main-SendThread(localhost:2181)] INFO org.apache.zookeeper.ClientCnxn  - Opening socket connection to server localhost/127.0.0.1:2181. Will not attempt to authenticate using SASL (unknown error)
22472 [main-SendThread(localhost:2181)] INFO org.apache.zookeeper.ClientCnxn  - Socket connection established to localhost/127.0.0.1:2181, initiating session
22476 [main-SendThread(localhost:2181)] INFO org.apache.zookeeper.ClientCnxn  - Session establishment complete on server localhost/127.0.0.1:2181, sessionid = 0x15fe27911c10008, negotiated timeout = 6000
22477 [main-EventThread] INFO org.I0Itec.zkclient.ZkClient  - zookeeper state changed (SyncConnected)
22484 [main] INFO kafka.consumer.ZookeeperConsumerConnector  - [space.exploration.mars.newRover_zion-mainframe-1511403845374-e0da88cb], starting auto committer every 60000 ms
22514 [Thread-2] INFO kafka.consumer.ZookeeperConsumerConnector  - [space.exploration.mars.newRover_zion-mainframe-1511403845374-e0da88cb], begin registering consumer space.exploration.mars.newRover_zion-mainframe-1511403845374-e0da88cb in ZK
22539 [Thread-2] INFO kafka.utils.ZKCheckedEphemeral  - Creating /consumers/space.exploration.mars.newRover/ids/space.exploration.mars.newRover_zion-mainframe-1511403845374-e0da88cb (is it secure? false)
22550 [Thread-2] INFO kafka.utils.ZKCheckedEphemeral  - Result of znode creation is: OK
22550 [Thread-2] INFO kafka.consumer.ZookeeperConsumerConnector  - [space.exploration.mars.newRover_zion-mainframe-1511403845374-e0da88cb], end registering consumer space.exploration.mars.newRover_zion-mainframe-1511403845374-e0da88cb in ZK
22554 [space.exploration.mars.newRover_zion-mainframe-1511403845374-e0da88cb_watcher_executor] INFO kafka.consumer.ZookeeperConsumerConnector  - [space.exploration.mars.newRover_zion-mainframe-1511403845374-e0da88cb], starting watcher executor thread for consumer space.exploration.mars.newRover_zion-mainframe-1511403845374-e0da88cb
22570 [Thread-2] INFO kafka.consumer.ZookeeperConsumerConnector  - [space.exploration.mars.newRover_zion-mainframe-1511403845374-e0da88cb], begin rebalancing consumer space.exploration.mars.newRover_zion-mainframe-1511403845374-e0da88cb try #0
22647 [Thread-2] INFO kafka.consumer.ConsumerFetcherManager  - [ConsumerFetcherManager-1511403845449] Stopping leader finder thread
22648 [Thread-2] INFO kafka.consumer.ConsumerFetcherManager  - [ConsumerFetcherManager-1511403845449] Stopping all fetchers
22648 [Thread-2] INFO kafka.consumer.ConsumerFetcherManager  - [ConsumerFetcherManager-1511403845449] All connections stopped
22649 [Thread-2] INFO kafka.consumer.ZookeeperConsumerConnector  - [space.exploration.mars.newRover_zion-mainframe-1511403845374-e0da88cb], Cleared all relevant queues for this fetcher
22649 [Thread-2] INFO kafka.consumer.ZookeeperConsumerConnector  - [space.exploration.mars.newRover_zion-mainframe-1511403845374-e0da88cb], Cleared the data chunks in all the consumer message iterators
22650 [Thread-2] INFO kafka.consumer.ZookeeperConsumerConnector  - [space.exploration.mars.newRover_zion-mainframe-1511403845374-e0da88cb], Committing all offsets after clearing the fetcher queues
22651 [Thread-2] INFO kafka.consumer.ZookeeperConsumerConnector  - [space.exploration.mars.newRover_zion-mainframe-1511403845374-e0da88cb], Releasing partition ownership
22671 [Thread-2] INFO kafka.consumer.RangeAssignor  - Consumer space.exploration.mars.newRover_zion-mainframe-1511403845374-e0da88cb rebalancing the following partitions: ArrayBuffer() for topic earth_to_curiosity_5 with consumers: List(space.exploration.mars.newRover_zion-mainframe-1511403845374-e0da88cb-0)
22672 [Thread-2] WARN kafka.consumer.RangeAssignor  - No broker partitions consumed by consumer thread space.exploration.mars.newRover_zion-mainframe-1511403845374-e0da88cb-0 for topic earth_to_curiosity_5
22683 [Thread-2] INFO kafka.consumer.ZookeeperConsumerConnector  - [space.exploration.mars.newRover_zion-mainframe-1511403845374-e0da88cb], Consumer space.exploration.mars.newRover_zion-mainframe-1511403845374-e0da88cb selected partitions : 
22689 [space.exploration.mars.newRover_zion-mainframe-1511403845374-e0da88cb-leader-finder-thread] INFO kafka.consumer.ConsumerFetcherManager$LeaderFinderThread  - [space.exploration.mars.newRover_zion-mainframe-1511403845374-e0da88cb-leader-finder-thread], Starting 
22690 [Thread-2] INFO kafka.consumer.ZookeeperConsumerConnector  - [space.exploration.mars.newRover_zion-mainframe-1511403845374-e0da88cb], end rebalancing consumer space.exploration.mars.newRover_zion-mainframe-1511403845374-e0da88cb try #0
35353 [kafka-producer-network-thread | producer-1] WARN org.apache.kafka.clients.NetworkClient  - Error while fetching metadata with correlation id 0 : {curiosity_to_earth_5=LEADER_NOT_AVAILABLE}
35451 [kafka-producer-network-thread | producer-1] WARN org.apache.kafka.clients.NetworkClient  - Error while fetching metadata with correlation id 1 : {curiosity_to_earth_5=LEADER_NOT_AVAILABLE}
35556 [kafka-producer-network-thread | producer-1] WARN org.apache.kafka.clients.NetworkClient  - Error while fetching metadata with correlation id 2 : {curiosity_to_earth_5=LEADER_NOT_AVAILABLE}
35662 [kafka-producer-network-thread | producer-1] WARN org.apache.kafka.clients.NetworkClient  - Error while fetching metadata with correlation id 3 : {curiosity_to_earth_5=LEADER_NOT_AVAILABLE}
35769 [main] INFO space.exploration.mars.rover.communication.Transmitter  - Sending information packet to curiosity_to_earth_5
38772 [pool-4-thread-1] INFO space.exploration.mars.rover.animation.SleepingAnimationEngine  - Rover is sleeping now
61136 [pool-3-thread-1] INFO space.exploration.mars.rover.diagnostics.Pacemaker  - Diagnostics inhibited because rover is sleeping to conserve battery Current instructionQueue length = 0
62137 [pool-4-thread-1] INFO space.exploration.mars.rover.diagnostics.SleepMonitor  - Awakening rover from slumber
62137 [pool-4-thread-1] INFO space.exploration.mars.rover.animation.SleepingAnimationEngine  - Waking up rover
118645 [ZkClient-EventThread-28-localhost:2181] INFO kafka.consumer.ZookeeperConsumerConnector  - [space.exploration.mars.newRover_zion-mainframe-1511403845374-e0da88cb], Topic info for path /brokers/topics/earth_to_curiosity_5 changed to {"version":1,"partitions":{"0":[0]}}, triggering rebalance
118646 [space.exploration.mars.newRover_zion-mainframe-1511403845374-e0da88cb_watcher_executor] INFO kafka.consumer.ZookeeperConsumerConnector  - [space.exploration.mars.newRover_zion-mainframe-1511403845374-e0da88cb], begin rebalancing consumer space.exploration.mars.newRover_zion-mainframe-1511403845374-e0da88cb try #0
118742 [space.exploration.mars.newRover_zion-mainframe-1511403845374-e0da88cb_watcher_executor] INFO kafka.consumer.ConsumerFetcherManager  - [ConsumerFetcherManager-1511403845449] Stopping leader finder thread
118745 [space.exploration.mars.newRover_zion-mainframe-1511403845374-e0da88cb_watcher_executor] INFO kafka.consumer.ConsumerFetcherManager$LeaderFinderThread  - [space.exploration.mars.newRover_zion-mainframe-1511403845374-e0da88cb-leader-finder-thread], Shutting down
118753 [space.exploration.mars.newRover_zion-mainframe-1511403845374-e0da88cb-leader-finder-thread] INFO kafka.consumer.ConsumerFetcherManager$LeaderFinderThread  - [space.exploration.mars.newRover_zion-mainframe-1511403845374-e0da88cb-leader-finder-thread], Stopped 
118753 [space.exploration.mars.newRover_zion-mainframe-1511403845374-e0da88cb_watcher_executor] INFO kafka.consumer.ConsumerFetcherManager$LeaderFinderThread  - [space.exploration.mars.newRover_zion-mainframe-1511403845374-e0da88cb-leader-finder-thread], Shutdown completed
118754 [space.exploration.mars.newRover_zion-mainframe-1511403845374-e0da88cb_watcher_executor] INFO kafka.consumer.ConsumerFetcherManager  - [ConsumerFetcherManager-1511403845449] Stopping all fetchers
118758 [space.exploration.mars.newRover_zion-mainframe-1511403845374-e0da88cb_watcher_executor] INFO kafka.consumer.ConsumerFetcherManager  - [ConsumerFetcherManager-1511403845449] All connections stopped
118758 [space.exploration.mars.newRover_zion-mainframe-1511403845374-e0da88cb_watcher_executor] INFO kafka.consumer.ZookeeperConsumerConnector  - [space.exploration.mars.newRover_zion-mainframe-1511403845374-e0da88cb], Cleared all relevant queues for this fetcher
118758 [space.exploration.mars.newRover_zion-mainframe-1511403845374-e0da88cb_watcher_executor] INFO kafka.consumer.ZookeeperConsumerConnector  - [space.exploration.mars.newRover_zion-mainframe-1511403845374-e0da88cb], Cleared the data chunks in all the consumer message iterators
118758 [space.exploration.mars.newRover_zion-mainframe-1511403845374-e0da88cb_watcher_executor] INFO kafka.consumer.ZookeeperConsumerConnector  - [space.exploration.mars.newRover_zion-mainframe-1511403845374-e0da88cb], Committing all offsets after clearing the fetcher queues
118758 [space.exploration.mars.newRover_zion-mainframe-1511403845374-e0da88cb_watcher_executor] INFO kafka.consumer.ZookeeperConsumerConnector  - [space.exploration.mars.newRover_zion-mainframe-1511403845374-e0da88cb], Releasing partition ownership
118814 [space.exploration.mars.newRover_zion-mainframe-1511403845374-e0da88cb_watcher_executor] INFO kafka.consumer.RangeAssignor  - Consumer space.exploration.mars.newRover_zion-mainframe-1511403845374-e0da88cb rebalancing the following partitions: ArrayBuffer(0) for topic earth_to_curiosity_5 with consumers: List(space.exploration.mars.newRover_zion-mainframe-1511403845374-e0da88cb-0)
118815 [space.exploration.mars.newRover_zion-mainframe-1511403845374-e0da88cb_watcher_executor] INFO kafka.consumer.RangeAssignor  - space.exploration.mars.newRover_zion-mainframe-1511403845374-e0da88cb-0 attempting to claim partition 0
118834 [space.exploration.mars.newRover_zion-mainframe-1511403845374-e0da88cb_watcher_executor] INFO kafka.consumer.ZookeeperConsumerConnector  - [space.exploration.mars.newRover_zion-mainframe-1511403845374-e0da88cb], space.exploration.mars.newRover_zion-mainframe-1511403845374-e0da88cb-0 successfully owned partition 0 for topic earth_to_curiosity_5
118840 [space.exploration.mars.newRover_zion-mainframe-1511403845374-e0da88cb_watcher_executor] INFO kafka.consumer.ZookeeperConsumerConnector  - [space.exploration.mars.newRover_zion-mainframe-1511403845374-e0da88cb], Consumer space.exploration.mars.newRover_zion-mainframe-1511403845374-e0da88cb selected partitions : earth_to_curiosity_5:0: fetched offset = -1: consumed offset = -1
118840 [space.exploration.mars.newRover_zion-mainframe-1511403845374-e0da88cb_watcher_executor] INFO kafka.consumer.ZookeeperConsumerConnector  - [space.exploration.mars.newRover_zion-mainframe-1511403845374-e0da88cb], end rebalancing consumer space.exploration.mars.newRover_zion-mainframe-1511403845374-e0da88cb try #0
118840 [space.exploration.mars.newRover_zion-mainframe-1511403845374-e0da88cb-leader-finder-thread] INFO kafka.consumer.ConsumerFetcherManager$LeaderFinderThread  - [space.exploration.mars.newRover_zion-mainframe-1511403845374-e0da88cb-leader-finder-thread], Starting 
118853 [space.exploration.mars.newRover_zion-mainframe-1511403845374-e0da88cb-leader-finder-thread] INFO kafka.utils.VerifiableProperties  - Verifying properties
118853 [space.exploration.mars.newRover_zion-mainframe-1511403845374-e0da88cb-leader-finder-thread] INFO kafka.utils.VerifiableProperties  - Property client.id is overridden to space.exploration.mars.newRover
118853 [space.exploration.mars.newRover_zion-mainframe-1511403845374-e0da88cb-leader-finder-thread] INFO kafka.utils.VerifiableProperties  - Property metadata.broker.list is overridden to zion-mainframe:9092
118854 [space.exploration.mars.newRover_zion-mainframe-1511403845374-e0da88cb-leader-finder-thread] INFO kafka.utils.VerifiableProperties  - Property request.timeout.ms is overridden to 30000
118865 [space.exploration.mars.newRover_zion-mainframe-1511403845374-e0da88cb-leader-finder-thread] INFO kafka.client.ClientUtils$  - Fetching metadata from broker BrokerEndPoint(0,zion-mainframe,9092) with correlation id 0 for 1 topic(s) Set(earth_to_curiosity_5)
118869 [space.exploration.mars.newRover_zion-mainframe-1511403845374-e0da88cb-leader-finder-thread] INFO kafka.producer.SyncProducer  - Connected to zion-mainframe:9092 for producing
118883 [space.exploration.mars.newRover_zion-mainframe-1511403845374-e0da88cb-leader-finder-thread] INFO kafka.producer.SyncProducer  - Disconnecting from zion-mainframe:9092
118906 [ConsumerFetcherThread-space.exploration.mars.newRover_zion-mainframe-1511403845374-e0da88cb-0-0] INFO kafka.consumer.ConsumerFetcherThread  - [ConsumerFetcherThread-space.exploration.mars.newRover_zion-mainframe-1511403845374-e0da88cb-0-0], Starting 
118918 [space.exploration.mars.newRover_zion-mainframe-1511403845374-e0da88cb-leader-finder-thread] INFO kafka.consumer.ConsumerFetcherManager  - [ConsumerFetcherManager-1511403845449] Added fetcher for partitions ArrayBuffer([[earth_to_curiosity_5,0], initOffset -1 to broker BrokerEndPoint(0,zion-mainframe,9092)] )
121169 [pool-3-thread-1] INFO space.exploration.mars.rover.kernel.SpacecraftClock  - Internal time::2016-01-01T00:16:15.240-06:00 sclk of::1/0504878236-43615
126677 [Thread-2] INFO space.exploration.mars.rover.communication.Receiver  - Time Elapsed since last message = 104190
137859 [pool-3-thread-1] INFO space.exploration.mars.rover.communication.Transmitter  - Sending information packet to curiosity_to_earth_5
153968 [Thread-2] INFO space.exploration.mars.rover.kernel.ListeningState  - 1511403976935,11,GetSclkInformation Current instructionQueue length = 0
153969 [Thread-2] INFO space.exploration.mars.rover.kernel.ListeningState  - Rover will get detailed spacecraftClock information. Houston, this is CuriosityActual.
153971 [Thread-2] INFO space.exploration.mars.rover.kernel.SpacecraftClock  - Internal time::2016-01-01T00:20:49.680-06:00 sclk of::1/0504878510-43444
181475 [Thread-2] INFO space.exploration.mars.rover.communication.Transmitter  - Sending information packet to curiosity_to_earth_5
184477 [pool-3-thread-1] INFO space.exploration.mars.rover.kernel.SpacecraftClock  - Internal time::2016-01-01T00:25:22.740-06:00 sclk of::1/0504878783-43273
199384 [pool-3-thread-1] INFO space.exploration.mars.rover.communication.Transmitter  - Sending information packet to curiosity_to_earth_5
241136 [pool-3-thread-1] INFO space.exploration.mars.rover.kernel.SpacecraftClock  - Internal time::2016-01-01T00:34:14.160-06:00 sclk of::1/0504879315-42941
258461 [pool-3-thread-1] INFO space.exploration.mars.rover.communication.Transmitter  - Sending information packet to curiosity_to_earth_5
301136 [pool-3-thread-1] INFO space.exploration.mars.rover.kernel.SpacecraftClock  - Internal time::2016-01-01T00:43:25.560-06:00 sclk of::1/0504879866-42598
