2018-05-27 22:40:32,956 [main] INFO  space.exploration.mars.rover.kernel.SpacecraftClock - Valid utc time ranges are dictated by clockService as follows:
2018-05-27 22:40:32,958 [main] INFO  space.exploration.mars.rover.kernel.SpacecraftClock - APPLICABLE_START_TIME=2000-001T11:58:55.816, APPLICABLE_STOP_TIME=2017-360T19:17:40.149
2018-05-27 22:40:32,958 [main] INFO  space.exploration.mars.rover.kernel.SpacecraftClock - Given UTC = 2016-08-26~17:49:00
2018-05-27 22:40:32,958 [main] INFO  space.exploration.mars.rover.kernel.SpacecraftClock - Please ensure that positionSensor and sclk are synchronized
2018-05-27 22:40:32,969 [main] INFO  space.exploration.mars.rover.kernel.SpacecraftClock - Curiosity internal spacecraft clock started at :: 2016-08-26T22:49:00.000Z
2018-05-27 22:40:32,969 [main] INFO  space.exploration.mars.rover.kernel.SpacecraftClock - Mission duration is set to :: 1 year(s).
2018-05-27 22:40:32,969 [main] INFO  space.exploration.mars.rover.kernel.SpacecraftClock - Mission duration = 31536000000
2018-05-27 22:40:32,969 [main] INFO  space.exploration.mars.rover.kernel.SpacecraftClock - Internal time::2016-08-26T22:49:00.000Z sclk of::
2018-05-27 22:40:33,970 [main] INFO  space.exploration.mars.rover.kernel.SpacecraftClock - Internal time::2016-08-26T17:50:00.000-05:00 sclk of::1/01442:12:14:48:11433
2018-05-27 22:40:34,972 [main] INFO  space.exploration.mars.rover.kernel.SpacecraftClock - Internal time::2016-08-26T17:50:00.000-05:00 sclk of::1/01442:12:14:48:11433
2018-05-27 22:40:35,973 [main] INFO  space.exploration.mars.rover.kernel.SpacecraftClock - Internal time::2016-08-26T17:50:00.000-05:00 sclk of::1/01442:12:14:48:11433
2018-05-27 22:40:36,974 [main] INFO  space.exploration.mars.rover.kernel.SpacecraftClock - Internal time::2016-08-26T17:50:00.000-05:00 sclk of::1/01442:12:14:48:11433
2018-05-27 22:40:37,976 [main] INFO  space.exploration.mars.rover.kernel.SpacecraftClock - Internal time::2016-08-26T17:50:00.000-05:00 sclk of::1/01442:12:14:48:11433
2018-05-27 22:40:38,978 [main] INFO  space.exploration.mars.rover.kernel.SpacecraftClock - Internal time::2016-08-26T17:50:00.000-05:00 sclk of::1/01442:12:14:48:11433
2018-05-27 22:40:39,979 [main] INFO  space.exploration.mars.rover.kernel.SpacecraftClock - Internal time::2016-08-26T17:50:00.000-05:00 sclk of::1/01442:12:14:48:11433
2018-05-27 22:40:40,980 [main] INFO  space.exploration.mars.rover.kernel.SpacecraftClock - Internal time::2016-08-26T17:50:00.000-05:00 sclk of::1/01442:12:14:48:11433
2018-05-27 22:40:41,982 [main] INFO  space.exploration.mars.rover.kernel.SpacecraftClock - Internal time::2016-08-26T17:50:00.000-05:00 sclk of::1/01442:12:14:48:11433
2018-05-27 22:40:42,983 [main] INFO  space.exploration.mars.rover.kernel.SpacecraftClock - Internal time::2016-08-26T17:50:00.000-05:00 sclk of::1/01442:12:14:48:11433
2018-05-27 22:40:43,021 [main] INFO  space.exploration.mars.rover.kernel.SpacecraftClock - Internal time::2016-08-26T17:50:00.000-05:00 sclk of::1/01442:12:14:48:11433
2018-05-27 22:40:44,055 [main] INFO  space.exploration.mars.rover.kernel.SpacecraftClock - Valid utc time ranges are dictated by clockService as follows:
2018-05-27 22:40:44,056 [main] INFO  space.exploration.mars.rover.kernel.SpacecraftClock - APPLICABLE_START_TIME=2000-001T11:58:55.816, APPLICABLE_STOP_TIME=2017-360T19:17:40.149
2018-05-27 22:40:44,056 [main] INFO  space.exploration.mars.rover.kernel.SpacecraftClock - Given UTC = 2016-08-26~17:49:00
2018-05-27 22:40:44,056 [main] INFO  space.exploration.mars.rover.kernel.SpacecraftClock - Please ensure that positionSensor and sclk are synchronized
2018-05-27 22:40:44,057 [main] INFO  space.exploration.mars.rover.kernel.SpacecraftClock - Curiosity internal spacecraft clock started at :: 2016-08-26T22:49:00.000Z
2018-05-27 22:40:44,057 [main] INFO  space.exploration.mars.rover.kernel.SpacecraftClock - Mission duration is set to :: 1 year(s).
2018-05-27 22:40:44,057 [main] INFO  space.exploration.mars.rover.kernel.SpacecraftClock - Mission duration = 31536000000
2018-05-27 22:40:44,057 [main] INFO  space.exploration.mars.rover.kernel.SpacecraftClock - Internal time::2016-08-26T22:49:00.000Z sclk of::
2018-05-27 22:40:45,086 [main] INFO  space.exploration.mars.rover.kernel.SpacecraftClock - Valid utc time ranges are dictated by clockService as follows:
2018-05-27 22:40:45,088 [main] INFO  space.exploration.mars.rover.kernel.SpacecraftClock - APPLICABLE_START_TIME=2000-001T11:58:55.816, APPLICABLE_STOP_TIME=2017-360T19:17:40.149
2018-05-27 22:40:45,088 [main] INFO  space.exploration.mars.rover.kernel.SpacecraftClock - Given UTC = 2016-08-26~17:49:00
2018-05-27 22:40:45,088 [main] INFO  space.exploration.mars.rover.kernel.SpacecraftClock - Please ensure that positionSensor and sclk are synchronized
2018-05-27 22:40:45,088 [main] INFO  space.exploration.mars.rover.kernel.SpacecraftClock - Curiosity internal spacecraft clock started at :: 2016-08-26T22:49:00.000Z
2018-05-27 22:40:45,088 [main] INFO  space.exploration.mars.rover.kernel.SpacecraftClock - Mission duration is set to :: 1 year(s).
2018-05-27 22:40:45,088 [main] INFO  space.exploration.mars.rover.kernel.SpacecraftClock - Mission duration = 31536000000
2018-05-27 22:40:45,088 [main] INFO  space.exploration.mars.rover.kernel.SpacecraftClock - UTCTime = 2016-05-05~12:00:00
2018-05-27 22:40:45,089 [main] INFO  space.exploration.mars.rover.kernel.SpacecraftClock - Valid utc time ranges are dictated by clockService as follows:
2018-05-27 22:40:45,089 [main] INFO  space.exploration.mars.rover.kernel.SpacecraftClock - APPLICABLE_START_TIME=2000-001T11:58:55.816, APPLICABLE_STOP_TIME=2017-360T19:17:40.149
2018-05-27 22:40:45,089 [main] INFO  space.exploration.mars.rover.kernel.SpacecraftClock - Given UTC = 2016-05-05~12:00:00
2018-05-27 22:40:45,089 [main] INFO  space.exploration.mars.rover.kernel.SpacecraftClock - Please ensure that positionSensor and sclk are synchronized
2018-05-27 22:40:46,090 [main] INFO  space.exploration.mars.rover.kernel.SpacecraftClock - Internal time::2016-05-05T12:03:00.000-05:00 sclk of::1/01332:07:09:48:04872
2018-05-27 22:40:47,092 [main] INFO  space.exploration.mars.rover.kernel.SpacecraftClock - Internal time::2016-05-05T12:04:00.000-05:00 sclk of::1/01332:07:10:46:44338
2018-05-27 22:40:48,093 [main] INFO  space.exploration.mars.rover.kernel.SpacecraftClock - Internal time::2016-05-05T12:05:00.000-05:00 sclk of::1/01332:07:11:44:83804
2018-05-27 22:40:49,095 [main] INFO  space.exploration.mars.rover.kernel.SpacecraftClock - Internal time::2016-05-05T12:06:00.000-05:00 sclk of::1/01332:07:12:43:23269
2018-05-27 22:40:50,096 [main] INFO  space.exploration.mars.rover.kernel.SpacecraftClock - Internal time::2016-05-05T12:07:00.000-05:00 sclk of::1/01332:07:13:41:62735
2018-05-27 22:40:51,097 [main] INFO  space.exploration.mars.rover.kernel.SpacecraftClock - Internal time::2016-05-05T12:08:00.000-05:00 sclk of::1/01332:07:14:40:02201
2018-05-27 22:40:52,098 [main] INFO  space.exploration.mars.rover.kernel.SpacecraftClock - Internal time::2016-05-05T12:09:00.000-05:00 sclk of::1/01332:07:15:38:41667
2018-05-27 22:40:53,099 [main] INFO  space.exploration.mars.rover.kernel.SpacecraftClock - Internal time::2016-05-05T12:10:00.000-05:00 sclk of::1/01332:07:16:36:81132
2018-05-27 22:40:54,101 [main] INFO  space.exploration.mars.rover.kernel.SpacecraftClock - Internal time::2016-05-05T12:11:00.000-05:00 sclk of::1/01332:07:17:35:20598
2018-05-27 22:40:55,102 [main] INFO  space.exploration.mars.rover.kernel.SpacecraftClock - Internal time::2016-05-05T12:12:00.000-05:00 sclk of::1/01332:07:18:33:60064
2018-05-27 22:40:55,103 [main] INFO  space.exploration.mars.rover.kernel.SpacecraftClock - Internal time::2016-05-05T12:12:00.000-05:00 sclk of::1/01332:07:18:33:60064
