2018-08-01 22:19:52,994 [roverGarbageCollector] INFO  space.exploration.mars.rover.diagnostics.RoverGarbageCollector - RoverGC trimming instructionQueue. Current length = 1
2018-08-01 22:19:52,995 [roverGarbageCollector] INFO  space.exploration.mars.rover.kernel.Rover - Trying to reflect rover state.Listening State Software Version - 2.0
2018-08-01 22:19:52,995 [roverGarbageCollector] INFO  space.exploration.mars.rover.kernel.ListeningState - timeStamp: 1533179991948
targets {
  roverModule: 6
  action: "Request Rover Logs"
  auxiliaryData: "\n\023yyyy-MM-dd~HH:mm:ss\022\0232018-08-01~22:19:51\032\0232018-08-02~00:00:00"
}

2018-08-01 22:19:59,015 [roverGarbageCollector] INFO  space.exploration.mars.rover.kernel.ListeningState - 1533179999015,6,Request Rover Logs Current instructionQueue length = 0
2018-08-01 22:19:59,016 [roverGarbageCollector] INFO  space.exploration.mars.rover.kernel.ListeningState - Requesting logs in date format = yyyy-MM-dd~HH:mm:ss
2018-08-01 22:19:59,016 [roverGarbageCollector] INFO  space.exploration.mars.rover.kernel.ListeningState - Start date = 2018-08-01~22:19:51 End date = 2018-08-02~00:00:00
2018-08-01 22:19:59,024 [roverGarbageCollector] INFO  space.exploration.mars.rover.kernel.Rover - Trying to reflect rover state.Transmitting State Software Version - 2.0
2018-08-01 22:20:05,110 [roverGarbageCollector] INFO  space.exploration.mars.rover.kernel.PositionSensor - Houston - this is curiosityActual.ephemerisTime: 5.15518688185448E8
stateCuriosity: -3.3176612069E7
stateCuriosity: -7.2097776872E7
stateCuriosity: -3.1563677771E7
stateCuriosity: 0.301
stateCuriosity: 8.487
stateCuriosity: 2.737
owltMSLEarth: 284.901
stateEarth: 3.3178464601E7
stateEarth: 7.2101801521E7
stateEarth: 3.1565439612E7
stateEarth: -0.304
stateEarth: -8.494
stateEarth: -2.74
owltEarthMSL: 284.916
positionEarthWRTCuriosity: 3.3178464601E7
positionEarthWRTCuriosity: 7.2101801521E7
positionEarthWRTCuriosity: 3.1565439612E7
owltEarthMSL2: 284.916
angSepHGAEarth: 131.206
utcTime: "2016-05-03~03:37:00"
sol: 1330
sclkValue: " 1/01330:00:15:22:13189"

2018-08-01 22:20:05,143 [roverGarbageCollector] INFO  space.exploration.mars.rover.kernel.PositionSensor - ephemerisTime: 5.15518688185448E8
stateCuriosity: -3.3176612069E7
stateCuriosity: -7.2097776872E7
stateCuriosity: -3.1563677771E7
stateCuriosity: 0.301
stateCuriosity: 8.487
stateCuriosity: 2.737
owltMSLEarth: 284.901
stateEarth: 3.3178464601E7
stateEarth: 7.2101801521E7
stateEarth: 3.1565439612E7
stateEarth: -0.304
stateEarth: -8.494
stateEarth: -2.74
owltEarthMSL: 284.916
positionEarthWRTCuriosity: 3.3178464601E7
positionEarthWRTCuriosity: 7.2101801521E7
positionEarthWRTCuriosity: 3.1565439612E7
owltEarthMSL2: 284.916
angSepHGAEarth: 131.206
utcTime: "2016-05-03~03:37:00"
sol: 1330
sclkValue: " 1/01330:00:15:22:13189"

2018-08-01 22:20:05,144 [roverGarbageCollector] INFO  space.exploration.mars.rover.communication.Radio - One Way Light Time computed by SPICE :: 284.901
2018-08-01 22:20:05,152 [roverGarbageCollector] INFO  space.exploration.mars.rover.communication.Radio - Message encryption successful.
2018-08-01 22:20:05,153 [roverGarbageCollector] INFO  space.exploration.mars.rover.communication.Transmitter - Sending information packet to curiosity_to_earth_5
2018-08-01 22:20:08,153 [roverGarbageCollector] INFO  space.exploration.mars.rover.kernel.Rover - Trying to reflect rover state.Listening State Software Version - 2.0
2018-08-01 22:20:08,154 [batteryMonitor] INFO  space.exploration.mars.rover.power.BatteryMonitor - BatteryMonitor performing due diligence. SCET = 1533180003755 Rover state = Listening State
2018-08-01 22:20:08,154 [batteryMonitor] INFO  space.exploration.mars.rover.power.BatteryMonitor -  Battery primaryUnits = 1186 auxiliaryPowerUnits = 100
2018-08-01 22:20:08,190 [pacemaker] INFO  space.exploration.mars.rover.kernel.PositionSensor - Houston - this is curiosityActual.ephemerisTime: 5.15518868185448E8
stateCuriosity: -3.3176557791E7
stateCuriosity: -7.2096248974E7
stateCuriosity: -3.156318502E7
stateCuriosity: 0.302
stateCuriosity: 8.49
stateCuriosity: 2.738
owltMSLEarth: 284.896
stateEarth: 3.3178409786E7
stateEarth: 7.2100272396E7
stateEarth: 3.1564946338E7
stateEarth: -0.305
stateEarth: -8.496
stateEarth: -2.741
owltEarthMSL: 284.911
positionEarthWRTCuriosity: 3.3178409786E7
positionEarthWRTCuriosity: 7.2100272396E7
positionEarthWRTCuriosity: 3.1564946338E7
owltEarthMSL2: 284.911
angSepHGAEarth: 131.376
utcTime: "2016-05-03~03:40:00"
sol: 1330
sclkValue: " 1/01330:00:18:17:31586"

2018-08-01 22:20:08,229 [pacemaker] INFO  space.exploration.mars.rover.kernel.PositionSensor - ephemerisTime: 5.15518868185448E8
stateCuriosity: -3.3176557791E7
stateCuriosity: -7.2096248974E7
stateCuriosity: -3.156318502E7
stateCuriosity: 0.302
stateCuriosity: 8.49
stateCuriosity: 2.738
owltMSLEarth: 284.896
stateEarth: 3.3178409786E7
stateEarth: 7.2100272396E7
stateEarth: 3.1564946338E7
stateEarth: -0.305
stateEarth: -8.496
stateEarth: -2.741
owltEarthMSL: 284.911
positionEarthWRTCuriosity: 3.3178409786E7
positionEarthWRTCuriosity: 7.2100272396E7
positionEarthWRTCuriosity: 3.1564946338E7
owltEarthMSL2: 284.911
angSepHGAEarth: 131.376
utcTime: "2016-05-03~03:40:00"
sol: 1330
sclkValue: " 1/01330:00:18:17:31586"

2018-08-01 22:20:08,229 [pacemaker] INFO  space.exploration.mars.rover.kernel.SpacecraftClock - Internal time::2016-05-03T03:40:00.000-05:00 sclk of::1/01330:00:18:17:31586
2018-08-01 22:20:08,230 [pacemaker] INFO  space.exploration.mars.rover.kernel.Rover - Trying to reflect rover state.Transmitting State Software Version - 2.0
2018-08-01 22:20:14,280 [pacemaker] INFO  space.exploration.mars.rover.kernel.PositionSensor - Houston - this is curiosityActual.ephemerisTime: 5.15519228185448E8
stateCuriosity: -3.3176448883E7
stateCuriosity: -7.2093191883E7
stateCuriosity: -3.1562199191E7
stateCuriosity: 0.303
stateCuriosity: 8.494
stateCuriosity: 2.739
owltMSLEarth: 284.886
stateEarth: 3.3178299805E7
stateEarth: 7.2097212849E7
stateEarth: 3.1563959462E7
stateEarth: -0.306
stateEarth: -8.501
stateEarth: -2.742
owltEarthMSL: 284.901
positionEarthWRTCuriosity: 3.3178299805E7
positionEarthWRTCuriosity: 7.2097212849E7
positionEarthWRTCuriosity: 3.1563959462E7
owltEarthMSL2: 284.901
angSepHGAEarth: 131.689
utcTime: "2016-05-03~03:46:00"
sol: 1330
sclkValue: " 1/01330:00:24:07:68381"

2018-08-01 22:20:14,317 [pacemaker] INFO  space.exploration.mars.rover.kernel.PositionSensor - ephemerisTime: 5.15519228185448E8
stateCuriosity: -3.3176448883E7
stateCuriosity: -7.2093191883E7
stateCuriosity: -3.1562199191E7
stateCuriosity: 0.303
stateCuriosity: 8.494
stateCuriosity: 2.739
owltMSLEarth: 284.886
stateEarth: 3.3178299805E7
stateEarth: 7.2097212849E7
stateEarth: 3.1563959462E7
stateEarth: -0.306
stateEarth: -8.501
stateEarth: -2.742
owltEarthMSL: 284.901
positionEarthWRTCuriosity: 3.3178299805E7
positionEarthWRTCuriosity: 7.2097212849E7
positionEarthWRTCuriosity: 3.1563959462E7
owltEarthMSL2: 284.901
angSepHGAEarth: 131.689
utcTime: "2016-05-03~03:46:00"
sol: 1330
sclkValue: " 1/01330:00:24:07:68381"

2018-08-01 22:20:14,317 [pacemaker] INFO  space.exploration.mars.rover.communication.Radio - One Way Light Time computed by SPICE :: 284.886
2018-08-01 22:20:14,325 [pacemaker] INFO  space.exploration.mars.rover.communication.Radio - Message encryption successful.
2018-08-01 22:20:14,326 [pacemaker] INFO  space.exploration.mars.rover.communication.Transmitter - Sending information packet to curiosity_to_earth_5
2018-08-01 22:20:17,326 [pacemaker] INFO  space.exploration.mars.rover.kernel.Rover - Trying to reflect rover state.Listening State Software Version - 2.0
2018-08-01 22:20:33,755 [batteryMonitor] INFO  space.exploration.mars.rover.power.BatteryMonitor - BatteryMonitor performing due diligence. SCET = 1533180033755 Rover state = Listening State
2018-08-01 22:20:33,755 [batteryMonitor] INFO  space.exploration.mars.rover.power.BatteryMonitor -  Battery primaryUnits = 1186 auxiliaryPowerUnits = 100
2018-08-01 22:21:01,058 [pacemaker] INFO  space.exploration.mars.rover.kernel.PositionSensor - Houston - this is curiosityActual.ephemerisTime: 5.15522048185447E8
stateCuriosity: -3.3175584586E7
stateCuriosity: -7.2069184114E7
stateCuriosity: -3.155445855E7
stateCuriosity: 0.308
stateCuriosity: 8.533
stateCuriosity: 2.752
owltMSLEarth: 284.807
stateEarth: 3.3177427125E7
stateEarth: 7.2073185897E7
stateEarth: 3.1556210643E7
stateEarth: -0.311
stateEarth: -8.539
stateEarth: -2.754
owltEarthMSL: 284.823
positionEarthWRTCuriosity: 3.3177427125E7
positionEarthWRTCuriosity: 7.2073185897E7
positionEarthWRTCuriosity: 3.1556210643E7
owltEarthMSL2: 284.823
angSepHGAEarth: 132.857
utcTime: "2016-05-03~04:33:00"
sol: 1330
sclkValue: " 1/01330:01:09:52:23273"

2018-08-01 22:21:01,091 [pacemaker] INFO  space.exploration.mars.rover.kernel.PositionSensor - ephemerisTime: 5.15522048185447E8
stateCuriosity: -3.3175584586E7
stateCuriosity: -7.2069184114E7
stateCuriosity: -3.155445855E7
stateCuriosity: 0.308
stateCuriosity: 8.533
stateCuriosity: 2.752
owltMSLEarth: 284.807
stateEarth: 3.3177427125E7
stateEarth: 7.2073185897E7
stateEarth: 3.1556210643E7
stateEarth: -0.311
stateEarth: -8.539
stateEarth: -2.754
owltEarthMSL: 284.823
positionEarthWRTCuriosity: 3.3177427125E7
positionEarthWRTCuriosity: 7.2073185897E7
positionEarthWRTCuriosity: 3.1556210643E7
owltEarthMSL2: 284.823
angSepHGAEarth: 132.857
utcTime: "2016-05-03~04:33:00"
sol: 1330
sclkValue: " 1/01330:01:09:52:23273"

2018-08-01 22:21:01,092 [pacemaker] INFO  space.exploration.mars.rover.kernel.SpacecraftClock - Internal time::2016-05-03T04:33:00.000-05:00 sclk of::1/01330:01:09:52:23273
2018-08-01 22:21:01,092 [pacemaker] INFO  space.exploration.mars.rover.kernel.Rover - Trying to reflect rover state.Transmitting State Software Version - 2.0
2018-08-01 22:21:07,178 [pacemaker] INFO  space.exploration.mars.rover.kernel.PositionSensor - Houston - this is curiosityActual.ephemerisTime: 5.15522408185447E8
stateCuriosity: -3.3175473514E7
stateCuriosity: -7.2066111497E7
stateCuriosity: -3.1553467625E7
stateCuriosity: 0.309
stateCuriosity: 8.538
stateCuriosity: 2.754
owltMSLEarth: 284.797
stateEarth: 3.3177314992E7
stateEarth: 7.207011085E7
stateEarth: 3.1555218683E7
stateEarth: -0.312
stateEarth: -8.544
stateEarth: -2.756
owltEarthMSL: 284.813
positionEarthWRTCuriosity: 3.3177314992E7
positionEarthWRTCuriosity: 7.207011085E7
positionEarthWRTCuriosity: 3.1555218683E7
owltEarthMSL2: 284.813
angSepHGAEarth: 132.837
utcTime: "2016-05-03~04:39:00"
sol: 1330
sclkValue: " 1/01330:01:15:42:60068"

2018-08-01 22:21:07,211 [pacemaker] INFO  space.exploration.mars.rover.kernel.PositionSensor - ephemerisTime: 5.15522408185447E8
stateCuriosity: -3.3175473514E7
stateCuriosity: -7.2066111497E7
stateCuriosity: -3.1553467625E7
stateCuriosity: 0.309
stateCuriosity: 8.538
stateCuriosity: 2.754
owltMSLEarth: 284.797
stateEarth: 3.3177314992E7
stateEarth: 7.207011085E7
stateEarth: 3.1555218683E7
stateEarth: -0.312
stateEarth: -8.544
stateEarth: -2.756
owltEarthMSL: 284.813
positionEarthWRTCuriosity: 3.3177314992E7
positionEarthWRTCuriosity: 7.207011085E7
positionEarthWRTCuriosity: 3.1555218683E7
owltEarthMSL2: 284.813
angSepHGAEarth: 132.837
utcTime: "2016-05-03~04:39:00"
sol: 1330
sclkValue: " 1/01330:01:15:42:60068"

2018-08-01 22:21:07,211 [pacemaker] INFO  space.exploration.mars.rover.communication.Radio - One Way Light Time computed by SPICE :: 284.797
2018-08-01 22:21:07,220 [pacemaker] INFO  space.exploration.mars.rover.communication.Radio - Message encryption successful.
2018-08-01 22:21:07,220 [pacemaker] INFO  space.exploration.mars.rover.communication.Transmitter - Sending information packet to curiosity_to_earth_5
2018-08-01 22:21:10,221 [pacemaker] INFO  space.exploration.mars.rover.kernel.Rover - Trying to reflect rover state.Listening State Software Version - 2.0
2018-08-01 22:21:10,221 [batteryMonitor] INFO  space.exploration.mars.rover.power.BatteryMonitor - BatteryMonitor performing due diligence. SCET = 1533180063755 Rover state = Listening State
2018-08-01 22:21:10,221 [batteryMonitor] INFO  space.exploration.mars.rover.power.BatteryMonitor -  Battery primaryUnits = 1185 auxiliaryPowerUnits = 100
2018-08-01 22:21:33,755 [batteryMonitor] INFO  space.exploration.mars.rover.power.BatteryMonitor - BatteryMonitor performing due diligence. SCET = 1533180093755 Rover state = Listening State
2018-08-01 22:21:33,755 [batteryMonitor] INFO  space.exploration.mars.rover.power.BatteryMonitor -  Battery primaryUnits = 1185 auxiliaryPowerUnits = 100
2018-08-01 22:22:01,023 [pacemaker] INFO  space.exploration.mars.rover.kernel.PositionSensor - Houston - this is curiosityActual.ephemerisTime: 5.15525648185447E8
stateCuriosity: -3.3174479518E7
stateCuriosity: -7.2038378951E7
stateCuriosity: -3.1544514051E7
stateCuriosity: 0.303
stateCuriosity: 8.581
stateCuriosity: 2.774
owltMSLEarth: 284.707
stateEarth: 3.3176311662E7
stateEarth: 7.2042356893E7
stateEarth: 3.1546255988E7
stateEarth: -0.306
stateEarth: -8.588
stateEarth: -2.777
owltEarthMSL: 284.723
positionEarthWRTCuriosity: 3.3176311662E7
positionEarthWRTCuriosity: 7.2042356893E7
positionEarthWRTCuriosity: 3.1546255988E7
owltEarthMSL2: 284.723
angSepHGAEarth: 130.953
utcTime: "2016-05-03~05:33:00"
sol: 1330
sclkValue: " 1/01330:02:08:15:91220"

2018-08-01 22:22:01,056 [pacemaker] INFO  space.exploration.mars.rover.kernel.PositionSensor - ephemerisTime: 5.15525648185447E8
stateCuriosity: -3.3174479518E7
stateCuriosity: -7.2038378951E7
stateCuriosity: -3.1544514051E7
stateCuriosity: 0.303
stateCuriosity: 8.581
stateCuriosity: 2.774
owltMSLEarth: 284.707
stateEarth: 3.3176311662E7
stateEarth: 7.2042356893E7
stateEarth: 3.1546255988E7
stateEarth: -0.306
stateEarth: -8.588
stateEarth: -2.777
owltEarthMSL: 284.723
positionEarthWRTCuriosity: 3.3176311662E7
positionEarthWRTCuriosity: 7.2042356893E7
positionEarthWRTCuriosity: 3.1546255988E7
owltEarthMSL2: 284.723
angSepHGAEarth: 130.953
utcTime: "2016-05-03~05:33:00"
sol: 1330
sclkValue: " 1/01330:02:08:15:91220"

2018-08-01 22:22:01,057 [pacemaker] INFO  space.exploration.mars.rover.kernel.SpacecraftClock - Internal time::2016-05-03T05:33:00.000-05:00 sclk of::1/01330:02:08:15:91220
2018-08-01 22:22:01,058 [pacemaker] INFO  space.exploration.mars.rover.kernel.Rover - Trying to reflect rover state.Transmitting State Software Version - 2.0
2018-08-01 22:22:07,139 [pacemaker] INFO  space.exploration.mars.rover.kernel.PositionSensor - Houston - this is curiosityActual.ephemerisTime: 5.15526008185447E8
stateCuriosity: -3.317437062E7
stateCuriosity: -7.2035288922E7
stateCuriosity: -3.1543514853E7
stateCuriosity: 0.302
stateCuriosity: 8.586
stateCuriosity: 2.777
owltMSLEarth: 284.697
stateEarth: 3.3176201758E7
stateEarth: 7.2039264552E7
stateEarth: 3.1545255804E7
stateEarth: -0.305
stateEarth: -8.592
stateEarth: -2.78
owltEarthMSL: 284.713
positionEarthWRTCuriosity: 3.3176201758E7
positionEarthWRTCuriosity: 7.2039264552E7
positionEarthWRTCuriosity: 3.1545255804E7
owltEarthMSL2: 284.713
angSepHGAEarth: 130.563
utcTime: "2016-05-03~05:39:00"
sol: 1330
sclkValue: " 1/01330:02:14:06:28015"

2018-08-01 22:22:07,172 [pacemaker] INFO  space.exploration.mars.rover.kernel.PositionSensor - ephemerisTime: 5.15526008185447E8
stateCuriosity: -3.317437062E7
stateCuriosity: -7.2035288922E7
stateCuriosity: -3.1543514853E7
stateCuriosity: 0.302
stateCuriosity: 8.586
stateCuriosity: 2.777
owltMSLEarth: 284.697
stateEarth: 3.3176201758E7
stateEarth: 7.2039264552E7
stateEarth: 3.1545255804E7
stateEarth: -0.305
stateEarth: -8.592
stateEarth: -2.78
owltEarthMSL: 284.713
positionEarthWRTCuriosity: 3.3176201758E7
positionEarthWRTCuriosity: 7.2039264552E7
positionEarthWRTCuriosity: 3.1545255804E7
owltEarthMSL2: 284.713
angSepHGAEarth: 130.563
utcTime: "2016-05-03~05:39:00"
sol: 1330
sclkValue: " 1/01330:02:14:06:28015"

2018-08-01 22:22:07,172 [pacemaker] INFO  space.exploration.mars.rover.communication.Radio - One Way Light Time computed by SPICE :: 284.697
2018-08-01 22:22:07,181 [pacemaker] INFO  space.exploration.mars.rover.communication.Radio - Message encryption successful.
2018-08-01 22:22:07,181 [pacemaker] INFO  space.exploration.mars.rover.communication.Transmitter - Sending information packet to curiosity_to_earth_5
2018-08-01 22:22:10,182 [pacemaker] INFO  space.exploration.mars.rover.kernel.Rover - Trying to reflect rover state.Listening State Software Version - 2.0
2018-08-01 22:22:10,182 [batteryMonitor] INFO  space.exploration.mars.rover.power.BatteryMonitor - BatteryMonitor performing due diligence. SCET = 1533180123755 Rover state = Listening State
2018-08-01 22:22:10,182 [batteryMonitor] INFO  space.exploration.mars.rover.power.BatteryMonitor -  Battery primaryUnits = 1184 auxiliaryPowerUnits = 100
2018-08-01 22:22:10,182 [sleepMonitor] INFO  space.exploration.mars.rover.kernel.Rover - Trying to reflect rover state.Sleeping State Software Version - 2.0
2018-08-01 22:22:10,183 [sleepMonitor] INFO  space.exploration.mars.rover.animation.SleepingAnimationEngine - Rover is sleeping now
2018-08-01 22:22:33,755 [batteryMonitor] INFO  space.exploration.mars.rover.power.BatteryMonitor - BatteryMonitor performing due diligence. SCET = 1533180153755 Rover state = Sleeping State
2018-08-01 22:22:33,755 [batteryMonitor] INFO  space.exploration.mars.rover.power.BatteryMonitor -  Battery primaryUnits = 1184 auxiliaryPowerUnits = 100
2018-08-01 22:23:00,988 [pacemaker] INFO  space.exploration.mars.rover.diagnostics.Pacemaker - Diagnostics inhibited because rover is sleeping to conserve battery Current instructionQueue length = 0
2018-08-01 22:23:03,755 [batteryMonitor] INFO  space.exploration.mars.rover.power.BatteryMonitor - BatteryMonitor performing due diligence. SCET = 1533180183755 Rover state = Sleeping State
2018-08-01 22:23:03,755 [batteryMonitor] INFO  space.exploration.mars.rover.power.BatteryMonitor -  Battery primaryUnits = 1184 auxiliaryPowerUnits = 100
2018-08-01 22:23:33,755 [batteryMonitor] INFO  space.exploration.mars.rover.power.BatteryMonitor - BatteryMonitor performing due diligence. SCET = 1533180213755 Rover state = Sleeping State
2018-08-01 22:23:33,755 [batteryMonitor] INFO  space.exploration.mars.rover.power.BatteryMonitor -  Battery primaryUnits = 1184 auxiliaryPowerUnits = 100
2018-08-01 22:23:52,551 [radio] INFO  space.exploration.mars.rover.communication.Receiver - Time Elapsed since last message = 2309575
2018-08-01 22:23:52,584 [radio] INFO  space.exploration.mars.rover.kernel.PositionSensor - Houston - this is curiosityActual.ephemerisTime: 5.15532308185446E8
stateCuriosity: -3.3172588541E7
stateCuriosity: -7.1980958705E7
stateCuriosity: -3.152585924E7
stateCuriosity: 0.257
stateCuriosity: 8.658
stateCuriosity: 2.83
owltMSLEarth: 284.52
stateEarth: 3.3174403667E7
stateEarth: 7.1984897226E7
stateEarth: 3.1527584413E7
stateEarth: -0.259
stateEarth: -8.664
stateEarth: -2.832
owltEarthMSL: 284.535
positionEarthWRTCuriosity: 3.3174403667E7
positionEarthWRTCuriosity: 7.1984897226E7
positionEarthWRTCuriosity: 3.1527584413E7
owltEarthMSL2: 284.535
angSepHGAEarth: 119.169
utcTime: "2016-05-03~07:24:00"
sol: 1330
sclkValue: " 1/01330:03:56:17:71922"

2018-08-01 22:23:52,621 [radio] INFO  space.exploration.mars.rover.kernel.PositionSensor - ephemerisTime: 5.15532308185446E8
stateCuriosity: -3.3172588541E7
stateCuriosity: -7.1980958705E7
stateCuriosity: -3.152585924E7
stateCuriosity: 0.257
stateCuriosity: 8.658
stateCuriosity: 2.83
owltMSLEarth: 284.52
stateEarth: 3.3174403667E7
stateEarth: 7.1984897226E7
stateEarth: 3.1527584413E7
stateEarth: -0.259
stateEarth: -8.664
stateEarth: -2.832
owltEarthMSL: 284.535
positionEarthWRTCuriosity: 3.3174403667E7
positionEarthWRTCuriosity: 7.1984897226E7
positionEarthWRTCuriosity: 3.1527584413E7
owltEarthMSL2: 284.535
angSepHGAEarth: 119.169
utcTime: "2016-05-03~07:24:00"
sol: 1330
sclkValue: " 1/01330:03:56:17:71922"

2018-08-01 22:23:52,621 [radio] INFO  space.exploration.mars.rover.communication.Radio - One Way Light Time computed by SPICE :: 284.52
2018-08-01 22:23:53,258 [radio] INFO  space.exploration.mars.rover.kernel.SleepingState - Awaking from sleeping state
2018-08-01 22:23:53,258 [radio] INFO  space.exploration.mars.rover.kernel.Rover - Trying to reflect rover state.Sleeping State Software Version - 2.0
2018-08-01 22:23:53,258 [radio] INFO  space.exploration.mars.rover.animation.SleepingAnimationEngine - Waking up rover
2018-08-01 22:23:53,258 [sleepBreather] INFO  space.exploration.mars.rover.animation.SleepBreather - Sleep animation interrupted.
2018-08-01 22:23:56,259 [radio] INFO  space.exploration.mars.rover.kernel.Rover - Trying to reflect rover state.Listening State Software Version - 2.0
2018-08-01 22:23:56,260 [radio] INFO  space.exploration.mars.rover.kernel.ListeningState - timeStamp: 1533180232345
targets {
  roverModule: 6
  action: "Graceful Shutdown."
}

2018-08-01 22:24:02,275 [radio] INFO  space.exploration.mars.rover.kernel.ListeningState - 1533180242275,6,Graceful Shutdown. Current instructionQueue length = 0
2018-08-01 22:24:02,276 [radio] INFO  space.exploration.mars.rover.kernel.Rover - Trying to reflect rover state.Maintenance State Software Version - 2.0
2018-08-01 22:24:02,276 [radio] INFO  space.exploration.mars.rover.kernel.ListeningState - Rover initiating a gracefulShutdown.
2018-08-01 22:24:02,277 [radio] INFO  space.exploration.mars.rover.kernel.ListeningState - Synchronizing Clocks.
2018-08-01 22:24:02,277 [radio] INFO  space.exploration.mars.rover.kernel.SclkTimingState - Synchronizing sclk and positionSensor to 2016-05-03~07:34:00
2018-08-01 22:24:02,277 [radio] INFO  space.exploration.mars.rover.kernel.SclkTimingState - Houston, expect a diagnostics pause. Shutting down paceMaker
2018-08-01 22:24:02,277 [radio] INFO  space.exploration.mars.rover.kernel.Rover - Trying to reflect rover state.SclkTiming State Software Version - 2.0
2018-08-01 22:24:02,277 [radio] INFO  space.exploration.mars.rover.diagnostics.Pacemaker - Pacemaker diagnostic module interrupted.
2018-08-01 22:24:02,277 [radio] INFO  space.exploration.mars.rover.kernel.SclkTimingState - Houston, be advised - garbageCollection is paused. Please wait before sending new signals.
2018-08-01 22:24:02,278 [radio] INFO  space.exploration.mars.rover.diagnostics.RoverGarbageCollector - RoverGC interrupted
2018-08-01 22:24:02,278 [radio] INFO  space.exploration.mars.rover.kernel.SpacecraftClock - UTCTime = 2016-05-03~07:34:00
2018-08-01 22:24:02,278 [radio] INFO  space.exploration.mars.rover.kernel.SpacecraftClock - Valid utc time ranges are dictated by clockService as follows:
2018-08-01 22:24:02,279 [radio] INFO  space.exploration.mars.rover.kernel.SpacecraftClock - APPLICABLE_START_TIME=2000-001T11:58:55.816, APPLICABLE_STOP_TIME=2017-360T19:17:40.149
2018-08-01 22:24:02,279 [radio] INFO  space.exploration.mars.rover.kernel.SpacecraftClock - Given UTC = 2016-05-03~07:34:00
2018-08-01 22:24:02,279 [radio] INFO  space.exploration.mars.rover.kernel.SpacecraftClock - Please ensure that positionSensor and sclk are synchronized
2018-08-01 22:24:02,280 [radio] INFO  space.exploration.mars.rover.kernel.PositionSensor - Synchronizing positionSensor clock to 2016-05-03~07:34:00
2018-08-01 22:24:02,280 [radio] INFO  space.exploration.mars.rover.kernel.SclkTimingState - Restarting diagnostics heartbeat
2018-08-01 22:24:02,281 [radio] INFO  space.exploration.mars.rover.diagnostics.Pacemaker - Pacemaker initialized
2018-08-01 22:24:02,281 [radio] INFO  space.exploration.mars.rover.kernel.SclkTimingState - Restarting garbageCollection
2018-08-01 22:24:02,281 [radio] INFO  space.exploration.mars.rover.diagnostics.RoverGarbageCollector - RoverGarbageCollector initialized
2018-08-01 22:24:02,282 [radio] INFO  space.exploration.mars.rover.diagnostics.RoverGarbageCollector - Starting garbageCollection
2018-08-01 22:24:02,282 [radio] INFO  space.exploration.mars.rover.kernel.Rover - Trying to reflect rover state.SclkTiming State Software Version - 2.0
2018-08-01 22:24:02,292 [radio] INFO  space.exploration.mars.rover.kernel.SpacecraftClock - Internal time::2016-05-03T07:35:00.000-05:00 sclk of::1/01330:04:06:01:66580
2018-08-01 22:24:02,293 [radio] INFO  space.exploration.mars.rover.kernel.Rover - Trying to reflect rover state.Transmitting State Software Version - 2.0
2018-08-01 22:24:08,358 [radio] INFO  space.exploration.mars.rover.kernel.PositionSensor - Houston - this is curiosityActual.ephemerisTime: 5.15533748185445E8
stateCuriosity: -3.3172229376E7
stateCuriosity: -7.1968481089E7
stateCuriosity: -3.1521774304E7
stateCuriosity: 0.241
stateCuriosity: 8.671
stateCuriosity: 2.843
owltMSLEarth: 284.479
stateEarth: 3.3174041374E7
stateEarth: 7.197241225E7
stateEarth: 3.1523496355E7
stateEarth: -0.244
stateEarth: -8.676
stateEarth: -2.846
owltEarthMSL: 284.495
positionEarthWRTCuriosity: 3.3174041374E7
positionEarthWRTCuriosity: 7.197241225E7
positionEarthWRTCuriosity: 3.1523496355E7
owltEarthMSL2: 284.495
angSepHGAEarth: 115.648
utcTime: "2016-05-03~07:48:00"
sol: 1330
sclkValue: " 1/01330:04:19:39:19101"

2018-08-01 22:24:08,393 [radio] INFO  space.exploration.mars.rover.kernel.PositionSensor - ephemerisTime: 5.15533748185445E8
stateCuriosity: -3.3172229376E7
stateCuriosity: -7.1968481089E7
stateCuriosity: -3.1521774304E7
stateCuriosity: 0.241
stateCuriosity: 8.671
stateCuriosity: 2.843
owltMSLEarth: 284.479
stateEarth: 3.3174041374E7
stateEarth: 7.197241225E7
stateEarth: 3.1523496355E7
stateEarth: -0.244
stateEarth: -8.676
stateEarth: -2.846
owltEarthMSL: 284.495
positionEarthWRTCuriosity: 3.3174041374E7
positionEarthWRTCuriosity: 7.197241225E7
positionEarthWRTCuriosity: 3.1523496355E7
owltEarthMSL2: 284.495
angSepHGAEarth: 115.648
utcTime: "2016-05-03~07:48:00"
sol: 1330
sclkValue: " 1/01330:04:19:39:19101"

2018-08-01 22:24:08,393 [radio] INFO  space.exploration.mars.rover.communication.Radio - One Way Light Time computed by SPICE :: 284.479
2018-08-01 22:24:08,402 [radio] INFO  space.exploration.mars.rover.communication.Radio - Message encryption successful.
2018-08-01 22:24:08,402 [radio] INFO  space.exploration.mars.rover.communication.Transmitter - Sending information packet to curiosity_to_earth_5
2018-08-01 22:24:11,403 [radio] INFO  space.exploration.mars.rover.kernel.Rover - Trying to reflect rover state.Listening State Software Version - 2.0
2018-08-01 22:24:11,404 [radio] INFO  space.exploration.mars.rover.kernel.ListeningState - Sending diagnostic heartbeat.
2018-08-01 22:24:11,442 [radio] INFO  space.exploration.mars.rover.kernel.PositionSensor - Houston - this is curiosityActual.ephemerisTime: 5.15534108185445E8
stateCuriosity: -3.3172143225E7
stateCuriosity: -7.1965358845E7
stateCuriosity: -3.1520750039E7
stateCuriosity: 0.237
stateCuriosity: 8.674
stateCuriosity: 2.847
owltMSLEarth: 284.469
stateEarth: 3.3173954477E7
stateEarth: 7.1969288242E7
stateEarth: 3.1522471342E7
stateEarth: -0.239
stateEarth: -8.679
stateEarth: -2.849
owltEarthMSL: 284.485
positionEarthWRTCuriosity: 3.3173954477E7
positionEarthWRTCuriosity: 7.1969288242E7
positionEarthWRTCuriosity: 3.1522471342E7
owltEarthMSL2: 284.485
angSepHGAEarth: 114.73
utcTime: "2016-05-03~07:54:00"
sol: 1330
sclkValue: " 1/01330:04:25:29:55896"

2018-08-01 22:24:11,482 [radio] INFO  space.exploration.mars.rover.kernel.PositionSensor - ephemerisTime: 5.15534108185445E8
stateCuriosity: -3.3172143225E7
stateCuriosity: -7.1965358845E7
stateCuriosity: -3.1520750039E7
stateCuriosity: 0.237
stateCuriosity: 8.674
stateCuriosity: 2.847
owltMSLEarth: 284.469
stateEarth: 3.3173954477E7
stateEarth: 7.1969288242E7
stateEarth: 3.1522471342E7
stateEarth: -0.239
stateEarth: -8.679
stateEarth: -2.849
owltEarthMSL: 284.485
positionEarthWRTCuriosity: 3.3173954477E7
positionEarthWRTCuriosity: 7.1969288242E7
positionEarthWRTCuriosity: 3.1522471342E7
owltEarthMSL2: 284.485
angSepHGAEarth: 114.73
utcTime: "2016-05-03~07:54:00"
sol: 1330
sclkValue: " 1/01330:04:25:29:55896"

2018-08-01 22:24:11,483 [radio] INFO  space.exploration.mars.rover.kernel.SpacecraftClock - Internal time::2016-05-03T07:54:00.000-05:00 sclk of::1/01330:04:25:29:55896
2018-08-01 22:24:11,483 [radio] INFO  space.exploration.mars.rover.kernel.Rover - Trying to reflect rover state.Transmitting State Software Version - 2.0
2018-08-01 22:24:17,528 [radio] INFO  space.exploration.mars.rover.kernel.PositionSensor - Houston - this is curiosityActual.ephemerisTime: 5.15534828185445E8
stateCuriosity: -3.3171975575E7
stateCuriosity: -7.1959111214E7
stateCuriosity: -3.1518697847E7
stateCuriosity: 0.228
stateCuriosity: 8.68
stateCuriosity: 2.854
owltMSLEarth: 284.449
stateEarth: 3.3173785382E7
stateEarth: 7.1963037181E7
stateEarth: 3.1520417697E7
stateEarth: -0.23
stateEarth: -8.685
stateEarth: -2.856
owltEarthMSL: 284.464
positionEarthWRTCuriosity: 3.3173785382E7
positionEarthWRTCuriosity: 7.1963037181E7
positionEarthWRTCuriosity: 3.1520417697E7
owltEarthMSL2: 284.464
angSepHGAEarth: 112.855
utcTime: "2016-05-03~08:06:00"
sol: 1330
sclkValue: " 1/01330:04:37:10:29485"

2018-08-01 22:24:17,563 [radio] INFO  space.exploration.mars.rover.kernel.PositionSensor - ephemerisTime: 5.15534828185445E8
stateCuriosity: -3.3171975575E7
stateCuriosity: -7.1959111214E7
stateCuriosity: -3.1518697847E7
stateCuriosity: 0.228
stateCuriosity: 8.68
stateCuriosity: 2.854
owltMSLEarth: 284.449
stateEarth: 3.3173785382E7
stateEarth: 7.1963037181E7
stateEarth: 3.1520417697E7
stateEarth: -0.23
stateEarth: -8.685
stateEarth: -2.856
owltEarthMSL: 284.464
positionEarthWRTCuriosity: 3.3173785382E7
positionEarthWRTCuriosity: 7.1963037181E7
positionEarthWRTCuriosity: 3.1520417697E7
owltEarthMSL2: 284.464
angSepHGAEarth: 112.855
utcTime: "2016-05-03~08:06:00"
sol: 1330
sclkValue: " 1/01330:04:37:10:29485"

2018-08-01 22:24:17,563 [radio] INFO  space.exploration.mars.rover.communication.Radio - One Way Light Time computed by SPICE :: 284.449
2018-08-01 22:24:17,573 [radio] INFO  space.exploration.mars.rover.communication.Radio - Message encryption successful.
2018-08-01 22:24:17,573 [radio] INFO  space.exploration.mars.rover.communication.Transmitter - Sending information packet to curiosity_to_earth_5
2018-08-01 22:24:20,574 [radio] INFO  space.exploration.mars.rover.kernel.Rover - Trying to reflect rover state.Listening State Software Version - 2.0
2018-08-01 22:24:20,574 [radio] INFO  space.exploration.mars.rover.kernel.ListeningState - Severing ties with the rover.
2018-08-01 22:24:20,574 [radio] INFO  space.exploration.mars.rover.kernel.Rover - Stopping all daemon processes.
2018-08-01 22:24:20,574 [radio] INFO  space.exploration.mars.rover.kernel.Rover -  1. Stopping Pacemaker.
2018-08-01 22:24:20,574 [radio] INFO  space.exploration.mars.rover.diagnostics.Pacemaker - Pacemaker diagnostic module shuttingDown.
2018-08-01 22:24:20,574 [radio] INFO  space.exploration.mars.rover.kernel.Rover -  2. Stopping GarbageCollector.
2018-08-01 22:24:20,574 [radio] INFO  space.exploration.mars.rover.diagnostics.RoverGarbageCollector - RoverGC shuttingDown.
2018-08-01 22:24:20,574 [radio] INFO  space.exploration.mars.rover.kernel.Rover -  3. Stopping BatteryMonitor. 
2018-08-01 22:24:20,574 [radio] INFO  space.exploration.mars.rover.kernel.Rover -  4. Stopping SleepMonitor. 
2018-08-01 22:24:20,575 [radio] INFO  space.exploration.mars.rover.diagnostics.SleepMonitor - SleepMonitor is shuttingDown.
2018-08-01 22:24:20,575 [radio] INFO  space.exploration.mars.rover.kernel.Rover -  5. Stopping PositionSensor.
2018-08-01 22:24:20,575 [radio] INFO  space.exploration.mars.rover.kernel.PositionSensor - PositionSensor is shutting down.
2018-08-01 22:24:20,575 [radio] INFO  space.exploration.mars.rover.kernel.Rover - 6. Saving properties file. 
2018-08-01 22:24:20,575 [radio] INFO  space.exploration.mars.rover.kernel.Rover - Writing properties file to :: src/main/resources/marsConfig.properties
2018-08-01 22:24:20,576 [radio] INFO  space.exploration.mars.rover.kernel.Rover -  7. Stopping SpacecraftClock. 
2018-08-01 22:24:20,576 [radio] INFO  space.exploration.mars.rover.kernel.SpacecraftClock - SpacecraftClock shuttingDown.
2018-08-01 22:24:20,576 [radio] INFO  space.exploration.mars.rover.kernel.Rover -  8. Shutting down graphics.
2018-08-01 22:24:20,585 [radio] INFO  space.exploration.mars.rover.kernel.Rover -  9. Stopping Radio Communications.
2018-08-01 22:24:20,585 [radio] INFO  space.exploration.mars.rover.communication.Radio - Radio stopped
2018-08-01 22:24:20,585 [radio] INFO  space.exploration.mars.rover.kernel.ListeningState - No pre-existing launcher process found. Shutting down system.
2018-08-01 22:24:20,585 [radio] INFO  space.exploration.mars.rover.kernel.Rover - Houston this is Curiosity saying goodbye! Hope I did OK!
