2017-12-16 15:38:36,784 [main] INFO space.exploration.mars.rover.kernel.SpacecraftClock  - Valid utc time ranges are dictated by clockService as follows:
2017-12-16 15:38:36,785 [main] INFO space.exploration.mars.rover.kernel.SpacecraftClock  - APPLICABLE_START_TIME=2000-001T11:58:55.816, APPLICABLE_STOP_TIME=2017-360T19:17:40.149
2017-12-16 15:38:36,785 [main] INFO space.exploration.mars.rover.kernel.SpacecraftClock  - Given UTC = 2016-01-01~00:00:00
2017-12-16 15:38:36,785 [main] INFO space.exploration.mars.rover.kernel.SpacecraftClock  - Please ensure that positionSensor and sclk are synchronized
2017-12-16 15:38:36,786 [main] INFO space.exploration.mars.rover.kernel.SpacecraftClock  - Curiosity internal spacecraft clock started at :: 2016-01-01T06:00:00.000Z
2017-12-16 15:38:36,786 [main] INFO space.exploration.mars.rover.kernel.SpacecraftClock  - Mission duration is set to :: 1 year(s).
2017-12-16 15:38:36,786 [main] INFO space.exploration.mars.rover.kernel.SpacecraftClock  - Mission duration = 31536000000
2017-12-16 15:38:36,787 [main] INFO space.exploration.mars.rover.kernel.SpacecraftClock  - Internal time::2016-01-01T06:00:00.000Z sclk of::
2017-12-16 15:38:37,787 [main] INFO space.exploration.mars.rover.kernel.SpacecraftClock  - Internal time::2016-01-01T00:02:00.000-06:00 sclk of::1/01210:03:44:07:08377
2017-12-16 15:38:38,788 [main] INFO space.exploration.mars.rover.kernel.SpacecraftClock  - Internal time::2016-01-01T00:03:00.000-06:00 sclk of::1/01210:03:45:05:47842
2017-12-16 15:38:39,789 [main] INFO space.exploration.mars.rover.kernel.SpacecraftClock  - Internal time::2016-01-01T00:04:00.000-06:00 sclk of::1/01210:03:46:03:87308
2017-12-16 15:38:40,789 [main] INFO space.exploration.mars.rover.kernel.SpacecraftClock  - Internal time::2016-01-01T00:05:00.000-06:00 sclk of::1/01210:03:47:02:26774
2017-12-16 15:38:41,790 [main] INFO space.exploration.mars.rover.kernel.SpacecraftClock  - Internal time::2016-01-01T00:06:00.000-06:00 sclk of::1/01210:03:48:00:66240
2017-12-16 15:38:42,791 [main] INFO space.exploration.mars.rover.kernel.SpacecraftClock  - Internal time::2016-01-01T00:07:00.000-06:00 sclk of::1/01210:03:48:59:05706
2017-12-16 15:38:43,791 [main] INFO space.exploration.mars.rover.kernel.SpacecraftClock  - Internal time::2016-01-01T00:08:00.000-06:00 sclk of::1/01210:03:49:57:45171
2017-12-16 15:38:44,791 [main] INFO space.exploration.mars.rover.kernel.SpacecraftClock  - Internal time::2016-01-01T00:09:00.000-06:00 sclk of::1/01210:03:50:55:84637
2017-12-16 15:38:45,792 [main] INFO space.exploration.mars.rover.kernel.SpacecraftClock  - Internal time::2016-01-01T00:10:00.000-06:00 sclk of::1/01210:03:51:54:24103
2017-12-16 15:38:46,792 [main] INFO space.exploration.mars.rover.kernel.SpacecraftClock  - Internal time::2016-01-01T00:11:00.000-06:00 sclk of::1/01210:03:52:52:63569
2017-12-16 15:38:46,796 [main] INFO space.exploration.mars.rover.kernel.SpacecraftClock  - Internal time::2016-01-01T00:11:00.000-06:00 sclk of::1/01210:03:52:52:63569
2017-12-16 15:38:47,815 [main] INFO space.exploration.mars.rover.kernel.SpacecraftClock  - Valid utc time ranges are dictated by clockService as follows:
2017-12-16 15:38:47,816 [main] INFO space.exploration.mars.rover.kernel.SpacecraftClock  - APPLICABLE_START_TIME=2000-001T11:58:55.816, APPLICABLE_STOP_TIME=2017-360T19:17:40.149
2017-12-16 15:38:47,816 [main] INFO space.exploration.mars.rover.kernel.SpacecraftClock  - Given UTC = 2016-01-01~00:00:00
2017-12-16 15:38:47,816 [main] INFO space.exploration.mars.rover.kernel.SpacecraftClock  - Please ensure that positionSensor and sclk are synchronized
2017-12-16 15:38:47,816 [main] INFO space.exploration.mars.rover.kernel.SpacecraftClock  - Curiosity internal spacecraft clock started at :: 2016-01-01T06:00:00.000Z
2017-12-16 15:38:47,816 [main] INFO space.exploration.mars.rover.kernel.SpacecraftClock  - Mission duration is set to :: 1 year(s).
2017-12-16 15:38:47,816 [main] INFO space.exploration.mars.rover.kernel.SpacecraftClock  - Mission duration = 31536000000
2017-12-16 15:38:47,818 [main] INFO space.exploration.mars.rover.kernel.SpacecraftClock  - Internal time::2016-01-01T06:00:00.000Z sclk of::
2017-12-16 15:38:48,826 [main] INFO space.exploration.mars.rover.kernel.SpacecraftClock  - Valid utc time ranges are dictated by clockService as follows:
2017-12-16 15:38:48,826 [main] INFO space.exploration.mars.rover.kernel.SpacecraftClock  - APPLICABLE_START_TIME=2000-001T11:58:55.816, APPLICABLE_STOP_TIME=2017-360T19:17:40.149
2017-12-16 15:38:48,826 [main] INFO space.exploration.mars.rover.kernel.SpacecraftClock  - Given UTC = 2016-01-01~00:00:00
2017-12-16 15:38:48,826 [main] INFO space.exploration.mars.rover.kernel.SpacecraftClock  - Please ensure that positionSensor and sclk are synchronized
2017-12-16 15:38:48,826 [main] INFO space.exploration.mars.rover.kernel.SpacecraftClock  - Curiosity internal spacecraft clock started at :: 2016-01-01T06:00:00.000Z
2017-12-16 15:38:48,826 [main] INFO space.exploration.mars.rover.kernel.SpacecraftClock  - Mission duration is set to :: 1 year(s).
2017-12-16 15:38:48,826 [main] INFO space.exploration.mars.rover.kernel.SpacecraftClock  - Mission duration = 31536000000
2017-12-16 15:38:48,826 [main] INFO space.exploration.mars.rover.kernel.SpacecraftClock  - UTCTime = 2016-05-05~12:00:00
2017-12-16 15:38:48,826 [main] INFO space.exploration.mars.rover.kernel.SpacecraftClock  - Valid utc time ranges are dictated by clockService as follows:
2017-12-16 15:38:48,826 [main] INFO space.exploration.mars.rover.kernel.SpacecraftClock  - APPLICABLE_START_TIME=2000-001T11:58:55.816, APPLICABLE_STOP_TIME=2017-360T19:17:40.149
2017-12-16 15:38:48,827 [main] INFO space.exploration.mars.rover.kernel.SpacecraftClock  - Given UTC = 2016-05-05~12:00:00
2017-12-16 15:38:48,827 [main] INFO space.exploration.mars.rover.kernel.SpacecraftClock  - Please ensure that positionSensor and sclk are synchronized
