0    [main] INFO  space.exploration.mars.rover.power.Battery  - Battery configured, batteryLife:primaryPowerUnits = 10000 auxiliaryPowerUnits = 1000 alertThreshold: 100 rechargeTime = 60000
245  [main] INFO  kafka.utils.VerifiableProperties  - Verifying properties
270  [main] WARN  kafka.utils.VerifiableProperties  - Property auto.offset.reset is not valid
270  [main] WARN  kafka.utils.VerifiableProperties  - Property destination.topic is not valid
271  [main] WARN  kafka.utils.VerifiableProperties  - Property group.id is not valid
271  [main] INFO  kafka.utils.VerifiableProperties  - Property metadata.broker.list is overridden to localhost:9092
271  [main] WARN  kafka.utils.VerifiableProperties  - Property source.topic is not valid
271  [main] WARN  kafka.utils.VerifiableProperties  - Property zookeeper.connect is not valid
308  [main] INFO  kafka.utils.VerifiableProperties  - Verifying properties
308  [main] INFO  kafka.utils.VerifiableProperties  - Property auto.offset.reset is overridden to largest
308  [main] WARN  kafka.utils.VerifiableProperties  - Property destination.topic is not valid
308  [main] INFO  kafka.utils.VerifiableProperties  - Property group.id is overridden to space.exploration.mars.rover
308  [main] WARN  kafka.utils.VerifiableProperties  - Property metadata.broker.list is not valid
309  [main] WARN  kafka.utils.VerifiableProperties  - Property source.topic is not valid
309  [main] INFO  kafka.utils.VerifiableProperties  - Property zookeeper.connect is overridden to localhost:2181
5340 [main] INFO  kafka.consumer.ZookeeperConsumerConnector  - [space.exploration.mars.rover_Sankets-MacBook-Pro.local-1494967473154-9d2a727d], Connecting to zookeeper instance at localhost:2181
5351 [ZkClient-EventThread-22-localhost:2181] INFO  org.I0Itec.zkclient.ZkEventThread  - Starting ZkClient event thread.
10358 [main] INFO  org.apache.zookeeper.ZooKeeper  - Client environment:zookeeper.version=3.4.6-1569965, built on 02/20/2014 09:09 GMT
10359 [main] INFO  org.apache.zookeeper.ZooKeeper  - Client environment:host.name=10.36.201.248
10359 [main] INFO  org.apache.zookeeper.ZooKeeper  - Client environment:java.version=1.8.0_121
10359 [main] INFO  org.apache.zookeeper.ZooKeeper  - Client environment:java.vendor=Oracle Corporation
10359 [main] INFO  org.apache.zookeeper.ZooKeeper  - Client environment:java.home=/Library/Java/JavaVirtualMachines/jdk1.8.0_121.jdk/Contents/Home/jre
10359 [main] INFO  org.apache.zookeeper.ZooKeeper  - Client environment:java.class.path=/Library/Java/JavaVirtualMachines/jdk1.8.0_121.jdk/Contents/Home/jre/lib/charsets.jar:/Library/Java/JavaVirtualMachines/jdk1.8.0_121.jdk/Contents/Home/jre/lib/deploy.jar:/Library/Java/JavaVirtualMachines/jdk1.8.0_121.jdk/Contents/Home/jre/lib/ext/cldrdata.jar:/Library/Java/JavaVirtualMachines/jdk1.8.0_121.jdk/Contents/Home/jre/lib/ext/dnsns.jar:/Library/Java/JavaVirtualMachines/jdk1.8.0_121.jdk/Contents/Home/jre/lib/ext/jaccess.jar:/Library/Java/JavaVirtualMachines/jdk1.8.0_121.jdk/Contents/Home/jre/lib/ext/jfxrt.jar:/Library/Java/JavaVirtualMachines/jdk1.8.0_121.jdk/Contents/Home/jre/lib/ext/localedata.jar:/Library/Java/JavaVirtualMachines/jdk1.8.0_121.jdk/Contents/Home/jre/lib/ext/nashorn.jar:/Library/Java/JavaVirtualMachines/jdk1.8.0_121.jdk/Contents/Home/jre/lib/ext/sunec.jar:/Library/Java/JavaVirtualMachines/jdk1.8.0_121.jdk/Contents/Home/jre/lib/ext/sunjce_provider.jar:/Library/Java/JavaVirtualMachines/jdk1.8.0_121.jdk/Contents/Home/jre/lib/ext/sunpkcs11.jar:/Library/Java/JavaVirtualMachines/jdk1.8.0_121.jdk/Contents/Home/jre/lib/ext/zipfs.jar:/Library/Java/JavaVirtualMachines/jdk1.8.0_121.jdk/Contents/Home/jre/lib/javaws.jar:/Library/Java/JavaVirtualMachines/jdk1.8.0_121.jdk/Contents/Home/jre/lib/jce.jar:/Library/Java/JavaVirtualMachines/jdk1.8.0_121.jdk/Contents/Home/jre/lib/jfr.jar:/Library/Java/JavaVirtualMachines/jdk1.8.0_121.jdk/Contents/Home/jre/lib/jfxswt.jar:/Library/Java/JavaVirtualMachines/jdk1.8.0_121.jdk/Contents/Home/jre/lib/jsse.jar:/Library/Java/JavaVirtualMachines/jdk1.8.0_121.jdk/Contents/Home/jre/lib/management-agent.jar:/Library/Java/JavaVirtualMachines/jdk1.8.0_121.jdk/Contents/Home/jre/lib/plugin.jar:/Library/Java/JavaVirtualMachines/jdk1.8.0_121.jdk/Contents/Home/jre/lib/resources.jar:/Library/Java/JavaVirtualMachines/jdk1.8.0_121.jdk/Contents/Home/jre/lib/rt.jar:/Library/Java/JavaVirtualMachines/jdk1.8.0_121.jdk/Contents/Home/lib/ant-javafx.jar:/Library/Java/JavaVirtualMachines/jdk1.8.0_121.jdk/Contents/Home/lib/dt.jar:/Library/Java/JavaVirtualMachines/jdk1.8.0_121.jdk/Contents/Home/lib/javafx-mx.jar:/Library/Java/JavaVirtualMachines/jdk1.8.0_121.jdk/Contents/Home/lib/jconsole.jar:/Library/Java/JavaVirtualMachines/jdk1.8.0_121.jdk/Contents/Home/lib/packager.jar:/Library/Java/JavaVirtualMachines/jdk1.8.0_121.jdk/Contents/Home/lib/sa-jdi.jar:/Library/Java/JavaVirtualMachines/jdk1.8.0_121.jdk/Contents/Home/lib/tools.jar:/Users/sanketkorgaonkar/Documents/workspace/mars.rover.project/mars.rover/target/classes:/Users/sanketkorgaonkar/.m2/repository/com/google/protobuf/protobuf-java/3.0.0/protobuf-java-3.0.0.jar:/Users/sanketkorgaonkar/.m2/repository/org/apache/kafka/kafka_2.10/0.9.0.1/kafka_2.10-0.9.0.1.jar:/Users/sanketkorgaonkar/.m2/repository/com/101tec/zkclient/0.7/zkclient-0.7.jar:/Users/sanketkorgaonkar/.m2/repository/org/slf4j/slf4j-api/1.6.1/slf4j-api-1.6.1.jar:/Users/sanketkorgaonkar/.m2/repository/log4j/log4j/1.2.15/log4j-1.2.15.jar:/Users/sanketkorgaonkar/.m2/repository/javax/mail/mail/1.4/mail-1.4.jar:/Users/sanketkorgaonkar/.m2/repository/javax/activation/activation/1.1/activation-1.1.jar:/Users/sanketkorgaonkar/.m2/repository/org/apache/kafka/kafka-clients/0.9.0.1/kafka-clients-0.9.0.1.jar:/Users/sanketkorgaonkar/.m2/repository/org/xerial/snappy/snappy-java/1.1.1.7/snappy-java-1.1.1.7.jar:/Users/sanketkorgaonkar/.m2/repository/net/jpountz/lz4/lz4/1.2.0/lz4-1.2.0.jar:/Users/sanketkorgaonkar/.m2/repository/com/yammer/metrics/metrics-core/2.2.0/metrics-core-2.2.0.jar:/Users/sanketkorgaonkar/.m2/repository/org/scala-lang/scala-library/2.10.5/scala-library-2.10.5.jar:/Users/sanketkorgaonkar/.m2/repository/net/sf/jopt-simple/jopt-simple/3.2/jopt-simple-3.2.jar:/Users/sanketkorgaonkar/.m2/repository/org/slf4j/slf4j-log4j12/1.7.6/slf4j-log4j12-1.7.6.jar:/Users/sanketkorgaonkar/.m2/repository/org/apache/zookeeper/zookeeper/3.4.6/zookeeper-3.4.6.jar:/Users/sanketkorgaonkar/.m2/repository/jline/jline/0.9.94/jline-0.9.94.jar:/Users/sanketkorgaonkar/.m2/repository/io/netty/netty/3.7.0.Final/netty-3.7.0.Final.jar:/Applications/IntelliJ IDEA CE.app/Contents/lib/idea_rt.jar
10359 [main] INFO  org.apache.zookeeper.ZooKeeper  - Client environment:java.library.path=/Users/sanketkorgaonkar/Library/Java/Extensions:/Library/Java/Extensions:/Network/Library/Java/Extensions:/System/Library/Java/Extensions:/usr/lib/java:.
10359 [main] INFO  org.apache.zookeeper.ZooKeeper  - Client environment:java.io.tmpdir=/var/folders/5h/gwr26fh90zs2zgrhjqr0pm1r0000gn/T/
10359 [main] INFO  org.apache.zookeeper.ZooKeeper  - Client environment:java.compiler=<NA>
10359 [main] INFO  org.apache.zookeeper.ZooKeeper  - Client environment:os.name=Mac OS X
10362 [main] INFO  org.apache.zookeeper.ZooKeeper  - Client environment:os.arch=x86_64
10362 [main] INFO  org.apache.zookeeper.ZooKeeper  - Client environment:os.version=10.12.4
10362 [main] INFO  org.apache.zookeeper.ZooKeeper  - Client environment:user.name=sanketkorgaonkar
10362 [main] INFO  org.apache.zookeeper.ZooKeeper  - Client environment:user.home=/Users/sanketkorgaonkar
10362 [main] INFO  org.apache.zookeeper.ZooKeeper  - Client environment:user.dir=/Users/sanketkorgaonkar/Documents/workspace/mars.rover.project/mars.rover
10363 [main] INFO  org.apache.zookeeper.ZooKeeper  - Initiating client connection, connectString=localhost:2181 sessionTimeout=6000 watcher=org.I0Itec.zkclient.ZkClient@5276e6b0
10382 [main] INFO  org.I0Itec.zkclient.ZkClient  - Waiting for keeper state SyncConnected
10385 [main-SendThread(localhost:2181)] INFO  org.apache.zookeeper.ClientCnxn  - Opening socket connection to server localhost/0:0:0:0:0:0:0:1:2181. Will not attempt to authenticate using SASL (unknown error)
10419 [main-SendThread(localhost:2181)] INFO  org.apache.zookeeper.ClientCnxn  - Socket connection established to localhost/0:0:0:0:0:0:0:1:2181, initiating session
10431 [main-SendThread(localhost:2181)] INFO  org.apache.zookeeper.ClientCnxn  - Session establishment complete on server localhost/0:0:0:0:0:0:0:1:2181, sessionid = 0x15bf31b6f440132, negotiated timeout = 6000
10433 [main-EventThread] INFO  org.I0Itec.zkclient.ZkClient  - zookeeper state changed (SyncConnected)
10442 [main] INFO  kafka.consumer.ZookeeperConsumerConnector  - [space.exploration.mars.rover_Sankets-MacBook-Pro.local-1494967473154-9d2a727d], starting auto committer every 60000 ms
10462 [Thread-2] INFO  kafka.consumer.ZookeeperConsumerConnector  - [space.exploration.mars.rover_Sankets-MacBook-Pro.local-1494967473154-9d2a727d], begin registering consumer space.exploration.mars.rover_Sankets-MacBook-Pro.local-1494967473154-9d2a727d in ZK
10484 [Thread-2] INFO  kafka.utils.ZKCheckedEphemeral  - Creating /consumers/space.exploration.mars.rover/ids/space.exploration.mars.rover_Sankets-MacBook-Pro.local-1494967473154-9d2a727d (is it secure? false)
10498 [Thread-2] INFO  kafka.utils.ZKCheckedEphemeral  - Result of znode creation is: OK
10498 [Thread-2] INFO  kafka.consumer.ZookeeperConsumerConnector  - [space.exploration.mars.rover_Sankets-MacBook-Pro.local-1494967473154-9d2a727d], end registering consumer space.exploration.mars.rover_Sankets-MacBook-Pro.local-1494967473154-9d2a727d in ZK
10502 [space.exploration.mars.rover_Sankets-MacBook-Pro.local-1494967473154-9d2a727d_watcher_executor] INFO  kafka.consumer.ZookeeperConsumerConnector  - [space.exploration.mars.rover_Sankets-MacBook-Pro.local-1494967473154-9d2a727d], starting watcher executor thread for consumer space.exploration.mars.rover_Sankets-MacBook-Pro.local-1494967473154-9d2a727d
10519 [Thread-2] INFO  kafka.consumer.ZookeeperConsumerConnector  - [space.exploration.mars.rover_Sankets-MacBook-Pro.local-1494967473154-9d2a727d], begin rebalancing consumer space.exploration.mars.rover_Sankets-MacBook-Pro.local-1494967473154-9d2a727d try #0
10615 [Thread-2] INFO  kafka.consumer.ConsumerFetcherManager  - [ConsumerFetcherManager-1494967478255] Stopping leader finder thread
10615 [Thread-2] INFO  kafka.consumer.ConsumerFetcherManager  - [ConsumerFetcherManager-1494967478255] Stopping all fetchers
10616 [Thread-2] INFO  kafka.consumer.ConsumerFetcherManager  - [ConsumerFetcherManager-1494967478255] All connections stopped
10617 [Thread-2] INFO  kafka.consumer.ZookeeperConsumerConnector  - [space.exploration.mars.rover_Sankets-MacBook-Pro.local-1494967473154-9d2a727d], Cleared all relevant queues for this fetcher
10618 [Thread-2] INFO  kafka.consumer.ZookeeperConsumerConnector  - [space.exploration.mars.rover_Sankets-MacBook-Pro.local-1494967473154-9d2a727d], Cleared the data chunks in all the consumer message iterators
10618 [Thread-2] INFO  kafka.consumer.ZookeeperConsumerConnector  - [space.exploration.mars.rover_Sankets-MacBook-Pro.local-1494967473154-9d2a727d], Committing all offsets after clearing the fetcher queues
10619 [Thread-2] INFO  kafka.consumer.ZookeeperConsumerConnector  - [space.exploration.mars.rover_Sankets-MacBook-Pro.local-1494967473154-9d2a727d], Releasing partition ownership
10642 [Thread-2] INFO  kafka.consumer.RangeAssignor  - Consumer space.exploration.mars.rover_Sankets-MacBook-Pro.local-1494967473154-9d2a727d rebalancing the following partitions: ArrayBuffer(0) for topic secure_com_from_earth_channel_3 with consumers: List(space.exploration.mars.rover_Sankets-MacBook-Pro.local-1494967473154-9d2a727d-0)
10643 [Thread-2] INFO  kafka.consumer.RangeAssignor  - space.exploration.mars.rover_Sankets-MacBook-Pro.local-1494967473154-9d2a727d-0 attempting to claim partition 0
10666 [Thread-2] INFO  kafka.consumer.ZookeeperConsumerConnector  - [space.exploration.mars.rover_Sankets-MacBook-Pro.local-1494967473154-9d2a727d], space.exploration.mars.rover_Sankets-MacBook-Pro.local-1494967473154-9d2a727d-0 successfully owned partition 0 for topic secure_com_from_earth_channel_3
10679 [Thread-2] INFO  kafka.consumer.ZookeeperConsumerConnector  - [space.exploration.mars.rover_Sankets-MacBook-Pro.local-1494967473154-9d2a727d], Consumer space.exploration.mars.rover_Sankets-MacBook-Pro.local-1494967473154-9d2a727d selected partitions : secure_com_from_earth_channel_3:0: fetched offset = 209: consumed offset = 209
10681 [space.exploration.mars.rover_Sankets-MacBook-Pro.local-1494967473154-9d2a727d-leader-finder-thread] INFO  kafka.consumer.ConsumerFetcherManager$LeaderFinderThread  - [space.exploration.mars.rover_Sankets-MacBook-Pro.local-1494967473154-9d2a727d-leader-finder-thread], Starting 
10681 [Thread-2] INFO  kafka.consumer.ZookeeperConsumerConnector  - [space.exploration.mars.rover_Sankets-MacBook-Pro.local-1494967473154-9d2a727d], end rebalancing consumer space.exploration.mars.rover_Sankets-MacBook-Pro.local-1494967473154-9d2a727d try #0
10688 [space.exploration.mars.rover_Sankets-MacBook-Pro.local-1494967473154-9d2a727d-leader-finder-thread] INFO  kafka.utils.VerifiableProperties  - Verifying properties
10688 [space.exploration.mars.rover_Sankets-MacBook-Pro.local-1494967473154-9d2a727d-leader-finder-thread] INFO  kafka.utils.VerifiableProperties  - Property client.id is overridden to space.exploration.mars.rover
10689 [space.exploration.mars.rover_Sankets-MacBook-Pro.local-1494967473154-9d2a727d-leader-finder-thread] INFO  kafka.utils.VerifiableProperties  - Property metadata.broker.list is overridden to 10.36.201.248:9092
10689 [space.exploration.mars.rover_Sankets-MacBook-Pro.local-1494967473154-9d2a727d-leader-finder-thread] INFO  kafka.utils.VerifiableProperties  - Property request.timeout.ms is overridden to 30000
10701 [space.exploration.mars.rover_Sankets-MacBook-Pro.local-1494967473154-9d2a727d-leader-finder-thread] INFO  kafka.client.ClientUtils$  - Fetching metadata from broker BrokerEndPoint(0,10.36.201.248,9092) with correlation id 0 for 1 topic(s) Set(secure_com_from_earth_channel_3)
10707 [space.exploration.mars.rover_Sankets-MacBook-Pro.local-1494967473154-9d2a727d-leader-finder-thread] INFO  kafka.producer.SyncProducer  - Connected to 10.36.201.248:9092 for producing
10720 [space.exploration.mars.rover_Sankets-MacBook-Pro.local-1494967473154-9d2a727d-leader-finder-thread] INFO  kafka.producer.SyncProducer  - Disconnecting from 10.36.201.248:9092
10734 [ConsumerFetcherThread-space.exploration.mars.rover_Sankets-MacBook-Pro.local-1494967473154-9d2a727d-0-0] INFO  kafka.consumer.ConsumerFetcherThread  - [ConsumerFetcherThread-space.exploration.mars.rover_Sankets-MacBook-Pro.local-1494967473154-9d2a727d-0-0], Starting 
10737 [space.exploration.mars.rover_Sankets-MacBook-Pro.local-1494967473154-9d2a727d-leader-finder-thread] INFO  kafka.consumer.ConsumerFetcherManager  - [ConsumerFetcherManager-1494967478255] Added fetcher for partitions ArrayBuffer([[secure_com_from_earth_channel_3,0], initOffset 209 to broker BrokerEndPoint(0,10.36.201.248,9092)] )
11448 [main] INFO  space.exploration.mars.rover.communication.Radio  - Radio configured:: 
metadata.broker.list::localhost:9092
source.topic::secure_com_from_earth_channel_3
auto.offset.reset::largest
group.id::space.exploration.mars.rover
destination.topic::secure_com_to_earth_channel_3
zookeeper.connect::localhost:2181
12453 [main] INFO  space.exploration.mars.rover.kernel.Rover  - Rover current position is = java.awt.Point[x=125,y=175]
13456 [main] INFO  space.exploration.mars.rover.sensor.Lidar  - Lidar initialized and ready!
14461 [main] INFO  space.exploration.mars.rover.sensor.Spectrometer  - Spectrometer initialized and ready!
15777 [main] INFO  space.exploration.mars.rover.sensor.Camera  - Camera initialized and ready!
45632 [main] INFO  kafka.client.ClientUtils$  - Fetching metadata from broker BrokerEndPoint(0,localhost,9092) with correlation id 0 for 1 topic(s) Set(secure_com_to_earth_channel_3)
45633 [main] INFO  kafka.producer.SyncProducer  - Connected to localhost:9092 for producing
45633 [main] INFO  kafka.producer.SyncProducer  - Disconnecting from localhost:9092
45648 [main] INFO  kafka.producer.SyncProducer  - Connected to 10.36.201.248:9092 for producing
58042 [pool-1-thread-1] INFO  space.exploration.mars.rover.diagnostics.Pacemaker  - SCET: 1494967525808
equipmentHealth {
  key: "Battery"
  value: 1000
}
equipmentHealth {
  key: "Radio"
  value: 999
}
equipmentHealth {
  key: "Lidar"
  value: 1000
}
equipmentHealth {
  key: "Camera"
  value: 1000
}
equipmentHealth {
  key: "Spectrometer"
  value: 1000
}
batteryLevel: 10000
moduleReporting: 3
notes: "This is rover Curiosity. Sending HeartBeat!"
location {
  x: 125
  y: 175
}

111694 [Thread-2] INFO  space.exploration.mars.rover.kernel.ListeningState  - timeStamp: 1494967566559
targets {
  estimatedPowerUsage: 20
  action: "ScanArea"
}

112694 [Thread-2] INFO  space.exploration.mars.rover.sensor.Lidar  - Lidar initialized and ready!
112696 [Thread-2] INFO  space.exploration.mars.rover.sensor.Lidar  - Wallbuilder set for lidar
112696 [Thread-2] INFO  space.exploration.mars.rover.sensor.Lidar  -  Scanning at location = java.awt.Point[x=125,y=175] Length of contacts  = 5
112696 [Thread-2] INFO  space.exploration.mars.rover.sensor.Lidar  - Lidar reporting contact designate Id:: 0 bearing:: 0 range:: 35.35533905932738
112696 [Thread-2] INFO  space.exploration.mars.rover.sensor.Lidar  - Lidar reporting contact designate Id:: 1 bearing:: 5 range:: 35.35533905932738
112696 [Thread-2] INFO  space.exploration.mars.rover.sensor.Lidar  - Lidar reporting contact designate Id:: 2 bearing:: 10 range:: 35.35533905932738
112696 [Thread-2] INFO  space.exploration.mars.rover.sensor.Lidar  - Lidar reporting contact designate Id:: 3 bearing:: 15 range:: 35.35533905932738
112696 [Thread-2] INFO  space.exploration.mars.rover.sensor.Lidar  - Lidar reporting contact designate Id:: 4 bearing:: 20 range:: 35.35533905932738
112696 [Thread-2] INFO  space.exploration.mars.rover.sensor.Lidar  - Lidar reporting contact designate Id:: 5 bearing:: 25 range:: 35.35533905932738
112696 [Thread-2] INFO  space.exploration.mars.rover.sensor.Lidar  - Lidar reporting contact designate Id:: 6 bearing:: 30 range:: 35.35533905932738
112696 [Thread-2] INFO  space.exploration.mars.rover.sensor.Lidar  - Lidar reporting contact designate Id:: 7 bearing:: 35 range:: 35.35533905932738
112696 [Thread-2] INFO  space.exploration.mars.rover.sensor.Lidar  - Lidar reporting contact designate Id:: 8 bearing:: 40 range:: 35.35533905932738
112697 [Thread-2] INFO  space.exploration.mars.rover.sensor.Lidar  - Lidar reporting contact designate Id:: 9 bearing:: 50 range:: 35.35533905932738
112697 [Thread-2] INFO  space.exploration.mars.rover.sensor.Lidar  - Lidar reporting contact designate Id:: 10 bearing:: 55 range:: 35.35533905932738
112697 [Thread-2] INFO  space.exploration.mars.rover.sensor.Lidar  - Lidar reporting contact designate Id:: 11 bearing:: 60 range:: 35.35533905932738
112697 [Thread-2] INFO  space.exploration.mars.rover.sensor.Lidar  - Lidar reporting contact designate Id:: 12 bearing:: 65 range:: 35.35533905932738
112697 [Thread-2] INFO  space.exploration.mars.rover.sensor.Lidar  - Lidar reporting contact designate Id:: 13 bearing:: 70 range:: 35.35533905932738
112697 [Thread-2] INFO  space.exploration.mars.rover.sensor.Lidar  - Lidar reporting contact designate Id:: 14 bearing:: 75 range:: 35.35533905932738
112697 [Thread-2] INFO  space.exploration.mars.rover.sensor.Lidar  - Lidar reporting contact designate Id:: 15 bearing:: 80 range:: 35.35533905932738
112697 [Thread-2] INFO  space.exploration.mars.rover.sensor.Lidar  - Lidar reporting contact designate Id:: 16 bearing:: 85 range:: 35.35533905932738
112697 [Thread-2] INFO  space.exploration.mars.rover.sensor.Lidar  - Lidar reporting contact designate Id:: 17 bearing:: 90 range:: 35.35533905932738
112697 [Thread-2] INFO  space.exploration.mars.rover.sensor.Lidar  - Lidar reporting contact designate Id:: 18 bearing:: 95 range:: 35.35533905932738
112697 [Thread-2] INFO  space.exploration.mars.rover.sensor.Lidar  - Lidar reporting contact designate Id:: 19 bearing:: 100 range:: 35.35533905932738
112697 [Thread-2] INFO  space.exploration.mars.rover.sensor.Lidar  - Lidar reporting contact designate Id:: 20 bearing:: 105 range:: 35.35533905932738
112697 [Thread-2] INFO  space.exploration.mars.rover.sensor.Lidar  - Lidar reporting contact designate Id:: 21 bearing:: 110 range:: 35.35533905932738
112697 [Thread-2] INFO  space.exploration.mars.rover.sensor.Lidar  - Lidar reporting contact designate Id:: 22 bearing:: 115 range:: 35.35533905932738
112697 [Thread-2] INFO  space.exploration.mars.rover.sensor.Lidar  - Lidar reporting contact designate Id:: 23 bearing:: 120 range:: 35.35533905932738
112697 [Thread-2] INFO  space.exploration.mars.rover.sensor.Lidar  - Lidar reporting contact designate Id:: 24 bearing:: 125 range:: 35.35533905932738
112697 [Thread-2] INFO  space.exploration.mars.rover.sensor.Lidar  - Lidar reporting contact designate Id:: 25 bearing:: 130 range:: 35.35533905932738
112697 [Thread-2] INFO  space.exploration.mars.rover.sensor.Lidar  - Lidar reporting contact designate Id:: 26 bearing:: 135 range:: 35.35533905932738
112698 [Thread-2] INFO  space.exploration.mars.rover.sensor.Lidar  - Lidar reporting contact designate Id:: 27 bearing:: 140 range:: 35.35533905932738
112698 [Thread-2] INFO  space.exploration.mars.rover.sensor.Lidar  - Lidar reporting contact designate Id:: 28 bearing:: 145 range:: 35.35533905932738
112698 [Thread-2] INFO  space.exploration.mars.rover.sensor.Lidar  - Lidar reporting contact designate Id:: 29 bearing:: 150 range:: 35.35533905932738
112698 [Thread-2] INFO  space.exploration.mars.rover.sensor.Lidar  - Lidar reporting contact designate Id:: 30 bearing:: 155 range:: 35.35533905932738
112698 [Thread-2] INFO  space.exploration.mars.rover.sensor.Lidar  - Lidar reporting contact designate Id:: 31 bearing:: 160 range:: 35.35533905932738
112698 [Thread-2] INFO  space.exploration.mars.rover.sensor.Lidar  - Lidar reporting contact designate Id:: 32 bearing:: 165 range:: 35.35533905932738
112698 [Thread-2] INFO  space.exploration.mars.rover.sensor.Lidar  - Lidar reporting contact designate Id:: 33 bearing:: 170 range:: 35.35533905932738
112698 [Thread-2] INFO  space.exploration.mars.rover.sensor.Lidar  - Lidar reporting contact designate Id:: 34 bearing:: 175 range:: 35.35533905932738
112698 [Thread-2] INFO  space.exploration.mars.rover.sensor.Lidar  - Lidar reporting contact designate Id:: 35 bearing:: 230 range:: 35.35533905932738
112698 [Thread-2] INFO  space.exploration.mars.rover.sensor.Lidar  - Lidar reporting contact designate Id:: 36 bearing:: 235 range:: 35.35533905932738
112698 [Thread-2] INFO  space.exploration.mars.rover.sensor.Lidar  - Lidar reporting contact designate Id:: 37 bearing:: 240 range:: 35.35533905932738
112698 [Thread-2] INFO  space.exploration.mars.rover.sensor.Lidar  - Lidar reporting contact designate Id:: 38 bearing:: 245 range:: 35.35533905932738
112698 [Thread-2] INFO  space.exploration.mars.rover.sensor.Lidar  - Lidar reporting contact designate Id:: 39 bearing:: 250 range:: 35.35533905932738
112698 [Thread-2] INFO  space.exploration.mars.rover.sensor.Lidar  - Lidar reporting contact designate Id:: 40 bearing:: 255 range:: 35.35533905932738
112698 [Thread-2] INFO  space.exploration.mars.rover.sensor.Lidar  - Lidar reporting contact designate Id:: 41 bearing:: 260 range:: 35.35533905932738
112699 [Thread-2] INFO  space.exploration.mars.rover.sensor.Lidar  - Lidar reporting contact designate Id:: 42 bearing:: 265 range:: 35.35533905932738
112699 [Thread-2] INFO  space.exploration.mars.rover.sensor.Lidar  - Lidar reporting contact designate Id:: 43 bearing:: 270 range:: 35.35533905932738
112699 [Thread-2] INFO  space.exploration.mars.rover.sensor.Lidar  - Lidar reporting contact designate Id:: 44 bearing:: 275 range:: 35.35533905932738
112699 [Thread-2] INFO  space.exploration.mars.rover.sensor.Lidar  - Lidar reporting contact designate Id:: 45 bearing:: 280 range:: 35.35533905932738
112700 [Thread-2] INFO  space.exploration.mars.rover.sensor.Lidar  - Lidar reporting contact designate Id:: 46 bearing:: 285 range:: 35.35533905932738
112700 [Thread-2] INFO  space.exploration.mars.rover.sensor.Lidar  - Lidar reporting contact designate Id:: 47 bearing:: 290 range:: 35.35533905932738
112700 [Thread-2] INFO  space.exploration.mars.rover.sensor.Lidar  - Lidar reporting contact designate Id:: 48 bearing:: 295 range:: 35.35533905932738
112700 [Thread-2] INFO  space.exploration.mars.rover.sensor.Lidar  - Lidar reporting contact designate Id:: 49 bearing:: 300 range:: 35.35533905932738
112700 [Thread-2] INFO  space.exploration.mars.rover.sensor.Lidar  - Lidar reporting contact designate Id:: 50 bearing:: 305 range:: 35.35533905932738
112700 [Thread-2] INFO  space.exploration.mars.rover.sensor.Lidar  - Lidar reporting contact designate Id:: 51 bearing:: 310 range:: 35.35533905932738
112700 [Thread-2] INFO  space.exploration.mars.rover.sensor.Lidar  - Lidar reporting contact designate Id:: 52 bearing:: 315 range:: 35.35533905932738
112700 [Thread-2] INFO  space.exploration.mars.rover.sensor.Lidar  - Lidar reporting contact designate Id:: 53 bearing:: 320 range:: 35.35533905932738
112700 [Thread-2] INFO  space.exploration.mars.rover.sensor.Lidar  - Lidar reporting contact designate Id:: 54 bearing:: 325 range:: 35.35533905932738
112700 [Thread-2] INFO  space.exploration.mars.rover.sensor.Lidar  - Lidar reporting contact designate Id:: 55 bearing:: 330 range:: 35.35533905932738
112700 [Thread-2] INFO  space.exploration.mars.rover.sensor.Lidar  - Lidar reporting contact designate Id:: 56 bearing:: 335 range:: 35.35533905932738
112700 [Thread-2] INFO  space.exploration.mars.rover.sensor.Lidar  - Lidar reporting contact designate Id:: 57 bearing:: 340 range:: 35.35533905932738
112700 [Thread-2] INFO  space.exploration.mars.rover.sensor.Lidar  - Lidar reporting contact designate Id:: 58 bearing:: 345 range:: 35.35533905932738
112700 [Thread-2] INFO  space.exploration.mars.rover.sensor.Lidar  - Lidar reporting contact designate Id:: 59 bearing:: 350 range:: 35.35533905932738
112700 [Thread-2] INFO  space.exploration.mars.rover.sensor.Lidar  - Lidar reporting contact designate Id:: 60 bearing:: 355 range:: 35.35533905932738
177989 [pool-1-thread-1] INFO  space.exploration.mars.rover.diagnostics.Pacemaker  - SCET: 1494967645802
equipmentHealth {
  key: "Battery"
  value: 1000
}
equipmentHealth {
  key: "Radio"
  value: 996
}
equipmentHealth {
  key: "Lidar"
  value: -1
}
equipmentHealth {
  key: "Camera"
  value: 1000
}
equipmentHealth {
  key: "Spectrometer"
  value: 1000
}
batteryLevel: 9960
moduleReporting: 3
notes: "This is rover Curiosity. Sending HeartBeat!"
location {
  x: 125
  y: 175
}

237987 [pool-1-thread-1] INFO  space.exploration.mars.rover.diagnostics.Pacemaker  - SCET: 1494967705800
equipmentHealth {
  key: "Battery"
  value: 1000
}
equipmentHealth {
  key: "Radio"
  value: 995
}
equipmentHealth {
  key: "Lidar"
  value: -1
}
equipmentHealth {
  key: "Camera"
  value: 1000
}
equipmentHealth {
  key: "Spectrometer"
  value: 1000
}
batteryLevel: 9960
moduleReporting: 3
notes: "This is rover Curiosity. Sending HeartBeat!"
location {
  x: 125
  y: 175
}

297992 [pool-1-thread-1] INFO  space.exploration.mars.rover.diagnostics.Pacemaker  - SCET: 1494967765800
equipmentHealth {
  key: "Battery"
  value: 1000
}
equipmentHealth {
  key: "Radio"
  value: 994
}
equipmentHealth {
  key: "Lidar"
  value: -1
}
equipmentHealth {
  key: "Camera"
  value: 1000
}
equipmentHealth {
  key: "Spectrometer"
  value: 1000
}
batteryLevel: 9960
moduleReporting: 3
notes: "This is rover Curiosity. Sending HeartBeat!"
location {
  x: 125
  y: 175
}

