0    [main] INFO  space.exploration.mars.rover.kernel.Rover  - Rover current position is = java.awt.Point[x=350,y=250]
1008 [main] INFO  space.exploration.mars.rover.sensor.Lidar  - Lidar initialized and ready!
2012 [main] INFO  space.exploration.mars.rover.sensor.Spectrometer  - Spectrometer initialized and ready!
3332 [main] INFO  space.exploration.mars.rover.sensor.Camera  - Camera initialized and ready!
4337 [main] INFO  space.exploration.mars.rover.sensor.Radar  - Radar configured:: 
5342 [main] INFO  space.exploration.mars.rover.power.Battery  - Battery configured, batteryLife:primaryPowerUnits = 10000 auxiliaryPowerUnits = 1000 alertThreshold: 100 rechargeTime = 60000
6344 [main] INFO  space.exploration.mars.rover.kernel.Rover  - Battery Monitor configured!
6636 [main] INFO  kafka.utils.VerifiableProperties  - Verifying properties
6664 [main] WARN  kafka.utils.VerifiableProperties  - Property auto.offset.reset is not valid
6664 [main] WARN  kafka.utils.VerifiableProperties  - Property destination.topic is not valid
6664 [main] WARN  kafka.utils.VerifiableProperties  - Property group.id is not valid
6665 [main] INFO  kafka.utils.VerifiableProperties  - Property metadata.broker.list is overridden to localhost:9092
6665 [main] WARN  kafka.utils.VerifiableProperties  - Property source.topic is not valid
6665 [main] WARN  kafka.utils.VerifiableProperties  - Property zookeeper.connect is not valid
6706 [main] INFO  kafka.utils.VerifiableProperties  - Verifying properties
6707 [main] INFO  kafka.utils.VerifiableProperties  - Property auto.offset.reset is overridden to largest
6707 [main] WARN  kafka.utils.VerifiableProperties  - Property destination.topic is not valid
6707 [main] INFO  kafka.utils.VerifiableProperties  - Property group.id is overridden to space.exploration.mars.rover
6707 [main] WARN  kafka.utils.VerifiableProperties  - Property metadata.broker.list is not valid
6707 [main] WARN  kafka.utils.VerifiableProperties  - Property source.topic is not valid
6707 [main] INFO  kafka.utils.VerifiableProperties  - Property zookeeper.connect is overridden to localhost:2181
11735 [main] INFO  kafka.consumer.ZookeeperConsumerConnector  - [space.exploration.mars.rover_Sankets-MacBook-Pro.local-1499980349874-8cafe819], Connecting to zookeeper instance at localhost:2181
11744 [ZkClient-EventThread-23-localhost:2181] INFO  org.I0Itec.zkclient.ZkEventThread  - Starting ZkClient event thread.
16775 [main] INFO  org.apache.zookeeper.ZooKeeper  - Client environment:zookeeper.version=3.4.6-1569965, built on 02/20/2014 09:09 GMT
16775 [main] INFO  org.apache.zookeeper.ZooKeeper  - Client environment:host.name=10.36.201.138
16775 [main] INFO  org.apache.zookeeper.ZooKeeper  - Client environment:java.version=1.8.0_121
16775 [main] INFO  org.apache.zookeeper.ZooKeeper  - Client environment:java.vendor=Oracle Corporation
16775 [main] INFO  org.apache.zookeeper.ZooKeeper  - Client environment:java.home=/Library/Java/JavaVirtualMachines/jdk1.8.0_121.jdk/Contents/Home/jre
16775 [main] INFO  org.apache.zookeeper.ZooKeeper  - Client environment:java.class.path=/Library/Java/JavaVirtualMachines/jdk1.8.0_121.jdk/Contents/Home/jre/lib/charsets.jar:/Library/Java/JavaVirtualMachines/jdk1.8.0_121.jdk/Contents/Home/jre/lib/deploy.jar:/Library/Java/JavaVirtualMachines/jdk1.8.0_121.jdk/Contents/Home/jre/lib/ext/cldrdata.jar:/Library/Java/JavaVirtualMachines/jdk1.8.0_121.jdk/Contents/Home/jre/lib/ext/dnsns.jar:/Library/Java/JavaVirtualMachines/jdk1.8.0_121.jdk/Contents/Home/jre/lib/ext/jaccess.jar:/Library/Java/JavaVirtualMachines/jdk1.8.0_121.jdk/Contents/Home/jre/lib/ext/jfxrt.jar:/Library/Java/JavaVirtualMachines/jdk1.8.0_121.jdk/Contents/Home/jre/lib/ext/localedata.jar:/Library/Java/JavaVirtualMachines/jdk1.8.0_121.jdk/Contents/Home/jre/lib/ext/nashorn.jar:/Library/Java/JavaVirtualMachines/jdk1.8.0_121.jdk/Contents/Home/jre/lib/ext/sunec.jar:/Library/Java/JavaVirtualMachines/jdk1.8.0_121.jdk/Contents/Home/jre/lib/ext/sunjce_provider.jar:/Library/Java/JavaVirtualMachines/jdk1.8.0_121.jdk/Contents/Home/jre/lib/ext/sunpkcs11.jar:/Library/Java/JavaVirtualMachines/jdk1.8.0_121.jdk/Contents/Home/jre/lib/ext/zipfs.jar:/Library/Java/JavaVirtualMachines/jdk1.8.0_121.jdk/Contents/Home/jre/lib/javaws.jar:/Library/Java/JavaVirtualMachines/jdk1.8.0_121.jdk/Contents/Home/jre/lib/jce.jar:/Library/Java/JavaVirtualMachines/jdk1.8.0_121.jdk/Contents/Home/jre/lib/jfr.jar:/Library/Java/JavaVirtualMachines/jdk1.8.0_121.jdk/Contents/Home/jre/lib/jfxswt.jar:/Library/Java/JavaVirtualMachines/jdk1.8.0_121.jdk/Contents/Home/jre/lib/jsse.jar:/Library/Java/JavaVirtualMachines/jdk1.8.0_121.jdk/Contents/Home/jre/lib/management-agent.jar:/Library/Java/JavaVirtualMachines/jdk1.8.0_121.jdk/Contents/Home/jre/lib/plugin.jar:/Library/Java/JavaVirtualMachines/jdk1.8.0_121.jdk/Contents/Home/jre/lib/resources.jar:/Library/Java/JavaVirtualMachines/jdk1.8.0_121.jdk/Contents/Home/jre/lib/rt.jar:/Library/Java/JavaVirtualMachines/jdk1.8.0_121.jdk/Contents/Home/lib/ant-javafx.jar:/Library/Java/JavaVirtualMachines/jdk1.8.0_121.jdk/Contents/Home/lib/dt.jar:/Library/Java/JavaVirtualMachines/jdk1.8.0_121.jdk/Contents/Home/lib/javafx-mx.jar:/Library/Java/JavaVirtualMachines/jdk1.8.0_121.jdk/Contents/Home/lib/jconsole.jar:/Library/Java/JavaVirtualMachines/jdk1.8.0_121.jdk/Contents/Home/lib/packager.jar:/Library/Java/JavaVirtualMachines/jdk1.8.0_121.jdk/Contents/Home/lib/sa-jdi.jar:/Library/Java/JavaVirtualMachines/jdk1.8.0_121.jdk/Contents/Home/lib/tools.jar:/Users/sanketkorgaonkar/Documents/workspace/space.exploration/mars.rover/target/classes:/Users/sanketkorgaonkar/.m2/repository/com/google/protobuf/protobuf-java/3.2.0/protobuf-java-3.2.0.jar:/Users/sanketkorgaonkar/.m2/repository/org/apache/kafka/kafka_2.10/0.9.0.1/kafka_2.10-0.9.0.1.jar:/Users/sanketkorgaonkar/.m2/repository/com/101tec/zkclient/0.7/zkclient-0.7.jar:/Users/sanketkorgaonkar/.m2/repository/org/slf4j/slf4j-api/1.6.1/slf4j-api-1.6.1.jar:/Users/sanketkorgaonkar/.m2/repository/log4j/log4j/1.2.15/log4j-1.2.15.jar:/Users/sanketkorgaonkar/.m2/repository/javax/mail/mail/1.4/mail-1.4.jar:/Users/sanketkorgaonkar/.m2/repository/javax/activation/activation/1.1/activation-1.1.jar:/Users/sanketkorgaonkar/.m2/repository/org/apache/kafka/kafka-clients/0.9.0.1/kafka-clients-0.9.0.1.jar:/Users/sanketkorgaonkar/.m2/repository/org/xerial/snappy/snappy-java/1.1.1.7/snappy-java-1.1.1.7.jar:/Users/sanketkorgaonkar/.m2/repository/net/jpountz/lz4/lz4/1.2.0/lz4-1.2.0.jar:/Users/sanketkorgaonkar/.m2/repository/com/yammer/metrics/metrics-core/2.2.0/metrics-core-2.2.0.jar:/Users/sanketkorgaonkar/.m2/repository/org/scala-lang/scala-library/2.10.5/scala-library-2.10.5.jar:/Users/sanketkorgaonkar/.m2/repository/net/sf/jopt-simple/jopt-simple/3.2/jopt-simple-3.2.jar:/Users/sanketkorgaonkar/.m2/repository/org/slf4j/slf4j-log4j12/1.7.6/slf4j-log4j12-1.7.6.jar:/Users/sanketkorgaonkar/.m2/repository/org/apache/zookeeper/zookeeper/3.4.6/zookeeper-3.4.6.jar:/Users/sanketkorgaonkar/.m2/repository/jline/jline/0.9.94/jline-0.9.94.jar:/Users/sanketkorgaonkar/.m2/repository/io/netty/netty/3.7.0.Final/netty-3.7.0.Final.jar:/Users/sanketkorgaonkar/.m2/repository/org/tensorflow/tensorflow/1.1.0/tensorflow-1.1.0.jar:/Users/sanketkorgaonkar/.m2/repository/org/tensorflow/libtensorflow/1.1.0/libtensorflow-1.1.0.jar:/Users/sanketkorgaonkar/.m2/repository/org/tensorflow/libtensorflow_jni/1.1.0/libtensorflow_jni-1.1.0.jar:/Applications/IntelliJ IDEA CE.app/Contents/lib/idea_rt.jar
16775 [main] INFO  org.apache.zookeeper.ZooKeeper  - Client environment:java.library.path=/Users/sanketkorgaonkar/Library/Java/Extensions:/Library/Java/Extensions:/Network/Library/Java/Extensions:/System/Library/Java/Extensions:/usr/lib/java:.
16775 [main] INFO  org.apache.zookeeper.ZooKeeper  - Client environment:java.io.tmpdir=/var/folders/5h/gwr26fh90zs2zgrhjqr0pm1r0000gn/T/
16775 [main] INFO  org.apache.zookeeper.ZooKeeper  - Client environment:java.compiler=<NA>
16775 [main] INFO  org.apache.zookeeper.ZooKeeper  - Client environment:os.name=Mac OS X
16775 [main] INFO  org.apache.zookeeper.ZooKeeper  - Client environment:os.arch=x86_64
16775 [main] INFO  org.apache.zookeeper.ZooKeeper  - Client environment:os.version=10.12.5
16776 [main] INFO  org.apache.zookeeper.ZooKeeper  - Client environment:user.name=sanketkorgaonkar
16776 [main] INFO  org.apache.zookeeper.ZooKeeper  - Client environment:user.home=/Users/sanketkorgaonkar
16776 [main] INFO  org.apache.zookeeper.ZooKeeper  - Client environment:user.dir=/Users/sanketkorgaonkar/Documents/workspace/space.exploration/mars.rover
16777 [main] INFO  org.apache.zookeeper.ZooKeeper  - Initiating client connection, connectString=localhost:2181 sessionTimeout=6000 watcher=org.I0Itec.zkclient.ZkClient@659a969b
16798 [main] INFO  org.I0Itec.zkclient.ZkClient  - Waiting for keeper state SyncConnected
16803 [main-SendThread(localhost:2181)] INFO  org.apache.zookeeper.ClientCnxn  - Opening socket connection to server localhost/0:0:0:0:0:0:0:1:2181. Will not attempt to authenticate using SASL (unknown error)
16845 [main-SendThread(localhost:2181)] INFO  org.apache.zookeeper.ClientCnxn  - Socket connection established to localhost/0:0:0:0:0:0:0:1:2181, initiating session
16858 [main-SendThread(localhost:2181)] INFO  org.apache.zookeeper.ClientCnxn  - Session establishment complete on server localhost/0:0:0:0:0:0:0:1:2181, sessionid = 0x15d3cb6161a000f, negotiated timeout = 6000
16860 [main-EventThread] INFO  org.I0Itec.zkclient.ZkClient  - zookeeper state changed (SyncConnected)
16868 [main] INFO  kafka.consumer.ZookeeperConsumerConnector  - [space.exploration.mars.rover_Sankets-MacBook-Pro.local-1499980349874-8cafe819], starting auto committer every 60000 ms
16889 [Thread-2] INFO  kafka.consumer.ZookeeperConsumerConnector  - [space.exploration.mars.rover_Sankets-MacBook-Pro.local-1499980349874-8cafe819], begin registering consumer space.exploration.mars.rover_Sankets-MacBook-Pro.local-1499980349874-8cafe819 in ZK
16914 [Thread-2] INFO  kafka.utils.ZKCheckedEphemeral  - Creating /consumers/space.exploration.mars.rover/ids/space.exploration.mars.rover_Sankets-MacBook-Pro.local-1499980349874-8cafe819 (is it secure? false)
16928 [Thread-2] INFO  kafka.utils.ZKCheckedEphemeral  - Result of znode creation is: OK
16928 [Thread-2] INFO  kafka.consumer.ZookeeperConsumerConnector  - [space.exploration.mars.rover_Sankets-MacBook-Pro.local-1499980349874-8cafe819], end registering consumer space.exploration.mars.rover_Sankets-MacBook-Pro.local-1499980349874-8cafe819 in ZK
16932 [space.exploration.mars.rover_Sankets-MacBook-Pro.local-1499980349874-8cafe819_watcher_executor] INFO  kafka.consumer.ZookeeperConsumerConnector  - [space.exploration.mars.rover_Sankets-MacBook-Pro.local-1499980349874-8cafe819], starting watcher executor thread for consumer space.exploration.mars.rover_Sankets-MacBook-Pro.local-1499980349874-8cafe819
16947 [Thread-2] INFO  kafka.consumer.ZookeeperConsumerConnector  - [space.exploration.mars.rover_Sankets-MacBook-Pro.local-1499980349874-8cafe819], begin rebalancing consumer space.exploration.mars.rover_Sankets-MacBook-Pro.local-1499980349874-8cafe819 try #0
17043 [Thread-2] INFO  kafka.consumer.ConsumerFetcherManager  - [ConsumerFetcherManager-1499980355007] Stopping leader finder thread
17043 [Thread-2] INFO  kafka.consumer.ConsumerFetcherManager  - [ConsumerFetcherManager-1499980355007] Stopping all fetchers
17044 [Thread-2] INFO  kafka.consumer.ConsumerFetcherManager  - [ConsumerFetcherManager-1499980355007] All connections stopped
17045 [Thread-2] INFO  kafka.consumer.ZookeeperConsumerConnector  - [space.exploration.mars.rover_Sankets-MacBook-Pro.local-1499980349874-8cafe819], Cleared all relevant queues for this fetcher
17048 [Thread-2] INFO  kafka.consumer.ZookeeperConsumerConnector  - [space.exploration.mars.rover_Sankets-MacBook-Pro.local-1499980349874-8cafe819], Cleared the data chunks in all the consumer message iterators
17048 [Thread-2] INFO  kafka.consumer.ZookeeperConsumerConnector  - [space.exploration.mars.rover_Sankets-MacBook-Pro.local-1499980349874-8cafe819], Committing all offsets after clearing the fetcher queues
17049 [Thread-2] INFO  kafka.consumer.ZookeeperConsumerConnector  - [space.exploration.mars.rover_Sankets-MacBook-Pro.local-1499980349874-8cafe819], Releasing partition ownership
17073 [Thread-2] INFO  kafka.consumer.RangeAssignor  - Consumer space.exploration.mars.rover_Sankets-MacBook-Pro.local-1499980349874-8cafe819 rebalancing the following partitions: ArrayBuffer(0) for topic secure_com_from_earth_channel_3 with consumers: List(space.exploration.mars.rover_Sankets-MacBook-Pro.local-1499980349874-8cafe819-0)
17074 [Thread-2] INFO  kafka.consumer.RangeAssignor  - space.exploration.mars.rover_Sankets-MacBook-Pro.local-1499980349874-8cafe819-0 attempting to claim partition 0
17104 [Thread-2] INFO  kafka.consumer.ZookeeperConsumerConnector  - [space.exploration.mars.rover_Sankets-MacBook-Pro.local-1499980349874-8cafe819], space.exploration.mars.rover_Sankets-MacBook-Pro.local-1499980349874-8cafe819-0 successfully owned partition 0 for topic secure_com_from_earth_channel_3
17120 [Thread-2] INFO  kafka.consumer.ZookeeperConsumerConnector  - [space.exploration.mars.rover_Sankets-MacBook-Pro.local-1499980349874-8cafe819], Consumer space.exploration.mars.rover_Sankets-MacBook-Pro.local-1499980349874-8cafe819 selected partitions : secure_com_from_earth_channel_3:0: fetched offset = 357: consumed offset = 357
17122 [space.exploration.mars.rover_Sankets-MacBook-Pro.local-1499980349874-8cafe819-leader-finder-thread] INFO  kafka.consumer.ConsumerFetcherManager$LeaderFinderThread  - [space.exploration.mars.rover_Sankets-MacBook-Pro.local-1499980349874-8cafe819-leader-finder-thread], Starting 
17123 [Thread-2] INFO  kafka.consumer.ZookeeperConsumerConnector  - [space.exploration.mars.rover_Sankets-MacBook-Pro.local-1499980349874-8cafe819], end rebalancing consumer space.exploration.mars.rover_Sankets-MacBook-Pro.local-1499980349874-8cafe819 try #0
17132 [space.exploration.mars.rover_Sankets-MacBook-Pro.local-1499980349874-8cafe819-leader-finder-thread] INFO  kafka.utils.VerifiableProperties  - Verifying properties
17133 [space.exploration.mars.rover_Sankets-MacBook-Pro.local-1499980349874-8cafe819-leader-finder-thread] INFO  kafka.utils.VerifiableProperties  - Property client.id is overridden to space.exploration.mars.rover
17133 [space.exploration.mars.rover_Sankets-MacBook-Pro.local-1499980349874-8cafe819-leader-finder-thread] INFO  kafka.utils.VerifiableProperties  - Property metadata.broker.list is overridden to 10.36.201.138:9092
17133 [space.exploration.mars.rover_Sankets-MacBook-Pro.local-1499980349874-8cafe819-leader-finder-thread] INFO  kafka.utils.VerifiableProperties  - Property request.timeout.ms is overridden to 30000
17165 [space.exploration.mars.rover_Sankets-MacBook-Pro.local-1499980349874-8cafe819-leader-finder-thread] INFO  kafka.client.ClientUtils$  - Fetching metadata from broker BrokerEndPoint(0,10.36.201.138,9092) with correlation id 0 for 1 topic(s) Set(secure_com_from_earth_channel_3)
17174 [space.exploration.mars.rover_Sankets-MacBook-Pro.local-1499980349874-8cafe819-leader-finder-thread] INFO  kafka.producer.SyncProducer  - Connected to 10.36.201.138:9092 for producing
17210 [space.exploration.mars.rover_Sankets-MacBook-Pro.local-1499980349874-8cafe819-leader-finder-thread] INFO  kafka.producer.SyncProducer  - Disconnecting from 10.36.201.138:9092
17228 [ConsumerFetcherThread-space.exploration.mars.rover_Sankets-MacBook-Pro.local-1499980349874-8cafe819-0-0] INFO  kafka.consumer.ConsumerFetcherThread  - [ConsumerFetcherThread-space.exploration.mars.rover_Sankets-MacBook-Pro.local-1499980349874-8cafe819-0-0], Starting 
17230 [space.exploration.mars.rover_Sankets-MacBook-Pro.local-1499980349874-8cafe819-leader-finder-thread] INFO  kafka.consumer.ConsumerFetcherManager  - [ConsumerFetcherManager-1499980355007] Added fetcher for partitions ArrayBuffer([[secure_com_from_earth_channel_3,0], initOffset 357 to broker BrokerEndPoint(0,10.36.201.138,9092)] )
17872 [main] INFO  space.exploration.mars.rover.communication.Radio  - Radio configured:: 
metadata.broker.list::localhost:9092
source.topic::secure_com_from_earth_channel_3
auto.offset.reset::largest
group.id::space.exploration.mars.rover
destination.topic::secure_com_to_earth_channel_3
zookeeper.connect::localhost:2181
18877 [main] INFO  space.exploration.mars.rover.sensor.Radar  - Radar configured:: 
35347 [pool-2-thread-1] INFO  space.exploration.mars.rover.power.Battery  - BatteryMonitor performing due diligence. SCET = 1499980373487
39267 [main] INFO  kafka.client.ClientUtils$  - Fetching metadata from broker BrokerEndPoint(0,localhost,9092) with correlation id 0 for 1 topic(s) Set(secure_com_to_earth_channel_3)
39267 [main] INFO  kafka.producer.SyncProducer  - Connected to localhost:9092 for producing
39268 [main] INFO  kafka.producer.SyncProducer  - Disconnecting from localhost:9092
39283 [main] INFO  kafka.producer.SyncProducer  - Connected to 10.36.201.138:9092 for producing
49563 [Thread-2] INFO  space.exploration.mars.rover.kernel.ListeningState  - timeStamp: 1499980373389
targets {
  roverModule: 9
  estimatedPowerUsage: 20
  action: "PerformRadarScan"
}

49563 [Thread-2] INFO  space.exploration.mars.rover.kernel.RadarScanningState  - Performing Radar Scan, current position = java.awt.Point[x=350,y=250]
50933 [Thread-4] INFO  space.exploration.mars.rover.environment.RadarContactBlip  - java.awt.Point[x=200,y=300]
51219 [Thread-5] INFO  space.exploration.mars.rover.environment.RadarContactBlip  - java.awt.Point[x=225,y=300]
51257 [Thread-6] INFO  space.exploration.mars.rover.environment.RadarContactBlip  - java.awt.Point[x=100,y=150]
52950 [Thread-7] INFO  space.exploration.mars.rover.environment.RadarContactBlip  - java.awt.Point[x=150,y=450]
