22330 [main] INFO org.apache.kafka.clients.producer.ProducerConfig  - ProducerConfig values: 
	metric.reporters = []
	metadata.max.age.ms = 300000
	reconnect.backoff.ms = 50
	sasl.kerberos.ticket.renew.window.factor = 0.8
	bootstrap.servers = [localhost:9092]
	ssl.keystore.type = JKS
	sasl.mechanism = GSSAPI
	max.block.ms = 60000
	interceptor.classes = null
	ssl.truststore.password = null
	client.id = 
	ssl.endpoint.identification.algorithm = null
	request.timeout.ms = 30000
	acks = 1
	receive.buffer.bytes = 32768
	ssl.truststore.type = JKS
	retries = 0
	ssl.truststore.location = null
	ssl.keystore.password = null
	send.buffer.bytes = 131072
	compression.type = none
	metadata.fetch.timeout.ms = 60000
	retry.backoff.ms = 100
	sasl.kerberos.kinit.cmd = /usr/bin/kinit
	buffer.memory = 33554432
	timeout.ms = 30000
	key.serializer = class org.apache.kafka.common.serialization.StringSerializer
	sasl.kerberos.service.name = null
	sasl.kerberos.ticket.renew.jitter = 0.05
	ssl.trustmanager.algorithm = PKIX
	block.on.buffer.full = false
	ssl.key.password = null
	sasl.kerberos.min.time.before.relogin = 60000
	connections.max.idle.ms = 540000
	max.in.flight.requests.per.connection = 5
	metrics.num.samples = 2
	ssl.protocol = TLS
	ssl.provider = null
	ssl.enabled.protocols = [TLSv1.2, TLSv1.1, TLSv1]
	batch.size = 16384
	ssl.keystore.location = null
	ssl.cipher.suites = null
	security.protocol = PLAINTEXT
	max.request.size = 1048576
	value.serializer = class org.apache.kafka.common.serialization.ByteArraySerializer
	ssl.keymanager.algorithm = SunX509
	metrics.sample.window.ms = 30000
	partitioner.class = class org.apache.kafka.clients.producer.internals.DefaultPartitioner
	linger.ms = 0

22408 [main] INFO org.apache.kafka.clients.producer.ProducerConfig  - ProducerConfig values: 
	metric.reporters = []
	metadata.max.age.ms = 300000
	reconnect.backoff.ms = 50
	sasl.kerberos.ticket.renew.window.factor = 0.8
	bootstrap.servers = [localhost:9092]
	ssl.keystore.type = JKS
	sasl.mechanism = GSSAPI
	max.block.ms = 60000
	interceptor.classes = null
	ssl.truststore.password = null
	client.id = producer-1
	ssl.endpoint.identification.algorithm = null
	request.timeout.ms = 30000
	acks = 1
	receive.buffer.bytes = 32768
	ssl.truststore.type = JKS
	retries = 0
	ssl.truststore.location = null
	ssl.keystore.password = null
	send.buffer.bytes = 131072
	compression.type = none
	metadata.fetch.timeout.ms = 60000
	retry.backoff.ms = 100
	sasl.kerberos.kinit.cmd = /usr/bin/kinit
	buffer.memory = 33554432
	timeout.ms = 30000
	key.serializer = class org.apache.kafka.common.serialization.StringSerializer
	sasl.kerberos.service.name = null
	sasl.kerberos.ticket.renew.jitter = 0.05
	ssl.trustmanager.algorithm = PKIX
	block.on.buffer.full = false
	ssl.key.password = null
	sasl.kerberos.min.time.before.relogin = 60000
	connections.max.idle.ms = 540000
	max.in.flight.requests.per.connection = 5
	metrics.num.samples = 2
	ssl.protocol = TLS
	ssl.provider = null
	ssl.enabled.protocols = [TLSv1.2, TLSv1.1, TLSv1]
	batch.size = 16384
	ssl.keystore.location = null
	ssl.cipher.suites = null
	security.protocol = PLAINTEXT
	max.request.size = 1048576
	value.serializer = class org.apache.kafka.common.serialization.ByteArraySerializer
	ssl.keymanager.algorithm = SunX509
	metrics.sample.window.ms = 30000
	partitioner.class = class org.apache.kafka.clients.producer.internals.DefaultPartitioner
	linger.ms = 0

22409 [main] WARN org.apache.kafka.clients.producer.ProducerConfig  - The configuration zookeeper.connect = localhost:2181 was supplied but isn't a known config.
22409 [main] WARN org.apache.kafka.clients.producer.ProducerConfig  - The configuration group.id = space.exploration.mars.newRover was supplied but isn't a known config.
22409 [main] WARN org.apache.kafka.clients.producer.ProducerConfig  - The configuration source.topic = earth_to_curiosity_3 was supplied but isn't a known config.
22409 [main] WARN org.apache.kafka.clients.producer.ProducerConfig  - The configuration auto.offset.reset = largest was supplied but isn't a known config.
22409 [main] WARN org.apache.kafka.clients.producer.ProducerConfig  - The configuration metadata.broker.list = localhost:9092 was supplied but isn't a known config.
22409 [main] WARN org.apache.kafka.clients.producer.ProducerConfig  - The configuration destination.topic = curiosity_to_earth_3 was supplied but isn't a known config.
22410 [main] INFO org.apache.kafka.common.utils.AppInfoParser  - Kafka version : 0.10.0.1
22410 [main] INFO org.apache.kafka.common.utils.AppInfoParser  - Kafka commitId : a7a17cdec9eaa6c5
22557 [main] INFO kafka.utils.VerifiableProperties  - Verifying properties
22578 [main] INFO kafka.utils.VerifiableProperties  - Property auto.offset.reset is overridden to largest
22579 [main] WARN kafka.utils.VerifiableProperties  - Property bootstrap.servers is not valid
22579 [main] WARN kafka.utils.VerifiableProperties  - Property destination.topic is not valid
22579 [main] INFO kafka.utils.VerifiableProperties  - Property group.id is overridden to space.exploration.mars.newRover
22579 [main] WARN kafka.utils.VerifiableProperties  - Property key.serializer is not valid
22579 [main] WARN kafka.utils.VerifiableProperties  - Property metadata.broker.list is not valid
22579 [main] WARN kafka.utils.VerifiableProperties  - Property source.topic is not valid
22579 [main] WARN kafka.utils.VerifiableProperties  - Property value.serializer is not valid
22579 [main] INFO kafka.utils.VerifiableProperties  - Property zookeeper.connect is overridden to localhost:2181
22609 [main] INFO kafka.consumer.ZookeeperConsumerConnector  - [space.exploration.mars.newRover_zion-portable-1508257587588-bcb4804d], Connecting to zookeeper instance at localhost:2181
22616 [ZkClient-EventThread-26-localhost:2181] INFO org.I0Itec.zkclient.ZkEventThread  - Starting ZkClient event thread.
22619 [main] INFO org.apache.zookeeper.ZooKeeper  - Client environment:zookeeper.version=3.4.6-1569965, built on 02/20/2014 09:09 GMT
22619 [main] INFO org.apache.zookeeper.ZooKeeper  - Client environment:host.name=zion-portable
22619 [main] INFO org.apache.zookeeper.ZooKeeper  - Client environment:java.version=1.8.0_131
22619 [main] INFO org.apache.zookeeper.ZooKeeper  - Client environment:java.vendor=Oracle Corporation
22619 [main] INFO org.apache.zookeeper.ZooKeeper  - Client environment:java.home=/usr/lib/jvm/java-8-openjdk-amd64/jre
22619 [main] INFO org.apache.zookeeper.ZooKeeper  - Client environment:java.class.path=/usr/lib/jvm/java-8-openjdk-amd64/jre/lib/resources.jar:/usr/lib/jvm/java-8-openjdk-amd64/jre/lib/rt.jar:/usr/lib/jvm/java-8-openjdk-amd64/jre/lib/jsse.jar:/usr/lib/jvm/java-8-openjdk-amd64/jre/lib/jce.jar:/usr/lib/jvm/java-8-openjdk-amd64/jre/lib/charsets.jar:/usr/lib/jvm/java-8-openjdk-amd64/jre/lib/ext/localedata.jar:/usr/lib/jvm/java-8-openjdk-amd64/jre/lib/ext/icedtea-sound.jar:/usr/lib/jvm/java-8-openjdk-amd64/jre/lib/ext/sunec.jar:/usr/lib/jvm/java-8-openjdk-amd64/jre/lib/ext/sunpkcs11.jar:/usr/lib/jvm/java-8-openjdk-amd64/jre/lib/ext/sunjce_provider.jar:/usr/lib/jvm/java-8-openjdk-amd64/jre/lib/ext/jaccess.jar:/usr/lib/jvm/java-8-openjdk-amd64/jre/lib/ext/cldrdata.jar:/usr/lib/jvm/java-8-openjdk-amd64/jre/lib/ext/dnsns.jar:/usr/lib/jvm/java-8-openjdk-amd64/jre/lib/ext/nashorn.jar:/usr/lib/jvm/java-8-openjdk-amd64/jre/lib/ext/zipfs.jar:/home/sanket/Documents/workspace/MarsRover/mars.rover/target/classes:/home/sanket/.m2/repository/com/google/protobuf/protobuf-java/3.2.0/protobuf-java-3.2.0.jar:/home/sanket/.m2/repository/org/apache/kafka/kafka_2.10/0.10.0.1/kafka_2.10-0.10.0.1.jar:/home/sanket/.m2/repository/com/101tec/zkclient/0.8/zkclient-0.8.jar:/home/sanket/.m2/repository/org/slf4j/slf4j-api/1.6.1/slf4j-api-1.6.1.jar:/home/sanket/.m2/repository/log4j/log4j/1.2.15/log4j-1.2.15.jar:/home/sanket/.m2/repository/javax/mail/mail/1.4/mail-1.4.jar:/home/sanket/.m2/repository/javax/activation/activation/1.1/activation-1.1.jar:/home/sanket/.m2/repository/org/scala-lang/scala-library/2.10.6/scala-library-2.10.6.jar:/home/sanket/.m2/repository/org/slf4j/slf4j-log4j12/1.7.21/slf4j-log4j12-1.7.21.jar:/home/sanket/.m2/repository/com/yammer/metrics/metrics-core/2.2.0/metrics-core-2.2.0.jar:/home/sanket/.m2/repository/org/apache/kafka/kafka-clients/0.10.0.1/kafka-clients-0.10.0.1.jar:/home/sanket/.m2/repository/net/jpountz/lz4/lz4/1.3.0/lz4-1.3.0.jar:/home/sanket/.m2/repository/org/xerial/snappy/snappy-java/1.1.2.6/snappy-java-1.1.2.6.jar:/home/sanket/.m2/repository/net/sf/jopt-simple/jopt-simple/4.9/jopt-simple-4.9.jar:/home/sanket/.m2/repository/org/apache/zookeeper/zookeeper/3.4.6/zookeeper-3.4.6.jar:/home/sanket/.m2/repository/jline/jline/0.9.94/jline-0.9.94.jar:/home/sanket/.m2/repository/io/netty/netty/3.7.0.Final/netty-3.7.0.Final.jar:/home/sanket/.m2/repository/org/tensorflow/tensorflow/1.1.0/tensorflow-1.1.0.jar:/home/sanket/.m2/repository/org/tensorflow/libtensorflow/1.1.0/libtensorflow-1.1.0.jar:/home/sanket/.m2/repository/org/tensorflow/libtensorflow_jni/1.1.0/libtensorflow_jni-1.1.0.jar:/home/sanket/.m2/repository/mysql/mysql-connector-java/5.1.6/mysql-connector-java-5.1.6.jar:/home/sanket/.m2/repository/com/google/code/gson/gson/2.8.2/gson-2.8.2.jar:/home/sanket/.m2/repository/joda-time/joda-time/2.8.1/joda-time-2.8.1.jar:/home/sanket/.m2/repository/org/jsoup/jsoup/1.8.3/jsoup-1.8.3.jar
22619 [main] INFO org.apache.zookeeper.ZooKeeper  - Client environment:java.library.path=/usr/java/packages/lib/amd64:/usr/lib/x86_64-linux-gnu/jni:/lib/x86_64-linux-gnu:/usr/lib/x86_64-linux-gnu:/usr/lib/jni:/lib:/usr/lib
22619 [main] INFO org.apache.zookeeper.ZooKeeper  - Client environment:java.io.tmpdir=/tmp
22619 [main] INFO org.apache.zookeeper.ZooKeeper  - Client environment:java.compiler=<NA>
22619 [main] INFO org.apache.zookeeper.ZooKeeper  - Client environment:os.name=Linux
22619 [main] INFO org.apache.zookeeper.ZooKeeper  - Client environment:os.arch=amd64
22619 [main] INFO org.apache.zookeeper.ZooKeeper  - Client environment:os.version=4.10.0-37-generic
22619 [main] INFO org.apache.zookeeper.ZooKeeper  - Client environment:user.name=sanket
22619 [main] INFO org.apache.zookeeper.ZooKeeper  - Client environment:user.home=/home/sanket
22619 [main] INFO org.apache.zookeeper.ZooKeeper  - Client environment:user.dir=/home/sanket/Documents/workspace/MarsRover/mars.rover
22620 [main] INFO org.apache.zookeeper.ZooKeeper  - Initiating client connection, connectString=localhost:2181 sessionTimeout=6000 watcher=org.I0Itec.zkclient.ZkClient@6302bbb1
22627 [main] INFO org.I0Itec.zkclient.ZkClient  - Waiting for keeper state SyncConnected
22629 [main-SendThread(localhost:2181)] INFO org.apache.zookeeper.ClientCnxn  - Opening socket connection to server localhost/127.0.0.1:2181. Will not attempt to authenticate using SASL (unknown error)
22632 [main-SendThread(localhost:2181)] INFO org.apache.zookeeper.ClientCnxn  - Socket connection established to localhost/127.0.0.1:2181, initiating session
22646 [main-SendThread(localhost:2181)] INFO org.apache.zookeeper.ClientCnxn  - Session establishment complete on server localhost/127.0.0.1:2181, sessionid = 0x15f2b1a380d0001, negotiated timeout = 6000
22648 [main-EventThread] INFO org.I0Itec.zkclient.ZkClient  - zookeeper state changed (SyncConnected)
22658 [main] INFO kafka.consumer.ZookeeperConsumerConnector  - [space.exploration.mars.newRover_zion-portable-1508257587588-bcb4804d], starting auto committer every 60000 ms
22717 [Thread-2] INFO kafka.consumer.ZookeeperConsumerConnector  - [space.exploration.mars.newRover_zion-portable-1508257587588-bcb4804d], begin registering consumer space.exploration.mars.newRover_zion-portable-1508257587588-bcb4804d in ZK
22738 [Thread-2] INFO kafka.utils.ZKCheckedEphemeral  - Creating /consumers/space.exploration.mars.newRover/ids/space.exploration.mars.newRover_zion-portable-1508257587588-bcb4804d (is it secure? false)
22748 [Thread-2] INFO kafka.utils.ZKCheckedEphemeral  - Result of znode creation is: OK
22748 [Thread-2] INFO kafka.consumer.ZookeeperConsumerConnector  - [space.exploration.mars.newRover_zion-portable-1508257587588-bcb4804d], end registering consumer space.exploration.mars.newRover_zion-portable-1508257587588-bcb4804d in ZK
22752 [space.exploration.mars.newRover_zion-portable-1508257587588-bcb4804d_watcher_executor] INFO kafka.consumer.ZookeeperConsumerConnector  - [space.exploration.mars.newRover_zion-portable-1508257587588-bcb4804d], starting watcher executor thread for consumer space.exploration.mars.newRover_zion-portable-1508257587588-bcb4804d
22767 [Thread-2] INFO kafka.consumer.ZookeeperConsumerConnector  - [space.exploration.mars.newRover_zion-portable-1508257587588-bcb4804d], begin rebalancing consumer space.exploration.mars.newRover_zion-portable-1508257587588-bcb4804d try #0
22857 [Thread-2] INFO kafka.consumer.ConsumerFetcherManager  - [ConsumerFetcherManager-1508257587636] Stopping leader finder thread
22857 [Thread-2] INFO kafka.consumer.ConsumerFetcherManager  - [ConsumerFetcherManager-1508257587636] Stopping all fetchers
22858 [Thread-2] INFO kafka.consumer.ConsumerFetcherManager  - [ConsumerFetcherManager-1508257587636] All connections stopped
22858 [Thread-2] INFO kafka.consumer.ZookeeperConsumerConnector  - [space.exploration.mars.newRover_zion-portable-1508257587588-bcb4804d], Cleared all relevant queues for this fetcher
22859 [Thread-2] INFO kafka.consumer.ZookeeperConsumerConnector  - [space.exploration.mars.newRover_zion-portable-1508257587588-bcb4804d], Cleared the data chunks in all the consumer message iterators
22859 [Thread-2] INFO kafka.consumer.ZookeeperConsumerConnector  - [space.exploration.mars.newRover_zion-portable-1508257587588-bcb4804d], Committing all offsets after clearing the fetcher queues
22860 [Thread-2] INFO kafka.consumer.ZookeeperConsumerConnector  - [space.exploration.mars.newRover_zion-portable-1508257587588-bcb4804d], Releasing partition ownership
22882 [Thread-2] INFO kafka.consumer.RangeAssignor  - Consumer space.exploration.mars.newRover_zion-portable-1508257587588-bcb4804d rebalancing the following partitions: ArrayBuffer() for topic earth_to_curiosity_3 with consumers: List(space.exploration.mars.newRover_zion-portable-1508257587588-bcb4804d-0)
22883 [Thread-2] WARN kafka.consumer.RangeAssignor  - No broker partitions consumed by consumer thread space.exploration.mars.newRover_zion-portable-1508257587588-bcb4804d-0 for topic earth_to_curiosity_3
22892 [Thread-2] INFO kafka.consumer.ZookeeperConsumerConnector  - [space.exploration.mars.newRover_zion-portable-1508257587588-bcb4804d], Consumer space.exploration.mars.newRover_zion-portable-1508257587588-bcb4804d selected partitions : 
22894 [space.exploration.mars.newRover_zion-portable-1508257587588-bcb4804d-leader-finder-thread] INFO kafka.consumer.ConsumerFetcherManager$LeaderFinderThread  - [space.exploration.mars.newRover_zion-portable-1508257587588-bcb4804d-leader-finder-thread], Starting 
22894 [Thread-2] INFO kafka.consumer.ZookeeperConsumerConnector  - [space.exploration.mars.newRover_zion-portable-1508257587588-bcb4804d], end rebalancing consumer space.exploration.mars.newRover_zion-portable-1508257587588-bcb4804d try #0
41487 [kafka-producer-network-thread | producer-1] WARN org.apache.kafka.clients.NetworkClient  - Error while fetching metadata with correlation id 0 : {curiosity_to_earth_3=LEADER_NOT_AVAILABLE}
41588 [kafka-producer-network-thread | producer-1] WARN org.apache.kafka.clients.NetworkClient  - Error while fetching metadata with correlation id 1 : {curiosity_to_earth_3=LEADER_NOT_AVAILABLE}
41714 [kafka-producer-network-thread | producer-1] WARN org.apache.kafka.clients.NetworkClient  - Error while fetching metadata with correlation id 2 : {curiosity_to_earth_3=LEADER_NOT_AVAILABLE}
41821 [kafka-producer-network-thread | producer-1] WARN org.apache.kafka.clients.NetworkClient  - Error while fetching metadata with correlation id 3 : {curiosity_to_earth_3=LEADER_NOT_AVAILABLE}
44933 [pool-3-thread-1] INFO space.exploration.mars.rover.animation.SleepingAnimationEngine  - Rover is sleeping now
55989 [pool-2-thread-1] INFO space.exploration.mars.rover.diagnostics.Pacemaker  - Diagnostics inhibited because rover is sleeping to conserve battery Current instructionQueue length = 0
56026 [pool-2-thread-1] ERROR space.exploration.mars.rover.kernel.Rover  - SQLException
java.sql.SQLException: Field 'LOG_ID' doesn't have a default value
	at com.mysql.jdbc.SQLError.createSQLException(SQLError.java:1055)
	at com.mysql.jdbc.SQLError.createSQLException(SQLError.java:956)
	at com.mysql.jdbc.MysqlIO.checkErrorPacket(MysqlIO.java:3491)
	at com.mysql.jdbc.MysqlIO.checkErrorPacket(MysqlIO.java:3423)
	at com.mysql.jdbc.MysqlIO.sendCommand(MysqlIO.java:1936)
	at com.mysql.jdbc.MysqlIO.sqlQueryDirect(MysqlIO.java:2060)
	at com.mysql.jdbc.ConnectionImpl.execSQL(ConnectionImpl.java:2542)
	at com.mysql.jdbc.PreparedStatement.executeInternal(PreparedStatement.java:1734)
	at com.mysql.jdbc.PreparedStatement.executeUpdate(PreparedStatement.java:2019)
	at com.mysql.jdbc.PreparedStatement.executeUpdate(PreparedStatement.java:1937)
	at com.mysql.jdbc.PreparedStatement.executeUpdate(PreparedStatement.java:1922)
	at com.mysql.jdbc.UpdatableResultSet.insertRow(UpdatableResultSet.java:852)
	at space.exploration.mars.rover.kernel.Rover.writeSystemLog(Rover.java:200)
	at space.exploration.mars.rover.diagnostics.Pacemaker$1.run(Pacemaker.java:43)
	at java.util.concurrent.Executors$RunnableAdapter.call(Executors.java:511)
	at java.util.concurrent.FutureTask.runAndReset(FutureTask.java:308)
	at java.util.concurrent.ScheduledThreadPoolExecutor$ScheduledFutureTask.access$301(ScheduledThreadPoolExecutor.java:180)
	at java.util.concurrent.ScheduledThreadPoolExecutor$ScheduledFutureTask.run(ScheduledThreadPoolExecutor.java:294)
	at java.util.concurrent.ThreadPoolExecutor.runWorker(ThreadPoolExecutor.java:1149)
	at java.util.concurrent.ThreadPoolExecutor$Worker.run(ThreadPoolExecutor.java:624)
	at java.lang.Thread.run(Thread.java:748)
56992 [pool-3-thread-1] INFO space.exploration.mars.rover.diagnostics.SleepMonitor  - Awakening rover from slumber
56992 [pool-3-thread-1] INFO space.exploration.mars.rover.animation.SleepingAnimationEngine  - Waking up rover
205362 [pool-3-thread-1] INFO space.exploration.mars.rover.animation.SleepingAnimationEngine  - Rover is sleeping now
235988 [pool-2-thread-1] INFO space.exploration.mars.rover.diagnostics.Pacemaker  - Diagnostics inhibited because rover is sleeping to conserve battery Current instructionQueue length = 0
235989 [pool-2-thread-1] ERROR space.exploration.mars.rover.kernel.Rover  - SQLException
java.sql.SQLException: Field 'LOG_ID' doesn't have a default value
	at com.mysql.jdbc.SQLError.createSQLException(SQLError.java:1055)
	at com.mysql.jdbc.SQLError.createSQLException(SQLError.java:956)
	at com.mysql.jdbc.MysqlIO.checkErrorPacket(MysqlIO.java:3491)
	at com.mysql.jdbc.MysqlIO.checkErrorPacket(MysqlIO.java:3423)
	at com.mysql.jdbc.MysqlIO.sendCommand(MysqlIO.java:1936)
	at com.mysql.jdbc.MysqlIO.sqlQueryDirect(MysqlIO.java:2060)
	at com.mysql.jdbc.ConnectionImpl.execSQL(ConnectionImpl.java:2542)
	at com.mysql.jdbc.PreparedStatement.executeInternal(PreparedStatement.java:1734)
	at com.mysql.jdbc.PreparedStatement.executeUpdate(PreparedStatement.java:2019)
	at com.mysql.jdbc.PreparedStatement.executeUpdate(PreparedStatement.java:1937)
	at com.mysql.jdbc.PreparedStatement.executeUpdate(PreparedStatement.java:1922)
	at com.mysql.jdbc.UpdatableResultSet.insertRow(UpdatableResultSet.java:852)
	at space.exploration.mars.rover.kernel.Rover.writeSystemLog(Rover.java:200)
	at space.exploration.mars.rover.diagnostics.Pacemaker$1.run(Pacemaker.java:43)
	at java.util.concurrent.Executors$RunnableAdapter.call(Executors.java:511)
	at java.util.concurrent.FutureTask.runAndReset(FutureTask.java:308)
	at java.util.concurrent.ScheduledThreadPoolExecutor$ScheduledFutureTask.access$301(ScheduledThreadPoolExecutor.java:180)
	at java.util.concurrent.ScheduledThreadPoolExecutor$ScheduledFutureTask.run(ScheduledThreadPoolExecutor.java:294)
	at java.util.concurrent.ThreadPoolExecutor.runWorker(ThreadPoolExecutor.java:1149)
	at java.util.concurrent.ThreadPoolExecutor$Worker.run(ThreadPoolExecutor.java:624)
	at java.lang.Thread.run(Thread.java:748)
262800 [ZkClient-EventThread-26-localhost:2181] INFO kafka.consumer.ZookeeperConsumerConnector  - [space.exploration.mars.newRover_zion-portable-1508257587588-bcb4804d], Topic info for path /brokers/topics/earth_to_curiosity_3 changed to {"version":1,"partitions":{"0":[0]}}, triggering rebalance
262800 [space.exploration.mars.newRover_zion-portable-1508257587588-bcb4804d_watcher_executor] INFO kafka.consumer.ZookeeperConsumerConnector  - [space.exploration.mars.newRover_zion-portable-1508257587588-bcb4804d], begin rebalancing consumer space.exploration.mars.newRover_zion-portable-1508257587588-bcb4804d try #0
262849 [space.exploration.mars.newRover_zion-portable-1508257587588-bcb4804d_watcher_executor] INFO kafka.consumer.ConsumerFetcherManager  - [ConsumerFetcherManager-1508257587636] Stopping leader finder thread
262849 [space.exploration.mars.newRover_zion-portable-1508257587588-bcb4804d_watcher_executor] INFO kafka.consumer.ConsumerFetcherManager$LeaderFinderThread  - [space.exploration.mars.newRover_zion-portable-1508257587588-bcb4804d-leader-finder-thread], Shutting down
262850 [space.exploration.mars.newRover_zion-portable-1508257587588-bcb4804d-leader-finder-thread] INFO kafka.consumer.ConsumerFetcherManager$LeaderFinderThread  - [space.exploration.mars.newRover_zion-portable-1508257587588-bcb4804d-leader-finder-thread], Stopped 
262851 [space.exploration.mars.newRover_zion-portable-1508257587588-bcb4804d_watcher_executor] INFO kafka.consumer.ConsumerFetcherManager$LeaderFinderThread  - [space.exploration.mars.newRover_zion-portable-1508257587588-bcb4804d-leader-finder-thread], Shutdown completed
262851 [space.exploration.mars.newRover_zion-portable-1508257587588-bcb4804d_watcher_executor] INFO kafka.consumer.ConsumerFetcherManager  - [ConsumerFetcherManager-1508257587636] Stopping all fetchers
262851 [space.exploration.mars.newRover_zion-portable-1508257587588-bcb4804d_watcher_executor] INFO kafka.consumer.ConsumerFetcherManager  - [ConsumerFetcherManager-1508257587636] All connections stopped
262851 [space.exploration.mars.newRover_zion-portable-1508257587588-bcb4804d_watcher_executor] INFO kafka.consumer.ZookeeperConsumerConnector  - [space.exploration.mars.newRover_zion-portable-1508257587588-bcb4804d], Cleared all relevant queues for this fetcher
262851 [space.exploration.mars.newRover_zion-portable-1508257587588-bcb4804d_watcher_executor] INFO kafka.consumer.ZookeeperConsumerConnector  - [space.exploration.mars.newRover_zion-portable-1508257587588-bcb4804d], Cleared the data chunks in all the consumer message iterators
262851 [space.exploration.mars.newRover_zion-portable-1508257587588-bcb4804d_watcher_executor] INFO kafka.consumer.ZookeeperConsumerConnector  - [space.exploration.mars.newRover_zion-portable-1508257587588-bcb4804d], Committing all offsets after clearing the fetcher queues
262851 [space.exploration.mars.newRover_zion-portable-1508257587588-bcb4804d_watcher_executor] INFO kafka.consumer.ZookeeperConsumerConnector  - [space.exploration.mars.newRover_zion-portable-1508257587588-bcb4804d], Releasing partition ownership
262874 [space.exploration.mars.newRover_zion-portable-1508257587588-bcb4804d_watcher_executor] INFO kafka.consumer.RangeAssignor  - Consumer space.exploration.mars.newRover_zion-portable-1508257587588-bcb4804d rebalancing the following partitions: ArrayBuffer(0) for topic earth_to_curiosity_3 with consumers: List(space.exploration.mars.newRover_zion-portable-1508257587588-bcb4804d-0)
262879 [space.exploration.mars.newRover_zion-portable-1508257587588-bcb4804d_watcher_executor] INFO kafka.consumer.RangeAssignor  - space.exploration.mars.newRover_zion-portable-1508257587588-bcb4804d-0 attempting to claim partition 0
262902 [space.exploration.mars.newRover_zion-portable-1508257587588-bcb4804d_watcher_executor] INFO kafka.consumer.ZookeeperConsumerConnector  - [space.exploration.mars.newRover_zion-portable-1508257587588-bcb4804d], space.exploration.mars.newRover_zion-portable-1508257587588-bcb4804d-0 successfully owned partition 0 for topic earth_to_curiosity_3
262911 [space.exploration.mars.newRover_zion-portable-1508257587588-bcb4804d_watcher_executor] INFO kafka.consumer.ZookeeperConsumerConnector  - [space.exploration.mars.newRover_zion-portable-1508257587588-bcb4804d], Consumer space.exploration.mars.newRover_zion-portable-1508257587588-bcb4804d selected partitions : earth_to_curiosity_3:0: fetched offset = -1: consumed offset = -1
262912 [space.exploration.mars.newRover_zion-portable-1508257587588-bcb4804d-leader-finder-thread] INFO kafka.consumer.ConsumerFetcherManager$LeaderFinderThread  - [space.exploration.mars.newRover_zion-portable-1508257587588-bcb4804d-leader-finder-thread], Starting 
262912 [space.exploration.mars.newRover_zion-portable-1508257587588-bcb4804d_watcher_executor] INFO kafka.consumer.ZookeeperConsumerConnector  - [space.exploration.mars.newRover_zion-portable-1508257587588-bcb4804d], end rebalancing consumer space.exploration.mars.newRover_zion-portable-1508257587588-bcb4804d try #0
262929 [space.exploration.mars.newRover_zion-portable-1508257587588-bcb4804d-leader-finder-thread] INFO kafka.utils.VerifiableProperties  - Verifying properties
262929 [space.exploration.mars.newRover_zion-portable-1508257587588-bcb4804d-leader-finder-thread] INFO kafka.utils.VerifiableProperties  - Property client.id is overridden to space.exploration.mars.newRover
262929 [space.exploration.mars.newRover_zion-portable-1508257587588-bcb4804d-leader-finder-thread] INFO kafka.utils.VerifiableProperties  - Property metadata.broker.list is overridden to zion-portable:9092
262929 [space.exploration.mars.newRover_zion-portable-1508257587588-bcb4804d-leader-finder-thread] INFO kafka.utils.VerifiableProperties  - Property request.timeout.ms is overridden to 30000
262945 [space.exploration.mars.newRover_zion-portable-1508257587588-bcb4804d-leader-finder-thread] INFO kafka.client.ClientUtils$  - Fetching metadata from broker BrokerEndPoint(0,zion-portable,9092) with correlation id 0 for 1 topic(s) Set(earth_to_curiosity_3)
262950 [space.exploration.mars.newRover_zion-portable-1508257587588-bcb4804d-leader-finder-thread] INFO kafka.producer.SyncProducer  - Connected to zion-portable:9092 for producing
262966 [space.exploration.mars.newRover_zion-portable-1508257587588-bcb4804d-leader-finder-thread] INFO kafka.producer.SyncProducer  - Disconnecting from zion-portable:9092
262996 [ConsumerFetcherThread-space.exploration.mars.newRover_zion-portable-1508257587588-bcb4804d-0-0] INFO kafka.consumer.ConsumerFetcherThread  - [ConsumerFetcherThread-space.exploration.mars.newRover_zion-portable-1508257587588-bcb4804d-0-0], Starting 
263020 [space.exploration.mars.newRover_zion-portable-1508257587588-bcb4804d-leader-finder-thread] INFO kafka.consumer.ConsumerFetcherManager  - [ConsumerFetcherManager-1508257587636] Added fetcher for partitions ArrayBuffer([[earth_to_curiosity_3,0], initOffset -1 to broker BrokerEndPoint(0,zion-portable,9092)] )
295999 [pool-2-thread-1] INFO space.exploration.mars.rover.diagnostics.Pacemaker  - Diagnostics inhibited because rover is sleeping to conserve battery Current instructionQueue length = 0
296001 [pool-2-thread-1] ERROR space.exploration.mars.rover.kernel.Rover  - SQLException
java.sql.SQLException: Field 'LOG_ID' doesn't have a default value
	at com.mysql.jdbc.SQLError.createSQLException(SQLError.java:1055)
	at com.mysql.jdbc.SQLError.createSQLException(SQLError.java:956)
	at com.mysql.jdbc.MysqlIO.checkErrorPacket(MysqlIO.java:3491)
	at com.mysql.jdbc.MysqlIO.checkErrorPacket(MysqlIO.java:3423)
	at com.mysql.jdbc.MysqlIO.sendCommand(MysqlIO.java:1936)
	at com.mysql.jdbc.MysqlIO.sqlQueryDirect(MysqlIO.java:2060)
	at com.mysql.jdbc.ConnectionImpl.execSQL(ConnectionImpl.java:2542)
	at com.mysql.jdbc.PreparedStatement.executeInternal(PreparedStatement.java:1734)
	at com.mysql.jdbc.PreparedStatement.executeUpdate(PreparedStatement.java:2019)
	at com.mysql.jdbc.PreparedStatement.executeUpdate(PreparedStatement.java:1937)
	at com.mysql.jdbc.PreparedStatement.executeUpdate(PreparedStatement.java:1922)
	at com.mysql.jdbc.UpdatableResultSet.insertRow(UpdatableResultSet.java:852)
	at space.exploration.mars.rover.kernel.Rover.writeSystemLog(Rover.java:200)
	at space.exploration.mars.rover.diagnostics.Pacemaker$1.run(Pacemaker.java:43)
	at java.util.concurrent.Executors$RunnableAdapter.call(Executors.java:511)
	at java.util.concurrent.FutureTask.runAndReset(FutureTask.java:308)
	at java.util.concurrent.ScheduledThreadPoolExecutor$ScheduledFutureTask.access$301(ScheduledThreadPoolExecutor.java:180)
	at java.util.concurrent.ScheduledThreadPoolExecutor$ScheduledFutureTask.run(ScheduledThreadPoolExecutor.java:294)
	at java.util.concurrent.ThreadPoolExecutor.runWorker(ThreadPoolExecutor.java:1149)
	at java.util.concurrent.ThreadPoolExecutor$Worker.run(ThreadPoolExecutor.java:624)
	at java.lang.Thread.run(Thread.java:748)
