2018-01-08 00:05:30,551 [roverMain] INFO space.exploration.mars.rover.kernel.SpacecraftClock  - Valid utc time ranges are dictated by clockService as follows:
2018-01-08 00:05:30,556 [roverMain] INFO space.exploration.mars.rover.kernel.SpacecraftClock  - APPLICABLE_START_TIME=2000-001T11:58:55.816, APPLICABLE_STOP_TIME=2017-360T19:17:40.149
2018-01-08 00:05:30,556 [roverMain] INFO space.exploration.mars.rover.kernel.SpacecraftClock  - Given UTC = 2016-08-26~17:49:00
2018-01-08 00:05:30,556 [roverMain] INFO space.exploration.mars.rover.kernel.SpacecraftClock  - Please ensure that positionSensor and sclk are synchronized
2018-01-08 00:05:30,597 [roverMain] INFO space.exploration.mars.rover.kernel.SpacecraftClock  - Curiosity internal spacecraft clock started at :: 2016-08-26T22:49:00.000Z
2018-01-08 00:05:30,597 [roverMain] INFO space.exploration.mars.rover.kernel.SpacecraftClock  - Mission duration is set to :: 1 year(s).
2018-01-08 00:05:30,597 [roverMain] INFO space.exploration.mars.rover.kernel.SpacecraftClock  - Mission duration = 31536000000
2018-01-08 00:05:36,010 [roverMain] INFO space.exploration.mars.rover.diagnostics.RoverGarbageCollector  - Starting garbageCollection
2018-01-08 00:05:38,019 [roverMain] INFO space.exploration.mars.rover.kernel.Rover  - Rover current position is = java.awt.Point[x=525,y=100]
2018-01-08 00:05:39,020 [roverMain] INFO space.exploration.mars.rover.sensor.Lidar  - Lidar initialized and ready!
2018-01-08 00:05:40,024 [roverMain] INFO space.exploration.mars.rover.sensor.Spectrometer  - Spectrometer initialized and ready!
2018-01-08 00:05:41,251 [roverMain] INFO space.exploration.mars.rover.sensor.Camera  - Camera initialized and ready!
2018-01-08 00:05:42,254 [roverMain] INFO space.exploration.mars.rover.sensor.Radar  - Radar configured:: 
2018-01-08 00:05:43,759 [roverMain] INFO space.exploration.mars.rover.power.Battery  - Battery configured, batteryLife:primaryPowerUnits = 1200 auxiliaryPowerUnits = 100 alertThreshold: 100 rechargeTime = 60000
2018-01-08 00:05:44,765 [roverMain] INFO space.exploration.mars.rover.kernel.Rover  - Battery Monitor configured!
2018-01-08 00:05:44,812 [roverMain] INFO org.apache.kafka.clients.producer.ProducerConfig  - ProducerConfig values: 
	metric.reporters = []
	metadata.max.age.ms = 300000
	reconnect.backoff.ms = 50
	sasl.kerberos.ticket.renew.window.factor = 0.8
	bootstrap.servers = [localhost:9092]
	ssl.keystore.type = JKS
	sasl.mechanism = GSSAPI
	max.block.ms = 60000
	interceptor.classes = null
	ssl.truststore.password = null
	client.id = 
	ssl.endpoint.identification.algorithm = null
	request.timeout.ms = 30000
	acks = 1
	receive.buffer.bytes = 32768
	ssl.truststore.type = JKS
	retries = 0
	ssl.truststore.location = null
	ssl.keystore.password = null
	send.buffer.bytes = 131072
	compression.type = none
	metadata.fetch.timeout.ms = 60000
	retry.backoff.ms = 100
	sasl.kerberos.kinit.cmd = /usr/bin/kinit
	buffer.memory = 33554432
	timeout.ms = 30000
	key.serializer = class org.apache.kafka.common.serialization.StringSerializer
	sasl.kerberos.service.name = null
	sasl.kerberos.ticket.renew.jitter = 0.05
	ssl.trustmanager.algorithm = PKIX
	block.on.buffer.full = false
	ssl.key.password = null
	sasl.kerberos.min.time.before.relogin = 60000
	connections.max.idle.ms = 540000
	max.in.flight.requests.per.connection = 5
	metrics.num.samples = 2
	ssl.protocol = TLS
	ssl.provider = null
	ssl.enabled.protocols = [TLSv1.2, TLSv1.1, TLSv1]
	batch.size = 16384
	ssl.keystore.location = null
	ssl.cipher.suites = null
	security.protocol = PLAINTEXT
	max.request.size = 1048576
	value.serializer = class org.apache.kafka.common.serialization.ByteArraySerializer
	ssl.keymanager.algorithm = SunX509
	metrics.sample.window.ms = 30000
	partitioner.class = class org.apache.kafka.clients.producer.internals.DefaultPartitioner
	linger.ms = 0

2018-01-08 00:05:44,908 [roverMain] INFO org.apache.kafka.clients.producer.ProducerConfig  - ProducerConfig values: 
	metric.reporters = []
	metadata.max.age.ms = 300000
	reconnect.backoff.ms = 50
	sasl.kerberos.ticket.renew.window.factor = 0.8
	bootstrap.servers = [localhost:9092]
	ssl.keystore.type = JKS
	sasl.mechanism = GSSAPI
	max.block.ms = 60000
	interceptor.classes = null
	ssl.truststore.password = null
	client.id = producer-1
	ssl.endpoint.identification.algorithm = null
	request.timeout.ms = 30000
	acks = 1
	receive.buffer.bytes = 32768
	ssl.truststore.type = JKS
	retries = 0
	ssl.truststore.location = null
	ssl.keystore.password = null
	send.buffer.bytes = 131072
	compression.type = none
	metadata.fetch.timeout.ms = 60000
	retry.backoff.ms = 100
	sasl.kerberos.kinit.cmd = /usr/bin/kinit
	buffer.memory = 33554432
	timeout.ms = 30000
	key.serializer = class org.apache.kafka.common.serialization.StringSerializer
	sasl.kerberos.service.name = null
	sasl.kerberos.ticket.renew.jitter = 0.05
	ssl.trustmanager.algorithm = PKIX
	block.on.buffer.full = false
	ssl.key.password = null
	sasl.kerberos.min.time.before.relogin = 60000
	connections.max.idle.ms = 540000
	max.in.flight.requests.per.connection = 5
	metrics.num.samples = 2
	ssl.protocol = TLS
	ssl.provider = null
	ssl.enabled.protocols = [TLSv1.2, TLSv1.1, TLSv1]
	batch.size = 16384
	ssl.keystore.location = null
	ssl.cipher.suites = null
	security.protocol = PLAINTEXT
	max.request.size = 1048576
	value.serializer = class org.apache.kafka.common.serialization.ByteArraySerializer
	ssl.keymanager.algorithm = SunX509
	metrics.sample.window.ms = 30000
	partitioner.class = class org.apache.kafka.clients.producer.internals.DefaultPartitioner
	linger.ms = 0

2018-01-08 00:05:44,909 [roverMain] WARN org.apache.kafka.clients.producer.ProducerConfig  - The configuration zookeeper.connect = localhost:2181 was supplied but isn't a known config.
2018-01-08 00:05:44,909 [roverMain] WARN org.apache.kafka.clients.producer.ProducerConfig  - The configuration group.id = space.exploration.mars.rover.curiosity.1515391529355 was supplied but isn't a known config.
2018-01-08 00:05:44,909 [roverMain] WARN org.apache.kafka.clients.producer.ProducerConfig  - The configuration source.topic = earth_to_curiosity_5 was supplied but isn't a known config.
2018-01-08 00:05:44,909 [roverMain] WARN org.apache.kafka.clients.producer.ProducerConfig  - The configuration auto.offset.reset = largest was supplied but isn't a known config.
2018-01-08 00:05:44,909 [roverMain] WARN org.apache.kafka.clients.producer.ProducerConfig  - The configuration metadata.broker.list = localhost:9092 was supplied but isn't a known config.
2018-01-08 00:05:44,909 [roverMain] WARN org.apache.kafka.clients.producer.ProducerConfig  - The configuration destination.topic = curiosity_to_earth_5 was supplied but isn't a known config.
2018-01-08 00:05:44,910 [roverMain] INFO org.apache.kafka.common.utils.AppInfoParser  - Kafka version : 0.10.0.1
2018-01-08 00:05:44,910 [roverMain] INFO org.apache.kafka.common.utils.AppInfoParser  - Kafka commitId : a7a17cdec9eaa6c5
2018-01-08 00:05:45,044 [roverMain] INFO kafka.utils.VerifiableProperties  - Verifying properties
2018-01-08 00:05:45,072 [roverMain] INFO kafka.utils.VerifiableProperties  - Property auto.offset.reset is overridden to largest
2018-01-08 00:05:45,072 [roverMain] WARN kafka.utils.VerifiableProperties  - Property bootstrap.servers is not valid
2018-01-08 00:05:45,072 [roverMain] WARN kafka.utils.VerifiableProperties  - Property destination.topic is not valid
2018-01-08 00:05:45,072 [roverMain] INFO kafka.utils.VerifiableProperties  - Property group.id is overridden to space.exploration.mars.rover.curiosity.1515391529355
2018-01-08 00:05:45,073 [roverMain] WARN kafka.utils.VerifiableProperties  - Property key.serializer is not valid
2018-01-08 00:05:45,073 [roverMain] WARN kafka.utils.VerifiableProperties  - Property metadata.broker.list is not valid
2018-01-08 00:05:45,073 [roverMain] WARN kafka.utils.VerifiableProperties  - Property source.topic is not valid
2018-01-08 00:05:45,073 [roverMain] WARN kafka.utils.VerifiableProperties  - Property value.serializer is not valid
2018-01-08 00:05:45,073 [roverMain] INFO kafka.utils.VerifiableProperties  - Property zookeeper.connect is overridden to localhost:2181
2018-01-08 00:05:45,166 [roverMain] INFO kafka.consumer.ZookeeperConsumerConnector  - [space.exploration.mars.rover.curiosity.1515391529355_zion-mainframe-1515391545165-b8a7e5f0], Connecting to zookeeper instance at localhost:2181
2018-01-08 00:05:45,177 [ZkClient-EventThread-34-localhost:2181] INFO org.I0Itec.zkclient.ZkEventThread  - Starting ZkClient event thread.
2018-01-08 00:05:45,181 [roverMain] INFO org.apache.zookeeper.ZooKeeper  - Client environment:zookeeper.version=3.4.6-1569965, built on 02/20/2014 09:09 GMT
2018-01-08 00:05:45,181 [roverMain] INFO org.apache.zookeeper.ZooKeeper  - Client environment:host.name=zion-mainframe
2018-01-08 00:05:45,181 [roverMain] INFO org.apache.zookeeper.ZooKeeper  - Client environment:java.version=1.8.0_151
2018-01-08 00:05:45,181 [roverMain] INFO org.apache.zookeeper.ZooKeeper  - Client environment:java.vendor=Oracle Corporation
2018-01-08 00:05:45,181 [roverMain] INFO org.apache.zookeeper.ZooKeeper  - Client environment:java.home=/usr/lib/jvm/java-8-openjdk-amd64/jre
2018-01-08 00:05:45,181 [roverMain] INFO org.apache.zookeeper.ZooKeeper  - Client environment:java.class.path=/usr/lib/jvm/java-1.8.0-openjdk-amd64/jre/lib/charsets.jar:/usr/lib/jvm/java-1.8.0-openjdk-amd64/jre/lib/ext/cldrdata.jar:/usr/lib/jvm/java-1.8.0-openjdk-amd64/jre/lib/ext/dnsns.jar:/usr/lib/jvm/java-1.8.0-openjdk-amd64/jre/lib/ext/icedtea-sound.jar:/usr/lib/jvm/java-1.8.0-openjdk-amd64/jre/lib/ext/jaccess.jar:/usr/lib/jvm/java-1.8.0-openjdk-amd64/jre/lib/ext/localedata.jar:/usr/lib/jvm/java-1.8.0-openjdk-amd64/jre/lib/ext/nashorn.jar:/usr/lib/jvm/java-1.8.0-openjdk-amd64/jre/lib/ext/sunec.jar:/usr/lib/jvm/java-1.8.0-openjdk-amd64/jre/lib/ext/sunjce_provider.jar:/usr/lib/jvm/java-1.8.0-openjdk-amd64/jre/lib/ext/sunpkcs11.jar:/usr/lib/jvm/java-1.8.0-openjdk-amd64/jre/lib/ext/zipfs.jar:/usr/lib/jvm/java-1.8.0-openjdk-amd64/jre/lib/jce.jar:/usr/lib/jvm/java-1.8.0-openjdk-amd64/jre/lib/jsse.jar:/usr/lib/jvm/java-1.8.0-openjdk-amd64/jre/lib/management-agent.jar:/usr/lib/jvm/java-1.8.0-openjdk-amd64/jre/lib/resources.jar:/usr/lib/jvm/java-1.8.0-openjdk-amd64/jre/lib/rt.jar:/home/sanket/Documents/workspace/MarsRover/mars.rover/target/classes:/home/sanket/.m2/repository/io/dropwizard/metrics/metrics-core/4.0.0/metrics-core-4.0.0.jar:/home/sanket/.m2/repository/org/slf4j/slf4j-api/1.7.25/slf4j-api-1.7.25.jar:/home/sanket/.m2/repository/org/apache/kafka/kafka_2.10/0.10.0.1/kafka_2.10-0.10.0.1.jar:/home/sanket/.m2/repository/com/101tec/zkclient/0.8/zkclient-0.8.jar:/home/sanket/.m2/repository/org/scala-lang/scala-library/2.10.6/scala-library-2.10.6.jar:/home/sanket/.m2/repository/org/slf4j/slf4j-log4j12/1.7.21/slf4j-log4j12-1.7.21.jar:/home/sanket/.m2/repository/com/yammer/metrics/metrics-core/2.2.0/metrics-core-2.2.0.jar:/home/sanket/.m2/repository/org/apache/kafka/kafka-clients/0.10.0.1/kafka-clients-0.10.0.1.jar:/home/sanket/.m2/repository/net/jpountz/lz4/lz4/1.3.0/lz4-1.3.0.jar:/home/sanket/.m2/repository/org/xerial/snappy/snappy-java/1.1.2.6/snappy-java-1.1.2.6.jar:/home/sanket/.m2/repository/net/sf/jopt-simple/jopt-simple/4.9/jopt-simple-4.9.jar:/home/sanket/.m2/repository/org/apache/zookeeper/zookeeper/3.4.6/zookeeper-3.4.6.jar:/home/sanket/.m2/repository/jline/jline/0.9.94/jline-0.9.94.jar:/home/sanket/.m2/repository/io/netty/netty/3.7.0.Final/netty-3.7.0.Final.jar:/home/sanket/.m2/repository/org/tensorflow/tensorflow/1.1.0/tensorflow-1.1.0.jar:/home/sanket/.m2/repository/org/tensorflow/libtensorflow/1.1.0/libtensorflow-1.1.0.jar:/home/sanket/.m2/repository/org/tensorflow/libtensorflow_jni/1.1.0/libtensorflow_jni-1.1.0.jar:/home/sanket/.m2/repository/mysql/mysql-connector-java/5.1.6/mysql-connector-java-5.1.6.jar:/home/sanket/.m2/repository/com/google/code/gson/gson/2.8.2/gson-2.8.2.jar:/home/sanket/.m2/repository/joda-time/joda-time/2.8.1/joda-time-2.8.1.jar:/home/sanket/.m2/repository/org/jsoup/jsoup/1.8.3/jsoup-1.8.3.jar:/home/sanket/.m2/repository/space/exploration/communications.protocol/1.2/communications.protocol-1.2.jar:/home/sanket/.m2/repository/com/google/protobuf/protobuf-java/3.4.0/protobuf-java-3.4.0.jar:/home/sanket/.m2/repository/space/exploration/spice.utilities/1.2.3/spice.utilities-1.2.3.jar:/home/sanket/.m2/repository/commons-io/commons-io/1.3.2/commons-io-1.3.2.jar:/home/sanket/.m2/repository/log4j/log4j/1.2.17/log4j-1.2.17.jar:/home/sanket/Documents/Tools/idea/idea-IU-173.3727.127/lib/idea_rt.jar:/home/sanket/Documents/Tools/idea/idea-IU-173.3727.127/lib/rt/debugger-agent.jar
2018-01-08 00:05:45,181 [roverMain] INFO org.apache.zookeeper.ZooKeeper  - Client environment:java.library.path=$LD_LIBRARY_PATH:"/home/sanket/Documents/workspace/SpiceUtilities/src/main/resources/JNISpice/lib/libJNISpice.so":/usr/java/packages/lib/amd64:/usr/lib/x86_64-linux-gnu/jni:/lib/x86_64-linux-gnu:/usr/lib/x86_64-linux-gnu:/usr/lib/jni:/lib:/usr/lib
2018-01-08 00:05:45,181 [roverMain] INFO org.apache.zookeeper.ZooKeeper  - Client environment:java.io.tmpdir=/tmp
2018-01-08 00:05:45,181 [roverMain] INFO org.apache.zookeeper.ZooKeeper  - Client environment:java.compiler=<NA>
2018-01-08 00:05:45,181 [roverMain] INFO org.apache.zookeeper.ZooKeeper  - Client environment:os.name=Linux
2018-01-08 00:05:45,181 [roverMain] INFO org.apache.zookeeper.ZooKeeper  - Client environment:os.arch=amd64
2018-01-08 00:05:45,181 [roverMain] INFO org.apache.zookeeper.ZooKeeper  - Client environment:os.version=4.10.0-42-generic
2018-01-08 00:05:45,181 [roverMain] INFO org.apache.zookeeper.ZooKeeper  - Client environment:user.name=sanket
2018-01-08 00:05:45,181 [roverMain] INFO org.apache.zookeeper.ZooKeeper  - Client environment:user.home=/home/sanket
2018-01-08 00:05:45,181 [roverMain] INFO org.apache.zookeeper.ZooKeeper  - Client environment:user.dir=/home/sanket/Documents/workspace/MarsRover/mars.rover
2018-01-08 00:05:45,182 [roverMain] INFO org.apache.zookeeper.ZooKeeper  - Initiating client connection, connectString=localhost:2181 sessionTimeout=6000 watcher=org.I0Itec.zkclient.ZkClient@30ea8c23
2018-01-08 00:05:45,192 [roverMain] INFO org.I0Itec.zkclient.ZkClient  - Waiting for keeper state SyncConnected
2018-01-08 00:05:45,194 [roverMain-SendThread(localhost:2181)] INFO org.apache.zookeeper.ClientCnxn  - Opening socket connection to server localhost/127.0.0.1:2181. Will not attempt to authenticate using SASL (unknown error)
2018-01-08 00:05:45,197 [roverMain-SendThread(localhost:2181)] INFO org.apache.zookeeper.ClientCnxn  - Socket connection established to localhost/127.0.0.1:2181, initiating session
2018-01-08 00:05:45,203 [roverMain-SendThread(localhost:2181)] INFO org.apache.zookeeper.ClientCnxn  - Session establishment complete on server localhost/127.0.0.1:2181, sessionid = 0x160d4443dc70007, negotiated timeout = 6000
2018-01-08 00:05:45,205 [roverMain-EventThread] INFO org.I0Itec.zkclient.ZkClient  - zookeeper state changed (SyncConnected)
2018-01-08 00:05:45,213 [roverMain] INFO kafka.consumer.ZookeeperConsumerConnector  - [space.exploration.mars.rover.curiosity.1515391529355_zion-mainframe-1515391545165-b8a7e5f0], starting auto committer every 60000 ms
2018-01-08 00:05:45,239 [radio] INFO kafka.consumer.ZookeeperConsumerConnector  - [space.exploration.mars.rover.curiosity.1515391529355_zion-mainframe-1515391545165-b8a7e5f0], begin registering consumer space.exploration.mars.rover.curiosity.1515391529355_zion-mainframe-1515391545165-b8a7e5f0 in ZK
2018-01-08 00:05:45,267 [radio] INFO kafka.utils.ZKCheckedEphemeral  - Creating /consumers/space.exploration.mars.rover.curiosity.1515391529355/ids/space.exploration.mars.rover.curiosity.1515391529355_zion-mainframe-1515391545165-b8a7e5f0 (is it secure? false)
2018-01-08 00:05:45,277 [radio] INFO kafka.utils.ZKCheckedEphemeral  - Result of znode creation is: OK
2018-01-08 00:05:45,277 [radio] INFO kafka.consumer.ZookeeperConsumerConnector  - [space.exploration.mars.rover.curiosity.1515391529355_zion-mainframe-1515391545165-b8a7e5f0], end registering consumer space.exploration.mars.rover.curiosity.1515391529355_zion-mainframe-1515391545165-b8a7e5f0 in ZK
2018-01-08 00:05:45,281 [space.exploration.mars.rover.curiosity.1515391529355_zion-mainframe-1515391545165-b8a7e5f0_watcher_executor] INFO kafka.consumer.ZookeeperConsumerConnector  - [space.exploration.mars.rover.curiosity.1515391529355_zion-mainframe-1515391545165-b8a7e5f0], starting watcher executor thread for consumer space.exploration.mars.rover.curiosity.1515391529355_zion-mainframe-1515391545165-b8a7e5f0
2018-01-08 00:05:45,299 [radio] INFO kafka.consumer.ZookeeperConsumerConnector  - [space.exploration.mars.rover.curiosity.1515391529355_zion-mainframe-1515391545165-b8a7e5f0], begin rebalancing consumer space.exploration.mars.rover.curiosity.1515391529355_zion-mainframe-1515391545165-b8a7e5f0 try #0
2018-01-08 00:05:45,419 [radio] INFO kafka.consumer.ConsumerFetcherManager  - [ConsumerFetcherManager-1515391545211] Stopping leader finder thread
2018-01-08 00:05:45,420 [radio] INFO kafka.consumer.ConsumerFetcherManager  - [ConsumerFetcherManager-1515391545211] Stopping all fetchers
2018-01-08 00:05:45,422 [radio] INFO kafka.consumer.ConsumerFetcherManager  - [ConsumerFetcherManager-1515391545211] All connections stopped
2018-01-08 00:05:45,422 [radio] INFO kafka.consumer.ZookeeperConsumerConnector  - [space.exploration.mars.rover.curiosity.1515391529355_zion-mainframe-1515391545165-b8a7e5f0], Cleared all relevant queues for this fetcher
2018-01-08 00:05:45,424 [radio] INFO kafka.consumer.ZookeeperConsumerConnector  - [space.exploration.mars.rover.curiosity.1515391529355_zion-mainframe-1515391545165-b8a7e5f0], Cleared the data chunks in all the consumer message iterators
2018-01-08 00:05:45,425 [radio] INFO kafka.consumer.ZookeeperConsumerConnector  - [space.exploration.mars.rover.curiosity.1515391529355_zion-mainframe-1515391545165-b8a7e5f0], Committing all offsets after clearing the fetcher queues
2018-01-08 00:05:45,427 [radio] INFO kafka.consumer.ZookeeperConsumerConnector  - [space.exploration.mars.rover.curiosity.1515391529355_zion-mainframe-1515391545165-b8a7e5f0], Releasing partition ownership
2018-01-08 00:05:45,459 [radio] INFO kafka.consumer.RangeAssignor  - Consumer space.exploration.mars.rover.curiosity.1515391529355_zion-mainframe-1515391545165-b8a7e5f0 rebalancing the following partitions: ArrayBuffer(0) for topic earth_to_curiosity_5 with consumers: List(space.exploration.mars.rover.curiosity.1515391529355_zion-mainframe-1515391545165-b8a7e5f0-0)
2018-01-08 00:05:45,461 [radio] INFO kafka.consumer.RangeAssignor  - space.exploration.mars.rover.curiosity.1515391529355_zion-mainframe-1515391545165-b8a7e5f0-0 attempting to claim partition 0
2018-01-08 00:05:45,485 [radio] INFO kafka.consumer.ZookeeperConsumerConnector  - [space.exploration.mars.rover.curiosity.1515391529355_zion-mainframe-1515391545165-b8a7e5f0], space.exploration.mars.rover.curiosity.1515391529355_zion-mainframe-1515391545165-b8a7e5f0-0 successfully owned partition 0 for topic earth_to_curiosity_5
2018-01-08 00:05:45,498 [radio] INFO kafka.consumer.ZookeeperConsumerConnector  - [space.exploration.mars.rover.curiosity.1515391529355_zion-mainframe-1515391545165-b8a7e5f0], Consumer space.exploration.mars.rover.curiosity.1515391529355_zion-mainframe-1515391545165-b8a7e5f0 selected partitions : earth_to_curiosity_5:0: fetched offset = -1: consumed offset = -1
2018-01-08 00:05:45,499 [space.exploration.mars.rover.curiosity.1515391529355_zion-mainframe-1515391545165-b8a7e5f0-leader-finder-thread] INFO kafka.consumer.ConsumerFetcherManager$LeaderFinderThread  - [space.exploration.mars.rover.curiosity.1515391529355_zion-mainframe-1515391545165-b8a7e5f0-leader-finder-thread], Starting 
2018-01-08 00:05:45,500 [radio] INFO kafka.consumer.ZookeeperConsumerConnector  - [space.exploration.mars.rover.curiosity.1515391529355_zion-mainframe-1515391545165-b8a7e5f0], end rebalancing consumer space.exploration.mars.rover.curiosity.1515391529355_zion-mainframe-1515391545165-b8a7e5f0 try #0
2018-01-08 00:05:45,514 [space.exploration.mars.rover.curiosity.1515391529355_zion-mainframe-1515391545165-b8a7e5f0-leader-finder-thread] INFO kafka.utils.VerifiableProperties  - Verifying properties
2018-01-08 00:05:45,515 [space.exploration.mars.rover.curiosity.1515391529355_zion-mainframe-1515391545165-b8a7e5f0-leader-finder-thread] INFO kafka.utils.VerifiableProperties  - Property client.id is overridden to space.exploration.mars.rover.curiosity.1515391529355
2018-01-08 00:05:45,515 [space.exploration.mars.rover.curiosity.1515391529355_zion-mainframe-1515391545165-b8a7e5f0-leader-finder-thread] INFO kafka.utils.VerifiableProperties  - Property metadata.broker.list is overridden to zion-mainframe:9092
2018-01-08 00:05:45,515 [space.exploration.mars.rover.curiosity.1515391529355_zion-mainframe-1515391545165-b8a7e5f0-leader-finder-thread] INFO kafka.utils.VerifiableProperties  - Property request.timeout.ms is overridden to 30000
2018-01-08 00:05:45,525 [space.exploration.mars.rover.curiosity.1515391529355_zion-mainframe-1515391545165-b8a7e5f0-leader-finder-thread] INFO kafka.client.ClientUtils$  - Fetching metadata from broker BrokerEndPoint(0,zion-mainframe,9092) with correlation id 0 for 1 topic(s) Set(earth_to_curiosity_5)
2018-01-08 00:05:45,530 [space.exploration.mars.rover.curiosity.1515391529355_zion-mainframe-1515391545165-b8a7e5f0-leader-finder-thread] INFO kafka.producer.SyncProducer  - Connected to zion-mainframe:9092 for producing
2018-01-08 00:05:45,541 [space.exploration.mars.rover.curiosity.1515391529355_zion-mainframe-1515391545165-b8a7e5f0-leader-finder-thread] INFO kafka.producer.SyncProducer  - Disconnecting from zion-mainframe:9092
2018-01-08 00:05:45,553 [ConsumerFetcherThread-space.exploration.mars.rover.curiosity.1515391529355_zion-mainframe-1515391545165-b8a7e5f0-0-0] INFO kafka.consumer.ConsumerFetcherThread  - [ConsumerFetcherThread-space.exploration.mars.rover.curiosity.1515391529355_zion-mainframe-1515391545165-b8a7e5f0-0-0], Starting 
2018-01-08 00:05:45,573 [space.exploration.mars.rover.curiosity.1515391529355_zion-mainframe-1515391545165-b8a7e5f0-leader-finder-thread] INFO kafka.consumer.ConsumerFetcherManager  - [ConsumerFetcherManager-1515391545211] Added fetcher for partitions ArrayBuffer([[earth_to_curiosity_5,0], initOffset -1 to broker BrokerEndPoint(0,zion-mainframe,9092)] )
2018-01-08 00:05:46,216 [roverMain] INFO space.exploration.mars.rover.communication.Radio  - Radio configured:: 
group.id::space.exploration.mars.rover.curiosity.1515391529355
auto.offset.reset::largest
bootstrap.servers::localhost:9092
value.serializer::org.apache.kafka.common.serialization.ByteArraySerializer
destination.topic::curiosity_to_earth_5
zookeeper.connect::localhost:2181
key.serializer::org.apache.kafka.common.serialization.StringSerializer
source.topic::earth_to_curiosity_5
metadata.broker.list::localhost:9092
2018-01-08 00:05:47,217 [roverMain] INFO space.exploration.mars.rover.sensor.Radar  - Radar configured:: 
2018-01-08 00:05:53,416 [roverMain] INFO space.exploration.mars.rover.communication.Transmitter  - Sending information packet to curiosity_to_earth_5
2018-01-08 00:05:56,420 [sleepMonitor] INFO space.exploration.mars.rover.animation.SleepingAnimationEngine  - Rover is sleeping now
2018-01-08 00:06:14,763 [batteryMonitor] INFO space.exploration.mars.rover.power.BatteryMonitor  - BatteryMonitor performing due diligence. SCET = 1515391574763 Rover state = Sleeping State
2018-01-08 00:06:14,763 [batteryMonitor] INFO space.exploration.mars.rover.power.BatteryMonitor  -  Battery primaryUnits = 1200 auxiliaryPowerUnits = 100
2018-01-08 00:06:34,007 [pacemaker] INFO space.exploration.mars.rover.diagnostics.Pacemaker  - Diagnostics inhibited because rover is sleeping to conserve battery Current instructionQueue length = 0
2018-01-08 00:06:35,009 [sleepMonitor] INFO space.exploration.mars.rover.diagnostics.SleepMonitor  - Awakening rover from slumber
2018-01-08 00:06:35,009 [sleepMonitor] INFO space.exploration.mars.rover.animation.SleepingAnimationEngine  - Waking up rover
2018-01-08 00:06:35,010 [sleepBreather] INFO space.exploration.mars.rover.animation.SleepBreather  - Sleep animation interrupted.
2018-01-08 00:06:44,763 [batteryMonitor] INFO space.exploration.mars.rover.power.BatteryMonitor  - BatteryMonitor performing due diligence. SCET = 1515391604763 Rover state = Listening State
2018-01-08 00:06:44,763 [batteryMonitor] INFO space.exploration.mars.rover.power.BatteryMonitor  -  Battery primaryUnits = 1200 auxiliaryPowerUnits = 100
