2018-01-09 20:10:59,075 [roverMain] INFO space.exploration.mars.rover.kernel.SpacecraftClock  - Valid utc time ranges are dictated by clockService as follows:
2018-01-09 20:10:59,076 [roverMain] INFO space.exploration.mars.rover.kernel.SpacecraftClock  - APPLICABLE_START_TIME=2000-001T11:58:55.816, APPLICABLE_STOP_TIME=2017-360T19:17:40.149
2018-01-09 20:10:59,076 [roverMain] INFO space.exploration.mars.rover.kernel.SpacecraftClock  - Given UTC = 2016-12-16~10:11:00
2018-01-09 20:10:59,076 [roverMain] INFO space.exploration.mars.rover.kernel.SpacecraftClock  - Please ensure that positionSensor and sclk are synchronized
2018-01-09 20:10:59,083 [roverMain] INFO space.exploration.mars.rover.kernel.SpacecraftClock  - Curiosity internal spacecraft clock started at :: 2016-12-16T16:11:00.000Z
2018-01-09 20:10:59,083 [roverMain] INFO space.exploration.mars.rover.kernel.SpacecraftClock  - Mission duration is set to :: 1 year(s).
2018-01-09 20:10:59,083 [roverMain] INFO space.exploration.mars.rover.kernel.SpacecraftClock  - Mission duration = 31536000000
2018-01-09 20:11:03,233 [roverMain] INFO space.exploration.mars.rover.diagnostics.RoverGarbageCollector  - Starting garbageCollection
2018-01-09 20:11:05,235 [roverMain] INFO space.exploration.mars.rover.kernel.Rover  - Rover current position is = java.awt.Point[x=525,y=100]
2018-01-09 20:11:06,238 [roverMain] INFO space.exploration.mars.rover.sensor.Lidar  - Lidar initialized and ready!
2018-01-09 20:11:07,242 [roverMain] INFO space.exploration.mars.rover.sensor.Spectrometer  - Spectrometer initialized and ready!
2018-01-09 20:11:08,472 [roverMain] INFO space.exploration.mars.rover.sensor.Camera  - Camera initialized and ready!
2018-01-09 20:11:09,476 [roverMain] INFO space.exploration.mars.rover.sensor.Radar  - Radar configured:: 
2018-01-09 20:11:10,667 [roverMain] INFO space.exploration.mars.rover.power.Battery  - Battery configured, batteryLife:primaryPowerUnits = 1200 auxiliaryPowerUnits = 100 alertThreshold: 100 rechargeTime = 60000
2018-01-09 20:11:11,672 [roverMain] INFO space.exploration.mars.rover.kernel.Rover  - Battery Monitor configured!
2018-01-09 20:11:11,711 [roverMain] INFO org.apache.kafka.clients.producer.ProducerConfig  - ProducerConfig values: 
	metric.reporters = []
	metadata.max.age.ms = 300000
	reconnect.backoff.ms = 50
	sasl.kerberos.ticket.renew.window.factor = 0.8
	bootstrap.servers = [localhost:9092]
	ssl.keystore.type = JKS
	sasl.mechanism = GSSAPI
	max.block.ms = 60000
	interceptor.classes = null
	ssl.truststore.password = null
	client.id = 
	ssl.endpoint.identification.algorithm = null
	request.timeout.ms = 30000
	acks = 1
	receive.buffer.bytes = 32768
	ssl.truststore.type = JKS
	retries = 0
	ssl.truststore.location = null
	ssl.keystore.password = null
	send.buffer.bytes = 131072
	compression.type = none
	metadata.fetch.timeout.ms = 60000
	retry.backoff.ms = 100
	sasl.kerberos.kinit.cmd = /usr/bin/kinit
	buffer.memory = 33554432
	timeout.ms = 30000
	key.serializer = class org.apache.kafka.common.serialization.StringSerializer
	sasl.kerberos.service.name = null
	sasl.kerberos.ticket.renew.jitter = 0.05
	ssl.trustmanager.algorithm = PKIX
	block.on.buffer.full = false
	ssl.key.password = null
	sasl.kerberos.min.time.before.relogin = 60000
	connections.max.idle.ms = 540000
	max.in.flight.requests.per.connection = 5
	metrics.num.samples = 2
	ssl.protocol = TLS
	ssl.provider = null
	ssl.enabled.protocols = [TLSv1.2, TLSv1.1, TLSv1]
	batch.size = 16384
	ssl.keystore.location = null
	ssl.cipher.suites = null
	security.protocol = PLAINTEXT
	max.request.size = 1048576
	value.serializer = class org.apache.kafka.common.serialization.ByteArraySerializer
	ssl.keymanager.algorithm = SunX509
	metrics.sample.window.ms = 30000
	partitioner.class = class org.apache.kafka.clients.producer.internals.DefaultPartitioner
	linger.ms = 0

2018-01-09 20:11:11,781 [roverMain] INFO org.apache.kafka.clients.producer.ProducerConfig  - ProducerConfig values: 
	metric.reporters = []
	metadata.max.age.ms = 300000
	reconnect.backoff.ms = 50
	sasl.kerberos.ticket.renew.window.factor = 0.8
	bootstrap.servers = [localhost:9092]
	ssl.keystore.type = JKS
	sasl.mechanism = GSSAPI
	max.block.ms = 60000
	interceptor.classes = null
	ssl.truststore.password = null
	client.id = producer-1
	ssl.endpoint.identification.algorithm = null
	request.timeout.ms = 30000
	acks = 1
	receive.buffer.bytes = 32768
	ssl.truststore.type = JKS
	retries = 0
	ssl.truststore.location = null
	ssl.keystore.password = null
	send.buffer.bytes = 131072
	compression.type = none
	metadata.fetch.timeout.ms = 60000
	retry.backoff.ms = 100
	sasl.kerberos.kinit.cmd = /usr/bin/kinit
	buffer.memory = 33554432
	timeout.ms = 30000
	key.serializer = class org.apache.kafka.common.serialization.StringSerializer
	sasl.kerberos.service.name = null
	sasl.kerberos.ticket.renew.jitter = 0.05
	ssl.trustmanager.algorithm = PKIX
	block.on.buffer.full = false
	ssl.key.password = null
	sasl.kerberos.min.time.before.relogin = 60000
	connections.max.idle.ms = 540000
	max.in.flight.requests.per.connection = 5
	metrics.num.samples = 2
	ssl.protocol = TLS
	ssl.provider = null
	ssl.enabled.protocols = [TLSv1.2, TLSv1.1, TLSv1]
	batch.size = 16384
	ssl.keystore.location = null
	ssl.cipher.suites = null
	security.protocol = PLAINTEXT
	max.request.size = 1048576
	value.serializer = class org.apache.kafka.common.serialization.ByteArraySerializer
	ssl.keymanager.algorithm = SunX509
	metrics.sample.window.ms = 30000
	partitioner.class = class org.apache.kafka.clients.producer.internals.DefaultPartitioner
	linger.ms = 0

2018-01-09 20:11:11,781 [roverMain] WARN org.apache.kafka.clients.producer.ProducerConfig  - The configuration zookeeper.connect = localhost:2181 was supplied but isn't a known config.
2018-01-09 20:11:11,782 [roverMain] WARN org.apache.kafka.clients.producer.ProducerConfig  - The configuration group.id = space.exploration.mars.rover.curiosity.1515550256806 was supplied but isn't a known config.
2018-01-09 20:11:11,782 [roverMain] WARN org.apache.kafka.clients.producer.ProducerConfig  - The configuration source.topic = earth_to_curiosity_5 was supplied but isn't a known config.
2018-01-09 20:11:11,782 [roverMain] WARN org.apache.kafka.clients.producer.ProducerConfig  - The configuration auto.offset.reset = largest was supplied but isn't a known config.
2018-01-09 20:11:11,782 [roverMain] WARN org.apache.kafka.clients.producer.ProducerConfig  - The configuration metadata.broker.list = localhost:9092 was supplied but isn't a known config.
2018-01-09 20:11:11,782 [roverMain] WARN org.apache.kafka.clients.producer.ProducerConfig  - The configuration destination.topic = curiosity_to_earth_5 was supplied but isn't a known config.
2018-01-09 20:11:11,782 [roverMain] INFO org.apache.kafka.common.utils.AppInfoParser  - Kafka version : 0.10.0.1
2018-01-09 20:11:11,783 [roverMain] INFO org.apache.kafka.common.utils.AppInfoParser  - Kafka commitId : a7a17cdec9eaa6c5
2018-01-09 20:11:11,877 [roverMain] INFO kafka.utils.VerifiableProperties  - Verifying properties
2018-01-09 20:11:11,895 [roverMain] INFO kafka.utils.VerifiableProperties  - Property auto.offset.reset is overridden to largest
2018-01-09 20:11:11,896 [roverMain] WARN kafka.utils.VerifiableProperties  - Property bootstrap.servers is not valid
2018-01-09 20:11:11,896 [roverMain] WARN kafka.utils.VerifiableProperties  - Property destination.topic is not valid
2018-01-09 20:11:11,896 [roverMain] INFO kafka.utils.VerifiableProperties  - Property group.id is overridden to space.exploration.mars.rover.curiosity.1515550256806
2018-01-09 20:11:11,896 [roverMain] WARN kafka.utils.VerifiableProperties  - Property key.serializer is not valid
2018-01-09 20:11:11,896 [roverMain] WARN kafka.utils.VerifiableProperties  - Property metadata.broker.list is not valid
2018-01-09 20:11:11,896 [roverMain] WARN kafka.utils.VerifiableProperties  - Property source.topic is not valid
2018-01-09 20:11:11,896 [roverMain] WARN kafka.utils.VerifiableProperties  - Property value.serializer is not valid
2018-01-09 20:11:11,896 [roverMain] INFO kafka.utils.VerifiableProperties  - Property zookeeper.connect is overridden to localhost:2181
2018-01-09 20:11:11,924 [roverMain] INFO kafka.consumer.ZookeeperConsumerConnector  - [space.exploration.mars.rover.curiosity.1515550256806_zion-mainframe-1515550271923-cb6aac35], Connecting to zookeeper instance at localhost:2181
2018-01-09 20:11:11,929 [ZkClient-EventThread-29-localhost:2181] INFO org.I0Itec.zkclient.ZkEventThread  - Starting ZkClient event thread.
2018-01-09 20:11:11,932 [roverMain] INFO org.apache.zookeeper.ZooKeeper  - Client environment:zookeeper.version=3.4.6-1569965, built on 02/20/2014 09:09 GMT
2018-01-09 20:11:11,932 [roverMain] INFO org.apache.zookeeper.ZooKeeper  - Client environment:host.name=zion-mainframe
2018-01-09 20:11:11,932 [roverMain] INFO org.apache.zookeeper.ZooKeeper  - Client environment:java.version=1.8.0_151
2018-01-09 20:11:11,932 [roverMain] INFO org.apache.zookeeper.ZooKeeper  - Client environment:java.vendor=Oracle Corporation
2018-01-09 20:11:11,932 [roverMain] INFO org.apache.zookeeper.ZooKeeper  - Client environment:java.home=/usr/lib/jvm/java-8-openjdk-amd64/jre
2018-01-09 20:11:11,932 [roverMain] INFO org.apache.zookeeper.ZooKeeper  - Client environment:java.class.path=target/mars.rover-1.5-SOLSHOT-shaded.jar
2018-01-09 20:11:11,932 [roverMain] INFO org.apache.zookeeper.ZooKeeper  - Client environment:java.library.path=$LD_LIBRARY_PATH:"/home/sanket/Documents/workspace/SpiceUtilities/src/main/resources/JNISpice/lib/libJNISpice.so":/home/sanket/Documents/workspace/SpiceUtilities/src/main/resources/JNISpice/lib/libJNISpice.so:/usr/java/packages/lib/amd64:/usr/lib/x86_64-linux-gnu/jni:/lib/x86_64-linux-gnu:/usr/lib/x86_64-linux-gnu:/usr/lib/jni:/lib:/usr/lib
2018-01-09 20:11:11,932 [roverMain] INFO org.apache.zookeeper.ZooKeeper  - Client environment:java.io.tmpdir=/tmp
2018-01-09 20:11:11,932 [roverMain] INFO org.apache.zookeeper.ZooKeeper  - Client environment:java.compiler=<NA>
2018-01-09 20:11:11,932 [roverMain] INFO org.apache.zookeeper.ZooKeeper  - Client environment:os.name=Linux
2018-01-09 20:11:11,932 [roverMain] INFO org.apache.zookeeper.ZooKeeper  - Client environment:os.arch=amd64
2018-01-09 20:11:11,932 [roverMain] INFO org.apache.zookeeper.ZooKeeper  - Client environment:os.version=4.10.0-42-generic
2018-01-09 20:11:11,932 [roverMain] INFO org.apache.zookeeper.ZooKeeper  - Client environment:user.name=sanket
2018-01-09 20:11:11,932 [roverMain] INFO org.apache.zookeeper.ZooKeeper  - Client environment:user.home=/home/sanket
2018-01-09 20:11:11,932 [roverMain] INFO org.apache.zookeeper.ZooKeeper  - Client environment:user.dir=/home/sanket/Documents/workspace/MarsRover/mars.rover
2018-01-09 20:11:11,933 [roverMain] INFO org.apache.zookeeper.ZooKeeper  - Initiating client connection, connectString=localhost:2181 sessionTimeout=6000 watcher=org.I0Itec.zkclient.ZkClient@1fa121e2
2018-01-09 20:11:11,939 [roverMain] INFO org.I0Itec.zkclient.ZkClient  - Waiting for keeper state SyncConnected
2018-01-09 20:11:11,940 [roverMain-SendThread(localhost:2181)] INFO org.apache.zookeeper.ClientCnxn  - Opening socket connection to server localhost/127.0.0.1:2181. Will not attempt to authenticate using SASL (unknown error)
2018-01-09 20:11:11,943 [roverMain-SendThread(localhost:2181)] INFO org.apache.zookeeper.ClientCnxn  - Socket connection established to localhost/127.0.0.1:2181, initiating session
2018-01-09 20:11:11,947 [roverMain-SendThread(localhost:2181)] INFO org.apache.zookeeper.ClientCnxn  - Session establishment complete on server localhost/127.0.0.1:2181, sessionid = 0x160d47047e20016, negotiated timeout = 6000
2018-01-09 20:11:11,949 [roverMain-EventThread] INFO org.I0Itec.zkclient.ZkClient  - zookeeper state changed (SyncConnected)
2018-01-09 20:11:11,955 [roverMain] INFO kafka.consumer.ZookeeperConsumerConnector  - [space.exploration.mars.rover.curiosity.1515550256806_zion-mainframe-1515550271923-cb6aac35], starting auto committer every 60000 ms
2018-01-09 20:11:11,973 [radio] INFO kafka.consumer.ZookeeperConsumerConnector  - [space.exploration.mars.rover.curiosity.1515550256806_zion-mainframe-1515550271923-cb6aac35], begin registering consumer space.exploration.mars.rover.curiosity.1515550256806_zion-mainframe-1515550271923-cb6aac35 in ZK
2018-01-09 20:11:11,991 [radio] INFO kafka.utils.ZKCheckedEphemeral  - Creating /consumers/space.exploration.mars.rover.curiosity.1515550256806/ids/space.exploration.mars.rover.curiosity.1515550256806_zion-mainframe-1515550271923-cb6aac35 (is it secure? false)
2018-01-09 20:11:11,998 [radio] INFO kafka.utils.ZKCheckedEphemeral  - Result of znode creation is: OK
2018-01-09 20:11:11,998 [radio] INFO kafka.consumer.ZookeeperConsumerConnector  - [space.exploration.mars.rover.curiosity.1515550256806_zion-mainframe-1515550271923-cb6aac35], end registering consumer space.exploration.mars.rover.curiosity.1515550256806_zion-mainframe-1515550271923-cb6aac35 in ZK
2018-01-09 20:11:12,001 [space.exploration.mars.rover.curiosity.1515550256806_zion-mainframe-1515550271923-cb6aac35_watcher_executor] INFO kafka.consumer.ZookeeperConsumerConnector  - [space.exploration.mars.rover.curiosity.1515550256806_zion-mainframe-1515550271923-cb6aac35], starting watcher executor thread for consumer space.exploration.mars.rover.curiosity.1515550256806_zion-mainframe-1515550271923-cb6aac35
2018-01-09 20:11:12,015 [radio] INFO kafka.consumer.ZookeeperConsumerConnector  - [space.exploration.mars.rover.curiosity.1515550256806_zion-mainframe-1515550271923-cb6aac35], begin rebalancing consumer space.exploration.mars.rover.curiosity.1515550256806_zion-mainframe-1515550271923-cb6aac35 try #0
2018-01-09 20:11:12,120 [radio] INFO kafka.consumer.ConsumerFetcherManager  - [ConsumerFetcherManager-1515550271953] Stopping leader finder thread
2018-01-09 20:11:12,120 [radio] INFO kafka.consumer.ConsumerFetcherManager  - [ConsumerFetcherManager-1515550271953] Stopping all fetchers
2018-01-09 20:11:12,120 [radio] INFO kafka.consumer.ConsumerFetcherManager  - [ConsumerFetcherManager-1515550271953] All connections stopped
2018-01-09 20:11:12,121 [radio] INFO kafka.consumer.ZookeeperConsumerConnector  - [space.exploration.mars.rover.curiosity.1515550256806_zion-mainframe-1515550271923-cb6aac35], Cleared all relevant queues for this fetcher
2018-01-09 20:11:12,121 [radio] INFO kafka.consumer.ZookeeperConsumerConnector  - [space.exploration.mars.rover.curiosity.1515550256806_zion-mainframe-1515550271923-cb6aac35], Cleared the data chunks in all the consumer message iterators
2018-01-09 20:11:12,121 [radio] INFO kafka.consumer.ZookeeperConsumerConnector  - [space.exploration.mars.rover.curiosity.1515550256806_zion-mainframe-1515550271923-cb6aac35], Committing all offsets after clearing the fetcher queues
2018-01-09 20:11:12,122 [radio] INFO kafka.consumer.ZookeeperConsumerConnector  - [space.exploration.mars.rover.curiosity.1515550256806_zion-mainframe-1515550271923-cb6aac35], Releasing partition ownership
2018-01-09 20:11:12,144 [radio] INFO kafka.consumer.RangeAssignor  - Consumer space.exploration.mars.rover.curiosity.1515550256806_zion-mainframe-1515550271923-cb6aac35 rebalancing the following partitions: ArrayBuffer(0) for topic earth_to_curiosity_5 with consumers: List(space.exploration.mars.rover.curiosity.1515550256806_zion-mainframe-1515550271923-cb6aac35-0)
2018-01-09 20:11:12,145 [radio] INFO kafka.consumer.RangeAssignor  - space.exploration.mars.rover.curiosity.1515550256806_zion-mainframe-1515550271923-cb6aac35-0 attempting to claim partition 0
2018-01-09 20:11:12,174 [radio] INFO kafka.consumer.ZookeeperConsumerConnector  - [space.exploration.mars.rover.curiosity.1515550256806_zion-mainframe-1515550271923-cb6aac35], space.exploration.mars.rover.curiosity.1515550256806_zion-mainframe-1515550271923-cb6aac35-0 successfully owned partition 0 for topic earth_to_curiosity_5
2018-01-09 20:11:12,188 [radio] INFO kafka.consumer.ZookeeperConsumerConnector  - [space.exploration.mars.rover.curiosity.1515550256806_zion-mainframe-1515550271923-cb6aac35], Consumer space.exploration.mars.rover.curiosity.1515550256806_zion-mainframe-1515550271923-cb6aac35 selected partitions : earth_to_curiosity_5:0: fetched offset = -1: consumed offset = -1
2018-01-09 20:11:12,189 [radio] INFO kafka.consumer.ZookeeperConsumerConnector  - [space.exploration.mars.rover.curiosity.1515550256806_zion-mainframe-1515550271923-cb6aac35], end rebalancing consumer space.exploration.mars.rover.curiosity.1515550256806_zion-mainframe-1515550271923-cb6aac35 try #0
2018-01-09 20:11:12,191 [space.exploration.mars.rover.curiosity.1515550256806_zion-mainframe-1515550271923-cb6aac35-leader-finder-thread] INFO kafka.consumer.ConsumerFetcherManager$LeaderFinderThread  - [space.exploration.mars.rover.curiosity.1515550256806_zion-mainframe-1515550271923-cb6aac35-leader-finder-thread], Starting 
2018-01-09 20:11:12,204 [space.exploration.mars.rover.curiosity.1515550256806_zion-mainframe-1515550271923-cb6aac35-leader-finder-thread] INFO kafka.utils.VerifiableProperties  - Verifying properties
2018-01-09 20:11:12,204 [space.exploration.mars.rover.curiosity.1515550256806_zion-mainframe-1515550271923-cb6aac35-leader-finder-thread] INFO kafka.utils.VerifiableProperties  - Property client.id is overridden to space.exploration.mars.rover.curiosity.1515550256806
2018-01-09 20:11:12,204 [space.exploration.mars.rover.curiosity.1515550256806_zion-mainframe-1515550271923-cb6aac35-leader-finder-thread] INFO kafka.utils.VerifiableProperties  - Property metadata.broker.list is overridden to zion-mainframe:9092
2018-01-09 20:11:12,204 [space.exploration.mars.rover.curiosity.1515550256806_zion-mainframe-1515550271923-cb6aac35-leader-finder-thread] INFO kafka.utils.VerifiableProperties  - Property request.timeout.ms is overridden to 30000
2018-01-09 20:11:12,213 [space.exploration.mars.rover.curiosity.1515550256806_zion-mainframe-1515550271923-cb6aac35-leader-finder-thread] INFO kafka.client.ClientUtils$  - Fetching metadata from broker BrokerEndPoint(0,zion-mainframe,9092) with correlation id 0 for 1 topic(s) Set(earth_to_curiosity_5)
2018-01-09 20:11:12,216 [space.exploration.mars.rover.curiosity.1515550256806_zion-mainframe-1515550271923-cb6aac35-leader-finder-thread] INFO kafka.producer.SyncProducer  - Connected to zion-mainframe:9092 for producing
2018-01-09 20:11:12,224 [space.exploration.mars.rover.curiosity.1515550256806_zion-mainframe-1515550271923-cb6aac35-leader-finder-thread] INFO kafka.producer.SyncProducer  - Disconnecting from zion-mainframe:9092
2018-01-09 20:11:12,235 [ConsumerFetcherThread-space.exploration.mars.rover.curiosity.1515550256806_zion-mainframe-1515550271923-cb6aac35-0-0] INFO kafka.consumer.ConsumerFetcherThread  - [ConsumerFetcherThread-space.exploration.mars.rover.curiosity.1515550256806_zion-mainframe-1515550271923-cb6aac35-0-0], Starting 
2018-01-09 20:11:12,248 [space.exploration.mars.rover.curiosity.1515550256806_zion-mainframe-1515550271923-cb6aac35-leader-finder-thread] INFO kafka.consumer.ConsumerFetcherManager  - [ConsumerFetcherManager-1515550271953] Added fetcher for partitions ArrayBuffer([[earth_to_curiosity_5,0], initOffset -1 to broker BrokerEndPoint(0,zion-mainframe,9092)] )
2018-01-09 20:11:12,958 [roverMain] INFO space.exploration.mars.rover.communication.Radio  - Radio configured:: 
group.id::space.exploration.mars.rover.curiosity.1515550256806
auto.offset.reset::largest
bootstrap.servers::localhost:9092
value.serializer::org.apache.kafka.common.serialization.ByteArraySerializer
destination.topic::curiosity_to_earth_5
zookeeper.connect::localhost:2181
key.serializer::org.apache.kafka.common.serialization.StringSerializer
source.topic::earth_to_curiosity_5
metadata.broker.list::localhost:9092
2018-01-09 20:11:13,959 [roverMain] INFO space.exploration.mars.rover.sensor.Radar  - Radar configured:: 
2018-01-09 20:11:20,135 [roverMain] INFO space.exploration.mars.rover.communication.Transmitter  - Sending information packet to curiosity_to_earth_5
2018-01-09 20:11:23,146 [sleepMonitor] INFO space.exploration.mars.rover.animation.SleepingAnimationEngine  - Rover is sleeping now
2018-01-09 20:11:23,175 [remsCalibrationThread1] INFO space.exploration.mars.rover.sensor.WeatherSensor  - ThreadId = 1 started for remsCalibration for sol = 1551
2018-01-09 20:11:23,187 [remsCalibrationThread0] INFO space.exploration.mars.rover.sensor.WeatherSensor  - ThreadId = 0 started for remsCalibration for sol = 1551
2018-01-09 20:11:23,187 [remsCalibrationThread2] INFO space.exploration.mars.rover.sensor.WeatherSensor  - ThreadId = 2 started for remsCalibration for sol = 1551
2018-01-09 20:11:23,189 [remsCalibrationThread3] INFO space.exploration.mars.rover.sensor.WeatherSensor  - ThreadId = 3 started for remsCalibration for sol = 1551
2018-01-09 20:11:23,202 [remsCalibrationThread4] INFO space.exploration.mars.rover.sensor.WeatherSensor  - ThreadId = 4 started for remsCalibration for sol = 1551
2018-01-09 20:11:23,202 [remsCalibrationThread6] INFO space.exploration.mars.rover.sensor.WeatherSensor  - ThreadId = 6 started for remsCalibration for sol = 1551
2018-01-09 20:11:23,202 [remsCalibrationThread5] INFO space.exploration.mars.rover.sensor.WeatherSensor  - ThreadId = 5 started for remsCalibration for sol = 1551
2018-01-09 20:11:23,203 [remsCalibrationThread14] INFO space.exploration.mars.rover.sensor.WeatherSensor  - ThreadId = 14 started for remsCalibration for sol = 1551
2018-01-09 20:11:23,203 [remsCalibrationThread13] INFO space.exploration.mars.rover.sensor.WeatherSensor  - ThreadId = 13 started for remsCalibration for sol = 1551
2018-01-09 20:11:23,203 [remsCalibrationThread11] INFO space.exploration.mars.rover.sensor.WeatherSensor  - ThreadId = 11 started for remsCalibration for sol = 1551
2018-01-09 20:11:23,203 [remsCalibrationThread12] INFO space.exploration.mars.rover.sensor.WeatherSensor  - ThreadId = 12 started for remsCalibration for sol = 1551
2018-01-09 20:11:23,203 [remsCalibrationThread10] INFO space.exploration.mars.rover.sensor.WeatherSensor  - ThreadId = 10 started for remsCalibration for sol = 1551
2018-01-09 20:11:23,203 [remsCalibrationThread18] INFO space.exploration.mars.rover.sensor.WeatherSensor  - ThreadId = 18 started for remsCalibration for sol = 1551
2018-01-09 20:11:23,204 [remsCalibrationThread15] INFO space.exploration.mars.rover.sensor.WeatherSensor  - ThreadId = 15 started for remsCalibration for sol = 1551
2018-01-09 20:11:23,203 [remsCalibrationThread8] INFO space.exploration.mars.rover.sensor.WeatherSensor  - ThreadId = 8 started for remsCalibration for sol = 1551
2018-01-09 20:11:23,204 [remsCalibrationThread7] INFO space.exploration.mars.rover.sensor.WeatherSensor  - ThreadId = 7 started for remsCalibration for sol = 1551
2018-01-09 20:11:23,204 [remsCalibrationThread16] INFO space.exploration.mars.rover.sensor.WeatherSensor  - ThreadId = 16 started for remsCalibration for sol = 1551
2018-01-09 20:11:23,204 [remsCalibrationThread9] INFO space.exploration.mars.rover.sensor.WeatherSensor  - ThreadId = 9 started for remsCalibration for sol = 1551
2018-01-09 20:11:23,204 [remsCalibrationThread17] INFO space.exploration.mars.rover.sensor.WeatherSensor  - ThreadId = 17 started for remsCalibration for sol = 1551
2018-01-09 20:11:23,211 [remsCalibrationThread23] INFO space.exploration.mars.rover.sensor.WeatherSensor  - ThreadId = 23 started for remsCalibration for sol = 1551
2018-01-09 20:11:23,211 [remsCalibrationThread21] INFO space.exploration.mars.rover.sensor.WeatherSensor  - ThreadId = 21 started for remsCalibration for sol = 1551
2018-01-09 20:11:23,211 [remsCalibrationThread22] INFO space.exploration.mars.rover.sensor.WeatherSensor  - ThreadId = 22 started for remsCalibration for sol = 1551
2018-01-09 20:11:23,211 [remsCalibrationThread20] INFO space.exploration.mars.rover.sensor.WeatherSensor  - ThreadId = 20 started for remsCalibration for sol = 1551
2018-01-09 20:11:23,211 [remsCalibrationThread19] INFO space.exploration.mars.rover.sensor.WeatherSensor  - ThreadId = 19 started for remsCalibration for sol = 1551
2018-01-09 20:11:23,224 [remsCalibrationThread45] INFO space.exploration.mars.rover.sensor.WeatherSensor  - ThreadId = 45 started for remsCalibration for sol = 1551
2018-01-09 20:11:23,224 [remsCalibrationThread25] INFO space.exploration.mars.rover.sensor.WeatherSensor  - ThreadId = 25 started for remsCalibration for sol = 1551
2018-01-09 20:11:23,224 [remsCalibrationThread26] INFO space.exploration.mars.rover.sensor.WeatherSensor  - ThreadId = 26 started for remsCalibration for sol = 1551
2018-01-09 20:11:23,224 [remsCalibrationThread28] INFO space.exploration.mars.rover.sensor.WeatherSensor  - ThreadId = 28 started for remsCalibration for sol = 1551
2018-01-09 20:11:23,224 [remsCalibrationThread30] INFO space.exploration.mars.rover.sensor.WeatherSensor  - ThreadId = 30 started for remsCalibration for sol = 1551
2018-01-09 20:11:23,224 [remsCalibrationThread29] INFO space.exploration.mars.rover.sensor.WeatherSensor  - ThreadId = 29 started for remsCalibration for sol = 1551
2018-01-09 20:11:23,224 [remsCalibrationThread31] INFO space.exploration.mars.rover.sensor.WeatherSensor  - ThreadId = 31 started for remsCalibration for sol = 1551
2018-01-09 20:11:23,225 [remsCalibrationThread32] INFO space.exploration.mars.rover.sensor.WeatherSensor  - ThreadId = 32 started for remsCalibration for sol = 1551
2018-01-09 20:11:23,225 [remsCalibrationThread33] INFO space.exploration.mars.rover.sensor.WeatherSensor  - ThreadId = 33 started for remsCalibration for sol = 1551
2018-01-09 20:11:23,225 [remsCalibrationThread34] INFO space.exploration.mars.rover.sensor.WeatherSensor  - ThreadId = 34 started for remsCalibration for sol = 1551
2018-01-09 20:11:23,225 [remsCalibrationThread35] INFO space.exploration.mars.rover.sensor.WeatherSensor  - ThreadId = 35 started for remsCalibration for sol = 1551
2018-01-09 20:11:23,225 [remsCalibrationThread36] INFO space.exploration.mars.rover.sensor.WeatherSensor  - ThreadId = 36 started for remsCalibration for sol = 1551
2018-01-09 20:11:23,225 [remsCalibrationThread37] INFO space.exploration.mars.rover.sensor.WeatherSensor  - ThreadId = 37 started for remsCalibration for sol = 1551
2018-01-09 20:11:23,225 [remsCalibrationThread38] INFO space.exploration.mars.rover.sensor.WeatherSensor  - ThreadId = 38 started for remsCalibration for sol = 1551
2018-01-09 20:11:23,225 [remsCalibrationThread39] INFO space.exploration.mars.rover.sensor.WeatherSensor  - ThreadId = 39 started for remsCalibration for sol = 1551
2018-01-09 20:11:23,224 [remsCalibrationThread27] INFO space.exploration.mars.rover.sensor.WeatherSensor  - ThreadId = 27 started for remsCalibration for sol = 1551
2018-01-09 20:11:23,226 [remsCalibrationThread40] INFO space.exploration.mars.rover.sensor.WeatherSensor  - ThreadId = 40 started for remsCalibration for sol = 1551
2018-01-09 20:11:23,224 [remsCalibrationThread24] INFO space.exploration.mars.rover.sensor.WeatherSensor  - ThreadId = 24 started for remsCalibration for sol = 1551
2018-01-09 20:11:23,226 [remsCalibrationThread41] INFO space.exploration.mars.rover.sensor.WeatherSensor  - ThreadId = 41 started for remsCalibration for sol = 1551
2018-01-09 20:11:23,226 [remsCalibrationThread42] INFO space.exploration.mars.rover.sensor.WeatherSensor  - ThreadId = 42 started for remsCalibration for sol = 1551
2018-01-09 20:11:23,226 [remsCalibrationThread44] INFO space.exploration.mars.rover.sensor.WeatherSensor  - ThreadId = 44 started for remsCalibration for sol = 1551
2018-01-09 20:11:23,226 [remsCalibrationThread43] INFO space.exploration.mars.rover.sensor.WeatherSensor  - ThreadId = 43 started for remsCalibration for sol = 1551
2018-01-09 20:11:23,226 [remsCalibrationThread46] INFO space.exploration.mars.rover.sensor.WeatherSensor  - ThreadId = 46 started for remsCalibration for sol = 1551
2018-01-09 20:11:23,227 [remsCalibrationThread47] INFO space.exploration.mars.rover.sensor.WeatherSensor  - ThreadId = 47 started for remsCalibration for sol = 1551
2018-01-09 20:11:23,227 [remsCalibrationThread48] INFO space.exploration.mars.rover.sensor.WeatherSensor  - ThreadId = 48 started for remsCalibration for sol = 1551
2018-01-09 20:11:23,228 [remsCalibrationThread49] INFO space.exploration.mars.rover.sensor.WeatherSensor  - ThreadId = 49 started for remsCalibration for sol = 1551
2018-01-09 20:11:23,229 [remsCalibrationThread50] INFO space.exploration.mars.rover.sensor.WeatherSensor  - ThreadId = 50 started for remsCalibration for sol = 1551
2018-01-09 20:11:23,230 [remsCalibrationThread52] INFO space.exploration.mars.rover.sensor.WeatherSensor  - ThreadId = 52 started for remsCalibration for sol = 1551
2018-01-09 20:11:23,230 [remsCalibrationThread51] INFO space.exploration.mars.rover.sensor.WeatherSensor  - ThreadId = 51 started for remsCalibration for sol = 1551
2018-01-09 20:11:23,231 [remsCalibrationThread53] INFO space.exploration.mars.rover.sensor.WeatherSensor  - ThreadId = 53 started for remsCalibration for sol = 1551
2018-01-09 20:11:23,232 [remsCalibrationThread55] INFO space.exploration.mars.rover.sensor.WeatherSensor  - ThreadId = 55 started for remsCalibration for sol = 1551
2018-01-09 20:11:23,232 [remsCalibrationThread54] INFO space.exploration.mars.rover.sensor.WeatherSensor  - ThreadId = 54 started for remsCalibration for sol = 1551
2018-01-09 20:11:23,232 [remsCalibrationThread56] INFO space.exploration.mars.rover.sensor.WeatherSensor  - ThreadId = 56 started for remsCalibration for sol = 1551
2018-01-09 20:11:23,232 [remsCalibrationThread58] INFO space.exploration.mars.rover.sensor.WeatherSensor  - ThreadId = 58 started for remsCalibration for sol = 1551
2018-01-09 20:11:23,232 [remsCalibrationThread57] INFO space.exploration.mars.rover.sensor.WeatherSensor  - ThreadId = 57 started for remsCalibration for sol = 1551
2018-01-09 20:11:23,233 [remsCalibrationThread59] INFO space.exploration.mars.rover.sensor.WeatherSensor  - ThreadId = 59 started for remsCalibration for sol = 1551
2018-01-09 20:11:23,233 [remsCalibrationThread60] INFO space.exploration.mars.rover.sensor.WeatherSensor  - ThreadId = 60 started for remsCalibration for sol = 1551
2018-01-09 20:11:23,233 [remsCalibrationThread61] INFO space.exploration.mars.rover.sensor.WeatherSensor  - ThreadId = 61 started for remsCalibration for sol = 1551
2018-01-09 20:11:23,238 [remsCalibrationThread62] INFO space.exploration.mars.rover.sensor.WeatherSensor  - ThreadId = 62 started for remsCalibration for sol = 1551
2018-01-09 20:11:23,240 [remsCalibrationThread63] INFO space.exploration.mars.rover.sensor.WeatherSensor  - ThreadId = 63 started for remsCalibration for sol = 1551
2018-01-09 20:11:23,240 [remsCalibrationThread64] INFO space.exploration.mars.rover.sensor.WeatherSensor  - ThreadId = 64 started for remsCalibration for sol = 1551
2018-01-09 20:11:23,241 [remsCalibrationThread66] INFO space.exploration.mars.rover.sensor.WeatherSensor  - ThreadId = 66 started for remsCalibration for sol = 1551
2018-01-09 20:11:23,244 [remsCalibrationThread65] INFO space.exploration.mars.rover.sensor.WeatherSensor  - ThreadId = 65 started for remsCalibration for sol = 1551
2018-01-09 20:11:23,244 [remsCalibrationThread68] INFO space.exploration.mars.rover.sensor.WeatherSensor  - ThreadId = 68 started for remsCalibration for sol = 1551
2018-01-09 20:11:23,244 [remsCalibrationThread69] INFO space.exploration.mars.rover.sensor.WeatherSensor  - ThreadId = 69 started for remsCalibration for sol = 1551
2018-01-09 20:11:23,246 [remsCalibrationThread71] INFO space.exploration.mars.rover.sensor.WeatherSensor  - ThreadId = 71 started for remsCalibration for sol = 1551
2018-01-09 20:11:23,246 [remsCalibrationThread70] INFO space.exploration.mars.rover.sensor.WeatherSensor  - ThreadId = 70 started for remsCalibration for sol = 1551
2018-01-09 20:11:23,247 [remsCalibrationThread73] INFO space.exploration.mars.rover.sensor.WeatherSensor  - ThreadId = 73 started for remsCalibration for sol = 1551
2018-01-09 20:11:23,247 [remsCalibrationThread72] INFO space.exploration.mars.rover.sensor.WeatherSensor  - ThreadId = 72 started for remsCalibration for sol = 1551
2018-01-09 20:11:23,249 [remsCalibrationThread74] INFO space.exploration.mars.rover.sensor.WeatherSensor  - ThreadId = 74 started for remsCalibration for sol = 1551
2018-01-09 20:11:23,251 [remsCalibrationThread75] INFO space.exploration.mars.rover.sensor.WeatherSensor  - ThreadId = 75 started for remsCalibration for sol = 1551
2018-01-09 20:11:23,251 [remsCalibrationThread76] INFO space.exploration.mars.rover.sensor.WeatherSensor  - ThreadId = 76 started for remsCalibration for sol = 1551
2018-01-09 20:11:23,251 [remsCalibrationThread77] INFO space.exploration.mars.rover.sensor.WeatherSensor  - ThreadId = 77 started for remsCalibration for sol = 1551
2018-01-09 20:11:23,251 [remsCalibrationThread78] INFO space.exploration.mars.rover.sensor.WeatherSensor  - ThreadId = 78 started for remsCalibration for sol = 1551
2018-01-09 20:11:23,250 [remsCalibrationThread67] INFO space.exploration.mars.rover.sensor.WeatherSensor  - ThreadId = 67 started for remsCalibration for sol = 1551
2018-01-09 20:11:23,252 [remsCalibrationThread79] INFO space.exploration.mars.rover.sensor.WeatherSensor  - ThreadId = 79 started for remsCalibration for sol = 1551
2018-01-09 20:11:23,254 [remsCalibrationThread80] INFO space.exploration.mars.rover.sensor.WeatherSensor  - ThreadId = 80 started for remsCalibration for sol = 1551
2018-01-09 20:11:23,259 [remsCalibrationThread81] INFO space.exploration.mars.rover.sensor.WeatherSensor  - ThreadId = 81 started for remsCalibration for sol = 1551
2018-01-09 20:11:23,260 [remsCalibrationThread82] INFO space.exploration.mars.rover.sensor.WeatherSensor  - ThreadId = 82 started for remsCalibration for sol = 1551
2018-01-09 20:11:23,261 [remsCalibrationThread83] INFO space.exploration.mars.rover.sensor.WeatherSensor  - ThreadId = 83 started for remsCalibration for sol = 1551
2018-01-09 20:11:23,264 [remsCalibrationThread84] INFO space.exploration.mars.rover.sensor.WeatherSensor  - ThreadId = 84 started for remsCalibration for sol = 1551
2018-01-09 20:11:23,265 [remsCalibrationThread85] INFO space.exploration.mars.rover.sensor.WeatherSensor  - ThreadId = 85 started for remsCalibration for sol = 1551
2018-01-09 20:11:23,266 [remsCalibrationThread86] INFO space.exploration.mars.rover.sensor.WeatherSensor  - ThreadId = 86 started for remsCalibration for sol = 1551
2018-01-09 20:11:23,266 [remsCalibrationThread87] INFO space.exploration.mars.rover.sensor.WeatherSensor  - ThreadId = 87 started for remsCalibration for sol = 1551
2018-01-09 20:11:23,266 [remsCalibrationThread88] INFO space.exploration.mars.rover.sensor.WeatherSensor  - ThreadId = 88 started for remsCalibration for sol = 1551
2018-01-09 20:11:23,266 [remsCalibrationThread90] INFO space.exploration.mars.rover.sensor.WeatherSensor  - ThreadId = 90 started for remsCalibration for sol = 1551
2018-01-09 20:11:23,266 [remsCalibrationThread89] INFO space.exploration.mars.rover.sensor.WeatherSensor  - ThreadId = 89 started for remsCalibration for sol = 1551
2018-01-09 20:11:23,267 [remsCalibrationThread92] INFO space.exploration.mars.rover.sensor.WeatherSensor  - ThreadId = 92 started for remsCalibration for sol = 1551
2018-01-09 20:11:23,267 [remsCalibrationThread91] INFO space.exploration.mars.rover.sensor.WeatherSensor  - ThreadId = 91 started for remsCalibration for sol = 1551
2018-01-09 20:11:23,267 [remsCalibrationThread93] INFO space.exploration.mars.rover.sensor.WeatherSensor  - ThreadId = 93 started for remsCalibration for sol = 1551
2018-01-09 20:11:23,267 [remsCalibrationThread95] INFO space.exploration.mars.rover.sensor.WeatherSensor  - ThreadId = 95 started for remsCalibration for sol = 1551
2018-01-09 20:11:23,267 [remsCalibrationThread94] INFO space.exploration.mars.rover.sensor.WeatherSensor  - ThreadId = 94 started for remsCalibration for sol = 1551
2018-01-09 20:11:23,268 [remsCalibrationThread97] INFO space.exploration.mars.rover.sensor.WeatherSensor  - ThreadId = 97 started for remsCalibration for sol = 1551
2018-01-09 20:11:23,268 [remsCalibrationThread96] INFO space.exploration.mars.rover.sensor.WeatherSensor  - ThreadId = 96 started for remsCalibration for sol = 1551
2018-01-09 20:11:23,275 [remsCalibrationThread98] INFO space.exploration.mars.rover.sensor.WeatherSensor  - ThreadId = 98 started for remsCalibration for sol = 1551
2018-01-09 20:11:23,275 [remsCalibrationThread99] INFO space.exploration.mars.rover.sensor.WeatherSensor  - ThreadId = 99 started for remsCalibration for sol = 1551
2018-01-09 20:11:41,697 [batteryMonitor] INFO space.exploration.mars.rover.power.BatteryMonitor  - BatteryMonitor performing due diligence. SCET = 1515550301697 Rover state = Sleeping State
2018-01-09 20:11:41,697 [batteryMonitor] INFO space.exploration.mars.rover.power.BatteryMonitor  -  Battery primaryUnits = 1200 auxiliaryPowerUnits = 100
2018-01-09 20:12:01,227 [pacemaker] INFO space.exploration.mars.rover.diagnostics.Pacemaker  - Diagnostics inhibited because rover is sleeping to conserve battery Current instructionQueue length = 0
2018-01-09 20:12:02,230 [sleepMonitor] INFO space.exploration.mars.rover.diagnostics.SleepMonitor  - Awakening rover from slumber
2018-01-09 20:12:02,230 [sleepMonitor] INFO space.exploration.mars.rover.animation.SleepingAnimationEngine  - Waking up rover
2018-01-09 20:12:02,231 [sleepBreather] INFO space.exploration.mars.rover.animation.SleepBreather  - Sleep animation interrupted.
2018-01-09 20:12:11,671 [batteryMonitor] INFO space.exploration.mars.rover.power.BatteryMonitor  - BatteryMonitor performing due diligence. SCET = 1515550331671 Rover state = Listening State
2018-01-09 20:12:11,671 [batteryMonitor] INFO space.exploration.mars.rover.power.BatteryMonitor  -  Battery primaryUnits = 1200 auxiliaryPowerUnits = 100
2018-01-09 20:12:19,910 [radio] INFO space.exploration.mars.rover.communication.Receiver  - Time Elapsed since last message = 67954
2018-01-09 20:12:19,984 [radio] INFO space.exploration.mars.rover.kernel.PositionSensor  - Houston - this is curiosityActual.ephemerisTime: 5.35159928183489E8
stateCuriosity: 1.94141653977E8
stateCuriosity: -1.11344697854E8
stateCuriosity: -5.329376087E7
stateCuriosity: 28.156
stateCuriosity: 21.286
stateCuriosity: 9.991
owltMSLEarth: 767.407
stateEarth: -1.94114093398E8
stateEarth: 1.11328884356E8
stateEarth: 5.3286191809E7
stateEarth: -28.159
stateEarth: -21.279
stateEarth: -9.987
owltEarthMSL: 767.298
positionEarthWRTCuriosity: -1.94114093398E8
positionEarthWRTCuriosity: 1.11328884356E8
positionEarthWRTCuriosity: 5.3286191809E7
owltEarthMSL2: 767.298
angSepHGAEarth: 68.305
utcTime: "2016-12-16~11:31:00"
sol: 1551
sclkValue: " 1/01551:06:10:46:95976"

2018-01-09 20:12:20,022 [radio] INFO space.exploration.mars.rover.kernel.PositionSensor  - ephemerisTime: 5.35159928183489E8
stateCuriosity: 1.94141653977E8
stateCuriosity: -1.11344697854E8
stateCuriosity: -5.329376087E7
stateCuriosity: 28.156
stateCuriosity: 21.286
stateCuriosity: 9.991
owltMSLEarth: 767.407
stateEarth: -1.94114093398E8
stateEarth: 1.11328884356E8
stateEarth: 5.3286191809E7
stateEarth: -28.159
stateEarth: -21.279
stateEarth: -9.987
owltEarthMSL: 767.298
positionEarthWRTCuriosity: -1.94114093398E8
positionEarthWRTCuriosity: 1.11328884356E8
positionEarthWRTCuriosity: 5.3286191809E7
owltEarthMSL2: 767.298
angSepHGAEarth: 68.305
utcTime: "2016-12-16~11:31:00"
sol: 1551
sclkValue: " 1/01551:06:10:46:95976"

2018-01-09 20:12:20,023 [radio] INFO space.exploration.mars.rover.communication.Radio  - One Way Light Time computed by SPICE :: 767.407
2018-01-09 20:12:20,039 [radio] INFO space.exploration.mars.rover.kernel.ListeningState  - timeStamp: 1515550339774
targets {
  roverModule: 10
  estimatedPowerUsage: 70
  action: "GetWeather"
}

2018-01-09 20:12:26,079 [radio] INFO space.exploration.mars.rover.kernel.ListeningState  - 1515550346078,10,GetWeather Current instructionQueue length = 0
2018-01-09 20:12:26,079 [radio] INFO space.exploration.mars.rover.kernel.ListeningState  - Rover will try to get weather measurements - actual Curiosity Data
2018-01-09 20:12:26,079 [radio] ERROR space.exploration.mars.rover.kernel.ListeningState  - WeatherSensor is calibrating. Please try to get weather later!
2018-01-09 20:12:41,671 [batteryMonitor] INFO space.exploration.mars.rover.power.BatteryMonitor  - BatteryMonitor performing due diligence. SCET = 1515550361671 Rover state = Listening State
2018-01-09 20:12:41,672 [batteryMonitor] INFO space.exploration.mars.rover.power.BatteryMonitor  -  Battery primaryUnits = 1130 auxiliaryPowerUnits = 100
2018-01-09 20:13:01,265 [pacemaker] INFO space.exploration.mars.rover.kernel.PositionSensor  - Houston - this is curiosityActual.ephemerisTime: 5.35162448183489E8
stateCuriosity: 1.94212601768E8
stateCuriosity: -1.11291086685E8
stateCuriosity: -5.3268603085E7
stateCuriosity: 28.153
stateCuriosity: 21.262
stateCuriosity: 9.976
owltMSLEarth: 767.5
stateEarth: -1.94185050443E8
stateEarth: 1.11275292607E8
stateEarth: 5.3261042813E7
stateEarth: -28.157
stateEarth: -21.254
stateEarth: -9.972
owltEarthMSL: 767.391
positionEarthWRTCuriosity: -1.94185050443E8
positionEarthWRTCuriosity: 1.11275292607E8
positionEarthWRTCuriosity: 5.3261042813E7
owltEarthMSL2: 767.391
angSepHGAEarth: 65.106
utcTime: "2016-12-16~12:13:00"
sol: 1551
sclkValue: " 1/01551:06:51:39:53539"

2018-01-09 20:13:01,321 [pacemaker] INFO space.exploration.mars.rover.kernel.PositionSensor  - ephemerisTime: 5.35162448183489E8
stateCuriosity: 1.94212601768E8
stateCuriosity: -1.11291086685E8
stateCuriosity: -5.3268603085E7
stateCuriosity: 28.153
stateCuriosity: 21.262
stateCuriosity: 9.976
owltMSLEarth: 767.5
stateEarth: -1.94185050443E8
stateEarth: 1.11275292607E8
stateEarth: 5.3261042813E7
stateEarth: -28.157
stateEarth: -21.254
stateEarth: -9.972
owltEarthMSL: 767.391
positionEarthWRTCuriosity: -1.94185050443E8
positionEarthWRTCuriosity: 1.11275292607E8
positionEarthWRTCuriosity: 5.3261042813E7
owltEarthMSL2: 767.391
angSepHGAEarth: 65.106
utcTime: "2016-12-16~12:13:00"
sol: 1551
sclkValue: " 1/01551:06:51:39:53539"

2018-01-09 20:13:01,326 [pacemaker] INFO space.exploration.mars.rover.kernel.SpacecraftClock  - Internal time::2016-12-16T12:14:00.000-06:00 sclk of::1/01551:06:52:37:93005
2018-01-09 20:13:07,461 [pacemaker] INFO space.exploration.mars.rover.kernel.PositionSensor  - Houston - this is curiosityActual.ephemerisTime: 5.3516280818349E8
stateCuriosity: 1.94222736932E8
stateCuriosity: -1.11283432771E8
stateCuriosity: -5.3265012319E7
stateCuriosity: 28.153
stateCuriosity: 21.259
stateCuriosity: 9.973
owltMSLEarth: 767.514
stateEarth: -1.94195187188E8
stateEarth: 1.11267641623E8
stateEarth: 5.3257453379E7
stateEarth: -28.158
stateEarth: -21.251
stateEarth: -9.969
owltEarthMSL: 767.405
positionEarthWRTCuriosity: -1.94195187188E8
positionEarthWRTCuriosity: 1.11267641623E8
positionEarthWRTCuriosity: 5.3257453379E7
owltEarthMSL2: 767.405
angSepHGAEarth: 64.751
utcTime: "2016-12-16~12:19:00"
sol: 1551
sclkValue: " 1/01551:06:57:29:90333"

2018-01-09 20:13:07,506 [pacemaker] INFO space.exploration.mars.rover.kernel.PositionSensor  - ephemerisTime: 5.3516280818349E8
stateCuriosity: 1.94222736932E8
stateCuriosity: -1.11283432771E8
stateCuriosity: -5.3265012319E7
stateCuriosity: 28.153
stateCuriosity: 21.259
stateCuriosity: 9.973
owltMSLEarth: 767.514
stateEarth: -1.94195187188E8
stateEarth: 1.11267641623E8
stateEarth: 5.3257453379E7
stateEarth: -28.158
stateEarth: -21.251
stateEarth: -9.969
owltEarthMSL: 767.405
positionEarthWRTCuriosity: -1.94195187188E8
positionEarthWRTCuriosity: 1.11267641623E8
positionEarthWRTCuriosity: 5.3257453379E7
owltEarthMSL2: 767.405
angSepHGAEarth: 64.751
utcTime: "2016-12-16~12:19:00"
sol: 1551
sclkValue: " 1/01551:06:57:29:90333"

2018-01-09 20:13:07,506 [pacemaker] INFO space.exploration.mars.rover.communication.Radio  - One Way Light Time computed by SPICE :: 767.514
2018-01-09 20:13:07,518 [pacemaker] INFO space.exploration.mars.rover.communication.Transmitter  - Sending information packet to curiosity_to_earth_5
2018-01-09 20:13:11,671 [batteryMonitor] INFO space.exploration.mars.rover.power.BatteryMonitor  - BatteryMonitor performing due diligence. SCET = 1515550391671 Rover state = Listening State
2018-01-09 20:13:11,672 [batteryMonitor] INFO space.exploration.mars.rover.power.BatteryMonitor  -  Battery primaryUnits = 1129 auxiliaryPowerUnits = 100
2018-01-09 20:13:26,211 [radio] INFO space.exploration.mars.rover.communication.Receiver  - Time Elapsed since last message = 66301
2018-01-09 20:13:26,260 [radio] INFO space.exploration.mars.rover.kernel.PositionSensor  - Houston - this is curiosityActual.ephemerisTime: 5.3516394818349E8
stateCuriosity: 1.94254832446E8
stateCuriosity: -1.11259202852E8
stateCuriosity: -5.3253647277E7
stateCuriosity: 28.155
stateCuriosity: 21.249
stateCuriosity: 9.965
owltMSLEarth: 767.556
stateEarth: -1.94227288094E8
stateEarth: 1.11243421215E8
stateEarth: 5.3246092668E7
stateEarth: -28.16
stateEarth: -21.241
stateEarth: -9.962
owltEarthMSL: 767.447
positionEarthWRTCuriosity: -1.94227288094E8
positionEarthWRTCuriosity: 1.11243421215E8
positionEarthWRTCuriosity: 5.3246092668E7
owltEarthMSL2: 767.447
angSepHGAEarth: 63.803
utcTime: "2016-12-16~12:38:00"
sol: 1551
sclkValue: " 1/01551:07:15:59:40183"

2018-01-09 20:13:26,300 [radio] INFO space.exploration.mars.rover.kernel.PositionSensor  - ephemerisTime: 5.3516394818349E8
stateCuriosity: 1.94254832446E8
stateCuriosity: -1.11259202852E8
stateCuriosity: -5.3253647277E7
stateCuriosity: 28.155
stateCuriosity: 21.249
stateCuriosity: 9.965
owltMSLEarth: 767.556
stateEarth: -1.94227288094E8
stateEarth: 1.11243421215E8
stateEarth: 5.3246092668E7
stateEarth: -28.16
stateEarth: -21.241
stateEarth: -9.962
owltEarthMSL: 767.447
positionEarthWRTCuriosity: -1.94227288094E8
positionEarthWRTCuriosity: 1.11243421215E8
positionEarthWRTCuriosity: 5.3246092668E7
owltEarthMSL2: 767.447
angSepHGAEarth: 63.803
utcTime: "2016-12-16~12:38:00"
sol: 1551
sclkValue: " 1/01551:07:15:59:40183"

2018-01-09 20:13:26,300 [radio] INFO space.exploration.mars.rover.communication.Radio  - One Way Light Time computed by SPICE :: 767.556
2018-01-09 20:13:26,313 [radio] INFO space.exploration.mars.rover.kernel.ListeningState  - timeStamp: 1515550406207
targets {
  roverModule: 10
  estimatedPowerUsage: 70
  action: "GetWeather"
}

2018-01-09 20:13:32,341 [radio] INFO space.exploration.mars.rover.kernel.ListeningState  - 1515550412341,10,GetWeather Current instructionQueue length = 0
2018-01-09 20:13:32,342 [radio] INFO space.exploration.mars.rover.kernel.ListeningState  - Rover will try to get weather measurements - actual Curiosity Data
2018-01-09 20:13:32,342 [radio] ERROR space.exploration.mars.rover.kernel.ListeningState  - WeatherSensor is calibrating. Please try to get weather later!
2018-01-09 20:13:41,671 [batteryMonitor] INFO space.exploration.mars.rover.power.BatteryMonitor  - BatteryMonitor performing due diligence. SCET = 1515550421671 Rover state = Listening State
2018-01-09 20:13:41,672 [batteryMonitor] INFO space.exploration.mars.rover.power.BatteryMonitor  -  Battery primaryUnits = 1059 auxiliaryPowerUnits = 100
2018-01-09 20:14:01,292 [pacemaker] INFO space.exploration.mars.rover.kernel.PositionSensor  - Houston - this is curiosityActual.ephemerisTime: 5.35166048183491E8
stateCuriosity: 1.94313963269E8
stateCuriosity: -1.11214596369E8
stateCuriosity: -5.3232735683E7
stateCuriosity: 28.161
stateCuriosity: 21.233
stateCuriosity: 9.95
owltMSLEarth: 767.635
stateEarth: -1.94286430226E8
stateEarth: 1.11198833074E8
stateEarth: 5.3225189461E7
stateEarth: -28.167
stateEarth: -21.224
stateEarth: -9.946
owltEarthMSL: 767.526
positionEarthWRTCuriosity: -1.94286430226E8
positionEarthWRTCuriosity: 1.11198833074E8
positionEarthWRTCuriosity: 5.3225189461E7
owltEarthMSL2: 767.526
angSepHGAEarth: 62.799
utcTime: "2016-12-16~13:13:00"
sol: 1551
sclkValue: " 1/01551:07:50:03:21486"

2018-01-09 20:14:01,349 [pacemaker] INFO space.exploration.mars.rover.kernel.PositionSensor  - ephemerisTime: 5.35166048183491E8
stateCuriosity: 1.94313963269E8
stateCuriosity: -1.11214596369E8
stateCuriosity: -5.3232735683E7
stateCuriosity: 28.161
stateCuriosity: 21.233
stateCuriosity: 9.95
owltMSLEarth: 767.635
stateEarth: -1.94286430226E8
stateEarth: 1.11198833074E8
stateEarth: 5.3225189461E7
stateEarth: -28.167
stateEarth: -21.224
stateEarth: -9.946
owltEarthMSL: 767.526
positionEarthWRTCuriosity: -1.94286430226E8
positionEarthWRTCuriosity: 1.11198833074E8
positionEarthWRTCuriosity: 5.3225189461E7
owltEarthMSL2: 767.526
angSepHGAEarth: 62.799
utcTime: "2016-12-16~13:13:00"
sol: 1551
sclkValue: " 1/01551:07:50:03:21486"

2018-01-09 20:14:01,349 [pacemaker] INFO space.exploration.mars.rover.kernel.SpacecraftClock  - Internal time::2016-12-16T13:14:00.000-06:00 sclk of::1/01551:07:51:01:60952
2018-01-09 20:14:07,437 [pacemaker] INFO space.exploration.mars.rover.kernel.PositionSensor  - Houston - this is curiosityActual.ephemerisTime: 5.35166408183491E8
stateCuriosity: 1.94324101495E8
stateCuriosity: -1.11206952817E8
stateCuriosity: -5.3229154103E7
stateCuriosity: 28.163
stateCuriosity: 21.231
stateCuriosity: 9.947
owltMSLEarth: 767.648
stateEarth: -1.94296570548E8
stateEarth: 1.1119119276E8
stateEarth: 5.3221609366E7
stateEarth: -28.168
stateEarth: -21.222
stateEarth: -9.943
owltEarthMSL: 767.539
positionEarthWRTCuriosity: -1.94296570548E8
positionEarthWRTCuriosity: 1.1119119276E8
positionEarthWRTCuriosity: 5.3221609366E7
owltEarthMSL2: 767.539
angSepHGAEarth: 62.727
utcTime: "2016-12-16~13:19:00"
sol: 1551
sclkValue: " 1/01551:07:55:53:58281"

2018-01-09 20:14:07,488 [pacemaker] INFO space.exploration.mars.rover.kernel.PositionSensor  - ephemerisTime: 5.35166408183491E8
stateCuriosity: 1.94324101495E8
stateCuriosity: -1.11206952817E8
stateCuriosity: -5.3229154103E7
stateCuriosity: 28.163
stateCuriosity: 21.231
stateCuriosity: 9.947
owltMSLEarth: 767.648
stateEarth: -1.94296570548E8
stateEarth: 1.1119119276E8
stateEarth: 5.3221609366E7
stateEarth: -28.168
stateEarth: -21.222
stateEarth: -9.943
owltEarthMSL: 767.539
positionEarthWRTCuriosity: -1.94296570548E8
positionEarthWRTCuriosity: 1.1119119276E8
positionEarthWRTCuriosity: 5.3221609366E7
owltEarthMSL2: 767.539
angSepHGAEarth: 62.727
utcTime: "2016-12-16~13:19:00"
sol: 1551
sclkValue: " 1/01551:07:55:53:58281"

2018-01-09 20:14:07,488 [pacemaker] INFO space.exploration.mars.rover.communication.Radio  - One Way Light Time computed by SPICE :: 767.648
2018-01-09 20:14:07,500 [pacemaker] INFO space.exploration.mars.rover.communication.Transmitter  - Sending information packet to curiosity_to_earth_5
2018-01-09 20:14:09,412 [radio] INFO space.exploration.mars.rover.communication.Receiver  - Time Elapsed since last message = 43201
2018-01-09 20:14:09,468 [radio] INFO space.exploration.mars.rover.kernel.PositionSensor  - Houston - this is curiosityActual.ephemerisTime: 5.35166528183491E8
stateCuriosity: 1.94327481027E8
stateCuriosity: -1.11204405163E8
stateCuriosity: -5.3227960461E7
stateCuriosity: 28.163
stateCuriosity: 21.23
stateCuriosity: 9.947
owltMSLEarth: 767.653
stateEarth: -1.94299950787E8
stateEarth: 1.11188646191E8
stateEarth: 5.3220416221E7
stateEarth: -28.169
stateEarth: -21.221
stateEarth: -9.942
owltEarthMSL: 767.544
positionEarthWRTCuriosity: -1.94299950787E8
positionEarthWRTCuriosity: 1.11188646191E8
positionEarthWRTCuriosity: 5.3220416221E7
owltEarthMSL2: 767.544
angSepHGAEarth: 62.709
utcTime: "2016-12-16~13:21:00"
sol: 1551
sclkValue: " 1/01551:07:57:50:37212"

2018-01-09 20:14:09,532 [radio] INFO space.exploration.mars.rover.kernel.PositionSensor  - ephemerisTime: 5.35166528183491E8
stateCuriosity: 1.94327481027E8
stateCuriosity: -1.11204405163E8
stateCuriosity: -5.3227960461E7
stateCuriosity: 28.163
stateCuriosity: 21.23
stateCuriosity: 9.947
owltMSLEarth: 767.653
stateEarth: -1.94299950787E8
stateEarth: 1.11188646191E8
stateEarth: 5.3220416221E7
stateEarth: -28.169
stateEarth: -21.221
stateEarth: -9.942
owltEarthMSL: 767.544
positionEarthWRTCuriosity: -1.94299950787E8
positionEarthWRTCuriosity: 1.11188646191E8
positionEarthWRTCuriosity: 5.3220416221E7
owltEarthMSL2: 767.544
angSepHGAEarth: 62.709
utcTime: "2016-12-16~13:21:00"
sol: 1551
sclkValue: " 1/01551:07:57:50:37212"

2018-01-09 20:14:09,532 [radio] INFO space.exploration.mars.rover.communication.Radio  - One Way Light Time computed by SPICE :: 767.653
2018-01-09 20:14:10,504 [radio] INFO space.exploration.mars.rover.kernel.ListeningState  - timeStamp: 1515550449407
targets {
  roverModule: 10
  estimatedPowerUsage: 70
  action: "GetWeather"
}

2018-01-09 20:14:16,535 [radio] INFO space.exploration.mars.rover.kernel.ListeningState  - 1515550456535,10,GetWeather Current instructionQueue length = 0
2018-01-09 20:14:16,535 [radio] INFO space.exploration.mars.rover.kernel.ListeningState  - Rover will try to get weather measurements - actual Curiosity Data
2018-01-09 20:14:16,535 [radio] ERROR space.exploration.mars.rover.kernel.ListeningState  - WeatherSensor is calibrating. Please try to get weather later!
2018-01-09 20:14:16,535 [batteryMonitor] INFO space.exploration.mars.rover.power.BatteryMonitor  - BatteryMonitor performing due diligence. SCET = 1515550451671 Rover state = Listening State
2018-01-09 20:14:16,536 [batteryMonitor] INFO space.exploration.mars.rover.power.BatteryMonitor  -  Battery primaryUnits = 988 auxiliaryPowerUnits = 100
2018-01-09 20:14:41,671 [batteryMonitor] INFO space.exploration.mars.rover.power.BatteryMonitor  - BatteryMonitor performing due diligence. SCET = 1515550481671 Rover state = Listening State
2018-01-09 20:14:41,671 [batteryMonitor] INFO space.exploration.mars.rover.power.BatteryMonitor  -  Battery primaryUnits = 988 auxiliaryPowerUnits = 100
2018-01-09 20:15:01,289 [pacemaker] INFO space.exploration.mars.rover.kernel.PositionSensor  - Houston - this is curiosityActual.ephemerisTime: 5.35169648183492E8
stateCuriosity: 1.9441537608E8
stateCuriosity: -1.11138196186E8
stateCuriosity: -5.3196964856E7
stateCuriosity: 28.181
stateCuriosity: 21.213
stateCuriosity: 9.922
owltMSLEarth: 767.77
stateEarth: -1.94387865562E8
stateEarth: 1.11122466196E8
stateEarth: 5.3189433964E7
stateEarth: -28.188
stateEarth: -21.203
stateEarth: -9.918
owltEarthMSL: 767.661
positionEarthWRTCuriosity: -1.94387865562E8
positionEarthWRTCuriosity: 1.11122466196E8
positionEarthWRTCuriosity: 5.3189433964E7
owltEarthMSL2: 767.661
angSepHGAEarth: 63.399
utcTime: "2016-12-16~14:13:00"
sol: 1551
sclkValue: " 1/01551:08:48:26:89433"

2018-01-09 20:15:01,326 [pacemaker] INFO space.exploration.mars.rover.kernel.PositionSensor  - ephemerisTime: 5.35169648183492E8
stateCuriosity: 1.9441537608E8
stateCuriosity: -1.11138196186E8
stateCuriosity: -5.3196964856E7
stateCuriosity: 28.181
stateCuriosity: 21.213
stateCuriosity: 9.922
owltMSLEarth: 767.77
stateEarth: -1.94387865562E8
stateEarth: 1.11122466196E8
stateEarth: 5.3189433964E7
stateEarth: -28.188
stateEarth: -21.203
stateEarth: -9.918
owltEarthMSL: 767.661
positionEarthWRTCuriosity: -1.94387865562E8
positionEarthWRTCuriosity: 1.11122466196E8
positionEarthWRTCuriosity: 5.3189433964E7
owltEarthMSL2: 767.661
angSepHGAEarth: 63.399
utcTime: "2016-12-16~14:13:00"
sol: 1551
sclkValue: " 1/01551:08:48:26:89433"

2018-01-09 20:15:01,327 [pacemaker] INFO space.exploration.mars.rover.kernel.SpacecraftClock  - Internal time::2016-12-16T14:14:00.000-06:00 sclk of::1/01551:08:49:25:28899
2018-01-09 20:15:07,389 [pacemaker] INFO space.exploration.mars.rover.kernel.PositionSensor  - Houston - this is curiosityActual.ephemerisTime: 5.35170008183492E8
stateCuriosity: 1.94425521865E8
stateCuriosity: -1.11130559813E8
stateCuriosity: -5.3193393358E7
stateCuriosity: 28.184
stateCuriosity: 21.211
stateCuriosity: 9.919
owltMSLEarth: 767.783
stateEarth: -1.9439801375E8
stateEarth: 1.11114833242E8
stateEarth: 5.3185864046E7
stateEarth: -28.191
stateEarth: -21.202
stateEarth: -9.915
owltEarthMSL: 767.675
positionEarthWRTCuriosity: -1.9439801375E8
positionEarthWRTCuriosity: 1.11114833242E8
positionEarthWRTCuriosity: 5.3185864046E7
owltEarthMSL2: 767.675
angSepHGAEarth: 63.619
utcTime: "2016-12-16~14:19:00"
sol: 1551
sclkValue: " 1/01551:08:54:17:26228"

2018-01-09 20:15:07,433 [pacemaker] INFO space.exploration.mars.rover.kernel.PositionSensor  - ephemerisTime: 5.35170008183492E8
stateCuriosity: 1.94425521865E8
stateCuriosity: -1.11130559813E8
stateCuriosity: -5.3193393358E7
stateCuriosity: 28.184
stateCuriosity: 21.211
stateCuriosity: 9.919
owltMSLEarth: 767.783
stateEarth: -1.9439801375E8
stateEarth: 1.11114833242E8
stateEarth: 5.3185864046E7
stateEarth: -28.191
stateEarth: -21.202
stateEarth: -9.915
owltEarthMSL: 767.675
positionEarthWRTCuriosity: -1.9439801375E8
positionEarthWRTCuriosity: 1.11114833242E8
positionEarthWRTCuriosity: 5.3185864046E7
owltEarthMSL2: 767.675
angSepHGAEarth: 63.619
utcTime: "2016-12-16~14:19:00"
sol: 1551
sclkValue: " 1/01551:08:54:17:26228"

2018-01-09 20:15:07,433 [pacemaker] INFO space.exploration.mars.rover.communication.Radio  - One Way Light Time computed by SPICE :: 767.783
2018-01-09 20:15:07,446 [pacemaker] INFO space.exploration.mars.rover.communication.Transmitter  - Sending information packet to curiosity_to_earth_5
2018-01-09 20:15:11,671 [batteryMonitor] INFO space.exploration.mars.rover.power.BatteryMonitor  - BatteryMonitor performing due diligence. SCET = 1515550511671 Rover state = Listening State
2018-01-09 20:15:11,672 [batteryMonitor] INFO space.exploration.mars.rover.power.BatteryMonitor  -  Battery primaryUnits = 987 auxiliaryPowerUnits = 100
2018-01-09 20:15:41,671 [batteryMonitor] INFO space.exploration.mars.rover.power.BatteryMonitor  - BatteryMonitor performing due diligence. SCET = 1515550541671 Rover state = Listening State
2018-01-09 20:15:41,671 [batteryMonitor] INFO space.exploration.mars.rover.power.BatteryMonitor  -  Battery primaryUnits = 987 auxiliaryPowerUnits = 100
2018-01-09 20:16:01,282 [pacemaker] INFO space.exploration.mars.rover.kernel.PositionSensor  - Houston - this is curiosityActual.ephemerisTime: 5.35173248183493E8
stateCuriosity: 1.94516882258E8
stateCuriosity: -1.11061850045E8
stateCuriosity: -5.3161295764E7
stateCuriosity: 28.212
stateCuriosity: 21.204
stateCuriosity: 9.894
owltMSLEarth: 767.905
stateEarth: -1.94489396349E8
stateEarth: 1.11046154561E8
stateEarth: 5.3153780878E7
stateEarth: -28.219
stateEarth: -21.194
stateEarth: -9.89
owltEarthMSL: 767.797
positionEarthWRTCuriosity: -1.94489396349E8
positionEarthWRTCuriosity: 1.11046154561E8
positionEarthWRTCuriosity: 5.3153780878E7
owltEarthMSL2: 767.797
angSepHGAEarth: 0.164
utcTime: "2016-12-16~15:13:00"
hgaPass: true
sol: 1551
sclkValue: " 1/01551:09:46:50:57381"

2018-01-09 20:16:01,321 [pacemaker] INFO space.exploration.mars.rover.kernel.PositionSensor  - ephemerisTime: 5.35173248183493E8
stateCuriosity: 1.94516882258E8
stateCuriosity: -1.11061850045E8
stateCuriosity: -5.3161295764E7
stateCuriosity: 28.212
stateCuriosity: 21.204
stateCuriosity: 9.894
owltMSLEarth: 767.905
stateEarth: -1.94489396349E8
stateEarth: 1.11046154561E8
stateEarth: 5.3153780878E7
stateEarth: -28.219
stateEarth: -21.194
stateEarth: -9.89
owltEarthMSL: 767.797
positionEarthWRTCuriosity: -1.94489396349E8
positionEarthWRTCuriosity: 1.11046154561E8
positionEarthWRTCuriosity: 5.3153780878E7
owltEarthMSL2: 767.797
angSepHGAEarth: 0.164
utcTime: "2016-12-16~15:13:00"
hgaPass: true
sol: 1551
sclkValue: " 1/01551:09:46:50:57381"

2018-01-09 20:16:01,321 [pacemaker] INFO space.exploration.mars.rover.kernel.SpacecraftClock  - Internal time::2016-12-16T15:14:00.000-06:00 sclk of::1/01551:09:47:48:96846
2018-01-09 20:16:07,385 [pacemaker] INFO space.exploration.mars.rover.kernel.PositionSensor  - Houston - this is curiosityActual.ephemerisTime: 5.35173608183493E8
stateCuriosity: 1.94527039401E8
stateCuriosity: -1.11054216764E8
stateCuriosity: -5.3157734393E7
stateCuriosity: 28.216
stateCuriosity: 21.203
stateCuriosity: 9.891
owltMSLEarth: 767.919
stateEarth: -1.9449955598E8
stateEarth: 1.11038524742E8
stateEarth: 5.3150221121E7
stateEarth: -28.223
stateEarth: -21.194
stateEarth: -9.887
owltEarthMSL: 767.81
positionEarthWRTCuriosity: -1.9449955598E8
positionEarthWRTCuriosity: 1.11038524742E8
positionEarthWRTCuriosity: 5.3150221121E7
owltEarthMSL2: 767.81
angSepHGAEarth: 0.178
utcTime: "2016-12-16~15:19:00"
hgaPass: true
sol: 1551
sclkValue: " 1/01551:09:52:40:94175"

2018-01-09 20:16:07,423 [pacemaker] INFO space.exploration.mars.rover.kernel.PositionSensor  - ephemerisTime: 5.35173608183493E8
stateCuriosity: 1.94527039401E8
stateCuriosity: -1.11054216764E8
stateCuriosity: -5.3157734393E7
stateCuriosity: 28.216
stateCuriosity: 21.203
stateCuriosity: 9.891
owltMSLEarth: 767.919
stateEarth: -1.9449955598E8
stateEarth: 1.11038524742E8
stateEarth: 5.3150221121E7
stateEarth: -28.223
stateEarth: -21.194
stateEarth: -9.887
owltEarthMSL: 767.81
positionEarthWRTCuriosity: -1.9449955598E8
positionEarthWRTCuriosity: 1.11038524742E8
positionEarthWRTCuriosity: 5.3150221121E7
owltEarthMSL2: 767.81
angSepHGAEarth: 0.178
utcTime: "2016-12-16~15:19:00"
hgaPass: true
sol: 1551
sclkValue: " 1/01551:09:52:40:94175"

2018-01-09 20:16:07,423 [pacemaker] INFO space.exploration.mars.rover.communication.Radio  - One Way Light Time computed by SPICE :: 767.919
2018-01-09 20:16:07,435 [pacemaker] INFO space.exploration.mars.rover.communication.Transmitter  - Sending information packet to curiosity_to_earth_5
2018-01-09 20:16:11,671 [batteryMonitor] INFO space.exploration.mars.rover.power.BatteryMonitor  - BatteryMonitor performing due diligence. SCET = 1515550571671 Rover state = Listening State
2018-01-09 20:16:11,672 [batteryMonitor] INFO space.exploration.mars.rover.power.BatteryMonitor  -  Battery primaryUnits = 986 auxiliaryPowerUnits = 100
2018-01-09 20:16:16,305 [radio] INFO space.exploration.mars.rover.communication.Receiver  - Time Elapsed since last message = 126892
2018-01-09 20:16:16,373 [radio] INFO space.exploration.mars.rover.kernel.PositionSensor  - Houston - this is curiosityActual.ephemerisTime: 5.35174148183493E8
stateCuriosity: 1.94542277582E8
stateCuriosity: -1.11042766934E8
stateCuriosity: -5.3152394176E7
stateCuriosity: 28.222
stateCuriosity: 21.203
stateCuriosity: 9.887
owltMSLEarth: 767.939
stateEarth: -1.94514797884E8
stateEarth: 1.11027080101E8
stateEarth: 5.3144883323E7
stateEarth: -28.229
stateEarth: -21.194
stateEarth: -9.883
owltEarthMSL: 767.831
positionEarthWRTCuriosity: -1.94514797884E8
positionEarthWRTCuriosity: 1.11027080101E8
positionEarthWRTCuriosity: 5.3144883323E7
owltEarthMSL2: 767.831
angSepHGAEarth: 68.081
utcTime: "2016-12-16~15:28:00"
sol: 1551
sclkValue: " 1/01551:10:01:26:49367"

2018-01-09 20:16:16,409 [radio] INFO space.exploration.mars.rover.kernel.PositionSensor  - ephemerisTime: 5.35174148183493E8
stateCuriosity: 1.94542277582E8
stateCuriosity: -1.11042766934E8
stateCuriosity: -5.3152394176E7
stateCuriosity: 28.222
stateCuriosity: 21.203
stateCuriosity: 9.887
owltMSLEarth: 767.939
stateEarth: -1.94514797884E8
stateEarth: 1.11027080101E8
stateEarth: 5.3144883323E7
stateEarth: -28.229
stateEarth: -21.194
stateEarth: -9.883
owltEarthMSL: 767.831
positionEarthWRTCuriosity: -1.94514797884E8
positionEarthWRTCuriosity: 1.11027080101E8
positionEarthWRTCuriosity: 5.3144883323E7
owltEarthMSL2: 767.831
angSepHGAEarth: 68.081
utcTime: "2016-12-16~15:28:00"
sol: 1551
sclkValue: " 1/01551:10:01:26:49367"

2018-01-09 20:16:16,409 [radio] INFO space.exploration.mars.rover.communication.Radio  - One Way Light Time computed by SPICE :: 767.939
2018-01-09 20:16:16,422 [radio] INFO space.exploration.mars.rover.kernel.ListeningState  - timeStamp: 1515550576295
targets {
  roverModule: 10
  estimatedPowerUsage: 70
  action: "GetWeather"
}

2018-01-09 20:16:22,442 [radio] INFO space.exploration.mars.rover.kernel.ListeningState  - 1515550582442,10,GetWeather Current instructionQueue length = 0
2018-01-09 20:16:22,442 [radio] INFO space.exploration.mars.rover.kernel.ListeningState  - Rover will try to get weather measurements - actual Curiosity Data
2018-01-09 20:16:22,443 [radio] INFO space.exploration.mars.rover.kernel.WeatherSensingState  - Will get mars weather measurements
2018-01-09 20:16:31,636 [radio] INFO space.exploration.mars.rover.kernel.PositionSensor  - Houston - this is curiosityActual.ephemerisTime: 5.35175048183493E8
stateCuriosity: 1.94567681351E8
stateCuriosity: -1.1102368373E8
stateCuriosity: -5.314349864E7
stateCuriosity: 28.231
stateCuriosity: 21.204
stateCuriosity: 9.881
owltMSLEarth: 767.973
stateEarth: -1.94540207815E8
stateEarth: 1.11008005513E8
stateEarth: 5.3135991811E7
stateEarth: -28.238
stateEarth: -21.194
stateEarth: -9.876
owltEarthMSL: 767.865
positionEarthWRTCuriosity: -1.94540207815E8
positionEarthWRTCuriosity: 1.11008005513E8
positionEarthWRTCuriosity: 5.3135991811E7
owltEarthMSL2: 767.865
angSepHGAEarth: 69.479
utcTime: "2016-12-16~15:43:00"
sol: 1551
sclkValue: " 1/01551:10:16:02:41354"

2018-01-09 20:16:31,674 [radio] INFO space.exploration.mars.rover.kernel.PositionSensor  - ephemerisTime: 5.35175048183493E8
stateCuriosity: 1.94567681351E8
stateCuriosity: -1.1102368373E8
stateCuriosity: -5.314349864E7
stateCuriosity: 28.231
stateCuriosity: 21.204
stateCuriosity: 9.881
owltMSLEarth: 767.973
stateEarth: -1.94540207815E8
stateEarth: 1.11008005513E8
stateEarth: 5.3135991811E7
stateEarth: -28.238
stateEarth: -21.194
stateEarth: -9.876
owltEarthMSL: 767.865
positionEarthWRTCuriosity: -1.94540207815E8
positionEarthWRTCuriosity: 1.11008005513E8
positionEarthWRTCuriosity: 5.3135991811E7
owltEarthMSL2: 767.865
angSepHGAEarth: 69.479
utcTime: "2016-12-16~15:43:00"
sol: 1551
sclkValue: " 1/01551:10:16:02:41354"

2018-01-09 20:16:31,674 [radio] INFO space.exploration.mars.rover.communication.Radio  - One Way Light Time computed by SPICE :: 767.973
2018-01-09 20:16:31,686 [radio] INFO space.exploration.mars.rover.communication.Transmitter  - Sending information packet to curiosity_to_earth_5
2018-01-09 20:16:41,671 [batteryMonitor] INFO space.exploration.mars.rover.power.BatteryMonitor  - BatteryMonitor performing due diligence. SCET = 1515550601671 Rover state = Listening State
2018-01-09 20:16:41,672 [batteryMonitor] INFO space.exploration.mars.rover.power.BatteryMonitor  -  Battery primaryUnits = 916 auxiliaryPowerUnits = 100
2018-01-09 20:17:01,288 [pacemaker] INFO space.exploration.mars.rover.kernel.PositionSensor  - Houston - this is curiosityActual.ephemerisTime: 5.35176848183494E8
stateCuriosity: 1.94618515757E8
stateCuriosity: -1.10985513967E8
stateCuriosity: -5.3125725014E7
stateCuriosity: 28.252
stateCuriosity: 21.208
stateCuriosity: 9.868
owltMSLEarth: 768.042
stateEarth: -1.94591054253E8
stateEarth: 1.10969852794E8
stateEarth: 5.3118226167E7
stateEarth: -28.258
stateEarth: -21.198
stateEarth: -9.864
owltEarthMSL: 767.933
positionEarthWRTCuriosity: -1.94591054253E8
positionEarthWRTCuriosity: 1.10969852794E8
positionEarthWRTCuriosity: 5.3118226167E7
owltEarthMSL2: 767.933
angSepHGAEarth: 72.67
utcTime: "2016-12-16~16:13:00"
sol: 1551
sclkValue: " 1/01551:10:45:14:25328"

2018-01-09 20:17:01,328 [pacemaker] INFO space.exploration.mars.rover.kernel.PositionSensor  - ephemerisTime: 5.35176848183494E8
stateCuriosity: 1.94618515757E8
stateCuriosity: -1.10985513967E8
stateCuriosity: -5.3125725014E7
stateCuriosity: 28.252
stateCuriosity: 21.208
stateCuriosity: 9.868
owltMSLEarth: 768.042
stateEarth: -1.94591054253E8
stateEarth: 1.10969852794E8
stateEarth: 5.3118226167E7
stateEarth: -28.258
stateEarth: -21.198
stateEarth: -9.864
owltEarthMSL: 767.933
positionEarthWRTCuriosity: -1.94591054253E8
positionEarthWRTCuriosity: 1.10969852794E8
positionEarthWRTCuriosity: 5.3118226167E7
owltEarthMSL2: 767.933
angSepHGAEarth: 72.67
utcTime: "2016-12-16~16:13:00"
sol: 1551
sclkValue: " 1/01551:10:45:14:25328"

2018-01-09 20:17:01,328 [pacemaker] INFO space.exploration.mars.rover.kernel.SpacecraftClock  - Internal time::2016-12-16T16:14:00.000-06:00 sclk of::1/01551:10:46:12:64794
2018-01-09 20:17:07,394 [pacemaker] INFO space.exploration.mars.rover.kernel.PositionSensor  - Houston - this is curiosityActual.ephemerisTime: 5.35177208183494E8
stateCuriosity: 1.94628687119E8
stateCuriosity: -1.10977879053E8
stateCuriosity: -5.3122172965E7
stateCuriosity: 28.256
stateCuriosity: 21.209
stateCuriosity: 9.866
owltMSLEarth: 768.055
stateEarth: -1.94601227956E8
stateEarth: 1.10962221246E8
stateEarth: 5.3114675699E7
stateEarth: -28.262
stateEarth: -21.199
stateEarth: -9.861
owltEarthMSL: 767.947
positionEarthWRTCuriosity: -1.94601227956E8
positionEarthWRTCuriosity: 1.10962221246E8
positionEarthWRTCuriosity: 5.3114675699E7
owltEarthMSL2: 767.947
angSepHGAEarth: 73.367
utcTime: "2016-12-16~16:19:00"
sol: 1551
sclkValue: " 1/01551:10:51:04:62123"

2018-01-09 20:17:07,433 [pacemaker] INFO space.exploration.mars.rover.kernel.PositionSensor  - ephemerisTime: 5.35177208183494E8
stateCuriosity: 1.94628687119E8
stateCuriosity: -1.10977879053E8
stateCuriosity: -5.3122172965E7
stateCuriosity: 28.256
stateCuriosity: 21.209
stateCuriosity: 9.866
owltMSLEarth: 768.055
stateEarth: -1.94601227956E8
stateEarth: 1.10962221246E8
stateEarth: 5.3114675699E7
stateEarth: -28.262
stateEarth: -21.199
stateEarth: -9.861
owltEarthMSL: 767.947
positionEarthWRTCuriosity: -1.94601227956E8
positionEarthWRTCuriosity: 1.10962221246E8
positionEarthWRTCuriosity: 5.3114675699E7
owltEarthMSL2: 767.947
angSepHGAEarth: 73.367
utcTime: "2016-12-16~16:19:00"
sol: 1551
sclkValue: " 1/01551:10:51:04:62123"

2018-01-09 20:17:07,433 [pacemaker] INFO space.exploration.mars.rover.communication.Radio  - One Way Light Time computed by SPICE :: 768.055
2018-01-09 20:17:07,445 [pacemaker] INFO space.exploration.mars.rover.communication.Transmitter  - Sending information packet to curiosity_to_earth_5
2018-01-09 20:17:11,671 [batteryMonitor] INFO space.exploration.mars.rover.power.BatteryMonitor  - BatteryMonitor performing due diligence. SCET = 1515550631671 Rover state = Listening State
2018-01-09 20:17:11,672 [batteryMonitor] INFO space.exploration.mars.rover.power.BatteryMonitor  -  Battery primaryUnits = 915 auxiliaryPowerUnits = 100
2018-01-09 20:17:41,671 [batteryMonitor] INFO space.exploration.mars.rover.power.BatteryMonitor  - BatteryMonitor performing due diligence. SCET = 1515550661671 Rover state = Listening State
2018-01-09 20:17:41,671 [batteryMonitor] INFO space.exploration.mars.rover.power.BatteryMonitor  -  Battery primaryUnits = 915 auxiliaryPowerUnits = 100
2018-01-09 20:18:01,263 [pacemaker] INFO space.exploration.mars.rover.kernel.PositionSensor  - Houston - this is curiosityActual.ephemerisTime: 5.35180448183495E8
stateCuriosity: 1.94720300232E8
stateCuriosity: -1.10909138937E8
stateCuriosity: -5.3090240881E7
stateCuriosity: 28.296
stateCuriosity: 21.225
stateCuriosity: 9.846
owltMSLEarth: 768.179
stateEarth: -1.94692860651E8
stateEarth: 1.10893510499E8
stateEarth: 5.308275746E7
stateEarth: -28.301
stateEarth: -21.217
stateEarth: -9.842
owltEarthMSL: 768.07
positionEarthWRTCuriosity: -1.94692860651E8
positionEarthWRTCuriosity: 1.10893510499E8
positionEarthWRTCuriosity: 5.308275746E7
owltEarthMSL2: 768.07
angSepHGAEarth: 80.388
utcTime: "2016-12-16~17:13:00"
sol: 1551
sclkValue: " 1/01551:11:43:37:93275"

2018-01-09 20:18:01,325 [pacemaker] INFO space.exploration.mars.rover.kernel.PositionSensor  - ephemerisTime: 5.35180448183495E8
stateCuriosity: 1.94720300232E8
stateCuriosity: -1.10909138937E8
stateCuriosity: -5.3090240881E7
stateCuriosity: 28.296
stateCuriosity: 21.225
stateCuriosity: 9.846
owltMSLEarth: 768.179
stateEarth: -1.94692860651E8
stateEarth: 1.10893510499E8
stateEarth: 5.308275746E7
stateEarth: -28.301
stateEarth: -21.217
stateEarth: -9.842
owltEarthMSL: 768.07
positionEarthWRTCuriosity: -1.94692860651E8
positionEarthWRTCuriosity: 1.10893510499E8
positionEarthWRTCuriosity: 5.308275746E7
owltEarthMSL2: 768.07
angSepHGAEarth: 80.388
utcTime: "2016-12-16~17:13:00"
sol: 1551
sclkValue: " 1/01551:11:43:37:93275"

2018-01-09 20:18:01,325 [pacemaker] INFO space.exploration.mars.rover.kernel.SpacecraftClock  - Internal time::2016-12-16T17:14:00.000-06:00 sclk of::1/01551:11:44:36:32741
2018-01-09 20:18:07,384 [pacemaker] INFO space.exploration.mars.rover.kernel.PositionSensor  - Houston - this is curiosityActual.ephemerisTime: 5.35180808183495E8
stateCuriosity: 1.94730487546E8
stateCuriosity: -1.10901497331E8
stateCuriosity: -5.3086696549E7
stateCuriosity: 28.3
stateCuriosity: 21.228
stateCuriosity: 9.844
owltMSLEarth: 768.192
stateEarth: -1.94703049937E8
stateEarth: 1.1088587203E8
stateEarth: 5.3079214612E7
stateEarth: -28.306
stateEarth: -21.219
stateEarth: -9.84
owltEarthMSL: 768.084
positionEarthWRTCuriosity: -1.94703049937E8
positionEarthWRTCuriosity: 1.1088587203E8
positionEarthWRTCuriosity: 5.3079214612E7
owltEarthMSL2: 768.084
angSepHGAEarth: 81.243
utcTime: "2016-12-16~17:19:00"
sol: 1551
sclkValue: " 1/01551:11:49:28:30070"

2018-01-09 20:18:07,424 [pacemaker] INFO space.exploration.mars.rover.kernel.PositionSensor  - ephemerisTime: 5.35180808183495E8
stateCuriosity: 1.94730487546E8
stateCuriosity: -1.10901497331E8
stateCuriosity: -5.3086696549E7
stateCuriosity: 28.3
stateCuriosity: 21.228
stateCuriosity: 9.844
owltMSLEarth: 768.192
stateEarth: -1.94703049937E8
stateEarth: 1.1088587203E8
stateEarth: 5.3079214612E7
stateEarth: -28.306
stateEarth: -21.219
stateEarth: -9.84
owltEarthMSL: 768.084
positionEarthWRTCuriosity: -1.94703049937E8
positionEarthWRTCuriosity: 1.1088587203E8
positionEarthWRTCuriosity: 5.3079214612E7
owltEarthMSL2: 768.084
angSepHGAEarth: 81.243
utcTime: "2016-12-16~17:19:00"
sol: 1551
sclkValue: " 1/01551:11:49:28:30070"

2018-01-09 20:18:07,424 [pacemaker] INFO space.exploration.mars.rover.communication.Radio  - One Way Light Time computed by SPICE :: 768.192
2018-01-09 20:18:07,436 [pacemaker] INFO space.exploration.mars.rover.communication.Transmitter  - Sending information packet to curiosity_to_earth_5
2018-01-09 20:18:11,671 [batteryMonitor] INFO space.exploration.mars.rover.power.BatteryMonitor  - BatteryMonitor performing due diligence. SCET = 1515550691671 Rover state = Listening State
2018-01-09 20:18:11,672 [batteryMonitor] INFO space.exploration.mars.rover.power.BatteryMonitor  -  Battery primaryUnits = 914 auxiliaryPowerUnits = 100
2018-01-09 20:18:41,671 [batteryMonitor] INFO space.exploration.mars.rover.power.BatteryMonitor  - BatteryMonitor performing due diligence. SCET = 1515550721671 Rover state = Listening State
2018-01-09 20:18:41,672 [batteryMonitor] INFO space.exploration.mars.rover.power.BatteryMonitor  -  Battery primaryUnits = 914 auxiliaryPowerUnits = 100
2018-01-09 20:19:01,264 [pacemaker] INFO space.exploration.mars.rover.kernel.PositionSensor  - Houston - this is curiosityActual.ephemerisTime: 5.35184048183496E8
stateCuriosity: 1.94822247501E8
stateCuriosity: -1.10832674075E8
stateCuriosity: -5.3054824068E7
stateCuriosity: 28.342
stateCuriosity: 21.257
stateCuriosity: 9.831
owltMSLEarth: 768.316
stateEarth: -1.94794825239E8
stateEarth: 1.10817075523E8
stateEarth: 5.3047354853E7
stateEarth: -28.346
stateEarth: -21.25
stateEarth: -9.827
owltEarthMSL: 768.208
positionEarthWRTCuriosity: -1.94794825239E8
positionEarthWRTCuriosity: 1.10817075523E8
positionEarthWRTCuriosity: 5.3047354853E7
owltEarthMSL2: 768.208
angSepHGAEarth: 89.47
utcTime: "2016-12-16~18:13:00"
sol: 1551
sclkValue: " 1/01551:12:42:01:61222"

2018-01-09 20:19:01,330 [pacemaker] INFO space.exploration.mars.rover.kernel.PositionSensor  - ephemerisTime: 5.35184048183496E8
stateCuriosity: 1.94822247501E8
stateCuriosity: -1.10832674075E8
stateCuriosity: -5.3054824068E7
stateCuriosity: 28.342
stateCuriosity: 21.257
stateCuriosity: 9.831
owltMSLEarth: 768.316
stateEarth: -1.94794825239E8
stateEarth: 1.10817075523E8
stateEarth: 5.3047354853E7
stateEarth: -28.346
stateEarth: -21.25
stateEarth: -9.827
owltEarthMSL: 768.208
positionEarthWRTCuriosity: -1.94794825239E8
positionEarthWRTCuriosity: 1.10817075523E8
positionEarthWRTCuriosity: 5.3047354853E7
owltEarthMSL2: 768.208
angSepHGAEarth: 89.47
utcTime: "2016-12-16~18:13:00"
sol: 1551
sclkValue: " 1/01551:12:42:01:61222"

2018-01-09 20:19:01,330 [pacemaker] INFO space.exploration.mars.rover.kernel.SpacecraftClock  - Internal time::2016-12-16T18:14:00.000-06:00 sclk of::1/01551:12:43:00:00688
2018-01-09 20:19:07,388 [pacemaker] INFO space.exploration.mars.rover.kernel.PositionSensor  - Houston - this is curiosityActual.ephemerisTime: 5.35184408183496E8
stateCuriosity: 1.94832451262E8
stateCuriosity: -1.10825020714E8
stateCuriosity: -5.3051285149E7
stateCuriosity: 28.346
stateCuriosity: 21.261
stateCuriosity: 9.83
owltMSLEarth: 768.33
stateEarth: -1.94805030405E8
stateEarth: 1.1080942495E8
stateEarth: 5.3043817267E7
stateEarth: -28.35
stateEarth: -21.254
stateEarth: -9.826
owltEarthMSL: 768.222
positionEarthWRTCuriosity: -1.94805030405E8
positionEarthWRTCuriosity: 1.1080942495E8
positionEarthWRTCuriosity: 5.3043817267E7
owltEarthMSL2: 768.222
angSepHGAEarth: 90.436
utcTime: "2016-12-16~18:19:00"
sol: 1551
sclkValue: " 1/01551:12:47:51:98017"

2018-01-09 20:19:07,425 [pacemaker] INFO space.exploration.mars.rover.kernel.PositionSensor  - ephemerisTime: 5.35184408183496E8
stateCuriosity: 1.94832451262E8
stateCuriosity: -1.10825020714E8
stateCuriosity: -5.3051285149E7
stateCuriosity: 28.346
stateCuriosity: 21.261
stateCuriosity: 9.83
owltMSLEarth: 768.33
stateEarth: -1.94805030405E8
stateEarth: 1.1080942495E8
stateEarth: 5.3043817267E7
stateEarth: -28.35
stateEarth: -21.254
stateEarth: -9.826
owltEarthMSL: 768.222
positionEarthWRTCuriosity: -1.94805030405E8
positionEarthWRTCuriosity: 1.1080942495E8
positionEarthWRTCuriosity: 5.3043817267E7
owltEarthMSL2: 768.222
angSepHGAEarth: 90.436
utcTime: "2016-12-16~18:19:00"
sol: 1551
sclkValue: " 1/01551:12:47:51:98017"

2018-01-09 20:19:07,425 [pacemaker] INFO space.exploration.mars.rover.communication.Radio  - One Way Light Time computed by SPICE :: 768.33
2018-01-09 20:19:07,438 [pacemaker] INFO space.exploration.mars.rover.communication.Transmitter  - Sending information packet to curiosity_to_earth_5
2018-01-09 20:19:10,444 [sleepMonitor] INFO space.exploration.mars.rover.animation.SleepingAnimationEngine  - Rover is sleeping now
2018-01-09 20:19:11,671 [batteryMonitor] INFO space.exploration.mars.rover.power.BatteryMonitor  - BatteryMonitor performing due diligence. SCET = 1515550751671 Rover state = Sleeping State
2018-01-09 20:19:11,672 [batteryMonitor] INFO space.exploration.mars.rover.power.BatteryMonitor  -  Battery primaryUnits = 913 auxiliaryPowerUnits = 100
2018-01-09 20:19:27,300 [radio] INFO space.exploration.mars.rover.communication.Receiver  - Time Elapsed since last message = 190994
2018-01-09 20:19:27,344 [radio] INFO space.exploration.mars.rover.kernel.PositionSensor  - Houston - this is curiosityActual.ephemerisTime: 5.35185608183497E8
stateCuriosity: 1.94866475464E8
stateCuriosity: -1.10799498818E8
stateCuriosity: -5.3039491422E7
stateCuriosity: 28.361
stateCuriosity: 21.275
stateCuriosity: 9.827
owltMSLEarth: 768.376
stateEarth: -1.94839058804E8
stateEarth: 1.10783912047E8
stateEarth: 5.3032027848E7
stateEarth: -28.364
stateEarth: -21.268
stateEarth: -9.823
owltEarthMSL: 768.268
positionEarthWRTCuriosity: -1.94839058804E8
positionEarthWRTCuriosity: 1.10783912047E8
positionEarthWRTCuriosity: 5.3032027848E7
owltEarthMSL2: 768.268
angSepHGAEarth: 93.721
utcTime: "2016-12-16~18:39:00"
sol: 1551
sclkValue: " 1/01551:13:07:19:87333"

2018-01-09 20:19:27,381 [radio] INFO space.exploration.mars.rover.kernel.PositionSensor  - ephemerisTime: 5.35185608183497E8
stateCuriosity: 1.94866475464E8
stateCuriosity: -1.10799498818E8
stateCuriosity: -5.3039491422E7
stateCuriosity: 28.361
stateCuriosity: 21.275
stateCuriosity: 9.827
owltMSLEarth: 768.376
stateEarth: -1.94839058804E8
stateEarth: 1.10783912047E8
stateEarth: 5.3032027848E7
stateEarth: -28.364
stateEarth: -21.268
stateEarth: -9.823
owltEarthMSL: 768.268
positionEarthWRTCuriosity: -1.94839058804E8
positionEarthWRTCuriosity: 1.10783912047E8
positionEarthWRTCuriosity: 5.3032027848E7
owltEarthMSL2: 768.268
angSepHGAEarth: 93.721
utcTime: "2016-12-16~18:39:00"
sol: 1551
sclkValue: " 1/01551:13:07:19:87333"

2018-01-09 20:19:27,381 [radio] INFO space.exploration.mars.rover.communication.Radio  - One Way Light Time computed by SPICE :: 768.376
2018-01-09 20:19:27,393 [radio] INFO space.exploration.mars.rover.kernel.SleepingState  - Awaking from sleeping state
2018-01-09 20:19:27,393 [radio] INFO space.exploration.mars.rover.animation.SleepingAnimationEngine  - Waking up rover
2018-01-09 20:19:27,394 [sleepBreather] INFO space.exploration.mars.rover.animation.SleepBreather  - Sleep animation interrupted.
2018-01-09 20:19:30,395 [radio] INFO space.exploration.mars.rover.kernel.ListeningState  - timeStamp: 1515550767295
targets {
  roverModule: 10
  estimatedPowerUsage: 70
  action: "GetWeather"
}

2018-01-09 20:19:36,416 [radio] INFO space.exploration.mars.rover.kernel.ListeningState  - 1515550776416,10,GetWeather Current instructionQueue length = 0
2018-01-09 20:19:36,416 [radio] INFO space.exploration.mars.rover.kernel.ListeningState  - Rover will try to get weather measurements - actual Curiosity Data
2018-01-09 20:19:36,417 [radio] INFO space.exploration.mars.rover.kernel.WeatherSensingState  - Will get mars weather measurements
2018-01-09 20:19:45,583 [radio] INFO space.exploration.mars.rover.kernel.PositionSensor  - Houston - this is curiosityActual.ephemerisTime: 5.35186688183497E8
stateCuriosity: 1.94897112333E8
stateCuriosity: -1.10776513969E8
stateCuriosity: -5.3028879886E7
stateCuriosity: 28.374
stateCuriosity: 21.289
stateCuriosity: 9.825
owltMSLEarth: 768.417
stateEarth: -1.94869698774E8
stateEarth: 1.10760934879E8
stateEarth: 5.3021420005E7
stateEarth: -28.377
stateEarth: -21.282
stateEarth: -9.821
owltEarthMSL: 768.309
positionEarthWRTCuriosity: -1.94869698774E8
positionEarthWRTCuriosity: 1.10760934879E8
positionEarthWRTCuriosity: 5.3021420005E7
owltEarthMSL2: 768.309
angSepHGAEarth: 96.753
utcTime: "2016-12-16~18:57:00"
sol: 1551
sclkValue: " 1/01551:13:24:50:97717"

2018-01-09 20:19:45,623 [radio] INFO space.exploration.mars.rover.kernel.PositionSensor  - ephemerisTime: 5.35186688183497E8
stateCuriosity: 1.94897112333E8
stateCuriosity: -1.10776513969E8
stateCuriosity: -5.3028879886E7
stateCuriosity: 28.374
stateCuriosity: 21.289
stateCuriosity: 9.825
owltMSLEarth: 768.417
stateEarth: -1.94869698774E8
stateEarth: 1.10760934879E8
stateEarth: 5.3021420005E7
stateEarth: -28.377
stateEarth: -21.282
stateEarth: -9.821
owltEarthMSL: 768.309
positionEarthWRTCuriosity: -1.94869698774E8
positionEarthWRTCuriosity: 1.10760934879E8
positionEarthWRTCuriosity: 5.3021420005E7
owltEarthMSL2: 768.309
angSepHGAEarth: 96.753
utcTime: "2016-12-16~18:57:00"
sol: 1551
sclkValue: " 1/01551:13:24:50:97717"

2018-01-09 20:19:45,623 [radio] INFO space.exploration.mars.rover.communication.Radio  - One Way Light Time computed by SPICE :: 768.417
2018-01-09 20:19:45,635 [radio] INFO space.exploration.mars.rover.communication.Transmitter  - Sending information packet to curiosity_to_earth_5
2018-01-09 20:19:48,636 [batteryMonitor] INFO space.exploration.mars.rover.power.BatteryMonitor  - BatteryMonitor performing due diligence. SCET = 1515550781671 Rover state = Listening State
2018-01-09 20:19:48,637 [batteryMonitor] INFO space.exploration.mars.rover.power.BatteryMonitor  -  Battery primaryUnits = 843 auxiliaryPowerUnits = 100
2018-01-09 20:20:01,269 [pacemaker] INFO space.exploration.mars.rover.kernel.PositionSensor  - Houston - this is curiosityActual.ephemerisTime: 5.35187648183497E8
stateCuriosity: 1.9492435678E8
stateCuriosity: -1.10756069935E8
stateCuriosity: -5.3019448954E7
stateCuriosity: 28.385
stateCuriosity: 21.303
stateCuriosity: 9.823
owltMSLEarth: 768.454
stateEarth: -1.94896945408E8
stateEarth: 1.10740497326E8
stateEarth: 5.30119922E7
stateEarth: -28.387
stateEarth: -21.296
stateEarth: -9.82
owltEarthMSL: 768.346
positionEarthWRTCuriosity: -1.94896945408E8
positionEarthWRTCuriosity: 1.10740497326E8
positionEarthWRTCuriosity: 5.30119922E7
owltEarthMSL2: 768.346
angSepHGAEarth: 99.503
utcTime: "2016-12-16~19:13:00"
sol: 1551
sclkValue: " 1/01551:13:40:25:29170"

2018-01-09 20:20:01,309 [pacemaker] INFO space.exploration.mars.rover.kernel.PositionSensor  - ephemerisTime: 5.35187648183497E8
stateCuriosity: 1.9492435678E8
stateCuriosity: -1.10756069935E8
stateCuriosity: -5.3019448954E7
stateCuriosity: 28.385
stateCuriosity: 21.303
stateCuriosity: 9.823
owltMSLEarth: 768.454
stateEarth: -1.94896945408E8
stateEarth: 1.10740497326E8
stateEarth: 5.30119922E7
stateEarth: -28.387
stateEarth: -21.296
stateEarth: -9.82
owltEarthMSL: 768.346
positionEarthWRTCuriosity: -1.94896945408E8
positionEarthWRTCuriosity: 1.10740497326E8
positionEarthWRTCuriosity: 5.30119922E7
owltEarthMSL2: 768.346
angSepHGAEarth: 99.503
utcTime: "2016-12-16~19:13:00"
sol: 1551
sclkValue: " 1/01551:13:40:25:29170"

2018-01-09 20:20:01,309 [pacemaker] INFO space.exploration.mars.rover.kernel.SpacecraftClock  - Internal time::2016-12-16T19:14:00.000-06:00 sclk of::1/01551:13:41:23:68635
2018-01-09 20:20:07,375 [pacemaker] INFO space.exploration.mars.rover.kernel.PositionSensor  - Houston - this is curiosityActual.ephemerisTime: 5.35188008183498E8
stateCuriosity: 1.9493457621E8
stateCuriosity: -1.10748400079E8
stateCuriosity: -5.30159126E7
stateCuriosity: 28.389
stateCuriosity: 21.308
stateCuriosity: 9.823
owltMSLEarth: 768.468
stateEarth: -1.94907165515E8
stateEarth: 1.10732829813E8
stateEarth: 5.3008456979E7
stateEarth: -28.391
stateEarth: -21.301
stateEarth: -9.82
owltEarthMSL: 768.36
positionEarthWRTCuriosity: -1.94907165515E8
positionEarthWRTCuriosity: 1.10732829813E8
positionEarthWRTCuriosity: 5.3008456979E7
owltEarthMSL2: 768.36
angSepHGAEarth: 100.546
utcTime: "2016-12-16~19:19:00"
sol: 1551
sclkValue: " 1/01551:13:46:15:65964"

2018-01-09 20:20:07,413 [pacemaker] INFO space.exploration.mars.rover.kernel.PositionSensor  - ephemerisTime: 5.35188008183498E8
stateCuriosity: 1.9493457621E8
stateCuriosity: -1.10748400079E8
stateCuriosity: -5.30159126E7
stateCuriosity: 28.389
stateCuriosity: 21.308
stateCuriosity: 9.823
owltMSLEarth: 768.468
stateEarth: -1.94907165515E8
stateEarth: 1.10732829813E8
stateEarth: 5.3008456979E7
stateEarth: -28.391
stateEarth: -21.301
stateEarth: -9.82
owltEarthMSL: 768.36
positionEarthWRTCuriosity: -1.94907165515E8
positionEarthWRTCuriosity: 1.10732829813E8
positionEarthWRTCuriosity: 5.3008456979E7
owltEarthMSL2: 768.36
angSepHGAEarth: 100.546
utcTime: "2016-12-16~19:19:00"
sol: 1551
sclkValue: " 1/01551:13:46:15:65964"

2018-01-09 20:20:07,414 [pacemaker] INFO space.exploration.mars.rover.communication.Radio  - One Way Light Time computed by SPICE :: 768.468
2018-01-09 20:20:07,426 [pacemaker] INFO space.exploration.mars.rover.communication.Transmitter  - Sending information packet to curiosity_to_earth_5
2018-01-09 20:20:11,671 [batteryMonitor] INFO space.exploration.mars.rover.power.BatteryMonitor  - BatteryMonitor performing due diligence. SCET = 1515550811671 Rover state = Listening State
2018-01-09 20:20:11,672 [batteryMonitor] INFO space.exploration.mars.rover.power.BatteryMonitor  -  Battery primaryUnits = 842 auxiliaryPowerUnits = 100
