2018-06-21 07:20:47,936 [roverGarbageCollector] INFO  space.exploration.mars.rover.diagnostics.RoverGarbageCollector - RoverGC trimming instructionQueue. Current length = 1
2018-06-21 07:20:47,936 [roverGarbageCollector] INFO  space.exploration.mars.rover.kernel.Rover - Trying to reflect rover state.Listening State Software Version - 2.0
2018-06-21 07:20:47,961 [roverGarbageCollector] INFO  space.exploration.mars.rover.kernel.ListeningState - timeStamp: 1529583647536
targets {
  roverModule: 6
  action: "Request Rover Logs"
  auxiliaryData: "\n\023yyyy-MM-dd~HH:mm:ss\022\0232018-06-21~07:20:47\032\0232018-06-21~00:00:00"
}

2018-06-21 07:20:54,031 [roverGarbageCollector] INFO  space.exploration.mars.rover.kernel.ListeningState - 1529583654031,6,Request Rover Logs Current instructionQueue length = 0
2018-06-21 07:20:54,032 [roverGarbageCollector] INFO  space.exploration.mars.rover.kernel.ListeningState - Requesting logs in date format = yyyy-MM-dd~HH:mm:ss
2018-06-21 07:20:54,032 [roverGarbageCollector] INFO  space.exploration.mars.rover.kernel.ListeningState - Start date = 2018-06-21~07:20:47 End date = 2018-06-21~00:00:00
2018-06-21 07:20:54,043 [roverGarbageCollector] INFO  space.exploration.mars.rover.kernel.Rover - Trying to reflect rover state.Transmitting State Software Version - 2.0
2018-06-21 07:21:00,130 [roverGarbageCollector] INFO  space.exploration.mars.rover.kernel.PositionSensor - Houston - this is curiosityActual.ephemerisTime: 5.15400668185466E8
stateCuriosity: -3.3209249869E7
stateCuriosity: -7.311290599E7
stateCuriosity: -3.1905119095E7
stateCuriosity: 0.263
stateCuriosity: 8.589
stateCuriosity: 2.979
owltMSLEarth: 288.225
stateEarth: 3.3211250248E7
stateEarth: 7.3117307467E7
stateEarth: 3.1907039575E7
stateEarth: -0.263
stateEarth: -8.59
stateEarth: -2.979
owltEarthMSL: 288.242
positionEarthWRTCuriosity: 3.3211250248E7
positionEarthWRTCuriosity: 7.3117307467E7
positionEarthWRTCuriosity: 3.1907039575E7
owltEarthMSL2: 288.242
angSepHGAEarth: 81.302
utcTime: "2016-05-01~18:50:00"
sol: 1328
sclkValue: " 1/01328:16:20:59:83989"

2018-06-21 07:21:00,166 [roverGarbageCollector] INFO  space.exploration.mars.rover.kernel.PositionSensor - ephemerisTime: 5.15400668185466E8
stateCuriosity: -3.3209249869E7
stateCuriosity: -7.311290599E7
stateCuriosity: -3.1905119095E7
stateCuriosity: 0.263
stateCuriosity: 8.589
stateCuriosity: 2.979
owltMSLEarth: 288.225
stateEarth: 3.3211250248E7
stateEarth: 7.3117307467E7
stateEarth: 3.1907039575E7
stateEarth: -0.263
stateEarth: -8.59
stateEarth: -2.979
owltEarthMSL: 288.242
positionEarthWRTCuriosity: 3.3211250248E7
positionEarthWRTCuriosity: 7.3117307467E7
positionEarthWRTCuriosity: 3.1907039575E7
owltEarthMSL2: 288.242
angSepHGAEarth: 81.302
utcTime: "2016-05-01~18:50:00"
sol: 1328
sclkValue: " 1/01328:16:20:59:83989"

2018-06-21 07:21:00,166 [roverGarbageCollector] INFO  space.exploration.mars.rover.communication.Radio - One Way Light Time computed by SPICE :: 288.225
2018-06-21 07:21:00,183 [roverGarbageCollector] INFO  space.exploration.mars.rover.communication.Radio - Message encryption successful.
2018-06-21 07:21:00,184 [roverGarbageCollector] INFO  space.exploration.mars.rover.communication.Transmitter - Sending information packet to curiosity_to_earth_5
2018-06-21 07:21:03,185 [roverGarbageCollector] INFO  space.exploration.mars.rover.kernel.Rover - Trying to reflect rover state.Listening State Software Version - 2.0
2018-06-21 07:21:05,501 [batteryMonitor] INFO  space.exploration.mars.rover.power.BatteryMonitor - BatteryMonitor performing due diligence. SCET = 1529583665501 Rover state = Listening State
2018-06-21 07:21:05,503 [batteryMonitor] INFO  space.exploration.mars.rover.power.BatteryMonitor -  Battery primaryUnits = 1200 auxiliaryPowerUnits = 100
2018-06-21 07:21:17,604 [radio] INFO  space.exploration.mars.rover.communication.Receiver - Time Elapsed since last message = 41801
2018-06-21 07:21:17,649 [radio] INFO  space.exploration.mars.rover.kernel.PositionSensor - Houston - this is curiosityActual.ephemerisTime: 5.15401688185466E8
stateCuriosity: -3.3208978055E7
stateCuriosity: -7.3104151299E7
stateCuriosity: -3.1902086216E7
stateCuriosity: 0.27
stateCuriosity: 8.577
stateCuriosity: 2.968
owltMSLEarth: 288.196
stateEarth: 3.3210978337E7
stateEarth: 7.310855203E7
stateEarth: 3.19040064E7
stateEarth: -0.27
stateEarth: -8.578
stateEarth: -2.968
owltEarthMSL: 288.214
positionEarthWRTCuriosity: 3.3210978337E7
positionEarthWRTCuriosity: 7.310855203E7
positionEarthWRTCuriosity: 3.19040064E7
owltEarthMSL2: 288.214
angSepHGAEarth: 84.029
utcTime: "2016-05-01~19:07:00"
sol: 1328
sclkValue: " 1/01328:16:37:32:54908"

2018-06-21 07:21:17,690 [radio] INFO  space.exploration.mars.rover.kernel.PositionSensor - ephemerisTime: 5.15401688185466E8
stateCuriosity: -3.3208978055E7
stateCuriosity: -7.3104151299E7
stateCuriosity: -3.1902086216E7
stateCuriosity: 0.27
stateCuriosity: 8.577
stateCuriosity: 2.968
owltMSLEarth: 288.196
stateEarth: 3.3210978337E7
stateEarth: 7.310855203E7
stateEarth: 3.19040064E7
stateEarth: -0.27
stateEarth: -8.578
stateEarth: -2.968
owltEarthMSL: 288.214
positionEarthWRTCuriosity: 3.3210978337E7
positionEarthWRTCuriosity: 7.310855203E7
positionEarthWRTCuriosity: 3.19040064E7
owltEarthMSL2: 288.214
angSepHGAEarth: 84.029
utcTime: "2016-05-01~19:07:00"
sol: 1328
sclkValue: " 1/01328:16:37:32:54908"

2018-06-21 07:21:17,690 [radio] INFO  space.exploration.mars.rover.communication.Radio - One Way Light Time computed by SPICE :: 288.196
2018-06-21 07:21:18,567 [radio] INFO  space.exploration.mars.rover.kernel.Rover - Trying to reflect rover state.Listening State Software Version - 2.0
2018-06-21 07:21:18,567 [radio] INFO  space.exploration.mars.rover.kernel.ListeningState - timeStamp: 1529583677389
targets {
  roverModule: 9
  estimatedPowerUsage: 20
  action: "PerformRadarScan"
}

2018-06-21 07:21:24,594 [radio] INFO  space.exploration.mars.rover.kernel.ListeningState - 1529583684594,9,PerformRadarScan Current instructionQueue length = 0
2018-06-21 07:21:24,595 [radio] INFO  space.exploration.mars.rover.kernel.ListeningState - Rover Curiosity will do a radarScan!
2018-06-21 07:21:24,595 [radio] INFO  space.exploration.mars.rover.kernel.Rover - Trying to reflect rover state.Radar Scanning State Software Version - 2.0
