0    [main] INFO  space.exploration.mars.rover.power.Battery  - Battery configured, batteryLife:primaryPowerUnits = 10000 auxiliaryPowerUnits = 1000 alertThreshold: 100 rechargeTime = 60000
275  [main] INFO  kafka.utils.VerifiableProperties  - Verifying properties
303  [main] WARN  kafka.utils.VerifiableProperties  - Property auto.offset.reset is not valid
303  [main] WARN  kafka.utils.VerifiableProperties  - Property destination.topic is not valid
303  [main] WARN  kafka.utils.VerifiableProperties  - Property group.id is not valid
304  [main] INFO  kafka.utils.VerifiableProperties  - Property metadata.broker.list is overridden to localhost:9092
304  [main] WARN  kafka.utils.VerifiableProperties  - Property source.topic is not valid
304  [main] WARN  kafka.utils.VerifiableProperties  - Property zookeeper.connect is not valid
333  [main] INFO  kafka.utils.VerifiableProperties  - Verifying properties
334  [main] INFO  kafka.utils.VerifiableProperties  - Property auto.offset.reset is overridden to largest
334  [main] WARN  kafka.utils.VerifiableProperties  - Property destination.topic is not valid
334  [main] INFO  kafka.utils.VerifiableProperties  - Property group.id is overridden to space.exploration.mars.rover
334  [main] WARN  kafka.utils.VerifiableProperties  - Property metadata.broker.list is not valid
334  [main] WARN  kafka.utils.VerifiableProperties  - Property source.topic is not valid
334  [main] INFO  kafka.utils.VerifiableProperties  - Property zookeeper.connect is overridden to localhost:2181
356  [main] INFO  kafka.consumer.ZookeeperConsumerConnector  - [space.exploration.mars.rover_zionmainframe-1495845451306-d35d3bf3], Connecting to zookeeper instance at localhost:2181
361  [ZkClient-EventThread-21-localhost:2181] INFO  org.I0Itec.zkclient.ZkEventThread  - Starting ZkClient event thread.
365  [main] INFO  org.apache.zookeeper.ZooKeeper  - Client environment:zookeeper.version=3.4.6-1569965, built on 02/20/2014 09:09 GMT
365  [main] INFO  org.apache.zookeeper.ZooKeeper  - Client environment:host.name=zionmainframe
365  [main] INFO  org.apache.zookeeper.ZooKeeper  - Client environment:java.version=1.8.0_131
365  [main] INFO  org.apache.zookeeper.ZooKeeper  - Client environment:java.vendor=Oracle Corporation
365  [main] INFO  org.apache.zookeeper.ZooKeeper  - Client environment:java.home=/usr/lib/jvm/java-8-openjdk-amd64/jre
365  [main] INFO  org.apache.zookeeper.ZooKeeper  - Client environment:java.class.path=/usr/lib/jvm/java-1.8.0-openjdk-amd64/jre/lib/charsets.jar:/usr/lib/jvm/java-1.8.0-openjdk-amd64/jre/lib/ext/cldrdata.jar:/usr/lib/jvm/java-1.8.0-openjdk-amd64/jre/lib/ext/dnsns.jar:/usr/lib/jvm/java-1.8.0-openjdk-amd64/jre/lib/ext/icedtea-sound.jar:/usr/lib/jvm/java-1.8.0-openjdk-amd64/jre/lib/ext/jaccess.jar:/usr/lib/jvm/java-1.8.0-openjdk-amd64/jre/lib/ext/localedata.jar:/usr/lib/jvm/java-1.8.0-openjdk-amd64/jre/lib/ext/nashorn.jar:/usr/lib/jvm/java-1.8.0-openjdk-amd64/jre/lib/ext/sunec.jar:/usr/lib/jvm/java-1.8.0-openjdk-amd64/jre/lib/ext/sunjce_provider.jar:/usr/lib/jvm/java-1.8.0-openjdk-amd64/jre/lib/ext/sunpkcs11.jar:/usr/lib/jvm/java-1.8.0-openjdk-amd64/jre/lib/ext/zipfs.jar:/usr/lib/jvm/java-1.8.0-openjdk-amd64/jre/lib/jce.jar:/usr/lib/jvm/java-1.8.0-openjdk-amd64/jre/lib/jsse.jar:/usr/lib/jvm/java-1.8.0-openjdk-amd64/jre/lib/management-agent.jar:/usr/lib/jvm/java-1.8.0-openjdk-amd64/jre/lib/resources.jar:/usr/lib/jvm/java-1.8.0-openjdk-amd64/jre/lib/rt.jar:/home/sanket/Documents/Code/MyProjects/Java/MavenProjects/space.exploration/MarsRover/mars.rover/target/classes:/home/sanket/.m2/repository/com/google/protobuf/protobuf-java/3.2.0/protobuf-java-3.2.0.jar:/home/sanket/.m2/repository/org/apache/kafka/kafka_2.10/0.9.0.1/kafka_2.10-0.9.0.1.jar:/home/sanket/.m2/repository/com/101tec/zkclient/0.7/zkclient-0.7.jar:/home/sanket/.m2/repository/org/slf4j/slf4j-api/1.6.1/slf4j-api-1.6.1.jar:/home/sanket/.m2/repository/log4j/log4j/1.2.15/log4j-1.2.15.jar:/home/sanket/.m2/repository/javax/mail/mail/1.4/mail-1.4.jar:/home/sanket/.m2/repository/javax/activation/activation/1.1/activation-1.1.jar:/home/sanket/.m2/repository/org/apache/kafka/kafka-clients/0.9.0.1/kafka-clients-0.9.0.1.jar:/home/sanket/.m2/repository/org/xerial/snappy/snappy-java/1.1.1.7/snappy-java-1.1.1.7.jar:/home/sanket/.m2/repository/net/jpountz/lz4/lz4/1.2.0/lz4-1.2.0.jar:/home/sanket/.m2/repository/com/yammer/metrics/metrics-core/2.2.0/metrics-core-2.2.0.jar:/home/sanket/.m2/repository/org/scala-lang/scala-library/2.10.5/scala-library-2.10.5.jar:/home/sanket/.m2/repository/net/sf/jopt-simple/jopt-simple/3.2/jopt-simple-3.2.jar:/home/sanket/.m2/repository/org/slf4j/slf4j-log4j12/1.7.6/slf4j-log4j12-1.7.6.jar:/home/sanket/.m2/repository/org/apache/zookeeper/zookeeper/3.4.6/zookeeper-3.4.6.jar:/home/sanket/.m2/repository/jline/jline/0.9.94/jline-0.9.94.jar:/home/sanket/.m2/repository/io/netty/netty/3.7.0.Final/netty-3.7.0.Final.jar:/home/sanket/.m2/repository/org/tensorflow/tensorflow/1.1.0/tensorflow-1.1.0.jar:/home/sanket/.m2/repository/org/tensorflow/libtensorflow/1.1.0/libtensorflow-1.1.0.jar:/home/sanket/.m2/repository/org/tensorflow/libtensorflow_jni/1.1.0/libtensorflow_jni-1.1.0.jar:/home/sanket/Documents/Tools/intelliJ/idea-IC-171.4073.35/lib/idea_rt.jar
365  [main] INFO  org.apache.zookeeper.ZooKeeper  - Client environment:java.library.path=/home/sanket/Documents/Tools/intelliJ/idea-IC-171.4073.35/bin::/usr/java/packages/lib/amd64:/usr/lib/x86_64-linux-gnu/jni:/lib/x86_64-linux-gnu:/usr/lib/x86_64-linux-gnu:/usr/lib/jni:/lib:/usr/lib
366  [main] INFO  org.apache.zookeeper.ZooKeeper  - Client environment:java.io.tmpdir=/tmp
366  [main] INFO  org.apache.zookeeper.ZooKeeper  - Client environment:java.compiler=<NA>
366  [main] INFO  org.apache.zookeeper.ZooKeeper  - Client environment:os.name=Linux
366  [main] INFO  org.apache.zookeeper.ZooKeeper  - Client environment:os.arch=amd64
366  [main] INFO  org.apache.zookeeper.ZooKeeper  - Client environment:os.version=4.4.0-77-generic
366  [main] INFO  org.apache.zookeeper.ZooKeeper  - Client environment:user.name=sanket
366  [main] INFO  org.apache.zookeeper.ZooKeeper  - Client environment:user.home=/home/sanket
366  [main] INFO  org.apache.zookeeper.ZooKeeper  - Client environment:user.dir=/home/sanket/Documents/Code/MyProjects/Java/MavenProjects/space.exploration/MarsRover/mars.rover
366  [main] INFO  org.apache.zookeeper.ZooKeeper  - Initiating client connection, connectString=localhost:2181 sessionTimeout=6000 watcher=org.I0Itec.zkclient.ZkClient@4313f5bc
375  [main] INFO  org.I0Itec.zkclient.ZkClient  - Waiting for keeper state SyncConnected
377  [main-SendThread(localhost:2181)] INFO  org.apache.zookeeper.ClientCnxn  - Opening socket connection to server localhost/127.0.0.1:2181. Will not attempt to authenticate using SASL (unknown error)
380  [main-SendThread(localhost:2181)] INFO  org.apache.zookeeper.ClientCnxn  - Socket connection established to localhost/127.0.0.1:2181, initiating session
385  [main-SendThread(localhost:2181)] INFO  org.apache.zookeeper.ClientCnxn  - Session establishment complete on server localhost/127.0.0.1:2181, sessionid = 0x15c129a84bd0030, negotiated timeout = 6000
387  [main-EventThread] INFO  org.I0Itec.zkclient.ZkClient  - zookeeper state changed (SyncConnected)
394  [main] INFO  kafka.consumer.ZookeeperConsumerConnector  - [space.exploration.mars.rover_zionmainframe-1495845451306-d35d3bf3], starting auto committer every 60000 ms
411  [Thread-2] INFO  kafka.consumer.ZookeeperConsumerConnector  - [space.exploration.mars.rover_zionmainframe-1495845451306-d35d3bf3], begin registering consumer space.exploration.mars.rover_zionmainframe-1495845451306-d35d3bf3 in ZK
430  [Thread-2] INFO  kafka.utils.ZKCheckedEphemeral  - Creating /consumers/space.exploration.mars.rover/ids/space.exploration.mars.rover_zionmainframe-1495845451306-d35d3bf3 (is it secure? false)
438  [Thread-2] INFO  kafka.utils.ZKCheckedEphemeral  - Result of znode creation is: OK
438  [Thread-2] INFO  kafka.consumer.ZookeeperConsumerConnector  - [space.exploration.mars.rover_zionmainframe-1495845451306-d35d3bf3], end registering consumer space.exploration.mars.rover_zionmainframe-1495845451306-d35d3bf3 in ZK
442  [space.exploration.mars.rover_zionmainframe-1495845451306-d35d3bf3_watcher_executor] INFO  kafka.consumer.ZookeeperConsumerConnector  - [space.exploration.mars.rover_zionmainframe-1495845451306-d35d3bf3], starting watcher executor thread for consumer space.exploration.mars.rover_zionmainframe-1495845451306-d35d3bf3
464  [Thread-2] INFO  kafka.consumer.ZookeeperConsumerConnector  - [space.exploration.mars.rover_zionmainframe-1495845451306-d35d3bf3], begin rebalancing consumer space.exploration.mars.rover_zionmainframe-1495845451306-d35d3bf3 try #0
546  [Thread-2] INFO  kafka.consumer.ConsumerFetcherManager  - [ConsumerFetcherManager-1495845451343] Stopping leader finder thread
547  [Thread-2] INFO  kafka.consumer.ConsumerFetcherManager  - [ConsumerFetcherManager-1495845451343] Stopping all fetchers
547  [Thread-2] INFO  kafka.consumer.ConsumerFetcherManager  - [ConsumerFetcherManager-1495845451343] All connections stopped
548  [Thread-2] INFO  kafka.consumer.ZookeeperConsumerConnector  - [space.exploration.mars.rover_zionmainframe-1495845451306-d35d3bf3], Cleared all relevant queues for this fetcher
549  [Thread-2] INFO  kafka.consumer.ZookeeperConsumerConnector  - [space.exploration.mars.rover_zionmainframe-1495845451306-d35d3bf3], Cleared the data chunks in all the consumer message iterators
549  [Thread-2] INFO  kafka.consumer.ZookeeperConsumerConnector  - [space.exploration.mars.rover_zionmainframe-1495845451306-d35d3bf3], Committing all offsets after clearing the fetcher queues
551  [Thread-2] INFO  kafka.consumer.ZookeeperConsumerConnector  - [space.exploration.mars.rover_zionmainframe-1495845451306-d35d3bf3], Releasing partition ownership
577  [Thread-2] INFO  kafka.consumer.RangeAssignor  - Consumer space.exploration.mars.rover_zionmainframe-1495845451306-d35d3bf3 rebalancing the following partitions: ArrayBuffer(0) for topic secure_com_from_earth_channel_3 with consumers: List(space.exploration.mars.rover_zionmainframe-1495845451306-d35d3bf3-0)
578  [Thread-2] INFO  kafka.consumer.RangeAssignor  - space.exploration.mars.rover_zionmainframe-1495845451306-d35d3bf3-0 attempting to claim partition 0
610  [Thread-2] INFO  kafka.consumer.ZookeeperConsumerConnector  - [space.exploration.mars.rover_zionmainframe-1495845451306-d35d3bf3], space.exploration.mars.rover_zionmainframe-1495845451306-d35d3bf3-0 successfully owned partition 0 for topic secure_com_from_earth_channel_3
623  [Thread-2] INFO  kafka.consumer.ZookeeperConsumerConnector  - [space.exploration.mars.rover_zionmainframe-1495845451306-d35d3bf3], Consumer space.exploration.mars.rover_zionmainframe-1495845451306-d35d3bf3 selected partitions : secure_com_from_earth_channel_3:0: fetched offset = 50: consumed offset = 50
624  [space.exploration.mars.rover_zionmainframe-1495845451306-d35d3bf3-leader-finder-thread] INFO  kafka.consumer.ConsumerFetcherManager$LeaderFinderThread  - [space.exploration.mars.rover_zionmainframe-1495845451306-d35d3bf3-leader-finder-thread], Starting 
625  [Thread-2] INFO  kafka.consumer.ZookeeperConsumerConnector  - [space.exploration.mars.rover_zionmainframe-1495845451306-d35d3bf3], end rebalancing consumer space.exploration.mars.rover_zionmainframe-1495845451306-d35d3bf3 try #0
635  [space.exploration.mars.rover_zionmainframe-1495845451306-d35d3bf3-leader-finder-thread] INFO  kafka.utils.VerifiableProperties  - Verifying properties
635  [space.exploration.mars.rover_zionmainframe-1495845451306-d35d3bf3-leader-finder-thread] INFO  kafka.utils.VerifiableProperties  - Property client.id is overridden to space.exploration.mars.rover
636  [space.exploration.mars.rover_zionmainframe-1495845451306-d35d3bf3-leader-finder-thread] INFO  kafka.utils.VerifiableProperties  - Property metadata.broker.list is overridden to zionmainframe:9092
636  [space.exploration.mars.rover_zionmainframe-1495845451306-d35d3bf3-leader-finder-thread] INFO  kafka.utils.VerifiableProperties  - Property request.timeout.ms is overridden to 30000
646  [space.exploration.mars.rover_zionmainframe-1495845451306-d35d3bf3-leader-finder-thread] INFO  kafka.client.ClientUtils$  - Fetching metadata from broker BrokerEndPoint(0,zionmainframe,9092) with correlation id 0 for 1 topic(s) Set(secure_com_from_earth_channel_3)
649  [space.exploration.mars.rover_zionmainframe-1495845451306-d35d3bf3-leader-finder-thread] INFO  kafka.producer.SyncProducer  - Connected to zionmainframe:9092 for producing
660  [space.exploration.mars.rover_zionmainframe-1495845451306-d35d3bf3-leader-finder-thread] INFO  kafka.producer.SyncProducer  - Disconnecting from zionmainframe:9092
710  [ConsumerFetcherThread-space.exploration.mars.rover_zionmainframe-1495845451306-d35d3bf3-0-0] INFO  kafka.consumer.ConsumerFetcherThread  - [ConsumerFetcherThread-space.exploration.mars.rover_zionmainframe-1495845451306-d35d3bf3-0-0], Starting 
714  [space.exploration.mars.rover_zionmainframe-1495845451306-d35d3bf3-leader-finder-thread] INFO  kafka.consumer.ConsumerFetcherManager  - [ConsumerFetcherManager-1495845451343] Added fetcher for partitions ArrayBuffer([[secure_com_from_earth_channel_3,0], initOffset 50 to broker BrokerEndPoint(0,zionmainframe,9092)] )
1396 [main] INFO  space.exploration.mars.rover.communication.Radio  - Radio configured:: 
metadata.broker.list::localhost:9092
source.topic::secure_com_from_earth_channel_3
auto.offset.reset::largest
group.id::space.exploration.mars.rover
destination.topic::secure_com_to_earth_channel_3
zookeeper.connect::localhost:2181
2397 [main] INFO  space.exploration.mars.rover.kernel.Rover  - Rover current position is = java.awt.Point[x=0,y=250]
3399 [main] INFO  space.exploration.mars.rover.sensor.Lidar  - Lidar initialized and ready!
4401 [main] INFO  space.exploration.mars.rover.sensor.Spectrometer  - Spectrometer initialized and ready!
5619 [main] INFO  space.exploration.mars.rover.sensor.Camera  - Camera initialized and ready!
12659 [Thread-2] INFO  kafka.client.ClientUtils$  - Fetching metadata from broker BrokerEndPoint(0,localhost,9092) with correlation id 0 for 1 topic(s) Set(secure_com_to_earth_channel_3)
12660 [Thread-2] INFO  kafka.producer.SyncProducer  - Connected to localhost:9092 for producing
12662 [Thread-2] INFO  kafka.producer.SyncProducer  - Disconnecting from localhost:9092
12694 [Thread-2] INFO  kafka.producer.SyncProducer  - Connected to zionmainframe:9092 for producing
39581 [Thread-2] INFO  space.exploration.mars.rover.kernel.ListeningState  - timeStamp: 1495844677877
targets {
  estimatedPowerUsage: 20
  action: "ScanArea"
}

40581 [Thread-2] INFO  space.exploration.mars.rover.sensor.Lidar  - Lidar initialized and ready!
40582 [Thread-2] INFO  space.exploration.mars.rover.sensor.Lidar  - Wallbuilder set for lidar
40583 [Thread-2] INFO  space.exploration.mars.rover.sensor.Lidar  -  Scanning at location = java.awt.Point[x=0,y=250] Length of contacts  = 2
40584 [Thread-2] INFO  space.exploration.mars.rover.sensor.Lidar  - Lidar reporting contact designate Id:: 0 bearing:: 0 range:: 35.35533905932738
40584 [Thread-2] INFO  space.exploration.mars.rover.sensor.Lidar  - Lidar reporting contact designate Id:: 1 bearing:: 5 range:: 35.35533905932738
40584 [Thread-2] INFO  space.exploration.mars.rover.sensor.Lidar  - Lidar reporting contact designate Id:: 2 bearing:: 10 range:: 35.35533905932738
40585 [Thread-2] INFO  space.exploration.mars.rover.sensor.Lidar  - Lidar reporting contact designate Id:: 3 bearing:: 15 range:: 35.35533905932738
40585 [Thread-2] INFO  space.exploration.mars.rover.sensor.Lidar  - Lidar reporting contact designate Id:: 4 bearing:: 20 range:: 35.35533905932738
40585 [Thread-2] INFO  space.exploration.mars.rover.sensor.Lidar  - Lidar reporting contact designate Id:: 5 bearing:: 25 range:: 35.35533905932738
40585 [Thread-2] INFO  space.exploration.mars.rover.sensor.Lidar  - Lidar reporting contact designate Id:: 6 bearing:: 30 range:: 35.35533905932738
40585 [Thread-2] INFO  space.exploration.mars.rover.sensor.Lidar  - Lidar reporting contact designate Id:: 7 bearing:: 35 range:: 35.35533905932738
40585 [Thread-2] INFO  space.exploration.mars.rover.sensor.Lidar  - Lidar reporting contact designate Id:: 8 bearing:: 40 range:: 35.35533905932738
40586 [Thread-2] INFO  space.exploration.mars.rover.sensor.Lidar  - Lidar reporting contact designate Id:: 9 bearing:: 50 range:: 35.35533905932738
40587 [Thread-2] INFO  space.exploration.mars.rover.sensor.Lidar  - Lidar reporting contact designate Id:: 10 bearing:: 55 range:: 35.35533905932738
40587 [Thread-2] INFO  space.exploration.mars.rover.sensor.Lidar  - Lidar reporting contact designate Id:: 11 bearing:: 60 range:: 35.35533905932738
40587 [Thread-2] INFO  space.exploration.mars.rover.sensor.Lidar  - Lidar reporting contact designate Id:: 12 bearing:: 65 range:: 35.35533905932738
40587 [Thread-2] INFO  space.exploration.mars.rover.sensor.Lidar  - Lidar reporting contact designate Id:: 13 bearing:: 70 range:: 35.35533905932738
40587 [Thread-2] INFO  space.exploration.mars.rover.sensor.Lidar  - Lidar reporting contact designate Id:: 14 bearing:: 75 range:: 35.35533905932738
40587 [Thread-2] INFO  space.exploration.mars.rover.sensor.Lidar  - Lidar reporting contact designate Id:: 15 bearing:: 80 range:: 35.35533905932738
40588 [Thread-2] INFO  space.exploration.mars.rover.sensor.Lidar  - Lidar reporting contact designate Id:: 16 bearing:: 85 range:: 35.35533905932738
40588 [Thread-2] INFO  space.exploration.mars.rover.sensor.Lidar  - Lidar reporting contact designate Id:: 17 bearing:: 90 range:: 35.35533905932738
40588 [Thread-2] INFO  space.exploration.mars.rover.sensor.Lidar  - Lidar reporting contact designate Id:: 18 bearing:: 95 range:: 35.35533905932738
40588 [Thread-2] INFO  space.exploration.mars.rover.sensor.Lidar  - Lidar reporting contact designate Id:: 19 bearing:: 100 range:: 35.35533905932738
40588 [Thread-2] INFO  space.exploration.mars.rover.sensor.Lidar  - Lidar reporting contact designate Id:: 20 bearing:: 105 range:: 35.35533905932738
40588 [Thread-2] INFO  space.exploration.mars.rover.sensor.Lidar  - Lidar reporting contact designate Id:: 21 bearing:: 110 range:: 35.35533905932738
40589 [Thread-2] INFO  space.exploration.mars.rover.sensor.Lidar  - Lidar reporting contact designate Id:: 22 bearing:: 115 range:: 35.35533905932738
40589 [Thread-2] INFO  space.exploration.mars.rover.sensor.Lidar  - Lidar reporting contact designate Id:: 23 bearing:: 120 range:: 35.35533905932738
40589 [Thread-2] INFO  space.exploration.mars.rover.sensor.Lidar  - Lidar reporting contact designate Id:: 24 bearing:: 125 range:: 35.35533905932738
40589 [Thread-2] INFO  space.exploration.mars.rover.sensor.Lidar  - Lidar reporting contact designate Id:: 25 bearing:: 130 range:: 35.35533905932738
40591 [Thread-2] INFO  space.exploration.mars.rover.sensor.Lidar  - Lidar reporting contact designate Id:: 26 bearing:: 320 range:: 35.35533905932738
40591 [Thread-2] INFO  space.exploration.mars.rover.sensor.Lidar  - Lidar reporting contact designate Id:: 27 bearing:: 325 range:: 35.35533905932738
40596 [Thread-2] INFO  space.exploration.mars.rover.sensor.Lidar  - Lidar reporting contact designate Id:: 28 bearing:: 330 range:: 35.35533905932738
40596 [Thread-2] INFO  space.exploration.mars.rover.sensor.Lidar  - Lidar reporting contact designate Id:: 29 bearing:: 335 range:: 35.35533905932738
40597 [Thread-2] INFO  space.exploration.mars.rover.sensor.Lidar  - Lidar reporting contact designate Id:: 30 bearing:: 340 range:: 35.35533905932738
40597 [Thread-2] INFO  space.exploration.mars.rover.sensor.Lidar  - Lidar reporting contact designate Id:: 31 bearing:: 345 range:: 35.35533905932738
40598 [Thread-2] INFO  space.exploration.mars.rover.sensor.Lidar  - Lidar reporting contact designate Id:: 32 bearing:: 350 range:: 35.35533905932738
40605 [Thread-2] INFO  space.exploration.mars.rover.sensor.Lidar  - Lidar reporting contact designate Id:: 33 bearing:: 355 range:: 35.35533905932738
104197 [Thread-2] INFO  space.exploration.mars.rover.kernel.ListeningState  - timeStamp: 1495844681005
targets {
  estimatedPowerUsage: 20
  action: "ScanArea"
}

105198 [Thread-2] INFO  space.exploration.mars.rover.sensor.Lidar  - Lidar initialized and ready!
105199 [Thread-2] INFO  space.exploration.mars.rover.sensor.Lidar  - Wallbuilder set for lidar
105199 [Thread-2] INFO  space.exploration.mars.rover.sensor.Lidar  -  Scanning at location = java.awt.Point[x=0,y=250] Length of contacts  = 2
105199 [Thread-2] INFO  space.exploration.mars.rover.sensor.Lidar  - Lidar reporting contact designate Id:: 0 bearing:: 0 range:: 35.35533905932738
105200 [Thread-2] INFO  space.exploration.mars.rover.sensor.Lidar  - Lidar reporting contact designate Id:: 1 bearing:: 5 range:: 35.35533905932738
105200 [Thread-2] INFO  space.exploration.mars.rover.sensor.Lidar  - Lidar reporting contact designate Id:: 2 bearing:: 10 range:: 35.35533905932738
105200 [Thread-2] INFO  space.exploration.mars.rover.sensor.Lidar  - Lidar reporting contact designate Id:: 3 bearing:: 15 range:: 35.35533905932738
105201 [Thread-2] INFO  space.exploration.mars.rover.sensor.Lidar  - Lidar reporting contact designate Id:: 4 bearing:: 20 range:: 35.35533905932738
105201 [Thread-2] INFO  space.exploration.mars.rover.sensor.Lidar  - Lidar reporting contact designate Id:: 5 bearing:: 25 range:: 35.35533905932738
105201 [Thread-2] INFO  space.exploration.mars.rover.sensor.Lidar  - Lidar reporting contact designate Id:: 6 bearing:: 30 range:: 35.35533905932738
105201 [Thread-2] INFO  space.exploration.mars.rover.sensor.Lidar  - Lidar reporting contact designate Id:: 7 bearing:: 35 range:: 35.35533905932738
105201 [Thread-2] INFO  space.exploration.mars.rover.sensor.Lidar  - Lidar reporting contact designate Id:: 8 bearing:: 40 range:: 35.35533905932738
105202 [Thread-2] INFO  space.exploration.mars.rover.sensor.Lidar  - Lidar reporting contact designate Id:: 9 bearing:: 50 range:: 35.35533905932738
105202 [Thread-2] INFO  space.exploration.mars.rover.sensor.Lidar  - Lidar reporting contact designate Id:: 10 bearing:: 55 range:: 35.35533905932738
105202 [Thread-2] INFO  space.exploration.mars.rover.sensor.Lidar  - Lidar reporting contact designate Id:: 11 bearing:: 60 range:: 35.35533905932738
105202 [Thread-2] INFO  space.exploration.mars.rover.sensor.Lidar  - Lidar reporting contact designate Id:: 12 bearing:: 65 range:: 35.35533905932738
105202 [Thread-2] INFO  space.exploration.mars.rover.sensor.Lidar  - Lidar reporting contact designate Id:: 13 bearing:: 70 range:: 35.35533905932738
105202 [Thread-2] INFO  space.exploration.mars.rover.sensor.Lidar  - Lidar reporting contact designate Id:: 14 bearing:: 75 range:: 35.35533905932738
105203 [Thread-2] INFO  space.exploration.mars.rover.sensor.Lidar  - Lidar reporting contact designate Id:: 15 bearing:: 80 range:: 35.35533905932738
105204 [Thread-2] INFO  space.exploration.mars.rover.sensor.Lidar  - Lidar reporting contact designate Id:: 16 bearing:: 85 range:: 35.35533905932738
105204 [Thread-2] INFO  space.exploration.mars.rover.sensor.Lidar  - Lidar reporting contact designate Id:: 17 bearing:: 90 range:: 35.35533905932738
105204 [Thread-2] INFO  space.exploration.mars.rover.sensor.Lidar  - Lidar reporting contact designate Id:: 18 bearing:: 95 range:: 35.35533905932738
105205 [Thread-2] INFO  space.exploration.mars.rover.sensor.Lidar  - Lidar reporting contact designate Id:: 19 bearing:: 100 range:: 35.35533905932738
105205 [Thread-2] INFO  space.exploration.mars.rover.sensor.Lidar  - Lidar reporting contact designate Id:: 20 bearing:: 105 range:: 35.35533905932738
105206 [Thread-2] INFO  space.exploration.mars.rover.sensor.Lidar  - Lidar reporting contact designate Id:: 21 bearing:: 110 range:: 35.35533905932738
105206 [Thread-2] INFO  space.exploration.mars.rover.sensor.Lidar  - Lidar reporting contact designate Id:: 22 bearing:: 115 range:: 35.35533905932738
105206 [Thread-2] INFO  space.exploration.mars.rover.sensor.Lidar  - Lidar reporting contact designate Id:: 23 bearing:: 120 range:: 35.35533905932738
105206 [Thread-2] INFO  space.exploration.mars.rover.sensor.Lidar  - Lidar reporting contact designate Id:: 24 bearing:: 125 range:: 35.35533905932738
105207 [Thread-2] INFO  space.exploration.mars.rover.sensor.Lidar  - Lidar reporting contact designate Id:: 25 bearing:: 130 range:: 35.35533905932738
105208 [Thread-2] INFO  space.exploration.mars.rover.sensor.Lidar  - Lidar reporting contact designate Id:: 26 bearing:: 320 range:: 35.35533905932738
105208 [Thread-2] INFO  space.exploration.mars.rover.sensor.Lidar  - Lidar reporting contact designate Id:: 27 bearing:: 325 range:: 35.35533905932738
105209 [Thread-2] INFO  space.exploration.mars.rover.sensor.Lidar  - Lidar reporting contact designate Id:: 28 bearing:: 330 range:: 35.35533905932738
105209 [Thread-2] INFO  space.exploration.mars.rover.sensor.Lidar  - Lidar reporting contact designate Id:: 29 bearing:: 335 range:: 35.35533905932738
105210 [Thread-2] INFO  space.exploration.mars.rover.sensor.Lidar  - Lidar reporting contact designate Id:: 30 bearing:: 340 range:: 35.35533905932738
105210 [Thread-2] INFO  space.exploration.mars.rover.sensor.Lidar  - Lidar reporting contact designate Id:: 31 bearing:: 345 range:: 35.35533905932738
105210 [Thread-2] INFO  space.exploration.mars.rover.sensor.Lidar  - Lidar reporting contact designate Id:: 32 bearing:: 350 range:: 35.35533905932738
105210 [Thread-2] INFO  space.exploration.mars.rover.sensor.Lidar  - Lidar reporting contact designate Id:: 33 bearing:: 355 range:: 35.35533905932738
161036 [Thread-2] INFO  space.exploration.mars.rover.kernel.ListeningState  - timeStamp: 1495844683913
targets {
  estimatedPowerUsage: 20
  action: "ScanArea"
}

162037 [Thread-2] INFO  space.exploration.mars.rover.sensor.Lidar  - Lidar initialized and ready!
162037 [Thread-2] INFO  space.exploration.mars.rover.sensor.Lidar  - Wallbuilder set for lidar
162038 [Thread-2] INFO  space.exploration.mars.rover.sensor.Lidar  -  Scanning at location = java.awt.Point[x=0,y=250] Length of contacts  = 2
162038 [Thread-2] INFO  space.exploration.mars.rover.sensor.Lidar  - Lidar reporting contact designate Id:: 0 bearing:: 0 range:: 35.35533905932738
162039 [Thread-2] INFO  space.exploration.mars.rover.sensor.Lidar  - Lidar reporting contact designate Id:: 1 bearing:: 5 range:: 35.35533905932738
162039 [Thread-2] INFO  space.exploration.mars.rover.sensor.Lidar  - Lidar reporting contact designate Id:: 2 bearing:: 10 range:: 35.35533905932738
162039 [Thread-2] INFO  space.exploration.mars.rover.sensor.Lidar  - Lidar reporting contact designate Id:: 3 bearing:: 15 range:: 35.35533905932738
162039 [Thread-2] INFO  space.exploration.mars.rover.sensor.Lidar  - Lidar reporting contact designate Id:: 4 bearing:: 20 range:: 35.35533905932738
162039 [Thread-2] INFO  space.exploration.mars.rover.sensor.Lidar  - Lidar reporting contact designate Id:: 5 bearing:: 25 range:: 35.35533905932738
162039 [Thread-2] INFO  space.exploration.mars.rover.sensor.Lidar  - Lidar reporting contact designate Id:: 6 bearing:: 30 range:: 35.35533905932738
162039 [Thread-2] INFO  space.exploration.mars.rover.sensor.Lidar  - Lidar reporting contact designate Id:: 7 bearing:: 35 range:: 35.35533905932738
162039 [Thread-2] INFO  space.exploration.mars.rover.sensor.Lidar  - Lidar reporting contact designate Id:: 8 bearing:: 40 range:: 35.35533905932738
162039 [Thread-2] INFO  space.exploration.mars.rover.sensor.Lidar  - Lidar reporting contact designate Id:: 9 bearing:: 50 range:: 35.35533905932738
162039 [Thread-2] INFO  space.exploration.mars.rover.sensor.Lidar  - Lidar reporting contact designate Id:: 10 bearing:: 55 range:: 35.35533905932738
162039 [Thread-2] INFO  space.exploration.mars.rover.sensor.Lidar  - Lidar reporting contact designate Id:: 11 bearing:: 60 range:: 35.35533905932738
162040 [Thread-2] INFO  space.exploration.mars.rover.sensor.Lidar  - Lidar reporting contact designate Id:: 12 bearing:: 65 range:: 35.35533905932738
162040 [Thread-2] INFO  space.exploration.mars.rover.sensor.Lidar  - Lidar reporting contact designate Id:: 13 bearing:: 70 range:: 35.35533905932738
162040 [Thread-2] INFO  space.exploration.mars.rover.sensor.Lidar  - Lidar reporting contact designate Id:: 14 bearing:: 75 range:: 35.35533905932738
162040 [Thread-2] INFO  space.exploration.mars.rover.sensor.Lidar  - Lidar reporting contact designate Id:: 15 bearing:: 80 range:: 35.35533905932738
162040 [Thread-2] INFO  space.exploration.mars.rover.sensor.Lidar  - Lidar reporting contact designate Id:: 16 bearing:: 85 range:: 35.35533905932738
162040 [Thread-2] INFO  space.exploration.mars.rover.sensor.Lidar  - Lidar reporting contact designate Id:: 17 bearing:: 90 range:: 35.35533905932738
162040 [Thread-2] INFO  space.exploration.mars.rover.sensor.Lidar  - Lidar reporting contact designate Id:: 18 bearing:: 95 range:: 35.35533905932738
162040 [Thread-2] INFO  space.exploration.mars.rover.sensor.Lidar  - Lidar reporting contact designate Id:: 19 bearing:: 100 range:: 35.35533905932738
162040 [Thread-2] INFO  space.exploration.mars.rover.sensor.Lidar  - Lidar reporting contact designate Id:: 20 bearing:: 105 range:: 35.35533905932738
162041 [Thread-2] INFO  space.exploration.mars.rover.sensor.Lidar  - Lidar reporting contact designate Id:: 21 bearing:: 110 range:: 35.35533905932738
162041 [Thread-2] INFO  space.exploration.mars.rover.sensor.Lidar  - Lidar reporting contact designate Id:: 22 bearing:: 115 range:: 35.35533905932738
162041 [Thread-2] INFO  space.exploration.mars.rover.sensor.Lidar  - Lidar reporting contact designate Id:: 23 bearing:: 120 range:: 35.35533905932738
162041 [Thread-2] INFO  space.exploration.mars.rover.sensor.Lidar  - Lidar reporting contact designate Id:: 24 bearing:: 125 range:: 35.35533905932738
162041 [Thread-2] INFO  space.exploration.mars.rover.sensor.Lidar  - Lidar reporting contact designate Id:: 25 bearing:: 130 range:: 35.35533905932738
162042 [Thread-2] INFO  space.exploration.mars.rover.sensor.Lidar  - Lidar reporting contact designate Id:: 26 bearing:: 320 range:: 35.35533905932738
162042 [Thread-2] INFO  space.exploration.mars.rover.sensor.Lidar  - Lidar reporting contact designate Id:: 27 bearing:: 325 range:: 35.35533905932738
162042 [Thread-2] INFO  space.exploration.mars.rover.sensor.Lidar  - Lidar reporting contact designate Id:: 28 bearing:: 330 range:: 35.35533905932738
162042 [Thread-2] INFO  space.exploration.mars.rover.sensor.Lidar  - Lidar reporting contact designate Id:: 29 bearing:: 335 range:: 35.35533905932738
162042 [Thread-2] INFO  space.exploration.mars.rover.sensor.Lidar  - Lidar reporting contact designate Id:: 30 bearing:: 340 range:: 35.35533905932738
162042 [Thread-2] INFO  space.exploration.mars.rover.sensor.Lidar  - Lidar reporting contact designate Id:: 31 bearing:: 345 range:: 35.35533905932738
162042 [Thread-2] INFO  space.exploration.mars.rover.sensor.Lidar  - Lidar reporting contact designate Id:: 32 bearing:: 350 range:: 35.35533905932738
162043 [Thread-2] INFO  space.exploration.mars.rover.sensor.Lidar  - Lidar reporting contact designate Id:: 33 bearing:: 355 range:: 35.35533905932738
226644 [Thread-2] INFO  space.exploration.mars.rover.kernel.ListeningState  - timeStamp: 1495845504174
targets {
  roverModule: 1
  estimatedPowerUsage: 40
  action: "Move"
  auxiliaryData: "\n\006\b\212\005\020\367\002"
}

226853 [Thread-2] INFO  space.exploration.mars.rover.learning.ReinforcementLearner  -  rlEngine training triggered at SCET = 1495845677804 source = java.awt.Point[x=0,y=250] destination = java.awt.Point[x=650,y=375]
227033 [Thread-2] INFO  space.exploration.mars.rover.learning.ReinforcementLearner  -  rlEngine logging totalExplorationSteps = 279001
358016 [pool-1-thread-2] INFO  space.exploration.mars.rover.diagnostics.Pacemaker  - SCET: 1495845808945
equipmentHealth {
  key: "Battery"
  value: 1000
}
equipmentHealth {
  key: "Radio"
  value: 990
}
equipmentHealth {
  key: "Lidar"
  value: 250
}
equipmentHealth {
  key: "Camera"
  value: 1000
}
equipmentHealth {
  key: "Spectrometer"
  value: 1000
}
batteryLevel: 9800
moduleReporting: 3
notes: "This is rover Curiosity. Sending HeartBeat!"
location {
  x: 650
  y: 375
}

417996 [pool-1-thread-4] INFO  space.exploration.mars.rover.diagnostics.Pacemaker  - SCET: 1495845868942
equipmentHealth {
  key: "Battery"
  value: 1000
}
equipmentHealth {
  key: "Radio"
  value: 989
}
equipmentHealth {
  key: "Lidar"
  value: 250
}
equipmentHealth {
  key: "Camera"
  value: 1000
}
equipmentHealth {
  key: "Spectrometer"
  value: 1000
}
batteryLevel: 9799
moduleReporting: 3
notes: "This is rover Curiosity. Sending HeartBeat!"
location {
  x: 650
  y: 375
}

477995 [pool-1-thread-1] INFO  space.exploration.mars.rover.diagnostics.Pacemaker  - SCET: 1495845928942
equipmentHealth {
  key: "Battery"
  value: 1000
}
equipmentHealth {
  key: "Radio"
  value: 988
}
equipmentHealth {
  key: "Lidar"
  value: 250
}
equipmentHealth {
  key: "Camera"
  value: 1000
}
equipmentHealth {
  key: "Spectrometer"
  value: 1000
}
batteryLevel: 9798
moduleReporting: 3
notes: "This is rover Curiosity. Sending HeartBeat!"
location {
  x: 650
  y: 375
}

538004 [pool-1-thread-5] INFO  space.exploration.mars.rover.diagnostics.Pacemaker  - SCET: 1495845988942
equipmentHealth {
  key: "Battery"
  value: 1000
}
equipmentHealth {
  key: "Radio"
  value: 987
}
equipmentHealth {
  key: "Lidar"
  value: 250
}
equipmentHealth {
  key: "Camera"
  value: 1000
}
equipmentHealth {
  key: "Spectrometer"
  value: 1000
}
batteryLevel: 9797
moduleReporting: 3
notes: "This is rover Curiosity. Sending HeartBeat!"
location {
  x: 650
  y: 375
}

597993 [pool-1-thread-3] INFO  space.exploration.mars.rover.diagnostics.Pacemaker  - SCET: 1495846048943
equipmentHealth {
  key: "Battery"
  value: 1000
}
equipmentHealth {
  key: "Radio"
  value: 986
}
equipmentHealth {
  key: "Lidar"
  value: 250
}
equipmentHealth {
  key: "Camera"
  value: 1000
}
equipmentHealth {
  key: "Spectrometer"
  value: 1000
}
batteryLevel: 9796
moduleReporting: 3
notes: "This is rover Curiosity. Sending HeartBeat!"
location {
  x: 650
  y: 375
}

657992 [pool-1-thread-3] INFO  space.exploration.mars.rover.diagnostics.Pacemaker  - SCET: 1495846108943
equipmentHealth {
  key: "Battery"
  value: 1000
}
equipmentHealth {
  key: "Radio"
  value: 985
}
equipmentHealth {
  key: "Lidar"
  value: 250
}
equipmentHealth {
  key: "Camera"
  value: 1000
}
equipmentHealth {
  key: "Spectrometer"
  value: 1000
}
batteryLevel: 9795
moduleReporting: 3
notes: "This is rover Curiosity. Sending HeartBeat!"
location {
  x: 650
  y: 375
}

678255 [pool-1-thread-3] INFO  kafka.client.ClientUtils$  - Fetching metadata from broker BrokerEndPoint(0,localhost,9092) with correlation id 23 for 1 topic(s) Set(secure_com_to_earth_channel_3)
678256 [pool-1-thread-3] INFO  kafka.producer.SyncProducer  - Connected to localhost:9092 for producing
678264 [pool-1-thread-3] INFO  kafka.producer.SyncProducer  - Disconnecting from localhost:9092
678265 [pool-1-thread-3] INFO  kafka.producer.SyncProducer  - Disconnecting from zionmainframe:9092
678269 [pool-1-thread-3] INFO  kafka.producer.SyncProducer  - Connected to zionmainframe:9092 for producing
717994 [pool-1-thread-3] INFO  space.exploration.mars.rover.diagnostics.Pacemaker  - SCET: 1495846168943
equipmentHealth {
  key: "Battery"
  value: 1000
}
equipmentHealth {
  key: "Radio"
  value: 984
}
equipmentHealth {
  key: "Lidar"
  value: 250
}
equipmentHealth {
  key: "Camera"
  value: 1000
}
equipmentHealth {
  key: "Spectrometer"
  value: 1000
}
batteryLevel: 9794
moduleReporting: 3
notes: "This is rover Curiosity. Sending HeartBeat!"
location {
  x: 650
  y: 375
}

777997 [pool-1-thread-3] INFO  space.exploration.mars.rover.diagnostics.Pacemaker  - SCET: 1495846228942
equipmentHealth {
  key: "Battery"
  value: 1000
}
equipmentHealth {
  key: "Radio"
  value: 983
}
equipmentHealth {
  key: "Lidar"
  value: 250
}
equipmentHealth {
  key: "Camera"
  value: 1000
}
equipmentHealth {
  key: "Spectrometer"
  value: 1000
}
batteryLevel: 9793
moduleReporting: 3
notes: "This is rover Curiosity. Sending HeartBeat!"
location {
  x: 650
  y: 375
}

837994 [pool-1-thread-3] INFO  space.exploration.mars.rover.diagnostics.Pacemaker  - SCET: 1495846288942
equipmentHealth {
  key: "Battery"
  value: 1000
}
equipmentHealth {
  key: "Radio"
  value: 982
}
equipmentHealth {
  key: "Lidar"
  value: 250
}
equipmentHealth {
  key: "Camera"
  value: 1000
}
equipmentHealth {
  key: "Spectrometer"
  value: 1000
}
batteryLevel: 9792
moduleReporting: 3
notes: "This is rover Curiosity. Sending HeartBeat!"
location {
  x: 650
  y: 375
}

897994 [pool-1-thread-3] INFO  space.exploration.mars.rover.diagnostics.Pacemaker  - SCET: 1495846348943
equipmentHealth {
  key: "Battery"
  value: 1000
}
equipmentHealth {
  key: "Radio"
  value: 981
}
equipmentHealth {
  key: "Lidar"
  value: 250
}
equipmentHealth {
  key: "Camera"
  value: 1000
}
equipmentHealth {
  key: "Spectrometer"
  value: 1000
}
batteryLevel: 9791
moduleReporting: 3
notes: "This is rover Curiosity. Sending HeartBeat!"
location {
  x: 650
  y: 375
}

