2017-12-16 15:45:05,189 [main] INFO space.exploration.mars.rover.kernel.SpacecraftClock  - Valid utc time ranges are dictated by clockService as follows:
2017-12-16 15:45:05,189 [main] INFO space.exploration.mars.rover.kernel.SpacecraftClock  - APPLICABLE_START_TIME=2000-001T11:58:55.816, APPLICABLE_STOP_TIME=2017-360T19:17:40.149
2017-12-16 15:45:05,190 [main] INFO space.exploration.mars.rover.kernel.SpacecraftClock  - Given UTC = 2016-01-01~00:00:00
2017-12-16 15:45:05,190 [main] INFO space.exploration.mars.rover.kernel.SpacecraftClock  - Please ensure that positionSensor and sclk are synchronized
2017-12-16 15:45:05,190 [main] INFO space.exploration.mars.rover.kernel.SpacecraftClock  - Curiosity internal spacecraft clock started at :: 2016-01-01T06:00:00.000Z
2017-12-16 15:45:05,190 [main] INFO space.exploration.mars.rover.kernel.SpacecraftClock  - Mission duration is set to :: 1 year(s).
2017-12-16 15:45:05,190 [main] INFO space.exploration.mars.rover.kernel.SpacecraftClock  - Mission duration = 31536000000
2017-12-16 15:45:05,191 [main] INFO space.exploration.mars.rover.kernel.SpacecraftClock  - Internal time::2016-01-01T06:00:00.000Z sclk of::
2017-12-16 15:45:06,220 [main] INFO space.exploration.mars.rover.kernel.SpacecraftClock  - Valid utc time ranges are dictated by clockService as follows:
2017-12-16 15:45:06,221 [main] INFO space.exploration.mars.rover.kernel.SpacecraftClock  - APPLICABLE_START_TIME=2000-001T11:58:55.816, APPLICABLE_STOP_TIME=2017-360T19:17:40.149
2017-12-16 15:45:06,221 [main] INFO space.exploration.mars.rover.kernel.SpacecraftClock  - Given UTC = 2016-01-01~00:00:00
2017-12-16 15:45:06,221 [main] INFO space.exploration.mars.rover.kernel.SpacecraftClock  - Please ensure that positionSensor and sclk are synchronized
2017-12-16 15:45:06,221 [main] INFO space.exploration.mars.rover.kernel.SpacecraftClock  - Curiosity internal spacecraft clock started at :: 2016-01-01T06:00:00.000Z
2017-12-16 15:45:06,221 [main] INFO space.exploration.mars.rover.kernel.SpacecraftClock  - Mission duration is set to :: 1 year(s).
2017-12-16 15:45:06,221 [main] INFO space.exploration.mars.rover.kernel.SpacecraftClock  - Mission duration = 31536000000
2017-12-16 15:45:06,221 [main] INFO space.exploration.mars.rover.kernel.SpacecraftClock  - UTCTime = 2016-05-05~12:00:00
2017-12-16 15:45:06,222 [main] INFO space.exploration.mars.rover.kernel.SpacecraftClock  - Valid utc time ranges are dictated by clockService as follows:
2017-12-16 15:45:06,222 [main] INFO space.exploration.mars.rover.kernel.SpacecraftClock  - APPLICABLE_START_TIME=2000-001T11:58:55.816, APPLICABLE_STOP_TIME=2017-360T19:17:40.149
2017-12-16 15:45:06,222 [main] INFO space.exploration.mars.rover.kernel.SpacecraftClock  - Given UTC = 2016-05-05~12:00:00
2017-12-16 15:45:06,222 [main] INFO space.exploration.mars.rover.kernel.SpacecraftClock  - Please ensure that positionSensor and sclk are synchronized
2017-12-16 15:45:07,223 [main] INFO space.exploration.mars.rover.kernel.SpacecraftClock  - Internal time::2016-05-05T12:03:00.000-05:00 sclk of::1/01332:07:09:48:04872
2017-12-16 15:45:08,224 [main] INFO space.exploration.mars.rover.kernel.SpacecraftClock  - Internal time::2016-05-05T12:05:00.000-05:00 sclk of::1/01332:07:11:44:83804
2017-12-16 15:45:09,225 [main] INFO space.exploration.mars.rover.kernel.SpacecraftClock  - Internal time::2016-05-05T12:07:00.000-05:00 sclk of::1/01332:07:13:41:62735
2017-12-16 15:45:10,226 [main] INFO space.exploration.mars.rover.kernel.SpacecraftClock  - Internal time::2016-05-05T12:09:00.000-05:00 sclk of::1/01332:07:15:38:41667
2017-12-16 15:45:11,227 [main] INFO space.exploration.mars.rover.kernel.SpacecraftClock  - Internal time::2016-05-05T12:11:00.000-05:00 sclk of::1/01332:07:17:35:20598
2017-12-16 15:45:12,227 [main] INFO space.exploration.mars.rover.kernel.SpacecraftClock  - Internal time::2016-05-05T12:13:00.000-05:00 sclk of::1/01332:07:19:31:99530
2017-12-16 15:45:13,228 [main] INFO space.exploration.mars.rover.kernel.SpacecraftClock  - Internal time::2016-05-05T12:15:00.000-05:00 sclk of::1/01332:07:21:28:78461
2017-12-16 15:45:14,229 [main] INFO space.exploration.mars.rover.kernel.SpacecraftClock  - Internal time::2016-05-05T12:17:00.000-05:00 sclk of::1/01332:07:23:25:57393
2017-12-16 15:45:15,230 [main] INFO space.exploration.mars.rover.kernel.SpacecraftClock  - Internal time::2016-05-05T12:19:00.000-05:00 sclk of::1/01332:07:25:22:36325
2017-12-16 15:45:16,231 [main] INFO space.exploration.mars.rover.kernel.SpacecraftClock  - Internal time::2016-05-05T12:21:00.000-05:00 sclk of::1/01332:07:27:19:15256
2017-12-16 15:45:16,231 [main] INFO space.exploration.mars.rover.kernel.SpacecraftClock  - Internal time::2016-05-05T12:21:00.000-05:00 sclk of::1/01332:07:27:19:15256
