2018-01-25 20:16:21,675 [roverMain] INFO space.exploration.mars.rover.kernel.SpacecraftClock  - Valid utc time ranges are dictated by clockService as follows:
2018-01-25 20:16:21,676 [roverMain] INFO space.exploration.mars.rover.kernel.SpacecraftClock  - APPLICABLE_START_TIME=2000-001T11:58:55.816, APPLICABLE_STOP_TIME=2017-360T19:17:40.149
2018-01-25 20:16:21,676 [roverMain] INFO space.exploration.mars.rover.kernel.SpacecraftClock  - Given UTC = 2016-09-21~01:14:00
2018-01-25 20:16:21,676 [roverMain] INFO space.exploration.mars.rover.kernel.SpacecraftClock  - Please ensure that positionSensor and sclk are synchronized
2018-01-25 20:16:21,682 [roverMain] INFO space.exploration.mars.rover.kernel.SpacecraftClock  - Curiosity internal spacecraft clock started at :: 2016-09-21T06:14:00.000Z
2018-01-25 20:16:21,682 [roverMain] INFO space.exploration.mars.rover.kernel.SpacecraftClock  - Mission duration is set to :: 1 year(s).
2018-01-25 20:16:21,682 [roverMain] INFO space.exploration.mars.rover.kernel.SpacecraftClock  - Mission duration = 31536000000
2018-01-25 20:16:25,866 [roverMain] INFO space.exploration.mars.rover.diagnostics.RoverGarbageCollector  - Starting garbageCollection
2018-01-25 20:16:27,867 [roverMain] INFO space.exploration.mars.rover.kernel.Rover  - Rover current position is = java.awt.Point[x=525,y=100]
2018-01-25 20:16:28,868 [roverMain] INFO space.exploration.mars.rover.sensor.Lidar  - Lidar initialized and ready!
2018-01-25 20:16:30,094 [roverMain] INFO space.exploration.mars.rover.sensor.Camera  - Camera initialized and ready!
2018-01-25 20:16:31,096 [roverMain] INFO space.exploration.mars.rover.sensor.Radar  - Radar configured:: 
2018-01-25 20:16:32,336 [roverMain] INFO space.exploration.mars.rover.power.Battery  - Battery configured, batteryLife:primaryPowerUnits = 1200 auxiliaryPowerUnits = 100 alertThreshold: 100 rechargeTime = 60000
2018-01-25 20:16:33,340 [roverMain] INFO space.exploration.mars.rover.kernel.Rover  - Battery Monitor configured!
2018-01-25 20:16:33,387 [roverMain] INFO org.apache.kafka.clients.producer.ProducerConfig  - ProducerConfig values: 
	metric.reporters = []
	metadata.max.age.ms = 300000
	reconnect.backoff.ms = 50
	sasl.kerberos.ticket.renew.window.factor = 0.8
	bootstrap.servers = [localhost:9092]
	ssl.keystore.type = JKS
	sasl.mechanism = GSSAPI
	max.block.ms = 60000
	interceptor.classes = null
	ssl.truststore.password = null
	client.id = 
	ssl.endpoint.identification.algorithm = null
	request.timeout.ms = 30000
	acks = 1
	receive.buffer.bytes = 32768
	ssl.truststore.type = JKS
	retries = 0
	ssl.truststore.location = null
	ssl.keystore.password = null
	send.buffer.bytes = 131072
	compression.type = none
	metadata.fetch.timeout.ms = 60000
	retry.backoff.ms = 100
	sasl.kerberos.kinit.cmd = /usr/bin/kinit
	buffer.memory = 33554432
	timeout.ms = 30000
	key.serializer = class org.apache.kafka.common.serialization.StringSerializer
	sasl.kerberos.service.name = null
	sasl.kerberos.ticket.renew.jitter = 0.05
	ssl.trustmanager.algorithm = PKIX
	block.on.buffer.full = false
	ssl.key.password = null
	sasl.kerberos.min.time.before.relogin = 60000
	connections.max.idle.ms = 540000
	max.in.flight.requests.per.connection = 5
	metrics.num.samples = 2
	ssl.protocol = TLS
	ssl.provider = null
	ssl.enabled.protocols = [TLSv1.2, TLSv1.1, TLSv1]
	batch.size = 16384
	ssl.keystore.location = null
	ssl.cipher.suites = null
	security.protocol = PLAINTEXT
	max.request.size = 1048576
	value.serializer = class org.apache.kafka.common.serialization.ByteArraySerializer
	ssl.keymanager.algorithm = SunX509
	metrics.sample.window.ms = 30000
	partitioner.class = class org.apache.kafka.clients.producer.internals.DefaultPartitioner
	linger.ms = 0

2018-01-25 20:16:33,472 [roverMain] INFO org.apache.kafka.clients.producer.ProducerConfig  - ProducerConfig values: 
	metric.reporters = []
	metadata.max.age.ms = 300000
	reconnect.backoff.ms = 50
	sasl.kerberos.ticket.renew.window.factor = 0.8
	bootstrap.servers = [localhost:9092]
	ssl.keystore.type = JKS
	sasl.mechanism = GSSAPI
	max.block.ms = 60000
	interceptor.classes = null
	ssl.truststore.password = null
	client.id = producer-1
	ssl.endpoint.identification.algorithm = null
	request.timeout.ms = 30000
	acks = 1
	receive.buffer.bytes = 32768
	ssl.truststore.type = JKS
	retries = 0
	ssl.truststore.location = null
	ssl.keystore.password = null
	send.buffer.bytes = 131072
	compression.type = none
	metadata.fetch.timeout.ms = 60000
	retry.backoff.ms = 100
	sasl.kerberos.kinit.cmd = /usr/bin/kinit
	buffer.memory = 33554432
	timeout.ms = 30000
	key.serializer = class org.apache.kafka.common.serialization.StringSerializer
	sasl.kerberos.service.name = null
	sasl.kerberos.ticket.renew.jitter = 0.05
	ssl.trustmanager.algorithm = PKIX
	block.on.buffer.full = false
	ssl.key.password = null
	sasl.kerberos.min.time.before.relogin = 60000
	connections.max.idle.ms = 540000
	max.in.flight.requests.per.connection = 5
	metrics.num.samples = 2
	ssl.protocol = TLS
	ssl.provider = null
	ssl.enabled.protocols = [TLSv1.2, TLSv1.1, TLSv1]
	batch.size = 16384
	ssl.keystore.location = null
	ssl.cipher.suites = null
	security.protocol = PLAINTEXT
	max.request.size = 1048576
	value.serializer = class org.apache.kafka.common.serialization.ByteArraySerializer
	ssl.keymanager.algorithm = SunX509
	metrics.sample.window.ms = 30000
	partitioner.class = class org.apache.kafka.clients.producer.internals.DefaultPartitioner
	linger.ms = 0

2018-01-25 20:16:33,472 [roverMain] WARN org.apache.kafka.clients.producer.ProducerConfig  - The configuration zookeeper.connect = localhost:2181 was supplied but isn't a known config.
2018-01-25 20:16:33,472 [roverMain] WARN org.apache.kafka.clients.producer.ProducerConfig  - The configuration group.id = space.exploration.mars.rover.curiosity.1516932979382 was supplied but isn't a known config.
2018-01-25 20:16:33,472 [roverMain] WARN org.apache.kafka.clients.producer.ProducerConfig  - The configuration source.topic = earth_to_curiosity_5 was supplied but isn't a known config.
2018-01-25 20:16:33,472 [roverMain] WARN org.apache.kafka.clients.producer.ProducerConfig  - The configuration auto.offset.reset = largest was supplied but isn't a known config.
2018-01-25 20:16:33,472 [roverMain] WARN org.apache.kafka.clients.producer.ProducerConfig  - The configuration metadata.broker.list = localhost:9092 was supplied but isn't a known config.
2018-01-25 20:16:33,472 [roverMain] WARN org.apache.kafka.clients.producer.ProducerConfig  - The configuration destination.topic = curiosity_to_earth_5 was supplied but isn't a known config.
2018-01-25 20:16:33,474 [roverMain] INFO org.apache.kafka.common.utils.AppInfoParser  - Kafka version : 0.10.0.1
2018-01-25 20:16:33,474 [roverMain] INFO org.apache.kafka.common.utils.AppInfoParser  - Kafka commitId : a7a17cdec9eaa6c5
2018-01-25 20:16:33,611 [roverMain] INFO kafka.utils.VerifiableProperties  - Verifying properties
2018-01-25 20:16:33,635 [roverMain] INFO kafka.utils.VerifiableProperties  - Property auto.offset.reset is overridden to largest
2018-01-25 20:16:33,635 [roverMain] WARN kafka.utils.VerifiableProperties  - Property bootstrap.servers is not valid
2018-01-25 20:16:33,636 [roverMain] WARN kafka.utils.VerifiableProperties  - Property destination.topic is not valid
2018-01-25 20:16:33,636 [roverMain] INFO kafka.utils.VerifiableProperties  - Property group.id is overridden to space.exploration.mars.rover.curiosity.1516932979382
2018-01-25 20:16:33,636 [roverMain] WARN kafka.utils.VerifiableProperties  - Property key.serializer is not valid
2018-01-25 20:16:33,636 [roverMain] WARN kafka.utils.VerifiableProperties  - Property metadata.broker.list is not valid
2018-01-25 20:16:33,636 [roverMain] WARN kafka.utils.VerifiableProperties  - Property source.topic is not valid
2018-01-25 20:16:33,636 [roverMain] WARN kafka.utils.VerifiableProperties  - Property value.serializer is not valid
2018-01-25 20:16:33,636 [roverMain] INFO kafka.utils.VerifiableProperties  - Property zookeeper.connect is overridden to localhost:2181
2018-01-25 20:16:33,671 [roverMain] INFO kafka.consumer.ZookeeperConsumerConnector  - [space.exploration.mars.rover.curiosity.1516932979382_zion-mainframe-1516932993670-7637160d], Connecting to zookeeper instance at localhost:2181
2018-01-25 20:16:33,679 [ZkClient-EventThread-29-localhost:2181] INFO org.I0Itec.zkclient.ZkEventThread  - Starting ZkClient event thread.
2018-01-25 20:16:33,684 [roverMain] INFO org.apache.zookeeper.ZooKeeper  - Client environment:zookeeper.version=3.4.6-1569965, built on 02/20/2014 09:09 GMT
2018-01-25 20:16:33,684 [roverMain] INFO org.apache.zookeeper.ZooKeeper  - Client environment:host.name=zion-mainframe
2018-01-25 20:16:33,684 [roverMain] INFO org.apache.zookeeper.ZooKeeper  - Client environment:java.version=1.8.0_151
2018-01-25 20:16:33,684 [roverMain] INFO org.apache.zookeeper.ZooKeeper  - Client environment:java.vendor=Oracle Corporation
2018-01-25 20:16:33,684 [roverMain] INFO org.apache.zookeeper.ZooKeeper  - Client environment:java.home=/usr/lib/jvm/java-8-openjdk-amd64/jre
2018-01-25 20:16:33,684 [roverMain] INFO org.apache.zookeeper.ZooKeeper  - Client environment:java.class.path=target/mars.rover-1.5-SOLSHOT-shaded.jar
2018-01-25 20:16:33,684 [roverMain] INFO org.apache.zookeeper.ZooKeeper  - Client environment:java.library.path=$LD_LIBRARY_PATH:"/home/sanket/Documents/workspace/SpiceUtilities/src/main/resources/JNISpice/lib/libJNISpice.so":/home/sanket/Documents/workspace/SpiceUtilities/src/main/resources/JNISpice/lib/libJNISpice.so:/usr/java/packages/lib/amd64:/usr/lib/x86_64-linux-gnu/jni:/lib/x86_64-linux-gnu:/usr/lib/x86_64-linux-gnu:/usr/lib/jni:/lib:/usr/lib
2018-01-25 20:16:33,684 [roverMain] INFO org.apache.zookeeper.ZooKeeper  - Client environment:java.io.tmpdir=/tmp
2018-01-25 20:16:33,684 [roverMain] INFO org.apache.zookeeper.ZooKeeper  - Client environment:java.compiler=<NA>
2018-01-25 20:16:33,684 [roverMain] INFO org.apache.zookeeper.ZooKeeper  - Client environment:os.name=Linux
2018-01-25 20:16:33,684 [roverMain] INFO org.apache.zookeeper.ZooKeeper  - Client environment:os.arch=amd64
2018-01-25 20:16:33,684 [roverMain] INFO org.apache.zookeeper.ZooKeeper  - Client environment:os.version=4.13.0-26-generic
2018-01-25 20:16:33,684 [roverMain] INFO org.apache.zookeeper.ZooKeeper  - Client environment:user.name=sanket
2018-01-25 20:16:33,684 [roverMain] INFO org.apache.zookeeper.ZooKeeper  - Client environment:user.home=/home/sanket
2018-01-25 20:16:33,684 [roverMain] INFO org.apache.zookeeper.ZooKeeper  - Client environment:user.dir=/home/sanket/Documents/workspace/MarsRover/mars.rover
2018-01-25 20:16:33,685 [roverMain] INFO org.apache.zookeeper.ZooKeeper  - Initiating client connection, connectString=localhost:2181 sessionTimeout=6000 watcher=org.I0Itec.zkclient.ZkClient@3857f613
2018-01-25 20:16:33,692 [roverMain] INFO org.I0Itec.zkclient.ZkClient  - Waiting for keeper state SyncConnected
2018-01-25 20:16:33,696 [roverMain-SendThread(localhost:2181)] INFO org.apache.zookeeper.ClientCnxn  - Opening socket connection to server localhost/127.0.0.1:2181. Will not attempt to authenticate using SASL (unknown error)
2018-01-25 20:16:33,701 [roverMain-SendThread(localhost:2181)] INFO org.apache.zookeeper.ClientCnxn  - Socket connection established to localhost/127.0.0.1:2181, initiating session
2018-01-25 20:16:33,706 [roverMain-SendThread(localhost:2181)] INFO org.apache.zookeeper.ClientCnxn  - Session establishment complete on server localhost/127.0.0.1:2181, sessionid = 0x16111f6ce220020, negotiated timeout = 6000
2018-01-25 20:16:33,707 [roverMain-EventThread] INFO org.I0Itec.zkclient.ZkClient  - zookeeper state changed (SyncConnected)
2018-01-25 20:16:33,716 [roverMain] INFO kafka.consumer.ZookeeperConsumerConnector  - [space.exploration.mars.rover.curiosity.1516932979382_zion-mainframe-1516932993670-7637160d], starting auto committer every 60000 ms
2018-01-25 20:16:33,737 [radio] INFO kafka.consumer.ZookeeperConsumerConnector  - [space.exploration.mars.rover.curiosity.1516932979382_zion-mainframe-1516932993670-7637160d], begin registering consumer space.exploration.mars.rover.curiosity.1516932979382_zion-mainframe-1516932993670-7637160d in ZK
2018-01-25 20:16:33,762 [radio] INFO kafka.utils.ZKCheckedEphemeral  - Creating /consumers/space.exploration.mars.rover.curiosity.1516932979382/ids/space.exploration.mars.rover.curiosity.1516932979382_zion-mainframe-1516932993670-7637160d (is it secure? false)
2018-01-25 20:16:33,771 [radio] INFO kafka.utils.ZKCheckedEphemeral  - Result of znode creation is: OK
2018-01-25 20:16:33,772 [radio] INFO kafka.consumer.ZookeeperConsumerConnector  - [space.exploration.mars.rover.curiosity.1516932979382_zion-mainframe-1516932993670-7637160d], end registering consumer space.exploration.mars.rover.curiosity.1516932979382_zion-mainframe-1516932993670-7637160d in ZK
2018-01-25 20:16:33,775 [space.exploration.mars.rover.curiosity.1516932979382_zion-mainframe-1516932993670-7637160d_watcher_executor] INFO kafka.consumer.ZookeeperConsumerConnector  - [space.exploration.mars.rover.curiosity.1516932979382_zion-mainframe-1516932993670-7637160d], starting watcher executor thread for consumer space.exploration.mars.rover.curiosity.1516932979382_zion-mainframe-1516932993670-7637160d
2018-01-25 20:16:33,791 [radio] INFO kafka.consumer.ZookeeperConsumerConnector  - [space.exploration.mars.rover.curiosity.1516932979382_zion-mainframe-1516932993670-7637160d], begin rebalancing consumer space.exploration.mars.rover.curiosity.1516932979382_zion-mainframe-1516932993670-7637160d try #0
2018-01-25 20:16:33,908 [radio] INFO kafka.consumer.ConsumerFetcherManager  - [ConsumerFetcherManager-1516932993714] Stopping leader finder thread
2018-01-25 20:16:33,908 [radio] INFO kafka.consumer.ConsumerFetcherManager  - [ConsumerFetcherManager-1516932993714] Stopping all fetchers
2018-01-25 20:16:33,909 [radio] INFO kafka.consumer.ConsumerFetcherManager  - [ConsumerFetcherManager-1516932993714] All connections stopped
2018-01-25 20:16:33,909 [radio] INFO kafka.consumer.ZookeeperConsumerConnector  - [space.exploration.mars.rover.curiosity.1516932979382_zion-mainframe-1516932993670-7637160d], Cleared all relevant queues for this fetcher
2018-01-25 20:16:33,910 [radio] INFO kafka.consumer.ZookeeperConsumerConnector  - [space.exploration.mars.rover.curiosity.1516932979382_zion-mainframe-1516932993670-7637160d], Cleared the data chunks in all the consumer message iterators
2018-01-25 20:16:33,910 [radio] INFO kafka.consumer.ZookeeperConsumerConnector  - [space.exploration.mars.rover.curiosity.1516932979382_zion-mainframe-1516932993670-7637160d], Committing all offsets after clearing the fetcher queues
2018-01-25 20:16:33,911 [radio] INFO kafka.consumer.ZookeeperConsumerConnector  - [space.exploration.mars.rover.curiosity.1516932979382_zion-mainframe-1516932993670-7637160d], Releasing partition ownership
2018-01-25 20:16:33,947 [radio] INFO kafka.consumer.RangeAssignor  - Consumer space.exploration.mars.rover.curiosity.1516932979382_zion-mainframe-1516932993670-7637160d rebalancing the following partitions: ArrayBuffer(0) for topic earth_to_curiosity_5 with consumers: List(space.exploration.mars.rover.curiosity.1516932979382_zion-mainframe-1516932993670-7637160d-0)
2018-01-25 20:16:33,948 [radio] INFO kafka.consumer.RangeAssignor  - space.exploration.mars.rover.curiosity.1516932979382_zion-mainframe-1516932993670-7637160d-0 attempting to claim partition 0
2018-01-25 20:16:33,978 [radio] INFO kafka.consumer.ZookeeperConsumerConnector  - [space.exploration.mars.rover.curiosity.1516932979382_zion-mainframe-1516932993670-7637160d], space.exploration.mars.rover.curiosity.1516932979382_zion-mainframe-1516932993670-7637160d-0 successfully owned partition 0 for topic earth_to_curiosity_5
2018-01-25 20:16:33,993 [radio] INFO kafka.consumer.ZookeeperConsumerConnector  - [space.exploration.mars.rover.curiosity.1516932979382_zion-mainframe-1516932993670-7637160d], Consumer space.exploration.mars.rover.curiosity.1516932979382_zion-mainframe-1516932993670-7637160d selected partitions : earth_to_curiosity_5:0: fetched offset = -1: consumed offset = -1
2018-01-25 20:16:33,995 [space.exploration.mars.rover.curiosity.1516932979382_zion-mainframe-1516932993670-7637160d-leader-finder-thread] INFO kafka.consumer.ConsumerFetcherManager$LeaderFinderThread  - [space.exploration.mars.rover.curiosity.1516932979382_zion-mainframe-1516932993670-7637160d-leader-finder-thread], Starting 
2018-01-25 20:16:33,995 [radio] INFO kafka.consumer.ZookeeperConsumerConnector  - [space.exploration.mars.rover.curiosity.1516932979382_zion-mainframe-1516932993670-7637160d], end rebalancing consumer space.exploration.mars.rover.curiosity.1516932979382_zion-mainframe-1516932993670-7637160d try #0
2018-01-25 20:16:34,017 [space.exploration.mars.rover.curiosity.1516932979382_zion-mainframe-1516932993670-7637160d-leader-finder-thread] INFO kafka.utils.VerifiableProperties  - Verifying properties
2018-01-25 20:16:34,018 [space.exploration.mars.rover.curiosity.1516932979382_zion-mainframe-1516932993670-7637160d-leader-finder-thread] INFO kafka.utils.VerifiableProperties  - Property client.id is overridden to space.exploration.mars.rover.curiosity.1516932979382
2018-01-25 20:16:34,019 [space.exploration.mars.rover.curiosity.1516932979382_zion-mainframe-1516932993670-7637160d-leader-finder-thread] INFO kafka.utils.VerifiableProperties  - Property metadata.broker.list is overridden to zion-mainframe:9092
2018-01-25 20:16:34,019 [space.exploration.mars.rover.curiosity.1516932979382_zion-mainframe-1516932993670-7637160d-leader-finder-thread] INFO kafka.utils.VerifiableProperties  - Property request.timeout.ms is overridden to 30000
2018-01-25 20:16:34,034 [space.exploration.mars.rover.curiosity.1516932979382_zion-mainframe-1516932993670-7637160d-leader-finder-thread] INFO kafka.client.ClientUtils$  - Fetching metadata from broker BrokerEndPoint(0,zion-mainframe,9092) with correlation id 0 for 1 topic(s) Set(earth_to_curiosity_5)
2018-01-25 20:16:34,040 [space.exploration.mars.rover.curiosity.1516932979382_zion-mainframe-1516932993670-7637160d-leader-finder-thread] INFO kafka.producer.SyncProducer  - Connected to zion-mainframe:9092 for producing
2018-01-25 20:16:34,058 [space.exploration.mars.rover.curiosity.1516932979382_zion-mainframe-1516932993670-7637160d-leader-finder-thread] INFO kafka.producer.SyncProducer  - Disconnecting from zion-mainframe:9092
2018-01-25 20:16:34,077 [ConsumerFetcherThread-space.exploration.mars.rover.curiosity.1516932979382_zion-mainframe-1516932993670-7637160d-0-0] INFO kafka.consumer.ConsumerFetcherThread  - [ConsumerFetcherThread-space.exploration.mars.rover.curiosity.1516932979382_zion-mainframe-1516932993670-7637160d-0-0], Starting 
2018-01-25 20:16:34,092 [space.exploration.mars.rover.curiosity.1516932979382_zion-mainframe-1516932993670-7637160d-leader-finder-thread] INFO kafka.consumer.ConsumerFetcherManager  - [ConsumerFetcherManager-1516932993714] Added fetcher for partitions ArrayBuffer([[earth_to_curiosity_5,0], initOffset -1 to broker BrokerEndPoint(0,zion-mainframe,9092)] )
2018-01-25 20:16:34,719 [roverMain] INFO space.exploration.mars.rover.communication.Radio  - Radio configured:: 
group.id::space.exploration.mars.rover.curiosity.1516932979382
auto.offset.reset::largest
bootstrap.servers::localhost:9092
value.serializer::org.apache.kafka.common.serialization.ByteArraySerializer
destination.topic::curiosity_to_earth_5
zookeeper.connect::localhost:2181
key.serializer::org.apache.kafka.common.serialization.StringSerializer
source.topic::earth_to_curiosity_5
metadata.broker.list::localhost:9092
2018-01-25 20:16:35,720 [roverMain] INFO space.exploration.mars.rover.sensor.Radar  - Radar configured:: 
2018-01-25 20:16:41,908 [roverMain] INFO space.exploration.mars.rover.communication.Transmitter  - Sending information packet to curiosity_to_earth_5
2018-01-25 20:16:44,912 [sleepMonitor] INFO space.exploration.mars.rover.animation.SleepingAnimationEngine  - Rover is sleeping now
2018-01-25 20:16:44,916 [spacecraftClock] INFO space.exploration.mars.rover.sensor.DANSpectrometer  - Commencing calibration for DAN ApxsSpectrometer for sol = 1467
2018-01-25 20:16:44,958 [remsCalibrationThread0] INFO space.exploration.mars.rover.sensor.WeatherSensor  - ThreadId = 0 started for remsCalibration for sol = 1467
2018-01-25 20:16:44,958 [remsCalibrationThread1] INFO space.exploration.mars.rover.sensor.WeatherSensor  - ThreadId = 1 started for remsCalibration for sol = 1467
2018-01-25 20:16:44,966 [remsCalibrationThread2] INFO space.exploration.mars.rover.sensor.WeatherSensor  - ThreadId = 2 started for remsCalibration for sol = 1467
2018-01-25 20:16:44,976 [remsCalibrationThread4] INFO space.exploration.mars.rover.sensor.WeatherSensor  - ThreadId = 4 started for remsCalibration for sol = 1467
2018-01-25 20:16:44,976 [remsCalibrationThread5] INFO space.exploration.mars.rover.sensor.WeatherSensor  - ThreadId = 5 started for remsCalibration for sol = 1467
2018-01-25 20:16:44,977 [remsCalibrationThread3] INFO space.exploration.mars.rover.sensor.WeatherSensor  - ThreadId = 3 started for remsCalibration for sol = 1467
2018-01-25 20:16:44,984 [remsCalibrationThread6] INFO space.exploration.mars.rover.sensor.WeatherSensor  - ThreadId = 6 started for remsCalibration for sol = 1467
2018-01-25 20:16:44,984 [remsCalibrationThread7] INFO space.exploration.mars.rover.sensor.WeatherSensor  - ThreadId = 7 started for remsCalibration for sol = 1467
2018-01-25 20:16:44,988 [remsCalibrationThread8] INFO space.exploration.mars.rover.sensor.WeatherSensor  - ThreadId = 8 started for remsCalibration for sol = 1467
2018-01-25 20:16:44,988 [remsCalibrationThread9] INFO space.exploration.mars.rover.sensor.WeatherSensor  - ThreadId = 9 started for remsCalibration for sol = 1467
2018-01-25 20:16:44,990 [remsCalibrationThread10] INFO space.exploration.mars.rover.sensor.WeatherSensor  - ThreadId = 10 started for remsCalibration for sol = 1467
2018-01-25 20:16:44,991 [remsCalibrationThread11] INFO space.exploration.mars.rover.sensor.WeatherSensor  - ThreadId = 11 started for remsCalibration for sol = 1467
2018-01-25 20:16:44,991 [remsCalibrationThread12] INFO space.exploration.mars.rover.sensor.WeatherSensor  - ThreadId = 12 started for remsCalibration for sol = 1467
2018-01-25 20:16:44,991 [remsCalibrationThread13] INFO space.exploration.mars.rover.sensor.WeatherSensor  - ThreadId = 13 started for remsCalibration for sol = 1467
2018-01-25 20:16:44,996 [remsCalibrationThread15] INFO space.exploration.mars.rover.sensor.WeatherSensor  - ThreadId = 15 started for remsCalibration for sol = 1467
2018-01-25 20:16:44,996 [remsCalibrationThread16] INFO space.exploration.mars.rover.sensor.WeatherSensor  - ThreadId = 16 started for remsCalibration for sol = 1467
2018-01-25 20:16:44,997 [remsCalibrationThread17] INFO space.exploration.mars.rover.sensor.WeatherSensor  - ThreadId = 17 started for remsCalibration for sol = 1467
2018-01-25 20:16:44,997 [remsCalibrationThread19] INFO space.exploration.mars.rover.sensor.WeatherSensor  - ThreadId = 19 started for remsCalibration for sol = 1467
2018-01-25 20:16:44,997 [remsCalibrationThread18] INFO space.exploration.mars.rover.sensor.WeatherSensor  - ThreadId = 18 started for remsCalibration for sol = 1467
2018-01-25 20:16:44,997 [remsCalibrationThread14] INFO space.exploration.mars.rover.sensor.WeatherSensor  - ThreadId = 14 started for remsCalibration for sol = 1467
2018-01-25 20:16:44,997 [remsCalibrationThread20] INFO space.exploration.mars.rover.sensor.WeatherSensor  - ThreadId = 20 started for remsCalibration for sol = 1467
2018-01-25 20:16:45,012 [remsCalibrationThread21] INFO space.exploration.mars.rover.sensor.WeatherSensor  - ThreadId = 21 started for remsCalibration for sol = 1467
2018-01-25 20:16:45,012 [remsCalibrationThread23] INFO space.exploration.mars.rover.sensor.WeatherSensor  - ThreadId = 23 started for remsCalibration for sol = 1467
2018-01-25 20:16:45,012 [remsCalibrationThread22] INFO space.exploration.mars.rover.sensor.WeatherSensor  - ThreadId = 22 started for remsCalibration for sol = 1467
2018-01-25 20:16:45,012 [remsCalibrationThread24] INFO space.exploration.mars.rover.sensor.WeatherSensor  - ThreadId = 24 started for remsCalibration for sol = 1467
2018-01-25 20:16:45,017 [remsCalibrationThread25] INFO space.exploration.mars.rover.sensor.WeatherSensor  - ThreadId = 25 started for remsCalibration for sol = 1467
2018-01-25 20:16:45,017 [remsCalibrationThread26] INFO space.exploration.mars.rover.sensor.WeatherSensor  - ThreadId = 26 started for remsCalibration for sol = 1467
2018-01-25 20:16:45,017 [remsCalibrationThread27] INFO space.exploration.mars.rover.sensor.WeatherSensor  - ThreadId = 27 started for remsCalibration for sol = 1467
2018-01-25 20:16:45,024 [remsCalibrationThread29] INFO space.exploration.mars.rover.sensor.WeatherSensor  - ThreadId = 29 started for remsCalibration for sol = 1467
2018-01-25 20:16:45,030 [remsCalibrationThread28] INFO space.exploration.mars.rover.sensor.WeatherSensor  - ThreadId = 28 started for remsCalibration for sol = 1467
2018-01-25 20:16:45,030 [remsCalibrationThread30] INFO space.exploration.mars.rover.sensor.WeatherSensor  - ThreadId = 30 started for remsCalibration for sol = 1467
2018-01-25 20:16:45,031 [remsCalibrationThread32] INFO space.exploration.mars.rover.sensor.WeatherSensor  - ThreadId = 32 started for remsCalibration for sol = 1467
2018-01-25 20:16:45,048 [remsCalibrationThread35] INFO space.exploration.mars.rover.sensor.WeatherSensor  - ThreadId = 35 started for remsCalibration for sol = 1467
2018-01-25 20:16:45,049 [remsCalibrationThread33] INFO space.exploration.mars.rover.sensor.WeatherSensor  - ThreadId = 33 started for remsCalibration for sol = 1467
2018-01-25 20:16:45,049 [remsCalibrationThread37] INFO space.exploration.mars.rover.sensor.WeatherSensor  - ThreadId = 37 started for remsCalibration for sol = 1467
2018-01-25 20:16:45,048 [remsCalibrationThread36] INFO space.exploration.mars.rover.sensor.WeatherSensor  - ThreadId = 36 started for remsCalibration for sol = 1467
2018-01-25 20:16:45,048 [remsCalibrationThread38] INFO space.exploration.mars.rover.sensor.WeatherSensor  - ThreadId = 38 started for remsCalibration for sol = 1467
2018-01-25 20:16:45,048 [remsCalibrationThread31] INFO space.exploration.mars.rover.sensor.WeatherSensor  - ThreadId = 31 started for remsCalibration for sol = 1467
2018-01-25 20:16:45,050 [remsCalibrationThread34] INFO space.exploration.mars.rover.sensor.WeatherSensor  - ThreadId = 34 started for remsCalibration for sol = 1467
2018-01-25 20:16:45,052 [remsCalibrationThread39] INFO space.exploration.mars.rover.sensor.WeatherSensor  - ThreadId = 39 started for remsCalibration for sol = 1467
2018-01-25 20:16:45,056 [remsCalibrationThread40] INFO space.exploration.mars.rover.sensor.WeatherSensor  - ThreadId = 40 started for remsCalibration for sol = 1467
2018-01-25 20:16:45,064 [remsCalibrationThread41] INFO space.exploration.mars.rover.sensor.WeatherSensor  - ThreadId = 41 started for remsCalibration for sol = 1467
2018-01-25 20:16:45,077 [remsCalibrationThread42] INFO space.exploration.mars.rover.sensor.WeatherSensor  - ThreadId = 42 started for remsCalibration for sol = 1467
2018-01-25 20:16:45,080 [remsCalibrationThread43] INFO space.exploration.mars.rover.sensor.WeatherSensor  - ThreadId = 43 started for remsCalibration for sol = 1467
2018-01-25 20:16:45,082 [remsCalibrationThread44] INFO space.exploration.mars.rover.sensor.WeatherSensor  - ThreadId = 44 started for remsCalibration for sol = 1467
2018-01-25 20:16:45,083 [remsCalibrationThread45] INFO space.exploration.mars.rover.sensor.WeatherSensor  - ThreadId = 45 started for remsCalibration for sol = 1467
2018-01-25 20:16:45,083 [remsCalibrationThread46] INFO space.exploration.mars.rover.sensor.WeatherSensor  - ThreadId = 46 started for remsCalibration for sol = 1467
2018-01-25 20:16:45,084 [remsCalibrationThread47] INFO space.exploration.mars.rover.sensor.WeatherSensor  - ThreadId = 47 started for remsCalibration for sol = 1467
2018-01-25 20:16:45,085 [remsCalibrationThread48] INFO space.exploration.mars.rover.sensor.WeatherSensor  - ThreadId = 48 started for remsCalibration for sol = 1467
2018-01-25 20:16:45,085 [remsCalibrationThread49] INFO space.exploration.mars.rover.sensor.WeatherSensor  - ThreadId = 49 started for remsCalibration for sol = 1467
2018-01-25 20:16:45,088 [remsCalibrationThread51] INFO space.exploration.mars.rover.sensor.WeatherSensor  - ThreadId = 51 started for remsCalibration for sol = 1467
2018-01-25 20:16:45,088 [remsCalibrationThread50] INFO space.exploration.mars.rover.sensor.WeatherSensor  - ThreadId = 50 started for remsCalibration for sol = 1467
2018-01-25 20:16:45,092 [remsCalibrationThread52] INFO space.exploration.mars.rover.sensor.WeatherSensor  - ThreadId = 52 started for remsCalibration for sol = 1467
2018-01-25 20:16:45,096 [remsCalibrationThread53] INFO space.exploration.mars.rover.sensor.WeatherSensor  - ThreadId = 53 started for remsCalibration for sol = 1467
2018-01-25 20:16:45,096 [remsCalibrationThread54] INFO space.exploration.mars.rover.sensor.WeatherSensor  - ThreadId = 54 started for remsCalibration for sol = 1467
2018-01-25 20:16:45,099 [remsCalibrationThread55] INFO space.exploration.mars.rover.sensor.WeatherSensor  - ThreadId = 55 started for remsCalibration for sol = 1467
2018-01-25 20:16:45,100 [remsCalibrationThread56] INFO space.exploration.mars.rover.sensor.WeatherSensor  - ThreadId = 56 started for remsCalibration for sol = 1467
2018-01-25 20:16:45,108 [remsCalibrationThread57] INFO space.exploration.mars.rover.sensor.WeatherSensor  - ThreadId = 57 started for remsCalibration for sol = 1467
2018-01-25 20:16:45,112 [remsCalibrationThread58] INFO space.exploration.mars.rover.sensor.WeatherSensor  - ThreadId = 58 started for remsCalibration for sol = 1467
2018-01-25 20:16:45,115 [remsCalibrationThread59] INFO space.exploration.mars.rover.sensor.WeatherSensor  - ThreadId = 59 started for remsCalibration for sol = 1467
2018-01-25 20:16:45,116 [remsCalibrationThread60] INFO space.exploration.mars.rover.sensor.WeatherSensor  - ThreadId = 60 started for remsCalibration for sol = 1467
2018-01-25 20:16:45,120 [remsCalibrationThread61] INFO space.exploration.mars.rover.sensor.WeatherSensor  - ThreadId = 61 started for remsCalibration for sol = 1467
2018-01-25 20:16:45,122 [remsCalibrationThread62] INFO space.exploration.mars.rover.sensor.WeatherSensor  - ThreadId = 62 started for remsCalibration for sol = 1467
2018-01-25 20:16:45,124 [remsCalibrationThread63] INFO space.exploration.mars.rover.sensor.WeatherSensor  - ThreadId = 63 started for remsCalibration for sol = 1467
2018-01-25 20:16:45,128 [remsCalibrationThread64] INFO space.exploration.mars.rover.sensor.WeatherSensor  - ThreadId = 64 started for remsCalibration for sol = 1467
2018-01-25 20:16:45,128 [remsCalibrationThread65] INFO space.exploration.mars.rover.sensor.WeatherSensor  - ThreadId = 65 started for remsCalibration for sol = 1467
2018-01-25 20:16:45,128 [remsCalibrationThread66] INFO space.exploration.mars.rover.sensor.WeatherSensor  - ThreadId = 66 started for remsCalibration for sol = 1467
2018-01-25 20:16:45,133 [remsCalibrationThread67] INFO space.exploration.mars.rover.sensor.WeatherSensor  - ThreadId = 67 started for remsCalibration for sol = 1467
2018-01-25 20:16:45,141 [remsCalibrationThread68] INFO space.exploration.mars.rover.sensor.WeatherSensor  - ThreadId = 68 started for remsCalibration for sol = 1467
2018-01-25 20:16:45,141 [remsCalibrationThread69] INFO space.exploration.mars.rover.sensor.WeatherSensor  - ThreadId = 69 started for remsCalibration for sol = 1467
2018-01-25 20:16:45,142 [remsCalibrationThread70] INFO space.exploration.mars.rover.sensor.WeatherSensor  - ThreadId = 70 started for remsCalibration for sol = 1467
2018-01-25 20:16:45,151 [remsCalibrationThread71] INFO space.exploration.mars.rover.sensor.WeatherSensor  - ThreadId = 71 started for remsCalibration for sol = 1467
2018-01-25 20:16:45,152 [remsCalibrationThread72] INFO space.exploration.mars.rover.sensor.WeatherSensor  - ThreadId = 72 started for remsCalibration for sol = 1467
2018-01-25 20:16:45,156 [remsCalibrationThread73] INFO space.exploration.mars.rover.sensor.WeatherSensor  - ThreadId = 73 started for remsCalibration for sol = 1467
2018-01-25 20:16:45,160 [remsCalibrationThread74] INFO space.exploration.mars.rover.sensor.WeatherSensor  - ThreadId = 74 started for remsCalibration for sol = 1467
2018-01-25 20:16:45,160 [remsCalibrationThread75] INFO space.exploration.mars.rover.sensor.WeatherSensor  - ThreadId = 75 started for remsCalibration for sol = 1467
2018-01-25 20:16:45,168 [remsCalibrationThread76] INFO space.exploration.mars.rover.sensor.WeatherSensor  - ThreadId = 76 started for remsCalibration for sol = 1467
2018-01-25 20:16:45,168 [remsCalibrationThread77] INFO space.exploration.mars.rover.sensor.WeatherSensor  - ThreadId = 77 started for remsCalibration for sol = 1467
2018-01-25 20:16:45,172 [remsCalibrationThread78] INFO space.exploration.mars.rover.sensor.WeatherSensor  - ThreadId = 78 started for remsCalibration for sol = 1467
2018-01-25 20:16:45,174 [remsCalibrationThread79] INFO space.exploration.mars.rover.sensor.WeatherSensor  - ThreadId = 79 started for remsCalibration for sol = 1467
2018-01-25 20:16:45,180 [remsCalibrationThread80] INFO space.exploration.mars.rover.sensor.WeatherSensor  - ThreadId = 80 started for remsCalibration for sol = 1467
2018-01-25 20:16:45,180 [remsCalibrationThread81] INFO space.exploration.mars.rover.sensor.WeatherSensor  - ThreadId = 81 started for remsCalibration for sol = 1467
2018-01-25 20:16:45,181 [remsCalibrationThread82] INFO space.exploration.mars.rover.sensor.WeatherSensor  - ThreadId = 82 started for remsCalibration for sol = 1467
2018-01-25 20:16:45,182 [remsCalibrationThread83] INFO space.exploration.mars.rover.sensor.WeatherSensor  - ThreadId = 83 started for remsCalibration for sol = 1467
2018-01-25 20:16:45,182 [remsCalibrationThread84] INFO space.exploration.mars.rover.sensor.WeatherSensor  - ThreadId = 84 started for remsCalibration for sol = 1467
2018-01-25 20:16:45,183 [remsCalibrationThread85] INFO space.exploration.mars.rover.sensor.WeatherSensor  - ThreadId = 85 started for remsCalibration for sol = 1467
2018-01-25 20:16:45,183 [remsCalibrationThread86] INFO space.exploration.mars.rover.sensor.WeatherSensor  - ThreadId = 86 started for remsCalibration for sol = 1467
2018-01-25 20:16:45,184 [remsCalibrationThread87] INFO space.exploration.mars.rover.sensor.WeatherSensor  - ThreadId = 87 started for remsCalibration for sol = 1467
2018-01-25 20:16:45,188 [remsCalibrationThread88] INFO space.exploration.mars.rover.sensor.WeatherSensor  - ThreadId = 88 started for remsCalibration for sol = 1467
2018-01-25 20:16:45,188 [remsCalibrationThread89] INFO space.exploration.mars.rover.sensor.WeatherSensor  - ThreadId = 89 started for remsCalibration for sol = 1467
2018-01-25 20:16:45,190 [remsCalibrationThread90] INFO space.exploration.mars.rover.sensor.WeatherSensor  - ThreadId = 90 started for remsCalibration for sol = 1467
2018-01-25 20:16:45,191 [remsCalibrationThread91] INFO space.exploration.mars.rover.sensor.WeatherSensor  - ThreadId = 91 started for remsCalibration for sol = 1467
2018-01-25 20:16:45,191 [remsCalibrationThread92] INFO space.exploration.mars.rover.sensor.WeatherSensor  - ThreadId = 92 started for remsCalibration for sol = 1467
2018-01-25 20:16:45,192 [remsCalibrationThread93] INFO space.exploration.mars.rover.sensor.WeatherSensor  - ThreadId = 93 started for remsCalibration for sol = 1467
2018-01-25 20:16:45,192 [remsCalibrationThread94] INFO space.exploration.mars.rover.sensor.WeatherSensor  - ThreadId = 94 started for remsCalibration for sol = 1467
2018-01-25 20:16:45,192 [remsCalibrationThread95] INFO space.exploration.mars.rover.sensor.WeatherSensor  - ThreadId = 95 started for remsCalibration for sol = 1467
2018-01-25 20:16:45,193 [remsCalibrationThread96] INFO space.exploration.mars.rover.sensor.WeatherSensor  - ThreadId = 96 started for remsCalibration for sol = 1467
2018-01-25 20:16:45,193 [remsCalibrationThread97] INFO space.exploration.mars.rover.sensor.WeatherSensor  - ThreadId = 97 started for remsCalibration for sol = 1467
2018-01-25 20:16:45,193 [remsCalibrationThread98] INFO space.exploration.mars.rover.sensor.WeatherSensor  - ThreadId = 98 started for remsCalibration for sol = 1467
2018-01-25 20:16:45,194 [remsCalibrationThread99] INFO space.exploration.mars.rover.sensor.WeatherSensor  - ThreadId = 99 started for remsCalibration for sol = 1467
2018-01-25 20:16:45,655 [spacecraftClock] INFO space.exploration.mars.rover.service.ApxsDataService  - ApxsSpectrometer configured successfully for sol = 1467
2018-01-25 20:17:03,339 [batteryMonitor] INFO space.exploration.mars.rover.power.BatteryMonitor  - BatteryMonitor performing due diligence. SCET = 1516933023339 Rover state = Sleeping State
2018-01-25 20:17:03,339 [batteryMonitor] INFO space.exploration.mars.rover.power.BatteryMonitor  -  Battery primaryUnits = 1200 auxiliaryPowerUnits = 100
2018-01-25 20:17:06,477 [radio] INFO space.exploration.mars.rover.communication.Receiver  - Time Elapsed since last message = 32759
2018-01-25 20:17:06,586 [radio] INFO space.exploration.mars.rover.kernel.PositionSensor  - Houston - this is curiosityActual.ephemerisTime: 5.27695148182391E8
stateCuriosity: -1.1207694271E7
stateCuriosity: -1.35407877023E8
stateCuriosity: -6.5963781979E7
stateCuriosity: 18.489
stateCuriosity: -10.238
stateCuriosity: -4.483
owltMSLEarth: 503.805
stateEarth: 1.1205844029E7
stateEarth: 1.35385559878E8
stateEarth: 6.595291126E7
stateEarth: -18.485
stateEarth: 10.239
stateEarth: 4.483
owltEarthMSL: 503.722
positionEarthWRTCuriosity: 1.1205844029E7
positionEarthWRTCuriosity: 1.35385559878E8
positionEarthWRTCuriosity: 6.595291126E7
owltEarthMSL2: 503.722
angSepHGAEarth: 100.876
utcTime: "2016-09-21~01:58:00"
sol: 1467
sclkValue: " 1/01467:04:06:32:39010"

2018-01-25 20:17:06,637 [radio] INFO space.exploration.mars.rover.kernel.PositionSensor  - ephemerisTime: 5.27695148182391E8
stateCuriosity: -1.1207694271E7
stateCuriosity: -1.35407877023E8
stateCuriosity: -6.5963781979E7
stateCuriosity: 18.489
stateCuriosity: -10.238
stateCuriosity: -4.483
owltMSLEarth: 503.805
stateEarth: 1.1205844029E7
stateEarth: 1.35385559878E8
stateEarth: 6.595291126E7
stateEarth: -18.485
stateEarth: 10.239
stateEarth: 4.483
owltEarthMSL: 503.722
positionEarthWRTCuriosity: 1.1205844029E7
positionEarthWRTCuriosity: 1.35385559878E8
positionEarthWRTCuriosity: 6.595291126E7
owltEarthMSL2: 503.722
angSepHGAEarth: 100.876
utcTime: "2016-09-21~01:58:00"
sol: 1467
sclkValue: " 1/01467:04:06:32:39010"

2018-01-25 20:17:06,637 [radio] INFO space.exploration.mars.rover.communication.Radio  - One Way Light Time computed by SPICE :: 503.805
2018-01-25 20:17:06,646 [radio] INFO space.exploration.mars.rover.kernel.SleepingState  - Awaking from sleeping state
2018-01-25 20:17:06,646 [radio] INFO space.exploration.mars.rover.animation.SleepingAnimationEngine  - Waking up rover
2018-01-25 20:17:06,646 [sleepBreather] INFO space.exploration.mars.rover.animation.SleepBreather  - Sleep animation interrupted.
2018-01-25 20:17:09,668 [radio] INFO space.exploration.mars.rover.kernel.ListeningState  - timeStamp: 1516933026275
targets {
  roverModule: 5
  estimatedPowerUsage: 30
  action: "Explore"
}

2018-01-25 20:17:15,705 [radio] INFO space.exploration.mars.rover.kernel.ListeningState  - 1516933035705,5,Explore Current instructionQueue length = 0
2018-01-25 20:17:15,706 [radio] INFO space.exploration.mars.rover.kernel.ListeningState  - Rover Curiosity is on a scientific mission!
2018-01-25 20:17:36,784 [radio] INFO space.exploration.mars.rover.kernel.PositionSensor  - Houston - this is curiosityActual.ephemerisTime: 5.27697008182391E8
stateCuriosity: -1.1173323971E7
stateCuriosity: -1.35426930396E8
stateCuriosity: -6.5972110757E7
stateCuriosity: 18.469
stateCuriosity: -10.25
stateCuriosity: -4.474
owltMSLEarth: 503.865
stateEarth: 1.1171479984E7
stateEarth: 1.35404616004E8
stateEarth: 6.5961241483E7
stateEarth: -18.466
stateEarth: 10.252
stateEarth: 4.475
owltEarthMSL: 503.782
positionEarthWRTCuriosity: 1.1171479984E7
positionEarthWRTCuriosity: 1.35404616004E8
positionEarthWRTCuriosity: 6.5961241483E7
owltEarthMSL2: 503.782
angSepHGAEarth: 95.164
utcTime: "2016-09-21~02:29:00"
sol: 1467
sclkValue: " 1/01467:04:36:42:62449"

2018-01-25 20:17:36,828 [radio] INFO space.exploration.mars.rover.kernel.PositionSensor  - ephemerisTime: 5.27697008182391E8
stateCuriosity: -1.1173323971E7
stateCuriosity: -1.35426930396E8
stateCuriosity: -6.5972110757E7
stateCuriosity: 18.469
stateCuriosity: -10.25
stateCuriosity: -4.474
owltMSLEarth: 503.865
stateEarth: 1.1171479984E7
stateEarth: 1.35404616004E8
stateEarth: 6.5961241483E7
stateEarth: -18.466
stateEarth: 10.252
stateEarth: 4.475
owltEarthMSL: 503.782
positionEarthWRTCuriosity: 1.1171479984E7
positionEarthWRTCuriosity: 1.35404616004E8
positionEarthWRTCuriosity: 6.5961241483E7
owltEarthMSL2: 503.782
angSepHGAEarth: 95.164
utcTime: "2016-09-21~02:29:00"
sol: 1467
sclkValue: " 1/01467:04:36:42:62449"

2018-01-25 20:17:36,828 [radio] INFO space.exploration.mars.rover.communication.Radio  - One Way Light Time computed by SPICE :: 503.865
2018-01-25 20:17:36,837 [radio] INFO space.exploration.mars.rover.communication.Transmitter  - Sending information packet to curiosity_to_earth_5
2018-01-25 20:17:39,838 [batteryMonitor] INFO space.exploration.mars.rover.power.BatteryMonitor  - BatteryMonitor performing due diligence. SCET = 1516933053339 Rover state = Listening State
2018-01-25 20:17:39,839 [batteryMonitor] INFO space.exploration.mars.rover.power.BatteryMonitor  -  Battery primaryUnits = 1169 auxiliaryPowerUnits = 100
2018-01-25 20:17:39,894 [pacemaker] INFO space.exploration.mars.rover.kernel.PositionSensor  - Houston - this is curiosityActual.ephemerisTime: 5.27697188182391E8
stateCuriosity: -1.1169999728E7
stateCuriosity: -1.35428775481E8
stateCuriosity: -6.5972915927E7
stateCuriosity: 18.467
stateCuriosity: -10.251
stateCuriosity: -4.473
owltMSLEarth: 503.871
stateEarth: 1.1168156355E7
stateEarth: 1.35406461445E8
stateEarth: 6.5962046835E7
stateEarth: -18.464
stateEarth: 10.253
stateEarth: 4.474
owltEarthMSL: 503.788
positionEarthWRTCuriosity: 1.1168156355E7
positionEarthWRTCuriosity: 1.35406461445E8
positionEarthWRTCuriosity: 6.5962046835E7
owltEarthMSL2: 503.788
angSepHGAEarth: 94.609
utcTime: "2016-09-21~02:32:00"
sol: 1467
sclkValue: " 1/01467:04:39:37:80846"

2018-01-25 20:17:39,937 [pacemaker] INFO space.exploration.mars.rover.kernel.PositionSensor  - ephemerisTime: 5.27697188182391E8
stateCuriosity: -1.1169999728E7
stateCuriosity: -1.35428775481E8
stateCuriosity: -6.5972915927E7
stateCuriosity: 18.467
stateCuriosity: -10.251
stateCuriosity: -4.473
owltMSLEarth: 503.871
stateEarth: 1.1168156355E7
stateEarth: 1.35406461445E8
stateEarth: 6.5962046835E7
stateEarth: -18.464
stateEarth: 10.253
stateEarth: 4.474
owltEarthMSL: 503.788
positionEarthWRTCuriosity: 1.1168156355E7
positionEarthWRTCuriosity: 1.35406461445E8
positionEarthWRTCuriosity: 6.5962046835E7
owltEarthMSL2: 503.788
angSepHGAEarth: 94.609
utcTime: "2016-09-21~02:32:00"
sol: 1467
sclkValue: " 1/01467:04:39:37:80846"

2018-01-25 20:17:39,944 [pacemaker] INFO space.exploration.mars.rover.kernel.SpacecraftClock  - Internal time::2016-09-21T02:33:00.000-05:00 sclk of::1/01467:04:40:36:20312
2018-01-25 20:17:46,029 [pacemaker] INFO space.exploration.mars.rover.kernel.PositionSensor  - Houston - this is curiosityActual.ephemerisTime: 5.2769754818239E8
stateCuriosity: -1.1163352228E7
stateCuriosity: -1.35432466363E8
stateCuriosity: -6.5974525872E7
stateCuriosity: 18.463
stateCuriosity: -10.254
stateCuriosity: -4.471
owltMSLEarth: 503.883
stateEarth: 1.1161510087E7
stateEarth: 1.35410153084E8
stateEarth: 6.5963657168E7
stateEarth: -18.46
stateEarth: 10.256
stateEarth: 4.472
owltEarthMSL: 503.8
positionEarthWRTCuriosity: 1.1161510087E7
positionEarthWRTCuriosity: 1.35410153084E8
positionEarthWRTCuriosity: 6.5963657168E7
owltEarthMSL2: 503.8
angSepHGAEarth: 93.498
utcTime: "2016-09-21~02:38:00"
sol: 1467
sclkValue: " 1/01467:04:45:28:17641"

2018-01-25 20:17:46,075 [pacemaker] INFO space.exploration.mars.rover.kernel.PositionSensor  - ephemerisTime: 5.2769754818239E8
stateCuriosity: -1.1163352228E7
stateCuriosity: -1.35432466363E8
stateCuriosity: -6.5974525872E7
stateCuriosity: 18.463
stateCuriosity: -10.254
stateCuriosity: -4.471
owltMSLEarth: 503.883
stateEarth: 1.1161510087E7
stateEarth: 1.35410153084E8
stateEarth: 6.5963657168E7
stateEarth: -18.46
stateEarth: 10.256
stateEarth: 4.472
owltEarthMSL: 503.8
positionEarthWRTCuriosity: 1.1161510087E7
positionEarthWRTCuriosity: 1.35410153084E8
positionEarthWRTCuriosity: 6.5963657168E7
owltEarthMSL2: 503.8
angSepHGAEarth: 93.498
utcTime: "2016-09-21~02:38:00"
sol: 1467
sclkValue: " 1/01467:04:45:28:17641"

2018-01-25 20:17:46,075 [pacemaker] INFO space.exploration.mars.rover.communication.Radio  - One Way Light Time computed by SPICE :: 503.883
2018-01-25 20:17:46,088 [pacemaker] INFO space.exploration.mars.rover.communication.Transmitter  - Sending information packet to curiosity_to_earth_5
2018-01-25 20:18:01,838 [remsCalibrationKickOff] INFO space.exploration.mars.rover.sensor.WeatherSensor  - Thread id = 0 finished checking urls, file not found. Done status = true
2018-01-25 20:18:01,839 [remsCalibrationKickOff] INFO space.exploration.mars.rover.sensor.WeatherSensor  - Thread id = 1 finished checking urls, file not found. Done status = true
2018-01-25 20:18:01,839 [remsCalibrationKickOff] INFO space.exploration.mars.rover.sensor.WeatherSensor  - Thread id = 2 finished checking urls, file not found. Done status = true
2018-01-25 20:18:03,339 [batteryMonitor] INFO space.exploration.mars.rover.power.BatteryMonitor  - BatteryMonitor performing due diligence. SCET = 1516933083339 Rover state = Listening State
2018-01-25 20:18:03,339 [batteryMonitor] INFO space.exploration.mars.rover.power.BatteryMonitor  -  Battery primaryUnits = 1169 auxiliaryPowerUnits = 100
2018-01-25 20:18:06,551 [remsCalibrationKickOff] INFO space.exploration.mars.rover.sensor.WeatherSensor  - Thread id = 3 finished checking urls, file not found. Done status = true
2018-01-25 20:18:06,551 [remsCalibrationKickOff] INFO space.exploration.mars.rover.sensor.WeatherSensor  - Thread id = 4 finished checking urls, file not found. Done status = true
2018-01-25 20:18:06,551 [remsCalibrationKickOff] INFO space.exploration.mars.rover.sensor.WeatherSensor  - Thread id = 5 finished checking urls, file not found. Done status = true
2018-01-25 20:18:06,551 [remsCalibrationKickOff] INFO space.exploration.mars.rover.sensor.WeatherSensor  - Thread id = 6 finished checking urls, file not found. Done status = true
2018-01-25 20:18:06,551 [remsCalibrationKickOff] INFO space.exploration.mars.rover.sensor.WeatherSensor  - Thread id = 7 finished checking urls, file not found. Done status = true
2018-01-25 20:18:06,978 [remsCalibrationKickOff] INFO space.exploration.mars.rover.sensor.WeatherSensor  - Thread id = 8 finished checking urls, file not found. Done status = true
2018-01-25 20:18:07,221 [remsCalibrationKickOff] INFO space.exploration.mars.rover.sensor.WeatherSensor  - Thread id = 9 finished checking urls, file not found. Done status = true
2018-01-25 20:18:07,221 [remsCalibrationKickOff] INFO space.exploration.mars.rover.sensor.WeatherSensor  - Thread id = 10 finished checking urls, file not found. Done status = true
2018-01-25 20:18:07,221 [remsCalibrationKickOff] INFO space.exploration.mars.rover.sensor.WeatherSensor  - Thread id = 11 finished checking urls, file not found. Done status = true
2018-01-25 20:18:07,777 [remsCalibrationKickOff] INFO space.exploration.mars.rover.sensor.WeatherSensor  - Thread id = 12 finished checking urls, file not found. Done status = true
2018-01-25 20:18:07,777 [remsCalibrationKickOff] INFO space.exploration.mars.rover.sensor.WeatherSensor  - Thread id = 13 finished checking urls, file not found. Done status = true
2018-01-25 20:18:07,777 [remsCalibrationKickOff] INFO space.exploration.mars.rover.sensor.WeatherSensor  - Thread id = 14 finished checking urls, file not found. Done status = true
2018-01-25 20:18:07,777 [remsCalibrationKickOff] INFO space.exploration.mars.rover.sensor.WeatherSensor  - Thread id = 15 finished checking urls, file not found. Done status = true
2018-01-25 20:18:07,777 [remsCalibrationKickOff] INFO space.exploration.mars.rover.sensor.WeatherSensor  - Thread id = 16 finished checking urls, file not found. Done status = true
2018-01-25 20:18:07,777 [remsCalibrationKickOff] INFO space.exploration.mars.rover.sensor.WeatherSensor  - Thread id = 17 finished checking urls, file not found. Done status = true
2018-01-25 20:18:07,777 [remsCalibrationKickOff] INFO space.exploration.mars.rover.sensor.WeatherSensor  - Thread id = 18 finished checking urls, file not found. Done status = true
2018-01-25 20:18:07,777 [remsCalibrationKickOff] INFO space.exploration.mars.rover.sensor.WeatherSensor  - Thread id = 19 finished checking urls, file not found. Done status = true
2018-01-25 20:18:07,777 [remsCalibrationKickOff] INFO space.exploration.mars.rover.sensor.WeatherSensor  - Thread id = 20 finished checking urls, file not found. Done status = true
2018-01-25 20:18:07,777 [remsCalibrationKickOff] INFO space.exploration.mars.rover.sensor.WeatherSensor  - Thread id = 21 finished checking urls, file not found. Done status = true
2018-01-25 20:18:07,777 [remsCalibrationKickOff] INFO space.exploration.mars.rover.sensor.WeatherSensor  - Thread id = 22 finished checking urls, file not found. Done status = true
2018-01-25 20:18:07,777 [remsCalibrationKickOff] INFO space.exploration.mars.rover.sensor.WeatherSensor  - Thread id = 23 finished checking urls, file not found. Done status = true
2018-01-25 20:18:07,778 [remsCalibrationKickOff] INFO space.exploration.mars.rover.sensor.WeatherSensor  - Thread id = 24 finished checking urls, file not found. Done status = true
2018-01-25 20:18:07,778 [remsCalibrationKickOff] INFO space.exploration.mars.rover.sensor.WeatherSensor  - Thread id = 25 finished checking urls, file not found. Done status = true
2018-01-25 20:18:07,778 [remsCalibrationKickOff] INFO space.exploration.mars.rover.sensor.WeatherSensor  - Thread id = 26 finished checking urls, file not found. Done status = true
2018-01-25 20:18:07,778 [remsCalibrationKickOff] INFO space.exploration.mars.rover.sensor.WeatherSensor  - Thread id = 27 finished checking urls, file not found. Done status = true
2018-01-25 20:18:07,778 [remsCalibrationKickOff] INFO space.exploration.mars.rover.sensor.WeatherSensor  - Thread id = 28 finished checking urls, file not found. Done status = true
2018-01-25 20:18:07,778 [remsCalibrationKickOff] INFO space.exploration.mars.rover.sensor.WeatherSensor  - Thread id = 29 finished checking urls, file not found. Done status = true
2018-01-25 20:18:07,778 [remsCalibrationKickOff] INFO space.exploration.mars.rover.sensor.WeatherSensor  - Thread id = 30 finished checking urls, file not found. Done status = true
2018-01-25 20:18:07,778 [remsCalibrationKickOff] INFO space.exploration.mars.rover.sensor.WeatherSensor  - Thread id = 31 finished checking urls, file not found. Done status = true
2018-01-25 20:18:07,778 [remsCalibrationKickOff] INFO space.exploration.mars.rover.sensor.WeatherSensor  - Thread id = 32 finished checking urls, file not found. Done status = true
2018-01-25 20:18:07,778 [remsCalibrationKickOff] INFO space.exploration.mars.rover.sensor.WeatherSensor  - Thread id = 33 finished checking urls, file not found. Done status = true
2018-01-25 20:18:07,778 [remsCalibrationKickOff] INFO space.exploration.mars.rover.sensor.WeatherSensor  - Thread id = 34 finished checking urls, file not found. Done status = true
2018-01-25 20:18:07,778 [remsCalibrationKickOff] INFO space.exploration.mars.rover.sensor.WeatherSensor  - Thread id = 35 finished checking urls, file not found. Done status = true
2018-01-25 20:18:07,778 [remsCalibrationKickOff] INFO space.exploration.mars.rover.sensor.WeatherSensor  - Thread id = 36 finished checking urls, file not found. Done status = true
2018-01-25 20:18:07,778 [remsCalibrationKickOff] INFO space.exploration.mars.rover.sensor.WeatherSensor  - Thread id = 37 finished checking urls, file not found. Done status = true
2018-01-25 20:18:07,778 [remsCalibrationKickOff] INFO space.exploration.mars.rover.sensor.WeatherSensor  - Thread id = 38 finished checking urls, file not found. Done status = true
2018-01-25 20:18:07,778 [remsCalibrationKickOff] INFO space.exploration.mars.rover.sensor.WeatherSensor  - Thread id = 39 finished checking urls, file not found. Done status = true
2018-01-25 20:18:08,889 [remsCalibrationKickOff] INFO space.exploration.mars.rover.sensor.WeatherSensor  - REMS finished calibration. Time taken = 6419.999998986721 seconds. Calibration successful = true
2018-01-25 20:18:23,904 [pacemaker] INFO space.exploration.mars.rover.kernel.PositionSensor  - Houston - this is curiosityActual.ephemerisTime: 5.2769982818239E8
stateCuriosity: -1.1121280521E7
stateCuriosity: -1.35455866386E8
stateCuriosity: -6.5984712025E7
stateCuriosity: 18.442
stateCuriosity: -10.273
stateCuriosity: -4.464
owltMSLEarth: 503.957
stateEarth: 1.1119446312E7
stateEarth: 1.35433559285E8
stateEarth: 6.5973846435E7
stateEarth: -18.438
stateEarth: 10.276
stateEarth: 4.466
owltEarthMSL: 503.874
positionEarthWRTCuriosity: 1.1119446312E7
positionEarthWRTCuriosity: 1.35433559285E8
positionEarthWRTCuriosity: 6.5973846435E7
owltEarthMSL2: 503.874
angSepHGAEarth: 86.465
utcTime: "2016-09-21~03:16:00"
sol: 1467
sclkValue: " 1/01467:05:22:27:17341"

2018-01-25 20:18:23,946 [pacemaker] INFO space.exploration.mars.rover.kernel.PositionSensor  - ephemerisTime: 5.2769982818239E8
stateCuriosity: -1.1121280521E7
stateCuriosity: -1.35455866386E8
stateCuriosity: -6.5984712025E7
stateCuriosity: 18.442
stateCuriosity: -10.273
stateCuriosity: -4.464
owltMSLEarth: 503.957
stateEarth: 1.1119446312E7
stateEarth: 1.35433559285E8
stateEarth: 6.5973846435E7
stateEarth: -18.438
stateEarth: 10.276
stateEarth: 4.466
owltEarthMSL: 503.874
positionEarthWRTCuriosity: 1.1119446312E7
positionEarthWRTCuriosity: 1.35433559285E8
positionEarthWRTCuriosity: 6.5973846435E7
owltEarthMSL2: 503.874
angSepHGAEarth: 86.465
utcTime: "2016-09-21~03:16:00"
sol: 1467
sclkValue: " 1/01467:05:22:27:17341"

2018-01-25 20:18:23,947 [pacemaker] INFO space.exploration.mars.rover.kernel.SpacecraftClock  - Internal time::2016-09-21T03:17:00.000-05:00 sclk of::1/01467:05:23:25:56807
2018-01-25 20:18:30,000 [pacemaker] INFO space.exploration.mars.rover.kernel.PositionSensor  - Houston - this is curiosityActual.ephemerisTime: 5.2770018818239E8
stateCuriosity: -1.1114641969E7
stateCuriosity: -1.35459565373E8
stateCuriosity: -6.5986319096E7
stateCuriosity: 18.439
stateCuriosity: -10.277
stateCuriosity: -4.464
owltMSLEarth: 503.969
stateEarth: 1.1112809031E7
stateEarth: 1.35437259454E8
stateEarth: 6.5975454098E7
stateEarth: -18.435
stateEarth: 10.28
stateEarth: 4.465
owltEarthMSL: 503.886
positionEarthWRTCuriosity: 1.1112809031E7
positionEarthWRTCuriosity: 1.35437259454E8
positionEarthWRTCuriosity: 6.5975454098E7
owltEarthMSL2: 503.886
angSepHGAEarth: 85.357
utcTime: "2016-09-21~03:22:00"
sol: 1467
sclkValue: " 1/01467:05:28:17:54136"

2018-01-25 20:18:30,043 [pacemaker] INFO space.exploration.mars.rover.kernel.PositionSensor  - ephemerisTime: 5.2770018818239E8
stateCuriosity: -1.1114641969E7
stateCuriosity: -1.35459565373E8
stateCuriosity: -6.5986319096E7
stateCuriosity: 18.439
stateCuriosity: -10.277
stateCuriosity: -4.464
owltMSLEarth: 503.969
stateEarth: 1.1112809031E7
stateEarth: 1.35437259454E8
stateEarth: 6.5975454098E7
stateEarth: -18.435
stateEarth: 10.28
stateEarth: 4.465
owltEarthMSL: 503.886
positionEarthWRTCuriosity: 1.1112809031E7
positionEarthWRTCuriosity: 1.35437259454E8
positionEarthWRTCuriosity: 6.5975454098E7
owltEarthMSL2: 503.886
angSepHGAEarth: 85.357
utcTime: "2016-09-21~03:22:00"
sol: 1467
sclkValue: " 1/01467:05:28:17:54136"

2018-01-25 20:18:30,043 [pacemaker] INFO space.exploration.mars.rover.communication.Radio  - One Way Light Time computed by SPICE :: 503.969
2018-01-25 20:18:30,051 [pacemaker] INFO space.exploration.mars.rover.communication.Transmitter  - Sending information packet to curiosity_to_earth_5
2018-01-25 20:18:33,339 [batteryMonitor] INFO space.exploration.mars.rover.power.BatteryMonitor  - BatteryMonitor performing due diligence. SCET = 1516933113339 Rover state = Listening State
2018-01-25 20:18:33,339 [batteryMonitor] INFO space.exploration.mars.rover.power.BatteryMonitor  -  Battery primaryUnits = 1168 auxiliaryPowerUnits = 100
2018-01-25 20:19:03,339 [batteryMonitor] INFO space.exploration.mars.rover.power.BatteryMonitor  - BatteryMonitor performing due diligence. SCET = 1516933143339 Rover state = Listening State
2018-01-25 20:19:03,339 [batteryMonitor] INFO space.exploration.mars.rover.power.BatteryMonitor  -  Battery primaryUnits = 1168 auxiliaryPowerUnits = 100
2018-01-25 20:19:23,910 [pacemaker] INFO space.exploration.mars.rover.kernel.PositionSensor  - Houston - this is curiosityActual.ephemerisTime: 5.2770342818239E8
stateCuriosity: -1.105494121E7
stateCuriosity: -1.35492916675E8
stateCuriosity: -6.600077541E7
stateCuriosity: 18.415
stateCuriosity: -10.312
stateCuriosity: -4.461
owltMSLEarth: 504.075
stateEarth: 1.1053119924E7
stateEarth: 1.35470623639E8
stateEarth: 6.5989916807E7
stateEarth: -18.411
stateEarth: 10.316
stateEarth: 4.463
owltEarthMSL: 503.992
positionEarthWRTCuriosity: 1.1053119924E7
positionEarthWRTCuriosity: 1.35470623639E8
positionEarthWRTCuriosity: 6.5989916807E7
owltEarthMSL2: 503.992
angSepHGAEarth: 75.504
utcTime: "2016-09-21~04:16:00"
sol: 1467
sclkValue: " 1/01467:06:20:50:85288"

2018-01-25 20:19:23,953 [pacemaker] INFO space.exploration.mars.rover.kernel.PositionSensor  - ephemerisTime: 5.2770342818239E8
stateCuriosity: -1.105494121E7
stateCuriosity: -1.35492916675E8
stateCuriosity: -6.600077541E7
stateCuriosity: 18.415
stateCuriosity: -10.312
stateCuriosity: -4.461
owltMSLEarth: 504.075
stateEarth: 1.1053119924E7
stateEarth: 1.35470623639E8
stateEarth: 6.5989916807E7
stateEarth: -18.411
stateEarth: 10.316
stateEarth: 4.463
owltEarthMSL: 503.992
positionEarthWRTCuriosity: 1.1053119924E7
positionEarthWRTCuriosity: 1.35470623639E8
positionEarthWRTCuriosity: 6.5989916807E7
owltEarthMSL2: 503.992
angSepHGAEarth: 75.504
utcTime: "2016-09-21~04:16:00"
sol: 1467
sclkValue: " 1/01467:06:20:50:85288"

2018-01-25 20:19:23,953 [pacemaker] INFO space.exploration.mars.rover.kernel.SpacecraftClock  - Internal time::2016-09-21T04:17:00.000-05:00 sclk of::1/01467:06:21:49:24754
2018-01-25 20:19:30,042 [pacemaker] INFO space.exploration.mars.rover.kernel.PositionSensor  - Houston - this is curiosityActual.ephemerisTime: 5.2770378818239E8
stateCuriosity: -1.1048312311E7
stateCuriosity: -1.35496629629E8
stateCuriosity: -6.6002381474E7
stateCuriosity: 18.413
stateCuriosity: -10.316
stateCuriosity: -4.461
owltMSLEarth: 504.087
stateEarth: 1.1046492341E7
stateEarth: 1.3547433825E8
stateEarth: 6.5991523689E7
stateEarth: -18.409
stateEarth: 10.321
stateEarth: 4.464
owltEarthMSL: 504.004
positionEarthWRTCuriosity: 1.1046492341E7
positionEarthWRTCuriosity: 1.3547433825E8
positionEarthWRTCuriosity: 6.5991523689E7
owltEarthMSL2: 504.004
angSepHGAEarth: 74.428
utcTime: "2016-09-21~04:22:00"
sol: 1467
sclkValue: " 1/01467:06:26:41:22083"

2018-01-25 20:19:30,082 [pacemaker] INFO space.exploration.mars.rover.kernel.PositionSensor  - ephemerisTime: 5.2770378818239E8
stateCuriosity: -1.1048312311E7
stateCuriosity: -1.35496629629E8
stateCuriosity: -6.6002381474E7
stateCuriosity: 18.413
stateCuriosity: -10.316
stateCuriosity: -4.461
owltMSLEarth: 504.087
stateEarth: 1.1046492341E7
stateEarth: 1.3547433825E8
stateEarth: 6.5991523689E7
stateEarth: -18.409
stateEarth: 10.321
stateEarth: 4.464
owltEarthMSL: 504.004
positionEarthWRTCuriosity: 1.1046492341E7
positionEarthWRTCuriosity: 1.3547433825E8
positionEarthWRTCuriosity: 6.5991523689E7
owltEarthMSL2: 504.004
angSepHGAEarth: 74.428
utcTime: "2016-09-21~04:22:00"
sol: 1467
sclkValue: " 1/01467:06:26:41:22083"

2018-01-25 20:19:30,082 [pacemaker] INFO space.exploration.mars.rover.communication.Radio  - One Way Light Time computed by SPICE :: 504.087
2018-01-25 20:19:30,090 [pacemaker] INFO space.exploration.mars.rover.communication.Transmitter  - Sending information packet to curiosity_to_earth_5
2018-01-25 20:19:33,091 [sleepMonitor] INFO space.exploration.mars.rover.animation.SleepingAnimationEngine  - Rover is sleeping now
2018-01-25 20:19:33,339 [batteryMonitor] INFO space.exploration.mars.rover.power.BatteryMonitor  - BatteryMonitor performing due diligence. SCET = 1516933173339 Rover state = Sleeping State
2018-01-25 20:19:33,339 [batteryMonitor] INFO space.exploration.mars.rover.power.BatteryMonitor  -  Battery primaryUnits = 1167 auxiliaryPowerUnits = 100
2018-01-25 20:20:03,339 [batteryMonitor] INFO space.exploration.mars.rover.power.BatteryMonitor  - BatteryMonitor performing due diligence. SCET = 1516933203339 Rover state = Sleeping State
2018-01-25 20:20:03,339 [batteryMonitor] INFO space.exploration.mars.rover.power.BatteryMonitor  -  Battery primaryUnits = 1167 auxiliaryPowerUnits = 100
2018-01-25 20:20:04,780 [radio] INFO space.exploration.mars.rover.communication.Receiver  - Time Elapsed since last message = 178303
2018-01-25 20:20:04,844 [radio] INFO space.exploration.mars.rover.kernel.PositionSensor  - Houston - this is curiosityActual.ephemerisTime: 5.2770588818239E8
stateCuriosity: -1.1009657826E7
stateCuriosity: -1.35518320055E8
stateCuriosity: -6.6011752932E7
stateCuriosity: 18.402
stateCuriosity: -10.342
stateCuriosity: -4.464
owltMSLEarth: 504.156
stateEarth: 1.1007845595E7
stateEarth: 1.35496039092E8
stateEarth: 6.6000900282E7
stateEarth: -18.398
stateEarth: 10.347
stateEarth: 4.467
owltEarthMSL: 504.073
positionEarthWRTCuriosity: 1.1007845595E7
positionEarthWRTCuriosity: 1.35496039092E8
positionEarthWRTCuriosity: 6.6000900282E7
owltEarthMSL2: 504.073
angSepHGAEarth: 68.27
utcTime: "2016-09-21~04:57:00"
sol: 1467
sclkValue: " 1/01467:07:00:45:03385"

2018-01-25 20:20:04,909 [radio] INFO space.exploration.mars.rover.kernel.PositionSensor  - ephemerisTime: 5.2770588818239E8
stateCuriosity: -1.1009657826E7
stateCuriosity: -1.35518320055E8
stateCuriosity: -6.6011752932E7
stateCuriosity: 18.402
stateCuriosity: -10.342
stateCuriosity: -4.464
owltMSLEarth: 504.156
stateEarth: 1.1007845595E7
stateEarth: 1.35496039092E8
stateEarth: 6.6000900282E7
stateEarth: -18.398
stateEarth: 10.347
stateEarth: 4.467
owltEarthMSL: 504.073
positionEarthWRTCuriosity: 1.1007845595E7
positionEarthWRTCuriosity: 1.35496039092E8
positionEarthWRTCuriosity: 6.6000900282E7
owltEarthMSL2: 504.073
angSepHGAEarth: 68.27
utcTime: "2016-09-21~04:57:00"
sol: 1467
sclkValue: " 1/01467:07:00:45:03385"

2018-01-25 20:20:04,909 [radio] INFO space.exploration.mars.rover.communication.Radio  - One Way Light Time computed by SPICE :: 504.156
2018-01-25 20:20:04,917 [radio] INFO space.exploration.mars.rover.kernel.SleepingState  - Awaking from sleeping state
2018-01-25 20:20:04,917 [radio] INFO space.exploration.mars.rover.animation.SleepingAnimationEngine  - Waking up rover
2018-01-25 20:20:04,918 [sleepBreather] INFO space.exploration.mars.rover.animation.SleepBreather  - Sleep animation interrupted.
2018-01-25 20:20:07,920 [radio] INFO space.exploration.mars.rover.kernel.ListeningState  - timeStamp: 1516933204776
targets {
  roverModule: 5
  estimatedPowerUsage: 30
  action: "Explore"
}

2018-01-25 20:20:13,938 [radio] INFO space.exploration.mars.rover.kernel.ListeningState  - 1516933213938,5,Explore Current instructionQueue length = 0
2018-01-25 20:20:13,938 [radio] INFO space.exploration.mars.rover.kernel.ListeningState  - Rover Curiosity is on a scientific mission!
2018-01-25 20:20:35,014 [radio] INFO space.exploration.mars.rover.kernel.PositionSensor  - Houston - this is curiosityActual.ephemerisTime: 5.2770768818239E8
stateCuriosity: -1.0976540121E7
stateCuriosity: -1.35536956687E8
stateCuriosity: -6.6019792854E7
stateCuriosity: 18.396
stateCuriosity: -10.366
stateCuriosity: -4.469
owltMSLEarth: 504.216
stateEarth: 1.0974734599E7
stateEarth: 1.355146855E8
stateEarth: 6.6008945012E7
stateEarth: -18.392
stateEarth: 10.371
stateEarth: 4.472
owltEarthMSL: 504.133
positionEarthWRTCuriosity: 1.0974734599E7
positionEarthWRTCuriosity: 1.355146855E8
positionEarthWRTCuriosity: 6.6008945012E7
owltEarthMSL2: 504.133
angSepHGAEarth: 63.2
utcTime: "2016-09-21~05:27:00"
sol: 1467
sclkValue: " 1/01467:07:29:56:87359"

2018-01-25 20:20:35,060 [radio] INFO space.exploration.mars.rover.kernel.PositionSensor  - ephemerisTime: 5.2770768818239E8
stateCuriosity: -1.0976540121E7
stateCuriosity: -1.35536956687E8
stateCuriosity: -6.6019792854E7
stateCuriosity: 18.396
stateCuriosity: -10.366
stateCuriosity: -4.469
owltMSLEarth: 504.216
stateEarth: 1.0974734599E7
stateEarth: 1.355146855E8
stateEarth: 6.6008945012E7
stateEarth: -18.392
stateEarth: 10.371
stateEarth: 4.472
owltEarthMSL: 504.133
positionEarthWRTCuriosity: 1.0974734599E7
positionEarthWRTCuriosity: 1.355146855E8
positionEarthWRTCuriosity: 6.6008945012E7
owltEarthMSL2: 504.133
angSepHGAEarth: 63.2
utcTime: "2016-09-21~05:27:00"
sol: 1467
sclkValue: " 1/01467:07:29:56:87359"

2018-01-25 20:20:35,060 [radio] INFO space.exploration.mars.rover.communication.Radio  - One Way Light Time computed by SPICE :: 504.216
2018-01-25 20:20:35,068 [radio] INFO space.exploration.mars.rover.communication.Transmitter  - Sending information packet to curiosity_to_earth_5
2018-01-25 20:20:38,069 [batteryMonitor] INFO space.exploration.mars.rover.power.BatteryMonitor  - BatteryMonitor performing due diligence. SCET = 1516933233339 Rover state = Listening State
2018-01-25 20:20:38,070 [batteryMonitor] INFO space.exploration.mars.rover.power.BatteryMonitor  -  Battery primaryUnits = 1136 auxiliaryPowerUnits = 100
2018-01-25 20:20:38,120 [pacemaker] INFO space.exploration.mars.rover.kernel.PositionSensor  - Houston - this is curiosityActual.ephemerisTime: 5.2770786818239E8
stateCuriosity: -1.0973228871E7
stateCuriosity: -1.35538822704E8
stateCuriosity: -6.602059738E7
stateCuriosity: 18.396
stateCuriosity: -10.368
stateCuriosity: -4.47
owltMSLEarth: 504.222
stateEarth: 1.0971424023E7
stateEarth: 1.3551655253E8
stateEarth: 6.6009750036E7
stateEarth: -18.392
stateEarth: 10.374
stateEarth: 4.473
owltEarthMSL: 504.139
positionEarthWRTCuriosity: 1.0971424023E7
positionEarthWRTCuriosity: 1.3551655253E8
positionEarthWRTCuriosity: 6.6009750036E7
owltEarthMSL2: 504.139
angSepHGAEarth: 62.706
utcTime: "2016-09-21~05:30:00"
sol: 1467
sclkValue: " 1/01467:07:32:52:05756"

2018-01-25 20:20:38,166 [pacemaker] INFO space.exploration.mars.rover.kernel.PositionSensor  - ephemerisTime: 5.2770786818239E8
stateCuriosity: -1.0973228871E7
stateCuriosity: -1.35538822704E8
stateCuriosity: -6.602059738E7
stateCuriosity: 18.396
stateCuriosity: -10.368
stateCuriosity: -4.47
owltMSLEarth: 504.222
stateEarth: 1.0971424023E7
stateEarth: 1.3551655253E8
stateEarth: 6.6009750036E7
stateEarth: -18.392
stateEarth: 10.374
stateEarth: 4.473
owltEarthMSL: 504.139
positionEarthWRTCuriosity: 1.0971424023E7
positionEarthWRTCuriosity: 1.3551655253E8
positionEarthWRTCuriosity: 6.6009750036E7
owltEarthMSL2: 504.139
angSepHGAEarth: 62.706
utcTime: "2016-09-21~05:30:00"
sol: 1467
sclkValue: " 1/01467:07:32:52:05756"

2018-01-25 20:20:38,166 [pacemaker] INFO space.exploration.mars.rover.kernel.SpacecraftClock  - Internal time::2016-09-21T05:31:00.000-05:00 sclk of::1/01467:07:33:50:45222
2018-01-25 20:20:44,227 [pacemaker] INFO space.exploration.mars.rover.kernel.PositionSensor  - Houston - this is curiosityActual.ephemerisTime: 5.2770822818239E8
stateCuriosity: -1.0966606581E7
stateCuriosity: -1.35542556039E8
stateCuriosity: -6.6022206773E7
stateCuriosity: 18.395
stateCuriosity: -10.373
stateCuriosity: -4.471
owltMSLEarth: 504.234
stateEarth: 1.0964803082E7
stateEarth: 1.35520287906E8
stateEarth: 6.6011360432E7
stateEarth: -18.391
stateEarth: 10.378
stateEarth: 4.474
owltEarthMSL: 504.151
positionEarthWRTCuriosity: 1.0964803082E7
positionEarthWRTCuriosity: 1.35520287906E8
positionEarthWRTCuriosity: 6.6011360432E7
owltEarthMSL2: 504.151
angSepHGAEarth: 61.727
utcTime: "2016-09-21~05:36:00"
sol: 1467
sclkValue: " 1/01467:07:38:42:42551"

2018-01-25 20:20:44,269 [pacemaker] INFO space.exploration.mars.rover.kernel.PositionSensor  - ephemerisTime: 5.2770822818239E8
stateCuriosity: -1.0966606581E7
stateCuriosity: -1.35542556039E8
stateCuriosity: -6.6022206773E7
stateCuriosity: 18.395
stateCuriosity: -10.373
stateCuriosity: -4.471
owltMSLEarth: 504.234
stateEarth: 1.0964803082E7
stateEarth: 1.35520287906E8
stateEarth: 6.6011360432E7
stateEarth: -18.391
stateEarth: 10.378
stateEarth: 4.474
owltEarthMSL: 504.151
positionEarthWRTCuriosity: 1.0964803082E7
positionEarthWRTCuriosity: 1.35520287906E8
positionEarthWRTCuriosity: 6.6011360432E7
owltEarthMSL2: 504.151
angSepHGAEarth: 61.727
utcTime: "2016-09-21~05:36:00"
sol: 1467
sclkValue: " 1/01467:07:38:42:42551"

2018-01-25 20:20:44,269 [pacemaker] INFO space.exploration.mars.rover.communication.Radio  - One Way Light Time computed by SPICE :: 504.234
2018-01-25 20:20:44,277 [pacemaker] INFO space.exploration.mars.rover.communication.Transmitter  - Sending information packet to curiosity_to_earth_5
2018-01-25 20:21:03,339 [batteryMonitor] INFO space.exploration.mars.rover.power.BatteryMonitor  - BatteryMonitor performing due diligence. SCET = 1516933263339 Rover state = Listening State
2018-01-25 20:21:03,339 [batteryMonitor] INFO space.exploration.mars.rover.power.BatteryMonitor  -  Battery primaryUnits = 1136 auxiliaryPowerUnits = 100
2018-01-25 20:21:23,908 [pacemaker] INFO space.exploration.mars.rover.kernel.PositionSensor  - Houston - this is curiosityActual.ephemerisTime: 5.27710628182389E8
stateCuriosity: -1.0922461869E7
stateCuriosity: -1.35567489765E8
stateCuriosity: -6.6032949776E7
stateCuriosity: 18.393
stateCuriosity: -10.405
stateCuriosity: -4.482
owltMSLEarth: 504.313
stateEarth: 1.0920667398E7
stateEarth: 1.35545235669E8
stateEarth: 6.6022110325E7
stateEarth: -18.39
stateEarth: 10.411
stateEarth: 4.485
owltEarthMSL: 504.23
positionEarthWRTCuriosity: 1.0920667398E7
positionEarthWRTCuriosity: 1.35545235669E8
positionEarthWRTCuriosity: 6.6022110325E7
owltEarthMSL2: 504.23
angSepHGAEarth: 55.53
utcTime: "2016-09-21~06:16:00"
sol: 1467
sclkValue: " 1/01467:08:17:38:21182"

2018-01-25 20:21:23,951 [pacemaker] INFO space.exploration.mars.rover.kernel.PositionSensor  - ephemerisTime: 5.27710628182389E8
stateCuriosity: -1.0922461869E7
stateCuriosity: -1.35567489765E8
stateCuriosity: -6.6032949776E7
stateCuriosity: 18.393
stateCuriosity: -10.405
stateCuriosity: -4.482
owltMSLEarth: 504.313
stateEarth: 1.0920667398E7
stateEarth: 1.35545235669E8
stateEarth: 6.6022110325E7
stateEarth: -18.39
stateEarth: 10.411
stateEarth: 4.485
owltEarthMSL: 504.23
positionEarthWRTCuriosity: 1.0920667398E7
positionEarthWRTCuriosity: 1.35545235669E8
positionEarthWRTCuriosity: 6.6022110325E7
owltEarthMSL2: 504.23
angSepHGAEarth: 55.53
utcTime: "2016-09-21~06:16:00"
sol: 1467
sclkValue: " 1/01467:08:17:38:21182"

2018-01-25 20:21:23,952 [pacemaker] INFO space.exploration.mars.rover.kernel.SpacecraftClock  - Internal time::2016-09-21T06:17:00.000-05:00 sclk of::1/01467:08:18:36:60648
2018-01-25 20:21:30,006 [pacemaker] INFO space.exploration.mars.rover.kernel.PositionSensor  - Houston - this is curiosityActual.ephemerisTime: 5.27710988182389E8
stateCuriosity: -1.0915840213E7
stateCuriosity: -1.35571236589E8
stateCuriosity: -6.6034563602E7
stateCuriosity: 18.394
stateCuriosity: -10.41
stateCuriosity: -4.484
owltMSLEarth: 504.325
stateEarth: 1.09140471E7
stateEarth: 1.35548984644E8
stateEarth: 6.6023725207E7
stateEarth: -18.39
stateEarth: 10.416
stateEarth: 4.487
owltEarthMSL: 504.242
positionEarthWRTCuriosity: 1.09140471E7
positionEarthWRTCuriosity: 1.35548984644E8
positionEarthWRTCuriosity: 6.6023725207E7
owltEarthMSL2: 504.242
angSepHGAEarth: 54.658
utcTime: "2016-09-21~06:22:00"
sol: 1467
sclkValue: " 1/01467:08:23:28:57977"

2018-01-25 20:21:30,048 [pacemaker] INFO space.exploration.mars.rover.kernel.PositionSensor  - ephemerisTime: 5.27710988182389E8
stateCuriosity: -1.0915840213E7
stateCuriosity: -1.35571236589E8
stateCuriosity: -6.6034563602E7
stateCuriosity: 18.394
stateCuriosity: -10.41
stateCuriosity: -4.484
owltMSLEarth: 504.325
stateEarth: 1.09140471E7
stateEarth: 1.35548984644E8
stateEarth: 6.6023725207E7
stateEarth: -18.39
stateEarth: 10.416
stateEarth: 4.487
owltEarthMSL: 504.242
positionEarthWRTCuriosity: 1.09140471E7
positionEarthWRTCuriosity: 1.35548984644E8
positionEarthWRTCuriosity: 6.6023725207E7
owltEarthMSL2: 504.242
angSepHGAEarth: 54.658
utcTime: "2016-09-21~06:22:00"
sol: 1467
sclkValue: " 1/01467:08:23:28:57977"

2018-01-25 20:21:30,049 [pacemaker] INFO space.exploration.mars.rover.communication.Radio  - One Way Light Time computed by SPICE :: 504.325
2018-01-25 20:21:30,057 [pacemaker] INFO space.exploration.mars.rover.communication.Transmitter  - Sending information packet to curiosity_to_earth_5
2018-01-25 20:21:33,339 [batteryMonitor] INFO space.exploration.mars.rover.power.BatteryMonitor  - BatteryMonitor performing due diligence. SCET = 1516933293339 Rover state = Listening State
2018-01-25 20:21:33,340 [batteryMonitor] INFO space.exploration.mars.rover.power.BatteryMonitor  -  Battery primaryUnits = 1135 auxiliaryPowerUnits = 100
2018-01-25 20:22:03,339 [batteryMonitor] INFO space.exploration.mars.rover.power.BatteryMonitor  - BatteryMonitor performing due diligence. SCET = 1516933323339 Rover state = Listening State
2018-01-25 20:22:03,339 [batteryMonitor] INFO space.exploration.mars.rover.power.BatteryMonitor  -  Battery primaryUnits = 1135 auxiliaryPowerUnits = 100
