16170 [main] INFO org.apache.kafka.clients.producer.ProducerConfig  - ProducerConfig values: 
	metric.reporters = []
	metadata.max.age.ms = 300000
	reconnect.backoff.ms = 50
	sasl.kerberos.ticket.renew.window.factor = 0.8
	bootstrap.servers = [localhost:9092]
	ssl.keystore.type = JKS
	sasl.mechanism = GSSAPI
	max.block.ms = 60000
	interceptor.classes = null
	ssl.truststore.password = null
	client.id = 
	ssl.endpoint.identification.algorithm = null
	request.timeout.ms = 30000
	acks = 1
	receive.buffer.bytes = 32768
	ssl.truststore.type = JKS
	retries = 0
	ssl.truststore.location = null
	ssl.keystore.password = null
	send.buffer.bytes = 131072
	compression.type = none
	metadata.fetch.timeout.ms = 60000
	retry.backoff.ms = 100
	sasl.kerberos.kinit.cmd = /usr/bin/kinit
	buffer.memory = 33554432
	timeout.ms = 30000
	key.serializer = class org.apache.kafka.common.serialization.StringSerializer
	sasl.kerberos.service.name = null
	sasl.kerberos.ticket.renew.jitter = 0.05
	ssl.trustmanager.algorithm = PKIX
	block.on.buffer.full = false
	ssl.key.password = null
	sasl.kerberos.min.time.before.relogin = 60000
	connections.max.idle.ms = 540000
	max.in.flight.requests.per.connection = 5
	metrics.num.samples = 2
	ssl.protocol = TLS
	ssl.provider = null
	ssl.enabled.protocols = [TLSv1.2, TLSv1.1, TLSv1]
	batch.size = 16384
	ssl.keystore.location = null
	ssl.cipher.suites = null
	security.protocol = PLAINTEXT
	max.request.size = 1048576
	value.serializer = class org.apache.kafka.common.serialization.ByteArraySerializer
	ssl.keymanager.algorithm = SunX509
	metrics.sample.window.ms = 30000
	partitioner.class = class org.apache.kafka.clients.producer.internals.DefaultPartitioner
	linger.ms = 0

16249 [main] INFO org.apache.kafka.clients.producer.ProducerConfig  - ProducerConfig values: 
	metric.reporters = []
	metadata.max.age.ms = 300000
	reconnect.backoff.ms = 50
	sasl.kerberos.ticket.renew.window.factor = 0.8
	bootstrap.servers = [localhost:9092]
	ssl.keystore.type = JKS
	sasl.mechanism = GSSAPI
	max.block.ms = 60000
	interceptor.classes = null
	ssl.truststore.password = null
	client.id = producer-1
	ssl.endpoint.identification.algorithm = null
	request.timeout.ms = 30000
	acks = 1
	receive.buffer.bytes = 32768
	ssl.truststore.type = JKS
	retries = 0
	ssl.truststore.location = null
	ssl.keystore.password = null
	send.buffer.bytes = 131072
	compression.type = none
	metadata.fetch.timeout.ms = 60000
	retry.backoff.ms = 100
	sasl.kerberos.kinit.cmd = /usr/bin/kinit
	buffer.memory = 33554432
	timeout.ms = 30000
	key.serializer = class org.apache.kafka.common.serialization.StringSerializer
	sasl.kerberos.service.name = null
	sasl.kerberos.ticket.renew.jitter = 0.05
	ssl.trustmanager.algorithm = PKIX
	block.on.buffer.full = false
	ssl.key.password = null
	sasl.kerberos.min.time.before.relogin = 60000
	connections.max.idle.ms = 540000
	max.in.flight.requests.per.connection = 5
	metrics.num.samples = 2
	ssl.protocol = TLS
	ssl.provider = null
	ssl.enabled.protocols = [TLSv1.2, TLSv1.1, TLSv1]
	batch.size = 16384
	ssl.keystore.location = null
	ssl.cipher.suites = null
	security.protocol = PLAINTEXT
	max.request.size = 1048576
	value.serializer = class org.apache.kafka.common.serialization.ByteArraySerializer
	ssl.keymanager.algorithm = SunX509
	metrics.sample.window.ms = 30000
	partitioner.class = class org.apache.kafka.clients.producer.internals.DefaultPartitioner
	linger.ms = 0

16250 [main] WARN org.apache.kafka.clients.producer.ProducerConfig  - The configuration zookeeper.connect = localhost:2181 was supplied but isn't a known config.
16250 [main] WARN org.apache.kafka.clients.producer.ProducerConfig  - The configuration group.id = space.exploration.mars.newRover was supplied but isn't a known config.
16250 [main] WARN org.apache.kafka.clients.producer.ProducerConfig  - The configuration source.topic = earth_to_curiosity_3 was supplied but isn't a known config.
16250 [main] WARN org.apache.kafka.clients.producer.ProducerConfig  - The configuration auto.offset.reset = largest was supplied but isn't a known config.
16250 [main] WARN org.apache.kafka.clients.producer.ProducerConfig  - The configuration metadata.broker.list = localhost:9092 was supplied but isn't a known config.
16250 [main] WARN org.apache.kafka.clients.producer.ProducerConfig  - The configuration destination.topic = curiosity_to_earth_3 was supplied but isn't a known config.
16250 [main] INFO org.apache.kafka.common.utils.AppInfoParser  - Kafka version : 0.10.0.1
16250 [main] INFO org.apache.kafka.common.utils.AppInfoParser  - Kafka commitId : a7a17cdec9eaa6c5
16346 [main] INFO kafka.utils.VerifiableProperties  - Verifying properties
16366 [main] INFO kafka.utils.VerifiableProperties  - Property auto.offset.reset is overridden to largest
16366 [main] WARN kafka.utils.VerifiableProperties  - Property bootstrap.servers is not valid
16366 [main] WARN kafka.utils.VerifiableProperties  - Property destination.topic is not valid
16366 [main] INFO kafka.utils.VerifiableProperties  - Property group.id is overridden to space.exploration.mars.newRover
16366 [main] WARN kafka.utils.VerifiableProperties  - Property key.serializer is not valid
16366 [main] WARN kafka.utils.VerifiableProperties  - Property metadata.broker.list is not valid
16366 [main] WARN kafka.utils.VerifiableProperties  - Property source.topic is not valid
16366 [main] WARN kafka.utils.VerifiableProperties  - Property value.serializer is not valid
16367 [main] INFO kafka.utils.VerifiableProperties  - Property zookeeper.connect is overridden to localhost:2181
16392 [main] INFO kafka.consumer.ZookeeperConsumerConnector  - [space.exploration.mars.newRover_zion-portable-1510088732280-ec35ab77], Connecting to zookeeper instance at localhost:2181
16398 [ZkClient-EventThread-26-localhost:2181] INFO org.I0Itec.zkclient.ZkEventThread  - Starting ZkClient event thread.
16401 [main] INFO org.apache.zookeeper.ZooKeeper  - Client environment:zookeeper.version=3.4.6-1569965, built on 02/20/2014 09:09 GMT
16401 [main] INFO org.apache.zookeeper.ZooKeeper  - Client environment:host.name=zion-portable
16401 [main] INFO org.apache.zookeeper.ZooKeeper  - Client environment:java.version=1.8.0_131
16401 [main] INFO org.apache.zookeeper.ZooKeeper  - Client environment:java.vendor=Oracle Corporation
16401 [main] INFO org.apache.zookeeper.ZooKeeper  - Client environment:java.home=/usr/lib/jvm/java-8-openjdk-amd64/jre
16401 [main] INFO org.apache.zookeeper.ZooKeeper  - Client environment:java.class.path=target/mars.rover-0.0.1-SOLSHOT-shaded.jar
16401 [main] INFO org.apache.zookeeper.ZooKeeper  - Client environment:java.library.path=/usr/java/packages/lib/amd64:/usr/lib/x86_64-linux-gnu/jni:/lib/x86_64-linux-gnu:/usr/lib/x86_64-linux-gnu:/usr/lib/jni:/lib:/usr/lib
16401 [main] INFO org.apache.zookeeper.ZooKeeper  - Client environment:java.io.tmpdir=/tmp
16401 [main] INFO org.apache.zookeeper.ZooKeeper  - Client environment:java.compiler=<NA>
16401 [main] INFO org.apache.zookeeper.ZooKeeper  - Client environment:os.name=Linux
16401 [main] INFO org.apache.zookeeper.ZooKeeper  - Client environment:os.arch=amd64
16401 [main] INFO org.apache.zookeeper.ZooKeeper  - Client environment:os.version=4.10.0-37-generic
16401 [main] INFO org.apache.zookeeper.ZooKeeper  - Client environment:user.name=sanket
16401 [main] INFO org.apache.zookeeper.ZooKeeper  - Client environment:user.home=/home/sanket
16401 [main] INFO org.apache.zookeeper.ZooKeeper  - Client environment:user.dir=/home/sanket/Documents/workspace/MarsRover/mars.rover
16402 [main] INFO org.apache.zookeeper.ZooKeeper  - Initiating client connection, connectString=localhost:2181 sessionTimeout=6000 watcher=org.I0Itec.zkclient.ZkClient@639c2c1d
16408 [main] INFO org.I0Itec.zkclient.ZkClient  - Waiting for keeper state SyncConnected
16410 [main-SendThread(localhost:2181)] INFO org.apache.zookeeper.ClientCnxn  - Opening socket connection to server localhost/127.0.0.1:2181. Will not attempt to authenticate using SASL (unknown error)
16413 [main-SendThread(localhost:2181)] INFO org.apache.zookeeper.ClientCnxn  - Socket connection established to localhost/127.0.0.1:2181, initiating session
16420 [main-SendThread(localhost:2181)] INFO org.apache.zookeeper.ClientCnxn  - Session establishment complete on server localhost/127.0.0.1:2181, sessionid = 0x15f8d190961001b, negotiated timeout = 6000
16421 [main-EventThread] INFO org.I0Itec.zkclient.ZkClient  - zookeeper state changed (SyncConnected)
16428 [main] INFO kafka.consumer.ZookeeperConsumerConnector  - [space.exploration.mars.newRover_zion-portable-1510088732280-ec35ab77], starting auto committer every 60000 ms
16472 [Thread-2] INFO kafka.consumer.ZookeeperConsumerConnector  - [space.exploration.mars.newRover_zion-portable-1510088732280-ec35ab77], begin registering consumer space.exploration.mars.newRover_zion-portable-1510088732280-ec35ab77 in ZK
16492 [Thread-2] INFO kafka.utils.ZKCheckedEphemeral  - Creating /consumers/space.exploration.mars.newRover/ids/space.exploration.mars.newRover_zion-portable-1510088732280-ec35ab77 (is it secure? false)
16500 [Thread-2] INFO kafka.utils.ZKCheckedEphemeral  - Result of znode creation is: OK
16500 [Thread-2] INFO kafka.consumer.ZookeeperConsumerConnector  - [space.exploration.mars.newRover_zion-portable-1510088732280-ec35ab77], end registering consumer space.exploration.mars.newRover_zion-portable-1510088732280-ec35ab77 in ZK
16503 [space.exploration.mars.newRover_zion-portable-1510088732280-ec35ab77_watcher_executor] INFO kafka.consumer.ZookeeperConsumerConnector  - [space.exploration.mars.newRover_zion-portable-1510088732280-ec35ab77], starting watcher executor thread for consumer space.exploration.mars.newRover_zion-portable-1510088732280-ec35ab77
16516 [Thread-2] INFO kafka.consumer.ZookeeperConsumerConnector  - [space.exploration.mars.newRover_zion-portable-1510088732280-ec35ab77], begin rebalancing consumer space.exploration.mars.newRover_zion-portable-1510088732280-ec35ab77 try #0
16589 [Thread-2] INFO kafka.consumer.ConsumerFetcherManager  - [ConsumerFetcherManager-1510088732314] Stopping leader finder thread
16590 [Thread-2] INFO kafka.consumer.ConsumerFetcherManager  - [ConsumerFetcherManager-1510088732314] Stopping all fetchers
16590 [Thread-2] INFO kafka.consumer.ConsumerFetcherManager  - [ConsumerFetcherManager-1510088732314] All connections stopped
16590 [Thread-2] INFO kafka.consumer.ZookeeperConsumerConnector  - [space.exploration.mars.newRover_zion-portable-1510088732280-ec35ab77], Cleared all relevant queues for this fetcher
16591 [Thread-2] INFO kafka.consumer.ZookeeperConsumerConnector  - [space.exploration.mars.newRover_zion-portable-1510088732280-ec35ab77], Cleared the data chunks in all the consumer message iterators
16591 [Thread-2] INFO kafka.consumer.ZookeeperConsumerConnector  - [space.exploration.mars.newRover_zion-portable-1510088732280-ec35ab77], Committing all offsets after clearing the fetcher queues
16592 [Thread-2] INFO kafka.consumer.ZookeeperConsumerConnector  - [space.exploration.mars.newRover_zion-portable-1510088732280-ec35ab77], Releasing partition ownership
16608 [Thread-2] INFO kafka.consumer.RangeAssignor  - Consumer space.exploration.mars.newRover_zion-portable-1510088732280-ec35ab77 rebalancing the following partitions: ArrayBuffer(0) for topic earth_to_curiosity_3 with consumers: List(space.exploration.mars.newRover_zion-portable-1510088732280-ec35ab77-0)
16609 [Thread-2] INFO kafka.consumer.RangeAssignor  - space.exploration.mars.newRover_zion-portable-1510088732280-ec35ab77-0 attempting to claim partition 0
16624 [Thread-2] INFO kafka.consumer.ZookeeperConsumerConnector  - [space.exploration.mars.newRover_zion-portable-1510088732280-ec35ab77], space.exploration.mars.newRover_zion-portable-1510088732280-ec35ab77-0 successfully owned partition 0 for topic earth_to_curiosity_3
16633 [Thread-2] INFO kafka.consumer.ZookeeperConsumerConnector  - [space.exploration.mars.newRover_zion-portable-1510088732280-ec35ab77], Consumer space.exploration.mars.newRover_zion-portable-1510088732280-ec35ab77 selected partitions : earth_to_curiosity_3:0: fetched offset = 103: consumed offset = 103
16635 [space.exploration.mars.newRover_zion-portable-1510088732280-ec35ab77-leader-finder-thread] INFO kafka.consumer.ConsumerFetcherManager$LeaderFinderThread  - [space.exploration.mars.newRover_zion-portable-1510088732280-ec35ab77-leader-finder-thread], Starting 
16635 [Thread-2] INFO kafka.consumer.ZookeeperConsumerConnector  - [space.exploration.mars.newRover_zion-portable-1510088732280-ec35ab77], end rebalancing consumer space.exploration.mars.newRover_zion-portable-1510088732280-ec35ab77 try #0
16649 [space.exploration.mars.newRover_zion-portable-1510088732280-ec35ab77-leader-finder-thread] INFO kafka.utils.VerifiableProperties  - Verifying properties
16649 [space.exploration.mars.newRover_zion-portable-1510088732280-ec35ab77-leader-finder-thread] INFO kafka.utils.VerifiableProperties  - Property client.id is overridden to space.exploration.mars.newRover
16649 [space.exploration.mars.newRover_zion-portable-1510088732280-ec35ab77-leader-finder-thread] INFO kafka.utils.VerifiableProperties  - Property metadata.broker.list is overridden to zion-portable:9092
16649 [space.exploration.mars.newRover_zion-portable-1510088732280-ec35ab77-leader-finder-thread] INFO kafka.utils.VerifiableProperties  - Property request.timeout.ms is overridden to 30000
16661 [space.exploration.mars.newRover_zion-portable-1510088732280-ec35ab77-leader-finder-thread] INFO kafka.client.ClientUtils$  - Fetching metadata from broker BrokerEndPoint(0,zion-portable,9092) with correlation id 0 for 1 topic(s) Set(earth_to_curiosity_3)
16665 [space.exploration.mars.newRover_zion-portable-1510088732280-ec35ab77-leader-finder-thread] INFO kafka.producer.SyncProducer  - Connected to zion-portable:9092 for producing
16674 [space.exploration.mars.newRover_zion-portable-1510088732280-ec35ab77-leader-finder-thread] INFO kafka.producer.SyncProducer  - Disconnecting from zion-portable:9092
16685 [ConsumerFetcherThread-space.exploration.mars.newRover_zion-portable-1510088732280-ec35ab77-0-0] INFO kafka.consumer.ConsumerFetcherThread  - [ConsumerFetcherThread-space.exploration.mars.newRover_zion-portable-1510088732280-ec35ab77-0-0], Starting 
16687 [space.exploration.mars.newRover_zion-portable-1510088732280-ec35ab77-leader-finder-thread] INFO kafka.consumer.ConsumerFetcherManager  - [ConsumerFetcherManager-1510088732314] Added fetcher for partitions ArrayBuffer([[earth_to_curiosity_3,0], initOffset 103 to broker BrokerEndPoint(0,zion-portable,9092)] )
38605 [Thread-2] INFO space.exploration.mars.rover.kernel.ListeningState  - 1510088754493,1,Move Current instructionQueue length = 0
38654 [Thread-2] INFO space.exploration.mars.rover.sensor.TelemetrySensor  - Telemetry relay commenced.
57206 [Thread-2] INFO space.exploration.mars.rover.sensor.TelemetrySensor  - Telemetry relay stopped, number of telemetryDataPoints = 43
115964 [Thread-2] INFO space.exploration.mars.rover.kernel.ListeningState  - 1510088831852,9,PerformRadarScan Current instructionQueue length = 0
217579 [Thread-2] INFO space.exploration.mars.rover.kernel.ListeningState  - 1510088933467,10,GetSeasonalWeather Current instructionQueue length = 0
217580 [Thread-2] INFO space.exploration.mars.rover.kernel.ListeningState  - Rover will try to get weather measurements - actual Curiosity Data
217584 [Thread-2] INFO space.exploration.mars.rover.kernel.WeatherSensingState  - Will get mars weather measurements
221017 [Thread-2] INFO space.exploration.mars.rover.utils.WeatherUtil  - wind_speed information not present
java.lang.NumberFormatException: For input string: "null"
	at sun.misc.FloatingDecimal.readJavaFormatString(FloatingDecimal.java:2043)
	at sun.misc.FloatingDecimal.parseDouble(FloatingDecimal.java:110)
	at java.lang.Double.parseDouble(Double.java:538)
	at space.exploration.mars.rover.utils.WeatherUtil.getweatherPayload(WeatherUtil.java:66)
	at space.exploration.mars.rover.utils.WeatherUtil.getWeatherPayload(WeatherUtil.java:118)
	at space.exploration.mars.rover.utils.WeatherUtil.getSeasonalWeatherPayload(WeatherUtil.java:125)
	at space.exploration.mars.rover.sensor.WeatherSensor.getWeather(WeatherSensor.java:83)
	at space.exploration.mars.rover.kernel.WeatherSensingState.senseWeather(WeatherSensingState.java:54)
	at space.exploration.mars.rover.kernel.Rover.senseWeather(Rover.java:298)
	at space.exploration.mars.rover.kernel.ListeningState.receiveMessage(ListeningState.java:93)
	at space.exploration.mars.rover.kernel.Rover.receiveMessage(Rover.java:306)
	at space.exploration.mars.rover.communication.Radio.receiveMessage(Radio.java:57)
	at space.exploration.mars.rover.communication.Receiver.run(Receiver.java:61)
221018 [Thread-2] INFO space.exploration.mars.rover.utils.WeatherUtil  - wind_direction information not present
java.lang.NumberFormatException: For input string: "--"
	at sun.misc.FloatingDecimal.readJavaFormatString(FloatingDecimal.java:2043)
	at sun.misc.FloatingDecimal.parseDouble(FloatingDecimal.java:110)
	at java.lang.Double.parseDouble(Double.java:538)
	at space.exploration.mars.rover.utils.WeatherUtil.getweatherPayload(WeatherUtil.java:72)
	at space.exploration.mars.rover.utils.WeatherUtil.getWeatherPayload(WeatherUtil.java:118)
	at space.exploration.mars.rover.utils.WeatherUtil.getSeasonalWeatherPayload(WeatherUtil.java:125)
	at space.exploration.mars.rover.sensor.WeatherSensor.getWeather(WeatherSensor.java:83)
	at space.exploration.mars.rover.kernel.WeatherSensingState.senseWeather(WeatherSensingState.java:54)
	at space.exploration.mars.rover.kernel.Rover.senseWeather(Rover.java:298)
	at space.exploration.mars.rover.kernel.ListeningState.receiveMessage(ListeningState.java:93)
	at space.exploration.mars.rover.kernel.Rover.receiveMessage(Rover.java:306)
	at space.exploration.mars.rover.communication.Radio.receiveMessage(Radio.java:57)
	at space.exploration.mars.rover.communication.Receiver.run(Receiver.java:61)
221021 [Thread-2] INFO space.exploration.mars.rover.utils.WeatherUtil  - wind_speed information not present
java.lang.NumberFormatException: For input string: "null"
	at sun.misc.FloatingDecimal.readJavaFormatString(FloatingDecimal.java:2043)
	at sun.misc.FloatingDecimal.parseDouble(FloatingDecimal.java:110)
	at java.lang.Double.parseDouble(Double.java:538)
	at space.exploration.mars.rover.utils.WeatherUtil.getweatherPayload(WeatherUtil.java:66)
	at space.exploration.mars.rover.utils.WeatherUtil.getWeatherPayload(WeatherUtil.java:118)
	at space.exploration.mars.rover.utils.WeatherUtil.getSeasonalWeatherPayload(WeatherUtil.java:125)
	at space.exploration.mars.rover.sensor.WeatherSensor.getWeather(WeatherSensor.java:83)
	at space.exploration.mars.rover.kernel.WeatherSensingState.senseWeather(WeatherSensingState.java:54)
	at space.exploration.mars.rover.kernel.Rover.senseWeather(Rover.java:298)
	at space.exploration.mars.rover.kernel.ListeningState.receiveMessage(ListeningState.java:93)
	at space.exploration.mars.rover.kernel.Rover.receiveMessage(Rover.java:306)
	at space.exploration.mars.rover.communication.Radio.receiveMessage(Radio.java:57)
	at space.exploration.mars.rover.communication.Receiver.run(Receiver.java:61)
221021 [Thread-2] INFO space.exploration.mars.rover.utils.WeatherUtil  - wind_direction information not present
java.lang.NumberFormatException: For input string: "--"
	at sun.misc.FloatingDecimal.readJavaFormatString(FloatingDecimal.java:2043)
	at sun.misc.FloatingDecimal.parseDouble(FloatingDecimal.java:110)
	at java.lang.Double.parseDouble(Double.java:538)
	at space.exploration.mars.rover.utils.WeatherUtil.getweatherPayload(WeatherUtil.java:72)
	at space.exploration.mars.rover.utils.WeatherUtil.getWeatherPayload(WeatherUtil.java:118)
	at space.exploration.mars.rover.utils.WeatherUtil.getSeasonalWeatherPayload(WeatherUtil.java:125)
	at space.exploration.mars.rover.sensor.WeatherSensor.getWeather(WeatherSensor.java:83)
	at space.exploration.mars.rover.kernel.WeatherSensingState.senseWeather(WeatherSensingState.java:54)
	at space.exploration.mars.rover.kernel.Rover.senseWeather(Rover.java:298)
	at space.exploration.mars.rover.kernel.ListeningState.receiveMessage(ListeningState.java:93)
	at space.exploration.mars.rover.kernel.Rover.receiveMessage(Rover.java:306)
	at space.exploration.mars.rover.communication.Radio.receiveMessage(Radio.java:57)
	at space.exploration.mars.rover.communication.Receiver.run(Receiver.java:61)
221023 [Thread-2] INFO space.exploration.mars.rover.utils.WeatherUtil  - wind_speed information not present
java.lang.NumberFormatException: For input string: "null"
	at sun.misc.FloatingDecimal.readJavaFormatString(FloatingDecimal.java:2043)
	at sun.misc.FloatingDecimal.parseDouble(FloatingDecimal.java:110)
	at java.lang.Double.parseDouble(Double.java:538)
	at space.exploration.mars.rover.utils.WeatherUtil.getweatherPayload(WeatherUtil.java:66)
	at space.exploration.mars.rover.utils.WeatherUtil.getWeatherPayload(WeatherUtil.java:118)
	at space.exploration.mars.rover.utils.WeatherUtil.getSeasonalWeatherPayload(WeatherUtil.java:125)
	at space.exploration.mars.rover.sensor.WeatherSensor.getWeather(WeatherSensor.java:83)
	at space.exploration.mars.rover.kernel.WeatherSensingState.senseWeather(WeatherSensingState.java:54)
	at space.exploration.mars.rover.kernel.Rover.senseWeather(Rover.java:298)
	at space.exploration.mars.rover.kernel.ListeningState.receiveMessage(ListeningState.java:93)
	at space.exploration.mars.rover.kernel.Rover.receiveMessage(Rover.java:306)
	at space.exploration.mars.rover.communication.Radio.receiveMessage(Radio.java:57)
	at space.exploration.mars.rover.communication.Receiver.run(Receiver.java:61)
221023 [Thread-2] INFO space.exploration.mars.rover.utils.WeatherUtil  - wind_direction information not present
java.lang.NumberFormatException: For input string: "--"
	at sun.misc.FloatingDecimal.readJavaFormatString(FloatingDecimal.java:2043)
	at sun.misc.FloatingDecimal.parseDouble(FloatingDecimal.java:110)
	at java.lang.Double.parseDouble(Double.java:538)
	at space.exploration.mars.rover.utils.WeatherUtil.getweatherPayload(WeatherUtil.java:72)
	at space.exploration.mars.rover.utils.WeatherUtil.getWeatherPayload(WeatherUtil.java:118)
	at space.exploration.mars.rover.utils.WeatherUtil.getSeasonalWeatherPayload(WeatherUtil.java:125)
	at space.exploration.mars.rover.sensor.WeatherSensor.getWeather(WeatherSensor.java:83)
	at space.exploration.mars.rover.kernel.WeatherSensingState.senseWeather(WeatherSensingState.java:54)
	at space.exploration.mars.rover.kernel.Rover.senseWeather(Rover.java:298)
	at space.exploration.mars.rover.kernel.ListeningState.receiveMessage(ListeningState.java:93)
	at space.exploration.mars.rover.kernel.Rover.receiveMessage(Rover.java:306)
	at space.exploration.mars.rover.communication.Radio.receiveMessage(Radio.java:57)
	at space.exploration.mars.rover.communication.Receiver.run(Receiver.java:61)
221024 [Thread-2] INFO space.exploration.mars.rover.utils.WeatherUtil  - wind_speed information not present
java.lang.NumberFormatException: For input string: "null"
	at sun.misc.FloatingDecimal.readJavaFormatString(FloatingDecimal.java:2043)
	at sun.misc.FloatingDecimal.parseDouble(FloatingDecimal.java:110)
	at java.lang.Double.parseDouble(Double.java:538)
	at space.exploration.mars.rover.utils.WeatherUtil.getweatherPayload(WeatherUtil.java:66)
	at space.exploration.mars.rover.utils.WeatherUtil.getWeatherPayload(WeatherUtil.java:118)
	at space.exploration.mars.rover.utils.WeatherUtil.getSeasonalWeatherPayload(WeatherUtil.java:125)
	at space.exploration.mars.rover.sensor.WeatherSensor.getWeather(WeatherSensor.java:83)
	at space.exploration.mars.rover.kernel.WeatherSensingState.senseWeather(WeatherSensingState.java:54)
	at space.exploration.mars.rover.kernel.Rover.senseWeather(Rover.java:298)
	at space.exploration.mars.rover.kernel.ListeningState.receiveMessage(ListeningState.java:93)
	at space.exploration.mars.rover.kernel.Rover.receiveMessage(Rover.java:306)
	at space.exploration.mars.rover.communication.Radio.receiveMessage(Radio.java:57)
	at space.exploration.mars.rover.communication.Receiver.run(Receiver.java:61)
221024 [Thread-2] INFO space.exploration.mars.rover.utils.WeatherUtil  - wind_direction information not present
java.lang.NumberFormatException: For input string: "--"
	at sun.misc.FloatingDecimal.readJavaFormatString(FloatingDecimal.java:2043)
	at sun.misc.FloatingDecimal.parseDouble(FloatingDecimal.java:110)
	at java.lang.Double.parseDouble(Double.java:538)
	at space.exploration.mars.rover.utils.WeatherUtil.getweatherPayload(WeatherUtil.java:72)
	at space.exploration.mars.rover.utils.WeatherUtil.getWeatherPayload(WeatherUtil.java:118)
	at space.exploration.mars.rover.utils.WeatherUtil.getSeasonalWeatherPayload(WeatherUtil.java:125)
	at space.exploration.mars.rover.sensor.WeatherSensor.getWeather(WeatherSensor.java:83)
	at space.exploration.mars.rover.kernel.WeatherSensingState.senseWeather(WeatherSensingState.java:54)
	at space.exploration.mars.rover.kernel.Rover.senseWeather(Rover.java:298)
	at space.exploration.mars.rover.kernel.ListeningState.receiveMessage(ListeningState.java:93)
	at space.exploration.mars.rover.kernel.Rover.receiveMessage(Rover.java:306)
	at space.exploration.mars.rover.communication.Radio.receiveMessage(Radio.java:57)
	at space.exploration.mars.rover.communication.Receiver.run(Receiver.java:61)
221026 [Thread-2] INFO space.exploration.mars.rover.utils.WeatherUtil  - wind_speed information not present
java.lang.NumberFormatException: For input string: "null"
	at sun.misc.FloatingDecimal.readJavaFormatString(FloatingDecimal.java:2043)
	at sun.misc.FloatingDecimal.parseDouble(FloatingDecimal.java:110)
	at java.lang.Double.parseDouble(Double.java:538)
	at space.exploration.mars.rover.utils.WeatherUtil.getweatherPayload(WeatherUtil.java:66)
	at space.exploration.mars.rover.utils.WeatherUtil.getWeatherPayload(WeatherUtil.java:118)
	at space.exploration.mars.rover.utils.WeatherUtil.getSeasonalWeatherPayload(WeatherUtil.java:125)
	at space.exploration.mars.rover.sensor.WeatherSensor.getWeather(WeatherSensor.java:83)
	at space.exploration.mars.rover.kernel.WeatherSensingState.senseWeather(WeatherSensingState.java:54)
	at space.exploration.mars.rover.kernel.Rover.senseWeather(Rover.java:298)
	at space.exploration.mars.rover.kernel.ListeningState.receiveMessage(ListeningState.java:93)
	at space.exploration.mars.rover.kernel.Rover.receiveMessage(Rover.java:306)
	at space.exploration.mars.rover.communication.Radio.receiveMessage(Radio.java:57)
	at space.exploration.mars.rover.communication.Receiver.run(Receiver.java:61)
221026 [Thread-2] INFO space.exploration.mars.rover.utils.WeatherUtil  - wind_direction information not present
java.lang.NumberFormatException: For input string: "--"
	at sun.misc.FloatingDecimal.readJavaFormatString(FloatingDecimal.java:2043)
	at sun.misc.FloatingDecimal.parseDouble(FloatingDecimal.java:110)
	at java.lang.Double.parseDouble(Double.java:538)
	at space.exploration.mars.rover.utils.WeatherUtil.getweatherPayload(WeatherUtil.java:72)
	at space.exploration.mars.rover.utils.WeatherUtil.getWeatherPayload(WeatherUtil.java:118)
	at space.exploration.mars.rover.utils.WeatherUtil.getSeasonalWeatherPayload(WeatherUtil.java:125)
	at space.exploration.mars.rover.sensor.WeatherSensor.getWeather(WeatherSensor.java:83)
	at space.exploration.mars.rover.kernel.WeatherSensingState.senseWeather(WeatherSensingState.java:54)
	at space.exploration.mars.rover.kernel.Rover.senseWeather(Rover.java:298)
	at space.exploration.mars.rover.kernel.ListeningState.receiveMessage(ListeningState.java:93)
	at space.exploration.mars.rover.kernel.Rover.receiveMessage(Rover.java:306)
	at space.exploration.mars.rover.communication.Radio.receiveMessage(Radio.java:57)
	at space.exploration.mars.rover.communication.Receiver.run(Receiver.java:61)
221027 [Thread-2] INFO space.exploration.mars.rover.utils.WeatherUtil  - wind_speed information not present
java.lang.NumberFormatException: For input string: "null"
	at sun.misc.FloatingDecimal.readJavaFormatString(FloatingDecimal.java:2043)
	at sun.misc.FloatingDecimal.parseDouble(FloatingDecimal.java:110)
	at java.lang.Double.parseDouble(Double.java:538)
	at space.exploration.mars.rover.utils.WeatherUtil.getweatherPayload(WeatherUtil.java:66)
	at space.exploration.mars.rover.utils.WeatherUtil.getWeatherPayload(WeatherUtil.java:118)
	at space.exploration.mars.rover.utils.WeatherUtil.getSeasonalWeatherPayload(WeatherUtil.java:125)
	at space.exploration.mars.rover.sensor.WeatherSensor.getWeather(WeatherSensor.java:83)
	at space.exploration.mars.rover.kernel.WeatherSensingState.senseWeather(WeatherSensingState.java:54)
	at space.exploration.mars.rover.kernel.Rover.senseWeather(Rover.java:298)
	at space.exploration.mars.rover.kernel.ListeningState.receiveMessage(ListeningState.java:93)
	at space.exploration.mars.rover.kernel.Rover.receiveMessage(Rover.java:306)
	at space.exploration.mars.rover.communication.Radio.receiveMessage(Radio.java:57)
	at space.exploration.mars.rover.communication.Receiver.run(Receiver.java:61)
221027 [Thread-2] INFO space.exploration.mars.rover.utils.WeatherUtil  - wind_direction information not present
java.lang.NumberFormatException: For input string: "--"
	at sun.misc.FloatingDecimal.readJavaFormatString(FloatingDecimal.java:2043)
	at sun.misc.FloatingDecimal.parseDouble(FloatingDecimal.java:110)
	at java.lang.Double.parseDouble(Double.java:538)
	at space.exploration.mars.rover.utils.WeatherUtil.getweatherPayload(WeatherUtil.java:72)
	at space.exploration.mars.rover.utils.WeatherUtil.getWeatherPayload(WeatherUtil.java:118)
	at space.exploration.mars.rover.utils.WeatherUtil.getSeasonalWeatherPayload(WeatherUtil.java:125)
	at space.exploration.mars.rover.sensor.WeatherSensor.getWeather(WeatherSensor.java:83)
	at space.exploration.mars.rover.kernel.WeatherSensingState.senseWeather(WeatherSensingState.java:54)
	at space.exploration.mars.rover.kernel.Rover.senseWeather(Rover.java:298)
	at space.exploration.mars.rover.kernel.ListeningState.receiveMessage(ListeningState.java:93)
	at space.exploration.mars.rover.kernel.Rover.receiveMessage(Rover.java:306)
	at space.exploration.mars.rover.communication.Radio.receiveMessage(Radio.java:57)
	at space.exploration.mars.rover.communication.Receiver.run(Receiver.java:61)
221028 [Thread-2] INFO space.exploration.mars.rover.utils.WeatherUtil  - wind_speed information not present
java.lang.NumberFormatException: For input string: "null"
	at sun.misc.FloatingDecimal.readJavaFormatString(FloatingDecimal.java:2043)
	at sun.misc.FloatingDecimal.parseDouble(FloatingDecimal.java:110)
	at java.lang.Double.parseDouble(Double.java:538)
	at space.exploration.mars.rover.utils.WeatherUtil.getweatherPayload(WeatherUtil.java:66)
	at space.exploration.mars.rover.utils.WeatherUtil.getWeatherPayload(WeatherUtil.java:118)
	at space.exploration.mars.rover.utils.WeatherUtil.getSeasonalWeatherPayload(WeatherUtil.java:125)
	at space.exploration.mars.rover.sensor.WeatherSensor.getWeather(WeatherSensor.java:83)
	at space.exploration.mars.rover.kernel.WeatherSensingState.senseWeather(WeatherSensingState.java:54)
	at space.exploration.mars.rover.kernel.Rover.senseWeather(Rover.java:298)
	at space.exploration.mars.rover.kernel.ListeningState.receiveMessage(ListeningState.java:93)
	at space.exploration.mars.rover.kernel.Rover.receiveMessage(Rover.java:306)
	at space.exploration.mars.rover.communication.Radio.receiveMessage(Radio.java:57)
	at space.exploration.mars.rover.communication.Receiver.run(Receiver.java:61)
221028 [Thread-2] INFO space.exploration.mars.rover.utils.WeatherUtil  - wind_direction information not present
java.lang.NumberFormatException: For input string: "--"
	at sun.misc.FloatingDecimal.readJavaFormatString(FloatingDecimal.java:2043)
	at sun.misc.FloatingDecimal.parseDouble(FloatingDecimal.java:110)
	at java.lang.Double.parseDouble(Double.java:538)
	at space.exploration.mars.rover.utils.WeatherUtil.getweatherPayload(WeatherUtil.java:72)
	at space.exploration.mars.rover.utils.WeatherUtil.getWeatherPayload(WeatherUtil.java:118)
	at space.exploration.mars.rover.utils.WeatherUtil.getSeasonalWeatherPayload(WeatherUtil.java:125)
	at space.exploration.mars.rover.sensor.WeatherSensor.getWeather(WeatherSensor.java:83)
	at space.exploration.mars.rover.kernel.WeatherSensingState.senseWeather(WeatherSensingState.java:54)
	at space.exploration.mars.rover.kernel.Rover.senseWeather(Rover.java:298)
	at space.exploration.mars.rover.kernel.ListeningState.receiveMessage(ListeningState.java:93)
	at space.exploration.mars.rover.kernel.Rover.receiveMessage(Rover.java:306)
	at space.exploration.mars.rover.communication.Radio.receiveMessage(Radio.java:57)
	at space.exploration.mars.rover.communication.Receiver.run(Receiver.java:61)
221029 [Thread-2] INFO space.exploration.mars.rover.utils.WeatherUtil  - wind_speed information not present
java.lang.NumberFormatException: For input string: "null"
	at sun.misc.FloatingDecimal.readJavaFormatString(FloatingDecimal.java:2043)
	at sun.misc.FloatingDecimal.parseDouble(FloatingDecimal.java:110)
	at java.lang.Double.parseDouble(Double.java:538)
	at space.exploration.mars.rover.utils.WeatherUtil.getweatherPayload(WeatherUtil.java:66)
	at space.exploration.mars.rover.utils.WeatherUtil.getWeatherPayload(WeatherUtil.java:118)
	at space.exploration.mars.rover.utils.WeatherUtil.getSeasonalWeatherPayload(WeatherUtil.java:125)
	at space.exploration.mars.rover.sensor.WeatherSensor.getWeather(WeatherSensor.java:83)
	at space.exploration.mars.rover.kernel.WeatherSensingState.senseWeather(WeatherSensingState.java:54)
	at space.exploration.mars.rover.kernel.Rover.senseWeather(Rover.java:298)
	at space.exploration.mars.rover.kernel.ListeningState.receiveMessage(ListeningState.java:93)
	at space.exploration.mars.rover.kernel.Rover.receiveMessage(Rover.java:306)
	at space.exploration.mars.rover.communication.Radio.receiveMessage(Radio.java:57)
	at space.exploration.mars.rover.communication.Receiver.run(Receiver.java:61)
221030 [Thread-2] INFO space.exploration.mars.rover.utils.WeatherUtil  - wind_direction information not present
java.lang.NumberFormatException: For input string: "--"
	at sun.misc.FloatingDecimal.readJavaFormatString(FloatingDecimal.java:2043)
	at sun.misc.FloatingDecimal.parseDouble(FloatingDecimal.java:110)
	at java.lang.Double.parseDouble(Double.java:538)
	at space.exploration.mars.rover.utils.WeatherUtil.getweatherPayload(WeatherUtil.java:72)
	at space.exploration.mars.rover.utils.WeatherUtil.getWeatherPayload(WeatherUtil.java:118)
	at space.exploration.mars.rover.utils.WeatherUtil.getSeasonalWeatherPayload(WeatherUtil.java:125)
	at space.exploration.mars.rover.sensor.WeatherSensor.getWeather(WeatherSensor.java:83)
	at space.exploration.mars.rover.kernel.WeatherSensingState.senseWeather(WeatherSensingState.java:54)
	at space.exploration.mars.rover.kernel.Rover.senseWeather(Rover.java:298)
	at space.exploration.mars.rover.kernel.ListeningState.receiveMessage(ListeningState.java:93)
	at space.exploration.mars.rover.kernel.Rover.receiveMessage(Rover.java:306)
	at space.exploration.mars.rover.communication.Radio.receiveMessage(Radio.java:57)
	at space.exploration.mars.rover.communication.Receiver.run(Receiver.java:61)
221034 [Thread-2] INFO space.exploration.mars.rover.utils.WeatherUtil  - wind_speed information not present
java.lang.NumberFormatException: For input string: "null"
	at sun.misc.FloatingDecimal.readJavaFormatString(FloatingDecimal.java:2043)
	at sun.misc.FloatingDecimal.parseDouble(FloatingDecimal.java:110)
	at java.lang.Double.parseDouble(Double.java:538)
	at space.exploration.mars.rover.utils.WeatherUtil.getweatherPayload(WeatherUtil.java:66)
	at space.exploration.mars.rover.utils.WeatherUtil.getWeatherPayload(WeatherUtil.java:118)
	at space.exploration.mars.rover.utils.WeatherUtil.getSeasonalWeatherPayload(WeatherUtil.java:125)
	at space.exploration.mars.rover.sensor.WeatherSensor.getWeather(WeatherSensor.java:83)
	at space.exploration.mars.rover.kernel.WeatherSensingState.senseWeather(WeatherSensingState.java:54)
	at space.exploration.mars.rover.kernel.Rover.senseWeather(Rover.java:298)
	at space.exploration.mars.rover.kernel.ListeningState.receiveMessage(ListeningState.java:93)
	at space.exploration.mars.rover.kernel.Rover.receiveMessage(Rover.java:306)
	at space.exploration.mars.rover.communication.Radio.receiveMessage(Radio.java:57)
	at space.exploration.mars.rover.communication.Receiver.run(Receiver.java:61)
221034 [Thread-2] INFO space.exploration.mars.rover.utils.WeatherUtil  - wind_direction information not present
java.lang.NumberFormatException: For input string: "--"
	at sun.misc.FloatingDecimal.readJavaFormatString(FloatingDecimal.java:2043)
	at sun.misc.FloatingDecimal.parseDouble(FloatingDecimal.java:110)
	at java.lang.Double.parseDouble(Double.java:538)
	at space.exploration.mars.rover.utils.WeatherUtil.getweatherPayload(WeatherUtil.java:72)
	at space.exploration.mars.rover.utils.WeatherUtil.getWeatherPayload(WeatherUtil.java:118)
	at space.exploration.mars.rover.utils.WeatherUtil.getSeasonalWeatherPayload(WeatherUtil.java:125)
	at space.exploration.mars.rover.sensor.WeatherSensor.getWeather(WeatherSensor.java:83)
	at space.exploration.mars.rover.kernel.WeatherSensingState.senseWeather(WeatherSensingState.java:54)
	at space.exploration.mars.rover.kernel.Rover.senseWeather(Rover.java:298)
	at space.exploration.mars.rover.kernel.ListeningState.receiveMessage(ListeningState.java:93)
	at space.exploration.mars.rover.kernel.Rover.receiveMessage(Rover.java:306)
	at space.exploration.mars.rover.communication.Radio.receiveMessage(Radio.java:57)
	at space.exploration.mars.rover.communication.Receiver.run(Receiver.java:61)
221035 [Thread-2] INFO space.exploration.mars.rover.utils.WeatherUtil  - wind_speed information not present
java.lang.NumberFormatException: For input string: "null"
	at sun.misc.FloatingDecimal.readJavaFormatString(FloatingDecimal.java:2043)
	at sun.misc.FloatingDecimal.parseDouble(FloatingDecimal.java:110)
	at java.lang.Double.parseDouble(Double.java:538)
	at space.exploration.mars.rover.utils.WeatherUtil.getweatherPayload(WeatherUtil.java:66)
	at space.exploration.mars.rover.utils.WeatherUtil.getWeatherPayload(WeatherUtil.java:118)
	at space.exploration.mars.rover.utils.WeatherUtil.getSeasonalWeatherPayload(WeatherUtil.java:125)
	at space.exploration.mars.rover.sensor.WeatherSensor.getWeather(WeatherSensor.java:83)
	at space.exploration.mars.rover.kernel.WeatherSensingState.senseWeather(WeatherSensingState.java:54)
	at space.exploration.mars.rover.kernel.Rover.senseWeather(Rover.java:298)
	at space.exploration.mars.rover.kernel.ListeningState.receiveMessage(ListeningState.java:93)
	at space.exploration.mars.rover.kernel.Rover.receiveMessage(Rover.java:306)
	at space.exploration.mars.rover.communication.Radio.receiveMessage(Radio.java:57)
	at space.exploration.mars.rover.communication.Receiver.run(Receiver.java:61)
221035 [Thread-2] INFO space.exploration.mars.rover.utils.WeatherUtil  - wind_direction information not present
java.lang.NumberFormatException: For input string: "--"
	at sun.misc.FloatingDecimal.readJavaFormatString(FloatingDecimal.java:2043)
	at sun.misc.FloatingDecimal.parseDouble(FloatingDecimal.java:110)
	at java.lang.Double.parseDouble(Double.java:538)
	at space.exploration.mars.rover.utils.WeatherUtil.getweatherPayload(WeatherUtil.java:72)
	at space.exploration.mars.rover.utils.WeatherUtil.getWeatherPayload(WeatherUtil.java:118)
	at space.exploration.mars.rover.utils.WeatherUtil.getSeasonalWeatherPayload(WeatherUtil.java:125)
	at space.exploration.mars.rover.sensor.WeatherSensor.getWeather(WeatherSensor.java:83)
	at space.exploration.mars.rover.kernel.WeatherSensingState.senseWeather(WeatherSensingState.java:54)
	at space.exploration.mars.rover.kernel.Rover.senseWeather(Rover.java:298)
	at space.exploration.mars.rover.kernel.ListeningState.receiveMessage(ListeningState.java:93)
	at space.exploration.mars.rover.kernel.Rover.receiveMessage(Rover.java:306)
	at space.exploration.mars.rover.communication.Radio.receiveMessage(Radio.java:57)
	at space.exploration.mars.rover.communication.Receiver.run(Receiver.java:61)
221042 [Thread-2] INFO space.exploration.mars.rover.sensor.WeatherSensor  - Current weatherQueryRate/hour = 0.0 max allowed = 1000.0/hr
273876 [Thread-2] INFO space.exploration.mars.rover.kernel.ListeningState  - 1510088989764,8,ClickCamera Current instructionQueue length = 0
368007 [Thread-2] INFO space.exploration.mars.rover.kernel.ListeningState  - 1510089083895,0,ScanArea Current instructionQueue length = 0
