0    [main] INFO  space.exploration.mars.rover.power.Battery  - Battery configured, batteryLife:primaryPowerUnits = 10000 auxiliaryPowerUnits = 1000 alertThreshold: 100 rechargeTime = 60000
233  [main] INFO  kafka.utils.VerifiableProperties  - Verifying properties
255  [main] WARN  kafka.utils.VerifiableProperties  - Property auto.offset.reset is not valid
255  [main] WARN  kafka.utils.VerifiableProperties  - Property destination.topic is not valid
256  [main] WARN  kafka.utils.VerifiableProperties  - Property group.id is not valid
256  [main] INFO  kafka.utils.VerifiableProperties  - Property metadata.broker.list is overridden to localhost:9092
256  [main] WARN  kafka.utils.VerifiableProperties  - Property source.topic is not valid
256  [main] WARN  kafka.utils.VerifiableProperties  - Property zookeeper.connect is not valid
289  [main] INFO  kafka.utils.VerifiableProperties  - Verifying properties
289  [main] INFO  kafka.utils.VerifiableProperties  - Property auto.offset.reset is overridden to largest
289  [main] WARN  kafka.utils.VerifiableProperties  - Property destination.topic is not valid
289  [main] INFO  kafka.utils.VerifiableProperties  - Property group.id is overridden to space.exploration.mars.rover
289  [main] WARN  kafka.utils.VerifiableProperties  - Property metadata.broker.list is not valid
289  [main] WARN  kafka.utils.VerifiableProperties  - Property source.topic is not valid
290  [main] INFO  kafka.utils.VerifiableProperties  - Property zookeeper.connect is overridden to localhost:2181
310  [main] INFO  kafka.consumer.ZookeeperConsumerConnector  - [space.exploration.mars.rover_zionmainframe-1495842659912-90ac3a8d], Connecting to zookeeper instance at localhost:2181
316  [ZkClient-EventThread-21-localhost:2181] INFO  org.I0Itec.zkclient.ZkEventThread  - Starting ZkClient event thread.
320  [main] INFO  org.apache.zookeeper.ZooKeeper  - Client environment:zookeeper.version=3.4.6-1569965, built on 02/20/2014 09:09 GMT
320  [main] INFO  org.apache.zookeeper.ZooKeeper  - Client environment:host.name=zionmainframe
320  [main] INFO  org.apache.zookeeper.ZooKeeper  - Client environment:java.version=1.8.0_131
320  [main] INFO  org.apache.zookeeper.ZooKeeper  - Client environment:java.vendor=Oracle Corporation
320  [main] INFO  org.apache.zookeeper.ZooKeeper  - Client environment:java.home=/usr/lib/jvm/java-8-openjdk-amd64/jre
320  [main] INFO  org.apache.zookeeper.ZooKeeper  - Client environment:java.class.path=/usr/lib/jvm/java-1.8.0-openjdk-amd64/jre/lib/charsets.jar:/usr/lib/jvm/java-1.8.0-openjdk-amd64/jre/lib/ext/cldrdata.jar:/usr/lib/jvm/java-1.8.0-openjdk-amd64/jre/lib/ext/dnsns.jar:/usr/lib/jvm/java-1.8.0-openjdk-amd64/jre/lib/ext/icedtea-sound.jar:/usr/lib/jvm/java-1.8.0-openjdk-amd64/jre/lib/ext/jaccess.jar:/usr/lib/jvm/java-1.8.0-openjdk-amd64/jre/lib/ext/localedata.jar:/usr/lib/jvm/java-1.8.0-openjdk-amd64/jre/lib/ext/nashorn.jar:/usr/lib/jvm/java-1.8.0-openjdk-amd64/jre/lib/ext/sunec.jar:/usr/lib/jvm/java-1.8.0-openjdk-amd64/jre/lib/ext/sunjce_provider.jar:/usr/lib/jvm/java-1.8.0-openjdk-amd64/jre/lib/ext/sunpkcs11.jar:/usr/lib/jvm/java-1.8.0-openjdk-amd64/jre/lib/ext/zipfs.jar:/usr/lib/jvm/java-1.8.0-openjdk-amd64/jre/lib/jce.jar:/usr/lib/jvm/java-1.8.0-openjdk-amd64/jre/lib/jsse.jar:/usr/lib/jvm/java-1.8.0-openjdk-amd64/jre/lib/management-agent.jar:/usr/lib/jvm/java-1.8.0-openjdk-amd64/jre/lib/resources.jar:/usr/lib/jvm/java-1.8.0-openjdk-amd64/jre/lib/rt.jar:/home/sanket/Documents/Code/MyProjects/Java/MavenProjects/space.exploration/MarsRover/mars.rover/target/classes:/home/sanket/.m2/repository/com/google/protobuf/protobuf-java/3.2.0/protobuf-java-3.2.0.jar:/home/sanket/.m2/repository/org/apache/kafka/kafka_2.10/0.9.0.1/kafka_2.10-0.9.0.1.jar:/home/sanket/.m2/repository/com/101tec/zkclient/0.7/zkclient-0.7.jar:/home/sanket/.m2/repository/org/slf4j/slf4j-api/1.6.1/slf4j-api-1.6.1.jar:/home/sanket/.m2/repository/log4j/log4j/1.2.15/log4j-1.2.15.jar:/home/sanket/.m2/repository/javax/mail/mail/1.4/mail-1.4.jar:/home/sanket/.m2/repository/javax/activation/activation/1.1/activation-1.1.jar:/home/sanket/.m2/repository/org/apache/kafka/kafka-clients/0.9.0.1/kafka-clients-0.9.0.1.jar:/home/sanket/.m2/repository/org/xerial/snappy/snappy-java/1.1.1.7/snappy-java-1.1.1.7.jar:/home/sanket/.m2/repository/net/jpountz/lz4/lz4/1.2.0/lz4-1.2.0.jar:/home/sanket/.m2/repository/com/yammer/metrics/metrics-core/2.2.0/metrics-core-2.2.0.jar:/home/sanket/.m2/repository/org/scala-lang/scala-library/2.10.5/scala-library-2.10.5.jar:/home/sanket/.m2/repository/net/sf/jopt-simple/jopt-simple/3.2/jopt-simple-3.2.jar:/home/sanket/.m2/repository/org/slf4j/slf4j-log4j12/1.7.6/slf4j-log4j12-1.7.6.jar:/home/sanket/.m2/repository/org/apache/zookeeper/zookeeper/3.4.6/zookeeper-3.4.6.jar:/home/sanket/.m2/repository/jline/jline/0.9.94/jline-0.9.94.jar:/home/sanket/.m2/repository/io/netty/netty/3.7.0.Final/netty-3.7.0.Final.jar:/home/sanket/.m2/repository/org/tensorflow/tensorflow/1.1.0/tensorflow-1.1.0.jar:/home/sanket/.m2/repository/org/tensorflow/libtensorflow/1.1.0/libtensorflow-1.1.0.jar:/home/sanket/.m2/repository/org/tensorflow/libtensorflow_jni/1.1.0/libtensorflow_jni-1.1.0.jar:/home/sanket/Documents/Tools/intelliJ/idea-IC-171.4073.35/lib/idea_rt.jar
320  [main] INFO  org.apache.zookeeper.ZooKeeper  - Client environment:java.library.path=/home/sanket/Documents/Tools/intelliJ/idea-IC-171.4073.35/bin::/usr/java/packages/lib/amd64:/usr/lib/x86_64-linux-gnu/jni:/lib/x86_64-linux-gnu:/usr/lib/x86_64-linux-gnu:/usr/lib/jni:/lib:/usr/lib
320  [main] INFO  org.apache.zookeeper.ZooKeeper  - Client environment:java.io.tmpdir=/tmp
320  [main] INFO  org.apache.zookeeper.ZooKeeper  - Client environment:java.compiler=<NA>
320  [main] INFO  org.apache.zookeeper.ZooKeeper  - Client environment:os.name=Linux
320  [main] INFO  org.apache.zookeeper.ZooKeeper  - Client environment:os.arch=amd64
320  [main] INFO  org.apache.zookeeper.ZooKeeper  - Client environment:os.version=4.4.0-77-generic
320  [main] INFO  org.apache.zookeeper.ZooKeeper  - Client environment:user.name=sanket
320  [main] INFO  org.apache.zookeeper.ZooKeeper  - Client environment:user.home=/home/sanket
320  [main] INFO  org.apache.zookeeper.ZooKeeper  - Client environment:user.dir=/home/sanket/Documents/Code/MyProjects/Java/MavenProjects/space.exploration/MarsRover/mars.rover
321  [main] INFO  org.apache.zookeeper.ZooKeeper  - Initiating client connection, connectString=localhost:2181 sessionTimeout=6000 watcher=org.I0Itec.zkclient.ZkClient@4313f5bc
329  [main] INFO  org.I0Itec.zkclient.ZkClient  - Waiting for keeper state SyncConnected
331  [main-SendThread(localhost:2181)] INFO  org.apache.zookeeper.ClientCnxn  - Opening socket connection to server localhost/127.0.0.1:2181. Will not attempt to authenticate using SASL (unknown error)
334  [main-SendThread(localhost:2181)] INFO  org.apache.zookeeper.ClientCnxn  - Socket connection established to localhost/127.0.0.1:2181, initiating session
339  [main-SendThread(localhost:2181)] INFO  org.apache.zookeeper.ClientCnxn  - Session establishment complete on server localhost/127.0.0.1:2181, sessionid = 0x15c129a84bd0024, negotiated timeout = 6000
341  [main-EventThread] INFO  org.I0Itec.zkclient.ZkClient  - zookeeper state changed (SyncConnected)
348  [main] INFO  kafka.consumer.ZookeeperConsumerConnector  - [space.exploration.mars.rover_zionmainframe-1495842659912-90ac3a8d], starting auto committer every 60000 ms
364  [Thread-2] INFO  kafka.consumer.ZookeeperConsumerConnector  - [space.exploration.mars.rover_zionmainframe-1495842659912-90ac3a8d], begin registering consumer space.exploration.mars.rover_zionmainframe-1495842659912-90ac3a8d in ZK
382  [Thread-2] INFO  kafka.utils.ZKCheckedEphemeral  - Creating /consumers/space.exploration.mars.rover/ids/space.exploration.mars.rover_zionmainframe-1495842659912-90ac3a8d (is it secure? false)
392  [Thread-2] INFO  kafka.utils.ZKCheckedEphemeral  - Result of znode creation is: OK
393  [Thread-2] INFO  kafka.consumer.ZookeeperConsumerConnector  - [space.exploration.mars.rover_zionmainframe-1495842659912-90ac3a8d], end registering consumer space.exploration.mars.rover_zionmainframe-1495842659912-90ac3a8d in ZK
396  [space.exploration.mars.rover_zionmainframe-1495842659912-90ac3a8d_watcher_executor] INFO  kafka.consumer.ZookeeperConsumerConnector  - [space.exploration.mars.rover_zionmainframe-1495842659912-90ac3a8d], starting watcher executor thread for consumer space.exploration.mars.rover_zionmainframe-1495842659912-90ac3a8d
419  [Thread-2] INFO  kafka.consumer.ZookeeperConsumerConnector  - [space.exploration.mars.rover_zionmainframe-1495842659912-90ac3a8d], begin rebalancing consumer space.exploration.mars.rover_zionmainframe-1495842659912-90ac3a8d try #0
538  [Thread-2] INFO  kafka.consumer.ConsumerFetcherManager  - [ConsumerFetcherManager-1495842659948] Stopping leader finder thread
538  [Thread-2] INFO  kafka.consumer.ConsumerFetcherManager  - [ConsumerFetcherManager-1495842659948] Stopping all fetchers
538  [Thread-2] INFO  kafka.consumer.ConsumerFetcherManager  - [ConsumerFetcherManager-1495842659948] All connections stopped
539  [Thread-2] INFO  kafka.consumer.ZookeeperConsumerConnector  - [space.exploration.mars.rover_zionmainframe-1495842659912-90ac3a8d], Cleared all relevant queues for this fetcher
539  [Thread-2] INFO  kafka.consumer.ZookeeperConsumerConnector  - [space.exploration.mars.rover_zionmainframe-1495842659912-90ac3a8d], Cleared the data chunks in all the consumer message iterators
540  [Thread-2] INFO  kafka.consumer.ZookeeperConsumerConnector  - [space.exploration.mars.rover_zionmainframe-1495842659912-90ac3a8d], Committing all offsets after clearing the fetcher queues
541  [Thread-2] INFO  kafka.consumer.ZookeeperConsumerConnector  - [space.exploration.mars.rover_zionmainframe-1495842659912-90ac3a8d], Releasing partition ownership
575  [Thread-2] INFO  kafka.consumer.RangeAssignor  - Consumer space.exploration.mars.rover_zionmainframe-1495842659912-90ac3a8d rebalancing the following partitions: ArrayBuffer(0) for topic secure_com_from_earth_channel_3 with consumers: List(space.exploration.mars.rover_zionmainframe-1495842659912-90ac3a8d-0)
577  [Thread-2] INFO  kafka.consumer.RangeAssignor  - space.exploration.mars.rover_zionmainframe-1495842659912-90ac3a8d-0 attempting to claim partition 0
602  [Thread-2] INFO  kafka.consumer.ZookeeperConsumerConnector  - [space.exploration.mars.rover_zionmainframe-1495842659912-90ac3a8d], space.exploration.mars.rover_zionmainframe-1495842659912-90ac3a8d-0 successfully owned partition 0 for topic secure_com_from_earth_channel_3
615  [Thread-2] INFO  kafka.consumer.ZookeeperConsumerConnector  - [space.exploration.mars.rover_zionmainframe-1495842659912-90ac3a8d], Consumer space.exploration.mars.rover_zionmainframe-1495842659912-90ac3a8d selected partitions : secure_com_from_earth_channel_3:0: fetched offset = 35: consumed offset = 35
616  [space.exploration.mars.rover_zionmainframe-1495842659912-90ac3a8d-leader-finder-thread] INFO  kafka.consumer.ConsumerFetcherManager$LeaderFinderThread  - [space.exploration.mars.rover_zionmainframe-1495842659912-90ac3a8d-leader-finder-thread], Starting 
617  [Thread-2] INFO  kafka.consumer.ZookeeperConsumerConnector  - [space.exploration.mars.rover_zionmainframe-1495842659912-90ac3a8d], end rebalancing consumer space.exploration.mars.rover_zionmainframe-1495842659912-90ac3a8d try #0
626  [space.exploration.mars.rover_zionmainframe-1495842659912-90ac3a8d-leader-finder-thread] INFO  kafka.utils.VerifiableProperties  - Verifying properties
627  [space.exploration.mars.rover_zionmainframe-1495842659912-90ac3a8d-leader-finder-thread] INFO  kafka.utils.VerifiableProperties  - Property client.id is overridden to space.exploration.mars.rover
627  [space.exploration.mars.rover_zionmainframe-1495842659912-90ac3a8d-leader-finder-thread] INFO  kafka.utils.VerifiableProperties  - Property metadata.broker.list is overridden to zionmainframe:9092
627  [space.exploration.mars.rover_zionmainframe-1495842659912-90ac3a8d-leader-finder-thread] INFO  kafka.utils.VerifiableProperties  - Property request.timeout.ms is overridden to 30000
644  [space.exploration.mars.rover_zionmainframe-1495842659912-90ac3a8d-leader-finder-thread] INFO  kafka.client.ClientUtils$  - Fetching metadata from broker BrokerEndPoint(0,zionmainframe,9092) with correlation id 0 for 1 topic(s) Set(secure_com_from_earth_channel_3)
649  [space.exploration.mars.rover_zionmainframe-1495842659912-90ac3a8d-leader-finder-thread] INFO  kafka.producer.SyncProducer  - Connected to zionmainframe:9092 for producing
663  [space.exploration.mars.rover_zionmainframe-1495842659912-90ac3a8d-leader-finder-thread] INFO  kafka.producer.SyncProducer  - Disconnecting from zionmainframe:9092
680  [ConsumerFetcherThread-space.exploration.mars.rover_zionmainframe-1495842659912-90ac3a8d-0-0] INFO  kafka.consumer.ConsumerFetcherThread  - [ConsumerFetcherThread-space.exploration.mars.rover_zionmainframe-1495842659912-90ac3a8d-0-0], Starting 
686  [space.exploration.mars.rover_zionmainframe-1495842659912-90ac3a8d-leader-finder-thread] INFO  kafka.consumer.ConsumerFetcherManager  - [ConsumerFetcherManager-1495842659948] Added fetcher for partitions ArrayBuffer([[secure_com_from_earth_channel_3,0], initOffset 35 to broker BrokerEndPoint(0,zionmainframe,9092)] )
1349 [main] INFO  space.exploration.mars.rover.communication.Radio  - Radio configured:: 
metadata.broker.list::localhost:9092
source.topic::secure_com_from_earth_channel_3
auto.offset.reset::largest
group.id::space.exploration.mars.rover
destination.topic::secure_com_to_earth_channel_3
zookeeper.connect::localhost:2181
2350 [main] INFO  space.exploration.mars.rover.kernel.Rover  - Rover current position is = java.awt.Point[x=0,y=250]
3353 [main] INFO  space.exploration.mars.rover.sensor.Lidar  - Lidar initialized and ready!
4356 [main] INFO  space.exploration.mars.rover.sensor.Spectrometer  - Spectrometer initialized and ready!
5771 [main] INFO  space.exploration.mars.rover.sensor.Camera  - Camera initialized and ready!
27403 [main] INFO  kafka.client.ClientUtils$  - Fetching metadata from broker BrokerEndPoint(0,localhost,9092) with correlation id 0 for 1 topic(s) Set(secure_com_to_earth_channel_3)
27405 [main] INFO  kafka.producer.SyncProducer  - Connected to localhost:9092 for producing
27407 [main] INFO  kafka.producer.SyncProducer  - Disconnecting from localhost:9092
27434 [main] INFO  kafka.producer.SyncProducer  - Connected to zionmainframe:9092 for producing
58088 [pool-1-thread-1] INFO  space.exploration.mars.rover.diagnostics.Pacemaker  - SCET: 1495842717604
equipmentHealth {
  key: "Battery"
  value: 1000
}
equipmentHealth {
  key: "Radio"
  value: 999
}
equipmentHealth {
  key: "Lidar"
  value: 550
}
equipmentHealth {
  key: "Camera"
  value: 1000
}
equipmentHealth {
  key: "Spectrometer"
  value: 1000
}
batteryLevel: 9980
moduleReporting: 3
notes: "This is rover Curiosity. Sending HeartBeat!"
location {
  y: 250
}

65338 [Thread-2] INFO  space.exploration.mars.rover.kernel.ListeningState  - timeStamp: 1495842701910
targets {
  estimatedPowerUsage: 20
  action: "ScanArea"
}

66339 [Thread-2] INFO  space.exploration.mars.rover.sensor.Lidar  - Lidar initialized and ready!
66341 [Thread-2] INFO  space.exploration.mars.rover.sensor.Lidar  - Wallbuilder set for lidar
66342 [Thread-2] INFO  space.exploration.mars.rover.sensor.Lidar  -  Scanning at location = java.awt.Point[x=0,y=250] Length of contacts  = 2
66343 [Thread-2] INFO  space.exploration.mars.rover.sensor.Lidar  - Lidar reporting contact designate Id:: 0 bearing:: 0 range:: 35.35533905932738
66343 [Thread-2] INFO  space.exploration.mars.rover.sensor.Lidar  - Lidar reporting contact designate Id:: 1 bearing:: 5 range:: 35.35533905932738
66344 [Thread-2] INFO  space.exploration.mars.rover.sensor.Lidar  - Lidar reporting contact designate Id:: 2 bearing:: 10 range:: 35.35533905932738
66344 [Thread-2] INFO  space.exploration.mars.rover.sensor.Lidar  - Lidar reporting contact designate Id:: 3 bearing:: 15 range:: 35.35533905932738
66345 [Thread-2] INFO  space.exploration.mars.rover.sensor.Lidar  - Lidar reporting contact designate Id:: 4 bearing:: 20 range:: 35.35533905932738
66345 [Thread-2] INFO  space.exploration.mars.rover.sensor.Lidar  - Lidar reporting contact designate Id:: 5 bearing:: 25 range:: 35.35533905932738
66345 [Thread-2] INFO  space.exploration.mars.rover.sensor.Lidar  - Lidar reporting contact designate Id:: 6 bearing:: 30 range:: 35.35533905932738
66346 [Thread-2] INFO  space.exploration.mars.rover.sensor.Lidar  - Lidar reporting contact designate Id:: 7 bearing:: 35 range:: 35.35533905932738
66346 [Thread-2] INFO  space.exploration.mars.rover.sensor.Lidar  - Lidar reporting contact designate Id:: 8 bearing:: 40 range:: 35.35533905932738
66347 [Thread-2] INFO  space.exploration.mars.rover.sensor.Lidar  - Lidar reporting contact designate Id:: 9 bearing:: 50 range:: 35.35533905932738
66348 [Thread-2] INFO  space.exploration.mars.rover.sensor.Lidar  - Lidar reporting contact designate Id:: 10 bearing:: 55 range:: 35.35533905932738
66348 [Thread-2] INFO  space.exploration.mars.rover.sensor.Lidar  - Lidar reporting contact designate Id:: 11 bearing:: 60 range:: 35.35533905932738
66348 [Thread-2] INFO  space.exploration.mars.rover.sensor.Lidar  - Lidar reporting contact designate Id:: 12 bearing:: 65 range:: 35.35533905932738
66349 [Thread-2] INFO  space.exploration.mars.rover.sensor.Lidar  - Lidar reporting contact designate Id:: 13 bearing:: 70 range:: 35.35533905932738
66349 [Thread-2] INFO  space.exploration.mars.rover.sensor.Lidar  - Lidar reporting contact designate Id:: 14 bearing:: 75 range:: 35.35533905932738
66349 [Thread-2] INFO  space.exploration.mars.rover.sensor.Lidar  - Lidar reporting contact designate Id:: 15 bearing:: 80 range:: 35.35533905932738
66349 [Thread-2] INFO  space.exploration.mars.rover.sensor.Lidar  - Lidar reporting contact designate Id:: 16 bearing:: 85 range:: 35.35533905932738
66350 [Thread-2] INFO  space.exploration.mars.rover.sensor.Lidar  - Lidar reporting contact designate Id:: 17 bearing:: 90 range:: 35.35533905932738
66350 [Thread-2] INFO  space.exploration.mars.rover.sensor.Lidar  - Lidar reporting contact designate Id:: 18 bearing:: 95 range:: 35.35533905932738
66350 [Thread-2] INFO  space.exploration.mars.rover.sensor.Lidar  - Lidar reporting contact designate Id:: 19 bearing:: 100 range:: 35.35533905932738
66350 [Thread-2] INFO  space.exploration.mars.rover.sensor.Lidar  - Lidar reporting contact designate Id:: 20 bearing:: 105 range:: 35.35533905932738
66351 [Thread-2] INFO  space.exploration.mars.rover.sensor.Lidar  - Lidar reporting contact designate Id:: 21 bearing:: 110 range:: 35.35533905932738
66351 [Thread-2] INFO  space.exploration.mars.rover.sensor.Lidar  - Lidar reporting contact designate Id:: 22 bearing:: 115 range:: 35.35533905932738
66351 [Thread-2] INFO  space.exploration.mars.rover.sensor.Lidar  - Lidar reporting contact designate Id:: 23 bearing:: 120 range:: 35.35533905932738
66351 [Thread-2] INFO  space.exploration.mars.rover.sensor.Lidar  - Lidar reporting contact designate Id:: 24 bearing:: 125 range:: 35.35533905932738
66352 [Thread-2] INFO  space.exploration.mars.rover.sensor.Lidar  - Lidar reporting contact designate Id:: 25 bearing:: 130 range:: 35.35533905932738
66358 [Thread-2] INFO  space.exploration.mars.rover.sensor.Lidar  - Lidar reporting contact designate Id:: 26 bearing:: 320 range:: 35.35533905932738
66361 [Thread-2] INFO  space.exploration.mars.rover.sensor.Lidar  - Lidar reporting contact designate Id:: 27 bearing:: 325 range:: 35.35533905932738
66361 [Thread-2] INFO  space.exploration.mars.rover.sensor.Lidar  - Lidar reporting contact designate Id:: 28 bearing:: 330 range:: 35.35533905932738
66361 [Thread-2] INFO  space.exploration.mars.rover.sensor.Lidar  - Lidar reporting contact designate Id:: 29 bearing:: 335 range:: 35.35533905932738
66362 [Thread-2] INFO  space.exploration.mars.rover.sensor.Lidar  - Lidar reporting contact designate Id:: 30 bearing:: 340 range:: 35.35533905932738
66362 [Thread-2] INFO  space.exploration.mars.rover.sensor.Lidar  - Lidar reporting contact designate Id:: 31 bearing:: 345 range:: 35.35533905932738
66362 [Thread-2] INFO  space.exploration.mars.rover.sensor.Lidar  - Lidar reporting contact designate Id:: 32 bearing:: 350 range:: 35.35533905932738
66362 [Thread-2] INFO  space.exploration.mars.rover.sensor.Lidar  - Lidar reporting contact designate Id:: 33 bearing:: 355 range:: 35.35533905932738
117037 [Thread-2] INFO  space.exploration.mars.rover.kernel.ListeningState  - timeStamp: 1495842704870
targets {
  estimatedPowerUsage: 20
  action: "ScanArea"
}

118037 [Thread-2] INFO  space.exploration.mars.rover.sensor.Lidar  - Lidar initialized and ready!
118038 [Thread-2] INFO  space.exploration.mars.rover.sensor.Lidar  - Wallbuilder set for lidar
118038 [Thread-2] INFO  space.exploration.mars.rover.sensor.Lidar  -  Scanning at location = java.awt.Point[x=0,y=250] Length of contacts  = 2
118038 [Thread-2] INFO  space.exploration.mars.rover.sensor.Lidar  - Lidar reporting contact designate Id:: 0 bearing:: 0 range:: 35.35533905932738
118039 [Thread-2] INFO  space.exploration.mars.rover.sensor.Lidar  - Lidar reporting contact designate Id:: 1 bearing:: 5 range:: 35.35533905932738
118039 [Thread-2] INFO  space.exploration.mars.rover.sensor.Lidar  - Lidar reporting contact designate Id:: 2 bearing:: 10 range:: 35.35533905932738
118039 [Thread-2] INFO  space.exploration.mars.rover.sensor.Lidar  - Lidar reporting contact designate Id:: 3 bearing:: 15 range:: 35.35533905932738
118039 [Thread-2] INFO  space.exploration.mars.rover.sensor.Lidar  - Lidar reporting contact designate Id:: 4 bearing:: 20 range:: 35.35533905932738
118039 [Thread-2] INFO  space.exploration.mars.rover.sensor.Lidar  - Lidar reporting contact designate Id:: 5 bearing:: 25 range:: 35.35533905932738
118039 [Thread-2] INFO  space.exploration.mars.rover.sensor.Lidar  - Lidar reporting contact designate Id:: 6 bearing:: 30 range:: 35.35533905932738
118040 [Thread-2] INFO  space.exploration.mars.rover.sensor.Lidar  - Lidar reporting contact designate Id:: 7 bearing:: 35 range:: 35.35533905932738
118040 [Thread-2] INFO  space.exploration.mars.rover.sensor.Lidar  - Lidar reporting contact designate Id:: 8 bearing:: 40 range:: 35.35533905932738
118040 [Thread-2] INFO  space.exploration.mars.rover.sensor.Lidar  - Lidar reporting contact designate Id:: 9 bearing:: 50 range:: 35.35533905932738
118040 [Thread-2] INFO  space.exploration.mars.rover.sensor.Lidar  - Lidar reporting contact designate Id:: 10 bearing:: 55 range:: 35.35533905932738
118040 [Thread-2] INFO  space.exploration.mars.rover.sensor.Lidar  - Lidar reporting contact designate Id:: 11 bearing:: 60 range:: 35.35533905932738
118040 [Thread-2] INFO  space.exploration.mars.rover.sensor.Lidar  - Lidar reporting contact designate Id:: 12 bearing:: 65 range:: 35.35533905932738
118040 [Thread-2] INFO  space.exploration.mars.rover.sensor.Lidar  - Lidar reporting contact designate Id:: 13 bearing:: 70 range:: 35.35533905932738
118040 [Thread-2] INFO  space.exploration.mars.rover.sensor.Lidar  - Lidar reporting contact designate Id:: 14 bearing:: 75 range:: 35.35533905932738
118040 [Thread-2] INFO  space.exploration.mars.rover.sensor.Lidar  - Lidar reporting contact designate Id:: 15 bearing:: 80 range:: 35.35533905932738
118040 [Thread-2] INFO  space.exploration.mars.rover.sensor.Lidar  - Lidar reporting contact designate Id:: 16 bearing:: 85 range:: 35.35533905932738
118040 [Thread-2] INFO  space.exploration.mars.rover.sensor.Lidar  - Lidar reporting contact designate Id:: 17 bearing:: 90 range:: 35.35533905932738
118041 [Thread-2] INFO  space.exploration.mars.rover.sensor.Lidar  - Lidar reporting contact designate Id:: 18 bearing:: 95 range:: 35.35533905932738
118041 [Thread-2] INFO  space.exploration.mars.rover.sensor.Lidar  - Lidar reporting contact designate Id:: 19 bearing:: 100 range:: 35.35533905932738
118041 [Thread-2] INFO  space.exploration.mars.rover.sensor.Lidar  - Lidar reporting contact designate Id:: 20 bearing:: 105 range:: 35.35533905932738
118041 [Thread-2] INFO  space.exploration.mars.rover.sensor.Lidar  - Lidar reporting contact designate Id:: 21 bearing:: 110 range:: 35.35533905932738
118041 [Thread-2] INFO  space.exploration.mars.rover.sensor.Lidar  - Lidar reporting contact designate Id:: 22 bearing:: 115 range:: 35.35533905932738
118041 [Thread-2] INFO  space.exploration.mars.rover.sensor.Lidar  - Lidar reporting contact designate Id:: 23 bearing:: 120 range:: 35.35533905932738
118041 [Thread-2] INFO  space.exploration.mars.rover.sensor.Lidar  - Lidar reporting contact designate Id:: 24 bearing:: 125 range:: 35.35533905932738
118041 [Thread-2] INFO  space.exploration.mars.rover.sensor.Lidar  - Lidar reporting contact designate Id:: 25 bearing:: 130 range:: 35.35533905932738
118042 [Thread-2] INFO  space.exploration.mars.rover.sensor.Lidar  - Lidar reporting contact designate Id:: 26 bearing:: 320 range:: 35.35533905932738
118042 [Thread-2] INFO  space.exploration.mars.rover.sensor.Lidar  - Lidar reporting contact designate Id:: 27 bearing:: 325 range:: 35.35533905932738
118043 [Thread-2] INFO  space.exploration.mars.rover.sensor.Lidar  - Lidar reporting contact designate Id:: 28 bearing:: 330 range:: 35.35533905932738
118043 [Thread-2] INFO  space.exploration.mars.rover.sensor.Lidar  - Lidar reporting contact designate Id:: 29 bearing:: 335 range:: 35.35533905932738
118043 [Thread-2] INFO  space.exploration.mars.rover.sensor.Lidar  - Lidar reporting contact designate Id:: 30 bearing:: 340 range:: 35.35533905932738
118043 [Thread-2] INFO  space.exploration.mars.rover.sensor.Lidar  - Lidar reporting contact designate Id:: 31 bearing:: 345 range:: 35.35533905932738
118043 [Thread-2] INFO  space.exploration.mars.rover.sensor.Lidar  - Lidar reporting contact designate Id:: 32 bearing:: 350 range:: 35.35533905932738
118043 [Thread-2] INFO  space.exploration.mars.rover.sensor.Lidar  - Lidar reporting contact designate Id:: 33 bearing:: 355 range:: 35.35533905932738
177998 [pool-1-thread-2] INFO  space.exploration.mars.rover.diagnostics.Pacemaker  - SCET: 1495842837595
equipmentHealth {
  key: "Battery"
  value: 1000
}
equipmentHealth {
  key: "Radio"
  value: 994
}
equipmentHealth {
  key: "Lidar"
  value: 350
}
equipmentHealth {
  key: "Camera"
  value: 1000
}
equipmentHealth {
  key: "Spectrometer"
  value: 1000
}
batteryLevel: 9919
moduleReporting: 3
notes: "This is rover Curiosity. Sending HeartBeat!"
location {
  y: 250
}

234730 [Thread-2] INFO  space.exploration.mars.rover.kernel.ListeningState  - timeStamp: 1495842868862
targets {
  estimatedPowerUsage: 20
  action: "ScanArea"
}

235731 [Thread-2] INFO  space.exploration.mars.rover.sensor.Lidar  - Lidar initialized and ready!
235731 [Thread-2] INFO  space.exploration.mars.rover.sensor.Lidar  - Wallbuilder set for lidar
235732 [Thread-2] INFO  space.exploration.mars.rover.sensor.Lidar  -  Scanning at location = java.awt.Point[x=0,y=250] Length of contacts  = 2
235732 [Thread-2] INFO  space.exploration.mars.rover.sensor.Lidar  - Lidar reporting contact designate Id:: 0 bearing:: 0 range:: 35.35533905932738
235732 [Thread-2] INFO  space.exploration.mars.rover.sensor.Lidar  - Lidar reporting contact designate Id:: 1 bearing:: 5 range:: 35.35533905932738
235732 [Thread-2] INFO  space.exploration.mars.rover.sensor.Lidar  - Lidar reporting contact designate Id:: 2 bearing:: 10 range:: 35.35533905932738
235732 [Thread-2] INFO  space.exploration.mars.rover.sensor.Lidar  - Lidar reporting contact designate Id:: 3 bearing:: 15 range:: 35.35533905932738
235732 [Thread-2] INFO  space.exploration.mars.rover.sensor.Lidar  - Lidar reporting contact designate Id:: 4 bearing:: 20 range:: 35.35533905932738
235732 [Thread-2] INFO  space.exploration.mars.rover.sensor.Lidar  - Lidar reporting contact designate Id:: 5 bearing:: 25 range:: 35.35533905932738
235732 [Thread-2] INFO  space.exploration.mars.rover.sensor.Lidar  - Lidar reporting contact designate Id:: 6 bearing:: 30 range:: 35.35533905932738
235732 [Thread-2] INFO  space.exploration.mars.rover.sensor.Lidar  - Lidar reporting contact designate Id:: 7 bearing:: 35 range:: 35.35533905932738
235733 [Thread-2] INFO  space.exploration.mars.rover.sensor.Lidar  - Lidar reporting contact designate Id:: 8 bearing:: 40 range:: 35.35533905932738
235733 [Thread-2] INFO  space.exploration.mars.rover.sensor.Lidar  - Lidar reporting contact designate Id:: 9 bearing:: 50 range:: 35.35533905932738
235733 [Thread-2] INFO  space.exploration.mars.rover.sensor.Lidar  - Lidar reporting contact designate Id:: 10 bearing:: 55 range:: 35.35533905932738
235733 [Thread-2] INFO  space.exploration.mars.rover.sensor.Lidar  - Lidar reporting contact designate Id:: 11 bearing:: 60 range:: 35.35533905932738
235733 [Thread-2] INFO  space.exploration.mars.rover.sensor.Lidar  - Lidar reporting contact designate Id:: 12 bearing:: 65 range:: 35.35533905932738
235733 [Thread-2] INFO  space.exploration.mars.rover.sensor.Lidar  - Lidar reporting contact designate Id:: 13 bearing:: 70 range:: 35.35533905932738
235733 [Thread-2] INFO  space.exploration.mars.rover.sensor.Lidar  - Lidar reporting contact designate Id:: 14 bearing:: 75 range:: 35.35533905932738
235733 [Thread-2] INFO  space.exploration.mars.rover.sensor.Lidar  - Lidar reporting contact designate Id:: 15 bearing:: 80 range:: 35.35533905932738
235733 [Thread-2] INFO  space.exploration.mars.rover.sensor.Lidar  - Lidar reporting contact designate Id:: 16 bearing:: 85 range:: 35.35533905932738
235734 [Thread-2] INFO  space.exploration.mars.rover.sensor.Lidar  - Lidar reporting contact designate Id:: 17 bearing:: 90 range:: 35.35533905932738
235734 [Thread-2] INFO  space.exploration.mars.rover.sensor.Lidar  - Lidar reporting contact designate Id:: 18 bearing:: 95 range:: 35.35533905932738
235734 [Thread-2] INFO  space.exploration.mars.rover.sensor.Lidar  - Lidar reporting contact designate Id:: 19 bearing:: 100 range:: 35.35533905932738
235734 [Thread-2] INFO  space.exploration.mars.rover.sensor.Lidar  - Lidar reporting contact designate Id:: 20 bearing:: 105 range:: 35.35533905932738
235734 [Thread-2] INFO  space.exploration.mars.rover.sensor.Lidar  - Lidar reporting contact designate Id:: 21 bearing:: 110 range:: 35.35533905932738
235734 [Thread-2] INFO  space.exploration.mars.rover.sensor.Lidar  - Lidar reporting contact designate Id:: 22 bearing:: 115 range:: 35.35533905932738
235734 [Thread-2] INFO  space.exploration.mars.rover.sensor.Lidar  - Lidar reporting contact designate Id:: 23 bearing:: 120 range:: 35.35533905932738
235734 [Thread-2] INFO  space.exploration.mars.rover.sensor.Lidar  - Lidar reporting contact designate Id:: 24 bearing:: 125 range:: 35.35533905932738
235734 [Thread-2] INFO  space.exploration.mars.rover.sensor.Lidar  - Lidar reporting contact designate Id:: 25 bearing:: 130 range:: 35.35533905932738
235735 [Thread-2] INFO  space.exploration.mars.rover.sensor.Lidar  - Lidar reporting contact designate Id:: 26 bearing:: 320 range:: 35.35533905932738
235735 [Thread-2] INFO  space.exploration.mars.rover.sensor.Lidar  - Lidar reporting contact designate Id:: 27 bearing:: 325 range:: 35.35533905932738
235735 [Thread-2] INFO  space.exploration.mars.rover.sensor.Lidar  - Lidar reporting contact designate Id:: 28 bearing:: 330 range:: 35.35533905932738
235735 [Thread-2] INFO  space.exploration.mars.rover.sensor.Lidar  - Lidar reporting contact designate Id:: 29 bearing:: 335 range:: 35.35533905932738
235736 [Thread-2] INFO  space.exploration.mars.rover.sensor.Lidar  - Lidar reporting contact designate Id:: 30 bearing:: 340 range:: 35.35533905932738
235736 [Thread-2] INFO  space.exploration.mars.rover.sensor.Lidar  - Lidar reporting contact designate Id:: 31 bearing:: 345 range:: 35.35533905932738
235736 [Thread-2] INFO  space.exploration.mars.rover.sensor.Lidar  - Lidar reporting contact designate Id:: 32 bearing:: 350 range:: 35.35533905932738
235736 [Thread-2] INFO  space.exploration.mars.rover.sensor.Lidar  - Lidar reporting contact designate Id:: 33 bearing:: 355 range:: 35.35533905932738
278758 [Thread-2] INFO  space.exploration.mars.rover.kernel.ListeningState  - timeStamp: 1495842871733
targets {
  estimatedPowerUsage: 20
  action: "ScanArea"
}

279759 [Thread-2] INFO  space.exploration.mars.rover.sensor.Lidar  - Lidar initialized and ready!
279760 [Thread-2] INFO  space.exploration.mars.rover.sensor.Lidar  - Wallbuilder set for lidar
279760 [Thread-2] INFO  space.exploration.mars.rover.sensor.Lidar  -  Scanning at location = java.awt.Point[x=0,y=250] Length of contacts  = 2
279761 [Thread-2] INFO  space.exploration.mars.rover.sensor.Lidar  - Lidar reporting contact designate Id:: 0 bearing:: 0 range:: 35.35533905932738
279761 [Thread-2] INFO  space.exploration.mars.rover.sensor.Lidar  - Lidar reporting contact designate Id:: 1 bearing:: 5 range:: 35.35533905932738
279761 [Thread-2] INFO  space.exploration.mars.rover.sensor.Lidar  - Lidar reporting contact designate Id:: 2 bearing:: 10 range:: 35.35533905932738
279761 [Thread-2] INFO  space.exploration.mars.rover.sensor.Lidar  - Lidar reporting contact designate Id:: 3 bearing:: 15 range:: 35.35533905932738
279761 [Thread-2] INFO  space.exploration.mars.rover.sensor.Lidar  - Lidar reporting contact designate Id:: 4 bearing:: 20 range:: 35.35533905932738
279761 [Thread-2] INFO  space.exploration.mars.rover.sensor.Lidar  - Lidar reporting contact designate Id:: 5 bearing:: 25 range:: 35.35533905932738
279761 [Thread-2] INFO  space.exploration.mars.rover.sensor.Lidar  - Lidar reporting contact designate Id:: 6 bearing:: 30 range:: 35.35533905932738
279761 [Thread-2] INFO  space.exploration.mars.rover.sensor.Lidar  - Lidar reporting contact designate Id:: 7 bearing:: 35 range:: 35.35533905932738
279762 [Thread-2] INFO  space.exploration.mars.rover.sensor.Lidar  - Lidar reporting contact designate Id:: 8 bearing:: 40 range:: 35.35533905932738
279762 [Thread-2] INFO  space.exploration.mars.rover.sensor.Lidar  - Lidar reporting contact designate Id:: 9 bearing:: 50 range:: 35.35533905932738
279762 [Thread-2] INFO  space.exploration.mars.rover.sensor.Lidar  - Lidar reporting contact designate Id:: 10 bearing:: 55 range:: 35.35533905932738
279762 [Thread-2] INFO  space.exploration.mars.rover.sensor.Lidar  - Lidar reporting contact designate Id:: 11 bearing:: 60 range:: 35.35533905932738
279762 [Thread-2] INFO  space.exploration.mars.rover.sensor.Lidar  - Lidar reporting contact designate Id:: 12 bearing:: 65 range:: 35.35533905932738
279762 [Thread-2] INFO  space.exploration.mars.rover.sensor.Lidar  - Lidar reporting contact designate Id:: 13 bearing:: 70 range:: 35.35533905932738
279762 [Thread-2] INFO  space.exploration.mars.rover.sensor.Lidar  - Lidar reporting contact designate Id:: 14 bearing:: 75 range:: 35.35533905932738
279762 [Thread-2] INFO  space.exploration.mars.rover.sensor.Lidar  - Lidar reporting contact designate Id:: 15 bearing:: 80 range:: 35.35533905932738
279763 [Thread-2] INFO  space.exploration.mars.rover.sensor.Lidar  - Lidar reporting contact designate Id:: 16 bearing:: 85 range:: 35.35533905932738
279763 [Thread-2] INFO  space.exploration.mars.rover.sensor.Lidar  - Lidar reporting contact designate Id:: 17 bearing:: 90 range:: 35.35533905932738
279763 [Thread-2] INFO  space.exploration.mars.rover.sensor.Lidar  - Lidar reporting contact designate Id:: 18 bearing:: 95 range:: 35.35533905932738
279763 [Thread-2] INFO  space.exploration.mars.rover.sensor.Lidar  - Lidar reporting contact designate Id:: 19 bearing:: 100 range:: 35.35533905932738
279763 [Thread-2] INFO  space.exploration.mars.rover.sensor.Lidar  - Lidar reporting contact designate Id:: 20 bearing:: 105 range:: 35.35533905932738
279763 [Thread-2] INFO  space.exploration.mars.rover.sensor.Lidar  - Lidar reporting contact designate Id:: 21 bearing:: 110 range:: 35.35533905932738
279763 [Thread-2] INFO  space.exploration.mars.rover.sensor.Lidar  - Lidar reporting contact designate Id:: 22 bearing:: 115 range:: 35.35533905932738
279763 [Thread-2] INFO  space.exploration.mars.rover.sensor.Lidar  - Lidar reporting contact designate Id:: 23 bearing:: 120 range:: 35.35533905932738
279763 [Thread-2] INFO  space.exploration.mars.rover.sensor.Lidar  - Lidar reporting contact designate Id:: 24 bearing:: 125 range:: 35.35533905932738
279763 [Thread-2] INFO  space.exploration.mars.rover.sensor.Lidar  - Lidar reporting contact designate Id:: 25 bearing:: 130 range:: 35.35533905932738
279764 [Thread-2] INFO  space.exploration.mars.rover.sensor.Lidar  - Lidar reporting contact designate Id:: 26 bearing:: 320 range:: 35.35533905932738
279764 [Thread-2] INFO  space.exploration.mars.rover.sensor.Lidar  - Lidar reporting contact designate Id:: 27 bearing:: 325 range:: 35.35533905932738
279764 [Thread-2] INFO  space.exploration.mars.rover.sensor.Lidar  - Lidar reporting contact designate Id:: 28 bearing:: 330 range:: 35.35533905932738
279765 [Thread-2] INFO  space.exploration.mars.rover.sensor.Lidar  - Lidar reporting contact designate Id:: 29 bearing:: 335 range:: 35.35533905932738
279765 [Thread-2] INFO  space.exploration.mars.rover.sensor.Lidar  - Lidar reporting contact designate Id:: 30 bearing:: 340 range:: 35.35533905932738
279765 [Thread-2] INFO  space.exploration.mars.rover.sensor.Lidar  - Lidar reporting contact designate Id:: 31 bearing:: 345 range:: 35.35533905932738
279765 [Thread-2] INFO  space.exploration.mars.rover.sensor.Lidar  - Lidar reporting contact designate Id:: 32 bearing:: 350 range:: 35.35533905932738
279765 [Thread-2] INFO  space.exploration.mars.rover.sensor.Lidar  - Lidar reporting contact designate Id:: 33 bearing:: 355 range:: 35.35533905932738
323932 [Thread-2] INFO  space.exploration.mars.rover.kernel.ListeningState  - timeStamp: 1495842874359
targets {
  estimatedPowerUsage: 20
  action: "ScanArea"
}

324933 [Thread-2] INFO  space.exploration.mars.rover.sensor.Lidar  - Lidar initialized and ready!
324934 [Thread-2] INFO  space.exploration.mars.rover.sensor.Lidar  - Wallbuilder set for lidar
324935 [Thread-2] INFO  space.exploration.mars.rover.sensor.Lidar  -  Scanning at location = java.awt.Point[x=0,y=250] Length of contacts  = 2
324935 [Thread-2] INFO  space.exploration.mars.rover.sensor.Lidar  - Lidar reporting contact designate Id:: 0 bearing:: 0 range:: 35.35533905932738
324935 [Thread-2] INFO  space.exploration.mars.rover.sensor.Lidar  - Lidar reporting contact designate Id:: 1 bearing:: 5 range:: 35.35533905932738
324935 [Thread-2] INFO  space.exploration.mars.rover.sensor.Lidar  - Lidar reporting contact designate Id:: 2 bearing:: 10 range:: 35.35533905932738
324935 [Thread-2] INFO  space.exploration.mars.rover.sensor.Lidar  - Lidar reporting contact designate Id:: 3 bearing:: 15 range:: 35.35533905932738
324935 [Thread-2] INFO  space.exploration.mars.rover.sensor.Lidar  - Lidar reporting contact designate Id:: 4 bearing:: 20 range:: 35.35533905932738
324935 [Thread-2] INFO  space.exploration.mars.rover.sensor.Lidar  - Lidar reporting contact designate Id:: 5 bearing:: 25 range:: 35.35533905932738
324935 [Thread-2] INFO  space.exploration.mars.rover.sensor.Lidar  - Lidar reporting contact designate Id:: 6 bearing:: 30 range:: 35.35533905932738
324935 [Thread-2] INFO  space.exploration.mars.rover.sensor.Lidar  - Lidar reporting contact designate Id:: 7 bearing:: 35 range:: 35.35533905932738
324935 [Thread-2] INFO  space.exploration.mars.rover.sensor.Lidar  - Lidar reporting contact designate Id:: 8 bearing:: 40 range:: 35.35533905932738
324935 [Thread-2] INFO  space.exploration.mars.rover.sensor.Lidar  - Lidar reporting contact designate Id:: 9 bearing:: 50 range:: 35.35533905932738
324935 [Thread-2] INFO  space.exploration.mars.rover.sensor.Lidar  - Lidar reporting contact designate Id:: 10 bearing:: 55 range:: 35.35533905932738
324935 [Thread-2] INFO  space.exploration.mars.rover.sensor.Lidar  - Lidar reporting contact designate Id:: 11 bearing:: 60 range:: 35.35533905932738
324936 [Thread-2] INFO  space.exploration.mars.rover.sensor.Lidar  - Lidar reporting contact designate Id:: 12 bearing:: 65 range:: 35.35533905932738
324936 [Thread-2] INFO  space.exploration.mars.rover.sensor.Lidar  - Lidar reporting contact designate Id:: 13 bearing:: 70 range:: 35.35533905932738
324936 [Thread-2] INFO  space.exploration.mars.rover.sensor.Lidar  - Lidar reporting contact designate Id:: 14 bearing:: 75 range:: 35.35533905932738
324936 [Thread-2] INFO  space.exploration.mars.rover.sensor.Lidar  - Lidar reporting contact designate Id:: 15 bearing:: 80 range:: 35.35533905932738
324936 [Thread-2] INFO  space.exploration.mars.rover.sensor.Lidar  - Lidar reporting contact designate Id:: 16 bearing:: 85 range:: 35.35533905932738
324936 [Thread-2] INFO  space.exploration.mars.rover.sensor.Lidar  - Lidar reporting contact designate Id:: 17 bearing:: 90 range:: 35.35533905932738
324936 [Thread-2] INFO  space.exploration.mars.rover.sensor.Lidar  - Lidar reporting contact designate Id:: 18 bearing:: 95 range:: 35.35533905932738
324936 [Thread-2] INFO  space.exploration.mars.rover.sensor.Lidar  - Lidar reporting contact designate Id:: 19 bearing:: 100 range:: 35.35533905932738
324936 [Thread-2] INFO  space.exploration.mars.rover.sensor.Lidar  - Lidar reporting contact designate Id:: 20 bearing:: 105 range:: 35.35533905932738
324936 [Thread-2] INFO  space.exploration.mars.rover.sensor.Lidar  - Lidar reporting contact designate Id:: 21 bearing:: 110 range:: 35.35533905932738
324937 [Thread-2] INFO  space.exploration.mars.rover.sensor.Lidar  - Lidar reporting contact designate Id:: 22 bearing:: 115 range:: 35.35533905932738
324937 [Thread-2] INFO  space.exploration.mars.rover.sensor.Lidar  - Lidar reporting contact designate Id:: 23 bearing:: 120 range:: 35.35533905932738
324937 [Thread-2] INFO  space.exploration.mars.rover.sensor.Lidar  - Lidar reporting contact designate Id:: 24 bearing:: 125 range:: 35.35533905932738
324937 [Thread-2] INFO  space.exploration.mars.rover.sensor.Lidar  - Lidar reporting contact designate Id:: 25 bearing:: 130 range:: 35.35533905932738
324938 [Thread-2] INFO  space.exploration.mars.rover.sensor.Lidar  - Lidar reporting contact designate Id:: 26 bearing:: 320 range:: 35.35533905932738
324938 [Thread-2] INFO  space.exploration.mars.rover.sensor.Lidar  - Lidar reporting contact designate Id:: 27 bearing:: 325 range:: 35.35533905932738
324938 [Thread-2] INFO  space.exploration.mars.rover.sensor.Lidar  - Lidar reporting contact designate Id:: 28 bearing:: 330 range:: 35.35533905932738
324939 [Thread-2] INFO  space.exploration.mars.rover.sensor.Lidar  - Lidar reporting contact designate Id:: 29 bearing:: 335 range:: 35.35533905932738
324939 [Thread-2] INFO  space.exploration.mars.rover.sensor.Lidar  - Lidar reporting contact designate Id:: 30 bearing:: 340 range:: 35.35533905932738
324939 [Thread-2] INFO  space.exploration.mars.rover.sensor.Lidar  - Lidar reporting contact designate Id:: 31 bearing:: 345 range:: 35.35533905932738
324939 [Thread-2] INFO  space.exploration.mars.rover.sensor.Lidar  - Lidar reporting contact designate Id:: 32 bearing:: 350 range:: 35.35533905932738
324940 [Thread-2] INFO  space.exploration.mars.rover.sensor.Lidar  - Lidar reporting contact designate Id:: 33 bearing:: 355 range:: 35.35533905932738
357997 [pool-1-thread-2] INFO  space.exploration.mars.rover.diagnostics.Pacemaker  - SCET: 1495843017595
equipmentHealth {
  key: "Battery"
  value: 1000
}
equipmentHealth {
  key: "Radio"
  value: 987
}
equipmentHealth {
  key: "Lidar"
  value: 50
}
equipmentHealth {
  key: "Camera"
  value: 1000
}
equipmentHealth {
  key: "Spectrometer"
  value: 1000
}
batteryLevel: 9798
moduleReporting: 3
notes: "This is rover Curiosity. Sending HeartBeat!"
location {
  y: 250
}

409653 [Thread-2] INFO  space.exploration.mars.rover.kernel.ListeningState  - timeStamp: 1495843053769
targets {
  estimatedPowerUsage: 20
  action: "ScanArea"
}

410654 [Thread-2] INFO  space.exploration.mars.rover.sensor.Lidar  - Lidar initialized and ready!
410655 [Thread-2] INFO  space.exploration.mars.rover.sensor.Lidar  - Wallbuilder set for lidar
410655 [Thread-2] INFO  space.exploration.mars.rover.sensor.Lidar  -  Scanning at location = java.awt.Point[x=0,y=250] Length of contacts  = 2
422035 [Thread-2] ERROR space.exploration.mars.rover.communication.Radio  - 
