9758 [main] INFO org.apache.kafka.clients.producer.ProducerConfig  - ProducerConfig values: 
	metric.reporters = []
	metadata.max.age.ms = 300000
	reconnect.backoff.ms = 50
	sasl.kerberos.ticket.renew.window.factor = 0.8
	bootstrap.servers = [localhost:9092]
	ssl.keystore.type = JKS
	sasl.mechanism = GSSAPI
	max.block.ms = 60000
	interceptor.classes = null
	ssl.truststore.password = null
	client.id = 
	ssl.endpoint.identification.algorithm = null
	request.timeout.ms = 30000
	acks = 1
	receive.buffer.bytes = 32768
	ssl.truststore.type = JKS
	retries = 0
	ssl.truststore.location = null
	ssl.keystore.password = null
	send.buffer.bytes = 131072
	compression.type = none
	metadata.fetch.timeout.ms = 60000
	retry.backoff.ms = 100
	sasl.kerberos.kinit.cmd = /usr/bin/kinit
	buffer.memory = 33554432
	timeout.ms = 30000
	key.serializer = class org.apache.kafka.common.serialization.StringSerializer
	sasl.kerberos.service.name = null
	sasl.kerberos.ticket.renew.jitter = 0.05
	ssl.trustmanager.algorithm = PKIX
	block.on.buffer.full = false
	ssl.key.password = null
	sasl.kerberos.min.time.before.relogin = 60000
	connections.max.idle.ms = 540000
	max.in.flight.requests.per.connection = 5
	metrics.num.samples = 2
	ssl.protocol = TLS
	ssl.provider = null
	ssl.enabled.protocols = [TLSv1.2, TLSv1.1, TLSv1]
	batch.size = 16384
	ssl.keystore.location = null
	ssl.cipher.suites = null
	security.protocol = PLAINTEXT
	max.request.size = 1048576
	value.serializer = class org.apache.kafka.common.serialization.ByteArraySerializer
	ssl.keymanager.algorithm = SunX509
	metrics.sample.window.ms = 30000
	partitioner.class = class org.apache.kafka.clients.producer.internals.DefaultPartitioner
	linger.ms = 0

9842 [main] INFO org.apache.kafka.clients.producer.ProducerConfig  - ProducerConfig values: 
	metric.reporters = []
	metadata.max.age.ms = 300000
	reconnect.backoff.ms = 50
	sasl.kerberos.ticket.renew.window.factor = 0.8
	bootstrap.servers = [localhost:9092]
	ssl.keystore.type = JKS
	sasl.mechanism = GSSAPI
	max.block.ms = 60000
	interceptor.classes = null
	ssl.truststore.password = null
	client.id = producer-1
	ssl.endpoint.identification.algorithm = null
	request.timeout.ms = 30000
	acks = 1
	receive.buffer.bytes = 32768
	ssl.truststore.type = JKS
	retries = 0
	ssl.truststore.location = null
	ssl.keystore.password = null
	send.buffer.bytes = 131072
	compression.type = none
	metadata.fetch.timeout.ms = 60000
	retry.backoff.ms = 100
	sasl.kerberos.kinit.cmd = /usr/bin/kinit
	buffer.memory = 33554432
	timeout.ms = 30000
	key.serializer = class org.apache.kafka.common.serialization.StringSerializer
	sasl.kerberos.service.name = null
	sasl.kerberos.ticket.renew.jitter = 0.05
	ssl.trustmanager.algorithm = PKIX
	block.on.buffer.full = false
	ssl.key.password = null
	sasl.kerberos.min.time.before.relogin = 60000
	connections.max.idle.ms = 540000
	max.in.flight.requests.per.connection = 5
	metrics.num.samples = 2
	ssl.protocol = TLS
	ssl.provider = null
	ssl.enabled.protocols = [TLSv1.2, TLSv1.1, TLSv1]
	batch.size = 16384
	ssl.keystore.location = null
	ssl.cipher.suites = null
	security.protocol = PLAINTEXT
	max.request.size = 1048576
	value.serializer = class org.apache.kafka.common.serialization.ByteArraySerializer
	ssl.keymanager.algorithm = SunX509
	metrics.sample.window.ms = 30000
	partitioner.class = class org.apache.kafka.clients.producer.internals.DefaultPartitioner
	linger.ms = 0

9842 [main] WARN org.apache.kafka.clients.producer.ProducerConfig  - The configuration zookeeper.connect = localhost:2181 was supplied but isn't a known config.
9842 [main] WARN org.apache.kafka.clients.producer.ProducerConfig  - The configuration group.id = space.exploration.mars.newRover was supplied but isn't a known config.
9842 [main] WARN org.apache.kafka.clients.producer.ProducerConfig  - The configuration source.topic = earth_to_curiosity_3 was supplied but isn't a known config.
9842 [main] WARN org.apache.kafka.clients.producer.ProducerConfig  - The configuration auto.offset.reset = largest was supplied but isn't a known config.
9842 [main] WARN org.apache.kafka.clients.producer.ProducerConfig  - The configuration metadata.broker.list = localhost:9092 was supplied but isn't a known config.
9842 [main] WARN org.apache.kafka.clients.producer.ProducerConfig  - The configuration destination.topic = curiosity_to_earth_3 was supplied but isn't a known config.
9843 [main] INFO org.apache.kafka.common.utils.AppInfoParser  - Kafka version : 0.10.0.1
9843 [main] INFO org.apache.kafka.common.utils.AppInfoParser  - Kafka commitId : a7a17cdec9eaa6c5
9943 [main] INFO kafka.utils.VerifiableProperties  - Verifying properties
9960 [main] INFO kafka.utils.VerifiableProperties  - Property auto.offset.reset is overridden to largest
9961 [main] WARN kafka.utils.VerifiableProperties  - Property bootstrap.servers is not valid
9961 [main] WARN kafka.utils.VerifiableProperties  - Property destination.topic is not valid
9961 [main] INFO kafka.utils.VerifiableProperties  - Property group.id is overridden to space.exploration.mars.newRover
9961 [main] WARN kafka.utils.VerifiableProperties  - Property key.serializer is not valid
9961 [main] WARN kafka.utils.VerifiableProperties  - Property metadata.broker.list is not valid
9961 [main] WARN kafka.utils.VerifiableProperties  - Property source.topic is not valid
9961 [main] WARN kafka.utils.VerifiableProperties  - Property value.serializer is not valid
9961 [main] INFO kafka.utils.VerifiableProperties  - Property zookeeper.connect is overridden to localhost:2181
9989 [main] INFO kafka.consumer.ZookeeperConsumerConnector  - [space.exploration.mars.newRover_zion-portable-1507951584946-906958e9], Connecting to zookeeper instance at localhost:2181
9994 [ZkClient-EventThread-25-localhost:2181] INFO org.I0Itec.zkclient.ZkEventThread  - Starting ZkClient event thread.
9997 [main] INFO org.apache.zookeeper.ZooKeeper  - Client environment:zookeeper.version=3.4.6-1569965, built on 02/20/2014 09:09 GMT
9997 [main] INFO org.apache.zookeeper.ZooKeeper  - Client environment:host.name=zion-portable
9997 [main] INFO org.apache.zookeeper.ZooKeeper  - Client environment:java.version=1.8.0_131
9997 [main] INFO org.apache.zookeeper.ZooKeeper  - Client environment:java.vendor=Oracle Corporation
9997 [main] INFO org.apache.zookeeper.ZooKeeper  - Client environment:java.home=/usr/lib/jvm/java-8-openjdk-amd64/jre
9997 [main] INFO org.apache.zookeeper.ZooKeeper  - Client environment:java.class.path=target/mars.rover-0.0.1-SOLSHOT-shaded.jar
9997 [main] INFO org.apache.zookeeper.ZooKeeper  - Client environment:java.library.path=/usr/java/packages/lib/amd64:/usr/lib/x86_64-linux-gnu/jni:/lib/x86_64-linux-gnu:/usr/lib/x86_64-linux-gnu:/usr/lib/jni:/lib:/usr/lib
9997 [main] INFO org.apache.zookeeper.ZooKeeper  - Client environment:java.io.tmpdir=/tmp
9997 [main] INFO org.apache.zookeeper.ZooKeeper  - Client environment:java.compiler=<NA>
9997 [main] INFO org.apache.zookeeper.ZooKeeper  - Client environment:os.name=Linux
9997 [main] INFO org.apache.zookeeper.ZooKeeper  - Client environment:os.arch=amd64
9997 [main] INFO org.apache.zookeeper.ZooKeeper  - Client environment:os.version=4.10.0-37-generic
9997 [main] INFO org.apache.zookeeper.ZooKeeper  - Client environment:user.name=sanket
9997 [main] INFO org.apache.zookeeper.ZooKeeper  - Client environment:user.home=/home/sanket
9998 [main] INFO org.apache.zookeeper.ZooKeeper  - Client environment:user.dir=/home/sanket/Documents/workspace/MarsRover/mars.rover
9998 [main] INFO org.apache.zookeeper.ZooKeeper  - Initiating client connection, connectString=localhost:2181 sessionTimeout=6000 watcher=org.I0Itec.zkclient.ZkClient@1ab3a8c8
10012 [main] INFO org.I0Itec.zkclient.ZkClient  - Waiting for keeper state SyncConnected
10015 [main-SendThread(localhost:2181)] INFO org.apache.zookeeper.ClientCnxn  - Opening socket connection to server localhost/127.0.0.1:2181. Will not attempt to authenticate using SASL (unknown error)
10018 [main-SendThread(localhost:2181)] INFO org.apache.zookeeper.ClientCnxn  - Socket connection established to localhost/127.0.0.1:2181, initiating session
10033 [main-SendThread(localhost:2181)] INFO org.apache.zookeeper.ClientCnxn  - Session establishment complete on server localhost/127.0.0.1:2181, sessionid = 0x15f174a05310016, negotiated timeout = 6000
10036 [main-EventThread] INFO org.I0Itec.zkclient.ZkClient  - zookeeper state changed (SyncConnected)
10047 [main] INFO kafka.consumer.ZookeeperConsumerConnector  - [space.exploration.mars.newRover_zion-portable-1507951584946-906958e9], starting auto committer every 60000 ms
10074 [Thread-1] INFO kafka.consumer.ZookeeperConsumerConnector  - [space.exploration.mars.newRover_zion-portable-1507951584946-906958e9], begin registering consumer space.exploration.mars.newRover_zion-portable-1507951584946-906958e9 in ZK
10095 [Thread-1] INFO kafka.utils.ZKCheckedEphemeral  - Creating /consumers/space.exploration.mars.newRover/ids/space.exploration.mars.newRover_zion-portable-1507951584946-906958e9 (is it secure? false)
10103 [Thread-1] INFO kafka.utils.ZKCheckedEphemeral  - Result of znode creation is: OK
10103 [Thread-1] INFO kafka.consumer.ZookeeperConsumerConnector  - [space.exploration.mars.newRover_zion-portable-1507951584946-906958e9], end registering consumer space.exploration.mars.newRover_zion-portable-1507951584946-906958e9 in ZK
10106 [space.exploration.mars.newRover_zion-portable-1507951584946-906958e9_watcher_executor] INFO kafka.consumer.ZookeeperConsumerConnector  - [space.exploration.mars.newRover_zion-portable-1507951584946-906958e9], starting watcher executor thread for consumer space.exploration.mars.newRover_zion-portable-1507951584946-906958e9
10118 [Thread-1] INFO kafka.consumer.ZookeeperConsumerConnector  - [space.exploration.mars.newRover_zion-portable-1507951584946-906958e9], begin rebalancing consumer space.exploration.mars.newRover_zion-portable-1507951584946-906958e9 try #0
10191 [Thread-1] INFO kafka.consumer.ConsumerFetcherManager  - [ConsumerFetcherManager-1507951585003] Stopping leader finder thread
10191 [Thread-1] INFO kafka.consumer.ConsumerFetcherManager  - [ConsumerFetcherManager-1507951585003] Stopping all fetchers
10192 [Thread-1] INFO kafka.consumer.ConsumerFetcherManager  - [ConsumerFetcherManager-1507951585003] All connections stopped
10192 [Thread-1] INFO kafka.consumer.ZookeeperConsumerConnector  - [space.exploration.mars.newRover_zion-portable-1507951584946-906958e9], Cleared all relevant queues for this fetcher
10193 [Thread-1] INFO kafka.consumer.ZookeeperConsumerConnector  - [space.exploration.mars.newRover_zion-portable-1507951584946-906958e9], Cleared the data chunks in all the consumer message iterators
10193 [Thread-1] INFO kafka.consumer.ZookeeperConsumerConnector  - [space.exploration.mars.newRover_zion-portable-1507951584946-906958e9], Committing all offsets after clearing the fetcher queues
10193 [Thread-1] INFO kafka.consumer.ZookeeperConsumerConnector  - [space.exploration.mars.newRover_zion-portable-1507951584946-906958e9], Releasing partition ownership
10214 [Thread-1] INFO kafka.consumer.RangeAssignor  - Consumer space.exploration.mars.newRover_zion-portable-1507951584946-906958e9 rebalancing the following partitions: ArrayBuffer(0) for topic earth_to_curiosity_3 with consumers: List(space.exploration.mars.newRover_zion-portable-1507951584946-906958e9-0)
10216 [Thread-1] INFO kafka.consumer.RangeAssignor  - space.exploration.mars.newRover_zion-portable-1507951584946-906958e9-0 attempting to claim partition 0
10258 [Thread-1] INFO kafka.consumer.ZookeeperConsumerConnector  - [space.exploration.mars.newRover_zion-portable-1507951584946-906958e9], space.exploration.mars.newRover_zion-portable-1507951584946-906958e9-0 successfully owned partition 0 for topic earth_to_curiosity_3
10268 [Thread-1] INFO kafka.consumer.ZookeeperConsumerConnector  - [space.exploration.mars.newRover_zion-portable-1507951584946-906958e9], Consumer space.exploration.mars.newRover_zion-portable-1507951584946-906958e9 selected partitions : earth_to_curiosity_3:0: fetched offset = 12: consumed offset = 12
10270 [space.exploration.mars.newRover_zion-portable-1507951584946-906958e9-leader-finder-thread] INFO kafka.consumer.ConsumerFetcherManager$LeaderFinderThread  - [space.exploration.mars.newRover_zion-portable-1507951584946-906958e9-leader-finder-thread], Starting 
10270 [Thread-1] INFO kafka.consumer.ZookeeperConsumerConnector  - [space.exploration.mars.newRover_zion-portable-1507951584946-906958e9], end rebalancing consumer space.exploration.mars.newRover_zion-portable-1507951584946-906958e9 try #0
10282 [space.exploration.mars.newRover_zion-portable-1507951584946-906958e9-leader-finder-thread] INFO kafka.utils.VerifiableProperties  - Verifying properties
10282 [space.exploration.mars.newRover_zion-portable-1507951584946-906958e9-leader-finder-thread] INFO kafka.utils.VerifiableProperties  - Property client.id is overridden to space.exploration.mars.newRover
10283 [space.exploration.mars.newRover_zion-portable-1507951584946-906958e9-leader-finder-thread] INFO kafka.utils.VerifiableProperties  - Property metadata.broker.list is overridden to zion-portable:9092
10283 [space.exploration.mars.newRover_zion-portable-1507951584946-906958e9-leader-finder-thread] INFO kafka.utils.VerifiableProperties  - Property request.timeout.ms is overridden to 30000
10293 [space.exploration.mars.newRover_zion-portable-1507951584946-906958e9-leader-finder-thread] INFO kafka.client.ClientUtils$  - Fetching metadata from broker BrokerEndPoint(0,zion-portable,9092) with correlation id 0 for 1 topic(s) Set(earth_to_curiosity_3)
10296 [space.exploration.mars.newRover_zion-portable-1507951584946-906958e9-leader-finder-thread] INFO kafka.producer.SyncProducer  - Connected to zion-portable:9092 for producing
10305 [space.exploration.mars.newRover_zion-portable-1507951584946-906958e9-leader-finder-thread] INFO kafka.producer.SyncProducer  - Disconnecting from zion-portable:9092
10317 [ConsumerFetcherThread-space.exploration.mars.newRover_zion-portable-1507951584946-906958e9-0-0] INFO kafka.consumer.ConsumerFetcherThread  - [ConsumerFetcherThread-space.exploration.mars.newRover_zion-portable-1507951584946-906958e9-0-0], Starting 
10319 [space.exploration.mars.newRover_zion-portable-1507951584946-906958e9-leader-finder-thread] INFO kafka.consumer.ConsumerFetcherManager  - [ConsumerFetcherManager-1507951585003] Added fetcher for partitions ArrayBuffer([[earth_to_curiosity_3,0], initOffset 12 to broker BrokerEndPoint(0,zion-portable,9092)] )
28807 [pool-3-thread-1] INFO space.exploration.mars.rover.animation.SleepingAnimationEngine  - Rover is sleeping now
55987 [pool-2-thread-1] INFO space.exploration.mars.rover.diagnostics.Pacemaker  - Diagnostics inhibited because rover is sleeping to conserve battery Current instructionQueue length = 0
56990 [pool-3-thread-1] INFO space.exploration.mars.rover.diagnostics.SleepMonitor  - Awakening rover from slumber
56991 [pool-3-thread-1] INFO space.exploration.mars.rover.animation.SleepingAnimationEngine  - Waking up rover
143490 [Thread-1] INFO space.exploration.mars.rover.kernel.ListeningState  - 1507951718448,8,ClickCamera Current instructionQueue length = 0
310597 [pool-3-thread-1] INFO space.exploration.mars.rover.animation.SleepingAnimationEngine  - Rover is sleeping now
355986 [pool-2-thread-1] INFO space.exploration.mars.rover.diagnostics.Pacemaker  - Diagnostics inhibited because rover is sleeping to conserve battery Current instructionQueue length = 0
356250 [Thread-1] INFO space.exploration.mars.rover.kernel.SleepingState  - Awaking from sleeping state
356251 [Thread-1] INFO space.exploration.mars.rover.animation.SleepingAnimationEngine  - Waking up rover
365285 [Thread-1] INFO space.exploration.mars.rover.kernel.ListeningState  - 1507951940242,8,ClickCamera Current instructionQueue length = 0
444733 [Thread-1] INFO space.exploration.mars.rover.kernel.ListeningState  - 1507952019691,8,ClickCamera Current instructionQueue length = 0
570231 [Thread-1] INFO space.exploration.mars.rover.kernel.ListeningState  - 1507952145189,8,ClickCamera Current instructionQueue length = 0
642792 [Thread-1] INFO space.exploration.mars.rover.kernel.ListeningState  - 1507952217750,8,ClickCamera Current instructionQueue length = 0
705555 [Thread-1] INFO space.exploration.mars.rover.kernel.ListeningState  - 1507952280513,8,ClickCamera Current instructionQueue length = 0
839482 [Thread-1] INFO space.exploration.mars.rover.kernel.ListeningState  - 1507952414440,8,ClickCamera Current instructionQueue length = 0
977216 [pool-3-thread-1] INFO space.exploration.mars.rover.animation.SleepingAnimationEngine  - Rover is sleeping now
