2018-01-07 20:45:08,275 [main] INFO space.exploration.mars.rover.kernel.SpacecraftClock  - Valid utc time ranges are dictated by clockService as follows:
2018-01-07 20:45:08,275 [main] INFO space.exploration.mars.rover.kernel.SpacecraftClock  - APPLICABLE_START_TIME=2000-001T11:58:55.816, APPLICABLE_STOP_TIME=2017-360T19:17:40.149
2018-01-07 20:45:08,275 [main] INFO space.exploration.mars.rover.kernel.SpacecraftClock  - Given UTC = 2016-08-26~17:49:00
2018-01-07 20:45:08,275 [main] INFO space.exploration.mars.rover.kernel.SpacecraftClock  - Please ensure that positionSensor and sclk are synchronized
2018-01-07 20:45:08,277 [main] INFO space.exploration.mars.rover.kernel.SpacecraftClock  - Curiosity internal spacecraft clock started at :: 2016-08-26T22:49:00.000Z
2018-01-07 20:45:08,277 [main] INFO space.exploration.mars.rover.kernel.SpacecraftClock  - Mission duration is set to :: 1 year(s).
2018-01-07 20:45:08,277 [main] INFO space.exploration.mars.rover.kernel.SpacecraftClock  - Mission duration = 31536000000
2018-01-07 20:45:08,277 [main] INFO space.exploration.mars.rover.kernel.SpacecraftClock  - Internal time::2016-08-26T22:49:00.000Z sclk of::
2018-01-07 20:45:09,278 [main] INFO space.exploration.mars.rover.kernel.SpacecraftClock  - Internal time::2016-08-26T17:51:00.000-05:00 sclk of::1/01442:12:14:48:11433
2018-01-07 20:45:10,279 [main] INFO space.exploration.mars.rover.kernel.SpacecraftClock  - Internal time::2016-08-26T17:52:00.000-05:00 sclk of::1/01442:12:15:46:50899
2018-01-07 20:45:11,280 [main] INFO space.exploration.mars.rover.kernel.SpacecraftClock  - Internal time::2016-08-26T17:53:00.000-05:00 sclk of::1/01442:12:16:44:90365
2018-01-07 20:45:12,281 [main] INFO space.exploration.mars.rover.kernel.SpacecraftClock  - Internal time::2016-08-26T17:54:00.000-05:00 sclk of::1/01442:12:17:43:29830
2018-01-07 20:45:13,282 [main] INFO space.exploration.mars.rover.kernel.SpacecraftClock  - Internal time::2016-08-26T17:55:00.000-05:00 sclk of::1/01442:12:18:41:69296
2018-01-07 20:45:14,283 [main] INFO space.exploration.mars.rover.kernel.SpacecraftClock  - Internal time::2016-08-26T17:56:00.000-05:00 sclk of::1/01442:12:19:40:08762
2018-01-07 20:45:15,283 [main] INFO space.exploration.mars.rover.kernel.SpacecraftClock  - Internal time::2016-08-26T17:57:00.000-05:00 sclk of::1/01442:12:20:38:48228
2018-01-07 20:45:16,284 [main] INFO space.exploration.mars.rover.kernel.SpacecraftClock  - Internal time::2016-08-26T17:58:00.000-05:00 sclk of::1/01442:12:21:36:87694
2018-01-07 20:45:17,285 [main] INFO space.exploration.mars.rover.kernel.SpacecraftClock  - Internal time::2016-08-26T17:59:00.000-05:00 sclk of::1/01442:12:22:35:27159
2018-01-07 20:45:18,286 [main] INFO space.exploration.mars.rover.kernel.SpacecraftClock  - Internal time::2016-08-26T18:00:00.000-05:00 sclk of::1/01442:12:23:33:66625
2018-01-07 20:45:18,387 [main] INFO space.exploration.mars.rover.kernel.SpacecraftClock  - Internal time::2016-08-26T18:00:00.000-05:00 sclk of::1/01442:12:24:32:06091
2018-01-07 20:45:19,458 [main] INFO space.exploration.mars.rover.kernel.SpacecraftClock  - Valid utc time ranges are dictated by clockService as follows:
2018-01-07 20:45:19,459 [main] INFO space.exploration.mars.rover.kernel.SpacecraftClock  - APPLICABLE_START_TIME=2000-001T11:58:55.816, APPLICABLE_STOP_TIME=2017-360T19:17:40.149
2018-01-07 20:45:19,459 [main] INFO space.exploration.mars.rover.kernel.SpacecraftClock  - Given UTC = 2016-08-26~17:49:00
2018-01-07 20:45:19,459 [main] INFO space.exploration.mars.rover.kernel.SpacecraftClock  - Please ensure that positionSensor and sclk are synchronized
2018-01-07 20:45:19,459 [main] INFO space.exploration.mars.rover.kernel.SpacecraftClock  - Curiosity internal spacecraft clock started at :: 2016-08-26T22:49:00.000Z
2018-01-07 20:45:19,459 [main] INFO space.exploration.mars.rover.kernel.SpacecraftClock  - Mission duration is set to :: 1 year(s).
2018-01-07 20:45:19,459 [main] INFO space.exploration.mars.rover.kernel.SpacecraftClock  - Mission duration = 31536000000
2018-01-07 20:45:19,459 [main] INFO space.exploration.mars.rover.kernel.SpacecraftClock  - Internal time::2016-08-26T22:49:00.000Z sclk of::
2018-01-07 20:45:20,488 [main] INFO space.exploration.mars.rover.kernel.SpacecraftClock  - Valid utc time ranges are dictated by clockService as follows:
2018-01-07 20:45:20,488 [main] INFO space.exploration.mars.rover.kernel.SpacecraftClock  - APPLICABLE_START_TIME=2000-001T11:58:55.816, APPLICABLE_STOP_TIME=2017-360T19:17:40.149
2018-01-07 20:45:20,488 [main] INFO space.exploration.mars.rover.kernel.SpacecraftClock  - Given UTC = 2016-08-26~17:49:00
2018-01-07 20:45:20,488 [main] INFO space.exploration.mars.rover.kernel.SpacecraftClock  - Please ensure that positionSensor and sclk are synchronized
2018-01-07 20:45:20,488 [main] INFO space.exploration.mars.rover.kernel.SpacecraftClock  - Curiosity internal spacecraft clock started at :: 2016-08-26T22:49:00.000Z
2018-01-07 20:45:20,488 [main] INFO space.exploration.mars.rover.kernel.SpacecraftClock  - Mission duration is set to :: 1 year(s).
2018-01-07 20:45:20,488 [main] INFO space.exploration.mars.rover.kernel.SpacecraftClock  - Mission duration = 31536000000
2018-01-07 20:45:20,488 [main] INFO space.exploration.mars.rover.kernel.SpacecraftClock  - UTCTime = 2016-05-05~12:00:00
2018-01-07 20:45:20,488 [main] INFO space.exploration.mars.rover.kernel.SpacecraftClock  - Valid utc time ranges are dictated by clockService as follows:
2018-01-07 20:45:20,488 [main] INFO space.exploration.mars.rover.kernel.SpacecraftClock  - APPLICABLE_START_TIME=2000-001T11:58:55.816, APPLICABLE_STOP_TIME=2017-360T19:17:40.149
2018-01-07 20:45:20,489 [main] INFO space.exploration.mars.rover.kernel.SpacecraftClock  - Given UTC = 2016-05-05~12:00:00
2018-01-07 20:45:20,489 [main] INFO space.exploration.mars.rover.kernel.SpacecraftClock  - Please ensure that positionSensor and sclk are synchronized
2018-01-07 20:45:21,489 [main] INFO space.exploration.mars.rover.kernel.SpacecraftClock  - Internal time::2016-05-05T12:03:00.000-05:00 sclk of::1/01332:07:09:48:04872
2018-01-07 20:45:22,489 [main] INFO space.exploration.mars.rover.kernel.SpacecraftClock  - Internal time::2016-05-05T12:05:00.000-05:00 sclk of::1/01332:07:11:44:83804
2018-01-07 20:45:23,490 [main] INFO space.exploration.mars.rover.kernel.SpacecraftClock  - Internal time::2016-05-05T12:07:00.000-05:00 sclk of::1/01332:07:13:41:62735
2018-01-07 20:45:24,491 [main] INFO space.exploration.mars.rover.kernel.SpacecraftClock  - Internal time::2016-05-05T12:09:00.000-05:00 sclk of::1/01332:07:15:38:41667
2018-01-07 20:45:25,492 [main] INFO space.exploration.mars.rover.kernel.SpacecraftClock  - Internal time::2016-05-05T12:11:00.000-05:00 sclk of::1/01332:07:17:35:20598
2018-01-07 20:45:26,492 [main] INFO space.exploration.mars.rover.kernel.SpacecraftClock  - Internal time::2016-05-05T12:13:00.000-05:00 sclk of::1/01332:07:19:31:99530
2018-01-07 20:45:27,493 [main] INFO space.exploration.mars.rover.kernel.SpacecraftClock  - Internal time::2016-05-05T12:15:00.000-05:00 sclk of::1/01332:07:21:28:78461
2018-01-07 20:45:28,494 [main] INFO space.exploration.mars.rover.kernel.SpacecraftClock  - Internal time::2016-05-05T12:17:00.000-05:00 sclk of::1/01332:07:23:25:57393
2018-01-07 20:45:29,494 [main] INFO space.exploration.mars.rover.kernel.SpacecraftClock  - Internal time::2016-05-05T12:19:00.000-05:00 sclk of::1/01332:07:25:22:36325
2018-01-07 20:45:30,495 [main] INFO space.exploration.mars.rover.kernel.SpacecraftClock  - Internal time::2016-05-05T12:21:00.000-05:00 sclk of::1/01332:07:27:19:15256
2018-01-07 20:45:30,496 [main] INFO space.exploration.mars.rover.kernel.SpacecraftClock  - Internal time::2016-05-05T12:21:00.000-05:00 sclk of::1/01332:07:27:19:15256
