0    [main] INFO  space.exploration.mars.rover.kernel.Rover  - Rover current position is = java.awt.Point[x=350,y=250]
1007 [main] INFO  space.exploration.mars.rover.sensor.Lidar  - Lidar initialized and ready!
2015 [main] INFO  space.exploration.mars.rover.sensor.Spectrometer  - Spectrometer initialized and ready!
3364 [main] INFO  space.exploration.mars.rover.sensor.Camera  - Camera initialized and ready!
4368 [main] INFO  space.exploration.mars.rover.sensor.Radar  - Radar configured:: 
5376 [main] INFO  space.exploration.mars.rover.power.Battery  - Battery configured, batteryLife:primaryPowerUnits = 10000 auxiliaryPowerUnits = 1000 alertThreshold: 100 rechargeTime = 60000
5729 [main] INFO  kafka.utils.VerifiableProperties  - Verifying properties
5760 [main] WARN  kafka.utils.VerifiableProperties  - Property auto.offset.reset is not valid
5760 [main] WARN  kafka.utils.VerifiableProperties  - Property destination.topic is not valid
5760 [main] WARN  kafka.utils.VerifiableProperties  - Property group.id is not valid
5761 [main] INFO  kafka.utils.VerifiableProperties  - Property metadata.broker.list is overridden to localhost:9092
5761 [main] WARN  kafka.utils.VerifiableProperties  - Property source.topic is not valid
5761 [main] WARN  kafka.utils.VerifiableProperties  - Property zookeeper.connect is not valid
5812 [main] INFO  kafka.utils.VerifiableProperties  - Verifying properties
5812 [main] INFO  kafka.utils.VerifiableProperties  - Property auto.offset.reset is overridden to largest
5812 [main] WARN  kafka.utils.VerifiableProperties  - Property destination.topic is not valid
5812 [main] INFO  kafka.utils.VerifiableProperties  - Property group.id is overridden to space.exploration.mars.rover
5812 [main] WARN  kafka.utils.VerifiableProperties  - Property metadata.broker.list is not valid
5812 [main] WARN  kafka.utils.VerifiableProperties  - Property source.topic is not valid
5814 [main] INFO  kafka.utils.VerifiableProperties  - Property zookeeper.connect is overridden to localhost:2181
10851 [main] INFO  kafka.consumer.ZookeeperConsumerConnector  - [space.exploration.mars.rover_Sankets-MacBook-Pro.local-1496934772583-a1e05b3e], Connecting to zookeeper instance at localhost:2181
10862 [ZkClient-EventThread-22-localhost:2181] INFO  org.I0Itec.zkclient.ZkEventThread  - Starting ZkClient event thread.
15893 [main] INFO  org.apache.zookeeper.ZooKeeper  - Client environment:zookeeper.version=3.4.6-1569965, built on 02/20/2014 09:09 GMT
15893 [main] INFO  org.apache.zookeeper.ZooKeeper  - Client environment:host.name=10.36.201.55
15893 [main] INFO  org.apache.zookeeper.ZooKeeper  - Client environment:java.version=1.8.0_121
15893 [main] INFO  org.apache.zookeeper.ZooKeeper  - Client environment:java.vendor=Oracle Corporation
15893 [main] INFO  org.apache.zookeeper.ZooKeeper  - Client environment:java.home=/Library/Java/JavaVirtualMachines/jdk1.8.0_121.jdk/Contents/Home/jre
15893 [main] INFO  org.apache.zookeeper.ZooKeeper  - Client environment:java.class.path=/Library/Java/JavaVirtualMachines/jdk1.8.0_121.jdk/Contents/Home/jre/lib/charsets.jar:/Library/Java/JavaVirtualMachines/jdk1.8.0_121.jdk/Contents/Home/jre/lib/deploy.jar:/Library/Java/JavaVirtualMachines/jdk1.8.0_121.jdk/Contents/Home/jre/lib/ext/cldrdata.jar:/Library/Java/JavaVirtualMachines/jdk1.8.0_121.jdk/Contents/Home/jre/lib/ext/dnsns.jar:/Library/Java/JavaVirtualMachines/jdk1.8.0_121.jdk/Contents/Home/jre/lib/ext/jaccess.jar:/Library/Java/JavaVirtualMachines/jdk1.8.0_121.jdk/Contents/Home/jre/lib/ext/jfxrt.jar:/Library/Java/JavaVirtualMachines/jdk1.8.0_121.jdk/Contents/Home/jre/lib/ext/localedata.jar:/Library/Java/JavaVirtualMachines/jdk1.8.0_121.jdk/Contents/Home/jre/lib/ext/nashorn.jar:/Library/Java/JavaVirtualMachines/jdk1.8.0_121.jdk/Contents/Home/jre/lib/ext/sunec.jar:/Library/Java/JavaVirtualMachines/jdk1.8.0_121.jdk/Contents/Home/jre/lib/ext/sunjce_provider.jar:/Library/Java/JavaVirtualMachines/jdk1.8.0_121.jdk/Contents/Home/jre/lib/ext/sunpkcs11.jar:/Library/Java/JavaVirtualMachines/jdk1.8.0_121.jdk/Contents/Home/jre/lib/ext/zipfs.jar:/Library/Java/JavaVirtualMachines/jdk1.8.0_121.jdk/Contents/Home/jre/lib/javaws.jar:/Library/Java/JavaVirtualMachines/jdk1.8.0_121.jdk/Contents/Home/jre/lib/jce.jar:/Library/Java/JavaVirtualMachines/jdk1.8.0_121.jdk/Contents/Home/jre/lib/jfr.jar:/Library/Java/JavaVirtualMachines/jdk1.8.0_121.jdk/Contents/Home/jre/lib/jfxswt.jar:/Library/Java/JavaVirtualMachines/jdk1.8.0_121.jdk/Contents/Home/jre/lib/jsse.jar:/Library/Java/JavaVirtualMachines/jdk1.8.0_121.jdk/Contents/Home/jre/lib/management-agent.jar:/Library/Java/JavaVirtualMachines/jdk1.8.0_121.jdk/Contents/Home/jre/lib/plugin.jar:/Library/Java/JavaVirtualMachines/jdk1.8.0_121.jdk/Contents/Home/jre/lib/resources.jar:/Library/Java/JavaVirtualMachines/jdk1.8.0_121.jdk/Contents/Home/jre/lib/rt.jar:/Library/Java/JavaVirtualMachines/jdk1.8.0_121.jdk/Contents/Home/lib/ant-javafx.jar:/Library/Java/JavaVirtualMachines/jdk1.8.0_121.jdk/Contents/Home/lib/dt.jar:/Library/Java/JavaVirtualMachines/jdk1.8.0_121.jdk/Contents/Home/lib/javafx-mx.jar:/Library/Java/JavaVirtualMachines/jdk1.8.0_121.jdk/Contents/Home/lib/jconsole.jar:/Library/Java/JavaVirtualMachines/jdk1.8.0_121.jdk/Contents/Home/lib/packager.jar:/Library/Java/JavaVirtualMachines/jdk1.8.0_121.jdk/Contents/Home/lib/sa-jdi.jar:/Library/Java/JavaVirtualMachines/jdk1.8.0_121.jdk/Contents/Home/lib/tools.jar:/Users/sanketkorgaonkar/Documents/workspace/space.exploration/mars.rover/target/classes:/Users/sanketkorgaonkar/.m2/repository/com/google/protobuf/protobuf-java/3.2.0/protobuf-java-3.2.0.jar:/Users/sanketkorgaonkar/.m2/repository/org/apache/kafka/kafka_2.10/0.9.0.1/kafka_2.10-0.9.0.1.jar:/Users/sanketkorgaonkar/.m2/repository/com/101tec/zkclient/0.7/zkclient-0.7.jar:/Users/sanketkorgaonkar/.m2/repository/org/slf4j/slf4j-api/1.6.1/slf4j-api-1.6.1.jar:/Users/sanketkorgaonkar/.m2/repository/log4j/log4j/1.2.15/log4j-1.2.15.jar:/Users/sanketkorgaonkar/.m2/repository/javax/mail/mail/1.4/mail-1.4.jar:/Users/sanketkorgaonkar/.m2/repository/javax/activation/activation/1.1/activation-1.1.jar:/Users/sanketkorgaonkar/.m2/repository/org/apache/kafka/kafka-clients/0.9.0.1/kafka-clients-0.9.0.1.jar:/Users/sanketkorgaonkar/.m2/repository/org/xerial/snappy/snappy-java/1.1.1.7/snappy-java-1.1.1.7.jar:/Users/sanketkorgaonkar/.m2/repository/net/jpountz/lz4/lz4/1.2.0/lz4-1.2.0.jar:/Users/sanketkorgaonkar/.m2/repository/com/yammer/metrics/metrics-core/2.2.0/metrics-core-2.2.0.jar:/Users/sanketkorgaonkar/.m2/repository/org/scala-lang/scala-library/2.10.5/scala-library-2.10.5.jar:/Users/sanketkorgaonkar/.m2/repository/net/sf/jopt-simple/jopt-simple/3.2/jopt-simple-3.2.jar:/Users/sanketkorgaonkar/.m2/repository/org/slf4j/slf4j-log4j12/1.7.6/slf4j-log4j12-1.7.6.jar:/Users/sanketkorgaonkar/.m2/repository/org/apache/zookeeper/zookeeper/3.4.6/zookeeper-3.4.6.jar:/Users/sanketkorgaonkar/.m2/repository/jline/jline/0.9.94/jline-0.9.94.jar:/Users/sanketkorgaonkar/.m2/repository/io/netty/netty/3.7.0.Final/netty-3.7.0.Final.jar:/Users/sanketkorgaonkar/.m2/repository/org/tensorflow/tensorflow/1.1.0/tensorflow-1.1.0.jar:/Users/sanketkorgaonkar/.m2/repository/org/tensorflow/libtensorflow/1.1.0/libtensorflow-1.1.0.jar:/Users/sanketkorgaonkar/.m2/repository/org/tensorflow/libtensorflow_jni/1.1.0/libtensorflow_jni-1.1.0.jar:/Applications/IntelliJ IDEA CE.app/Contents/lib/idea_rt.jar
15894 [main] INFO  org.apache.zookeeper.ZooKeeper  - Client environment:java.library.path=/Users/sanketkorgaonkar/Library/Java/Extensions:/Library/Java/Extensions:/Network/Library/Java/Extensions:/System/Library/Java/Extensions:/usr/lib/java:.
15894 [main] INFO  org.apache.zookeeper.ZooKeeper  - Client environment:java.io.tmpdir=/var/folders/5h/gwr26fh90zs2zgrhjqr0pm1r0000gn/T/
15894 [main] INFO  org.apache.zookeeper.ZooKeeper  - Client environment:java.compiler=<NA>
15894 [main] INFO  org.apache.zookeeper.ZooKeeper  - Client environment:os.name=Mac OS X
15894 [main] INFO  org.apache.zookeeper.ZooKeeper  - Client environment:os.arch=x86_64
15894 [main] INFO  org.apache.zookeeper.ZooKeeper  - Client environment:os.version=10.12.4
15894 [main] INFO  org.apache.zookeeper.ZooKeeper  - Client environment:user.name=sanketkorgaonkar
15894 [main] INFO  org.apache.zookeeper.ZooKeeper  - Client environment:user.home=/Users/sanketkorgaonkar
15894 [main] INFO  org.apache.zookeeper.ZooKeeper  - Client environment:user.dir=/Users/sanketkorgaonkar/Documents/workspace/space.exploration/mars.rover
15895 [main] INFO  org.apache.zookeeper.ZooKeeper  - Initiating client connection, connectString=localhost:2181 sessionTimeout=6000 watcher=org.I0Itec.zkclient.ZkClient@1d119efb
15918 [main] INFO  org.I0Itec.zkclient.ZkClient  - Waiting for keeper state SyncConnected
15925 [main-SendThread(localhost:2181)] INFO  org.apache.zookeeper.ClientCnxn  - Opening socket connection to server localhost/127.0.0.1:2181. Will not attempt to authenticate using SASL (unknown error)
15968 [main-SendThread(localhost:2181)] INFO  org.apache.zookeeper.ClientCnxn  - Socket connection established to localhost/127.0.0.1:2181, initiating session
15980 [main-SendThread(localhost:2181)] INFO  org.apache.zookeeper.ClientCnxn  - Session establishment complete on server localhost/127.0.0.1:2181, sessionid = 0x15c833c58bf0039, negotiated timeout = 6000
15982 [main-EventThread] INFO  org.I0Itec.zkclient.ZkClient  - zookeeper state changed (SyncConnected)
15994 [main] INFO  kafka.consumer.ZookeeperConsumerConnector  - [space.exploration.mars.rover_Sankets-MacBook-Pro.local-1496934772583-a1e05b3e], starting auto committer every 60000 ms
16022 [Thread-2] INFO  kafka.consumer.ZookeeperConsumerConnector  - [space.exploration.mars.rover_Sankets-MacBook-Pro.local-1496934772583-a1e05b3e], begin registering consumer space.exploration.mars.rover_Sankets-MacBook-Pro.local-1496934772583-a1e05b3e in ZK
16054 [Thread-2] INFO  kafka.utils.ZKCheckedEphemeral  - Creating /consumers/space.exploration.mars.rover/ids/space.exploration.mars.rover_Sankets-MacBook-Pro.local-1496934772583-a1e05b3e (is it secure? false)
16070 [Thread-2] INFO  kafka.utils.ZKCheckedEphemeral  - Result of znode creation is: OK
16070 [Thread-2] INFO  kafka.consumer.ZookeeperConsumerConnector  - [space.exploration.mars.rover_Sankets-MacBook-Pro.local-1496934772583-a1e05b3e], end registering consumer space.exploration.mars.rover_Sankets-MacBook-Pro.local-1496934772583-a1e05b3e in ZK
16075 [space.exploration.mars.rover_Sankets-MacBook-Pro.local-1496934772583-a1e05b3e_watcher_executor] INFO  kafka.consumer.ZookeeperConsumerConnector  - [space.exploration.mars.rover_Sankets-MacBook-Pro.local-1496934772583-a1e05b3e], starting watcher executor thread for consumer space.exploration.mars.rover_Sankets-MacBook-Pro.local-1496934772583-a1e05b3e
16095 [Thread-2] INFO  kafka.consumer.ZookeeperConsumerConnector  - [space.exploration.mars.rover_Sankets-MacBook-Pro.local-1496934772583-a1e05b3e], begin rebalancing consumer space.exploration.mars.rover_Sankets-MacBook-Pro.local-1496934772583-a1e05b3e try #0
16200 [Thread-2] INFO  kafka.consumer.ConsumerFetcherManager  - [ConsumerFetcherManager-1496934777726] Stopping leader finder thread
16201 [Thread-2] INFO  kafka.consumer.ConsumerFetcherManager  - [ConsumerFetcherManager-1496934777726] Stopping all fetchers
16201 [Thread-2] INFO  kafka.consumer.ConsumerFetcherManager  - [ConsumerFetcherManager-1496934777726] All connections stopped
16202 [Thread-2] INFO  kafka.consumer.ZookeeperConsumerConnector  - [space.exploration.mars.rover_Sankets-MacBook-Pro.local-1496934772583-a1e05b3e], Cleared all relevant queues for this fetcher
16203 [Thread-2] INFO  kafka.consumer.ZookeeperConsumerConnector  - [space.exploration.mars.rover_Sankets-MacBook-Pro.local-1496934772583-a1e05b3e], Cleared the data chunks in all the consumer message iterators
16203 [Thread-2] INFO  kafka.consumer.ZookeeperConsumerConnector  - [space.exploration.mars.rover_Sankets-MacBook-Pro.local-1496934772583-a1e05b3e], Committing all offsets after clearing the fetcher queues
16207 [Thread-2] INFO  kafka.consumer.ZookeeperConsumerConnector  - [space.exploration.mars.rover_Sankets-MacBook-Pro.local-1496934772583-a1e05b3e], Releasing partition ownership
16230 [Thread-2] INFO  kafka.consumer.RangeAssignor  - Consumer space.exploration.mars.rover_Sankets-MacBook-Pro.local-1496934772583-a1e05b3e rebalancing the following partitions: ArrayBuffer(0) for topic secure_com_from_earth_channel_3 with consumers: List(space.exploration.mars.rover_Sankets-MacBook-Pro.local-1496934772583-a1e05b3e-0)
16231 [Thread-2] INFO  kafka.consumer.RangeAssignor  - space.exploration.mars.rover_Sankets-MacBook-Pro.local-1496934772583-a1e05b3e-0 attempting to claim partition 0
16256 [Thread-2] INFO  kafka.consumer.ZookeeperConsumerConnector  - [space.exploration.mars.rover_Sankets-MacBook-Pro.local-1496934772583-a1e05b3e], space.exploration.mars.rover_Sankets-MacBook-Pro.local-1496934772583-a1e05b3e-0 successfully owned partition 0 for topic secure_com_from_earth_channel_3
16275 [Thread-2] INFO  kafka.consumer.ZookeeperConsumerConnector  - [space.exploration.mars.rover_Sankets-MacBook-Pro.local-1496934772583-a1e05b3e], Consumer space.exploration.mars.rover_Sankets-MacBook-Pro.local-1496934772583-a1e05b3e selected partitions : secure_com_from_earth_channel_3:0: fetched offset = 320: consumed offset = 320
16277 [space.exploration.mars.rover_Sankets-MacBook-Pro.local-1496934772583-a1e05b3e-leader-finder-thread] INFO  kafka.consumer.ConsumerFetcherManager$LeaderFinderThread  - [space.exploration.mars.rover_Sankets-MacBook-Pro.local-1496934772583-a1e05b3e-leader-finder-thread], Starting 
16278 [Thread-2] INFO  kafka.consumer.ZookeeperConsumerConnector  - [space.exploration.mars.rover_Sankets-MacBook-Pro.local-1496934772583-a1e05b3e], end rebalancing consumer space.exploration.mars.rover_Sankets-MacBook-Pro.local-1496934772583-a1e05b3e try #0
16286 [space.exploration.mars.rover_Sankets-MacBook-Pro.local-1496934772583-a1e05b3e-leader-finder-thread] INFO  kafka.utils.VerifiableProperties  - Verifying properties
16286 [space.exploration.mars.rover_Sankets-MacBook-Pro.local-1496934772583-a1e05b3e-leader-finder-thread] INFO  kafka.utils.VerifiableProperties  - Property client.id is overridden to space.exploration.mars.rover
16286 [space.exploration.mars.rover_Sankets-MacBook-Pro.local-1496934772583-a1e05b3e-leader-finder-thread] INFO  kafka.utils.VerifiableProperties  - Property metadata.broker.list is overridden to 10.36.201.55:9092
16286 [space.exploration.mars.rover_Sankets-MacBook-Pro.local-1496934772583-a1e05b3e-leader-finder-thread] INFO  kafka.utils.VerifiableProperties  - Property request.timeout.ms is overridden to 30000
16304 [space.exploration.mars.rover_Sankets-MacBook-Pro.local-1496934772583-a1e05b3e-leader-finder-thread] INFO  kafka.client.ClientUtils$  - Fetching metadata from broker BrokerEndPoint(0,10.36.201.55,9092) with correlation id 0 for 1 topic(s) Set(secure_com_from_earth_channel_3)
16315 [space.exploration.mars.rover_Sankets-MacBook-Pro.local-1496934772583-a1e05b3e-leader-finder-thread] INFO  kafka.producer.SyncProducer  - Connected to 10.36.201.55:9092 for producing
16346 [space.exploration.mars.rover_Sankets-MacBook-Pro.local-1496934772583-a1e05b3e-leader-finder-thread] INFO  kafka.producer.SyncProducer  - Disconnecting from 10.36.201.55:9092
16386 [ConsumerFetcherThread-space.exploration.mars.rover_Sankets-MacBook-Pro.local-1496934772583-a1e05b3e-0-0] INFO  kafka.consumer.ConsumerFetcherThread  - [ConsumerFetcherThread-space.exploration.mars.rover_Sankets-MacBook-Pro.local-1496934772583-a1e05b3e-0-0], Starting 
16389 [space.exploration.mars.rover_Sankets-MacBook-Pro.local-1496934772583-a1e05b3e-leader-finder-thread] INFO  kafka.consumer.ConsumerFetcherManager  - [ConsumerFetcherManager-1496934777726] Added fetcher for partitions ArrayBuffer([[secure_com_from_earth_channel_3,0], initOffset 320 to broker BrokerEndPoint(0,10.36.201.55,9092)] )
16999 [main] INFO  space.exploration.mars.rover.communication.Radio  - Radio configured:: 
metadata.broker.list::localhost:9092
source.topic::secure_com_from_earth_channel_3
auto.offset.reset::largest
group.id::space.exploration.mars.rover
destination.topic::secure_com_to_earth_channel_3
zookeeper.connect::localhost:2181
18001 [main] INFO  space.exploration.mars.rover.sensor.Radar  - Radar configured:: 
