2018-06-04 15:35:19,537 [roverMain] INFO  space.exploration.mars.rover.kernel.Rover - IsDirectory result = true
2018-06-04 15:35:19,582 [roverMain] INFO  space.exploration.mars.rover.kernel.Rover - Could not get timestamp for :: 0
2018-06-04 15:35:19,582 [roverMain] INFO  space.exploration.mars.rover.kernel.Rover - Could not get timestamp for :: 0
2018-06-04 15:35:19,582 [roverMain] INFO  space.exploration.mars.rover.kernel.Rover - Could not get timestamp for :: 0
2018-06-04 15:35:19,583 [roverMain] INFO  space.exploration.mars.rover.kernel.Rover - Could not get timestamp for :: 0
2018-06-04 15:35:19,583 [roverMain] INFO  space.exploration.mars.rover.kernel.Rover - Could not get timestamp for :: 0
2018-06-04 15:35:19,583 [roverMain] INFO  space.exploration.mars.rover.kernel.Rover - Could not get timestamp for :: 0
2018-06-04 15:35:19,583 [roverMain] INFO  space.exploration.mars.rover.kernel.Rover - Could not get timestamp for :: 0
2018-06-04 15:35:19,583 [roverMain] INFO  space.exploration.mars.rover.kernel.Rover - Could not get timestamp for :: 0
2018-06-04 15:35:19,583 [roverMain] INFO  space.exploration.mars.rover.kernel.Rover - Could not get timestamp for :: 0
2018-06-04 15:35:19,583 [roverMain] INFO  space.exploration.mars.rover.kernel.Rover - Could not get timestamp for :: 0
2018-06-04 15:35:19,583 [roverMain] INFO  space.exploration.mars.rover.kernel.Rover - Could not get timestamp for :: 0
2018-06-04 15:35:19,583 [roverMain] INFO  space.exploration.mars.rover.kernel.Rover - Could not get timestamp for :: 0
2018-06-04 15:35:19,584 [roverMain] INFO  space.exploration.mars.rover.kernel.Rover - Could not get timestamp for :: 0
2018-06-04 15:35:19,584 [roverMain] INFO  space.exploration.mars.rover.kernel.Rover - Could not get timestamp for :: 0
2018-06-04 15:35:19,584 [roverMain] INFO  space.exploration.mars.rover.kernel.Rover - Could not get timestamp for :: 0
2018-06-04 15:35:19,584 [roverMain] INFO  space.exploration.mars.rover.kernel.Rover - Could not get timestamp for :: 0
2018-06-04 15:35:19,584 [roverMain] INFO  space.exploration.mars.rover.kernel.Rover - Could not get timestamp for :: 0
2018-06-04 15:35:19,584 [roverMain] INFO  space.exploration.mars.rover.kernel.Rover - Could not get timestamp for :: 0
2018-06-04 15:35:19,584 [roverMain] INFO  space.exploration.mars.rover.kernel.Rover - Could not get timestamp for :: 0
2018-06-04 15:35:19,584 [roverMain] INFO  space.exploration.mars.rover.kernel.Rover - Could not get timestamp for :: 0
2018-06-04 15:35:19,585 [roverMain] INFO  space.exploration.mars.rover.kernel.Rover - Could not get timestamp for :: 0
2018-06-04 15:35:19,585 [roverMain] INFO  space.exploration.mars.rover.kernel.Rover - Could not get timestamp for :: 0
2018-06-04 15:35:19,585 [roverMain] INFO  space.exploration.mars.rover.kernel.Rover - Could not get timestamp for :: 0
2018-06-04 15:35:19,585 [roverMain] INFO  space.exploration.mars.rover.kernel.Rover - Could not get timestamp for :: 0
2018-06-04 15:35:19,585 [roverMain] INFO  space.exploration.mars.rover.kernel.Rover - Could not get timestamp for :: 0
2018-06-04 15:35:19,585 [roverMain] INFO  space.exploration.mars.rover.kernel.Rover - Could not get timestamp for :: 0
2018-06-04 15:35:19,585 [roverMain] INFO  space.exploration.mars.rover.kernel.Rover - Could not get timestamp for :: 0
2018-06-04 15:35:19,585 [roverMain] INFO  space.exploration.mars.rover.kernel.Rover - Could not get timestamp for :: 0
2018-06-04 15:35:19,585 [roverMain] INFO  space.exploration.mars.rover.kernel.Rover - Could not get timestamp for :: 0
2018-06-04 15:35:19,585 [roverMain] INFO  space.exploration.mars.rover.kernel.Rover - Could not get timestamp for :: 0
2018-06-04 15:35:19,585 [roverMain] INFO  space.exploration.mars.rover.kernel.Rover - Could not get timestamp for :: 0
2018-06-04 15:35:19,586 [roverMain] INFO  space.exploration.mars.rover.kernel.Rover - Could not get timestamp for :: 0
2018-06-04 15:35:19,586 [roverMain] INFO  space.exploration.mars.rover.kernel.Rover - Could not get timestamp for :: 0
2018-06-04 15:35:19,586 [roverMain] INFO  space.exploration.mars.rover.kernel.Rover - Could not get timestamp for :: 0
2018-06-04 15:35:19,586 [roverMain] INFO  space.exploration.mars.rover.kernel.Rover - Could not get timestamp for :: 0
2018-06-04 15:35:19,586 [roverMain] INFO  space.exploration.mars.rover.kernel.Rover - Could not get timestamp for :: 0
2018-06-04 15:35:19,586 [roverMain] INFO  space.exploration.mars.rover.kernel.Rover - Could not get timestamp for :: 0
2018-06-04 15:35:19,586 [roverMain] INFO  space.exploration.mars.rover.kernel.Rover - Could not get timestamp for :: 0
2018-06-04 15:35:19,586 [roverMain] INFO  space.exploration.mars.rover.kernel.Rover - Could not get timestamp for :: 0
2018-06-04 15:35:19,586 [roverMain] INFO  space.exploration.mars.rover.kernel.Rover - Could not get timestamp for :: 0
2018-06-04 15:35:19,586 [roverMain] INFO  space.exploration.mars.rover.kernel.Rover - Could not get timestamp for :: 0
2018-06-04 15:35:19,586 [roverMain] INFO  space.exploration.mars.rover.kernel.Rover - Could not get timestamp for :: 0
2018-06-04 15:35:19,587 [roverMain] INFO  space.exploration.mars.rover.kernel.Rover - Could not get timestamp for :: 0
2018-06-04 15:35:19,587 [roverMain] INFO  space.exploration.mars.rover.kernel.Rover - Could not get timestamp for :: 0
2018-06-04 15:35:19,587 [roverMain] INFO  space.exploration.mars.rover.kernel.Rover - Could not get timestamp for :: 0
2018-06-04 15:35:19,587 [roverMain] INFO  space.exploration.mars.rover.kernel.Rover - Could not get timestamp for :: 0
2018-06-04 15:35:19,587 [roverMain] INFO  space.exploration.mars.rover.kernel.Rover - Could not get timestamp for :: 0
2018-06-04 15:35:19,587 [roverMain] INFO  space.exploration.mars.rover.kernel.Rover - Could not get timestamp for :: 0
2018-06-04 15:35:19,587 [roverMain] INFO  space.exploration.mars.rover.kernel.Rover - Could not get timestamp for :: 0
2018-06-04 15:35:19,587 [roverMain] INFO  space.exploration.mars.rover.kernel.Rover - Could not get timestamp for :: 0
2018-06-04 15:35:19,587 [roverMain] INFO  space.exploration.mars.rover.kernel.Rover - Could not get timestamp for :: 0
2018-06-04 15:35:19,587 [roverMain] INFO  space.exploration.mars.rover.kernel.Rover - Could not get timestamp for :: 0
2018-06-04 15:35:19,587 [roverMain] INFO  space.exploration.mars.rover.kernel.Rover - Could not get timestamp for :: 0
2018-06-04 15:35:19,587 [roverMain] INFO  space.exploration.mars.rover.kernel.Rover - Could not get timestamp for :: 0
2018-06-04 15:35:19,587 [roverMain] INFO  space.exploration.mars.rover.kernel.Rover - Could not get timestamp for :: 0
2018-06-04 15:35:19,587 [roverMain] INFO  space.exploration.mars.rover.kernel.Rover - Could not get timestamp for :: 0
2018-06-04 15:35:19,588 [roverMain] INFO  space.exploration.mars.rover.kernel.Rover - Could not get timestamp for :: 0
2018-06-04 15:35:19,588 [roverMain] INFO  space.exploration.mars.rover.kernel.Rover - Could not get timestamp for :: 0
2018-06-04 15:35:19,588 [roverMain] INFO  space.exploration.mars.rover.kernel.Rover - Could not get timestamp for :: 0
2018-06-04 15:35:19,588 [roverMain] INFO  space.exploration.mars.rover.kernel.Rover - Could not get timestamp for :: 0
2018-06-04 15:35:19,588 [roverMain] INFO  space.exploration.mars.rover.kernel.Rover - Could not get timestamp for :: 0
2018-06-04 15:35:19,588 [roverMain] INFO  space.exploration.mars.rover.kernel.Rover - Could not get timestamp for :: 0
2018-06-04 15:35:19,588 [roverMain] INFO  space.exploration.mars.rover.kernel.Rover - Could not get timestamp for :: 0
2018-06-04 15:35:19,588 [roverMain] INFO  space.exploration.mars.rover.kernel.Rover - Could not get timestamp for :: 0
2018-06-04 15:35:19,588 [roverMain] INFO  space.exploration.mars.rover.kernel.Rover - Could not get timestamp for :: 0
2018-06-04 15:35:19,588 [roverMain] INFO  space.exploration.mars.rover.kernel.Rover - Could not get timestamp for :: 0
2018-06-04 15:35:19,588 [roverMain] INFO  space.exploration.mars.rover.kernel.Rover - Could not get timestamp for :: 0
2018-06-04 15:35:19,588 [roverMain] INFO  space.exploration.mars.rover.kernel.Rover - Could not get timestamp for :: 0
2018-06-04 15:35:19,588 [roverMain] INFO  space.exploration.mars.rover.kernel.Rover - Could not get timestamp for :: 0
2018-06-04 15:35:19,588 [roverMain] INFO  space.exploration.mars.rover.kernel.Rover - Could not get timestamp for :: 0
2018-06-04 15:35:19,589 [roverMain] INFO  space.exploration.mars.rover.kernel.Rover - Could not get timestamp for :: 0
2018-06-04 15:35:19,589 [roverMain] INFO  space.exploration.mars.rover.kernel.Rover - Could not get timestamp for :: 0
2018-06-04 15:35:19,589 [roverMain] INFO  space.exploration.mars.rover.kernel.Rover - Could not get timestamp for :: 0
2018-06-04 15:35:19,589 [roverMain] INFO  space.exploration.mars.rover.kernel.Rover - Could not get timestamp for :: 0
2018-06-04 15:35:19,589 [roverMain] INFO  space.exploration.mars.rover.kernel.Rover - Could not get timestamp for :: 0
2018-06-04 15:35:19,589 [roverMain] INFO  space.exploration.mars.rover.kernel.Rover - Could not get timestamp for :: 0
2018-06-04 15:35:19,589 [roverMain] INFO  space.exploration.mars.rover.kernel.Rover - Could not get timestamp for :: 0
2018-06-04 15:35:19,589 [roverMain] INFO  space.exploration.mars.rover.kernel.Rover - Could not get timestamp for :: 0
2018-06-04 15:35:19,589 [roverMain] INFO  space.exploration.mars.rover.kernel.Rover - Could not get timestamp for :: 0
2018-06-04 15:35:19,589 [roverMain] INFO  space.exploration.mars.rover.kernel.Rover - Could not get timestamp for :: 0
2018-06-04 15:35:19,590 [roverMain] INFO  space.exploration.mars.rover.kernel.Rover - Could not get timestamp for :: 0
2018-06-04 15:35:19,590 [roverMain] INFO  space.exploration.mars.rover.kernel.Rover - Could not get timestamp for :: 0
2018-06-04 15:35:19,590 [roverMain] INFO  space.exploration.mars.rover.kernel.Rover - Could not get timestamp for :: 0
2018-06-04 15:35:19,590 [roverMain] INFO  space.exploration.mars.rover.kernel.Rover - Could not get timestamp for :: 0
2018-06-04 15:35:19,590 [roverMain] INFO  space.exploration.mars.rover.kernel.Rover - Could not get timestamp for :: 0
2018-06-04 15:35:19,590 [roverMain] INFO  space.exploration.mars.rover.kernel.Rover - Could not get timestamp for :: 0
2018-06-04 15:35:19,590 [roverMain] INFO  space.exploration.mars.rover.kernel.Rover - Could not get timestamp for :: 0
2018-06-04 15:35:19,590 [roverMain] INFO  space.exploration.mars.rover.kernel.Rover - Could not get timestamp for :: 0
2018-06-04 15:35:19,590 [roverMain] INFO  space.exploration.mars.rover.kernel.Rover - Could not get timestamp for :: 0
2018-06-04 15:35:19,590 [roverMain] INFO  space.exploration.mars.rover.kernel.Rover - Could not get timestamp for :: 0
2018-06-04 15:35:19,590 [roverMain] INFO  space.exploration.mars.rover.kernel.Rover - Could not get timestamp for :: 0
2018-06-04 15:35:19,591 [roverMain] INFO  space.exploration.mars.rover.kernel.Rover - Could not get timestamp for :: 0
2018-06-04 15:35:19,591 [roverMain] INFO  space.exploration.mars.rover.kernel.Rover - Could not get timestamp for :: 0
2018-06-04 15:35:19,591 [roverMain] INFO  space.exploration.mars.rover.kernel.Rover - Could not get timestamp for :: 0
2018-06-04 15:35:19,591 [roverMain] INFO  space.exploration.mars.rover.kernel.Rover - Could not get timestamp for :: 0
2018-06-04 15:35:19,591 [roverMain] INFO  space.exploration.mars.rover.kernel.Rover - Could not get timestamp for :: 0
2018-06-04 15:35:19,591 [roverMain] INFO  space.exploration.mars.rover.kernel.Rover - Could not get timestamp for :: 0
2018-06-04 15:35:19,591 [roverMain] INFO  space.exploration.mars.rover.kernel.Rover - Could not get timestamp for :: 0
2018-06-04 15:35:19,591 [roverMain] INFO  space.exploration.mars.rover.kernel.Rover - Could not get timestamp for :: 0
2018-06-04 15:35:19,591 [roverMain] INFO  space.exploration.mars.rover.kernel.Rover - Could not get timestamp for :: 0
2018-06-04 15:35:19,591 [roverMain] INFO  space.exploration.mars.rover.kernel.Rover - Could not get timestamp for :: 0
2018-06-04 15:35:19,591 [roverMain] INFO  space.exploration.mars.rover.kernel.Rover - Could not get timestamp for :: 0
2018-06-04 15:35:19,591 [roverMain] INFO  space.exploration.mars.rover.kernel.Rover - Could not get timestamp for :: 0
2018-06-04 15:35:19,592 [roverMain] INFO  space.exploration.mars.rover.kernel.Rover - Could not get timestamp for :: 0
2018-06-04 15:35:19,592 [roverMain] INFO  space.exploration.mars.rover.kernel.Rover - Could not get timestamp for :: 0
2018-06-04 15:35:19,592 [roverMain] INFO  space.exploration.mars.rover.kernel.Rover - Could not get timestamp for :: 0
2018-06-04 15:35:19,592 [roverMain] INFO  space.exploration.mars.rover.kernel.Rover - Could not get timestamp for :: 0
2018-06-04 15:35:19,592 [roverMain] INFO  space.exploration.mars.rover.kernel.Rover - Could not get timestamp for :: 0
2018-06-04 15:35:19,592 [roverMain] INFO  space.exploration.mars.rover.kernel.Rover - Could not get timestamp for :: 0
2018-06-04 15:35:19,592 [roverMain] INFO  space.exploration.mars.rover.kernel.Rover - Could not get timestamp for :: 0
2018-06-04 15:35:19,592 [roverMain] INFO  space.exploration.mars.rover.kernel.Rover - Could not get timestamp for :: 0
2018-06-04 15:35:19,592 [roverMain] INFO  space.exploration.mars.rover.kernel.Rover - Could not get timestamp for :: 0
2018-06-04 15:35:19,592 [roverMain] INFO  space.exploration.mars.rover.kernel.Rover - Could not get timestamp for :: 0
2018-06-04 15:35:19,592 [roverMain] INFO  space.exploration.mars.rover.kernel.Rover - Could not get timestamp for :: 0
2018-06-04 15:35:19,592 [roverMain] INFO  space.exploration.mars.rover.kernel.Rover - Could not get timestamp for :: 0
2018-06-04 15:35:19,592 [roverMain] INFO  space.exploration.mars.rover.kernel.Rover - Could not get timestamp for :: 0
2018-06-04 15:35:19,592 [roverMain] INFO  space.exploration.mars.rover.kernel.Rover - Could not get timestamp for :: 0
2018-06-04 15:35:19,592 [roverMain] INFO  space.exploration.mars.rover.kernel.Rover - Could not get timestamp for :: 0
2018-06-04 15:35:19,592 [roverMain] INFO  space.exploration.mars.rover.kernel.Rover - Could not get timestamp for :: 0
2018-06-04 15:35:19,592 [roverMain] INFO  space.exploration.mars.rover.kernel.Rover - Could not get timestamp for :: 0
2018-06-04 15:35:19,592 [roverMain] INFO  space.exploration.mars.rover.kernel.Rover - Could not get timestamp for :: 0
2018-06-04 15:35:19,593 [roverMain] INFO  space.exploration.mars.rover.kernel.Rover - Could not get timestamp for :: 0
2018-06-04 15:35:19,593 [roverMain] INFO  space.exploration.mars.rover.kernel.Rover - Could not get timestamp for :: 0
2018-06-04 15:35:19,593 [roverMain] INFO  space.exploration.mars.rover.kernel.Rover - Could not get timestamp for :: 0
2018-06-04 15:35:19,593 [roverMain] INFO  space.exploration.mars.rover.kernel.Rover - Could not get timestamp for :: 0
2018-06-04 15:35:19,593 [roverMain] INFO  space.exploration.mars.rover.kernel.Rover - Could not get timestamp for :: 0
2018-06-04 15:35:19,593 [roverMain] INFO  space.exploration.mars.rover.kernel.Rover - Could not get timestamp for :: 0
2018-06-04 15:35:19,593 [roverMain] INFO  space.exploration.mars.rover.kernel.Rover - Could not get timestamp for :: 0
2018-06-04 15:35:19,593 [roverMain] INFO  space.exploration.mars.rover.kernel.Rover - Could not get timestamp for :: 0
2018-06-04 15:35:19,593 [roverMain] INFO  space.exploration.mars.rover.kernel.Rover - Could not get timestamp for :: 0
2018-06-04 15:35:19,593 [roverMain] INFO  space.exploration.mars.rover.kernel.Rover - Could not get timestamp for :: 0
2018-06-04 15:35:19,593 [roverMain] INFO  space.exploration.mars.rover.kernel.Rover - Could not get timestamp for :: 0
2018-06-04 15:35:19,593 [roverMain] INFO  space.exploration.mars.rover.kernel.Rover - Could not get timestamp for :: 0
2018-06-04 15:35:19,593 [roverMain] INFO  space.exploration.mars.rover.kernel.Rover - Could not get timestamp for :: 0
2018-06-04 15:35:19,593 [roverMain] INFO  space.exploration.mars.rover.kernel.Rover - Could not get timestamp for :: 0
2018-06-04 15:35:19,593 [roverMain] INFO  space.exploration.mars.rover.kernel.Rover - Could not get timestamp for :: 0
2018-06-04 15:35:19,593 [roverMain] INFO  space.exploration.mars.rover.kernel.Rover - Could not get timestamp for :: 0
2018-06-04 15:35:19,594 [roverMain] INFO  space.exploration.mars.rover.kernel.Rover - Could not get timestamp for :: 0
2018-06-04 15:35:19,594 [roverMain] INFO  space.exploration.mars.rover.kernel.Rover - Could not get timestamp for :: 0
2018-06-04 15:35:19,594 [roverMain] INFO  space.exploration.mars.rover.kernel.Rover - Could not get timestamp for :: 0
2018-06-04 15:35:19,594 [roverMain] INFO  space.exploration.mars.rover.kernel.Rover - Could not get timestamp for :: 0
2018-06-04 15:35:19,594 [roverMain] INFO  space.exploration.mars.rover.kernel.Rover - Could not get timestamp for :: 0
2018-06-04 15:35:19,594 [roverMain] INFO  space.exploration.mars.rover.kernel.Rover - Could not get timestamp for :: 0
2018-06-04 15:35:19,594 [roverMain] INFO  space.exploration.mars.rover.kernel.Rover - Could not get timestamp for :: 0
2018-06-04 15:35:19,594 [roverMain] INFO  space.exploration.mars.rover.kernel.Rover - Could not get timestamp for :: 0
2018-06-04 15:35:19,594 [roverMain] INFO  space.exploration.mars.rover.kernel.Rover - Could not get timestamp for :: 0
2018-06-04 15:35:19,594 [roverMain] INFO  space.exploration.mars.rover.kernel.Rover - Could not get timestamp for :: 0
2018-06-04 15:35:19,594 [roverMain] INFO  space.exploration.mars.rover.kernel.Rover - Could not get timestamp for :: 0
2018-06-04 15:35:19,594 [roverMain] INFO  space.exploration.mars.rover.kernel.Rover - Could not get timestamp for :: 0
2018-06-04 15:35:19,594 [roverMain] INFO  space.exploration.mars.rover.kernel.Rover - Could not get timestamp for :: 0
2018-06-04 15:35:19,594 [roverMain] INFO  space.exploration.mars.rover.kernel.Rover - Could not get timestamp for :: 0
2018-06-04 15:35:19,595 [roverMain] INFO  space.exploration.mars.rover.kernel.Rover - Could not get timestamp for :: 0
2018-06-04 15:35:19,595 [roverMain] INFO  space.exploration.mars.rover.kernel.Rover - Could not get timestamp for :: 0
2018-06-04 15:35:19,595 [roverMain] INFO  space.exploration.mars.rover.kernel.Rover - Could not get timestamp for :: 0
2018-06-04 15:35:19,595 [roverMain] INFO  space.exploration.mars.rover.kernel.Rover - Could not get timestamp for :: 0
2018-06-04 15:35:19,595 [roverMain] INFO  space.exploration.mars.rover.kernel.Rover - Could not get timestamp for :: 0
2018-06-04 15:35:19,595 [roverMain] INFO  space.exploration.mars.rover.kernel.Rover - Could not get timestamp for :: 0
2018-06-04 15:35:19,595 [roverMain] INFO  space.exploration.mars.rover.kernel.Rover - Could not get timestamp for :: 0
2018-06-04 15:35:19,595 [roverMain] INFO  space.exploration.mars.rover.kernel.Rover - Could not get timestamp for :: 0
2018-06-04 15:35:19,595 [roverMain] INFO  space.exploration.mars.rover.kernel.Rover - Could not get timestamp for :: 0
2018-06-04 15:35:19,595 [roverMain] INFO  space.exploration.mars.rover.kernel.Rover - Could not get timestamp for :: 0
2018-06-04 15:35:19,595 [roverMain] INFO  space.exploration.mars.rover.kernel.Rover - Could not get timestamp for :: 0
2018-06-04 15:35:19,595 [roverMain] INFO  space.exploration.mars.rover.kernel.Rover - Could not get timestamp for :: 0
2018-06-04 15:35:19,595 [roverMain] INFO  space.exploration.mars.rover.kernel.Rover - Could not get timestamp for :: 0
2018-06-04 15:35:19,595 [roverMain] INFO  space.exploration.mars.rover.kernel.Rover - Could not get timestamp for :: 0
2018-06-04 15:35:19,595 [roverMain] INFO  space.exploration.mars.rover.kernel.Rover - Could not get timestamp for :: 0
2018-06-04 15:35:19,595 [roverMain] INFO  space.exploration.mars.rover.kernel.Rover - Could not get timestamp for :: 0
2018-06-04 15:35:19,595 [roverMain] INFO  space.exploration.mars.rover.kernel.Rover - Could not get timestamp for :: 0
2018-06-04 15:35:19,596 [roverMain] INFO  space.exploration.mars.rover.kernel.Rover - Could not get timestamp for :: 0
2018-06-04 15:35:19,596 [roverMain] INFO  space.exploration.mars.rover.kernel.Rover - Could not get timestamp for :: 0
2018-06-04 15:35:19,596 [roverMain] INFO  space.exploration.mars.rover.kernel.Rover - Could not get timestamp for :: 0
2018-06-04 15:35:19,596 [roverMain] INFO  space.exploration.mars.rover.kernel.Rover - Could not get timestamp for :: 0
2018-06-04 15:35:19,596 [roverMain] INFO  space.exploration.mars.rover.kernel.Rover - Could not get timestamp for :: 0
2018-06-04 15:35:19,596 [roverMain] INFO  space.exploration.mars.rover.kernel.Rover - Could not get timestamp for :: 0
2018-06-04 15:35:19,596 [roverMain] INFO  space.exploration.mars.rover.kernel.Rover - Could not get timestamp for :: 0
2018-06-04 15:35:19,596 [roverMain] INFO  space.exploration.mars.rover.kernel.Rover - Could not get timestamp for :: 0
2018-06-04 15:35:19,596 [roverMain] INFO  space.exploration.mars.rover.kernel.Rover - Could not get timestamp for :: 0
2018-06-04 15:35:19,596 [roverMain] INFO  space.exploration.mars.rover.kernel.Rover - Could not get timestamp for :: 0
2018-06-04 15:35:19,596 [roverMain] INFO  space.exploration.mars.rover.kernel.Rover - Deleted 0 old log files.
2018-06-04 15:35:19,598 [roverMain] INFO  space.exploration.mars.rover.kernel.Rover - marsRover launched with software version = 1.8
2018-06-04 15:35:20,644 [roverMain] INFO  space.exploration.mars.rover.kernel.SpacecraftClock - Valid utc time ranges are dictated by clockService as follows:
2018-06-04 15:35:20,644 [roverMain] INFO  space.exploration.mars.rover.kernel.SpacecraftClock - APPLICABLE_START_TIME=2000-001T11:58:55.816, APPLICABLE_STOP_TIME=2017-360T19:17:40.149
2018-06-04 15:35:20,644 [roverMain] INFO  space.exploration.mars.rover.kernel.SpacecraftClock - Given UTC = 2016-02-18~01:22:00
2018-06-04 15:35:20,644 [roverMain] INFO  space.exploration.mars.rover.kernel.SpacecraftClock - Please ensure that positionSensor and sclk are synchronized
2018-06-04 15:35:20,650 [roverMain] INFO  space.exploration.mars.rover.kernel.SpacecraftClock - Curiosity internal spacecraft clock started at :: 2016-02-18T07:22:00.000Z
2018-06-04 15:35:20,650 [roverMain] INFO  space.exploration.mars.rover.kernel.SpacecraftClock - Mission duration is set to :: 1 year(s).
2018-06-04 15:35:20,650 [roverMain] INFO  space.exploration.mars.rover.kernel.SpacecraftClock - Mission duration = 31536000000
2018-06-04 15:35:22,759 [roverMain] INFO  space.exploration.mars.rover.kernel.Rover - Rover + Curiosity states initialized. 
2018-06-04 15:35:22,760 [roverMain] INFO  space.exploration.mars.rover.diagnostics.Pacemaker - Pacemaker initialized
2018-06-04 15:35:23,761 [roverMain] INFO  space.exploration.mars.rover.diagnostics.SleepMonitor - SleepMonitor initialized and activated!
2018-06-04 15:35:24,762 [roverMain] INFO  space.exploration.mars.rover.diagnostics.RoverGarbageCollector - RoverGarbageCollector initialized
2018-06-04 15:35:24,762 [roverMain] INFO  space.exploration.mars.rover.diagnostics.RoverGarbageCollector - Starting garbageCollection
2018-06-04 15:35:26,763 [roverMain] INFO  space.exploration.mars.rover.kernel.Rover - Rover current position is = java.awt.Point[x=525,y=100]
2018-06-04 15:35:27,764 [roverMain] INFO  space.exploration.mars.rover.sensor.Lidar - Lidar initialized and ready!
2018-06-04 15:35:28,950 [roverMain] INFO  space.exploration.mars.rover.sensor.Camera - Camera initialized and ready!
2018-06-04 15:35:29,962 [roverMain] INFO  space.exploration.mars.rover.sensor.Radar - Radar configured:: 
2018-06-04 15:35:31,357 [roverMain] INFO  space.exploration.mars.rover.power.Battery - Battery configured, batteryLife:primaryPowerUnits = 1200 auxiliaryPowerUnits = 100 alertThreshold: 100 rechargeTime = 60000
2018-06-04 15:35:32,362 [roverMain] INFO  space.exploration.mars.rover.kernel.Rover - Battery Monitor configured!
2018-06-04 15:35:32,375 [roverMain] INFO  org.apache.kafka.clients.producer.ProducerConfig - ProducerConfig values: 
	metric.reporters = []
	metadata.max.age.ms = 300000
	reconnect.backoff.ms = 50
	sasl.kerberos.ticket.renew.window.factor = 0.8
	bootstrap.servers = [localhost:9092]
	ssl.keystore.type = JKS
	sasl.mechanism = GSSAPI
	max.block.ms = 60000
	interceptor.classes = null
	ssl.truststore.password = null
	client.id = 
	ssl.endpoint.identification.algorithm = null
	request.timeout.ms = 30000
	acks = 1
	receive.buffer.bytes = 32768
	ssl.truststore.type = JKS
	retries = 0
	ssl.truststore.location = null
	ssl.keystore.password = null
	send.buffer.bytes = 131072
	compression.type = none
	metadata.fetch.timeout.ms = 60000
	retry.backoff.ms = 100
	sasl.kerberos.kinit.cmd = /usr/bin/kinit
	buffer.memory = 33554432
	timeout.ms = 30000
	key.serializer = class org.apache.kafka.common.serialization.StringSerializer
	sasl.kerberos.service.name = null
	sasl.kerberos.ticket.renew.jitter = 0.05
	ssl.trustmanager.algorithm = PKIX
	block.on.buffer.full = false
	ssl.key.password = null
	sasl.kerberos.min.time.before.relogin = 60000
	connections.max.idle.ms = 540000
	max.in.flight.requests.per.connection = 5
	metrics.num.samples = 2
	ssl.protocol = TLS
	ssl.provider = null
	ssl.enabled.protocols = [TLSv1.2, TLSv1.1, TLSv1]
	batch.size = 16384
	ssl.keystore.location = null
	ssl.cipher.suites = null
	security.protocol = PLAINTEXT
	max.request.size = 1048576
	value.serializer = class org.apache.kafka.common.serialization.ByteArraySerializer
	ssl.keymanager.algorithm = SunX509
	metrics.sample.window.ms = 30000
	partitioner.class = class org.apache.kafka.clients.producer.internals.DefaultPartitioner
	linger.ms = 0

2018-06-04 15:35:32,443 [roverMain] INFO  org.apache.kafka.clients.producer.ProducerConfig - ProducerConfig values: 
	metric.reporters = []
	metadata.max.age.ms = 300000
	reconnect.backoff.ms = 50
	sasl.kerberos.ticket.renew.window.factor = 0.8
	bootstrap.servers = [localhost:9092]
	ssl.keystore.type = JKS
	sasl.mechanism = GSSAPI
	max.block.ms = 60000
	interceptor.classes = null
	ssl.truststore.password = null
	client.id = producer-1
	ssl.endpoint.identification.algorithm = null
	request.timeout.ms = 30000
	acks = 1
	receive.buffer.bytes = 32768
	ssl.truststore.type = JKS
	retries = 0
	ssl.truststore.location = null
	ssl.keystore.password = null
	send.buffer.bytes = 131072
	compression.type = none
	metadata.fetch.timeout.ms = 60000
	retry.backoff.ms = 100
	sasl.kerberos.kinit.cmd = /usr/bin/kinit
	buffer.memory = 33554432
	timeout.ms = 30000
	key.serializer = class org.apache.kafka.common.serialization.StringSerializer
	sasl.kerberos.service.name = null
	sasl.kerberos.ticket.renew.jitter = 0.05
	ssl.trustmanager.algorithm = PKIX
	block.on.buffer.full = false
	ssl.key.password = null
	sasl.kerberos.min.time.before.relogin = 60000
	connections.max.idle.ms = 540000
	max.in.flight.requests.per.connection = 5
	metrics.num.samples = 2
	ssl.protocol = TLS
	ssl.provider = null
	ssl.enabled.protocols = [TLSv1.2, TLSv1.1, TLSv1]
	batch.size = 16384
	ssl.keystore.location = null
	ssl.cipher.suites = null
	security.protocol = PLAINTEXT
	max.request.size = 1048576
	value.serializer = class org.apache.kafka.common.serialization.ByteArraySerializer
	ssl.keymanager.algorithm = SunX509
	metrics.sample.window.ms = 30000
	partitioner.class = class org.apache.kafka.clients.producer.internals.DefaultPartitioner
	linger.ms = 0

2018-06-04 15:35:32,443 [roverMain] WARN  org.apache.kafka.clients.producer.ProducerConfig - The configuration zookeeper.connect = localhost:2181 was supplied but isn't a known config.
2018-06-04 15:35:32,443 [roverMain] WARN  org.apache.kafka.clients.producer.ProducerConfig - The configuration group.id = space.exploration.mars.rover.curiosity.1528144519527 was supplied but isn't a known config.
2018-06-04 15:35:32,443 [roverMain] WARN  org.apache.kafka.clients.producer.ProducerConfig - The configuration source.topic = earth_to_curiosity_5 was supplied but isn't a known config.
2018-06-04 15:35:32,444 [roverMain] WARN  org.apache.kafka.clients.producer.ProducerConfig - The configuration auto.offset.reset = largest was supplied but isn't a known config.
2018-06-04 15:35:32,444 [roverMain] WARN  org.apache.kafka.clients.producer.ProducerConfig - The configuration metadata.broker.list = localhost:9092 was supplied but isn't a known config.
2018-06-04 15:35:32,444 [roverMain] WARN  org.apache.kafka.clients.producer.ProducerConfig - The configuration destination.topic = curiosity_to_earth_5 was supplied but isn't a known config.
2018-06-04 15:35:32,444 [roverMain] INFO  org.apache.kafka.common.utils.AppInfoParser - Kafka version : 0.10.0.1
2018-06-04 15:35:32,444 [roverMain] INFO  org.apache.kafka.common.utils.AppInfoParser - Kafka commitId : a7a17cdec9eaa6c5
2018-06-04 15:35:32,535 [roverMain] INFO          kafka.utils.VerifiableProperties - Verifying properties
2018-06-04 15:35:32,556 [roverMain] INFO          kafka.utils.VerifiableProperties - Property auto.offset.reset is overridden to largest
2018-06-04 15:35:32,556 [roverMain] WARN          kafka.utils.VerifiableProperties - Property bootstrap.servers is not valid
2018-06-04 15:35:32,556 [roverMain] WARN          kafka.utils.VerifiableProperties - Property destination.topic is not valid
2018-06-04 15:35:32,556 [roverMain] INFO          kafka.utils.VerifiableProperties - Property group.id is overridden to space.exploration.mars.rover.curiosity.1528144519527
2018-06-04 15:35:32,556 [roverMain] WARN          kafka.utils.VerifiableProperties - Property key.serializer is not valid
2018-06-04 15:35:32,556 [roverMain] WARN          kafka.utils.VerifiableProperties - Property metadata.broker.list is not valid
2018-06-04 15:35:32,557 [roverMain] WARN          kafka.utils.VerifiableProperties - Property source.topic is not valid
2018-06-04 15:35:32,557 [roverMain] WARN          kafka.utils.VerifiableProperties - Property value.serializer is not valid
2018-06-04 15:35:32,557 [roverMain] INFO          kafka.utils.VerifiableProperties - Property zookeeper.connect is overridden to localhost:2181
2018-06-04 15:35:32,611 [roverMain] INFO  kafka.consumer.ZookeeperConsumerConnector - [space.exploration.mars.rover.curiosity.1528144519527_zion-portable-1528144532610-c5c8f5dc], Connecting to zookeeper instance at localhost:2181
2018-06-04 15:35:32,617 [ZkClient-EventThread-31-localhost:2181] INFO         org.I0Itec.zkclient.ZkEventThread - Starting ZkClient event thread.
2018-06-04 15:35:32,620 [roverMain] INFO            org.apache.zookeeper.ZooKeeper - Client environment:zookeeper.version=3.4.6-1569965, built on 02/20/2014 09:09 GMT
2018-06-04 15:35:32,620 [roverMain] INFO            org.apache.zookeeper.ZooKeeper - Client environment:host.name=zion-portable
2018-06-04 15:35:32,620 [roverMain] INFO            org.apache.zookeeper.ZooKeeper - Client environment:java.version=1.8.0_171
2018-06-04 15:35:32,620 [roverMain] INFO            org.apache.zookeeper.ZooKeeper - Client environment:java.vendor=Oracle Corporation
2018-06-04 15:35:32,621 [roverMain] INFO            org.apache.zookeeper.ZooKeeper - Client environment:java.home=/usr/lib/jvm/java-8-openjdk-amd64/jre
2018-06-04 15:35:32,621 [roverMain] INFO            org.apache.zookeeper.ZooKeeper - Client environment:java.class.path=target/mars.rover-1.8-SOLSHOT-shaded.jar
2018-06-04 15:35:32,621 [roverMain] INFO            org.apache.zookeeper.ZooKeeper - Client environment:java.library.path=/usr/java/packages/lib/amd64:/usr/lib/x86_64-linux-gnu/jni:/lib/x86_64-linux-gnu:/usr/lib/x86_64-linux-gnu:/usr/lib/jni:/lib:/usr/lib
2018-06-04 15:35:32,621 [roverMain] INFO            org.apache.zookeeper.ZooKeeper - Client environment:java.io.tmpdir=/tmp
2018-06-04 15:35:32,621 [roverMain] INFO            org.apache.zookeeper.ZooKeeper - Client environment:java.compiler=<NA>
2018-06-04 15:35:32,621 [roverMain] INFO            org.apache.zookeeper.ZooKeeper - Client environment:os.name=Linux
2018-06-04 15:35:32,621 [roverMain] INFO            org.apache.zookeeper.ZooKeeper - Client environment:os.arch=amd64
2018-06-04 15:35:32,621 [roverMain] INFO            org.apache.zookeeper.ZooKeeper - Client environment:os.version=4.13.0-43-generic
2018-06-04 15:35:32,621 [roverMain] INFO            org.apache.zookeeper.ZooKeeper - Client environment:user.name=sanket
2018-06-04 15:35:32,621 [roverMain] INFO            org.apache.zookeeper.ZooKeeper - Client environment:user.home=/home/sanket
2018-06-04 15:35:32,621 [roverMain] INFO            org.apache.zookeeper.ZooKeeper - Client environment:user.dir=/home/sanket/Documents/workspace/MarsRover/mars.rover
2018-06-04 15:35:32,621 [roverMain] INFO            org.apache.zookeeper.ZooKeeper - Initiating client connection, connectString=localhost:2181 sessionTimeout=6000 watcher=org.I0Itec.zkclient.ZkClient@41c2284a
2018-06-04 15:35:32,628 [roverMain] INFO              org.I0Itec.zkclient.ZkClient - Waiting for keeper state SyncConnected
2018-06-04 15:35:32,630 [roverMain-SendThread(localhost:2181)] INFO           org.apache.zookeeper.ClientCnxn - Opening socket connection to server localhost/127.0.0.1:2181. Will not attempt to authenticate using SASL (unknown error)
2018-06-04 15:35:32,634 [roverMain-SendThread(localhost:2181)] INFO           org.apache.zookeeper.ClientCnxn - Socket connection established to localhost/127.0.0.1:2181, initiating session
2018-06-04 15:35:32,641 [roverMain-SendThread(localhost:2181)] INFO           org.apache.zookeeper.ClientCnxn - Session establishment complete on server localhost/127.0.0.1:2181, sessionid = 0x163cc24f9eb0004, negotiated timeout = 6000
2018-06-04 15:35:32,643 [roverMain-EventThread] INFO              org.I0Itec.zkclient.ZkClient - zookeeper state changed (SyncConnected)
2018-06-04 15:35:32,651 [roverMain] INFO  kafka.consumer.ZookeeperConsumerConnector - [space.exploration.mars.rover.curiosity.1528144519527_zion-portable-1528144532610-c5c8f5dc], starting auto committer every 60000 ms
2018-06-04 15:35:32,674 [radio] INFO  kafka.consumer.ZookeeperConsumerConnector - [space.exploration.mars.rover.curiosity.1528144519527_zion-portable-1528144532610-c5c8f5dc], begin registering consumer space.exploration.mars.rover.curiosity.1528144519527_zion-portable-1528144532610-c5c8f5dc in ZK
2018-06-04 15:35:32,695 [radio] INFO            kafka.utils.ZKCheckedEphemeral - Creating /consumers/space.exploration.mars.rover.curiosity.1528144519527/ids/space.exploration.mars.rover.curiosity.1528144519527_zion-portable-1528144532610-c5c8f5dc (is it secure? false)
2018-06-04 15:35:32,704 [radio] INFO            kafka.utils.ZKCheckedEphemeral - Result of znode creation is: OK
2018-06-04 15:35:32,704 [radio] INFO  kafka.consumer.ZookeeperConsumerConnector - [space.exploration.mars.rover.curiosity.1528144519527_zion-portable-1528144532610-c5c8f5dc], end registering consumer space.exploration.mars.rover.curiosity.1528144519527_zion-portable-1528144532610-c5c8f5dc in ZK
2018-06-04 15:35:32,707 [space.exploration.mars.rover.curiosity.1528144519527_zion-portable-1528144532610-c5c8f5dc_watcher_executor] INFO  kafka.consumer.ZookeeperConsumerConnector - [space.exploration.mars.rover.curiosity.1528144519527_zion-portable-1528144532610-c5c8f5dc], starting watcher executor thread for consumer space.exploration.mars.rover.curiosity.1528144519527_zion-portable-1528144532610-c5c8f5dc
2018-06-04 15:35:32,722 [radio] INFO  kafka.consumer.ZookeeperConsumerConnector - [space.exploration.mars.rover.curiosity.1528144519527_zion-portable-1528144532610-c5c8f5dc], begin rebalancing consumer space.exploration.mars.rover.curiosity.1528144519527_zion-portable-1528144532610-c5c8f5dc try #0
2018-06-04 15:35:32,794 [radio] INFO     kafka.consumer.ConsumerFetcherManager - [ConsumerFetcherManager-1528144532649] Stopping leader finder thread
2018-06-04 15:35:32,794 [radio] INFO     kafka.consumer.ConsumerFetcherManager - [ConsumerFetcherManager-1528144532649] Stopping all fetchers
2018-06-04 15:35:32,795 [radio] INFO     kafka.consumer.ConsumerFetcherManager - [ConsumerFetcherManager-1528144532649] All connections stopped
2018-06-04 15:35:32,795 [radio] INFO  kafka.consumer.ZookeeperConsumerConnector - [space.exploration.mars.rover.curiosity.1528144519527_zion-portable-1528144532610-c5c8f5dc], Cleared all relevant queues for this fetcher
2018-06-04 15:35:32,796 [radio] INFO  kafka.consumer.ZookeeperConsumerConnector - [space.exploration.mars.rover.curiosity.1528144519527_zion-portable-1528144532610-c5c8f5dc], Cleared the data chunks in all the consumer message iterators
2018-06-04 15:35:32,796 [radio] INFO  kafka.consumer.ZookeeperConsumerConnector - [space.exploration.mars.rover.curiosity.1528144519527_zion-portable-1528144532610-c5c8f5dc], Committing all offsets after clearing the fetcher queues
2018-06-04 15:35:32,797 [radio] INFO  kafka.consumer.ZookeeperConsumerConnector - [space.exploration.mars.rover.curiosity.1528144519527_zion-portable-1528144532610-c5c8f5dc], Releasing partition ownership
2018-06-04 15:35:32,818 [radio] INFO              kafka.consumer.RangeAssignor - Consumer space.exploration.mars.rover.curiosity.1528144519527_zion-portable-1528144532610-c5c8f5dc rebalancing the following partitions: ArrayBuffer(0) for topic earth_to_curiosity_5 with consumers: List(space.exploration.mars.rover.curiosity.1528144519527_zion-portable-1528144532610-c5c8f5dc-0)
2018-06-04 15:35:32,819 [radio] INFO              kafka.consumer.RangeAssignor - space.exploration.mars.rover.curiosity.1528144519527_zion-portable-1528144532610-c5c8f5dc-0 attempting to claim partition 0
2018-06-04 15:35:32,846 [radio] INFO  kafka.consumer.ZookeeperConsumerConnector - [space.exploration.mars.rover.curiosity.1528144519527_zion-portable-1528144532610-c5c8f5dc], space.exploration.mars.rover.curiosity.1528144519527_zion-portable-1528144532610-c5c8f5dc-0 successfully owned partition 0 for topic earth_to_curiosity_5
2018-06-04 15:35:32,856 [radio] INFO  kafka.consumer.ZookeeperConsumerConnector - [space.exploration.mars.rover.curiosity.1528144519527_zion-portable-1528144532610-c5c8f5dc], Consumer space.exploration.mars.rover.curiosity.1528144519527_zion-portable-1528144532610-c5c8f5dc selected partitions : earth_to_curiosity_5:0: fetched offset = -1: consumed offset = -1
2018-06-04 15:35:32,857 [space.exploration.mars.rover.curiosity.1528144519527_zion-portable-1528144532610-c5c8f5dc-leader-finder-thread] INFO  kafka.consumer.ConsumerFetcherManager$LeaderFinderThread - [space.exploration.mars.rover.curiosity.1528144519527_zion-portable-1528144532610-c5c8f5dc-leader-finder-thread], Starting 
2018-06-04 15:35:32,858 [radio] INFO  kafka.consumer.ZookeeperConsumerConnector - [space.exploration.mars.rover.curiosity.1528144519527_zion-portable-1528144532610-c5c8f5dc], end rebalancing consumer space.exploration.mars.rover.curiosity.1528144519527_zion-portable-1528144532610-c5c8f5dc try #0
2018-06-04 15:35:32,874 [space.exploration.mars.rover.curiosity.1528144519527_zion-portable-1528144532610-c5c8f5dc-leader-finder-thread] INFO          kafka.utils.VerifiableProperties - Verifying properties
2018-06-04 15:35:32,874 [space.exploration.mars.rover.curiosity.1528144519527_zion-portable-1528144532610-c5c8f5dc-leader-finder-thread] INFO          kafka.utils.VerifiableProperties - Property client.id is overridden to space.exploration.mars.rover.curiosity.1528144519527
2018-06-04 15:35:32,875 [space.exploration.mars.rover.curiosity.1528144519527_zion-portable-1528144532610-c5c8f5dc-leader-finder-thread] INFO          kafka.utils.VerifiableProperties - Property metadata.broker.list is overridden to zion-portable:9092
2018-06-04 15:35:32,875 [space.exploration.mars.rover.curiosity.1528144519527_zion-portable-1528144532610-c5c8f5dc-leader-finder-thread] INFO          kafka.utils.VerifiableProperties - Property request.timeout.ms is overridden to 30000
2018-06-04 15:35:32,887 [space.exploration.mars.rover.curiosity.1528144519527_zion-portable-1528144532610-c5c8f5dc-leader-finder-thread] INFO                 kafka.client.ClientUtils$ - Fetching metadata from broker BrokerEndPoint(0,zion-portable,9092) with correlation id 0 for 1 topic(s) Set(earth_to_curiosity_5)
2018-06-04 15:35:32,891 [space.exploration.mars.rover.curiosity.1528144519527_zion-portable-1528144532610-c5c8f5dc-leader-finder-thread] INFO               kafka.producer.SyncProducer - Connected to zion-portable:9092 for producing
2018-06-04 15:35:32,902 [space.exploration.mars.rover.curiosity.1528144519527_zion-portable-1528144532610-c5c8f5dc-leader-finder-thread] INFO               kafka.producer.SyncProducer - Disconnecting from zion-portable:9092
2018-06-04 15:35:32,917 [ConsumerFetcherThread-space.exploration.mars.rover.curiosity.1528144519527_zion-portable-1528144532610-c5c8f5dc-0-0] INFO      kafka.consumer.ConsumerFetcherThread - [ConsumerFetcherThread-space.exploration.mars.rover.curiosity.1528144519527_zion-portable-1528144532610-c5c8f5dc-0-0], Starting 
2018-06-04 15:35:32,930 [space.exploration.mars.rover.curiosity.1528144519527_zion-portable-1528144532610-c5c8f5dc-leader-finder-thread] INFO     kafka.consumer.ConsumerFetcherManager - [ConsumerFetcherManager-1528144532649] Added fetcher for partitions ArrayBuffer([[earth_to_curiosity_5,0], initOffset -1 to broker BrokerEndPoint(0,zion-portable,9092)] )
2018-06-04 15:35:33,654 [roverMain] INFO  space.exploration.mars.rover.communication.Radio - Radio configured:: 
group.id::space.exploration.mars.rover.curiosity.1528144519527
auto.offset.reset::largest
bootstrap.servers::localhost:9092
value.serializer::org.apache.kafka.common.serialization.ByteArraySerializer
destination.topic::curiosity_to_earth_5
zookeeper.connect::localhost:2181
key.serializer::org.apache.kafka.common.serialization.StringSerializer
source.topic::earth_to_curiosity_5
metadata.broker.list::localhost:9092
2018-06-04 15:35:34,655 [roverMain] INFO  space.exploration.mars.rover.sensor.Radar - Radar configured:: 
2018-06-04 15:35:40,842 [roverMain] INFO  space.exploration.mars.rover.communication.Transmitter - Sending information packet to curiosity_to_earth_5
2018-06-04 15:35:43,846 [spacecraftClock] INFO  space.exploration.mars.rover.sensor.DANSpectrometer - Commencing calibration for DAN Spectrometer for sol = 1256
2018-06-04 15:35:49,239 [spacecraftClock] INFO  space.exploration.mars.rover.utils.FileUtil - File /home/sanket/Documents/workspace/MarsRover/mars.rover/dataArchives/APXS/1256/ does not exist. Trying to create it now.
2018-06-04 15:35:49,240 [spacecraftClock] INFO  space.exploration.mars.rover.utils.FileUtil - Successfully created /home/sanket/Documents/workspace/MarsRover/mars.rover/dataArchives/APXS/1256/
2018-06-04 15:35:49,283 [spacecraftClock] ERROR space.exploration.mars.rover.service.ApxsDataService -  Could not find data files for sol = 1256 url = http://pds-geosciences.wustl.edu/msl/msl-m-apxs-4_5-rdr-v1/mslapx_1xxx/data/sol01256/
org.jsoup.HttpStatusException: HTTP error fetching URL. Status=404, URL=http://pds-geosciences.wustl.edu/msl/msl-m-apxs-4_5-rdr-v1/mslapx_1xxx/data/sol01256/
	at org.jsoup.helper.HttpConnection$Response.execute(HttpConnection.java:537)
	at org.jsoup.helper.HttpConnection$Response.execute(HttpConnection.java:493)
	at org.jsoup.helper.HttpConnection.execute(HttpConnection.java:205)
	at org.jsoup.helper.HttpConnection.get(HttpConnection.java:194)
	at space.exploration.mars.rover.service.ApxsDataService.getTargetURL(ApxsDataService.java:52)
	at space.exploration.mars.rover.service.ApxsDataService.<init>(ApxsDataService.java:25)
	at space.exploration.mars.rover.sensor.ApxsSpectrometer.calibrateApxsSpectrometer(ApxsSpectrometer.java:39)
	at space.exploration.mars.rover.kernel.Rover.updateSensors(Rover.java:346)
	at space.exploration.mars.rover.kernel.SpacecraftClock$Clock.run(SpacecraftClock.java:225)
	at java.util.concurrent.Executors$RunnableAdapter.call(Executors.java:511)
	at java.util.concurrent.FutureTask.runAndReset(FutureTask.java:308)
	at java.util.concurrent.ScheduledThreadPoolExecutor$ScheduledFutureTask.access$301(ScheduledThreadPoolExecutor.java:180)
	at java.util.concurrent.ScheduledThreadPoolExecutor$ScheduledFutureTask.run(ScheduledThreadPoolExecutor.java:294)
	at java.util.concurrent.ThreadPoolExecutor.runWorker(ThreadPoolExecutor.java:1149)
	at java.util.concurrent.ThreadPoolExecutor$Worker.run(ThreadPoolExecutor.java:624)
	at java.lang.Thread.run(Thread.java:748)
2018-06-04 15:35:49,289 [spacecraftClock] INFO  space.exploration.mars.rover.utils.FileUtil - File at /home/sanket/Documents/workspace/MarsRover/mars.rover/dataArchives/APXS/1256/ exists - will delete it now.
2018-06-04 15:35:49,290 [spacecraftClock] ERROR space.exploration.mars.rover.sensor.ApxsSpectrometer - ApxsData not available for sol = 1256
java.net.MalformedURLException
	at java.net.URL.<init>(URL.java:627)
	at java.net.URL.<init>(URL.java:490)
	at java.net.URL.<init>(URL.java:439)
	at space.exploration.mars.rover.utils.ServiceUtil.download(ServiceUtil.java:15)
	at space.exploration.mars.rover.utils.ServiceUtil.downloadCsv(ServiceUtil.java:40)
	at space.exploration.mars.rover.service.ApxsDataService.<init>(ApxsDataService.java:27)
	at space.exploration.mars.rover.sensor.ApxsSpectrometer.calibrateApxsSpectrometer(ApxsSpectrometer.java:39)
	at space.exploration.mars.rover.kernel.Rover.updateSensors(Rover.java:346)
	at space.exploration.mars.rover.kernel.SpacecraftClock$Clock.run(SpacecraftClock.java:225)
	at java.util.concurrent.Executors$RunnableAdapter.call(Executors.java:511)
	at java.util.concurrent.FutureTask.runAndReset(FutureTask.java:308)
	at java.util.concurrent.ScheduledThreadPoolExecutor$ScheduledFutureTask.access$301(ScheduledThreadPoolExecutor.java:180)
	at java.util.concurrent.ScheduledThreadPoolExecutor$ScheduledFutureTask.run(ScheduledThreadPoolExecutor.java:294)
	at java.util.concurrent.ThreadPoolExecutor.runWorker(ThreadPoolExecutor.java:1149)
	at java.util.concurrent.ThreadPoolExecutor$Worker.run(ThreadPoolExecutor.java:624)
	at java.lang.Thread.run(Thread.java:748)
Caused by: java.lang.NullPointerException
	at java.net.URL.<init>(URL.java:532)
	... 15 more
2018-06-04 15:35:49,292 [sleepMonitor] INFO  space.exploration.mars.rover.animation.SleepingAnimationEngine - Rover is sleeping now
2018-06-04 15:36:02,361 [batteryMonitor] INFO  space.exploration.mars.rover.power.BatteryMonitor - BatteryMonitor performing due diligence. SCET = 1528144562361 Rover state = Sleeping State
2018-06-04 15:36:02,362 [batteryMonitor] INFO  space.exploration.mars.rover.power.BatteryMonitor -  Battery primaryUnits = 1200 auxiliaryPowerUnits = 100
2018-06-04 15:36:03,848 [radio] INFO  space.exploration.mars.rover.communication.Receiver - Time Elapsed since last message = 31195
2018-06-04 15:36:03,938 [radio] INFO  space.exploration.mars.rover.kernel.PositionSensor - Houston - this is curiosityActual.ephemerisTime: 5.09033168185171E8
stateCuriosity: -1.08235327403E8
stateCuriosity: -1.32613643724E8
stateCuriosity: -5.2720911843E7
stateCuriosity: 23.437
stateCuriosity: 3.968
stateCuriosity: 1.011
owltMSLEarth: 597.45
stateEarth: 1.08250704361E8
stateEarth: 1.32632478509E8
stateEarth: 5.2728398146E7
stateEarth: -23.444
stateEarth: -3.973
stateEarth: -1.013
owltEarthMSL: 597.535
positionEarthWRTCuriosity: 1.08250704361E8
positionEarthWRTCuriosity: 1.32632478509E8
positionEarthWRTCuriosity: 5.2728398146E7
owltEarthMSL2: 597.535
angSepHGAEarth: 100.941
utcTime: "2016-02-18~02:05:00"
sol: 1256
sclkValue: " 1/01256:22:55:26:77399"

2018-06-04 15:36:03,979 [radio] INFO  space.exploration.mars.rover.kernel.PositionSensor - ephemerisTime: 5.09033168185171E8
stateCuriosity: -1.08235327403E8
stateCuriosity: -1.32613643724E8
stateCuriosity: -5.2720911843E7
stateCuriosity: 23.437
stateCuriosity: 3.968
stateCuriosity: 1.011
owltMSLEarth: 597.45
stateEarth: 1.08250704361E8
stateEarth: 1.32632478509E8
stateEarth: 5.2728398146E7
stateEarth: -23.444
stateEarth: -3.973
stateEarth: -1.013
owltEarthMSL: 597.535
positionEarthWRTCuriosity: 1.08250704361E8
positionEarthWRTCuriosity: 1.32632478509E8
positionEarthWRTCuriosity: 5.2728398146E7
owltEarthMSL2: 597.535
angSepHGAEarth: 100.941
utcTime: "2016-02-18~02:05:00"
sol: 1256
sclkValue: " 1/01256:22:55:26:77399"

2018-06-04 15:36:03,979 [radio] INFO  space.exploration.mars.rover.communication.Radio - One Way Light Time computed by SPICE :: 597.45
2018-06-04 15:36:03,994 [radio] INFO  space.exploration.mars.rover.communication.Radio - Message is authentic. Sender id = 
2018-06-04 15:36:04,984 [radio] INFO  space.exploration.mars.rover.kernel.SleepingState - Awaking from sleeping state
2018-06-04 15:36:04,984 [radio] INFO  space.exploration.mars.rover.animation.SleepingAnimationEngine - Waking up rover
2018-06-04 15:36:04,984 [sleepBreather] INFO  space.exploration.mars.rover.animation.SleepBreather - Sleep animation interrupted.
2018-06-04 15:36:08,000 [radio] INFO  space.exploration.mars.rover.kernel.ListeningState - timeStamp: 1528144563645
targets {
  roverModule: 11
  action: "GetSclkInformation"
}

2018-06-04 15:36:14,071 [radio] INFO  space.exploration.mars.rover.kernel.ListeningState - 1528144574071,11,GetSclkInformation Current instructionQueue length = 0
2018-06-04 15:36:14,072 [radio] INFO  space.exploration.mars.rover.kernel.ListeningState - Rover will get detailed spacecraftClock information. Houston, this is CuriosityActual.
2018-06-04 15:36:14,077 [radio] INFO  space.exploration.mars.rover.kernel.SpacecraftClock - Internal time::2016-02-18T02:16:00.000-06:00 sclk of::1/01256:23:06:09:11523
2018-06-04 15:36:20,152 [radio] INFO  space.exploration.mars.rover.kernel.PositionSensor - Houston - this is curiosityActual.ephemerisTime: 5.09034128185171E8
stateCuriosity: -1.08212822508E8
stateCuriosity: -1.32609831026E8
stateCuriosity: -5.2719943249E7
stateCuriosity: 23.448
stateCuriosity: 3.976
stateCuriosity: 1.007
owltMSLEarth: 597.394
stateEarth: 1.08228192095E8
stateEarth: 1.32628660359E8
stateEarth: 5.2727427495E7
stateEarth: -23.456
stateEarth: -3.981
stateEarth: -1.009
owltEarthMSL: 597.479
positionEarthWRTCuriosity: 1.08228192095E8
positionEarthWRTCuriosity: 1.32628660359E8
positionEarthWRTCuriosity: 5.2727427495E7
owltEarthMSL2: 597.479
angSepHGAEarth: 104.181
utcTime: "2016-02-18~02:21:00"
sol: 1256
sclkValue: " 1/01256:23:11:01:08852"

2018-06-04 15:36:20,197 [radio] INFO  space.exploration.mars.rover.kernel.PositionSensor - ephemerisTime: 5.09034128185171E8
stateCuriosity: -1.08212822508E8
stateCuriosity: -1.32609831026E8
stateCuriosity: -5.2719943249E7
stateCuriosity: 23.448
stateCuriosity: 3.976
stateCuriosity: 1.007
owltMSLEarth: 597.394
stateEarth: 1.08228192095E8
stateEarth: 1.32628660359E8
stateEarth: 5.2727427495E7
stateEarth: -23.456
stateEarth: -3.981
stateEarth: -1.009
owltEarthMSL: 597.479
positionEarthWRTCuriosity: 1.08228192095E8
positionEarthWRTCuriosity: 1.32628660359E8
positionEarthWRTCuriosity: 5.2727427495E7
owltEarthMSL2: 597.479
angSepHGAEarth: 104.181
utcTime: "2016-02-18~02:21:00"
sol: 1256
sclkValue: " 1/01256:23:11:01:08852"

2018-06-04 15:36:20,197 [radio] INFO  space.exploration.mars.rover.communication.Radio - One Way Light Time computed by SPICE :: 597.394
2018-06-04 15:36:20,207 [radio] ERROR space.exploration.mars.rover.communication.Radio - Exception
javax.crypto.IllegalBlockSizeException: Data must not be longer than 245 bytes
	at com.sun.crypto.provider.RSACipher.doFinal(RSACipher.java:344)
	at com.sun.crypto.provider.RSACipher.engineDoFinal(RSACipher.java:389)
	at javax.crypto.Cipher.doFinal(Cipher.java:2164)
	at encryption.EncryptionUtil.encryptMessage(EncryptionUtil.java:49)
	at space.exploration.mars.rover.communication.Radio.sendMessage(Radio.java:114)
	at space.exploration.mars.rover.kernel.TransmittingState.transmitMessage(TransmittingState.java:68)
	at space.exploration.mars.rover.kernel.Rover.transmitMessage(Rover.java:386)
	at space.exploration.mars.rover.kernel.SclkTimingState.getSclkInformation(SclkTimingState.java:176)
	at space.exploration.mars.rover.kernel.Rover.getSclkInformation(Rover.java:378)
	at space.exploration.mars.rover.kernel.ListeningState.receiveMessage(ListeningState.java:164)
	at space.exploration.mars.rover.kernel.Rover.receiveMessage(Rover.java:354)
	at space.exploration.mars.rover.kernel.SleepingState.receiveMessage(SleepingState.java:38)
	at space.exploration.mars.rover.kernel.Rover.receiveMessage(Rover.java:354)
	at space.exploration.mars.rover.communication.Radio.receiveMessage(Radio.java:85)
	at space.exploration.mars.rover.communication.Receiver.run(Receiver.java:70)
2018-06-04 15:36:23,286 [pacemaker] INFO  space.exploration.mars.rover.kernel.PositionSensor - Houston - this is curiosityActual.ephemerisTime: 5.09034308185171E8
stateCuriosity: -1.08208601602E8
stateCuriosity: -1.32609115268E8
stateCuriosity: -5.2719762088E7
stateCuriosity: 23.451
stateCuriosity: 3.977
stateCuriosity: 1.006
owltMSLEarth: 597.384
stateEarth: 1.08223969774E8
stateEarth: 1.32627943539E8
stateEarth: 5.2727245934E7
stateEarth: -23.458
stateEarth: -3.983
stateEarth: -1.008
owltEarthMSL: 597.469
positionEarthWRTCuriosity: 1.08223969774E8
positionEarthWRTCuriosity: 1.32627943539E8
positionEarthWRTCuriosity: 5.2727245934E7
owltEarthMSL2: 597.469
angSepHGAEarth: 104.79
utcTime: "2016-02-18~02:24:00"
sol: 1256
sclkValue: " 1/01256:23:13:56:27249"

2018-06-04 15:36:23,332 [pacemaker] INFO  space.exploration.mars.rover.kernel.PositionSensor - ephemerisTime: 5.09034308185171E8
stateCuriosity: -1.08208601602E8
stateCuriosity: -1.32609115268E8
stateCuriosity: -5.2719762088E7
stateCuriosity: 23.451
stateCuriosity: 3.977
stateCuriosity: 1.006
owltMSLEarth: 597.384
stateEarth: 1.08223969774E8
stateEarth: 1.32627943539E8
stateEarth: 5.2727245934E7
stateEarth: -23.458
stateEarth: -3.983
stateEarth: -1.008
owltEarthMSL: 597.469
positionEarthWRTCuriosity: 1.08223969774E8
positionEarthWRTCuriosity: 1.32627943539E8
positionEarthWRTCuriosity: 5.2727245934E7
owltEarthMSL2: 597.469
angSepHGAEarth: 104.79
utcTime: "2016-02-18~02:24:00"
sol: 1256
sclkValue: " 1/01256:23:13:56:27249"

2018-06-04 15:36:23,336 [pacemaker] INFO  space.exploration.mars.rover.kernel.SpacecraftClock - Internal time::2016-02-18T02:25:00.000-06:00 sclk of::1/01256:23:14:54:66715
2018-06-04 15:36:29,434 [pacemaker] INFO  space.exploration.mars.rover.kernel.PositionSensor - Houston - this is curiosityActual.ephemerisTime: 5.09034668185171E8
stateCuriosity: -1.08200158622E8
stateCuriosity: -1.32607682868E8
stateCuriosity: -5.2719400164E7
stateCuriosity: 23.455
stateCuriosity: 3.981
stateCuriosity: 1.005
owltMSLEarth: 597.363
stateEarth: 1.08215523937E8
stateEarth: 1.32626508983E8
stateEarth: 5.2726883196E7
stateEarth: -23.463
stateEarth: -3.987
stateEarth: -1.007
owltEarthMSL: 597.448
positionEarthWRTCuriosity: 1.08215523937E8
positionEarthWRTCuriosity: 1.32626508983E8
positionEarthWRTCuriosity: 5.2726883196E7
owltEarthMSL2: 597.448
angSepHGAEarth: 106.009
utcTime: "2016-02-18~02:30:00"
sol: 1256
sclkValue: " 1/01256:23:19:46:64044"

2018-06-04 15:36:29,477 [pacemaker] INFO  space.exploration.mars.rover.kernel.PositionSensor - ephemerisTime: 5.09034668185171E8
stateCuriosity: -1.08200158622E8
stateCuriosity: -1.32607682868E8
stateCuriosity: -5.2719400164E7
stateCuriosity: 23.455
stateCuriosity: 3.981
stateCuriosity: 1.005
owltMSLEarth: 597.363
stateEarth: 1.08215523937E8
stateEarth: 1.32626508983E8
stateEarth: 5.2726883196E7
stateEarth: -23.463
stateEarth: -3.987
stateEarth: -1.007
owltEarthMSL: 597.448
positionEarthWRTCuriosity: 1.08215523937E8
positionEarthWRTCuriosity: 1.32626508983E8
positionEarthWRTCuriosity: 5.2726883196E7
owltEarthMSL2: 597.448
angSepHGAEarth: 106.009
utcTime: "2016-02-18~02:30:00"
sol: 1256
sclkValue: " 1/01256:23:19:46:64044"

2018-06-04 15:36:29,477 [pacemaker] INFO  space.exploration.mars.rover.communication.Radio - One Way Light Time computed by SPICE :: 597.363
2018-06-04 15:36:29,487 [pacemaker] ERROR space.exploration.mars.rover.communication.Radio - Exception
javax.crypto.IllegalBlockSizeException: Data must not be longer than 245 bytes
	at com.sun.crypto.provider.RSACipher.doFinal(RSACipher.java:344)
	at com.sun.crypto.provider.RSACipher.engineDoFinal(RSACipher.java:389)
	at javax.crypto.Cipher.doFinal(Cipher.java:2164)
	at encryption.EncryptionUtil.encryptMessage(EncryptionUtil.java:49)
	at space.exploration.mars.rover.communication.Radio.sendMessage(Radio.java:114)
	at space.exploration.mars.rover.kernel.TransmittingState.transmitMessage(TransmittingState.java:68)
	at space.exploration.mars.rover.kernel.Rover.transmitMessage(Rover.java:386)
	at space.exploration.mars.rover.diagnostics.Pacemaker.sendHeartBeat(Pacemaker.java:51)
	at space.exploration.mars.rover.diagnostics.Pacemaker$Pulse.run(Pacemaker.java:142)
	at java.util.concurrent.Executors$RunnableAdapter.call(Executors.java:511)
	at java.util.concurrent.FutureTask.runAndReset(FutureTask.java:308)
	at java.util.concurrent.ScheduledThreadPoolExecutor$ScheduledFutureTask.access$301(ScheduledThreadPoolExecutor.java:180)
	at java.util.concurrent.ScheduledThreadPoolExecutor$ScheduledFutureTask.run(ScheduledThreadPoolExecutor.java:294)
	at java.util.concurrent.ThreadPoolExecutor.runWorker(ThreadPoolExecutor.java:1149)
	at java.util.concurrent.ThreadPoolExecutor$Worker.run(ThreadPoolExecutor.java:624)
	at java.lang.Thread.run(Thread.java:748)
2018-06-04 15:36:32,499 [batteryMonitor] INFO  space.exploration.mars.rover.power.BatteryMonitor - BatteryMonitor performing due diligence. SCET = 1528144592361 Rover state = Listening State
2018-06-04 15:36:32,499 [batteryMonitor] INFO  space.exploration.mars.rover.power.BatteryMonitor -  Battery primaryUnits = 1199 auxiliaryPowerUnits = 100
