0 [main] INFO space.exploration.mars.rover.kernel.SpacecraftClock  - Curiosity internal spacecraft clock started at :: 2016-01-05T00:00:00.000-06:00
2 [main] INFO space.exploration.mars.rover.kernel.SpacecraftClock  - Mission duration is set to :: 1 year(s).
2 [main] INFO space.exploration.mars.rover.kernel.SpacecraftClock  - Mission duration = 31536000000
22941 [main] INFO org.apache.kafka.clients.producer.ProducerConfig  - ProducerConfig values: 
	metric.reporters = []
	metadata.max.age.ms = 300000
	reconnect.backoff.ms = 50
	sasl.kerberos.ticket.renew.window.factor = 0.8
	bootstrap.servers = [localhost:9092]
	ssl.keystore.type = JKS
	sasl.mechanism = GSSAPI
	max.block.ms = 60000
	interceptor.classes = null
	ssl.truststore.password = null
	client.id = 
	ssl.endpoint.identification.algorithm = null
	request.timeout.ms = 30000
	acks = 1
	receive.buffer.bytes = 32768
	ssl.truststore.type = JKS
	retries = 0
	ssl.truststore.location = null
	ssl.keystore.password = null
	send.buffer.bytes = 131072
	compression.type = none
	metadata.fetch.timeout.ms = 60000
	retry.backoff.ms = 100
	sasl.kerberos.kinit.cmd = /usr/bin/kinit
	buffer.memory = 33554432
	timeout.ms = 30000
	key.serializer = class org.apache.kafka.common.serialization.StringSerializer
	sasl.kerberos.service.name = null
	sasl.kerberos.ticket.renew.jitter = 0.05
	ssl.trustmanager.algorithm = PKIX
	block.on.buffer.full = false
	ssl.key.password = null
	sasl.kerberos.min.time.before.relogin = 60000
	connections.max.idle.ms = 540000
	max.in.flight.requests.per.connection = 5
	metrics.num.samples = 2
	ssl.protocol = TLS
	ssl.provider = null
	ssl.enabled.protocols = [TLSv1.2, TLSv1.1, TLSv1]
	batch.size = 16384
	ssl.keystore.location = null
	ssl.cipher.suites = null
	security.protocol = PLAINTEXT
	max.request.size = 1048576
	value.serializer = class org.apache.kafka.common.serialization.ByteArraySerializer
	ssl.keymanager.algorithm = SunX509
	metrics.sample.window.ms = 30000
	partitioner.class = class org.apache.kafka.clients.producer.internals.DefaultPartitioner
	linger.ms = 0

23018 [main] INFO org.apache.kafka.clients.producer.ProducerConfig  - ProducerConfig values: 
	metric.reporters = []
	metadata.max.age.ms = 300000
	reconnect.backoff.ms = 50
	sasl.kerberos.ticket.renew.window.factor = 0.8
	bootstrap.servers = [localhost:9092]
	ssl.keystore.type = JKS
	sasl.mechanism = GSSAPI
	max.block.ms = 60000
	interceptor.classes = null
	ssl.truststore.password = null
	client.id = producer-1
	ssl.endpoint.identification.algorithm = null
	request.timeout.ms = 30000
	acks = 1
	receive.buffer.bytes = 32768
	ssl.truststore.type = JKS
	retries = 0
	ssl.truststore.location = null
	ssl.keystore.password = null
	send.buffer.bytes = 131072
	compression.type = none
	metadata.fetch.timeout.ms = 60000
	retry.backoff.ms = 100
	sasl.kerberos.kinit.cmd = /usr/bin/kinit
	buffer.memory = 33554432
	timeout.ms = 30000
	key.serializer = class org.apache.kafka.common.serialization.StringSerializer
	sasl.kerberos.service.name = null
	sasl.kerberos.ticket.renew.jitter = 0.05
	ssl.trustmanager.algorithm = PKIX
	block.on.buffer.full = false
	ssl.key.password = null
	sasl.kerberos.min.time.before.relogin = 60000
	connections.max.idle.ms = 540000
	max.in.flight.requests.per.connection = 5
	metrics.num.samples = 2
	ssl.protocol = TLS
	ssl.provider = null
	ssl.enabled.protocols = [TLSv1.2, TLSv1.1, TLSv1]
	batch.size = 16384
	ssl.keystore.location = null
	ssl.cipher.suites = null
	security.protocol = PLAINTEXT
	max.request.size = 1048576
	value.serializer = class org.apache.kafka.common.serialization.ByteArraySerializer
	ssl.keymanager.algorithm = SunX509
	metrics.sample.window.ms = 30000
	partitioner.class = class org.apache.kafka.clients.producer.internals.DefaultPartitioner
	linger.ms = 0

23019 [main] WARN org.apache.kafka.clients.producer.ProducerConfig  - The configuration zookeeper.connect = localhost:2181 was supplied but isn't a known config.
23019 [main] WARN org.apache.kafka.clients.producer.ProducerConfig  - The configuration group.id = space.exploration.mars.zionMainframe was supplied but isn't a known config.
23019 [main] WARN org.apache.kafka.clients.producer.ProducerConfig  - The configuration source.topic = earth_to_curiosity_5 was supplied but isn't a known config.
23019 [main] WARN org.apache.kafka.clients.producer.ProducerConfig  - The configuration auto.offset.reset = largest was supplied but isn't a known config.
23019 [main] WARN org.apache.kafka.clients.producer.ProducerConfig  - The configuration metadata.broker.list = localhost:9092 was supplied but isn't a known config.
23019 [main] WARN org.apache.kafka.clients.producer.ProducerConfig  - The configuration destination.topic = curiosity_to_earth_5 was supplied but isn't a known config.
23020 [main] INFO org.apache.kafka.common.utils.AppInfoParser  - Kafka version : 0.10.0.1
23020 [main] INFO org.apache.kafka.common.utils.AppInfoParser  - Kafka commitId : a7a17cdec9eaa6c5
23152 [main] INFO kafka.utils.VerifiableProperties  - Verifying properties
23180 [main] INFO kafka.utils.VerifiableProperties  - Property auto.offset.reset is overridden to largest
23180 [main] WARN kafka.utils.VerifiableProperties  - Property bootstrap.servers is not valid
23180 [main] WARN kafka.utils.VerifiableProperties  - Property destination.topic is not valid
23180 [main] INFO kafka.utils.VerifiableProperties  - Property group.id is overridden to space.exploration.mars.zionMainframe
23181 [main] WARN kafka.utils.VerifiableProperties  - Property key.serializer is not valid
23181 [main] WARN kafka.utils.VerifiableProperties  - Property metadata.broker.list is not valid
23181 [main] WARN kafka.utils.VerifiableProperties  - Property source.topic is not valid
23181 [main] WARN kafka.utils.VerifiableProperties  - Property value.serializer is not valid
23181 [main] INFO kafka.utils.VerifiableProperties  - Property zookeeper.connect is overridden to localhost:2181
23220 [main] INFO kafka.consumer.ZookeeperConsumerConnector  - [space.exploration.mars.zionMainframe_zion-mainframe-1512258688559-8f3a8718], Connecting to zookeeper instance at localhost:2181
23272 [ZkClient-EventThread-30-localhost:2181] INFO org.I0Itec.zkclient.ZkEventThread  - Starting ZkClient event thread.
23277 [main] INFO org.apache.zookeeper.ZooKeeper  - Client environment:zookeeper.version=3.4.6-1569965, built on 02/20/2014 09:09 GMT
23277 [main] INFO org.apache.zookeeper.ZooKeeper  - Client environment:host.name=zion-mainframe
23277 [main] INFO org.apache.zookeeper.ZooKeeper  - Client environment:java.version=1.8.0_151
23277 [main] INFO org.apache.zookeeper.ZooKeeper  - Client environment:java.vendor=Oracle Corporation
23277 [main] INFO org.apache.zookeeper.ZooKeeper  - Client environment:java.home=/usr/lib/jvm/java-8-openjdk-amd64/jre
23277 [main] INFO org.apache.zookeeper.ZooKeeper  - Client environment:java.class.path=/usr/lib/jvm/java-1.8.0-openjdk-amd64/jre/lib/charsets.jar:/usr/lib/jvm/java-1.8.0-openjdk-amd64/jre/lib/ext/cldrdata.jar:/usr/lib/jvm/java-1.8.0-openjdk-amd64/jre/lib/ext/dnsns.jar:/usr/lib/jvm/java-1.8.0-openjdk-amd64/jre/lib/ext/icedtea-sound.jar:/usr/lib/jvm/java-1.8.0-openjdk-amd64/jre/lib/ext/jaccess.jar:/usr/lib/jvm/java-1.8.0-openjdk-amd64/jre/lib/ext/localedata.jar:/usr/lib/jvm/java-1.8.0-openjdk-amd64/jre/lib/ext/nashorn.jar:/usr/lib/jvm/java-1.8.0-openjdk-amd64/jre/lib/ext/sunec.jar:/usr/lib/jvm/java-1.8.0-openjdk-amd64/jre/lib/ext/sunjce_provider.jar:/usr/lib/jvm/java-1.8.0-openjdk-amd64/jre/lib/ext/sunpkcs11.jar:/usr/lib/jvm/java-1.8.0-openjdk-amd64/jre/lib/ext/zipfs.jar:/usr/lib/jvm/java-1.8.0-openjdk-amd64/jre/lib/jce.jar:/usr/lib/jvm/java-1.8.0-openjdk-amd64/jre/lib/jsse.jar:/usr/lib/jvm/java-1.8.0-openjdk-amd64/jre/lib/management-agent.jar:/usr/lib/jvm/java-1.8.0-openjdk-amd64/jre/lib/resources.jar:/usr/lib/jvm/java-1.8.0-openjdk-amd64/jre/lib/rt.jar:/home/sanket/Documents/workspace/MarsRover/mars.rover/target/classes:/home/sanket/.m2/repository/org/apache/kafka/kafka_2.10/0.10.0.1/kafka_2.10-0.10.0.1.jar:/home/sanket/.m2/repository/com/101tec/zkclient/0.8/zkclient-0.8.jar:/home/sanket/.m2/repository/org/slf4j/slf4j-api/1.6.1/slf4j-api-1.6.1.jar:/home/sanket/.m2/repository/log4j/log4j/1.2.15/log4j-1.2.15.jar:/home/sanket/.m2/repository/javax/mail/mail/1.4/mail-1.4.jar:/home/sanket/.m2/repository/javax/activation/activation/1.1/activation-1.1.jar:/home/sanket/.m2/repository/org/scala-lang/scala-library/2.10.6/scala-library-2.10.6.jar:/home/sanket/.m2/repository/org/slf4j/slf4j-log4j12/1.7.21/slf4j-log4j12-1.7.21.jar:/home/sanket/.m2/repository/com/yammer/metrics/metrics-core/2.2.0/metrics-core-2.2.0.jar:/home/sanket/.m2/repository/org/apache/kafka/kafka-clients/0.10.0.1/kafka-clients-0.10.0.1.jar:/home/sanket/.m2/repository/net/jpountz/lz4/lz4/1.3.0/lz4-1.3.0.jar:/home/sanket/.m2/repository/org/xerial/snappy/snappy-java/1.1.2.6/snappy-java-1.1.2.6.jar:/home/sanket/.m2/repository/net/sf/jopt-simple/jopt-simple/4.9/jopt-simple-4.9.jar:/home/sanket/.m2/repository/org/apache/zookeeper/zookeeper/3.4.6/zookeeper-3.4.6.jar:/home/sanket/.m2/repository/jline/jline/0.9.94/jline-0.9.94.jar:/home/sanket/.m2/repository/io/netty/netty/3.7.0.Final/netty-3.7.0.Final.jar:/home/sanket/.m2/repository/org/tensorflow/tensorflow/1.1.0/tensorflow-1.1.0.jar:/home/sanket/.m2/repository/org/tensorflow/libtensorflow/1.1.0/libtensorflow-1.1.0.jar:/home/sanket/.m2/repository/org/tensorflow/libtensorflow_jni/1.1.0/libtensorflow_jni-1.1.0.jar:/home/sanket/.m2/repository/mysql/mysql-connector-java/5.1.6/mysql-connector-java-5.1.6.jar:/home/sanket/.m2/repository/com/google/code/gson/gson/2.8.2/gson-2.8.2.jar:/home/sanket/.m2/repository/joda-time/joda-time/2.8.1/joda-time-2.8.1.jar:/home/sanket/.m2/repository/org/jsoup/jsoup/1.8.3/jsoup-1.8.3.jar:/home/sanket/.m2/repository/space/exploration/communications.protocol/1.1.2/communications.protocol-1.1.2.jar:/home/sanket/.m2/repository/com/google/protobuf/protobuf-java/3.4.0/protobuf-java-3.4.0.jar:/home/sanket/.m2/repository/space/exploration/spice.utilities/1.2/spice.utilities-1.2.jar:/home/sanket/.m2/repository/commons-io/commons-io/1.3.2/commons-io-1.3.2.jar:/home/sanket/Documents/Tools/idea/idea-IU-173.3727.127/lib/idea_rt.jar
23277 [main] INFO org.apache.zookeeper.ZooKeeper  - Client environment:java.library.path=$LD_LIBRARY_PATH:"/home/sanket/Documents/workspace/SpiceUtilities/src/main/resources/JNISpice/lib/libJNISpice.so":/usr/java/packages/lib/amd64:/usr/lib/x86_64-linux-gnu/jni:/lib/x86_64-linux-gnu:/usr/lib/x86_64-linux-gnu:/usr/lib/jni:/lib:/usr/lib
23277 [main] INFO org.apache.zookeeper.ZooKeeper  - Client environment:java.io.tmpdir=/tmp
23277 [main] INFO org.apache.zookeeper.ZooKeeper  - Client environment:java.compiler=<NA>
23277 [main] INFO org.apache.zookeeper.ZooKeeper  - Client environment:os.name=Linux
23277 [main] INFO org.apache.zookeeper.ZooKeeper  - Client environment:os.arch=amd64
23277 [main] INFO org.apache.zookeeper.ZooKeeper  - Client environment:os.version=4.10.0-40-generic
23277 [main] INFO org.apache.zookeeper.ZooKeeper  - Client environment:user.name=sanket
23277 [main] INFO org.apache.zookeeper.ZooKeeper  - Client environment:user.home=/home/sanket
23277 [main] INFO org.apache.zookeeper.ZooKeeper  - Client environment:user.dir=/home/sanket/Documents/workspace/MarsRover/mars.rover
23278 [main] INFO org.apache.zookeeper.ZooKeeper  - Initiating client connection, connectString=localhost:2181 sessionTimeout=6000 watcher=org.I0Itec.zkclient.ZkClient@55fe41ea
23286 [main] INFO org.I0Itec.zkclient.ZkClient  - Waiting for keeper state SyncConnected
23289 [main-SendThread(localhost:2181)] INFO org.apache.zookeeper.ClientCnxn  - Opening socket connection to server localhost/127.0.0.1:2181. Will not attempt to authenticate using SASL (unknown error)
23292 [main-SendThread(localhost:2181)] INFO org.apache.zookeeper.ClientCnxn  - Socket connection established to localhost/127.0.0.1:2181, initiating session
23296 [main-SendThread(localhost:2181)] INFO org.apache.zookeeper.ClientCnxn  - Session establishment complete on server localhost/127.0.0.1:2181, sessionid = 0x160124b24600013, negotiated timeout = 6000
23300 [main-EventThread] INFO org.I0Itec.zkclient.ZkClient  - zookeeper state changed (SyncConnected)
23307 [main] INFO kafka.consumer.ZookeeperConsumerConnector  - [space.exploration.mars.zionMainframe_zion-mainframe-1512258688559-8f3a8718], starting auto committer every 60000 ms
23334 [Thread-2] INFO kafka.consumer.ZookeeperConsumerConnector  - [space.exploration.mars.zionMainframe_zion-mainframe-1512258688559-8f3a8718], begin registering consumer space.exploration.mars.zionMainframe_zion-mainframe-1512258688559-8f3a8718 in ZK
23363 [Thread-2] INFO kafka.utils.ZKCheckedEphemeral  - Creating /consumers/space.exploration.mars.zionMainframe/ids/space.exploration.mars.zionMainframe_zion-mainframe-1512258688559-8f3a8718 (is it secure? false)
23375 [Thread-2] INFO kafka.utils.ZKCheckedEphemeral  - Result of znode creation is: OK
23376 [Thread-2] INFO kafka.consumer.ZookeeperConsumerConnector  - [space.exploration.mars.zionMainframe_zion-mainframe-1512258688559-8f3a8718], end registering consumer space.exploration.mars.zionMainframe_zion-mainframe-1512258688559-8f3a8718 in ZK
23379 [space.exploration.mars.zionMainframe_zion-mainframe-1512258688559-8f3a8718_watcher_executor] INFO kafka.consumer.ZookeeperConsumerConnector  - [space.exploration.mars.zionMainframe_zion-mainframe-1512258688559-8f3a8718], starting watcher executor thread for consumer space.exploration.mars.zionMainframe_zion-mainframe-1512258688559-8f3a8718
23396 [Thread-2] INFO kafka.consumer.ZookeeperConsumerConnector  - [space.exploration.mars.zionMainframe_zion-mainframe-1512258688559-8f3a8718], begin rebalancing consumer space.exploration.mars.zionMainframe_zion-mainframe-1512258688559-8f3a8718 try #0
23505 [Thread-2] INFO kafka.consumer.ConsumerFetcherManager  - [ConsumerFetcherManager-1512258688646] Stopping leader finder thread
23506 [Thread-2] INFO kafka.consumer.ConsumerFetcherManager  - [ConsumerFetcherManager-1512258688646] Stopping all fetchers
23506 [Thread-2] INFO kafka.consumer.ConsumerFetcherManager  - [ConsumerFetcherManager-1512258688646] All connections stopped
23507 [Thread-2] INFO kafka.consumer.ZookeeperConsumerConnector  - [space.exploration.mars.zionMainframe_zion-mainframe-1512258688559-8f3a8718], Cleared all relevant queues for this fetcher
23508 [Thread-2] INFO kafka.consumer.ZookeeperConsumerConnector  - [space.exploration.mars.zionMainframe_zion-mainframe-1512258688559-8f3a8718], Cleared the data chunks in all the consumer message iterators
23508 [Thread-2] INFO kafka.consumer.ZookeeperConsumerConnector  - [space.exploration.mars.zionMainframe_zion-mainframe-1512258688559-8f3a8718], Committing all offsets after clearing the fetcher queues
23510 [Thread-2] INFO kafka.consumer.ZookeeperConsumerConnector  - [space.exploration.mars.zionMainframe_zion-mainframe-1512258688559-8f3a8718], Releasing partition ownership
23538 [Thread-2] INFO kafka.consumer.RangeAssignor  - Consumer space.exploration.mars.zionMainframe_zion-mainframe-1512258688559-8f3a8718 rebalancing the following partitions: ArrayBuffer(0) for topic earth_to_curiosity_5 with consumers: List(space.exploration.mars.zionMainframe_zion-mainframe-1512258688559-8f3a8718-0)
23540 [Thread-2] INFO kafka.consumer.RangeAssignor  - space.exploration.mars.zionMainframe_zion-mainframe-1512258688559-8f3a8718-0 attempting to claim partition 0
23560 [Thread-2] INFO kafka.consumer.ZookeeperConsumerConnector  - [space.exploration.mars.zionMainframe_zion-mainframe-1512258688559-8f3a8718], space.exploration.mars.zionMainframe_zion-mainframe-1512258688559-8f3a8718-0 successfully owned partition 0 for topic earth_to_curiosity_5
23576 [Thread-2] INFO kafka.consumer.ZookeeperConsumerConnector  - [space.exploration.mars.zionMainframe_zion-mainframe-1512258688559-8f3a8718], Consumer space.exploration.mars.zionMainframe_zion-mainframe-1512258688559-8f3a8718 selected partitions : earth_to_curiosity_5:0: fetched offset = 2875: consumed offset = 2875
23582 [Thread-2] INFO kafka.consumer.ZookeeperConsumerConnector  - [space.exploration.mars.zionMainframe_zion-mainframe-1512258688559-8f3a8718], end rebalancing consumer space.exploration.mars.zionMainframe_zion-mainframe-1512258688559-8f3a8718 try #0
23583 [space.exploration.mars.zionMainframe_zion-mainframe-1512258688559-8f3a8718-leader-finder-thread] INFO kafka.consumer.ConsumerFetcherManager$LeaderFinderThread  - [space.exploration.mars.zionMainframe_zion-mainframe-1512258688559-8f3a8718-leader-finder-thread], Starting 
23616 [space.exploration.mars.zionMainframe_zion-mainframe-1512258688559-8f3a8718-leader-finder-thread] INFO kafka.utils.VerifiableProperties  - Verifying properties
23616 [space.exploration.mars.zionMainframe_zion-mainframe-1512258688559-8f3a8718-leader-finder-thread] INFO kafka.utils.VerifiableProperties  - Property client.id is overridden to space.exploration.mars.zionMainframe
23617 [space.exploration.mars.zionMainframe_zion-mainframe-1512258688559-8f3a8718-leader-finder-thread] INFO kafka.utils.VerifiableProperties  - Property metadata.broker.list is overridden to zion-mainframe:9092
23617 [space.exploration.mars.zionMainframe_zion-mainframe-1512258688559-8f3a8718-leader-finder-thread] INFO kafka.utils.VerifiableProperties  - Property request.timeout.ms is overridden to 30000
23630 [space.exploration.mars.zionMainframe_zion-mainframe-1512258688559-8f3a8718-leader-finder-thread] INFO kafka.client.ClientUtils$  - Fetching metadata from broker BrokerEndPoint(0,zion-mainframe,9092) with correlation id 0 for 1 topic(s) Set(earth_to_curiosity_5)
23635 [space.exploration.mars.zionMainframe_zion-mainframe-1512258688559-8f3a8718-leader-finder-thread] INFO kafka.producer.SyncProducer  - Connected to zion-mainframe:9092 for producing
23650 [space.exploration.mars.zionMainframe_zion-mainframe-1512258688559-8f3a8718-leader-finder-thread] INFO kafka.producer.SyncProducer  - Disconnecting from zion-mainframe:9092
23664 [ConsumerFetcherThread-space.exploration.mars.zionMainframe_zion-mainframe-1512258688559-8f3a8718-0-0] INFO kafka.consumer.ConsumerFetcherThread  - [ConsumerFetcherThread-space.exploration.mars.zionMainframe_zion-mainframe-1512258688559-8f3a8718-0-0], Starting 
23668 [space.exploration.mars.zionMainframe_zion-mainframe-1512258688559-8f3a8718-leader-finder-thread] INFO kafka.consumer.ConsumerFetcherManager  - [ConsumerFetcherManager-1512258688646] Added fetcher for partitions ArrayBuffer([[earth_to_curiosity_5,0], initOffset 2875 to broker BrokerEndPoint(0,zion-mainframe,9092)] )
23700 [Thread-2] INFO space.exploration.mars.rover.communication.Receiver  - Time Elapsed since last message = 390
31367 [main] INFO space.exploration.mars.rover.communication.Transmitter  - Sending information packet to curiosity_to_earth_5
34377 [pool-5-thread-1] INFO space.exploration.mars.rover.animation.SleepingAnimationEngine  - Rover is sleeping now
34457 [Thread-2] INFO space.exploration.mars.rover.sensor.PositionSensor  - ephemerisTime: 5.05224380184024E8
stateCuriosity: -2.11819733594E8
stateCuriosity: -1.17251584386E8
stateCuriosity: -4.3813808734E7
stateCuriosity: 28.63
stateCuriosity: -13.66
stateCuriosity: -6.449
owltMSLEarth: 820.698
stateEarth: 2.1184869609E8
stateEarth: 1.17267613214E8
stateEarth: 4.3819795651E7
stateEarth: -28.645
stateEarth: 13.657
stateEarth: 6.448
owltEarthMSL: 820.81
positionEarthWRTCuriosity: 2.1184869609E8
positionEarthWRTCuriosity: 1.17267613214E8
positionEarthWRTCuriosity: 4.3819795651E7
owltEarthMSL2: 820.81
angSepHGAEarth: 151.732
utcTime: "2016-01-05~00:05:12"
sol: 1214

34458 [Thread-2] INFO space.exploration.mars.rover.communication.Radio  - One Way Light Time computed by SPICE :: 820.698
34471 [Thread-2] INFO space.exploration.mars.rover.kernel.SleepingState  - Awaking from sleeping state
34471 [Thread-2] INFO space.exploration.mars.rover.animation.SleepingAnimationEngine  - Waking up rover
43534 [Thread-2] INFO space.exploration.mars.rover.kernel.ListeningState  - 1512258708874,5,Explore Current instructionQueue length = 0
43534 [Thread-2] INFO space.exploration.mars.rover.kernel.ListeningState  - Rover Curiosity is on a scientific mission!
74623 [Thread-2] INFO space.exploration.mars.rover.sensor.PositionSensor  - ephemerisTime: 5.05224380184024E8
stateCuriosity: -2.11819733594E8
stateCuriosity: -1.17251584386E8
stateCuriosity: -4.3813808734E7
stateCuriosity: 28.63
stateCuriosity: -13.66
stateCuriosity: -6.449
owltMSLEarth: 820.698
stateEarth: 2.1184869609E8
stateEarth: 1.17267613214E8
stateEarth: 4.3819795651E7
stateEarth: -28.645
stateEarth: 13.657
stateEarth: 6.448
owltEarthMSL: 820.81
positionEarthWRTCuriosity: 2.1184869609E8
positionEarthWRTCuriosity: 1.17267613214E8
positionEarthWRTCuriosity: 4.3819795651E7
owltEarthMSL2: 820.81
angSepHGAEarth: 151.732
utcTime: "2016-01-05~00:05:12"
sol: 1214

74623 [Thread-2] INFO space.exploration.mars.rover.communication.Radio  - One Way Light Time computed by SPICE :: 820.698
74637 [Thread-2] INFO space.exploration.mars.rover.communication.Transmitter  - Sending information packet to curiosity_to_earth_5
77637 [Thread-2] INFO space.exploration.mars.rover.communication.Receiver  - Time Elapsed since last message = 54327
77746 [Thread-2] INFO space.exploration.mars.rover.sensor.PositionSensor  - ephemerisTime: 5.05224380184024E8
stateCuriosity: -2.11819733594E8
stateCuriosity: -1.17251584386E8
stateCuriosity: -4.3813808734E7
stateCuriosity: 28.63
stateCuriosity: -13.66
stateCuriosity: -6.449
owltMSLEarth: 820.698
stateEarth: 2.1184869609E8
stateEarth: 1.17267613214E8
stateEarth: 4.3819795651E7
stateEarth: -28.645
stateEarth: 13.657
stateEarth: 6.448
owltEarthMSL: 820.81
positionEarthWRTCuriosity: 2.1184869609E8
positionEarthWRTCuriosity: 1.17267613214E8
positionEarthWRTCuriosity: 4.3819795651E7
owltEarthMSL2: 820.81
angSepHGAEarth: 151.732
utcTime: "2016-01-05~00:11:04"
sol: 1214

77746 [Thread-2] INFO space.exploration.mars.rover.communication.Radio  - One Way Light Time computed by SPICE :: 820.698
77749 [pool-4-thread-1] INFO space.exploration.mars.rover.sensor.PositionSensor  - ephemerisTime: 5.05224380184024E8
stateCuriosity: -2.11819733594E8
stateCuriosity: -1.17251584386E8
stateCuriosity: -4.3813808734E7
stateCuriosity: 28.63
stateCuriosity: -13.66
stateCuriosity: -6.449
owltMSLEarth: 820.698
stateEarth: 2.1184869609E8
stateEarth: 1.17267613214E8
stateEarth: 4.3819795651E7
stateEarth: -28.645
stateEarth: 13.657
stateEarth: 6.448
owltEarthMSL: 820.81
positionEarthWRTCuriosity: 2.1184869609E8
positionEarthWRTCuriosity: 1.17267613214E8
positionEarthWRTCuriosity: 4.3819795651E7
owltEarthMSL2: 820.81
angSepHGAEarth: 151.732
utcTime: "2016-01-05~00:11:04"
sol: 1214

77769 [pool-4-thread-1] INFO space.exploration.mars.rover.kernel.SpacecraftClock  - Internal time::2016-01-05T00:11:04.920-06:00 sclk of::1/01214:01:19:48:15272
83772 [Thread-2] INFO space.exploration.mars.rover.kernel.ListeningState  - 1512258749112,10,GetSeasonalWeather Current instructionQueue length = 0
83772 [Thread-2] INFO space.exploration.mars.rover.kernel.ListeningState  - Rover will try to get weather measurements - actual Curiosity Data
83772 [Thread-2] INFO space.exploration.mars.rover.kernel.WeatherSensingState  - Will get mars weather measurements
87091 [Thread-2] INFO space.exploration.mars.rover.utils.WeatherUtil  - wind_speed information not present
java.lang.NumberFormatException: For input string: "null"
	at sun.misc.FloatingDecimal.readJavaFormatString(FloatingDecimal.java:2043)
	at sun.misc.FloatingDecimal.parseDouble(FloatingDecimal.java:110)
	at java.lang.Double.parseDouble(Double.java:538)
	at space.exploration.mars.rover.utils.WeatherUtil.getweatherPayload(WeatherUtil.java:66)
	at space.exploration.mars.rover.service.WeatherQueryService.getResponse(WeatherQueryService.java:21)
	at space.exploration.mars.rover.sensor.WeatherSensor.getWeather(WeatherSensor.java:48)
	at space.exploration.mars.rover.kernel.WeatherSensingState.senseWeather(WeatherSensingState.java:52)
	at space.exploration.mars.rover.kernel.Rover.senseWeather(Rover.java:298)
	at space.exploration.mars.rover.kernel.ListeningState.receiveMessage(ListeningState.java:99)
	at space.exploration.mars.rover.kernel.Rover.receiveMessage(Rover.java:306)
	at space.exploration.mars.rover.communication.Radio.receiveMessage(Radio.java:59)
	at space.exploration.mars.rover.communication.Receiver.run(Receiver.java:66)
87095 [Thread-2] INFO space.exploration.mars.rover.utils.WeatherUtil  - wind_direction information not present
java.lang.NumberFormatException: For input string: "--"
	at sun.misc.FloatingDecimal.readJavaFormatString(FloatingDecimal.java:2043)
	at sun.misc.FloatingDecimal.parseDouble(FloatingDecimal.java:110)
	at java.lang.Double.parseDouble(Double.java:538)
	at space.exploration.mars.rover.utils.WeatherUtil.getweatherPayload(WeatherUtil.java:72)
	at space.exploration.mars.rover.service.WeatherQueryService.getResponse(WeatherQueryService.java:21)
	at space.exploration.mars.rover.sensor.WeatherSensor.getWeather(WeatherSensor.java:48)
	at space.exploration.mars.rover.kernel.WeatherSensingState.senseWeather(WeatherSensingState.java:52)
	at space.exploration.mars.rover.kernel.Rover.senseWeather(Rover.java:298)
	at space.exploration.mars.rover.kernel.ListeningState.receiveMessage(ListeningState.java:99)
	at space.exploration.mars.rover.kernel.Rover.receiveMessage(Rover.java:306)
	at space.exploration.mars.rover.communication.Radio.receiveMessage(Radio.java:59)
	at space.exploration.mars.rover.communication.Receiver.run(Receiver.java:66)
87103 [Thread-2] INFO space.exploration.mars.rover.sensor.WeatherSensor  - Current weatherQueryRate/hour = 0.0 max allowed = 1000.0/hr
93159 [Thread-2] INFO space.exploration.mars.rover.sensor.PositionSensor  - ephemerisTime: 5.05224732184024E8
stateCuriosity: -2.11809654706E8
stateCuriosity: -1.17256392072E8
stateCuriosity: -4.3816078883E7
stateCuriosity: 28.636
stateCuriosity: -13.656
stateCuriosity: -6.45
owltMSLEarth: 820.678
stateEarth: 2.11838612207E8
stateEarth: 1.17272419688E8
stateEarth: 4.3822065449E7
stateEarth: -28.65
stateEarth: 13.653
stateEarth: 6.449
owltEarthMSL: 820.79
positionEarthWRTCuriosity: 2.11838612207E8
positionEarthWRTCuriosity: 1.17272419688E8
positionEarthWRTCuriosity: 4.3822065449E7
owltEarthMSL2: 820.79
angSepHGAEarth: 151.852
utcTime: "2016-01-05~00:11:04"
sol: 1214

93160 [Thread-2] INFO space.exploration.mars.rover.communication.Radio  - One Way Light Time computed by SPICE :: 820.678
93173 [Thread-2] INFO space.exploration.mars.rover.communication.Transmitter  - Sending information packet to curiosity_to_earth_5
96174 [Thread-2] INFO space.exploration.mars.rover.communication.Receiver  - Time Elapsed since last message = 18536
102255 [pool-4-thread-1] INFO space.exploration.mars.rover.sensor.PositionSensor  - ephemerisTime: 5.05224893184025E8
stateCuriosity: -2.11805044126E8
stateCuriosity: -1.17258590517E8
stateCuriosity: -4.3817117309E7
stateCuriosity: 28.638
stateCuriosity: -13.654
stateCuriosity: -6.45
owltMSLEarth: 820.669
stateEarth: 2.11833999333E8
stateEarth: 1.17274617575E8
stateEarth: 4.3823103713E7
stateEarth: -28.653
stateEarth: 13.65
stateEarth: 6.449
owltEarthMSL: 820.781
positionEarthWRTCuriosity: 2.11833999333E8
positionEarthWRTCuriosity: 1.17274617575E8
positionEarthWRTCuriosity: 4.3823103713E7
owltEarthMSL2: 820.781
angSepHGAEarth: 151.891
utcTime: "2016-01-05~00:13:45"
sol: 1214

102255 [pool-4-thread-1] INFO space.exploration.mars.rover.communication.Radio  - One Way Light Time computed by SPICE :: 820.669
102268 [pool-4-thread-1] INFO space.exploration.mars.rover.communication.Transmitter  - Sending information packet to curiosity_to_earth_5
105269 [Thread-2] INFO space.exploration.mars.rover.sensor.PositionSensor  - ephemerisTime: 5.05224893184025E8
stateCuriosity: -2.11805044126E8
stateCuriosity: -1.17258590517E8
stateCuriosity: -4.3817117309E7
stateCuriosity: 28.638
stateCuriosity: -13.654
stateCuriosity: -6.45
owltMSLEarth: 820.669
stateEarth: 2.11833999333E8
stateEarth: 1.17274617575E8
stateEarth: 4.3823103713E7
stateEarth: -28.653
stateEarth: 13.65
stateEarth: 6.449
owltEarthMSL: 820.781
positionEarthWRTCuriosity: 2.11833999333E8
positionEarthWRTCuriosity: 1.17274617575E8
positionEarthWRTCuriosity: 4.3823103713E7
owltEarthMSL2: 820.781
angSepHGAEarth: 151.891
utcTime: "2016-01-05~00:13:45"
sol: 1214

105269 [Thread-2] INFO space.exploration.mars.rover.communication.Radio  - One Way Light Time computed by SPICE :: 820.669
111297 [Thread-2] INFO space.exploration.mars.rover.kernel.ListeningState  - 1512258776637,8,ClickCamera Current instructionQueue length = 0
111297 [Thread-2] INFO space.exploration.mars.rover.kernel.ListeningState  - Rover Curiosity is going to try to take pictures!
120977 [Thread-2] INFO space.exploration.mars.rover.sensor.PositionSensor  - ephemerisTime: 5.05224957184025E8
stateCuriosity: -2.11803211238E8
stateCuriosity: -1.1725946434E8
stateCuriosity: -4.3817530115E7
stateCuriosity: 28.639
stateCuriosity: -13.653
stateCuriosity: -6.45
owltMSLEarth: 820.665
stateEarth: 2.11832165532E8
stateEarth: 1.17275491175E8
stateEarth: 4.3823516454E7
stateEarth: -28.654
stateEarth: 13.65
stateEarth: 6.449
owltEarthMSL: 820.777
positionEarthWRTCuriosity: 2.11832165532E8
positionEarthWRTCuriosity: 1.17275491175E8
positionEarthWRTCuriosity: 4.3823516454E7
owltEarthMSL2: 820.777
angSepHGAEarth: 151.904
utcTime: "2016-01-05~00:14:49"
sol: 1214

120977 [Thread-2] INFO space.exploration.mars.rover.communication.Radio  - One Way Light Time computed by SPICE :: 820.665
120990 [Thread-2] INFO space.exploration.mars.rover.communication.Transmitter  - Sending information packet to curiosity_to_earth_5
123992 [Thread-2] INFO space.exploration.mars.rover.communication.Receiver  - Time Elapsed since last message = 27818
124040 [Thread-2] INFO space.exploration.mars.rover.sensor.PositionSensor  - ephemerisTime: 5.05224957184025E8
stateCuriosity: -2.11803211238E8
stateCuriosity: -1.1725946434E8
stateCuriosity: -4.3817530115E7
stateCuriosity: 28.639
stateCuriosity: -13.653
stateCuriosity: -6.45
owltMSLEarth: 820.665
stateEarth: 2.11832165532E8
stateEarth: 1.17275491175E8
stateEarth: 4.3823516454E7
stateEarth: -28.654
stateEarth: 13.65
stateEarth: 6.449
owltEarthMSL: 820.777
positionEarthWRTCuriosity: 2.11832165532E8
positionEarthWRTCuriosity: 1.17275491175E8
positionEarthWRTCuriosity: 4.3823516454E7
owltEarthMSL2: 820.777
angSepHGAEarth: 151.904
utcTime: "2016-01-05~00:17:41"
sol: 1214

124040 [Thread-2] INFO space.exploration.mars.rover.communication.Radio  - One Way Light Time computed by SPICE :: 820.665
124050 [pool-4-thread-1] INFO space.exploration.mars.rover.sensor.PositionSensor  - ephemerisTime: 5.05224957184025E8
stateCuriosity: -2.11803211238E8
stateCuriosity: -1.1725946434E8
stateCuriosity: -4.3817530115E7
stateCuriosity: 28.639
stateCuriosity: -13.653
stateCuriosity: -6.45
owltMSLEarth: 820.665
stateEarth: 2.11832165532E8
stateEarth: 1.17275491175E8
stateEarth: 4.3823516454E7
stateEarth: -28.654
stateEarth: 13.65
stateEarth: 6.449
owltEarthMSL: 820.777
positionEarthWRTCuriosity: 2.11832165532E8
positionEarthWRTCuriosity: 1.17275491175E8
positionEarthWRTCuriosity: 4.3823516454E7
owltEarthMSL2: 820.777
angSepHGAEarth: 151.904
utcTime: "2016-01-05~00:17:41"
sol: 1214

124051 [pool-4-thread-1] INFO space.exploration.mars.rover.kernel.SpacecraftClock  - Internal time::2016-01-05T00:17:41.400-06:00 sclk of::1/01214:01:26:14:53071
130102 [pool-4-thread-1] INFO space.exploration.mars.rover.sensor.PositionSensor  - ephemerisTime: 5.05225129184025E8
stateCuriosity: -2.11798285043E8
stateCuriosity: -1.17261812476E8
stateCuriosity: -4.3818639569E7
stateCuriosity: 28.642
stateCuriosity: -13.651
stateCuriosity: -6.45
owltMSLEarth: 820.655
stateEarth: 2.11827236879E8
stateEarth: 1.17277838709E8
stateEarth: 4.3824625734E7
stateEarth: -28.656
stateEarth: 13.647
stateEarth: 6.449
owltEarthMSL: 820.767
positionEarthWRTCuriosity: 2.11827236879E8
positionEarthWRTCuriosity: 1.17277838709E8
positionEarthWRTCuriosity: 4.3824625734E7
owltEarthMSL2: 820.767
angSepHGAEarth: 151.93
utcTime: "2016-01-05~00:17:41"
sol: 1214

130102 [pool-4-thread-1] INFO space.exploration.mars.rover.communication.Radio  - One Way Light Time computed by SPICE :: 820.655
130115 [pool-4-thread-1] INFO space.exploration.mars.rover.communication.Transmitter  - Sending information packet to curiosity_to_earth_5
139133 [Thread-2] INFO space.exploration.mars.rover.kernel.ListeningState  - 1512258804473,5,Explore Current instructionQueue length = 0
139133 [Thread-2] INFO space.exploration.mars.rover.kernel.ListeningState  - Rover Curiosity is on a scientific mission!
170208 [Thread-2] INFO space.exploration.mars.rover.sensor.PositionSensor  - ephemerisTime: 5.05225213184025E8
stateCuriosity: -2.11795879063E8
stateCuriosity: -1.17262959099E8
stateCuriosity: -4.3819181416E7
stateCuriosity: 28.643
stateCuriosity: -13.65
stateCuriosity: -6.451
owltMSLEarth: 820.65
stateEarth: 2.11824829697E8
stateEarth: 1.17278985037E8
stateEarth: 4.3825167495E7
stateEarth: -28.658
stateEarth: 13.646
stateEarth: 6.45
owltEarthMSL: 820.763
positionEarthWRTCuriosity: 2.11824829697E8
positionEarthWRTCuriosity: 1.17278985037E8
positionEarthWRTCuriosity: 4.3825167495E7
owltEarthMSL2: 820.763
angSepHGAEarth: 151.939
utcTime: "2016-01-05~00:19:05"
sol: 1214

170208 [Thread-2] INFO space.exploration.mars.rover.communication.Radio  - One Way Light Time computed by SPICE :: 820.65
170221 [Thread-2] INFO space.exploration.mars.rover.communication.Transmitter  - Sending information packet to curiosity_to_earth_5
173222 [Thread-2] INFO space.exploration.mars.rover.communication.Receiver  - Time Elapsed since last message = 49230
173276 [Thread-2] INFO space.exploration.mars.rover.sensor.PositionSensor  - ephemerisTime: 5.05225213184025E8
stateCuriosity: -2.11795879063E8
stateCuriosity: -1.17262959099E8
stateCuriosity: -4.3819181416E7
stateCuriosity: 28.643
stateCuriosity: -13.65
stateCuriosity: -6.451
owltMSLEarth: 820.65
stateEarth: 2.11824829697E8
stateEarth: 1.17278985037E8
stateEarth: 4.3825167495E7
stateEarth: -28.658
stateEarth: 13.646
stateEarth: 6.45
owltEarthMSL: 820.763
positionEarthWRTCuriosity: 2.11824829697E8
positionEarthWRTCuriosity: 1.17278985037E8
positionEarthWRTCuriosity: 4.3825167495E7
owltEarthMSL2: 820.763
angSepHGAEarth: 151.939
utcTime: "2016-01-05~00:25:01"
sol: 1214

173276 [Thread-2] INFO space.exploration.mars.rover.communication.Radio  - One Way Light Time computed by SPICE :: 820.65
179303 [Thread-2] INFO space.exploration.mars.rover.kernel.ListeningState  - 1512258844643,11,GetSclkInformation Current instructionQueue length = 0
179303 [Thread-2] INFO space.exploration.mars.rover.kernel.ListeningState  - Rover will get detailed spacecraftClock information. Houston, this is CuriosityActual.
179307 [Thread-2] INFO space.exploration.mars.rover.kernel.SpacecraftClock  - Internal time::2016-01-05T00:25:53.760-06:00 sclk of::1/01214:01:34:13:36690
185351 [Thread-2] INFO space.exploration.mars.rover.sensor.PositionSensor  - ephemerisTime: 5.05225569184025E8
stateCuriosity: -2.11785681104E8
stateCuriosity: -1.17267817554E8
stateCuriosity: -4.3821477954E7
stateCuriosity: 28.649
stateCuriosity: -13.645
stateCuriosity: -6.451
owltMSLEarth: 820.63
stateEarth: 2.11814626627E8
stateEarth: 1.17283842233E8
stateEarth: 4.382746367E7
stateEarth: -28.663
stateEarth: 13.641
stateEarth: 6.45
owltEarthMSL: 820.742
positionEarthWRTCuriosity: 2.11814626627E8
positionEarthWRTCuriosity: 1.17283842233E8
positionEarthWRTCuriosity: 4.382746367E7
owltEarthMSL2: 820.742
angSepHGAEarth: 151.945
utcTime: "2016-01-05~00:25:01"
sol: 1214

185351 [Thread-2] INFO space.exploration.mars.rover.communication.Radio  - One Way Light Time computed by SPICE :: 820.63
185365 [Thread-2] INFO space.exploration.mars.rover.communication.Transmitter  - Sending information packet to curiosity_to_earth_5
188365 [Thread-2] INFO space.exploration.mars.rover.communication.Receiver  - Time Elapsed since last message = 15143
188408 [pool-4-thread-1] INFO space.exploration.mars.rover.sensor.PositionSensor  - ephemerisTime: 5.05225569184025E8
stateCuriosity: -2.11785681104E8
stateCuriosity: -1.17267817554E8
stateCuriosity: -4.3821477954E7
stateCuriosity: 28.649
stateCuriosity: -13.645
stateCuriosity: -6.451
owltMSLEarth: 820.63
stateEarth: 2.11814626627E8
stateEarth: 1.17283842233E8
stateEarth: 4.382746367E7
stateEarth: -28.663
stateEarth: 13.641
stateEarth: 6.45
owltEarthMSL: 820.742
positionEarthWRTCuriosity: 2.11814626627E8
positionEarthWRTCuriosity: 1.17283842233E8
positionEarthWRTCuriosity: 4.382746367E7
owltEarthMSL2: 820.742
angSepHGAEarth: 151.945
utcTime: "2016-01-05~00:27:20"
sol: 1214

188408 [pool-4-thread-1] INFO space.exploration.mars.rover.kernel.SpacecraftClock  - Internal time::2016-01-05T00:27:20.880-06:00 sclk of::1/01214:01:35:38:03916
194456 [pool-4-thread-1] INFO space.exploration.mars.rover.sensor.PositionSensor  - ephemerisTime: 5.05225708184025E8
stateCuriosity: -2.11781698796E8
stateCuriosity: -1.17269714071E8
stateCuriosity: -4.3822374693E7
stateCuriosity: 28.651
stateCuriosity: -13.643
stateCuriosity: -6.451
owltMSLEarth: 820.622
stateEarth: 2.11810642319E8
stateEarth: 1.17285738255E8
stateEarth: 4.3828360265E7
stateEarth: -28.665
stateEarth: 13.639
stateEarth: 6.45
owltEarthMSL: 820.735
positionEarthWRTCuriosity: 2.11810642319E8
positionEarthWRTCuriosity: 1.17285738255E8
positionEarthWRTCuriosity: 4.3828360265E7
owltEarthMSL2: 820.735
angSepHGAEarth: 151.934
utcTime: "2016-01-05~00:27:20"
sol: 1214

194456 [pool-4-thread-1] INFO space.exploration.mars.rover.communication.Radio  - One Way Light Time computed by SPICE :: 820.622
194469 [pool-4-thread-1] INFO space.exploration.mars.rover.communication.Transmitter  - Sending information packet to curiosity_to_earth_5
197470 [Thread-2] INFO space.exploration.mars.rover.sensor.PositionSensor  - ephemerisTime: 5.05225569184025E8
stateCuriosity: -2.11785681104E8
stateCuriosity: -1.17267817554E8
stateCuriosity: -4.3821477954E7
stateCuriosity: 28.649
stateCuriosity: -13.645
stateCuriosity: -6.451
owltMSLEarth: 820.63
stateEarth: 2.11814626627E8
stateEarth: 1.17283842233E8
stateEarth: 4.382746367E7
stateEarth: -28.663
stateEarth: 13.641
stateEarth: 6.45
owltEarthMSL: 820.742
positionEarthWRTCuriosity: 2.11814626627E8
positionEarthWRTCuriosity: 1.17283842233E8
positionEarthWRTCuriosity: 4.382746367E7
owltEarthMSL2: 820.742
angSepHGAEarth: 151.945
utcTime: "2016-01-05~00:27:20"
sol: 1214

197471 [Thread-2] INFO space.exploration.mars.rover.communication.Radio  - One Way Light Time computed by SPICE :: 820.63
203498 [Thread-2] INFO space.exploration.mars.rover.kernel.ListeningState  - 1512258868838,8,ClickCamera Current instructionQueue length = 0
203498 [Thread-2] INFO space.exploration.mars.rover.kernel.ListeningState  - Rover Curiosity is going to try to take pictures!
226522 [Thread-2] ERROR space.exploration.mars.rover.service.QueryService  - IOException
java.net.UnknownHostException: api.nasa.gov
	at java.net.AbstractPlainSocketImpl.connect(AbstractPlainSocketImpl.java:184)
	at java.net.SocksSocketImpl.connect(SocksSocketImpl.java:392)
	at java.net.Socket.connect(Socket.java:589)
	at sun.security.ssl.SSLSocketImpl.connect(SSLSocketImpl.java:673)
	at sun.security.ssl.BaseSSLSocketImpl.connect(BaseSSLSocketImpl.java:173)
	at sun.net.NetworkClient.doConnect(NetworkClient.java:180)
	at sun.net.www.http.HttpClient.openServer(HttpClient.java:463)
	at sun.net.www.http.HttpClient.openServer(HttpClient.java:558)
	at sun.net.www.protocol.https.HttpsClient.<init>(HttpsClient.java:264)
	at sun.net.www.protocol.https.HttpsClient.New(HttpsClient.java:367)
	at sun.net.www.protocol.https.AbstractDelegateHttpsURLConnection.getNewHttpClient(AbstractDelegateHttpsURLConnection.java:191)
	at sun.net.www.protocol.http.HttpURLConnection.plainConnect0(HttpURLConnection.java:1156)
	at sun.net.www.protocol.http.HttpURLConnection.plainConnect(HttpURLConnection.java:1050)
	at sun.net.www.protocol.https.AbstractDelegateHttpsURLConnection.connect(AbstractDelegateHttpsURLConnection.java:177)
	at sun.net.www.protocol.http.HttpURLConnection.getInputStream0(HttpURLConnection.java:1564)
	at sun.net.www.protocol.http.HttpURLConnection.getInputStream(HttpURLConnection.java:1492)
	at sun.net.www.protocol.https.HttpsURLConnectionImpl.getInputStream(HttpsURLConnectionImpl.java:263)
	at space.exploration.mars.rover.service.QueryService.getResponseAsString(QueryService.java:94)
	at space.exploration.mars.rover.kernel.PhotographingState.activateCameraById(PhotographingState.java:71)
	at space.exploration.mars.rover.kernel.Rover.activateCameraById(Rover.java:510)
	at space.exploration.mars.rover.kernel.ListeningState.receiveMessage(ListeningState.java:91)
	at space.exploration.mars.rover.kernel.Rover.receiveMessage(Rover.java:306)
	at space.exploration.mars.rover.communication.Radio.receiveMessage(Radio.java:59)
	at space.exploration.mars.rover.communication.Receiver.run(Receiver.java:66)
226522 [Thread-2] ERROR space.exploration.mars.rover.communication.Radio  - Houston, we have a problem!
java.lang.NullPointerException
	at space.exploration.mars.rover.service.QueryService.getResponseAsString(QueryService.java:103)
	at space.exploration.mars.rover.kernel.PhotographingState.activateCameraById(PhotographingState.java:71)
	at space.exploration.mars.rover.kernel.Rover.activateCameraById(Rover.java:510)
	at space.exploration.mars.rover.kernel.ListeningState.receiveMessage(ListeningState.java:91)
	at space.exploration.mars.rover.kernel.Rover.receiveMessage(Rover.java:306)
	at space.exploration.mars.rover.communication.Radio.receiveMessage(Radio.java:59)
	at space.exploration.mars.rover.communication.Receiver.run(Receiver.java:66)
226526 [Thread-2] INFO space.exploration.mars.rover.communication.Receiver  - Time Elapsed since last message = 38161
226581 [Thread-2] INFO space.exploration.mars.rover.sensor.PositionSensor  - ephemerisTime: 5.05226061184025E8
stateCuriosity: -2.11771584153E8
stateCuriosity: -1.1727452921E8
stateCuriosity: -4.3824652148E7
stateCuriosity: 28.656
stateCuriosity: -13.638
stateCuriosity: -6.452
owltMSLEarth: 820.602
stateEarth: 2.11800522582E8
stateEarth: 1.1729055213E8
stateEarth: 4.3830637355E7
stateEarth: -28.67
stateEarth: 13.635
stateEarth: 6.451
owltEarthMSL: 820.715
positionEarthWRTCuriosity: 2.11800522582E8
positionEarthWRTCuriosity: 1.1729055213E8
positionEarthWRTCuriosity: 4.3830637355E7
owltEarthMSL2: 820.715
angSepHGAEarth: 151.872
utcTime: "2016-01-05~00:33:13"
sol: 1214

226581 [Thread-2] INFO space.exploration.mars.rover.communication.Radio  - One Way Light Time computed by SPICE :: 820.602
232606 [Thread-2] INFO space.exploration.mars.rover.kernel.ListeningState  - 1512258897946,9,PerformRadarScan Current instructionQueue length = 0
232606 [Thread-2] INFO space.exploration.mars.rover.kernel.ListeningState  - Rover Curiosity will do a radarScan!
286413 [Thread-2] INFO space.exploration.mars.rover.sensor.PositionSensor  - ephemerisTime: 5.05226061184025E8
stateCuriosity: -2.11771584153E8
stateCuriosity: -1.1727452921E8
stateCuriosity: -4.3824652148E7
stateCuriosity: 28.656
stateCuriosity: -13.638
stateCuriosity: -6.452
owltMSLEarth: 820.602
stateEarth: 2.11800522582E8
stateEarth: 1.1729055213E8
stateEarth: 4.3830637355E7
stateEarth: -28.67
stateEarth: 13.635
stateEarth: 6.451
owltEarthMSL: 820.715
positionEarthWRTCuriosity: 2.11800522582E8
positionEarthWRTCuriosity: 1.1729055213E8
positionEarthWRTCuriosity: 4.3830637355E7
owltEarthMSL2: 820.715
angSepHGAEarth: 151.872
utcTime: "2016-01-05~00:33:13"
sol: 1214

286413 [Thread-2] INFO space.exploration.mars.rover.communication.Radio  - One Way Light Time computed by SPICE :: 820.602
286427 [Thread-2] INFO space.exploration.mars.rover.communication.Transmitter  - Sending information packet to curiosity_to_earth_5
289427 [Thread-2] INFO space.exploration.mars.rover.communication.Receiver  - Time Elapsed since last message = 62901
289490 [pool-4-thread-1] INFO space.exploration.mars.rover.sensor.PositionSensor  - ephemerisTime: 5.05226061184025E8
stateCuriosity: -2.11771584153E8
stateCuriosity: -1.1727452921E8
stateCuriosity: -4.3824652148E7
stateCuriosity: 28.656
stateCuriosity: -13.638
stateCuriosity: -6.452
owltMSLEarth: 820.602
stateEarth: 2.11800522582E8
stateEarth: 1.1729055213E8
stateEarth: 4.3830637355E7
stateEarth: -28.67
stateEarth: 13.635
stateEarth: 6.451
owltEarthMSL: 820.715
positionEarthWRTCuriosity: 2.11800522582E8
positionEarthWRTCuriosity: 1.1729055213E8
positionEarthWRTCuriosity: 4.3830637355E7
owltEarthMSL2: 820.715
angSepHGAEarth: 151.872
utcTime: "2016-01-05~00:42:12"
sol: 1214

289491 [pool-4-thread-1] INFO space.exploration.mars.rover.kernel.SpacecraftClock  - Internal time::2016-01-05T00:42:13.440-06:00 sclk of::1/01214:01:50:07:14631
295553 [pool-4-thread-1] INFO space.exploration.mars.rover.sensor.PositionSensor  - ephemerisTime: 5.05226600184025E8
stateCuriosity: -2.11756136408E8
stateCuriosity: -1.17281878121E8
stateCuriosity: -4.3828129915E7
stateCuriosity: 28.664
stateCuriosity: -13.63
stateCuriosity: -6.453
owltMSLEarth: 820.572
stateEarth: 2.11785067026E8
stateEarth: 1.17297899091E8
stateEarth: 4.383411456E7
stateEarth: -28.679
stateEarth: 13.627
stateEarth: 6.451
owltEarthMSL: 820.684
positionEarthWRTCuriosity: 2.11785067026E8
positionEarthWRTCuriosity: 1.17297899091E8
positionEarthWRTCuriosity: 4.383411456E7
owltEarthMSL2: 820.684
angSepHGAEarth: 151.686
utcTime: "2016-01-05~00:42:12"
sol: 1214

295553 [pool-4-thread-1] INFO space.exploration.mars.rover.communication.Radio  - One Way Light Time computed by SPICE :: 820.572
295566 [pool-4-thread-1] INFO space.exploration.mars.rover.communication.Transmitter  - Sending information packet to curiosity_to_earth_5
298567 [Thread-2] INFO space.exploration.mars.rover.sensor.PositionSensor  - ephemerisTime: 5.05226061184025E8
stateCuriosity: -2.11771584153E8
stateCuriosity: -1.1727452921E8
stateCuriosity: -4.3824652148E7
stateCuriosity: 28.656
stateCuriosity: -13.638
stateCuriosity: -6.452
owltMSLEarth: 820.602
stateEarth: 2.11800522582E8
stateEarth: 1.1729055213E8
stateEarth: 4.3830637355E7
stateEarth: -28.67
stateEarth: 13.635
stateEarth: 6.451
owltEarthMSL: 820.715
positionEarthWRTCuriosity: 2.11800522582E8
positionEarthWRTCuriosity: 1.1729055213E8
positionEarthWRTCuriosity: 4.3830637355E7
owltEarthMSL2: 820.715
angSepHGAEarth: 151.872
utcTime: "2016-01-05~00:42:12"
sol: 1214

298568 [Thread-2] INFO space.exploration.mars.rover.communication.Radio  - One Way Light Time computed by SPICE :: 820.602
304595 [Thread-2] INFO space.exploration.mars.rover.kernel.ListeningState  - 1512258969935,10,GetSeasonalWeather Current instructionQueue length = 0
304595 [Thread-2] INFO space.exploration.mars.rover.kernel.ListeningState  - Rover will try to get weather measurements - actual Curiosity Data
304595 [Thread-2] INFO space.exploration.mars.rover.kernel.WeatherSensingState  - Will get mars weather measurements
307866 [Thread-2] INFO space.exploration.mars.rover.utils.WeatherUtil  - wind_speed information not present
java.lang.NumberFormatException: For input string: "null"
	at sun.misc.FloatingDecimal.readJavaFormatString(FloatingDecimal.java:2043)
	at sun.misc.FloatingDecimal.parseDouble(FloatingDecimal.java:110)
	at java.lang.Double.parseDouble(Double.java:538)
	at space.exploration.mars.rover.utils.WeatherUtil.getweatherPayload(WeatherUtil.java:66)
	at space.exploration.mars.rover.service.WeatherQueryService.getResponse(WeatherQueryService.java:21)
	at space.exploration.mars.rover.sensor.WeatherSensor.getWeather(WeatherSensor.java:48)
	at space.exploration.mars.rover.kernel.WeatherSensingState.senseWeather(WeatherSensingState.java:52)
	at space.exploration.mars.rover.kernel.Rover.senseWeather(Rover.java:298)
	at space.exploration.mars.rover.kernel.ListeningState.receiveMessage(ListeningState.java:99)
	at space.exploration.mars.rover.kernel.Rover.receiveMessage(Rover.java:306)
	at space.exploration.mars.rover.communication.Radio.receiveMessage(Radio.java:59)
	at space.exploration.mars.rover.communication.Receiver.run(Receiver.java:66)
307866 [Thread-2] INFO space.exploration.mars.rover.utils.WeatherUtil  - wind_direction information not present
java.lang.NumberFormatException: For input string: "--"
	at sun.misc.FloatingDecimal.readJavaFormatString(FloatingDecimal.java:2043)
	at sun.misc.FloatingDecimal.parseDouble(FloatingDecimal.java:110)
	at java.lang.Double.parseDouble(Double.java:538)
	at space.exploration.mars.rover.utils.WeatherUtil.getweatherPayload(WeatherUtil.java:72)
	at space.exploration.mars.rover.service.WeatherQueryService.getResponse(WeatherQueryService.java:21)
	at space.exploration.mars.rover.sensor.WeatherSensor.getWeather(WeatherSensor.java:48)
	at space.exploration.mars.rover.kernel.WeatherSensingState.senseWeather(WeatherSensingState.java:52)
	at space.exploration.mars.rover.kernel.Rover.senseWeather(Rover.java:298)
	at space.exploration.mars.rover.kernel.ListeningState.receiveMessage(ListeningState.java:99)
	at space.exploration.mars.rover.kernel.Rover.receiveMessage(Rover.java:306)
	at space.exploration.mars.rover.communication.Radio.receiveMessage(Radio.java:59)
	at space.exploration.mars.rover.communication.Receiver.run(Receiver.java:66)
307867 [Thread-2] INFO space.exploration.mars.rover.sensor.WeatherSensor  - Current weatherQueryRate/hour = 0.0 max allowed = 1000.0/hr
313931 [Thread-2] INFO space.exploration.mars.rover.sensor.PositionSensor  - ephemerisTime: 5.05226683184025E8
stateCuriosity: -2.11753757247E8
stateCuriosity: -1.172830094E8
stateCuriosity: -4.3828665478E7
stateCuriosity: 28.665
stateCuriosity: -13.629
stateCuriosity: -6.453
owltMSLEarth: 820.567
stateEarth: 2.1178268666E8
stateEarth: 1.17299030069E8
stateEarth: 4.3834650037E7
stateEarth: -28.68
stateEarth: 13.626
stateEarth: 6.452
owltEarthMSL: 820.679
positionEarthWRTCuriosity: 2.1178268666E8
positionEarthWRTCuriosity: 1.17299030069E8
positionEarthWRTCuriosity: 4.3834650037E7
owltEarthMSL2: 820.679
angSepHGAEarth: 151.647
utcTime: "2016-01-05~00:43:35"
sol: 1214

313931 [Thread-2] INFO space.exploration.mars.rover.communication.Radio  - One Way Light Time computed by SPICE :: 820.567
313945 [Thread-2] INFO space.exploration.mars.rover.communication.Transmitter  - Sending information packet to curiosity_to_earth_5
316945 [Thread-2] INFO space.exploration.mars.rover.communication.Receiver  - Time Elapsed since last message = 27518
316990 [Thread-2] INFO space.exploration.mars.rover.sensor.PositionSensor  - ephemerisTime: 5.05226847184025E8
stateCuriosity: -2.11749055957E8
stateCuriosity: -1.17285244404E8
stateCuriosity: -4.3829723716E7
stateCuriosity: 28.668
stateCuriosity: -13.627
stateCuriosity: -6.453
owltMSLEarth: 820.558
stateEarth: 2.11777982986E8
stateEarth: 1.17301264475E8
stateEarth: 4.3835708102E7
stateEarth: -28.682
stateEarth: 13.623
stateEarth: 6.452
owltEarthMSL: 820.67
positionEarthWRTCuriosity: 2.11777982986E8
positionEarthWRTCuriosity: 1.17301264475E8
positionEarthWRTCuriosity: 4.3835708102E7
owltEarthMSL2: 820.67
angSepHGAEarth: 151.563
utcTime: "2016-01-05~00:46:19"
sol: 1214

316990 [Thread-2] INFO space.exploration.mars.rover.communication.Radio  - One Way Light Time computed by SPICE :: 820.558
317000 [pool-4-thread-1] INFO space.exploration.mars.rover.sensor.PositionSensor  - ephemerisTime: 5.05226683184025E8
stateCuriosity: -2.11753757247E8
stateCuriosity: -1.172830094E8
stateCuriosity: -4.3828665478E7
stateCuriosity: 28.665
stateCuriosity: -13.629
stateCuriosity: -6.453
owltMSLEarth: 820.567
stateEarth: 2.1178268666E8
stateEarth: 1.17299030069E8
stateEarth: 4.3834650037E7
stateEarth: -28.68
stateEarth: 13.626
stateEarth: 6.452
owltEarthMSL: 820.679
positionEarthWRTCuriosity: 2.1178268666E8
positionEarthWRTCuriosity: 1.17299030069E8
positionEarthWRTCuriosity: 4.3834650037E7
owltEarthMSL2: 820.679
angSepHGAEarth: 151.647
utcTime: "2016-01-05~00:46:19"
sol: 1214

317001 [pool-4-thread-1] INFO space.exploration.mars.rover.kernel.SpacecraftClock  - Internal time::2016-01-05T00:46:19.800-06:00 sclk of::1/01214:01:54:06:56441
323057 [pool-4-thread-1] INFO space.exploration.mars.rover.sensor.PositionSensor  - ephemerisTime: 5.05226847184025E8
stateCuriosity: -2.11749055957E8
stateCuriosity: -1.17285244404E8
stateCuriosity: -4.3829723716E7
stateCuriosity: 28.668
stateCuriosity: -13.627
stateCuriosity: -6.453
owltMSLEarth: 820.558
stateEarth: 2.11777982986E8
stateEarth: 1.17301264475E8
stateEarth: 4.3835708102E7
stateEarth: -28.682
stateEarth: 13.623
stateEarth: 6.452
owltEarthMSL: 820.67
positionEarthWRTCuriosity: 2.11777982986E8
positionEarthWRTCuriosity: 1.17301264475E8
positionEarthWRTCuriosity: 4.3835708102E7
owltEarthMSL2: 820.67
angSepHGAEarth: 151.563
utcTime: "2016-01-05~00:46:19"
sol: 1214

323057 [pool-4-thread-1] INFO space.exploration.mars.rover.communication.Radio  - One Way Light Time computed by SPICE :: 820.558
323070 [pool-4-thread-1] INFO space.exploration.mars.rover.communication.Transmitter  - Sending information packet to curiosity_to_earth_5
332081 [Thread-2] INFO space.exploration.mars.rover.kernel.ListeningState  - 1512258997421,8,ClickCamera Current instructionQueue length = 0
332082 [Thread-2] INFO space.exploration.mars.rover.kernel.ListeningState  - Rover Curiosity is going to try to take pictures!
336206 [Thread-2] ERROR space.exploration.mars.rover.communication.Radio  - Houston, we have a problem!
java.lang.NullPointerException
	at javax.imageio.ImageIO.write(ImageIO.java:1538)
	at space.exploration.mars.rover.utils.CameraUtil.writeImageToFile(CameraUtil.java:39)
	at space.exploration.mars.rover.utils.CameraUtil.convertToCamPayload(CameraUtil.java:85)
	at space.exploration.mars.rover.kernel.PhotographingState.activateCameraById(PhotographingState.java:79)
	at space.exploration.mars.rover.kernel.Rover.activateCameraById(Rover.java:510)
	at space.exploration.mars.rover.kernel.ListeningState.receiveMessage(ListeningState.java:91)
	at space.exploration.mars.rover.kernel.Rover.receiveMessage(Rover.java:306)
	at space.exploration.mars.rover.communication.Radio.receiveMessage(Radio.java:59)
	at space.exploration.mars.rover.communication.Receiver.run(Receiver.java:66)
336209 [Thread-2] INFO space.exploration.mars.rover.communication.Receiver  - Time Elapsed since last message = 19264
336247 [Thread-2] INFO space.exploration.mars.rover.sensor.PositionSensor  - ephemerisTime: 5.05227021184025E8
stateCuriosity: -2.11744067576E8
stateCuriosity: -1.17287615255E8
stateCuriosity: -4.3830846501E7
stateCuriosity: 28.67
stateCuriosity: -13.624
stateCuriosity: -6.453
owltMSLEarth: 820.548
stateEarth: 2.11772992073E8
stateEarth: 1.1730363469E8
stateEarth: 4.3836830705E7
stateEarth: -28.685
stateEarth: 13.621
stateEarth: 6.452
owltEarthMSL: 820.66
positionEarthWRTCuriosity: 2.11772992073E8
positionEarthWRTCuriosity: 1.1730363469E8
positionEarthWRTCuriosity: 4.3836830705E7
owltEarthMSL2: 820.66
angSepHGAEarth: 151.464
utcTime: "2016-01-05~00:49:13"
sol: 1214

336247 [Thread-2] INFO space.exploration.mars.rover.communication.Radio  - One Way Light Time computed by SPICE :: 820.548
342269 [Thread-2] INFO space.exploration.mars.rover.kernel.ListeningState  - 1512259007609,10,GetSeasonalWeather Current instructionQueue length = 0
342269 [Thread-2] INFO space.exploration.mars.rover.kernel.ListeningState  - Rover will try to get weather measurements - actual Curiosity Data
342269 [Thread-2] INFO space.exploration.mars.rover.kernel.WeatherSensingState  - Will get mars weather measurements
345545 [Thread-2] INFO space.exploration.mars.rover.utils.WeatherUtil  - wind_speed information not present
java.lang.NumberFormatException: For input string: "null"
	at sun.misc.FloatingDecimal.readJavaFormatString(FloatingDecimal.java:2043)
	at sun.misc.FloatingDecimal.parseDouble(FloatingDecimal.java:110)
	at java.lang.Double.parseDouble(Double.java:538)
	at space.exploration.mars.rover.utils.WeatherUtil.getweatherPayload(WeatherUtil.java:66)
	at space.exploration.mars.rover.service.WeatherQueryService.getResponse(WeatherQueryService.java:21)
	at space.exploration.mars.rover.sensor.WeatherSensor.getWeather(WeatherSensor.java:48)
	at space.exploration.mars.rover.kernel.WeatherSensingState.senseWeather(WeatherSensingState.java:52)
	at space.exploration.mars.rover.kernel.Rover.senseWeather(Rover.java:298)
	at space.exploration.mars.rover.kernel.ListeningState.receiveMessage(ListeningState.java:99)
	at space.exploration.mars.rover.kernel.Rover.receiveMessage(Rover.java:306)
	at space.exploration.mars.rover.communication.Radio.receiveMessage(Radio.java:59)
	at space.exploration.mars.rover.communication.Receiver.run(Receiver.java:66)
345545 [Thread-2] INFO space.exploration.mars.rover.utils.WeatherUtil  - wind_direction information not present
java.lang.NumberFormatException: For input string: "--"
	at sun.misc.FloatingDecimal.readJavaFormatString(FloatingDecimal.java:2043)
	at sun.misc.FloatingDecimal.parseDouble(FloatingDecimal.java:110)
	at java.lang.Double.parseDouble(Double.java:538)
	at space.exploration.mars.rover.utils.WeatherUtil.getweatherPayload(WeatherUtil.java:72)
	at space.exploration.mars.rover.service.WeatherQueryService.getResponse(WeatherQueryService.java:21)
	at space.exploration.mars.rover.sensor.WeatherSensor.getWeather(WeatherSensor.java:48)
	at space.exploration.mars.rover.kernel.WeatherSensingState.senseWeather(WeatherSensingState.java:52)
	at space.exploration.mars.rover.kernel.Rover.senseWeather(Rover.java:298)
	at space.exploration.mars.rover.kernel.ListeningState.receiveMessage(ListeningState.java:99)
	at space.exploration.mars.rover.kernel.Rover.receiveMessage(Rover.java:306)
	at space.exploration.mars.rover.communication.Radio.receiveMessage(Radio.java:59)
	at space.exploration.mars.rover.communication.Receiver.run(Receiver.java:66)
345546 [Thread-2] INFO space.exploration.mars.rover.sensor.WeatherSensor  - Current weatherQueryRate/hour = 0.0 max allowed = 1000.0/hr
351592 [Thread-2] INFO space.exploration.mars.rover.sensor.PositionSensor  - ephemerisTime: 5.05227021184025E8
stateCuriosity: -2.11744067576E8
stateCuriosity: -1.17287615255E8
stateCuriosity: -4.3830846501E7
stateCuriosity: 28.67
stateCuriosity: -13.624
stateCuriosity: -6.453
owltMSLEarth: 820.548
stateEarth: 2.11772992073E8
stateEarth: 1.1730363469E8
stateEarth: 4.3836830705E7
stateEarth: -28.685
stateEarth: 13.621
stateEarth: 6.452
owltEarthMSL: 820.66
positionEarthWRTCuriosity: 2.11772992073E8
positionEarthWRTCuriosity: 1.1730363469E8
positionEarthWRTCuriosity: 4.3836830705E7
owltEarthMSL2: 820.66
angSepHGAEarth: 151.464
utcTime: "2016-01-05~00:49:13"
sol: 1214

351592 [Thread-2] INFO space.exploration.mars.rover.communication.Radio  - One Way Light Time computed by SPICE :: 820.548
351605 [Thread-2] INFO space.exploration.mars.rover.communication.Transmitter  - Sending information packet to curiosity_to_earth_5
354606 [Thread-2] INFO space.exploration.mars.rover.communication.Receiver  - Time Elapsed since last message = 18397
354649 [Thread-2] INFO space.exploration.mars.rover.sensor.PositionSensor  - ephemerisTime: 5.05227021184025E8
stateCuriosity: -2.11744067576E8
stateCuriosity: -1.17287615255E8
stateCuriosity: -4.3830846501E7
stateCuriosity: 28.67
stateCuriosity: -13.624
stateCuriosity: -6.453
owltMSLEarth: 820.548
stateEarth: 2.11772992073E8
stateEarth: 1.1730363469E8
stateEarth: 4.3836830705E7
stateEarth: -28.685
stateEarth: 13.621
stateEarth: 6.452
owltEarthMSL: 820.66
positionEarthWRTCuriosity: 2.11772992073E8
positionEarthWRTCuriosity: 1.1730363469E8
positionEarthWRTCuriosity: 4.3836830705E7
owltEarthMSL2: 820.66
angSepHGAEarth: 151.464
utcTime: "2016-01-05~00:51:58"
sol: 1214

354649 [Thread-2] INFO space.exploration.mars.rover.communication.Radio  - One Way Light Time computed by SPICE :: 820.548
360672 [Thread-2] INFO space.exploration.mars.rover.kernel.ListeningState  - 1512259026012,11,GetSclkInformation Current instructionQueue length = 0
360672 [Thread-2] INFO space.exploration.mars.rover.kernel.ListeningState  - Rover will get detailed spacecraftClock information. Houston, this is CuriosityActual.
360672 [Thread-2] INFO space.exploration.mars.rover.kernel.SpacecraftClock  - Internal time::2016-01-05T00:52:55.020-06:00 sclk of::1/01214:02:00:30:99591
366737 [Thread-2] INFO space.exploration.mars.rover.sensor.PositionSensor  - ephemerisTime: 5.05227186184025E8
stateCuriosity: -2.11739336809E8
stateCuriosity: -1.17289863061E8
stateCuriosity: -4.3831911228E7
stateCuriosity: 28.673
stateCuriosity: -13.622
stateCuriosity: -6.453
owltMSLEarth: 820.538
stateEarth: 2.11768258902E8
stateEarth: 1.17305881891E8
stateEarth: 4.3837895258E7
stateEarth: -28.687
stateEarth: 13.618
stateEarth: 6.452
owltEarthMSL: 820.651
positionEarthWRTCuriosity: 2.11768258902E8
positionEarthWRTCuriosity: 1.17305881891E8
positionEarthWRTCuriosity: 4.3837895258E7
owltEarthMSL2: 820.651
angSepHGAEarth: 151.359
utcTime: "2016-01-05~00:51:58"
sol: 1214

366737 [Thread-2] INFO space.exploration.mars.rover.communication.Radio  - One Way Light Time computed by SPICE :: 820.538
366750 [Thread-2] INFO space.exploration.mars.rover.communication.Transmitter  - Sending information packet to curiosity_to_earth_5
369751 [Thread-2] INFO space.exploration.mars.rover.communication.Receiver  - Time Elapsed since last message = 15145
369810 [pool-4-thread-1] INFO space.exploration.mars.rover.sensor.PositionSensor  - ephemerisTime: 5.05227186184025E8
stateCuriosity: -2.11739336809E8
stateCuriosity: -1.17289863061E8
stateCuriosity: -4.3831911228E7
stateCuriosity: 28.673
stateCuriosity: -13.622
stateCuriosity: -6.453
owltMSLEarth: 820.538
stateEarth: 2.11768258902E8
stateEarth: 1.17305881891E8
stateEarth: 4.3837895258E7
stateEarth: -28.687
stateEarth: 13.618
stateEarth: 6.452
owltEarthMSL: 820.651
positionEarthWRTCuriosity: 2.11768258902E8
positionEarthWRTCuriosity: 1.17305881891E8
positionEarthWRTCuriosity: 4.3837895258E7
owltEarthMSL2: 820.651
angSepHGAEarth: 151.359
utcTime: "2016-01-05~00:54:18"
sol: 1214

369811 [pool-4-thread-1] INFO space.exploration.mars.rover.kernel.SpacecraftClock  - Internal time::2016-01-05T00:54:19.320-06:00 sclk of::1/01214:02:01:53:72167
375859 [pool-4-thread-1] INFO space.exploration.mars.rover.sensor.PositionSensor  - ephemerisTime: 5.05227326184025E8
stateCuriosity: -2.11735322517E8
stateCuriosity: -1.17291769969E8
stateCuriosity: -4.3832814643E7
stateCuriosity: 28.675
stateCuriosity: -13.62
stateCuriosity: -6.453
owltMSLEarth: 820.531
stateEarth: 2.1176424257E8
stateEarth: 1.17307788286E8
stateEarth: 4.3838798526E7
stateEarth: -28.689
stateEarth: 13.616
stateEarth: 6.452
owltEarthMSL: 820.643
positionEarthWRTCuriosity: 2.1176424257E8
positionEarthWRTCuriosity: 1.17307788286E8
positionEarthWRTCuriosity: 4.3838798526E7
owltEarthMSL2: 820.643
angSepHGAEarth: 151.262
utcTime: "2016-01-05~00:54:18"
sol: 1214

375859 [pool-4-thread-1] INFO space.exploration.mars.rover.communication.Radio  - One Way Light Time computed by SPICE :: 820.531
375872 [pool-4-thread-1] INFO space.exploration.mars.rover.communication.Transmitter  - Sending information packet to curiosity_to_earth_5
378873 [Thread-2] INFO space.exploration.mars.rover.sensor.PositionSensor  - ephemerisTime: 5.05227186184025E8
stateCuriosity: -2.11739336809E8
stateCuriosity: -1.17289863061E8
stateCuriosity: -4.3831911228E7
stateCuriosity: 28.673
stateCuriosity: -13.622
stateCuriosity: -6.453
owltMSLEarth: 820.538
stateEarth: 2.11768258902E8
stateEarth: 1.17305881891E8
stateEarth: 4.3837895258E7
stateEarth: -28.687
stateEarth: 13.618
stateEarth: 6.452
owltEarthMSL: 820.651
positionEarthWRTCuriosity: 2.11768258902E8
positionEarthWRTCuriosity: 1.17305881891E8
positionEarthWRTCuriosity: 4.3837895258E7
owltEarthMSL2: 820.651
angSepHGAEarth: 151.359
utcTime: "2016-01-05~00:54:18"
sol: 1214

378873 [Thread-2] INFO space.exploration.mars.rover.communication.Radio  - One Way Light Time computed by SPICE :: 820.538
384898 [Thread-2] INFO space.exploration.mars.rover.kernel.ListeningState  - 1512259050238,1,Move Current instructionQueue length = 0
384901 [Thread-2] INFO space.exploration.mars.rover.kernel.ListeningState  - Rover Curiosity is on the move!
384949 [Thread-2] INFO space.exploration.mars.rover.sensor.TelemetrySensor  - Telemetry relay commenced.
393415 [Thread-2] INFO space.exploration.mars.rover.sensor.TelemetrySensor  - Telemetry relay stopped, number of telemetryDataPoints = 20
402469 [Thread-2] INFO space.exploration.mars.rover.sensor.PositionSensor  - ephemerisTime: 5.05227408184025E8
stateCuriosity: -2.11732971159E8
stateCuriosity: -1.17292886735E8
stateCuriosity: -4.383334379E7
stateCuriosity: 28.676
stateCuriosity: -13.618
stateCuriosity: -6.453
owltMSLEarth: 820.526
stateEarth: 2.11761890016E8
stateEarth: 1.1730890475E8
stateEarth: 4.3839327587E7
stateEarth: -28.69
stateEarth: 13.615
stateEarth: 6.452
owltEarthMSL: 820.638
positionEarthWRTCuriosity: 2.11761890016E8
positionEarthWRTCuriosity: 1.1730890475E8
positionEarthWRTCuriosity: 4.3839327587E7
owltEarthMSL2: 820.638
angSepHGAEarth: 151.202
utcTime: "2016-01-05~00:55:40"
sol: 1214

402469 [Thread-2] INFO space.exploration.mars.rover.communication.Radio  - One Way Light Time computed by SPICE :: 820.526
402483 [Thread-2] INFO space.exploration.mars.rover.communication.Transmitter  - Sending information packet to curiosity_to_earth_5
405483 [Thread-2] INFO space.exploration.mars.rover.communication.Receiver  - Time Elapsed since last message = 35732
405535 [Thread-2] INFO space.exploration.mars.rover.sensor.PositionSensor  - ephemerisTime: 5.05227645184025E8
stateCuriosity: -2.11726174619E8
stateCuriosity: -1.17296113884E8
stateCuriosity: -4.3834873164E7
stateCuriosity: 28.679
stateCuriosity: -13.615
stateCuriosity: -6.453
owltMSLEarth: 820.512
stateEarth: 2.11755090018E8
stateEarth: 1.17312131026E8
stateEarth: 4.3840856711E7
stateEarth: -28.694
stateEarth: 13.611
stateEarth: 6.452
owltEarthMSL: 820.624
positionEarthWRTCuriosity: 2.11755090018E8
positionEarthWRTCuriosity: 1.17312131026E8
positionEarthWRTCuriosity: 4.3840856711E7
owltEarthMSL2: 820.624
angSepHGAEarth: 151.015
utcTime: "2016-01-05~00:59:37"
sol: 1214

405535 [Thread-2] INFO space.exploration.mars.rover.communication.Radio  - One Way Light Time computed by SPICE :: 820.512
411560 [Thread-2] INFO space.exploration.mars.rover.kernel.ListeningState  - 1512259076900,5,Explore Current instructionQueue length = 0
411560 [Thread-2] INFO space.exploration.mars.rover.kernel.ListeningState  - Rover Curiosity is on a scientific mission!
442616 [Thread-2] INFO space.exploration.mars.rover.sensor.PositionSensor  - ephemerisTime: 5.05227645184025E8
stateCuriosity: -2.11726174619E8
stateCuriosity: -1.17296113884E8
stateCuriosity: -4.3834873164E7
stateCuriosity: 28.679
stateCuriosity: -13.615
stateCuriosity: -6.453
owltMSLEarth: 820.512
stateEarth: 2.11755090018E8
stateEarth: 1.17312131026E8
stateEarth: 4.3840856711E7
stateEarth: -28.694
stateEarth: 13.611
stateEarth: 6.452
owltEarthMSL: 820.624
positionEarthWRTCuriosity: 2.11755090018E8
positionEarthWRTCuriosity: 1.17312131026E8
positionEarthWRTCuriosity: 4.3840856711E7
owltEarthMSL2: 820.624
angSepHGAEarth: 151.015
utcTime: "2016-01-05~00:59:37"
sol: 1214

442616 [Thread-2] INFO space.exploration.mars.rover.communication.Radio  - One Way Light Time computed by SPICE :: 820.512
442629 [Thread-2] INFO space.exploration.mars.rover.communication.Transmitter  - Sending information packet to curiosity_to_earth_5
445630 [Thread-2] INFO space.exploration.mars.rover.communication.Receiver  - Time Elapsed since last message = 40147
445693 [Thread-2] INFO space.exploration.mars.rover.sensor.PositionSensor  - ephemerisTime: 5.05227645184025E8
stateCuriosity: -2.11726174619E8
stateCuriosity: -1.17296113884E8
stateCuriosity: -4.3834873164E7
stateCuriosity: 28.679
stateCuriosity: -13.615
stateCuriosity: -6.453
owltMSLEarth: 820.512
stateEarth: 2.11755090018E8
stateEarth: 1.17312131026E8
stateEarth: 4.3840856711E7
stateEarth: -28.694
stateEarth: 13.611
stateEarth: 6.452
owltEarthMSL: 820.624
positionEarthWRTCuriosity: 2.11755090018E8
positionEarthWRTCuriosity: 1.17312131026E8
positionEarthWRTCuriosity: 4.3840856711E7
owltEarthMSL2: 820.624
angSepHGAEarth: 151.015
utcTime: "2016-01-05~01:05:36"
sol: 1214

445693 [Thread-2] INFO space.exploration.mars.rover.communication.Radio  - One Way Light Time computed by SPICE :: 820.512
445695 [pool-4-thread-1] INFO space.exploration.mars.rover.sensor.PositionSensor  - ephemerisTime: 5.05227645184025E8
stateCuriosity: -2.11726174619E8
stateCuriosity: -1.17296113884E8
stateCuriosity: -4.3834873164E7
stateCuriosity: 28.679
stateCuriosity: -13.615
stateCuriosity: -6.453
owltMSLEarth: 820.512
stateEarth: 2.11755090018E8
stateEarth: 1.17312131026E8
stateEarth: 4.3840856711E7
stateEarth: -28.694
stateEarth: 13.611
stateEarth: 6.452
owltEarthMSL: 820.624
positionEarthWRTCuriosity: 2.11755090018E8
positionEarthWRTCuriosity: 1.17312131026E8
positionEarthWRTCuriosity: 4.3840856711E7
owltEarthMSL2: 820.624
angSepHGAEarth: 151.015
utcTime: "2016-01-05~01:05:36"
sol: 1214

445695 [pool-4-thread-1] INFO space.exploration.mars.rover.kernel.SpacecraftClock  - Internal time::2016-01-05T01:05:37.380-06:00 sclk of::1/01214:02:12:53:58131
451766 [pool-4-thread-1] INFO space.exploration.mars.rover.sensor.PositionSensor  - ephemerisTime: 5.05228004184026E8
stateCuriosity: -2.11715877923E8
stateCuriosity: -1.17301000614E8
stateCuriosity: -4.3837189825E7
stateCuriosity: 28.684
stateCuriosity: -13.609
stateCuriosity: -6.453
owltMSLEarth: 820.492
stateEarth: 2.11744788079E8
stateEarth: 1.17317016431E8
stateEarth: 4.3843172994E7
stateEarth: -28.699
stateEarth: 13.606
stateEarth: 6.452
owltEarthMSL: 820.604
positionEarthWRTCuriosity: 2.11744788079E8
positionEarthWRTCuriosity: 1.17317016431E8
positionEarthWRTCuriosity: 4.3843172994E7
owltEarthMSL2: 820.604
angSepHGAEarth: 150.694
utcTime: "2016-01-05~01:05:36"
sol: 1214

451766 [pool-4-thread-1] INFO space.exploration.mars.rover.communication.Radio  - One Way Light Time computed by SPICE :: 820.492
451779 [pool-4-thread-1] INFO space.exploration.mars.rover.communication.Transmitter  - Sending information packet to curiosity_to_earth_5
460803 [Thread-2] INFO space.exploration.mars.rover.kernel.ListeningState  - 1512259126143,1,Move Current instructionQueue length = 0
460804 [Thread-2] INFO space.exploration.mars.rover.kernel.ListeningState  - Rover Curiosity is on the move!
460847 [Thread-2] INFO space.exploration.mars.rover.sensor.TelemetrySensor  - Telemetry relay commenced.
470336 [Thread-2] INFO space.exploration.mars.rover.sensor.TelemetrySensor  - Telemetry relay stopped, number of telemetryDataPoints = 23
479384 [Thread-2] INFO space.exploration.mars.rover.sensor.PositionSensor  - ephemerisTime: 5.05228085184026E8
stateCuriosity: -2.11713554463E8
stateCuriosity: -1.17302102913E8
stateCuriosity: -4.3837712525E7
stateCuriosity: 28.685
stateCuriosity: -13.608
stateCuriosity: -6.453
owltMSLEarth: 820.487
stateEarth: 2.11742463435E8
stateEarth: 1.1731811843E8
stateEarth: 4.3843695609E7
stateEarth: -28.7
stateEarth: 13.604
stateEarth: 6.452
owltEarthMSL: 820.599
positionEarthWRTCuriosity: 2.11742463435E8
positionEarthWRTCuriosity: 1.1731811843E8
positionEarthWRTCuriosity: 4.3843695609E7
owltEarthMSL2: 820.599
angSepHGAEarth: 150.616
utcTime: "2016-01-05~01:06:57"
sol: 1214

479384 [Thread-2] INFO space.exploration.mars.rover.communication.Radio  - One Way Light Time computed by SPICE :: 820.487
479397 [Thread-2] INFO space.exploration.mars.rover.communication.Transmitter  - Sending information packet to curiosity_to_earth_5
482398 [Thread-2] INFO space.exploration.mars.rover.communication.Receiver  - Time Elapsed since last message = 36768
482448 [Thread-2] INFO space.exploration.mars.rover.sensor.PositionSensor  - ephemerisTime: 5.05228085184026E8
stateCuriosity: -2.11713554463E8
stateCuriosity: -1.17302102913E8
stateCuriosity: -4.3837712525E7
stateCuriosity: 28.685
stateCuriosity: -13.608
stateCuriosity: -6.453
owltMSLEarth: 820.487
stateEarth: 2.11742463435E8
stateEarth: 1.1731811843E8
stateEarth: 4.3843695609E7
stateEarth: -28.7
stateEarth: 13.604
stateEarth: 6.452
owltEarthMSL: 820.599
positionEarthWRTCuriosity: 2.11742463435E8
positionEarthWRTCuriosity: 1.1731811843E8
positionEarthWRTCuriosity: 4.3843695609E7
owltEarthMSL2: 820.599
angSepHGAEarth: 150.616
utcTime: "2016-01-05~01:11:04"
sol: 1214

482448 [Thread-2] INFO space.exploration.mars.rover.communication.Radio  - One Way Light Time computed by SPICE :: 820.487
482459 [pool-4-thread-1] INFO space.exploration.mars.rover.sensor.PositionSensor  - ephemerisTime: 5.05228085184026E8
stateCuriosity: -2.11713554463E8
stateCuriosity: -1.17302102913E8
stateCuriosity: -4.3837712525E7
stateCuriosity: 28.685
stateCuriosity: -13.608
stateCuriosity: -6.453
owltMSLEarth: 820.487
stateEarth: 2.11742463435E8
stateEarth: 1.1731811843E8
stateEarth: 4.3843695609E7
stateEarth: -28.7
stateEarth: 13.604
stateEarth: 6.452
owltEarthMSL: 820.599
positionEarthWRTCuriosity: 2.11742463435E8
positionEarthWRTCuriosity: 1.1731811843E8
positionEarthWRTCuriosity: 4.3843695609E7
owltEarthMSL2: 820.599
angSepHGAEarth: 150.616
utcTime: "2016-01-05~01:11:04"
sol: 1214

482459 [pool-4-thread-1] INFO space.exploration.mars.rover.kernel.SpacecraftClock  - Internal time::2016-01-05T01:11:04.740-06:00 sclk of::1/01214:02:18:11:83219
488478 [Thread-2] INFO space.exploration.mars.rover.kernel.ListeningState  - 1512259153818,5,Explore Current instructionQueue length = 0
488478 [Thread-2] INFO space.exploration.mars.rover.kernel.ListeningState  - Rover Curiosity is on a scientific mission!
519553 [Thread-2] INFO space.exploration.mars.rover.sensor.PositionSensor  - ephemerisTime: 5.05228332184026E8
stateCuriosity: -2.11706468779E8
stateCuriosity: -1.17305463602E8
stateCuriosity: -4.3839306431E7
stateCuriosity: 28.689
stateCuriosity: -13.604
stateCuriosity: -6.453
owltMSLEarth: 820.473
stateEarth: 2.11735374141E8
stateEarth: 1.17321478206E8
stateEarth: 4.3845289254E7
stateEarth: -28.703
stateEarth: 13.6
stateEarth: 6.452
owltEarthMSL: 820.585
positionEarthWRTCuriosity: 2.11735374141E8
positionEarthWRTCuriosity: 1.17321478206E8
positionEarthWRTCuriosity: 4.3845289254E7
owltEarthMSL2: 820.585
angSepHGAEarth: 150.363
utcTime: "2016-01-05~01:11:04"
sol: 1214

519553 [Thread-2] INFO space.exploration.mars.rover.communication.Radio  - One Way Light Time computed by SPICE :: 820.473
519566 [Thread-2] INFO space.exploration.mars.rover.communication.Transmitter  - Sending information packet to curiosity_to_earth_5
522568 [Thread-2] INFO space.exploration.mars.rover.communication.Receiver  - Time Elapsed since last message = 40170
528621 [pool-4-thread-1] INFO space.exploration.mars.rover.sensor.PositionSensor  - ephemerisTime: 5.05228659184026E8
stateCuriosity: -2.1169708684E8
stateCuriosity: -1.17309911274E8
stateCuriosity: -4.3841416548E7
stateCuriosity: 28.693
stateCuriosity: -13.599
stateCuriosity: -6.453
owltMSLEarth: 820.455
stateEarth: 2.11725987424E8
stateEarth: 1.17325924666E8
stateEarth: 4.3847399028E7
stateEarth: -28.708
stateEarth: 13.595
stateEarth: 6.452
owltEarthMSL: 820.567
positionEarthWRTCuriosity: 2.11725987424E8
positionEarthWRTCuriosity: 1.17325924666E8
positionEarthWRTCuriosity: 4.3847399028E7
owltEarthMSL2: 820.567
angSepHGAEarth: 149.997
utcTime: "2016-01-05~01:16:31"
sol: 1214

528621 [pool-4-thread-1] INFO space.exploration.mars.rover.communication.Radio  - One Way Light Time computed by SPICE :: 820.455
528635 [pool-4-thread-1] INFO space.exploration.mars.rover.communication.Transmitter  - Sending information packet to curiosity_to_earth_5
531635 [Thread-2] INFO space.exploration.mars.rover.sensor.PositionSensor  - ephemerisTime: 5.05228332184026E8
stateCuriosity: -2.11706468779E8
stateCuriosity: -1.17305463602E8
stateCuriosity: -4.3839306431E7
stateCuriosity: 28.689
stateCuriosity: -13.604
stateCuriosity: -6.453
owltMSLEarth: 820.473
stateEarth: 2.11735374141E8
stateEarth: 1.17321478206E8
stateEarth: 4.3845289254E7
stateEarth: -28.703
stateEarth: 13.6
stateEarth: 6.452
owltEarthMSL: 820.585
positionEarthWRTCuriosity: 2.11735374141E8
positionEarthWRTCuriosity: 1.17321478206E8
positionEarthWRTCuriosity: 4.3845289254E7
owltEarthMSL2: 820.585
angSepHGAEarth: 150.363
utcTime: "2016-01-05~01:16:31"
sol: 1214

531637 [Thread-2] INFO space.exploration.mars.rover.communication.Radio  - One Way Light Time computed by SPICE :: 820.473
537659 [Thread-2] INFO space.exploration.mars.rover.kernel.ListeningState  - 1512259202999,8,ClickCamera Current instructionQueue length = 0
537660 [Thread-2] INFO space.exploration.mars.rover.kernel.ListeningState  - Rover Curiosity is going to try to take pictures!
542575 [Thread-2] ERROR space.exploration.mars.rover.communication.Radio  - Houston, we have a problem!
java.lang.NullPointerException
	at javax.imageio.ImageIO.write(ImageIO.java:1538)
	at space.exploration.mars.rover.utils.CameraUtil.writeImageToFile(CameraUtil.java:39)
	at space.exploration.mars.rover.utils.CameraUtil.convertToCamPayload(CameraUtil.java:85)
	at space.exploration.mars.rover.kernel.PhotographingState.activateCameraById(PhotographingState.java:79)
	at space.exploration.mars.rover.kernel.Rover.activateCameraById(Rover.java:510)
	at space.exploration.mars.rover.kernel.ListeningState.receiveMessage(ListeningState.java:91)
	at space.exploration.mars.rover.kernel.Rover.receiveMessage(Rover.java:306)
	at space.exploration.mars.rover.communication.Radio.receiveMessage(Radio.java:59)
	at space.exploration.mars.rover.communication.Receiver.run(Receiver.java:66)
542579 [Thread-2] INFO space.exploration.mars.rover.communication.Receiver  - Time Elapsed since last message = 20011
542637 [Thread-2] INFO space.exploration.mars.rover.sensor.PositionSensor  - ephemerisTime: 5.05228823184026E8
stateCuriosity: -2.11692380975E8
stateCuriosity: -1.17312141258E8
stateCuriosity: -4.3842474812E7
stateCuriosity: 28.695
stateCuriosity: -13.596
stateCuriosity: -6.453
owltMSLEarth: 820.445
stateEarth: 2.11721279162E8
stateEarth: 1.17328154042E8
stateEarth: 4.3848457119E7
stateEarth: -28.71
stateEarth: 13.592
stateEarth: 6.452
owltEarthMSL: 820.557
positionEarthWRTCuriosity: 2.11721279162E8
positionEarthWRTCuriosity: 1.17328154042E8
positionEarthWRTCuriosity: 4.3848457119E7
owltEarthMSL2: 820.557
angSepHGAEarth: 149.801
utcTime: "2016-01-05~01:19:15"
sol: 1214

542637 [Thread-2] INFO space.exploration.mars.rover.communication.Radio  - One Way Light Time computed by SPICE :: 820.445
548673 [Thread-2] INFO space.exploration.mars.rover.kernel.ListeningState  - 1512259214013,9,PerformRadarScan Current instructionQueue length = 0
548673 [Thread-2] INFO space.exploration.mars.rover.kernel.ListeningState  - Rover Curiosity will do a radarScan!
