0    [main] INFO  space.exploration.mars.rover.power.Battery  - Battery configured, batteryLife:primaryPowerUnits = 10000 auxiliaryPowerUnits = 1000 alertThreshold: 100 rechargeTime = 60000
247  [main] INFO  kafka.utils.VerifiableProperties  - Verifying properties
267  [main] WARN  kafka.utils.VerifiableProperties  - Property auto.offset.reset is not valid
267  [main] WARN  kafka.utils.VerifiableProperties  - Property destination.topic is not valid
268  [main] WARN  kafka.utils.VerifiableProperties  - Property group.id is not valid
268  [main] INFO  kafka.utils.VerifiableProperties  - Property metadata.broker.list is overridden to localhost:9092
268  [main] WARN  kafka.utils.VerifiableProperties  - Property source.topic is not valid
268  [main] WARN  kafka.utils.VerifiableProperties  - Property zookeeper.connect is not valid
300  [main] INFO  kafka.utils.VerifiableProperties  - Verifying properties
301  [main] INFO  kafka.utils.VerifiableProperties  - Property auto.offset.reset is overridden to largest
301  [main] WARN  kafka.utils.VerifiableProperties  - Property destination.topic is not valid
301  [main] INFO  kafka.utils.VerifiableProperties  - Property group.id is overridden to space.exploration.mars.rover
301  [main] WARN  kafka.utils.VerifiableProperties  - Property metadata.broker.list is not valid
301  [main] WARN  kafka.utils.VerifiableProperties  - Property source.topic is not valid
301  [main] INFO  kafka.utils.VerifiableProperties  - Property zookeeper.connect is overridden to localhost:2181
323  [main] INFO  kafka.consumer.ZookeeperConsumerConnector  - [space.exploration.mars.rover_zionmainframe-1495317768867-2bd9cc30], Connecting to zookeeper instance at localhost:2181
328  [ZkClient-EventThread-21-localhost:2181] INFO  org.I0Itec.zkclient.ZkEventThread  - Starting ZkClient event thread.
332  [main] INFO  org.apache.zookeeper.ZooKeeper  - Client environment:zookeeper.version=3.4.6-1569965, built on 02/20/2014 09:09 GMT
332  [main] INFO  org.apache.zookeeper.ZooKeeper  - Client environment:host.name=zionmainframe
332  [main] INFO  org.apache.zookeeper.ZooKeeper  - Client environment:java.version=1.8.0_131
332  [main] INFO  org.apache.zookeeper.ZooKeeper  - Client environment:java.vendor=Oracle Corporation
332  [main] INFO  org.apache.zookeeper.ZooKeeper  - Client environment:java.home=/usr/lib/jvm/java-8-openjdk-amd64/jre
333  [main] INFO  org.apache.zookeeper.ZooKeeper  - Client environment:java.class.path=/usr/lib/jvm/java-1.8.0-openjdk-amd64/jre/lib/charsets.jar:/usr/lib/jvm/java-1.8.0-openjdk-amd64/jre/lib/ext/cldrdata.jar:/usr/lib/jvm/java-1.8.0-openjdk-amd64/jre/lib/ext/dnsns.jar:/usr/lib/jvm/java-1.8.0-openjdk-amd64/jre/lib/ext/icedtea-sound.jar:/usr/lib/jvm/java-1.8.0-openjdk-amd64/jre/lib/ext/jaccess.jar:/usr/lib/jvm/java-1.8.0-openjdk-amd64/jre/lib/ext/localedata.jar:/usr/lib/jvm/java-1.8.0-openjdk-amd64/jre/lib/ext/nashorn.jar:/usr/lib/jvm/java-1.8.0-openjdk-amd64/jre/lib/ext/sunec.jar:/usr/lib/jvm/java-1.8.0-openjdk-amd64/jre/lib/ext/sunjce_provider.jar:/usr/lib/jvm/java-1.8.0-openjdk-amd64/jre/lib/ext/sunpkcs11.jar:/usr/lib/jvm/java-1.8.0-openjdk-amd64/jre/lib/ext/zipfs.jar:/usr/lib/jvm/java-1.8.0-openjdk-amd64/jre/lib/jce.jar:/usr/lib/jvm/java-1.8.0-openjdk-amd64/jre/lib/jsse.jar:/usr/lib/jvm/java-1.8.0-openjdk-amd64/jre/lib/management-agent.jar:/usr/lib/jvm/java-1.8.0-openjdk-amd64/jre/lib/resources.jar:/usr/lib/jvm/java-1.8.0-openjdk-amd64/jre/lib/rt.jar:/home/sanket/Documents/Code/MyProjects/Java/MavenProjects/space.exploration/MarsRover/mars.rover/target/classes:/home/sanket/.m2/repository/com/google/protobuf/protobuf-java/3.2.0/protobuf-java-3.2.0.jar:/home/sanket/.m2/repository/org/apache/kafka/kafka_2.10/0.9.0.1/kafka_2.10-0.9.0.1.jar:/home/sanket/.m2/repository/com/101tec/zkclient/0.7/zkclient-0.7.jar:/home/sanket/.m2/repository/org/slf4j/slf4j-api/1.6.1/slf4j-api-1.6.1.jar:/home/sanket/.m2/repository/log4j/log4j/1.2.15/log4j-1.2.15.jar:/home/sanket/.m2/repository/javax/mail/mail/1.4/mail-1.4.jar:/home/sanket/.m2/repository/javax/activation/activation/1.1/activation-1.1.jar:/home/sanket/.m2/repository/org/apache/kafka/kafka-clients/0.9.0.1/kafka-clients-0.9.0.1.jar:/home/sanket/.m2/repository/org/xerial/snappy/snappy-java/1.1.1.7/snappy-java-1.1.1.7.jar:/home/sanket/.m2/repository/net/jpountz/lz4/lz4/1.2.0/lz4-1.2.0.jar:/home/sanket/.m2/repository/com/yammer/metrics/metrics-core/2.2.0/metrics-core-2.2.0.jar:/home/sanket/.m2/repository/org/scala-lang/scala-library/2.10.5/scala-library-2.10.5.jar:/home/sanket/.m2/repository/net/sf/jopt-simple/jopt-simple/3.2/jopt-simple-3.2.jar:/home/sanket/.m2/repository/org/slf4j/slf4j-log4j12/1.7.6/slf4j-log4j12-1.7.6.jar:/home/sanket/.m2/repository/org/apache/zookeeper/zookeeper/3.4.6/zookeeper-3.4.6.jar:/home/sanket/.m2/repository/jline/jline/0.9.94/jline-0.9.94.jar:/home/sanket/.m2/repository/io/netty/netty/3.7.0.Final/netty-3.7.0.Final.jar:/home/sanket/.m2/repository/org/tensorflow/tensorflow/1.1.0/tensorflow-1.1.0.jar:/home/sanket/.m2/repository/org/tensorflow/libtensorflow/1.1.0/libtensorflow-1.1.0.jar:/home/sanket/.m2/repository/org/tensorflow/libtensorflow_jni/1.1.0/libtensorflow_jni-1.1.0.jar:/home/sanket/Documents/Tools/intelliJ/idea-IC-171.4073.35/lib/idea_rt.jar
333  [main] INFO  org.apache.zookeeper.ZooKeeper  - Client environment:java.library.path=/home/sanket/Documents/Tools/intelliJ/idea-IC-171.4073.35/bin::/usr/java/packages/lib/amd64:/usr/lib/x86_64-linux-gnu/jni:/lib/x86_64-linux-gnu:/usr/lib/x86_64-linux-gnu:/usr/lib/jni:/lib:/usr/lib
333  [main] INFO  org.apache.zookeeper.ZooKeeper  - Client environment:java.io.tmpdir=/tmp
333  [main] INFO  org.apache.zookeeper.ZooKeeper  - Client environment:java.compiler=<NA>
333  [main] INFO  org.apache.zookeeper.ZooKeeper  - Client environment:os.name=Linux
333  [main] INFO  org.apache.zookeeper.ZooKeeper  - Client environment:os.arch=amd64
333  [main] INFO  org.apache.zookeeper.ZooKeeper  - Client environment:os.version=4.4.0-77-generic
333  [main] INFO  org.apache.zookeeper.ZooKeeper  - Client environment:user.name=sanket
333  [main] INFO  org.apache.zookeeper.ZooKeeper  - Client environment:user.home=/home/sanket
333  [main] INFO  org.apache.zookeeper.ZooKeeper  - Client environment:user.dir=/home/sanket/Documents/Code/MyProjects/Java/MavenProjects/space.exploration/MarsRover/mars.rover
334  [main] INFO  org.apache.zookeeper.ZooKeeper  - Initiating client connection, connectString=localhost:2181 sessionTimeout=6000 watcher=org.I0Itec.zkclient.ZkClient@161479c6
342  [main] INFO  org.I0Itec.zkclient.ZkClient  - Waiting for keeper state SyncConnected
345  [main-SendThread(localhost:2181)] INFO  org.apache.zookeeper.ClientCnxn  - Opening socket connection to server localhost/127.0.0.1:2181. Will not attempt to authenticate using SASL (unknown error)
349  [main-SendThread(localhost:2181)] INFO  org.apache.zookeeper.ClientCnxn  - Socket connection established to localhost/127.0.0.1:2181, initiating session
354  [main-SendThread(localhost:2181)] INFO  org.apache.zookeeper.ClientCnxn  - Session establishment complete on server localhost/127.0.0.1:2181, sessionid = 0x15c129a84bd000f, negotiated timeout = 6000
355  [main-EventThread] INFO  org.I0Itec.zkclient.ZkClient  - zookeeper state changed (SyncConnected)
362  [main] INFO  kafka.consumer.ZookeeperConsumerConnector  - [space.exploration.mars.rover_zionmainframe-1495317768867-2bd9cc30], starting auto committer every 60000 ms
379  [Thread-2] INFO  kafka.consumer.ZookeeperConsumerConnector  - [space.exploration.mars.rover_zionmainframe-1495317768867-2bd9cc30], begin registering consumer space.exploration.mars.rover_zionmainframe-1495317768867-2bd9cc30 in ZK
398  [Thread-2] INFO  kafka.utils.ZKCheckedEphemeral  - Creating /consumers/space.exploration.mars.rover/ids/space.exploration.mars.rover_zionmainframe-1495317768867-2bd9cc30 (is it secure? false)
409  [Thread-2] INFO  kafka.utils.ZKCheckedEphemeral  - Result of znode creation is: OK
409  [Thread-2] INFO  kafka.consumer.ZookeeperConsumerConnector  - [space.exploration.mars.rover_zionmainframe-1495317768867-2bd9cc30], end registering consumer space.exploration.mars.rover_zionmainframe-1495317768867-2bd9cc30 in ZK
413  [space.exploration.mars.rover_zionmainframe-1495317768867-2bd9cc30_watcher_executor] INFO  kafka.consumer.ZookeeperConsumerConnector  - [space.exploration.mars.rover_zionmainframe-1495317768867-2bd9cc30], starting watcher executor thread for consumer space.exploration.mars.rover_zionmainframe-1495317768867-2bd9cc30
434  [Thread-2] INFO  kafka.consumer.ZookeeperConsumerConnector  - [space.exploration.mars.rover_zionmainframe-1495317768867-2bd9cc30], begin rebalancing consumer space.exploration.mars.rover_zionmainframe-1495317768867-2bd9cc30 try #0
521  [Thread-2] INFO  kafka.consumer.ConsumerFetcherManager  - [ConsumerFetcherManager-1495317768906] Stopping leader finder thread
522  [Thread-2] INFO  kafka.consumer.ConsumerFetcherManager  - [ConsumerFetcherManager-1495317768906] Stopping all fetchers
522  [Thread-2] INFO  kafka.consumer.ConsumerFetcherManager  - [ConsumerFetcherManager-1495317768906] All connections stopped
522  [Thread-2] INFO  kafka.consumer.ZookeeperConsumerConnector  - [space.exploration.mars.rover_zionmainframe-1495317768867-2bd9cc30], Cleared all relevant queues for this fetcher
523  [Thread-2] INFO  kafka.consumer.ZookeeperConsumerConnector  - [space.exploration.mars.rover_zionmainframe-1495317768867-2bd9cc30], Cleared the data chunks in all the consumer message iterators
523  [Thread-2] INFO  kafka.consumer.ZookeeperConsumerConnector  - [space.exploration.mars.rover_zionmainframe-1495317768867-2bd9cc30], Committing all offsets after clearing the fetcher queues
524  [Thread-2] INFO  kafka.consumer.ZookeeperConsumerConnector  - [space.exploration.mars.rover_zionmainframe-1495317768867-2bd9cc30], Releasing partition ownership
549  [Thread-2] INFO  kafka.consumer.RangeAssignor  - Consumer space.exploration.mars.rover_zionmainframe-1495317768867-2bd9cc30 rebalancing the following partitions: ArrayBuffer(0) for topic secure_com_from_earth_channel_3 with consumers: List(space.exploration.mars.rover_zionmainframe-1495317768867-2bd9cc30-0)
551  [Thread-2] INFO  kafka.consumer.RangeAssignor  - space.exploration.mars.rover_zionmainframe-1495317768867-2bd9cc30-0 attempting to claim partition 0
579  [Thread-2] INFO  kafka.consumer.ZookeeperConsumerConnector  - [space.exploration.mars.rover_zionmainframe-1495317768867-2bd9cc30], space.exploration.mars.rover_zionmainframe-1495317768867-2bd9cc30-0 successfully owned partition 0 for topic secure_com_from_earth_channel_3
591  [Thread-2] INFO  kafka.consumer.ZookeeperConsumerConnector  - [space.exploration.mars.rover_zionmainframe-1495317768867-2bd9cc30], Consumer space.exploration.mars.rover_zionmainframe-1495317768867-2bd9cc30 selected partitions : secure_com_from_earth_channel_3:0: fetched offset = 9: consumed offset = 9
592  [space.exploration.mars.rover_zionmainframe-1495317768867-2bd9cc30-leader-finder-thread] INFO  kafka.consumer.ConsumerFetcherManager$LeaderFinderThread  - [space.exploration.mars.rover_zionmainframe-1495317768867-2bd9cc30-leader-finder-thread], Starting 
593  [Thread-2] INFO  kafka.consumer.ZookeeperConsumerConnector  - [space.exploration.mars.rover_zionmainframe-1495317768867-2bd9cc30], end rebalancing consumer space.exploration.mars.rover_zionmainframe-1495317768867-2bd9cc30 try #0
606  [space.exploration.mars.rover_zionmainframe-1495317768867-2bd9cc30-leader-finder-thread] INFO  kafka.utils.VerifiableProperties  - Verifying properties
606  [space.exploration.mars.rover_zionmainframe-1495317768867-2bd9cc30-leader-finder-thread] INFO  kafka.utils.VerifiableProperties  - Property client.id is overridden to space.exploration.mars.rover
606  [space.exploration.mars.rover_zionmainframe-1495317768867-2bd9cc30-leader-finder-thread] INFO  kafka.utils.VerifiableProperties  - Property metadata.broker.list is overridden to zionmainframe:9092
606  [space.exploration.mars.rover_zionmainframe-1495317768867-2bd9cc30-leader-finder-thread] INFO  kafka.utils.VerifiableProperties  - Property request.timeout.ms is overridden to 30000
617  [space.exploration.mars.rover_zionmainframe-1495317768867-2bd9cc30-leader-finder-thread] INFO  kafka.client.ClientUtils$  - Fetching metadata from broker BrokerEndPoint(0,zionmainframe,9092) with correlation id 0 for 1 topic(s) Set(secure_com_from_earth_channel_3)
623  [space.exploration.mars.rover_zionmainframe-1495317768867-2bd9cc30-leader-finder-thread] INFO  kafka.producer.SyncProducer  - Connected to zionmainframe:9092 for producing
633  [space.exploration.mars.rover_zionmainframe-1495317768867-2bd9cc30-leader-finder-thread] INFO  kafka.producer.SyncProducer  - Disconnecting from zionmainframe:9092
647  [ConsumerFetcherThread-space.exploration.mars.rover_zionmainframe-1495317768867-2bd9cc30-0-0] INFO  kafka.consumer.ConsumerFetcherThread  - [ConsumerFetcherThread-space.exploration.mars.rover_zionmainframe-1495317768867-2bd9cc30-0-0], Starting 
650  [space.exploration.mars.rover_zionmainframe-1495317768867-2bd9cc30-leader-finder-thread] INFO  kafka.consumer.ConsumerFetcherManager  - [ConsumerFetcherManager-1495317768906] Added fetcher for partitions ArrayBuffer([[secure_com_from_earth_channel_3,0], initOffset 9 to broker BrokerEndPoint(0,zionmainframe,9092)] )
1364 [main] INFO  space.exploration.mars.rover.communication.Radio  - Radio configured:: 
metadata.broker.list::localhost:9092
source.topic::secure_com_from_earth_channel_3
auto.offset.reset::largest
group.id::space.exploration.mars.rover
destination.topic::secure_com_to_earth_channel_3
zookeeper.connect::localhost:2181
2365 [main] INFO  space.exploration.mars.rover.kernel.Rover  - Rover current position is = java.awt.Point[x=125,y=175]
3367 [main] INFO  space.exploration.mars.rover.sensor.Lidar  - Lidar initialized and ready!
4369 [main] INFO  space.exploration.mars.rover.sensor.Spectrometer  - Spectrometer initialized and ready!
5597 [main] INFO  space.exploration.mars.rover.sensor.Camera  - Camera initialized and ready!
26010 [main] INFO  kafka.client.ClientUtils$  - Fetching metadata from broker BrokerEndPoint(0,localhost,9092) with correlation id 0 for 1 topic(s) Set(secure_com_to_earth_channel_3)
26011 [main] INFO  kafka.producer.SyncProducer  - Connected to localhost:9092 for producing
26012 [main] INFO  kafka.producer.SyncProducer  - Disconnecting from localhost:9092
26037 [main] INFO  kafka.producer.SyncProducer  - Connected to zionmainframe:9092 for producing
48002 [Thread-2] INFO  space.exploration.mars.rover.kernel.ListeningState  - timeStamp: 1495317793261
targets {
  roverModule: 1
  estimatedPowerUsage: 40
  action: "Move"
  auxiliaryData: "\n\004\b2\0202"
}

96382 [Thread-2] INFO  space.exploration.mars.rover.kernel.ListeningState  - timeStamp: 1495317801204
targets {
  roverModule: 1
  estimatedPowerUsage: 40
  action: "Move"
  auxiliaryData: "\n\006\b\212\005\020\212\005"
}

178008 [pool-1-thread-2] INFO  space.exploration.mars.rover.diagnostics.Pacemaker  - SCET: 1495317946542
equipmentHealth {
  key: "Battery"
  value: 1000
}
equipmentHealth {
  key: "Radio"
  value: 995
}
equipmentHealth {
  key: "Lidar"
  value: 1000
}
equipmentHealth {
  key: "Camera"
  value: 1000
}
equipmentHealth {
  key: "Spectrometer"
  value: 1000
}
batteryLevel: 9860
moduleReporting: 3
notes: "This is rover Curiosity. Sending HeartBeat!"
location {
  x: 650
  y: 650
}

194185 [Thread-2] INFO  space.exploration.mars.rover.kernel.ListeningState  - timeStamp: 1495317805034
targets {
  roverModule: 5
  estimatedPowerUsage: 30
  action: "Explore"
}

195186 [Thread-2] INFO  space.exploration.mars.rover.sensor.Spectrometer  - Spectrometer initialized and ready!
195188 [Thread-2] INFO  space.exploration.mars.rover.sensor.Spectrometer  -  Processing point = java.awt.Point[x=625,y=625] Composition =  Point = java.awt.Point[x=625,y=625] Composition =  Al2O3 = 0.2320587901113238 Na2O = 0.05924398649073775 FeO = 0.04618105634091201 MgO = 0.7213458041284944
195188 [Thread-2] INFO  space.exploration.mars.rover.sensor.Spectrometer  -  Processing point = java.awt.Point[x=625,y=650] Composition =  Point = java.awt.Point[x=625,y=650] Composition =  Al2O3 = 0.4610374330183256 Na2O = 0.06043780689900205 FeO = 0.3292766391885331 MgO = 0.20311655744692417
195188 [Thread-2] INFO  space.exploration.mars.rover.sensor.Spectrometer  -  Processing point = java.awt.Point[x=625,y=675] Composition =  Point = java.awt.Point[x=625,y=675] Composition =  Al2O3 = 0.08321527668480339 Na2O = 0.12143119984675232 FeO = 0.12685699994306426 MgO = 0.15908689761261716
195189 [Thread-2] INFO  space.exploration.mars.rover.sensor.Spectrometer  -  Processing point = java.awt.Point[x=650,y=625] Composition =  Point = java.awt.Point[x=650,y=625] Composition =  Al2O3 = 0.4302332334755843 Na2O = 0.6672025727826344 FeO = 0.7732414395240239 MgO = 0.06871260328786954
195189 [Thread-2] INFO  space.exploration.mars.rover.sensor.Spectrometer  -  Processing point = java.awt.Point[x=650,y=650] Composition =  Point = java.awt.Point[x=650,y=650] Composition =  Al2O3 = 0.691692045288744 Na2O = 0.6002998988152023 FeO = 0.37184779161372306 MgO = 0.5537560676772476
195189 [Thread-2] INFO  space.exploration.mars.rover.sensor.Spectrometer  -  Processing point = java.awt.Point[x=650,y=675] Composition =  Point = java.awt.Point[x=650,y=675] Composition =  Al2O3 = 0.1289543025029923 Na2O = 0.43506027259194546 FeO = 0.7512084682306185 MgO = 0.14186563997529236
195189 [Thread-2] INFO  space.exploration.mars.rover.sensor.Spectrometer  -  Processing point = java.awt.Point[x=675,y=625] Composition =  Point = java.awt.Point[x=675,y=625] Composition =  Al2O3 = 0.535410043133366 Na2O = 0.7202409777150512 FeO = 0.3805706534725868 MgO = 0.03813467330109859
195189 [Thread-2] INFO  space.exploration.mars.rover.sensor.Spectrometer  -  Processing point = java.awt.Point[x=675,y=650] Composition =  Point = java.awt.Point[x=675,y=650] Composition =  Al2O3 = 0.469978706804581 Na2O = 0.053604134810167285 FeO = 0.7482031479457948 MgO = 0.0816798036970437
195190 [Thread-2] INFO  space.exploration.mars.rover.sensor.Spectrometer  -  Processing point = java.awt.Point[x=675,y=675] Composition =  Point = java.awt.Point[x=675,y=675] Composition =  Al2O3 = 0.6138191717664431 Na2O = 0.4643860745313477 FeO = 0.36086478868335087 MgO = 0.7161729097897128
237999 [pool-1-thread-1] INFO  space.exploration.mars.rover.diagnostics.Pacemaker  - SCET: 1495318006540
equipmentHealth {
  key: "Battery"
  value: 1000
}
equipmentHealth {
  key: "Radio"
  value: 992
}
equipmentHealth {
  key: "Lidar"
  value: 1000
}
equipmentHealth {
  key: "Camera"
  value: 1000
}
equipmentHealth {
  key: "Spectrometer"
  value: 999
}
batteryLevel: 9830
moduleReporting: 3
notes: "This is rover Curiosity. Sending HeartBeat!"
location {
  x: 650
  y: 650
}

297998 [pool-1-thread-3] INFO  space.exploration.mars.rover.diagnostics.Pacemaker  - SCET: 1495318066540
equipmentHealth {
  key: "Battery"
  value: 1000
}
equipmentHealth {
  key: "Radio"
  value: 991
}
equipmentHealth {
  key: "Lidar"
  value: 1000
}
equipmentHealth {
  key: "Camera"
  value: 1000
}
equipmentHealth {
  key: "Spectrometer"
  value: 999
}
batteryLevel: 9830
moduleReporting: 3
notes: "This is rover Curiosity. Sending HeartBeat!"
location {
  x: 650
  y: 650
}

358014 [pool-1-thread-2] INFO  space.exploration.mars.rover.diagnostics.Pacemaker  - SCET: 1495318126540
equipmentHealth {
  key: "Battery"
  value: 1000
}
equipmentHealth {
  key: "Radio"
  value: 990
}
equipmentHealth {
  key: "Lidar"
  value: 1000
}
equipmentHealth {
  key: "Camera"
  value: 1000
}
equipmentHealth {
  key: "Spectrometer"
  value: 999
}
batteryLevel: 9830
moduleReporting: 3
notes: "This is rover Curiosity. Sending HeartBeat!"
location {
  x: 650
  y: 650
}

417996 [pool-1-thread-4] INFO  space.exploration.mars.rover.diagnostics.Pacemaker  - SCET: 1495318186539
equipmentHealth {
  key: "Battery"
  value: 1000
}
equipmentHealth {
  key: "Radio"
  value: 989
}
equipmentHealth {
  key: "Lidar"
  value: 1000
}
equipmentHealth {
  key: "Camera"
  value: 1000
}
equipmentHealth {
  key: "Spectrometer"
  value: 999
}
batteryLevel: 9830
moduleReporting: 3
notes: "This is rover Curiosity. Sending HeartBeat!"
location {
  x: 650
  y: 650
}

477996 [pool-1-thread-1] INFO  space.exploration.mars.rover.diagnostics.Pacemaker  - SCET: 1495318246540
equipmentHealth {
  key: "Battery"
  value: 1000
}
equipmentHealth {
  key: "Radio"
  value: 988
}
equipmentHealth {
  key: "Lidar"
  value: 1000
}
equipmentHealth {
  key: "Camera"
  value: 1000
}
equipmentHealth {
  key: "Spectrometer"
  value: 999
}
batteryLevel: 9830
moduleReporting: 3
notes: "This is rover Curiosity. Sending HeartBeat!"
location {
  x: 650
  y: 650
}

537998 [pool-1-thread-5] INFO  space.exploration.mars.rover.diagnostics.Pacemaker  - SCET: 1495318306540
equipmentHealth {
  key: "Battery"
  value: 1000
}
equipmentHealth {
  key: "Radio"
  value: 987
}
equipmentHealth {
  key: "Lidar"
  value: 1000
}
equipmentHealth {
  key: "Camera"
  value: 1000
}
equipmentHealth {
  key: "Spectrometer"
  value: 999
}
batteryLevel: 9830
moduleReporting: 3
notes: "This is rover Curiosity. Sending HeartBeat!"
location {
  x: 650
  y: 650
}

597998 [pool-1-thread-3] INFO  space.exploration.mars.rover.diagnostics.Pacemaker  - SCET: 1495318366539
equipmentHealth {
  key: "Battery"
  value: 1000
}
equipmentHealth {
  key: "Radio"
  value: 986
}
equipmentHealth {
  key: "Lidar"
  value: 1000
}
equipmentHealth {
  key: "Camera"
  value: 1000
}
equipmentHealth {
  key: "Spectrometer"
  value: 999
}
batteryLevel: 9830
moduleReporting: 3
notes: "This is rover Curiosity. Sending HeartBeat!"
location {
  x: 650
  y: 650
}

657998 [pool-1-thread-3] INFO  space.exploration.mars.rover.diagnostics.Pacemaker  - SCET: 1495318426539
equipmentHealth {
  key: "Battery"
  value: 1000
}
equipmentHealth {
  key: "Radio"
  value: 985
}
equipmentHealth {
  key: "Lidar"
  value: 1000
}
equipmentHealth {
  key: "Camera"
  value: 1000
}
equipmentHealth {
  key: "Spectrometer"
  value: 999
}
batteryLevel: 9830
moduleReporting: 3
notes: "This is rover Curiosity. Sending HeartBeat!"
location {
  x: 650
  y: 650
}

669803 [pool-1-thread-3] INFO  kafka.client.ClientUtils$  - Fetching metadata from broker BrokerEndPoint(0,localhost,9092) with correlation id 25 for 1 topic(s) Set(secure_com_to_earth_channel_3)
669805 [pool-1-thread-3] INFO  kafka.producer.SyncProducer  - Connected to localhost:9092 for producing
669807 [pool-1-thread-3] INFO  kafka.producer.SyncProducer  - Disconnecting from localhost:9092
669809 [pool-1-thread-3] INFO  kafka.producer.SyncProducer  - Disconnecting from zionmainframe:9092
669813 [pool-1-thread-3] INFO  kafka.producer.SyncProducer  - Connected to zionmainframe:9092 for producing
717997 [pool-1-thread-2] INFO  space.exploration.mars.rover.diagnostics.Pacemaker  - SCET: 1495318486540
equipmentHealth {
  key: "Battery"
  value: 1000
}
equipmentHealth {
  key: "Radio"
  value: 984
}
equipmentHealth {
  key: "Lidar"
  value: 1000
}
equipmentHealth {
  key: "Camera"
  value: 1000
}
equipmentHealth {
  key: "Spectrometer"
  value: 999
}
batteryLevel: 9830
moduleReporting: 3
notes: "This is rover Curiosity. Sending HeartBeat!"
location {
  x: 650
  y: 650
}

777997 [pool-1-thread-2] INFO  space.exploration.mars.rover.diagnostics.Pacemaker  - SCET: 1495318546540
equipmentHealth {
  key: "Battery"
  value: 1000
}
equipmentHealth {
  key: "Radio"
  value: 983
}
equipmentHealth {
  key: "Lidar"
  value: 1000
}
equipmentHealth {
  key: "Camera"
  value: 1000
}
equipmentHealth {
  key: "Spectrometer"
  value: 999
}
batteryLevel: 9830
moduleReporting: 3
notes: "This is rover Curiosity. Sending HeartBeat!"
location {
  x: 650
  y: 650
}

837995 [pool-1-thread-4] INFO  space.exploration.mars.rover.diagnostics.Pacemaker  - SCET: 1495318606539
equipmentHealth {
  key: "Battery"
  value: 1000
}
equipmentHealth {
  key: "Radio"
  value: 982
}
equipmentHealth {
  key: "Lidar"
  value: 1000
}
equipmentHealth {
  key: "Camera"
  value: 1000
}
equipmentHealth {
  key: "Spectrometer"
  value: 999
}
batteryLevel: 9830
moduleReporting: 3
notes: "This is rover Curiosity. Sending HeartBeat!"
location {
  x: 650
  y: 650
}

897995 [pool-1-thread-4] INFO  space.exploration.mars.rover.diagnostics.Pacemaker  - SCET: 1495318666540
equipmentHealth {
  key: "Battery"
  value: 1000
}
equipmentHealth {
  key: "Radio"
  value: 981
}
equipmentHealth {
  key: "Lidar"
  value: 1000
}
equipmentHealth {
  key: "Camera"
  value: 1000
}
equipmentHealth {
  key: "Spectrometer"
  value: 999
}
batteryLevel: 9830
moduleReporting: 3
notes: "This is rover Curiosity. Sending HeartBeat!"
location {
  x: 650
  y: 650
}

957995 [pool-1-thread-4] INFO  space.exploration.mars.rover.diagnostics.Pacemaker  - SCET: 1495318726540
equipmentHealth {
  key: "Battery"
  value: 1000
}
equipmentHealth {
  key: "Radio"
  value: 980
}
equipmentHealth {
  key: "Lidar"
  value: 1000
}
equipmentHealth {
  key: "Camera"
  value: 1000
}
equipmentHealth {
  key: "Spectrometer"
  value: 999
}
batteryLevel: 9830
moduleReporting: 3
notes: "This is rover Curiosity. Sending HeartBeat!"
location {
  x: 650
  y: 650
}

1017995 [pool-1-thread-4] INFO  space.exploration.mars.rover.diagnostics.Pacemaker  - SCET: 1495318786540
equipmentHealth {
  key: "Battery"
  value: 1000
}
equipmentHealth {
  key: "Radio"
  value: 979
}
equipmentHealth {
  key: "Lidar"
  value: 1000
}
equipmentHealth {
  key: "Camera"
  value: 1000
}
equipmentHealth {
  key: "Spectrometer"
  value: 999
}
batteryLevel: 9830
moduleReporting: 3
notes: "This is rover Curiosity. Sending HeartBeat!"
location {
  x: 650
  y: 650
}

1077997 [pool-1-thread-4] INFO  space.exploration.mars.rover.diagnostics.Pacemaker  - SCET: 1495318846540
equipmentHealth {
  key: "Battery"
  value: 1000
}
equipmentHealth {
  key: "Radio"
  value: 978
}
equipmentHealth {
  key: "Lidar"
  value: 1000
}
equipmentHealth {
  key: "Camera"
  value: 1000
}
equipmentHealth {
  key: "Spectrometer"
  value: 999
}
batteryLevel: 9830
moduleReporting: 3
notes: "This is rover Curiosity. Sending HeartBeat!"
location {
  x: 650
  y: 650
}

1137996 [pool-1-thread-4] INFO  space.exploration.mars.rover.diagnostics.Pacemaker  - SCET: 1495318906540
equipmentHealth {
  key: "Battery"
  value: 1000
}
equipmentHealth {
  key: "Radio"
  value: 977
}
equipmentHealth {
  key: "Lidar"
  value: 1000
}
equipmentHealth {
  key: "Camera"
  value: 1000
}
equipmentHealth {
  key: "Spectrometer"
  value: 999
}
batteryLevel: 9830
moduleReporting: 3
notes: "This is rover Curiosity. Sending HeartBeat!"
location {
  x: 650
  y: 650
}

1197997 [pool-1-thread-4] INFO  space.exploration.mars.rover.diagnostics.Pacemaker  - SCET: 1495318966540
equipmentHealth {
  key: "Battery"
  value: 1000
}
equipmentHealth {
  key: "Radio"
  value: 976
}
equipmentHealth {
  key: "Lidar"
  value: 1000
}
equipmentHealth {
  key: "Camera"
  value: 1000
}
equipmentHealth {
  key: "Spectrometer"
  value: 999
}
batteryLevel: 9830
moduleReporting: 3
notes: "This is rover Curiosity. Sending HeartBeat!"
location {
  x: 650
  y: 650
}

1257995 [pool-1-thread-4] INFO  space.exploration.mars.rover.diagnostics.Pacemaker  - SCET: 1495319026540
equipmentHealth {
  key: "Battery"
  value: 1000
}
equipmentHealth {
  key: "Radio"
  value: 975
}
equipmentHealth {
  key: "Lidar"
  value: 1000
}
equipmentHealth {
  key: "Camera"
  value: 1000
}
equipmentHealth {
  key: "Spectrometer"
  value: 999
}
batteryLevel: 9830
moduleReporting: 3
notes: "This is rover Curiosity. Sending HeartBeat!"
location {
  x: 650
  y: 650
}

1279475 [pool-1-thread-4] INFO  kafka.client.ClientUtils$  - Fetching metadata from broker BrokerEndPoint(0,localhost,9092) with correlation id 46 for 1 topic(s) Set(secure_com_to_earth_channel_3)
1279476 [pool-1-thread-4] INFO  kafka.producer.SyncProducer  - Connected to localhost:9092 for producing
1279478 [pool-1-thread-4] INFO  kafka.producer.SyncProducer  - Disconnecting from localhost:9092
1279479 [pool-1-thread-4] INFO  kafka.producer.SyncProducer  - Disconnecting from zionmainframe:9092
1279482 [pool-1-thread-4] INFO  kafka.producer.SyncProducer  - Connected to zionmainframe:9092 for producing
1317996 [pool-1-thread-4] INFO  space.exploration.mars.rover.diagnostics.Pacemaker  - SCET: 1495319086540
equipmentHealth {
  key: "Battery"
  value: 1000
}
equipmentHealth {
  key: "Radio"
  value: 974
}
equipmentHealth {
  key: "Lidar"
  value: 1000
}
equipmentHealth {
  key: "Camera"
  value: 1000
}
equipmentHealth {
  key: "Spectrometer"
  value: 999
}
batteryLevel: 9830
moduleReporting: 3
notes: "This is rover Curiosity. Sending HeartBeat!"
location {
  x: 650
  y: 650
}

1377995 [pool-1-thread-4] INFO  space.exploration.mars.rover.diagnostics.Pacemaker  - SCET: 1495319146539
equipmentHealth {
  key: "Battery"
  value: 1000
}
equipmentHealth {
  key: "Radio"
  value: 973
}
equipmentHealth {
  key: "Lidar"
  value: 1000
}
equipmentHealth {
  key: "Camera"
  value: 1000
}
equipmentHealth {
  key: "Spectrometer"
  value: 999
}
batteryLevel: 9830
moduleReporting: 3
notes: "This is rover Curiosity. Sending HeartBeat!"
location {
  x: 650
  y: 650
}

1437995 [pool-1-thread-4] INFO  space.exploration.mars.rover.diagnostics.Pacemaker  - SCET: 1495319206539
equipmentHealth {
  key: "Battery"
  value: 1000
}
equipmentHealth {
  key: "Radio"
  value: 972
}
equipmentHealth {
  key: "Lidar"
  value: 1000
}
equipmentHealth {
  key: "Camera"
  value: 1000
}
equipmentHealth {
  key: "Spectrometer"
  value: 999
}
batteryLevel: 9830
moduleReporting: 3
notes: "This is rover Curiosity. Sending HeartBeat!"
location {
  x: 650
  y: 650
}

1497996 [pool-1-thread-4] INFO  space.exploration.mars.rover.diagnostics.Pacemaker  - SCET: 1495319266540
solNumber: 1
equipmentHealth {
  key: "Battery"
  value: 1000
}
equipmentHealth {
  key: "Radio"
  value: 971
}
equipmentHealth {
  key: "Lidar"
  value: 1000
}
equipmentHealth {
  key: "Camera"
  value: 1000
}
equipmentHealth {
  key: "Spectrometer"
  value: 999
}
batteryLevel: 9830
moduleReporting: 3
notes: "This is rover Curiosity. Sending HeartBeat!"
location {
  x: 650
  y: 650
}

1557995 [pool-1-thread-4] INFO  space.exploration.mars.rover.diagnostics.Pacemaker  - SCET: 1495319326540
solNumber: 1
equipmentHealth {
  key: "Battery"
  value: 1000
}
equipmentHealth {
  key: "Radio"
  value: 970
}
equipmentHealth {
  key: "Lidar"
  value: 1000
}
equipmentHealth {
  key: "Camera"
  value: 1000
}
equipmentHealth {
  key: "Spectrometer"
  value: 999
}
batteryLevel: 9830
moduleReporting: 3
notes: "This is rover Curiosity. Sending HeartBeat!"
location {
  x: 650
  y: 650
}

1617995 [pool-1-thread-4] INFO  space.exploration.mars.rover.diagnostics.Pacemaker  - SCET: 1495319386540
solNumber: 1
equipmentHealth {
  key: "Battery"
  value: 1000
}
equipmentHealth {
  key: "Radio"
  value: 969
}
equipmentHealth {
  key: "Lidar"
  value: 1000
}
equipmentHealth {
  key: "Camera"
  value: 1000
}
equipmentHealth {
  key: "Spectrometer"
  value: 999
}
batteryLevel: 9830
moduleReporting: 3
notes: "This is rover Curiosity. Sending HeartBeat!"
location {
  x: 650
  y: 650
}

1677996 [pool-1-thread-4] INFO  space.exploration.mars.rover.diagnostics.Pacemaker  - SCET: 1495319446539
solNumber: 1
equipmentHealth {
  key: "Battery"
  value: 1000
}
equipmentHealth {
  key: "Radio"
  value: 968
}
equipmentHealth {
  key: "Lidar"
  value: 1000
}
equipmentHealth {
  key: "Camera"
  value: 1000
}
equipmentHealth {
  key: "Spectrometer"
  value: 999
}
batteryLevel: 9830
moduleReporting: 3
notes: "This is rover Curiosity. Sending HeartBeat!"
location {
  x: 650
  y: 650
}

1737995 [pool-1-thread-4] INFO  space.exploration.mars.rover.diagnostics.Pacemaker  - SCET: 1495319506540
solNumber: 1
equipmentHealth {
  key: "Battery"
  value: 1000
}
equipmentHealth {
  key: "Radio"
  value: 967
}
equipmentHealth {
  key: "Lidar"
  value: 1000
}
equipmentHealth {
  key: "Camera"
  value: 1000
}
equipmentHealth {
  key: "Spectrometer"
  value: 999
}
batteryLevel: 9830
moduleReporting: 3
notes: "This is rover Curiosity. Sending HeartBeat!"
location {
  x: 650
  y: 650
}

1797996 [pool-1-thread-4] INFO  space.exploration.mars.rover.diagnostics.Pacemaker  - SCET: 1495319566539
solNumber: 1
equipmentHealth {
  key: "Battery"
  value: 1000
}
equipmentHealth {
  key: "Radio"
  value: 966
}
equipmentHealth {
  key: "Lidar"
  value: 1000
}
equipmentHealth {
  key: "Camera"
  value: 1000
}
equipmentHealth {
  key: "Spectrometer"
  value: 999
}
batteryLevel: 9830
moduleReporting: 3
notes: "This is rover Curiosity. Sending HeartBeat!"
location {
  x: 650
  y: 650
}

1857996 [pool-1-thread-4] INFO  space.exploration.mars.rover.diagnostics.Pacemaker  - SCET: 1495319626540
solNumber: 1
equipmentHealth {
  key: "Battery"
  value: 1000
}
equipmentHealth {
  key: "Radio"
  value: 965
}
equipmentHealth {
  key: "Lidar"
  value: 1000
}
equipmentHealth {
  key: "Camera"
  value: 1000
}
equipmentHealth {
  key: "Spectrometer"
  value: 999
}
batteryLevel: 9830
moduleReporting: 3
notes: "This is rover Curiosity. Sending HeartBeat!"
location {
  x: 650
  y: 650
}

1917995 [pool-1-thread-4] INFO  space.exploration.mars.rover.diagnostics.Pacemaker  - SCET: 1495319686540
solNumber: 1
equipmentHealth {
  key: "Battery"
  value: 1000
}
equipmentHealth {
  key: "Radio"
  value: 964
}
equipmentHealth {
  key: "Lidar"
  value: 1000
}
equipmentHealth {
  key: "Camera"
  value: 1000
}
equipmentHealth {
  key: "Spectrometer"
  value: 999
}
batteryLevel: 9830
moduleReporting: 3
notes: "This is rover Curiosity. Sending HeartBeat!"
location {
  x: 650
  y: 650
}

1933112 [pool-1-thread-4] INFO  kafka.client.ClientUtils$  - Fetching metadata from broker BrokerEndPoint(0,localhost,9092) with correlation id 69 for 1 topic(s) Set(secure_com_to_earth_channel_3)
1933112 [pool-1-thread-4] INFO  kafka.producer.SyncProducer  - Connected to localhost:9092 for producing
1933115 [pool-1-thread-4] INFO  kafka.producer.SyncProducer  - Disconnecting from localhost:9092
1933115 [pool-1-thread-4] INFO  kafka.producer.SyncProducer  - Disconnecting from zionmainframe:9092
1933119 [pool-1-thread-4] INFO  kafka.producer.SyncProducer  - Connected to zionmainframe:9092 for producing
1977995 [pool-1-thread-4] INFO  space.exploration.mars.rover.diagnostics.Pacemaker  - SCET: 1495319746540
solNumber: 1
equipmentHealth {
  key: "Battery"
  value: 1000
}
equipmentHealth {
  key: "Radio"
  value: 963
}
equipmentHealth {
  key: "Lidar"
  value: 1000
}
equipmentHealth {
  key: "Camera"
  value: 1000
}
equipmentHealth {
  key: "Spectrometer"
  value: 999
}
batteryLevel: 9830
moduleReporting: 3
notes: "This is rover Curiosity. Sending HeartBeat!"
location {
  x: 650
  y: 650
}

2037995 [pool-1-thread-4] INFO  space.exploration.mars.rover.diagnostics.Pacemaker  - SCET: 1495319806540
solNumber: 1
equipmentHealth {
  key: "Battery"
  value: 1000
}
equipmentHealth {
  key: "Radio"
  value: 962
}
equipmentHealth {
  key: "Lidar"
  value: 1000
}
equipmentHealth {
  key: "Camera"
  value: 1000
}
equipmentHealth {
  key: "Spectrometer"
  value: 999
}
batteryLevel: 9830
moduleReporting: 3
notes: "This is rover Curiosity. Sending HeartBeat!"
location {
  x: 650
  y: 650
}

2097996 [pool-1-thread-4] INFO  space.exploration.mars.rover.diagnostics.Pacemaker  - SCET: 1495319866540
solNumber: 1
equipmentHealth {
  key: "Battery"
  value: 1000
}
equipmentHealth {
  key: "Radio"
  value: 961
}
equipmentHealth {
  key: "Lidar"
  value: 1000
}
equipmentHealth {
  key: "Camera"
  value: 1000
}
equipmentHealth {
  key: "Spectrometer"
  value: 999
}
batteryLevel: 9830
moduleReporting: 3
notes: "This is rover Curiosity. Sending HeartBeat!"
location {
  x: 650
  y: 650
}

2157995 [pool-1-thread-4] INFO  space.exploration.mars.rover.diagnostics.Pacemaker  - SCET: 1495319926540
solNumber: 1
equipmentHealth {
  key: "Battery"
  value: 1000
}
equipmentHealth {
  key: "Radio"
  value: 960
}
equipmentHealth {
  key: "Lidar"
  value: 1000
}
equipmentHealth {
  key: "Camera"
  value: 1000
}
equipmentHealth {
  key: "Spectrometer"
  value: 999
}
batteryLevel: 9830
moduleReporting: 3
notes: "This is rover Curiosity. Sending HeartBeat!"
location {
  x: 650
  y: 650
}

2217996 [pool-1-thread-4] INFO  space.exploration.mars.rover.diagnostics.Pacemaker  - SCET: 1495319986540
solNumber: 1
equipmentHealth {
  key: "Battery"
  value: 1000
}
equipmentHealth {
  key: "Radio"
  value: 959
}
equipmentHealth {
  key: "Lidar"
  value: 1000
}
equipmentHealth {
  key: "Camera"
  value: 1000
}
equipmentHealth {
  key: "Spectrometer"
  value: 999
}
batteryLevel: 9830
moduleReporting: 3
notes: "This is rover Curiosity. Sending HeartBeat!"
location {
  x: 650
  y: 650
}

2277995 [pool-1-thread-4] INFO  space.exploration.mars.rover.diagnostics.Pacemaker  - SCET: 1495320046540
solNumber: 1
equipmentHealth {
  key: "Battery"
  value: 1000
}
equipmentHealth {
  key: "Radio"
  value: 958
}
equipmentHealth {
  key: "Lidar"
  value: 1000
}
equipmentHealth {
  key: "Camera"
  value: 1000
}
equipmentHealth {
  key: "Spectrometer"
  value: 999
}
batteryLevel: 9830
moduleReporting: 3
notes: "This is rover Curiosity. Sending HeartBeat!"
location {
  x: 650
  y: 650
}

2337995 [pool-1-thread-4] INFO  space.exploration.mars.rover.diagnostics.Pacemaker  - SCET: 1495320106540
solNumber: 1
equipmentHealth {
  key: "Battery"
  value: 1000
}
equipmentHealth {
  key: "Radio"
  value: 957
}
equipmentHealth {
  key: "Lidar"
  value: 1000
}
equipmentHealth {
  key: "Camera"
  value: 1000
}
equipmentHealth {
  key: "Spectrometer"
  value: 999
}
batteryLevel: 9830
moduleReporting: 3
notes: "This is rover Curiosity. Sending HeartBeat!"
location {
  x: 650
  y: 650
}

2397995 [pool-1-thread-4] INFO  space.exploration.mars.rover.diagnostics.Pacemaker  - SCET: 1495320166539
solNumber: 1
equipmentHealth {
  key: "Battery"
  value: 1000
}
equipmentHealth {
  key: "Radio"
  value: 956
}
equipmentHealth {
  key: "Lidar"
  value: 1000
}
equipmentHealth {
  key: "Camera"
  value: 1000
}
equipmentHealth {
  key: "Spectrometer"
  value: 999
}
batteryLevel: 9830
moduleReporting: 3
notes: "This is rover Curiosity. Sending HeartBeat!"
location {
  x: 650
  y: 650
}

2457996 [pool-1-thread-4] INFO  space.exploration.mars.rover.diagnostics.Pacemaker  - SCET: 1495320226539
solNumber: 1
equipmentHealth {
  key: "Battery"
  value: 1000
}
equipmentHealth {
  key: "Radio"
  value: 955
}
equipmentHealth {
  key: "Lidar"
  value: 1000
}
equipmentHealth {
  key: "Camera"
  value: 1000
}
equipmentHealth {
  key: "Spectrometer"
  value: 999
}
batteryLevel: 9830
moduleReporting: 3
notes: "This is rover Curiosity. Sending HeartBeat!"
location {
  x: 650
  y: 650
}

2517996 [pool-1-thread-4] INFO  space.exploration.mars.rover.diagnostics.Pacemaker  - SCET: 1495320286540
solNumber: 1
equipmentHealth {
  key: "Battery"
  value: 1000
}
equipmentHealth {
  key: "Radio"
  value: 954
}
equipmentHealth {
  key: "Lidar"
  value: 1000
}
equipmentHealth {
  key: "Camera"
  value: 1000
}
equipmentHealth {
  key: "Spectrometer"
  value: 999
}
batteryLevel: 9830
moduleReporting: 3
notes: "This is rover Curiosity. Sending HeartBeat!"
location {
  x: 650
  y: 650
}

2542953 [pool-1-thread-4] INFO  kafka.client.ClientUtils$  - Fetching metadata from broker BrokerEndPoint(0,localhost,9092) with correlation id 90 for 1 topic(s) Set(secure_com_to_earth_channel_3)
2542953 [pool-1-thread-4] INFO  kafka.producer.SyncProducer  - Connected to localhost:9092 for producing
2542954 [pool-1-thread-4] INFO  kafka.producer.SyncProducer  - Disconnecting from localhost:9092
2542954 [pool-1-thread-4] INFO  kafka.producer.SyncProducer  - Disconnecting from zionmainframe:9092
2542955 [pool-1-thread-4] INFO  kafka.producer.SyncProducer  - Connected to zionmainframe:9092 for producing
2577995 [pool-1-thread-4] INFO  space.exploration.mars.rover.diagnostics.Pacemaker  - SCET: 1495320346539
solNumber: 1
equipmentHealth {
  key: "Battery"
  value: 1000
}
equipmentHealth {
  key: "Radio"
  value: 953
}
equipmentHealth {
  key: "Lidar"
  value: 1000
}
equipmentHealth {
  key: "Camera"
  value: 1000
}
equipmentHealth {
  key: "Spectrometer"
  value: 999
}
batteryLevel: 9830
moduleReporting: 3
notes: "This is rover Curiosity. Sending HeartBeat!"
location {
  x: 650
  y: 650
}

2637995 [pool-1-thread-4] INFO  space.exploration.mars.rover.diagnostics.Pacemaker  - SCET: 1495320406540
solNumber: 1
equipmentHealth {
  key: "Battery"
  value: 1000
}
equipmentHealth {
  key: "Radio"
  value: 952
}
equipmentHealth {
  key: "Lidar"
  value: 1000
}
equipmentHealth {
  key: "Camera"
  value: 1000
}
equipmentHealth {
  key: "Spectrometer"
  value: 999
}
batteryLevel: 9830
moduleReporting: 3
notes: "This is rover Curiosity. Sending HeartBeat!"
location {
  x: 650
  y: 650
}

2697995 [pool-1-thread-4] INFO  space.exploration.mars.rover.diagnostics.Pacemaker  - SCET: 1495320466540
solNumber: 1
equipmentHealth {
  key: "Battery"
  value: 1000
}
equipmentHealth {
  key: "Radio"
  value: 951
}
equipmentHealth {
  key: "Lidar"
  value: 1000
}
equipmentHealth {
  key: "Camera"
  value: 1000
}
equipmentHealth {
  key: "Spectrometer"
  value: 999
}
batteryLevel: 9830
moduleReporting: 3
notes: "This is rover Curiosity. Sending HeartBeat!"
location {
  x: 650
  y: 650
}

2757995 [pool-1-thread-4] INFO  space.exploration.mars.rover.diagnostics.Pacemaker  - SCET: 1495320526540
solNumber: 1
equipmentHealth {
  key: "Battery"
  value: 1000
}
equipmentHealth {
  key: "Radio"
  value: 950
}
equipmentHealth {
  key: "Lidar"
  value: 1000
}
equipmentHealth {
  key: "Camera"
  value: 1000
}
equipmentHealth {
  key: "Spectrometer"
  value: 999
}
batteryLevel: 9830
moduleReporting: 3
notes: "This is rover Curiosity. Sending HeartBeat!"
location {
  x: 650
  y: 650
}

2817995 [pool-1-thread-4] INFO  space.exploration.mars.rover.diagnostics.Pacemaker  - SCET: 1495320586540
solNumber: 1
equipmentHealth {
  key: "Battery"
  value: 1000
}
equipmentHealth {
  key: "Radio"
  value: 949
}
equipmentHealth {
  key: "Lidar"
  value: 1000
}
equipmentHealth {
  key: "Camera"
  value: 1000
}
equipmentHealth {
  key: "Spectrometer"
  value: 999
}
batteryLevel: 9830
moduleReporting: 3
notes: "This is rover Curiosity. Sending HeartBeat!"
location {
  x: 650
  y: 650
}

2877996 [pool-1-thread-4] INFO  space.exploration.mars.rover.diagnostics.Pacemaker  - SCET: 1495320646539
solNumber: 1
equipmentHealth {
  key: "Battery"
  value: 1000
}
equipmentHealth {
  key: "Radio"
  value: 948
}
equipmentHealth {
  key: "Lidar"
  value: 1000
}
equipmentHealth {
  key: "Camera"
  value: 1000
}
equipmentHealth {
  key: "Spectrometer"
  value: 999
}
batteryLevel: 9830
moduleReporting: 3
notes: "This is rover Curiosity. Sending HeartBeat!"
location {
  x: 650
  y: 650
}

2937995 [pool-1-thread-4] INFO  space.exploration.mars.rover.diagnostics.Pacemaker  - SCET: 1495320706539
solNumber: 1
equipmentHealth {
  key: "Battery"
  value: 1000
}
equipmentHealth {
  key: "Radio"
  value: 947
}
equipmentHealth {
  key: "Lidar"
  value: 1000
}
equipmentHealth {
  key: "Camera"
  value: 1000
}
equipmentHealth {
  key: "Spectrometer"
  value: 999
}
batteryLevel: 9830
moduleReporting: 3
notes: "This is rover Curiosity. Sending HeartBeat!"
location {
  x: 650
  y: 650
}

2997995 [pool-1-thread-4] INFO  space.exploration.mars.rover.diagnostics.Pacemaker  - SCET: 1495320766540
solNumber: 2
equipmentHealth {
  key: "Battery"
  value: 1000
}
equipmentHealth {
  key: "Radio"
  value: 946
}
equipmentHealth {
  key: "Lidar"
  value: 1000
}
equipmentHealth {
  key: "Camera"
  value: 1000
}
equipmentHealth {
  key: "Spectrometer"
  value: 999
}
batteryLevel: 9830
moduleReporting: 3
notes: "This is rover Curiosity. Sending HeartBeat!"
location {
  x: 650
  y: 650
}

3057996 [pool-1-thread-4] INFO  space.exploration.mars.rover.diagnostics.Pacemaker  - SCET: 1495320826540
solNumber: 2
equipmentHealth {
  key: "Battery"
  value: 1000
}
equipmentHealth {
  key: "Radio"
  value: 945
}
equipmentHealth {
  key: "Lidar"
  value: 1000
}
equipmentHealth {
  key: "Camera"
  value: 1000
}
equipmentHealth {
  key: "Spectrometer"
  value: 999
}
batteryLevel: 9830
moduleReporting: 3
notes: "This is rover Curiosity. Sending HeartBeat!"
location {
  x: 650
  y: 650
}

3117995 [pool-1-thread-4] INFO  space.exploration.mars.rover.diagnostics.Pacemaker  - SCET: 1495320886540
solNumber: 2
equipmentHealth {
  key: "Battery"
  value: 1000
}
equipmentHealth {
  key: "Radio"
  value: 944
}
equipmentHealth {
  key: "Lidar"
  value: 1000
}
equipmentHealth {
  key: "Camera"
  value: 1000
}
equipmentHealth {
  key: "Spectrometer"
  value: 999
}
batteryLevel: 9830
moduleReporting: 3
notes: "This is rover Curiosity. Sending HeartBeat!"
location {
  x: 650
  y: 650
}

3177995 [pool-1-thread-4] INFO  space.exploration.mars.rover.diagnostics.Pacemaker  - SCET: 1495320946539
solNumber: 2
equipmentHealth {
  key: "Battery"
  value: 1000
}
equipmentHealth {
  key: "Radio"
  value: 943
}
equipmentHealth {
  key: "Lidar"
  value: 1000
}
equipmentHealth {
  key: "Camera"
  value: 1000
}
equipmentHealth {
  key: "Spectrometer"
  value: 999
}
batteryLevel: 9830
moduleReporting: 3
notes: "This is rover Curiosity. Sending HeartBeat!"
location {
  x: 650
  y: 650
}

3201047 [pool-1-thread-4] INFO  kafka.client.ClientUtils$  - Fetching metadata from broker BrokerEndPoint(0,localhost,9092) with correlation id 113 for 1 topic(s) Set(secure_com_to_earth_channel_3)
3201048 [pool-1-thread-4] INFO  kafka.producer.SyncProducer  - Connected to localhost:9092 for producing
3201051 [pool-1-thread-4] INFO  kafka.producer.SyncProducer  - Disconnecting from localhost:9092
3201051 [pool-1-thread-4] INFO  kafka.producer.SyncProducer  - Disconnecting from zionmainframe:9092
3201055 [pool-1-thread-4] INFO  kafka.producer.SyncProducer  - Connected to zionmainframe:9092 for producing
3237995 [pool-1-thread-4] INFO  space.exploration.mars.rover.diagnostics.Pacemaker  - SCET: 1495321006539
solNumber: 2
equipmentHealth {
  key: "Battery"
  value: 1000
}
equipmentHealth {
  key: "Radio"
  value: 942
}
equipmentHealth {
  key: "Lidar"
  value: 1000
}
equipmentHealth {
  key: "Camera"
  value: 1000
}
equipmentHealth {
  key: "Spectrometer"
  value: 999
}
batteryLevel: 9830
moduleReporting: 3
notes: "This is rover Curiosity. Sending HeartBeat!"
location {
  x: 650
  y: 650
}

3297996 [pool-1-thread-4] INFO  space.exploration.mars.rover.diagnostics.Pacemaker  - SCET: 1495321066539
solNumber: 2
equipmentHealth {
  key: "Battery"
  value: 1000
}
equipmentHealth {
  key: "Radio"
  value: 941
}
equipmentHealth {
  key: "Lidar"
  value: 1000
}
equipmentHealth {
  key: "Camera"
  value: 1000
}
equipmentHealth {
  key: "Spectrometer"
  value: 999
}
batteryLevel: 9830
moduleReporting: 3
notes: "This is rover Curiosity. Sending HeartBeat!"
location {
  x: 650
  y: 650
}

3357996 [pool-1-thread-4] INFO  space.exploration.mars.rover.diagnostics.Pacemaker  - SCET: 1495321126539
solNumber: 2
equipmentHealth {
  key: "Battery"
  value: 1000
}
equipmentHealth {
  key: "Radio"
  value: 940
}
equipmentHealth {
  key: "Lidar"
  value: 1000
}
equipmentHealth {
  key: "Camera"
  value: 1000
}
equipmentHealth {
  key: "Spectrometer"
  value: 999
}
batteryLevel: 9830
moduleReporting: 3
notes: "This is rover Curiosity. Sending HeartBeat!"
location {
  x: 650
  y: 650
}

3417995 [pool-1-thread-4] INFO  space.exploration.mars.rover.diagnostics.Pacemaker  - SCET: 1495321186540
solNumber: 2
equipmentHealth {
  key: "Battery"
  value: 1000
}
equipmentHealth {
  key: "Radio"
  value: 939
}
equipmentHealth {
  key: "Lidar"
  value: 1000
}
equipmentHealth {
  key: "Camera"
  value: 1000
}
equipmentHealth {
  key: "Spectrometer"
  value: 999
}
batteryLevel: 9830
moduleReporting: 3
notes: "This is rover Curiosity. Sending HeartBeat!"
location {
  x: 650
  y: 650
}

3477995 [pool-1-thread-4] INFO  space.exploration.mars.rover.diagnostics.Pacemaker  - SCET: 1495321246540
solNumber: 2
equipmentHealth {
  key: "Battery"
  value: 1000
}
equipmentHealth {
  key: "Radio"
  value: 938
}
equipmentHealth {
  key: "Lidar"
  value: 1000
}
equipmentHealth {
  key: "Camera"
  value: 1000
}
equipmentHealth {
  key: "Spectrometer"
  value: 999
}
batteryLevel: 9830
moduleReporting: 3
notes: "This is rover Curiosity. Sending HeartBeat!"
location {
  x: 650
  y: 650
}

3537996 [pool-1-thread-4] INFO  space.exploration.mars.rover.diagnostics.Pacemaker  - SCET: 1495321306539
solNumber: 2
equipmentHealth {
  key: "Battery"
  value: 1000
}
equipmentHealth {
  key: "Radio"
  value: 937
}
equipmentHealth {
  key: "Lidar"
  value: 1000
}
equipmentHealth {
  key: "Camera"
  value: 1000
}
equipmentHealth {
  key: "Spectrometer"
  value: 999
}
batteryLevel: 9830
moduleReporting: 3
notes: "This is rover Curiosity. Sending HeartBeat!"
location {
  x: 650
  y: 650
}

3597995 [pool-1-thread-4] INFO  space.exploration.mars.rover.diagnostics.Pacemaker  - SCET: 1495321366540
solNumber: 2
equipmentHealth {
  key: "Battery"
  value: 1000
}
equipmentHealth {
  key: "Radio"
  value: 936
}
equipmentHealth {
  key: "Lidar"
  value: 1000
}
equipmentHealth {
  key: "Camera"
  value: 1000
}
equipmentHealth {
  key: "Spectrometer"
  value: 999
}
batteryLevel: 9830
moduleReporting: 3
notes: "This is rover Curiosity. Sending HeartBeat!"
location {
  x: 650
  y: 650
}

3657996 [pool-1-thread-4] INFO  space.exploration.mars.rover.diagnostics.Pacemaker  - SCET: 1495321426540
solNumber: 2
equipmentHealth {
  key: "Battery"
  value: 1000
}
equipmentHealth {
  key: "Radio"
  value: 935
}
equipmentHealth {
  key: "Lidar"
  value: 1000
}
equipmentHealth {
  key: "Camera"
  value: 1000
}
equipmentHealth {
  key: "Spectrometer"
  value: 999
}
batteryLevel: 9830
moduleReporting: 3
notes: "This is rover Curiosity. Sending HeartBeat!"
location {
  x: 650
  y: 650
}

3717995 [pool-1-thread-4] INFO  space.exploration.mars.rover.diagnostics.Pacemaker  - SCET: 1495321486540
solNumber: 2
equipmentHealth {
  key: "Battery"
  value: 1000
}
equipmentHealth {
  key: "Radio"
  value: 934
}
equipmentHealth {
  key: "Lidar"
  value: 1000
}
equipmentHealth {
  key: "Camera"
  value: 1000
}
equipmentHealth {
  key: "Spectrometer"
  value: 999
}
batteryLevel: 9830
moduleReporting: 3
notes: "This is rover Curiosity. Sending HeartBeat!"
location {
  x: 650
  y: 650
}

3777995 [pool-1-thread-4] INFO  space.exploration.mars.rover.diagnostics.Pacemaker  - SCET: 1495321546539
solNumber: 2
equipmentHealth {
  key: "Battery"
  value: 1000
}
equipmentHealth {
  key: "Radio"
  value: 933
}
equipmentHealth {
  key: "Lidar"
  value: 1000
}
equipmentHealth {
  key: "Camera"
  value: 1000
}
equipmentHealth {
  key: "Spectrometer"
  value: 999
}
batteryLevel: 9830
moduleReporting: 3
notes: "This is rover Curiosity. Sending HeartBeat!"
location {
  x: 650
  y: 650
}

3804138 [pool-1-thread-4] INFO  kafka.client.ClientUtils$  - Fetching metadata from broker BrokerEndPoint(0,localhost,9092) with correlation id 134 for 1 topic(s) Set(secure_com_to_earth_channel_3)
3804139 [pool-1-thread-4] INFO  kafka.producer.SyncProducer  - Connected to localhost:9092 for producing
3804144 [pool-1-thread-4] INFO  kafka.producer.SyncProducer  - Disconnecting from localhost:9092
3804144 [pool-1-thread-4] INFO  kafka.producer.SyncProducer  - Disconnecting from zionmainframe:9092
3804147 [pool-1-thread-4] INFO  kafka.producer.SyncProducer  - Connected to zionmainframe:9092 for producing
3837996 [pool-1-thread-4] INFO  space.exploration.mars.rover.diagnostics.Pacemaker  - SCET: 1495321606539
solNumber: 2
equipmentHealth {
  key: "Battery"
  value: 1000
}
equipmentHealth {
  key: "Radio"
  value: 932
}
equipmentHealth {
  key: "Lidar"
  value: 1000
}
equipmentHealth {
  key: "Camera"
  value: 1000
}
equipmentHealth {
  key: "Spectrometer"
  value: 999
}
batteryLevel: 9830
moduleReporting: 3
notes: "This is rover Curiosity. Sending HeartBeat!"
location {
  x: 650
  y: 650
}

3897995 [pool-1-thread-4] INFO  space.exploration.mars.rover.diagnostics.Pacemaker  - SCET: 1495321666540
solNumber: 2
equipmentHealth {
  key: "Battery"
  value: 1000
}
equipmentHealth {
  key: "Radio"
  value: 931
}
equipmentHealth {
  key: "Lidar"
  value: 1000
}
equipmentHealth {
  key: "Camera"
  value: 1000
}
equipmentHealth {
  key: "Spectrometer"
  value: 999
}
batteryLevel: 9830
moduleReporting: 3
notes: "This is rover Curiosity. Sending HeartBeat!"
location {
  x: 650
  y: 650
}

3957995 [pool-1-thread-4] INFO  space.exploration.mars.rover.diagnostics.Pacemaker  - SCET: 1495321726539
solNumber: 2
equipmentHealth {
  key: "Battery"
  value: 1000
}
equipmentHealth {
  key: "Radio"
  value: 930
}
equipmentHealth {
  key: "Lidar"
  value: 1000
}
equipmentHealth {
  key: "Camera"
  value: 1000
}
equipmentHealth {
  key: "Spectrometer"
  value: 999
}
batteryLevel: 9830
moduleReporting: 3
notes: "This is rover Curiosity. Sending HeartBeat!"
location {
  x: 650
  y: 650
}

4017995 [pool-1-thread-4] INFO  space.exploration.mars.rover.diagnostics.Pacemaker  - SCET: 1495321786539
solNumber: 2
equipmentHealth {
  key: "Battery"
  value: 1000
}
equipmentHealth {
  key: "Radio"
  value: 929
}
equipmentHealth {
  key: "Lidar"
  value: 1000
}
equipmentHealth {
  key: "Camera"
  value: 1000
}
equipmentHealth {
  key: "Spectrometer"
  value: 999
}
batteryLevel: 9830
moduleReporting: 3
notes: "This is rover Curiosity. Sending HeartBeat!"
location {
  x: 650
  y: 650
}

4077995 [pool-1-thread-4] INFO  space.exploration.mars.rover.diagnostics.Pacemaker  - SCET: 1495321846540
solNumber: 2
equipmentHealth {
  key: "Battery"
  value: 1000
}
equipmentHealth {
  key: "Radio"
  value: 928
}
equipmentHealth {
  key: "Lidar"
  value: 1000
}
equipmentHealth {
  key: "Camera"
  value: 1000
}
equipmentHealth {
  key: "Spectrometer"
  value: 999
}
batteryLevel: 9830
moduleReporting: 3
notes: "This is rover Curiosity. Sending HeartBeat!"
location {
  x: 650
  y: 650
}

4137995 [pool-1-thread-4] INFO  space.exploration.mars.rover.diagnostics.Pacemaker  - SCET: 1495321906539
solNumber: 2
equipmentHealth {
  key: "Battery"
  value: 1000
}
equipmentHealth {
  key: "Radio"
  value: 927
}
equipmentHealth {
  key: "Lidar"
  value: 1000
}
equipmentHealth {
  key: "Camera"
  value: 1000
}
equipmentHealth {
  key: "Spectrometer"
  value: 999
}
batteryLevel: 9830
moduleReporting: 3
notes: "This is rover Curiosity. Sending HeartBeat!"
location {
  x: 650
  y: 650
}

4197995 [pool-1-thread-4] INFO  space.exploration.mars.rover.diagnostics.Pacemaker  - SCET: 1495321966539
solNumber: 2
equipmentHealth {
  key: "Battery"
  value: 1000
}
equipmentHealth {
  key: "Radio"
  value: 926
}
equipmentHealth {
  key: "Lidar"
  value: 1000
}
equipmentHealth {
  key: "Camera"
  value: 1000
}
equipmentHealth {
  key: "Spectrometer"
  value: 999
}
batteryLevel: 9830
moduleReporting: 3
notes: "This is rover Curiosity. Sending HeartBeat!"
location {
  x: 650
  y: 650
}

4257995 [pool-1-thread-4] INFO  space.exploration.mars.rover.diagnostics.Pacemaker  - SCET: 1495322026539
solNumber: 2
equipmentHealth {
  key: "Battery"
  value: 1000
}
equipmentHealth {
  key: "Radio"
  value: 925
}
equipmentHealth {
  key: "Lidar"
  value: 1000
}
equipmentHealth {
  key: "Camera"
  value: 1000
}
equipmentHealth {
  key: "Spectrometer"
  value: 999
}
batteryLevel: 9830
moduleReporting: 3
notes: "This is rover Curiosity. Sending HeartBeat!"
location {
  x: 650
  y: 650
}

4317995 [pool-1-thread-4] INFO  space.exploration.mars.rover.diagnostics.Pacemaker  - SCET: 1495322086540
solNumber: 2
equipmentHealth {
  key: "Battery"
  value: 1000
}
equipmentHealth {
  key: "Radio"
  value: 924
}
equipmentHealth {
  key: "Lidar"
  value: 1000
}
equipmentHealth {
  key: "Camera"
  value: 1000
}
equipmentHealth {
  key: "Spectrometer"
  value: 999
}
batteryLevel: 9830
moduleReporting: 3
notes: "This is rover Curiosity. Sending HeartBeat!"
location {
  x: 650
  y: 650
}

4377995 [pool-1-thread-4] INFO  space.exploration.mars.rover.diagnostics.Pacemaker  - SCET: 1495322146540
solNumber: 2
equipmentHealth {
  key: "Battery"
  value: 1000
}
equipmentHealth {
  key: "Radio"
  value: 923
}
equipmentHealth {
  key: "Lidar"
  value: 1000
}
equipmentHealth {
  key: "Camera"
  value: 1000
}
equipmentHealth {
  key: "Spectrometer"
  value: 999
}
batteryLevel: 9830
moduleReporting: 3
notes: "This is rover Curiosity. Sending HeartBeat!"
location {
  x: 650
  y: 650
}

4437995 [pool-1-thread-4] INFO  space.exploration.mars.rover.diagnostics.Pacemaker  - SCET: 1495322206539
solNumber: 3
equipmentHealth {
  key: "Battery"
  value: 1000
}
equipmentHealth {
  key: "Radio"
  value: 922
}
equipmentHealth {
  key: "Lidar"
  value: 1000
}
equipmentHealth {
  key: "Camera"
  value: 1000
}
equipmentHealth {
  key: "Spectrometer"
  value: 999
}
batteryLevel: 9830
moduleReporting: 3
notes: "This is rover Curiosity. Sending HeartBeat!"
location {
  x: 650
  y: 650
}

4466561 [pool-1-thread-4] INFO  kafka.client.ClientUtils$  - Fetching metadata from broker BrokerEndPoint(0,localhost,9092) with correlation id 157 for 1 topic(s) Set(secure_com_to_earth_channel_3)
4466562 [pool-1-thread-4] INFO  kafka.producer.SyncProducer  - Connected to localhost:9092 for producing
4466564 [pool-1-thread-4] INFO  kafka.producer.SyncProducer  - Disconnecting from localhost:9092
4466565 [pool-1-thread-4] INFO  kafka.producer.SyncProducer  - Disconnecting from zionmainframe:9092
4466569 [pool-1-thread-4] INFO  kafka.producer.SyncProducer  - Connected to zionmainframe:9092 for producing
4497995 [pool-1-thread-4] INFO  space.exploration.mars.rover.diagnostics.Pacemaker  - SCET: 1495322266540
solNumber: 3
equipmentHealth {
  key: "Battery"
  value: 1000
}
equipmentHealth {
  key: "Radio"
  value: 921
}
equipmentHealth {
  key: "Lidar"
  value: 1000
}
equipmentHealth {
  key: "Camera"
  value: 1000
}
equipmentHealth {
  key: "Spectrometer"
  value: 999
}
batteryLevel: 9830
moduleReporting: 3
notes: "This is rover Curiosity. Sending HeartBeat!"
location {
  x: 650
  y: 650
}

4557995 [pool-1-thread-4] INFO  space.exploration.mars.rover.diagnostics.Pacemaker  - SCET: 1495322326540
solNumber: 3
equipmentHealth {
  key: "Battery"
  value: 1000
}
equipmentHealth {
  key: "Radio"
  value: 920
}
equipmentHealth {
  key: "Lidar"
  value: 1000
}
equipmentHealth {
  key: "Camera"
  value: 1000
}
equipmentHealth {
  key: "Spectrometer"
  value: 999
}
batteryLevel: 9830
moduleReporting: 3
notes: "This is rover Curiosity. Sending HeartBeat!"
location {
  x: 650
  y: 650
}

4617995 [pool-1-thread-4] INFO  space.exploration.mars.rover.diagnostics.Pacemaker  - SCET: 1495322386539
solNumber: 3
equipmentHealth {
  key: "Battery"
  value: 1000
}
equipmentHealth {
  key: "Radio"
  value: 919
}
equipmentHealth {
  key: "Lidar"
  value: 1000
}
equipmentHealth {
  key: "Camera"
  value: 1000
}
equipmentHealth {
  key: "Spectrometer"
  value: 999
}
batteryLevel: 9830
moduleReporting: 3
notes: "This is rover Curiosity. Sending HeartBeat!"
location {
  x: 650
  y: 650
}

4677996 [pool-1-thread-4] INFO  space.exploration.mars.rover.diagnostics.Pacemaker  - SCET: 1495322446539
solNumber: 3
equipmentHealth {
  key: "Battery"
  value: 1000
}
equipmentHealth {
  key: "Radio"
  value: 918
}
equipmentHealth {
  key: "Lidar"
  value: 1000
}
equipmentHealth {
  key: "Camera"
  value: 1000
}
equipmentHealth {
  key: "Spectrometer"
  value: 999
}
batteryLevel: 9830
moduleReporting: 3
notes: "This is rover Curiosity. Sending HeartBeat!"
location {
  x: 650
  y: 650
}

4737995 [pool-1-thread-4] INFO  space.exploration.mars.rover.diagnostics.Pacemaker  - SCET: 1495322506540
solNumber: 3
equipmentHealth {
  key: "Battery"
  value: 1000
}
equipmentHealth {
  key: "Radio"
  value: 917
}
equipmentHealth {
  key: "Lidar"
  value: 1000
}
equipmentHealth {
  key: "Camera"
  value: 1000
}
equipmentHealth {
  key: "Spectrometer"
  value: 999
}
batteryLevel: 9830
moduleReporting: 3
notes: "This is rover Curiosity. Sending HeartBeat!"
location {
  x: 650
  y: 650
}

4797995 [pool-1-thread-4] INFO  space.exploration.mars.rover.diagnostics.Pacemaker  - SCET: 1495322566539
solNumber: 3
equipmentHealth {
  key: "Battery"
  value: 1000
}
equipmentHealth {
  key: "Radio"
  value: 916
}
equipmentHealth {
  key: "Lidar"
  value: 1000
}
equipmentHealth {
  key: "Camera"
  value: 1000
}
equipmentHealth {
  key: "Spectrometer"
  value: 999
}
batteryLevel: 9830
moduleReporting: 3
notes: "This is rover Curiosity. Sending HeartBeat!"
location {
  x: 650
  y: 650
}

4857995 [pool-1-thread-4] INFO  space.exploration.mars.rover.diagnostics.Pacemaker  - SCET: 1495322626539
solNumber: 3
equipmentHealth {
  key: "Battery"
  value: 1000
}
equipmentHealth {
  key: "Radio"
  value: 915
}
equipmentHealth {
  key: "Lidar"
  value: 1000
}
equipmentHealth {
  key: "Camera"
  value: 1000
}
equipmentHealth {
  key: "Spectrometer"
  value: 999
}
batteryLevel: 9830
moduleReporting: 3
notes: "This is rover Curiosity. Sending HeartBeat!"
location {
  x: 650
  y: 650
}

4917995 [pool-1-thread-4] INFO  space.exploration.mars.rover.diagnostics.Pacemaker  - SCET: 1495322686540
solNumber: 3
equipmentHealth {
  key: "Battery"
  value: 1000
}
equipmentHealth {
  key: "Radio"
  value: 914
}
equipmentHealth {
  key: "Lidar"
  value: 1000
}
equipmentHealth {
  key: "Camera"
  value: 1000
}
equipmentHealth {
  key: "Spectrometer"
  value: 999
}
batteryLevel: 9830
moduleReporting: 3
notes: "This is rover Curiosity. Sending HeartBeat!"
location {
  x: 650
  y: 650
}

4977995 [pool-1-thread-4] INFO  space.exploration.mars.rover.diagnostics.Pacemaker  - SCET: 1495322746539
solNumber: 3
equipmentHealth {
  key: "Battery"
  value: 1000
}
equipmentHealth {
  key: "Radio"
  value: 913
}
equipmentHealth {
  key: "Lidar"
  value: 1000
}
equipmentHealth {
  key: "Camera"
  value: 1000
}
equipmentHealth {
  key: "Spectrometer"
  value: 999
}
batteryLevel: 9830
moduleReporting: 3
notes: "This is rover Curiosity. Sending HeartBeat!"
location {
  x: 650
  y: 650
}

5037995 [pool-1-thread-4] INFO  space.exploration.mars.rover.diagnostics.Pacemaker  - SCET: 1495322806540
solNumber: 3
equipmentHealth {
  key: "Battery"
  value: 1000
}
equipmentHealth {
  key: "Radio"
  value: 912
}
equipmentHealth {
  key: "Lidar"
  value: 1000
}
equipmentHealth {
  key: "Camera"
  value: 1000
}
equipmentHealth {
  key: "Spectrometer"
  value: 999
}
batteryLevel: 9830
moduleReporting: 3
notes: "This is rover Curiosity. Sending HeartBeat!"
location {
  x: 650
  y: 650
}

5097995 [pool-1-thread-4] INFO  space.exploration.mars.rover.diagnostics.Pacemaker  - SCET: 1495322866539
solNumber: 3
equipmentHealth {
  key: "Battery"
  value: 1000
}
equipmentHealth {
  key: "Radio"
  value: 911
}
equipmentHealth {
  key: "Lidar"
  value: 1000
}
equipmentHealth {
  key: "Camera"
  value: 1000
}
equipmentHealth {
  key: "Spectrometer"
  value: 999
}
batteryLevel: 9830
moduleReporting: 3
notes: "This is rover Curiosity. Sending HeartBeat!"
location {
  x: 650
  y: 650
}

5113701 [pool-1-thread-4] INFO  kafka.client.ClientUtils$  - Fetching metadata from broker BrokerEndPoint(0,localhost,9092) with correlation id 180 for 1 topic(s) Set(secure_com_to_earth_channel_3)
5113702 [pool-1-thread-4] INFO  kafka.producer.SyncProducer  - Connected to localhost:9092 for producing
5113705 [pool-1-thread-4] INFO  kafka.producer.SyncProducer  - Disconnecting from localhost:9092
5113706 [pool-1-thread-4] INFO  kafka.producer.SyncProducer  - Disconnecting from zionmainframe:9092
5113709 [pool-1-thread-4] INFO  kafka.producer.SyncProducer  - Connected to zionmainframe:9092 for producing
5157995 [pool-1-thread-4] INFO  space.exploration.mars.rover.diagnostics.Pacemaker  - SCET: 1495322926539
solNumber: 3
equipmentHealth {
  key: "Battery"
  value: 1000
}
equipmentHealth {
  key: "Radio"
  value: 910
}
equipmentHealth {
  key: "Lidar"
  value: 1000
}
equipmentHealth {
  key: "Camera"
  value: 1000
}
equipmentHealth {
  key: "Spectrometer"
  value: 999
}
batteryLevel: 9830
moduleReporting: 3
notes: "This is rover Curiosity. Sending HeartBeat!"
location {
  x: 650
  y: 650
}

5217995 [pool-1-thread-4] INFO  space.exploration.mars.rover.diagnostics.Pacemaker  - SCET: 1495322986540
solNumber: 3
equipmentHealth {
  key: "Battery"
  value: 1000
}
equipmentHealth {
  key: "Radio"
  value: 909
}
equipmentHealth {
  key: "Lidar"
  value: 1000
}
equipmentHealth {
  key: "Camera"
  value: 1000
}
equipmentHealth {
  key: "Spectrometer"
  value: 999
}
batteryLevel: 9830
moduleReporting: 3
notes: "This is rover Curiosity. Sending HeartBeat!"
location {
  x: 650
  y: 650
}

5277996 [pool-1-thread-4] INFO  space.exploration.mars.rover.diagnostics.Pacemaker  - SCET: 1495323046540
solNumber: 3
equipmentHealth {
  key: "Battery"
  value: 1000
}
equipmentHealth {
  key: "Radio"
  value: 908
}
equipmentHealth {
  key: "Lidar"
  value: 1000
}
equipmentHealth {
  key: "Camera"
  value: 1000
}
equipmentHealth {
  key: "Spectrometer"
  value: 999
}
batteryLevel: 9830
moduleReporting: 3
notes: "This is rover Curiosity. Sending HeartBeat!"
location {
  x: 650
  y: 650
}

5337996 [pool-1-thread-4] INFO  space.exploration.mars.rover.diagnostics.Pacemaker  - SCET: 1495323106540
solNumber: 3
equipmentHealth {
  key: "Battery"
  value: 1000
}
equipmentHealth {
  key: "Radio"
  value: 907
}
equipmentHealth {
  key: "Lidar"
  value: 1000
}
equipmentHealth {
  key: "Camera"
  value: 1000
}
equipmentHealth {
  key: "Spectrometer"
  value: 999
}
batteryLevel: 9830
moduleReporting: 3
notes: "This is rover Curiosity. Sending HeartBeat!"
location {
  x: 650
  y: 650
}

5397995 [pool-1-thread-4] INFO  space.exploration.mars.rover.diagnostics.Pacemaker  - SCET: 1495323166540
solNumber: 3
equipmentHealth {
  key: "Battery"
  value: 1000
}
equipmentHealth {
  key: "Radio"
  value: 906
}
equipmentHealth {
  key: "Lidar"
  value: 1000
}
equipmentHealth {
  key: "Camera"
  value: 1000
}
equipmentHealth {
  key: "Spectrometer"
  value: 999
}
batteryLevel: 9830
moduleReporting: 3
notes: "This is rover Curiosity. Sending HeartBeat!"
location {
  x: 650
  y: 650
}

5457995 [pool-1-thread-4] INFO  space.exploration.mars.rover.diagnostics.Pacemaker  - SCET: 1495323226540
solNumber: 3
equipmentHealth {
  key: "Battery"
  value: 1000
}
equipmentHealth {
  key: "Radio"
  value: 905
}
equipmentHealth {
  key: "Lidar"
  value: 1000
}
equipmentHealth {
  key: "Camera"
  value: 1000
}
equipmentHealth {
  key: "Spectrometer"
  value: 999
}
batteryLevel: 9830
moduleReporting: 3
notes: "This is rover Curiosity. Sending HeartBeat!"
location {
  x: 650
  y: 650
}

