2018-07-28 02:34:20,556 [samUrlExtractionTaskeid25035] ERROR space.exploration.mars.rover.service.calibration.spectrometer.sam.UrlExtractTask - SAM data unavailable for experiment id = eid25035
org.jsoup.HttpStatusException: HTTP error fetching URL. Status=404, URL=http://pds-geosciences.wustl.edu/msl/msl-m-sam-2-rdr-l0-v1/mslsam_1xxx/data/eid25035/level2
	at org.jsoup.helper.HttpConnection$Response.execute(HttpConnection.java:537)
	at org.jsoup.helper.HttpConnection$Response.execute(HttpConnection.java:493)
	at org.jsoup.helper.HttpConnection.execute(HttpConnection.java:205)
	at org.jsoup.helper.HttpConnection.get(HttpConnection.java:194)
	at space.exploration.mars.rover.service.calibration.spectrometer.sam.UrlExtractTask.getDataAvailability(UrlExtractTask.java:42)
	at space.exploration.mars.rover.service.calibration.spectrometer.sam.UrlExtractTask.call(UrlExtractTask.java:23)
	at space.exploration.mars.rover.service.calibration.spectrometer.sam.UrlExtractTask.call(UrlExtractTask.java:14)
	at java.util.concurrent.FutureTask.run$$$capture(FutureTask.java:266)
	at java.util.concurrent.FutureTask.run(FutureTask.java)
	at java.util.concurrent.ThreadPoolExecutor.runWorker(ThreadPoolExecutor.java:1149)
	at java.util.concurrent.ThreadPoolExecutor$Worker.run(ThreadPoolExecutor.java:624)
	at java.lang.Thread.run(Thread.java:748)
2018-07-28 02:34:20,556 [samUrlExtractionTaskeid25030] ERROR space.exploration.mars.rover.service.calibration.spectrometer.sam.UrlExtractTask - SAM data unavailable for experiment id = eid25030
org.jsoup.HttpStatusException: HTTP error fetching URL. Status=404, URL=http://pds-geosciences.wustl.edu/msl/msl-m-sam-2-rdr-l0-v1/mslsam_1xxx/data/eid25030/level2
	at org.jsoup.helper.HttpConnection$Response.execute(HttpConnection.java:537)
	at org.jsoup.helper.HttpConnection$Response.execute(HttpConnection.java:493)
	at org.jsoup.helper.HttpConnection.execute(HttpConnection.java:205)
	at org.jsoup.helper.HttpConnection.get(HttpConnection.java:194)
	at space.exploration.mars.rover.service.calibration.spectrometer.sam.UrlExtractTask.getDataAvailability(UrlExtractTask.java:42)
	at space.exploration.mars.rover.service.calibration.spectrometer.sam.UrlExtractTask.call(UrlExtractTask.java:23)
	at space.exploration.mars.rover.service.calibration.spectrometer.sam.UrlExtractTask.call(UrlExtractTask.java:14)
	at java.util.concurrent.FutureTask.run$$$capture(FutureTask.java:266)
	at java.util.concurrent.FutureTask.run(FutureTask.java)
	at java.util.concurrent.ThreadPoolExecutor.runWorker(ThreadPoolExecutor.java:1149)
	at java.util.concurrent.ThreadPoolExecutor$Worker.run(ThreadPoolExecutor.java:624)
	at java.lang.Thread.run(Thread.java:748)
2018-07-28 02:34:20,556 [samUrlExtractionTaskeid25042] ERROR space.exploration.mars.rover.service.calibration.spectrometer.sam.UrlExtractTask - SAM data unavailable for experiment id = eid25042
org.jsoup.HttpStatusException: HTTP error fetching URL. Status=404, URL=http://pds-geosciences.wustl.edu/msl/msl-m-sam-2-rdr-l0-v1/mslsam_1xxx/data/eid25042/level2
	at org.jsoup.helper.HttpConnection$Response.execute(HttpConnection.java:537)
	at org.jsoup.helper.HttpConnection$Response.execute(HttpConnection.java:493)
	at org.jsoup.helper.HttpConnection.execute(HttpConnection.java:205)
	at org.jsoup.helper.HttpConnection.get(HttpConnection.java:194)
	at space.exploration.mars.rover.service.calibration.spectrometer.sam.UrlExtractTask.getDataAvailability(UrlExtractTask.java:42)
	at space.exploration.mars.rover.service.calibration.spectrometer.sam.UrlExtractTask.call(UrlExtractTask.java:23)
	at space.exploration.mars.rover.service.calibration.spectrometer.sam.UrlExtractTask.call(UrlExtractTask.java:14)
	at java.util.concurrent.FutureTask.run$$$capture(FutureTask.java:266)
	at java.util.concurrent.FutureTask.run(FutureTask.java)
	at java.util.concurrent.ThreadPoolExecutor.runWorker(ThreadPoolExecutor.java:1149)
	at java.util.concurrent.ThreadPoolExecutor$Worker.run(ThreadPoolExecutor.java:624)
	at java.lang.Thread.run(Thread.java:748)
2018-07-28 02:34:20,556 [samUrlExtractionTaskeid25039] ERROR space.exploration.mars.rover.service.calibration.spectrometer.sam.UrlExtractTask - SAM data unavailable for experiment id = eid25039
org.jsoup.HttpStatusException: HTTP error fetching URL. Status=404, URL=http://pds-geosciences.wustl.edu/msl/msl-m-sam-2-rdr-l0-v1/mslsam_1xxx/data/eid25039/level2
	at org.jsoup.helper.HttpConnection$Response.execute(HttpConnection.java:537)
	at org.jsoup.helper.HttpConnection$Response.execute(HttpConnection.java:493)
	at org.jsoup.helper.HttpConnection.execute(HttpConnection.java:205)
	at org.jsoup.helper.HttpConnection.get(HttpConnection.java:194)
	at space.exploration.mars.rover.service.calibration.spectrometer.sam.UrlExtractTask.getDataAvailability(UrlExtractTask.java:42)
	at space.exploration.mars.rover.service.calibration.spectrometer.sam.UrlExtractTask.call(UrlExtractTask.java:23)
	at space.exploration.mars.rover.service.calibration.spectrometer.sam.UrlExtractTask.call(UrlExtractTask.java:14)
	at java.util.concurrent.FutureTask.run$$$capture(FutureTask.java:266)
	at java.util.concurrent.FutureTask.run(FutureTask.java)
	at java.util.concurrent.ThreadPoolExecutor.runWorker(ThreadPoolExecutor.java:1149)
	at java.util.concurrent.ThreadPoolExecutor$Worker.run(ThreadPoolExecutor.java:624)
	at java.lang.Thread.run(Thread.java:748)
2018-07-28 02:34:20,560 [samUrlExtractionTaskeid25046] ERROR space.exploration.mars.rover.service.calibration.spectrometer.sam.UrlExtractTask - SAM data unavailable for experiment id = eid25046
org.jsoup.HttpStatusException: HTTP error fetching URL. Status=404, URL=http://pds-geosciences.wustl.edu/msl/msl-m-sam-2-rdr-l0-v1/mslsam_1xxx/data/eid25046/level2
	at org.jsoup.helper.HttpConnection$Response.execute(HttpConnection.java:537)
	at org.jsoup.helper.HttpConnection$Response.execute(HttpConnection.java:493)
	at org.jsoup.helper.HttpConnection.execute(HttpConnection.java:205)
	at org.jsoup.helper.HttpConnection.get(HttpConnection.java:194)
	at space.exploration.mars.rover.service.calibration.spectrometer.sam.UrlExtractTask.getDataAvailability(UrlExtractTask.java:42)
	at space.exploration.mars.rover.service.calibration.spectrometer.sam.UrlExtractTask.call(UrlExtractTask.java:23)
	at space.exploration.mars.rover.service.calibration.spectrometer.sam.UrlExtractTask.call(UrlExtractTask.java:14)
	at java.util.concurrent.FutureTask.run$$$capture(FutureTask.java:266)
	at java.util.concurrent.FutureTask.run(FutureTask.java)
	at java.util.concurrent.ThreadPoolExecutor.runWorker(ThreadPoolExecutor.java:1149)
	at java.util.concurrent.ThreadPoolExecutor$Worker.run(ThreadPoolExecutor.java:624)
	at java.lang.Thread.run(Thread.java:748)
2018-07-28 02:34:20,560 [samUrlExtractionTaskeid25057] ERROR space.exploration.mars.rover.service.calibration.spectrometer.sam.UrlExtractTask - SAM data unavailable for experiment id = eid25057
org.jsoup.HttpStatusException: HTTP error fetching URL. Status=404, URL=http://pds-geosciences.wustl.edu/msl/msl-m-sam-2-rdr-l0-v1/mslsam_1xxx/data/eid25057/level2
	at org.jsoup.helper.HttpConnection$Response.execute(HttpConnection.java:537)
	at org.jsoup.helper.HttpConnection$Response.execute(HttpConnection.java:493)
	at org.jsoup.helper.HttpConnection.execute(HttpConnection.java:205)
	at org.jsoup.helper.HttpConnection.get(HttpConnection.java:194)
	at space.exploration.mars.rover.service.calibration.spectrometer.sam.UrlExtractTask.getDataAvailability(UrlExtractTask.java:42)
	at space.exploration.mars.rover.service.calibration.spectrometer.sam.UrlExtractTask.call(UrlExtractTask.java:23)
	at space.exploration.mars.rover.service.calibration.spectrometer.sam.UrlExtractTask.call(UrlExtractTask.java:14)
	at java.util.concurrent.FutureTask.run$$$capture(FutureTask.java:266)
	at java.util.concurrent.FutureTask.run(FutureTask.java)
	at java.util.concurrent.ThreadPoolExecutor.runWorker(ThreadPoolExecutor.java:1149)
	at java.util.concurrent.ThreadPoolExecutor$Worker.run(ThreadPoolExecutor.java:624)
	at java.lang.Thread.run(Thread.java:748)
2018-07-28 02:34:20,569 [samUrlExtractionTaskeid25062] ERROR space.exploration.mars.rover.service.calibration.spectrometer.sam.UrlExtractTask - SAM data unavailable for experiment id = eid25062
org.jsoup.HttpStatusException: HTTP error fetching URL. Status=404, URL=http://pds-geosciences.wustl.edu/msl/msl-m-sam-2-rdr-l0-v1/mslsam_1xxx/data/eid25062/level2
	at org.jsoup.helper.HttpConnection$Response.execute(HttpConnection.java:537)
	at org.jsoup.helper.HttpConnection$Response.execute(HttpConnection.java:493)
	at org.jsoup.helper.HttpConnection.execute(HttpConnection.java:205)
	at org.jsoup.helper.HttpConnection.get(HttpConnection.java:194)
	at space.exploration.mars.rover.service.calibration.spectrometer.sam.UrlExtractTask.getDataAvailability(UrlExtractTask.java:42)
	at space.exploration.mars.rover.service.calibration.spectrometer.sam.UrlExtractTask.call(UrlExtractTask.java:23)
	at space.exploration.mars.rover.service.calibration.spectrometer.sam.UrlExtractTask.call(UrlExtractTask.java:14)
	at java.util.concurrent.FutureTask.run$$$capture(FutureTask.java:266)
	at java.util.concurrent.FutureTask.run(FutureTask.java)
	at java.util.concurrent.ThreadPoolExecutor.runWorker(ThreadPoolExecutor.java:1149)
	at java.util.concurrent.ThreadPoolExecutor$Worker.run(ThreadPoolExecutor.java:624)
	at java.lang.Thread.run(Thread.java:748)
2018-07-28 02:34:20,573 [samUrlExtractionTaskeid25065] ERROR space.exploration.mars.rover.service.calibration.spectrometer.sam.UrlExtractTask - SAM data unavailable for experiment id = eid25065
org.jsoup.HttpStatusException: HTTP error fetching URL. Status=404, URL=http://pds-geosciences.wustl.edu/msl/msl-m-sam-2-rdr-l0-v1/mslsam_1xxx/data/eid25065/level2
	at org.jsoup.helper.HttpConnection$Response.execute(HttpConnection.java:537)
	at org.jsoup.helper.HttpConnection$Response.execute(HttpConnection.java:493)
	at org.jsoup.helper.HttpConnection.execute(HttpConnection.java:205)
	at org.jsoup.helper.HttpConnection.get(HttpConnection.java:194)
	at space.exploration.mars.rover.service.calibration.spectrometer.sam.UrlExtractTask.getDataAvailability(UrlExtractTask.java:42)
	at space.exploration.mars.rover.service.calibration.spectrometer.sam.UrlExtractTask.call(UrlExtractTask.java:23)
	at space.exploration.mars.rover.service.calibration.spectrometer.sam.UrlExtractTask.call(UrlExtractTask.java:14)
	at java.util.concurrent.FutureTask.run$$$capture(FutureTask.java:266)
	at java.util.concurrent.FutureTask.run(FutureTask.java)
	at java.util.concurrent.ThreadPoolExecutor.runWorker(ThreadPoolExecutor.java:1149)
	at java.util.concurrent.ThreadPoolExecutor$Worker.run(ThreadPoolExecutor.java:624)
	at java.lang.Thread.run(Thread.java:748)
2018-07-28 02:34:20,575 [samUrlExtractionTaskeid25075] ERROR space.exploration.mars.rover.service.calibration.spectrometer.sam.UrlExtractTask - SAM data unavailable for experiment id = eid25075
org.jsoup.HttpStatusException: HTTP error fetching URL. Status=404, URL=http://pds-geosciences.wustl.edu/msl/msl-m-sam-2-rdr-l0-v1/mslsam_1xxx/data/eid25075/level2
	at org.jsoup.helper.HttpConnection$Response.execute(HttpConnection.java:537)
	at org.jsoup.helper.HttpConnection$Response.execute(HttpConnection.java:493)
	at org.jsoup.helper.HttpConnection.execute(HttpConnection.java:205)
	at org.jsoup.helper.HttpConnection.get(HttpConnection.java:194)
	at space.exploration.mars.rover.service.calibration.spectrometer.sam.UrlExtractTask.getDataAvailability(UrlExtractTask.java:42)
	at space.exploration.mars.rover.service.calibration.spectrometer.sam.UrlExtractTask.call(UrlExtractTask.java:23)
	at space.exploration.mars.rover.service.calibration.spectrometer.sam.UrlExtractTask.call(UrlExtractTask.java:14)
	at java.util.concurrent.FutureTask.run$$$capture(FutureTask.java:266)
	at java.util.concurrent.FutureTask.run(FutureTask.java)
	at java.util.concurrent.ThreadPoolExecutor.runWorker(ThreadPoolExecutor.java:1149)
	at java.util.concurrent.ThreadPoolExecutor$Worker.run(ThreadPoolExecutor.java:624)
	at java.lang.Thread.run(Thread.java:748)
2018-07-28 02:34:20,576 [samUrlExtractionTaskeid25070] ERROR space.exploration.mars.rover.service.calibration.spectrometer.sam.UrlExtractTask - SAM data unavailable for experiment id = eid25070
org.jsoup.HttpStatusException: HTTP error fetching URL. Status=404, URL=http://pds-geosciences.wustl.edu/msl/msl-m-sam-2-rdr-l0-v1/mslsam_1xxx/data/eid25070/level2
	at org.jsoup.helper.HttpConnection$Response.execute(HttpConnection.java:537)
	at org.jsoup.helper.HttpConnection$Response.execute(HttpConnection.java:493)
	at org.jsoup.helper.HttpConnection.execute(HttpConnection.java:205)
	at org.jsoup.helper.HttpConnection.get(HttpConnection.java:194)
	at space.exploration.mars.rover.service.calibration.spectrometer.sam.UrlExtractTask.getDataAvailability(UrlExtractTask.java:42)
	at space.exploration.mars.rover.service.calibration.spectrometer.sam.UrlExtractTask.call(UrlExtractTask.java:23)
	at space.exploration.mars.rover.service.calibration.spectrometer.sam.UrlExtractTask.call(UrlExtractTask.java:14)
	at java.util.concurrent.FutureTask.run$$$capture(FutureTask.java:266)
	at java.util.concurrent.FutureTask.run(FutureTask.java)
	at java.util.concurrent.ThreadPoolExecutor.runWorker(ThreadPoolExecutor.java:1149)
	at java.util.concurrent.ThreadPoolExecutor$Worker.run(ThreadPoolExecutor.java:624)
	at java.lang.Thread.run(Thread.java:748)
2018-07-28 02:34:20,590 [samUrlExtractionTaskeid25081] ERROR space.exploration.mars.rover.service.calibration.spectrometer.sam.UrlExtractTask - SAM data unavailable for experiment id = eid25081
org.jsoup.HttpStatusException: HTTP error fetching URL. Status=404, URL=http://pds-geosciences.wustl.edu/msl/msl-m-sam-2-rdr-l0-v1/mslsam_1xxx/data/eid25081/level2
	at org.jsoup.helper.HttpConnection$Response.execute(HttpConnection.java:537)
	at org.jsoup.helper.HttpConnection$Response.execute(HttpConnection.java:493)
	at org.jsoup.helper.HttpConnection.execute(HttpConnection.java:205)
	at org.jsoup.helper.HttpConnection.get(HttpConnection.java:194)
	at space.exploration.mars.rover.service.calibration.spectrometer.sam.UrlExtractTask.getDataAvailability(UrlExtractTask.java:42)
	at space.exploration.mars.rover.service.calibration.spectrometer.sam.UrlExtractTask.call(UrlExtractTask.java:23)
	at space.exploration.mars.rover.service.calibration.spectrometer.sam.UrlExtractTask.call(UrlExtractTask.java:14)
	at java.util.concurrent.FutureTask.run$$$capture(FutureTask.java:266)
	at java.util.concurrent.FutureTask.run(FutureTask.java)
	at java.util.concurrent.ThreadPoolExecutor.runWorker(ThreadPoolExecutor.java:1149)
	at java.util.concurrent.ThreadPoolExecutor$Worker.run(ThreadPoolExecutor.java:624)
	at java.lang.Thread.run(Thread.java:748)
2018-07-28 02:34:20,594 [samUrlExtractionTaskeid25084] ERROR space.exploration.mars.rover.service.calibration.spectrometer.sam.UrlExtractTask - SAM data unavailable for experiment id = eid25084
org.jsoup.HttpStatusException: HTTP error fetching URL. Status=404, URL=http://pds-geosciences.wustl.edu/msl/msl-m-sam-2-rdr-l0-v1/mslsam_1xxx/data/eid25084/level2
	at org.jsoup.helper.HttpConnection$Response.execute(HttpConnection.java:537)
	at org.jsoup.helper.HttpConnection$Response.execute(HttpConnection.java:493)
	at org.jsoup.helper.HttpConnection.execute(HttpConnection.java:205)
	at org.jsoup.helper.HttpConnection.get(HttpConnection.java:194)
	at space.exploration.mars.rover.service.calibration.spectrometer.sam.UrlExtractTask.getDataAvailability(UrlExtractTask.java:42)
	at space.exploration.mars.rover.service.calibration.spectrometer.sam.UrlExtractTask.call(UrlExtractTask.java:23)
	at space.exploration.mars.rover.service.calibration.spectrometer.sam.UrlExtractTask.call(UrlExtractTask.java:14)
	at java.util.concurrent.FutureTask.run$$$capture(FutureTask.java:266)
	at java.util.concurrent.FutureTask.run(FutureTask.java)
	at java.util.concurrent.ThreadPoolExecutor.runWorker(ThreadPoolExecutor.java:1149)
	at java.util.concurrent.ThreadPoolExecutor$Worker.run(ThreadPoolExecutor.java:624)
	at java.lang.Thread.run(Thread.java:748)
2018-07-28 02:34:20,602 [samUrlExtractionTaskeid25085] ERROR space.exploration.mars.rover.service.calibration.spectrometer.sam.UrlExtractTask - SAM data unavailable for experiment id = eid25085
org.jsoup.HttpStatusException: HTTP error fetching URL. Status=404, URL=http://pds-geosciences.wustl.edu/msl/msl-m-sam-2-rdr-l0-v1/mslsam_1xxx/data/eid25085/level2
	at org.jsoup.helper.HttpConnection$Response.execute(HttpConnection.java:537)
	at org.jsoup.helper.HttpConnection$Response.execute(HttpConnection.java:493)
	at org.jsoup.helper.HttpConnection.execute(HttpConnection.java:205)
	at org.jsoup.helper.HttpConnection.get(HttpConnection.java:194)
	at space.exploration.mars.rover.service.calibration.spectrometer.sam.UrlExtractTask.getDataAvailability(UrlExtractTask.java:42)
	at space.exploration.mars.rover.service.calibration.spectrometer.sam.UrlExtractTask.call(UrlExtractTask.java:23)
	at space.exploration.mars.rover.service.calibration.spectrometer.sam.UrlExtractTask.call(UrlExtractTask.java:14)
	at java.util.concurrent.FutureTask.run$$$capture(FutureTask.java:266)
	at java.util.concurrent.FutureTask.run(FutureTask.java)
	at java.util.concurrent.ThreadPoolExecutor.runWorker(ThreadPoolExecutor.java:1149)
	at java.util.concurrent.ThreadPoolExecutor$Worker.run(ThreadPoolExecutor.java:624)
	at java.lang.Thread.run(Thread.java:748)
2018-07-28 02:34:20,610 [samUrlExtractionTaskeid25089] ERROR space.exploration.mars.rover.service.calibration.spectrometer.sam.UrlExtractTask - SAM data unavailable for experiment id = eid25089
org.jsoup.HttpStatusException: HTTP error fetching URL. Status=404, URL=http://pds-geosciences.wustl.edu/msl/msl-m-sam-2-rdr-l0-v1/mslsam_1xxx/data/eid25089/level2
	at org.jsoup.helper.HttpConnection$Response.execute(HttpConnection.java:537)
	at org.jsoup.helper.HttpConnection$Response.execute(HttpConnection.java:493)
	at org.jsoup.helper.HttpConnection.execute(HttpConnection.java:205)
	at org.jsoup.helper.HttpConnection.get(HttpConnection.java:194)
	at space.exploration.mars.rover.service.calibration.spectrometer.sam.UrlExtractTask.getDataAvailability(UrlExtractTask.java:42)
	at space.exploration.mars.rover.service.calibration.spectrometer.sam.UrlExtractTask.call(UrlExtractTask.java:23)
	at space.exploration.mars.rover.service.calibration.spectrometer.sam.UrlExtractTask.call(UrlExtractTask.java:14)
	at java.util.concurrent.FutureTask.run$$$capture(FutureTask.java:266)
	at java.util.concurrent.FutureTask.run(FutureTask.java)
	at java.util.concurrent.ThreadPoolExecutor.runWorker(ThreadPoolExecutor.java:1149)
	at java.util.concurrent.ThreadPoolExecutor$Worker.run(ThreadPoolExecutor.java:624)
	at java.lang.Thread.run(Thread.java:748)
2018-07-28 02:34:20,611 [samUrlExtractionTaskeid25088] ERROR space.exploration.mars.rover.service.calibration.spectrometer.sam.UrlExtractTask - SAM data unavailable for experiment id = eid25088
org.jsoup.HttpStatusException: HTTP error fetching URL. Status=404, URL=http://pds-geosciences.wustl.edu/msl/msl-m-sam-2-rdr-l0-v1/mslsam_1xxx/data/eid25088/level2
	at org.jsoup.helper.HttpConnection$Response.execute(HttpConnection.java:537)
	at org.jsoup.helper.HttpConnection$Response.execute(HttpConnection.java:493)
	at org.jsoup.helper.HttpConnection.execute(HttpConnection.java:205)
	at org.jsoup.helper.HttpConnection.get(HttpConnection.java:194)
	at space.exploration.mars.rover.service.calibration.spectrometer.sam.UrlExtractTask.getDataAvailability(UrlExtractTask.java:42)
	at space.exploration.mars.rover.service.calibration.spectrometer.sam.UrlExtractTask.call(UrlExtractTask.java:23)
	at space.exploration.mars.rover.service.calibration.spectrometer.sam.UrlExtractTask.call(UrlExtractTask.java:14)
	at java.util.concurrent.FutureTask.run$$$capture(FutureTask.java:266)
	at java.util.concurrent.FutureTask.run(FutureTask.java)
	at java.util.concurrent.ThreadPoolExecutor.runWorker(ThreadPoolExecutor.java:1149)
	at java.util.concurrent.ThreadPoolExecutor$Worker.run(ThreadPoolExecutor.java:624)
	at java.lang.Thread.run(Thread.java:748)
2018-07-28 02:34:20,620 [samUrlExtractionTaskeid25095] ERROR space.exploration.mars.rover.service.calibration.spectrometer.sam.UrlExtractTask - SAM data unavailable for experiment id = eid25095
org.jsoup.HttpStatusException: HTTP error fetching URL. Status=404, URL=http://pds-geosciences.wustl.edu/msl/msl-m-sam-2-rdr-l0-v1/mslsam_1xxx/data/eid25095/level2
	at org.jsoup.helper.HttpConnection$Response.execute(HttpConnection.java:537)
	at org.jsoup.helper.HttpConnection$Response.execute(HttpConnection.java:493)
	at org.jsoup.helper.HttpConnection.execute(HttpConnection.java:205)
	at org.jsoup.helper.HttpConnection.get(HttpConnection.java:194)
	at space.exploration.mars.rover.service.calibration.spectrometer.sam.UrlExtractTask.getDataAvailability(UrlExtractTask.java:42)
	at space.exploration.mars.rover.service.calibration.spectrometer.sam.UrlExtractTask.call(UrlExtractTask.java:23)
	at space.exploration.mars.rover.service.calibration.spectrometer.sam.UrlExtractTask.call(UrlExtractTask.java:14)
	at java.util.concurrent.FutureTask.run$$$capture(FutureTask.java:266)
	at java.util.concurrent.FutureTask.run(FutureTask.java)
	at java.util.concurrent.ThreadPoolExecutor.runWorker(ThreadPoolExecutor.java:1149)
	at java.util.concurrent.ThreadPoolExecutor$Worker.run(ThreadPoolExecutor.java:624)
	at java.lang.Thread.run(Thread.java:748)
2018-07-28 02:34:20,625 [samUrlExtractionTaskeid25092] ERROR space.exploration.mars.rover.service.calibration.spectrometer.sam.UrlExtractTask - SAM data unavailable for experiment id = eid25092
org.jsoup.HttpStatusException: HTTP error fetching URL. Status=404, URL=http://pds-geosciences.wustl.edu/msl/msl-m-sam-2-rdr-l0-v1/mslsam_1xxx/data/eid25092/level2
	at org.jsoup.helper.HttpConnection$Response.execute(HttpConnection.java:537)
	at org.jsoup.helper.HttpConnection$Response.execute(HttpConnection.java:493)
	at org.jsoup.helper.HttpConnection.execute(HttpConnection.java:205)
	at org.jsoup.helper.HttpConnection.get(HttpConnection.java:194)
	at space.exploration.mars.rover.service.calibration.spectrometer.sam.UrlExtractTask.getDataAvailability(UrlExtractTask.java:42)
	at space.exploration.mars.rover.service.calibration.spectrometer.sam.UrlExtractTask.call(UrlExtractTask.java:23)
	at space.exploration.mars.rover.service.calibration.spectrometer.sam.UrlExtractTask.call(UrlExtractTask.java:14)
	at java.util.concurrent.FutureTask.run$$$capture(FutureTask.java:266)
	at java.util.concurrent.FutureTask.run(FutureTask.java)
	at java.util.concurrent.ThreadPoolExecutor.runWorker(ThreadPoolExecutor.java:1149)
	at java.util.concurrent.ThreadPoolExecutor$Worker.run(ThreadPoolExecutor.java:624)
	at java.lang.Thread.run(Thread.java:748)
2018-07-28 02:34:20,645 [samUrlExtractionTaskeid25106] ERROR space.exploration.mars.rover.service.calibration.spectrometer.sam.UrlExtractTask - SAM data unavailable for experiment id = eid25106
org.jsoup.HttpStatusException: HTTP error fetching URL. Status=404, URL=http://pds-geosciences.wustl.edu/msl/msl-m-sam-2-rdr-l0-v1/mslsam_1xxx/data/eid25106/level2
	at org.jsoup.helper.HttpConnection$Response.execute(HttpConnection.java:537)
	at org.jsoup.helper.HttpConnection$Response.execute(HttpConnection.java:493)
	at org.jsoup.helper.HttpConnection.execute(HttpConnection.java:205)
	at org.jsoup.helper.HttpConnection.get(HttpConnection.java:194)
	at space.exploration.mars.rover.service.calibration.spectrometer.sam.UrlExtractTask.getDataAvailability(UrlExtractTask.java:42)
	at space.exploration.mars.rover.service.calibration.spectrometer.sam.UrlExtractTask.call(UrlExtractTask.java:23)
	at space.exploration.mars.rover.service.calibration.spectrometer.sam.UrlExtractTask.call(UrlExtractTask.java:14)
	at java.util.concurrent.FutureTask.run$$$capture(FutureTask.java:266)
	at java.util.concurrent.FutureTask.run(FutureTask.java)
	at java.util.concurrent.ThreadPoolExecutor.runWorker(ThreadPoolExecutor.java:1149)
	at java.util.concurrent.ThreadPoolExecutor$Worker.run(ThreadPoolExecutor.java:624)
	at java.lang.Thread.run(Thread.java:748)
2018-07-28 02:34:20,653 [samUrlExtractionTaskeid25111] ERROR space.exploration.mars.rover.service.calibration.spectrometer.sam.UrlExtractTask - SAM data unavailable for experiment id = eid25111
org.jsoup.HttpStatusException: HTTP error fetching URL. Status=404, URL=http://pds-geosciences.wustl.edu/msl/msl-m-sam-2-rdr-l0-v1/mslsam_1xxx/data/eid25111/level2
	at org.jsoup.helper.HttpConnection$Response.execute(HttpConnection.java:537)
	at org.jsoup.helper.HttpConnection$Response.execute(HttpConnection.java:493)
	at org.jsoup.helper.HttpConnection.execute(HttpConnection.java:205)
	at org.jsoup.helper.HttpConnection.get(HttpConnection.java:194)
	at space.exploration.mars.rover.service.calibration.spectrometer.sam.UrlExtractTask.getDataAvailability(UrlExtractTask.java:42)
	at space.exploration.mars.rover.service.calibration.spectrometer.sam.UrlExtractTask.call(UrlExtractTask.java:23)
	at space.exploration.mars.rover.service.calibration.spectrometer.sam.UrlExtractTask.call(UrlExtractTask.java:14)
	at java.util.concurrent.FutureTask.run$$$capture(FutureTask.java:266)
	at java.util.concurrent.FutureTask.run(FutureTask.java)
	at java.util.concurrent.ThreadPoolExecutor.runWorker(ThreadPoolExecutor.java:1149)
	at java.util.concurrent.ThreadPoolExecutor$Worker.run(ThreadPoolExecutor.java:624)
	at java.lang.Thread.run(Thread.java:748)
2018-07-28 02:34:20,660 [samUrlExtractionTaskeid25117] ERROR space.exploration.mars.rover.service.calibration.spectrometer.sam.UrlExtractTask - SAM data unavailable for experiment id = eid25117
org.jsoup.HttpStatusException: HTTP error fetching URL. Status=404, URL=http://pds-geosciences.wustl.edu/msl/msl-m-sam-2-rdr-l0-v1/mslsam_1xxx/data/eid25117/level2
	at org.jsoup.helper.HttpConnection$Response.execute(HttpConnection.java:537)
	at org.jsoup.helper.HttpConnection$Response.execute(HttpConnection.java:493)
	at org.jsoup.helper.HttpConnection.execute(HttpConnection.java:205)
	at org.jsoup.helper.HttpConnection.get(HttpConnection.java:194)
	at space.exploration.mars.rover.service.calibration.spectrometer.sam.UrlExtractTask.getDataAvailability(UrlExtractTask.java:42)
	at space.exploration.mars.rover.service.calibration.spectrometer.sam.UrlExtractTask.call(UrlExtractTask.java:23)
	at space.exploration.mars.rover.service.calibration.spectrometer.sam.UrlExtractTask.call(UrlExtractTask.java:14)
	at java.util.concurrent.FutureTask.run$$$capture(FutureTask.java:266)
	at java.util.concurrent.FutureTask.run(FutureTask.java)
	at java.util.concurrent.ThreadPoolExecutor.runWorker(ThreadPoolExecutor.java:1149)
	at java.util.concurrent.ThreadPoolExecutor$Worker.run(ThreadPoolExecutor.java:624)
	at java.lang.Thread.run(Thread.java:748)
2018-07-28 02:34:20,661 [samUrlExtractionTaskeid25113] ERROR space.exploration.mars.rover.service.calibration.spectrometer.sam.UrlExtractTask - SAM data unavailable for experiment id = eid25113
org.jsoup.HttpStatusException: HTTP error fetching URL. Status=404, URL=http://pds-geosciences.wustl.edu/msl/msl-m-sam-2-rdr-l0-v1/mslsam_1xxx/data/eid25113/level2
	at org.jsoup.helper.HttpConnection$Response.execute(HttpConnection.java:537)
	at org.jsoup.helper.HttpConnection$Response.execute(HttpConnection.java:493)
	at org.jsoup.helper.HttpConnection.execute(HttpConnection.java:205)
	at org.jsoup.helper.HttpConnection.get(HttpConnection.java:194)
	at space.exploration.mars.rover.service.calibration.spectrometer.sam.UrlExtractTask.getDataAvailability(UrlExtractTask.java:42)
	at space.exploration.mars.rover.service.calibration.spectrometer.sam.UrlExtractTask.call(UrlExtractTask.java:23)
	at space.exploration.mars.rover.service.calibration.spectrometer.sam.UrlExtractTask.call(UrlExtractTask.java:14)
	at java.util.concurrent.FutureTask.run$$$capture(FutureTask.java:266)
	at java.util.concurrent.FutureTask.run(FutureTask.java)
	at java.util.concurrent.ThreadPoolExecutor.runWorker(ThreadPoolExecutor.java:1149)
	at java.util.concurrent.ThreadPoolExecutor$Worker.run(ThreadPoolExecutor.java:624)
	at java.lang.Thread.run(Thread.java:748)
2018-07-28 02:34:20,677 [samUrlExtractionTaskeid25120] ERROR space.exploration.mars.rover.service.calibration.spectrometer.sam.UrlExtractTask - SAM data unavailable for experiment id = eid25120
org.jsoup.HttpStatusException: HTTP error fetching URL. Status=404, URL=http://pds-geosciences.wustl.edu/msl/msl-m-sam-2-rdr-l0-v1/mslsam_1xxx/data/eid25120/level2
	at org.jsoup.helper.HttpConnection$Response.execute(HttpConnection.java:537)
	at org.jsoup.helper.HttpConnection$Response.execute(HttpConnection.java:493)
	at org.jsoup.helper.HttpConnection.execute(HttpConnection.java:205)
	at org.jsoup.helper.HttpConnection.get(HttpConnection.java:194)
	at space.exploration.mars.rover.service.calibration.spectrometer.sam.UrlExtractTask.getDataAvailability(UrlExtractTask.java:42)
	at space.exploration.mars.rover.service.calibration.spectrometer.sam.UrlExtractTask.call(UrlExtractTask.java:23)
	at space.exploration.mars.rover.service.calibration.spectrometer.sam.UrlExtractTask.call(UrlExtractTask.java:14)
	at java.util.concurrent.FutureTask.run$$$capture(FutureTask.java:266)
	at java.util.concurrent.FutureTask.run(FutureTask.java)
	at java.util.concurrent.ThreadPoolExecutor.runWorker(ThreadPoolExecutor.java:1149)
	at java.util.concurrent.ThreadPoolExecutor$Worker.run(ThreadPoolExecutor.java:624)
	at java.lang.Thread.run(Thread.java:748)
2018-07-28 02:34:20,682 [samUrlExtractionTaskeid25150] ERROR space.exploration.mars.rover.service.calibration.spectrometer.sam.UrlExtractTask - SAM data unavailable for experiment id = eid25150
org.jsoup.HttpStatusException: HTTP error fetching URL. Status=404, URL=http://pds-geosciences.wustl.edu/msl/msl-m-sam-2-rdr-l0-v1/mslsam_1xxx/data/eid25150/level2
	at org.jsoup.helper.HttpConnection$Response.execute(HttpConnection.java:537)
	at org.jsoup.helper.HttpConnection$Response.execute(HttpConnection.java:493)
	at org.jsoup.helper.HttpConnection.execute(HttpConnection.java:205)
	at org.jsoup.helper.HttpConnection.get(HttpConnection.java:194)
	at space.exploration.mars.rover.service.calibration.spectrometer.sam.UrlExtractTask.getDataAvailability(UrlExtractTask.java:42)
	at space.exploration.mars.rover.service.calibration.spectrometer.sam.UrlExtractTask.call(UrlExtractTask.java:23)
	at space.exploration.mars.rover.service.calibration.spectrometer.sam.UrlExtractTask.call(UrlExtractTask.java:14)
	at java.util.concurrent.FutureTask.run$$$capture(FutureTask.java:266)
	at java.util.concurrent.FutureTask.run(FutureTask.java)
	at java.util.concurrent.ThreadPoolExecutor.runWorker(ThreadPoolExecutor.java:1149)
	at java.util.concurrent.ThreadPoolExecutor$Worker.run(ThreadPoolExecutor.java:624)
	at java.lang.Thread.run(Thread.java:748)
2018-07-28 02:35:07,806 [main] ERROR space.exploration.mars.rover.sensor.SamSensor - SamSensor calibration encountered error
java.lang.NullPointerException
	at space.exploration.mars.rover.sensor.SamSensor.<init>(SamSensor.java:45)
	at space.exploration.mars.rover.service.calibration.spectrometer.sam.SamCalibrationUtil.main(SamCalibrationUtil.java:41)
