2017-12-20 22:04:23,643 [main] INFO space.exploration.mars.rover.kernel.SpacecraftClock  - Valid utc time ranges are dictated by clockService as follows:
2017-12-20 22:04:23,643 [main] INFO space.exploration.mars.rover.kernel.SpacecraftClock  - APPLICABLE_START_TIME=2000-001T11:58:55.816, APPLICABLE_STOP_TIME=2017-360T19:17:40.149
2017-12-20 22:04:23,643 [main] INFO space.exploration.mars.rover.kernel.SpacecraftClock  - Given UTC = 2016-05-20~04:22:00
2017-12-20 22:04:23,643 [main] INFO space.exploration.mars.rover.kernel.SpacecraftClock  - Please ensure that positionSensor and sclk are synchronized
2017-12-20 22:04:23,643 [main] INFO space.exploration.mars.rover.kernel.SpacecraftClock  - Curiosity internal spacecraft clock started at :: 2016-05-20T09:22:00.000Z
2017-12-20 22:04:23,643 [main] INFO space.exploration.mars.rover.kernel.SpacecraftClock  - Mission duration is set to :: 1 year(s).
2017-12-20 22:04:23,644 [main] INFO space.exploration.mars.rover.kernel.SpacecraftClock  - Mission duration = 31536000000
2017-12-20 22:04:23,644 [main] INFO space.exploration.mars.rover.kernel.SpacecraftClock  - Internal time::2016-05-20T09:22:00.000Z sclk of::
2017-12-20 22:04:24,644 [main] INFO space.exploration.mars.rover.kernel.SpacecraftClock  - Internal time::2016-05-20T04:24:00.000-05:00 sclk of::1/01346:14:05:09:51033
2017-12-20 22:04:25,645 [main] INFO space.exploration.mars.rover.kernel.SpacecraftClock  - Internal time::2016-05-20T04:25:00.000-05:00 sclk of::1/01346:14:06:07:90499
2017-12-20 22:04:26,646 [main] INFO space.exploration.mars.rover.kernel.SpacecraftClock  - Internal time::2016-05-20T04:26:00.000-05:00 sclk of::1/01346:14:07:06:29965
2017-12-20 22:04:27,647 [main] INFO space.exploration.mars.rover.kernel.SpacecraftClock  - Internal time::2016-05-20T04:27:00.000-05:00 sclk of::1/01346:14:08:04:69430
2017-12-20 22:04:28,648 [main] INFO space.exploration.mars.rover.kernel.SpacecraftClock  - Internal time::2016-05-20T04:28:00.000-05:00 sclk of::1/01346:14:09:03:08896
2017-12-20 22:04:29,649 [main] INFO space.exploration.mars.rover.kernel.SpacecraftClock  - Internal time::2016-05-20T04:29:00.000-05:00 sclk of::1/01346:14:10:01:48362
2017-12-20 22:04:30,650 [main] INFO space.exploration.mars.rover.kernel.SpacecraftClock  - Internal time::2016-05-20T04:30:00.000-05:00 sclk of::1/01346:14:10:59:87828
2017-12-20 22:04:31,650 [main] INFO space.exploration.mars.rover.kernel.SpacecraftClock  - Internal time::2016-05-20T04:31:00.000-05:00 sclk of::1/01346:14:11:58:27294
2017-12-20 22:04:32,651 [main] INFO space.exploration.mars.rover.kernel.SpacecraftClock  - Internal time::2016-05-20T04:32:00.000-05:00 sclk of::1/01346:14:12:56:66759
2017-12-20 22:04:33,651 [main] INFO space.exploration.mars.rover.kernel.SpacecraftClock  - Internal time::2016-05-20T04:33:00.000-05:00 sclk of::1/01346:14:13:55:06225
2017-12-20 22:04:33,661 [main] INFO space.exploration.mars.rover.kernel.SpacecraftClock  - Internal time::2016-05-20T04:33:00.000-05:00 sclk of::1/01346:14:13:55:06225
2017-12-20 22:04:34,706 [main] INFO space.exploration.mars.rover.kernel.SpacecraftClock  - Valid utc time ranges are dictated by clockService as follows:
2017-12-20 22:04:34,706 [main] INFO space.exploration.mars.rover.kernel.SpacecraftClock  - APPLICABLE_START_TIME=2000-001T11:58:55.816, APPLICABLE_STOP_TIME=2017-360T19:17:40.149
2017-12-20 22:04:34,707 [main] INFO space.exploration.mars.rover.kernel.SpacecraftClock  - Given UTC = 2016-05-20~04:22:00
2017-12-20 22:04:34,707 [main] INFO space.exploration.mars.rover.kernel.SpacecraftClock  - Please ensure that positionSensor and sclk are synchronized
2017-12-20 22:04:34,707 [main] INFO space.exploration.mars.rover.kernel.SpacecraftClock  - Curiosity internal spacecraft clock started at :: 2016-05-20T09:22:00.000Z
2017-12-20 22:04:34,707 [main] INFO space.exploration.mars.rover.kernel.SpacecraftClock  - Mission duration is set to :: 1 year(s).
2017-12-20 22:04:34,707 [main] INFO space.exploration.mars.rover.kernel.SpacecraftClock  - Mission duration = 31536000000
2017-12-20 22:04:34,708 [main] INFO space.exploration.mars.rover.kernel.SpacecraftClock  - Internal time::2016-05-20T09:22:00.000Z sclk of::
2017-12-20 22:04:35,738 [main] INFO space.exploration.mars.rover.kernel.SpacecraftClock  - Valid utc time ranges are dictated by clockService as follows:
2017-12-20 22:04:35,738 [main] INFO space.exploration.mars.rover.kernel.SpacecraftClock  - APPLICABLE_START_TIME=2000-001T11:58:55.816, APPLICABLE_STOP_TIME=2017-360T19:17:40.149
2017-12-20 22:04:35,738 [main] INFO space.exploration.mars.rover.kernel.SpacecraftClock  - Given UTC = 2016-05-20~04:22:00
2017-12-20 22:04:35,738 [main] INFO space.exploration.mars.rover.kernel.SpacecraftClock  - Please ensure that positionSensor and sclk are synchronized
2017-12-20 22:04:35,739 [main] INFO space.exploration.mars.rover.kernel.SpacecraftClock  - Curiosity internal spacecraft clock started at :: 2016-05-20T09:22:00.000Z
2017-12-20 22:04:35,739 [main] INFO space.exploration.mars.rover.kernel.SpacecraftClock  - Mission duration is set to :: 1 year(s).
2017-12-20 22:04:35,739 [main] INFO space.exploration.mars.rover.kernel.SpacecraftClock  - Mission duration = 31536000000
2017-12-20 22:04:35,739 [main] INFO space.exploration.mars.rover.kernel.SpacecraftClock  - UTCTime = 2016-05-05~12:00:00
2017-12-20 22:04:35,740 [main] INFO space.exploration.mars.rover.kernel.SpacecraftClock  - Valid utc time ranges are dictated by clockService as follows:
2017-12-20 22:04:35,740 [main] INFO space.exploration.mars.rover.kernel.SpacecraftClock  - APPLICABLE_START_TIME=2000-001T11:58:55.816, APPLICABLE_STOP_TIME=2017-360T19:17:40.149
2017-12-20 22:04:35,740 [main] INFO space.exploration.mars.rover.kernel.SpacecraftClock  - Given UTC = 2016-05-05~12:00:00
2017-12-20 22:04:35,740 [main] INFO space.exploration.mars.rover.kernel.SpacecraftClock  - Please ensure that positionSensor and sclk are synchronized
2017-12-20 22:04:36,741 [main] INFO space.exploration.mars.rover.kernel.SpacecraftClock  - Internal time::2016-05-05T12:03:00.000-05:00 sclk of::1/01332:07:09:48:04872
2017-12-20 22:04:37,742 [main] INFO space.exploration.mars.rover.kernel.SpacecraftClock  - Internal time::2016-05-05T12:05:00.000-05:00 sclk of::1/01332:07:11:44:83804
2017-12-20 22:04:38,743 [main] INFO space.exploration.mars.rover.kernel.SpacecraftClock  - Internal time::2016-05-05T12:07:00.000-05:00 sclk of::1/01332:07:13:41:62735
2017-12-20 22:04:39,744 [main] INFO space.exploration.mars.rover.kernel.SpacecraftClock  - Internal time::2016-05-05T12:09:00.000-05:00 sclk of::1/01332:07:15:38:41667
2017-12-20 22:04:40,744 [main] INFO space.exploration.mars.rover.kernel.SpacecraftClock  - Internal time::2016-05-05T12:11:00.000-05:00 sclk of::1/01332:07:17:35:20598
2017-12-20 22:04:41,745 [main] INFO space.exploration.mars.rover.kernel.SpacecraftClock  - Internal time::2016-05-05T12:13:00.000-05:00 sclk of::1/01332:07:19:31:99530
2017-12-20 22:04:42,745 [main] INFO space.exploration.mars.rover.kernel.SpacecraftClock  - Internal time::2016-05-05T12:15:00.000-05:00 sclk of::1/01332:07:21:28:78461
2017-12-20 22:04:43,746 [main] INFO space.exploration.mars.rover.kernel.SpacecraftClock  - Internal time::2016-05-05T12:17:00.000-05:00 sclk of::1/01332:07:23:25:57393
2017-12-20 22:04:44,747 [main] INFO space.exploration.mars.rover.kernel.SpacecraftClock  - Internal time::2016-05-05T12:19:00.000-05:00 sclk of::1/01332:07:25:22:36325
2017-12-20 22:04:45,747 [main] INFO space.exploration.mars.rover.kernel.SpacecraftClock  - Internal time::2016-05-05T12:21:00.000-05:00 sclk of::1/01332:07:27:19:15256
2017-12-20 22:04:45,748 [main] INFO space.exploration.mars.rover.kernel.SpacecraftClock  - Internal time::2016-05-05T12:21:00.000-05:00 sclk of::1/01332:07:27:19:15256
