0    [main] INFO  space.exploration.mars.rover.kernel.Rover  - Rover current position is = java.awt.Point[x=350,y=250]
1003 [main] INFO  space.exploration.mars.rover.sensor.Lidar  - Lidar initialized and ready!
2006 [main] INFO  space.exploration.mars.rover.sensor.Spectrometer  - Spectrometer initialized and ready!
3220 [main] INFO  space.exploration.mars.rover.sensor.Camera  - Camera initialized and ready!
4223 [main] INFO  space.exploration.mars.rover.sensor.Radar  - Radar configured:: 
5226 [main] INFO  space.exploration.mars.rover.power.Battery  - Battery configured, batteryLife:primaryPowerUnits = 10000 auxiliaryPowerUnits = 1000 alertThreshold: 100 rechargeTime = 60000
6229 [main] INFO  space.exploration.mars.rover.kernel.Rover  - Battery Monitor configured!
6410 [main] INFO  kafka.utils.VerifiableProperties  - Verifying properties
6427 [main] WARN  kafka.utils.VerifiableProperties  - Property auto.offset.reset is not valid
6427 [main] WARN  kafka.utils.VerifiableProperties  - Property destination.topic is not valid
6428 [main] WARN  kafka.utils.VerifiableProperties  - Property group.id is not valid
6428 [main] INFO  kafka.utils.VerifiableProperties  - Property metadata.broker.list is overridden to localhost:9092
6428 [main] WARN  kafka.utils.VerifiableProperties  - Property source.topic is not valid
6428 [main] WARN  kafka.utils.VerifiableProperties  - Property zookeeper.connect is not valid
6459 [main] INFO  kafka.utils.VerifiableProperties  - Verifying properties
6459 [main] INFO  kafka.utils.VerifiableProperties  - Property auto.offset.reset is overridden to largest
6459 [main] WARN  kafka.utils.VerifiableProperties  - Property destination.topic is not valid
6460 [main] INFO  kafka.utils.VerifiableProperties  - Property group.id is overridden to space.exploration.mars.rover
6460 [main] WARN  kafka.utils.VerifiableProperties  - Property metadata.broker.list is not valid
6460 [main] WARN  kafka.utils.VerifiableProperties  - Property source.topic is not valid
6460 [main] INFO  kafka.utils.VerifiableProperties  - Property zookeeper.connect is overridden to localhost:2181
6479 [main] INFO  kafka.consumer.ZookeeperConsumerConnector  - [space.exploration.mars.rover_zion-mainframe-1500262935813-582ab5ed], Connecting to zookeeper instance at localhost:2181
6484 [ZkClient-EventThread-22-localhost:2181] INFO  org.I0Itec.zkclient.ZkEventThread  - Starting ZkClient event thread.
6487 [main] INFO  org.apache.zookeeper.ZooKeeper  - Client environment:zookeeper.version=3.4.6-1569965, built on 02/20/2014 09:09 GMT
6487 [main] INFO  org.apache.zookeeper.ZooKeeper  - Client environment:host.name=zion-mainframe
6487 [main] INFO  org.apache.zookeeper.ZooKeeper  - Client environment:java.version=1.8.0_131
6487 [main] INFO  org.apache.zookeeper.ZooKeeper  - Client environment:java.vendor=Oracle Corporation
6487 [main] INFO  org.apache.zookeeper.ZooKeeper  - Client environment:java.home=/usr/lib/jvm/java-8-openjdk-amd64/jre
6487 [main] INFO  org.apache.zookeeper.ZooKeeper  - Client environment:java.class.path=/usr/lib/jvm/java-1.8.0-openjdk-amd64/jre/lib/charsets.jar:/usr/lib/jvm/java-1.8.0-openjdk-amd64/jre/lib/ext/cldrdata.jar:/usr/lib/jvm/java-1.8.0-openjdk-amd64/jre/lib/ext/dnsns.jar:/usr/lib/jvm/java-1.8.0-openjdk-amd64/jre/lib/ext/icedtea-sound.jar:/usr/lib/jvm/java-1.8.0-openjdk-amd64/jre/lib/ext/jaccess.jar:/usr/lib/jvm/java-1.8.0-openjdk-amd64/jre/lib/ext/localedata.jar:/usr/lib/jvm/java-1.8.0-openjdk-amd64/jre/lib/ext/nashorn.jar:/usr/lib/jvm/java-1.8.0-openjdk-amd64/jre/lib/ext/sunec.jar:/usr/lib/jvm/java-1.8.0-openjdk-amd64/jre/lib/ext/sunjce_provider.jar:/usr/lib/jvm/java-1.8.0-openjdk-amd64/jre/lib/ext/sunpkcs11.jar:/usr/lib/jvm/java-1.8.0-openjdk-amd64/jre/lib/ext/zipfs.jar:/usr/lib/jvm/java-1.8.0-openjdk-amd64/jre/lib/jce.jar:/usr/lib/jvm/java-1.8.0-openjdk-amd64/jre/lib/jsse.jar:/usr/lib/jvm/java-1.8.0-openjdk-amd64/jre/lib/management-agent.jar:/usr/lib/jvm/java-1.8.0-openjdk-amd64/jre/lib/resources.jar:/usr/lib/jvm/java-1.8.0-openjdk-amd64/jre/lib/rt.jar:/home/sanket/Documents/workspace/MarsRover/mars.rover/target/classes:/home/sanket/.m2/repository/com/google/protobuf/protobuf-java/3.2.0/protobuf-java-3.2.0.jar:/home/sanket/.m2/repository/org/apache/kafka/kafka_2.10/0.9.0.1/kafka_2.10-0.9.0.1.jar:/home/sanket/.m2/repository/com/101tec/zkclient/0.7/zkclient-0.7.jar:/home/sanket/.m2/repository/org/slf4j/slf4j-api/1.6.1/slf4j-api-1.6.1.jar:/home/sanket/.m2/repository/log4j/log4j/1.2.15/log4j-1.2.15.jar:/home/sanket/.m2/repository/javax/mail/mail/1.4/mail-1.4.jar:/home/sanket/.m2/repository/javax/activation/activation/1.1/activation-1.1.jar:/home/sanket/.m2/repository/org/apache/kafka/kafka-clients/0.9.0.1/kafka-clients-0.9.0.1.jar:/home/sanket/.m2/repository/org/xerial/snappy/snappy-java/1.1.1.7/snappy-java-1.1.1.7.jar:/home/sanket/.m2/repository/net/jpountz/lz4/lz4/1.2.0/lz4-1.2.0.jar:/home/sanket/.m2/repository/com/yammer/metrics/metrics-core/2.2.0/metrics-core-2.2.0.jar:/home/sanket/.m2/repository/org/scala-lang/scala-library/2.10.5/scala-library-2.10.5.jar:/home/sanket/.m2/repository/net/sf/jopt-simple/jopt-simple/3.2/jopt-simple-3.2.jar:/home/sanket/.m2/repository/org/slf4j/slf4j-log4j12/1.7.6/slf4j-log4j12-1.7.6.jar:/home/sanket/.m2/repository/org/apache/zookeeper/zookeeper/3.4.6/zookeeper-3.4.6.jar:/home/sanket/.m2/repository/jline/jline/0.9.94/jline-0.9.94.jar:/home/sanket/.m2/repository/io/netty/netty/3.7.0.Final/netty-3.7.0.Final.jar:/home/sanket/.m2/repository/org/tensorflow/tensorflow/1.1.0/tensorflow-1.1.0.jar:/home/sanket/.m2/repository/org/tensorflow/libtensorflow/1.1.0/libtensorflow-1.1.0.jar:/home/sanket/.m2/repository/org/tensorflow/libtensorflow_jni/1.1.0/libtensorflow_jni-1.1.0.jar:/home/sanket/Documents/Tools/intelliJ/idea-IC-171.4694.23/lib/idea_rt.jar
6487 [main] INFO  org.apache.zookeeper.ZooKeeper  - Client environment:java.library.path=/home/sanket/Documents/Tools/intelliJ/idea-IC-171.4694.23/bin:/home/sanket/Documents/Tools/intelliJ/idea-IC-171.4694.23/bin:/home/sanket/Documents/Tools/intelliJ/idea-IC-171.4694.23/bin:/home/sanket/Documents/Tools/intelliJ/idea-IC-171.4694.23/bin::/usr/java/packages/lib/amd64:/usr/lib/x86_64-linux-gnu/jni:/lib/x86_64-linux-gnu:/usr/lib/x86_64-linux-gnu:/usr/lib/jni:/lib:/usr/lib
6487 [main] INFO  org.apache.zookeeper.ZooKeeper  - Client environment:java.io.tmpdir=/tmp
6487 [main] INFO  org.apache.zookeeper.ZooKeeper  - Client environment:java.compiler=<NA>
6487 [main] INFO  org.apache.zookeeper.ZooKeeper  - Client environment:os.name=Linux
6487 [main] INFO  org.apache.zookeeper.ZooKeeper  - Client environment:os.arch=amd64
6487 [main] INFO  org.apache.zookeeper.ZooKeeper  - Client environment:os.version=4.8.0-54-generic
6487 [main] INFO  org.apache.zookeeper.ZooKeeper  - Client environment:user.name=sanket
6487 [main] INFO  org.apache.zookeeper.ZooKeeper  - Client environment:user.home=/home/sanket
6487 [main] INFO  org.apache.zookeeper.ZooKeeper  - Client environment:user.dir=/home/sanket/Documents/workspace/MarsRover/mars.rover
6488 [main] INFO  org.apache.zookeeper.ZooKeeper  - Initiating client connection, connectString=localhost:2181 sessionTimeout=6000 watcher=org.I0Itec.zkclient.ZkClient@3ba9ad43
6495 [main] INFO  org.I0Itec.zkclient.ZkClient  - Waiting for keeper state SyncConnected
6498 [main-SendThread(localhost:2181)] INFO  org.apache.zookeeper.ClientCnxn  - Opening socket connection to server localhost/127.0.0.1:2181. Will not attempt to authenticate using SASL (unknown error)
6501 [main-SendThread(localhost:2181)] INFO  org.apache.zookeeper.ClientCnxn  - Socket connection established to localhost/127.0.0.1:2181, initiating session
6505 [main-SendThread(localhost:2181)] INFO  org.apache.zookeeper.ClientCnxn  - Session establishment complete on server localhost/127.0.0.1:2181, sessionid = 0x15c8a5136e1005b, negotiated timeout = 6000
6506 [main-EventThread] INFO  org.I0Itec.zkclient.ZkClient  - zookeeper state changed (SyncConnected)
6513 [main] INFO  kafka.consumer.ZookeeperConsumerConnector  - [space.exploration.mars.rover_zion-mainframe-1500262935813-582ab5ed], starting auto committer every 60000 ms
6530 [Thread-2] INFO  kafka.consumer.ZookeeperConsumerConnector  - [space.exploration.mars.rover_zion-mainframe-1500262935813-582ab5ed], begin registering consumer space.exploration.mars.rover_zion-mainframe-1500262935813-582ab5ed in ZK
6547 [Thread-2] INFO  kafka.utils.ZKCheckedEphemeral  - Creating /consumers/space.exploration.mars.rover/ids/space.exploration.mars.rover_zion-mainframe-1500262935813-582ab5ed (is it secure? false)
6555 [Thread-2] INFO  kafka.utils.ZKCheckedEphemeral  - Result of znode creation is: OK
6555 [Thread-2] INFO  kafka.consumer.ZookeeperConsumerConnector  - [space.exploration.mars.rover_zion-mainframe-1500262935813-582ab5ed], end registering consumer space.exploration.mars.rover_zion-mainframe-1500262935813-582ab5ed in ZK
6558 [space.exploration.mars.rover_zion-mainframe-1500262935813-582ab5ed_watcher_executor] INFO  kafka.consumer.ZookeeperConsumerConnector  - [space.exploration.mars.rover_zion-mainframe-1500262935813-582ab5ed], starting watcher executor thread for consumer space.exploration.mars.rover_zion-mainframe-1500262935813-582ab5ed
6571 [Thread-2] INFO  kafka.consumer.ZookeeperConsumerConnector  - [space.exploration.mars.rover_zion-mainframe-1500262935813-582ab5ed], begin rebalancing consumer space.exploration.mars.rover_zion-mainframe-1500262935813-582ab5ed try #0
6646 [Thread-2] INFO  kafka.consumer.ConsumerFetcherManager  - [ConsumerFetcherManager-1500262935846] Stopping leader finder thread
6646 [Thread-2] INFO  kafka.consumer.ConsumerFetcherManager  - [ConsumerFetcherManager-1500262935846] Stopping all fetchers
6647 [Thread-2] INFO  kafka.consumer.ConsumerFetcherManager  - [ConsumerFetcherManager-1500262935846] All connections stopped
6647 [Thread-2] INFO  kafka.consumer.ZookeeperConsumerConnector  - [space.exploration.mars.rover_zion-mainframe-1500262935813-582ab5ed], Cleared all relevant queues for this fetcher
6648 [Thread-2] INFO  kafka.consumer.ZookeeperConsumerConnector  - [space.exploration.mars.rover_zion-mainframe-1500262935813-582ab5ed], Cleared the data chunks in all the consumer message iterators
6648 [Thread-2] INFO  kafka.consumer.ZookeeperConsumerConnector  - [space.exploration.mars.rover_zion-mainframe-1500262935813-582ab5ed], Committing all offsets after clearing the fetcher queues
6649 [Thread-2] INFO  kafka.consumer.ZookeeperConsumerConnector  - [space.exploration.mars.rover_zion-mainframe-1500262935813-582ab5ed], Releasing partition ownership
6670 [Thread-2] INFO  kafka.consumer.RangeAssignor  - Consumer space.exploration.mars.rover_zion-mainframe-1500262935813-582ab5ed rebalancing the following partitions: ArrayBuffer(0) for topic secure_com_from_earth_channel_3 with consumers: List(space.exploration.mars.rover_zion-mainframe-1500262935813-582ab5ed-0)
6672 [Thread-2] INFO  kafka.consumer.RangeAssignor  - space.exploration.mars.rover_zion-mainframe-1500262935813-582ab5ed-0 attempting to claim partition 0
6698 [Thread-2] INFO  kafka.consumer.ZookeeperConsumerConnector  - [space.exploration.mars.rover_zion-mainframe-1500262935813-582ab5ed], space.exploration.mars.rover_zion-mainframe-1500262935813-582ab5ed-0 successfully owned partition 0 for topic secure_com_from_earth_channel_3
6713 [Thread-2] INFO  kafka.consumer.ZookeeperConsumerConnector  - [space.exploration.mars.rover_zion-mainframe-1500262935813-582ab5ed], Consumer space.exploration.mars.rover_zion-mainframe-1500262935813-582ab5ed selected partitions : secure_com_from_earth_channel_3:0: fetched offset = 4327: consumed offset = 4327
6774 [Thread-2] INFO  kafka.consumer.ZookeeperConsumerConnector  - [space.exploration.mars.rover_zion-mainframe-1500262935813-582ab5ed], end rebalancing consumer space.exploration.mars.rover_zion-mainframe-1500262935813-582ab5ed try #0
6779 [space.exploration.mars.rover_zion-mainframe-1500262935813-582ab5ed-leader-finder-thread] INFO  kafka.consumer.ConsumerFetcherManager$LeaderFinderThread  - [space.exploration.mars.rover_zion-mainframe-1500262935813-582ab5ed-leader-finder-thread], Starting 
6789 [space.exploration.mars.rover_zion-mainframe-1500262935813-582ab5ed-leader-finder-thread] INFO  kafka.utils.VerifiableProperties  - Verifying properties
6790 [space.exploration.mars.rover_zion-mainframe-1500262935813-582ab5ed-leader-finder-thread] INFO  kafka.utils.VerifiableProperties  - Property client.id is overridden to space.exploration.mars.rover
6790 [space.exploration.mars.rover_zion-mainframe-1500262935813-582ab5ed-leader-finder-thread] INFO  kafka.utils.VerifiableProperties  - Property metadata.broker.list is overridden to zion-mainframe:9092
6790 [space.exploration.mars.rover_zion-mainframe-1500262935813-582ab5ed-leader-finder-thread] INFO  kafka.utils.VerifiableProperties  - Property request.timeout.ms is overridden to 30000
6807 [space.exploration.mars.rover_zion-mainframe-1500262935813-582ab5ed-leader-finder-thread] INFO  kafka.client.ClientUtils$  - Fetching metadata from broker BrokerEndPoint(0,zion-mainframe,9092) with correlation id 0 for 1 topic(s) Set(secure_com_from_earth_channel_3)
6811 [space.exploration.mars.rover_zion-mainframe-1500262935813-582ab5ed-leader-finder-thread] INFO  kafka.producer.SyncProducer  - Connected to zion-mainframe:9092 for producing
6821 [space.exploration.mars.rover_zion-mainframe-1500262935813-582ab5ed-leader-finder-thread] INFO  kafka.producer.SyncProducer  - Disconnecting from zion-mainframe:9092
6837 [ConsumerFetcherThread-space.exploration.mars.rover_zion-mainframe-1500262935813-582ab5ed-0-0] INFO  kafka.consumer.ConsumerFetcherThread  - [ConsumerFetcherThread-space.exploration.mars.rover_zion-mainframe-1500262935813-582ab5ed-0-0], Starting 
6839 [space.exploration.mars.rover_zion-mainframe-1500262935813-582ab5ed-leader-finder-thread] INFO  kafka.consumer.ConsumerFetcherManager  - [ConsumerFetcherManager-1500262935846] Added fetcher for partitions ArrayBuffer([[secure_com_from_earth_channel_3,0], initOffset 4327 to broker BrokerEndPoint(0,zion-mainframe,9092)] )
7515 [main] INFO  space.exploration.mars.rover.communication.Radio  - Radio configured:: 
metadata.broker.list::localhost:9092
source.topic::secure_com_from_earth_channel_3
auto.offset.reset::largest
group.id::space.exploration.mars.rover
destination.topic::secure_com_to_earth_channel_3
zookeeper.connect::localhost:2181
8516 [main] INFO  space.exploration.mars.rover.sensor.Radar  - Radar configured:: 
21688 [main] INFO  kafka.client.ClientUtils$  - Fetching metadata from broker BrokerEndPoint(0,localhost,9092) with correlation id 0 for 1 topic(s) Set(secure_com_to_earth_channel_3)
21688 [main] INFO  kafka.producer.SyncProducer  - Connected to localhost:9092 for producing
21689 [main] INFO  kafka.producer.SyncProducer  - Disconnecting from localhost:9092
21700 [main] INFO  kafka.producer.SyncProducer  - Connected to zion-mainframe:9092 for producing
35229 [pool-2-thread-1] INFO  space.exploration.mars.rover.power.Battery  - BatteryMonitor performing due diligence. SCET = 1500262964564
58060 [pool-1-thread-1] INFO  space.exploration.mars.rover.diagnostics.Pacemaker  - SCET: 1500262987339
equipmentHealth {
  key: "Battery"
  value: 1000
}
equipmentHealth {
  key: "Radio"
  value: 9999
}
equipmentHealth {
  key: "Lidar"
  value: 1000
}
equipmentHealth {
  key: "Camera"
  value: 1000
}
equipmentHealth {
  key: "Spectrometer"
  value: 1000
}
equipmentHealth {
  key: "Radar"
  value: 1000
}
batteryLevel: 9999
moduleReporting: 3
notes: "This is rover Curiosity. Sending HeartBeat!"
location {
  x: 350
  y: 250
}

65228 [pool-2-thread-1] INFO  space.exploration.mars.rover.power.Battery  - BatteryMonitor performing due diligence. SCET = 1500262994563
95228 [pool-2-thread-2] INFO  space.exploration.mars.rover.power.Battery  - BatteryMonitor performing due diligence. SCET = 1500263024563
118010 [pool-1-thread-1] INFO  space.exploration.mars.rover.kernel.ListeningState  - timeStamp: 1500262978664
targets {
  roverModule: 9
  estimatedPowerUsage: 20
  action: "PerformRadarScan"
}

118011 [pool-1-thread-1] INFO  space.exploration.mars.rover.kernel.RadarScanningState  - Performing Radar Scan, current position = java.awt.Point[x=350,y=250]
125228 [pool-2-thread-1] INFO  space.exploration.mars.rover.power.Battery  - BatteryMonitor performing due diligence. SCET = 1500263054563
127708 [Thread-4] INFO  space.exploration.mars.rover.environment.RadarContactBlip  - java.awt.Point[x=150,y=450]
130517 [Thread-5] INFO  space.exploration.mars.rover.environment.RadarContactBlip  - java.awt.Point[x=200,y=300]
130579 [Thread-6] INFO  space.exploration.mars.rover.environment.RadarContactBlip  - java.awt.Point[x=200,y=300]
130763 [Thread-7] INFO  space.exploration.mars.rover.environment.RadarContactBlip  - java.awt.Point[x=225,y=300]
130794 [Thread-8] INFO  space.exploration.mars.rover.environment.RadarContactBlip  - java.awt.Point[x=225,y=300]
131892 [Thread-9] INFO  space.exploration.mars.rover.environment.RadarContactBlip  - java.awt.Point[x=100,y=150]
137808 [Thread-10] INFO  space.exploration.mars.rover.environment.RadarContactBlip  - java.awt.Point[x=500,y=200]
137841 [Thread-11] INFO  space.exploration.mars.rover.environment.RadarContactBlip  - java.awt.Point[x=500,y=200]
149953 [Thread-12] INFO  space.exploration.mars.rover.environment.RadarContactBlip  - java.awt.Point[x=150,y=450]
152756 [Thread-13] INFO  space.exploration.mars.rover.environment.RadarContactBlip  - java.awt.Point[x=200,y=300]
152818 [Thread-14] INFO  space.exploration.mars.rover.environment.RadarContactBlip  - java.awt.Point[x=200,y=300]
153001 [Thread-15] INFO  space.exploration.mars.rover.environment.RadarContactBlip  - java.awt.Point[x=225,y=300]
153032 [Thread-16] INFO  space.exploration.mars.rover.environment.RadarContactBlip  - java.awt.Point[x=225,y=300]
154128 [Thread-17] INFO  space.exploration.mars.rover.environment.RadarContactBlip  - java.awt.Point[x=100,y=150]
155228 [pool-2-thread-1] INFO  space.exploration.mars.rover.power.Battery  - BatteryMonitor performing due diligence. SCET = 1500263084563
160027 [Thread-18] INFO  space.exploration.mars.rover.environment.RadarContactBlip  - java.awt.Point[x=500,y=200]
160057 [Thread-19] INFO  space.exploration.mars.rover.environment.RadarContactBlip  - java.awt.Point[x=500,y=200]
185228 [pool-2-thread-1] INFO  space.exploration.mars.rover.power.Battery  - BatteryMonitor performing due diligence. SCET = 1500263114563
187679 [pool-1-thread-1] INFO  space.exploration.mars.rover.diagnostics.Pacemaker  - SCET: 1500263117010
equipmentHealth {
  key: "Battery"
  value: 1000
}
equipmentHealth {
  key: "Radio"
  value: 9996
}
equipmentHealth {
  key: "Lidar"
  value: 1000
}
equipmentHealth {
  key: "Camera"
  value: 1000
}
equipmentHealth {
  key: "Spectrometer"
  value: 1000
}
equipmentHealth {
  key: "Radar"
  value: 998
}
batteryLevel: 9978
moduleReporting: 3
notes: "This is rover Curiosity. Sending HeartBeat!"
location {
  x: 350
  y: 250
}

209463 [pool-1-thread-2] INFO  space.exploration.mars.rover.diagnostics.Pacemaker  - SCET: 1500263138793
equipmentHealth {
  key: "Battery"
  value: 1000
}
equipmentHealth {
  key: "Radio"
  value: 9995
}
equipmentHealth {
  key: "Lidar"
  value: 1000
}
equipmentHealth {
  key: "Camera"
  value: 1000
}
equipmentHealth {
  key: "Spectrometer"
  value: 1000
}
equipmentHealth {
  key: "Radar"
  value: 998
}
batteryLevel: 9977
moduleReporting: 3
notes: "This is rover Curiosity. Sending HeartBeat!"
location {
  x: 350
  y: 250
}

215228 [pool-2-thread-1] INFO  space.exploration.mars.rover.power.Battery  - BatteryMonitor performing due diligence. SCET = 1500263144563
