2018-01-25 20:12:03,387 [main] INFO space.exploration.mars.rover.kernel.SpacecraftClock  - Valid utc time ranges are dictated by clockService as follows:
2018-01-25 20:12:03,387 [main] INFO space.exploration.mars.rover.kernel.SpacecraftClock  - APPLICABLE_START_TIME=2000-001T11:58:55.816, APPLICABLE_STOP_TIME=2017-360T19:17:40.149
2018-01-25 20:12:03,387 [main] INFO space.exploration.mars.rover.kernel.SpacecraftClock  - Given UTC = 2016-08-26~17:49:00
2018-01-25 20:12:03,387 [main] INFO space.exploration.mars.rover.kernel.SpacecraftClock  - Please ensure that positionSensor and sclk are synchronized
2018-01-25 20:12:03,392 [main] INFO space.exploration.mars.rover.kernel.SpacecraftClock  - Curiosity internal spacecraft clock started at :: 2016-08-26T22:49:00.000Z
2018-01-25 20:12:03,392 [main] INFO space.exploration.mars.rover.kernel.SpacecraftClock  - Mission duration is set to :: 1 year(s).
2018-01-25 20:12:03,392 [main] INFO space.exploration.mars.rover.kernel.SpacecraftClock  - Mission duration = 31536000000
2018-01-25 20:12:03,393 [main] INFO space.exploration.mars.rover.kernel.SpacecraftClock  - Internal time::2016-08-26T22:49:00.000Z sclk of::
2018-01-25 20:12:04,393 [main] INFO space.exploration.mars.rover.kernel.SpacecraftClock  - Internal time::2016-08-26T17:50:00.000-05:00 sclk of::1/01442:12:14:48:11433
2018-01-25 20:12:05,394 [main] INFO space.exploration.mars.rover.kernel.SpacecraftClock  - Internal time::2016-08-26T17:50:00.000-05:00 sclk of::1/01442:12:14:48:11433
2018-01-25 20:12:06,394 [main] INFO space.exploration.mars.rover.kernel.SpacecraftClock  - Internal time::2016-08-26T17:50:00.000-05:00 sclk of::1/01442:12:14:48:11433
2018-01-25 20:12:07,395 [main] INFO space.exploration.mars.rover.kernel.SpacecraftClock  - Internal time::2016-08-26T17:50:00.000-05:00 sclk of::1/01442:12:14:48:11433
2018-01-25 20:12:08,395 [main] INFO space.exploration.mars.rover.kernel.SpacecraftClock  - Internal time::2016-08-26T17:50:00.000-05:00 sclk of::1/01442:12:14:48:11433
2018-01-25 20:12:09,396 [main] INFO space.exploration.mars.rover.kernel.SpacecraftClock  - Internal time::2016-08-26T17:50:00.000-05:00 sclk of::1/01442:12:14:48:11433
2018-01-25 20:12:10,396 [main] INFO space.exploration.mars.rover.kernel.SpacecraftClock  - Internal time::2016-08-26T17:50:00.000-05:00 sclk of::1/01442:12:14:48:11433
2018-01-25 20:12:11,397 [main] INFO space.exploration.mars.rover.kernel.SpacecraftClock  - Internal time::2016-08-26T17:50:00.000-05:00 sclk of::1/01442:12:14:48:11433
2018-01-25 20:12:12,398 [main] INFO space.exploration.mars.rover.kernel.SpacecraftClock  - Internal time::2016-08-26T17:50:00.000-05:00 sclk of::1/01442:12:14:48:11433
2018-01-25 20:12:13,398 [main] INFO space.exploration.mars.rover.kernel.SpacecraftClock  - Internal time::2016-08-26T17:50:00.000-05:00 sclk of::1/01442:12:14:48:11433
2018-01-25 20:12:13,401 [main] INFO space.exploration.mars.rover.kernel.SpacecraftClock  - Internal time::2016-08-26T17:50:00.000-05:00 sclk of::1/01442:12:14:48:11433
2018-01-25 20:12:14,416 [main] INFO space.exploration.mars.rover.kernel.SpacecraftClock  - Valid utc time ranges are dictated by clockService as follows:
2018-01-25 20:12:14,416 [main] INFO space.exploration.mars.rover.kernel.SpacecraftClock  - APPLICABLE_START_TIME=2000-001T11:58:55.816, APPLICABLE_STOP_TIME=2017-360T19:17:40.149
2018-01-25 20:12:14,416 [main] INFO space.exploration.mars.rover.kernel.SpacecraftClock  - Given UTC = 2016-08-26~17:49:00
2018-01-25 20:12:14,416 [main] INFO space.exploration.mars.rover.kernel.SpacecraftClock  - Please ensure that positionSensor and sclk are synchronized
2018-01-25 20:12:14,417 [main] INFO space.exploration.mars.rover.kernel.SpacecraftClock  - Curiosity internal spacecraft clock started at :: 2016-08-26T22:49:00.000Z
2018-01-25 20:12:14,417 [main] INFO space.exploration.mars.rover.kernel.SpacecraftClock  - Mission duration is set to :: 1 year(s).
2018-01-25 20:12:14,417 [main] INFO space.exploration.mars.rover.kernel.SpacecraftClock  - Mission duration = 31536000000
2018-01-25 20:12:14,417 [main] INFO space.exploration.mars.rover.kernel.SpacecraftClock  - Internal time::2016-08-26T22:49:00.000Z sclk of::
2018-01-25 20:12:15,425 [main] INFO space.exploration.mars.rover.kernel.SpacecraftClock  - Valid utc time ranges are dictated by clockService as follows:
2018-01-25 20:12:15,425 [main] INFO space.exploration.mars.rover.kernel.SpacecraftClock  - APPLICABLE_START_TIME=2000-001T11:58:55.816, APPLICABLE_STOP_TIME=2017-360T19:17:40.149
2018-01-25 20:12:15,425 [main] INFO space.exploration.mars.rover.kernel.SpacecraftClock  - Given UTC = 2016-08-26~17:49:00
2018-01-25 20:12:15,425 [main] INFO space.exploration.mars.rover.kernel.SpacecraftClock  - Please ensure that positionSensor and sclk are synchronized
2018-01-25 20:12:15,425 [main] INFO space.exploration.mars.rover.kernel.SpacecraftClock  - Curiosity internal spacecraft clock started at :: 2016-08-26T22:49:00.000Z
2018-01-25 20:12:15,425 [main] INFO space.exploration.mars.rover.kernel.SpacecraftClock  - Mission duration is set to :: 1 year(s).
2018-01-25 20:12:15,425 [main] INFO space.exploration.mars.rover.kernel.SpacecraftClock  - Mission duration = 31536000000
2018-01-25 20:12:15,426 [main] INFO space.exploration.mars.rover.kernel.SpacecraftClock  - UTCTime = 2016-05-05~12:00:00
2018-01-25 20:12:15,426 [main] INFO space.exploration.mars.rover.kernel.SpacecraftClock  - Valid utc time ranges are dictated by clockService as follows:
2018-01-25 20:12:15,426 [main] INFO space.exploration.mars.rover.kernel.SpacecraftClock  - APPLICABLE_START_TIME=2000-001T11:58:55.816, APPLICABLE_STOP_TIME=2017-360T19:17:40.149
2018-01-25 20:12:15,426 [main] INFO space.exploration.mars.rover.kernel.SpacecraftClock  - Given UTC = 2016-05-05~12:00:00
2018-01-25 20:12:15,426 [main] INFO space.exploration.mars.rover.kernel.SpacecraftClock  - Please ensure that positionSensor and sclk are synchronized
2018-01-25 20:12:16,428 [main] INFO space.exploration.mars.rover.kernel.SpacecraftClock  - Internal time::2016-05-05T12:03:00.000-05:00 sclk of::1/01332:07:09:48:04872
2018-01-25 20:12:17,429 [main] INFO space.exploration.mars.rover.kernel.SpacecraftClock  - Internal time::2016-05-05T12:03:00.000-05:00 sclk of::1/01332:07:10:46:44338
2018-01-25 20:12:18,429 [main] INFO space.exploration.mars.rover.kernel.SpacecraftClock  - Internal time::2016-05-05T12:05:00.000-05:00 sclk of::1/01332:07:11:44:83804
2018-01-25 20:12:19,430 [main] INFO space.exploration.mars.rover.kernel.SpacecraftClock  - Internal time::2016-05-05T12:06:00.000-05:00 sclk of::1/01332:07:12:43:23269
2018-01-25 20:12:20,430 [main] INFO space.exploration.mars.rover.kernel.SpacecraftClock  - Internal time::2016-05-05T12:07:00.000-05:00 sclk of::1/01332:07:13:41:62735
2018-01-25 20:12:21,433 [main] INFO space.exploration.mars.rover.kernel.SpacecraftClock  - Internal time::2016-05-05T12:08:00.000-05:00 sclk of::1/01332:07:14:40:02201
2018-01-25 20:12:22,434 [main] INFO space.exploration.mars.rover.kernel.SpacecraftClock  - Internal time::2016-05-05T12:09:00.000-05:00 sclk of::1/01332:07:15:38:41667
2018-01-25 20:12:23,434 [main] INFO space.exploration.mars.rover.kernel.SpacecraftClock  - Internal time::2016-05-05T12:10:00.000-05:00 sclk of::1/01332:07:16:36:81132
2018-01-25 20:12:24,435 [main] INFO space.exploration.mars.rover.kernel.SpacecraftClock  - Internal time::2016-05-05T12:11:00.000-05:00 sclk of::1/01332:07:17:35:20598
2018-01-25 20:12:25,436 [main] INFO space.exploration.mars.rover.kernel.SpacecraftClock  - Internal time::2016-05-05T12:12:00.000-05:00 sclk of::1/01332:07:18:33:60064
2018-01-25 20:12:25,436 [main] INFO space.exploration.mars.rover.kernel.SpacecraftClock  - Internal time::2016-05-05T12:12:00.000-05:00 sclk of::1/01332:07:18:33:60064
