2018-06-12 22:29:44,078 [roverMain] INFO  space.exploration.mars.rover.kernel.Rover - IsDirectory result = true
2018-06-12 22:29:44,121 [roverMain] INFO  space.exploration.mars.rover.kernel.Rover - Could not get timestamp for :: 0
2018-06-12 22:29:44,121 [roverMain] INFO  space.exploration.mars.rover.kernel.Rover - Could not get timestamp for :: 0
2018-06-12 22:29:44,121 [roverMain] INFO  space.exploration.mars.rover.kernel.Rover - Could not get timestamp for :: 0
2018-06-12 22:29:44,121 [roverMain] INFO  space.exploration.mars.rover.kernel.Rover - Could not get timestamp for :: 0
2018-06-12 22:29:44,121 [roverMain] INFO  space.exploration.mars.rover.kernel.Rover - Could not get timestamp for :: 0
2018-06-12 22:29:44,121 [roverMain] INFO  space.exploration.mars.rover.kernel.Rover - Could not get timestamp for :: 0
2018-06-12 22:29:44,121 [roverMain] INFO  space.exploration.mars.rover.kernel.Rover - Could not get timestamp for :: 0
2018-06-12 22:29:44,121 [roverMain] INFO  space.exploration.mars.rover.kernel.Rover - Could not get timestamp for :: 0
2018-06-12 22:29:44,121 [roverMain] INFO  space.exploration.mars.rover.kernel.Rover - Could not get timestamp for :: 0
2018-06-12 22:29:44,121 [roverMain] INFO  space.exploration.mars.rover.kernel.Rover - Could not get timestamp for :: 0
2018-06-12 22:29:44,121 [roverMain] INFO  space.exploration.mars.rover.kernel.Rover - Could not get timestamp for :: 0
2018-06-12 22:29:44,121 [roverMain] INFO  space.exploration.mars.rover.kernel.Rover - Could not get timestamp for :: 0
2018-06-12 22:29:44,121 [roverMain] INFO  space.exploration.mars.rover.kernel.Rover - Could not get timestamp for :: 0
2018-06-12 22:29:44,122 [roverMain] INFO  space.exploration.mars.rover.kernel.Rover - Could not get timestamp for :: 0
2018-06-12 22:29:44,122 [roverMain] INFO  space.exploration.mars.rover.kernel.Rover - Could not get timestamp for :: 0
2018-06-12 22:29:44,122 [roverMain] INFO  space.exploration.mars.rover.kernel.Rover - Could not get timestamp for :: 0
2018-06-12 22:29:44,122 [roverMain] INFO  space.exploration.mars.rover.kernel.Rover - Could not get timestamp for :: 0
2018-06-12 22:29:44,122 [roverMain] INFO  space.exploration.mars.rover.kernel.Rover - Could not get timestamp for :: 0
2018-06-12 22:29:44,122 [roverMain] INFO  space.exploration.mars.rover.kernel.Rover - Could not get timestamp for :: 0
2018-06-12 22:29:44,122 [roverMain] INFO  space.exploration.mars.rover.kernel.Rover - Could not get timestamp for :: 0
2018-06-12 22:29:44,122 [roverMain] INFO  space.exploration.mars.rover.kernel.Rover - Could not get timestamp for :: 0
2018-06-12 22:29:44,122 [roverMain] INFO  space.exploration.mars.rover.kernel.Rover - Could not get timestamp for :: 0
2018-06-12 22:29:44,122 [roverMain] INFO  space.exploration.mars.rover.kernel.Rover - Could not get timestamp for :: 0
2018-06-12 22:29:44,122 [roverMain] INFO  space.exploration.mars.rover.kernel.Rover - Could not get timestamp for :: 0
2018-06-12 22:29:44,122 [roverMain] INFO  space.exploration.mars.rover.kernel.Rover - Could not get timestamp for :: 0
2018-06-12 22:29:44,122 [roverMain] INFO  space.exploration.mars.rover.kernel.Rover - Could not get timestamp for :: 0
2018-06-12 22:29:44,123 [roverMain] INFO  space.exploration.mars.rover.kernel.Rover - Could not get timestamp for :: 0
2018-06-12 22:29:44,123 [roverMain] INFO  space.exploration.mars.rover.kernel.Rover - Could not get timestamp for :: 0
2018-06-12 22:29:44,123 [roverMain] INFO  space.exploration.mars.rover.kernel.Rover - Could not get timestamp for :: 0
2018-06-12 22:29:44,123 [roverMain] INFO  space.exploration.mars.rover.kernel.Rover - Could not get timestamp for :: 0
2018-06-12 22:29:44,123 [roverMain] INFO  space.exploration.mars.rover.kernel.Rover - Could not get timestamp for :: 0
2018-06-12 22:29:44,123 [roverMain] INFO  space.exploration.mars.rover.kernel.Rover - Could not get timestamp for :: 0
2018-06-12 22:29:44,123 [roverMain] INFO  space.exploration.mars.rover.kernel.Rover - Could not get timestamp for :: 0
2018-06-12 22:29:44,123 [roverMain] INFO  space.exploration.mars.rover.kernel.Rover - Could not get timestamp for :: 0
2018-06-12 22:29:44,123 [roverMain] INFO  space.exploration.mars.rover.kernel.Rover - Could not get timestamp for :: 0
2018-06-12 22:29:44,123 [roverMain] INFO  space.exploration.mars.rover.kernel.Rover - Could not get timestamp for :: 0
2018-06-12 22:29:44,123 [roverMain] INFO  space.exploration.mars.rover.kernel.Rover - Could not get timestamp for :: 0
2018-06-12 22:29:44,123 [roverMain] INFO  space.exploration.mars.rover.kernel.Rover - Could not get timestamp for :: 0
2018-06-12 22:29:44,123 [roverMain] INFO  space.exploration.mars.rover.kernel.Rover - Could not get timestamp for :: 0
2018-06-12 22:29:44,123 [roverMain] INFO  space.exploration.mars.rover.kernel.Rover - Could not get timestamp for :: 0
2018-06-12 22:29:44,124 [roverMain] INFO  space.exploration.mars.rover.kernel.Rover - Could not get timestamp for :: 0
2018-06-12 22:29:44,124 [roverMain] INFO  space.exploration.mars.rover.kernel.Rover - Could not get timestamp for :: 0
2018-06-12 22:29:44,124 [roverMain] INFO  space.exploration.mars.rover.kernel.Rover - Could not get timestamp for :: 0
2018-06-12 22:29:44,124 [roverMain] INFO  space.exploration.mars.rover.kernel.Rover - Could not get timestamp for :: 0
2018-06-12 22:29:44,124 [roverMain] INFO  space.exploration.mars.rover.kernel.Rover - Could not get timestamp for :: 0
2018-06-12 22:29:44,124 [roverMain] INFO  space.exploration.mars.rover.kernel.Rover - Could not get timestamp for :: 0
2018-06-12 22:29:44,124 [roverMain] INFO  space.exploration.mars.rover.kernel.Rover - Could not get timestamp for :: 0
2018-06-12 22:29:44,124 [roverMain] INFO  space.exploration.mars.rover.kernel.Rover - Could not get timestamp for :: 0
2018-06-12 22:29:44,124 [roverMain] INFO  space.exploration.mars.rover.kernel.Rover - Could not get timestamp for :: 0
2018-06-12 22:29:44,124 [roverMain] INFO  space.exploration.mars.rover.kernel.Rover - Could not get timestamp for :: 0
2018-06-12 22:29:44,124 [roverMain] INFO  space.exploration.mars.rover.kernel.Rover - Could not get timestamp for :: 0
2018-06-12 22:29:44,124 [roverMain] INFO  space.exploration.mars.rover.kernel.Rover - Could not get timestamp for :: 0
2018-06-12 22:29:44,124 [roverMain] INFO  space.exploration.mars.rover.kernel.Rover - Could not get timestamp for :: 0
2018-06-12 22:29:44,124 [roverMain] INFO  space.exploration.mars.rover.kernel.Rover - Could not get timestamp for :: 0
2018-06-12 22:29:44,124 [roverMain] INFO  space.exploration.mars.rover.kernel.Rover - Could not get timestamp for :: 0
2018-06-12 22:29:44,125 [roverMain] INFO  space.exploration.mars.rover.kernel.Rover - Could not get timestamp for :: 0
2018-06-12 22:29:44,125 [roverMain] INFO  space.exploration.mars.rover.kernel.Rover - Could not get timestamp for :: 0
2018-06-12 22:29:44,125 [roverMain] INFO  space.exploration.mars.rover.kernel.Rover - Could not get timestamp for :: 0
2018-06-12 22:29:44,125 [roverMain] INFO  space.exploration.mars.rover.kernel.Rover - Could not get timestamp for :: 0
2018-06-12 22:29:44,125 [roverMain] INFO  space.exploration.mars.rover.kernel.Rover - Could not get timestamp for :: 0
2018-06-12 22:29:44,125 [roverMain] INFO  space.exploration.mars.rover.kernel.Rover - Could not get timestamp for :: 0
2018-06-12 22:29:44,125 [roverMain] INFO  space.exploration.mars.rover.kernel.Rover - Could not get timestamp for :: 0
2018-06-12 22:29:44,125 [roverMain] INFO  space.exploration.mars.rover.kernel.Rover - Could not get timestamp for :: 0
2018-06-12 22:29:44,125 [roverMain] INFO  space.exploration.mars.rover.kernel.Rover - Could not get timestamp for :: 0
2018-06-12 22:29:44,125 [roverMain] INFO  space.exploration.mars.rover.kernel.Rover - Could not get timestamp for :: 0
2018-06-12 22:29:44,125 [roverMain] INFO  space.exploration.mars.rover.kernel.Rover - Could not get timestamp for :: 0
2018-06-12 22:29:44,125 [roverMain] INFO  space.exploration.mars.rover.kernel.Rover - Could not get timestamp for :: 0
2018-06-12 22:29:44,125 [roverMain] INFO  space.exploration.mars.rover.kernel.Rover - Could not get timestamp for :: 0
2018-06-12 22:29:44,125 [roverMain] INFO  space.exploration.mars.rover.kernel.Rover - Could not get timestamp for :: 0
2018-06-12 22:29:44,125 [roverMain] INFO  space.exploration.mars.rover.kernel.Rover - Could not get timestamp for :: 0
2018-06-12 22:29:44,126 [roverMain] INFO  space.exploration.mars.rover.kernel.Rover - Could not get timestamp for :: 0
2018-06-12 22:29:44,126 [roverMain] INFO  space.exploration.mars.rover.kernel.Rover - Could not get timestamp for :: 0
2018-06-12 22:29:44,126 [roverMain] INFO  space.exploration.mars.rover.kernel.Rover - Could not get timestamp for :: 0
2018-06-12 22:29:44,126 [roverMain] INFO  space.exploration.mars.rover.kernel.Rover - Could not get timestamp for :: 0
2018-06-12 22:29:44,126 [roverMain] INFO  space.exploration.mars.rover.kernel.Rover - Could not get timestamp for :: 0
2018-06-12 22:29:44,126 [roverMain] INFO  space.exploration.mars.rover.kernel.Rover - Could not get timestamp for :: 0
2018-06-12 22:29:44,126 [roverMain] INFO  space.exploration.mars.rover.kernel.Rover - Could not get timestamp for :: 0
2018-06-12 22:29:44,126 [roverMain] INFO  space.exploration.mars.rover.kernel.Rover - Could not get timestamp for :: 0
2018-06-12 22:29:44,126 [roverMain] INFO  space.exploration.mars.rover.kernel.Rover - Could not get timestamp for :: 0
2018-06-12 22:29:44,126 [roverMain] INFO  space.exploration.mars.rover.kernel.Rover - Could not get timestamp for :: 0
2018-06-12 22:29:44,126 [roverMain] INFO  space.exploration.mars.rover.kernel.Rover - Could not get timestamp for :: 0
2018-06-12 22:29:44,126 [roverMain] INFO  space.exploration.mars.rover.kernel.Rover - Could not get timestamp for :: 0
2018-06-12 22:29:44,126 [roverMain] INFO  space.exploration.mars.rover.kernel.Rover - Could not get timestamp for :: 0
2018-06-12 22:29:44,126 [roverMain] INFO  space.exploration.mars.rover.kernel.Rover - Could not get timestamp for :: 0
2018-06-12 22:29:44,126 [roverMain] INFO  space.exploration.mars.rover.kernel.Rover - Could not get timestamp for :: 0
2018-06-12 22:29:44,126 [roverMain] INFO  space.exploration.mars.rover.kernel.Rover - Could not get timestamp for :: 0
2018-06-12 22:29:44,126 [roverMain] INFO  space.exploration.mars.rover.kernel.Rover - Could not get timestamp for :: 0
2018-06-12 22:29:44,127 [roverMain] INFO  space.exploration.mars.rover.kernel.Rover - Could not get timestamp for :: 0
2018-06-12 22:29:44,127 [roverMain] INFO  space.exploration.mars.rover.kernel.Rover - Could not get timestamp for :: 0
2018-06-12 22:29:44,127 [roverMain] INFO  space.exploration.mars.rover.kernel.Rover - Could not get timestamp for :: 0
2018-06-12 22:29:44,127 [roverMain] INFO  space.exploration.mars.rover.kernel.Rover - Could not get timestamp for :: 0
2018-06-12 22:29:44,127 [roverMain] INFO  space.exploration.mars.rover.kernel.Rover - Could not get timestamp for :: 0
2018-06-12 22:29:44,127 [roverMain] INFO  space.exploration.mars.rover.kernel.Rover - Could not get timestamp for :: 0
2018-06-12 22:29:44,127 [roverMain] INFO  space.exploration.mars.rover.kernel.Rover - Could not get timestamp for :: 0
2018-06-12 22:29:44,127 [roverMain] INFO  space.exploration.mars.rover.kernel.Rover - Could not get timestamp for :: 0
2018-06-12 22:29:44,127 [roverMain] INFO  space.exploration.mars.rover.kernel.Rover - Could not get timestamp for :: 0
2018-06-12 22:29:44,127 [roverMain] INFO  space.exploration.mars.rover.kernel.Rover - Could not get timestamp for :: 0
2018-06-12 22:29:44,127 [roverMain] INFO  space.exploration.mars.rover.kernel.Rover - Could not get timestamp for :: 0
2018-06-12 22:29:44,127 [roverMain] INFO  space.exploration.mars.rover.kernel.Rover - Could not get timestamp for :: 0
2018-06-12 22:29:44,127 [roverMain] INFO  space.exploration.mars.rover.kernel.Rover - Could not get timestamp for :: 0
2018-06-12 22:29:44,127 [roverMain] INFO  space.exploration.mars.rover.kernel.Rover - Could not get timestamp for :: 0
2018-06-12 22:29:44,127 [roverMain] INFO  space.exploration.mars.rover.kernel.Rover - Could not get timestamp for :: 0
2018-06-12 22:29:44,127 [roverMain] INFO  space.exploration.mars.rover.kernel.Rover - Could not get timestamp for :: 0
2018-06-12 22:29:44,128 [roverMain] INFO  space.exploration.mars.rover.kernel.Rover - Could not get timestamp for :: 0
2018-06-12 22:29:44,128 [roverMain] INFO  space.exploration.mars.rover.kernel.Rover - Could not get timestamp for :: 0
2018-06-12 22:29:44,128 [roverMain] INFO  space.exploration.mars.rover.kernel.Rover - Could not get timestamp for :: 0
2018-06-12 22:29:44,128 [roverMain] INFO  space.exploration.mars.rover.kernel.Rover - Could not get timestamp for :: 0
2018-06-12 22:29:44,128 [roverMain] INFO  space.exploration.mars.rover.kernel.Rover - Could not get timestamp for :: 0
2018-06-12 22:29:44,128 [roverMain] INFO  space.exploration.mars.rover.kernel.Rover - Could not get timestamp for :: 0
2018-06-12 22:29:44,128 [roverMain] INFO  space.exploration.mars.rover.kernel.Rover - Could not get timestamp for :: 0
2018-06-12 22:29:44,128 [roverMain] INFO  space.exploration.mars.rover.kernel.Rover - Could not get timestamp for :: 0
2018-06-12 22:29:44,128 [roverMain] INFO  space.exploration.mars.rover.kernel.Rover - Could not get timestamp for :: 0
2018-06-12 22:29:44,128 [roverMain] INFO  space.exploration.mars.rover.kernel.Rover - Could not get timestamp for :: 0
2018-06-12 22:29:44,128 [roverMain] INFO  space.exploration.mars.rover.kernel.Rover - Could not get timestamp for :: 0
2018-06-12 22:29:44,128 [roverMain] INFO  space.exploration.mars.rover.kernel.Rover - Could not get timestamp for :: 0
2018-06-12 22:29:44,128 [roverMain] INFO  space.exploration.mars.rover.kernel.Rover - Could not get timestamp for :: 0
2018-06-12 22:29:44,128 [roverMain] INFO  space.exploration.mars.rover.kernel.Rover - Could not get timestamp for :: 0
2018-06-12 22:29:44,128 [roverMain] INFO  space.exploration.mars.rover.kernel.Rover - Could not get timestamp for :: 0
2018-06-12 22:29:44,128 [roverMain] INFO  space.exploration.mars.rover.kernel.Rover - Could not get timestamp for :: 0
2018-06-12 22:29:44,128 [roverMain] INFO  space.exploration.mars.rover.kernel.Rover - Could not get timestamp for :: 0
2018-06-12 22:29:44,128 [roverMain] INFO  space.exploration.mars.rover.kernel.Rover - Could not get timestamp for :: 0
2018-06-12 22:29:44,128 [roverMain] INFO  space.exploration.mars.rover.kernel.Rover - Could not get timestamp for :: 0
2018-06-12 22:29:44,128 [roverMain] INFO  space.exploration.mars.rover.kernel.Rover - Could not get timestamp for :: 0
2018-06-12 22:29:44,129 [roverMain] INFO  space.exploration.mars.rover.kernel.Rover - Could not get timestamp for :: 0
2018-06-12 22:29:44,129 [roverMain] INFO  space.exploration.mars.rover.kernel.Rover - Could not get timestamp for :: 0
2018-06-12 22:29:44,129 [roverMain] INFO  space.exploration.mars.rover.kernel.Rover - Could not get timestamp for :: 0
2018-06-12 22:29:44,129 [roverMain] INFO  space.exploration.mars.rover.kernel.Rover - Could not get timestamp for :: 0
2018-06-12 22:29:44,129 [roverMain] INFO  space.exploration.mars.rover.kernel.Rover - Could not get timestamp for :: 0
2018-06-12 22:29:44,129 [roverMain] INFO  space.exploration.mars.rover.kernel.Rover - Could not get timestamp for :: 0
2018-06-12 22:29:44,129 [roverMain] INFO  space.exploration.mars.rover.kernel.Rover - Could not get timestamp for :: 0
2018-06-12 22:29:44,129 [roverMain] INFO  space.exploration.mars.rover.kernel.Rover - Could not get timestamp for :: 0
2018-06-12 22:29:44,129 [roverMain] INFO  space.exploration.mars.rover.kernel.Rover - Could not get timestamp for :: 0
2018-06-12 22:29:44,129 [roverMain] INFO  space.exploration.mars.rover.kernel.Rover - Could not get timestamp for :: 0
2018-06-12 22:29:44,129 [roverMain] INFO  space.exploration.mars.rover.kernel.Rover - Could not get timestamp for :: 0
2018-06-12 22:29:44,129 [roverMain] INFO  space.exploration.mars.rover.kernel.Rover - Could not get timestamp for :: 0
2018-06-12 22:29:44,129 [roverMain] INFO  space.exploration.mars.rover.kernel.Rover - Could not get timestamp for :: 0
2018-06-12 22:29:44,129 [roverMain] INFO  space.exploration.mars.rover.kernel.Rover - Could not get timestamp for :: 0
2018-06-12 22:29:44,129 [roverMain] INFO  space.exploration.mars.rover.kernel.Rover - Could not get timestamp for :: 0
2018-06-12 22:29:44,129 [roverMain] INFO  space.exploration.mars.rover.kernel.Rover - Could not get timestamp for :: 0
2018-06-12 22:29:44,129 [roverMain] INFO  space.exploration.mars.rover.kernel.Rover - Could not get timestamp for :: 0
2018-06-12 22:29:44,129 [roverMain] INFO  space.exploration.mars.rover.kernel.Rover - Could not get timestamp for :: 0
2018-06-12 22:29:44,130 [roverMain] INFO  space.exploration.mars.rover.kernel.Rover - Could not get timestamp for :: 0
2018-06-12 22:29:44,130 [roverMain] INFO  space.exploration.mars.rover.kernel.Rover - Could not get timestamp for :: 0
2018-06-12 22:29:44,130 [roverMain] INFO  space.exploration.mars.rover.kernel.Rover - Could not get timestamp for :: 0
2018-06-12 22:29:44,130 [roverMain] INFO  space.exploration.mars.rover.kernel.Rover - Could not get timestamp for :: 0
2018-06-12 22:29:44,130 [roverMain] INFO  space.exploration.mars.rover.kernel.Rover - Could not get timestamp for :: 0
2018-06-12 22:29:44,130 [roverMain] INFO  space.exploration.mars.rover.kernel.Rover - Could not get timestamp for :: 0
2018-06-12 22:29:44,130 [roverMain] INFO  space.exploration.mars.rover.kernel.Rover - Could not get timestamp for :: 0
2018-06-12 22:29:44,130 [roverMain] INFO  space.exploration.mars.rover.kernel.Rover - Could not get timestamp for :: 0
2018-06-12 22:29:44,130 [roverMain] INFO  space.exploration.mars.rover.kernel.Rover - Could not get timestamp for :: 0
2018-06-12 22:29:44,130 [roverMain] INFO  space.exploration.mars.rover.kernel.Rover - Could not get timestamp for :: 0
2018-06-12 22:29:44,130 [roverMain] INFO  space.exploration.mars.rover.kernel.Rover - Could not get timestamp for :: 0
2018-06-12 22:29:44,130 [roverMain] INFO  space.exploration.mars.rover.kernel.Rover - Could not get timestamp for :: 0
2018-06-12 22:29:44,130 [roverMain] INFO  space.exploration.mars.rover.kernel.Rover - Could not get timestamp for :: 0
2018-06-12 22:29:44,130 [roverMain] INFO  space.exploration.mars.rover.kernel.Rover - Could not get timestamp for :: 0
2018-06-12 22:29:44,130 [roverMain] INFO  space.exploration.mars.rover.kernel.Rover - Could not get timestamp for :: 0
2018-06-12 22:29:44,130 [roverMain] INFO  space.exploration.mars.rover.kernel.Rover - Could not get timestamp for :: 0
2018-06-12 22:29:44,130 [roverMain] INFO  space.exploration.mars.rover.kernel.Rover - Could not get timestamp for :: 0
2018-06-12 22:29:44,130 [roverMain] INFO  space.exploration.mars.rover.kernel.Rover - Could not get timestamp for :: 0
2018-06-12 22:29:44,130 [roverMain] INFO  space.exploration.mars.rover.kernel.Rover - Could not get timestamp for :: 0
2018-06-12 22:29:44,130 [roverMain] INFO  space.exploration.mars.rover.kernel.Rover - Could not get timestamp for :: 0
2018-06-12 22:29:44,130 [roverMain] INFO  space.exploration.mars.rover.kernel.Rover - Could not get timestamp for :: 0
2018-06-12 22:29:44,130 [roverMain] INFO  space.exploration.mars.rover.kernel.Rover - Could not get timestamp for :: 0
2018-06-12 22:29:44,131 [roverMain] INFO  space.exploration.mars.rover.kernel.Rover - Could not get timestamp for :: 0
2018-06-12 22:29:44,131 [roverMain] INFO  space.exploration.mars.rover.kernel.Rover - Could not get timestamp for :: 0
2018-06-12 22:29:44,131 [roverMain] INFO  space.exploration.mars.rover.kernel.Rover - Could not get timestamp for :: 0
2018-06-12 22:29:44,131 [roverMain] INFO  space.exploration.mars.rover.kernel.Rover - Could not get timestamp for :: 0
2018-06-12 22:29:44,131 [roverMain] INFO  space.exploration.mars.rover.kernel.Rover - Could not get timestamp for :: 0
2018-06-12 22:29:44,131 [roverMain] INFO  space.exploration.mars.rover.kernel.Rover - Could not get timestamp for :: 0
2018-06-12 22:29:44,131 [roverMain] INFO  space.exploration.mars.rover.kernel.Rover - Could not get timestamp for :: 0
2018-06-12 22:29:44,131 [roverMain] INFO  space.exploration.mars.rover.kernel.Rover - Could not get timestamp for :: 0
2018-06-12 22:29:44,131 [roverMain] INFO  space.exploration.mars.rover.kernel.Rover - Could not get timestamp for :: 0
2018-06-12 22:29:44,131 [roverMain] INFO  space.exploration.mars.rover.kernel.Rover - Could not get timestamp for :: 0
2018-06-12 22:29:44,131 [roverMain] INFO  space.exploration.mars.rover.kernel.Rover - Could not get timestamp for :: 0
2018-06-12 22:29:44,131 [roverMain] INFO  space.exploration.mars.rover.kernel.Rover - Could not get timestamp for :: 0
2018-06-12 22:29:44,131 [roverMain] INFO  space.exploration.mars.rover.kernel.Rover - Could not get timestamp for :: 0
2018-06-12 22:29:44,131 [roverMain] INFO  space.exploration.mars.rover.kernel.Rover - Could not get timestamp for :: 0
2018-06-12 22:29:44,131 [roverMain] INFO  space.exploration.mars.rover.kernel.Rover - Could not get timestamp for :: 0
2018-06-12 22:29:44,131 [roverMain] INFO  space.exploration.mars.rover.kernel.Rover - Could not get timestamp for :: 0
2018-06-12 22:29:44,131 [roverMain] INFO  space.exploration.mars.rover.kernel.Rover - Could not get timestamp for :: 0
2018-06-12 22:29:44,131 [roverMain] INFO  space.exploration.mars.rover.kernel.Rover - Could not get timestamp for :: 0
2018-06-12 22:29:44,131 [roverMain] INFO  space.exploration.mars.rover.kernel.Rover - Could not get timestamp for :: 0
2018-06-12 22:29:44,131 [roverMain] INFO  space.exploration.mars.rover.kernel.Rover - Could not get timestamp for :: 0
2018-06-12 22:29:44,131 [roverMain] INFO  space.exploration.mars.rover.kernel.Rover - Could not get timestamp for :: 0
2018-06-12 22:29:44,132 [roverMain] INFO  space.exploration.mars.rover.kernel.Rover - Could not get timestamp for :: 0
2018-06-12 22:29:44,132 [roverMain] INFO  space.exploration.mars.rover.kernel.Rover - Could not get timestamp for :: 0
2018-06-12 22:29:44,132 [roverMain] INFO  space.exploration.mars.rover.kernel.Rover - Could not get timestamp for :: 0
2018-06-12 22:29:44,132 [roverMain] INFO  space.exploration.mars.rover.kernel.Rover - Could not get timestamp for :: 0
2018-06-12 22:29:44,132 [roverMain] INFO  space.exploration.mars.rover.kernel.Rover - Could not get timestamp for :: 0
2018-06-12 22:29:44,132 [roverMain] INFO  space.exploration.mars.rover.kernel.Rover - Could not get timestamp for :: 0
2018-06-12 22:29:44,132 [roverMain] INFO  space.exploration.mars.rover.kernel.Rover - Could not get timestamp for :: 0
2018-06-12 22:29:44,132 [roverMain] INFO  space.exploration.mars.rover.kernel.Rover - Could not get timestamp for :: 0
2018-06-12 22:29:44,132 [roverMain] INFO  space.exploration.mars.rover.kernel.Rover - Could not get timestamp for :: 0
2018-06-12 22:29:44,132 [roverMain] INFO  space.exploration.mars.rover.kernel.Rover - Could not get timestamp for :: 0
2018-06-12 22:29:44,132 [roverMain] INFO  space.exploration.mars.rover.kernel.Rover - Could not get timestamp for :: 0
2018-06-12 22:29:44,132 [roverMain] INFO  space.exploration.mars.rover.kernel.Rover - Could not get timestamp for :: 0
2018-06-12 22:29:44,132 [roverMain] INFO  space.exploration.mars.rover.kernel.Rover - Could not get timestamp for :: 0
2018-06-12 22:29:44,132 [roverMain] INFO  space.exploration.mars.rover.kernel.Rover - Could not get timestamp for :: 0
2018-06-12 22:29:44,132 [roverMain] INFO  space.exploration.mars.rover.kernel.Rover - Could not get timestamp for :: 0
2018-06-12 22:29:44,132 [roverMain] INFO  space.exploration.mars.rover.kernel.Rover - Could not get timestamp for :: 0
2018-06-12 22:29:44,132 [roverMain] INFO  space.exploration.mars.rover.kernel.Rover - Could not get timestamp for :: 0
2018-06-12 22:29:44,132 [roverMain] INFO  space.exploration.mars.rover.kernel.Rover - Could not get timestamp for :: 0
2018-06-12 22:29:44,132 [roverMain] INFO  space.exploration.mars.rover.kernel.Rover - Could not get timestamp for :: 0
2018-06-12 22:29:44,132 [roverMain] INFO  space.exploration.mars.rover.kernel.Rover - Could not get timestamp for :: 0
2018-06-12 22:29:44,132 [roverMain] INFO  space.exploration.mars.rover.kernel.Rover - Could not get timestamp for :: 0
2018-06-12 22:29:44,132 [roverMain] INFO  space.exploration.mars.rover.kernel.Rover - Could not get timestamp for :: 0
2018-06-12 22:29:44,133 [roverMain] INFO  space.exploration.mars.rover.kernel.Rover - Could not get timestamp for :: 0
2018-06-12 22:29:44,133 [roverMain] INFO  space.exploration.mars.rover.kernel.Rover - Could not get timestamp for :: 0
2018-06-12 22:29:44,133 [roverMain] INFO  space.exploration.mars.rover.kernel.Rover - Could not get timestamp for :: 0
2018-06-12 22:29:44,133 [roverMain] INFO  space.exploration.mars.rover.kernel.Rover - Could not get timestamp for :: 0
2018-06-12 22:29:44,133 [roverMain] INFO  space.exploration.mars.rover.kernel.Rover - Could not get timestamp for :: 0
2018-06-12 22:29:44,133 [roverMain] INFO  space.exploration.mars.rover.kernel.Rover - Could not get timestamp for :: 0
2018-06-12 22:29:44,133 [roverMain] INFO  space.exploration.mars.rover.kernel.Rover - Could not get timestamp for :: 0
2018-06-12 22:29:44,133 [roverMain] INFO  space.exploration.mars.rover.kernel.Rover - Could not get timestamp for :: 0
2018-06-12 22:29:44,133 [roverMain] INFO  space.exploration.mars.rover.kernel.Rover - Could not get timestamp for :: 0
2018-06-12 22:29:44,133 [roverMain] INFO  space.exploration.mars.rover.kernel.Rover - Could not get timestamp for :: 0
2018-06-12 22:29:44,133 [roverMain] INFO  space.exploration.mars.rover.kernel.Rover - Could not get timestamp for :: 0
2018-06-12 22:29:44,133 [roverMain] INFO  space.exploration.mars.rover.kernel.Rover - Could not get timestamp for :: 0
2018-06-12 22:29:44,133 [roverMain] INFO  space.exploration.mars.rover.kernel.Rover - Could not get timestamp for :: 0
2018-06-12 22:29:44,133 [roverMain] INFO  space.exploration.mars.rover.kernel.Rover - Could not get timestamp for :: 0
2018-06-12 22:29:44,133 [roverMain] INFO  space.exploration.mars.rover.kernel.Rover - Could not get timestamp for :: 0
2018-06-12 22:29:44,134 [roverMain] INFO  space.exploration.mars.rover.kernel.Rover - Could not get timestamp for :: 0
2018-06-12 22:29:44,134 [roverMain] INFO  space.exploration.mars.rover.kernel.Rover - Could not get timestamp for :: 0
2018-06-12 22:29:44,134 [roverMain] INFO  space.exploration.mars.rover.kernel.Rover - Could not get timestamp for :: 0
2018-06-12 22:29:44,134 [roverMain] INFO  space.exploration.mars.rover.kernel.Rover - Could not get timestamp for :: 0
2018-06-12 22:29:44,134 [roverMain] INFO  space.exploration.mars.rover.kernel.Rover - Could not get timestamp for :: 0
2018-06-12 22:29:44,134 [roverMain] INFO  space.exploration.mars.rover.kernel.Rover - Could not get timestamp for :: 0
2018-06-12 22:29:44,134 [roverMain] INFO  space.exploration.mars.rover.kernel.Rover - Could not get timestamp for :: 0
2018-06-12 22:29:44,134 [roverMain] INFO  space.exploration.mars.rover.kernel.Rover - Deleted 0 old log files.
2018-06-12 22:29:44,136 [roverMain] INFO  space.exploration.mars.rover.kernel.Rover - marsRover launched with software version = 2.0
2018-06-12 22:29:45,201 [roverMain] INFO  space.exploration.mars.rover.kernel.SpacecraftClock - Valid utc time ranges are dictated by clockService as follows:
2018-06-12 22:29:45,201 [roverMain] INFO  space.exploration.mars.rover.kernel.SpacecraftClock - APPLICABLE_START_TIME=2000-001T11:58:55.816, APPLICABLE_STOP_TIME=2017-360T19:17:40.149
2018-06-12 22:29:45,202 [roverMain] INFO  space.exploration.mars.rover.kernel.SpacecraftClock - Given UTC = 2017-01-26~00:03:00
2018-06-12 22:29:45,202 [roverMain] INFO  space.exploration.mars.rover.kernel.SpacecraftClock - Please ensure that positionSensor and sclk are synchronized
2018-06-12 22:29:45,211 [roverMain] INFO  space.exploration.mars.rover.kernel.SpacecraftClock - Curiosity internal spacecraft clock started at :: 2017-01-26T06:03:00.000Z
2018-06-12 22:29:45,211 [roverMain] INFO  space.exploration.mars.rover.kernel.SpacecraftClock - Mission duration is set to :: 1 year(s).
2018-06-12 22:29:45,212 [roverMain] INFO  space.exploration.mars.rover.kernel.SpacecraftClock - Mission duration = 31536000000
2018-06-12 22:29:47,311 [roverMain] INFO  space.exploration.mars.rover.kernel.Rover - Rover + Curiosity states initialized. 
2018-06-12 22:29:47,315 [roverMain] INFO  space.exploration.mars.rover.diagnostics.Pacemaker - Pacemaker initialized
2018-06-12 22:29:48,316 [roverMain] INFO  space.exploration.mars.rover.diagnostics.SleepMonitor - SleepMonitor initialized and activated!
2018-06-12 22:29:49,320 [roverMain] INFO  space.exploration.mars.rover.diagnostics.RoverGarbageCollector - RoverGarbageCollector initialized
2018-06-12 22:29:49,320 [roverMain] INFO  space.exploration.mars.rover.diagnostics.RoverGarbageCollector - Starting garbageCollection
2018-06-12 22:29:51,322 [roverMain] INFO  space.exploration.mars.rover.kernel.Rover - Rover current position is = java.awt.Point[x=525,y=100]
2018-06-12 22:29:52,325 [roverMain] INFO  space.exploration.mars.rover.sensor.Lidar - Lidar initialized and ready!
2018-06-12 22:29:53,513 [roverMain] INFO  space.exploration.mars.rover.sensor.Camera - Camera initialized and ready!
2018-06-12 22:29:54,517 [roverMain] INFO  space.exploration.mars.rover.sensor.Radar - Radar configured:: 
2018-06-12 22:29:56,079 [roverMain] INFO  space.exploration.mars.rover.power.Battery - Battery configured, batteryLife:primaryPowerUnits = 1200 auxiliaryPowerUnits = 100 alertThreshold: 100 rechargeTime = 60000
2018-06-12 22:29:57,081 [roverMain] INFO  space.exploration.mars.rover.kernel.Rover - Battery Monitor configured!
2018-06-12 22:29:57,123 [roverMain] INFO  org.apache.kafka.clients.producer.ProducerConfig - ProducerConfig values: 
	metric.reporters = []
	metadata.max.age.ms = 300000
	reconnect.backoff.ms = 50
	sasl.kerberos.ticket.renew.window.factor = 0.8
	bootstrap.servers = [localhost:9092]
	ssl.keystore.type = JKS
	sasl.mechanism = GSSAPI
	max.block.ms = 60000
	interceptor.classes = null
	ssl.truststore.password = null
	client.id = 
	ssl.endpoint.identification.algorithm = null
	request.timeout.ms = 30000
	acks = 1
	receive.buffer.bytes = 32768
	ssl.truststore.type = JKS
	retries = 0
	ssl.truststore.location = null
	ssl.keystore.password = null
	send.buffer.bytes = 131072
	compression.type = none
	metadata.fetch.timeout.ms = 60000
	retry.backoff.ms = 100
	sasl.kerberos.kinit.cmd = /usr/bin/kinit
	buffer.memory = 33554432
	timeout.ms = 30000
	key.serializer = class org.apache.kafka.common.serialization.StringSerializer
	sasl.kerberos.service.name = null
	sasl.kerberos.ticket.renew.jitter = 0.05
	ssl.trustmanager.algorithm = PKIX
	block.on.buffer.full = false
	ssl.key.password = null
	sasl.kerberos.min.time.before.relogin = 60000
	connections.max.idle.ms = 540000
	max.in.flight.requests.per.connection = 5
	metrics.num.samples = 2
	ssl.protocol = TLS
	ssl.provider = null
	ssl.enabled.protocols = [TLSv1.2, TLSv1.1, TLSv1]
	batch.size = 16384
	ssl.keystore.location = null
	ssl.cipher.suites = null
	security.protocol = PLAINTEXT
	max.request.size = 1048576
	value.serializer = class org.apache.kafka.common.serialization.ByteArraySerializer
	ssl.keymanager.algorithm = SunX509
	metrics.sample.window.ms = 30000
	partitioner.class = class org.apache.kafka.clients.producer.internals.DefaultPartitioner
	linger.ms = 0

2018-06-12 22:29:57,180 [roverMain] INFO  org.apache.kafka.clients.producer.ProducerConfig - ProducerConfig values: 
	metric.reporters = []
	metadata.max.age.ms = 300000
	reconnect.backoff.ms = 50
	sasl.kerberos.ticket.renew.window.factor = 0.8
	bootstrap.servers = [localhost:9092]
	ssl.keystore.type = JKS
	sasl.mechanism = GSSAPI
	max.block.ms = 60000
	interceptor.classes = null
	ssl.truststore.password = null
	client.id = producer-1
	ssl.endpoint.identification.algorithm = null
	request.timeout.ms = 30000
	acks = 1
	receive.buffer.bytes = 32768
	ssl.truststore.type = JKS
	retries = 0
	ssl.truststore.location = null
	ssl.keystore.password = null
	send.buffer.bytes = 131072
	compression.type = none
	metadata.fetch.timeout.ms = 60000
	retry.backoff.ms = 100
	sasl.kerberos.kinit.cmd = /usr/bin/kinit
	buffer.memory = 33554432
	timeout.ms = 30000
	key.serializer = class org.apache.kafka.common.serialization.StringSerializer
	sasl.kerberos.service.name = null
	sasl.kerberos.ticket.renew.jitter = 0.05
	ssl.trustmanager.algorithm = PKIX
	block.on.buffer.full = false
	ssl.key.password = null
	sasl.kerberos.min.time.before.relogin = 60000
	connections.max.idle.ms = 540000
	max.in.flight.requests.per.connection = 5
	metrics.num.samples = 2
	ssl.protocol = TLS
	ssl.provider = null
	ssl.enabled.protocols = [TLSv1.2, TLSv1.1, TLSv1]
	batch.size = 16384
	ssl.keystore.location = null
	ssl.cipher.suites = null
	security.protocol = PLAINTEXT
	max.request.size = 1048576
	value.serializer = class org.apache.kafka.common.serialization.ByteArraySerializer
	ssl.keymanager.algorithm = SunX509
	metrics.sample.window.ms = 30000
	partitioner.class = class org.apache.kafka.clients.producer.internals.DefaultPartitioner
	linger.ms = 0

2018-06-12 22:29:57,181 [roverMain] WARN  org.apache.kafka.clients.producer.ProducerConfig - The configuration zookeeper.connect = localhost:2181 was supplied but isn't a known config.
2018-06-12 22:29:57,181 [roverMain] WARN  org.apache.kafka.clients.producer.ProducerConfig - The configuration group.id = space.exploration.mars.rover.curiosity.1528860584068 was supplied but isn't a known config.
2018-06-12 22:29:57,181 [roverMain] WARN  org.apache.kafka.clients.producer.ProducerConfig - The configuration source.topic = earth_to_curiosity_5 was supplied but isn't a known config.
2018-06-12 22:29:57,181 [roverMain] WARN  org.apache.kafka.clients.producer.ProducerConfig - The configuration auto.offset.reset = largest was supplied but isn't a known config.
2018-06-12 22:29:57,181 [roverMain] WARN  org.apache.kafka.clients.producer.ProducerConfig - The configuration metadata.broker.list = localhost:9092 was supplied but isn't a known config.
2018-06-12 22:29:57,181 [roverMain] WARN  org.apache.kafka.clients.producer.ProducerConfig - The configuration destination.topic = curiosity_to_earth_5 was supplied but isn't a known config.
2018-06-12 22:29:57,181 [roverMain] INFO  org.apache.kafka.common.utils.AppInfoParser - Kafka version : 0.10.0.1
2018-06-12 22:29:57,182 [roverMain] INFO  org.apache.kafka.common.utils.AppInfoParser - Kafka commitId : a7a17cdec9eaa6c5
2018-06-12 22:29:57,257 [roverMain] INFO          kafka.utils.VerifiableProperties - Verifying properties
2018-06-12 22:29:57,273 [roverMain] INFO          kafka.utils.VerifiableProperties - Property auto.offset.reset is overridden to largest
2018-06-12 22:29:57,274 [roverMain] WARN          kafka.utils.VerifiableProperties - Property bootstrap.servers is not valid
2018-06-12 22:29:57,274 [roverMain] WARN          kafka.utils.VerifiableProperties - Property destination.topic is not valid
2018-06-12 22:29:57,274 [roverMain] INFO          kafka.utils.VerifiableProperties - Property group.id is overridden to space.exploration.mars.rover.curiosity.1528860584068
2018-06-12 22:29:57,274 [roverMain] WARN          kafka.utils.VerifiableProperties - Property key.serializer is not valid
2018-06-12 22:29:57,274 [roverMain] WARN          kafka.utils.VerifiableProperties - Property metadata.broker.list is not valid
2018-06-12 22:29:57,274 [roverMain] WARN          kafka.utils.VerifiableProperties - Property source.topic is not valid
2018-06-12 22:29:57,274 [roverMain] WARN          kafka.utils.VerifiableProperties - Property value.serializer is not valid
2018-06-12 22:29:57,275 [roverMain] INFO          kafka.utils.VerifiableProperties - Property zookeeper.connect is overridden to localhost:2181
2018-06-12 22:29:57,326 [roverMain] INFO  kafka.consumer.ZookeeperConsumerConnector - [space.exploration.mars.rover.curiosity.1528860584068_zion-mainframe-1528860597325-13db42fc], Connecting to zookeeper instance at localhost:2181
2018-06-12 22:29:57,331 [ZkClient-EventThread-31-localhost:2181] INFO         org.I0Itec.zkclient.ZkEventThread - Starting ZkClient event thread.
2018-06-12 22:29:57,334 [roverMain] INFO            org.apache.zookeeper.ZooKeeper - Client environment:zookeeper.version=3.4.6-1569965, built on 02/20/2014 09:09 GMT
2018-06-12 22:29:57,334 [roverMain] INFO            org.apache.zookeeper.ZooKeeper - Client environment:host.name=zion-mainframe
2018-06-12 22:29:57,334 [roverMain] INFO            org.apache.zookeeper.ZooKeeper - Client environment:java.version=1.8.0_171
2018-06-12 22:29:57,334 [roverMain] INFO            org.apache.zookeeper.ZooKeeper - Client environment:java.vendor=Oracle Corporation
2018-06-12 22:29:57,334 [roverMain] INFO            org.apache.zookeeper.ZooKeeper - Client environment:java.home=/usr/lib/jvm/java-8-openjdk-amd64/jre
2018-06-12 22:29:57,334 [roverMain] INFO            org.apache.zookeeper.ZooKeeper - Client environment:java.class.path=target/mars.rover-2.0-SOLSHOT-shaded.jar
2018-06-12 22:29:57,334 [roverMain] INFO            org.apache.zookeeper.ZooKeeper - Client environment:java.library.path=/usr/java/packages/lib/amd64:/usr/lib/x86_64-linux-gnu/jni:/lib/x86_64-linux-gnu:/usr/lib/x86_64-linux-gnu:/usr/lib/jni:/lib:/usr/lib
2018-06-12 22:29:57,334 [roverMain] INFO            org.apache.zookeeper.ZooKeeper - Client environment:java.io.tmpdir=/tmp
2018-06-12 22:29:57,334 [roverMain] INFO            org.apache.zookeeper.ZooKeeper - Client environment:java.compiler=<NA>
2018-06-12 22:29:57,334 [roverMain] INFO            org.apache.zookeeper.ZooKeeper - Client environment:os.name=Linux
2018-06-12 22:29:57,334 [roverMain] INFO            org.apache.zookeeper.ZooKeeper - Client environment:os.arch=amd64
2018-06-12 22:29:57,334 [roverMain] INFO            org.apache.zookeeper.ZooKeeper - Client environment:os.version=4.13.0-43-generic
2018-06-12 22:29:57,334 [roverMain] INFO            org.apache.zookeeper.ZooKeeper - Client environment:user.name=sanket
2018-06-12 22:29:57,334 [roverMain] INFO            org.apache.zookeeper.ZooKeeper - Client environment:user.home=/home/sanket
2018-06-12 22:29:57,334 [roverMain] INFO            org.apache.zookeeper.ZooKeeper - Client environment:user.dir=/home/sanket/Documents/workspace/MarsRover/mars.rover
2018-06-12 22:29:57,334 [roverMain] INFO            org.apache.zookeeper.ZooKeeper - Initiating client connection, connectString=localhost:2181 sessionTimeout=6000 watcher=org.I0Itec.zkclient.ZkClient@41c2284a
2018-06-12 22:29:57,340 [roverMain] INFO              org.I0Itec.zkclient.ZkClient - Waiting for keeper state SyncConnected
2018-06-12 22:29:57,341 [roverMain-SendThread(localhost:2181)] INFO           org.apache.zookeeper.ClientCnxn - Opening socket connection to server localhost/127.0.0.1:2181. Will not attempt to authenticate using SASL (unknown error)
2018-06-12 22:29:57,344 [roverMain-SendThread(localhost:2181)] INFO           org.apache.zookeeper.ClientCnxn - Socket connection established to localhost/127.0.0.1:2181, initiating session
2018-06-12 22:29:57,348 [roverMain-SendThread(localhost:2181)] INFO           org.apache.zookeeper.ClientCnxn - Session establishment complete on server localhost/127.0.0.1:2181, sessionid = 0x163f17fc619000a, negotiated timeout = 6000
2018-06-12 22:29:57,349 [roverMain-EventThread] INFO              org.I0Itec.zkclient.ZkClient - zookeeper state changed (SyncConnected)
2018-06-12 22:29:57,355 [roverMain] INFO  kafka.consumer.ZookeeperConsumerConnector - [space.exploration.mars.rover.curiosity.1528860584068_zion-mainframe-1528860597325-13db42fc], starting auto committer every 60000 ms
2018-06-12 22:29:57,374 [radio] INFO  kafka.consumer.ZookeeperConsumerConnector - [space.exploration.mars.rover.curiosity.1528860584068_zion-mainframe-1528860597325-13db42fc], begin registering consumer space.exploration.mars.rover.curiosity.1528860584068_zion-mainframe-1528860597325-13db42fc in ZK
2018-06-12 22:29:57,393 [radio] INFO            kafka.utils.ZKCheckedEphemeral - Creating /consumers/space.exploration.mars.rover.curiosity.1528860584068/ids/space.exploration.mars.rover.curiosity.1528860584068_zion-mainframe-1528860597325-13db42fc (is it secure? false)
2018-06-12 22:29:57,403 [radio] INFO            kafka.utils.ZKCheckedEphemeral - Result of znode creation is: OK
2018-06-12 22:29:57,403 [radio] INFO  kafka.consumer.ZookeeperConsumerConnector - [space.exploration.mars.rover.curiosity.1528860584068_zion-mainframe-1528860597325-13db42fc], end registering consumer space.exploration.mars.rover.curiosity.1528860584068_zion-mainframe-1528860597325-13db42fc in ZK
2018-06-12 22:29:57,406 [space.exploration.mars.rover.curiosity.1528860584068_zion-mainframe-1528860597325-13db42fc_watcher_executor] INFO  kafka.consumer.ZookeeperConsumerConnector - [space.exploration.mars.rover.curiosity.1528860584068_zion-mainframe-1528860597325-13db42fc], starting watcher executor thread for consumer space.exploration.mars.rover.curiosity.1528860584068_zion-mainframe-1528860597325-13db42fc
2018-06-12 22:29:57,415 [radio] INFO  kafka.consumer.ZookeeperConsumerConnector - [space.exploration.mars.rover.curiosity.1528860584068_zion-mainframe-1528860597325-13db42fc], begin rebalancing consumer space.exploration.mars.rover.curiosity.1528860584068_zion-mainframe-1528860597325-13db42fc try #0
2018-06-12 22:29:57,471 [radio] INFO     kafka.consumer.ConsumerFetcherManager - [ConsumerFetcherManager-1528860597354] Stopping leader finder thread
2018-06-12 22:29:57,472 [radio] INFO     kafka.consumer.ConsumerFetcherManager - [ConsumerFetcherManager-1528860597354] Stopping all fetchers
2018-06-12 22:29:57,472 [radio] INFO     kafka.consumer.ConsumerFetcherManager - [ConsumerFetcherManager-1528860597354] All connections stopped
2018-06-12 22:29:57,472 [radio] INFO  kafka.consumer.ZookeeperConsumerConnector - [space.exploration.mars.rover.curiosity.1528860584068_zion-mainframe-1528860597325-13db42fc], Cleared all relevant queues for this fetcher
2018-06-12 22:29:57,473 [radio] INFO  kafka.consumer.ZookeeperConsumerConnector - [space.exploration.mars.rover.curiosity.1528860584068_zion-mainframe-1528860597325-13db42fc], Cleared the data chunks in all the consumer message iterators
2018-06-12 22:29:57,473 [radio] INFO  kafka.consumer.ZookeeperConsumerConnector - [space.exploration.mars.rover.curiosity.1528860584068_zion-mainframe-1528860597325-13db42fc], Committing all offsets after clearing the fetcher queues
2018-06-12 22:29:57,473 [radio] INFO  kafka.consumer.ZookeeperConsumerConnector - [space.exploration.mars.rover.curiosity.1528860584068_zion-mainframe-1528860597325-13db42fc], Releasing partition ownership
2018-06-12 22:29:57,493 [radio] INFO              kafka.consumer.RangeAssignor - Consumer space.exploration.mars.rover.curiosity.1528860584068_zion-mainframe-1528860597325-13db42fc rebalancing the following partitions: ArrayBuffer(0) for topic earth_to_curiosity_5 with consumers: List(space.exploration.mars.rover.curiosity.1528860584068_zion-mainframe-1528860597325-13db42fc-0)
2018-06-12 22:29:57,493 [radio] INFO              kafka.consumer.RangeAssignor - space.exploration.mars.rover.curiosity.1528860584068_zion-mainframe-1528860597325-13db42fc-0 attempting to claim partition 0
2018-06-12 22:29:57,516 [radio] INFO  kafka.consumer.ZookeeperConsumerConnector - [space.exploration.mars.rover.curiosity.1528860584068_zion-mainframe-1528860597325-13db42fc], space.exploration.mars.rover.curiosity.1528860584068_zion-mainframe-1528860597325-13db42fc-0 successfully owned partition 0 for topic earth_to_curiosity_5
2018-06-12 22:29:57,525 [radio] INFO  kafka.consumer.ZookeeperConsumerConnector - [space.exploration.mars.rover.curiosity.1528860584068_zion-mainframe-1528860597325-13db42fc], Consumer space.exploration.mars.rover.curiosity.1528860584068_zion-mainframe-1528860597325-13db42fc selected partitions : earth_to_curiosity_5:0: fetched offset = -1: consumed offset = -1
2018-06-12 22:29:57,526 [space.exploration.mars.rover.curiosity.1528860584068_zion-mainframe-1528860597325-13db42fc-leader-finder-thread] INFO  kafka.consumer.ConsumerFetcherManager$LeaderFinderThread - [space.exploration.mars.rover.curiosity.1528860584068_zion-mainframe-1528860597325-13db42fc-leader-finder-thread], Starting 
2018-06-12 22:29:57,527 [radio] INFO  kafka.consumer.ZookeeperConsumerConnector - [space.exploration.mars.rover.curiosity.1528860584068_zion-mainframe-1528860597325-13db42fc], end rebalancing consumer space.exploration.mars.rover.curiosity.1528860584068_zion-mainframe-1528860597325-13db42fc try #0
2018-06-12 22:29:57,539 [space.exploration.mars.rover.curiosity.1528860584068_zion-mainframe-1528860597325-13db42fc-leader-finder-thread] INFO          kafka.utils.VerifiableProperties - Verifying properties
2018-06-12 22:29:57,539 [space.exploration.mars.rover.curiosity.1528860584068_zion-mainframe-1528860597325-13db42fc-leader-finder-thread] INFO          kafka.utils.VerifiableProperties - Property client.id is overridden to space.exploration.mars.rover.curiosity.1528860584068
2018-06-12 22:29:57,539 [space.exploration.mars.rover.curiosity.1528860584068_zion-mainframe-1528860597325-13db42fc-leader-finder-thread] INFO          kafka.utils.VerifiableProperties - Property metadata.broker.list is overridden to zion-mainframe:9092
2018-06-12 22:29:57,539 [space.exploration.mars.rover.curiosity.1528860584068_zion-mainframe-1528860597325-13db42fc-leader-finder-thread] INFO          kafka.utils.VerifiableProperties - Property request.timeout.ms is overridden to 30000
2018-06-12 22:29:57,551 [space.exploration.mars.rover.curiosity.1528860584068_zion-mainframe-1528860597325-13db42fc-leader-finder-thread] INFO                 kafka.client.ClientUtils$ - Fetching metadata from broker BrokerEndPoint(0,zion-mainframe,9092) with correlation id 0 for 1 topic(s) Set(earth_to_curiosity_5)
2018-06-12 22:29:57,554 [space.exploration.mars.rover.curiosity.1528860584068_zion-mainframe-1528860597325-13db42fc-leader-finder-thread] INFO               kafka.producer.SyncProducer - Connected to zion-mainframe:9092 for producing
2018-06-12 22:29:57,563 [space.exploration.mars.rover.curiosity.1528860584068_zion-mainframe-1528860597325-13db42fc-leader-finder-thread] INFO               kafka.producer.SyncProducer - Disconnecting from zion-mainframe:9092
2018-06-12 22:29:57,577 [ConsumerFetcherThread-space.exploration.mars.rover.curiosity.1528860584068_zion-mainframe-1528860597325-13db42fc-0-0] INFO      kafka.consumer.ConsumerFetcherThread - [ConsumerFetcherThread-space.exploration.mars.rover.curiosity.1528860584068_zion-mainframe-1528860597325-13db42fc-0-0], Starting 
2018-06-12 22:29:57,588 [space.exploration.mars.rover.curiosity.1528860584068_zion-mainframe-1528860597325-13db42fc-leader-finder-thread] INFO     kafka.consumer.ConsumerFetcherManager - [ConsumerFetcherManager-1528860597354] Added fetcher for partitions ArrayBuffer([[earth_to_curiosity_5,0], initOffset -1 to broker BrokerEndPoint(0,zion-mainframe,9092)] )
2018-06-12 22:29:58,357 [roverMain] INFO  space.exploration.mars.rover.communication.Radio - Radio configured:: 
group.id::space.exploration.mars.rover.curiosity.1528860584068
auto.offset.reset::largest
bootstrap.servers::localhost:9092
value.serializer::org.apache.kafka.common.serialization.ByteArraySerializer
destination.topic::curiosity_to_earth_5
zookeeper.connect::localhost:2181
key.serializer::org.apache.kafka.common.serialization.StringSerializer
source.topic::earth_to_curiosity_5
metadata.broker.list::localhost:9092
2018-06-12 22:29:59,358 [roverMain] INFO  space.exploration.mars.rover.sensor.Radar - Radar configured:: 
2018-06-12 22:30:05,547 [roverMain] INFO  space.exploration.mars.rover.communication.Radio - Message encryption successful.
2018-06-12 22:30:05,565 [roverMain] INFO  space.exploration.mars.rover.communication.Transmitter - Sending information packet to curiosity_to_earth_5
2018-06-12 22:30:08,567 [spacecraftClock] INFO  space.exploration.mars.rover.sensor.DANSpectrometer - Commencing calibration for DAN Spectrometer for sol = 1590
2018-06-12 22:30:09,323 [spacecraftClock] INFO  space.exploration.mars.rover.utils.FileUtil - File /home/sanket/Documents/workspace/MarsRover/mars.rover/dataArchives/APXS/1590/ does not exist. Trying to create it now.
2018-06-12 22:30:09,323 [spacecraftClock] INFO  space.exploration.mars.rover.utils.FileUtil - Successfully created /home/sanket/Documents/workspace/MarsRover/mars.rover/dataArchives/APXS/1590/
2018-06-12 22:30:09,367 [spacecraftClock] ERROR space.exploration.mars.rover.service.ApxsDataService -  Could not find data files for sol = 1590 url = http://pds-geosciences.wustl.edu/msl/msl-m-apxs-4_5-rdr-v1/mslapx_1xxx/data/sol01590/
org.jsoup.HttpStatusException: HTTP error fetching URL. Status=404, URL=http://pds-geosciences.wustl.edu/msl/msl-m-apxs-4_5-rdr-v1/mslapx_1xxx/data/sol01590/
	at org.jsoup.helper.HttpConnection$Response.execute(HttpConnection.java:537)
	at org.jsoup.helper.HttpConnection$Response.execute(HttpConnection.java:493)
	at org.jsoup.helper.HttpConnection.execute(HttpConnection.java:205)
	at org.jsoup.helper.HttpConnection.get(HttpConnection.java:194)
	at space.exploration.mars.rover.service.ApxsDataService.getTargetURL(ApxsDataService.java:52)
	at space.exploration.mars.rover.service.ApxsDataService.<init>(ApxsDataService.java:25)
	at space.exploration.mars.rover.sensor.ApxsSpectrometer.calibrateApxsSpectrometer(ApxsSpectrometer.java:39)
	at space.exploration.mars.rover.kernel.Rover.updateSensors(Rover.java:344)
	at space.exploration.mars.rover.kernel.SpacecraftClock$Clock.run(SpacecraftClock.java:225)
	at java.util.concurrent.Executors$RunnableAdapter.call(Executors.java:511)
	at java.util.concurrent.FutureTask.runAndReset(FutureTask.java:308)
	at java.util.concurrent.ScheduledThreadPoolExecutor$ScheduledFutureTask.access$301(ScheduledThreadPoolExecutor.java:180)
	at java.util.concurrent.ScheduledThreadPoolExecutor$ScheduledFutureTask.run(ScheduledThreadPoolExecutor.java:294)
	at java.util.concurrent.ThreadPoolExecutor.runWorker(ThreadPoolExecutor.java:1149)
	at java.util.concurrent.ThreadPoolExecutor$Worker.run(ThreadPoolExecutor.java:624)
	at java.lang.Thread.run(Thread.java:748)
2018-06-12 22:30:09,368 [spacecraftClock] INFO  space.exploration.mars.rover.utils.FileUtil - File at /home/sanket/Documents/workspace/MarsRover/mars.rover/dataArchives/APXS/1590/ exists - will delete it now.
2018-06-12 22:30:09,368 [spacecraftClock] ERROR space.exploration.mars.rover.sensor.ApxsSpectrometer - ApxsData not available for sol = 1590
java.net.MalformedURLException
	at java.net.URL.<init>(URL.java:627)
	at java.net.URL.<init>(URL.java:490)
	at java.net.URL.<init>(URL.java:439)
	at space.exploration.mars.rover.utils.ServiceUtil.download(ServiceUtil.java:15)
	at space.exploration.mars.rover.utils.ServiceUtil.downloadCsv(ServiceUtil.java:40)
	at space.exploration.mars.rover.service.ApxsDataService.<init>(ApxsDataService.java:27)
	at space.exploration.mars.rover.sensor.ApxsSpectrometer.calibrateApxsSpectrometer(ApxsSpectrometer.java:39)
	at space.exploration.mars.rover.kernel.Rover.updateSensors(Rover.java:344)
	at space.exploration.mars.rover.kernel.SpacecraftClock$Clock.run(SpacecraftClock.java:225)
	at java.util.concurrent.Executors$RunnableAdapter.call(Executors.java:511)
	at java.util.concurrent.FutureTask.runAndReset(FutureTask.java:308)
	at java.util.concurrent.ScheduledThreadPoolExecutor$ScheduledFutureTask.access$301(ScheduledThreadPoolExecutor.java:180)
	at java.util.concurrent.ScheduledThreadPoolExecutor$ScheduledFutureTask.run(ScheduledThreadPoolExecutor.java:294)
	at java.util.concurrent.ThreadPoolExecutor.runWorker(ThreadPoolExecutor.java:1149)
	at java.util.concurrent.ThreadPoolExecutor$Worker.run(ThreadPoolExecutor.java:624)
	at java.lang.Thread.run(Thread.java:748)
Caused by: java.lang.NullPointerException
	at java.net.URL.<init>(URL.java:532)
	... 15 more
2018-06-12 22:30:09,369 [sleepMonitor] INFO  space.exploration.mars.rover.animation.SleepingAnimationEngine - Rover is sleeping now
2018-06-12 22:30:27,081 [batteryMonitor] INFO  space.exploration.mars.rover.power.BatteryMonitor - BatteryMonitor performing due diligence. SCET = 1528860627081 Rover state = Sleeping State
2018-06-12 22:30:27,081 [batteryMonitor] INFO  space.exploration.mars.rover.power.BatteryMonitor -  Battery primaryUnits = 1200 auxiliaryPowerUnits = 100
2018-06-12 22:30:47,316 [pacemaker] INFO  space.exploration.mars.rover.diagnostics.Pacemaker - Diagnostics inhibited because rover is sleeping to conserve battery Current instructionQueue length = 0
2018-06-12 22:30:48,316 [sleepMonitor] INFO  space.exploration.mars.rover.diagnostics.SleepMonitor - Awakening rover from slumber
2018-06-12 22:30:48,317 [sleepMonitor] INFO  space.exploration.mars.rover.animation.SleepingAnimationEngine - Waking up rover
2018-06-12 22:30:48,317 [sleepBreather] INFO  space.exploration.mars.rover.animation.SleepBreather - Sleep animation interrupted.
2018-06-12 22:30:57,081 [batteryMonitor] INFO  space.exploration.mars.rover.power.BatteryMonitor - BatteryMonitor performing due diligence. SCET = 1528860657081 Rover state = Listening State
2018-06-12 22:30:57,081 [batteryMonitor] INFO  space.exploration.mars.rover.power.BatteryMonitor -  Battery primaryUnits = 1200 auxiliaryPowerUnits = 100
2018-06-12 22:31:27,080 [batteryMonitor] INFO  space.exploration.mars.rover.power.BatteryMonitor - BatteryMonitor performing due diligence. SCET = 1528860687080 Rover state = Listening State
2018-06-12 22:31:27,081 [batteryMonitor] INFO  space.exploration.mars.rover.power.BatteryMonitor -  Battery primaryUnits = 1200 auxiliaryPowerUnits = 100
2018-06-12 22:31:47,442 [pacemaker] INFO  space.exploration.mars.rover.kernel.PositionSensor - Houston - this is curiosityActual.ephemerisTime: 5.38668369184639E8
stateCuriosity: 2.70522163435E8
stateCuriosity: -7115943.229
stateCuriosity: -5477186.064
stateCuriosity: 13.217
stateCuriosity: 36.996
stateCuriosity: 16.774
owltMSLEarth: 902.862
stateEarth: -2.70489582638E8
stateEarth: 7115088.165
stateEarth: 5476529.355
stateEarth: -13.21
stateEarth: -36.992
stateEarth: -16.772
owltEarthMSL: 902.753
positionEarthWRTCuriosity: -2.70489582638E8
positionEarthWRTCuriosity: 7115088.165
positionEarthWRTCuriosity: 5476529.355
owltEarthMSL2: 902.753
angSepHGAEarth: 141.763
utcTime: "2017-01-26~02:05:00"
sol: 1590
sclkValue: " 1/01590:18:40:17:15795"

2018-06-12 22:31:47,477 [pacemaker] INFO  space.exploration.mars.rover.kernel.PositionSensor - ephemerisTime: 5.38668369184639E8
stateCuriosity: 2.70522163435E8
stateCuriosity: -7115943.229
stateCuriosity: -5477186.064
stateCuriosity: 13.217
stateCuriosity: 36.996
stateCuriosity: 16.774
owltMSLEarth: 902.862
stateEarth: -2.70489582638E8
stateEarth: 7115088.165
stateEarth: 5476529.355
stateEarth: -13.21
stateEarth: -36.992
stateEarth: -16.772
owltEarthMSL: 902.753
positionEarthWRTCuriosity: -2.70489582638E8
positionEarthWRTCuriosity: 7115088.165
positionEarthWRTCuriosity: 5476529.355
owltEarthMSL2: 902.753
angSepHGAEarth: 141.763
utcTime: "2017-01-26~02:05:00"
sol: 1590
sclkValue: " 1/01590:18:40:17:15795"

2018-06-12 22:31:47,482 [pacemaker] INFO  space.exploration.mars.rover.kernel.SpacecraftClock - Internal time::2017-01-26T02:06:00.000-06:00 sclk of::1/01590:18:41:15:55260
2018-06-12 22:31:53,556 [pacemaker] INFO  space.exploration.mars.rover.kernel.PositionSensor - Houston - this is curiosityActual.ephemerisTime: 5.3866872918464E8
stateCuriosity: 2.70526920576E8
stateCuriosity: -7102623.89
stateCuriosity: -5471146.707
stateCuriosity: 13.212
stateCuriosity: 37.001
stateCuriosity: 16.778
owltMSLEarth: 902.876
stateEarth: -2.70494337157E8
stateEarth: 7101770.26
stateEarth: 5470490.699
stateEarth: -13.204
stateEarth: -36.997
stateEarth: -16.776
owltEarthMSL: 902.767
positionEarthWRTCuriosity: -2.70494337157E8
positionEarthWRTCuriosity: 7101770.26
positionEarthWRTCuriosity: 5470490.699
owltEarthMSL2: 902.767
angSepHGAEarth: 142.258
utcTime: "2017-01-26~02:11:00"
sol: 1590
sclkValue: " 1/01590:18:46:07:52589"

2018-06-12 22:31:53,599 [pacemaker] INFO  space.exploration.mars.rover.kernel.PositionSensor - ephemerisTime: 5.3866872918464E8
stateCuriosity: 2.70526920576E8
stateCuriosity: -7102623.89
stateCuriosity: -5471146.707
stateCuriosity: 13.212
stateCuriosity: 37.001
stateCuriosity: 16.778
owltMSLEarth: 902.876
stateEarth: -2.70494337157E8
stateEarth: 7101770.26
stateEarth: 5470490.699
stateEarth: -13.204
stateEarth: -36.997
stateEarth: -16.776
owltEarthMSL: 902.767
positionEarthWRTCuriosity: -2.70494337157E8
positionEarthWRTCuriosity: 7101770.26
positionEarthWRTCuriosity: 5470490.699
owltEarthMSL2: 902.767
angSepHGAEarth: 142.258
utcTime: "2017-01-26~02:11:00"
sol: 1590
sclkValue: " 1/01590:18:46:07:52589"

2018-06-12 22:31:53,599 [pacemaker] INFO  space.exploration.mars.rover.communication.Radio - One Way Light Time computed by SPICE :: 902.876
2018-06-12 22:31:53,631 [pacemaker] INFO  space.exploration.mars.rover.communication.Radio - Message encryption successful.
2018-06-12 22:31:53,631 [pacemaker] INFO  space.exploration.mars.rover.communication.Transmitter - Sending information packet to curiosity_to_earth_5
2018-06-12 22:31:57,080 [batteryMonitor] INFO  space.exploration.mars.rover.power.BatteryMonitor - BatteryMonitor performing due diligence. SCET = 1528860717080 Rover state = Listening State
2018-06-12 22:31:57,081 [batteryMonitor] INFO  space.exploration.mars.rover.power.BatteryMonitor -  Battery primaryUnits = 1199 auxiliaryPowerUnits = 100
2018-06-12 22:32:27,080 [batteryMonitor] INFO  space.exploration.mars.rover.power.BatteryMonitor - BatteryMonitor performing due diligence. SCET = 1528860747080 Rover state = Listening State
2018-06-12 22:32:27,081 [batteryMonitor] INFO  space.exploration.mars.rover.power.BatteryMonitor -  Battery primaryUnits = 1199 auxiliaryPowerUnits = 100
2018-06-12 22:32:47,386 [pacemaker] INFO  space.exploration.mars.rover.kernel.PositionSensor - Houston - this is curiosityActual.ephemerisTime: 5.38671969184641E8
stateCuriosity: 2.70569650306E8
stateCuriosity: -6982669.04
stateCuriosity: -5416725.094
stateCuriosity: 13.163
stateCuriosity: 37.044
stateCuriosity: 16.816
owltMSLEarth: 903.004
stateEarth: -2.7053703883E8
stateEarth: 6981828.105
stateEarth: 5416075.2
stateEarth: -13.153
stateEarth: -37.04
stateEarth: -16.814
owltEarthMSL: 902.896
positionEarthWRTCuriosity: -2.7053703883E8
positionEarthWRTCuriosity: 6981828.105
positionEarthWRTCuriosity: 5416075.2
owltEarthMSL2: 902.896
angSepHGAEarth: 144.41
utcTime: "2017-01-26~03:05:00"
sol: 1590
sclkValue: " 1/01590:19:38:40:83742"

2018-06-12 22:32:47,420 [pacemaker] INFO  space.exploration.mars.rover.kernel.PositionSensor - ephemerisTime: 5.38671969184641E8
stateCuriosity: 2.70569650306E8
stateCuriosity: -6982669.04
stateCuriosity: -5416725.094
stateCuriosity: 13.163
stateCuriosity: 37.044
stateCuriosity: 16.816
owltMSLEarth: 903.004
stateEarth: -2.7053703883E8
stateEarth: 6981828.105
stateEarth: 5416075.2
stateEarth: -13.153
stateEarth: -37.04
stateEarth: -16.814
owltEarthMSL: 902.896
positionEarthWRTCuriosity: -2.7053703883E8
positionEarthWRTCuriosity: 6981828.105
positionEarthWRTCuriosity: 5416075.2
owltEarthMSL2: 902.896
angSepHGAEarth: 144.41
utcTime: "2017-01-26~03:05:00"
sol: 1590
sclkValue: " 1/01590:19:38:40:83742"

2018-06-12 22:32:47,420 [pacemaker] INFO  space.exploration.mars.rover.kernel.SpacecraftClock - Internal time::2017-01-26T03:06:00.000-06:00 sclk of::1/01590:19:39:39:23208
2018-06-12 22:32:53,516 [pacemaker] INFO  space.exploration.mars.rover.kernel.PositionSensor - Houston - this is curiosityActual.ephemerisTime: 5.38672329184641E8
stateCuriosity: 2.70574387919E8
stateCuriosity: -6969332.457
stateCuriosity: -5410670.707
stateCuriosity: 13.157
stateCuriosity: 37.048
stateCuriosity: 16.82
owltMSLEarth: 903.019
stateEarth: -2.70541772868E8
stateEarth: 6968492.91
stateEarth: 5410021.472
stateEarth: -13.147
stateEarth: -37.044
stateEarth: -16.818
owltEarthMSL: 902.91
positionEarthWRTCuriosity: -2.70541772868E8
positionEarthWRTCuriosity: 6968492.91
positionEarthWRTCuriosity: 5410021.472
owltEarthMSL2: 902.91
angSepHGAEarth: 144.374
utcTime: "2017-01-26~03:11:00"
sol: 1590
sclkValue: " 1/01590:19:44:31:20537"

2018-06-12 22:32:53,551 [pacemaker] INFO  space.exploration.mars.rover.kernel.PositionSensor - ephemerisTime: 5.38672329184641E8
stateCuriosity: 2.70574387919E8
stateCuriosity: -6969332.457
stateCuriosity: -5410670.707
stateCuriosity: 13.157
stateCuriosity: 37.048
stateCuriosity: 16.82
owltMSLEarth: 903.019
stateEarth: -2.70541772868E8
stateEarth: 6968492.91
stateEarth: 5410021.472
stateEarth: -13.147
stateEarth: -37.044
stateEarth: -16.818
owltEarthMSL: 902.91
positionEarthWRTCuriosity: -2.70541772868E8
positionEarthWRTCuriosity: 6968492.91
positionEarthWRTCuriosity: 5410021.472
owltEarthMSL2: 902.91
angSepHGAEarth: 144.374
utcTime: "2017-01-26~03:11:00"
sol: 1590
sclkValue: " 1/01590:19:44:31:20537"

2018-06-12 22:32:53,551 [pacemaker] INFO  space.exploration.mars.rover.communication.Radio - One Way Light Time computed by SPICE :: 903.019
2018-06-12 22:32:53,577 [pacemaker] INFO  space.exploration.mars.rover.communication.Radio - Message encryption successful.
2018-06-12 22:32:53,578 [pacemaker] INFO  space.exploration.mars.rover.communication.Transmitter - Sending information packet to curiosity_to_earth_5
2018-06-12 22:32:56,581 [sleepMonitor] INFO  space.exploration.mars.rover.animation.SleepingAnimationEngine - Rover is sleeping now
2018-06-12 22:32:57,080 [batteryMonitor] INFO  space.exploration.mars.rover.power.BatteryMonitor - BatteryMonitor performing due diligence. SCET = 1528860777080 Rover state = Sleeping State
2018-06-12 22:32:57,081 [batteryMonitor] INFO  space.exploration.mars.rover.power.BatteryMonitor -  Battery primaryUnits = 1198 auxiliaryPowerUnits = 100
2018-06-12 22:33:06,163 [radio] INFO  space.exploration.mars.rover.communication.Receiver - Time Elapsed since last message = 188806
2018-06-12 22:33:06,198 [radio] INFO  space.exploration.mars.rover.kernel.PositionSensor - Houston - this is curiosityActual.ephemerisTime: 5.38673049184641E8
stateCuriosity: 2.70583856609E8
stateCuriosity: -6942654.828
stateCuriosity: -5398557.409
stateCuriosity: 13.145
stateCuriosity: 37.056
stateCuriosity: 16.828
owltMSLEarth: 903.047
stateEarth: -2.70551234159E8
stateEarth: 6941818.049
stateEarth: 5397909.479
stateEarth: -13.134
stateEarth: -37.052
stateEarth: -16.826
owltEarthMSL: 902.938
positionEarthWRTCuriosity: -2.70551234159E8
positionEarthWRTCuriosity: 6941818.049
positionEarthWRTCuriosity: 5397909.479
owltEarthMSL2: 902.938
angSepHGAEarth: 144.134
utcTime: "2017-01-26~03:23:00"
sol: 1590
sclkValue: " 1/01590:19:56:11:94126"

2018-06-12 22:33:06,237 [radio] INFO  space.exploration.mars.rover.kernel.PositionSensor - ephemerisTime: 5.38673049184641E8
stateCuriosity: 2.70583856609E8
stateCuriosity: -6942654.828
stateCuriosity: -5398557.409
stateCuriosity: 13.145
stateCuriosity: 37.056
stateCuriosity: 16.828
owltMSLEarth: 903.047
stateEarth: -2.70551234159E8
stateEarth: 6941818.049
stateEarth: 5397909.479
stateEarth: -13.134
stateEarth: -37.052
stateEarth: -16.826
owltEarthMSL: 902.938
positionEarthWRTCuriosity: -2.70551234159E8
positionEarthWRTCuriosity: 6941818.049
positionEarthWRTCuriosity: 5397909.479
owltEarthMSL2: 902.938
angSepHGAEarth: 144.134
utcTime: "2017-01-26~03:24:00"
sol: 1590
sclkValue: " 1/01590:19:56:11:94126"

2018-06-12 22:33:06,237 [radio] INFO  space.exploration.mars.rover.communication.Radio - One Way Light Time computed by SPICE :: 903.047
2018-06-12 22:33:07,120 [radio] INFO  space.exploration.mars.rover.kernel.SleepingState - Awaking from sleeping state
2018-06-12 22:33:07,120 [radio] INFO  space.exploration.mars.rover.animation.SleepingAnimationEngine - Waking up rover
2018-06-12 22:33:07,120 [sleepBreather] INFO  space.exploration.mars.rover.animation.SleepBreather - Sleep animation interrupted.
2018-06-12 22:33:10,124 [radio] INFO  space.exploration.mars.rover.kernel.ListeningState - timeStamp: 1528860785978
targets {
  roverModule: 6
  action: "Request Rover Logs"
  auxiliaryData: "\n\023yyyy-MM-dd~HH:mm:ss\022\0232018-05-29~00:00:00\032\0232018-05-31~00:00:00"
}

2018-06-12 22:33:16,157 [radio] INFO  space.exploration.mars.rover.kernel.ListeningState - 1528860796157,6,Request Rover Logs Current instructionQueue length = 0
2018-06-12 22:33:16,161 [radio] INFO  space.exploration.mars.rover.kernel.ListeningState - Requesting logs in date format = yyyy-MM-dd~HH:mm:ss
2018-06-12 22:33:16,161 [radio] INFO  space.exploration.mars.rover.kernel.ListeningState - Start date = 2018-05-29~00:00:00 End date = 2018-05-31~00:00:00
2018-06-12 22:33:16,174 [radio] ERROR space.exploration.mars.rover.kernel.ListeningState - IOException while retrieving log files. Requested startDate = 2018-05-29T00:00:00.000-05:00 endDate = 2018-05-31T00:00:00.000-05:00
java.io.FileNotFoundException: roverStatus_1527616356082.log (No such file or directory)
	at java.io.FileInputStream.open0(Native Method)
	at java.io.FileInputStream.open(FileInputStream.java:195)
	at java.io.FileInputStream.<init>(FileInputStream.java:138)
	at java.io.FileInputStream.<init>(FileInputStream.java:93)
	at java.io.FileReader.<init>(FileReader.java:58)
	at space.exploration.mars.rover.utils.FileUtil.getFileContent(FileUtil.java:67)
	at space.exploration.mars.rover.kernel.MaintenanceState.requestLogs(MaintenanceState.java:143)
	at space.exploration.mars.rover.kernel.Rover.requestLogs(Rover.java:478)
	at space.exploration.mars.rover.kernel.ListeningState.receiveMessage(ListeningState.java:157)
	at space.exploration.mars.rover.kernel.Rover.receiveMessage(Rover.java:352)
	at space.exploration.mars.rover.kernel.SleepingState.receiveMessage(SleepingState.java:39)
	at space.exploration.mars.rover.kernel.Rover.receiveMessage(Rover.java:352)
	at space.exploration.mars.rover.communication.Radio.receiveMessage(Radio.java:86)
	at space.exploration.mars.rover.communication.Receiver.run(Receiver.java:70)
2018-06-12 22:33:22,283 [radio] INFO  space.exploration.mars.rover.kernel.PositionSensor - Houston - this is curiosityActual.ephemerisTime: 5.38674009184641E8
stateCuriosity: 2.70596467568E8
stateCuriosity: -6907075.918
stateCuriosity: -5382396.997
stateCuriosity: 13.128
stateCuriosity: 37.066
stateCuriosity: 16.839
owltMSLEarth: 903.085
stateEarth: -2.70563834767E8
stateEarth: 6906242.809
stateEarth: 5381750.782
stateEarth: -13.117
stateEarth: -37.062
stateEarth: -16.838
owltEarthMSL: 902.976
positionEarthWRTCuriosity: -2.70563834767E8
positionEarthWRTCuriosity: 6906242.809
positionEarthWRTCuriosity: 5381750.782
owltEarthMSL2: 902.976
angSepHGAEarth: 143.471
utcTime: "2017-01-26~03:40:00"
sol: 1590
sclkValue: " 1/01590:20:11:46:25579"

2018-06-12 22:33:22,317 [radio] INFO  space.exploration.mars.rover.kernel.PositionSensor - ephemerisTime: 5.38674069184641E8
stateCuriosity: 2.70597255211E8
stateCuriosity: -6904851.922
stateCuriosity: -5381386.618
stateCuriosity: 13.127
stateCuriosity: 37.067
stateCuriosity: 16.84
owltMSLEarth: 903.088
stateEarth: -2.70564621746E8
stateEarth: 6904019.042
stateEarth: 5380740.51
stateEarth: -13.116
stateEarth: -37.063
stateEarth: -16.838
owltEarthMSL: 902.979
positionEarthWRTCuriosity: -2.70564621746E8
positionEarthWRTCuriosity: 6904019.042
positionEarthWRTCuriosity: 5380740.51
owltEarthMSL2: 902.979
angSepHGAEarth: 143.417
utcTime: "2017-01-26~03:40:00"
sol: 1590
sclkValue: " 1/01590:20:12:44:65044"

2018-06-12 22:33:22,318 [radio] INFO  space.exploration.mars.rover.communication.Radio - One Way Light Time computed by SPICE :: 903.085
2018-06-12 22:33:22,343 [radio] INFO  space.exploration.mars.rover.communication.Radio - Message encryption successful.
2018-06-12 22:33:22,343 [radio] INFO  space.exploration.mars.rover.communication.Transmitter - Sending information packet to curiosity_to_earth_5
2018-06-12 22:33:27,080 [batteryMonitor] INFO  space.exploration.mars.rover.power.BatteryMonitor - BatteryMonitor performing due diligence. SCET = 1528860807080 Rover state = Listening State
2018-06-12 22:33:27,081 [batteryMonitor] INFO  space.exploration.mars.rover.power.BatteryMonitor -  Battery primaryUnits = 1198 auxiliaryPowerUnits = 100
2018-06-12 22:33:47,384 [pacemaker] INFO  space.exploration.mars.rover.kernel.PositionSensor - Houston - this is curiosityActual.ephemerisTime: 5.38675569184642E8
stateCuriosity: 2.70616924878E8
stateCuriosity: -6849240.974
stateCuriosity: -5356113.781
stateCuriosity: 13.099
stateCuriosity: 37.081
stateCuriosity: 16.857
owltMSLEarth: 903.147
stateEarth: -2.70584274192E8
stateEarth: 6848413.785
stateEarth: 5355470.299
stateEarth: -13.087
stateEarth: -37.077
stateEarth: -16.855
owltEarthMSL: 903.038
positionEarthWRTCuriosity: -2.70584274192E8
positionEarthWRTCuriosity: 6848413.785
positionEarthWRTCuriosity: 5355470.299
owltEarthMSL2: 903.038
angSepHGAEarth: 141.617
utcTime: "2017-01-26~04:05:00"
sol: 1590
sclkValue: " 1/01590:20:37:04:51689"

2018-06-12 22:33:47,418 [pacemaker] INFO  space.exploration.mars.rover.kernel.PositionSensor - ephemerisTime: 5.38675569184642E8
stateCuriosity: 2.70616924878E8
stateCuriosity: -6849240.974
stateCuriosity: -5356113.781
stateCuriosity: 13.099
stateCuriosity: 37.081
stateCuriosity: 16.857
owltMSLEarth: 903.147
stateEarth: -2.70584274192E8
stateEarth: 6848413.785
stateEarth: 5355470.299
stateEarth: -13.087
stateEarth: -37.077
stateEarth: -16.855
owltEarthMSL: 903.038
positionEarthWRTCuriosity: -2.70584274192E8
positionEarthWRTCuriosity: 6848413.785
positionEarthWRTCuriosity: 5355470.299
owltEarthMSL2: 903.038
angSepHGAEarth: 141.617
utcTime: "2017-01-26~04:05:00"
sol: 1590
sclkValue: " 1/01590:20:37:04:51689"

2018-06-12 22:33:47,418 [pacemaker] INFO  space.exploration.mars.rover.kernel.SpacecraftClock - Internal time::2017-01-26T04:06:00.000-06:00 sclk of::1/01590:20:38:02:91155
2018-06-12 22:33:53,513 [pacemaker] INFO  space.exploration.mars.rover.kernel.PositionSensor - Houston - this is curiosityActual.ephemerisTime: 5.38675929184642E8
stateCuriosity: 2.70621639343E8
stateCuriosity: -6835891.404
stateCuriosity: -5350044.511
stateCuriosity: 13.092
stateCuriosity: 37.084
stateCuriosity: 16.861
owltMSLEarth: 903.161
stateEarth: -2.70588984361E8
stateEarth: 6835065.576
stateEarth: 5349401.652
stateEarth: -13.08
stateEarth: -37.08
stateEarth: -16.859
owltEarthMSL: 903.052
positionEarthWRTCuriosity: -2.70588984361E8
positionEarthWRTCuriosity: 6835065.576
positionEarthWRTCuriosity: 5349401.652
owltEarthMSL2: 903.052
angSepHGAEarth: 141.064
utcTime: "2017-01-26~04:11:00"
sol: 1590
sclkValue: " 1/01590:20:42:54:88484"

2018-06-12 22:33:53,549 [pacemaker] INFO  space.exploration.mars.rover.kernel.PositionSensor - ephemerisTime: 5.38675929184642E8
stateCuriosity: 2.70621639343E8
stateCuriosity: -6835891.404
stateCuriosity: -5350044.511
stateCuriosity: 13.092
stateCuriosity: 37.084
stateCuriosity: 16.861
owltMSLEarth: 903.161
stateEarth: -2.70588984361E8
stateEarth: 6835065.576
stateEarth: 5349401.652
stateEarth: -13.08
stateEarth: -37.08
stateEarth: -16.859
owltEarthMSL: 903.052
positionEarthWRTCuriosity: -2.70588984361E8
positionEarthWRTCuriosity: 6835065.576
positionEarthWRTCuriosity: 5349401.652
owltEarthMSL2: 903.052
angSepHGAEarth: 141.064
utcTime: "2017-01-26~04:11:00"
sol: 1590
sclkValue: " 1/01590:20:42:54:88484"

2018-06-12 22:33:53,549 [pacemaker] INFO  space.exploration.mars.rover.communication.Radio - One Way Light Time computed by SPICE :: 903.161
2018-06-12 22:33:53,571 [pacemaker] INFO  space.exploration.mars.rover.communication.Radio - Message encryption successful.
2018-06-12 22:33:53,571 [pacemaker] INFO  space.exploration.mars.rover.communication.Transmitter - Sending information packet to curiosity_to_earth_5
2018-06-12 22:33:57,080 [batteryMonitor] INFO  space.exploration.mars.rover.power.BatteryMonitor - BatteryMonitor performing due diligence. SCET = 1528860837080 Rover state = Listening State
2018-06-12 22:33:57,081 [batteryMonitor] INFO  space.exploration.mars.rover.power.BatteryMonitor -  Battery primaryUnits = 1197 auxiliaryPowerUnits = 100
2018-06-12 22:34:27,080 [batteryMonitor] INFO  space.exploration.mars.rover.power.BatteryMonitor - BatteryMonitor performing due diligence. SCET = 1528860867080 Rover state = Listening State
2018-06-12 22:34:27,081 [batteryMonitor] INFO  space.exploration.mars.rover.power.BatteryMonitor -  Battery primaryUnits = 1197 auxiliaryPowerUnits = 100
2018-06-12 22:34:29,267 [radio] INFO  space.exploration.mars.rover.communication.Receiver - Time Elapsed since last message = 83104
2018-06-12 22:34:29,302 [radio] INFO  space.exploration.mars.rover.kernel.PositionSensor - Houston - this is curiosityActual.ephemerisTime: 5.38678089184642E8
stateCuriosity: 2.70649873254E8
stateCuriosity: -6755773.879
stateCuriosity: -5313598.912
stateCuriosity: 13.05
stateCuriosity: 37.098
stateCuriosity: 16.885
owltMSLEarth: 903.246
stateEarth: -2.70617191401E8
stateEarth: 6754956.176
stateEarth: 5312959.717
stateEarth: -13.037
stateEarth: -37.095
stateEarth: -16.883
owltEarthMSL: 903.137
positionEarthWRTCuriosity: -2.70617191401E8
positionEarthWRTCuriosity: 6754956.176
positionEarthWRTCuriosity: 5312959.717
owltEarthMSL2: 903.137
angSepHGAEarth: 136.908
utcTime: "2017-01-26~04:47:00"
sol: 1590
sclkValue: " 1/01590:21:17:57:09252"

2018-06-12 22:34:29,336 [radio] INFO  space.exploration.mars.rover.kernel.PositionSensor - ephemerisTime: 5.38678089184642E8
stateCuriosity: 2.70649873254E8
stateCuriosity: -6755773.879
stateCuriosity: -5313598.912
stateCuriosity: 13.05
stateCuriosity: 37.098
stateCuriosity: 16.885
owltMSLEarth: 903.246
stateEarth: -2.70617191401E8
stateEarth: 6754956.176
stateEarth: 5312959.717
stateEarth: -13.037
stateEarth: -37.095
stateEarth: -16.883
owltEarthMSL: 903.137
positionEarthWRTCuriosity: -2.70617191401E8
positionEarthWRTCuriosity: 6754956.176
positionEarthWRTCuriosity: 5312959.717
owltEarthMSL2: 903.137
angSepHGAEarth: 136.908
utcTime: "2017-01-26~04:47:00"
sol: 1590
sclkValue: " 1/01590:21:17:57:09252"

2018-06-12 22:34:29,336 [radio] INFO  space.exploration.mars.rover.communication.Radio - One Way Light Time computed by SPICE :: 903.246
2018-06-12 22:34:29,958 [radio] INFO  space.exploration.mars.rover.kernel.ListeningState - timeStamp: 1528860869240
targets {
  roverModule: 6
  action: "Graceful Shutdown."
}

2018-06-12 22:34:35,984 [radio] INFO  space.exploration.mars.rover.kernel.ListeningState - 1528860875984,6,Graceful Shutdown. Current instructionQueue length = 0
2018-06-12 22:34:35,986 [radio] INFO  space.exploration.mars.rover.kernel.ListeningState - Rover initiating a gracefulShutdown.
2018-06-12 22:34:35,986 [radio] INFO  space.exploration.mars.rover.kernel.ListeningState - Synchronizing Clocks.
2018-06-12 22:34:35,986 [radio] INFO  space.exploration.mars.rover.kernel.SclkTimingState - Synchronizing sclk and positionSensor to 2017-01-26~04:54:00
2018-06-12 22:34:35,986 [radio] INFO  space.exploration.mars.rover.kernel.SclkTimingState - Houston, expect a diagnostics pause. Shutting down paceMaker
2018-06-12 22:34:35,986 [radio] INFO  space.exploration.mars.rover.diagnostics.Pacemaker - Pacemaker diagnostic module interrupted.
2018-06-12 22:34:35,987 [radio] INFO  space.exploration.mars.rover.kernel.SclkTimingState - Houston, be advised - garbageCollection is paused. Please wait before sending new signals.
2018-06-12 22:34:35,987 [radio] INFO  space.exploration.mars.rover.diagnostics.RoverGarbageCollector - RoverGC interrupted
2018-06-12 22:34:35,988 [radio] INFO  space.exploration.mars.rover.kernel.SpacecraftClock - UTCTime = 2017-01-26~04:54:00
2018-06-12 22:34:35,988 [radio] INFO  space.exploration.mars.rover.kernel.SpacecraftClock - Valid utc time ranges are dictated by clockService as follows:
2018-06-12 22:34:35,988 [radio] INFO  space.exploration.mars.rover.kernel.SpacecraftClock - APPLICABLE_START_TIME=2000-001T11:58:55.816, APPLICABLE_STOP_TIME=2017-360T19:17:40.149
2018-06-12 22:34:35,988 [radio] INFO  space.exploration.mars.rover.kernel.SpacecraftClock - Given UTC = 2017-01-26~04:54:00
2018-06-12 22:34:35,988 [radio] INFO  space.exploration.mars.rover.kernel.SpacecraftClock - Please ensure that positionSensor and sclk are synchronized
2018-06-12 22:34:35,990 [radio] INFO  space.exploration.mars.rover.kernel.PositionSensor - Synchronizing positionSensor clock to 2017-01-26~04:54:00
2018-06-12 22:34:35,990 [radio] INFO  space.exploration.mars.rover.kernel.SclkTimingState - Restarting diagnostics heartbeat
2018-06-12 22:34:35,990 [radio] INFO  space.exploration.mars.rover.diagnostics.Pacemaker - Pacemaker initialized
2018-06-12 22:34:35,991 [radio] INFO  space.exploration.mars.rover.kernel.SclkTimingState - Restarting garbageCollection
2018-06-12 22:34:35,991 [radio] INFO  space.exploration.mars.rover.diagnostics.RoverGarbageCollector - RoverGarbageCollector initialized
2018-06-12 22:34:35,991 [radio] INFO  space.exploration.mars.rover.diagnostics.RoverGarbageCollector - Starting garbageCollection
2018-06-12 22:34:35,998 [radio] INFO  space.exploration.mars.rover.kernel.SpacecraftClock - Internal time::2017-01-26T04:55:00.000-06:00 sclk of::1/01590:21:24:45:85513
2018-06-12 22:34:42,058 [radio] INFO  space.exploration.mars.rover.kernel.PositionSensor - Houston - this is curiosityActual.ephemerisTime: 5.38679349184643E8
stateCuriosity: 2.70666299905E8
stateCuriosity: -6709025.646
stateCuriosity: -5292316.016
stateCuriosity: 13.024
stateCuriosity: 37.105
stateCuriosity: 16.898
owltMSLEarth: 903.295
stateEarth: -2.70633601681E8
stateEarth: 6708212.666
stateEarth: 5291678.911
stateEarth: -13.011
stateEarth: -37.101
stateEarth: -16.896
owltEarthMSL: 903.186
positionEarthWRTCuriosity: -2.70633601681E8
positionEarthWRTCuriosity: 6708212.666
positionEarthWRTCuriosity: 5291678.911
owltEarthMSL2: 903.186
angSepHGAEarth: 133.929
utcTime: "2017-01-26~05:08:00"
sol: 1590
sclkValue: " 1/01590:21:38:23:38034"

2018-06-12 22:34:42,091 [radio] INFO  space.exploration.mars.rover.kernel.PositionSensor - ephemerisTime: 5.38679349184643E8
stateCuriosity: 2.70666299905E8
stateCuriosity: -6709025.646
stateCuriosity: -5292316.016
stateCuriosity: 13.024
stateCuriosity: 37.105
stateCuriosity: 16.898
owltMSLEarth: 903.295
stateEarth: -2.70633601681E8
stateEarth: 6708212.666
stateEarth: 5291678.911
stateEarth: -13.011
stateEarth: -37.101
stateEarth: -16.896
owltEarthMSL: 903.186
positionEarthWRTCuriosity: -2.70633601681E8
positionEarthWRTCuriosity: 6708212.666
positionEarthWRTCuriosity: 5291678.911
owltEarthMSL2: 903.186
angSepHGAEarth: 133.929
utcTime: "2017-01-26~05:08:00"
sol: 1590
sclkValue: " 1/01590:21:38:23:38034"

2018-06-12 22:34:42,091 [radio] INFO  space.exploration.mars.rover.communication.Radio - One Way Light Time computed by SPICE :: 903.295
2018-06-12 22:34:42,112 [radio] INFO  space.exploration.mars.rover.communication.Radio - Message encryption successful.
2018-06-12 22:34:42,112 [radio] INFO  space.exploration.mars.rover.communication.Transmitter - Sending information packet to curiosity_to_earth_5
2018-06-12 22:34:45,113 [radio] INFO  space.exploration.mars.rover.kernel.ListeningState - Sending diagnostic heartbeat.
2018-06-12 22:34:45,162 [radio] INFO  space.exploration.mars.rover.kernel.PositionSensor - Houston - this is curiosityActual.ephemerisTime: 5.38679709184643E8
stateCuriosity: 2.70670987252E8
stateCuriosity: -6695667.647
stateCuriosity: -5286232.203
stateCuriosity: 13.017
stateCuriosity: 37.106
stateCuriosity: 16.901
owltMSLEarth: 903.31
stateEarth: -2.7063828428E8
stateEarth: 6694856.015
stateEarth: 5285595.69
stateEarth: -13.003
stateEarth: -37.103
stateEarth: -16.9
owltEarthMSL: 903.2
positionEarthWRTCuriosity: -2.7063828428E8
positionEarthWRTCuriosity: 6694856.015
positionEarthWRTCuriosity: 5285595.69
owltEarthMSL2: 903.2
angSepHGAEarth: 133.017
utcTime: "2017-01-26~05:14:00"
sol: 1590
sclkValue: " 1/01590:21:44:13:74829"

2018-06-12 22:34:45,199 [radio] INFO  space.exploration.mars.rover.kernel.PositionSensor - ephemerisTime: 5.38679709184643E8
stateCuriosity: 2.70670987252E8
stateCuriosity: -6695667.647
stateCuriosity: -5286232.203
stateCuriosity: 13.017
stateCuriosity: 37.106
stateCuriosity: 16.901
owltMSLEarth: 903.31
stateEarth: -2.7063828428E8
stateEarth: 6694856.015
stateEarth: 5285595.69
stateEarth: -13.003
stateEarth: -37.103
stateEarth: -16.9
owltEarthMSL: 903.2
positionEarthWRTCuriosity: -2.7063828428E8
positionEarthWRTCuriosity: 6694856.015
positionEarthWRTCuriosity: 5285595.69
owltEarthMSL2: 903.2
angSepHGAEarth: 133.017
utcTime: "2017-01-26~05:14:00"
sol: 1590
sclkValue: " 1/01590:21:44:13:74829"

2018-06-12 22:34:45,199 [radio] INFO  space.exploration.mars.rover.kernel.SpacecraftClock - Internal time::2017-01-26T05:14:00.000-06:00 sclk of::1/01590:21:44:13:74829
2018-06-12 22:34:51,282 [radio] INFO  space.exploration.mars.rover.kernel.PositionSensor - Houston - this is curiosityActual.ephemerisTime: 5.38680429184643E8
stateCuriosity: 2.70680353873E8
stateCuriosity: -6668950.167
stateCuriosity: -5274060.714
stateCuriosity: 13.002
stateCuriosity: 37.109
stateCuriosity: 16.908
owltMSLEarth: 903.338
stateEarth: -2.70647641332E8
stateEarth: 6668141.231
stateEarth: 5273425.377
stateEarth: -12.988
stateEarth: -37.105
stateEarth: -16.907
owltEarthMSL: 903.229
positionEarthWRTCuriosity: -2.70647641332E8
positionEarthWRTCuriosity: 6668141.231
positionEarthWRTCuriosity: 5273425.377
owltEarthMSL2: 903.229
angSepHGAEarth: 131.121
utcTime: "2017-01-26~05:26:00"
sol: 1590
sclkValue: " 1/01590:21:55:54:48418"

2018-06-12 22:34:51,316 [radio] INFO  space.exploration.mars.rover.kernel.PositionSensor - ephemerisTime: 5.38680429184643E8
stateCuriosity: 2.70680353873E8
stateCuriosity: -6668950.167
stateCuriosity: -5274060.714
stateCuriosity: 13.002
stateCuriosity: 37.109
stateCuriosity: 16.908
owltMSLEarth: 903.338
stateEarth: -2.70647641332E8
stateEarth: 6668141.231
stateEarth: 5273425.377
stateEarth: -12.988
stateEarth: -37.105
stateEarth: -16.907
owltEarthMSL: 903.229
positionEarthWRTCuriosity: -2.70647641332E8
positionEarthWRTCuriosity: 6668141.231
positionEarthWRTCuriosity: 5273425.377
owltEarthMSL2: 903.229
angSepHGAEarth: 131.121
utcTime: "2017-01-26~05:26:00"
sol: 1590
sclkValue: " 1/01590:21:55:54:48418"

2018-06-12 22:34:51,316 [radio] INFO  space.exploration.mars.rover.communication.Radio - One Way Light Time computed by SPICE :: 903.338
2018-06-12 22:34:51,337 [radio] INFO  space.exploration.mars.rover.communication.Radio - Message encryption successful.
2018-06-12 22:34:51,337 [radio] INFO  space.exploration.mars.rover.communication.Transmitter - Sending information packet to curiosity_to_earth_5
2018-06-12 22:34:54,338 [radio] INFO  space.exploration.mars.rover.kernel.ListeningState - Severing ties with the rover.
2018-06-12 22:34:54,338 [radio] INFO  space.exploration.mars.rover.kernel.Rover - Stopping all daemon processes.
2018-06-12 22:34:54,338 [radio] INFO  space.exploration.mars.rover.kernel.Rover -  1. Stopping Pacemaker.
2018-06-12 22:34:54,338 [radio] INFO  space.exploration.mars.rover.diagnostics.Pacemaker - Pacemaker diagnostic module shuttingDown.
2018-06-12 22:34:54,338 [radio] INFO  space.exploration.mars.rover.kernel.Rover -  2. Stopping GarbageCollector.
2018-06-12 22:34:54,338 [radio] INFO  space.exploration.mars.rover.diagnostics.RoverGarbageCollector - RoverGC shuttingDown.
2018-06-12 22:34:54,338 [radio] INFO  space.exploration.mars.rover.kernel.Rover -  3. Stopping BatteryMonitor. 
2018-06-12 22:34:54,338 [radio] INFO  space.exploration.mars.rover.kernel.Rover -  4. Stopping SleepMonitor. 
2018-06-12 22:34:54,338 [radio] INFO  space.exploration.mars.rover.diagnostics.SleepMonitor - SleepMonitor is shuttingDown.
2018-06-12 22:34:54,338 [radio] INFO  space.exploration.mars.rover.kernel.Rover -  5. Stopping PositionSensor.
2018-06-12 22:34:54,338 [radio] INFO  space.exploration.mars.rover.kernel.PositionSensor - PositionSensor is shutting down.
2018-06-12 22:34:54,338 [radio] INFO  space.exploration.mars.rover.kernel.Rover - 6. Saving properties file. 
2018-06-12 22:34:54,339 [radio] INFO  space.exploration.mars.rover.kernel.Rover - Writing properties file to :: src/main/resources/marsConfig.properties
2018-06-12 22:34:54,339 [radio] INFO  space.exploration.mars.rover.kernel.Rover -  7. Stopping SpacecraftClock. 
2018-06-12 22:34:54,339 [radio] INFO  space.exploration.mars.rover.kernel.SpacecraftClock - SpacecraftClock shuttingDown.
2018-06-12 22:34:54,339 [radio] INFO  space.exploration.mars.rover.kernel.Rover -  8. Shutting down graphics.
2018-06-12 22:34:54,346 [radio] INFO  space.exploration.mars.rover.kernel.Rover -  9. Stopping Radio Communications.
2018-06-12 22:34:54,346 [radio] INFO  space.exploration.mars.rover.communication.Radio - Radio stopped
2018-06-12 22:34:54,346 [radio] INFO  space.exploration.mars.rover.kernel.ListeningState - No pre-existing launcher process found. Shutting down system.
2018-06-12 22:34:54,346 [radio] INFO  space.exploration.mars.rover.kernel.Rover - Houston this is Curiosity saying goodbye! Hope I did OK!
