0    [main] INFO  space.exploration.mars.rover.kernel.Rover  - Rover current position is = java.awt.Point[x=350,y=250]
1005 [main] INFO  space.exploration.mars.rover.sensor.Lidar  - Lidar initialized and ready!
2008 [main] INFO  space.exploration.mars.rover.sensor.Spectrometer  - Spectrometer initialized and ready!
3219 [main] INFO  space.exploration.mars.rover.sensor.Camera  - Camera initialized and ready!
4224 [main] INFO  space.exploration.mars.rover.sensor.Radar  - Radar configured:: 
5227 [main] INFO  space.exploration.mars.rover.power.Battery  - Battery configured, batteryLife:primaryPowerUnits = 1000 auxiliaryPowerUnits = 100 alertThreshold: 100 rechargeTime = 6000
6230 [main] INFO  space.exploration.mars.rover.kernel.Rover  - Battery Monitor configured!
6449 [main] INFO  kafka.utils.VerifiableProperties  - Verifying properties
6467 [main] WARN  kafka.utils.VerifiableProperties  - Property auto.offset.reset is not valid
6467 [main] WARN  kafka.utils.VerifiableProperties  - Property destination.topic is not valid
6467 [main] WARN  kafka.utils.VerifiableProperties  - Property group.id is not valid
6468 [main] INFO  kafka.utils.VerifiableProperties  - Property metadata.broker.list is overridden to localhost:9092
6468 [main] WARN  kafka.utils.VerifiableProperties  - Property source.topic is not valid
6468 [main] WARN  kafka.utils.VerifiableProperties  - Property zookeeper.connect is not valid
6496 [main] INFO  kafka.utils.VerifiableProperties  - Verifying properties
6496 [main] INFO  kafka.utils.VerifiableProperties  - Property auto.offset.reset is overridden to largest
6496 [main] WARN  kafka.utils.VerifiableProperties  - Property destination.topic is not valid
6497 [main] INFO  kafka.utils.VerifiableProperties  - Property group.id is overridden to space.exploration.mars.newRover
6497 [main] WARN  kafka.utils.VerifiableProperties  - Property metadata.broker.list is not valid
6497 [main] WARN  kafka.utils.VerifiableProperties  - Property source.topic is not valid
6497 [main] INFO  kafka.utils.VerifiableProperties  - Property zookeeper.connect is overridden to localhost:2181
6516 [main] INFO  kafka.consumer.ZookeeperConsumerConnector  - [space.exploration.mars.newRover_zion-mainframe-1502815917834-cee988dc], Connecting to zookeeper instance at localhost:2181
6521 [ZkClient-EventThread-22-localhost:2181] INFO  org.I0Itec.zkclient.ZkEventThread  - Starting ZkClient event thread.
6524 [main] INFO  org.apache.zookeeper.ZooKeeper  - Client environment:zookeeper.version=3.4.6-1569965, built on 02/20/2014 09:09 GMT
6524 [main] INFO  org.apache.zookeeper.ZooKeeper  - Client environment:host.name=zion-mainframe
6524 [main] INFO  org.apache.zookeeper.ZooKeeper  - Client environment:java.version=1.8.0_131
6524 [main] INFO  org.apache.zookeeper.ZooKeeper  - Client environment:java.vendor=Oracle Corporation
6524 [main] INFO  org.apache.zookeeper.ZooKeeper  - Client environment:java.home=/usr/lib/jvm/java-8-openjdk-amd64/jre
6524 [main] INFO  org.apache.zookeeper.ZooKeeper  - Client environment:java.class.path=/usr/lib/jvm/java-1.8.0-openjdk-amd64/jre/lib/charsets.jar:/usr/lib/jvm/java-1.8.0-openjdk-amd64/jre/lib/ext/cldrdata.jar:/usr/lib/jvm/java-1.8.0-openjdk-amd64/jre/lib/ext/dnsns.jar:/usr/lib/jvm/java-1.8.0-openjdk-amd64/jre/lib/ext/icedtea-sound.jar:/usr/lib/jvm/java-1.8.0-openjdk-amd64/jre/lib/ext/jaccess.jar:/usr/lib/jvm/java-1.8.0-openjdk-amd64/jre/lib/ext/localedata.jar:/usr/lib/jvm/java-1.8.0-openjdk-amd64/jre/lib/ext/nashorn.jar:/usr/lib/jvm/java-1.8.0-openjdk-amd64/jre/lib/ext/sunec.jar:/usr/lib/jvm/java-1.8.0-openjdk-amd64/jre/lib/ext/sunjce_provider.jar:/usr/lib/jvm/java-1.8.0-openjdk-amd64/jre/lib/ext/sunpkcs11.jar:/usr/lib/jvm/java-1.8.0-openjdk-amd64/jre/lib/ext/zipfs.jar:/usr/lib/jvm/java-1.8.0-openjdk-amd64/jre/lib/jce.jar:/usr/lib/jvm/java-1.8.0-openjdk-amd64/jre/lib/jsse.jar:/usr/lib/jvm/java-1.8.0-openjdk-amd64/jre/lib/management-agent.jar:/usr/lib/jvm/java-1.8.0-openjdk-amd64/jre/lib/resources.jar:/usr/lib/jvm/java-1.8.0-openjdk-amd64/jre/lib/rt.jar:/home/sanket/Documents/workspace/MarsRover/mars.rover/target/classes:/home/sanket/.m2/repository/com/google/protobuf/protobuf-java/3.2.0/protobuf-java-3.2.0.jar:/home/sanket/.m2/repository/org/apache/kafka/kafka_2.10/0.9.0.1/kafka_2.10-0.9.0.1.jar:/home/sanket/.m2/repository/com/101tec/zkclient/0.7/zkclient-0.7.jar:/home/sanket/.m2/repository/org/slf4j/slf4j-api/1.6.1/slf4j-api-1.6.1.jar:/home/sanket/.m2/repository/log4j/log4j/1.2.15/log4j-1.2.15.jar:/home/sanket/.m2/repository/javax/mail/mail/1.4/mail-1.4.jar:/home/sanket/.m2/repository/javax/activation/activation/1.1/activation-1.1.jar:/home/sanket/.m2/repository/org/apache/kafka/kafka-clients/0.9.0.1/kafka-clients-0.9.0.1.jar:/home/sanket/.m2/repository/org/xerial/snappy/snappy-java/1.1.1.7/snappy-java-1.1.1.7.jar:/home/sanket/.m2/repository/net/jpountz/lz4/lz4/1.2.0/lz4-1.2.0.jar:/home/sanket/.m2/repository/com/yammer/metrics/metrics-core/2.2.0/metrics-core-2.2.0.jar:/home/sanket/.m2/repository/org/scala-lang/scala-library/2.10.5/scala-library-2.10.5.jar:/home/sanket/.m2/repository/net/sf/jopt-simple/jopt-simple/3.2/jopt-simple-3.2.jar:/home/sanket/.m2/repository/org/slf4j/slf4j-log4j12/1.7.6/slf4j-log4j12-1.7.6.jar:/home/sanket/.m2/repository/org/apache/zookeeper/zookeeper/3.4.6/zookeeper-3.4.6.jar:/home/sanket/.m2/repository/jline/jline/0.9.94/jline-0.9.94.jar:/home/sanket/.m2/repository/io/netty/netty/3.7.0.Final/netty-3.7.0.Final.jar:/home/sanket/.m2/repository/org/tensorflow/tensorflow/1.1.0/tensorflow-1.1.0.jar:/home/sanket/.m2/repository/org/tensorflow/libtensorflow/1.1.0/libtensorflow-1.1.0.jar:/home/sanket/.m2/repository/org/tensorflow/libtensorflow_jni/1.1.0/libtensorflow_jni-1.1.0.jar:/home/sanket/Documents/Tools/intelliJ/idea-IC-171.4694.23/lib/idea_rt.jar
6524 [main] INFO  org.apache.zookeeper.ZooKeeper  - Client environment:java.library.path=/home/sanket/Documents/Tools/intelliJ/idea-IC-171.4694.23/bin::/usr/java/packages/lib/amd64:/usr/lib/x86_64-linux-gnu/jni:/lib/x86_64-linux-gnu:/usr/lib/x86_64-linux-gnu:/usr/lib/jni:/lib:/usr/lib
6524 [main] INFO  org.apache.zookeeper.ZooKeeper  - Client environment:java.io.tmpdir=/tmp
6524 [main] INFO  org.apache.zookeeper.ZooKeeper  - Client environment:java.compiler=<NA>
6524 [main] INFO  org.apache.zookeeper.ZooKeeper  - Client environment:os.name=Linux
6524 [main] INFO  org.apache.zookeeper.ZooKeeper  - Client environment:os.arch=amd64
6524 [main] INFO  org.apache.zookeeper.ZooKeeper  - Client environment:os.version=4.10.0-32-generic
6524 [main] INFO  org.apache.zookeeper.ZooKeeper  - Client environment:user.name=sanket
6524 [main] INFO  org.apache.zookeeper.ZooKeeper  - Client environment:user.home=/home/sanket
6525 [main] INFO  org.apache.zookeeper.ZooKeeper  - Client environment:user.dir=/home/sanket/Documents/workspace/MarsRover/mars.rover
6525 [main] INFO  org.apache.zookeeper.ZooKeeper  - Initiating client connection, connectString=localhost:2181 sessionTimeout=6000 watcher=org.I0Itec.zkclient.ZkClient@6f96c77
6532 [main] INFO  org.I0Itec.zkclient.ZkClient  - Waiting for keeper state SyncConnected
6535 [main-SendThread(localhost:2181)] INFO  org.apache.zookeeper.ClientCnxn  - Opening socket connection to server localhost/127.0.0.1:2181. Will not attempt to authenticate using SASL (unknown error)
6538 [main-SendThread(localhost:2181)] INFO  org.apache.zookeeper.ClientCnxn  - Socket connection established to localhost/127.0.0.1:2181, initiating session
6542 [main-SendThread(localhost:2181)] INFO  org.apache.zookeeper.ClientCnxn  - Session establishment complete on server localhost/127.0.0.1:2181, sessionid = 0x15de6ca43ae0003, negotiated timeout = 6000
6543 [main-EventThread] INFO  org.I0Itec.zkclient.ZkClient  - zookeeper state changed (SyncConnected)
6550 [main] INFO  kafka.consumer.ZookeeperConsumerConnector  - [space.exploration.mars.newRover_zion-mainframe-1502815917834-cee988dc], starting auto committer every 60000 ms
6565 [Thread-2] INFO  kafka.consumer.ZookeeperConsumerConnector  - [space.exploration.mars.newRover_zion-mainframe-1502815917834-cee988dc], begin registering consumer space.exploration.mars.newRover_zion-mainframe-1502815917834-cee988dc in ZK
6581 [Thread-2] INFO  kafka.utils.ZKCheckedEphemeral  - Creating /consumers/space.exploration.mars.newRover/ids/space.exploration.mars.newRover_zion-mainframe-1502815917834-cee988dc (is it secure? false)
6592 [Thread-2] INFO  kafka.utils.ZKCheckedEphemeral  - Result of znode creation is: OK
6592 [Thread-2] INFO  kafka.consumer.ZookeeperConsumerConnector  - [space.exploration.mars.newRover_zion-mainframe-1502815917834-cee988dc], end registering consumer space.exploration.mars.newRover_zion-mainframe-1502815917834-cee988dc in ZK
6595 [space.exploration.mars.newRover_zion-mainframe-1502815917834-cee988dc_watcher_executor] INFO  kafka.consumer.ZookeeperConsumerConnector  - [space.exploration.mars.newRover_zion-mainframe-1502815917834-cee988dc], starting watcher executor thread for consumer space.exploration.mars.newRover_zion-mainframe-1502815917834-cee988dc
6607 [Thread-2] INFO  kafka.consumer.ZookeeperConsumerConnector  - [space.exploration.mars.newRover_zion-mainframe-1502815917834-cee988dc], begin rebalancing consumer space.exploration.mars.newRover_zion-mainframe-1502815917834-cee988dc try #0
6682 [Thread-2] INFO  kafka.consumer.ConsumerFetcherManager  - [ConsumerFetcherManager-1502815917868] Stopping leader finder thread
6683 [Thread-2] INFO  kafka.consumer.ConsumerFetcherManager  - [ConsumerFetcherManager-1502815917868] Stopping all fetchers
6683 [Thread-2] INFO  kafka.consumer.ConsumerFetcherManager  - [ConsumerFetcherManager-1502815917868] All connections stopped
6684 [Thread-2] INFO  kafka.consumer.ZookeeperConsumerConnector  - [space.exploration.mars.newRover_zion-mainframe-1502815917834-cee988dc], Cleared all relevant queues for this fetcher
6685 [Thread-2] INFO  kafka.consumer.ZookeeperConsumerConnector  - [space.exploration.mars.newRover_zion-mainframe-1502815917834-cee988dc], Cleared the data chunks in all the consumer message iterators
6685 [Thread-2] INFO  kafka.consumer.ZookeeperConsumerConnector  - [space.exploration.mars.newRover_zion-mainframe-1502815917834-cee988dc], Committing all offsets after clearing the fetcher queues
6686 [Thread-2] INFO  kafka.consumer.ZookeeperConsumerConnector  - [space.exploration.mars.newRover_zion-mainframe-1502815917834-cee988dc], Releasing partition ownership
6709 [Thread-2] INFO  kafka.consumer.RangeAssignor  - Consumer space.exploration.mars.newRover_zion-mainframe-1502815917834-cee988dc rebalancing the following partitions: ArrayBuffer() for topic earth_to_curiosity_0 with consumers: List(space.exploration.mars.newRover_zion-mainframe-1502815917834-cee988dc-0)
6709 [Thread-2] WARN  kafka.consumer.RangeAssignor  - No broker partitions consumed by consumer thread space.exploration.mars.newRover_zion-mainframe-1502815917834-cee988dc-0 for topic earth_to_curiosity_0
6717 [Thread-2] INFO  kafka.consumer.ZookeeperConsumerConnector  - [space.exploration.mars.newRover_zion-mainframe-1502815917834-cee988dc], Consumer space.exploration.mars.newRover_zion-mainframe-1502815917834-cee988dc selected partitions : 
6718 [space.exploration.mars.newRover_zion-mainframe-1502815917834-cee988dc-leader-finder-thread] INFO  kafka.consumer.ConsumerFetcherManager$LeaderFinderThread  - [space.exploration.mars.newRover_zion-mainframe-1502815917834-cee988dc-leader-finder-thread], Starting 
6719 [Thread-2] INFO  kafka.consumer.ZookeeperConsumerConnector  - [space.exploration.mars.newRover_zion-mainframe-1502815917834-cee988dc], end rebalancing consumer space.exploration.mars.newRover_zion-mainframe-1502815917834-cee988dc try #0
7552 [main] INFO  space.exploration.mars.rover.communication.Radio  - Radio configured:: 
metadata.broker.list::localhost:9092
source.topic::earth_to_curiosity_0
auto.offset.reset::largest
group.id::space.exploration.mars.newRover
destination.topic::curiosity_to_earth_0
zookeeper.connect::localhost:2181
8553 [main] INFO  space.exploration.mars.rover.sensor.Radar  - Radar configured:: 
19957 [main] INFO  kafka.client.ClientUtils$  - Fetching metadata from broker BrokerEndPoint(0,localhost,9092) with correlation id 0 for 1 topic(s) Set(curiosity_to_earth_0)
19960 [main] INFO  kafka.producer.SyncProducer  - Connected to localhost:9092 for producing
19968 [main] INFO  kafka.producer.SyncProducer  - Disconnecting from localhost:9092
19986 [main] INFO  kafka.producer.SyncProducer  - Connected to zion-mainframe:9092 for producing
42449 [ZkClient-EventThread-22-localhost:2181] INFO  kafka.consumer.ZookeeperConsumerConnector  - [space.exploration.mars.newRover_zion-mainframe-1502815917834-cee988dc], Topic info for path /brokers/topics/earth_to_curiosity_0 changed to {"version":1,"partitions":{"0":[0]}}, triggering rebalance
42452 [space.exploration.mars.newRover_zion-mainframe-1502815917834-cee988dc_watcher_executor] INFO  kafka.consumer.ZookeeperConsumerConnector  - [space.exploration.mars.newRover_zion-mainframe-1502815917834-cee988dc], begin rebalancing consumer space.exploration.mars.newRover_zion-mainframe-1502815917834-cee988dc try #0
42494 [space.exploration.mars.newRover_zion-mainframe-1502815917834-cee988dc_watcher_executor] INFO  kafka.consumer.ConsumerFetcherManager  - [ConsumerFetcherManager-1502815917868] Stopping leader finder thread
42494 [space.exploration.mars.newRover_zion-mainframe-1502815917834-cee988dc_watcher_executor] INFO  kafka.consumer.ConsumerFetcherManager$LeaderFinderThread  - [space.exploration.mars.newRover_zion-mainframe-1502815917834-cee988dc-leader-finder-thread], Shutting down
42496 [space.exploration.mars.newRover_zion-mainframe-1502815917834-cee988dc-leader-finder-thread] INFO  kafka.consumer.ConsumerFetcherManager$LeaderFinderThread  - [space.exploration.mars.newRover_zion-mainframe-1502815917834-cee988dc-leader-finder-thread], Stopped 
42496 [space.exploration.mars.newRover_zion-mainframe-1502815917834-cee988dc_watcher_executor] INFO  kafka.consumer.ConsumerFetcherManager$LeaderFinderThread  - [space.exploration.mars.newRover_zion-mainframe-1502815917834-cee988dc-leader-finder-thread], Shutdown completed
42496 [space.exploration.mars.newRover_zion-mainframe-1502815917834-cee988dc_watcher_executor] INFO  kafka.consumer.ConsumerFetcherManager  - [ConsumerFetcherManager-1502815917868] Stopping all fetchers
42496 [space.exploration.mars.newRover_zion-mainframe-1502815917834-cee988dc_watcher_executor] INFO  kafka.consumer.ConsumerFetcherManager  - [ConsumerFetcherManager-1502815917868] All connections stopped
42496 [space.exploration.mars.newRover_zion-mainframe-1502815917834-cee988dc_watcher_executor] INFO  kafka.consumer.ZookeeperConsumerConnector  - [space.exploration.mars.newRover_zion-mainframe-1502815917834-cee988dc], Cleared all relevant queues for this fetcher
42496 [space.exploration.mars.newRover_zion-mainframe-1502815917834-cee988dc_watcher_executor] INFO  kafka.consumer.ZookeeperConsumerConnector  - [space.exploration.mars.newRover_zion-mainframe-1502815917834-cee988dc], Cleared the data chunks in all the consumer message iterators
42496 [space.exploration.mars.newRover_zion-mainframe-1502815917834-cee988dc_watcher_executor] INFO  kafka.consumer.ZookeeperConsumerConnector  - [space.exploration.mars.newRover_zion-mainframe-1502815917834-cee988dc], Committing all offsets after clearing the fetcher queues
42496 [space.exploration.mars.newRover_zion-mainframe-1502815917834-cee988dc_watcher_executor] INFO  kafka.consumer.ZookeeperConsumerConnector  - [space.exploration.mars.newRover_zion-mainframe-1502815917834-cee988dc], Releasing partition ownership
42517 [space.exploration.mars.newRover_zion-mainframe-1502815917834-cee988dc_watcher_executor] INFO  kafka.consumer.RangeAssignor  - Consumer space.exploration.mars.newRover_zion-mainframe-1502815917834-cee988dc rebalancing the following partitions: ArrayBuffer(0) for topic earth_to_curiosity_0 with consumers: List(space.exploration.mars.newRover_zion-mainframe-1502815917834-cee988dc-0)
42518 [space.exploration.mars.newRover_zion-mainframe-1502815917834-cee988dc_watcher_executor] INFO  kafka.consumer.RangeAssignor  - space.exploration.mars.newRover_zion-mainframe-1502815917834-cee988dc-0 attempting to claim partition 0
42546 [space.exploration.mars.newRover_zion-mainframe-1502815917834-cee988dc_watcher_executor] INFO  kafka.consumer.ZookeeperConsumerConnector  - [space.exploration.mars.newRover_zion-mainframe-1502815917834-cee988dc], space.exploration.mars.newRover_zion-mainframe-1502815917834-cee988dc-0 successfully owned partition 0 for topic earth_to_curiosity_0
42552 [space.exploration.mars.newRover_zion-mainframe-1502815917834-cee988dc_watcher_executor] INFO  kafka.consumer.ZookeeperConsumerConnector  - [space.exploration.mars.newRover_zion-mainframe-1502815917834-cee988dc], Consumer space.exploration.mars.newRover_zion-mainframe-1502815917834-cee988dc selected partitions : earth_to_curiosity_0:0: fetched offset = -1: consumed offset = -1
42552 [space.exploration.mars.newRover_zion-mainframe-1502815917834-cee988dc-leader-finder-thread] INFO  kafka.consumer.ConsumerFetcherManager$LeaderFinderThread  - [space.exploration.mars.newRover_zion-mainframe-1502815917834-cee988dc-leader-finder-thread], Starting 
42552 [space.exploration.mars.newRover_zion-mainframe-1502815917834-cee988dc_watcher_executor] INFO  kafka.consumer.ZookeeperConsumerConnector  - [space.exploration.mars.newRover_zion-mainframe-1502815917834-cee988dc], end rebalancing consumer space.exploration.mars.newRover_zion-mainframe-1502815917834-cee988dc try #0
42562 [space.exploration.mars.newRover_zion-mainframe-1502815917834-cee988dc-leader-finder-thread] INFO  kafka.utils.VerifiableProperties  - Verifying properties
42562 [space.exploration.mars.newRover_zion-mainframe-1502815917834-cee988dc-leader-finder-thread] INFO  kafka.utils.VerifiableProperties  - Property client.id is overridden to space.exploration.mars.newRover
42562 [space.exploration.mars.newRover_zion-mainframe-1502815917834-cee988dc-leader-finder-thread] INFO  kafka.utils.VerifiableProperties  - Property metadata.broker.list is overridden to zion-mainframe:9092
42562 [space.exploration.mars.newRover_zion-mainframe-1502815917834-cee988dc-leader-finder-thread] INFO  kafka.utils.VerifiableProperties  - Property request.timeout.ms is overridden to 30000
42564 [space.exploration.mars.newRover_zion-mainframe-1502815917834-cee988dc-leader-finder-thread] INFO  kafka.client.ClientUtils$  - Fetching metadata from broker BrokerEndPoint(0,zion-mainframe,9092) with correlation id 0 for 1 topic(s) Set(earth_to_curiosity_0)
42565 [space.exploration.mars.newRover_zion-mainframe-1502815917834-cee988dc-leader-finder-thread] INFO  kafka.producer.SyncProducer  - Connected to zion-mainframe:9092 for producing
42566 [space.exploration.mars.newRover_zion-mainframe-1502815917834-cee988dc-leader-finder-thread] INFO  kafka.producer.SyncProducer  - Disconnecting from zion-mainframe:9092
42580 [ConsumerFetcherThread-space.exploration.mars.newRover_zion-mainframe-1502815917834-cee988dc-0-0] INFO  kafka.consumer.ConsumerFetcherThread  - [ConsumerFetcherThread-space.exploration.mars.newRover_zion-mainframe-1502815917834-cee988dc-0-0], Starting 
42593 [space.exploration.mars.newRover_zion-mainframe-1502815917834-cee988dc-leader-finder-thread] INFO  kafka.consumer.ConsumerFetcherManager  - [ConsumerFetcherManager-1502815917868] Added fetcher for partitions ArrayBuffer([[earth_to_curiosity_0,0], initOffset -1 to broker BrokerEndPoint(0,zion-mainframe,9092)] )
58060 [pool-1-thread-1] INFO  space.exploration.mars.rover.diagnostics.Pacemaker  - SCET: 1502815969321
equipmentHealth {
  key: "Battery"
  value: 1000
}
equipmentHealth {
  key: "Radio"
  value: 9999
}
equipmentHealth {
  key: "Lidar"
  value: 1000
}
equipmentHealth {
  key: "Camera"
  value: 1000
}
equipmentHealth {
  key: "Spectrometer"
  value: 1000
}
equipmentHealth {
  key: "Radar"
  value: 1000
}
batteryLevel: 999
moduleReporting: 3
notes: "This is rover Curiosity. Sending HeartBeat!"
location {
  x: 350
  y: 250
}

118000 [pool-1-thread-1] INFO  space.exploration.mars.rover.diagnostics.Pacemaker  - SCET: 1502816029314
equipmentHealth {
  key: "Battery"
  value: 1000
}
equipmentHealth {
  key: "Radio"
  value: 9998
}
equipmentHealth {
  key: "Lidar"
  value: 1000
}
equipmentHealth {
  key: "Camera"
  value: 1000
}
equipmentHealth {
  key: "Spectrometer"
  value: 1000
}
equipmentHealth {
  key: "Radar"
  value: 1000
}
batteryLevel: 998
moduleReporting: 3
notes: "This is rover Curiosity. Sending HeartBeat!"
location {
  x: 350
  y: 250
}

171902 [Thread-2] INFO  space.exploration.mars.rover.kernel.ListeningState  - timeStamp: 1502816068701
targets {
  roverModule: 1
  estimatedPowerUsage: 40
  action: "Move"
  auxiliaryData: "\n\004\b\031\020K"
}

171917 [Thread-2] INFO  space.exploration.mars.rover.kernel.MovingState  - In moving state, destination demanded = x: 25
y: 75

172066 [Thread-2] INFO  space.exploration.mars.rover.learning.ReinforcementLearner  -  rlEngine training triggered at SCET = 1502816083385 source = java.awt.Point[x=350,y=250] destination = java.awt.Point[x=25,y=75]
172289 [Thread-2] INFO  space.exploration.mars.rover.learning.ReinforcementLearner  -  rlEngine logging totalExplorationSteps = 330135
237996 [pool-1-thread-1] INFO  space.exploration.mars.rover.diagnostics.Pacemaker  - SCET: 1502816149314
equipmentHealth {
  key: "Battery"
  value: 1000
}
equipmentHealth {
  key: "Radio"
  value: 9995
}
equipmentHealth {
  key: "Lidar"
  value: 1000
}
equipmentHealth {
  key: "Camera"
  value: 1000
}
equipmentHealth {
  key: "Spectrometer"
  value: 1000
}
equipmentHealth {
  key: "Radar"
  value: 1000
}
batteryLevel: 727
moduleReporting: 3
notes: "This is rover Curiosity. Sending HeartBeat!"
location {
  x: 25
  y: 75
}

298006 [pool-1-thread-3] INFO  space.exploration.mars.rover.diagnostics.Pacemaker  - SCET: 1502816209314
equipmentHealth {
  key: "Battery"
  value: 1000
}
equipmentHealth {
  key: "Radio"
  value: 9994
}
equipmentHealth {
  key: "Lidar"
  value: 1000
}
equipmentHealth {
  key: "Camera"
  value: 1000
}
equipmentHealth {
  key: "Spectrometer"
  value: 1000
}
equipmentHealth {
  key: "Radar"
  value: 1000
}
batteryLevel: 726
moduleReporting: 3
notes: "This is rover Curiosity. Sending HeartBeat!"
location {
  x: 25
  y: 75
}

357997 [pool-1-thread-2] INFO  space.exploration.mars.rover.diagnostics.Pacemaker  - SCET: 1502816269314
equipmentHealth {
  key: "Battery"
  value: 1000
}
equipmentHealth {
  key: "Radio"
  value: 9993
}
equipmentHealth {
  key: "Lidar"
  value: 1000
}
equipmentHealth {
  key: "Camera"
  value: 1000
}
equipmentHealth {
  key: "Spectrometer"
  value: 1000
}
equipmentHealth {
  key: "Radar"
  value: 1000
}
batteryLevel: 725
moduleReporting: 3
notes: "This is rover Curiosity. Sending HeartBeat!"
location {
  x: 25
  y: 75
}

417997 [pool-1-thread-4] INFO  space.exploration.mars.rover.diagnostics.Pacemaker  - SCET: 1502816329314
equipmentHealth {
  key: "Battery"
  value: 1000
}
equipmentHealth {
  key: "Radio"
  value: 9992
}
equipmentHealth {
  key: "Lidar"
  value: 1000
}
equipmentHealth {
  key: "Camera"
  value: 1000
}
equipmentHealth {
  key: "Spectrometer"
  value: 1000
}
equipmentHealth {
  key: "Radar"
  value: 1000
}
batteryLevel: 724
moduleReporting: 3
notes: "This is rover Curiosity. Sending HeartBeat!"
location {
  x: 25
  y: 75
}

477995 [pool-1-thread-1] INFO  space.exploration.mars.rover.diagnostics.Pacemaker  - SCET: 1502816389314
equipmentHealth {
  key: "Battery"
  value: 1000
}
equipmentHealth {
  key: "Radio"
  value: 9991
}
equipmentHealth {
  key: "Lidar"
  value: 1000
}
equipmentHealth {
  key: "Camera"
  value: 1000
}
equipmentHealth {
  key: "Spectrometer"
  value: 1000
}
equipmentHealth {
  key: "Radar"
  value: 1000
}
batteryLevel: 723
moduleReporting: 3
notes: "This is rover Curiosity. Sending HeartBeat!"
location {
  x: 25
  y: 75
}

537995 [pool-1-thread-5] INFO  space.exploration.mars.rover.kernel.ListeningState  - timeStamp: 1502816367977
targets {
  roverModule: 9
  estimatedPowerUsage: 20
  action: "PerformRadarScan"
}

537995 [pool-1-thread-5] INFO  space.exploration.mars.rover.kernel.RadarScanningState  - Performing Radar Scan, current position = java.awt.Point[x=25,y=75]
538011 [pool-1-thread-5] INFO  space.exploration.mars.rover.sensor.Radar  - Rover position at RadarScan =>java.awt.Point[x=25,y=75]
538013 [pool-1-thread-5] INFO  space.exploration.mars.rover.sensor.Radar  - Rover position at RadarScan =>java.awt.Point[x=25,y=75]
538013 [pool-1-thread-5] INFO  space.exploration.mars.rover.sensor.Radar  - Rover position at RadarScan =>java.awt.Point[x=25,y=75]
538014 [pool-1-thread-5] INFO  space.exploration.mars.rover.sensor.Radar  - Rover position at RadarScan =>java.awt.Point[x=25,y=75]
538020 [pool-1-thread-5] INFO  space.exploration.mars.rover.sensor.Radar  - Rover position at RadarScan =>java.awt.Point[x=25,y=75]
539002 [Thread-4] INFO  space.exploration.mars.rover.environment.RadarContactBlip  - java.awt.Point[x=678,y=436]
540461 [Thread-5] INFO  space.exploration.mars.rover.environment.RadarContactBlip  - java.awt.Point[x=505,y=471]
540523 [Thread-6] INFO  space.exploration.mars.rover.environment.RadarContactBlip  - java.awt.Point[x=505,y=471]
541165 [Thread-7] INFO  space.exploration.mars.rover.environment.RadarContactBlip  - java.awt.Point[x=488,y=505]
541444 [Thread-8] INFO  space.exploration.mars.rover.environment.RadarContactBlip  - java.awt.Point[x=471,y=505]
541474 [Thread-9] INFO  space.exploration.mars.rover.environment.RadarContactBlip  - java.awt.Point[x=471,y=505]
542697 [Thread-10] INFO  space.exploration.mars.rover.environment.RadarContactBlip  - java.awt.Point[x=436,y=609]
542729 [Thread-11] INFO  space.exploration.mars.rover.environment.RadarContactBlip  - java.awt.Point[x=436,y=609]
561222 [Thread-12] INFO  space.exploration.mars.rover.environment.RadarContactBlip  - java.awt.Point[x=678,y=436]
562685 [Thread-13] INFO  space.exploration.mars.rover.environment.RadarContactBlip  - java.awt.Point[x=505,y=471]
562747 [Thread-14] INFO  space.exploration.mars.rover.environment.RadarContactBlip  - java.awt.Point[x=505,y=471]
563385 [Thread-15] INFO  space.exploration.mars.rover.environment.RadarContactBlip  - java.awt.Point[x=488,y=505]
563661 [Thread-16] INFO  space.exploration.mars.rover.environment.RadarContactBlip  - java.awt.Point[x=471,y=505]
563692 [Thread-17] INFO  space.exploration.mars.rover.environment.RadarContactBlip  - java.awt.Point[x=471,y=505]
564913 [Thread-18] INFO  space.exploration.mars.rover.environment.RadarContactBlip  - java.awt.Point[x=436,y=609]
564945 [Thread-19] INFO  space.exploration.mars.rover.environment.RadarContactBlip  - java.awt.Point[x=436,y=609]
582704 [pool-1-thread-5] INFO  space.exploration.mars.rover.sensor.Radar  - Rover position at RadarScan =>java.awt.Point[x=25,y=75]
582704 [pool-1-thread-5] INFO  space.exploration.mars.rover.sensor.Radar  - Rover position at RadarScan =>java.awt.Point[x=25,y=75]
582704 [pool-1-thread-5] INFO  space.exploration.mars.rover.sensor.Radar  - Rover position at RadarScan =>java.awt.Point[x=25,y=75]
582704 [pool-1-thread-5] INFO  space.exploration.mars.rover.sensor.Radar  - Rover position at RadarScan =>java.awt.Point[x=25,y=75]
582705 [pool-1-thread-5] INFO  space.exploration.mars.rover.sensor.Radar  - Rover position at RadarScan =>java.awt.Point[x=25,y=75]
595015 [pool-1-thread-5] INFO  space.exploration.mars.rover.diagnostics.Pacemaker  - SCET: 1502816506330
equipmentHealth {
  key: "Battery"
  value: 1000
}
equipmentHealth {
  key: "Radio"
  value: 9988
}
equipmentHealth {
  key: "Lidar"
  value: 1000
}
equipmentHealth {
  key: "Camera"
  value: 1000
}
equipmentHealth {
  key: "Spectrometer"
  value: 1000
}
equipmentHealth {
  key: "Radar"
  value: 998
}
batteryLevel: 702
moduleReporting: 3
notes: "This is rover Curiosity. Sending HeartBeat!"
location {
  x: 25
  y: 75
}

620736 [pool-1-thread-5] INFO  kafka.client.ClientUtils$  - Fetching metadata from broker BrokerEndPoint(0,localhost,9092) with correlation id 21 for 1 topic(s) Set(curiosity_to_earth_0)
620738 [pool-1-thread-5] INFO  kafka.producer.SyncProducer  - Connected to localhost:9092 for producing
620740 [pool-1-thread-5] INFO  kafka.producer.SyncProducer  - Disconnecting from localhost:9092
620741 [pool-1-thread-5] INFO  kafka.producer.SyncProducer  - Disconnecting from zion-mainframe:9092
620744 [pool-1-thread-5] INFO  kafka.producer.SyncProducer  - Connected to zion-mainframe:9092 for producing
620747 [pool-1-thread-5] INFO  space.exploration.mars.rover.diagnostics.Pacemaker  - SCET: 1502816532064
equipmentHealth {
  key: "Battery"
  value: 1000
}
equipmentHealth {
  key: "Radio"
  value: 9987
}
equipmentHealth {
  key: "Lidar"
  value: 1000
}
equipmentHealth {
  key: "Camera"
  value: 1000
}
equipmentHealth {
  key: "Spectrometer"
  value: 1000
}
equipmentHealth {
  key: "Radar"
  value: 998
}
batteryLevel: 701
moduleReporting: 3
notes: "This is rover Curiosity. Sending HeartBeat!"
location {
  x: 25
  y: 75
}

657995 [pool-1-thread-5] INFO  space.exploration.mars.rover.diagnostics.Pacemaker  - SCET: 1502816569314
equipmentHealth {
  key: "Battery"
  value: 1000
}
equipmentHealth {
  key: "Radio"
  value: 9986
}
equipmentHealth {
  key: "Lidar"
  value: 1000
}
equipmentHealth {
  key: "Camera"
  value: 1000
}
equipmentHealth {
  key: "Spectrometer"
  value: 1000
}
equipmentHealth {
  key: "Radar"
  value: 998
}
batteryLevel: 700
moduleReporting: 3
notes: "This is rover Curiosity. Sending HeartBeat!"
location {
  x: 25
  y: 75
}

717996 [pool-1-thread-5] INFO  space.exploration.mars.rover.diagnostics.Pacemaker  - SCET: 1502816629314
equipmentHealth {
  key: "Battery"
  value: 1000
}
equipmentHealth {
  key: "Radio"
  value: 9985
}
equipmentHealth {
  key: "Lidar"
  value: 1000
}
equipmentHealth {
  key: "Camera"
  value: 1000
}
equipmentHealth {
  key: "Spectrometer"
  value: 1000
}
equipmentHealth {
  key: "Radar"
  value: 998
}
batteryLevel: 699
moduleReporting: 3
notes: "This is rover Curiosity. Sending HeartBeat!"
location {
  x: 25
  y: 75
}

777996 [pool-1-thread-5] INFO  space.exploration.mars.rover.diagnostics.Pacemaker  - SCET: 1502816689314
equipmentHealth {
  key: "Battery"
  value: 1000
}
equipmentHealth {
  key: "Radio"
  value: 9984
}
equipmentHealth {
  key: "Lidar"
  value: 1000
}
equipmentHealth {
  key: "Camera"
  value: 1000
}
equipmentHealth {
  key: "Spectrometer"
  value: 1000
}
equipmentHealth {
  key: "Radar"
  value: 998
}
batteryLevel: 698
moduleReporting: 3
notes: "This is rover Curiosity. Sending HeartBeat!"
location {
  x: 25
  y: 75
}

837995 [pool-1-thread-5] INFO  space.exploration.mars.rover.diagnostics.Pacemaker  - SCET: 1502816749314
equipmentHealth {
  key: "Battery"
  value: 1000
}
equipmentHealth {
  key: "Radio"
  value: 9983
}
equipmentHealth {
  key: "Lidar"
  value: 1000
}
equipmentHealth {
  key: "Camera"
  value: 1000
}
equipmentHealth {
  key: "Spectrometer"
  value: 1000
}
equipmentHealth {
  key: "Radar"
  value: 998
}
batteryLevel: 697
moduleReporting: 3
notes: "This is rover Curiosity. Sending HeartBeat!"
location {
  x: 25
  y: 75
}

897995 [pool-1-thread-5] INFO  space.exploration.mars.rover.diagnostics.Pacemaker  - SCET: 1502816809314
equipmentHealth {
  key: "Battery"
  value: 1000
}
equipmentHealth {
  key: "Radio"
  value: 9982
}
equipmentHealth {
  key: "Lidar"
  value: 1000
}
equipmentHealth {
  key: "Camera"
  value: 1000
}
equipmentHealth {
  key: "Spectrometer"
  value: 1000
}
equipmentHealth {
  key: "Radar"
  value: 998
}
batteryLevel: 696
moduleReporting: 3
notes: "This is rover Curiosity. Sending HeartBeat!"
location {
  x: 25
  y: 75
}

957997 [pool-1-thread-5] INFO  space.exploration.mars.rover.diagnostics.Pacemaker  - SCET: 1502816869314
equipmentHealth {
  key: "Battery"
  value: 1000
}
equipmentHealth {
  key: "Radio"
  value: 9981
}
equipmentHealth {
  key: "Lidar"
  value: 1000
}
equipmentHealth {
  key: "Camera"
  value: 1000
}
equipmentHealth {
  key: "Spectrometer"
  value: 1000
}
equipmentHealth {
  key: "Radar"
  value: 998
}
batteryLevel: 695
moduleReporting: 3
notes: "This is rover Curiosity. Sending HeartBeat!"
location {
  x: 25
  y: 75
}

1017995 [pool-1-thread-5] INFO  space.exploration.mars.rover.diagnostics.Pacemaker  - SCET: 1502816929314
equipmentHealth {
  key: "Battery"
  value: 1000
}
equipmentHealth {
  key: "Radio"
  value: 9980
}
equipmentHealth {
  key: "Lidar"
  value: 1000
}
equipmentHealth {
  key: "Camera"
  value: 1000
}
equipmentHealth {
  key: "Spectrometer"
  value: 1000
}
equipmentHealth {
  key: "Radar"
  value: 998
}
batteryLevel: 694
moduleReporting: 3
notes: "This is rover Curiosity. Sending HeartBeat!"
location {
  x: 25
  y: 75
}

1077996 [pool-1-thread-5] INFO  space.exploration.mars.rover.diagnostics.Pacemaker  - SCET: 1502816989314
equipmentHealth {
  key: "Battery"
  value: 1000
}
equipmentHealth {
  key: "Radio"
  value: 9979
}
equipmentHealth {
  key: "Lidar"
  value: 1000
}
equipmentHealth {
  key: "Camera"
  value: 1000
}
equipmentHealth {
  key: "Spectrometer"
  value: 1000
}
equipmentHealth {
  key: "Radar"
  value: 998
}
batteryLevel: 693
moduleReporting: 3
notes: "This is rover Curiosity. Sending HeartBeat!"
location {
  x: 25
  y: 75
}

1137995 [pool-1-thread-5] INFO  space.exploration.mars.rover.diagnostics.Pacemaker  - SCET: 1502817049314
equipmentHealth {
  key: "Battery"
  value: 1000
}
equipmentHealth {
  key: "Radio"
  value: 9978
}
equipmentHealth {
  key: "Lidar"
  value: 1000
}
equipmentHealth {
  key: "Camera"
  value: 1000
}
equipmentHealth {
  key: "Spectrometer"
  value: 1000
}
equipmentHealth {
  key: "Radar"
  value: 998
}
batteryLevel: 692
moduleReporting: 3
notes: "This is rover Curiosity. Sending HeartBeat!"
location {
  x: 25
  y: 75
}

1197995 [pool-1-thread-5] INFO  space.exploration.mars.rover.diagnostics.Pacemaker  - SCET: 1502817109314
equipmentHealth {
  key: "Battery"
  value: 1000
}
equipmentHealth {
  key: "Radio"
  value: 9977
}
equipmentHealth {
  key: "Lidar"
  value: 1000
}
equipmentHealth {
  key: "Camera"
  value: 1000
}
equipmentHealth {
  key: "Spectrometer"
  value: 1000
}
equipmentHealth {
  key: "Radar"
  value: 998
}
batteryLevel: 691
moduleReporting: 3
notes: "This is rover Curiosity. Sending HeartBeat!"
location {
  x: 25
  y: 75
}

1257995 [pool-1-thread-5] INFO  space.exploration.mars.rover.diagnostics.Pacemaker  - SCET: 1502817169314
equipmentHealth {
  key: "Battery"
  value: 1000
}
equipmentHealth {
  key: "Radio"
  value: 9976
}
equipmentHealth {
  key: "Lidar"
  value: 1000
}
equipmentHealth {
  key: "Camera"
  value: 1000
}
equipmentHealth {
  key: "Spectrometer"
  value: 1000
}
equipmentHealth {
  key: "Radar"
  value: 998
}
batteryLevel: 690
moduleReporting: 3
notes: "This is rover Curiosity. Sending HeartBeat!"
location {
  x: 25
  y: 75
}

1269505 [pool-1-thread-5] INFO  kafka.client.ClientUtils$  - Fetching metadata from broker BrokerEndPoint(0,localhost,9092) with correlation id 46 for 1 topic(s) Set(curiosity_to_earth_0)
1269505 [pool-1-thread-5] INFO  kafka.producer.SyncProducer  - Connected to localhost:9092 for producing
1269507 [pool-1-thread-5] INFO  kafka.producer.SyncProducer  - Disconnecting from localhost:9092
1269508 [pool-1-thread-5] INFO  kafka.producer.SyncProducer  - Disconnecting from zion-mainframe:9092
1269509 [pool-1-thread-5] INFO  kafka.producer.SyncProducer  - Connected to zion-mainframe:9092 for producing
1317995 [pool-1-thread-5] INFO  space.exploration.mars.rover.diagnostics.Pacemaker  - SCET: 1502817229314
equipmentHealth {
  key: "Battery"
  value: 1000
}
equipmentHealth {
  key: "Radio"
  value: 9975
}
equipmentHealth {
  key: "Lidar"
  value: 1000
}
equipmentHealth {
  key: "Camera"
  value: 1000
}
equipmentHealth {
  key: "Spectrometer"
  value: 1000
}
equipmentHealth {
  key: "Radar"
  value: 998
}
batteryLevel: 689
moduleReporting: 3
notes: "This is rover Curiosity. Sending HeartBeat!"
location {
  x: 25
  y: 75
}

1377996 [pool-1-thread-5] INFO  space.exploration.mars.rover.diagnostics.Pacemaker  - SCET: 1502817289314
equipmentHealth {
  key: "Battery"
  value: 1000
}
equipmentHealth {
  key: "Radio"
  value: 9974
}
equipmentHealth {
  key: "Lidar"
  value: 1000
}
equipmentHealth {
  key: "Camera"
  value: 1000
}
equipmentHealth {
  key: "Spectrometer"
  value: 1000
}
equipmentHealth {
  key: "Radar"
  value: 998
}
batteryLevel: 688
moduleReporting: 3
notes: "This is rover Curiosity. Sending HeartBeat!"
location {
  x: 25
  y: 75
}

1437996 [pool-1-thread-5] INFO  space.exploration.mars.rover.diagnostics.Pacemaker  - SCET: 1502817349314
equipmentHealth {
  key: "Battery"
  value: 1000
}
equipmentHealth {
  key: "Radio"
  value: 9973
}
equipmentHealth {
  key: "Lidar"
  value: 1000
}
equipmentHealth {
  key: "Camera"
  value: 1000
}
equipmentHealth {
  key: "Spectrometer"
  value: 1000
}
equipmentHealth {
  key: "Radar"
  value: 998
}
batteryLevel: 687
moduleReporting: 3
notes: "This is rover Curiosity. Sending HeartBeat!"
location {
  x: 25
  y: 75
}

1497995 [pool-1-thread-5] INFO  space.exploration.mars.rover.diagnostics.Pacemaker  - SCET: 1502817409314
solNumber: 1
equipmentHealth {
  key: "Battery"
  value: 1000
}
equipmentHealth {
  key: "Radio"
  value: 9972
}
equipmentHealth {
  key: "Lidar"
  value: 1000
}
equipmentHealth {
  key: "Camera"
  value: 1000
}
equipmentHealth {
  key: "Spectrometer"
  value: 1000
}
equipmentHealth {
  key: "Radar"
  value: 998
}
batteryLevel: 686
moduleReporting: 3
notes: "This is rover Curiosity. Sending HeartBeat!"
location {
  x: 25
  y: 75
}

1557995 [pool-1-thread-5] INFO  space.exploration.mars.rover.diagnostics.Pacemaker  - SCET: 1502817469314
solNumber: 1
equipmentHealth {
  key: "Battery"
  value: 1000
}
equipmentHealth {
  key: "Radio"
  value: 9971
}
equipmentHealth {
  key: "Lidar"
  value: 1000
}
equipmentHealth {
  key: "Camera"
  value: 1000
}
equipmentHealth {
  key: "Spectrometer"
  value: 1000
}
equipmentHealth {
  key: "Radar"
  value: 998
}
batteryLevel: 685
moduleReporting: 3
notes: "This is rover Curiosity. Sending HeartBeat!"
location {
  x: 25
  y: 75
}

1617995 [pool-1-thread-5] INFO  space.exploration.mars.rover.diagnostics.Pacemaker  - SCET: 1502817529314
solNumber: 1
equipmentHealth {
  key: "Battery"
  value: 1000
}
equipmentHealth {
  key: "Radio"
  value: 9970
}
equipmentHealth {
  key: "Lidar"
  value: 1000
}
equipmentHealth {
  key: "Camera"
  value: 1000
}
equipmentHealth {
  key: "Spectrometer"
  value: 1000
}
equipmentHealth {
  key: "Radar"
  value: 998
}
batteryLevel: 684
moduleReporting: 3
notes: "This is rover Curiosity. Sending HeartBeat!"
location {
  x: 25
  y: 75
}

1677995 [pool-1-thread-5] INFO  space.exploration.mars.rover.diagnostics.Pacemaker  - SCET: 1502817589314
solNumber: 1
equipmentHealth {
  key: "Battery"
  value: 1000
}
equipmentHealth {
  key: "Radio"
  value: 9969
}
equipmentHealth {
  key: "Lidar"
  value: 1000
}
equipmentHealth {
  key: "Camera"
  value: 1000
}
equipmentHealth {
  key: "Spectrometer"
  value: 1000
}
equipmentHealth {
  key: "Radar"
  value: 998
}
batteryLevel: 683
moduleReporting: 3
notes: "This is rover Curiosity. Sending HeartBeat!"
location {
  x: 25
  y: 75
}

1737998 [pool-1-thread-5] INFO  space.exploration.mars.rover.diagnostics.Pacemaker  - SCET: 1502817649314
solNumber: 1
equipmentHealth {
  key: "Battery"
  value: 1000
}
equipmentHealth {
  key: "Radio"
  value: 9968
}
equipmentHealth {
  key: "Lidar"
  value: 1000
}
equipmentHealth {
  key: "Camera"
  value: 1000
}
equipmentHealth {
  key: "Spectrometer"
  value: 1000
}
equipmentHealth {
  key: "Radar"
  value: 998
}
batteryLevel: 682
moduleReporting: 3
notes: "This is rover Curiosity. Sending HeartBeat!"
location {
  x: 25
  y: 75
}

1797995 [pool-1-thread-5] INFO  space.exploration.mars.rover.diagnostics.Pacemaker  - SCET: 1502817709314
solNumber: 1
equipmentHealth {
  key: "Battery"
  value: 1000
}
equipmentHealth {
  key: "Radio"
  value: 9967
}
equipmentHealth {
  key: "Lidar"
  value: 1000
}
equipmentHealth {
  key: "Camera"
  value: 1000
}
equipmentHealth {
  key: "Spectrometer"
  value: 1000
}
equipmentHealth {
  key: "Radar"
  value: 998
}
batteryLevel: 681
moduleReporting: 3
notes: "This is rover Curiosity. Sending HeartBeat!"
location {
  x: 25
  y: 75
}

1857996 [pool-1-thread-5] INFO  space.exploration.mars.rover.diagnostics.Pacemaker  - SCET: 1502817769314
solNumber: 1
equipmentHealth {
  key: "Battery"
  value: 1000
}
equipmentHealth {
  key: "Radio"
  value: 9966
}
equipmentHealth {
  key: "Lidar"
  value: 1000
}
equipmentHealth {
  key: "Camera"
  value: 1000
}
equipmentHealth {
  key: "Spectrometer"
  value: 1000
}
equipmentHealth {
  key: "Radar"
  value: 998
}
batteryLevel: 680
moduleReporting: 3
notes: "This is rover Curiosity. Sending HeartBeat!"
location {
  x: 25
  y: 75
}

1870960 [pool-1-thread-5] INFO  kafka.client.ClientUtils$  - Fetching metadata from broker BrokerEndPoint(0,localhost,9092) with correlation id 67 for 1 topic(s) Set(curiosity_to_earth_0)
1870961 [pool-1-thread-5] INFO  kafka.producer.SyncProducer  - Connected to localhost:9092 for producing
1870963 [pool-1-thread-5] INFO  kafka.producer.SyncProducer  - Disconnecting from localhost:9092
1870963 [pool-1-thread-5] INFO  kafka.producer.SyncProducer  - Disconnecting from zion-mainframe:9092
1870966 [pool-1-thread-5] INFO  kafka.producer.SyncProducer  - Connected to zion-mainframe:9092 for producing
1917996 [pool-1-thread-5] INFO  space.exploration.mars.rover.diagnostics.Pacemaker  - SCET: 1502817829314
solNumber: 1
equipmentHealth {
  key: "Battery"
  value: 1000
}
equipmentHealth {
  key: "Radio"
  value: 9965
}
equipmentHealth {
  key: "Lidar"
  value: 1000
}
equipmentHealth {
  key: "Camera"
  value: 1000
}
equipmentHealth {
  key: "Spectrometer"
  value: 1000
}
equipmentHealth {
  key: "Radar"
  value: 998
}
batteryLevel: 679
moduleReporting: 3
notes: "This is rover Curiosity. Sending HeartBeat!"
location {
  x: 25
  y: 75
}

