2018-02-02 22:37:02,361 [      roverMain] INFO  space.exploration.mars.rover.kernel.SpacecraftClock - Valid utc time ranges are dictated by clockService as follows:
2018-02-02 22:37:02,362 [      roverMain] INFO  space.exploration.mars.rover.kernel.SpacecraftClock - APPLICABLE_START_TIME=2000-001T11:58:55.816, APPLICABLE_STOP_TIME=2017-360T19:17:40.149
2018-02-02 22:37:02,362 [      roverMain] INFO  space.exploration.mars.rover.kernel.SpacecraftClock - Given UTC = 2017-02-15~19:06:00
2018-02-02 22:37:02,363 [      roverMain] INFO  space.exploration.mars.rover.kernel.SpacecraftClock - Please ensure that positionSensor and sclk are synchronized
2018-02-02 22:37:02,375 [      roverMain] INFO  space.exploration.mars.rover.kernel.SpacecraftClock - Curiosity internal spacecraft clock started at :: 2017-02-16T01:06:00.000Z
2018-02-02 22:37:02,375 [      roverMain] INFO  space.exploration.mars.rover.kernel.SpacecraftClock - Mission duration is set to :: 1 year(s).
2018-02-02 22:37:02,375 [      roverMain] INFO  space.exploration.mars.rover.kernel.SpacecraftClock - Mission duration = 31536000000
2018-02-02 22:37:06,520 [      roverMain] INFO  space.exploration.mars.rover.diagnostics.RoverGarbageCollector - Starting garbageCollection
2018-02-02 22:37:08,522 [      roverMain] INFO  space.exploration.mars.rover.kernel.Rover - Rover current position is = java.awt.Point[x=525,y=100]
2018-02-02 22:37:09,525 [      roverMain] INFO  space.exploration.mars.rover.sensor.Lidar - Lidar initialized and ready!
2018-02-02 22:37:10,719 [      roverMain] INFO  space.exploration.mars.rover.sensor.Camera - Camera initialized and ready!
2018-02-02 22:37:11,722 [      roverMain] INFO  space.exploration.mars.rover.sensor.Radar - Radar configured:: 
2018-02-02 22:37:12,977 [      roverMain] INFO  space.exploration.mars.rover.power.Battery - Battery configured, batteryLife:primaryPowerUnits = 1200 auxiliaryPowerUnits = 100 alertThreshold: 100 rechargeTime = 60000
2018-02-02 22:37:13,981 [      roverMain] INFO  space.exploration.mars.rover.kernel.Rover - Battery Monitor configured!
2018-02-02 22:37:14,024 [      roverMain] INFO  org.apache.kafka.clients.producer.ProducerConfig - ProducerConfig values: 
	metric.reporters = []
	metadata.max.age.ms = 300000
	reconnect.backoff.ms = 50
	sasl.kerberos.ticket.renew.window.factor = 0.8
	bootstrap.servers = [localhost:9092]
	ssl.keystore.type = JKS
	sasl.mechanism = GSSAPI
	max.block.ms = 60000
	interceptor.classes = null
	ssl.truststore.password = null
	client.id = 
	ssl.endpoint.identification.algorithm = null
	request.timeout.ms = 30000
	acks = 1
	receive.buffer.bytes = 32768
	ssl.truststore.type = JKS
	retries = 0
	ssl.truststore.location = null
	ssl.keystore.password = null
	send.buffer.bytes = 131072
	compression.type = none
	metadata.fetch.timeout.ms = 60000
	retry.backoff.ms = 100
	sasl.kerberos.kinit.cmd = /usr/bin/kinit
	buffer.memory = 33554432
	timeout.ms = 30000
	key.serializer = class org.apache.kafka.common.serialization.StringSerializer
	sasl.kerberos.service.name = null
	sasl.kerberos.ticket.renew.jitter = 0.05
	ssl.trustmanager.algorithm = PKIX
	block.on.buffer.full = false
	ssl.key.password = null
	sasl.kerberos.min.time.before.relogin = 60000
	connections.max.idle.ms = 540000
	max.in.flight.requests.per.connection = 5
	metrics.num.samples = 2
	ssl.protocol = TLS
	ssl.provider = null
	ssl.enabled.protocols = [TLSv1.2, TLSv1.1, TLSv1]
	batch.size = 16384
	ssl.keystore.location = null
	ssl.cipher.suites = null
	security.protocol = PLAINTEXT
	max.request.size = 1048576
	value.serializer = class org.apache.kafka.common.serialization.ByteArraySerializer
	ssl.keymanager.algorithm = SunX509
	metrics.sample.window.ms = 30000
	partitioner.class = class org.apache.kafka.clients.producer.internals.DefaultPartitioner
	linger.ms = 0

2018-02-02 22:37:14,095 [      roverMain] INFO  org.apache.kafka.clients.producer.ProducerConfig - ProducerConfig values: 
	metric.reporters = []
	metadata.max.age.ms = 300000
	reconnect.backoff.ms = 50
	sasl.kerberos.ticket.renew.window.factor = 0.8
	bootstrap.servers = [localhost:9092]
	ssl.keystore.type = JKS
	sasl.mechanism = GSSAPI
	max.block.ms = 60000
	interceptor.classes = null
	ssl.truststore.password = null
	client.id = producer-1
	ssl.endpoint.identification.algorithm = null
	request.timeout.ms = 30000
	acks = 1
	receive.buffer.bytes = 32768
	ssl.truststore.type = JKS
	retries = 0
	ssl.truststore.location = null
	ssl.keystore.password = null
	send.buffer.bytes = 131072
	compression.type = none
	metadata.fetch.timeout.ms = 60000
	retry.backoff.ms = 100
	sasl.kerberos.kinit.cmd = /usr/bin/kinit
	buffer.memory = 33554432
	timeout.ms = 30000
	key.serializer = class org.apache.kafka.common.serialization.StringSerializer
	sasl.kerberos.service.name = null
	sasl.kerberos.ticket.renew.jitter = 0.05
	ssl.trustmanager.algorithm = PKIX
	block.on.buffer.full = false
	ssl.key.password = null
	sasl.kerberos.min.time.before.relogin = 60000
	connections.max.idle.ms = 540000
	max.in.flight.requests.per.connection = 5
	metrics.num.samples = 2
	ssl.protocol = TLS
	ssl.provider = null
	ssl.enabled.protocols = [TLSv1.2, TLSv1.1, TLSv1]
	batch.size = 16384
	ssl.keystore.location = null
	ssl.cipher.suites = null
	security.protocol = PLAINTEXT
	max.request.size = 1048576
	value.serializer = class org.apache.kafka.common.serialization.ByteArraySerializer
	ssl.keymanager.algorithm = SunX509
	metrics.sample.window.ms = 30000
	partitioner.class = class org.apache.kafka.clients.producer.internals.DefaultPartitioner
	linger.ms = 0

2018-02-02 22:37:14,095 [      roverMain] WARN  org.apache.kafka.clients.producer.ProducerConfig - The configuration zookeeper.connect = localhost:2181 was supplied but isn't a known config.
2018-02-02 22:37:14,095 [      roverMain] WARN  org.apache.kafka.clients.producer.ProducerConfig - The configuration group.id = space.exploration.mars.rover.curiosity.1517632620066 was supplied but isn't a known config.
2018-02-02 22:37:14,095 [      roverMain] WARN  org.apache.kafka.clients.producer.ProducerConfig - The configuration source.topic = earth_to_curiosity_5 was supplied but isn't a known config.
2018-02-02 22:37:14,095 [      roverMain] WARN  org.apache.kafka.clients.producer.ProducerConfig - The configuration auto.offset.reset = largest was supplied but isn't a known config.
2018-02-02 22:37:14,095 [      roverMain] WARN  org.apache.kafka.clients.producer.ProducerConfig - The configuration metadata.broker.list = localhost:9092 was supplied but isn't a known config.
2018-02-02 22:37:14,095 [      roverMain] WARN  org.apache.kafka.clients.producer.ProducerConfig - The configuration destination.topic = curiosity_to_earth_5 was supplied but isn't a known config.
2018-02-02 22:37:14,096 [      roverMain] INFO  org.apache.kafka.common.utils.AppInfoParser - Kafka version : 0.10.0.1
2018-02-02 22:37:14,096 [      roverMain] INFO  org.apache.kafka.common.utils.AppInfoParser - Kafka commitId : a7a17cdec9eaa6c5
2018-02-02 22:37:14,195 [      roverMain] INFO          kafka.utils.VerifiableProperties - Verifying properties
2018-02-02 22:37:14,216 [      roverMain] INFO          kafka.utils.VerifiableProperties - Property auto.offset.reset is overridden to largest
2018-02-02 22:37:14,217 [      roverMain] WARN          kafka.utils.VerifiableProperties - Property bootstrap.servers is not valid
2018-02-02 22:37:14,217 [      roverMain] WARN          kafka.utils.VerifiableProperties - Property destination.topic is not valid
2018-02-02 22:37:14,217 [      roverMain] INFO          kafka.utils.VerifiableProperties - Property group.id is overridden to space.exploration.mars.rover.curiosity.1517632620066
2018-02-02 22:37:14,217 [      roverMain] WARN          kafka.utils.VerifiableProperties - Property key.serializer is not valid
2018-02-02 22:37:14,217 [      roverMain] WARN          kafka.utils.VerifiableProperties - Property metadata.broker.list is not valid
2018-02-02 22:37:14,217 [      roverMain] WARN          kafka.utils.VerifiableProperties - Property source.topic is not valid
2018-02-02 22:37:14,217 [      roverMain] WARN          kafka.utils.VerifiableProperties - Property value.serializer is not valid
2018-02-02 22:37:14,217 [      roverMain] INFO          kafka.utils.VerifiableProperties - Property zookeeper.connect is overridden to localhost:2181
2018-02-02 22:37:14,246 [      roverMain] INFO  kafka.consumer.ZookeeperConsumerConnector - [space.exploration.mars.rover.curiosity.1517632620066_zion-mainframe-1517632634245-33295941], Connecting to zookeeper instance at localhost:2181
2018-02-02 22:37:14,251 [-localhost:2181] INFO         org.I0Itec.zkclient.ZkEventThread - Starting ZkClient event thread.
2018-02-02 22:37:14,254 [      roverMain] INFO            org.apache.zookeeper.ZooKeeper - Client environment:zookeeper.version=3.4.6-1569965, built on 02/20/2014 09:09 GMT
2018-02-02 22:37:14,254 [      roverMain] INFO            org.apache.zookeeper.ZooKeeper - Client environment:host.name=zion-mainframe
2018-02-02 22:37:14,254 [      roverMain] INFO            org.apache.zookeeper.ZooKeeper - Client environment:java.version=1.8.0_151
2018-02-02 22:37:14,254 [      roverMain] INFO            org.apache.zookeeper.ZooKeeper - Client environment:java.vendor=Oracle Corporation
2018-02-02 22:37:14,254 [      roverMain] INFO            org.apache.zookeeper.ZooKeeper - Client environment:java.home=/usr/lib/jvm/java-8-openjdk-amd64/jre
2018-02-02 22:37:14,254 [      roverMain] INFO            org.apache.zookeeper.ZooKeeper - Client environment:java.class.path=target/mars.rover-1.5-SOLSHOT-shaded.jar
2018-02-02 22:37:14,254 [      roverMain] INFO            org.apache.zookeeper.ZooKeeper - Client environment:java.library.path=$LD_LIBRARY_PATH:"/home/sanket/Documents/workspace/SpiceUtilities/src/main/resources/JNISpice/lib/libJNISpice.so":/home/sanket/Documents/workspace/SpiceUtilities/src/main/resources/JNISpice/lib/libJNISpice.so:/usr/java/packages/lib/amd64:/usr/lib/x86_64-linux-gnu/jni:/lib/x86_64-linux-gnu:/usr/lib/x86_64-linux-gnu:/usr/lib/jni:/lib:/usr/lib
2018-02-02 22:37:14,254 [      roverMain] INFO            org.apache.zookeeper.ZooKeeper - Client environment:java.io.tmpdir=/tmp
2018-02-02 22:37:14,254 [      roverMain] INFO            org.apache.zookeeper.ZooKeeper - Client environment:java.compiler=<NA>
2018-02-02 22:37:14,254 [      roverMain] INFO            org.apache.zookeeper.ZooKeeper - Client environment:os.name=Linux
2018-02-02 22:37:14,254 [      roverMain] INFO            org.apache.zookeeper.ZooKeeper - Client environment:os.arch=amd64
2018-02-02 22:37:14,254 [      roverMain] INFO            org.apache.zookeeper.ZooKeeper - Client environment:os.version=4.13.0-32-generic
2018-02-02 22:37:14,254 [      roverMain] INFO            org.apache.zookeeper.ZooKeeper - Client environment:user.name=sanket
2018-02-02 22:37:14,254 [      roverMain] INFO            org.apache.zookeeper.ZooKeeper - Client environment:user.home=/home/sanket
2018-02-02 22:37:14,254 [      roverMain] INFO            org.apache.zookeeper.ZooKeeper - Client environment:user.dir=/home/sanket/Documents/workspace/MarsRover/mars.rover
2018-02-02 22:37:14,255 [      roverMain] INFO            org.apache.zookeeper.ZooKeeper - Initiating client connection, connectString=localhost:2181 sessionTimeout=6000 watcher=org.I0Itec.zkclient.ZkClient@2de23121
2018-02-02 22:37:14,261 [      roverMain] INFO              org.I0Itec.zkclient.ZkClient - Waiting for keeper state SyncConnected
2018-02-02 22:37:14,263 [localhost:2181)] INFO           org.apache.zookeeper.ClientCnxn - Opening socket connection to server localhost/127.0.0.1:2181. Will not attempt to authenticate using SASL (unknown error)
2018-02-02 22:37:14,266 [localhost:2181)] INFO           org.apache.zookeeper.ClientCnxn - Socket connection established to localhost/127.0.0.1:2181, initiating session
2018-02-02 22:37:14,271 [localhost:2181)] INFO           org.apache.zookeeper.ClientCnxn - Session establishment complete on server localhost/127.0.0.1:2181, sessionid = 0x1615861f7cf000a, negotiated timeout = 6000
2018-02-02 22:37:14,272 [ain-EventThread] INFO              org.I0Itec.zkclient.ZkClient - zookeeper state changed (SyncConnected)
2018-02-02 22:37:14,278 [      roverMain] INFO  kafka.consumer.ZookeeperConsumerConnector - [space.exploration.mars.rover.curiosity.1517632620066_zion-mainframe-1517632634245-33295941], starting auto committer every 60000 ms
2018-02-02 22:37:14,295 [          radio] INFO  kafka.consumer.ZookeeperConsumerConnector - [space.exploration.mars.rover.curiosity.1517632620066_zion-mainframe-1517632634245-33295941], begin registering consumer space.exploration.mars.rover.curiosity.1517632620066_zion-mainframe-1517632634245-33295941 in ZK
2018-02-02 22:37:14,314 [          radio] INFO            kafka.utils.ZKCheckedEphemeral - Creating /consumers/space.exploration.mars.rover.curiosity.1517632620066/ids/space.exploration.mars.rover.curiosity.1517632620066_zion-mainframe-1517632634245-33295941 (is it secure? false)
2018-02-02 22:37:14,322 [          radio] INFO            kafka.utils.ZKCheckedEphemeral - Result of znode creation is: OK
2018-02-02 22:37:14,323 [          radio] INFO  kafka.consumer.ZookeeperConsumerConnector - [space.exploration.mars.rover.curiosity.1517632620066_zion-mainframe-1517632634245-33295941], end registering consumer space.exploration.mars.rover.curiosity.1517632620066_zion-mainframe-1517632634245-33295941 in ZK
2018-02-02 22:37:14,326 [atcher_executor] INFO  kafka.consumer.ZookeeperConsumerConnector - [space.exploration.mars.rover.curiosity.1517632620066_zion-mainframe-1517632634245-33295941], starting watcher executor thread for consumer space.exploration.mars.rover.curiosity.1517632620066_zion-mainframe-1517632634245-33295941
2018-02-02 22:37:14,365 [          radio] INFO  kafka.consumer.ZookeeperConsumerConnector - [space.exploration.mars.rover.curiosity.1517632620066_zion-mainframe-1517632634245-33295941], begin rebalancing consumer space.exploration.mars.rover.curiosity.1517632620066_zion-mainframe-1517632634245-33295941 try #0
2018-02-02 22:37:14,437 [          radio] INFO     kafka.consumer.ConsumerFetcherManager - [ConsumerFetcherManager-1517632634276] Stopping leader finder thread
2018-02-02 22:37:14,437 [          radio] INFO     kafka.consumer.ConsumerFetcherManager - [ConsumerFetcherManager-1517632634276] Stopping all fetchers
2018-02-02 22:37:14,438 [          radio] INFO     kafka.consumer.ConsumerFetcherManager - [ConsumerFetcherManager-1517632634276] All connections stopped
2018-02-02 22:37:14,438 [          radio] INFO  kafka.consumer.ZookeeperConsumerConnector - [space.exploration.mars.rover.curiosity.1517632620066_zion-mainframe-1517632634245-33295941], Cleared all relevant queues for this fetcher
2018-02-02 22:37:14,438 [          radio] INFO  kafka.consumer.ZookeeperConsumerConnector - [space.exploration.mars.rover.curiosity.1517632620066_zion-mainframe-1517632634245-33295941], Cleared the data chunks in all the consumer message iterators
2018-02-02 22:37:14,438 [          radio] INFO  kafka.consumer.ZookeeperConsumerConnector - [space.exploration.mars.rover.curiosity.1517632620066_zion-mainframe-1517632634245-33295941], Committing all offsets after clearing the fetcher queues
2018-02-02 22:37:14,439 [          radio] INFO  kafka.consumer.ZookeeperConsumerConnector - [space.exploration.mars.rover.curiosity.1517632620066_zion-mainframe-1517632634245-33295941], Releasing partition ownership
2018-02-02 22:37:14,461 [          radio] INFO              kafka.consumer.RangeAssignor - Consumer space.exploration.mars.rover.curiosity.1517632620066_zion-mainframe-1517632634245-33295941 rebalancing the following partitions: ArrayBuffer(0) for topic earth_to_curiosity_5 with consumers: List(space.exploration.mars.rover.curiosity.1517632620066_zion-mainframe-1517632634245-33295941-0)
2018-02-02 22:37:14,462 [          radio] INFO              kafka.consumer.RangeAssignor - space.exploration.mars.rover.curiosity.1517632620066_zion-mainframe-1517632634245-33295941-0 attempting to claim partition 0
2018-02-02 22:37:14,495 [          radio] INFO  kafka.consumer.ZookeeperConsumerConnector - [space.exploration.mars.rover.curiosity.1517632620066_zion-mainframe-1517632634245-33295941], space.exploration.mars.rover.curiosity.1517632620066_zion-mainframe-1517632634245-33295941-0 successfully owned partition 0 for topic earth_to_curiosity_5
2018-02-02 22:37:14,508 [          radio] INFO  kafka.consumer.ZookeeperConsumerConnector - [space.exploration.mars.rover.curiosity.1517632620066_zion-mainframe-1517632634245-33295941], Consumer space.exploration.mars.rover.curiosity.1517632620066_zion-mainframe-1517632634245-33295941 selected partitions : earth_to_curiosity_5:0: fetched offset = -1: consumed offset = -1
2018-02-02 22:37:14,510 [          radio] INFO  kafka.consumer.ZookeeperConsumerConnector - [space.exploration.mars.rover.curiosity.1517632620066_zion-mainframe-1517632634245-33295941], end rebalancing consumer space.exploration.mars.rover.curiosity.1517632620066_zion-mainframe-1517632634245-33295941 try #0
2018-02-02 22:37:14,513 [r-finder-thread] INFO  kafka.consumer.ConsumerFetcherManager$LeaderFinderThread - [space.exploration.mars.rover.curiosity.1517632620066_zion-mainframe-1517632634245-33295941-leader-finder-thread], Starting 
2018-02-02 22:37:14,527 [r-finder-thread] INFO          kafka.utils.VerifiableProperties - Verifying properties
2018-02-02 22:37:14,527 [r-finder-thread] INFO          kafka.utils.VerifiableProperties - Property client.id is overridden to space.exploration.mars.rover.curiosity.1517632620066
2018-02-02 22:37:14,527 [r-finder-thread] INFO          kafka.utils.VerifiableProperties - Property metadata.broker.list is overridden to zion-mainframe:9092
2018-02-02 22:37:14,527 [r-finder-thread] INFO          kafka.utils.VerifiableProperties - Property request.timeout.ms is overridden to 30000
2018-02-02 22:37:14,537 [r-finder-thread] INFO                 kafka.client.ClientUtils$ - Fetching metadata from broker BrokerEndPoint(0,zion-mainframe,9092) with correlation id 0 for 1 topic(s) Set(earth_to_curiosity_5)
2018-02-02 22:37:14,541 [r-finder-thread] INFO               kafka.producer.SyncProducer - Connected to zion-mainframe:9092 for producing
2018-02-02 22:37:14,552 [r-finder-thread] INFO               kafka.producer.SyncProducer - Disconnecting from zion-mainframe:9092
2018-02-02 22:37:14,564 [45-33295941-0-0] INFO      kafka.consumer.ConsumerFetcherThread - [ConsumerFetcherThread-space.exploration.mars.rover.curiosity.1517632620066_zion-mainframe-1517632634245-33295941-0-0], Starting 
2018-02-02 22:37:14,574 [r-finder-thread] INFO     kafka.consumer.ConsumerFetcherManager - [ConsumerFetcherManager-1517632634276] Added fetcher for partitions ArrayBuffer([[earth_to_curiosity_5,0], initOffset -1 to broker BrokerEndPoint(0,zion-mainframe,9092)] )
2018-02-02 22:37:15,281 [      roverMain] INFO  space.exploration.mars.rover.communication.Radio - Radio configured:: 
group.id::space.exploration.mars.rover.curiosity.1517632620066
auto.offset.reset::largest
bootstrap.servers::localhost:9092
value.serializer::org.apache.kafka.common.serialization.ByteArraySerializer
destination.topic::curiosity_to_earth_5
zookeeper.connect::localhost:2181
key.serializer::org.apache.kafka.common.serialization.StringSerializer
source.topic::earth_to_curiosity_5
metadata.broker.list::localhost:9092
2018-02-02 22:37:16,282 [      roverMain] INFO  space.exploration.mars.rover.sensor.Radar - Radar configured:: 
2018-02-02 22:37:22,448 [      roverMain] INFO  space.exploration.mars.rover.communication.Transmitter - Sending information packet to curiosity_to_earth_5
2018-02-02 22:37:25,452 [spacecraftClock] INFO  space.exploration.mars.rover.sensor.DANSpectrometer - Commencing calibration for DAN Spectrometer for sol = 1610
2018-02-02 22:37:25,457 [ibrationThread1] INFO  space.exploration.mars.rover.sensor.WeatherSensor - ThreadId = 1 started for remsCalibration for sol = 1610
2018-02-02 22:37:25,457 [ibrationThread0] INFO  space.exploration.mars.rover.sensor.WeatherSensor - ThreadId = 0 started for remsCalibration for sol = 1610
2018-02-02 22:37:25,461 [ibrationThread2] INFO  space.exploration.mars.rover.sensor.WeatherSensor - ThreadId = 2 started for remsCalibration for sol = 1610
2018-02-02 22:37:25,469 [ibrationThread3] INFO  space.exploration.mars.rover.sensor.WeatherSensor - ThreadId = 3 started for remsCalibration for sol = 1610
2018-02-02 22:37:25,469 [ibrationThread4] INFO  space.exploration.mars.rover.sensor.WeatherSensor - ThreadId = 4 started for remsCalibration for sol = 1610
2018-02-02 22:37:25,473 [ibrationThread5] INFO  space.exploration.mars.rover.sensor.WeatherSensor - ThreadId = 5 started for remsCalibration for sol = 1610
2018-02-02 22:37:25,473 [ibrationThread6] INFO  space.exploration.mars.rover.sensor.WeatherSensor - ThreadId = 6 started for remsCalibration for sol = 1610
2018-02-02 22:37:25,477 [ibrationThread8] INFO  space.exploration.mars.rover.sensor.WeatherSensor - ThreadId = 8 started for remsCalibration for sol = 1610
2018-02-02 22:37:25,477 [ibrationThread9] INFO  space.exploration.mars.rover.sensor.WeatherSensor - ThreadId = 9 started for remsCalibration for sol = 1610
2018-02-02 22:37:25,477 [brationThread11] INFO  space.exploration.mars.rover.sensor.WeatherSensor - ThreadId = 11 started for remsCalibration for sol = 1610
2018-02-02 22:37:25,477 [brationThread12] INFO  space.exploration.mars.rover.sensor.WeatherSensor - ThreadId = 12 started for remsCalibration for sol = 1610
2018-02-02 22:37:25,477 [ibrationThread7] INFO  space.exploration.mars.rover.sensor.WeatherSensor - ThreadId = 7 started for remsCalibration for sol = 1610
2018-02-02 22:37:25,477 [brationThread13] INFO  space.exploration.mars.rover.sensor.WeatherSensor - ThreadId = 13 started for remsCalibration for sol = 1610
2018-02-02 22:37:25,477 [brationThread14] INFO  space.exploration.mars.rover.sensor.WeatherSensor - ThreadId = 14 started for remsCalibration for sol = 1610
2018-02-02 22:37:25,477 [brationThread10] INFO  space.exploration.mars.rover.sensor.WeatherSensor - ThreadId = 10 started for remsCalibration for sol = 1610
2018-02-02 22:37:25,479 [brationThread15] INFO  space.exploration.mars.rover.sensor.WeatherSensor - ThreadId = 15 started for remsCalibration for sol = 1610
2018-02-02 22:37:25,479 [brationThread16] INFO  space.exploration.mars.rover.sensor.WeatherSensor - ThreadId = 16 started for remsCalibration for sol = 1610
2018-02-02 22:37:25,493 [brationThread18] INFO  space.exploration.mars.rover.sensor.WeatherSensor - ThreadId = 18 started for remsCalibration for sol = 1610
2018-02-02 22:37:25,493 [brationThread17] INFO  space.exploration.mars.rover.sensor.WeatherSensor - ThreadId = 17 started for remsCalibration for sol = 1610
2018-02-02 22:37:25,495 [brationThread19] INFO  space.exploration.mars.rover.sensor.WeatherSensor - ThreadId = 19 started for remsCalibration for sol = 1610
2018-02-02 22:37:25,498 [brationThread28] INFO  space.exploration.mars.rover.sensor.WeatherSensor - ThreadId = 28 started for remsCalibration for sol = 1610
2018-02-02 22:37:25,498 [brationThread40] INFO  space.exploration.mars.rover.sensor.WeatherSensor - ThreadId = 40 started for remsCalibration for sol = 1610
2018-02-02 22:37:25,498 [brationThread30] INFO  space.exploration.mars.rover.sensor.WeatherSensor - ThreadId = 30 started for remsCalibration for sol = 1610
2018-02-02 22:37:25,498 [brationThread41] INFO  space.exploration.mars.rover.sensor.WeatherSensor - ThreadId = 41 started for remsCalibration for sol = 1610
2018-02-02 22:37:25,498 [brationThread42] INFO  space.exploration.mars.rover.sensor.WeatherSensor - ThreadId = 42 started for remsCalibration for sol = 1610
2018-02-02 22:37:25,499 [brationThread43] INFO  space.exploration.mars.rover.sensor.WeatherSensor - ThreadId = 43 started for remsCalibration for sol = 1610
2018-02-02 22:37:25,499 [brationThread44] INFO  space.exploration.mars.rover.sensor.WeatherSensor - ThreadId = 44 started for remsCalibration for sol = 1610
2018-02-02 22:37:25,499 [brationThread45] INFO  space.exploration.mars.rover.sensor.WeatherSensor - ThreadId = 45 started for remsCalibration for sol = 1610
2018-02-02 22:37:25,499 [brationThread46] INFO  space.exploration.mars.rover.sensor.WeatherSensor - ThreadId = 46 started for remsCalibration for sol = 1610
2018-02-02 22:37:25,499 [brationThread47] INFO  space.exploration.mars.rover.sensor.WeatherSensor - ThreadId = 47 started for remsCalibration for sol = 1610
2018-02-02 22:37:25,499 [brationThread48] INFO  space.exploration.mars.rover.sensor.WeatherSensor - ThreadId = 48 started for remsCalibration for sol = 1610
2018-02-02 22:37:25,500 [brationThread29] INFO  space.exploration.mars.rover.sensor.WeatherSensor - ThreadId = 29 started for remsCalibration for sol = 1610
2018-02-02 22:37:25,501 [brationThread32] INFO  space.exploration.mars.rover.sensor.WeatherSensor - ThreadId = 32 started for remsCalibration for sol = 1610
2018-02-02 22:37:25,501 [brationThread33] INFO  space.exploration.mars.rover.sensor.WeatherSensor - ThreadId = 33 started for remsCalibration for sol = 1610
2018-02-02 22:37:25,500 [brationThread31] INFO  space.exploration.mars.rover.sensor.WeatherSensor - ThreadId = 31 started for remsCalibration for sol = 1610
2018-02-02 22:37:25,501 [brationThread35] INFO  space.exploration.mars.rover.sensor.WeatherSensor - ThreadId = 35 started for remsCalibration for sol = 1610
2018-02-02 22:37:25,501 [brationThread36] INFO  space.exploration.mars.rover.sensor.WeatherSensor - ThreadId = 36 started for remsCalibration for sol = 1610
2018-02-02 22:37:25,501 [brationThread37] INFO  space.exploration.mars.rover.sensor.WeatherSensor - ThreadId = 37 started for remsCalibration for sol = 1610
2018-02-02 22:37:25,501 [brationThread39] INFO  space.exploration.mars.rover.sensor.WeatherSensor - ThreadId = 39 started for remsCalibration for sol = 1610
2018-02-02 22:37:25,501 [brationThread38] INFO  space.exploration.mars.rover.sensor.WeatherSensor - ThreadId = 38 started for remsCalibration for sol = 1610
2018-02-02 22:37:25,501 [brationThread34] INFO  space.exploration.mars.rover.sensor.WeatherSensor - ThreadId = 34 started for remsCalibration for sol = 1610
2018-02-02 22:37:25,501 [brationThread22] INFO  space.exploration.mars.rover.sensor.WeatherSensor - ThreadId = 22 started for remsCalibration for sol = 1610
2018-02-02 22:37:25,502 [brationThread23] INFO  space.exploration.mars.rover.sensor.WeatherSensor - ThreadId = 23 started for remsCalibration for sol = 1610
2018-02-02 22:37:25,501 [brationThread21] INFO  space.exploration.mars.rover.sensor.WeatherSensor - ThreadId = 21 started for remsCalibration for sol = 1610
2018-02-02 22:37:25,502 [brationThread24] INFO  space.exploration.mars.rover.sensor.WeatherSensor - ThreadId = 24 started for remsCalibration for sol = 1610
2018-02-02 22:37:25,502 [brationThread25] INFO  space.exploration.mars.rover.sensor.WeatherSensor - ThreadId = 25 started for remsCalibration for sol = 1610
2018-02-02 22:37:25,502 [brationThread27] INFO  space.exploration.mars.rover.sensor.WeatherSensor - ThreadId = 27 started for remsCalibration for sol = 1610
2018-02-02 22:37:25,502 [brationThread26] INFO  space.exploration.mars.rover.sensor.WeatherSensor - ThreadId = 26 started for remsCalibration for sol = 1610
2018-02-02 22:37:25,505 [brationThread20] INFO  space.exploration.mars.rover.sensor.WeatherSensor - ThreadId = 20 started for remsCalibration for sol = 1610
2018-02-02 22:37:25,505 [brationThread49] INFO  space.exploration.mars.rover.sensor.WeatherSensor - ThreadId = 49 started for remsCalibration for sol = 1610
2018-02-02 22:37:25,507 [brationThread50] INFO  space.exploration.mars.rover.sensor.WeatherSensor - ThreadId = 50 started for remsCalibration for sol = 1610
2018-02-02 22:37:25,507 [brationThread51] INFO  space.exploration.mars.rover.sensor.WeatherSensor - ThreadId = 51 started for remsCalibration for sol = 1610
2018-02-02 22:37:25,507 [brationThread52] INFO  space.exploration.mars.rover.sensor.WeatherSensor - ThreadId = 52 started for remsCalibration for sol = 1610
2018-02-02 22:37:25,508 [brationThread53] INFO  space.exploration.mars.rover.sensor.WeatherSensor - ThreadId = 53 started for remsCalibration for sol = 1610
2018-02-02 22:37:25,508 [brationThread54] INFO  space.exploration.mars.rover.sensor.WeatherSensor - ThreadId = 54 started for remsCalibration for sol = 1610
2018-02-02 22:37:25,508 [brationThread55] INFO  space.exploration.mars.rover.sensor.WeatherSensor - ThreadId = 55 started for remsCalibration for sol = 1610
2018-02-02 22:37:25,509 [brationThread56] INFO  space.exploration.mars.rover.sensor.WeatherSensor - ThreadId = 56 started for remsCalibration for sol = 1610
2018-02-02 22:37:25,509 [brationThread57] INFO  space.exploration.mars.rover.sensor.WeatherSensor - ThreadId = 57 started for remsCalibration for sol = 1610
2018-02-02 22:37:25,509 [brationThread58] INFO  space.exploration.mars.rover.sensor.WeatherSensor - ThreadId = 58 started for remsCalibration for sol = 1610
2018-02-02 22:37:25,509 [brationThread59] INFO  space.exploration.mars.rover.sensor.WeatherSensor - ThreadId = 59 started for remsCalibration for sol = 1610
2018-02-02 22:37:25,510 [brationThread60] INFO  space.exploration.mars.rover.sensor.WeatherSensor - ThreadId = 60 started for remsCalibration for sol = 1610
2018-02-02 22:37:25,510 [brationThread61] INFO  space.exploration.mars.rover.sensor.WeatherSensor - ThreadId = 61 started for remsCalibration for sol = 1610
2018-02-02 22:37:25,510 [brationThread62] INFO  space.exploration.mars.rover.sensor.WeatherSensor - ThreadId = 62 started for remsCalibration for sol = 1610
2018-02-02 22:37:25,510 [brationThread63] INFO  space.exploration.mars.rover.sensor.WeatherSensor - ThreadId = 63 started for remsCalibration for sol = 1610
2018-02-02 22:37:25,511 [brationThread64] INFO  space.exploration.mars.rover.sensor.WeatherSensor - ThreadId = 64 started for remsCalibration for sol = 1610
2018-02-02 22:37:25,511 [brationThread65] INFO  space.exploration.mars.rover.sensor.WeatherSensor - ThreadId = 65 started for remsCalibration for sol = 1610
2018-02-02 22:37:25,511 [brationThread66] INFO  space.exploration.mars.rover.sensor.WeatherSensor - ThreadId = 66 started for remsCalibration for sol = 1610
2018-02-02 22:37:25,511 [brationThread67] INFO  space.exploration.mars.rover.sensor.WeatherSensor - ThreadId = 67 started for remsCalibration for sol = 1610
2018-02-02 22:37:25,511 [brationThread68] INFO  space.exploration.mars.rover.sensor.WeatherSensor - ThreadId = 68 started for remsCalibration for sol = 1610
2018-02-02 22:37:25,511 [brationThread70] INFO  space.exploration.mars.rover.sensor.WeatherSensor - ThreadId = 70 started for remsCalibration for sol = 1610
2018-02-02 22:37:25,511 [brationThread69] INFO  space.exploration.mars.rover.sensor.WeatherSensor - ThreadId = 69 started for remsCalibration for sol = 1610
2018-02-02 22:37:25,511 [brationThread71] INFO  space.exploration.mars.rover.sensor.WeatherSensor - ThreadId = 71 started for remsCalibration for sol = 1610
2018-02-02 22:37:25,511 [brationThread72] INFO  space.exploration.mars.rover.sensor.WeatherSensor - ThreadId = 72 started for remsCalibration for sol = 1610
2018-02-02 22:37:25,512 [brationThread73] INFO  space.exploration.mars.rover.sensor.WeatherSensor - ThreadId = 73 started for remsCalibration for sol = 1610
2018-02-02 22:37:25,512 [brationThread74] INFO  space.exploration.mars.rover.sensor.WeatherSensor - ThreadId = 74 started for remsCalibration for sol = 1610
2018-02-02 22:37:25,512 [brationThread75] INFO  space.exploration.mars.rover.sensor.WeatherSensor - ThreadId = 75 started for remsCalibration for sol = 1610
2018-02-02 22:37:25,512 [brationThread76] INFO  space.exploration.mars.rover.sensor.WeatherSensor - ThreadId = 76 started for remsCalibration for sol = 1610
2018-02-02 22:37:25,512 [brationThread77] INFO  space.exploration.mars.rover.sensor.WeatherSensor - ThreadId = 77 started for remsCalibration for sol = 1610
2018-02-02 22:37:25,514 [brationThread78] INFO  space.exploration.mars.rover.sensor.WeatherSensor - ThreadId = 78 started for remsCalibration for sol = 1610
2018-02-02 22:37:25,514 [brationThread79] INFO  space.exploration.mars.rover.sensor.WeatherSensor - ThreadId = 79 started for remsCalibration for sol = 1610
2018-02-02 22:37:25,514 [brationThread80] INFO  space.exploration.mars.rover.sensor.WeatherSensor - ThreadId = 80 started for remsCalibration for sol = 1610
2018-02-02 22:37:25,514 [brationThread81] INFO  space.exploration.mars.rover.sensor.WeatherSensor - ThreadId = 81 started for remsCalibration for sol = 1610
2018-02-02 22:37:25,515 [brationThread82] INFO  space.exploration.mars.rover.sensor.WeatherSensor - ThreadId = 82 started for remsCalibration for sol = 1610
2018-02-02 22:37:25,515 [brationThread84] INFO  space.exploration.mars.rover.sensor.WeatherSensor - ThreadId = 84 started for remsCalibration for sol = 1610
2018-02-02 22:37:25,515 [brationThread83] INFO  space.exploration.mars.rover.sensor.WeatherSensor - ThreadId = 83 started for remsCalibration for sol = 1610
2018-02-02 22:37:25,515 [brationThread85] INFO  space.exploration.mars.rover.sensor.WeatherSensor - ThreadId = 85 started for remsCalibration for sol = 1610
2018-02-02 22:37:25,515 [brationThread86] INFO  space.exploration.mars.rover.sensor.WeatherSensor - ThreadId = 86 started for remsCalibration for sol = 1610
2018-02-02 22:37:25,516 [brationThread87] INFO  space.exploration.mars.rover.sensor.WeatherSensor - ThreadId = 87 started for remsCalibration for sol = 1610
2018-02-02 22:37:25,516 [brationThread88] INFO  space.exploration.mars.rover.sensor.WeatherSensor - ThreadId = 88 started for remsCalibration for sol = 1610
2018-02-02 22:37:25,516 [brationThread89] INFO  space.exploration.mars.rover.sensor.WeatherSensor - ThreadId = 89 started for remsCalibration for sol = 1610
2018-02-02 22:37:25,516 [brationThread90] INFO  space.exploration.mars.rover.sensor.WeatherSensor - ThreadId = 90 started for remsCalibration for sol = 1610
2018-02-02 22:37:25,518 [brationThread91] INFO  space.exploration.mars.rover.sensor.WeatherSensor - ThreadId = 91 started for remsCalibration for sol = 1610
2018-02-02 22:37:25,518 [brationThread92] INFO  space.exploration.mars.rover.sensor.WeatherSensor - ThreadId = 92 started for remsCalibration for sol = 1610
2018-02-02 22:37:25,518 [brationThread93] INFO  space.exploration.mars.rover.sensor.WeatherSensor - ThreadId = 93 started for remsCalibration for sol = 1610
2018-02-02 22:37:25,519 [brationThread94] INFO  space.exploration.mars.rover.sensor.WeatherSensor - ThreadId = 94 started for remsCalibration for sol = 1610
2018-02-02 22:37:25,519 [brationThread95] INFO  space.exploration.mars.rover.sensor.WeatherSensor - ThreadId = 95 started for remsCalibration for sol = 1610
2018-02-02 22:37:25,519 [brationThread96] INFO  space.exploration.mars.rover.sensor.WeatherSensor - ThreadId = 96 started for remsCalibration for sol = 1610
2018-02-02 22:37:25,520 [brationThread97] INFO  space.exploration.mars.rover.sensor.WeatherSensor - ThreadId = 97 started for remsCalibration for sol = 1610
2018-02-02 22:37:25,520 [brationThread98] INFO  space.exploration.mars.rover.sensor.WeatherSensor - ThreadId = 98 started for remsCalibration for sol = 1610
2018-02-02 22:37:25,520 [brationThread99] INFO  space.exploration.mars.rover.sensor.WeatherSensor - ThreadId = 99 started for remsCalibration for sol = 1610
2018-02-02 22:37:26,140 [spacecraftClock] INFO  space.exploration.mars.rover.service.ApxsDataService - ApxsSpectrometer configured successfully for sol = 1610
2018-02-02 22:37:26,142 [   sleepMonitor] INFO  space.exploration.mars.rover.animation.SleepingAnimationEngine - Rover is sleeping now
2018-02-02 22:37:43,981 [ batteryMonitor] INFO  space.exploration.mars.rover.power.BatteryMonitor - BatteryMonitor performing due diligence. SCET = 1517632663981 Rover state = Sleeping State
2018-02-02 22:37:43,981 [ batteryMonitor] INFO  space.exploration.mars.rover.power.BatteryMonitor -  Battery primaryUnits = 1200 auxiliaryPowerUnits = 100
2018-02-02 22:37:48,611 [          radio] INFO  space.exploration.mars.rover.communication.Receiver - Time Elapsed since last message = 34331
2018-02-02 22:37:48,803 [          radio] INFO  space.exploration.mars.rover.kernel.PositionSensor - Houston - this is curiosityActual.ephemerisTime: 5.40460389185139E8
stateCuriosity: 2.83421546602E8
stateCuriosity: 6.3042860864E7
stateCuriosity: 2.646709118E7
stateCuriosity: 1.011
stateCuriosity: 41.064
stateCuriosity: 18.72
owltMSLEarth: 972.513
stateEarth: -2.8339068E8
stateEarth: -6.3036000018E7
stateEarth: -2.6464207399E7
stateEarth: -0.998
stateEarth: -41.057
stateEarth: -18.717
owltEarthMSL: 972.408
positionEarthWRTCuriosity: -2.8339068E8
positionEarthWRTCuriosity: -6.3036000018E7
positionEarthWRTCuriosity: -2.6464207399E7
owltEarthMSL2: 972.408
angSepHGAEarth: 122.388
utcTime: "2017-02-15~19:52:00"
sol: 1610
sclkValue: " 1/01610:23:08:10:40480"

2018-02-02 22:37:48,916 [          radio] INFO  space.exploration.mars.rover.kernel.PositionSensor - ephemerisTime: 5.40460389185139E8
stateCuriosity: 2.83421546602E8
stateCuriosity: 6.3042860864E7
stateCuriosity: 2.646709118E7
stateCuriosity: 1.011
stateCuriosity: 41.064
stateCuriosity: 18.72
owltMSLEarth: 972.513
stateEarth: -2.8339068E8
stateEarth: -6.3036000018E7
stateEarth: -2.6464207399E7
stateEarth: -0.998
stateEarth: -41.057
stateEarth: -18.717
owltEarthMSL: 972.408
positionEarthWRTCuriosity: -2.8339068E8
positionEarthWRTCuriosity: -6.3036000018E7
positionEarthWRTCuriosity: -2.6464207399E7
owltEarthMSL2: 972.408
angSepHGAEarth: 122.388
utcTime: "2017-02-15~19:52:00"
sol: 1610
sclkValue: " 1/01610:23:08:10:40480"

2018-02-02 22:37:48,917 [          radio] INFO  space.exploration.mars.rover.communication.Radio - One Way Light Time computed by SPICE :: 972.513
2018-02-02 22:37:48,934 [          radio] INFO  space.exploration.mars.rover.kernel.SleepingState - Awaking from sleeping state
2018-02-02 22:37:48,934 [          radio] INFO  space.exploration.mars.rover.animation.SleepingAnimationEngine - Waking up rover
2018-02-02 22:37:48,936 [  sleepBreather] INFO  space.exploration.mars.rover.animation.SleepBreather - Sleep animation interrupted.
2018-02-02 22:37:51,955 [          radio] INFO  space.exploration.mars.rover.kernel.ListeningState - timeStamp: 1517632668297
targets {
  roverModule: 1
  estimatedPowerUsage: 40
  action: "Move"
  auxiliaryData: "\n\005\b\031\020\220\003"
}

2018-02-02 22:37:57,996 [          radio] INFO  space.exploration.mars.rover.kernel.ListeningState - 1517632677996,1,Move Current instructionQueue length = 0
2018-02-02 22:37:58,347 [          radio] ERROR space.exploration.mars.rover.learning.ReinforcementLearner -  Could not find path between java.awt.Point[x=525,y=100] Id = 592 qValue = 0.0 Reward = 3.0 and java.awt.Point[x=25,y=400] Id = 44 qValue = 10.0 Reward = 10.0
2018-02-02 22:37:58,347 [          radio] INFO  space.exploration.mars.rover.kernel.ListeningState - Rover Curiosity is on the move!
2018-02-02 22:37:58,668 [          radio] INFO  space.exploration.mars.rover.sensor.TelemetrySensor - Telemetry relay commenced.
2018-02-02 22:38:33,060 [          radio] INFO  space.exploration.mars.rover.sensor.TelemetrySensor - Telemetry relay stopped, number of telemetryDataPoints = 80
