6458 [main] INFO org.apache.kafka.clients.producer.ProducerConfig  - ProducerConfig values: 
	metric.reporters = []
	metadata.max.age.ms = 300000
	reconnect.backoff.ms = 50
	sasl.kerberos.ticket.renew.window.factor = 0.8
	bootstrap.servers = [localhost:9092]
	ssl.keystore.type = JKS
	sasl.mechanism = GSSAPI
	max.block.ms = 60000
	interceptor.classes = null
	ssl.truststore.password = null
	client.id = 
	ssl.endpoint.identification.algorithm = null
	request.timeout.ms = 30000
	acks = 1
	receive.buffer.bytes = 32768
	ssl.truststore.type = JKS
	retries = 0
	ssl.truststore.location = null
	ssl.keystore.password = null
	send.buffer.bytes = 131072
	compression.type = none
	metadata.fetch.timeout.ms = 60000
	retry.backoff.ms = 100
	sasl.kerberos.kinit.cmd = /usr/bin/kinit
	buffer.memory = 33554432
	timeout.ms = 30000
	key.serializer = class org.apache.kafka.common.serialization.StringSerializer
	sasl.kerberos.service.name = null
	sasl.kerberos.ticket.renew.jitter = 0.05
	ssl.trustmanager.algorithm = PKIX
	block.on.buffer.full = false
	ssl.key.password = null
	sasl.kerberos.min.time.before.relogin = 60000
	connections.max.idle.ms = 540000
	max.in.flight.requests.per.connection = 5
	metrics.num.samples = 2
	ssl.protocol = TLS
	ssl.provider = null
	ssl.enabled.protocols = [TLSv1.2, TLSv1.1, TLSv1]
	batch.size = 16384
	ssl.keystore.location = null
	ssl.cipher.suites = null
	security.protocol = PLAINTEXT
	max.request.size = 1048576
	value.serializer = class org.apache.kafka.common.serialization.ByteArraySerializer
	ssl.keymanager.algorithm = SunX509
	metrics.sample.window.ms = 30000
	partitioner.class = class org.apache.kafka.clients.producer.internals.DefaultPartitioner
	linger.ms = 0

6527 [main] INFO org.apache.kafka.clients.producer.ProducerConfig  - ProducerConfig values: 
	metric.reporters = []
	metadata.max.age.ms = 300000
	reconnect.backoff.ms = 50
	sasl.kerberos.ticket.renew.window.factor = 0.8
	bootstrap.servers = [localhost:9092]
	ssl.keystore.type = JKS
	sasl.mechanism = GSSAPI
	max.block.ms = 60000
	interceptor.classes = null
	ssl.truststore.password = null
	client.id = producer-1
	ssl.endpoint.identification.algorithm = null
	request.timeout.ms = 30000
	acks = 1
	receive.buffer.bytes = 32768
	ssl.truststore.type = JKS
	retries = 0
	ssl.truststore.location = null
	ssl.keystore.password = null
	send.buffer.bytes = 131072
	compression.type = none
	metadata.fetch.timeout.ms = 60000
	retry.backoff.ms = 100
	sasl.kerberos.kinit.cmd = /usr/bin/kinit
	buffer.memory = 33554432
	timeout.ms = 30000
	key.serializer = class org.apache.kafka.common.serialization.StringSerializer
	sasl.kerberos.service.name = null
	sasl.kerberos.ticket.renew.jitter = 0.05
	ssl.trustmanager.algorithm = PKIX
	block.on.buffer.full = false
	ssl.key.password = null
	sasl.kerberos.min.time.before.relogin = 60000
	connections.max.idle.ms = 540000
	max.in.flight.requests.per.connection = 5
	metrics.num.samples = 2
	ssl.protocol = TLS
	ssl.provider = null
	ssl.enabled.protocols = [TLSv1.2, TLSv1.1, TLSv1]
	batch.size = 16384
	ssl.keystore.location = null
	ssl.cipher.suites = null
	security.protocol = PLAINTEXT
	max.request.size = 1048576
	value.serializer = class org.apache.kafka.common.serialization.ByteArraySerializer
	ssl.keymanager.algorithm = SunX509
	metrics.sample.window.ms = 30000
	partitioner.class = class org.apache.kafka.clients.producer.internals.DefaultPartitioner
	linger.ms = 0

6527 [main] WARN org.apache.kafka.clients.producer.ProducerConfig  - The configuration zookeeper.connect = localhost:2181 was supplied but isn't a known config.
6527 [main] WARN org.apache.kafka.clients.producer.ProducerConfig  - The configuration group.id = space.exploration.mars.newRover was supplied but isn't a known config.
6527 [main] WARN org.apache.kafka.clients.producer.ProducerConfig  - The configuration source.topic = earth_to_curiosity_2 was supplied but isn't a known config.
6527 [main] WARN org.apache.kafka.clients.producer.ProducerConfig  - The configuration auto.offset.reset = largest was supplied but isn't a known config.
6527 [main] WARN org.apache.kafka.clients.producer.ProducerConfig  - The configuration metadata.broker.list = localhost:9092 was supplied but isn't a known config.
6527 [main] WARN org.apache.kafka.clients.producer.ProducerConfig  - The configuration destination.topic = curiosity_to_earth_2 was supplied but isn't a known config.
6528 [main] INFO org.apache.kafka.common.utils.AppInfoParser  - Kafka version : 0.10.0.1
6528 [main] INFO org.apache.kafka.common.utils.AppInfoParser  - Kafka commitId : a7a17cdec9eaa6c5
6629 [main] INFO kafka.utils.VerifiableProperties  - Verifying properties
6647 [main] INFO kafka.utils.VerifiableProperties  - Property auto.offset.reset is overridden to largest
6647 [main] WARN kafka.utils.VerifiableProperties  - Property bootstrap.servers is not valid
6647 [main] WARN kafka.utils.VerifiableProperties  - Property destination.topic is not valid
6647 [main] INFO kafka.utils.VerifiableProperties  - Property group.id is overridden to space.exploration.mars.newRover
6647 [main] WARN kafka.utils.VerifiableProperties  - Property key.serializer is not valid
6647 [main] WARN kafka.utils.VerifiableProperties  - Property metadata.broker.list is not valid
6647 [main] WARN kafka.utils.VerifiableProperties  - Property source.topic is not valid
6647 [main] WARN kafka.utils.VerifiableProperties  - Property value.serializer is not valid
6648 [main] INFO kafka.utils.VerifiableProperties  - Property zookeeper.connect is overridden to localhost:2181
6685 [main] INFO kafka.consumer.ZookeeperConsumerConnector  - [space.exploration.mars.newRover_zion-portable-1507824201270-d77aa1ea], Connecting to zookeeper instance at localhost:2181
6693 [ZkClient-EventThread-25-localhost:2181] INFO org.I0Itec.zkclient.ZkEventThread  - Starting ZkClient event thread.
6696 [main] INFO org.apache.zookeeper.ZooKeeper  - Client environment:zookeeper.version=3.4.6-1569965, built on 02/20/2014 09:09 GMT
6696 [main] INFO org.apache.zookeeper.ZooKeeper  - Client environment:host.name=zion-portable
6696 [main] INFO org.apache.zookeeper.ZooKeeper  - Client environment:java.version=1.8.0_131
6696 [main] INFO org.apache.zookeeper.ZooKeeper  - Client environment:java.vendor=Oracle Corporation
6696 [main] INFO org.apache.zookeeper.ZooKeeper  - Client environment:java.home=/usr/lib/jvm/java-8-openjdk-amd64/jre
6696 [main] INFO org.apache.zookeeper.ZooKeeper  - Client environment:java.class.path=target/mars.rover-0.0.1-SOLSHOT-shaded.jar
6696 [main] INFO org.apache.zookeeper.ZooKeeper  - Client environment:java.library.path=/usr/java/packages/lib/amd64:/usr/lib/x86_64-linux-gnu/jni:/lib/x86_64-linux-gnu:/usr/lib/x86_64-linux-gnu:/usr/lib/jni:/lib:/usr/lib
6696 [main] INFO org.apache.zookeeper.ZooKeeper  - Client environment:java.io.tmpdir=/tmp
6696 [main] INFO org.apache.zookeeper.ZooKeeper  - Client environment:java.compiler=<NA>
6696 [main] INFO org.apache.zookeeper.ZooKeeper  - Client environment:os.name=Linux
6696 [main] INFO org.apache.zookeeper.ZooKeeper  - Client environment:os.arch=amd64
6696 [main] INFO org.apache.zookeeper.ZooKeeper  - Client environment:os.version=4.10.0-37-generic
6696 [main] INFO org.apache.zookeeper.ZooKeeper  - Client environment:user.name=sanket
6696 [main] INFO org.apache.zookeeper.ZooKeeper  - Client environment:user.home=/home/sanket
6696 [main] INFO org.apache.zookeeper.ZooKeeper  - Client environment:user.dir=/home/sanket/Documents/workspace/MarsRover/mars.rover
6697 [main] INFO org.apache.zookeeper.ZooKeeper  - Initiating client connection, connectString=localhost:2181 sessionTimeout=6000 watcher=org.I0Itec.zkclient.ZkClient@5f058f00
6703 [main] INFO org.I0Itec.zkclient.ZkClient  - Waiting for keeper state SyncConnected
6706 [main-SendThread(localhost:2181)] INFO org.apache.zookeeper.ClientCnxn  - Opening socket connection to server localhost/127.0.0.1:2181. Will not attempt to authenticate using SASL (unknown error)
6709 [main-SendThread(localhost:2181)] INFO org.apache.zookeeper.ClientCnxn  - Socket connection established to localhost/127.0.0.1:2181, initiating session
6715 [main-SendThread(localhost:2181)] INFO org.apache.zookeeper.ClientCnxn  - Session establishment complete on server localhost/127.0.0.1:2181, sessionid = 0x15f1143e1b90164, negotiated timeout = 6000
6716 [main-EventThread] INFO org.I0Itec.zkclient.ZkClient  - zookeeper state changed (SyncConnected)
6723 [main] INFO kafka.consumer.ZookeeperConsumerConnector  - [space.exploration.mars.newRover_zion-portable-1507824201270-d77aa1ea], starting auto committer every 60000 ms
6743 [Thread-1] INFO kafka.consumer.ZookeeperConsumerConnector  - [space.exploration.mars.newRover_zion-portable-1507824201270-d77aa1ea], begin registering consumer space.exploration.mars.newRover_zion-portable-1507824201270-d77aa1ea in ZK
6761 [Thread-1] INFO kafka.utils.ZKCheckedEphemeral  - Creating /consumers/space.exploration.mars.newRover/ids/space.exploration.mars.newRover_zion-portable-1507824201270-d77aa1ea (is it secure? false)
6769 [Thread-1] INFO kafka.utils.ZKCheckedEphemeral  - Result of znode creation is: OK
6769 [Thread-1] INFO kafka.consumer.ZookeeperConsumerConnector  - [space.exploration.mars.newRover_zion-portable-1507824201270-d77aa1ea], end registering consumer space.exploration.mars.newRover_zion-portable-1507824201270-d77aa1ea in ZK
6773 [space.exploration.mars.newRover_zion-portable-1507824201270-d77aa1ea_watcher_executor] INFO kafka.consumer.ZookeeperConsumerConnector  - [space.exploration.mars.newRover_zion-portable-1507824201270-d77aa1ea], starting watcher executor thread for consumer space.exploration.mars.newRover_zion-portable-1507824201270-d77aa1ea
6785 [Thread-1] INFO kafka.consumer.ZookeeperConsumerConnector  - [space.exploration.mars.newRover_zion-portable-1507824201270-d77aa1ea], begin rebalancing consumer space.exploration.mars.newRover_zion-portable-1507824201270-d77aa1ea try #0
6850 [Thread-1] INFO kafka.consumer.ConsumerFetcherManager  - [ConsumerFetcherManager-1507824201307] Stopping leader finder thread
6851 [Thread-1] INFO kafka.consumer.ConsumerFetcherManager  - [ConsumerFetcherManager-1507824201307] Stopping all fetchers
6851 [Thread-1] INFO kafka.consumer.ConsumerFetcherManager  - [ConsumerFetcherManager-1507824201307] All connections stopped
6851 [Thread-1] INFO kafka.consumer.ZookeeperConsumerConnector  - [space.exploration.mars.newRover_zion-portable-1507824201270-d77aa1ea], Cleared all relevant queues for this fetcher
6852 [Thread-1] INFO kafka.consumer.ZookeeperConsumerConnector  - [space.exploration.mars.newRover_zion-portable-1507824201270-d77aa1ea], Cleared the data chunks in all the consumer message iterators
6852 [Thread-1] INFO kafka.consumer.ZookeeperConsumerConnector  - [space.exploration.mars.newRover_zion-portable-1507824201270-d77aa1ea], Committing all offsets after clearing the fetcher queues
6853 [Thread-1] INFO kafka.consumer.ZookeeperConsumerConnector  - [space.exploration.mars.newRover_zion-portable-1507824201270-d77aa1ea], Releasing partition ownership
6869 [Thread-1] INFO kafka.consumer.RangeAssignor  - Consumer space.exploration.mars.newRover_zion-portable-1507824201270-d77aa1ea rebalancing the following partitions: ArrayBuffer(0) for topic earth_to_curiosity_2 with consumers: List(space.exploration.mars.newRover_zion-portable-1507824201270-d77aa1ea-0)
6870 [Thread-1] INFO kafka.consumer.RangeAssignor  - space.exploration.mars.newRover_zion-portable-1507824201270-d77aa1ea-0 attempting to claim partition 0
6888 [Thread-1] INFO kafka.consumer.ZookeeperConsumerConnector  - [space.exploration.mars.newRover_zion-portable-1507824201270-d77aa1ea], space.exploration.mars.newRover_zion-portable-1507824201270-d77aa1ea-0 successfully owned partition 0 for topic earth_to_curiosity_2
6926 [Thread-1] INFO kafka.consumer.ZookeeperConsumerConnector  - [space.exploration.mars.newRover_zion-portable-1507824201270-d77aa1ea], Consumer space.exploration.mars.newRover_zion-portable-1507824201270-d77aa1ea selected partitions : earth_to_curiosity_2:0: fetched offset = 1: consumed offset = 1
6927 [space.exploration.mars.newRover_zion-portable-1507824201270-d77aa1ea-leader-finder-thread] INFO kafka.consumer.ConsumerFetcherManager$LeaderFinderThread  - [space.exploration.mars.newRover_zion-portable-1507824201270-d77aa1ea-leader-finder-thread], Starting 
6927 [Thread-1] INFO kafka.consumer.ZookeeperConsumerConnector  - [space.exploration.mars.newRover_zion-portable-1507824201270-d77aa1ea], end rebalancing consumer space.exploration.mars.newRover_zion-portable-1507824201270-d77aa1ea try #0
6940 [space.exploration.mars.newRover_zion-portable-1507824201270-d77aa1ea-leader-finder-thread] INFO kafka.utils.VerifiableProperties  - Verifying properties
6941 [space.exploration.mars.newRover_zion-portable-1507824201270-d77aa1ea-leader-finder-thread] INFO kafka.utils.VerifiableProperties  - Property client.id is overridden to space.exploration.mars.newRover
6941 [space.exploration.mars.newRover_zion-portable-1507824201270-d77aa1ea-leader-finder-thread] INFO kafka.utils.VerifiableProperties  - Property metadata.broker.list is overridden to zion-portable:9092
6941 [space.exploration.mars.newRover_zion-portable-1507824201270-d77aa1ea-leader-finder-thread] INFO kafka.utils.VerifiableProperties  - Property request.timeout.ms is overridden to 30000
6952 [space.exploration.mars.newRover_zion-portable-1507824201270-d77aa1ea-leader-finder-thread] INFO kafka.client.ClientUtils$  - Fetching metadata from broker BrokerEndPoint(0,zion-portable,9092) with correlation id 0 for 1 topic(s) Set(earth_to_curiosity_2)
6956 [space.exploration.mars.newRover_zion-portable-1507824201270-d77aa1ea-leader-finder-thread] INFO kafka.producer.SyncProducer  - Connected to zion-portable:9092 for producing
6966 [space.exploration.mars.newRover_zion-portable-1507824201270-d77aa1ea-leader-finder-thread] INFO kafka.producer.SyncProducer  - Disconnecting from zion-portable:9092
6977 [ConsumerFetcherThread-space.exploration.mars.newRover_zion-portable-1507824201270-d77aa1ea-0-0] INFO kafka.consumer.ConsumerFetcherThread  - [ConsumerFetcherThread-space.exploration.mars.newRover_zion-portable-1507824201270-d77aa1ea-0-0], Starting 
6978 [space.exploration.mars.newRover_zion-portable-1507824201270-d77aa1ea-leader-finder-thread] INFO kafka.consumer.ConsumerFetcherManager  - [ConsumerFetcherManager-1507824201307] Added fetcher for partitions ArrayBuffer([[earth_to_curiosity_2,0], initOffset 1 to broker BrokerEndPoint(0,zion-portable,9092)] )
32529 [pool-3-thread-1] INFO space.exploration.mars.rover.animation.SleepingAnimationEngine  - Rover is sleeping now
55990 [pool-2-thread-1] INFO space.exploration.mars.rover.diagnostics.Pacemaker  - Diagnostics inhibited because rover is sleeping to conserve battery Current instructionQueue length = 0
56993 [pool-3-thread-1] INFO space.exploration.mars.rover.diagnostics.SleepMonitor  - Awakening rover from slumber
56993 [pool-3-thread-1] INFO space.exploration.mars.rover.animation.SleepingAnimationEngine  - Waking up rover
199595 [Thread-1] INFO space.exploration.mars.rover.kernel.ListeningState  - 1507824394181,1,Move Current instructionQueue length = 0
199643 [Thread-1] INFO space.exploration.mars.rover.sensor.TelemetrySensor  - Telemetry relay commenced.
202823 [Thread-1] INFO space.exploration.mars.rover.sensor.TelemetrySensor  - Telemetry relay stopped, number of telemetryDataPoints = 8
325282 [Thread-1] INFO space.exploration.mars.rover.kernel.ListeningState  - 1507824519868,9,PerformRadarScan Current instructionQueue length = 0
440235 [Thread-1] INFO space.exploration.mars.rover.kernel.ListeningState  - 1507824634821,10,MeasureWeather Current instructionQueue length = 0
440235 [Thread-1] INFO space.exploration.mars.rover.kernel.ListeningState  - Rover will try to get weather measurements - actual Curiosity Data
440235 [Thread-1] INFO space.exploration.mars.rover.kernel.WeatherSensingState  - Will get mars weather measurements
440461 [Thread-1] INFO space.exploration.mars.rover.sensor.WeatherSensor  - Response from weather service = 200
440462 [Thread-1] INFO space.exploration.mars.rover.sensor.WeatherSensor  - Content type is = text/html; charset=utf-8
571949 [Thread-1] INFO space.exploration.mars.rover.kernel.ListeningState  - 1507824766535,1,Move Current instructionQueue length = 0
571992 [Thread-1] INFO space.exploration.mars.rover.sensor.TelemetrySensor  - Telemetry relay commenced.
575184 [Thread-1] INFO space.exploration.mars.rover.sensor.TelemetrySensor  - Telemetry relay stopped, number of telemetryDataPoints = 8
690079 [Thread-1] INFO space.exploration.mars.rover.kernel.ListeningState  - 1507824884665,0,ScanArea Current instructionQueue length = 0
805188 [Thread-1] INFO space.exploration.mars.rover.kernel.ListeningState  - 1507824999774,9,PerformRadarScan Current instructionQueue length = 0
929390 [Thread-1] INFO space.exploration.mars.rover.kernel.ListeningState  - 1507825123976,10,MeasureWeather Current instructionQueue length = 0
929390 [Thread-1] INFO space.exploration.mars.rover.kernel.ListeningState  - Rover will try to get weather measurements - actual Curiosity Data
929390 [Thread-1] INFO space.exploration.mars.rover.kernel.WeatherSensingState  - Will get mars weather measurements
929549 [Thread-1] INFO space.exploration.mars.rover.sensor.WeatherSensor  - Response from weather service = 200
929549 [Thread-1] INFO space.exploration.mars.rover.sensor.WeatherSensor  - Content type is = text/html; charset=utf-8
1039488 [Thread-1] INFO space.exploration.mars.rover.kernel.ListeningState  - 1507825234074,0,ScanArea Current instructionQueue length = 0
1170458 [Thread-1] INFO space.exploration.mars.rover.kernel.ListeningState  - 1507825365044,10,MeasureWeather Current instructionQueue length = 0
1170458 [Thread-1] INFO space.exploration.mars.rover.kernel.ListeningState  - Rover will try to get weather measurements - actual Curiosity Data
1170458 [Thread-1] INFO space.exploration.mars.rover.kernel.WeatherSensingState  - Will get mars weather measurements
1170615 [Thread-1] INFO space.exploration.mars.rover.sensor.WeatherSensor  - Response from weather service = 200
1170615 [Thread-1] INFO space.exploration.mars.rover.sensor.WeatherSensor  - Content type is = text/html; charset=utf-8
1291074 [Thread-1] INFO space.exploration.mars.rover.kernel.ListeningState  - 1507825485660,10,MeasureWeather Current instructionQueue length = 0
1291075 [Thread-1] INFO space.exploration.mars.rover.kernel.ListeningState  - Rover will try to get weather measurements - actual Curiosity Data
1291075 [Thread-1] INFO space.exploration.mars.rover.kernel.WeatherSensingState  - Will get mars weather measurements
1291234 [Thread-1] INFO space.exploration.mars.rover.sensor.WeatherSensor  - Response from weather service = 200
1291234 [Thread-1] INFO space.exploration.mars.rover.sensor.WeatherSensor  - Content type is = text/html; charset=utf-8
1405375 [Thread-1] INFO space.exploration.mars.rover.kernel.ListeningState  - 1507825599961,1,Move Current instructionQueue length = 0
1405420 [Thread-1] INFO space.exploration.mars.rover.sensor.TelemetrySensor  - Telemetry relay commenced.
1415014 [Thread-1] INFO space.exploration.mars.rover.sensor.TelemetrySensor  - Telemetry relay stopped, number of telemetryDataPoints = 23
1527295 [Thread-1] INFO space.exploration.mars.rover.kernel.ListeningState  - 1507825721881,10,MeasureWeather Current instructionQueue length = 0
1527295 [Thread-1] INFO space.exploration.mars.rover.kernel.ListeningState  - Rover will try to get weather measurements - actual Curiosity Data
1527295 [Thread-1] INFO space.exploration.mars.rover.kernel.WeatherSensingState  - Will get mars weather measurements
1527456 [Thread-1] INFO space.exploration.mars.rover.sensor.WeatherSensor  - Response from weather service = 200
1527456 [Thread-1] INFO space.exploration.mars.rover.sensor.WeatherSensor  - Content type is = text/html; charset=utf-8
1646412 [Thread-1] INFO space.exploration.mars.rover.kernel.ListeningState  - 1507825840998,0,ScanArea Current instructionQueue length = 0
1769098 [Thread-1] INFO space.exploration.mars.rover.kernel.ListeningState  - 1507825963684,10,MeasureWeather Current instructionQueue length = 0
1769098 [Thread-1] ERROR space.exploration.mars.rover.power.Battery  - Battery insufficient at time = 1507825963684 Power requested = 70 Critical = false
1769099 [Thread-1] ERROR space.exploration.mars.rover.kernel.ListeningState  - Going into hibernation from Listening state.
1795989 [pool-2-thread-1] ERROR space.exploration.mars.rover.diagnostics.Pacemaker  - Diagnostics inhibited because rover is in hibernating state. Current instructionQueue length = 1
1846419 [pool-5-thread-1] INFO space.exploration.mars.rover.power.BatteryMonitor  - Battery Monitor restoring the rover to normal after recharge
1863435 [pool-4-thread-1] INFO space.exploration.mars.rover.diagnostics.RoverGarbageCollector  - RoverGC trimming instructionQueue. Current length = 1
1869448 [pool-4-thread-1] INFO space.exploration.mars.rover.kernel.ListeningState  - 1507826064034,10,MeasureWeather Current instructionQueue length = 0
1869448 [pool-4-thread-1] INFO space.exploration.mars.rover.kernel.ListeningState  - Rover will try to get weather measurements - actual Curiosity Data
1869448 [pool-4-thread-1] INFO space.exploration.mars.rover.kernel.WeatherSensingState  - Will get mars weather measurements
1869626 [pool-4-thread-1] INFO space.exploration.mars.rover.sensor.WeatherSensor  - Response from weather service = 200
1869626 [pool-4-thread-1] INFO space.exploration.mars.rover.sensor.WeatherSensor  - Content type is = text/html; charset=utf-8
1897488 [Thread-1] INFO space.exploration.mars.rover.kernel.ListeningState  - 1507826092074,9,PerformRadarScan Current instructionQueue length = 0
2006687 [Thread-1] INFO space.exploration.mars.rover.kernel.ListeningState  - 1507826201273,0,ScanArea Current instructionQueue length = 0
2128159 [Thread-1] INFO space.exploration.mars.rover.kernel.ListeningState  - 1507826322745,0,ScanArea Current instructionQueue length = 0
2249545 [Thread-1] INFO space.exploration.mars.rover.kernel.ListeningState  - 1507826444131,9,PerformRadarScan Current instructionQueue length = 0
2383610 [Thread-1] INFO space.exploration.mars.rover.kernel.ListeningState  - 1507826578196,9,PerformRadarScan Current instructionQueue length = 0
2514865 [Thread-1] INFO space.exploration.mars.rover.kernel.ListeningState  - 1507826709451,10,MeasureWeather Current instructionQueue length = 0
2514866 [Thread-1] INFO space.exploration.mars.rover.kernel.ListeningState  - Rover will try to get weather measurements - actual Curiosity Data
2514866 [Thread-1] INFO space.exploration.mars.rover.kernel.WeatherSensingState  - Will get mars weather measurements
2515016 [Thread-1] INFO space.exploration.mars.rover.sensor.WeatherSensor  - Response from weather service = 200
2515016 [Thread-1] INFO space.exploration.mars.rover.sensor.WeatherSensor  - Content type is = text/html; charset=utf-8
2618944 [Thread-1] INFO space.exploration.mars.rover.kernel.ListeningState  - 1507826813530,5,Explore Current instructionQueue length = 0
2735496 [Thread-1] INFO space.exploration.mars.rover.kernel.ListeningState  - 1507826930082,1,Move Current instructionQueue length = 0
2735554 [Thread-1] INFO space.exploration.mars.rover.sensor.TelemetrySensor  - Telemetry relay commenced.
2765575 [Thread-1] INFO space.exploration.mars.rover.sensor.TelemetrySensor  - Telemetry relay stopped, number of telemetryDataPoints = 70
2855086 [Thread-1] INFO space.exploration.mars.rover.kernel.ListeningState  - 1507827049672,8,ClickCamera Current instructionQueue length = 0
2976413 [Thread-1] INFO space.exploration.mars.rover.kernel.ListeningState  - 1507827170999,5,Explore Current instructionQueue length = 0
