0    [main] INFO  space.exploration.mars.rover.power.Battery  - Battery configured, batteryLife:primaryPowerUnits = 10000 auxiliaryPowerUnits = 1000 alertThreshold: 100 rechargeTime = 60000
242  [main] INFO  kafka.utils.VerifiableProperties  - Verifying properties
269  [main] WARN  kafka.utils.VerifiableProperties  - Property auto.offset.reset is not valid
269  [main] WARN  kafka.utils.VerifiableProperties  - Property destination.topic is not valid
269  [main] WARN  kafka.utils.VerifiableProperties  - Property group.id is not valid
269  [main] INFO  kafka.utils.VerifiableProperties  - Property metadata.broker.list is overridden to localhost:9092
270  [main] WARN  kafka.utils.VerifiableProperties  - Property source.topic is not valid
270  [main] WARN  kafka.utils.VerifiableProperties  - Property zookeeper.connect is not valid
300  [main] INFO  kafka.utils.VerifiableProperties  - Verifying properties
300  [main] INFO  kafka.utils.VerifiableProperties  - Property auto.offset.reset is overridden to largest
300  [main] WARN  kafka.utils.VerifiableProperties  - Property destination.topic is not valid
300  [main] INFO  kafka.utils.VerifiableProperties  - Property group.id is overridden to space.exploration.mars.rover
300  [main] WARN  kafka.utils.VerifiableProperties  - Property metadata.broker.list is not valid
300  [main] WARN  kafka.utils.VerifiableProperties  - Property source.topic is not valid
301  [main] INFO  kafka.utils.VerifiableProperties  - Property zookeeper.connect is overridden to localhost:2181
321  [main] INFO  kafka.consumer.ZookeeperConsumerConnector  - [space.exploration.mars.rover_zionmainframe-1494909831375-ab874cf5], Connecting to zookeeper instance at localhost:2181
327  [ZkClient-EventThread-21-localhost:2181] INFO  org.I0Itec.zkclient.ZkEventThread  - Starting ZkClient event thread.
330  [main] INFO  org.apache.zookeeper.ZooKeeper  - Client environment:zookeeper.version=3.4.6-1569965, built on 02/20/2014 09:09 GMT
330  [main] INFO  org.apache.zookeeper.ZooKeeper  - Client environment:host.name=zionmainframe
330  [main] INFO  org.apache.zookeeper.ZooKeeper  - Client environment:java.version=1.8.0_131
330  [main] INFO  org.apache.zookeeper.ZooKeeper  - Client environment:java.vendor=Oracle Corporation
330  [main] INFO  org.apache.zookeeper.ZooKeeper  - Client environment:java.home=/usr/lib/jvm/java-8-openjdk-amd64/jre
330  [main] INFO  org.apache.zookeeper.ZooKeeper  - Client environment:java.class.path=/usr/lib/jvm/java-1.8.0-openjdk-amd64/jre/lib/charsets.jar:/usr/lib/jvm/java-1.8.0-openjdk-amd64/jre/lib/ext/cldrdata.jar:/usr/lib/jvm/java-1.8.0-openjdk-amd64/jre/lib/ext/dnsns.jar:/usr/lib/jvm/java-1.8.0-openjdk-amd64/jre/lib/ext/icedtea-sound.jar:/usr/lib/jvm/java-1.8.0-openjdk-amd64/jre/lib/ext/jaccess.jar:/usr/lib/jvm/java-1.8.0-openjdk-amd64/jre/lib/ext/localedata.jar:/usr/lib/jvm/java-1.8.0-openjdk-amd64/jre/lib/ext/nashorn.jar:/usr/lib/jvm/java-1.8.0-openjdk-amd64/jre/lib/ext/sunec.jar:/usr/lib/jvm/java-1.8.0-openjdk-amd64/jre/lib/ext/sunjce_provider.jar:/usr/lib/jvm/java-1.8.0-openjdk-amd64/jre/lib/ext/sunpkcs11.jar:/usr/lib/jvm/java-1.8.0-openjdk-amd64/jre/lib/ext/zipfs.jar:/usr/lib/jvm/java-1.8.0-openjdk-amd64/jre/lib/jce.jar:/usr/lib/jvm/java-1.8.0-openjdk-amd64/jre/lib/jsse.jar:/usr/lib/jvm/java-1.8.0-openjdk-amd64/jre/lib/management-agent.jar:/usr/lib/jvm/java-1.8.0-openjdk-amd64/jre/lib/resources.jar:/usr/lib/jvm/java-1.8.0-openjdk-amd64/jre/lib/rt.jar:/home/sanket/Documents/Code/MyProjects/Java/MavenProjects/space.exploration/MarsRover/mars.rover/target/classes:/home/sanket/.m2/repository/com/google/protobuf/protobuf-java/3.0.0/protobuf-java-3.0.0.jar:/home/sanket/.m2/repository/org/apache/kafka/kafka_2.10/0.9.0.1/kafka_2.10-0.9.0.1.jar:/home/sanket/.m2/repository/com/101tec/zkclient/0.7/zkclient-0.7.jar:/home/sanket/.m2/repository/org/slf4j/slf4j-api/1.6.1/slf4j-api-1.6.1.jar:/home/sanket/.m2/repository/log4j/log4j/1.2.15/log4j-1.2.15.jar:/home/sanket/.m2/repository/javax/mail/mail/1.4/mail-1.4.jar:/home/sanket/.m2/repository/javax/activation/activation/1.1/activation-1.1.jar:/home/sanket/.m2/repository/org/apache/kafka/kafka-clients/0.9.0.1/kafka-clients-0.9.0.1.jar:/home/sanket/.m2/repository/org/xerial/snappy/snappy-java/1.1.1.7/snappy-java-1.1.1.7.jar:/home/sanket/.m2/repository/net/jpountz/lz4/lz4/1.2.0/lz4-1.2.0.jar:/home/sanket/.m2/repository/com/yammer/metrics/metrics-core/2.2.0/metrics-core-2.2.0.jar:/home/sanket/.m2/repository/org/scala-lang/scala-library/2.10.5/scala-library-2.10.5.jar:/home/sanket/.m2/repository/net/sf/jopt-simple/jopt-simple/3.2/jopt-simple-3.2.jar:/home/sanket/.m2/repository/org/slf4j/slf4j-log4j12/1.7.6/slf4j-log4j12-1.7.6.jar:/home/sanket/.m2/repository/org/apache/zookeeper/zookeeper/3.4.6/zookeeper-3.4.6.jar:/home/sanket/.m2/repository/jline/jline/0.9.94/jline-0.9.94.jar:/home/sanket/.m2/repository/io/netty/netty/3.7.0.Final/netty-3.7.0.Final.jar:/home/sanket/Documents/Tools/intelliJ/idea-IC-171.4073.35/lib/idea_rt.jar
330  [main] INFO  org.apache.zookeeper.ZooKeeper  - Client environment:java.library.path=/home/sanket/Documents/Tools/intelliJ/idea-IC-171.4073.35/bin:/home/sanket/Documents/Tools/intelliJ/idea-IC-171.4073.35/bin::/usr/java/packages/lib/amd64:/usr/lib/x86_64-linux-gnu/jni:/lib/x86_64-linux-gnu:/usr/lib/x86_64-linux-gnu:/usr/lib/jni:/lib:/usr/lib
330  [main] INFO  org.apache.zookeeper.ZooKeeper  - Client environment:java.io.tmpdir=/tmp
330  [main] INFO  org.apache.zookeeper.ZooKeeper  - Client environment:java.compiler=<NA>
330  [main] INFO  org.apache.zookeeper.ZooKeeper  - Client environment:os.name=Linux
330  [main] INFO  org.apache.zookeeper.ZooKeeper  - Client environment:os.arch=amd64
330  [main] INFO  org.apache.zookeeper.ZooKeeper  - Client environment:os.version=4.4.0-77-generic
331  [main] INFO  org.apache.zookeeper.ZooKeeper  - Client environment:user.name=sanket
331  [main] INFO  org.apache.zookeeper.ZooKeeper  - Client environment:user.home=/home/sanket
331  [main] INFO  org.apache.zookeeper.ZooKeeper  - Client environment:user.dir=/home/sanket/Documents/Code/MyProjects/Java/MavenProjects/space.exploration/MarsRover/mars.rover
331  [main] INFO  org.apache.zookeeper.ZooKeeper  - Initiating client connection, connectString=localhost:2181 sessionTimeout=6000 watcher=org.I0Itec.zkclient.ZkClient@7ee955a8
340  [main] INFO  org.I0Itec.zkclient.ZkClient  - Waiting for keeper state SyncConnected
343  [main-SendThread(localhost:2181)] INFO  org.apache.zookeeper.ClientCnxn  - Opening socket connection to server localhost/127.0.0.1:2181. Will not attempt to authenticate using SASL (unknown error)
346  [main-SendThread(localhost:2181)] INFO  org.apache.zookeeper.ClientCnxn  - Socket connection established to localhost/127.0.0.1:2181, initiating session
351  [main-SendThread(localhost:2181)] INFO  org.apache.zookeeper.ClientCnxn  - Session establishment complete on server localhost/127.0.0.1:2181, sessionid = 0x15c0eeda172000d, negotiated timeout = 6000
352  [main-EventThread] INFO  org.I0Itec.zkclient.ZkClient  - zookeeper state changed (SyncConnected)
360  [main] INFO  kafka.consumer.ZookeeperConsumerConnector  - [space.exploration.mars.rover_zionmainframe-1494909831375-ab874cf5], starting auto committer every 60000 ms
378  [Thread-2] INFO  kafka.consumer.ZookeeperConsumerConnector  - [space.exploration.mars.rover_zionmainframe-1494909831375-ab874cf5], begin registering consumer space.exploration.mars.rover_zionmainframe-1494909831375-ab874cf5 in ZK
398  [Thread-2] INFO  kafka.utils.ZKCheckedEphemeral  - Creating /consumers/space.exploration.mars.rover/ids/space.exploration.mars.rover_zionmainframe-1494909831375-ab874cf5 (is it secure? false)
407  [Thread-2] INFO  kafka.utils.ZKCheckedEphemeral  - Result of znode creation is: OK
408  [Thread-2] INFO  kafka.consumer.ZookeeperConsumerConnector  - [space.exploration.mars.rover_zionmainframe-1494909831375-ab874cf5], end registering consumer space.exploration.mars.rover_zionmainframe-1494909831375-ab874cf5 in ZK
413  [space.exploration.mars.rover_zionmainframe-1494909831375-ab874cf5_watcher_executor] INFO  kafka.consumer.ZookeeperConsumerConnector  - [space.exploration.mars.rover_zionmainframe-1494909831375-ab874cf5], starting watcher executor thread for consumer space.exploration.mars.rover_zionmainframe-1494909831375-ab874cf5
435  [Thread-2] INFO  kafka.consumer.ZookeeperConsumerConnector  - [space.exploration.mars.rover_zionmainframe-1494909831375-ab874cf5], begin rebalancing consumer space.exploration.mars.rover_zionmainframe-1494909831375-ab874cf5 try #0
527  [Thread-2] INFO  kafka.consumer.ConsumerFetcherManager  - [ConsumerFetcherManager-1494909831414] Stopping leader finder thread
527  [Thread-2] INFO  kafka.consumer.ConsumerFetcherManager  - [ConsumerFetcherManager-1494909831414] Stopping all fetchers
527  [Thread-2] INFO  kafka.consumer.ConsumerFetcherManager  - [ConsumerFetcherManager-1494909831414] All connections stopped
528  [Thread-2] INFO  kafka.consumer.ZookeeperConsumerConnector  - [space.exploration.mars.rover_zionmainframe-1494909831375-ab874cf5], Cleared all relevant queues for this fetcher
528  [Thread-2] INFO  kafka.consumer.ZookeeperConsumerConnector  - [space.exploration.mars.rover_zionmainframe-1494909831375-ab874cf5], Cleared the data chunks in all the consumer message iterators
528  [Thread-2] INFO  kafka.consumer.ZookeeperConsumerConnector  - [space.exploration.mars.rover_zionmainframe-1494909831375-ab874cf5], Committing all offsets after clearing the fetcher queues
529  [Thread-2] INFO  kafka.consumer.ZookeeperConsumerConnector  - [space.exploration.mars.rover_zionmainframe-1494909831375-ab874cf5], Releasing partition ownership
553  [Thread-2] INFO  kafka.consumer.RangeAssignor  - Consumer space.exploration.mars.rover_zionmainframe-1494909831375-ab874cf5 rebalancing the following partitions: ArrayBuffer(0) for topic secure_com_from_earth_channel_3 with consumers: List(space.exploration.mars.rover_zionmainframe-1494909831375-ab874cf5-0)
555  [Thread-2] INFO  kafka.consumer.RangeAssignor  - space.exploration.mars.rover_zionmainframe-1494909831375-ab874cf5-0 attempting to claim partition 0
581  [Thread-2] INFO  kafka.consumer.ZookeeperConsumerConnector  - [space.exploration.mars.rover_zionmainframe-1494909831375-ab874cf5], space.exploration.mars.rover_zionmainframe-1494909831375-ab874cf5-0 successfully owned partition 0 for topic secure_com_from_earth_channel_3
599  [Thread-2] INFO  kafka.consumer.ZookeeperConsumerConnector  - [space.exploration.mars.rover_zionmainframe-1494909831375-ab874cf5], Consumer space.exploration.mars.rover_zionmainframe-1494909831375-ab874cf5 selected partitions : secure_com_from_earth_channel_3:0: fetched offset = 2: consumed offset = 2
601  [space.exploration.mars.rover_zionmainframe-1494909831375-ab874cf5-leader-finder-thread] INFO  kafka.consumer.ConsumerFetcherManager$LeaderFinderThread  - [space.exploration.mars.rover_zionmainframe-1494909831375-ab874cf5-leader-finder-thread], Starting 
602  [Thread-2] INFO  kafka.consumer.ZookeeperConsumerConnector  - [space.exploration.mars.rover_zionmainframe-1494909831375-ab874cf5], end rebalancing consumer space.exploration.mars.rover_zionmainframe-1494909831375-ab874cf5 try #0
615  [space.exploration.mars.rover_zionmainframe-1494909831375-ab874cf5-leader-finder-thread] INFO  kafka.utils.VerifiableProperties  - Verifying properties
615  [space.exploration.mars.rover_zionmainframe-1494909831375-ab874cf5-leader-finder-thread] INFO  kafka.utils.VerifiableProperties  - Property client.id is overridden to space.exploration.mars.rover
616  [space.exploration.mars.rover_zionmainframe-1494909831375-ab874cf5-leader-finder-thread] INFO  kafka.utils.VerifiableProperties  - Property metadata.broker.list is overridden to zionmainframe:9092
616  [space.exploration.mars.rover_zionmainframe-1494909831375-ab874cf5-leader-finder-thread] INFO  kafka.utils.VerifiableProperties  - Property request.timeout.ms is overridden to 30000
635  [space.exploration.mars.rover_zionmainframe-1494909831375-ab874cf5-leader-finder-thread] INFO  kafka.client.ClientUtils$  - Fetching metadata from broker BrokerEndPoint(0,zionmainframe,9092) with correlation id 0 for 1 topic(s) Set(secure_com_from_earth_channel_3)
642  [space.exploration.mars.rover_zionmainframe-1494909831375-ab874cf5-leader-finder-thread] INFO  kafka.producer.SyncProducer  - Connected to zionmainframe:9092 for producing
661  [space.exploration.mars.rover_zionmainframe-1494909831375-ab874cf5-leader-finder-thread] INFO  kafka.producer.SyncProducer  - Disconnecting from zionmainframe:9092
681  [ConsumerFetcherThread-space.exploration.mars.rover_zionmainframe-1494909831375-ab874cf5-0-0] INFO  kafka.consumer.ConsumerFetcherThread  - [ConsumerFetcherThread-space.exploration.mars.rover_zionmainframe-1494909831375-ab874cf5-0-0], Starting 
711  [space.exploration.mars.rover_zionmainframe-1494909831375-ab874cf5-leader-finder-thread] INFO  kafka.consumer.ConsumerFetcherManager  - [ConsumerFetcherManager-1494909831414] Added fetcher for partitions ArrayBuffer([[secure_com_from_earth_channel_3,0], initOffset 2 to broker BrokerEndPoint(0,zionmainframe,9092)] )
1363 [main] INFO  space.exploration.mars.rover.communication.Radio  - Radio configured:: 
metadata.broker.list::localhost:9092
source.topic::secure_com_from_earth_channel_3
auto.offset.reset::largest
group.id::space.exploration.mars.rover
destination.topic::secure_com_to_earth_channel_3
zookeeper.connect::localhost:2181
2364 [main] INFO  space.exploration.mars.rover.kernel.Rover  - Rover current position is = java.awt.Point[x=125,y=175]
3367 [main] INFO  space.exploration.mars.rover.sensor.Lidar  - Lidar initialized and ready!
4369 [main] INFO  space.exploration.mars.rover.sensor.Spectrometer  - Spectrometer initialized and ready!
5555 [main] INFO  space.exploration.mars.rover.sensor.Camera  - Camera initialized and ready!
31067 [main] INFO  kafka.client.ClientUtils$  - Fetching metadata from broker BrokerEndPoint(0,localhost,9092) with correlation id 0 for 1 topic(s) Set(secure_com_to_earth_channel_3)
31068 [main] INFO  kafka.producer.SyncProducer  - Connected to localhost:9092 for producing
31070 [main] INFO  kafka.producer.SyncProducer  - Disconnecting from localhost:9092
31092 [main] INFO  kafka.producer.SyncProducer  - Connected to zionmainframe:9092 for producing
57993 [pool-1-thread-1] INFO  space.exploration.mars.rover.diagnostics.Pacemaker  -  SCET = 1494909889049 this is rover heartBeat.
117993 [pool-1-thread-1] INFO  space.exploration.mars.rover.diagnostics.Pacemaker  -  SCET = 1494909949049 this is rover heartBeat.
