2018-02-18 22:31:47,689 [                roverMain] INFO  space.exploration.mars.rover.kernel.SpacecraftClock - Valid utc time ranges are dictated by clockService as follows:
2018-02-18 22:31:47,689 [                roverMain] INFO  space.exploration.mars.rover.kernel.SpacecraftClock - APPLICABLE_START_TIME=2000-001T11:58:55.816, APPLICABLE_STOP_TIME=2017-360T19:17:40.149
2018-02-18 22:31:47,689 [                roverMain] INFO  space.exploration.mars.rover.kernel.SpacecraftClock - Given UTC = 2017-03-17~11:16:00
2018-02-18 22:31:47,689 [                roverMain] INFO  space.exploration.mars.rover.kernel.SpacecraftClock - Please ensure that positionSensor and sclk are synchronized
2018-02-18 22:31:47,695 [                roverMain] INFO  space.exploration.mars.rover.kernel.SpacecraftClock - Curiosity internal spacecraft clock started at :: 2017-03-17T16:16:00.000Z
2018-02-18 22:31:47,695 [                roverMain] INFO  space.exploration.mars.rover.kernel.SpacecraftClock - Mission duration is set to :: 1 year(s).
2018-02-18 22:31:47,695 [                roverMain] INFO  space.exploration.mars.rover.kernel.SpacecraftClock - Mission duration = 31536000000
2018-02-18 22:31:51,909 [                roverMain] INFO  space.exploration.mars.rover.diagnostics.RoverGarbageCollector - Starting garbageCollection
2018-02-18 22:31:53,910 [                roverMain] INFO  space.exploration.mars.rover.kernel.Rover - Rover current position is = java.awt.Point[x=525,y=100]
2018-02-18 22:31:54,911 [                roverMain] INFO  space.exploration.mars.rover.sensor.Lidar - Lidar initialized and ready!
2018-02-18 22:31:56,106 [                roverMain] INFO  space.exploration.mars.rover.sensor.Camera - Camera initialized and ready!
2018-02-18 22:31:57,111 [                roverMain] INFO  space.exploration.mars.rover.sensor.Radar - Radar configured:: 
2018-02-18 22:31:58,542 [                roverMain] INFO  space.exploration.mars.rover.power.Battery - Battery configured, batteryLife:primaryPowerUnits = 1200 auxiliaryPowerUnits = 100 alertThreshold: 100 rechargeTime = 60000
2018-02-18 22:31:59,546 [                roverMain] INFO  space.exploration.mars.rover.kernel.Rover - Battery Monitor configured!
2018-02-18 22:31:59,583 [                roverMain] INFO  org.apache.kafka.clients.producer.ProducerConfig - ProducerConfig values: 
	metric.reporters = []
	metadata.max.age.ms = 300000
	reconnect.backoff.ms = 50
	sasl.kerberos.ticket.renew.window.factor = 0.8
	bootstrap.servers = [localhost:9092]
	ssl.keystore.type = JKS
	sasl.mechanism = GSSAPI
	max.block.ms = 60000
	interceptor.classes = null
	ssl.truststore.password = null
	client.id = 
	ssl.endpoint.identification.algorithm = null
	request.timeout.ms = 30000
	acks = 1
	receive.buffer.bytes = 32768
	ssl.truststore.type = JKS
	retries = 0
	ssl.truststore.location = null
	ssl.keystore.password = null
	send.buffer.bytes = 131072
	compression.type = none
	metadata.fetch.timeout.ms = 60000
	retry.backoff.ms = 100
	sasl.kerberos.kinit.cmd = /usr/bin/kinit
	buffer.memory = 33554432
	timeout.ms = 30000
	key.serializer = class org.apache.kafka.common.serialization.StringSerializer
	sasl.kerberos.service.name = null
	sasl.kerberos.ticket.renew.jitter = 0.05
	ssl.trustmanager.algorithm = PKIX
	block.on.buffer.full = false
	ssl.key.password = null
	sasl.kerberos.min.time.before.relogin = 60000
	connections.max.idle.ms = 540000
	max.in.flight.requests.per.connection = 5
	metrics.num.samples = 2
	ssl.protocol = TLS
	ssl.provider = null
	ssl.enabled.protocols = [TLSv1.2, TLSv1.1, TLSv1]
	batch.size = 16384
	ssl.keystore.location = null
	ssl.cipher.suites = null
	security.protocol = PLAINTEXT
	max.request.size = 1048576
	value.serializer = class org.apache.kafka.common.serialization.ByteArraySerializer
	ssl.keymanager.algorithm = SunX509
	metrics.sample.window.ms = 30000
	partitioner.class = class org.apache.kafka.clients.producer.internals.DefaultPartitioner
	linger.ms = 0

2018-02-18 22:31:59,655 [                roverMain] INFO  org.apache.kafka.clients.producer.ProducerConfig - ProducerConfig values: 
	metric.reporters = []
	metadata.max.age.ms = 300000
	reconnect.backoff.ms = 50
	sasl.kerberos.ticket.renew.window.factor = 0.8
	bootstrap.servers = [localhost:9092]
	ssl.keystore.type = JKS
	sasl.mechanism = GSSAPI
	max.block.ms = 60000
	interceptor.classes = null
	ssl.truststore.password = null
	client.id = producer-1
	ssl.endpoint.identification.algorithm = null
	request.timeout.ms = 30000
	acks = 1
	receive.buffer.bytes = 32768
	ssl.truststore.type = JKS
	retries = 0
	ssl.truststore.location = null
	ssl.keystore.password = null
	send.buffer.bytes = 131072
	compression.type = none
	metadata.fetch.timeout.ms = 60000
	retry.backoff.ms = 100
	sasl.kerberos.kinit.cmd = /usr/bin/kinit
	buffer.memory = 33554432
	timeout.ms = 30000
	key.serializer = class org.apache.kafka.common.serialization.StringSerializer
	sasl.kerberos.service.name = null
	sasl.kerberos.ticket.renew.jitter = 0.05
	ssl.trustmanager.algorithm = PKIX
	block.on.buffer.full = false
	ssl.key.password = null
	sasl.kerberos.min.time.before.relogin = 60000
	connections.max.idle.ms = 540000
	max.in.flight.requests.per.connection = 5
	metrics.num.samples = 2
	ssl.protocol = TLS
	ssl.provider = null
	ssl.enabled.protocols = [TLSv1.2, TLSv1.1, TLSv1]
	batch.size = 16384
	ssl.keystore.location = null
	ssl.cipher.suites = null
	security.protocol = PLAINTEXT
	max.request.size = 1048576
	value.serializer = class org.apache.kafka.common.serialization.ByteArraySerializer
	ssl.keymanager.algorithm = SunX509
	metrics.sample.window.ms = 30000
	partitioner.class = class org.apache.kafka.clients.producer.internals.DefaultPartitioner
	linger.ms = 0

2018-02-18 22:31:59,655 [                roverMain] WARN  org.apache.kafka.clients.producer.ProducerConfig - The configuration zookeeper.connect = localhost:2181 was supplied but isn't a known config.
2018-02-18 22:31:59,655 [                roverMain] WARN  org.apache.kafka.clients.producer.ProducerConfig - The configuration group.id = space.exploration.mars.rover.curiosity.1519014706633 was supplied but isn't a known config.
2018-02-18 22:31:59,655 [                roverMain] WARN  org.apache.kafka.clients.producer.ProducerConfig - The configuration source.topic = earth_to_curiosity_5 was supplied but isn't a known config.
2018-02-18 22:31:59,655 [                roverMain] WARN  org.apache.kafka.clients.producer.ProducerConfig - The configuration auto.offset.reset = largest was supplied but isn't a known config.
2018-02-18 22:31:59,655 [                roverMain] WARN  org.apache.kafka.clients.producer.ProducerConfig - The configuration metadata.broker.list = localhost:9092 was supplied but isn't a known config.
2018-02-18 22:31:59,655 [                roverMain] WARN  org.apache.kafka.clients.producer.ProducerConfig - The configuration destination.topic = curiosity_to_earth_5 was supplied but isn't a known config.
2018-02-18 22:31:59,658 [                roverMain] INFO  org.apache.kafka.common.utils.AppInfoParser - Kafka version : 0.10.0.1
2018-02-18 22:31:59,658 [                roverMain] INFO  org.apache.kafka.common.utils.AppInfoParser - Kafka commitId : a7a17cdec9eaa6c5
2018-02-18 22:31:59,749 [                roverMain] INFO          kafka.utils.VerifiableProperties - Verifying properties
2018-02-18 22:31:59,766 [                roverMain] INFO          kafka.utils.VerifiableProperties - Property auto.offset.reset is overridden to largest
2018-02-18 22:31:59,766 [                roverMain] WARN          kafka.utils.VerifiableProperties - Property bootstrap.servers is not valid
2018-02-18 22:31:59,766 [                roverMain] WARN          kafka.utils.VerifiableProperties - Property destination.topic is not valid
2018-02-18 22:31:59,766 [                roverMain] INFO          kafka.utils.VerifiableProperties - Property group.id is overridden to space.exploration.mars.rover.curiosity.1519014706633
2018-02-18 22:31:59,767 [                roverMain] WARN          kafka.utils.VerifiableProperties - Property key.serializer is not valid
2018-02-18 22:31:59,767 [                roverMain] WARN          kafka.utils.VerifiableProperties - Property metadata.broker.list is not valid
2018-02-18 22:31:59,767 [                roverMain] WARN          kafka.utils.VerifiableProperties - Property source.topic is not valid
2018-02-18 22:31:59,767 [                roverMain] WARN          kafka.utils.VerifiableProperties - Property value.serializer is not valid
2018-02-18 22:31:59,767 [                roverMain] INFO          kafka.utils.VerifiableProperties - Property zookeeper.connect is overridden to localhost:2181
2018-02-18 22:31:59,792 [                roverMain] INFO  kafka.consumer.ZookeeperConsumerConnector - [space.exploration.mars.rover.curiosity.1519014706633_zion-mainframe-1519014719792-e4c87a92], Connecting to zookeeper instance at localhost:2181
2018-02-18 22:31:59,798 [lient-EventThread-30-localhost:2181] INFO         org.I0Itec.zkclient.ZkEventThread - Starting ZkClient event thread.
2018-02-18 22:31:59,801 [                roverMain] INFO            org.apache.zookeeper.ZooKeeper - Client environment:zookeeper.version=3.4.6-1569965, built on 02/20/2014 09:09 GMT
2018-02-18 22:31:59,801 [                roverMain] INFO            org.apache.zookeeper.ZooKeeper - Client environment:host.name=zion-mainframe
2018-02-18 22:31:59,801 [                roverMain] INFO            org.apache.zookeeper.ZooKeeper - Client environment:java.version=1.8.0_151
2018-02-18 22:31:59,801 [                roverMain] INFO            org.apache.zookeeper.ZooKeeper - Client environment:java.vendor=Oracle Corporation
2018-02-18 22:31:59,801 [                roverMain] INFO            org.apache.zookeeper.ZooKeeper - Client environment:java.home=/usr/lib/jvm/java-8-openjdk-amd64/jre
2018-02-18 22:31:59,801 [                roverMain] INFO            org.apache.zookeeper.ZooKeeper - Client environment:java.class.path=target/mars.rover-1.5-SOLSHOT-shaded.jar
2018-02-18 22:31:59,801 [                roverMain] INFO            org.apache.zookeeper.ZooKeeper - Client environment:java.library.path=$LD_LIBRARY_PATH:"/home/sanket/Documents/workspace/SpiceUtilities/src/main/resources/JNISpice/lib/libJNISpice.so":/home/sanket/Documents/workspace/SpiceUtilities/src/main/resources/JNISpice/lib/libJNISpice.so:/usr/java/packages/lib/amd64:/usr/lib/x86_64-linux-gnu/jni:/lib/x86_64-linux-gnu:/usr/lib/x86_64-linux-gnu:/usr/lib/jni:/lib:/usr/lib
2018-02-18 22:31:59,801 [                roverMain] INFO            org.apache.zookeeper.ZooKeeper - Client environment:java.io.tmpdir=/tmp
2018-02-18 22:31:59,801 [                roverMain] INFO            org.apache.zookeeper.ZooKeeper - Client environment:java.compiler=<NA>
2018-02-18 22:31:59,801 [                roverMain] INFO            org.apache.zookeeper.ZooKeeper - Client environment:os.name=Linux
2018-02-18 22:31:59,801 [                roverMain] INFO            org.apache.zookeeper.ZooKeeper - Client environment:os.arch=amd64
2018-02-18 22:31:59,801 [                roverMain] INFO            org.apache.zookeeper.ZooKeeper - Client environment:os.version=4.13.0-32-generic
2018-02-18 22:31:59,801 [                roverMain] INFO            org.apache.zookeeper.ZooKeeper - Client environment:user.name=sanket
2018-02-18 22:31:59,801 [                roverMain] INFO            org.apache.zookeeper.ZooKeeper - Client environment:user.home=/home/sanket
2018-02-18 22:31:59,801 [                roverMain] INFO            org.apache.zookeeper.ZooKeeper - Client environment:user.dir=/home/sanket/Documents/workspace/MarsRover/mars.rover
2018-02-18 22:31:59,801 [                roverMain] INFO            org.apache.zookeeper.ZooKeeper - Initiating client connection, connectString=localhost:2181 sessionTimeout=6000 watcher=org.I0Itec.zkclient.ZkClient@399c4be1
2018-02-18 22:31:59,875 [                roverMain] INFO              org.I0Itec.zkclient.ZkClient - Waiting for keeper state SyncConnected
2018-02-18 22:31:59,878 [overMain-SendThread(localhost:2181)] INFO           org.apache.zookeeper.ClientCnxn - Opening socket connection to server localhost/127.0.0.1:2181. Will not attempt to authenticate using SASL (unknown error)
2018-02-18 22:31:59,882 [overMain-SendThread(localhost:2181)] INFO           org.apache.zookeeper.ClientCnxn - Socket connection established to localhost/127.0.0.1:2181, initiating session
2018-02-18 22:31:59,887 [overMain-SendThread(localhost:2181)] INFO           org.apache.zookeeper.ClientCnxn - Session establishment complete on server localhost/127.0.0.1:2181, sessionid = 0x161ac4e40cb0003, negotiated timeout = 6000
2018-02-18 22:31:59,888 [    roverMain-EventThread] INFO              org.I0Itec.zkclient.ZkClient - zookeeper state changed (SyncConnected)
2018-02-18 22:31:59,897 [                roverMain] INFO  kafka.consumer.ZookeeperConsumerConnector - [space.exploration.mars.rover.curiosity.1519014706633_zion-mainframe-1519014719792-e4c87a92], starting auto committer every 60000 ms
2018-02-18 22:31:59,923 [                    radio] INFO  kafka.consumer.ZookeeperConsumerConnector - [space.exploration.mars.rover.curiosity.1519014706633_zion-mainframe-1519014719792-e4c87a92], begin registering consumer space.exploration.mars.rover.curiosity.1519014706633_zion-mainframe-1519014719792-e4c87a92 in ZK
2018-02-18 22:31:59,953 [                    radio] INFO            kafka.utils.ZKCheckedEphemeral - Creating /consumers/space.exploration.mars.rover.curiosity.1519014706633/ids/space.exploration.mars.rover.curiosity.1519014706633_zion-mainframe-1519014719792-e4c87a92 (is it secure? false)
2018-02-18 22:31:59,963 [                    radio] INFO            kafka.utils.ZKCheckedEphemeral - Result of znode creation is: OK
2018-02-18 22:31:59,963 [                    radio] INFO  kafka.consumer.ZookeeperConsumerConnector - [space.exploration.mars.rover.curiosity.1519014706633_zion-mainframe-1519014719792-e4c87a92], end registering consumer space.exploration.mars.rover.curiosity.1519014706633_zion-mainframe-1519014719792-e4c87a92 in ZK
2018-02-18 22:31:59,966 [014719792-e4c87a92_watcher_executor] INFO  kafka.consumer.ZookeeperConsumerConnector - [space.exploration.mars.rover.curiosity.1519014706633_zion-mainframe-1519014719792-e4c87a92], starting watcher executor thread for consumer space.exploration.mars.rover.curiosity.1519014706633_zion-mainframe-1519014719792-e4c87a92
2018-02-18 22:31:59,978 [                    radio] INFO  kafka.consumer.ZookeeperConsumerConnector - [space.exploration.mars.rover.curiosity.1519014706633_zion-mainframe-1519014719792-e4c87a92], begin rebalancing consumer space.exploration.mars.rover.curiosity.1519014706633_zion-mainframe-1519014719792-e4c87a92 try #0
2018-02-18 22:32:00,048 [                    radio] INFO     kafka.consumer.ConsumerFetcherManager - [ConsumerFetcherManager-1519014719895] Stopping leader finder thread
2018-02-18 22:32:00,048 [                    radio] INFO     kafka.consumer.ConsumerFetcherManager - [ConsumerFetcherManager-1519014719895] Stopping all fetchers
2018-02-18 22:32:00,048 [                    radio] INFO     kafka.consumer.ConsumerFetcherManager - [ConsumerFetcherManager-1519014719895] All connections stopped
2018-02-18 22:32:00,049 [                    radio] INFO  kafka.consumer.ZookeeperConsumerConnector - [space.exploration.mars.rover.curiosity.1519014706633_zion-mainframe-1519014719792-e4c87a92], Cleared all relevant queues for this fetcher
2018-02-18 22:32:00,049 [                    radio] INFO  kafka.consumer.ZookeeperConsumerConnector - [space.exploration.mars.rover.curiosity.1519014706633_zion-mainframe-1519014719792-e4c87a92], Cleared the data chunks in all the consumer message iterators
2018-02-18 22:32:00,049 [                    radio] INFO  kafka.consumer.ZookeeperConsumerConnector - [space.exploration.mars.rover.curiosity.1519014706633_zion-mainframe-1519014719792-e4c87a92], Committing all offsets after clearing the fetcher queues
2018-02-18 22:32:00,050 [                    radio] INFO  kafka.consumer.ZookeeperConsumerConnector - [space.exploration.mars.rover.curiosity.1519014706633_zion-mainframe-1519014719792-e4c87a92], Releasing partition ownership
2018-02-18 22:32:00,070 [                    radio] INFO              kafka.consumer.RangeAssignor - Consumer space.exploration.mars.rover.curiosity.1519014706633_zion-mainframe-1519014719792-e4c87a92 rebalancing the following partitions: ArrayBuffer(0) for topic earth_to_curiosity_5 with consumers: List(space.exploration.mars.rover.curiosity.1519014706633_zion-mainframe-1519014719792-e4c87a92-0)
2018-02-18 22:32:00,072 [                    radio] INFO              kafka.consumer.RangeAssignor - space.exploration.mars.rover.curiosity.1519014706633_zion-mainframe-1519014719792-e4c87a92-0 attempting to claim partition 0
2018-02-18 22:32:00,102 [                    radio] INFO  kafka.consumer.ZookeeperConsumerConnector - [space.exploration.mars.rover.curiosity.1519014706633_zion-mainframe-1519014719792-e4c87a92], space.exploration.mars.rover.curiosity.1519014706633_zion-mainframe-1519014719792-e4c87a92-0 successfully owned partition 0 for topic earth_to_curiosity_5
2018-02-18 22:32:00,117 [                    radio] INFO  kafka.consumer.ZookeeperConsumerConnector - [space.exploration.mars.rover.curiosity.1519014706633_zion-mainframe-1519014719792-e4c87a92], Consumer space.exploration.mars.rover.curiosity.1519014706633_zion-mainframe-1519014719792-e4c87a92 selected partitions : earth_to_curiosity_5:0: fetched offset = -1: consumed offset = -1
2018-02-18 22:32:00,118 [19792-e4c87a92-leader-finder-thread] INFO  kafka.consumer.ConsumerFetcherManager$LeaderFinderThread - [space.exploration.mars.rover.curiosity.1519014706633_zion-mainframe-1519014719792-e4c87a92-leader-finder-thread], Starting 
2018-02-18 22:32:00,119 [                    radio] INFO  kafka.consumer.ZookeeperConsumerConnector - [space.exploration.mars.rover.curiosity.1519014706633_zion-mainframe-1519014719792-e4c87a92], end rebalancing consumer space.exploration.mars.rover.curiosity.1519014706633_zion-mainframe-1519014719792-e4c87a92 try #0
2018-02-18 22:32:00,135 [19792-e4c87a92-leader-finder-thread] INFO          kafka.utils.VerifiableProperties - Verifying properties
2018-02-18 22:32:00,135 [19792-e4c87a92-leader-finder-thread] INFO          kafka.utils.VerifiableProperties - Property client.id is overridden to space.exploration.mars.rover.curiosity.1519014706633
2018-02-18 22:32:00,135 [19792-e4c87a92-leader-finder-thread] INFO          kafka.utils.VerifiableProperties - Property metadata.broker.list is overridden to zion-mainframe:9092
2018-02-18 22:32:00,135 [19792-e4c87a92-leader-finder-thread] INFO          kafka.utils.VerifiableProperties - Property request.timeout.ms is overridden to 30000
2018-02-18 22:32:00,146 [19792-e4c87a92-leader-finder-thread] INFO                 kafka.client.ClientUtils$ - Fetching metadata from broker BrokerEndPoint(0,zion-mainframe,9092) with correlation id 0 for 1 topic(s) Set(earth_to_curiosity_5)
2018-02-18 22:32:00,150 [19792-e4c87a92-leader-finder-thread] INFO               kafka.producer.SyncProducer - Connected to zion-mainframe:9092 for producing
2018-02-18 22:32:00,163 [19792-e4c87a92-leader-finder-thread] INFO               kafka.producer.SyncProducer - Disconnecting from zion-mainframe:9092
2018-02-18 22:32:00,176 [ainframe-1519014719792-e4c87a92-0-0] INFO      kafka.consumer.ConsumerFetcherThread - [ConsumerFetcherThread-space.exploration.mars.rover.curiosity.1519014706633_zion-mainframe-1519014719792-e4c87a92-0-0], Starting 
2018-02-18 22:32:00,188 [19792-e4c87a92-leader-finder-thread] INFO     kafka.consumer.ConsumerFetcherManager - [ConsumerFetcherManager-1519014719895] Added fetcher for partitions ArrayBuffer([[earth_to_curiosity_5,0], initOffset -1 to broker BrokerEndPoint(0,zion-mainframe,9092)] )
2018-02-18 22:32:00,899 [                roverMain] INFO  space.exploration.mars.rover.communication.Radio - Radio configured:: 
group.id::space.exploration.mars.rover.curiosity.1519014706633
auto.offset.reset::largest
bootstrap.servers::localhost:9092
value.serializer::org.apache.kafka.common.serialization.ByteArraySerializer
destination.topic::curiosity_to_earth_5
zookeeper.connect::localhost:2181
key.serializer::org.apache.kafka.common.serialization.StringSerializer
source.topic::earth_to_curiosity_5
metadata.broker.list::localhost:9092
2018-02-18 22:32:01,901 [                roverMain] INFO  space.exploration.mars.rover.sensor.Radar - Radar configured:: 
2018-02-18 22:32:08,122 [                roverMain] INFO  space.exploration.mars.rover.communication.Transmitter - Sending information packet to curiosity_to_earth_5
2018-02-18 22:32:11,126 [          spacecraftClock] INFO  space.exploration.mars.rover.sensor.DANSpectrometer - Commencing calibration for DAN Spectrometer for sol = 1639
2018-02-18 22:32:15,231 [          spacecraftClock] ERROR space.exploration.mars.rover.service.DANServiceUtil -  DAN Config Util - could not find data files for sol = 1639 url = http://pds-geosciences.wustl.edu/msl/msl-m-dan-3_4-rdr-v1/msldan_1xxx/data/sol1639/
2018-02-18 22:32:15,233 [          spacecraftClock] INFO  space.exploration.mars.rover.sensor.DANSpectrometer - Encountered exception when calibrating DAN Spectrometer, DANDerivedRDRData may not be available for sol = 1639
java.net.MalformedURLException
	at java.net.URL.<init>(URL.java:627)
	at java.net.URL.<init>(URL.java:490)
	at java.net.URL.<init>(URL.java:439)
	at space.exploration.mars.rover.utils.ServiceUtil.download(ServiceUtil.java:15)
	at space.exploration.mars.rover.service.DANCalibrationService.getDanPayload(DANCalibrationService.java:29)
	at space.exploration.mars.rover.sensor.DANSpectrometer.calibrateDanSensor(DANSpectrometer.java:71)
	at space.exploration.mars.rover.kernel.Rover.updateSensors(Rover.java:503)
	at space.exploration.mars.rover.kernel.SpacecraftClock$Clock.run(SpacecraftClock.java:220)
	at java.util.concurrent.Executors$RunnableAdapter.call(Executors.java:511)
	at java.util.concurrent.FutureTask.runAndReset(FutureTask.java:308)
	at java.util.concurrent.ScheduledThreadPoolExecutor$ScheduledFutureTask.access$301(ScheduledThreadPoolExecutor.java:180)
	at java.util.concurrent.ScheduledThreadPoolExecutor$ScheduledFutureTask.run(ScheduledThreadPoolExecutor.java:294)
	at java.util.concurrent.ThreadPoolExecutor.runWorker(ThreadPoolExecutor.java:1149)
	at java.util.concurrent.ThreadPoolExecutor$Worker.run(ThreadPoolExecutor.java:624)
	at java.lang.Thread.run(Thread.java:748)
Caused by: java.lang.NullPointerException
	at java.net.URL.<init>(URL.java:532)
	... 14 more
2018-02-18 22:32:15,591 [          spacecraftClock] INFO  space.exploration.mars.rover.service.ApxsDataService - ApxsSpectrometer configured successfully for sol = 1639
2018-02-18 22:32:15,593 [             sleepMonitor] INFO  space.exploration.mars.rover.animation.SleepingAnimationEngine - Rover is sleeping now
2018-02-18 22:32:24,807 [                    radio] INFO  space.exploration.mars.rover.communication.Receiver - Time Elapsed since last message = 24908
2018-02-18 22:32:24,910 [                    radio] INFO  space.exploration.mars.rover.kernel.PositionSensor - Houston - this is curiosityActual.ephemerisTime: 5.43023649185584E8
stateCuriosity: 2.62032803744E8
stateCuriosity: 1.6870498665E8
stateCuriosity: 7.450793286E7
stateCuriosity: -17.77
stateCuriosity: 40.46
stateCuriosity: 18.389
owltMSLEarth: 1068.832
stateEarth: -2.6200937301E8
stateEarth: -1.68689898995E8
stateEarth: -7.4501264743E7
stateEarth: 17.776
stateEarth: -40.452
stateEarth: -18.386
owltEarthMSL: 1068.737
positionEarthWRTCuriosity: -2.6200937301E8
positionEarthWRTCuriosity: -1.68689898995E8
positionEarthWRTCuriosity: -7.4501264743E7
owltEarthMSL2: 1068.737
angSepHGAEarth: 160.946
utcTime: "2017-03-17~11:53:00"
sol: 1639
sclkValue: " 1/01639:20:06:08:58376"

2018-02-18 22:32:24,950 [                    radio] INFO  space.exploration.mars.rover.kernel.PositionSensor - ephemerisTime: 5.43023649185584E8
stateCuriosity: 2.62032803744E8
stateCuriosity: 1.6870498665E8
stateCuriosity: 7.450793286E7
stateCuriosity: -17.77
stateCuriosity: 40.46
stateCuriosity: 18.389
owltMSLEarth: 1068.832
stateEarth: -2.6200937301E8
stateEarth: -1.68689898995E8
stateEarth: -7.4501264743E7
stateEarth: 17.776
stateEarth: -40.452
stateEarth: -18.386
owltEarthMSL: 1068.737
positionEarthWRTCuriosity: -2.6200937301E8
positionEarthWRTCuriosity: -1.68689898995E8
positionEarthWRTCuriosity: -7.4501264743E7
owltEarthMSL2: 1068.737
angSepHGAEarth: 160.946
utcTime: "2017-03-17~11:53:00"
sol: 1639
sclkValue: " 1/01639:20:06:08:58376"

2018-02-18 22:32:24,951 [                    radio] INFO  space.exploration.mars.rover.communication.Radio - One Way Light Time computed by SPICE :: 1068.832
2018-02-18 22:32:24,969 [                    radio] INFO  space.exploration.mars.rover.kernel.SleepingState - Awaking from sleeping state
2018-02-18 22:32:24,970 [                    radio] INFO  space.exploration.mars.rover.animation.SleepingAnimationEngine - Waking up rover
2018-02-18 22:32:24,970 [            sleepBreather] INFO  space.exploration.mars.rover.animation.SleepBreather - Sleep animation interrupted.
2018-02-18 22:32:27,987 [                    radio] INFO  space.exploration.mars.rover.kernel.ListeningState - timeStamp: 1519014744783
targets {
  roverModule: 10
  estimatedPowerUsage: 70
  action: "GetWeather"
}

2018-02-18 22:32:34,050 [                    radio] INFO  space.exploration.mars.rover.kernel.ListeningState - 1519014754050,10,GetWeather Current instructionQueue length = 0
2018-02-18 22:32:34,050 [                    radio] INFO  space.exploration.mars.rover.kernel.ListeningState - Rover will try to get weather measurements - actual Curiosity Data
2018-02-18 22:32:34,050 [                    radio] INFO  space.exploration.mars.rover.kernel.WeatherSensingState - Will get mars weather measurements
2018-02-18 22:32:43,252 [                    radio] INFO  space.exploration.mars.rover.kernel.PositionSensor - Houston - this is curiosityActual.ephemerisTime: 5.43024729185584E8
stateCuriosity: 2.6201359915E8
stateCuriosity: 1.68748682521E8
stateCuriosity: 7.4527797469E7
stateCuriosity: -17.794
stateCuriosity: 40.458
stateCuriosity: 18.397
owltMSLEarth: 1068.872
stateEarth: -2.61990161837E8
stateEarth: -1.68733586222E8
stateEarth: -7.4521125469E7
stateEarth: 17.801
stateEarth: -40.45
stateEarth: -18.393
owltEarthMSL: 1068.776
positionEarthWRTCuriosity: -2.61990161837E8
positionEarthWRTCuriosity: -1.68733586222E8
positionEarthWRTCuriosity: -7.4521125469E7
owltEarthMSL2: 1068.776
angSepHGAEarth: 162.298
utcTime: "2017-03-17~12:11:00"
sol: 1639
sclkValue: " 1/01639:20:23:39:68760"

2018-02-18 22:32:43,294 [                    radio] INFO  space.exploration.mars.rover.kernel.PositionSensor - ephemerisTime: 5.43024729185584E8
stateCuriosity: 2.6201359915E8
stateCuriosity: 1.68748682521E8
stateCuriosity: 7.4527797469E7
stateCuriosity: -17.794
stateCuriosity: 40.458
stateCuriosity: 18.397
owltMSLEarth: 1068.872
stateEarth: -2.61990161837E8
stateEarth: -1.68733586222E8
stateEarth: -7.4521125469E7
stateEarth: 17.801
stateEarth: -40.45
stateEarth: -18.393
owltEarthMSL: 1068.776
positionEarthWRTCuriosity: -2.61990161837E8
positionEarthWRTCuriosity: -1.68733586222E8
positionEarthWRTCuriosity: -7.4521125469E7
owltEarthMSL2: 1068.776
angSepHGAEarth: 162.298
utcTime: "2017-03-17~12:11:00"
sol: 1639
sclkValue: " 1/01639:20:23:39:68760"

2018-02-18 22:32:43,294 [                    radio] INFO  space.exploration.mars.rover.communication.Radio - One Way Light Time computed by SPICE :: 1068.872
2018-02-18 22:32:43,312 [                    radio] INFO  space.exploration.mars.rover.communication.Transmitter - Sending information packet to curiosity_to_earth_5
2018-02-18 22:32:46,313 [           batteryMonitor] INFO  space.exploration.mars.rover.power.BatteryMonitor - BatteryMonitor performing due diligence. SCET = 1519014749546 Rover state = Listening State
2018-02-18 22:32:46,313 [           batteryMonitor] INFO  space.exploration.mars.rover.power.BatteryMonitor -  Battery primaryUnits = 1130 auxiliaryPowerUnits = 100
2018-02-18 22:32:49,949 [                pacemaker] INFO  space.exploration.mars.rover.kernel.PositionSensor - Houston - this is curiosityActual.ephemerisTime: 5.43025149185584E8
stateCuriosity: 2.62006123696E8
stateCuriosity: 1.68765674647E8
stateCuriosity: 7.4535524897E7
stateCuriosity: -17.803
stateCuriosity: 40.457
stateCuriosity: 18.4
owltMSLEarth: 1068.887
stateEarth: -2.61982683596E8
stateEarth: -1.68750574845E8
stateEarth: -7.4528851332E7
stateEarth: 17.81
stateEarth: -40.448
stateEarth: -18.396
owltEarthMSL: 1068.792
positionEarthWRTCuriosity: -2.61982683596E8
positionEarthWRTCuriosity: -1.68750574845E8
positionEarthWRTCuriosity: -7.4528851332E7
owltEarthMSL2: 1068.792
angSepHGAEarth: 162.566
utcTime: "2017-03-17~12:18:00"
sol: 1639
sclkValue: " 1/01639:20:30:28:45020"

2018-02-18 22:32:49,989 [                pacemaker] INFO  space.exploration.mars.rover.kernel.PositionSensor - ephemerisTime: 5.43025149185584E8
stateCuriosity: 2.62006123696E8
stateCuriosity: 1.68765674647E8
stateCuriosity: 7.4535524897E7
stateCuriosity: -17.803
stateCuriosity: 40.457
stateCuriosity: 18.4
owltMSLEarth: 1068.887
stateEarth: -2.61982683596E8
stateEarth: -1.68750574845E8
stateEarth: -7.4528851332E7
stateEarth: 17.81
stateEarth: -40.448
stateEarth: -18.396
owltEarthMSL: 1068.792
positionEarthWRTCuriosity: -2.61982683596E8
positionEarthWRTCuriosity: -1.68750574845E8
positionEarthWRTCuriosity: -7.4528851332E7
owltEarthMSL2: 1068.792
angSepHGAEarth: 162.566
utcTime: "2017-03-17~12:18:00"
sol: 1639
sclkValue: " 1/01639:20:30:28:45020"

2018-02-18 22:32:49,993 [                pacemaker] INFO  space.exploration.mars.rover.kernel.SpacecraftClock - Internal time::2017-03-17T12:19:00.000-05:00 sclk of::1/01639:20:31:26:84486
2018-02-18 22:32:56,096 [                pacemaker] INFO  space.exploration.mars.rover.kernel.PositionSensor - Houston - this is curiosityActual.ephemerisTime: 5.43025509185584E8
stateCuriosity: 2.61999713028E8
stateCuriosity: 1.68780238914E8
stateCuriosity: 7.4542149393E7
stateCuriosity: -17.811
stateCuriosity: 40.456
stateCuriosity: 18.403
owltMSLEarth: 1068.901
stateEarth: -2.61976270441E8
stateEarth: -1.68765136048E8
stateEarth: -7.4535474463E7
stateEarth: 17.818
stateEarth: -40.447
stateEarth: -18.399
owltEarthMSL: 1068.805
positionEarthWRTCuriosity: -2.61976270441E8
positionEarthWRTCuriosity: -1.68765136048E8
positionEarthWRTCuriosity: -7.4535474463E7
owltEarthMSL2: 1068.805
angSepHGAEarth: 162.672
utcTime: "2017-03-17~12:24:00"
sol: 1639
sclkValue: " 1/01639:20:36:18:81815"

2018-02-18 22:32:56,137 [                pacemaker] INFO  space.exploration.mars.rover.kernel.PositionSensor - ephemerisTime: 5.43025509185584E8
stateCuriosity: 2.61999713028E8
stateCuriosity: 1.68780238914E8
stateCuriosity: 7.4542149393E7
stateCuriosity: -17.811
stateCuriosity: 40.456
stateCuriosity: 18.403
owltMSLEarth: 1068.901
stateEarth: -2.61976270441E8
stateEarth: -1.68765136048E8
stateEarth: -7.4535474463E7
stateEarth: 17.818
stateEarth: -40.447
stateEarth: -18.399
owltEarthMSL: 1068.805
positionEarthWRTCuriosity: -2.61976270441E8
positionEarthWRTCuriosity: -1.68765136048E8
positionEarthWRTCuriosity: -7.4535474463E7
owltEarthMSL2: 1068.805
angSepHGAEarth: 162.672
utcTime: "2017-03-17~12:24:00"
sol: 1639
sclkValue: " 1/01639:20:36:18:81815"

2018-02-18 22:32:56,137 [                pacemaker] INFO  space.exploration.mars.rover.communication.Radio - One Way Light Time computed by SPICE :: 1068.901
2018-02-18 22:32:56,154 [                pacemaker] INFO  space.exploration.mars.rover.communication.Transmitter - Sending information packet to curiosity_to_earth_5
2018-02-18 22:32:59,545 [           batteryMonitor] INFO  space.exploration.mars.rover.power.BatteryMonitor - BatteryMonitor performing due diligence. SCET = 1519014779545 Rover state = Listening State
2018-02-18 22:32:59,546 [           batteryMonitor] INFO  space.exploration.mars.rover.power.BatteryMonitor -  Battery primaryUnits = 1129 auxiliaryPowerUnits = 100
2018-02-18 22:33:29,545 [           batteryMonitor] INFO  space.exploration.mars.rover.power.BatteryMonitor - BatteryMonitor performing due diligence. SCET = 1519014809545 Rover state = Listening State
2018-02-18 22:33:29,545 [           batteryMonitor] INFO  space.exploration.mars.rover.power.BatteryMonitor -  Battery primaryUnits = 1129 auxiliaryPowerUnits = 100
2018-02-18 22:33:49,958 [                pacemaker] INFO  space.exploration.mars.rover.kernel.PositionSensor - Houston - this is curiosityActual.ephemerisTime: 5.43028749185585E8
stateCuriosity: 2.61941886031E8
stateCuriosity: 1.68911291645E8
stateCuriosity: 7.4601806889E7
stateCuriosity: -17.884
stateCuriosity: 40.439
stateCuriosity: 18.422
owltMSLEarth: 1069.02
stateEarth: -2.6191841742E8
stateEarth: -1.68896158946E8
stateEarth: -7.4595118806E7
stateEarth: 17.893
stateEarth: -40.429
stateEarth: -18.418
owltEarthMSL: 1068.924
positionEarthWRTCuriosity: -2.6191841742E8
positionEarthWRTCuriosity: -1.68896158946E8
positionEarthWRTCuriosity: -7.4595118806E7
owltEarthMSL2: 1068.924
angSepHGAEarth: 158.782
utcTime: "2017-03-17~13:18:00"
sol: 1639
sclkValue: " 1/01639:21:28:52:12967"

2018-02-18 22:33:49,997 [                pacemaker] INFO  space.exploration.mars.rover.kernel.PositionSensor - ephemerisTime: 5.43028749185585E8
stateCuriosity: 2.61941886031E8
stateCuriosity: 1.68911291645E8
stateCuriosity: 7.4601806889E7
stateCuriosity: -17.884
stateCuriosity: 40.439
stateCuriosity: 18.422
owltMSLEarth: 1069.02
stateEarth: -2.6191841742E8
stateEarth: -1.68896158946E8
stateEarth: -7.4595118806E7
stateEarth: 17.893
stateEarth: -40.429
stateEarth: -18.418
owltEarthMSL: 1068.924
positionEarthWRTCuriosity: -2.6191841742E8
positionEarthWRTCuriosity: -1.68896158946E8
positionEarthWRTCuriosity: -7.4595118806E7
owltEarthMSL2: 1068.924
angSepHGAEarth: 158.782
utcTime: "2017-03-17~13:18:00"
sol: 1639
sclkValue: " 1/01639:21:28:52:12967"

2018-02-18 22:33:49,997 [                pacemaker] INFO  space.exploration.mars.rover.kernel.SpacecraftClock - Internal time::2017-03-17T13:19:00.000-05:00 sclk of::1/01639:21:29:50:52433
2018-02-18 22:33:56,086 [                pacemaker] INFO  space.exploration.mars.rover.kernel.PositionSensor - Houston - this is curiosityActual.ephemerisTime: 5.43029109185585E8
stateCuriosity: 2.6193544625E8
stateCuriosity: 1.6892584929E8
stateCuriosity: 7.4608439149E7
stateCuriosity: -17.892
stateCuriosity: 40.437
stateCuriosity: 18.424
owltMSLEarth: 1069.033
stateEarth: -2.61911974393E8
stateEarth: -1.68910713053E8
stateEarth: -7.4601749522E7
stateEarth: 17.901
stateEarth: -40.427
stateEarth: -18.42
owltEarthMSL: 1068.937
positionEarthWRTCuriosity: -2.61911974393E8
positionEarthWRTCuriosity: -1.68910713053E8
positionEarthWRTCuriosity: -7.4601749522E7
owltEarthMSL2: 1068.937
angSepHGAEarth: 157.928
utcTime: "2017-03-17~13:24:00"
sol: 1639
sclkValue: " 1/01639:21:34:42:49762"

2018-02-18 22:33:56,125 [                pacemaker] INFO  space.exploration.mars.rover.kernel.PositionSensor - ephemerisTime: 5.43029109185585E8
stateCuriosity: 2.6193544625E8
stateCuriosity: 1.6892584929E8
stateCuriosity: 7.4608439149E7
stateCuriosity: -17.892
stateCuriosity: 40.437
stateCuriosity: 18.424
owltMSLEarth: 1069.033
stateEarth: -2.61911974393E8
stateEarth: -1.68910713053E8
stateEarth: -7.4601749522E7
stateEarth: 17.901
stateEarth: -40.427
stateEarth: -18.42
owltEarthMSL: 1068.937
positionEarthWRTCuriosity: -2.61911974393E8
positionEarthWRTCuriosity: -1.68910713053E8
positionEarthWRTCuriosity: -7.4601749522E7
owltEarthMSL2: 1068.937
angSepHGAEarth: 157.928
utcTime: "2017-03-17~13:24:00"
sol: 1639
sclkValue: " 1/01639:21:34:42:49762"

2018-02-18 22:33:56,126 [                pacemaker] INFO  space.exploration.mars.rover.communication.Radio - One Way Light Time computed by SPICE :: 1069.033
2018-02-18 22:33:56,143 [                pacemaker] INFO  space.exploration.mars.rover.communication.Transmitter - Sending information packet to curiosity_to_earth_5
2018-02-18 22:33:59,545 [           batteryMonitor] INFO  space.exploration.mars.rover.power.BatteryMonitor - BatteryMonitor performing due diligence. SCET = 1519014839545 Rover state = Listening State
2018-02-18 22:33:59,546 [           batteryMonitor] INFO  space.exploration.mars.rover.power.BatteryMonitor -  Battery primaryUnits = 1128 auxiliaryPowerUnits = 100
2018-02-18 22:34:29,545 [           batteryMonitor] INFO  space.exploration.mars.rover.power.BatteryMonitor - BatteryMonitor performing due diligence. SCET = 1519014869545 Rover state = Listening State
2018-02-18 22:34:29,545 [           batteryMonitor] INFO  space.exploration.mars.rover.power.BatteryMonitor -  Battery primaryUnits = 1128 auxiliaryPowerUnits = 100
2018-02-18 22:34:49,946 [                pacemaker] INFO  space.exploration.mars.rover.kernel.PositionSensor - Houston - this is curiosityActual.ephemerisTime: 5.43032349185585E8
stateCuriosity: 2.61877358921E8
stateCuriosity: 1.69056820425E8
stateCuriosity: 7.4668154373E7
stateCuriosity: -17.964
stateCuriosity: 40.408
stateCuriosity: 18.436
owltMSLEarth: 1069.151
stateEarth: -2.61853855496E8
stateEarth: -1.69041650848E8
stateEarth: -7.4661450301E7
stateEarth: 17.974
stateEarth: -40.397
stateEarth: -18.432
owltEarthMSL: 1069.055
positionEarthWRTCuriosity: -2.61853855496E8
positionEarthWRTCuriosity: -1.69041650848E8
positionEarthWRTCuriosity: -7.4661450301E7
owltEarthMSL2: 1069.055
angSepHGAEarth: 148.332
utcTime: "2017-03-17~14:18:00"
sol: 1639
sclkValue: " 1/01639:22:27:15:80915"

2018-02-18 22:34:49,985 [                pacemaker] INFO  space.exploration.mars.rover.kernel.PositionSensor - ephemerisTime: 5.43032349185585E8
stateCuriosity: 2.61877358921E8
stateCuriosity: 1.69056820425E8
stateCuriosity: 7.4668154373E7
stateCuriosity: -17.964
stateCuriosity: 40.408
stateCuriosity: 18.436
owltMSLEarth: 1069.151
stateEarth: -2.61853855496E8
stateEarth: -1.69041650848E8
stateEarth: -7.4661450301E7
stateEarth: 17.974
stateEarth: -40.397
stateEarth: -18.432
owltEarthMSL: 1069.055
positionEarthWRTCuriosity: -2.61853855496E8
positionEarthWRTCuriosity: -1.69041650848E8
positionEarthWRTCuriosity: -7.4661450301E7
owltEarthMSL2: 1069.055
angSepHGAEarth: 148.332
utcTime: "2017-03-17~14:18:00"
sol: 1639
sclkValue: " 1/01639:22:27:15:80915"

2018-02-18 22:34:49,985 [                pacemaker] INFO  space.exploration.mars.rover.kernel.SpacecraftClock - Internal time::2017-03-17T14:19:00.000-05:00 sclk of::1/01639:22:28:14:20380
2018-02-18 22:34:56,081 [                pacemaker] INFO  space.exploration.mars.rover.kernel.PositionSensor - Houston - this is curiosityActual.ephemerisTime: 5.43032709185585E8
stateCuriosity: 2.61870890633E8
stateCuriosity: 1.6907136664E8
stateCuriosity: 7.4674791609E7
stateCuriosity: -17.971
stateCuriosity: 40.404
stateCuriosity: 18.437
owltMSLEarth: 1069.164
stateEarth: -2.61847383496E8
stateEarth: -1.69056193225E8
stateEarth: -7.4668085886E7
stateEarth: 17.982
stateEarth: -40.394
stateEarth: -18.433
owltEarthMSL: 1069.068
positionEarthWRTCuriosity: -2.61847383496E8
positionEarthWRTCuriosity: -1.69056193225E8
positionEarthWRTCuriosity: -7.4668085886E7
owltEarthMSL2: 1069.068
angSepHGAEarth: 147.13
utcTime: "2017-03-17~14:24:00"
sol: 1639
sclkValue: " 1/01639:22:33:06:17709"

2018-02-18 22:34:56,142 [                pacemaker] INFO  space.exploration.mars.rover.kernel.PositionSensor - ephemerisTime: 5.43032709185585E8
stateCuriosity: 2.61870890633E8
stateCuriosity: 1.6907136664E8
stateCuriosity: 7.4674791609E7
stateCuriosity: -17.971
stateCuriosity: 40.404
stateCuriosity: 18.437
owltMSLEarth: 1069.164
stateEarth: -2.61847383496E8
stateEarth: -1.69056193225E8
stateEarth: -7.4668085886E7
stateEarth: 17.982
stateEarth: -40.394
stateEarth: -18.433
owltEarthMSL: 1069.068
positionEarthWRTCuriosity: -2.61847383496E8
positionEarthWRTCuriosity: -1.69056193225E8
positionEarthWRTCuriosity: -7.4668085886E7
owltEarthMSL2: 1069.068
angSepHGAEarth: 147.13
utcTime: "2017-03-17~14:24:00"
sol: 1639
sclkValue: " 1/01639:22:33:06:17709"

2018-02-18 22:34:56,142 [                pacemaker] INFO  space.exploration.mars.rover.communication.Radio - One Way Light Time computed by SPICE :: 1069.164
2018-02-18 22:34:56,159 [                pacemaker] INFO  space.exploration.mars.rover.communication.Transmitter - Sending information packet to curiosity_to_earth_5
2018-02-18 22:34:59,160 [             sleepMonitor] INFO  space.exploration.mars.rover.animation.SleepingAnimationEngine - Rover is sleeping now
2018-02-18 22:34:59,545 [           batteryMonitor] INFO  space.exploration.mars.rover.power.BatteryMonitor - BatteryMonitor performing due diligence. SCET = 1519014899545 Rover state = Sleeping State
2018-02-18 22:34:59,545 [           batteryMonitor] INFO  space.exploration.mars.rover.power.BatteryMonitor -  Battery primaryUnits = 1127 auxiliaryPowerUnits = 100
2018-02-18 22:35:29,545 [           batteryMonitor] INFO  space.exploration.mars.rover.power.BatteryMonitor - BatteryMonitor performing due diligence. SCET = 1519014929545 Rover state = Sleeping State
2018-02-18 22:35:29,545 [           batteryMonitor] INFO  space.exploration.mars.rover.power.BatteryMonitor -  Battery primaryUnits = 1127 auxiliaryPowerUnits = 100
2018-02-18 22:35:49,906 [                pacemaker] INFO  space.exploration.mars.rover.diagnostics.Pacemaker - Diagnostics inhibited because rover is sleeping to conserve battery Current instructionQueue length = 0
2018-02-18 22:35:59,545 [           batteryMonitor] INFO  space.exploration.mars.rover.power.BatteryMonitor - BatteryMonitor performing due diligence. SCET = 1519014959545 Rover state = Sleeping State
2018-02-18 22:35:59,545 [           batteryMonitor] INFO  space.exploration.mars.rover.power.BatteryMonitor -  Battery primaryUnits = 1127 auxiliaryPowerUnits = 100
2018-02-18 22:36:24,706 [          spacecraftClock] INFO  space.exploration.mars.rover.sensor.DANSpectrometer - Commencing calibration for DAN Spectrometer for sol = 1640
2018-02-18 22:36:25,156 [          spacecraftClock] INFO  space.exploration.mars.rover.service.ApxsDataService - ApxsSpectrometer configured successfully for sol = 1640
2018-02-18 22:36:29,545 [           batteryMonitor] INFO  space.exploration.mars.rover.power.BatteryMonitor - BatteryMonitor performing due diligence. SCET = 1519014989545 Rover state = Sleeping State
2018-02-18 22:36:29,545 [           batteryMonitor] INFO  space.exploration.mars.rover.power.BatteryMonitor -  Battery primaryUnits = 1127 auxiliaryPowerUnits = 100
2018-02-18 22:36:49,906 [                pacemaker] INFO  space.exploration.mars.rover.diagnostics.Pacemaker - Diagnostics inhibited because rover is sleeping to conserve battery Current instructionQueue length = 0
2018-02-18 22:36:59,545 [           batteryMonitor] INFO  space.exploration.mars.rover.power.BatteryMonitor - BatteryMonitor performing due diligence. SCET = 1519015019545 Rover state = Sleeping State
2018-02-18 22:36:59,545 [           batteryMonitor] INFO  space.exploration.mars.rover.power.BatteryMonitor -  Battery primaryUnits = 1127 auxiliaryPowerUnits = 100
2018-02-18 22:37:29,545 [           batteryMonitor] INFO  space.exploration.mars.rover.power.BatteryMonitor - BatteryMonitor performing due diligence. SCET = 1519015049545 Rover state = Sleeping State
2018-02-18 22:37:29,545 [           batteryMonitor] INFO  space.exploration.mars.rover.power.BatteryMonitor -  Battery primaryUnits = 1127 auxiliaryPowerUnits = 100
