0 [main] INFO space.exploration.mars.rover.kernel.SpacecraftClock  - Curiosity internal spacecraft clock started at :: 2016-01-05T00:00:00.000-06:00
1 [main] INFO space.exploration.mars.rover.kernel.SpacecraftClock  - Mission duration is set to :: 1 year(s).
1 [main] INFO space.exploration.mars.rover.kernel.SpacecraftClock  - Mission duration = 31536000000
12894 [main] INFO org.apache.kafka.clients.producer.ProducerConfig  - ProducerConfig values: 
	metric.reporters = []
	metadata.max.age.ms = 300000
	reconnect.backoff.ms = 50
	sasl.kerberos.ticket.renew.window.factor = 0.8
	bootstrap.servers = [localhost:9092]
	ssl.keystore.type = JKS
	sasl.mechanism = GSSAPI
	max.block.ms = 60000
	interceptor.classes = null
	ssl.truststore.password = null
	client.id = 
	ssl.endpoint.identification.algorithm = null
	request.timeout.ms = 30000
	acks = 1
	receive.buffer.bytes = 32768
	ssl.truststore.type = JKS
	retries = 0
	ssl.truststore.location = null
	ssl.keystore.password = null
	send.buffer.bytes = 131072
	compression.type = none
	metadata.fetch.timeout.ms = 60000
	retry.backoff.ms = 100
	sasl.kerberos.kinit.cmd = /usr/bin/kinit
	buffer.memory = 33554432
	timeout.ms = 30000
	key.serializer = class org.apache.kafka.common.serialization.StringSerializer
	sasl.kerberos.service.name = null
	sasl.kerberos.ticket.renew.jitter = 0.05
	ssl.trustmanager.algorithm = PKIX
	block.on.buffer.full = false
	ssl.key.password = null
	sasl.kerberos.min.time.before.relogin = 60000
	connections.max.idle.ms = 540000
	max.in.flight.requests.per.connection = 5
	metrics.num.samples = 2
	ssl.protocol = TLS
	ssl.provider = null
	ssl.enabled.protocols = [TLSv1.2, TLSv1.1, TLSv1]
	batch.size = 16384
	ssl.keystore.location = null
	ssl.cipher.suites = null
	security.protocol = PLAINTEXT
	max.request.size = 1048576
	value.serializer = class org.apache.kafka.common.serialization.ByteArraySerializer
	ssl.keymanager.algorithm = SunX509
	metrics.sample.window.ms = 30000
	partitioner.class = class org.apache.kafka.clients.producer.internals.DefaultPartitioner
	linger.ms = 0

13022 [main] INFO org.apache.kafka.clients.producer.ProducerConfig  - ProducerConfig values: 
	metric.reporters = []
	metadata.max.age.ms = 300000
	reconnect.backoff.ms = 50
	sasl.kerberos.ticket.renew.window.factor = 0.8
	bootstrap.servers = [localhost:9092]
	ssl.keystore.type = JKS
	sasl.mechanism = GSSAPI
	max.block.ms = 60000
	interceptor.classes = null
	ssl.truststore.password = null
	client.id = producer-1
	ssl.endpoint.identification.algorithm = null
	request.timeout.ms = 30000
	acks = 1
	receive.buffer.bytes = 32768
	ssl.truststore.type = JKS
	retries = 0
	ssl.truststore.location = null
	ssl.keystore.password = null
	send.buffer.bytes = 131072
	compression.type = none
	metadata.fetch.timeout.ms = 60000
	retry.backoff.ms = 100
	sasl.kerberos.kinit.cmd = /usr/bin/kinit
	buffer.memory = 33554432
	timeout.ms = 30000
	key.serializer = class org.apache.kafka.common.serialization.StringSerializer
	sasl.kerberos.service.name = null
	sasl.kerberos.ticket.renew.jitter = 0.05
	ssl.trustmanager.algorithm = PKIX
	block.on.buffer.full = false
	ssl.key.password = null
	sasl.kerberos.min.time.before.relogin = 60000
	connections.max.idle.ms = 540000
	max.in.flight.requests.per.connection = 5
	metrics.num.samples = 2
	ssl.protocol = TLS
	ssl.provider = null
	ssl.enabled.protocols = [TLSv1.2, TLSv1.1, TLSv1]
	batch.size = 16384
	ssl.keystore.location = null
	ssl.cipher.suites = null
	security.protocol = PLAINTEXT
	max.request.size = 1048576
	value.serializer = class org.apache.kafka.common.serialization.ByteArraySerializer
	ssl.keymanager.algorithm = SunX509
	metrics.sample.window.ms = 30000
	partitioner.class = class org.apache.kafka.clients.producer.internals.DefaultPartitioner
	linger.ms = 0

13022 [main] WARN org.apache.kafka.clients.producer.ProducerConfig  - The configuration zookeeper.connect = localhost:2181 was supplied but isn't a known config.
13022 [main] WARN org.apache.kafka.clients.producer.ProducerConfig  - The configuration group.id = space.exploration.mars.zionMainframe was supplied but isn't a known config.
13022 [main] WARN org.apache.kafka.clients.producer.ProducerConfig  - The configuration source.topic = earth_to_curiosity_5 was supplied but isn't a known config.
13022 [main] WARN org.apache.kafka.clients.producer.ProducerConfig  - The configuration auto.offset.reset = largest was supplied but isn't a known config.
13022 [main] WARN org.apache.kafka.clients.producer.ProducerConfig  - The configuration metadata.broker.list = localhost:9092 was supplied but isn't a known config.
13022 [main] WARN org.apache.kafka.clients.producer.ProducerConfig  - The configuration destination.topic = curiosity_to_earth_5 was supplied but isn't a known config.
13024 [main] INFO org.apache.kafka.common.utils.AppInfoParser  - Kafka version : 0.10.0.1
13024 [main] INFO org.apache.kafka.common.utils.AppInfoParser  - Kafka commitId : a7a17cdec9eaa6c5
13197 [main] INFO kafka.utils.VerifiableProperties  - Verifying properties
13230 [main] INFO kafka.utils.VerifiableProperties  - Property auto.offset.reset is overridden to largest
13230 [main] WARN kafka.utils.VerifiableProperties  - Property bootstrap.servers is not valid
13230 [main] WARN kafka.utils.VerifiableProperties  - Property destination.topic is not valid
13231 [main] INFO kafka.utils.VerifiableProperties  - Property group.id is overridden to space.exploration.mars.zionMainframe
13231 [main] WARN kafka.utils.VerifiableProperties  - Property key.serializer is not valid
13231 [main] WARN kafka.utils.VerifiableProperties  - Property metadata.broker.list is not valid
13231 [main] WARN kafka.utils.VerifiableProperties  - Property source.topic is not valid
13231 [main] WARN kafka.utils.VerifiableProperties  - Property value.serializer is not valid
13231 [main] INFO kafka.utils.VerifiableProperties  - Property zookeeper.connect is overridden to localhost:2181
13287 [main] INFO kafka.consumer.ZookeeperConsumerConnector  - [space.exploration.mars.zionMainframe_zion-mainframe-1512332612043-33e6b5e2], Connecting to zookeeper instance at localhost:2181
13300 [ZkClient-EventThread-29-localhost:2181] INFO org.I0Itec.zkclient.ZkEventThread  - Starting ZkClient event thread.
13302 [main] INFO org.apache.zookeeper.ZooKeeper  - Client environment:zookeeper.version=3.4.6-1569965, built on 02/20/2014 09:09 GMT
13310 [main] INFO org.apache.zookeeper.ZooKeeper  - Client environment:host.name=zion-mainframe
13310 [main] INFO org.apache.zookeeper.ZooKeeper  - Client environment:java.version=1.8.0_151
13310 [main] INFO org.apache.zookeeper.ZooKeeper  - Client environment:java.vendor=Oracle Corporation
13310 [main] INFO org.apache.zookeeper.ZooKeeper  - Client environment:java.home=/usr/lib/jvm/java-8-openjdk-amd64/jre
13310 [main] INFO org.apache.zookeeper.ZooKeeper  - Client environment:java.class.path=/home/sanket/Documents/Tools/idea/idea-IU-173.3727.127/lib/idea_rt.jar:/home/sanket/Documents/Tools/idea/idea-IU-173.3727.127/plugins/junit/lib/junit-rt.jar:/home/sanket/Documents/Tools/idea/idea-IU-173.3727.127/plugins/junit/lib/junit5-rt.jar:/usr/lib/jvm/java-1.8.0-openjdk-amd64/jre/lib/charsets.jar:/usr/lib/jvm/java-1.8.0-openjdk-amd64/jre/lib/ext/cldrdata.jar:/usr/lib/jvm/java-1.8.0-openjdk-amd64/jre/lib/ext/dnsns.jar:/usr/lib/jvm/java-1.8.0-openjdk-amd64/jre/lib/ext/icedtea-sound.jar:/usr/lib/jvm/java-1.8.0-openjdk-amd64/jre/lib/ext/jaccess.jar:/usr/lib/jvm/java-1.8.0-openjdk-amd64/jre/lib/ext/localedata.jar:/usr/lib/jvm/java-1.8.0-openjdk-amd64/jre/lib/ext/nashorn.jar:/usr/lib/jvm/java-1.8.0-openjdk-amd64/jre/lib/ext/sunec.jar:/usr/lib/jvm/java-1.8.0-openjdk-amd64/jre/lib/ext/sunjce_provider.jar:/usr/lib/jvm/java-1.8.0-openjdk-amd64/jre/lib/ext/sunpkcs11.jar:/usr/lib/jvm/java-1.8.0-openjdk-amd64/jre/lib/ext/zipfs.jar:/usr/lib/jvm/java-1.8.0-openjdk-amd64/jre/lib/jce.jar:/usr/lib/jvm/java-1.8.0-openjdk-amd64/jre/lib/jsse.jar:/usr/lib/jvm/java-1.8.0-openjdk-amd64/jre/lib/management-agent.jar:/usr/lib/jvm/java-1.8.0-openjdk-amd64/jre/lib/resources.jar:/usr/lib/jvm/java-1.8.0-openjdk-amd64/jre/lib/rt.jar:/home/sanket/Documents/workspace/MarsRover/mars.rover/target/test-classes:/home/sanket/Documents/workspace/MarsRover/mars.rover/target/classes:/home/sanket/.m2/repository/junit/junit/4.12/junit-4.12.jar:/home/sanket/.m2/repository/org/hamcrest/hamcrest-core/1.3/hamcrest-core-1.3.jar:/home/sanket/.m2/repository/org/apache/kafka/kafka_2.10/0.10.0.1/kafka_2.10-0.10.0.1.jar:/home/sanket/.m2/repository/com/101tec/zkclient/0.8/zkclient-0.8.jar:/home/sanket/.m2/repository/org/slf4j/slf4j-api/1.6.1/slf4j-api-1.6.1.jar:/home/sanket/.m2/repository/log4j/log4j/1.2.15/log4j-1.2.15.jar:/home/sanket/.m2/repository/javax/mail/mail/1.4/mail-1.4.jar:/home/sanket/.m2/repository/javax/activation/activation/1.1/activation-1.1.jar:/home/sanket/.m2/repository/org/scala-lang/scala-library/2.10.6/scala-library-2.10.6.jar:/home/sanket/.m2/repository/org/slf4j/slf4j-log4j12/1.7.21/slf4j-log4j12-1.7.21.jar:/home/sanket/.m2/repository/com/yammer/metrics/metrics-core/2.2.0/metrics-core-2.2.0.jar:/home/sanket/.m2/repository/org/apache/kafka/kafka-clients/0.10.0.1/kafka-clients-0.10.0.1.jar:/home/sanket/.m2/repository/net/jpountz/lz4/lz4/1.3.0/lz4-1.3.0.jar:/home/sanket/.m2/repository/org/xerial/snappy/snappy-java/1.1.2.6/snappy-java-1.1.2.6.jar:/home/sanket/.m2/repository/net/sf/jopt-simple/jopt-simple/4.9/jopt-simple-4.9.jar:/home/sanket/.m2/repository/org/apache/zookeeper/zookeeper/3.4.6/zookeeper-3.4.6.jar:/home/sanket/.m2/repository/jline/jline/0.9.94/jline-0.9.94.jar:/home/sanket/.m2/repository/io/netty/netty/3.7.0.Final/netty-3.7.0.Final.jar:/home/sanket/.m2/repository/org/tensorflow/tensorflow/1.1.0/tensorflow-1.1.0.jar:/home/sanket/.m2/repository/org/tensorflow/libtensorflow/1.1.0/libtensorflow-1.1.0.jar:/home/sanket/.m2/repository/org/tensorflow/libtensorflow_jni/1.1.0/libtensorflow_jni-1.1.0.jar:/home/sanket/.m2/repository/mysql/mysql-connector-java/5.1.6/mysql-connector-java-5.1.6.jar:/home/sanket/.m2/repository/com/google/code/gson/gson/2.8.2/gson-2.8.2.jar:/home/sanket/.m2/repository/joda-time/joda-time/2.8.1/joda-time-2.8.1.jar:/home/sanket/.m2/repository/org/jsoup/jsoup/1.8.3/jsoup-1.8.3.jar:/home/sanket/.m2/repository/space/exploration/communications.protocol/1.1.2/communications.protocol-1.1.2.jar:/home/sanket/.m2/repository/com/google/protobuf/protobuf-java/3.4.0/protobuf-java-3.4.0.jar:/home/sanket/.m2/repository/space/exploration/spice.utilities/1.2/spice.utilities-1.2.jar:/home/sanket/.m2/repository/commons-io/commons-io/1.3.2/commons-io-1.3.2.jar:/home/sanket/Documents/Tools/idea/idea-IU-173.3727.127/lib/idea_rt.jar
13310 [main] INFO org.apache.zookeeper.ZooKeeper  - Client environment:java.library.path=$LD_LIBRARY_PATH:"/home/sanket/Documents/workspace/SpiceUtilities/src/main/resources/JNISpice/lib/libJNISpice.so":/usr/java/packages/lib/amd64:/usr/lib/x86_64-linux-gnu/jni:/lib/x86_64-linux-gnu:/usr/lib/x86_64-linux-gnu:/usr/lib/jni:/lib:/usr/lib
13310 [main] INFO org.apache.zookeeper.ZooKeeper  - Client environment:java.io.tmpdir=/tmp
13310 [main] INFO org.apache.zookeeper.ZooKeeper  - Client environment:java.compiler=<NA>
13310 [main] INFO org.apache.zookeeper.ZooKeeper  - Client environment:os.name=Linux
13310 [main] INFO org.apache.zookeeper.ZooKeeper  - Client environment:os.arch=amd64
13310 [main] INFO org.apache.zookeeper.ZooKeeper  - Client environment:os.version=4.10.0-40-generic
13310 [main] INFO org.apache.zookeeper.ZooKeeper  - Client environment:user.name=sanket
13310 [main] INFO org.apache.zookeeper.ZooKeeper  - Client environment:user.home=/home/sanket
13310 [main] INFO org.apache.zookeeper.ZooKeeper  - Client environment:user.dir=/home/sanket/Documents/workspace/MarsRover/mars.rover
13311 [main] INFO org.apache.zookeeper.ZooKeeper  - Initiating client connection, connectString=localhost:2181 sessionTimeout=6000 watcher=org.I0Itec.zkclient.ZkClient@55fe41ea
13335 [main] INFO org.I0Itec.zkclient.ZkClient  - Waiting for keeper state SyncConnected
13339 [main-SendThread(localhost:2181)] INFO org.apache.zookeeper.ClientCnxn  - Opening socket connection to server localhost/127.0.0.1:2181. Will not attempt to authenticate using SASL (unknown error)
13348 [main-SendThread(localhost:2181)] INFO org.apache.zookeeper.ClientCnxn  - Socket connection established to localhost/127.0.0.1:2181, initiating session
13355 [main-SendThread(localhost:2181)] INFO org.apache.zookeeper.ClientCnxn  - Session establishment complete on server localhost/127.0.0.1:2181, sessionid = 0x160124b24600023, negotiated timeout = 6000
13357 [main-EventThread] INFO org.I0Itec.zkclient.ZkClient  - zookeeper state changed (SyncConnected)
13368 [main] INFO kafka.consumer.ZookeeperConsumerConnector  - [space.exploration.mars.zionMainframe_zion-mainframe-1512332612043-33e6b5e2], starting auto committer every 60000 ms
13407 [Thread-1] INFO kafka.consumer.ZookeeperConsumerConnector  - [space.exploration.mars.zionMainframe_zion-mainframe-1512332612043-33e6b5e2], begin registering consumer space.exploration.mars.zionMainframe_zion-mainframe-1512332612043-33e6b5e2 in ZK
13448 [Thread-1] INFO kafka.utils.ZKCheckedEphemeral  - Creating /consumers/space.exploration.mars.zionMainframe/ids/space.exploration.mars.zionMainframe_zion-mainframe-1512332612043-33e6b5e2 (is it secure? false)
13463 [Thread-1] INFO kafka.utils.ZKCheckedEphemeral  - Result of znode creation is: OK
13463 [Thread-1] INFO kafka.consumer.ZookeeperConsumerConnector  - [space.exploration.mars.zionMainframe_zion-mainframe-1512332612043-33e6b5e2], end registering consumer space.exploration.mars.zionMainframe_zion-mainframe-1512332612043-33e6b5e2 in ZK
13520 [space.exploration.mars.zionMainframe_zion-mainframe-1512332612043-33e6b5e2_watcher_executor] INFO kafka.consumer.ZookeeperConsumerConnector  - [space.exploration.mars.zionMainframe_zion-mainframe-1512332612043-33e6b5e2], starting watcher executor thread for consumer space.exploration.mars.zionMainframe_zion-mainframe-1512332612043-33e6b5e2
13540 [Thread-1] INFO kafka.consumer.ZookeeperConsumerConnector  - [space.exploration.mars.zionMainframe_zion-mainframe-1512332612043-33e6b5e2], begin rebalancing consumer space.exploration.mars.zionMainframe_zion-mainframe-1512332612043-33e6b5e2 try #0
13708 [Thread-1] INFO kafka.consumer.ConsumerFetcherManager  - [ConsumerFetcherManager-1512332612122] Stopping leader finder thread
13708 [Thread-1] INFO kafka.consumer.ConsumerFetcherManager  - [ConsumerFetcherManager-1512332612122] Stopping all fetchers
13709 [Thread-1] INFO kafka.consumer.ConsumerFetcherManager  - [ConsumerFetcherManager-1512332612122] All connections stopped
13709 [Thread-1] INFO kafka.consumer.ZookeeperConsumerConnector  - [space.exploration.mars.zionMainframe_zion-mainframe-1512332612043-33e6b5e2], Cleared all relevant queues for this fetcher
13710 [Thread-1] INFO kafka.consumer.ZookeeperConsumerConnector  - [space.exploration.mars.zionMainframe_zion-mainframe-1512332612043-33e6b5e2], Cleared the data chunks in all the consumer message iterators
13711 [Thread-1] INFO kafka.consumer.ZookeeperConsumerConnector  - [space.exploration.mars.zionMainframe_zion-mainframe-1512332612043-33e6b5e2], Committing all offsets after clearing the fetcher queues
13712 [Thread-1] INFO kafka.consumer.ZookeeperConsumerConnector  - [space.exploration.mars.zionMainframe_zion-mainframe-1512332612043-33e6b5e2], Releasing partition ownership
13745 [Thread-1] INFO kafka.consumer.RangeAssignor  - Consumer space.exploration.mars.zionMainframe_zion-mainframe-1512332612043-33e6b5e2 rebalancing the following partitions: ArrayBuffer(0) for topic earth_to_curiosity_5 with consumers: List(space.exploration.mars.zionMainframe_zion-mainframe-1512332612043-33e6b5e2-0)
13747 [Thread-1] INFO kafka.consumer.RangeAssignor  - space.exploration.mars.zionMainframe_zion-mainframe-1512332612043-33e6b5e2-0 attempting to claim partition 0
13773 [Thread-1] INFO kafka.consumer.ZookeeperConsumerConnector  - [space.exploration.mars.zionMainframe_zion-mainframe-1512332612043-33e6b5e2], space.exploration.mars.zionMainframe_zion-mainframe-1512332612043-33e6b5e2-0 successfully owned partition 0 for topic earth_to_curiosity_5
13790 [Thread-1] INFO kafka.consumer.ZookeeperConsumerConnector  - [space.exploration.mars.zionMainframe_zion-mainframe-1512332612043-33e6b5e2], Consumer space.exploration.mars.zionMainframe_zion-mainframe-1512332612043-33e6b5e2 selected partitions : earth_to_curiosity_5:0: fetched offset = 4969: consumed offset = 4969
13793 [Thread-1] INFO kafka.consumer.ZookeeperConsumerConnector  - [space.exploration.mars.zionMainframe_zion-mainframe-1512332612043-33e6b5e2], end rebalancing consumer space.exploration.mars.zionMainframe_zion-mainframe-1512332612043-33e6b5e2 try #0
13796 [space.exploration.mars.zionMainframe_zion-mainframe-1512332612043-33e6b5e2-leader-finder-thread] INFO kafka.consumer.ConsumerFetcherManager$LeaderFinderThread  - [space.exploration.mars.zionMainframe_zion-mainframe-1512332612043-33e6b5e2-leader-finder-thread], Starting 
13830 [space.exploration.mars.zionMainframe_zion-mainframe-1512332612043-33e6b5e2-leader-finder-thread] INFO kafka.utils.VerifiableProperties  - Verifying properties
13831 [space.exploration.mars.zionMainframe_zion-mainframe-1512332612043-33e6b5e2-leader-finder-thread] INFO kafka.utils.VerifiableProperties  - Property client.id is overridden to space.exploration.mars.zionMainframe
13831 [space.exploration.mars.zionMainframe_zion-mainframe-1512332612043-33e6b5e2-leader-finder-thread] INFO kafka.utils.VerifiableProperties  - Property metadata.broker.list is overridden to zion-mainframe:9092
13831 [space.exploration.mars.zionMainframe_zion-mainframe-1512332612043-33e6b5e2-leader-finder-thread] INFO kafka.utils.VerifiableProperties  - Property request.timeout.ms is overridden to 30000
13859 [space.exploration.mars.zionMainframe_zion-mainframe-1512332612043-33e6b5e2-leader-finder-thread] INFO kafka.client.ClientUtils$  - Fetching metadata from broker BrokerEndPoint(0,zion-mainframe,9092) with correlation id 0 for 1 topic(s) Set(earth_to_curiosity_5)
13864 [space.exploration.mars.zionMainframe_zion-mainframe-1512332612043-33e6b5e2-leader-finder-thread] INFO kafka.producer.SyncProducer  - Connected to zion-mainframe:9092 for producing
13886 [space.exploration.mars.zionMainframe_zion-mainframe-1512332612043-33e6b5e2-leader-finder-thread] INFO kafka.producer.SyncProducer  - Disconnecting from zion-mainframe:9092
13920 [space.exploration.mars.zionMainframe_zion-mainframe-1512332612043-33e6b5e2-leader-finder-thread] INFO kafka.consumer.ConsumerFetcherManager  - [ConsumerFetcherManager-1512332612122] Added fetcher for partitions ArrayBuffer([[earth_to_curiosity_5,0], initOffset 4969 to broker BrokerEndPoint(0,zion-mainframe,9092)] )
13921 [ConsumerFetcherThread-space.exploration.mars.zionMainframe_zion-mainframe-1512332612043-33e6b5e2-0-0] INFO kafka.consumer.ConsumerFetcherThread  - [ConsumerFetcherThread-space.exploration.mars.zionMainframe_zion-mainframe-1512332612043-33e6b5e2-0-0], Starting 
21500 [main] INFO space.exploration.mars.rover.communication.Transmitter  - Sending information packet to curiosity_to_earth_5
24510 [pool-5-thread-1] INFO space.exploration.mars.rover.animation.SleepingAnimationEngine  - Rover is sleeping now
34272 [pool-6-thread-1] INFO space.exploration.mars.rover.diagnostics.RoverGarbageCollector  - RoverGC trimming instructionQueue. Current length = 1
34272 [pool-6-thread-1] INFO space.exploration.mars.rover.animation.SleepingAnimationEngine  - Waking up rover
44274 [pool-6-thread-1] INFO space.exploration.mars.rover.diagnostics.RoverGarbageCollector  - RoverGC trimming instructionQueue. Current length = 1
44417 [pool-6-thread-1] INFO space.exploration.mars.rover.kernel.ListeningState  - timeStamp: 1512332623276
targets {
  roverModule: 1
  estimatedPowerUsage: 40
  action: "Move"
  auxiliaryData: "\n\002\0202"
}

50453 [pool-6-thread-1] INFO space.exploration.mars.rover.kernel.ListeningState  - 1512332649210,1,Move Current instructionQueue length = 0
50455 [pool-6-thread-1] ERROR space.exploration.mars.rover.power.Battery  - Battery insufficient at time = 1512332649212 Power requested = 240 Critical = false
50455 [pool-6-thread-1] ERROR space.exploration.mars.rover.kernel.ListeningState  - Going into hibernation from Listening state.
62270 [pool-4-thread-1] ERROR space.exploration.mars.rover.diagnostics.Pacemaker  - Diagnostics inhibited because rover is in hibernating state. Current instructionQueue length = 1
71877 [pool-7-thread-1] INFO space.exploration.mars.rover.power.BatteryMonitor  - Rover is in hibernating state, timeInRecharge = 21422 required = 60000
101877 [pool-7-thread-1] INFO space.exploration.mars.rover.power.BatteryMonitor  - Rover is in hibernating state, timeInRecharge = 51422 required = 60000
122270 [pool-4-thread-1] ERROR space.exploration.mars.rover.diagnostics.Pacemaker  - Diagnostics inhibited because rover is in hibernating state. Current instructionQueue length = 1
131877 [pool-7-thread-1] INFO space.exploration.mars.rover.power.BatteryMonitor  - Rover is in hibernating state, timeInRecharge = 81422 required = 60000
132877 [pool-7-thread-1] INFO space.exploration.mars.rover.power.BatteryMonitor  - Battery Monitor restoring the rover to normal after recharge
134878 [pool-10-thread-1] INFO space.exploration.mars.rover.power.BatteryMonitor  - Rover is in hibernating state, timeInRecharge = 84423 required = 60000
140945 [pool-7-thread-1] INFO space.exploration.mars.rover.sensor.PositionSensor  - ephemerisTime: 5.05225177184025E8
stateCuriosity: -2.11796910211E8
stateCuriosity: -1.17262467701E8
stateCuriosity: -4.3818949194E7
stateCuriosity: 28.643
stateCuriosity: -13.65
stateCuriosity: -6.451
owltMSLEarth: 820.653
stateEarth: 2.1182586136E8
stateEarth: 1.17278493765E8
stateEarth: 4.382493531E7
stateEarth: -28.657
stateEarth: 13.647
stateEarth: 6.45
owltEarthMSL: 820.765
positionEarthWRTCuriosity: 2.1182586136E8
positionEarthWRTCuriosity: 1.17278493765E8
positionEarthWRTCuriosity: 4.382493531E7
owltEarthMSL2: 820.765
angSepHGAEarth: 151.935
utcTime: "2016-01-05~00:18:29"
sol: 1214

140945 [pool-7-thread-1] INFO space.exploration.mars.rover.communication.Radio  - One Way Light Time computed by SPICE :: 820.653
140966 [pool-7-thread-1] INFO space.exploration.mars.rover.communication.Transmitter  - Sending information packet to curiosity_to_earth_5
144272 [pool-6-thread-1] INFO space.exploration.mars.rover.diagnostics.RoverGarbageCollector  - RoverGC trimming instructionQueue. Current length = 1
144272 [pool-6-thread-1] INFO space.exploration.mars.rover.kernel.ListeningState  - timeStamp: 1512332623276
targets {
  roverModule: 1
  estimatedPowerUsage: 40
  action: "Move"
  auxiliaryData: "\n\002\0202"
}

150283 [pool-6-thread-1] INFO space.exploration.mars.rover.kernel.ListeningState  - 1512332749040,1,Move Current instructionQueue length = 0
150284 [pool-6-thread-1] INFO space.exploration.mars.rover.kernel.ListeningState  - Rover Curiosity is on the move!
150333 [pool-6-thread-1] INFO space.exploration.mars.rover.sensor.TelemetrySensor  - Telemetry relay commenced.
174781 [pool-6-thread-1] INFO space.exploration.mars.rover.sensor.TelemetrySensor  - Telemetry relay stopped, number of telemetryDataPoints = 58
183837 [pool-6-thread-1] INFO space.exploration.mars.rover.sensor.PositionSensor  - ephemerisTime: 5.05225528184025E8
stateCuriosity: -2.11786855685E8
stateCuriosity: -1.172672581E8
stateCuriosity: -4.3821213455E7
stateCuriosity: 28.648
stateCuriosity: -13.646
stateCuriosity: -6.451
owltMSLEarth: 820.633
stateEarth: 2.11815801799E8
stateEarth: 1.17283282924E8
stateEarth: 4.3827199212E7
stateEarth: -28.662
stateEarth: 13.642
stateEarth: 6.45
owltEarthMSL: 820.745
positionEarthWRTCuriosity: 2.11815801799E8
positionEarthWRTCuriosity: 1.17283282924E8
positionEarthWRTCuriosity: 4.3827199212E7
owltEarthMSL2: 820.745
angSepHGAEarth: 151.947
utcTime: "2016-01-05~00:24:20"
sol: 1214

183837 [pool-6-thread-1] INFO space.exploration.mars.rover.communication.Radio  - One Way Light Time computed by SPICE :: 820.633
183850 [pool-6-thread-1] INFO space.exploration.mars.rover.communication.Transmitter  - Sending information packet to curiosity_to_earth_5
186851 [pool-10-thread-1] INFO space.exploration.mars.rover.power.BatteryMonitor  - Battery Monitor restoring the rover to normal after recharge
186893 [pool-4-thread-1] INFO space.exploration.mars.rover.sensor.PositionSensor  - ephemerisTime: 5.05225553184025E8
stateCuriosity: -2.1178613948E8
stateCuriosity: -1.17267599233E8
stateCuriosity: -4.3821374735E7
stateCuriosity: 28.648
stateCuriosity: -13.645
stateCuriosity: -6.451
owltMSLEarth: 820.631
stateEarth: 2.11815085234E8
stateEarth: 1.17283623969E8
stateEarth: 4.3827360466E7
stateEarth: -28.663
stateEarth: 13.642
stateEarth: 6.45
owltEarthMSL: 820.743
positionEarthWRTCuriosity: 2.11815085234E8
positionEarthWRTCuriosity: 1.17283623969E8
positionEarthWRTCuriosity: 4.3827360466E7
owltEarthMSL2: 820.743
angSepHGAEarth: 151.946
utcTime: "2016-01-05~00:24:45"
sol: 1214

194901 [pool-10-thread-1] INFO space.exploration.mars.rover.sensor.PositionSensor  - ephemerisTime: 5.05225620184025E8
stateCuriosity: -2.11784220003E8
stateCuriosity: -1.17268513429E8
stateCuriosity: -4.382180697E7
stateCuriosity: 28.649
stateCuriosity: -13.644
stateCuriosity: -6.451
owltMSLEarth: 820.627
stateEarth: 2.11813164793E8
stateEarth: 1.17284537927E8
stateEarth: 4.3827792633E7
stateEarth: -28.664
stateEarth: 13.641
stateEarth: 6.45
owltEarthMSL: 820.74
positionEarthWRTCuriosity: 2.11813164793E8
positionEarthWRTCuriosity: 1.17284537927E8
positionEarthWRTCuriosity: 4.3827792633E7
owltEarthMSL2: 820.74
angSepHGAEarth: 151.942
utcTime: "2016-01-05~00:25:52"
sol: 1214

194901 [pool-10-thread-1] INFO space.exploration.mars.rover.communication.Radio  - One Way Light Time computed by SPICE :: 820.627
194915 [pool-10-thread-1] INFO space.exploration.mars.rover.communication.Transmitter  - Sending information packet to curiosity_to_earth_5
197921 [pool-4-thread-1] INFO space.exploration.mars.rover.kernel.SpacecraftClock  - Internal time::2016-01-05T00:26:25.500-06:00 sclk of::1/01214:01:34:44:51072
203986 [pool-4-thread-1] INFO space.exploration.mars.rover.sensor.PositionSensor  - ephemerisTime: 5.05225696184025E8
stateCuriosity: -2.11782042604E8
stateCuriosity: -1.17269550353E8
stateCuriosity: -4.3822297276E7
stateCuriosity: 28.651
stateCuriosity: -13.643
stateCuriosity: -6.451
owltMSLEarth: 820.623
stateEarth: 2.118109863E8
stateEarth: 1.1728557458E8
stateEarth: 4.382828286E7
stateEarth: -28.665
stateEarth: 13.64
stateEarth: 6.45
owltEarthMSL: 820.735
positionEarthWRTCuriosity: 2.118109863E8
positionEarthWRTCuriosity: 1.1728557458E8
positionEarthWRTCuriosity: 4.382828286E7
owltEarthMSL2: 820.735
angSepHGAEarth: 151.935
utcTime: "2016-01-05~00:27:08"
sol: 1214

203986 [pool-4-thread-1] INFO space.exploration.mars.rover.communication.Radio  - One Way Light Time computed by SPICE :: 820.623
204000 [pool-4-thread-1] INFO space.exploration.mars.rover.communication.Transmitter  - Sending information packet to curiosity_to_earth_5
