2018-01-05 22:52:28,542 [roverMain] INFO space.exploration.mars.rover.kernel.SpacecraftClock  - Valid utc time ranges are dictated by clockService as follows:
2018-01-05 22:52:28,545 [roverMain] INFO space.exploration.mars.rover.kernel.SpacecraftClock  - APPLICABLE_START_TIME=2000-001T11:58:55.816, APPLICABLE_STOP_TIME=2017-360T19:17:40.149
2018-01-05 22:52:28,545 [roverMain] INFO space.exploration.mars.rover.kernel.SpacecraftClock  - Given UTC = 2016-08-26~17:49:00
2018-01-05 22:52:28,545 [roverMain] INFO space.exploration.mars.rover.kernel.SpacecraftClock  - Please ensure that positionSensor and sclk are synchronized
2018-01-05 22:52:28,573 [roverMain] INFO space.exploration.mars.rover.kernel.SpacecraftClock  - Curiosity internal spacecraft clock started at :: 2016-08-26T22:49:00.000Z
2018-01-05 22:52:28,573 [roverMain] INFO space.exploration.mars.rover.kernel.SpacecraftClock  - Mission duration is set to :: 1 year(s).
2018-01-05 22:52:28,573 [roverMain] INFO space.exploration.mars.rover.kernel.SpacecraftClock  - Mission duration = 31536000000
2018-01-05 22:52:32,747 [roverMain] INFO space.exploration.mars.rover.diagnostics.RoverGarbageCollector  - Starting garbageCollection
2018-01-05 22:52:34,749 [roverMain] INFO space.exploration.mars.rover.kernel.Rover  - Rover current position is = java.awt.Point[x=525,y=100]
2018-01-05 22:52:35,750 [roverMain] INFO space.exploration.mars.rover.sensor.Lidar  - Lidar initialized and ready!
2018-01-05 22:52:36,752 [roverMain] INFO space.exploration.mars.rover.sensor.ApxsSpectrometer  - Spectrometer initialized and ready!
2018-01-05 22:52:37,973 [roverMain] INFO space.exploration.mars.rover.sensor.Camera  - Camera initialized and ready!
2018-01-05 22:52:38,978 [roverMain] INFO space.exploration.mars.rover.sensor.Radar  - Radar configured:: 
2018-01-05 22:52:40,837 [roverMain] INFO space.exploration.mars.rover.power.Battery  - Battery configured, batteryLife:primaryPowerUnits = 1200 auxiliaryPowerUnits = 100 alertThreshold: 100 rechargeTime = 60000
2018-01-05 22:52:41,842 [roverMain] INFO space.exploration.mars.rover.kernel.Rover  - Battery Monitor configured!
2018-01-05 22:52:41,901 [roverMain] INFO org.apache.kafka.clients.producer.ProducerConfig  - ProducerConfig values: 
	metric.reporters = []
	metadata.max.age.ms = 300000
	reconnect.backoff.ms = 50
	sasl.kerberos.ticket.renew.window.factor = 0.8
	bootstrap.servers = [localhost:9092]
	ssl.keystore.type = JKS
	sasl.mechanism = GSSAPI
	max.block.ms = 60000
	interceptor.classes = null
	ssl.truststore.password = null
	client.id = 
	ssl.endpoint.identification.algorithm = null
	request.timeout.ms = 30000
	acks = 1
	receive.buffer.bytes = 32768
	ssl.truststore.type = JKS
	retries = 0
	ssl.truststore.location = null
	ssl.keystore.password = null
	send.buffer.bytes = 131072
	compression.type = none
	metadata.fetch.timeout.ms = 60000
	retry.backoff.ms = 100
	sasl.kerberos.kinit.cmd = /usr/bin/kinit
	buffer.memory = 33554432
	timeout.ms = 30000
	key.serializer = class org.apache.kafka.common.serialization.StringSerializer
	sasl.kerberos.service.name = null
	sasl.kerberos.ticket.renew.jitter = 0.05
	ssl.trustmanager.algorithm = PKIX
	block.on.buffer.full = false
	ssl.key.password = null
	sasl.kerberos.min.time.before.relogin = 60000
	connections.max.idle.ms = 540000
	max.in.flight.requests.per.connection = 5
	metrics.num.samples = 2
	ssl.protocol = TLS
	ssl.provider = null
	ssl.enabled.protocols = [TLSv1.2, TLSv1.1, TLSv1]
	batch.size = 16384
	ssl.keystore.location = null
	ssl.cipher.suites = null
	security.protocol = PLAINTEXT
	max.request.size = 1048576
	value.serializer = class org.apache.kafka.common.serialization.ByteArraySerializer
	ssl.keymanager.algorithm = SunX509
	metrics.sample.window.ms = 30000
	partitioner.class = class org.apache.kafka.clients.producer.internals.DefaultPartitioner
	linger.ms = 0

2018-01-05 22:52:41,989 [roverMain] INFO org.apache.kafka.clients.producer.ProducerConfig  - ProducerConfig values: 
	metric.reporters = []
	metadata.max.age.ms = 300000
	reconnect.backoff.ms = 50
	sasl.kerberos.ticket.renew.window.factor = 0.8
	bootstrap.servers = [localhost:9092]
	ssl.keystore.type = JKS
	sasl.mechanism = GSSAPI
	max.block.ms = 60000
	interceptor.classes = null
	ssl.truststore.password = null
	client.id = producer-1
	ssl.endpoint.identification.algorithm = null
	request.timeout.ms = 30000
	acks = 1
	receive.buffer.bytes = 32768
	ssl.truststore.type = JKS
	retries = 0
	ssl.truststore.location = null
	ssl.keystore.password = null
	send.buffer.bytes = 131072
	compression.type = none
	metadata.fetch.timeout.ms = 60000
	retry.backoff.ms = 100
	sasl.kerberos.kinit.cmd = /usr/bin/kinit
	buffer.memory = 33554432
	timeout.ms = 30000
	key.serializer = class org.apache.kafka.common.serialization.StringSerializer
	sasl.kerberos.service.name = null
	sasl.kerberos.ticket.renew.jitter = 0.05
	ssl.trustmanager.algorithm = PKIX
	block.on.buffer.full = false
	ssl.key.password = null
	sasl.kerberos.min.time.before.relogin = 60000
	connections.max.idle.ms = 540000
	max.in.flight.requests.per.connection = 5
	metrics.num.samples = 2
	ssl.protocol = TLS
	ssl.provider = null
	ssl.enabled.protocols = [TLSv1.2, TLSv1.1, TLSv1]
	batch.size = 16384
	ssl.keystore.location = null
	ssl.cipher.suites = null
	security.protocol = PLAINTEXT
	max.request.size = 1048576
	value.serializer = class org.apache.kafka.common.serialization.ByteArraySerializer
	ssl.keymanager.algorithm = SunX509
	metrics.sample.window.ms = 30000
	partitioner.class = class org.apache.kafka.clients.producer.internals.DefaultPartitioner
	linger.ms = 0

2018-01-05 22:52:41,989 [roverMain] WARN org.apache.kafka.clients.producer.ProducerConfig  - The configuration zookeeper.connect = localhost:2181 was supplied but isn't a known config.
2018-01-05 22:52:41,989 [roverMain] WARN org.apache.kafka.clients.producer.ProducerConfig  - The configuration group.id = space.exploration.mars.rover.curiosity.1515214347185 was supplied but isn't a known config.
2018-01-05 22:52:41,990 [roverMain] WARN org.apache.kafka.clients.producer.ProducerConfig  - The configuration source.topic = earth_to_curiosity_5 was supplied but isn't a known config.
2018-01-05 22:52:41,990 [roverMain] WARN org.apache.kafka.clients.producer.ProducerConfig  - The configuration auto.offset.reset = largest was supplied but isn't a known config.
2018-01-05 22:52:41,990 [roverMain] WARN org.apache.kafka.clients.producer.ProducerConfig  - The configuration metadata.broker.list = localhost:9092 was supplied but isn't a known config.
2018-01-05 22:52:41,990 [roverMain] WARN org.apache.kafka.clients.producer.ProducerConfig  - The configuration destination.topic = curiosity_to_earth_5 was supplied but isn't a known config.
2018-01-05 22:52:41,991 [roverMain] INFO org.apache.kafka.common.utils.AppInfoParser  - Kafka version : 0.10.0.1
2018-01-05 22:52:41,991 [roverMain] INFO org.apache.kafka.common.utils.AppInfoParser  - Kafka commitId : a7a17cdec9eaa6c5
2018-01-05 22:52:42,131 [roverMain] INFO kafka.utils.VerifiableProperties  - Verifying properties
2018-01-05 22:52:42,160 [roverMain] INFO kafka.utils.VerifiableProperties  - Property auto.offset.reset is overridden to largest
2018-01-05 22:52:42,160 [roverMain] WARN kafka.utils.VerifiableProperties  - Property bootstrap.servers is not valid
2018-01-05 22:52:42,160 [roverMain] WARN kafka.utils.VerifiableProperties  - Property destination.topic is not valid
2018-01-05 22:52:42,160 [roverMain] INFO kafka.utils.VerifiableProperties  - Property group.id is overridden to space.exploration.mars.rover.curiosity.1515214347185
2018-01-05 22:52:42,160 [roverMain] WARN kafka.utils.VerifiableProperties  - Property key.serializer is not valid
2018-01-05 22:52:42,160 [roverMain] WARN kafka.utils.VerifiableProperties  - Property metadata.broker.list is not valid
2018-01-05 22:52:42,160 [roverMain] WARN kafka.utils.VerifiableProperties  - Property source.topic is not valid
2018-01-05 22:52:42,161 [roverMain] WARN kafka.utils.VerifiableProperties  - Property value.serializer is not valid
2018-01-05 22:52:42,161 [roverMain] INFO kafka.utils.VerifiableProperties  - Property zookeeper.connect is overridden to localhost:2181
2018-01-05 22:52:42,262 [roverMain] INFO kafka.consumer.ZookeeperConsumerConnector  - [space.exploration.mars.rover.curiosity.1515214347185_zion-mainframe-1515214362261-5cc958c8], Connecting to zookeeper instance at localhost:2181
2018-01-05 22:52:42,270 [ZkClient-EventThread-33-localhost:2181] INFO org.I0Itec.zkclient.ZkEventThread  - Starting ZkClient event thread.
2018-01-05 22:52:42,274 [roverMain] INFO org.apache.zookeeper.ZooKeeper  - Client environment:zookeeper.version=3.4.6-1569965, built on 02/20/2014 09:09 GMT
2018-01-05 22:52:42,274 [roverMain] INFO org.apache.zookeeper.ZooKeeper  - Client environment:host.name=zion-mainframe
2018-01-05 22:52:42,274 [roverMain] INFO org.apache.zookeeper.ZooKeeper  - Client environment:java.version=1.8.0_151
2018-01-05 22:52:42,274 [roverMain] INFO org.apache.zookeeper.ZooKeeper  - Client environment:java.vendor=Oracle Corporation
2018-01-05 22:52:42,274 [roverMain] INFO org.apache.zookeeper.ZooKeeper  - Client environment:java.home=/usr/lib/jvm/java-8-openjdk-amd64/jre
2018-01-05 22:52:42,274 [roverMain] INFO org.apache.zookeeper.ZooKeeper  - Client environment:java.class.path=/usr/lib/jvm/java-1.8.0-openjdk-amd64/jre/lib/charsets.jar:/usr/lib/jvm/java-1.8.0-openjdk-amd64/jre/lib/ext/cldrdata.jar:/usr/lib/jvm/java-1.8.0-openjdk-amd64/jre/lib/ext/dnsns.jar:/usr/lib/jvm/java-1.8.0-openjdk-amd64/jre/lib/ext/icedtea-sound.jar:/usr/lib/jvm/java-1.8.0-openjdk-amd64/jre/lib/ext/jaccess.jar:/usr/lib/jvm/java-1.8.0-openjdk-amd64/jre/lib/ext/localedata.jar:/usr/lib/jvm/java-1.8.0-openjdk-amd64/jre/lib/ext/nashorn.jar:/usr/lib/jvm/java-1.8.0-openjdk-amd64/jre/lib/ext/sunec.jar:/usr/lib/jvm/java-1.8.0-openjdk-amd64/jre/lib/ext/sunjce_provider.jar:/usr/lib/jvm/java-1.8.0-openjdk-amd64/jre/lib/ext/sunpkcs11.jar:/usr/lib/jvm/java-1.8.0-openjdk-amd64/jre/lib/ext/zipfs.jar:/usr/lib/jvm/java-1.8.0-openjdk-amd64/jre/lib/jce.jar:/usr/lib/jvm/java-1.8.0-openjdk-amd64/jre/lib/jsse.jar:/usr/lib/jvm/java-1.8.0-openjdk-amd64/jre/lib/management-agent.jar:/usr/lib/jvm/java-1.8.0-openjdk-amd64/jre/lib/resources.jar:/usr/lib/jvm/java-1.8.0-openjdk-amd64/jre/lib/rt.jar:/home/sanket/Documents/workspace/MarsRover/mars.rover/target/classes:/home/sanket/.m2/repository/io/dropwizard/metrics/metrics-core/4.0.0/metrics-core-4.0.0.jar:/home/sanket/.m2/repository/org/slf4j/slf4j-api/1.7.25/slf4j-api-1.7.25.jar:/home/sanket/.m2/repository/org/apache/kafka/kafka_2.10/0.10.0.1/kafka_2.10-0.10.0.1.jar:/home/sanket/.m2/repository/com/101tec/zkclient/0.8/zkclient-0.8.jar:/home/sanket/.m2/repository/org/scala-lang/scala-library/2.10.6/scala-library-2.10.6.jar:/home/sanket/.m2/repository/org/slf4j/slf4j-log4j12/1.7.21/slf4j-log4j12-1.7.21.jar:/home/sanket/.m2/repository/com/yammer/metrics/metrics-core/2.2.0/metrics-core-2.2.0.jar:/home/sanket/.m2/repository/org/apache/kafka/kafka-clients/0.10.0.1/kafka-clients-0.10.0.1.jar:/home/sanket/.m2/repository/net/jpountz/lz4/lz4/1.3.0/lz4-1.3.0.jar:/home/sanket/.m2/repository/org/xerial/snappy/snappy-java/1.1.2.6/snappy-java-1.1.2.6.jar:/home/sanket/.m2/repository/net/sf/jopt-simple/jopt-simple/4.9/jopt-simple-4.9.jar:/home/sanket/.m2/repository/org/apache/zookeeper/zookeeper/3.4.6/zookeeper-3.4.6.jar:/home/sanket/.m2/repository/jline/jline/0.9.94/jline-0.9.94.jar:/home/sanket/.m2/repository/io/netty/netty/3.7.0.Final/netty-3.7.0.Final.jar:/home/sanket/.m2/repository/org/tensorflow/tensorflow/1.1.0/tensorflow-1.1.0.jar:/home/sanket/.m2/repository/org/tensorflow/libtensorflow/1.1.0/libtensorflow-1.1.0.jar:/home/sanket/.m2/repository/org/tensorflow/libtensorflow_jni/1.1.0/libtensorflow_jni-1.1.0.jar:/home/sanket/.m2/repository/mysql/mysql-connector-java/5.1.6/mysql-connector-java-5.1.6.jar:/home/sanket/.m2/repository/com/google/code/gson/gson/2.8.2/gson-2.8.2.jar:/home/sanket/.m2/repository/joda-time/joda-time/2.8.1/joda-time-2.8.1.jar:/home/sanket/.m2/repository/org/jsoup/jsoup/1.8.3/jsoup-1.8.3.jar:/home/sanket/.m2/repository/space/exploration/communications.protocol/1.1.6/communications.protocol-1.1.6.jar:/home/sanket/.m2/repository/com/google/protobuf/protobuf-java/3.4.0/protobuf-java-3.4.0.jar:/home/sanket/.m2/repository/space/exploration/spice.utilities/1.2.2/spice.utilities-1.2.2.jar:/home/sanket/.m2/repository/commons-io/commons-io/1.3.2/commons-io-1.3.2.jar:/home/sanket/.m2/repository/log4j/log4j/1.2.17/log4j-1.2.17.jar:/home/sanket/Documents/Tools/idea/idea-IU-173.3727.127/lib/idea_rt.jar:/home/sanket/Documents/Tools/idea/idea-IU-173.3727.127/lib/rt/debugger-agent.jar
2018-01-05 22:52:42,274 [roverMain] INFO org.apache.zookeeper.ZooKeeper  - Client environment:java.library.path=$LD_LIBRARY_PATH:"/home/sanket/Documents/workspace/SpiceUtilities/src/main/resources/JNISpice/lib/libJNISpice.so":/usr/java/packages/lib/amd64:/usr/lib/x86_64-linux-gnu/jni:/lib/x86_64-linux-gnu:/usr/lib/x86_64-linux-gnu:/usr/lib/jni:/lib:/usr/lib
2018-01-05 22:52:42,274 [roverMain] INFO org.apache.zookeeper.ZooKeeper  - Client environment:java.io.tmpdir=/tmp
2018-01-05 22:52:42,274 [roverMain] INFO org.apache.zookeeper.ZooKeeper  - Client environment:java.compiler=<NA>
2018-01-05 22:52:42,274 [roverMain] INFO org.apache.zookeeper.ZooKeeper  - Client environment:os.name=Linux
2018-01-05 22:52:42,274 [roverMain] INFO org.apache.zookeeper.ZooKeeper  - Client environment:os.arch=amd64
2018-01-05 22:52:42,274 [roverMain] INFO org.apache.zookeeper.ZooKeeper  - Client environment:os.version=4.10.0-42-generic
2018-01-05 22:52:42,274 [roverMain] INFO org.apache.zookeeper.ZooKeeper  - Client environment:user.name=sanket
2018-01-05 22:52:42,274 [roverMain] INFO org.apache.zookeeper.ZooKeeper  - Client environment:user.home=/home/sanket
2018-01-05 22:52:42,274 [roverMain] INFO org.apache.zookeeper.ZooKeeper  - Client environment:user.dir=/home/sanket/Documents/workspace/MarsRover/mars.rover
2018-01-05 22:52:42,275 [roverMain] INFO org.apache.zookeeper.ZooKeeper  - Initiating client connection, connectString=localhost:2181 sessionTimeout=6000 watcher=org.I0Itec.zkclient.ZkClient@293d0107
2018-01-05 22:52:42,283 [roverMain] INFO org.I0Itec.zkclient.ZkClient  - Waiting for keeper state SyncConnected
2018-01-05 22:52:42,285 [roverMain-SendThread(localhost:2181)] INFO org.apache.zookeeper.ClientCnxn  - Opening socket connection to server localhost/127.0.0.1:2181. Will not attempt to authenticate using SASL (unknown error)
2018-01-05 22:52:42,289 [roverMain-SendThread(localhost:2181)] INFO org.apache.zookeeper.ClientCnxn  - Socket connection established to localhost/127.0.0.1:2181, initiating session
2018-01-05 22:52:42,297 [roverMain-SendThread(localhost:2181)] INFO org.apache.zookeeper.ClientCnxn  - Session establishment complete on server localhost/127.0.0.1:2181, sessionid = 0x160c9175b680005, negotiated timeout = 6000
2018-01-05 22:52:42,299 [roverMain-EventThread] INFO org.I0Itec.zkclient.ZkClient  - zookeeper state changed (SyncConnected)
2018-01-05 22:52:42,311 [roverMain] INFO kafka.consumer.ZookeeperConsumerConnector  - [space.exploration.mars.rover.curiosity.1515214347185_zion-mainframe-1515214362261-5cc958c8], starting auto committer every 60000 ms
2018-01-05 22:52:42,338 [radio] INFO kafka.consumer.ZookeeperConsumerConnector  - [space.exploration.mars.rover.curiosity.1515214347185_zion-mainframe-1515214362261-5cc958c8], begin registering consumer space.exploration.mars.rover.curiosity.1515214347185_zion-mainframe-1515214362261-5cc958c8 in ZK
2018-01-05 22:52:42,362 [radio] INFO kafka.utils.ZKCheckedEphemeral  - Creating /consumers/space.exploration.mars.rover.curiosity.1515214347185/ids/space.exploration.mars.rover.curiosity.1515214347185_zion-mainframe-1515214362261-5cc958c8 (is it secure? false)
2018-01-05 22:52:42,373 [radio] INFO kafka.utils.ZKCheckedEphemeral  - Result of znode creation is: OK
2018-01-05 22:52:42,374 [radio] INFO kafka.consumer.ZookeeperConsumerConnector  - [space.exploration.mars.rover.curiosity.1515214347185_zion-mainframe-1515214362261-5cc958c8], end registering consumer space.exploration.mars.rover.curiosity.1515214347185_zion-mainframe-1515214362261-5cc958c8 in ZK
2018-01-05 22:52:42,377 [space.exploration.mars.rover.curiosity.1515214347185_zion-mainframe-1515214362261-5cc958c8_watcher_executor] INFO kafka.consumer.ZookeeperConsumerConnector  - [space.exploration.mars.rover.curiosity.1515214347185_zion-mainframe-1515214362261-5cc958c8], starting watcher executor thread for consumer space.exploration.mars.rover.curiosity.1515214347185_zion-mainframe-1515214362261-5cc958c8
2018-01-05 22:52:42,394 [radio] INFO kafka.consumer.ZookeeperConsumerConnector  - [space.exploration.mars.rover.curiosity.1515214347185_zion-mainframe-1515214362261-5cc958c8], begin rebalancing consumer space.exploration.mars.rover.curiosity.1515214347185_zion-mainframe-1515214362261-5cc958c8 try #0
2018-01-05 22:52:42,516 [radio] INFO kafka.consumer.ConsumerFetcherManager  - [ConsumerFetcherManager-1515214362308] Stopping leader finder thread
2018-01-05 22:52:42,517 [radio] INFO kafka.consumer.ConsumerFetcherManager  - [ConsumerFetcherManager-1515214362308] Stopping all fetchers
2018-01-05 22:52:42,518 [radio] INFO kafka.consumer.ConsumerFetcherManager  - [ConsumerFetcherManager-1515214362308] All connections stopped
2018-01-05 22:52:42,519 [radio] INFO kafka.consumer.ZookeeperConsumerConnector  - [space.exploration.mars.rover.curiosity.1515214347185_zion-mainframe-1515214362261-5cc958c8], Cleared all relevant queues for this fetcher
2018-01-05 22:52:42,520 [radio] INFO kafka.consumer.ZookeeperConsumerConnector  - [space.exploration.mars.rover.curiosity.1515214347185_zion-mainframe-1515214362261-5cc958c8], Cleared the data chunks in all the consumer message iterators
2018-01-05 22:52:42,521 [radio] INFO kafka.consumer.ZookeeperConsumerConnector  - [space.exploration.mars.rover.curiosity.1515214347185_zion-mainframe-1515214362261-5cc958c8], Committing all offsets after clearing the fetcher queues
2018-01-05 22:52:42,523 [radio] INFO kafka.consumer.ZookeeperConsumerConnector  - [space.exploration.mars.rover.curiosity.1515214347185_zion-mainframe-1515214362261-5cc958c8], Releasing partition ownership
2018-01-05 22:52:42,553 [radio] INFO kafka.consumer.RangeAssignor  - Consumer space.exploration.mars.rover.curiosity.1515214347185_zion-mainframe-1515214362261-5cc958c8 rebalancing the following partitions: ArrayBuffer(0) for topic earth_to_curiosity_5 with consumers: List(space.exploration.mars.rover.curiosity.1515214347185_zion-mainframe-1515214362261-5cc958c8-0)
2018-01-05 22:52:42,555 [radio] INFO kafka.consumer.RangeAssignor  - space.exploration.mars.rover.curiosity.1515214347185_zion-mainframe-1515214362261-5cc958c8-0 attempting to claim partition 0
2018-01-05 22:52:42,586 [radio] INFO kafka.consumer.ZookeeperConsumerConnector  - [space.exploration.mars.rover.curiosity.1515214347185_zion-mainframe-1515214362261-5cc958c8], space.exploration.mars.rover.curiosity.1515214347185_zion-mainframe-1515214362261-5cc958c8-0 successfully owned partition 0 for topic earth_to_curiosity_5
2018-01-05 22:52:42,604 [radio] INFO kafka.consumer.ZookeeperConsumerConnector  - [space.exploration.mars.rover.curiosity.1515214347185_zion-mainframe-1515214362261-5cc958c8], Consumer space.exploration.mars.rover.curiosity.1515214347185_zion-mainframe-1515214362261-5cc958c8 selected partitions : earth_to_curiosity_5:0: fetched offset = -1: consumed offset = -1
2018-01-05 22:52:42,607 [space.exploration.mars.rover.curiosity.1515214347185_zion-mainframe-1515214362261-5cc958c8-leader-finder-thread] INFO kafka.consumer.ConsumerFetcherManager$LeaderFinderThread  - [space.exploration.mars.rover.curiosity.1515214347185_zion-mainframe-1515214362261-5cc958c8-leader-finder-thread], Starting 
2018-01-05 22:52:42,608 [radio] INFO kafka.consumer.ZookeeperConsumerConnector  - [space.exploration.mars.rover.curiosity.1515214347185_zion-mainframe-1515214362261-5cc958c8], end rebalancing consumer space.exploration.mars.rover.curiosity.1515214347185_zion-mainframe-1515214362261-5cc958c8 try #0
2018-01-05 22:52:42,636 [space.exploration.mars.rover.curiosity.1515214347185_zion-mainframe-1515214362261-5cc958c8-leader-finder-thread] INFO kafka.utils.VerifiableProperties  - Verifying properties
2018-01-05 22:52:42,636 [space.exploration.mars.rover.curiosity.1515214347185_zion-mainframe-1515214362261-5cc958c8-leader-finder-thread] INFO kafka.utils.VerifiableProperties  - Property client.id is overridden to space.exploration.mars.rover.curiosity.1515214347185
2018-01-05 22:52:42,636 [space.exploration.mars.rover.curiosity.1515214347185_zion-mainframe-1515214362261-5cc958c8-leader-finder-thread] INFO kafka.utils.VerifiableProperties  - Property metadata.broker.list is overridden to zion-mainframe:9092
2018-01-05 22:52:42,636 [space.exploration.mars.rover.curiosity.1515214347185_zion-mainframe-1515214362261-5cc958c8-leader-finder-thread] INFO kafka.utils.VerifiableProperties  - Property request.timeout.ms is overridden to 30000
2018-01-05 22:52:42,650 [space.exploration.mars.rover.curiosity.1515214347185_zion-mainframe-1515214362261-5cc958c8-leader-finder-thread] INFO kafka.client.ClientUtils$  - Fetching metadata from broker BrokerEndPoint(0,zion-mainframe,9092) with correlation id 0 for 1 topic(s) Set(earth_to_curiosity_5)
2018-01-05 22:52:42,655 [space.exploration.mars.rover.curiosity.1515214347185_zion-mainframe-1515214362261-5cc958c8-leader-finder-thread] INFO kafka.producer.SyncProducer  - Connected to zion-mainframe:9092 for producing
2018-01-05 22:52:42,669 [space.exploration.mars.rover.curiosity.1515214347185_zion-mainframe-1515214362261-5cc958c8-leader-finder-thread] INFO kafka.producer.SyncProducer  - Disconnecting from zion-mainframe:9092
2018-01-05 22:52:42,689 [ConsumerFetcherThread-space.exploration.mars.rover.curiosity.1515214347185_zion-mainframe-1515214362261-5cc958c8-0-0] INFO kafka.consumer.ConsumerFetcherThread  - [ConsumerFetcherThread-space.exploration.mars.rover.curiosity.1515214347185_zion-mainframe-1515214362261-5cc958c8-0-0], Starting 
2018-01-05 22:52:42,708 [space.exploration.mars.rover.curiosity.1515214347185_zion-mainframe-1515214362261-5cc958c8-leader-finder-thread] INFO kafka.consumer.ConsumerFetcherManager  - [ConsumerFetcherManager-1515214362308] Added fetcher for partitions ArrayBuffer([[earth_to_curiosity_5,0], initOffset -1 to broker BrokerEndPoint(0,zion-mainframe,9092)] )
2018-01-05 22:52:43,315 [roverMain] INFO space.exploration.mars.rover.communication.Radio  - Radio configured:: 
group.id::space.exploration.mars.rover.curiosity.1515214347185
auto.offset.reset::largest
bootstrap.servers::localhost:9092
value.serializer::org.apache.kafka.common.serialization.ByteArraySerializer
destination.topic::curiosity_to_earth_5
zookeeper.connect::localhost:2181
key.serializer::org.apache.kafka.common.serialization.StringSerializer
source.topic::earth_to_curiosity_5
metadata.broker.list::localhost:9092
2018-01-05 22:52:44,316 [roverMain] INFO space.exploration.mars.rover.sensor.Radar  - Radar configured:: 
2018-01-05 22:52:50,453 [roverMain] INFO space.exploration.mars.rover.communication.Transmitter  - Sending information packet to curiosity_to_earth_5
2018-01-05 22:52:53,457 [sleepMonitor] INFO space.exploration.mars.rover.animation.SleepingAnimationEngine  - Rover is sleeping now
2018-01-05 22:52:58,710 [radio] INFO space.exploration.mars.rover.communication.Receiver  - Time Elapsed since last message = 16395
2018-01-05 22:52:58,792 [radio] INFO space.exploration.mars.rover.kernel.PositionSensor  - Houston - this is curiosityActual.ephemerisTime: 5.25507608182704E8
stateCuriosity: -4.2397093298E7
stateCuriosity: -1.09525921367E8
stateCuriosity: -5.4296337268E7
stateCuriosity: 9.763
stateCuriosity: -12.729
stateCuriosity: -5.754
owltMSLEarth: 431.596
stateEarth: 4.2390227705E7
stateEarth: 1.09508184757E8
stateEarth: 5.4287544E7
stateEarth: -9.76
stateEarth: 12.73
stateEarth: 5.755
owltEarthMSL: 431.526
positionEarthWRTCuriosity: 4.2390227705E7
positionEarthWRTCuriosity: 1.09508184757E8
positionEarthWRTCuriosity: 5.4287544E7
owltEarthMSL2: 431.526
angSepHGAEarth: 101.742
utcTime: "2016-08-26~18:19:00"
sol: 1442
sclkValue: " 1/01442:12:43:01:55941"

2018-01-05 22:52:58,845 [radio] INFO space.exploration.mars.rover.kernel.PositionSensor  - ephemerisTime: 5.25507608182704E8
stateCuriosity: -4.2397093298E7
stateCuriosity: -1.09525921367E8
stateCuriosity: -5.4296337268E7
stateCuriosity: 9.763
stateCuriosity: -12.729
stateCuriosity: -5.754
owltMSLEarth: 431.596
stateEarth: 4.2390227705E7
stateEarth: 1.09508184757E8
stateEarth: 5.4287544E7
stateEarth: -9.76
stateEarth: 12.73
stateEarth: 5.755
owltEarthMSL: 431.526
positionEarthWRTCuriosity: 4.2390227705E7
positionEarthWRTCuriosity: 1.09508184757E8
positionEarthWRTCuriosity: 5.4287544E7
owltEarthMSL2: 431.526
angSepHGAEarth: 101.742
utcTime: "2016-08-26~18:19:00"
sol: 1442
sclkValue: " 1/01442:12:43:01:55941"

2018-01-05 22:52:58,845 [radio] INFO space.exploration.mars.rover.communication.Radio  - One Way Light Time computed by SPICE :: 431.596
2018-01-05 22:52:58,853 [radio] INFO space.exploration.mars.rover.kernel.SleepingState  - Awaking from sleeping state
2018-01-05 22:52:58,853 [radio] INFO space.exploration.mars.rover.animation.SleepingAnimationEngine  - Waking up rover
2018-01-05 22:52:58,853 [sleepBreather] INFO space.exploration.mars.rover.animation.SleepBreather  - Sleep animation interrupted.
2018-01-05 22:53:01,881 [radio] INFO space.exploration.mars.rover.kernel.ListeningState  - timeStamp: 1515214378554
targets {
  roverModule: 1
  estimatedPowerUsage: 40
  action: "Move"
  auxiliaryData: "\n\005\b\031\020\310\001"
}

2018-01-05 22:53:07,973 [radio] INFO space.exploration.mars.rover.kernel.ListeningState  - 1515214387973,1,Move Current instructionQueue length = 0
2018-01-05 22:53:11,173 [roverMain-SendThread(localhost:2181)] INFO org.apache.zookeeper.ClientCnxn  - Client session timed out, have not heard from server in 4542ms for sessionid 0x160c9175b680005, closing socket connection and attempting reconnect
2018-01-05 22:53:11,379 [roverMain-EventThread] INFO org.I0Itec.zkclient.ZkClient  - zookeeper state changed (Disconnected)
2018-01-05 22:53:14,422 [roverMain-SendThread(localhost:2181)] INFO org.apache.zookeeper.ClientCnxn  - Opening socket connection to server localhost/127.0.0.1:2181. Will not attempt to authenticate using SASL (unknown error)
2018-01-05 22:53:14,422 [roverMain-SendThread(localhost:2181)] INFO org.apache.zookeeper.ClientCnxn  - Socket connection established to localhost/127.0.0.1:2181, initiating session
2018-01-05 22:53:15,252 [roverMain-SendThread(localhost:2181)] INFO org.apache.zookeeper.ClientCnxn  - Unable to reconnect to ZooKeeper service, session 0x160c9175b680005 has expired, closing socket connection
2018-01-05 22:53:15,253 [roverMain-EventThread] INFO org.I0Itec.zkclient.ZkClient  - zookeeper state changed (Expired)
2018-01-05 22:53:15,324 [roverMain-EventThread] INFO org.apache.zookeeper.ZooKeeper  - Initiating client connection, connectString=localhost:2181 sessionTimeout=6000 watcher=org.I0Itec.zkclient.ZkClient@293d0107
2018-01-05 22:53:15,795 [ZkClient-EventThread-33-localhost:2181] INFO kafka.consumer.ZookeeperConsumerConnector  - [space.exploration.mars.rover.curiosity.1515214347185_zion-mainframe-1515214362261-5cc958c8], ZK expired; release old broker parition ownership; re-register consumer space.exploration.mars.rover.curiosity.1515214347185_zion-mainframe-1515214362261-5cc958c8
2018-01-05 22:53:15,795 [ZkClient-EventThread-33-localhost:2181] INFO kafka.consumer.ZookeeperConsumerConnector  - [space.exploration.mars.rover.curiosity.1515214347185_zion-mainframe-1515214362261-5cc958c8], begin registering consumer space.exploration.mars.rover.curiosity.1515214347185_zion-mainframe-1515214362261-5cc958c8 in ZK
2018-01-05 22:53:15,798 [roverMain-EventThread] INFO org.apache.zookeeper.ClientCnxn  - EventThread shut down
2018-01-05 22:53:15,796 [roverMain-SendThread(localhost:2181)] INFO org.apache.zookeeper.ClientCnxn  - Opening socket connection to server localhost/127.0.0.1:2181. Will not attempt to authenticate using SASL (unknown error)
2018-01-05 22:53:15,804 [roverMain-SendThread(localhost:2181)] INFO org.apache.zookeeper.ClientCnxn  - Socket connection established to localhost/127.0.0.1:2181, initiating session
2018-01-05 22:53:15,806 [ZkClient-EventThread-33-localhost:2181] INFO kafka.utils.ZKCheckedEphemeral  - Creating /consumers/space.exploration.mars.rover.curiosity.1515214347185/ids/space.exploration.mars.rover.curiosity.1515214347185_zion-mainframe-1515214362261-5cc958c8 (is it secure? false)
2018-01-05 22:53:15,811 [roverMain-SendThread(localhost:2181)] INFO org.apache.zookeeper.ClientCnxn  - Session establishment complete on server localhost/127.0.0.1:2181, sessionid = 0x160c9175b680006, negotiated timeout = 6000
2018-01-05 22:53:15,811 [roverMain-EventThread] INFO org.I0Itec.zkclient.ZkClient  - zookeeper state changed (SyncConnected)
2018-01-05 22:53:15,864 [ZkClient-EventThread-33-localhost:2181] INFO kafka.utils.ZKCheckedEphemeral  - Result of znode creation is: OK
2018-01-05 22:53:15,865 [ZkClient-EventThread-33-localhost:2181] INFO kafka.consumer.ZookeeperConsumerConnector  - [space.exploration.mars.rover.curiosity.1515214347185_zion-mainframe-1515214362261-5cc958c8], end registering consumer space.exploration.mars.rover.curiosity.1515214347185_zion-mainframe-1515214362261-5cc958c8 in ZK
2018-01-05 22:53:15,865 [ZkClient-EventThread-33-localhost:2181] INFO kafka.consumer.ZookeeperConsumerConnector  - [space.exploration.mars.rover.curiosity.1515214347185_zion-mainframe-1515214362261-5cc958c8], begin rebalancing consumer space.exploration.mars.rover.curiosity.1515214347185_zion-mainframe-1515214362261-5cc958c8 try #0
2018-01-05 22:53:16,003 [ZkClient-EventThread-33-localhost:2181] INFO kafka.consumer.ConsumerFetcherManager  - [ConsumerFetcherManager-1515214362308] Stopping leader finder thread
2018-01-05 22:53:16,003 [ZkClient-EventThread-33-localhost:2181] INFO kafka.consumer.ConsumerFetcherManager$LeaderFinderThread  - [space.exploration.mars.rover.curiosity.1515214347185_zion-mainframe-1515214362261-5cc958c8-leader-finder-thread], Shutting down
2018-01-05 22:53:16,007 [ZkClient-EventThread-33-localhost:2181] INFO kafka.consumer.ConsumerFetcherManager$LeaderFinderThread  - [space.exploration.mars.rover.curiosity.1515214347185_zion-mainframe-1515214362261-5cc958c8-leader-finder-thread], Shutdown completed
2018-01-05 22:53:16,008 [ZkClient-EventThread-33-localhost:2181] INFO kafka.consumer.ConsumerFetcherManager  - [ConsumerFetcherManager-1515214362308] Stopping all fetchers
2018-01-05 22:53:16,008 [space.exploration.mars.rover.curiosity.1515214347185_zion-mainframe-1515214362261-5cc958c8-leader-finder-thread] INFO kafka.consumer.ConsumerFetcherManager$LeaderFinderThread  - [space.exploration.mars.rover.curiosity.1515214347185_zion-mainframe-1515214362261-5cc958c8-leader-finder-thread], Stopped 
2018-01-05 22:53:16,008 [ZkClient-EventThread-33-localhost:2181] INFO kafka.consumer.ConsumerFetcherThread  - [ConsumerFetcherThread-space.exploration.mars.rover.curiosity.1515214347185_zion-mainframe-1515214362261-5cc958c8-0-0], Shutting down
2018-01-05 22:53:16,010 [ConsumerFetcherThread-space.exploration.mars.rover.curiosity.1515214347185_zion-mainframe-1515214362261-5cc958c8-0-0] INFO kafka.consumer.ConsumerFetcherThread  - [ConsumerFetcherThread-space.exploration.mars.rover.curiosity.1515214347185_zion-mainframe-1515214362261-5cc958c8-0-0], Stopped 
2018-01-05 22:53:16,010 [ZkClient-EventThread-33-localhost:2181] INFO kafka.consumer.ConsumerFetcherThread  - [ConsumerFetcherThread-space.exploration.mars.rover.curiosity.1515214347185_zion-mainframe-1515214362261-5cc958c8-0-0], Shutdown completed
2018-01-05 22:53:16,314 [ZkClient-EventThread-33-localhost:2181] INFO kafka.consumer.ConsumerFetcherManager  - [ConsumerFetcherManager-1515214362308] All connections stopped
2018-01-05 22:53:16,446 [ZkClient-EventThread-33-localhost:2181] INFO kafka.consumer.ZookeeperConsumerConnector  - [space.exploration.mars.rover.curiosity.1515214347185_zion-mainframe-1515214362261-5cc958c8], Cleared all relevant queues for this fetcher
2018-01-05 22:53:16,452 [ZkClient-EventThread-33-localhost:2181] INFO kafka.consumer.ZookeeperConsumerConnector  - [space.exploration.mars.rover.curiosity.1515214347185_zion-mainframe-1515214362261-5cc958c8], Cleared the data chunks in all the consumer message iterators
2018-01-05 22:53:16,452 [ZkClient-EventThread-33-localhost:2181] INFO kafka.consumer.ZookeeperConsumerConnector  - [space.exploration.mars.rover.curiosity.1515214347185_zion-mainframe-1515214362261-5cc958c8], Committing all offsets after clearing the fetcher queues
2018-01-05 22:53:16,452 [ZkClient-EventThread-33-localhost:2181] INFO kafka.consumer.ZookeeperConsumerConnector  - [space.exploration.mars.rover.curiosity.1515214347185_zion-mainframe-1515214362261-5cc958c8], Releasing partition ownership
2018-01-05 22:53:16,999 [ZkClient-EventThread-33-localhost:2181] INFO kafka.consumer.RangeAssignor  - Consumer space.exploration.mars.rover.curiosity.1515214347185_zion-mainframe-1515214362261-5cc958c8 rebalancing the following partitions: ArrayBuffer(0) for topic earth_to_curiosity_5 with consumers: List(space.exploration.mars.rover.curiosity.1515214347185_zion-mainframe-1515214362261-5cc958c8-0)
2018-01-05 22:53:17,015 [ZkClient-EventThread-33-localhost:2181] INFO kafka.consumer.RangeAssignor  - space.exploration.mars.rover.curiosity.1515214347185_zion-mainframe-1515214362261-5cc958c8-0 attempting to claim partition 0
2018-01-05 22:53:54,778 [roverMain-SendThread(localhost:2181)] INFO org.apache.zookeeper.ClientCnxn  - Client session timed out, have not heard from server in 37788ms for sessionid 0x160c9175b680006, closing socket connection and attempting reconnect
2018-01-05 22:53:54,809 [batteryMonitor] INFO space.exploration.mars.rover.power.BatteryMonitor  - BatteryMonitor performing due diligence. SCET = 1515214392825 Rover state = Listening State
2018-01-05 22:53:54,809 [batteryMonitor] INFO space.exploration.mars.rover.power.BatteryMonitor  -  Battery primaryUnits = 1199 auxiliaryPowerUnits = 100
2018-01-05 22:53:54,809 [radio] ERROR space.exploration.mars.rover.communication.Radio  - Houston, we have a problem!
java.lang.NullPointerException
	at space.exploration.mars.rover.kernel.ListeningState.requestPower(ListeningState.java:168)
	at space.exploration.mars.rover.kernel.ListeningState.receiveMessage(ListeningState.java:77)
	at space.exploration.mars.rover.kernel.Rover.receiveMessage(Rover.java:326)
	at space.exploration.mars.rover.kernel.SleepingState.receiveMessage(SleepingState.java:36)
	at space.exploration.mars.rover.kernel.Rover.receiveMessage(Rover.java:326)
	at space.exploration.mars.rover.communication.Radio.receiveMessage(Radio.java:68)
	at space.exploration.mars.rover.communication.Receiver.run(Receiver.java:67)
2018-01-05 22:53:54,810 [batteryMonitor] INFO space.exploration.mars.rover.power.BatteryMonitor  - BatteryMonitor performing due diligence. SCET = 1515214434810 Rover state = Listening State
2018-01-05 22:53:54,825 [batteryMonitor] INFO space.exploration.mars.rover.power.BatteryMonitor  -  Battery primaryUnits = 1199 auxiliaryPowerUnits = 100
2018-01-05 22:53:54,826 [radio] ERROR space.exploration.mars.rover.communication.Radio  - The following instruction may have been lost.timeStamp: 1515214378554
targets {
  roverModule: 1
  estimatedPowerUsage: 40
  action: "Move"
  auxiliaryData: "\n\005\b\031\020\310\001"
}

