2018-01-27 21:48:14,283 [roverMain] INFO space.exploration.mars.rover.kernel.SpacecraftClock  - Valid utc time ranges are dictated by clockService as follows:
2018-01-27 21:48:14,284 [roverMain] INFO space.exploration.mars.rover.kernel.SpacecraftClock  - APPLICABLE_START_TIME=2000-001T11:58:55.816, APPLICABLE_STOP_TIME=2017-360T19:17:40.149
2018-01-27 21:48:14,284 [roverMain] INFO space.exploration.mars.rover.kernel.SpacecraftClock  - Given UTC = 2016-01-01~00:00:00
2018-01-27 21:48:14,284 [roverMain] INFO space.exploration.mars.rover.kernel.SpacecraftClock  - Please ensure that positionSensor and sclk are synchronized
2018-01-27 21:48:14,291 [roverMain] INFO space.exploration.mars.rover.kernel.SpacecraftClock  - Curiosity internal spacecraft clock started at :: 2016-01-01T06:00:00.000Z
2018-01-27 21:48:14,291 [roverMain] INFO space.exploration.mars.rover.kernel.SpacecraftClock  - Mission duration is set to :: 1 year(s).
2018-01-27 21:48:14,291 [roverMain] INFO space.exploration.mars.rover.kernel.SpacecraftClock  - Mission duration = 31536000000
2018-01-27 21:48:18,462 [roverMain] INFO space.exploration.mars.rover.diagnostics.RoverGarbageCollector  - Starting garbageCollection
2018-01-27 21:48:20,464 [roverMain] INFO space.exploration.mars.rover.kernel.Rover  - Rover current position is = java.awt.Point[x=525,y=100]
2018-01-27 21:48:21,466 [roverMain] INFO space.exploration.mars.rover.sensor.Lidar  - Lidar initialized and ready!
2018-01-27 21:48:22,714 [roverMain] INFO space.exploration.mars.rover.sensor.Camera  - Camera initialized and ready!
2018-01-27 21:48:23,717 [roverMain] INFO space.exploration.mars.rover.sensor.Radar  - Radar configured:: 
2018-01-27 21:48:24,944 [roverMain] INFO space.exploration.mars.rover.power.Battery  - Battery configured, batteryLife:primaryPowerUnits = 1200 auxiliaryPowerUnits = 100 alertThreshold: 100 rechargeTime = 60000
2018-01-27 21:48:25,946 [roverMain] INFO space.exploration.mars.rover.kernel.Rover  - Battery Monitor configured!
2018-01-27 21:48:25,969 [roverMain] INFO org.apache.kafka.clients.producer.ProducerConfig  - ProducerConfig values: 
	metric.reporters = []
	metadata.max.age.ms = 300000
	reconnect.backoff.ms = 50
	sasl.kerberos.ticket.renew.window.factor = 0.8
	bootstrap.servers = [localhost:9092]
	ssl.keystore.type = JKS
	sasl.mechanism = GSSAPI
	max.block.ms = 60000
	interceptor.classes = null
	ssl.truststore.password = null
	client.id = 
	ssl.endpoint.identification.algorithm = null
	request.timeout.ms = 30000
	acks = 1
	receive.buffer.bytes = 32768
	ssl.truststore.type = JKS
	retries = 0
	ssl.truststore.location = null
	ssl.keystore.password = null
	send.buffer.bytes = 131072
	compression.type = none
	metadata.fetch.timeout.ms = 60000
	retry.backoff.ms = 100
	sasl.kerberos.kinit.cmd = /usr/bin/kinit
	buffer.memory = 33554432
	timeout.ms = 30000
	key.serializer = class org.apache.kafka.common.serialization.StringSerializer
	sasl.kerberos.service.name = null
	sasl.kerberos.ticket.renew.jitter = 0.05
	ssl.trustmanager.algorithm = PKIX
	block.on.buffer.full = false
	ssl.key.password = null
	sasl.kerberos.min.time.before.relogin = 60000
	connections.max.idle.ms = 540000
	max.in.flight.requests.per.connection = 5
	metrics.num.samples = 2
	ssl.protocol = TLS
	ssl.provider = null
	ssl.enabled.protocols = [TLSv1.2, TLSv1.1, TLSv1]
	batch.size = 16384
	ssl.keystore.location = null
	ssl.cipher.suites = null
	security.protocol = PLAINTEXT
	max.request.size = 1048576
	value.serializer = class org.apache.kafka.common.serialization.ByteArraySerializer
	ssl.keymanager.algorithm = SunX509
	metrics.sample.window.ms = 30000
	partitioner.class = class org.apache.kafka.clients.producer.internals.DefaultPartitioner
	linger.ms = 0

2018-01-27 21:48:26,040 [roverMain] INFO org.apache.kafka.clients.producer.ProducerConfig  - ProducerConfig values: 
	metric.reporters = []
	metadata.max.age.ms = 300000
	reconnect.backoff.ms = 50
	sasl.kerberos.ticket.renew.window.factor = 0.8
	bootstrap.servers = [localhost:9092]
	ssl.keystore.type = JKS
	sasl.mechanism = GSSAPI
	max.block.ms = 60000
	interceptor.classes = null
	ssl.truststore.password = null
	client.id = producer-1
	ssl.endpoint.identification.algorithm = null
	request.timeout.ms = 30000
	acks = 1
	receive.buffer.bytes = 32768
	ssl.truststore.type = JKS
	retries = 0
	ssl.truststore.location = null
	ssl.keystore.password = null
	send.buffer.bytes = 131072
	compression.type = none
	metadata.fetch.timeout.ms = 60000
	retry.backoff.ms = 100
	sasl.kerberos.kinit.cmd = /usr/bin/kinit
	buffer.memory = 33554432
	timeout.ms = 30000
	key.serializer = class org.apache.kafka.common.serialization.StringSerializer
	sasl.kerberos.service.name = null
	sasl.kerberos.ticket.renew.jitter = 0.05
	ssl.trustmanager.algorithm = PKIX
	block.on.buffer.full = false
	ssl.key.password = null
	sasl.kerberos.min.time.before.relogin = 60000
	connections.max.idle.ms = 540000
	max.in.flight.requests.per.connection = 5
	metrics.num.samples = 2
	ssl.protocol = TLS
	ssl.provider = null
	ssl.enabled.protocols = [TLSv1.2, TLSv1.1, TLSv1]
	batch.size = 16384
	ssl.keystore.location = null
	ssl.cipher.suites = null
	security.protocol = PLAINTEXT
	max.request.size = 1048576
	value.serializer = class org.apache.kafka.common.serialization.ByteArraySerializer
	ssl.keymanager.algorithm = SunX509
	metrics.sample.window.ms = 30000
	partitioner.class = class org.apache.kafka.clients.producer.internals.DefaultPartitioner
	linger.ms = 0

2018-01-27 21:48:26,040 [roverMain] WARN org.apache.kafka.clients.producer.ProducerConfig  - The configuration zookeeper.connect = localhost:2181 was supplied but isn't a known config.
2018-01-27 21:48:26,040 [roverMain] WARN org.apache.kafka.clients.producer.ProducerConfig  - The configuration group.id = space.exploration.mars.rover.curiosity.1517111292017 was supplied but isn't a known config.
2018-01-27 21:48:26,040 [roverMain] WARN org.apache.kafka.clients.producer.ProducerConfig  - The configuration source.topic = earth_to_curiosity_5 was supplied but isn't a known config.
2018-01-27 21:48:26,040 [roverMain] WARN org.apache.kafka.clients.producer.ProducerConfig  - The configuration auto.offset.reset = largest was supplied but isn't a known config.
2018-01-27 21:48:26,041 [roverMain] WARN org.apache.kafka.clients.producer.ProducerConfig  - The configuration metadata.broker.list = localhost:9092 was supplied but isn't a known config.
2018-01-27 21:48:26,041 [roverMain] WARN org.apache.kafka.clients.producer.ProducerConfig  - The configuration destination.topic = curiosity_to_earth_5 was supplied but isn't a known config.
2018-01-27 21:48:26,043 [roverMain] INFO org.apache.kafka.common.utils.AppInfoParser  - Kafka version : 0.10.0.1
2018-01-27 21:48:26,043 [roverMain] INFO org.apache.kafka.common.utils.AppInfoParser  - Kafka commitId : a7a17cdec9eaa6c5
2018-01-27 21:48:26,173 [roverMain] INFO kafka.utils.VerifiableProperties  - Verifying properties
2018-01-27 21:48:26,191 [roverMain] INFO kafka.utils.VerifiableProperties  - Property auto.offset.reset is overridden to largest
2018-01-27 21:48:26,191 [roverMain] WARN kafka.utils.VerifiableProperties  - Property bootstrap.servers is not valid
2018-01-27 21:48:26,192 [roverMain] WARN kafka.utils.VerifiableProperties  - Property destination.topic is not valid
2018-01-27 21:48:26,192 [roverMain] INFO kafka.utils.VerifiableProperties  - Property group.id is overridden to space.exploration.mars.rover.curiosity.1517111292017
2018-01-27 21:48:26,192 [roverMain] WARN kafka.utils.VerifiableProperties  - Property key.serializer is not valid
2018-01-27 21:48:26,192 [roverMain] WARN kafka.utils.VerifiableProperties  - Property metadata.broker.list is not valid
2018-01-27 21:48:26,192 [roverMain] WARN kafka.utils.VerifiableProperties  - Property source.topic is not valid
2018-01-27 21:48:26,192 [roverMain] WARN kafka.utils.VerifiableProperties  - Property value.serializer is not valid
2018-01-27 21:48:26,192 [roverMain] INFO kafka.utils.VerifiableProperties  - Property zookeeper.connect is overridden to localhost:2181
2018-01-27 21:48:26,220 [roverMain] INFO kafka.consumer.ZookeeperConsumerConnector  - [space.exploration.mars.rover.curiosity.1517111292017_zion-mainframe-1517111306220-b865b094], Connecting to zookeeper instance at localhost:2181
2018-01-27 21:48:26,225 [ZkClient-EventThread-29-localhost:2181] INFO org.I0Itec.zkclient.ZkEventThread  - Starting ZkClient event thread.
2018-01-27 21:48:26,228 [roverMain] INFO org.apache.zookeeper.ZooKeeper  - Client environment:zookeeper.version=3.4.6-1569965, built on 02/20/2014 09:09 GMT
2018-01-27 21:48:26,228 [roverMain] INFO org.apache.zookeeper.ZooKeeper  - Client environment:host.name=zion-mainframe
2018-01-27 21:48:26,228 [roverMain] INFO org.apache.zookeeper.ZooKeeper  - Client environment:java.version=1.8.0_151
2018-01-27 21:48:26,228 [roverMain] INFO org.apache.zookeeper.ZooKeeper  - Client environment:java.vendor=Oracle Corporation
2018-01-27 21:48:26,228 [roverMain] INFO org.apache.zookeeper.ZooKeeper  - Client environment:java.home=/usr/lib/jvm/java-8-openjdk-amd64/jre
2018-01-27 21:48:26,228 [roverMain] INFO org.apache.zookeeper.ZooKeeper  - Client environment:java.class.path=target/mars.rover-1.5-SOLSHOT-shaded.jar
2018-01-27 21:48:26,228 [roverMain] INFO org.apache.zookeeper.ZooKeeper  - Client environment:java.library.path=$LD_LIBRARY_PATH:"/home/sanket/Documents/workspace/SpiceUtilities/src/main/resources/JNISpice/lib/libJNISpice.so":/home/sanket/Documents/workspace/SpiceUtilities/src/main/resources/JNISpice/lib/libJNISpice.so:/usr/java/packages/lib/amd64:/usr/lib/x86_64-linux-gnu/jni:/lib/x86_64-linux-gnu:/usr/lib/x86_64-linux-gnu:/usr/lib/jni:/lib:/usr/lib
2018-01-27 21:48:26,228 [roverMain] INFO org.apache.zookeeper.ZooKeeper  - Client environment:java.io.tmpdir=/tmp
2018-01-27 21:48:26,228 [roverMain] INFO org.apache.zookeeper.ZooKeeper  - Client environment:java.compiler=<NA>
2018-01-27 21:48:26,228 [roverMain] INFO org.apache.zookeeper.ZooKeeper  - Client environment:os.name=Linux
2018-01-27 21:48:26,228 [roverMain] INFO org.apache.zookeeper.ZooKeeper  - Client environment:os.arch=amd64
2018-01-27 21:48:26,228 [roverMain] INFO org.apache.zookeeper.ZooKeeper  - Client environment:os.version=4.13.0-32-generic
2018-01-27 21:48:26,228 [roverMain] INFO org.apache.zookeeper.ZooKeeper  - Client environment:user.name=sanket
2018-01-27 21:48:26,228 [roverMain] INFO org.apache.zookeeper.ZooKeeper  - Client environment:user.home=/home/sanket
2018-01-27 21:48:26,229 [roverMain] INFO org.apache.zookeeper.ZooKeeper  - Client environment:user.dir=/home/sanket/Documents/workspace/MarsRover/mars.rover
2018-01-27 21:48:26,229 [roverMain] INFO org.apache.zookeeper.ZooKeeper  - Initiating client connection, connectString=localhost:2181 sessionTimeout=6000 watcher=org.I0Itec.zkclient.ZkClient@3857f613
2018-01-27 21:48:26,236 [roverMain] INFO org.I0Itec.zkclient.ZkClient  - Waiting for keeper state SyncConnected
2018-01-27 21:48:26,242 [roverMain-SendThread(localhost:2181)] INFO org.apache.zookeeper.ClientCnxn  - Opening socket connection to server localhost/127.0.0.1:2181. Will not attempt to authenticate using SASL (unknown error)
2018-01-27 21:48:26,246 [roverMain-SendThread(localhost:2181)] INFO org.apache.zookeeper.ClientCnxn  - Socket connection established to localhost/127.0.0.1:2181, initiating session
2018-01-27 21:48:26,250 [roverMain-SendThread(localhost:2181)] INFO org.apache.zookeeper.ClientCnxn  - Session establishment complete on server localhost/127.0.0.1:2181, sessionid = 0x16139d1194f0012, negotiated timeout = 6000
2018-01-27 21:48:26,251 [roverMain-EventThread] INFO org.I0Itec.zkclient.ZkClient  - zookeeper state changed (SyncConnected)
2018-01-27 21:48:26,258 [roverMain] INFO kafka.consumer.ZookeeperConsumerConnector  - [space.exploration.mars.rover.curiosity.1517111292017_zion-mainframe-1517111306220-b865b094], starting auto committer every 60000 ms
2018-01-27 21:48:26,276 [radio] INFO kafka.consumer.ZookeeperConsumerConnector  - [space.exploration.mars.rover.curiosity.1517111292017_zion-mainframe-1517111306220-b865b094], begin registering consumer space.exploration.mars.rover.curiosity.1517111292017_zion-mainframe-1517111306220-b865b094 in ZK
2018-01-27 21:48:26,292 [radio] INFO kafka.utils.ZKCheckedEphemeral  - Creating /consumers/space.exploration.mars.rover.curiosity.1517111292017/ids/space.exploration.mars.rover.curiosity.1517111292017_zion-mainframe-1517111306220-b865b094 (is it secure? false)
2018-01-27 21:48:26,300 [radio] INFO kafka.utils.ZKCheckedEphemeral  - Result of znode creation is: OK
2018-01-27 21:48:26,301 [radio] INFO kafka.consumer.ZookeeperConsumerConnector  - [space.exploration.mars.rover.curiosity.1517111292017_zion-mainframe-1517111306220-b865b094], end registering consumer space.exploration.mars.rover.curiosity.1517111292017_zion-mainframe-1517111306220-b865b094 in ZK
2018-01-27 21:48:26,304 [space.exploration.mars.rover.curiosity.1517111292017_zion-mainframe-1517111306220-b865b094_watcher_executor] INFO kafka.consumer.ZookeeperConsumerConnector  - [space.exploration.mars.rover.curiosity.1517111292017_zion-mainframe-1517111306220-b865b094], starting watcher executor thread for consumer space.exploration.mars.rover.curiosity.1517111292017_zion-mainframe-1517111306220-b865b094
2018-01-27 21:48:26,317 [radio] INFO kafka.consumer.ZookeeperConsumerConnector  - [space.exploration.mars.rover.curiosity.1517111292017_zion-mainframe-1517111306220-b865b094], begin rebalancing consumer space.exploration.mars.rover.curiosity.1517111292017_zion-mainframe-1517111306220-b865b094 try #0
2018-01-27 21:48:26,435 [radio] INFO kafka.consumer.ConsumerFetcherManager  - [ConsumerFetcherManager-1517111306256] Stopping leader finder thread
2018-01-27 21:48:26,435 [radio] INFO kafka.consumer.ConsumerFetcherManager  - [ConsumerFetcherManager-1517111306256] Stopping all fetchers
2018-01-27 21:48:26,436 [radio] INFO kafka.consumer.ConsumerFetcherManager  - [ConsumerFetcherManager-1517111306256] All connections stopped
2018-01-27 21:48:26,436 [radio] INFO kafka.consumer.ZookeeperConsumerConnector  - [space.exploration.mars.rover.curiosity.1517111292017_zion-mainframe-1517111306220-b865b094], Cleared all relevant queues for this fetcher
2018-01-27 21:48:26,437 [radio] INFO kafka.consumer.ZookeeperConsumerConnector  - [space.exploration.mars.rover.curiosity.1517111292017_zion-mainframe-1517111306220-b865b094], Cleared the data chunks in all the consumer message iterators
2018-01-27 21:48:26,437 [radio] INFO kafka.consumer.ZookeeperConsumerConnector  - [space.exploration.mars.rover.curiosity.1517111292017_zion-mainframe-1517111306220-b865b094], Committing all offsets after clearing the fetcher queues
2018-01-27 21:48:26,437 [radio] INFO kafka.consumer.ZookeeperConsumerConnector  - [space.exploration.mars.rover.curiosity.1517111292017_zion-mainframe-1517111306220-b865b094], Releasing partition ownership
2018-01-27 21:48:26,464 [radio] INFO kafka.consumer.RangeAssignor  - Consumer space.exploration.mars.rover.curiosity.1517111292017_zion-mainframe-1517111306220-b865b094 rebalancing the following partitions: ArrayBuffer(0) for topic earth_to_curiosity_5 with consumers: List(space.exploration.mars.rover.curiosity.1517111292017_zion-mainframe-1517111306220-b865b094-0)
2018-01-27 21:48:26,465 [radio] INFO kafka.consumer.RangeAssignor  - space.exploration.mars.rover.curiosity.1517111292017_zion-mainframe-1517111306220-b865b094-0 attempting to claim partition 0
2018-01-27 21:48:26,489 [radio] INFO kafka.consumer.ZookeeperConsumerConnector  - [space.exploration.mars.rover.curiosity.1517111292017_zion-mainframe-1517111306220-b865b094], space.exploration.mars.rover.curiosity.1517111292017_zion-mainframe-1517111306220-b865b094-0 successfully owned partition 0 for topic earth_to_curiosity_5
2018-01-27 21:48:26,499 [radio] INFO kafka.consumer.ZookeeperConsumerConnector  - [space.exploration.mars.rover.curiosity.1517111292017_zion-mainframe-1517111306220-b865b094], Consumer space.exploration.mars.rover.curiosity.1517111292017_zion-mainframe-1517111306220-b865b094 selected partitions : earth_to_curiosity_5:0: fetched offset = -1: consumed offset = -1
2018-01-27 21:48:26,504 [radio] INFO kafka.consumer.ZookeeperConsumerConnector  - [space.exploration.mars.rover.curiosity.1517111292017_zion-mainframe-1517111306220-b865b094], end rebalancing consumer space.exploration.mars.rover.curiosity.1517111292017_zion-mainframe-1517111306220-b865b094 try #0
2018-01-27 21:48:26,506 [space.exploration.mars.rover.curiosity.1517111292017_zion-mainframe-1517111306220-b865b094-leader-finder-thread] INFO kafka.consumer.ConsumerFetcherManager$LeaderFinderThread  - [space.exploration.mars.rover.curiosity.1517111292017_zion-mainframe-1517111306220-b865b094-leader-finder-thread], Starting 
2018-01-27 21:48:26,518 [space.exploration.mars.rover.curiosity.1517111292017_zion-mainframe-1517111306220-b865b094-leader-finder-thread] INFO kafka.utils.VerifiableProperties  - Verifying properties
2018-01-27 21:48:26,518 [space.exploration.mars.rover.curiosity.1517111292017_zion-mainframe-1517111306220-b865b094-leader-finder-thread] INFO kafka.utils.VerifiableProperties  - Property client.id is overridden to space.exploration.mars.rover.curiosity.1517111292017
2018-01-27 21:48:26,518 [space.exploration.mars.rover.curiosity.1517111292017_zion-mainframe-1517111306220-b865b094-leader-finder-thread] INFO kafka.utils.VerifiableProperties  - Property metadata.broker.list is overridden to zion-mainframe:9092
2018-01-27 21:48:26,518 [space.exploration.mars.rover.curiosity.1517111292017_zion-mainframe-1517111306220-b865b094-leader-finder-thread] INFO kafka.utils.VerifiableProperties  - Property request.timeout.ms is overridden to 30000
2018-01-27 21:48:26,527 [space.exploration.mars.rover.curiosity.1517111292017_zion-mainframe-1517111306220-b865b094-leader-finder-thread] INFO kafka.client.ClientUtils$  - Fetching metadata from broker BrokerEndPoint(0,zion-mainframe,9092) with correlation id 0 for 1 topic(s) Set(earth_to_curiosity_5)
2018-01-27 21:48:26,530 [space.exploration.mars.rover.curiosity.1517111292017_zion-mainframe-1517111306220-b865b094-leader-finder-thread] INFO kafka.producer.SyncProducer  - Connected to zion-mainframe:9092 for producing
2018-01-27 21:48:26,538 [space.exploration.mars.rover.curiosity.1517111292017_zion-mainframe-1517111306220-b865b094-leader-finder-thread] INFO kafka.producer.SyncProducer  - Disconnecting from zion-mainframe:9092
2018-01-27 21:48:26,555 [ConsumerFetcherThread-space.exploration.mars.rover.curiosity.1517111292017_zion-mainframe-1517111306220-b865b094-0-0] INFO kafka.consumer.ConsumerFetcherThread  - [ConsumerFetcherThread-space.exploration.mars.rover.curiosity.1517111292017_zion-mainframe-1517111306220-b865b094-0-0], Starting 
2018-01-27 21:48:26,565 [space.exploration.mars.rover.curiosity.1517111292017_zion-mainframe-1517111306220-b865b094-leader-finder-thread] INFO kafka.consumer.ConsumerFetcherManager  - [ConsumerFetcherManager-1517111306256] Added fetcher for partitions ArrayBuffer([[earth_to_curiosity_5,0], initOffset -1 to broker BrokerEndPoint(0,zion-mainframe,9092)] )
2018-01-27 21:48:27,260 [roverMain] INFO space.exploration.mars.rover.communication.Radio  - Radio configured:: 
group.id::space.exploration.mars.rover.curiosity.1517111292017
auto.offset.reset::largest
bootstrap.servers::localhost:9092
value.serializer::org.apache.kafka.common.serialization.ByteArraySerializer
destination.topic::curiosity_to_earth_5
zookeeper.connect::localhost:2181
key.serializer::org.apache.kafka.common.serialization.StringSerializer
source.topic::earth_to_curiosity_5
metadata.broker.list::localhost:9092
2018-01-27 21:48:28,262 [roverMain] INFO space.exploration.mars.rover.sensor.Radar  - Radar configured:: 
2018-01-27 21:48:34,425 [roverMain] INFO space.exploration.mars.rover.communication.Transmitter  - Sending information packet to curiosity_to_earth_5
2018-01-27 21:48:37,431 [spacecraftClock] INFO space.exploration.mars.rover.sensor.DANSpectrometer  - Commencing calibration for DAN Spectrometer for sol = 1210
2018-01-27 21:48:37,453 [remsCalibrationThread2] INFO space.exploration.mars.rover.sensor.WeatherSensor  - ThreadId = 2 started for remsCalibration for sol = 1210
2018-01-27 21:48:37,453 [remsCalibrationThread0] INFO space.exploration.mars.rover.sensor.WeatherSensor  - ThreadId = 0 started for remsCalibration for sol = 1210
2018-01-27 21:48:37,454 [remsCalibrationThread3] INFO space.exploration.mars.rover.sensor.WeatherSensor  - ThreadId = 3 started for remsCalibration for sol = 1210
2018-01-27 21:48:37,454 [remsCalibrationThread1] INFO space.exploration.mars.rover.sensor.WeatherSensor  - ThreadId = 1 started for remsCalibration for sol = 1210
2018-01-27 21:48:37,454 [remsCalibrationThread4] INFO space.exploration.mars.rover.sensor.WeatherSensor  - ThreadId = 4 started for remsCalibration for sol = 1210
2018-01-27 21:48:37,454 [remsCalibrationThread5] INFO space.exploration.mars.rover.sensor.WeatherSensor  - ThreadId = 5 started for remsCalibration for sol = 1210
2018-01-27 21:48:37,454 [remsCalibrationThread6] INFO space.exploration.mars.rover.sensor.WeatherSensor  - ThreadId = 6 started for remsCalibration for sol = 1210
2018-01-27 21:48:37,471 [remsCalibrationThread7] INFO space.exploration.mars.rover.sensor.WeatherSensor  - ThreadId = 7 started for remsCalibration for sol = 1210
2018-01-27 21:48:37,471 [remsCalibrationThread9] INFO space.exploration.mars.rover.sensor.WeatherSensor  - ThreadId = 9 started for remsCalibration for sol = 1210
2018-01-27 21:48:37,471 [remsCalibrationThread8] INFO space.exploration.mars.rover.sensor.WeatherSensor  - ThreadId = 8 started for remsCalibration for sol = 1210
2018-01-27 21:48:37,483 [remsCalibrationThread12] INFO space.exploration.mars.rover.sensor.WeatherSensor  - ThreadId = 12 started for remsCalibration for sol = 1210
2018-01-27 21:48:37,483 [remsCalibrationThread18] INFO space.exploration.mars.rover.sensor.WeatherSensor  - ThreadId = 18 started for remsCalibration for sol = 1210
2018-01-27 21:48:37,484 [remsCalibrationThread15] INFO space.exploration.mars.rover.sensor.WeatherSensor  - ThreadId = 15 started for remsCalibration for sol = 1210
2018-01-27 21:48:37,484 [remsCalibrationThread17] INFO space.exploration.mars.rover.sensor.WeatherSensor  - ThreadId = 17 started for remsCalibration for sol = 1210
2018-01-27 21:48:37,484 [remsCalibrationThread16] INFO space.exploration.mars.rover.sensor.WeatherSensor  - ThreadId = 16 started for remsCalibration for sol = 1210
2018-01-27 21:48:37,483 [remsCalibrationThread11] INFO space.exploration.mars.rover.sensor.WeatherSensor  - ThreadId = 11 started for remsCalibration for sol = 1210
2018-01-27 21:48:37,483 [remsCalibrationThread14] INFO space.exploration.mars.rover.sensor.WeatherSensor  - ThreadId = 14 started for remsCalibration for sol = 1210
2018-01-27 21:48:37,483 [remsCalibrationThread10] INFO space.exploration.mars.rover.sensor.WeatherSensor  - ThreadId = 10 started for remsCalibration for sol = 1210
2018-01-27 21:48:37,484 [remsCalibrationThread13] INFO space.exploration.mars.rover.sensor.WeatherSensor  - ThreadId = 13 started for remsCalibration for sol = 1210
2018-01-27 21:48:37,485 [remsCalibrationThread19] INFO space.exploration.mars.rover.sensor.WeatherSensor  - ThreadId = 19 started for remsCalibration for sol = 1210
2018-01-27 21:48:37,485 [remsCalibrationThread20] INFO space.exploration.mars.rover.sensor.WeatherSensor  - ThreadId = 20 started for remsCalibration for sol = 1210
2018-01-27 21:48:37,490 [remsCalibrationThread21] INFO space.exploration.mars.rover.sensor.WeatherSensor  - ThreadId = 21 started for remsCalibration for sol = 1210
2018-01-27 21:48:37,490 [remsCalibrationThread22] INFO space.exploration.mars.rover.sensor.WeatherSensor  - ThreadId = 22 started for remsCalibration for sol = 1210
2018-01-27 21:48:37,499 [remsCalibrationThread23] INFO space.exploration.mars.rover.sensor.WeatherSensor  - ThreadId = 23 started for remsCalibration for sol = 1210
2018-01-27 21:48:37,508 [remsCalibrationThread25] INFO space.exploration.mars.rover.sensor.WeatherSensor  - ThreadId = 25 started for remsCalibration for sol = 1210
2018-01-27 21:48:37,509 [remsCalibrationThread26] INFO space.exploration.mars.rover.sensor.WeatherSensor  - ThreadId = 26 started for remsCalibration for sol = 1210
2018-01-27 21:48:37,509 [remsCalibrationThread27] INFO space.exploration.mars.rover.sensor.WeatherSensor  - ThreadId = 27 started for remsCalibration for sol = 1210
2018-01-27 21:48:37,511 [remsCalibrationThread28] INFO space.exploration.mars.rover.sensor.WeatherSensor  - ThreadId = 28 started for remsCalibration for sol = 1210
2018-01-27 21:48:37,513 [remsCalibrationThread24] INFO space.exploration.mars.rover.sensor.WeatherSensor  - ThreadId = 24 started for remsCalibration for sol = 1210
2018-01-27 21:48:37,517 [remsCalibrationThread30] INFO space.exploration.mars.rover.sensor.WeatherSensor  - ThreadId = 30 started for remsCalibration for sol = 1210
2018-01-27 21:48:37,517 [remsCalibrationThread31] INFO space.exploration.mars.rover.sensor.WeatherSensor  - ThreadId = 31 started for remsCalibration for sol = 1210
2018-01-27 21:48:37,518 [remsCalibrationThread33] INFO space.exploration.mars.rover.sensor.WeatherSensor  - ThreadId = 33 started for remsCalibration for sol = 1210
2018-01-27 21:48:37,518 [remsCalibrationThread34] INFO space.exploration.mars.rover.sensor.WeatherSensor  - ThreadId = 34 started for remsCalibration for sol = 1210
2018-01-27 21:48:37,517 [remsCalibrationThread32] INFO space.exploration.mars.rover.sensor.WeatherSensor  - ThreadId = 32 started for remsCalibration for sol = 1210
2018-01-27 21:48:37,518 [remsCalibrationThread29] INFO space.exploration.mars.rover.sensor.WeatherSensor  - ThreadId = 29 started for remsCalibration for sol = 1210
2018-01-27 21:48:37,521 [remsCalibrationThread36] INFO space.exploration.mars.rover.sensor.WeatherSensor  - ThreadId = 36 started for remsCalibration for sol = 1210
2018-01-27 21:48:37,522 [remsCalibrationThread40] INFO space.exploration.mars.rover.sensor.WeatherSensor  - ThreadId = 40 started for remsCalibration for sol = 1210
2018-01-27 21:48:37,522 [remsCalibrationThread37] INFO space.exploration.mars.rover.sensor.WeatherSensor  - ThreadId = 37 started for remsCalibration for sol = 1210
2018-01-27 21:48:37,522 [remsCalibrationThread38] INFO space.exploration.mars.rover.sensor.WeatherSensor  - ThreadId = 38 started for remsCalibration for sol = 1210
2018-01-27 21:48:37,523 [remsCalibrationThread39] INFO space.exploration.mars.rover.sensor.WeatherSensor  - ThreadId = 39 started for remsCalibration for sol = 1210
2018-01-27 21:48:37,522 [remsCalibrationThread35] INFO space.exploration.mars.rover.sensor.WeatherSensor  - ThreadId = 35 started for remsCalibration for sol = 1210
2018-01-27 21:48:37,523 [remsCalibrationThread41] INFO space.exploration.mars.rover.sensor.WeatherSensor  - ThreadId = 41 started for remsCalibration for sol = 1210
2018-01-27 21:48:37,523 [remsCalibrationThread42] INFO space.exploration.mars.rover.sensor.WeatherSensor  - ThreadId = 42 started for remsCalibration for sol = 1210
2018-01-27 21:48:37,524 [remsCalibrationThread43] INFO space.exploration.mars.rover.sensor.WeatherSensor  - ThreadId = 43 started for remsCalibration for sol = 1210
2018-01-27 21:48:37,524 [remsCalibrationThread44] INFO space.exploration.mars.rover.sensor.WeatherSensor  - ThreadId = 44 started for remsCalibration for sol = 1210
2018-01-27 21:48:37,525 [remsCalibrationThread45] INFO space.exploration.mars.rover.sensor.WeatherSensor  - ThreadId = 45 started for remsCalibration for sol = 1210
2018-01-27 21:48:37,525 [remsCalibrationThread46] INFO space.exploration.mars.rover.sensor.WeatherSensor  - ThreadId = 46 started for remsCalibration for sol = 1210
2018-01-27 21:48:37,525 [remsCalibrationThread47] INFO space.exploration.mars.rover.sensor.WeatherSensor  - ThreadId = 47 started for remsCalibration for sol = 1210
2018-01-27 21:48:37,526 [remsCalibrationThread48] INFO space.exploration.mars.rover.sensor.WeatherSensor  - ThreadId = 48 started for remsCalibration for sol = 1210
2018-01-27 21:48:37,526 [remsCalibrationThread49] INFO space.exploration.mars.rover.sensor.WeatherSensor  - ThreadId = 49 started for remsCalibration for sol = 1210
2018-01-27 21:48:37,526 [remsCalibrationThread50] INFO space.exploration.mars.rover.sensor.WeatherSensor  - ThreadId = 50 started for remsCalibration for sol = 1210
2018-01-27 21:48:37,526 [remsCalibrationThread51] INFO space.exploration.mars.rover.sensor.WeatherSensor  - ThreadId = 51 started for remsCalibration for sol = 1210
2018-01-27 21:48:37,527 [remsCalibrationThread52] INFO space.exploration.mars.rover.sensor.WeatherSensor  - ThreadId = 52 started for remsCalibration for sol = 1210
2018-01-27 21:48:37,527 [remsCalibrationThread53] INFO space.exploration.mars.rover.sensor.WeatherSensor  - ThreadId = 53 started for remsCalibration for sol = 1210
2018-01-27 21:48:37,527 [remsCalibrationThread54] INFO space.exploration.mars.rover.sensor.WeatherSensor  - ThreadId = 54 started for remsCalibration for sol = 1210
2018-01-27 21:48:37,528 [remsCalibrationThread55] INFO space.exploration.mars.rover.sensor.WeatherSensor  - ThreadId = 55 started for remsCalibration for sol = 1210
2018-01-27 21:48:37,528 [remsCalibrationThread56] INFO space.exploration.mars.rover.sensor.WeatherSensor  - ThreadId = 56 started for remsCalibration for sol = 1210
2018-01-27 21:48:37,529 [remsCalibrationThread57] INFO space.exploration.mars.rover.sensor.WeatherSensor  - ThreadId = 57 started for remsCalibration for sol = 1210
2018-01-27 21:48:37,529 [remsCalibrationThread58] INFO space.exploration.mars.rover.sensor.WeatherSensor  - ThreadId = 58 started for remsCalibration for sol = 1210
2018-01-27 21:48:37,529 [remsCalibrationThread59] INFO space.exploration.mars.rover.sensor.WeatherSensor  - ThreadId = 59 started for remsCalibration for sol = 1210
2018-01-27 21:48:37,529 [remsCalibrationThread60] INFO space.exploration.mars.rover.sensor.WeatherSensor  - ThreadId = 60 started for remsCalibration for sol = 1210
2018-01-27 21:48:37,530 [remsCalibrationThread61] INFO space.exploration.mars.rover.sensor.WeatherSensor  - ThreadId = 61 started for remsCalibration for sol = 1210
2018-01-27 21:48:37,530 [remsCalibrationThread62] INFO space.exploration.mars.rover.sensor.WeatherSensor  - ThreadId = 62 started for remsCalibration for sol = 1210
2018-01-27 21:48:37,531 [remsCalibrationThread63] INFO space.exploration.mars.rover.sensor.WeatherSensor  - ThreadId = 63 started for remsCalibration for sol = 1210
2018-01-27 21:48:37,538 [remsCalibrationThread64] INFO space.exploration.mars.rover.sensor.WeatherSensor  - ThreadId = 64 started for remsCalibration for sol = 1210
2018-01-27 21:48:37,538 [remsCalibrationThread65] INFO space.exploration.mars.rover.sensor.WeatherSensor  - ThreadId = 65 started for remsCalibration for sol = 1210
2018-01-27 21:48:37,539 [remsCalibrationThread66] INFO space.exploration.mars.rover.sensor.WeatherSensor  - ThreadId = 66 started for remsCalibration for sol = 1210
2018-01-27 21:48:37,539 [remsCalibrationThread67] INFO space.exploration.mars.rover.sensor.WeatherSensor  - ThreadId = 67 started for remsCalibration for sol = 1210
2018-01-27 21:48:37,539 [remsCalibrationThread68] INFO space.exploration.mars.rover.sensor.WeatherSensor  - ThreadId = 68 started for remsCalibration for sol = 1210
2018-01-27 21:48:37,540 [remsCalibrationThread69] INFO space.exploration.mars.rover.sensor.WeatherSensor  - ThreadId = 69 started for remsCalibration for sol = 1210
2018-01-27 21:48:37,540 [remsCalibrationThread70] INFO space.exploration.mars.rover.sensor.WeatherSensor  - ThreadId = 70 started for remsCalibration for sol = 1210
2018-01-27 21:48:37,540 [remsCalibrationThread71] INFO space.exploration.mars.rover.sensor.WeatherSensor  - ThreadId = 71 started for remsCalibration for sol = 1210
2018-01-27 21:48:37,540 [remsCalibrationThread72] INFO space.exploration.mars.rover.sensor.WeatherSensor  - ThreadId = 72 started for remsCalibration for sol = 1210
2018-01-27 21:48:37,540 [remsCalibrationThread73] INFO space.exploration.mars.rover.sensor.WeatherSensor  - ThreadId = 73 started for remsCalibration for sol = 1210
2018-01-27 21:48:37,540 [remsCalibrationThread74] INFO space.exploration.mars.rover.sensor.WeatherSensor  - ThreadId = 74 started for remsCalibration for sol = 1210
2018-01-27 21:48:37,540 [remsCalibrationThread76] INFO space.exploration.mars.rover.sensor.WeatherSensor  - ThreadId = 76 started for remsCalibration for sol = 1210
2018-01-27 21:48:37,540 [remsCalibrationThread75] INFO space.exploration.mars.rover.sensor.WeatherSensor  - ThreadId = 75 started for remsCalibration for sol = 1210
2018-01-27 21:48:37,541 [remsCalibrationThread77] INFO space.exploration.mars.rover.sensor.WeatherSensor  - ThreadId = 77 started for remsCalibration for sol = 1210
2018-01-27 21:48:37,542 [remsCalibrationThread79] INFO space.exploration.mars.rover.sensor.WeatherSensor  - ThreadId = 79 started for remsCalibration for sol = 1210
2018-01-27 21:48:37,542 [remsCalibrationThread80] INFO space.exploration.mars.rover.sensor.WeatherSensor  - ThreadId = 80 started for remsCalibration for sol = 1210
2018-01-27 21:48:37,542 [remsCalibrationThread81] INFO space.exploration.mars.rover.sensor.WeatherSensor  - ThreadId = 81 started for remsCalibration for sol = 1210
2018-01-27 21:48:37,542 [remsCalibrationThread82] INFO space.exploration.mars.rover.sensor.WeatherSensor  - ThreadId = 82 started for remsCalibration for sol = 1210
2018-01-27 21:48:37,542 [remsCalibrationThread83] INFO space.exploration.mars.rover.sensor.WeatherSensor  - ThreadId = 83 started for remsCalibration for sol = 1210
2018-01-27 21:48:37,543 [remsCalibrationThread84] INFO space.exploration.mars.rover.sensor.WeatherSensor  - ThreadId = 84 started for remsCalibration for sol = 1210
2018-01-27 21:48:37,543 [remsCalibrationThread85] INFO space.exploration.mars.rover.sensor.WeatherSensor  - ThreadId = 85 started for remsCalibration for sol = 1210
2018-01-27 21:48:37,543 [remsCalibrationThread86] INFO space.exploration.mars.rover.sensor.WeatherSensor  - ThreadId = 86 started for remsCalibration for sol = 1210
2018-01-27 21:48:37,543 [remsCalibrationThread87] INFO space.exploration.mars.rover.sensor.WeatherSensor  - ThreadId = 87 started for remsCalibration for sol = 1210
2018-01-27 21:48:37,544 [remsCalibrationThread88] INFO space.exploration.mars.rover.sensor.WeatherSensor  - ThreadId = 88 started for remsCalibration for sol = 1210
2018-01-27 21:48:37,544 [remsCalibrationThread89] INFO space.exploration.mars.rover.sensor.WeatherSensor  - ThreadId = 89 started for remsCalibration for sol = 1210
2018-01-27 21:48:37,544 [remsCalibrationThread90] INFO space.exploration.mars.rover.sensor.WeatherSensor  - ThreadId = 90 started for remsCalibration for sol = 1210
2018-01-27 21:48:37,545 [remsCalibrationThread91] INFO space.exploration.mars.rover.sensor.WeatherSensor  - ThreadId = 91 started for remsCalibration for sol = 1210
2018-01-27 21:48:37,545 [remsCalibrationThread92] INFO space.exploration.mars.rover.sensor.WeatherSensor  - ThreadId = 92 started for remsCalibration for sol = 1210
2018-01-27 21:48:37,545 [remsCalibrationThread93] INFO space.exploration.mars.rover.sensor.WeatherSensor  - ThreadId = 93 started for remsCalibration for sol = 1210
2018-01-27 21:48:37,545 [remsCalibrationThread94] INFO space.exploration.mars.rover.sensor.WeatherSensor  - ThreadId = 94 started for remsCalibration for sol = 1210
2018-01-27 21:48:37,545 [remsCalibrationThread95] INFO space.exploration.mars.rover.sensor.WeatherSensor  - ThreadId = 95 started for remsCalibration for sol = 1210
2018-01-27 21:48:37,545 [remsCalibrationThread96] INFO space.exploration.mars.rover.sensor.WeatherSensor  - ThreadId = 96 started for remsCalibration for sol = 1210
2018-01-27 21:48:37,545 [remsCalibrationThread97] INFO space.exploration.mars.rover.sensor.WeatherSensor  - ThreadId = 97 started for remsCalibration for sol = 1210
2018-01-27 21:48:37,546 [remsCalibrationThread98] INFO space.exploration.mars.rover.sensor.WeatherSensor  - ThreadId = 98 started for remsCalibration for sol = 1210
2018-01-27 21:48:37,546 [remsCalibrationThread99] INFO space.exploration.mars.rover.sensor.WeatherSensor  - ThreadId = 99 started for remsCalibration for sol = 1210
2018-01-27 21:48:37,547 [remsCalibrationThread78] INFO space.exploration.mars.rover.sensor.WeatherSensor  - ThreadId = 78 started for remsCalibration for sol = 1210
2018-01-27 21:48:37,983 [spacecraftClock] ERROR space.exploration.mars.rover.service.ApxsDataService  -  Could not find data files for sol = 1210 url = http://pds-geosciences.wustl.edu/msl/msl-m-apxs-4_5-rdr-v1/mslapx_1xxx/data/sol01210/
org.jsoup.HttpStatusException: HTTP error fetching URL. Status=404, URL=http://pds-geosciences.wustl.edu/msl/msl-m-apxs-4_5-rdr-v1/mslapx_1xxx/data/sol01210/
	at org.jsoup.helper.HttpConnection$Response.execute(HttpConnection.java:537)
	at org.jsoup.helper.HttpConnection$Response.execute(HttpConnection.java:493)
	at org.jsoup.helper.HttpConnection.execute(HttpConnection.java:205)
	at org.jsoup.helper.HttpConnection.get(HttpConnection.java:194)
	at space.exploration.mars.rover.service.ApxsDataService.getTargetURL(ApxsDataService.java:51)
	at space.exploration.mars.rover.service.ApxsDataService.<init>(ApxsDataService.java:24)
	at space.exploration.mars.rover.sensor.ApxsSpectrometer.calibrateApxsSpectrometer(ApxsSpectrometer.java:37)
	at space.exploration.mars.rover.kernel.Rover.updateSensors(Rover.java:348)
	at space.exploration.mars.rover.kernel.SpacecraftClock$Clock.run(SpacecraftClock.java:220)
	at java.util.concurrent.Executors$RunnableAdapter.call(Executors.java:511)
	at java.util.concurrent.FutureTask.runAndReset(FutureTask.java:308)
	at java.util.concurrent.ScheduledThreadPoolExecutor$ScheduledFutureTask.access$301(ScheduledThreadPoolExecutor.java:180)
	at java.util.concurrent.ScheduledThreadPoolExecutor$ScheduledFutureTask.run(ScheduledThreadPoolExecutor.java:294)
	at java.util.concurrent.ThreadPoolExecutor.runWorker(ThreadPoolExecutor.java:1149)
	at java.util.concurrent.ThreadPoolExecutor$Worker.run(ThreadPoolExecutor.java:624)
	at java.lang.Thread.run(Thread.java:748)
2018-01-27 21:48:37,990 [spacecraftClock] ERROR space.exploration.mars.rover.sensor.ApxsSpectrometer  - ApxsData not available for sol = 1210
java.net.MalformedURLException
	at java.net.URL.<init>(URL.java:627)
	at java.net.URL.<init>(URL.java:490)
	at java.net.URL.<init>(URL.java:439)
	at space.exploration.mars.rover.utils.ServiceUtil.download(ServiceUtil.java:15)
	at space.exploration.mars.rover.utils.ServiceUtil.downloadCsv(ServiceUtil.java:41)
	at space.exploration.mars.rover.service.ApxsDataService.<init>(ApxsDataService.java:26)
	at space.exploration.mars.rover.sensor.ApxsSpectrometer.calibrateApxsSpectrometer(ApxsSpectrometer.java:37)
	at space.exploration.mars.rover.kernel.Rover.updateSensors(Rover.java:348)
	at space.exploration.mars.rover.kernel.SpacecraftClock$Clock.run(SpacecraftClock.java:220)
	at java.util.concurrent.Executors$RunnableAdapter.call(Executors.java:511)
	at java.util.concurrent.FutureTask.runAndReset(FutureTask.java:308)
	at java.util.concurrent.ScheduledThreadPoolExecutor$ScheduledFutureTask.access$301(ScheduledThreadPoolExecutor.java:180)
	at java.util.concurrent.ScheduledThreadPoolExecutor$ScheduledFutureTask.run(ScheduledThreadPoolExecutor.java:294)
	at java.util.concurrent.ThreadPoolExecutor.runWorker(ThreadPoolExecutor.java:1149)
	at java.util.concurrent.ThreadPoolExecutor$Worker.run(ThreadPoolExecutor.java:624)
	at java.lang.Thread.run(Thread.java:748)
Caused by: java.lang.NullPointerException
	at java.net.URL.<init>(URL.java:532)
	... 15 more
2018-01-27 21:48:37,994 [sleepMonitor] INFO space.exploration.mars.rover.animation.SleepingAnimationEngine  - Rover is sleeping now
2018-01-27 21:48:55,946 [batteryMonitor] INFO space.exploration.mars.rover.power.BatteryMonitor  - BatteryMonitor performing due diligence. SCET = 1517111335946 Rover state = Sleeping State
2018-01-27 21:48:55,946 [batteryMonitor] INFO space.exploration.mars.rover.power.BatteryMonitor  -  Battery primaryUnits = 1200 auxiliaryPowerUnits = 100
2018-01-27 21:49:09,860 [radio] INFO space.exploration.mars.rover.communication.Receiver  - Time Elapsed since last message = 43600
2018-01-27 21:49:09,936 [radio] INFO space.exploration.mars.rover.kernel.PositionSensor  - Houston - this is curiosityActual.ephemerisTime: 5.04881768183909E8
stateCuriosity: -2.21559214601E8
stateCuriosity: -1.12324749552E8
stateCuriosity: -4.1517349577E7
stateCuriosity: 28.452
stateCuriosity: -15.359
stateCuriosity: -7.23
owltMSLEarth: 840.085
stateEarth: 2.21589072234E8
stateEarth: 1.12339887785E8
stateEarth: 4.1522944184E7
stateEarth: -28.465
stateEarth: 15.357
stateEarth: 7.23
owltEarthMSL: 840.198
positionEarthWRTCuriosity: 2.21589072234E8
positionEarthWRTCuriosity: 1.12339887785E8
positionEarthWRTCuriosity: 4.1522944184E7
owltEarthMSL2: 840.198
angSepHGAEarth: 133.605
utcTime: "2016-01-01~00:55:00"
sol: 1210
sclkValue: " 1/01210:04:36:40:39529"

2018-01-27 21:49:09,979 [radio] INFO space.exploration.mars.rover.kernel.PositionSensor  - ephemerisTime: 5.04881768183909E8
stateCuriosity: -2.21559214601E8
stateCuriosity: -1.12324749552E8
stateCuriosity: -4.1517349577E7
stateCuriosity: 28.452
stateCuriosity: -15.359
stateCuriosity: -7.23
owltMSLEarth: 840.085
stateEarth: 2.21589072234E8
stateEarth: 1.12339887785E8
stateEarth: 4.1522944184E7
stateEarth: -28.465
stateEarth: 15.357
stateEarth: 7.23
owltEarthMSL: 840.198
positionEarthWRTCuriosity: 2.21589072234E8
positionEarthWRTCuriosity: 1.12339887785E8
positionEarthWRTCuriosity: 4.1522944184E7
owltEarthMSL2: 840.198
angSepHGAEarth: 133.605
utcTime: "2016-01-01~00:55:00"
sol: 1210
sclkValue: " 1/01210:04:36:40:39529"

2018-01-27 21:49:09,979 [radio] INFO space.exploration.mars.rover.communication.Radio  - One Way Light Time computed by SPICE :: 840.085
2018-01-27 21:49:09,993 [radio] INFO space.exploration.mars.rover.kernel.SleepingState  - Awaking from sleeping state
2018-01-27 21:49:09,994 [radio] INFO space.exploration.mars.rover.animation.SleepingAnimationEngine  - Waking up rover
2018-01-27 21:49:09,994 [sleepBreather] INFO space.exploration.mars.rover.animation.SleepBreather  - Sleep animation interrupted.
2018-01-27 21:49:13,002 [radio] INFO space.exploration.mars.rover.kernel.ListeningState  - timeStamp: 1517111349844
targets {
  roverModule: 5
  estimatedPowerUsage: 30
  action: "Explore"
}

2018-01-27 21:49:19,039 [radio] INFO space.exploration.mars.rover.kernel.ListeningState  - 1517111359039,5,Explore Current instructionQueue length = 0
2018-01-27 21:49:19,039 [radio] INFO space.exploration.mars.rover.kernel.ListeningState  - Rover Curiosity is on a scientific mission!
2018-01-27 21:49:19,040 [radio] ERROR space.exploration.mars.rover.kernel.ApxsSensingState  - ApxsData unavailable for sol = 1210
2018-01-27 21:49:25,122 [radio] INFO space.exploration.mars.rover.kernel.PositionSensor  - Houston - this is curiosityActual.ephemerisTime: 5.0488266818391E8
stateCuriosity: -2.21533604471E8
stateCuriosity: -1.12338564136E8
stateCuriosity: -4.1523853981E7
stateCuriosity: 28.459
stateCuriosity: -15.34
stateCuriosity: -7.224
owltMSLEarth: 840.034
stateEarth: 2.21563450774E8
stateEarth: 1.12353700456E8
stateEarth: 4.1529448253E7
stateEarth: -28.471
stateEarth: 15.338
stateEarth: 7.224
owltEarthMSL: 840.147
positionEarthWRTCuriosity: 2.21563450774E8
positionEarthWRTCuriosity: 1.12353700456E8
positionEarthWRTCuriosity: 4.1529448253E7
owltEarthMSL2: 840.147
angSepHGAEarth: 131.258
utcTime: "2016-01-01~01:10:00"
sol: 1210
sclkValue: " 1/01210:04:51:16:31516"

2018-01-27 21:49:25,162 [radio] INFO space.exploration.mars.rover.kernel.PositionSensor  - ephemerisTime: 5.0488266818391E8
stateCuriosity: -2.21533604471E8
stateCuriosity: -1.12338564136E8
stateCuriosity: -4.1523853981E7
stateCuriosity: 28.459
stateCuriosity: -15.34
stateCuriosity: -7.224
owltMSLEarth: 840.034
stateEarth: 2.21563450774E8
stateEarth: 1.12353700456E8
stateEarth: 4.1529448253E7
stateEarth: -28.471
stateEarth: 15.338
stateEarth: 7.224
owltEarthMSL: 840.147
positionEarthWRTCuriosity: 2.21563450774E8
positionEarthWRTCuriosity: 1.12353700456E8
positionEarthWRTCuriosity: 4.1529448253E7
owltEarthMSL2: 840.147
angSepHGAEarth: 131.258
utcTime: "2016-01-01~01:10:00"
sol: 1210
sclkValue: " 1/01210:04:51:16:31516"

2018-01-27 21:49:25,162 [radio] INFO space.exploration.mars.rover.communication.Radio  - One Way Light Time computed by SPICE :: 840.034
2018-01-27 21:49:25,177 [radio] INFO space.exploration.mars.rover.communication.Transmitter  - Sending information packet to curiosity_to_earth_5
2018-01-27 21:49:28,178 [batteryMonitor] INFO space.exploration.mars.rover.power.BatteryMonitor  - BatteryMonitor performing due diligence. SCET = 1517111365946 Rover state = Listening State
2018-01-27 21:49:28,179 [batteryMonitor] INFO space.exploration.mars.rover.power.BatteryMonitor  -  Battery primaryUnits = 1169 auxiliaryPowerUnits = 100
2018-01-27 21:49:28,233 [pacemaker] INFO space.exploration.mars.rover.kernel.PositionSensor  - Houston - this is curiosityActual.ephemerisTime: 5.0488284818391E8
stateCuriosity: -2.21528481721E8
stateCuriosity: -1.12341325055E8
stateCuriosity: -4.1525154233E7
stateCuriosity: 28.46
stateCuriosity: -15.337
stateCuriosity: -7.223
owltMSLEarth: 840.024
stateEarth: 2.21558325807E8
stateEarth: 1.12356461016E8
stateEarth: 4.1530748447E7
stateEarth: -28.473
stateEarth: 15.335
stateEarth: 7.223
owltEarthMSL: 840.137
positionEarthWRTCuriosity: 2.21558325807E8
positionEarthWRTCuriosity: 1.12356461016E8
positionEarthWRTCuriosity: 4.1530748447E7
owltEarthMSL2: 840.137
angSepHGAEarth: 130.784
utcTime: "2016-01-01~01:13:00"
sol: 1210
sclkValue: " 1/01210:04:54:11:49913"

2018-01-27 21:49:28,274 [pacemaker] INFO space.exploration.mars.rover.kernel.PositionSensor  - ephemerisTime: 5.0488284818391E8
stateCuriosity: -2.21528481721E8
stateCuriosity: -1.12341325055E8
stateCuriosity: -4.1525154233E7
stateCuriosity: 28.46
stateCuriosity: -15.337
stateCuriosity: -7.223
owltMSLEarth: 840.024
stateEarth: 2.21558325807E8
stateEarth: 1.12356461016E8
stateEarth: 4.1530748447E7
stateEarth: -28.473
stateEarth: 15.335
stateEarth: 7.223
owltEarthMSL: 840.137
positionEarthWRTCuriosity: 2.21558325807E8
positionEarthWRTCuriosity: 1.12356461016E8
positionEarthWRTCuriosity: 4.1530748447E7
owltEarthMSL2: 840.137
angSepHGAEarth: 130.784
utcTime: "2016-01-01~01:13:00"
sol: 1210
sclkValue: " 1/01210:04:54:11:49913"

2018-01-27 21:49:28,277 [pacemaker] INFO space.exploration.mars.rover.kernel.SpacecraftClock  - Internal time::2016-01-01T01:14:00.000-06:00 sclk of::1/01210:04:55:09:89379
2018-01-27 21:49:34,401 [pacemaker] INFO space.exploration.mars.rover.kernel.PositionSensor  - Houston - this is curiosityActual.ephemerisTime: 5.0488320818391E8
stateCuriosity: -2.21518235543E8
stateCuriosity: -1.12346844886E8
stateCuriosity: -4.1527754077E7
stateCuriosity: 28.463
stateCuriosity: -15.329
stateCuriosity: -7.221
owltMSLEarth: 840.004
stateEarth: 2.21548075248E8
stateEarth: 1.1236198015E8
stateEarth: 4.1533348183E7
stateEarth: -28.475
stateEarth: 15.327
stateEarth: 7.22
owltEarthMSL: 840.117
positionEarthWRTCuriosity: 2.21548075248E8
positionEarthWRTCuriosity: 1.1236198015E8
positionEarthWRTCuriosity: 4.1533348183E7
owltEarthMSL2: 840.117
angSepHGAEarth: 129.831
utcTime: "2016-01-01~01:20:00"
sol: 1210
sclkValue: " 1/01210:05:00:01:86708"

2018-01-27 21:49:34,445 [pacemaker] INFO space.exploration.mars.rover.kernel.PositionSensor  - ephemerisTime: 5.0488326818391E8
stateCuriosity: -2.21516527761E8
stateCuriosity: -1.12347764597E8
stateCuriosity: -4.1528187297E7
stateCuriosity: 28.463
stateCuriosity: -15.328
stateCuriosity: -7.22
owltMSLEarth: 840.0
stateEarth: 2.21546366743E8
stateEarth: 1.12362899749E8
stateEarth: 4.1533781387E7
stateEarth: -28.475
stateEarth: 15.326
stateEarth: 7.22
owltEarthMSL: 840.113
positionEarthWRTCuriosity: 2.21546366743E8
positionEarthWRTCuriosity: 1.12362899749E8
positionEarthWRTCuriosity: 4.1533781387E7
owltEarthMSL2: 840.113
angSepHGAEarth: 129.671
utcTime: "2016-01-01~01:20:00"
sol: 1210
sclkValue: " 1/01210:05:01:00:26174"

2018-01-27 21:49:34,445 [pacemaker] INFO space.exploration.mars.rover.communication.Radio  - One Way Light Time computed by SPICE :: 840.004
2018-01-27 21:49:34,460 [pacemaker] INFO space.exploration.mars.rover.communication.Transmitter  - Sending information packet to curiosity_to_earth_5
2018-01-27 21:49:55,449 [remsCalibrationKickOff] INFO space.exploration.mars.rover.sensor.WeatherSensor  - Thread id = 0 finished checking urls, file not found. Done status = true
2018-01-27 21:49:55,946 [batteryMonitor] INFO space.exploration.mars.rover.power.BatteryMonitor  - BatteryMonitor performing due diligence. SCET = 1517111395946 Rover state = Listening State
2018-01-27 21:49:55,946 [batteryMonitor] INFO space.exploration.mars.rover.power.BatteryMonitor  -  Battery primaryUnits = 1169 auxiliaryPowerUnits = 100
2018-01-27 21:49:56,051 [remsCalibrationKickOff] INFO space.exploration.mars.rover.sensor.WeatherSensor  - Thread id = 1 finished checking urls, file not found. Done status = true
2018-01-27 21:50:01,803 [remsCalibrationKickOff] INFO space.exploration.mars.rover.sensor.WeatherSensor  - Thread id = 2 finished checking urls, file not found. Done status = true
2018-01-27 21:50:01,884 [remsCalibrationKickOff] INFO space.exploration.mars.rover.sensor.WeatherSensor  - Thread id = 3 finished checking urls, file not found. Done status = true
2018-01-27 21:50:01,884 [remsCalibrationKickOff] INFO space.exploration.mars.rover.sensor.WeatherSensor  - Thread id = 4 finished checking urls, file not found. Done status = true
2018-01-27 21:50:01,884 [remsCalibrationKickOff] INFO space.exploration.mars.rover.sensor.WeatherSensor  - Thread id = 5 finished checking urls, file not found. Done status = true
2018-01-27 21:50:01,884 [remsCalibrationKickOff] INFO space.exploration.mars.rover.sensor.WeatherSensor  - Thread id = 6 finished checking urls, file not found. Done status = true
2018-01-27 21:50:01,884 [remsCalibrationKickOff] INFO space.exploration.mars.rover.sensor.WeatherSensor  - Thread id = 7 finished checking urls, file not found. Done status = true
2018-01-27 21:50:01,884 [remsCalibrationKickOff] INFO space.exploration.mars.rover.sensor.WeatherSensor  - Thread id = 8 finished checking urls, file not found. Done status = true
2018-01-27 21:50:01,884 [remsCalibrationKickOff] INFO space.exploration.mars.rover.sensor.WeatherSensor  - Thread id = 9 finished checking urls, file not found. Done status = true
2018-01-27 21:50:01,884 [remsCalibrationKickOff] INFO space.exploration.mars.rover.sensor.WeatherSensor  - Thread id = 10 finished checking urls, file not found. Done status = true
2018-01-27 21:50:01,884 [remsCalibrationKickOff] INFO space.exploration.mars.rover.sensor.WeatherSensor  - Thread id = 11 finished checking urls, file not found. Done status = true
2018-01-27 21:50:01,884 [remsCalibrationKickOff] INFO space.exploration.mars.rover.sensor.WeatherSensor  - Thread id = 12 finished checking urls, file not found. Done status = true
2018-01-27 21:50:01,884 [remsCalibrationKickOff] INFO space.exploration.mars.rover.sensor.WeatherSensor  - Thread id = 13 finished checking urls, file not found. Done status = true
2018-01-27 21:50:01,884 [remsCalibrationKickOff] INFO space.exploration.mars.rover.sensor.WeatherSensor  - Thread id = 14 finished checking urls, file not found. Done status = true
2018-01-27 21:50:02,113 [remsCalibrationKickOff] INFO space.exploration.mars.rover.sensor.WeatherSensor  - Thread id = 15 finished checking urls, file not found. Done status = true
2018-01-27 21:50:02,113 [remsCalibrationKickOff] INFO space.exploration.mars.rover.sensor.WeatherSensor  - Thread id = 16 finished checking urls, file not found. Done status = true
2018-01-27 21:50:02,113 [remsCalibrationKickOff] INFO space.exploration.mars.rover.sensor.WeatherSensor  - Thread id = 17 finished checking urls, file not found. Done status = true
2018-01-27 21:50:02,113 [remsCalibrationKickOff] INFO space.exploration.mars.rover.sensor.WeatherSensor  - Thread id = 18 finished checking urls, file not found. Done status = true
2018-01-27 21:50:02,113 [remsCalibrationKickOff] INFO space.exploration.mars.rover.sensor.WeatherSensor  - Thread id = 19 finished checking urls, file not found. Done status = true
2018-01-27 21:50:02,113 [remsCalibrationKickOff] INFO space.exploration.mars.rover.sensor.WeatherSensor  - Thread id = 20 finished checking urls, file not found. Done status = true
2018-01-27 21:50:02,113 [remsCalibrationKickOff] INFO space.exploration.mars.rover.sensor.WeatherSensor  - Thread id = 21 finished checking urls, file not found. Done status = true
2018-01-27 21:50:02,113 [remsCalibrationKickOff] INFO space.exploration.mars.rover.sensor.WeatherSensor  - Thread id = 22 finished checking urls, file not found. Done status = true
2018-01-27 21:50:02,113 [remsCalibrationKickOff] INFO space.exploration.mars.rover.sensor.WeatherSensor  - Thread id = 23 finished checking urls, file not found. Done status = true
2018-01-27 21:50:02,113 [remsCalibrationKickOff] INFO space.exploration.mars.rover.sensor.WeatherSensor  - Thread id = 24 finished checking urls, file not found. Done status = true
2018-01-27 21:50:02,113 [remsCalibrationKickOff] INFO space.exploration.mars.rover.sensor.WeatherSensor  - Thread id = 25 finished checking urls, file not found. Done status = true
2018-01-27 21:50:02,113 [remsCalibrationKickOff] INFO space.exploration.mars.rover.sensor.WeatherSensor  - Thread id = 26 finished checking urls, file not found. Done status = true
2018-01-27 21:50:02,114 [remsCalibrationKickOff] INFO space.exploration.mars.rover.sensor.WeatherSensor  - Thread id = 27 finished checking urls, file not found. Done status = true
2018-01-27 21:50:02,114 [remsCalibrationKickOff] INFO space.exploration.mars.rover.sensor.WeatherSensor  - Thread id = 28 finished checking urls, file not found. Done status = true
2018-01-27 21:50:02,114 [remsCalibrationKickOff] INFO space.exploration.mars.rover.sensor.WeatherSensor  - Thread id = 29 finished checking urls, file not found. Done status = true
2018-01-27 21:50:02,114 [remsCalibrationKickOff] INFO space.exploration.mars.rover.sensor.WeatherSensor  - Thread id = 30 finished checking urls, file not found. Done status = true
2018-01-27 21:50:02,114 [remsCalibrationKickOff] INFO space.exploration.mars.rover.sensor.WeatherSensor  - Thread id = 31 finished checking urls, file not found. Done status = true
2018-01-27 21:50:02,114 [remsCalibrationKickOff] INFO space.exploration.mars.rover.sensor.WeatherSensor  - Thread id = 32 finished checking urls, file not found. Done status = true
2018-01-27 21:50:02,114 [remsCalibrationKickOff] INFO space.exploration.mars.rover.sensor.WeatherSensor  - Thread id = 33 finished checking urls, file not found. Done status = true
2018-01-27 21:50:02,114 [remsCalibrationKickOff] INFO space.exploration.mars.rover.sensor.WeatherSensor  - Thread id = 34 finished checking urls, file not found. Done status = true
2018-01-27 21:50:02,114 [remsCalibrationKickOff] INFO space.exploration.mars.rover.sensor.WeatherSensor  - Thread id = 35 finished checking urls, file not found. Done status = true
2018-01-27 21:50:02,114 [remsCalibrationKickOff] INFO space.exploration.mars.rover.sensor.WeatherSensor  - Thread id = 36 finished checking urls, file not found. Done status = true
2018-01-27 21:50:02,114 [remsCalibrationKickOff] INFO space.exploration.mars.rover.sensor.WeatherSensor  - Thread id = 37 finished checking urls, file not found. Done status = true
2018-01-27 21:50:02,114 [remsCalibrationKickOff] INFO space.exploration.mars.rover.sensor.WeatherSensor  - Thread id = 38 finished checking urls, file not found. Done status = true
2018-01-27 21:50:02,114 [remsCalibrationKickOff] INFO space.exploration.mars.rover.sensor.WeatherSensor  - Thread id = 39 finished checking urls, file not found. Done status = true
2018-01-27 21:50:02,114 [remsCalibrationKickOff] INFO space.exploration.mars.rover.sensor.WeatherSensor  - Thread id = 40 finished checking urls, file not found. Done status = true
2018-01-27 21:50:02,114 [remsCalibrationKickOff] INFO space.exploration.mars.rover.sensor.WeatherSensor  - Thread id = 41 finished checking urls, file not found. Done status = true
2018-01-27 21:50:02,115 [remsCalibrationKickOff] INFO space.exploration.mars.rover.sensor.WeatherSensor  - Thread id = 42 finished checking urls, file not found. Done status = true
2018-01-27 21:50:02,115 [remsCalibrationKickOff] INFO space.exploration.mars.rover.sensor.WeatherSensor  - Thread id = 43 finished checking urls, file not found. Done status = true
2018-01-27 21:50:02,115 [remsCalibrationKickOff] INFO space.exploration.mars.rover.sensor.WeatherSensor  - Thread id = 44 finished checking urls, file not found. Done status = true
2018-01-27 21:50:02,115 [remsCalibrationKickOff] INFO space.exploration.mars.rover.sensor.WeatherSensor  - Thread id = 45 finished checking urls, file not found. Done status = true
2018-01-27 21:50:02,115 [remsCalibrationKickOff] INFO space.exploration.mars.rover.sensor.WeatherSensor  - Thread id = 46 finished checking urls, file not found. Done status = true
2018-01-27 21:50:02,115 [remsCalibrationKickOff] INFO space.exploration.mars.rover.sensor.WeatherSensor  - Thread id = 47 finished checking urls, file not found. Done status = true
2018-01-27 21:50:02,115 [remsCalibrationKickOff] INFO space.exploration.mars.rover.sensor.WeatherSensor  - Thread id = 48 finished checking urls, file not found. Done status = true
2018-01-27 21:50:02,115 [remsCalibrationKickOff] INFO space.exploration.mars.rover.sensor.WeatherSensor  - Thread id = 49 finished checking urls, file not found. Done status = true
2018-01-27 21:50:02,115 [remsCalibrationKickOff] INFO space.exploration.mars.rover.sensor.WeatherSensor  - Thread id = 50 finished checking urls, file not found. Done status = true
2018-01-27 21:50:02,115 [remsCalibrationKickOff] INFO space.exploration.mars.rover.sensor.WeatherSensor  - Thread id = 51 finished checking urls, file not found. Done status = true
2018-01-27 21:50:02,115 [remsCalibrationKickOff] INFO space.exploration.mars.rover.sensor.WeatherSensor  - Thread id = 52 finished checking urls, file not found. Done status = true
2018-01-27 21:50:02,115 [remsCalibrationKickOff] INFO space.exploration.mars.rover.sensor.WeatherSensor  - Thread id = 53 finished checking urls, file not found. Done status = true
2018-01-27 21:50:02,115 [remsCalibrationKickOff] INFO space.exploration.mars.rover.sensor.WeatherSensor  - Thread id = 54 finished checking urls, file not found. Done status = true
2018-01-27 21:50:02,115 [remsCalibrationKickOff] INFO space.exploration.mars.rover.sensor.WeatherSensor  - Thread id = 55 finished checking urls, file not found. Done status = true
2018-01-27 21:50:02,115 [remsCalibrationKickOff] INFO space.exploration.mars.rover.sensor.WeatherSensor  - Thread id = 56 finished checking urls, file not found. Done status = true
2018-01-27 21:50:02,116 [remsCalibrationKickOff] INFO space.exploration.mars.rover.sensor.WeatherSensor  - Thread id = 57 finished checking urls, file not found. Done status = true
2018-01-27 21:50:02,116 [remsCalibrationKickOff] INFO space.exploration.mars.rover.sensor.WeatherSensor  - Thread id = 58 finished checking urls, file not found. Done status = true
2018-01-27 21:50:02,116 [remsCalibrationKickOff] INFO space.exploration.mars.rover.sensor.WeatherSensor  - Thread id = 59 finished checking urls, file not found. Done status = true
2018-01-27 21:50:02,116 [remsCalibrationKickOff] INFO space.exploration.mars.rover.sensor.WeatherSensor  - Thread id = 60 finished checking urls, file not found. Done status = true
2018-01-27 21:50:02,116 [remsCalibrationKickOff] INFO space.exploration.mars.rover.sensor.WeatherSensor  - Thread id = 61 finished checking urls, file not found. Done status = true
2018-01-27 21:50:02,116 [remsCalibrationKickOff] INFO space.exploration.mars.rover.sensor.WeatherSensor  - Thread id = 62 finished checking urls, file not found. Done status = true
2018-01-27 21:50:02,116 [remsCalibrationKickOff] INFO space.exploration.mars.rover.sensor.WeatherSensor  - Thread id = 63 finished checking urls, file not found. Done status = true
2018-01-27 21:50:02,116 [remsCalibrationKickOff] INFO space.exploration.mars.rover.sensor.WeatherSensor  - Thread id = 64 finished checking urls, file not found. Done status = true
2018-01-27 21:50:02,116 [remsCalibrationKickOff] INFO space.exploration.mars.rover.sensor.WeatherSensor  - Thread id = 65 finished checking urls, file not found. Done status = true
2018-01-27 21:50:02,116 [remsCalibrationKickOff] INFO space.exploration.mars.rover.sensor.WeatherSensor  - Thread id = 66 finished checking urls, file not found. Done status = true
2018-01-27 21:50:02,116 [remsCalibrationKickOff] INFO space.exploration.mars.rover.sensor.WeatherSensor  - Thread id = 67 finished checking urls, file not found. Done status = true
2018-01-27 21:50:02,116 [remsCalibrationKickOff] INFO space.exploration.mars.rover.sensor.WeatherSensor  - Thread id = 68 finished checking urls, file not found. Done status = true
2018-01-27 21:50:02,116 [remsCalibrationKickOff] INFO space.exploration.mars.rover.sensor.WeatherSensor  - Thread id = 69 finished checking urls, file not found. Done status = true
2018-01-27 21:50:02,116 [remsCalibrationKickOff] INFO space.exploration.mars.rover.sensor.WeatherSensor  - Thread id = 70 finished checking urls, file not found. Done status = true
2018-01-27 21:50:02,116 [remsCalibrationKickOff] INFO space.exploration.mars.rover.sensor.WeatherSensor  - Thread id = 71 finished checking urls, file not found. Done status = true
2018-01-27 21:50:02,116 [remsCalibrationKickOff] INFO space.exploration.mars.rover.sensor.WeatherSensor  - Thread id = 72 finished checking urls, file not found. Done status = true
2018-01-27 21:50:02,116 [remsCalibrationKickOff] INFO space.exploration.mars.rover.sensor.WeatherSensor  - Thread id = 73 finished checking urls, file not found. Done status = true
2018-01-27 21:50:02,116 [remsCalibrationKickOff] INFO space.exploration.mars.rover.sensor.WeatherSensor  - Thread id = 74 finished checking urls, file not found. Done status = true
2018-01-27 21:50:02,116 [remsCalibrationKickOff] INFO space.exploration.mars.rover.sensor.WeatherSensor  - Thread id = 75 finished checking urls, file not found. Done status = true
2018-01-27 21:50:02,116 [remsCalibrationKickOff] INFO space.exploration.mars.rover.sensor.WeatherSensor  - Thread id = 76 finished checking urls, file not found. Done status = true
2018-01-27 21:50:02,116 [remsCalibrationKickOff] INFO space.exploration.mars.rover.sensor.WeatherSensor  - Thread id = 77 finished checking urls, file not found. Done status = true
2018-01-27 21:50:02,116 [remsCalibrationKickOff] INFO space.exploration.mars.rover.sensor.WeatherSensor  - Thread id = 78 finished checking urls, file not found. Done status = true
2018-01-27 21:50:02,117 [remsCalibrationKickOff] INFO space.exploration.mars.rover.sensor.WeatherSensor  - Thread id = 79 finished checking urls, file not found. Done status = true
2018-01-27 21:50:02,117 [remsCalibrationKickOff] INFO space.exploration.mars.rover.sensor.WeatherSensor  - Thread id = 80 finished checking urls, file not found. Done status = true
2018-01-27 21:50:02,117 [remsCalibrationKickOff] INFO space.exploration.mars.rover.sensor.WeatherSensor  - Thread id = 81 finished checking urls, file not found. Done status = true
2018-01-27 21:50:02,117 [remsCalibrationKickOff] INFO space.exploration.mars.rover.sensor.WeatherSensor  - Thread id = 82 finished checking urls, file not found. Done status = true
2018-01-27 21:50:02,117 [remsCalibrationKickOff] INFO space.exploration.mars.rover.sensor.WeatherSensor  - Thread id = 83 finished checking urls, file not found. Done status = true
2018-01-27 21:50:02,117 [remsCalibrationKickOff] INFO space.exploration.mars.rover.sensor.WeatherSensor  - Thread id = 84 finished checking urls, file not found. Done status = true
2018-01-27 21:50:02,117 [remsCalibrationKickOff] INFO space.exploration.mars.rover.sensor.WeatherSensor  - Thread id = 85 finished checking urls, file not found. Done status = true
2018-01-27 21:50:02,117 [remsCalibrationKickOff] INFO space.exploration.mars.rover.sensor.WeatherSensor  - Thread id = 86 finished checking urls, file not found. Done status = true
2018-01-27 21:50:02,117 [remsCalibrationKickOff] INFO space.exploration.mars.rover.sensor.WeatherSensor  - Thread id = 87 finished checking urls, file not found. Done status = true
2018-01-27 21:50:02,219 [remsCalibrationKickOff] INFO space.exploration.mars.rover.sensor.WeatherSensor  - Thread id = 88 finished checking urls, file not found. Done status = true
2018-01-27 21:50:02,220 [remsCalibrationKickOff] INFO space.exploration.mars.rover.sensor.WeatherSensor  - Thread id = 89 finished checking urls, file not found. Done status = true
2018-01-27 21:50:02,220 [remsCalibrationKickOff] INFO space.exploration.mars.rover.sensor.WeatherSensor  - Thread id = 90 finished checking urls, file not found. Done status = true
2018-01-27 21:50:02,220 [remsCalibrationKickOff] INFO space.exploration.mars.rover.sensor.WeatherSensor  - Thread id = 91 finished checking urls, file not found. Done status = true
2018-01-27 21:50:02,220 [remsCalibrationKickOff] INFO space.exploration.mars.rover.sensor.WeatherSensor  - Thread id = 92 finished checking urls, file not found. Done status = true
2018-01-27 21:50:02,220 [remsCalibrationKickOff] INFO space.exploration.mars.rover.sensor.WeatherSensor  - Thread id = 93 finished checking urls, file not found. Done status = true
2018-01-27 21:50:02,220 [remsCalibrationKickOff] INFO space.exploration.mars.rover.sensor.WeatherSensor  - Thread id = 94 finished checking urls, file not found. Done status = true
2018-01-27 21:50:02,220 [remsCalibrationKickOff] INFO space.exploration.mars.rover.sensor.WeatherSensor  - Thread id = 95 finished checking urls, file not found. Done status = true
2018-01-27 21:50:02,220 [remsCalibrationKickOff] INFO space.exploration.mars.rover.sensor.WeatherSensor  - Thread id = 96 finished checking urls, file not found. Done status = true
2018-01-27 21:50:02,220 [remsCalibrationKickOff] INFO space.exploration.mars.rover.sensor.WeatherSensor  - Thread id = 97 finished checking urls, file not found. Done status = true
2018-01-27 21:50:02,220 [remsCalibrationKickOff] INFO space.exploration.mars.rover.sensor.WeatherSensor  - Thread id = 98 finished checking urls, file not found. Done status = true
2018-01-27 21:50:02,220 [remsCalibrationKickOff] INFO space.exploration.mars.rover.sensor.WeatherSensor  - Thread id = 99 finished checking urls, file not found. Done status = true
2018-01-27 21:50:02,220 [remsCalibrationKickOff] INFO space.exploration.mars.rover.sensor.WeatherSensor  - REMS finished calibration. Time taken = 6420.000003039837 seconds. Calibration successful = false
2018-01-27 21:50:16,512 [pacemaker] INFO space.exploration.mars.rover.kernel.PositionSensor  - Houston - this is curiosityActual.ephemerisTime: 5.04885788183911E8
stateCuriosity: -2.21444782138E8
stateCuriosity: -1.12386324828E8
stateCuriosity: -4.1546358053E7
stateCuriosity: 28.477
stateCuriosity: -15.275
stateCuriosity: -7.2
owltMSLEarth: 839.857
stateEarth: 2.21474592641E8
stateEarth: 1.12401456112E8
stateEarth: 4.1551951763E7
stateEarth: -28.487
stateEarth: 15.274
stateEarth: 7.2
owltEarthMSL: 839.97
positionEarthWRTCuriosity: 2.21474592641E8
positionEarthWRTCuriosity: 1.12401456112E8
positionEarthWRTCuriosity: 4.1551951763E7
owltEarthMSL2: 839.97
angSepHGAEarth: 122.87
utcTime: "2016-01-01~02:02:00"
sol: 1210
sclkValue: " 1/01210:05:41:52:83737"

2018-01-27 21:50:16,553 [pacemaker] INFO space.exploration.mars.rover.kernel.PositionSensor  - ephemerisTime: 5.04885788183911E8
stateCuriosity: -2.21444782138E8
stateCuriosity: -1.12386324828E8
stateCuriosity: -4.1546358053E7
stateCuriosity: 28.477
stateCuriosity: -15.275
stateCuriosity: -7.2
owltMSLEarth: 839.857
stateEarth: 2.21474592641E8
stateEarth: 1.12401456112E8
stateEarth: 4.1551951763E7
stateEarth: -28.487
stateEarth: 15.274
stateEarth: 7.2
owltEarthMSL: 839.97
positionEarthWRTCuriosity: 2.21474592641E8
positionEarthWRTCuriosity: 1.12401456112E8
positionEarthWRTCuriosity: 4.1551951763E7
owltEarthMSL2: 839.97
angSepHGAEarth: 122.87
utcTime: "2016-01-01~02:02:00"
sol: 1210
sclkValue: " 1/01210:05:41:52:83737"

2018-01-27 21:50:16,553 [pacemaker] INFO space.exploration.mars.rover.kernel.SpacecraftClock  - Internal time::2016-01-01T02:03:00.000-06:00 sclk of::1/01210:05:42:51:23203
2018-01-27 21:50:22,671 [pacemaker] INFO space.exploration.mars.rover.kernel.PositionSensor  - Houston - this is curiosityActual.ephemerisTime: 5.04886148183911E8
stateCuriosity: -2.21434530294E8
stateCuriosity: -1.12391822618E8
stateCuriosity: -4.1548949661E7
stateCuriosity: 28.478
stateCuriosity: -15.268
stateCuriosity: -7.197
owltMSLEarth: 839.837
stateEarth: 2.21464337054E8
stateEarth: 1.12406953499E8
stateEarth: 4.1554543371E7
stateEarth: -28.488
stateEarth: 15.267
stateEarth: 7.197
owltEarthMSL: 839.95
positionEarthWRTCuriosity: 2.21464337054E8
positionEarthWRTCuriosity: 1.12406953499E8
positionEarthWRTCuriosity: 4.1554543371E7
owltEarthMSL2: 839.95
angSepHGAEarth: 121.887
utcTime: "2016-01-01~02:08:00"
sol: 1210
sclkValue: " 1/01210:05:47:43:20532"

2018-01-27 21:50:22,711 [pacemaker] INFO space.exploration.mars.rover.kernel.PositionSensor  - ephemerisTime: 5.04886148183911E8
stateCuriosity: -2.21434530294E8
stateCuriosity: -1.12391822618E8
stateCuriosity: -4.1548949661E7
stateCuriosity: 28.478
stateCuriosity: -15.268
stateCuriosity: -7.197
owltMSLEarth: 839.837
stateEarth: 2.21464337054E8
stateEarth: 1.12406953499E8
stateEarth: 4.1554543371E7
stateEarth: -28.488
stateEarth: 15.267
stateEarth: 7.197
owltEarthMSL: 839.95
positionEarthWRTCuriosity: 2.21464337054E8
positionEarthWRTCuriosity: 1.12406953499E8
positionEarthWRTCuriosity: 4.1554543371E7
owltEarthMSL2: 839.95
angSepHGAEarth: 121.887
utcTime: "2016-01-01~02:08:00"
sol: 1210
sclkValue: " 1/01210:05:47:43:20532"

2018-01-27 21:50:22,711 [pacemaker] INFO space.exploration.mars.rover.communication.Radio  - One Way Light Time computed by SPICE :: 839.837
2018-01-27 21:50:22,725 [pacemaker] INFO space.exploration.mars.rover.communication.Transmitter  - Sending information packet to curiosity_to_earth_5
2018-01-27 21:50:25,946 [batteryMonitor] INFO space.exploration.mars.rover.power.BatteryMonitor  - BatteryMonitor performing due diligence. SCET = 1517111425946 Rover state = Listening State
2018-01-27 21:50:25,947 [batteryMonitor] INFO space.exploration.mars.rover.power.BatteryMonitor  -  Battery primaryUnits = 1168 auxiliaryPowerUnits = 100
2018-01-27 21:50:55,946 [batteryMonitor] INFO space.exploration.mars.rover.power.BatteryMonitor  - BatteryMonitor performing due diligence. SCET = 1517111455946 Rover state = Listening State
2018-01-27 21:50:55,946 [batteryMonitor] INFO space.exploration.mars.rover.power.BatteryMonitor  -  Battery primaryUnits = 1168 auxiliaryPowerUnits = 100
2018-01-27 21:51:16,543 [pacemaker] INFO space.exploration.mars.rover.kernel.PositionSensor  - Houston - this is curiosityActual.ephemerisTime: 5.04889388183912E8
stateCuriosity: -2.21342248551E8
stateCuriosity: -1.12441181828E8
stateCuriosity: -4.1572220048E7
stateCuriosity: 28.484
stateCuriosity: -15.201
stateCuriosity: -7.166
owltMSLEarth: 839.652
stateEarth: 2.21372025708E8
stateEarth: 1.12456310983E8
stateEarth: 4.1577814446E7
stateEarth: -28.492
stateEarth: 15.201
stateEarth: 7.167
owltEarthMSL: 839.765
positionEarthWRTCuriosity: 2.21372025708E8
positionEarthWRTCuriosity: 1.12456310983E8
positionEarthWRTCuriosity: 4.1577814446E7
owltEarthMSL2: 839.765
angSepHGAEarth: 113.012
utcTime: "2016-01-01~03:02:00"
sol: 1210
sclkValue: " 1/01210:06:40:16:51684"

2018-01-27 21:51:16,619 [pacemaker] INFO space.exploration.mars.rover.kernel.PositionSensor  - ephemerisTime: 5.04889388183912E8
stateCuriosity: -2.21342248551E8
stateCuriosity: -1.12441181828E8
stateCuriosity: -4.1572220048E7
stateCuriosity: 28.484
stateCuriosity: -15.201
stateCuriosity: -7.166
owltMSLEarth: 839.652
stateEarth: 2.21372025708E8
stateEarth: 1.12456310983E8
stateEarth: 4.1577814446E7
stateEarth: -28.492
stateEarth: 15.201
stateEarth: 7.167
owltEarthMSL: 839.765
positionEarthWRTCuriosity: 2.21372025708E8
positionEarthWRTCuriosity: 1.12456310983E8
positionEarthWRTCuriosity: 4.1577814446E7
owltEarthMSL2: 839.765
angSepHGAEarth: 113.012
utcTime: "2016-01-01~03:02:00"
sol: 1210
sclkValue: " 1/01210:06:40:16:51684"

2018-01-27 21:51:16,620 [pacemaker] INFO space.exploration.mars.rover.kernel.SpacecraftClock  - Internal time::2016-01-01T03:03:00.000-06:00 sclk of::1/01210:06:41:14:91150
2018-01-27 21:51:22,684 [pacemaker] INFO space.exploration.mars.rover.kernel.PositionSensor  - Houston - this is curiosityActual.ephemerisTime: 5.04889748183912E8
stateCuriosity: -2.21331994261E8
stateCuriosity: -1.12446652913E8
stateCuriosity: -4.1574799206E7
stateCuriosity: 28.484
stateCuriosity: -15.194
stateCuriosity: -7.162
owltMSLEarth: 839.632
stateEarth: 2.2136176861E8
stateEarth: 1.12461782101E8
stateEarth: 4.158039376E7
stateEarth: -28.492
stateEarth: 15.194
stateEarth: 7.163
owltEarthMSL: 839.745
positionEarthWRTCuriosity: 2.2136176861E8
positionEarthWRTCuriosity: 1.12461782101E8
positionEarthWRTCuriosity: 4.158039376E7
owltEarthMSL2: 839.745
angSepHGAEarth: 112.029
utcTime: "2016-01-01~03:08:00"
sol: 1210
sclkValue: " 1/01210:06:46:06:88479"

2018-01-27 21:51:22,728 [pacemaker] INFO space.exploration.mars.rover.kernel.PositionSensor  - ephemerisTime: 5.04889748183912E8
stateCuriosity: -2.21331994261E8
stateCuriosity: -1.12446652913E8
stateCuriosity: -4.1574799206E7
stateCuriosity: 28.484
stateCuriosity: -15.194
stateCuriosity: -7.162
owltMSLEarth: 839.632
stateEarth: 2.2136176861E8
stateEarth: 1.12461782101E8
stateEarth: 4.158039376E7
stateEarth: -28.492
stateEarth: 15.194
stateEarth: 7.163
owltEarthMSL: 839.745
positionEarthWRTCuriosity: 2.2136176861E8
positionEarthWRTCuriosity: 1.12461782101E8
positionEarthWRTCuriosity: 4.158039376E7
owltEarthMSL2: 839.745
angSepHGAEarth: 112.029
utcTime: "2016-01-01~03:08:00"
sol: 1210
sclkValue: " 1/01210:06:46:06:88479"

2018-01-27 21:51:22,728 [pacemaker] INFO space.exploration.mars.rover.communication.Radio  - One Way Light Time computed by SPICE :: 839.632
2018-01-27 21:51:22,741 [pacemaker] INFO space.exploration.mars.rover.communication.Transmitter  - Sending information packet to curiosity_to_earth_5
2018-01-27 21:51:25,743 [sleepMonitor] INFO space.exploration.mars.rover.animation.SleepingAnimationEngine  - Rover is sleeping now
2018-01-27 21:51:25,946 [batteryMonitor] INFO space.exploration.mars.rover.power.BatteryMonitor  - BatteryMonitor performing due diligence. SCET = 1517111485946 Rover state = Sleeping State
2018-01-27 21:51:25,946 [batteryMonitor] INFO space.exploration.mars.rover.power.BatteryMonitor  -  Battery primaryUnits = 1167 auxiliaryPowerUnits = 100
2018-01-27 21:51:55,946 [batteryMonitor] INFO space.exploration.mars.rover.power.BatteryMonitor  - BatteryMonitor performing due diligence. SCET = 1517111515946 Rover state = Sleeping State
2018-01-27 21:51:55,946 [batteryMonitor] INFO space.exploration.mars.rover.power.BatteryMonitor  -  Battery primaryUnits = 1167 auxiliaryPowerUnits = 100
2018-01-27 21:52:16,456 [pacemaker] INFO space.exploration.mars.rover.diagnostics.Pacemaker  - Diagnostics inhibited because rover is sleeping to conserve battery Current instructionQueue length = 0
2018-01-27 21:52:25,946 [batteryMonitor] INFO space.exploration.mars.rover.power.BatteryMonitor  - BatteryMonitor performing due diligence. SCET = 1517111545946 Rover state = Sleeping State
2018-01-27 21:52:25,946 [batteryMonitor] INFO space.exploration.mars.rover.power.BatteryMonitor  -  Battery primaryUnits = 1167 auxiliaryPowerUnits = 100
2018-01-27 21:52:55,946 [batteryMonitor] INFO space.exploration.mars.rover.power.BatteryMonitor  - BatteryMonitor performing due diligence. SCET = 1517111575946 Rover state = Sleeping State
2018-01-27 21:52:55,946 [batteryMonitor] INFO space.exploration.mars.rover.power.BatteryMonitor  -  Battery primaryUnits = 1167 auxiliaryPowerUnits = 100
2018-01-27 21:53:16,455 [pacemaker] INFO space.exploration.mars.rover.diagnostics.Pacemaker  - Diagnostics inhibited because rover is sleeping to conserve battery Current instructionQueue length = 0
2018-01-27 21:53:25,946 [batteryMonitor] INFO space.exploration.mars.rover.power.BatteryMonitor  - BatteryMonitor performing due diligence. SCET = 1517111605946 Rover state = Sleeping State
2018-01-27 21:53:25,946 [batteryMonitor] INFO space.exploration.mars.rover.power.BatteryMonitor  -  Battery primaryUnits = 1167 auxiliaryPowerUnits = 100
2018-01-27 21:53:55,946 [batteryMonitor] INFO space.exploration.mars.rover.power.BatteryMonitor  - BatteryMonitor performing due diligence. SCET = 1517111635946 Rover state = Sleeping State
2018-01-27 21:53:55,946 [batteryMonitor] INFO space.exploration.mars.rover.power.BatteryMonitor  -  Battery primaryUnits = 1167 auxiliaryPowerUnits = 100
2018-01-27 21:54:16,455 [pacemaker] INFO space.exploration.mars.rover.diagnostics.Pacemaker  - Diagnostics inhibited because rover is sleeping to conserve battery Current instructionQueue length = 0
