0    [main] INFO  space.exploration.mars.rover.kernel.Rover  - Rover current position is = java.awt.Point[x=350,y=250]
1008 [main] INFO  space.exploration.mars.rover.sensor.Lidar  - Lidar initialized and ready!
2012 [main] INFO  space.exploration.mars.rover.sensor.Spectrometer  - Spectrometer initialized and ready!
3339 [main] INFO  space.exploration.mars.rover.sensor.Camera  - Camera initialized and ready!
4346 [main] INFO  space.exploration.mars.rover.sensor.Radar  - Radar configured:: 
5352 [main] INFO  space.exploration.mars.rover.power.Battery  - Battery configured, batteryLife:primaryPowerUnits = 10000 auxiliaryPowerUnits = 1000 alertThreshold: 100 rechargeTime = 60000
6359 [main] INFO  space.exploration.mars.rover.kernel.Rover  - Battery Monitor configured!
6624 [main] INFO  kafka.utils.VerifiableProperties  - Verifying properties
6648 [main] WARN  kafka.utils.VerifiableProperties  - Property auto.offset.reset is not valid
6648 [main] WARN  kafka.utils.VerifiableProperties  - Property destination.topic is not valid
6648 [main] WARN  kafka.utils.VerifiableProperties  - Property group.id is not valid
6648 [main] INFO  kafka.utils.VerifiableProperties  - Property metadata.broker.list is overridden to localhost:9092
6648 [main] WARN  kafka.utils.VerifiableProperties  - Property source.topic is not valid
6648 [main] WARN  kafka.utils.VerifiableProperties  - Property zookeeper.connect is not valid
6683 [main] INFO  kafka.utils.VerifiableProperties  - Verifying properties
6684 [main] INFO  kafka.utils.VerifiableProperties  - Property auto.offset.reset is overridden to largest
6684 [main] WARN  kafka.utils.VerifiableProperties  - Property destination.topic is not valid
6684 [main] INFO  kafka.utils.VerifiableProperties  - Property group.id is overridden to space.exploration.mars.rover
6684 [main] WARN  kafka.utils.VerifiableProperties  - Property metadata.broker.list is not valid
6684 [main] WARN  kafka.utils.VerifiableProperties  - Property source.topic is not valid
6684 [main] INFO  kafka.utils.VerifiableProperties  - Property zookeeper.connect is overridden to localhost:2181
11714 [main] INFO  kafka.consumer.ZookeeperConsumerConnector  - [space.exploration.mars.rover_Sankets-MacBook-Pro.local-1501605114930-566f8522], Connecting to zookeeper instance at localhost:2181
11724 [ZkClient-EventThread-23-localhost:2181] INFO  org.I0Itec.zkclient.ZkEventThread  - Starting ZkClient event thread.
16747 [main] INFO  org.apache.zookeeper.ZooKeeper  - Client environment:zookeeper.version=3.4.6-1569965, built on 02/20/2014 09:09 GMT
16747 [main] INFO  org.apache.zookeeper.ZooKeeper  - Client environment:host.name=10.36.201.7
16747 [main] INFO  org.apache.zookeeper.ZooKeeper  - Client environment:java.version=1.8.0_121
16747 [main] INFO  org.apache.zookeeper.ZooKeeper  - Client environment:java.vendor=Oracle Corporation
16747 [main] INFO  org.apache.zookeeper.ZooKeeper  - Client environment:java.home=/Library/Java/JavaVirtualMachines/jdk1.8.0_121.jdk/Contents/Home/jre
16747 [main] INFO  org.apache.zookeeper.ZooKeeper  - Client environment:java.class.path=/Library/Java/JavaVirtualMachines/jdk1.8.0_121.jdk/Contents/Home/jre/lib/charsets.jar:/Library/Java/JavaVirtualMachines/jdk1.8.0_121.jdk/Contents/Home/jre/lib/deploy.jar:/Library/Java/JavaVirtualMachines/jdk1.8.0_121.jdk/Contents/Home/jre/lib/ext/cldrdata.jar:/Library/Java/JavaVirtualMachines/jdk1.8.0_121.jdk/Contents/Home/jre/lib/ext/dnsns.jar:/Library/Java/JavaVirtualMachines/jdk1.8.0_121.jdk/Contents/Home/jre/lib/ext/jaccess.jar:/Library/Java/JavaVirtualMachines/jdk1.8.0_121.jdk/Contents/Home/jre/lib/ext/jfxrt.jar:/Library/Java/JavaVirtualMachines/jdk1.8.0_121.jdk/Contents/Home/jre/lib/ext/localedata.jar:/Library/Java/JavaVirtualMachines/jdk1.8.0_121.jdk/Contents/Home/jre/lib/ext/nashorn.jar:/Library/Java/JavaVirtualMachines/jdk1.8.0_121.jdk/Contents/Home/jre/lib/ext/sunec.jar:/Library/Java/JavaVirtualMachines/jdk1.8.0_121.jdk/Contents/Home/jre/lib/ext/sunjce_provider.jar:/Library/Java/JavaVirtualMachines/jdk1.8.0_121.jdk/Contents/Home/jre/lib/ext/sunpkcs11.jar:/Library/Java/JavaVirtualMachines/jdk1.8.0_121.jdk/Contents/Home/jre/lib/ext/zipfs.jar:/Library/Java/JavaVirtualMachines/jdk1.8.0_121.jdk/Contents/Home/jre/lib/javaws.jar:/Library/Java/JavaVirtualMachines/jdk1.8.0_121.jdk/Contents/Home/jre/lib/jce.jar:/Library/Java/JavaVirtualMachines/jdk1.8.0_121.jdk/Contents/Home/jre/lib/jfr.jar:/Library/Java/JavaVirtualMachines/jdk1.8.0_121.jdk/Contents/Home/jre/lib/jfxswt.jar:/Library/Java/JavaVirtualMachines/jdk1.8.0_121.jdk/Contents/Home/jre/lib/jsse.jar:/Library/Java/JavaVirtualMachines/jdk1.8.0_121.jdk/Contents/Home/jre/lib/management-agent.jar:/Library/Java/JavaVirtualMachines/jdk1.8.0_121.jdk/Contents/Home/jre/lib/plugin.jar:/Library/Java/JavaVirtualMachines/jdk1.8.0_121.jdk/Contents/Home/jre/lib/resources.jar:/Library/Java/JavaVirtualMachines/jdk1.8.0_121.jdk/Contents/Home/jre/lib/rt.jar:/Library/Java/JavaVirtualMachines/jdk1.8.0_121.jdk/Contents/Home/lib/ant-javafx.jar:/Library/Java/JavaVirtualMachines/jdk1.8.0_121.jdk/Contents/Home/lib/dt.jar:/Library/Java/JavaVirtualMachines/jdk1.8.0_121.jdk/Contents/Home/lib/javafx-mx.jar:/Library/Java/JavaVirtualMachines/jdk1.8.0_121.jdk/Contents/Home/lib/jconsole.jar:/Library/Java/JavaVirtualMachines/jdk1.8.0_121.jdk/Contents/Home/lib/packager.jar:/Library/Java/JavaVirtualMachines/jdk1.8.0_121.jdk/Contents/Home/lib/sa-jdi.jar:/Library/Java/JavaVirtualMachines/jdk1.8.0_121.jdk/Contents/Home/lib/tools.jar:/Users/sanketkorgaonkar/Documents/workspace/space.exploration/mars.rover/target/classes:/Users/sanketkorgaonkar/.m2/repository/com/google/protobuf/protobuf-java/3.2.0/protobuf-java-3.2.0.jar:/Users/sanketkorgaonkar/.m2/repository/org/apache/kafka/kafka_2.10/0.9.0.1/kafka_2.10-0.9.0.1.jar:/Users/sanketkorgaonkar/.m2/repository/com/101tec/zkclient/0.7/zkclient-0.7.jar:/Users/sanketkorgaonkar/.m2/repository/org/slf4j/slf4j-api/1.6.1/slf4j-api-1.6.1.jar:/Users/sanketkorgaonkar/.m2/repository/log4j/log4j/1.2.15/log4j-1.2.15.jar:/Users/sanketkorgaonkar/.m2/repository/javax/mail/mail/1.4/mail-1.4.jar:/Users/sanketkorgaonkar/.m2/repository/javax/activation/activation/1.1/activation-1.1.jar:/Users/sanketkorgaonkar/.m2/repository/org/apache/kafka/kafka-clients/0.9.0.1/kafka-clients-0.9.0.1.jar:/Users/sanketkorgaonkar/.m2/repository/org/xerial/snappy/snappy-java/1.1.1.7/snappy-java-1.1.1.7.jar:/Users/sanketkorgaonkar/.m2/repository/net/jpountz/lz4/lz4/1.2.0/lz4-1.2.0.jar:/Users/sanketkorgaonkar/.m2/repository/com/yammer/metrics/metrics-core/2.2.0/metrics-core-2.2.0.jar:/Users/sanketkorgaonkar/.m2/repository/org/scala-lang/scala-library/2.10.5/scala-library-2.10.5.jar:/Users/sanketkorgaonkar/.m2/repository/net/sf/jopt-simple/jopt-simple/3.2/jopt-simple-3.2.jar:/Users/sanketkorgaonkar/.m2/repository/org/slf4j/slf4j-log4j12/1.7.6/slf4j-log4j12-1.7.6.jar:/Users/sanketkorgaonkar/.m2/repository/org/apache/zookeeper/zookeeper/3.4.6/zookeeper-3.4.6.jar:/Users/sanketkorgaonkar/.m2/repository/jline/jline/0.9.94/jline-0.9.94.jar:/Users/sanketkorgaonkar/.m2/repository/io/netty/netty/3.7.0.Final/netty-3.7.0.Final.jar:/Users/sanketkorgaonkar/.m2/repository/org/tensorflow/tensorflow/1.1.0/tensorflow-1.1.0.jar:/Users/sanketkorgaonkar/.m2/repository/org/tensorflow/libtensorflow/1.1.0/libtensorflow-1.1.0.jar:/Users/sanketkorgaonkar/.m2/repository/org/tensorflow/libtensorflow_jni/1.1.0/libtensorflow_jni-1.1.0.jar:/Applications/IntelliJ IDEA CE.app/Contents/lib/idea_rt.jar
16747 [main] INFO  org.apache.zookeeper.ZooKeeper  - Client environment:java.library.path=/Users/sanketkorgaonkar/Library/Java/Extensions:/Library/Java/Extensions:/Network/Library/Java/Extensions:/System/Library/Java/Extensions:/usr/lib/java:.
16747 [main] INFO  org.apache.zookeeper.ZooKeeper  - Client environment:java.io.tmpdir=/var/folders/5h/gwr26fh90zs2zgrhjqr0pm1r0000gn/T/
16747 [main] INFO  org.apache.zookeeper.ZooKeeper  - Client environment:java.compiler=<NA>
16747 [main] INFO  org.apache.zookeeper.ZooKeeper  - Client environment:os.name=Mac OS X
16747 [main] INFO  org.apache.zookeeper.ZooKeeper  - Client environment:os.arch=x86_64
16748 [main] INFO  org.apache.zookeeper.ZooKeeper  - Client environment:os.version=10.12.5
16748 [main] INFO  org.apache.zookeeper.ZooKeeper  - Client environment:user.name=sanketkorgaonkar
16748 [main] INFO  org.apache.zookeeper.ZooKeeper  - Client environment:user.home=/Users/sanketkorgaonkar
16748 [main] INFO  org.apache.zookeeper.ZooKeeper  - Client environment:user.dir=/Users/sanketkorgaonkar/Documents/workspace/space.exploration/mars.rover
16749 [main] INFO  org.apache.zookeeper.ZooKeeper  - Initiating client connection, connectString=localhost:2181 sessionTimeout=6000 watcher=org.I0Itec.zkclient.ZkClient@22a637e7
16769 [main] INFO  org.I0Itec.zkclient.ZkClient  - Waiting for keeper state SyncConnected
16772 [main-SendThread(localhost:2181)] INFO  org.apache.zookeeper.ClientCnxn  - Opening socket connection to server localhost/0:0:0:0:0:0:0:1:2181. Will not attempt to authenticate using SASL (unknown error)
16819 [main-SendThread(localhost:2181)] INFO  org.apache.zookeeper.ClientCnxn  - Socket connection established to localhost/0:0:0:0:0:0:0:1:2181, initiating session
16834 [main-SendThread(localhost:2181)] INFO  org.apache.zookeeper.ClientCnxn  - Session establishment complete on server localhost/0:0:0:0:0:0:0:1:2181, sessionid = 0x15d5bd1e6530203, negotiated timeout = 6000
16836 [main-EventThread] INFO  org.I0Itec.zkclient.ZkClient  - zookeeper state changed (SyncConnected)
16844 [main] INFO  kafka.consumer.ZookeeperConsumerConnector  - [space.exploration.mars.rover_Sankets-MacBook-Pro.local-1501605114930-566f8522], starting auto committer every 60000 ms
16864 [Thread-2] INFO  kafka.consumer.ZookeeperConsumerConnector  - [space.exploration.mars.rover_Sankets-MacBook-Pro.local-1501605114930-566f8522], begin registering consumer space.exploration.mars.rover_Sankets-MacBook-Pro.local-1501605114930-566f8522 in ZK
16891 [Thread-2] INFO  kafka.utils.ZKCheckedEphemeral  - Creating /consumers/space.exploration.mars.rover/ids/space.exploration.mars.rover_Sankets-MacBook-Pro.local-1501605114930-566f8522 (is it secure? false)
16905 [Thread-2] INFO  kafka.utils.ZKCheckedEphemeral  - Result of znode creation is: OK
16906 [Thread-2] INFO  kafka.consumer.ZookeeperConsumerConnector  - [space.exploration.mars.rover_Sankets-MacBook-Pro.local-1501605114930-566f8522], end registering consumer space.exploration.mars.rover_Sankets-MacBook-Pro.local-1501605114930-566f8522 in ZK
16909 [space.exploration.mars.rover_Sankets-MacBook-Pro.local-1501605114930-566f8522_watcher_executor] INFO  kafka.consumer.ZookeeperConsumerConnector  - [space.exploration.mars.rover_Sankets-MacBook-Pro.local-1501605114930-566f8522], starting watcher executor thread for consumer space.exploration.mars.rover_Sankets-MacBook-Pro.local-1501605114930-566f8522
16926 [Thread-2] INFO  kafka.consumer.ZookeeperConsumerConnector  - [space.exploration.mars.rover_Sankets-MacBook-Pro.local-1501605114930-566f8522], begin rebalancing consumer space.exploration.mars.rover_Sankets-MacBook-Pro.local-1501605114930-566f8522 try #0
17016 [Thread-2] INFO  kafka.consumer.ConsumerFetcherManager  - [ConsumerFetcherManager-1501605120060] Stopping leader finder thread
17016 [Thread-2] INFO  kafka.consumer.ConsumerFetcherManager  - [ConsumerFetcherManager-1501605120060] Stopping all fetchers
17017 [Thread-2] INFO  kafka.consumer.ConsumerFetcherManager  - [ConsumerFetcherManager-1501605120060] All connections stopped
17017 [Thread-2] INFO  kafka.consumer.ZookeeperConsumerConnector  - [space.exploration.mars.rover_Sankets-MacBook-Pro.local-1501605114930-566f8522], Cleared all relevant queues for this fetcher
17020 [Thread-2] INFO  kafka.consumer.ZookeeperConsumerConnector  - [space.exploration.mars.rover_Sankets-MacBook-Pro.local-1501605114930-566f8522], Cleared the data chunks in all the consumer message iterators
17020 [Thread-2] INFO  kafka.consumer.ZookeeperConsumerConnector  - [space.exploration.mars.rover_Sankets-MacBook-Pro.local-1501605114930-566f8522], Committing all offsets after clearing the fetcher queues
17021 [Thread-2] INFO  kafka.consumer.ZookeeperConsumerConnector  - [space.exploration.mars.rover_Sankets-MacBook-Pro.local-1501605114930-566f8522], Releasing partition ownership
17050 [Thread-2] INFO  kafka.consumer.RangeAssignor  - Consumer space.exploration.mars.rover_Sankets-MacBook-Pro.local-1501605114930-566f8522 rebalancing the following partitions: ArrayBuffer(0) for topic secure_com_from_earth_channel_3 with consumers: List(space.exploration.mars.rover_Sankets-MacBook-Pro.local-1501605114930-566f8522-0)
17052 [Thread-2] INFO  kafka.consumer.RangeAssignor  - space.exploration.mars.rover_Sankets-MacBook-Pro.local-1501605114930-566f8522-0 attempting to claim partition 0
17075 [Thread-2] INFO  kafka.consumer.ZookeeperConsumerConnector  - [space.exploration.mars.rover_Sankets-MacBook-Pro.local-1501605114930-566f8522], space.exploration.mars.rover_Sankets-MacBook-Pro.local-1501605114930-566f8522-0 successfully owned partition 0 for topic secure_com_from_earth_channel_3
17089 [Thread-2] INFO  kafka.consumer.ZookeeperConsumerConnector  - [space.exploration.mars.rover_Sankets-MacBook-Pro.local-1501605114930-566f8522], Consumer space.exploration.mars.rover_Sankets-MacBook-Pro.local-1501605114930-566f8522 selected partitions : secure_com_from_earth_channel_3:0: fetched offset = 378: consumed offset = 378
17091 [Thread-2] INFO  kafka.consumer.ZookeeperConsumerConnector  - [space.exploration.mars.rover_Sankets-MacBook-Pro.local-1501605114930-566f8522], end rebalancing consumer space.exploration.mars.rover_Sankets-MacBook-Pro.local-1501605114930-566f8522 try #0
17093 [space.exploration.mars.rover_Sankets-MacBook-Pro.local-1501605114930-566f8522-leader-finder-thread] INFO  kafka.consumer.ConsumerFetcherManager$LeaderFinderThread  - [space.exploration.mars.rover_Sankets-MacBook-Pro.local-1501605114930-566f8522-leader-finder-thread], Starting 
17112 [space.exploration.mars.rover_Sankets-MacBook-Pro.local-1501605114930-566f8522-leader-finder-thread] INFO  kafka.utils.VerifiableProperties  - Verifying properties
17112 [space.exploration.mars.rover_Sankets-MacBook-Pro.local-1501605114930-566f8522-leader-finder-thread] INFO  kafka.utils.VerifiableProperties  - Property client.id is overridden to space.exploration.mars.rover
17112 [space.exploration.mars.rover_Sankets-MacBook-Pro.local-1501605114930-566f8522-leader-finder-thread] INFO  kafka.utils.VerifiableProperties  - Property metadata.broker.list is overridden to 10.36.201.7:9092
17112 [space.exploration.mars.rover_Sankets-MacBook-Pro.local-1501605114930-566f8522-leader-finder-thread] INFO  kafka.utils.VerifiableProperties  - Property request.timeout.ms is overridden to 30000
17127 [space.exploration.mars.rover_Sankets-MacBook-Pro.local-1501605114930-566f8522-leader-finder-thread] INFO  kafka.client.ClientUtils$  - Fetching metadata from broker BrokerEndPoint(0,10.36.201.7,9092) with correlation id 0 for 1 topic(s) Set(secure_com_from_earth_channel_3)
17135 [space.exploration.mars.rover_Sankets-MacBook-Pro.local-1501605114930-566f8522-leader-finder-thread] INFO  kafka.producer.SyncProducer  - Connected to 10.36.201.7:9092 for producing
17167 [space.exploration.mars.rover_Sankets-MacBook-Pro.local-1501605114930-566f8522-leader-finder-thread] INFO  kafka.producer.SyncProducer  - Disconnecting from 10.36.201.7:9092
17183 [ConsumerFetcherThread-space.exploration.mars.rover_Sankets-MacBook-Pro.local-1501605114930-566f8522-0-0] INFO  kafka.consumer.ConsumerFetcherThread  - [ConsumerFetcherThread-space.exploration.mars.rover_Sankets-MacBook-Pro.local-1501605114930-566f8522-0-0], Starting 
17185 [space.exploration.mars.rover_Sankets-MacBook-Pro.local-1501605114930-566f8522-leader-finder-thread] INFO  kafka.consumer.ConsumerFetcherManager  - [ConsumerFetcherManager-1501605120060] Added fetcher for partitions ArrayBuffer([[secure_com_from_earth_channel_3,0], initOffset 378 to broker BrokerEndPoint(0,10.36.201.7,9092)] )
17847 [main] INFO  space.exploration.mars.rover.communication.Radio  - Radio configured:: 
metadata.broker.list::localhost:9092
source.topic::secure_com_from_earth_channel_3
auto.offset.reset::largest
group.id::space.exploration.mars.rover
destination.topic::secure_com_to_earth_channel_3
zookeeper.connect::localhost:2181
18851 [main] INFO  space.exploration.mars.rover.sensor.Radar  - Radar configured:: 
30612 [main] INFO  kafka.client.ClientUtils$  - Fetching metadata from broker BrokerEndPoint(0,localhost,9092) with correlation id 0 for 1 topic(s) Set(secure_com_to_earth_channel_3)
30612 [main] INFO  kafka.producer.SyncProducer  - Connected to localhost:9092 for producing
30613 [main] INFO  kafka.producer.SyncProducer  - Disconnecting from localhost:9092
30627 [main] INFO  kafka.producer.SyncProducer  - Connected to 10.36.201.7:9092 for producing
35356 [pool-2-thread-1] INFO  space.exploration.mars.rover.power.Battery  - BatteryMonitor performing due diligence. SCET = 1501605138573
58041 [pool-1-thread-1] INFO  space.exploration.mars.rover.diagnostics.Pacemaker  - SCET: 1501605161214
equipmentHealth {
  key: "Battery"
  value: 1000
}
equipmentHealth {
  key: "Radio"
  value: 9999
}
equipmentHealth {
  key: "Lidar"
  value: 1000
}
equipmentHealth {
  key: "Camera"
  value: 1000
}
equipmentHealth {
  key: "Spectrometer"
  value: 1000
}
equipmentHealth {
  key: "Radar"
  value: 1000
}
batteryLevel: 9999
moduleReporting: 3
notes: "This is rover Curiosity. Sending HeartBeat!"
location {
  x: 350
  y: 250
}

65356 [pool-2-thread-1] INFO  space.exploration.mars.rover.power.Battery  - BatteryMonitor performing due diligence. SCET = 1501605168573
95352 [pool-2-thread-2] INFO  space.exploration.mars.rover.power.Battery  - BatteryMonitor performing due diligence. SCET = 1501605198569
109725 [Thread-2] INFO  space.exploration.mars.rover.kernel.ListeningState  - timeStamp: 1501605203467
targets {
  roverModule: 9
  estimatedPowerUsage: 20
  action: "PerformRadarScan"
}

109726 [Thread-2] INFO  space.exploration.mars.rover.kernel.RadarScanningState  - Performing Radar Scan, current position = java.awt.Point[x=350,y=250]
125353 [pool-2-thread-1] INFO  space.exploration.mars.rover.power.Battery  - BatteryMonitor performing due diligence. SCET = 1501605228570
125941 [Thread-4] INFO  space.exploration.mars.rover.environment.RadarContactBlip  - java.awt.Point[x=250,y=250]
151735 [Thread-5] INFO  space.exploration.mars.rover.environment.RadarContactBlip  - java.awt.Point[x=250,y=250]
155352 [pool-2-thread-1] INFO  space.exploration.mars.rover.power.Battery  - BatteryMonitor performing due diligence. SCET = 1501605258569
