2018-07-29 19:58:34,460 [samUrlExtractionTaskeid25008] INFO  space.exploration.mars.rover.service.calibration.spectrometer.sam.UrlExtractTask - Started httpRequest.
2018-07-29 19:58:34,460 [samUrlExtractionTaskeid25028] INFO  space.exploration.mars.rover.service.calibration.spectrometer.sam.UrlExtractTask - Started httpRequest.
2018-07-29 19:58:34,460 [samUrlExtractionTaskeid25026] INFO  space.exploration.mars.rover.service.calibration.spectrometer.sam.UrlExtractTask - Started httpRequest.
2018-07-29 19:58:34,460 [samUrlExtractionTaskeid25027] INFO  space.exploration.mars.rover.service.calibration.spectrometer.sam.UrlExtractTask - Started httpRequest.
2018-07-29 19:58:34,460 [samUrlExtractionTaskeid25014] INFO  space.exploration.mars.rover.service.calibration.spectrometer.sam.UrlExtractTask - Started httpRequest.
2018-07-29 19:58:34,460 [samUrlExtractionTaskeid25009] INFO  space.exploration.mars.rover.service.calibration.spectrometer.sam.UrlExtractTask - Started httpRequest.
2018-07-29 19:58:34,460 [samUrlExtractionTaskeid25012] INFO  space.exploration.mars.rover.service.calibration.spectrometer.sam.UrlExtractTask - Started httpRequest.
2018-07-29 19:58:34,463 [samUrlExtractionTaskeid25029] INFO  space.exploration.mars.rover.service.calibration.spectrometer.sam.UrlExtractTask - Started httpRequest.
2018-07-29 19:58:34,463 [samUrlExtractionTaskeid25030] INFO  space.exploration.mars.rover.service.calibration.spectrometer.sam.UrlExtractTask - Started httpRequest.
2018-07-29 19:58:34,463 [samUrlExtractionTaskeid25032] INFO  space.exploration.mars.rover.service.calibration.spectrometer.sam.UrlExtractTask - Started httpRequest.
2018-07-29 19:58:34,464 [samUrlExtractionTaskeid25035] INFO  space.exploration.mars.rover.service.calibration.spectrometer.sam.UrlExtractTask - Started httpRequest.
2018-07-29 19:58:34,464 [samUrlExtractionTaskeid25033] INFO  space.exploration.mars.rover.service.calibration.spectrometer.sam.UrlExtractTask - Started httpRequest.
2018-07-29 19:58:34,464 [samUrlExtractionTaskeid25038] INFO  space.exploration.mars.rover.service.calibration.spectrometer.sam.UrlExtractTask - Started httpRequest.
2018-07-29 19:58:34,464 [samUrlExtractionTaskeid25039] INFO  space.exploration.mars.rover.service.calibration.spectrometer.sam.UrlExtractTask - Started httpRequest.
2018-07-29 19:58:34,464 [samUrlExtractionTaskeid25042] INFO  space.exploration.mars.rover.service.calibration.spectrometer.sam.UrlExtractTask - Started httpRequest.
2018-07-29 19:58:34,464 [samUrlExtractionTaskeid25041] INFO  space.exploration.mars.rover.service.calibration.spectrometer.sam.UrlExtractTask - Started httpRequest.
2018-07-29 19:58:34,465 [samUrlExtractionTaskeid25044] INFO  space.exploration.mars.rover.service.calibration.spectrometer.sam.UrlExtractTask - Started httpRequest.
2018-07-29 19:58:34,465 [samUrlExtractionTaskeid25045] INFO  space.exploration.mars.rover.service.calibration.spectrometer.sam.UrlExtractTask - Started httpRequest.
2018-07-29 19:58:34,465 [samUrlExtractionTaskeid25046] INFO  space.exploration.mars.rover.service.calibration.spectrometer.sam.UrlExtractTask - Started httpRequest.
2018-07-29 19:58:34,465 [samUrlExtractionTaskeid25048] INFO  space.exploration.mars.rover.service.calibration.spectrometer.sam.UrlExtractTask - Started httpRequest.
2018-07-29 19:58:34,470 [samUrlExtractionTaskeid25056] INFO  space.exploration.mars.rover.service.calibration.spectrometer.sam.UrlExtractTask - Started httpRequest.
2018-07-29 19:58:34,471 [samUrlExtractionTaskeid25057] INFO  space.exploration.mars.rover.service.calibration.spectrometer.sam.UrlExtractTask - Started httpRequest.
2018-07-29 19:58:34,475 [samUrlExtractionTaskeid25059] INFO  space.exploration.mars.rover.service.calibration.spectrometer.sam.UrlExtractTask - Started httpRequest.
2018-07-29 19:58:34,475 [samUrlExtractionTaskeid25062] INFO  space.exploration.mars.rover.service.calibration.spectrometer.sam.UrlExtractTask - Started httpRequest.
2018-07-29 19:58:34,476 [samUrlExtractionTaskeid25064] INFO  space.exploration.mars.rover.service.calibration.spectrometer.sam.UrlExtractTask - Started httpRequest.
2018-07-29 19:58:34,477 [samUrlExtractionTaskeid25065] INFO  space.exploration.mars.rover.service.calibration.spectrometer.sam.UrlExtractTask - Started httpRequest.
2018-07-29 19:58:34,477 [samUrlExtractionTaskeid25067] INFO  space.exploration.mars.rover.service.calibration.spectrometer.sam.UrlExtractTask - Started httpRequest.
2018-07-29 19:58:34,477 [samUrlExtractionTaskeid25070] INFO  space.exploration.mars.rover.service.calibration.spectrometer.sam.UrlExtractTask - Started httpRequest.
2018-07-29 19:58:34,478 [samUrlExtractionTaskeid25074] INFO  space.exploration.mars.rover.service.calibration.spectrometer.sam.UrlExtractTask - Started httpRequest.
2018-07-29 19:58:34,478 [samUrlExtractionTaskeid25075] INFO  space.exploration.mars.rover.service.calibration.spectrometer.sam.UrlExtractTask - Started httpRequest.
2018-07-29 19:58:34,478 [samUrlExtractionTaskeid25077] INFO  space.exploration.mars.rover.service.calibration.spectrometer.sam.UrlExtractTask - Started httpRequest.
2018-07-29 19:58:34,478 [samUrlExtractionTaskeid25079] INFO  space.exploration.mars.rover.service.calibration.spectrometer.sam.UrlExtractTask - Started httpRequest.
2018-07-29 19:58:34,478 [samUrlExtractionTaskeid25083] INFO  space.exploration.mars.rover.service.calibration.spectrometer.sam.UrlExtractTask - Started httpRequest.
2018-07-29 19:58:34,478 [samUrlExtractionTaskeid25084] INFO  space.exploration.mars.rover.service.calibration.spectrometer.sam.UrlExtractTask - Started httpRequest.
2018-07-29 19:58:34,478 [samUrlExtractionTaskeid25081] INFO  space.exploration.mars.rover.service.calibration.spectrometer.sam.UrlExtractTask - Started httpRequest.
2018-07-29 19:58:34,478 [samUrlExtractionTaskeid25085] INFO  space.exploration.mars.rover.service.calibration.spectrometer.sam.UrlExtractTask - Started httpRequest.
2018-07-29 19:58:34,479 [samUrlExtractionTaskeid25088] INFO  space.exploration.mars.rover.service.calibration.spectrometer.sam.UrlExtractTask - Started httpRequest.
2018-07-29 19:58:34,478 [samUrlExtractionTaskeid25087] INFO  space.exploration.mars.rover.service.calibration.spectrometer.sam.UrlExtractTask - Started httpRequest.
2018-07-29 19:58:34,479 [samUrlExtractionTaskeid25089] INFO  space.exploration.mars.rover.service.calibration.spectrometer.sam.UrlExtractTask - Started httpRequest.
2018-07-29 19:58:34,479 [samUrlExtractionTaskeid25091] INFO  space.exploration.mars.rover.service.calibration.spectrometer.sam.UrlExtractTask - Started httpRequest.
2018-07-29 19:58:34,479 [samUrlExtractionTaskeid25092] INFO  space.exploration.mars.rover.service.calibration.spectrometer.sam.UrlExtractTask - Started httpRequest.
2018-07-29 19:58:34,479 [samUrlExtractionTaskeid25094] INFO  space.exploration.mars.rover.service.calibration.spectrometer.sam.UrlExtractTask - Started httpRequest.
2018-07-29 19:58:34,480 [samUrlExtractionTaskeid25096] INFO  space.exploration.mars.rover.service.calibration.spectrometer.sam.UrlExtractTask - Started httpRequest.
2018-07-29 19:58:34,480 [samUrlExtractionTaskeid25102] INFO  space.exploration.mars.rover.service.calibration.spectrometer.sam.UrlExtractTask - Started httpRequest.
2018-07-29 19:58:34,481 [samUrlExtractionTaskeid25103] INFO  space.exploration.mars.rover.service.calibration.spectrometer.sam.UrlExtractTask - Started httpRequest.
2018-07-29 19:58:34,482 [samUrlExtractionTaskeid25095] INFO  space.exploration.mars.rover.service.calibration.spectrometer.sam.UrlExtractTask - Started httpRequest.
2018-07-29 19:58:34,482 [samUrlExtractionTaskeid25104] INFO  space.exploration.mars.rover.service.calibration.spectrometer.sam.UrlExtractTask - Started httpRequest.
2018-07-29 19:58:34,482 [samUrlExtractionTaskeid25106] INFO  space.exploration.mars.rover.service.calibration.spectrometer.sam.UrlExtractTask - Started httpRequest.
2018-07-29 19:58:34,482 [samUrlExtractionTaskeid25111] INFO  space.exploration.mars.rover.service.calibration.spectrometer.sam.UrlExtractTask - Started httpRequest.
2018-07-29 19:58:34,482 [samUrlExtractionTaskeid25113] INFO  space.exploration.mars.rover.service.calibration.spectrometer.sam.UrlExtractTask - Started httpRequest.
2018-07-29 19:58:34,483 [samUrlExtractionTaskeid25117] INFO  space.exploration.mars.rover.service.calibration.spectrometer.sam.UrlExtractTask - Started httpRequest.
2018-07-29 19:58:34,483 [samUrlExtractionTaskeid25120] INFO  space.exploration.mars.rover.service.calibration.spectrometer.sam.UrlExtractTask - Started httpRequest.
2018-07-29 19:58:34,483 [samUrlExtractionTaskeid25123] INFO  space.exploration.mars.rover.service.calibration.spectrometer.sam.UrlExtractTask - Started httpRequest.
2018-07-29 19:58:34,483 [samUrlExtractionTaskeid25130] INFO  space.exploration.mars.rover.service.calibration.spectrometer.sam.UrlExtractTask - Started httpRequest.
2018-07-29 19:58:34,483 [samUrlExtractionTaskeid25133] INFO  space.exploration.mars.rover.service.calibration.spectrometer.sam.UrlExtractTask - Started httpRequest.
2018-07-29 19:58:34,484 [samUrlExtractionTaskeid25142] INFO  space.exploration.mars.rover.service.calibration.spectrometer.sam.UrlExtractTask - Started httpRequest.
2018-07-29 19:58:34,484 [samUrlExtractionTaskeid25145] INFO  space.exploration.mars.rover.service.calibration.spectrometer.sam.UrlExtractTask - Started httpRequest.
2018-07-29 19:58:34,484 [samUrlExtractionTaskeid25150] INFO  space.exploration.mars.rover.service.calibration.spectrometer.sam.UrlExtractTask - Started httpRequest.
2018-07-29 19:58:34,484 [samUrlExtractionTaskeid25166] INFO  space.exploration.mars.rover.service.calibration.spectrometer.sam.UrlExtractTask - Started httpRequest.
2018-07-29 19:58:34,484 [samUrlExtractionTaskeid25168] INFO  space.exploration.mars.rover.service.calibration.spectrometer.sam.UrlExtractTask - Started httpRequest.
2018-07-29 19:58:34,485 [samUrlExtractionTaskeid25170] INFO  space.exploration.mars.rover.service.calibration.spectrometer.sam.UrlExtractTask - Started httpRequest.
2018-07-29 19:58:34,488 [samUrlExtractionTaskeid25171] INFO  space.exploration.mars.rover.service.calibration.spectrometer.sam.UrlExtractTask - Started httpRequest.
2018-07-29 19:58:34,489 [samUrlExtractionTaskeid25172] INFO  space.exploration.mars.rover.service.calibration.spectrometer.sam.UrlExtractTask - Started httpRequest.
2018-07-29 19:58:34,489 [samUrlExtractionTaskeid25173] INFO  space.exploration.mars.rover.service.calibration.spectrometer.sam.UrlExtractTask - Started httpRequest.
2018-07-29 19:58:34,490 [samUrlExtractionTaskeid25174] INFO  space.exploration.mars.rover.service.calibration.spectrometer.sam.UrlExtractTask - Started httpRequest.
2018-07-29 19:58:34,490 [samUrlExtractionTaskeid25175] INFO  space.exploration.mars.rover.service.calibration.spectrometer.sam.UrlExtractTask - Started httpRequest.
2018-07-29 19:58:34,491 [samUrlExtractionTaskeid25177] INFO  space.exploration.mars.rover.service.calibration.spectrometer.sam.UrlExtractTask - Started httpRequest.
2018-07-29 19:58:34,491 [samUrlExtractionTaskeid25188] INFO  space.exploration.mars.rover.service.calibration.spectrometer.sam.UrlExtractTask - Started httpRequest.
2018-07-29 19:58:34,491 [samUrlExtractionTaskeid25193] INFO  space.exploration.mars.rover.service.calibration.spectrometer.sam.UrlExtractTask - Started httpRequest.
2018-07-29 19:58:34,491 [samUrlExtractionTaskeid25195] INFO  space.exploration.mars.rover.service.calibration.spectrometer.sam.UrlExtractTask - Started httpRequest.
2018-07-29 19:58:34,492 [samUrlExtractionTaskeid25196] INFO  space.exploration.mars.rover.service.calibration.spectrometer.sam.UrlExtractTask - Started httpRequest.
2018-07-29 19:58:34,492 [samUrlExtractionTaskeid25202] INFO  space.exploration.mars.rover.service.calibration.spectrometer.sam.UrlExtractTask - Started httpRequest.
2018-07-29 19:58:34,492 [samUrlExtractionTaskeid25206] INFO  space.exploration.mars.rover.service.calibration.spectrometer.sam.UrlExtractTask - Started httpRequest.
2018-07-29 19:58:34,492 [samUrlExtractionTaskeid25208] INFO  space.exploration.mars.rover.service.calibration.spectrometer.sam.UrlExtractTask - Started httpRequest.
2018-07-29 19:58:34,492 [samUrlExtractionTaskeid25217] INFO  space.exploration.mars.rover.service.calibration.spectrometer.sam.UrlExtractTask - Started httpRequest.
2018-07-29 19:58:34,492 [samUrlExtractionTaskeid25219] INFO  space.exploration.mars.rover.service.calibration.spectrometer.sam.UrlExtractTask - Started httpRequest.
2018-07-29 19:58:34,492 [samUrlExtractionTaskeid25223] INFO  space.exploration.mars.rover.service.calibration.spectrometer.sam.UrlExtractTask - Started httpRequest.
2018-07-29 19:58:34,492 [samUrlExtractionTaskeid25226] INFO  space.exploration.mars.rover.service.calibration.spectrometer.sam.UrlExtractTask - Started httpRequest.
2018-07-29 19:58:34,493 [samUrlExtractionTaskeid25230] INFO  space.exploration.mars.rover.service.calibration.spectrometer.sam.UrlExtractTask - Started httpRequest.
2018-07-29 19:58:34,493 [samUrlExtractionTaskeid25231] INFO  space.exploration.mars.rover.service.calibration.spectrometer.sam.UrlExtractTask - Started httpRequest.
2018-07-29 19:58:34,493 [samUrlExtractionTaskeid25232] INFO  space.exploration.mars.rover.service.calibration.spectrometer.sam.UrlExtractTask - Started httpRequest.
2018-07-29 19:58:34,493 [samUrlExtractionTaskeid25235] INFO  space.exploration.mars.rover.service.calibration.spectrometer.sam.UrlExtractTask - Started httpRequest.
2018-07-29 19:58:34,493 [samUrlExtractionTaskeid25236] INFO  space.exploration.mars.rover.service.calibration.spectrometer.sam.UrlExtractTask - Started httpRequest.
2018-07-29 19:58:34,493 [samUrlExtractionTaskeid25239] INFO  space.exploration.mars.rover.service.calibration.spectrometer.sam.UrlExtractTask - Started httpRequest.
2018-07-29 19:58:34,493 [samUrlExtractionTaskeid25242] INFO  space.exploration.mars.rover.service.calibration.spectrometer.sam.UrlExtractTask - Started httpRequest.
2018-07-29 19:58:34,493 [samUrlExtractionTaskeid25253] INFO  space.exploration.mars.rover.service.calibration.spectrometer.sam.UrlExtractTask - Started httpRequest.
2018-07-29 19:58:34,493 [samUrlExtractionTaskeid25257] INFO  space.exploration.mars.rover.service.calibration.spectrometer.sam.UrlExtractTask - Started httpRequest.
2018-07-29 19:58:34,493 [samUrlExtractionTaskeid25266] INFO  space.exploration.mars.rover.service.calibration.spectrometer.sam.UrlExtractTask - Started httpRequest.
2018-07-29 19:58:34,494 [samUrlExtractionTaskeid25269] INFO  space.exploration.mars.rover.service.calibration.spectrometer.sam.UrlExtractTask - Started httpRequest.
2018-07-29 19:58:34,494 [samUrlExtractionTaskeid25274] INFO  space.exploration.mars.rover.service.calibration.spectrometer.sam.UrlExtractTask - Started httpRequest.
2018-07-29 19:58:34,494 [samUrlExtractionTaskeid25282] INFO  space.exploration.mars.rover.service.calibration.spectrometer.sam.UrlExtractTask - Started httpRequest.
2018-07-29 19:58:34,494 [samUrlExtractionTaskeid25284] INFO  space.exploration.mars.rover.service.calibration.spectrometer.sam.UrlExtractTask - Started httpRequest.
2018-07-29 19:58:34,495 [samUrlExtractionTaskeid25292] INFO  space.exploration.mars.rover.service.calibration.spectrometer.sam.UrlExtractTask - Started httpRequest.
2018-07-29 19:58:34,495 [samUrlExtractionTaskeid25297] INFO  space.exploration.mars.rover.service.calibration.spectrometer.sam.UrlExtractTask - Started httpRequest.
2018-07-29 19:58:34,495 [samUrlExtractionTaskeid25299] INFO  space.exploration.mars.rover.service.calibration.spectrometer.sam.UrlExtractTask - Started httpRequest.
2018-07-29 19:58:34,495 [samUrlExtractionTaskeid25301] INFO  space.exploration.mars.rover.service.calibration.spectrometer.sam.UrlExtractTask - Started httpRequest.
2018-07-29 19:58:34,496 [samUrlExtractionTaskeid25306] INFO  space.exploration.mars.rover.service.calibration.spectrometer.sam.UrlExtractTask - Started httpRequest.
2018-07-29 19:58:34,496 [samUrlExtractionTaskeid25311] INFO  space.exploration.mars.rover.service.calibration.spectrometer.sam.UrlExtractTask - Started httpRequest.
2018-07-29 19:58:34,496 [samUrlExtractionTaskeid25314] INFO  space.exploration.mars.rover.service.calibration.spectrometer.sam.UrlExtractTask - Started httpRequest.
2018-07-29 19:58:34,496 [samUrlExtractionTaskeid25319] INFO  space.exploration.mars.rover.service.calibration.spectrometer.sam.UrlExtractTask - Started httpRequest.
2018-07-29 19:58:34,496 [samUrlExtractionTaskeid25321] INFO  space.exploration.mars.rover.service.calibration.spectrometer.sam.UrlExtractTask - Started httpRequest.
2018-07-29 19:58:34,496 [samUrlExtractionTaskeid25322] INFO  space.exploration.mars.rover.service.calibration.spectrometer.sam.UrlExtractTask - Started httpRequest.
2018-07-29 19:58:34,497 [samUrlExtractionTaskeid25327] INFO  space.exploration.mars.rover.service.calibration.spectrometer.sam.UrlExtractTask - Started httpRequest.
2018-07-29 19:58:34,497 [samUrlExtractionTaskeid25333] INFO  space.exploration.mars.rover.service.calibration.spectrometer.sam.UrlExtractTask - Started httpRequest.
2018-07-29 19:58:34,497 [samUrlExtractionTaskeid25337] INFO  space.exploration.mars.rover.service.calibration.spectrometer.sam.UrlExtractTask - Started httpRequest.
2018-07-29 19:58:34,497 [samUrlExtractionTaskeid25341] INFO  space.exploration.mars.rover.service.calibration.spectrometer.sam.UrlExtractTask - Started httpRequest.
2018-07-29 19:58:34,497 [samUrlExtractionTaskeid25343] INFO  space.exploration.mars.rover.service.calibration.spectrometer.sam.UrlExtractTask - Started httpRequest.
2018-07-29 19:58:34,497 [samUrlExtractionTaskeid25344] INFO  space.exploration.mars.rover.service.calibration.spectrometer.sam.UrlExtractTask - Started httpRequest.
2018-07-29 19:58:34,497 [samUrlExtractionTaskeid25346] INFO  space.exploration.mars.rover.service.calibration.spectrometer.sam.UrlExtractTask - Started httpRequest.
2018-07-29 19:58:34,497 [samUrlExtractionTaskeid25350] INFO  space.exploration.mars.rover.service.calibration.spectrometer.sam.UrlExtractTask - Started httpRequest.
2018-07-29 19:58:34,498 [samUrlExtractionTaskeid25362] INFO  space.exploration.mars.rover.service.calibration.spectrometer.sam.UrlExtractTask - Started httpRequest.
2018-07-29 19:58:34,498 [samUrlExtractionTaskeid25363] INFO  space.exploration.mars.rover.service.calibration.spectrometer.sam.UrlExtractTask - Started httpRequest.
2018-07-29 19:58:34,498 [samUrlExtractionTaskeid25366] INFO  space.exploration.mars.rover.service.calibration.spectrometer.sam.UrlExtractTask - Started httpRequest.
2018-07-29 19:58:34,498 [samUrlExtractionTaskeid25368] INFO  space.exploration.mars.rover.service.calibration.spectrometer.sam.UrlExtractTask - Started httpRequest.
2018-07-29 19:58:34,498 [samUrlExtractionTaskeid25383] INFO  space.exploration.mars.rover.service.calibration.spectrometer.sam.UrlExtractTask - Started httpRequest.
2018-07-29 19:58:34,498 [samUrlExtractionTaskeid25372] INFO  space.exploration.mars.rover.service.calibration.spectrometer.sam.UrlExtractTask - Started httpRequest.
2018-07-29 19:58:34,499 [samUrlExtractionTaskeid25386] INFO  space.exploration.mars.rover.service.calibration.spectrometer.sam.UrlExtractTask - Started httpRequest.
2018-07-29 19:58:34,500 [samUrlExtractionTaskeid25387] INFO  space.exploration.mars.rover.service.calibration.spectrometer.sam.UrlExtractTask - Started httpRequest.
2018-07-29 19:58:34,500 [samUrlExtractionTaskeid25390] INFO  space.exploration.mars.rover.service.calibration.spectrometer.sam.UrlExtractTask - Started httpRequest.
2018-07-29 19:58:34,501 [samUrlExtractionTaskeid25392] INFO  space.exploration.mars.rover.service.calibration.spectrometer.sam.UrlExtractTask - Started httpRequest.
2018-07-29 19:58:34,502 [samUrlExtractionTaskeid25393] INFO  space.exploration.mars.rover.service.calibration.spectrometer.sam.UrlExtractTask - Started httpRequest.
2018-07-29 19:58:34,502 [samUrlExtractionTaskeid25395] INFO  space.exploration.mars.rover.service.calibration.spectrometer.sam.UrlExtractTask - Started httpRequest.
2018-07-29 19:58:34,502 [samUrlExtractionTaskeid25402] INFO  space.exploration.mars.rover.service.calibration.spectrometer.sam.UrlExtractTask - Started httpRequest.
2018-07-29 19:58:34,502 [samUrlExtractionTaskeid25408] INFO  space.exploration.mars.rover.service.calibration.spectrometer.sam.UrlExtractTask - Started httpRequest.
2018-07-29 19:58:34,503 [samUrlExtractionTaskeid25409] INFO  space.exploration.mars.rover.service.calibration.spectrometer.sam.UrlExtractTask - Started httpRequest.
2018-07-29 19:58:34,503 [samUrlExtractionTaskeid25412] INFO  space.exploration.mars.rover.service.calibration.spectrometer.sam.UrlExtractTask - Started httpRequest.
2018-07-29 19:58:34,503 [samUrlExtractionTaskeid25413] INFO  space.exploration.mars.rover.service.calibration.spectrometer.sam.UrlExtractTask - Started httpRequest.
2018-07-29 19:58:34,503 [samUrlExtractionTaskeid25439] INFO  space.exploration.mars.rover.service.calibration.spectrometer.sam.UrlExtractTask - Started httpRequest.
2018-07-29 19:58:34,503 [samUrlExtractionTaskeid25440] INFO  space.exploration.mars.rover.service.calibration.spectrometer.sam.UrlExtractTask - Started httpRequest.
2018-07-29 19:58:34,784 [samUrlExtractionTaskeid25030] INFO  space.exploration.mars.rover.service.calibration.spectrometer.sam.UrlExtractTask - Sol = 0 ExperimentId = eid25030 URLS = 
2018-07-29 19:58:34,784 [samUrlExtractionTaskeid25030] INFO  space.exploration.mars.rover.service.calibration.spectrometer.sam.UrlExtractTask - Finished httpRequest.
2018-07-29 19:58:34,851 [samUrlExtractionTaskeid25095] INFO  space.exploration.mars.rover.service.calibration.spectrometer.sam.UrlExtractTask - Sol = 0 ExperimentId = eid25095 URLS = 
2018-07-29 19:58:34,851 [samUrlExtractionTaskeid25095] INFO  space.exploration.mars.rover.service.calibration.spectrometer.sam.UrlExtractTask - Finished httpRequest.
2018-07-29 19:58:34,968 [samUrlExtractionTaskeid25111] INFO  space.exploration.mars.rover.service.calibration.spectrometer.sam.UrlExtractTask - Sol = 0 ExperimentId = eid25111 URLS = 
2018-07-29 19:58:34,969 [samUrlExtractionTaskeid25111] INFO  space.exploration.mars.rover.service.calibration.spectrometer.sam.UrlExtractTask - Finished httpRequest.
2018-07-29 19:58:35,022 [samUrlExtractionTaskeid25085] INFO  space.exploration.mars.rover.service.calibration.spectrometer.sam.UrlExtractTask - Sol = 0 ExperimentId = eid25085 URLS = 
2018-07-29 19:58:35,022 [samUrlExtractionTaskeid25085] INFO  space.exploration.mars.rover.service.calibration.spectrometer.sam.UrlExtractTask - Finished httpRequest.
2018-07-29 19:58:35,225 [samUrlExtractionTaskeid25120] INFO  space.exploration.mars.rover.service.calibration.spectrometer.sam.UrlExtractTask - Sol = 0 ExperimentId = eid25120 URLS = 
2018-07-29 19:58:35,225 [samUrlExtractionTaskeid25120] INFO  space.exploration.mars.rover.service.calibration.spectrometer.sam.UrlExtractTask - Finished httpRequest.
2018-07-29 19:58:35,376 [samUrlExtractionTaskeid25075] INFO  space.exploration.mars.rover.service.calibration.spectrometer.sam.UrlExtractTask - Sol = 0 ExperimentId = eid25075 URLS = 
2018-07-29 19:58:35,376 [samUrlExtractionTaskeid25075] INFO  space.exploration.mars.rover.service.calibration.spectrometer.sam.UrlExtractTask - Finished httpRequest.
2018-07-29 19:58:35,539 [samUrlExtractionTaskeid25084] INFO  space.exploration.mars.rover.service.calibration.spectrometer.sam.UrlExtractTask - Sol = 0 ExperimentId = eid25084 URLS = 
2018-07-29 19:58:35,539 [samUrlExtractionTaskeid25084] INFO  space.exploration.mars.rover.service.calibration.spectrometer.sam.UrlExtractTask - Finished httpRequest.
2018-07-29 19:58:35,733 [samUrlExtractionTaskeid25046] INFO  space.exploration.mars.rover.service.calibration.spectrometer.sam.UrlExtractTask - Sol = 0 ExperimentId = eid25046 URLS = 
2018-07-29 19:58:35,733 [samUrlExtractionTaskeid25046] INFO  space.exploration.mars.rover.service.calibration.spectrometer.sam.UrlExtractTask - Finished httpRequest.
2018-07-29 19:58:36,479 [samUrlExtractionTaskeid25039] INFO  space.exploration.mars.rover.service.calibration.spectrometer.sam.UrlExtractTask - Sol = 0 ExperimentId = eid25039 URLS = 
2018-07-29 19:58:36,480 [samUrlExtractionTaskeid25039] INFO  space.exploration.mars.rover.service.calibration.spectrometer.sam.UrlExtractTask - Finished httpRequest.
2018-07-29 19:58:36,595 [samUrlExtractionTaskeid25081] INFO  space.exploration.mars.rover.service.calibration.spectrometer.sam.UrlExtractTask - Sol = 0 ExperimentId = eid25081 URLS = 
2018-07-29 19:58:36,595 [samUrlExtractionTaskeid25081] INFO  space.exploration.mars.rover.service.calibration.spectrometer.sam.UrlExtractTask - Finished httpRequest.
2018-07-29 19:58:36,951 [samUrlExtractionTaskeid25042] INFO  space.exploration.mars.rover.service.calibration.spectrometer.sam.UrlExtractTask - Sol = 0 ExperimentId = eid25042 URLS = 
2018-07-29 19:58:36,951 [samUrlExtractionTaskeid25042] INFO  space.exploration.mars.rover.service.calibration.spectrometer.sam.UrlExtractTask - Finished httpRequest.
2018-07-29 19:58:37,107 [samUrlExtractionTaskeid25065] INFO  space.exploration.mars.rover.service.calibration.spectrometer.sam.UrlExtractTask - Sol = 0 ExperimentId = eid25065 URLS = 
2018-07-29 19:58:37,107 [samUrlExtractionTaskeid25065] INFO  space.exploration.mars.rover.service.calibration.spectrometer.sam.UrlExtractTask - Finished httpRequest.
2018-07-29 19:58:37,422 [samUrlExtractionTaskeid25057] INFO  space.exploration.mars.rover.service.calibration.spectrometer.sam.UrlExtractTask - Sol = 0 ExperimentId = eid25057 URLS = 
2018-07-29 19:58:37,422 [samUrlExtractionTaskeid25057] INFO  space.exploration.mars.rover.service.calibration.spectrometer.sam.UrlExtractTask - Finished httpRequest.
2018-07-29 19:58:37,461 [samUrlExtractionTaskeid25089] INFO  space.exploration.mars.rover.service.calibration.spectrometer.sam.UrlExtractTask - Sol = 0 ExperimentId = eid25089 URLS = 
2018-07-29 19:58:37,461 [samUrlExtractionTaskeid25089] INFO  space.exploration.mars.rover.service.calibration.spectrometer.sam.UrlExtractTask - Finished httpRequest.
2018-07-29 19:58:37,501 [samUrlExtractionTaskeid25070] INFO  space.exploration.mars.rover.service.calibration.spectrometer.sam.UrlExtractTask - Sol = 0 ExperimentId = eid25070 URLS = 
2018-07-29 19:58:37,501 [samUrlExtractionTaskeid25070] INFO  space.exploration.mars.rover.service.calibration.spectrometer.sam.UrlExtractTask - Finished httpRequest.
2018-07-29 19:58:37,542 [samUrlExtractionTaskeid25150] INFO  space.exploration.mars.rover.service.calibration.spectrometer.sam.UrlExtractTask - Sol = 0 ExperimentId = eid25150 URLS = 
2018-07-29 19:58:37,542 [samUrlExtractionTaskeid25150] INFO  space.exploration.mars.rover.service.calibration.spectrometer.sam.UrlExtractTask - Finished httpRequest.
2018-07-29 19:58:37,581 [samUrlExtractionTaskeid25106] INFO  space.exploration.mars.rover.service.calibration.spectrometer.sam.UrlExtractTask - Sol = 0 ExperimentId = eid25106 URLS = 
2018-07-29 19:58:37,582 [samUrlExtractionTaskeid25106] INFO  space.exploration.mars.rover.service.calibration.spectrometer.sam.UrlExtractTask - Finished httpRequest.
2018-07-29 19:58:37,659 [samUrlExtractionTaskeid25062] INFO  space.exploration.mars.rover.service.calibration.spectrometer.sam.UrlExtractTask - Sol = 0 ExperimentId = eid25062 URLS = 
2018-07-29 19:58:37,659 [samUrlExtractionTaskeid25062] INFO  space.exploration.mars.rover.service.calibration.spectrometer.sam.UrlExtractTask - Finished httpRequest.
2018-07-29 19:58:37,775 [samUrlExtractionTaskeid25088] INFO  space.exploration.mars.rover.service.calibration.spectrometer.sam.UrlExtractTask - Sol = 0 ExperimentId = eid25088 URLS = 
2018-07-29 19:58:37,775 [samUrlExtractionTaskeid25088] INFO  space.exploration.mars.rover.service.calibration.spectrometer.sam.UrlExtractTask - Finished httpRequest.
2018-07-29 19:58:37,891 [samUrlExtractionTaskeid25117] INFO  space.exploration.mars.rover.service.calibration.spectrometer.sam.UrlExtractTask - Sol = 0 ExperimentId = eid25117 URLS = 
2018-07-29 19:58:37,891 [samUrlExtractionTaskeid25117] INFO  space.exploration.mars.rover.service.calibration.spectrometer.sam.UrlExtractTask - Finished httpRequest.
2018-07-29 19:58:37,930 [samUrlExtractionTaskeid25113] INFO  space.exploration.mars.rover.service.calibration.spectrometer.sam.UrlExtractTask - Sol = 0 ExperimentId = eid25113 URLS = 
2018-07-29 19:58:37,930 [samUrlExtractionTaskeid25113] INFO  space.exploration.mars.rover.service.calibration.spectrometer.sam.UrlExtractTask - Finished httpRequest.
2018-07-29 19:58:38,048 [samUrlExtractionTaskeid25092] INFO  space.exploration.mars.rover.service.calibration.spectrometer.sam.UrlExtractTask - Sol = 0 ExperimentId = eid25092 URLS = 
2018-07-29 19:58:38,049 [samUrlExtractionTaskeid25092] INFO  space.exploration.mars.rover.service.calibration.spectrometer.sam.UrlExtractTask - Finished httpRequest.
2018-07-29 19:58:39,432 [samUrlExtractionTaskeid25035] INFO  space.exploration.mars.rover.service.calibration.spectrometer.sam.UrlExtractTask - Sol = 0 ExperimentId = eid25035 URLS = 
2018-07-29 19:58:39,433 [samUrlExtractionTaskeid25035] INFO  space.exploration.mars.rover.service.calibration.spectrometer.sam.UrlExtractTask - Finished httpRequest.
2018-07-29 19:58:39,788 [samUrlExtractionTaskeid25175] INFO  space.exploration.mars.rover.service.calibration.spectrometer.sam.UrlExtractTask - Sol = 558 ExperimentId = eid25175 URLS =  sm25175f0558rdr2__spyr_qms_egacomp_1.csv sm25175f0558rdr2__spyr_tls_abundnc_1.csv sm25175f0558rdr2__spyr_tls_ratiosx_1.csv
2018-07-29 19:58:39,788 [samUrlExtractionTaskeid25175] INFO  space.exploration.mars.rover.service.calibration.spectrometer.sam.UrlExtractTask - Finished httpRequest.
2018-07-29 19:58:39,870 [samUrlExtractionTaskeid25390] INFO  space.exploration.mars.rover.service.calibration.spectrometer.sam.UrlExtractTask - Sol = 1578 ExperimentId = eid25390 URLS =  sm25390f1578rdr2__amet_tls_abundnc_1.csv sm25390f1578rdr2__amet_tls_ratiosx_1.csv
2018-07-29 19:58:39,870 [samUrlExtractionTaskeid25390] INFO  space.exploration.mars.rover.service.calibration.spectrometer.sam.UrlExtractTask - Finished httpRequest.
2018-07-29 19:58:39,950 [samUrlExtractionTaskeid25392] INFO  space.exploration.mars.rover.service.calibration.spectrometer.sam.UrlExtractTask - Sol = 1591 ExperimentId = eid25392 URLS =  sm25392f1591rdr2__spyr_qms_egacomp_1.csv sm25392f1591rdr2__spyr_qms_egaxxxx_1.csv
2018-07-29 19:58:39,950 [samUrlExtractionTaskeid25392] INFO  space.exploration.mars.rover.service.calibration.spectrometer.sam.UrlExtractTask - Finished httpRequest.
2018-07-29 19:58:40,030 [samUrlExtractionTaskeid25038] INFO  space.exploration.mars.rover.service.calibration.spectrometer.sam.UrlExtractTask - Sol = 93 ExperimentId = eid25038 URLS =  sm25038f0093rdr2__spyr_gc__species_2.csv sm25038f0093rdr2__spyr_qms_egacomp_2.csv sm25038f0093rdr2__spyr_qms_egaxxxx_2.csv
2018-07-29 19:58:40,030 [samUrlExtractionTaskeid25038] INFO  space.exploration.mars.rover.service.calibration.spectrometer.sam.UrlExtractTask - Finished httpRequest.
2018-07-29 19:58:40,109 [samUrlExtractionTaskeid25059] INFO  space.exploration.mars.rover.service.calibration.spectrometer.sam.UrlExtractTask - Sol = 177 ExperimentId = eid25059 URLS =  sm25059f0177rdr2__spyr_gc__species_2.csv sm25059f0177rdr2__spyr_qms_egacomp_2.csv sm25059f0177rdr2__spyr_qms_egaxxxx_2.csv
2018-07-29 19:58:40,109 [samUrlExtractionTaskeid25059] INFO  space.exploration.mars.rover.service.calibration.spectrometer.sam.UrlExtractTask - Finished httpRequest.
2018-07-29 19:58:40,202 [samUrlExtractionTaskeid25395] INFO  space.exploration.mars.rover.service.calibration.spectrometer.sam.UrlExtractTask - Sol = 1599 ExperimentId = eid25395 URLS =  sm25395f1599rdr2__spyr_qms_atmcomp_1.csv sm25395f1599rdr2__spyr_qms_isotope_1.csv
2018-07-29 19:58:40,202 [samUrlExtractionTaskeid25395] INFO  space.exploration.mars.rover.service.calibration.spectrometer.sam.UrlExtractTask - Finished httpRequest.
2018-07-29 19:58:40,282 [samUrlExtractionTaskeid25408] INFO  space.exploration.mars.rover.service.calibration.spectrometer.sam.UrlExtractTask - Sol = 1708 ExperimentId = eid25408 URLS =  sm25408f1708rdr2__amet_tls_abundnc_1.csv sm25408f1708rdr2__amet_tls_ratiosx_1.csv
2018-07-29 19:58:40,282 [samUrlExtractionTaskeid25408] INFO  space.exploration.mars.rover.service.calibration.spectrometer.sam.UrlExtractTask - Finished httpRequest.
2018-07-29 19:58:40,365 [samUrlExtractionTaskeid25096] INFO  space.exploration.mars.rover.service.calibration.spectrometer.sam.UrlExtractTask - Sol = 292 ExperimentId = eid25096 URLS =  sm25096f0292rdr2__adir_tls_abundnc_1.csv sm25096f0292rdr2__adir_tls_ratiosx_1.csv
2018-07-29 19:58:40,365 [samUrlExtractionTaskeid25096] INFO  space.exploration.mars.rover.service.calibration.spectrometer.sam.UrlExtractTask - Finished httpRequest.
2018-07-29 19:58:40,445 [samUrlExtractionTaskeid25409] INFO  space.exploration.mars.rover.service.calibration.spectrometer.sam.UrlExtractTask - Sol = 1710 ExperimentId = eid25409 URLS =  sm25409f1710rdr2__adir_qms_atmcomp_1.csv sm25409f1710rdr2__adir_qms_isotope_1.csv
2018-07-29 19:58:40,445 [samUrlExtractionTaskeid25409] INFO  space.exploration.mars.rover.service.calibration.spectrometer.sam.UrlExtractTask - Finished httpRequest.
2018-07-29 19:58:40,535 [samUrlExtractionTaskeid25170] INFO  space.exploration.mars.rover.service.calibration.spectrometer.sam.UrlExtractTask - Sol = 525 ExperimentId = eid25170 URLS =  sm25170f0525rdr2__adir_tls_abundnc_1.csv sm25170f0525rdr2__adir_tls_ratiosx_1.csv
2018-07-29 19:58:40,535 [samUrlExtractionTaskeid25170] INFO  space.exploration.mars.rover.service.calibration.spectrometer.sam.UrlExtractTask - Finished httpRequest.
2018-07-29 19:58:40,615 [samUrlExtractionTaskeid25145] INFO  space.exploration.mars.rover.service.calibration.spectrometer.sam.UrlExtractTask - Sol = 421 ExperimentId = eid25145 URLS =  sm25145f0421rdr2__spyr_gc__species_1.csv sm25145f0421rdr2__spyr_qms_egacomp_1.csv sm25145f0421rdr2__spyr_qms_egaxxxx_1.csv
2018-07-29 19:58:40,615 [samUrlExtractionTaskeid25145] INFO  space.exploration.mars.rover.service.calibration.spectrometer.sam.UrlExtractTask - Finished httpRequest.
2018-07-29 19:58:40,708 [samUrlExtractionTaskeid25087] INFO  space.exploration.mars.rover.service.calibration.spectrometer.sam.UrlExtractTask - Sol = 281 ExperimentId = eid25087 URLS =  sm25087f0281rdr2__spyr_gc__species_1.csv
2018-07-29 19:58:40,708 [samUrlExtractionTaskeid25087] INFO  space.exploration.mars.rover.service.calibration.spectrometer.sam.UrlExtractTask - Finished httpRequest.
2018-07-29 19:58:40,789 [samUrlExtractionTaskeid25412] INFO  space.exploration.mars.rover.service.calibration.spectrometer.sam.UrlExtractTask - Sol = 1722 ExperimentId = eid25412 URLS =  sm25412f1722rdr2__spyr_gc__species_1.csv sm25412f1722rdr2__spyr_qms_egacomp_1.csv sm25412f1722rdr2__spyr_qms_egaxxxx_1.csv
2018-07-29 19:58:40,789 [samUrlExtractionTaskeid25412] INFO  space.exploration.mars.rover.service.calibration.spectrometer.sam.UrlExtractTask - Finished httpRequest.
2018-07-29 19:58:40,869 [samUrlExtractionTaskeid25067] INFO  space.exploration.mars.rover.service.calibration.spectrometer.sam.UrlExtractTask - Sol = 199 ExperimentId = eid25067 URLS =  sm25067f0199rdr2__spyr_gc__species_1.csv sm25067f0199rdr2__spyr_qms_egacomp_1.csv sm25067f0199rdr2__spyr_qms_egaxxxx_1.csv sm25067f0199rdr2__spyr_tls_abundnc_1.csv sm25067f0199rdr2__spyr_tls_ratiosx_1.csv
2018-07-29 19:58:40,869 [samUrlExtractionTaskeid25067] INFO  space.exploration.mars.rover.service.calibration.spectrometer.sam.UrlExtractTask - Finished httpRequest.
2018-07-29 19:58:40,947 [samUrlExtractionTaskeid25142] INFO  space.exploration.mars.rover.service.calibration.spectrometer.sam.UrlExtractTask - Sol = 415 ExperimentId = eid25142 URLS =  sm25142f0415rdr2__spyr_gc__species_1.csv sm25142f0415rdr2__spyr_qms_egacomp_1.csv sm25142f0415rdr2__spyr_qms_egaxxxx_1.csv sm25142f0415rdr2__spyr_tls_abundnc_1.csv sm25142f0415rdr2__spyr_tls_ratiosx_1.csv
2018-07-29 19:58:40,947 [samUrlExtractionTaskeid25142] INFO  space.exploration.mars.rover.service.calibration.spectrometer.sam.UrlExtractTask - Finished httpRequest.
2018-07-29 19:58:41,034 [samUrlExtractionTaskeid25094] INFO  space.exploration.mars.rover.service.calibration.spectrometer.sam.UrlExtractTask - Sol = 290 ExperimentId = eid25094 URLS =  sm25094f0290rdr2__spyr_gc__species_1.csv sm25094f0290rdr2__spyr_tls_abundnc_1.csv sm25094f0290rdr2__spyr_tls_ratiosx_1.csv
2018-07-29 19:58:41,034 [samUrlExtractionTaskeid25094] INFO  space.exploration.mars.rover.service.calibration.spectrometer.sam.UrlExtractTask - Finished httpRequest.
2018-07-29 19:58:41,113 [samUrlExtractionTaskeid25048] INFO  space.exploration.mars.rover.service.calibration.spectrometer.sam.UrlExtractTask - Sol = 117 ExperimentId = eid25048 URLS =  sm25048f0117rdr2__spyr_qms_egacomp_2.csv sm25048f0117rdr2__spyr_qms_egaxxxx_2.csv sm25048f0117rdr2__spyr_tls_abundnc_2.csv sm25048f0117rdr2__spyr_tls_ratiosx_2.csv
2018-07-29 19:58:41,113 [samUrlExtractionTaskeid25048] INFO  space.exploration.mars.rover.service.calibration.spectrometer.sam.UrlExtractTask - Finished httpRequest.
2018-07-29 19:58:41,350 [samUrlExtractionTaskeid25083] INFO  space.exploration.mars.rover.service.calibration.spectrometer.sam.UrlExtractTask - Sol = 276 ExperimentId = eid25083 URLS =  sm25083f0276rdr2__spyr_gc__species_1.csv sm25083f0276rdr2__spyr_tls_abundnc_1.csv sm25083f0276rdr2__spyr_tls_ratiosx_1.csv
2018-07-29 19:58:41,350 [samUrlExtractionTaskeid25083] INFO  space.exploration.mars.rover.service.calibration.spectrometer.sam.UrlExtractTask - Finished httpRequest.
2018-07-29 19:58:41,430 [samUrlExtractionTaskeid25044] INFO  space.exploration.mars.rover.service.calibration.spectrometer.sam.UrlExtractTask - Sol = 99 ExperimentId = eid25044 URLS =  sm25044f0099rdr2__spyr_gc__species_2.csv sm25044f0099rdr2__spyr_qms_egacomp_2.csv sm25044f0099rdr2__spyr_qms_egaxxxx_2.csv sm25044f0099rdr2__spyr_tls_abundnc_2.csv sm25044f0099rdr2__spyr_tls_ratiosx_2.csv
2018-07-29 19:58:41,430 [samUrlExtractionTaskeid25044] INFO  space.exploration.mars.rover.service.calibration.spectrometer.sam.UrlExtractTask - Finished httpRequest.
2018-07-29 19:58:41,525 [samUrlExtractionTaskeid25177] INFO  space.exploration.mars.rover.service.calibration.spectrometer.sam.UrlExtractTask - Sol = 573 ExperimentId = eid25177 URLS =  sm25177f0573rdr2__adir_tls_abundnc_1.csv sm25177f0573rdr2__adir_tls_ratiosx_1.csv
2018-07-29 19:58:41,525 [samUrlExtractionTaskeid25177] INFO  space.exploration.mars.rover.service.calibration.spectrometer.sam.UrlExtractTask - Finished httpRequest.
2018-07-29 19:58:41,605 [samUrlExtractionTaskeid25217] INFO  space.exploration.mars.rover.service.calibration.spectrometer.sam.UrlExtractTask - Sol = 753 ExperimentId = eid25217 URLS =  sm25217f0753rdr2__adir_qms_atmcomp_1.csv sm25217f0753rdr2__adir_qms_isotope_1.csv
2018-07-29 19:58:41,605 [samUrlExtractionTaskeid25217] INFO  space.exploration.mars.rover.service.calibration.spectrometer.sam.UrlExtractTask - Finished httpRequest.
2018-07-29 19:58:41,686 [samUrlExtractionTaskeid25223] INFO  space.exploration.mars.rover.service.calibration.spectrometer.sam.UrlExtractTask - Sol = 769 ExperimentId = eid25223 URLS =  sm25223f0769rdr2__spyr_gc__species_1.csv sm25223f0769rdr2__spyr_qms_egacomp_1.csv sm25223f0769rdr2__spyr_qms_egaxxxx_1.csv sm25223f0769rdr2__spyr_tls_abundnc_1.csv sm25223f0769rdr2__spyr_tls_ratiosx_1.csv
2018-07-29 19:58:41,686 [samUrlExtractionTaskeid25223] INFO  space.exploration.mars.rover.service.calibration.spectrometer.sam.UrlExtractTask - Finished httpRequest.
2018-07-29 19:58:41,764 [samUrlExtractionTaskeid25232] INFO  space.exploration.mars.rover.service.calibration.spectrometer.sam.UrlExtractTask - Sol = 830 ExperimentId = eid25232 URLS =  sm25232f0830rdr2__adir_qms_atmcomp_1.csv sm25232f0830rdr2__adir_qms_isotope_1.csv
2018-07-29 19:58:41,764 [samUrlExtractionTaskeid25232] INFO  space.exploration.mars.rover.service.calibration.spectrometer.sam.UrlExtractTask - Finished httpRequest.
2018-07-29 19:58:41,840 [samUrlExtractionTaskeid25235] INFO  space.exploration.mars.rover.service.calibration.spectrometer.sam.UrlExtractTask - Sol = 837 ExperimentId = eid25235 URLS =  sm25235f0837rdr2__sder_gc__species_1.csv sm25235f0837rdr2__sder_qms_egacomp_1.csv sm25235f0837rdr2__sder_qms_egaxxxx_1.csv
2018-07-29 19:58:41,840 [samUrlExtractionTaskeid25235] INFO  space.exploration.mars.rover.service.calibration.spectrometer.sam.UrlExtractTask - Finished httpRequest.
2018-07-29 19:58:41,929 [samUrlExtractionTaskeid25236] INFO  space.exploration.mars.rover.service.calibration.spectrometer.sam.UrlExtractTask - Sol = 839 ExperimentId = eid25236 URLS =  sm25236f0839rdr2__sder_gc__species_1.csv sm25236f0839rdr2__sder_qms_egacomp_1.csv sm25236f0839rdr2__sder_qms_egaxxxx_1.csv
2018-07-29 19:58:41,929 [samUrlExtractionTaskeid25236] INFO  space.exploration.mars.rover.service.calibration.spectrometer.sam.UrlExtractTask - Finished httpRequest.
2018-07-29 19:58:42,008 [samUrlExtractionTaskeid25242] INFO  space.exploration.mars.rover.service.calibration.spectrometer.sam.UrlExtractTask - Sol = 887 ExperimentId = eid25242 URLS =  sm25242f0887rdr2__spyr_qms_egacomp_1.csv sm25242f0887rdr2__spyr_qms_egaxxxx_1.csv
2018-07-29 19:58:42,008 [samUrlExtractionTaskeid25242] INFO  space.exploration.mars.rover.service.calibration.spectrometer.sam.UrlExtractTask - Finished httpRequest.
2018-07-29 19:58:42,095 [samUrlExtractionTaskeid25269] INFO  space.exploration.mars.rover.service.calibration.spectrometer.sam.UrlExtractTask - Sol = 976 ExperimentId = eid25269 URLS =  sm25269f0976rdr2__ange_qms_isotope_1.csv
2018-07-29 19:58:42,095 [samUrlExtractionTaskeid25269] INFO  space.exploration.mars.rover.service.calibration.spectrometer.sam.UrlExtractTask - Finished httpRequest.
2018-07-29 19:58:42,173 [samUrlExtractionTaskeid25284] INFO  space.exploration.mars.rover.service.calibration.spectrometer.sam.UrlExtractTask - Sol = 1086 ExperimentId = eid25284 URLS =  sm25284f1086rdr2__amet_tls_abundnc_1.csv sm25284f1086rdr2__amet_tls_ratiosx_1.csv
2018-07-29 19:58:42,173 [samUrlExtractionTaskeid25284] INFO  space.exploration.mars.rover.service.calibration.spectrometer.sam.UrlExtractTask - Finished httpRequest.
2018-07-29 19:58:42,251 [samUrlExtractionTaskeid25292] INFO  space.exploration.mars.rover.service.calibration.spectrometer.sam.UrlExtractTask - Sol = 1124 ExperimentId = eid25292 URLS =  sm25292f1124rdr2__amet_tls_abundnc_1.csv sm25292f1124rdr2__amet_tls_ratiosx_1.csv
2018-07-29 19:58:42,251 [samUrlExtractionTaskeid25292] INFO  space.exploration.mars.rover.service.calibration.spectrometer.sam.UrlExtractTask - Finished httpRequest.
2018-07-29 19:58:42,329 [samUrlExtractionTaskeid25299] INFO  space.exploration.mars.rover.service.calibration.spectrometer.sam.UrlExtractTask - Sol = 0 ExperimentId = eid25299 URLS = 
2018-07-29 19:58:42,330 [samUrlExtractionTaskeid25299] INFO  space.exploration.mars.rover.service.calibration.spectrometer.sam.UrlExtractTask - Finished httpRequest.
2018-07-29 19:58:42,422 [samUrlExtractionTaskeid25319] INFO  space.exploration.mars.rover.service.calibration.spectrometer.sam.UrlExtractTask - Sol = 1178 ExperimentId = eid25319 URLS =  sm25319f1178rdr2__spyr_gc__species_1.csv sm25319f1178rdr2__spyr_qms_egacomp_1.csv sm25319f1178rdr2__spyr_qms_egaxxxx_1.csv
2018-07-29 19:58:42,422 [samUrlExtractionTaskeid25319] INFO  space.exploration.mars.rover.service.calibration.spectrometer.sam.UrlExtractTask - Finished httpRequest.
2018-07-29 19:58:42,502 [samUrlExtractionTaskeid25327] INFO  space.exploration.mars.rover.service.calibration.spectrometer.sam.UrlExtractTask - Sol = 1225 ExperimentId = eid25327 URLS =  sm25327f1225rdr2__spyr_qms_egacomp_1.csv sm25327f1225rdr2__spyr_qms_egaxxxx_1.csv
2018-07-29 19:58:42,502 [samUrlExtractionTaskeid25327] INFO  space.exploration.mars.rover.service.calibration.spectrometer.sam.UrlExtractTask - Finished httpRequest.
2018-07-29 19:58:42,580 [samUrlExtractionTaskeid25341] INFO  space.exploration.mars.rover.service.calibration.spectrometer.sam.UrlExtractTask - Sol = 1286 ExperimentId = eid25341 URLS =  sm25341f1286rdr2__spyr_gc__species_1.csv
2018-07-29 19:58:42,580 [samUrlExtractionTaskeid25341] INFO  space.exploration.mars.rover.service.calibration.spectrometer.sam.UrlExtractTask - Finished httpRequest.
2018-07-29 19:58:42,662 [samUrlExtractionTaskeid25344] INFO  space.exploration.mars.rover.service.calibration.spectrometer.sam.UrlExtractTask - Sol = 1321 ExperimentId = eid25344 URLS =  sm25344f1321rdr2__amet_tls_abundnc_1.csv sm25344f1321rdr2__amet_tls_ratiosx_1.csv
2018-07-29 19:58:42,662 [samUrlExtractionTaskeid25344] INFO  space.exploration.mars.rover.service.calibration.spectrometer.sam.UrlExtractTask - Finished httpRequest.
2018-07-29 19:58:42,754 [samUrlExtractionTaskeid25350] INFO  space.exploration.mars.rover.service.calibration.spectrometer.sam.UrlExtractTask - Sol = 1382 ExperimentId = eid25350 URLS =  sm25350f1382rdr2__spyr_qms_egacomp_1.csv sm25350f1382rdr2__spyr_qms_egaxxxx_1.csv
2018-07-29 19:58:42,754 [samUrlExtractionTaskeid25350] INFO  space.exploration.mars.rover.service.calibration.spectrometer.sam.UrlExtractTask - Finished httpRequest.
2018-07-29 19:58:42,836 [samUrlExtractionTaskeid25383] INFO  space.exploration.mars.rover.service.calibration.spectrometer.sam.UrlExtractTask - Sol = 1527 ExperimentId = eid25383 URLS =  sm25383f1527rdr2__amet_tls_abundnc_1.csv sm25383f1527rdr2__amet_tls_ratiosx_1.csv
2018-07-29 19:58:42,836 [samUrlExtractionTaskeid25383] INFO  space.exploration.mars.rover.service.calibration.spectrometer.sam.UrlExtractTask - Finished httpRequest.
2018-07-29 19:58:42,916 [samUrlExtractionTaskeid25386] INFO  space.exploration.mars.rover.service.calibration.spectrometer.sam.UrlExtractTask - Sol = 1543 ExperimentId = eid25386 URLS =  sm25386f1543rdr2__spyr_qms_egacomp_1.csv sm25386f1543rdr2__spyr_qms_egaxxxx_1.csv
2018-07-29 19:58:42,916 [samUrlExtractionTaskeid25386] INFO  space.exploration.mars.rover.service.calibration.spectrometer.sam.UrlExtractTask - Finished httpRequest.
2018-07-29 19:58:42,992 [samUrlExtractionTaskeid25393] INFO  space.exploration.mars.rover.service.calibration.spectrometer.sam.UrlExtractTask - Sol = 1594 ExperimentId = eid25393 URLS =  sm25393f1594rdr2__spyr_qms_egacomp_1.csv sm25393f1594rdr2__spyr_qms_egaxxxx_1.csv
2018-07-29 19:58:42,992 [samUrlExtractionTaskeid25393] INFO  space.exploration.mars.rover.service.calibration.spectrometer.sam.UrlExtractTask - Finished httpRequest.
2018-07-29 19:58:43,074 [samUrlExtractionTaskeid25402] INFO  space.exploration.mars.rover.service.calibration.spectrometer.sam.UrlExtractTask - Sol = 1652 ExperimentId = eid25402 URLS =  sm25402f1652rdr2__spyr_gc__species_1.csv sm25402f1652rdr2__spyr_qms_egacomp_1.csv sm25402f1652rdr2__spyr_qms_egaxxxx_1.csv
2018-07-29 19:58:43,074 [samUrlExtractionTaskeid25402] INFO  space.exploration.mars.rover.service.calibration.spectrometer.sam.UrlExtractTask - Finished httpRequest.
2018-07-29 19:58:43,155 [samUrlExtractionTaskeid25104] INFO  space.exploration.mars.rover.service.calibration.spectrometer.sam.UrlExtractTask - Sol = 313 ExperimentId = eid25104 URLS =  sm25104f0313rdr2__adir_tls_abundnc_1.csv sm25104f0313rdr2__adir_tls_ratiosx_1.csv
2018-07-29 19:58:43,155 [samUrlExtractionTaskeid25104] INFO  space.exploration.mars.rover.service.calibration.spectrometer.sam.UrlExtractTask - Finished httpRequest.
2018-07-29 19:58:43,234 [samUrlExtractionTaskeid25026] INFO  space.exploration.mars.rover.service.calibration.spectrometer.sam.UrlExtractTask - Sol = 73 ExperimentId = eid25026 URLS =  sm25026f0073rdr2__adir_tls_abundnc_2.csv sm25026f0073rdr2__adir_tls_ratiosx_2.csv
2018-07-29 19:58:43,234 [samUrlExtractionTaskeid25026] INFO  space.exploration.mars.rover.service.calibration.spectrometer.sam.UrlExtractTask - Finished httpRequest.
2018-07-29 19:58:43,320 [samUrlExtractionTaskeid25008] INFO  space.exploration.mars.rover.service.calibration.spectrometer.sam.UrlExtractTask - Sol = 0 ExperimentId = eid25008 URLS = 
2018-07-29 19:58:43,320 [samUrlExtractionTaskeid25008] INFO  space.exploration.mars.rover.service.calibration.spectrometer.sam.UrlExtractTask - Finished httpRequest.
2018-07-29 19:58:43,403 [samUrlExtractionTaskeid25009] INFO  space.exploration.mars.rover.service.calibration.spectrometer.sam.UrlExtractTask - Sol = 27 ExperimentId = eid25009 URLS =  sm25009f0027rdr2__adir_qms_isotope_2.csv sm25009f0027rdr2__adir_tls_abundnc_2.csv sm25009f0027rdr2__adir_tls_ratiosx_2.csv
2018-07-29 19:58:43,403 [samUrlExtractionTaskeid25009] INFO  space.exploration.mars.rover.service.calibration.spectrometer.sam.UrlExtractTask - Finished httpRequest.
2018-07-29 19:58:43,482 [samUrlExtractionTaskeid25079] INFO  space.exploration.mars.rover.service.calibration.spectrometer.sam.UrlExtractTask - Sol = 0 ExperimentId = eid25079 URLS = 
2018-07-29 19:58:43,482 [samUrlExtractionTaskeid25079] INFO  space.exploration.mars.rover.service.calibration.spectrometer.sam.UrlExtractTask - Finished httpRequest.
2018-07-29 19:58:43,564 [samUrlExtractionTaskeid25045] INFO  space.exploration.mars.rover.service.calibration.spectrometer.sam.UrlExtractTask - Sol = 105 ExperimentId = eid25045 URLS =  sm25045f0105rdr2__adir_tls_abundnc_2.csv sm25045f0105rdr2__adir_tls_ratiosx_2.csv
2018-07-29 19:58:43,564 [samUrlExtractionTaskeid25045] INFO  space.exploration.mars.rover.service.calibration.spectrometer.sam.UrlExtractTask - Finished httpRequest.
2018-07-29 19:58:43,644 [samUrlExtractionTaskeid25028] INFO  space.exploration.mars.rover.service.calibration.spectrometer.sam.UrlExtractTask - Sol = 79 ExperimentId = eid25028 URLS =  sm25028f0079rdr2__adir_tls_abundnc_2.csv sm25028f0079rdr2__adir_tls_ratiosx_2.csv
2018-07-29 19:58:43,644 [samUrlExtractionTaskeid25028] INFO  space.exploration.mars.rover.service.calibration.spectrometer.sam.UrlExtractTask - Finished httpRequest.
2018-07-29 19:58:43,725 [samUrlExtractionTaskeid25102] INFO  space.exploration.mars.rover.service.calibration.spectrometer.sam.UrlExtractTask - Sol = 305 ExperimentId = eid25102 URLS =  sm25102f0305rdr2__adir_tls_abundnc_1.csv sm25102f0305rdr2__adir_tls_ratiosx_1.csv
2018-07-29 19:58:43,725 [samUrlExtractionTaskeid25102] INFO  space.exploration.mars.rover.service.calibration.spectrometer.sam.UrlExtractTask - Finished httpRequest.
2018-07-29 19:58:43,817 [samUrlExtractionTaskeid25166] INFO  space.exploration.mars.rover.service.calibration.spectrometer.sam.UrlExtractTask - Sol = 474 ExperimentId = eid25166 URLS =  sm25166f0474rdr2__adir_tls_abundnc_1.csv sm25166f0474rdr2__adir_tls_ratiosx_1.csv
2018-07-29 19:58:43,817 [samUrlExtractionTaskeid25166] INFO  space.exploration.mars.rover.service.calibration.spectrometer.sam.UrlExtractTask - Finished httpRequest.
2018-07-29 19:58:43,895 [samUrlExtractionTaskeid25130] INFO  space.exploration.mars.rover.service.calibration.spectrometer.sam.UrlExtractTask - Sol = 382 ExperimentId = eid25130 URLS =  sm25130f0382rdr2__spyr_gc__species_1.csv sm25130f0382rdr2__spyr_qms_egacomp_1.csv sm25130f0382rdr2__spyr_qms_egaxxxx_1.csv sm25130f0382rdr2__spyr_tls_abundnc_1.csv sm25130f0382rdr2__spyr_tls_ratiosx_1.csv
2018-07-29 19:58:43,895 [samUrlExtractionTaskeid25130] INFO  space.exploration.mars.rover.service.calibration.spectrometer.sam.UrlExtractTask - Finished httpRequest.
2018-07-29 19:58:43,984 [samUrlExtractionTaskeid25064] INFO  space.exploration.mars.rover.service.calibration.spectrometer.sam.UrlExtractTask - Sol = 196 ExperimentId = eid25064 URLS =  sm25064f0196rdr2__spyr_gc__species_1.csv sm25064f0196rdr2__spyr_qms_egacomp_1.csv sm25064f0196rdr2__spyr_qms_egaxxxx_1.csv sm25064f0196rdr2__spyr_tls_abundnc_1.csv sm25064f0196rdr2__spyr_tls_ratiosx_1.csv
2018-07-29 19:58:43,984 [samUrlExtractionTaskeid25064] INFO  space.exploration.mars.rover.service.calibration.spectrometer.sam.UrlExtractTask - Finished httpRequest.
2018-07-29 19:58:44,064 [samUrlExtractionTaskeid25440] INFO  space.exploration.mars.rover.service.calibration.spectrometer.sam.UrlExtractTask - Sol = 1868 ExperimentId = eid25440 URLS =  sm25440f1868rdr2__adir_qms_atmcomp_1.csv sm25440f1868rdr2__adir_qms_isotope_1.csv
2018-07-29 19:58:44,064 [samUrlExtractionTaskeid25440] INFO  space.exploration.mars.rover.service.calibration.spectrometer.sam.UrlExtractTask - Finished httpRequest.
2018-07-29 19:58:44,147 [samUrlExtractionTaskeid25033] INFO  space.exploration.mars.rover.service.calibration.spectrometer.sam.UrlExtractTask - Sol = 88 ExperimentId = eid25033 URLS =  sm25033f0088rdr2__spyr_gc__species_2.csv
2018-07-29 19:58:44,147 [samUrlExtractionTaskeid25033] INFO  space.exploration.mars.rover.service.calibration.spectrometer.sam.UrlExtractTask - Finished httpRequest.
2018-07-29 19:58:44,249 [samUrlExtractionTaskeid25168] INFO  space.exploration.mars.rover.service.calibration.spectrometer.sam.UrlExtractTask - Sol = 504 ExperimentId = eid25168 URLS =  sm25168f0504rdr2__adir_tls_abundnc_1.csv sm25168f0504rdr2__adir_tls_ratiosx_1.csv
2018-07-29 19:58:44,249 [samUrlExtractionTaskeid25168] INFO  space.exploration.mars.rover.service.calibration.spectrometer.sam.UrlExtractTask - Finished httpRequest.
2018-07-29 19:58:44,334 [samUrlExtractionTaskeid25029] INFO  space.exploration.mars.rover.service.calibration.spectrometer.sam.UrlExtractTask - Sol = 81 ExperimentId = eid25029 URLS =  sm25029f0081rdr2__adir_tls_abundnc_2.csv sm25029f0081rdr2__adir_tls_ratiosx_2.csv
2018-07-29 19:58:44,334 [samUrlExtractionTaskeid25029] INFO  space.exploration.mars.rover.service.calibration.spectrometer.sam.UrlExtractTask - Finished httpRequest.
2018-07-29 19:58:44,415 [samUrlExtractionTaskeid25012] INFO  space.exploration.mars.rover.service.calibration.spectrometer.sam.UrlExtractTask - Sol = 45 ExperimentId = eid25012 URLS =  sm25012f0045rdr2__adir_qms_isotope_2.csv
2018-07-29 19:58:44,415 [samUrlExtractionTaskeid25012] INFO  space.exploration.mars.rover.service.calibration.spectrometer.sam.UrlExtractTask - Finished httpRequest.
2018-07-29 19:58:44,496 [samUrlExtractionTaskeid25041] INFO  space.exploration.mars.rover.service.calibration.spectrometer.sam.UrlExtractTask - Sol = 96 ExperimentId = eid25041 URLS =  sm25041f0096rdr2__spyr_gc__species_2.csv sm25041f0096rdr2__spyr_qms_egacomp_2.csv sm25041f0096rdr2__spyr_qms_egaxxxx_2.csv sm25041f0096rdr2__spyr_tls_abundnc_2.csv sm25041f0096rdr2__spyr_tls_ratiosx_2.csv
2018-07-29 19:58:44,496 [samUrlExtractionTaskeid25041] INFO  space.exploration.mars.rover.service.calibration.spectrometer.sam.UrlExtractTask - Finished httpRequest.
2018-07-29 19:58:44,574 [samUrlExtractionTaskeid25032] INFO  space.exploration.mars.rover.service.calibration.spectrometer.sam.UrlExtractTask - Sol = 85 ExperimentId = eid25032 URLS =  sm25032f0085rdr2__spyr_qms_egaxxxx_2.csv
2018-07-29 19:58:44,574 [samUrlExtractionTaskeid25032] INFO  space.exploration.mars.rover.service.calibration.spectrometer.sam.UrlExtractTask - Finished httpRequest.
2018-07-29 19:58:44,655 [samUrlExtractionTaskeid25074] INFO  space.exploration.mars.rover.service.calibration.spectrometer.sam.UrlExtractTask - Sol = 224 ExperimentId = eid25074 URLS =  sm25074f0224rdr2__spyr_gc__species_1.csv sm25074f0224rdr2__spyr_qms_egacomp_1.csv sm25074f0224rdr2__spyr_qms_egaxxxx_1.csv sm25074f0224rdr2__spyr_tls_abundnc_1.csv sm25074f0224rdr2__spyr_tls_ratiosx_1.csv
2018-07-29 19:58:44,656 [samUrlExtractionTaskeid25074] INFO  space.exploration.mars.rover.service.calibration.spectrometer.sam.UrlExtractTask - Finished httpRequest.
2018-07-29 19:58:44,741 [samUrlExtractionTaskeid25091] INFO  space.exploration.mars.rover.service.calibration.spectrometer.sam.UrlExtractTask - Sol = 286 ExperimentId = eid25091 URLS =  sm25091f0286rdr2__spyr_gc__species_1.csv sm25091f0286rdr2__spyr_tls_abundnc_1.csv sm25091f0286rdr2__spyr_tls_ratiosx_1.csv
2018-07-29 19:58:44,741 [samUrlExtractionTaskeid25091] INFO  space.exploration.mars.rover.service.calibration.spectrometer.sam.UrlExtractTask - Finished httpRequest.
2018-07-29 19:58:44,826 [samUrlExtractionTaskeid25123] INFO  space.exploration.mars.rover.service.calibration.spectrometer.sam.UrlExtractTask - Sol = 368 ExperimentId = eid25123 URLS =  sm25123f0368rdr2__spyr_gc__species_1.csv sm25123f0368rdr2__spyr_qms_egacomp_1.csv sm25123f0368rdr2__spyr_qms_egaxxxx_1.csv sm25123f0368rdr2__spyr_tls_abundnc_1.csv sm25123f0368rdr2__spyr_tls_ratiosx_1.csv
2018-07-29 19:58:44,827 [samUrlExtractionTaskeid25123] INFO  space.exploration.mars.rover.service.calibration.spectrometer.sam.UrlExtractTask - Finished httpRequest.
2018-07-29 19:58:44,911 [samUrlExtractionTaskeid25172] INFO  space.exploration.mars.rover.service.calibration.spectrometer.sam.UrlExtractTask - Sol = 538 ExperimentId = eid25172 URLS =  sm25172f0538rdr2__adir_qms_atmcomp_1.csv sm25172f0538rdr2__adir_qms_isotope_1.csv
2018-07-29 19:58:44,911 [samUrlExtractionTaskeid25172] INFO  space.exploration.mars.rover.service.calibration.spectrometer.sam.UrlExtractTask - Finished httpRequest.
2018-07-29 19:58:44,993 [samUrlExtractionTaskeid25027] INFO  space.exploration.mars.rover.service.calibration.spectrometer.sam.UrlExtractTask - Sol = 77 ExperimentId = eid25027 URLS =  sm25027f0077rdr2__adir_qms_isotope_2.csv
2018-07-29 19:58:44,993 [samUrlExtractionTaskeid25027] INFO  space.exploration.mars.rover.service.calibration.spectrometer.sam.UrlExtractTask - Finished httpRequest.
2018-07-29 19:58:45,072 [samUrlExtractionTaskeid25173] INFO  space.exploration.mars.rover.service.calibration.spectrometer.sam.UrlExtractTask - Sol = 556 ExperimentId = eid25173 URLS =  sm25173f0556rdr2__spyr_tls_abundnc_1.csv sm25173f0556rdr2__spyr_tls_ratiosx_1.csv
2018-07-29 19:58:45,072 [samUrlExtractionTaskeid25173] INFO  space.exploration.mars.rover.service.calibration.spectrometer.sam.UrlExtractTask - Finished httpRequest.
2018-07-29 19:58:45,152 [samUrlExtractionTaskeid25174] INFO  space.exploration.mars.rover.service.calibration.spectrometer.sam.UrlExtractTask - Sol = 557 ExperimentId = eid25174 URLS =  sm25174f0557rdr2__spyr_qms_egacomp_1.csv sm25174f0557rdr2__spyr_tls_abundnc_1.csv sm25174f0557rdr2__spyr_tls_ratiosx_1.csv
2018-07-29 19:58:45,152 [samUrlExtractionTaskeid25174] INFO  space.exploration.mars.rover.service.calibration.spectrometer.sam.UrlExtractTask - Finished httpRequest.
2018-07-29 19:58:45,232 [samUrlExtractionTaskeid25188] INFO  space.exploration.mars.rover.service.calibration.spectrometer.sam.UrlExtractTask - Sol = 602 ExperimentId = eid25188 URLS =  sm25188f0602rdr2__spyr_qms_egacomp_1.csv sm25188f0602rdr2__spyr_qms_egaxxxx_1.csv
2018-07-29 19:58:45,232 [samUrlExtractionTaskeid25188] INFO  space.exploration.mars.rover.service.calibration.spectrometer.sam.UrlExtractTask - Finished httpRequest.
2018-07-29 19:58:45,314 [samUrlExtractionTaskeid25193] INFO  space.exploration.mars.rover.service.calibration.spectrometer.sam.UrlExtractTask - Sol = 624 ExperimentId = eid25193 URLS =  sm25193f0624rdr2__spyr_qms_egacomp_1.csv sm25193f0624rdr2__spyr_qms_egaxxxx_1.csv
2018-07-29 19:58:45,314 [samUrlExtractionTaskeid25193] INFO  space.exploration.mars.rover.service.calibration.spectrometer.sam.UrlExtractTask - Finished httpRequest.
2018-07-29 19:58:45,396 [samUrlExtractionTaskeid25195] INFO  space.exploration.mars.rover.service.calibration.spectrometer.sam.UrlExtractTask - Sol = 637 ExperimentId = eid25195 URLS =  sm25195f0637rdr2__adir_qms_atmcomp_1.csv sm25195f0637rdr2__adir_qms_isotope_1.csv
2018-07-29 19:58:45,396 [samUrlExtractionTaskeid25195] INFO  space.exploration.mars.rover.service.calibration.spectrometer.sam.UrlExtractTask - Finished httpRequest.
2018-07-29 19:58:45,479 [samUrlExtractionTaskeid25196] INFO  space.exploration.mars.rover.service.calibration.spectrometer.sam.UrlExtractTask - Sol = 638 ExperimentId = eid25196 URLS =  sm25196f0638rdr2__adir_tls_abundnc_1.csv sm25196f0638rdr2__adir_tls_ratiosx_1.csv
2018-07-29 19:58:45,479 [samUrlExtractionTaskeid25196] INFO  space.exploration.mars.rover.service.calibration.spectrometer.sam.UrlExtractTask - Finished httpRequest.
2018-07-29 19:58:45,559 [samUrlExtractionTaskeid25202] INFO  space.exploration.mars.rover.service.calibration.spectrometer.sam.UrlExtractTask - Sol = 653 ExperimentId = eid25202 URLS =  sm25202f0653rdr2__spyr_qms_isotope_1.csv
2018-07-29 19:58:45,559 [samUrlExtractionTaskeid25202] INFO  space.exploration.mars.rover.service.calibration.spectrometer.sam.UrlExtractTask - Finished httpRequest.
2018-07-29 19:58:45,642 [samUrlExtractionTaskeid25206] INFO  space.exploration.mars.rover.service.calibration.spectrometer.sam.UrlExtractTask - Sol = 684 ExperimentId = eid25206 URLS =  sm25206f0684rdr2__amet_tls_abundnc_1.csv sm25206f0684rdr2__amet_tls_ratiosx_1.csv
2018-07-29 19:58:45,642 [samUrlExtractionTaskeid25206] INFO  space.exploration.mars.rover.service.calibration.spectrometer.sam.UrlExtractTask - Finished httpRequest.
2018-07-29 19:58:45,722 [samUrlExtractionTaskeid25208] INFO  space.exploration.mars.rover.service.calibration.spectrometer.sam.UrlExtractTask - Sol = 685 ExperimentId = eid25208 URLS =  sm25208f0685rdr2__spyr_qms_isotope_1.csv
2018-07-29 19:58:45,722 [samUrlExtractionTaskeid25208] INFO  space.exploration.mars.rover.service.calibration.spectrometer.sam.UrlExtractTask - Finished httpRequest.
2018-07-29 19:58:45,800 [samUrlExtractionTaskeid25219] INFO  space.exploration.mars.rover.service.calibration.spectrometer.sam.UrlExtractTask - Sol = 763 ExperimentId = eid25219 URLS =  sm25219f0763rdr2__spyr_qms_isotope_1.csv
2018-07-29 19:58:45,800 [samUrlExtractionTaskeid25219] INFO  space.exploration.mars.rover.service.calibration.spectrometer.sam.UrlExtractTask - Finished httpRequest.
2018-07-29 19:58:45,877 [samUrlExtractionTaskeid25230] INFO  space.exploration.mars.rover.service.calibration.spectrometer.sam.UrlExtractTask - Sol = 822 ExperimentId = eid25230 URLS =  sm25230f0822rdr2__sder_gc__species_1.csv sm25230f0822rdr2__sder_qms_egacomp_1.csv sm25230f0822rdr2__sder_qms_egaxxxx_1.csv
2018-07-29 19:58:45,877 [samUrlExtractionTaskeid25230] INFO  space.exploration.mars.rover.service.calibration.spectrometer.sam.UrlExtractTask - Finished httpRequest.
2018-07-29 19:58:45,955 [samUrlExtractionTaskeid25231] INFO  space.exploration.mars.rover.service.calibration.spectrometer.sam.UrlExtractTask - Sol = 824 ExperimentId = eid25231 URLS =  sm25231f0824rdr2__sder_gc__species_1.csv sm25231f0824rdr2__sder_qms_egacomp_1.csv sm25231f0824rdr2__sder_qms_egaxxxx_1.csv
2018-07-29 19:58:45,955 [samUrlExtractionTaskeid25231] INFO  space.exploration.mars.rover.service.calibration.spectrometer.sam.UrlExtractTask - Finished httpRequest.
2018-07-29 19:58:46,034 [samUrlExtractionTaskeid25257] INFO  space.exploration.mars.rover.service.calibration.spectrometer.sam.UrlExtractTask - Sol = 928 ExperimentId = eid25257 URLS =  sm25257f0928rdr2__spyr_qms_egacomp_1.csv sm25257f0928rdr2__spyr_qms_egaxxxx_1.csv
2018-07-29 19:58:46,034 [samUrlExtractionTaskeid25257] INFO  space.exploration.mars.rover.service.calibration.spectrometer.sam.UrlExtractTask - Finished httpRequest.
2018-07-29 19:58:46,114 [samUrlExtractionTaskeid25274] INFO  space.exploration.mars.rover.service.calibration.spectrometer.sam.UrlExtractTask - Sol = 1043 ExperimentId = eid25274 URLS =  sm25274f1043rdr2__cgas_qms_isotope_1.csv
2018-07-29 19:58:46,114 [samUrlExtractionTaskeid25274] INFO  space.exploration.mars.rover.service.calibration.spectrometer.sam.UrlExtractTask - Finished httpRequest.
2018-07-29 19:58:46,192 [samUrlExtractionTaskeid25282] INFO  space.exploration.mars.rover.service.calibration.spectrometer.sam.UrlExtractTask - Sol = 1076 ExperimentId = eid25282 URLS =  sm25282f1076rdr2__spyr_qms_egacomp_1.csv sm25282f1076rdr2__spyr_qms_egaxxxx_1.csv
2018-07-29 19:58:46,192 [samUrlExtractionTaskeid25282] INFO  space.exploration.mars.rover.service.calibration.spectrometer.sam.UrlExtractTask - Finished httpRequest.
2018-07-29 19:58:46,271 [samUrlExtractionTaskeid25297] INFO  space.exploration.mars.rover.service.calibration.spectrometer.sam.UrlExtractTask - Sol = 1130 ExperimentId = eid25297 URLS =  sm25297f1130rdr2__spyr_qms_egacomp_1.csv sm25297f1130rdr2__spyr_qms_egaxxxx_1.csv sm25297f1130rdr2__spyr_tls_abundnc_1.csv sm25297f1130rdr2__spyr_tls_ratiosx_1.csv
2018-07-29 19:58:46,271 [samUrlExtractionTaskeid25297] INFO  space.exploration.mars.rover.service.calibration.spectrometer.sam.UrlExtractTask - Finished httpRequest.
2018-07-29 19:58:46,355 [samUrlExtractionTaskeid25306] INFO  space.exploration.mars.rover.service.calibration.spectrometer.sam.UrlExtractTask - Sol = 1147 ExperimentId = eid25306 URLS =  sm25306f1147rdr2__spyr_qms_egacomp_1.csv sm25306f1147rdr2__spyr_qms_egaxxxx_1.csv sm25306f1147rdr2__spyr_tls_abundnc_1.csv sm25306f1147rdr2__spyr_tls_ratiosx_1.csv
2018-07-29 19:58:46,355 [samUrlExtractionTaskeid25306] INFO  space.exploration.mars.rover.service.calibration.spectrometer.sam.UrlExtractTask - Finished httpRequest.
2018-07-29 19:58:46,437 [samUrlExtractionTaskeid25301] INFO  space.exploration.mars.rover.service.calibration.spectrometer.sam.UrlExtractTask - Sol = 1145 ExperimentId = eid25301 URLS =  sm25301f1145rdr2__adir_qms_atmcomp_1.csv sm25301f1145rdr2__adir_qms_isotope_1.csv
2018-07-29 19:58:46,437 [samUrlExtractionTaskeid25301] INFO  space.exploration.mars.rover.service.calibration.spectrometer.sam.UrlExtractTask - Finished httpRequest.
2018-07-29 19:58:46,516 [samUrlExtractionTaskeid25311] INFO  space.exploration.mars.rover.service.calibration.spectrometer.sam.UrlExtractTask - Sol = 1168 ExperimentId = eid25311 URLS =  sm25311f1168rdr2__amet_tls_abundnc_1.csv sm25311f1168rdr2__amet_tls_ratiosx_1.csv
2018-07-29 19:58:46,516 [samUrlExtractionTaskeid25311] INFO  space.exploration.mars.rover.service.calibration.spectrometer.sam.UrlExtractTask - Finished httpRequest.
2018-07-29 19:58:46,596 [samUrlExtractionTaskeid25314] INFO  space.exploration.mars.rover.service.calibration.spectrometer.sam.UrlExtractTask - Sol = 1172 ExperimentId = eid25314 URLS =  sm25314f1172rdr2__spyr_gc__species_1.csv sm25314f1172rdr2__spyr_qms_egacomp_1.csv sm25314f1172rdr2__spyr_qms_egaxxxx_1.csv
2018-07-29 19:58:46,596 [samUrlExtractionTaskeid25314] INFO  space.exploration.mars.rover.service.calibration.spectrometer.sam.UrlExtractTask - Finished httpRequest.
2018-07-29 19:58:46,676 [samUrlExtractionTaskeid25322] INFO  space.exploration.mars.rover.service.calibration.spectrometer.sam.UrlExtractTask - Sol = 1221 ExperimentId = eid25322 URLS =  sm25322f1221rdr2__adir_tls_abundnc_1.csv sm25322f1221rdr2__adir_tls_ratiosx_1.csv
2018-07-29 19:58:46,676 [samUrlExtractionTaskeid25322] INFO  space.exploration.mars.rover.service.calibration.spectrometer.sam.UrlExtractTask - Finished httpRequest.
2018-07-29 19:58:46,757 [samUrlExtractionTaskeid25337] INFO  space.exploration.mars.rover.service.calibration.spectrometer.sam.UrlExtractTask - Sol = 1251 ExperimentId = eid25337 URLS =  sm25337f1251rdr2__adir_qms_atmcomp_1.csv sm25337f1251rdr2__adir_qms_isotope_1.csv
2018-07-29 19:58:46,757 [samUrlExtractionTaskeid25337] INFO  space.exploration.mars.rover.service.calibration.spectrometer.sam.UrlExtractTask - Finished httpRequest.
2018-07-29 19:58:46,836 [samUrlExtractionTaskeid25343] INFO  space.exploration.mars.rover.service.calibration.spectrometer.sam.UrlExtractTask - Sol = 1319 ExperimentId = eid25343 URLS =  sm25343f1319rdr2__adir_qms_atmcomp_1.csv sm25343f1319rdr2__adir_qms_isotope_1.csv
2018-07-29 19:58:46,837 [samUrlExtractionTaskeid25343] INFO  space.exploration.mars.rover.service.calibration.spectrometer.sam.UrlExtractTask - Finished httpRequest.
2018-07-29 19:58:46,919 [samUrlExtractionTaskeid25346] INFO  space.exploration.mars.rover.service.calibration.spectrometer.sam.UrlExtractTask - Sol = 1356 ExperimentId = eid25346 URLS =  sm25346f1356rdr2__adir_qms_atmcomp_1.csv sm25346f1356rdr2__adir_qms_isotope_1.csv
2018-07-29 19:58:46,919 [samUrlExtractionTaskeid25346] INFO  space.exploration.mars.rover.service.calibration.spectrometer.sam.UrlExtractTask - Finished httpRequest.
2018-07-29 19:58:46,997 [samUrlExtractionTaskeid25363] INFO  space.exploration.mars.rover.service.calibration.spectrometer.sam.UrlExtractTask - Sol = 1430 ExperimentId = eid25363 URLS =  sm25363f1430rdr2__spyr_qms_isotope_1.csv sm25363f1430rdr2__spyr_tls_abundnc_1.csv sm25363f1430rdr2__spyr_tls_ratiosx_1.csv
2018-07-29 19:58:46,997 [samUrlExtractionTaskeid25363] INFO  space.exploration.mars.rover.service.calibration.spectrometer.sam.UrlExtractTask - Finished httpRequest.
2018-07-29 19:58:47,076 [samUrlExtractionTaskeid25366] INFO  space.exploration.mars.rover.service.calibration.spectrometer.sam.UrlExtractTask - Sol = 1444 ExperimentId = eid25366 URLS =  sm25366f1444rdr2__spyr_qms_egacomp_1.csv sm25366f1444rdr2__spyr_qms_egaxxxx_1.csv sm25366f1444rdr2__spyr_tls_abundnc_1.csv sm25366f1444rdr2__spyr_tls_ratiosx_1.csv
2018-07-29 19:58:47,077 [samUrlExtractionTaskeid25366] INFO  space.exploration.mars.rover.service.calibration.spectrometer.sam.UrlExtractTask - Finished httpRequest.
2018-07-29 19:58:47,155 [samUrlExtractionTaskeid25368] INFO  space.exploration.mars.rover.service.calibration.spectrometer.sam.UrlExtractTask - Sol = 1451 ExperimentId = eid25368 URLS =  sm25368f1451rdr2__amet_tls_abundnc_1.csv sm25368f1451rdr2__amet_tls_ratiosx_1.csv
2018-07-29 19:58:47,155 [samUrlExtractionTaskeid25368] INFO  space.exploration.mars.rover.service.calibration.spectrometer.sam.UrlExtractTask - Finished httpRequest.
2018-07-29 19:58:47,233 [samUrlExtractionTaskeid25372] INFO  space.exploration.mars.rover.service.calibration.spectrometer.sam.UrlExtractTask - Sol = 1456 ExperimentId = eid25372 URLS =  sm25372f1456rdr2__adir_qms_atmcomp_1.csv sm25372f1456rdr2__adir_qms_isotope_1.csv
2018-07-29 19:58:47,233 [samUrlExtractionTaskeid25372] INFO  space.exploration.mars.rover.service.calibration.spectrometer.sam.UrlExtractTask - Finished httpRequest.
2018-07-29 19:58:47,313 [samUrlExtractionTaskeid25014] INFO  space.exploration.mars.rover.service.calibration.spectrometer.sam.UrlExtractTask - Sol = 52 ExperimentId = eid25014 URLS =  sm25014f0052rdr2__adir_tls_abundnc_2.csv sm25014f0052rdr2__adir_tls_ratiosx_2.csv
2018-07-29 19:58:47,313 [samUrlExtractionTaskeid25014] INFO  space.exploration.mars.rover.service.calibration.spectrometer.sam.UrlExtractTask - Finished httpRequest.
2018-07-29 19:58:47,390 [samUrlExtractionTaskeid25133] INFO  space.exploration.mars.rover.service.calibration.spectrometer.sam.UrlExtractTask - Sol = 394 ExperimentId = eid25133 URLS =  sm25133f0394rdr2__spyr_gc__species_1.csv sm25133f0394rdr2__spyr_qms_egacomp_1.csv sm25133f0394rdr2__spyr_qms_egaxxxx_1.csv
2018-07-29 19:58:47,390 [samUrlExtractionTaskeid25133] INFO  space.exploration.mars.rover.service.calibration.spectrometer.sam.UrlExtractTask - Finished httpRequest.
2018-07-29 19:58:47,472 [samUrlExtractionTaskeid25387] INFO  space.exploration.mars.rover.service.calibration.spectrometer.sam.UrlExtractTask - Sol = 1546 ExperimentId = eid25387 URLS =  sm25387f1546rdr2__spyr_qms_egacomp_1.csv sm25387f1546rdr2__spyr_qms_egaxxxx_1.csv
2018-07-29 19:58:47,472 [samUrlExtractionTaskeid25387] INFO  space.exploration.mars.rover.service.calibration.spectrometer.sam.UrlExtractTask - Finished httpRequest.
2018-07-29 19:58:47,556 [samUrlExtractionTaskeid25077] INFO  space.exploration.mars.rover.service.calibration.spectrometer.sam.UrlExtractTask - Sol = 227 ExperimentId = eid25077 URLS =  sm25077f0227rdr2__spyr_gc__species_1.csv sm25077f0227rdr2__spyr_qms_egacomp_1.csv sm25077f0227rdr2__spyr_qms_egaxxxx_1.csv sm25077f0227rdr2__spyr_tls_abundnc_1.csv sm25077f0227rdr2__spyr_tls_ratiosx_1.csv
2018-07-29 19:58:47,556 [samUrlExtractionTaskeid25077] INFO  space.exploration.mars.rover.service.calibration.spectrometer.sam.UrlExtractTask - Finished httpRequest.
2018-07-29 19:58:47,637 [samUrlExtractionTaskeid25439] INFO  space.exploration.mars.rover.service.calibration.spectrometer.sam.UrlExtractTask - Sol = 1862 ExperimentId = eid25439 URLS =  sm25439f1862rdr2__spyr_gc__species_1.csv sm25439f1862rdr2__spyr_qms_egacomp_1.csv sm25439f1862rdr2__spyr_qms_egaxxxx_1.csv
2018-07-29 19:58:47,638 [samUrlExtractionTaskeid25439] INFO  space.exploration.mars.rover.service.calibration.spectrometer.sam.UrlExtractTask - Finished httpRequest.
2018-07-29 19:58:47,965 [samUrlExtractionTaskeid25103] INFO  space.exploration.mars.rover.service.calibration.spectrometer.sam.UrlExtractTask - Sol = 306 ExperimentId = eid25103 URLS =  sm25103f0306rdr2__adir_tls_abundnc_1.csv sm25103f0306rdr2__adir_tls_ratiosx_1.csv
2018-07-29 19:58:47,966 [samUrlExtractionTaskeid25103] INFO  space.exploration.mars.rover.service.calibration.spectrometer.sam.UrlExtractTask - Finished httpRequest.
2018-07-29 19:58:48,047 [samUrlExtractionTaskeid25413] INFO  space.exploration.mars.rover.service.calibration.spectrometer.sam.UrlExtractTask - Sol = 1724 ExperimentId = eid25413 URLS =  sm25413f1724rdr2__spyr_tls_abundnc_1.csv sm25413f1724rdr2__spyr_tls_ratiosx_1.csv
2018-07-29 19:58:48,047 [samUrlExtractionTaskeid25413] INFO  space.exploration.mars.rover.service.calibration.spectrometer.sam.UrlExtractTask - Finished httpRequest.
2018-07-29 19:58:48,126 [samUrlExtractionTaskeid25056] INFO  space.exploration.mars.rover.service.calibration.spectrometer.sam.UrlExtractTask - Sol = 171 ExperimentId = eid25056 URLS =  sm25056f0171rdr2__csol_gc__species_2.csv
2018-07-29 19:58:48,126 [samUrlExtractionTaskeid25056] INFO  space.exploration.mars.rover.service.calibration.spectrometer.sam.UrlExtractTask - Finished httpRequest.
2018-07-29 19:58:48,207 [samUrlExtractionTaskeid25171] INFO  space.exploration.mars.rover.service.calibration.spectrometer.sam.UrlExtractTask - Sol = 526 ExperimentId = eid25171 URLS =  sm25171f0526rdr2__adir_tls_abundnc_1.csv sm25171f0526rdr2__adir_tls_ratiosx_1.csv
2018-07-29 19:58:48,207 [samUrlExtractionTaskeid25171] INFO  space.exploration.mars.rover.service.calibration.spectrometer.sam.UrlExtractTask - Finished httpRequest.
2018-07-29 19:58:48,289 [samUrlExtractionTaskeid25226] INFO  space.exploration.mars.rover.service.calibration.spectrometer.sam.UrlExtractTask - Sol = 773 ExperimentId = eid25226 URLS =  sm25226f0773rdr2__spyr_gc__species_1.csv sm25226f0773rdr2__spyr_qms_egacomp_1.csv sm25226f0773rdr2__spyr_qms_egaxxxx_1.csv sm25226f0773rdr2__spyr_tls_abundnc_1.csv sm25226f0773rdr2__spyr_tls_ratiosx_1.csv
2018-07-29 19:58:48,289 [samUrlExtractionTaskeid25226] INFO  space.exploration.mars.rover.service.calibration.spectrometer.sam.UrlExtractTask - Finished httpRequest.
2018-07-29 19:58:48,367 [samUrlExtractionTaskeid25239] INFO  space.exploration.mars.rover.service.calibration.spectrometer.sam.UrlExtractTask - Sol = 865 ExperimentId = eid25239 URLS =  sm25239f0865rdr2__amet_tls_abundnc_1.csv sm25239f0865rdr2__amet_tls_ratiosx_1.csv
2018-07-29 19:58:48,367 [samUrlExtractionTaskeid25239] INFO  space.exploration.mars.rover.service.calibration.spectrometer.sam.UrlExtractTask - Finished httpRequest.
2018-07-29 19:58:48,445 [samUrlExtractionTaskeid25253] INFO  space.exploration.mars.rover.service.calibration.spectrometer.sam.UrlExtractTask - Sol = 915 ExperimentId = eid25253 URLS =  sm25253f0915rdr2__ange_qms_isotope_1.csv
2018-07-29 19:58:48,445 [samUrlExtractionTaskeid25253] INFO  space.exploration.mars.rover.service.calibration.spectrometer.sam.UrlExtractTask - Finished httpRequest.
2018-07-29 19:58:48,527 [samUrlExtractionTaskeid25266] INFO  space.exploration.mars.rover.service.calibration.spectrometer.sam.UrlExtractTask - Sol = 965 ExperimentId = eid25266 URLS =  sm25266f0965rdr2__amet_tls_abundnc_1.csv sm25266f0965rdr2__amet_tls_ratiosx_1.csv
2018-07-29 19:58:48,527 [samUrlExtractionTaskeid25266] INFO  space.exploration.mars.rover.service.calibration.spectrometer.sam.UrlExtractTask - Finished httpRequest.
2018-07-29 19:58:48,611 [samUrlExtractionTaskeid25321] INFO  space.exploration.mars.rover.service.calibration.spectrometer.sam.UrlExtractTask - Sol = 1204 ExperimentId = eid25321 URLS =  sm25321f1204rdr2__cgas_qms_isotope_1.csv
2018-07-29 19:58:48,611 [samUrlExtractionTaskeid25321] INFO  space.exploration.mars.rover.service.calibration.spectrometer.sam.UrlExtractTask - Finished httpRequest.
2018-07-29 19:58:48,691 [samUrlExtractionTaskeid25333] INFO  space.exploration.mars.rover.service.calibration.spectrometer.sam.UrlExtractTask - Sol = 1237 ExperimentId = eid25333 URLS =  sm25333f1237rdr2__spyr_qms_egacomp_1.csv sm25333f1237rdr2__spyr_qms_egaxxxx_1.csv
2018-07-29 19:58:48,691 [samUrlExtractionTaskeid25333] INFO  space.exploration.mars.rover.service.calibration.spectrometer.sam.UrlExtractTask - Finished httpRequest.
2018-07-29 19:58:48,794 [samUrlExtractionTaskeid25362] INFO  space.exploration.mars.rover.service.calibration.spectrometer.sam.UrlExtractTask - Sol = 1429 ExperimentId = eid25362 URLS =  sm25362f1429rdr2__spyr_qms_isotope_1.csv sm25362f1429rdr2__spyr_tls_abundnc_1.csv sm25362f1429rdr2__spyr_tls_ratiosx_1.csv
2018-07-29 19:58:48,794 [samUrlExtractionTaskeid25362] INFO  space.exploration.mars.rover.service.calibration.spectrometer.sam.UrlExtractTask - Finished httpRequest.
2018-07-29 19:58:48,799 [main] INFO  space.exploration.mars.rover.sensor.SamSensor - SAM Calibration tasks completed!
