0 [main] INFO space.exploration.mars.rover.kernel.SpacecraftClock  - Curiosity internal spacecraft clock started at :: 2016-01-01T00:00:00.000-06:00
1 [main] INFO space.exploration.mars.rover.kernel.SpacecraftClock  - Mission duration is set to :: 1 year(s).
1 [main] INFO space.exploration.mars.rover.kernel.SpacecraftClock  - Mission duration = 31536000000
19253 [main] INFO org.apache.kafka.clients.producer.ProducerConfig  - ProducerConfig values: 
	metric.reporters = []
	metadata.max.age.ms = 300000
	reconnect.backoff.ms = 50
	sasl.kerberos.ticket.renew.window.factor = 0.8
	bootstrap.servers = [localhost:9092]
	ssl.keystore.type = JKS
	sasl.mechanism = GSSAPI
	max.block.ms = 60000
	interceptor.classes = null
	ssl.truststore.password = null
	client.id = 
	ssl.endpoint.identification.algorithm = null
	request.timeout.ms = 30000
	acks = 1
	receive.buffer.bytes = 32768
	ssl.truststore.type = JKS
	retries = 0
	ssl.truststore.location = null
	ssl.keystore.password = null
	send.buffer.bytes = 131072
	compression.type = none
	metadata.fetch.timeout.ms = 60000
	retry.backoff.ms = 100
	sasl.kerberos.kinit.cmd = /usr/bin/kinit
	buffer.memory = 33554432
	timeout.ms = 30000
	key.serializer = class org.apache.kafka.common.serialization.StringSerializer
	sasl.kerberos.service.name = null
	sasl.kerberos.ticket.renew.jitter = 0.05
	ssl.trustmanager.algorithm = PKIX
	block.on.buffer.full = false
	ssl.key.password = null
	sasl.kerberos.min.time.before.relogin = 60000
	connections.max.idle.ms = 540000
	max.in.flight.requests.per.connection = 5
	metrics.num.samples = 2
	ssl.protocol = TLS
	ssl.provider = null
	ssl.enabled.protocols = [TLSv1.2, TLSv1.1, TLSv1]
	batch.size = 16384
	ssl.keystore.location = null
	ssl.cipher.suites = null
	security.protocol = PLAINTEXT
	max.request.size = 1048576
	value.serializer = class org.apache.kafka.common.serialization.ByteArraySerializer
	ssl.keymanager.algorithm = SunX509
	metrics.sample.window.ms = 30000
	partitioner.class = class org.apache.kafka.clients.producer.internals.DefaultPartitioner
	linger.ms = 0

19462 [main] INFO org.apache.kafka.clients.producer.ProducerConfig  - ProducerConfig values: 
	metric.reporters = []
	metadata.max.age.ms = 300000
	reconnect.backoff.ms = 50
	sasl.kerberos.ticket.renew.window.factor = 0.8
	bootstrap.servers = [localhost:9092]
	ssl.keystore.type = JKS
	sasl.mechanism = GSSAPI
	max.block.ms = 60000
	interceptor.classes = null
	ssl.truststore.password = null
	client.id = producer-1
	ssl.endpoint.identification.algorithm = null
	request.timeout.ms = 30000
	acks = 1
	receive.buffer.bytes = 32768
	ssl.truststore.type = JKS
	retries = 0
	ssl.truststore.location = null
	ssl.keystore.password = null
	send.buffer.bytes = 131072
	compression.type = none
	metadata.fetch.timeout.ms = 60000
	retry.backoff.ms = 100
	sasl.kerberos.kinit.cmd = /usr/bin/kinit
	buffer.memory = 33554432
	timeout.ms = 30000
	key.serializer = class org.apache.kafka.common.serialization.StringSerializer
	sasl.kerberos.service.name = null
	sasl.kerberos.ticket.renew.jitter = 0.05
	ssl.trustmanager.algorithm = PKIX
	block.on.buffer.full = false
	ssl.key.password = null
	sasl.kerberos.min.time.before.relogin = 60000
	connections.max.idle.ms = 540000
	max.in.flight.requests.per.connection = 5
	metrics.num.samples = 2
	ssl.protocol = TLS
	ssl.provider = null
	ssl.enabled.protocols = [TLSv1.2, TLSv1.1, TLSv1]
	batch.size = 16384
	ssl.keystore.location = null
	ssl.cipher.suites = null
	security.protocol = PLAINTEXT
	max.request.size = 1048576
	value.serializer = class org.apache.kafka.common.serialization.ByteArraySerializer
	ssl.keymanager.algorithm = SunX509
	metrics.sample.window.ms = 30000
	partitioner.class = class org.apache.kafka.clients.producer.internals.DefaultPartitioner
	linger.ms = 0

19463 [main] WARN org.apache.kafka.clients.producer.ProducerConfig  - The configuration zookeeper.connect = localhost:2181 was supplied but isn't a known config.
19463 [main] WARN org.apache.kafka.clients.producer.ProducerConfig  - The configuration group.id = space.exploration.mars.newRover was supplied but isn't a known config.
19463 [main] WARN org.apache.kafka.clients.producer.ProducerConfig  - The configuration source.topic = earth_to_curiosity_4 was supplied but isn't a known config.
19463 [main] WARN org.apache.kafka.clients.producer.ProducerConfig  - The configuration auto.offset.reset = largest was supplied but isn't a known config.
19463 [main] WARN org.apache.kafka.clients.producer.ProducerConfig  - The configuration metadata.broker.list = localhost:9092 was supplied but isn't a known config.
19463 [main] WARN org.apache.kafka.clients.producer.ProducerConfig  - The configuration destination.topic = curiosity_to_earth_4 was supplied but isn't a known config.
19465 [main] INFO org.apache.kafka.common.utils.AppInfoParser  - Kafka version : 0.10.0.1
19465 [main] INFO org.apache.kafka.common.utils.AppInfoParser  - Kafka commitId : a7a17cdec9eaa6c5
19719 [main] INFO kafka.utils.VerifiableProperties  - Verifying properties
19764 [main] INFO kafka.utils.VerifiableProperties  - Property auto.offset.reset is overridden to largest
19764 [main] WARN kafka.utils.VerifiableProperties  - Property bootstrap.servers is not valid
19765 [main] WARN kafka.utils.VerifiableProperties  - Property destination.topic is not valid
19765 [main] INFO kafka.utils.VerifiableProperties  - Property group.id is overridden to space.exploration.mars.newRover
19765 [main] WARN kafka.utils.VerifiableProperties  - Property key.serializer is not valid
19765 [main] WARN kafka.utils.VerifiableProperties  - Property metadata.broker.list is not valid
19766 [main] WARN kafka.utils.VerifiableProperties  - Property source.topic is not valid
19766 [main] WARN kafka.utils.VerifiableProperties  - Property value.serializer is not valid
19766 [main] INFO kafka.utils.VerifiableProperties  - Property zookeeper.connect is overridden to localhost:2181
19847 [main] INFO kafka.consumer.ZookeeperConsumerConnector  - [space.exploration.mars.newRover_zion-mainframe-1511335789415-ea45fa0c], Connecting to zookeeper instance at localhost:2181
19940 [ZkClient-EventThread-28-localhost:2181] INFO org.I0Itec.zkclient.ZkEventThread  - Starting ZkClient event thread.
19944 [main] INFO org.apache.zookeeper.ZooKeeper  - Client environment:zookeeper.version=3.4.6-1569965, built on 02/20/2014 09:09 GMT
19944 [main] INFO org.apache.zookeeper.ZooKeeper  - Client environment:host.name=zion-mainframe
19944 [main] INFO org.apache.zookeeper.ZooKeeper  - Client environment:java.version=1.8.0_151
19944 [main] INFO org.apache.zookeeper.ZooKeeper  - Client environment:java.vendor=Oracle Corporation
19944 [main] INFO org.apache.zookeeper.ZooKeeper  - Client environment:java.home=/usr/lib/jvm/java-8-openjdk-amd64/jre
19944 [main] INFO org.apache.zookeeper.ZooKeeper  - Client environment:java.class.path=target/mars.rover-1.1.1-SOLSHOT-shaded.jar
19944 [main] INFO org.apache.zookeeper.ZooKeeper  - Client environment:java.library.path=$LD_LIBRARY_PATH:"/home/sanket/Documents/workspace/SpiceUtilities/src/main/resources/JNISpice/lib/libJNISpice.so":/home/sanket/Documents/workspace/SpiceUtilities/src/main/resources/JNISpice/lib/libJNISpice.so:/usr/java/packages/lib/amd64:/usr/lib/x86_64-linux-gnu/jni:/lib/x86_64-linux-gnu:/usr/lib/x86_64-linux-gnu:/usr/lib/jni:/lib:/usr/lib
19944 [main] INFO org.apache.zookeeper.ZooKeeper  - Client environment:java.io.tmpdir=/tmp
19944 [main] INFO org.apache.zookeeper.ZooKeeper  - Client environment:java.compiler=<NA>
19944 [main] INFO org.apache.zookeeper.ZooKeeper  - Client environment:os.name=Linux
19944 [main] INFO org.apache.zookeeper.ZooKeeper  - Client environment:os.arch=amd64
19944 [main] INFO org.apache.zookeeper.ZooKeeper  - Client environment:os.version=4.10.0-38-generic
19944 [main] INFO org.apache.zookeeper.ZooKeeper  - Client environment:user.name=sanket
19944 [main] INFO org.apache.zookeeper.ZooKeeper  - Client environment:user.home=/home/sanket
19944 [main] INFO org.apache.zookeeper.ZooKeeper  - Client environment:user.dir=/home/sanket/Documents/workspace/MarsRover/mars.rover
19945 [main] INFO org.apache.zookeeper.ZooKeeper  - Initiating client connection, connectString=localhost:2181 sessionTimeout=6000 watcher=org.I0Itec.zkclient.ZkClient@24269709
19964 [main] INFO org.I0Itec.zkclient.ZkClient  - Waiting for keeper state SyncConnected
19966 [main-SendThread(localhost:2181)] INFO org.apache.zookeeper.ClientCnxn  - Opening socket connection to server localhost/127.0.0.1:2181. Will not attempt to authenticate using SASL (unknown error)
19978 [main-SendThread(localhost:2181)] INFO org.apache.zookeeper.ClientCnxn  - Socket connection established to localhost/127.0.0.1:2181, initiating session
19986 [main-SendThread(localhost:2181)] INFO org.apache.zookeeper.ClientCnxn  - Session establishment complete on server localhost/127.0.0.1:2181, sessionid = 0x15fe27911c10006, negotiated timeout = 6000
19987 [main-EventThread] INFO org.I0Itec.zkclient.ZkClient  - zookeeper state changed (SyncConnected)
20003 [main] INFO kafka.consumer.ZookeeperConsumerConnector  - [space.exploration.mars.newRover_zion-mainframe-1511335789415-ea45fa0c], starting auto committer every 60000 ms
20047 [Thread-2] INFO kafka.consumer.ZookeeperConsumerConnector  - [space.exploration.mars.newRover_zion-mainframe-1511335789415-ea45fa0c], begin registering consumer space.exploration.mars.newRover_zion-mainframe-1511335789415-ea45fa0c in ZK
20100 [Thread-2] INFO kafka.utils.ZKCheckedEphemeral  - Creating /consumers/space.exploration.mars.newRover/ids/space.exploration.mars.newRover_zion-mainframe-1511335789415-ea45fa0c (is it secure? false)
20119 [Thread-2] INFO kafka.utils.ZKCheckedEphemeral  - Result of znode creation is: OK
20119 [Thread-2] INFO kafka.consumer.ZookeeperConsumerConnector  - [space.exploration.mars.newRover_zion-mainframe-1511335789415-ea45fa0c], end registering consumer space.exploration.mars.newRover_zion-mainframe-1511335789415-ea45fa0c in ZK
20127 [space.exploration.mars.newRover_zion-mainframe-1511335789415-ea45fa0c_watcher_executor] INFO kafka.consumer.ZookeeperConsumerConnector  - [space.exploration.mars.newRover_zion-mainframe-1511335789415-ea45fa0c], starting watcher executor thread for consumer space.exploration.mars.newRover_zion-mainframe-1511335789415-ea45fa0c
20153 [Thread-2] INFO kafka.consumer.ZookeeperConsumerConnector  - [space.exploration.mars.newRover_zion-mainframe-1511335789415-ea45fa0c], begin rebalancing consumer space.exploration.mars.newRover_zion-mainframe-1511335789415-ea45fa0c try #0
20280 [Thread-2] INFO kafka.consumer.ConsumerFetcherManager  - [ConsumerFetcherManager-1511335789570] Stopping leader finder thread
20280 [Thread-2] INFO kafka.consumer.ConsumerFetcherManager  - [ConsumerFetcherManager-1511335789570] Stopping all fetchers
20281 [Thread-2] INFO kafka.consumer.ConsumerFetcherManager  - [ConsumerFetcherManager-1511335789570] All connections stopped
20281 [Thread-2] INFO kafka.consumer.ZookeeperConsumerConnector  - [space.exploration.mars.newRover_zion-mainframe-1511335789415-ea45fa0c], Cleared all relevant queues for this fetcher
20282 [Thread-2] INFO kafka.consumer.ZookeeperConsumerConnector  - [space.exploration.mars.newRover_zion-mainframe-1511335789415-ea45fa0c], Cleared the data chunks in all the consumer message iterators
20283 [Thread-2] INFO kafka.consumer.ZookeeperConsumerConnector  - [space.exploration.mars.newRover_zion-mainframe-1511335789415-ea45fa0c], Committing all offsets after clearing the fetcher queues
20283 [Thread-2] INFO kafka.consumer.ZookeeperConsumerConnector  - [space.exploration.mars.newRover_zion-mainframe-1511335789415-ea45fa0c], Releasing partition ownership
20308 [Thread-2] INFO kafka.consumer.RangeAssignor  - Consumer space.exploration.mars.newRover_zion-mainframe-1511335789415-ea45fa0c rebalancing the following partitions: ArrayBuffer(0) for topic earth_to_curiosity_4 with consumers: List(space.exploration.mars.newRover_zion-mainframe-1511335789415-ea45fa0c-0)
20310 [Thread-2] INFO kafka.consumer.RangeAssignor  - space.exploration.mars.newRover_zion-mainframe-1511335789415-ea45fa0c-0 attempting to claim partition 0
20336 [Thread-2] INFO kafka.consumer.ZookeeperConsumerConnector  - [space.exploration.mars.newRover_zion-mainframe-1511335789415-ea45fa0c], space.exploration.mars.newRover_zion-mainframe-1511335789415-ea45fa0c-0 successfully owned partition 0 for topic earth_to_curiosity_4
20354 [Thread-2] INFO kafka.consumer.ZookeeperConsumerConnector  - [space.exploration.mars.newRover_zion-mainframe-1511335789415-ea45fa0c], Consumer space.exploration.mars.newRover_zion-mainframe-1511335789415-ea45fa0c selected partitions : earth_to_curiosity_4:0: fetched offset = 1028: consumed offset = 1028
20357 [Thread-2] INFO kafka.consumer.ZookeeperConsumerConnector  - [space.exploration.mars.newRover_zion-mainframe-1511335789415-ea45fa0c], end rebalancing consumer space.exploration.mars.newRover_zion-mainframe-1511335789415-ea45fa0c try #0
20365 [space.exploration.mars.newRover_zion-mainframe-1511335789415-ea45fa0c-leader-finder-thread] INFO kafka.consumer.ConsumerFetcherManager$LeaderFinderThread  - [space.exploration.mars.newRover_zion-mainframe-1511335789415-ea45fa0c-leader-finder-thread], Starting 
20395 [space.exploration.mars.newRover_zion-mainframe-1511335789415-ea45fa0c-leader-finder-thread] INFO kafka.utils.VerifiableProperties  - Verifying properties
20395 [space.exploration.mars.newRover_zion-mainframe-1511335789415-ea45fa0c-leader-finder-thread] INFO kafka.utils.VerifiableProperties  - Property client.id is overridden to space.exploration.mars.newRover
20397 [space.exploration.mars.newRover_zion-mainframe-1511335789415-ea45fa0c-leader-finder-thread] INFO kafka.utils.VerifiableProperties  - Property metadata.broker.list is overridden to zion-mainframe:9092
20399 [space.exploration.mars.newRover_zion-mainframe-1511335789415-ea45fa0c-leader-finder-thread] INFO kafka.utils.VerifiableProperties  - Property request.timeout.ms is overridden to 30000
20432 [space.exploration.mars.newRover_zion-mainframe-1511335789415-ea45fa0c-leader-finder-thread] INFO kafka.client.ClientUtils$  - Fetching metadata from broker BrokerEndPoint(0,zion-mainframe,9092) with correlation id 0 for 1 topic(s) Set(earth_to_curiosity_4)
20442 [space.exploration.mars.newRover_zion-mainframe-1511335789415-ea45fa0c-leader-finder-thread] INFO kafka.producer.SyncProducer  - Connected to zion-mainframe:9092 for producing
20472 [space.exploration.mars.newRover_zion-mainframe-1511335789415-ea45fa0c-leader-finder-thread] INFO kafka.producer.SyncProducer  - Disconnecting from zion-mainframe:9092
20521 [ConsumerFetcherThread-space.exploration.mars.newRover_zion-mainframe-1511335789415-ea45fa0c-0-0] INFO kafka.consumer.ConsumerFetcherThread  - [ConsumerFetcherThread-space.exploration.mars.newRover_zion-mainframe-1511335789415-ea45fa0c-0-0], Starting 
20546 [space.exploration.mars.newRover_zion-mainframe-1511335789415-ea45fa0c-leader-finder-thread] INFO kafka.consumer.ConsumerFetcherManager  - [ConsumerFetcherManager-1511335789570] Added fetcher for partitions ArrayBuffer([[earth_to_curiosity_4,0], initOffset 1028 to broker BrokerEndPoint(0,zion-mainframe,9092)] )
20586 [Thread-2] INFO space.exploration.mars.rover.communication.Receiver  - Time Elapsed since last message = 580
38021 [main] INFO space.exploration.mars.rover.communication.Transmitter  - Sending information packet to curiosity_to_earth_4
47129 [Thread-2] INFO space.exploration.mars.rover.kernel.ListeningState  - 1511335816698,1,Move Current instructionQueue length = 0
47130 [Thread-2] INFO space.exploration.mars.rover.kernel.ListeningState  - Rover Curiosity is on the move!
47182 [Thread-2] INFO space.exploration.mars.rover.sensor.TelemetrySensor  - Telemetry relay commenced.
57915 [Thread-2] INFO space.exploration.mars.rover.sensor.TelemetrySensor  - Telemetry relay stopped, number of telemetryDataPoints = 25
76082 [Thread-2] INFO space.exploration.mars.rover.communication.Transmitter  - Sending information packet to curiosity_to_earth_4
79083 [Thread-2] INFO space.exploration.mars.rover.communication.Receiver  - Time Elapsed since last message = 58497
79091 [pool-3-thread-1] INFO space.exploration.mars.rover.kernel.SpacecraftClock  - Internal time::2016-01-01T00:10:43.560-06:00 sclk of::1/0504877904-43822
96479 [pool-3-thread-1] INFO space.exploration.mars.rover.communication.Transmitter  - Sending information packet to curiosity_to_earth_4
105494 [Thread-2] INFO space.exploration.mars.rover.kernel.ListeningState  - 1511335875063,5,Explore Current instructionQueue length = 0
105494 [Thread-2] INFO space.exploration.mars.rover.kernel.ListeningState  - Rover Curiosity is on a scientific mission!
142757 [Thread-2] INFO space.exploration.mars.rover.communication.Transmitter  - Sending information packet to curiosity_to_earth_4
145758 [Thread-2] INFO space.exploration.mars.rover.communication.Receiver  - Time Elapsed since last message = 66675
145765 [pool-3-thread-1] INFO space.exploration.mars.rover.kernel.SpacecraftClock  - Internal time::2016-01-01T00:20:22.140-06:00 sclk of::1/0504878483-43461
161850 [pool-3-thread-1] INFO space.exploration.mars.rover.communication.Transmitter  - Sending information packet to curiosity_to_earth_4
170868 [Thread-2] INFO space.exploration.mars.rover.kernel.ListeningState  - 1511335940437,10,GetSeasonalWeather Current instructionQueue length = 0
170868 [Thread-2] INFO space.exploration.mars.rover.kernel.ListeningState  - Rover will try to get weather measurements - actual Curiosity Data
170870 [Thread-2] INFO space.exploration.mars.rover.kernel.WeatherSensingState  - Will get mars weather measurements
174296 [Thread-2] INFO space.exploration.mars.rover.utils.WeatherUtil  - wind_speed information not present
java.lang.NumberFormatException: For input string: "null"
	at sun.misc.FloatingDecimal.readJavaFormatString(FloatingDecimal.java:2043)
	at sun.misc.FloatingDecimal.parseDouble(FloatingDecimal.java:110)
	at java.lang.Double.parseDouble(Double.java:538)
	at space.exploration.mars.rover.utils.WeatherUtil.getweatherPayload(WeatherUtil.java:66)
	at space.exploration.mars.rover.utils.WeatherUtil.getWeatherPayload(WeatherUtil.java:118)
	at space.exploration.mars.rover.utils.WeatherUtil.getSeasonalWeatherPayload(WeatherUtil.java:125)
	at space.exploration.mars.rover.sensor.WeatherSensor.getWeather(WeatherSensor.java:83)
	at space.exploration.mars.rover.kernel.WeatherSensingState.senseWeather(WeatherSensingState.java:54)
	at space.exploration.mars.rover.kernel.Rover.senseWeather(Rover.java:304)
	at space.exploration.mars.rover.kernel.ListeningState.receiveMessage(ListeningState.java:93)
	at space.exploration.mars.rover.kernel.Rover.receiveMessage(Rover.java:312)
	at space.exploration.mars.rover.communication.Radio.receiveMessage(Radio.java:56)
	at space.exploration.mars.rover.communication.Receiver.run(Receiver.java:64)
174301 [Thread-2] INFO space.exploration.mars.rover.utils.WeatherUtil  - wind_direction information not present
java.lang.NumberFormatException: For input string: "--"
	at sun.misc.FloatingDecimal.readJavaFormatString(FloatingDecimal.java:2043)
	at sun.misc.FloatingDecimal.parseDouble(FloatingDecimal.java:110)
	at java.lang.Double.parseDouble(Double.java:538)
	at space.exploration.mars.rover.utils.WeatherUtil.getweatherPayload(WeatherUtil.java:72)
	at space.exploration.mars.rover.utils.WeatherUtil.getWeatherPayload(WeatherUtil.java:118)
	at space.exploration.mars.rover.utils.WeatherUtil.getSeasonalWeatherPayload(WeatherUtil.java:125)
	at space.exploration.mars.rover.sensor.WeatherSensor.getWeather(WeatherSensor.java:83)
	at space.exploration.mars.rover.kernel.WeatherSensingState.senseWeather(WeatherSensingState.java:54)
	at space.exploration.mars.rover.kernel.Rover.senseWeather(Rover.java:304)
	at space.exploration.mars.rover.kernel.ListeningState.receiveMessage(ListeningState.java:93)
	at space.exploration.mars.rover.kernel.Rover.receiveMessage(Rover.java:312)
	at space.exploration.mars.rover.communication.Radio.receiveMessage(Radio.java:56)
	at space.exploration.mars.rover.communication.Receiver.run(Receiver.java:64)
174304 [Thread-2] INFO space.exploration.mars.rover.utils.WeatherUtil  - wind_speed information not present
java.lang.NumberFormatException: For input string: "null"
	at sun.misc.FloatingDecimal.readJavaFormatString(FloatingDecimal.java:2043)
	at sun.misc.FloatingDecimal.parseDouble(FloatingDecimal.java:110)
	at java.lang.Double.parseDouble(Double.java:538)
	at space.exploration.mars.rover.utils.WeatherUtil.getweatherPayload(WeatherUtil.java:66)
	at space.exploration.mars.rover.utils.WeatherUtil.getWeatherPayload(WeatherUtil.java:118)
	at space.exploration.mars.rover.utils.WeatherUtil.getSeasonalWeatherPayload(WeatherUtil.java:125)
	at space.exploration.mars.rover.sensor.WeatherSensor.getWeather(WeatherSensor.java:83)
	at space.exploration.mars.rover.kernel.WeatherSensingState.senseWeather(WeatherSensingState.java:54)
	at space.exploration.mars.rover.kernel.Rover.senseWeather(Rover.java:304)
	at space.exploration.mars.rover.kernel.ListeningState.receiveMessage(ListeningState.java:93)
	at space.exploration.mars.rover.kernel.Rover.receiveMessage(Rover.java:312)
	at space.exploration.mars.rover.communication.Radio.receiveMessage(Radio.java:56)
	at space.exploration.mars.rover.communication.Receiver.run(Receiver.java:64)
174305 [Thread-2] INFO space.exploration.mars.rover.utils.WeatherUtil  - wind_direction information not present
java.lang.NumberFormatException: For input string: "--"
	at sun.misc.FloatingDecimal.readJavaFormatString(FloatingDecimal.java:2043)
	at sun.misc.FloatingDecimal.parseDouble(FloatingDecimal.java:110)
	at java.lang.Double.parseDouble(Double.java:538)
	at space.exploration.mars.rover.utils.WeatherUtil.getweatherPayload(WeatherUtil.java:72)
	at space.exploration.mars.rover.utils.WeatherUtil.getWeatherPayload(WeatherUtil.java:118)
	at space.exploration.mars.rover.utils.WeatherUtil.getSeasonalWeatherPayload(WeatherUtil.java:125)
	at space.exploration.mars.rover.sensor.WeatherSensor.getWeather(WeatherSensor.java:83)
	at space.exploration.mars.rover.kernel.WeatherSensingState.senseWeather(WeatherSensingState.java:54)
	at space.exploration.mars.rover.kernel.Rover.senseWeather(Rover.java:304)
	at space.exploration.mars.rover.kernel.ListeningState.receiveMessage(ListeningState.java:93)
	at space.exploration.mars.rover.kernel.Rover.receiveMessage(Rover.java:312)
	at space.exploration.mars.rover.communication.Radio.receiveMessage(Radio.java:56)
	at space.exploration.mars.rover.communication.Receiver.run(Receiver.java:64)
174307 [Thread-2] INFO space.exploration.mars.rover.utils.WeatherUtil  - wind_speed information not present
java.lang.NumberFormatException: For input string: "null"
	at sun.misc.FloatingDecimal.readJavaFormatString(FloatingDecimal.java:2043)
	at sun.misc.FloatingDecimal.parseDouble(FloatingDecimal.java:110)
	at java.lang.Double.parseDouble(Double.java:538)
	at space.exploration.mars.rover.utils.WeatherUtil.getweatherPayload(WeatherUtil.java:66)
	at space.exploration.mars.rover.utils.WeatherUtil.getWeatherPayload(WeatherUtil.java:118)
	at space.exploration.mars.rover.utils.WeatherUtil.getSeasonalWeatherPayload(WeatherUtil.java:125)
	at space.exploration.mars.rover.sensor.WeatherSensor.getWeather(WeatherSensor.java:83)
	at space.exploration.mars.rover.kernel.WeatherSensingState.senseWeather(WeatherSensingState.java:54)
	at space.exploration.mars.rover.kernel.Rover.senseWeather(Rover.java:304)
	at space.exploration.mars.rover.kernel.ListeningState.receiveMessage(ListeningState.java:93)
	at space.exploration.mars.rover.kernel.Rover.receiveMessage(Rover.java:312)
	at space.exploration.mars.rover.communication.Radio.receiveMessage(Radio.java:56)
	at space.exploration.mars.rover.communication.Receiver.run(Receiver.java:64)
174307 [Thread-2] INFO space.exploration.mars.rover.utils.WeatherUtil  - wind_direction information not present
java.lang.NumberFormatException: For input string: "--"
	at sun.misc.FloatingDecimal.readJavaFormatString(FloatingDecimal.java:2043)
	at sun.misc.FloatingDecimal.parseDouble(FloatingDecimal.java:110)
	at java.lang.Double.parseDouble(Double.java:538)
	at space.exploration.mars.rover.utils.WeatherUtil.getweatherPayload(WeatherUtil.java:72)
	at space.exploration.mars.rover.utils.WeatherUtil.getWeatherPayload(WeatherUtil.java:118)
	at space.exploration.mars.rover.utils.WeatherUtil.getSeasonalWeatherPayload(WeatherUtil.java:125)
	at space.exploration.mars.rover.sensor.WeatherSensor.getWeather(WeatherSensor.java:83)
	at space.exploration.mars.rover.kernel.WeatherSensingState.senseWeather(WeatherSensingState.java:54)
	at space.exploration.mars.rover.kernel.Rover.senseWeather(Rover.java:304)
	at space.exploration.mars.rover.kernel.ListeningState.receiveMessage(ListeningState.java:93)
	at space.exploration.mars.rover.kernel.Rover.receiveMessage(Rover.java:312)
	at space.exploration.mars.rover.communication.Radio.receiveMessage(Radio.java:56)
	at space.exploration.mars.rover.communication.Receiver.run(Receiver.java:64)
174308 [Thread-2] INFO space.exploration.mars.rover.utils.WeatherUtil  - wind_speed information not present
java.lang.NumberFormatException: For input string: "null"
	at sun.misc.FloatingDecimal.readJavaFormatString(FloatingDecimal.java:2043)
	at sun.misc.FloatingDecimal.parseDouble(FloatingDecimal.java:110)
	at java.lang.Double.parseDouble(Double.java:538)
	at space.exploration.mars.rover.utils.WeatherUtil.getweatherPayload(WeatherUtil.java:66)
	at space.exploration.mars.rover.utils.WeatherUtil.getWeatherPayload(WeatherUtil.java:118)
	at space.exploration.mars.rover.utils.WeatherUtil.getSeasonalWeatherPayload(WeatherUtil.java:125)
	at space.exploration.mars.rover.sensor.WeatherSensor.getWeather(WeatherSensor.java:83)
	at space.exploration.mars.rover.kernel.WeatherSensingState.senseWeather(WeatherSensingState.java:54)
	at space.exploration.mars.rover.kernel.Rover.senseWeather(Rover.java:304)
	at space.exploration.mars.rover.kernel.ListeningState.receiveMessage(ListeningState.java:93)
	at space.exploration.mars.rover.kernel.Rover.receiveMessage(Rover.java:312)
	at space.exploration.mars.rover.communication.Radio.receiveMessage(Radio.java:56)
	at space.exploration.mars.rover.communication.Receiver.run(Receiver.java:64)
174309 [Thread-2] INFO space.exploration.mars.rover.utils.WeatherUtil  - wind_direction information not present
java.lang.NumberFormatException: For input string: "--"
	at sun.misc.FloatingDecimal.readJavaFormatString(FloatingDecimal.java:2043)
	at sun.misc.FloatingDecimal.parseDouble(FloatingDecimal.java:110)
	at java.lang.Double.parseDouble(Double.java:538)
	at space.exploration.mars.rover.utils.WeatherUtil.getweatherPayload(WeatherUtil.java:72)
	at space.exploration.mars.rover.utils.WeatherUtil.getWeatherPayload(WeatherUtil.java:118)
	at space.exploration.mars.rover.utils.WeatherUtil.getSeasonalWeatherPayload(WeatherUtil.java:125)
	at space.exploration.mars.rover.sensor.WeatherSensor.getWeather(WeatherSensor.java:83)
	at space.exploration.mars.rover.kernel.WeatherSensingState.senseWeather(WeatherSensingState.java:54)
	at space.exploration.mars.rover.kernel.Rover.senseWeather(Rover.java:304)
	at space.exploration.mars.rover.kernel.ListeningState.receiveMessage(ListeningState.java:93)
	at space.exploration.mars.rover.kernel.Rover.receiveMessage(Rover.java:312)
	at space.exploration.mars.rover.communication.Radio.receiveMessage(Radio.java:56)
	at space.exploration.mars.rover.communication.Receiver.run(Receiver.java:64)
174310 [Thread-2] INFO space.exploration.mars.rover.utils.WeatherUtil  - wind_speed information not present
java.lang.NumberFormatException: For input string: "null"
	at sun.misc.FloatingDecimal.readJavaFormatString(FloatingDecimal.java:2043)
	at sun.misc.FloatingDecimal.parseDouble(FloatingDecimal.java:110)
	at java.lang.Double.parseDouble(Double.java:538)
	at space.exploration.mars.rover.utils.WeatherUtil.getweatherPayload(WeatherUtil.java:66)
	at space.exploration.mars.rover.utils.WeatherUtil.getWeatherPayload(WeatherUtil.java:118)
	at space.exploration.mars.rover.utils.WeatherUtil.getSeasonalWeatherPayload(WeatherUtil.java:125)
	at space.exploration.mars.rover.sensor.WeatherSensor.getWeather(WeatherSensor.java:83)
	at space.exploration.mars.rover.kernel.WeatherSensingState.senseWeather(WeatherSensingState.java:54)
	at space.exploration.mars.rover.kernel.Rover.senseWeather(Rover.java:304)
	at space.exploration.mars.rover.kernel.ListeningState.receiveMessage(ListeningState.java:93)
	at space.exploration.mars.rover.kernel.Rover.receiveMessage(Rover.java:312)
	at space.exploration.mars.rover.communication.Radio.receiveMessage(Radio.java:56)
	at space.exploration.mars.rover.communication.Receiver.run(Receiver.java:64)
174311 [Thread-2] INFO space.exploration.mars.rover.utils.WeatherUtil  - wind_direction information not present
java.lang.NumberFormatException: For input string: "--"
	at sun.misc.FloatingDecimal.readJavaFormatString(FloatingDecimal.java:2043)
	at sun.misc.FloatingDecimal.parseDouble(FloatingDecimal.java:110)
	at java.lang.Double.parseDouble(Double.java:538)
	at space.exploration.mars.rover.utils.WeatherUtil.getweatherPayload(WeatherUtil.java:72)
	at space.exploration.mars.rover.utils.WeatherUtil.getWeatherPayload(WeatherUtil.java:118)
	at space.exploration.mars.rover.utils.WeatherUtil.getSeasonalWeatherPayload(WeatherUtil.java:125)
	at space.exploration.mars.rover.sensor.WeatherSensor.getWeather(WeatherSensor.java:83)
	at space.exploration.mars.rover.kernel.WeatherSensingState.senseWeather(WeatherSensingState.java:54)
	at space.exploration.mars.rover.kernel.Rover.senseWeather(Rover.java:304)
	at space.exploration.mars.rover.kernel.ListeningState.receiveMessage(ListeningState.java:93)
	at space.exploration.mars.rover.kernel.Rover.receiveMessage(Rover.java:312)
	at space.exploration.mars.rover.communication.Radio.receiveMessage(Radio.java:56)
	at space.exploration.mars.rover.communication.Receiver.run(Receiver.java:64)
174312 [Thread-2] INFO space.exploration.mars.rover.utils.WeatherUtil  - wind_speed information not present
java.lang.NumberFormatException: For input string: "null"
	at sun.misc.FloatingDecimal.readJavaFormatString(FloatingDecimal.java:2043)
	at sun.misc.FloatingDecimal.parseDouble(FloatingDecimal.java:110)
	at java.lang.Double.parseDouble(Double.java:538)
	at space.exploration.mars.rover.utils.WeatherUtil.getweatherPayload(WeatherUtil.java:66)
	at space.exploration.mars.rover.utils.WeatherUtil.getWeatherPayload(WeatherUtil.java:118)
	at space.exploration.mars.rover.utils.WeatherUtil.getSeasonalWeatherPayload(WeatherUtil.java:125)
	at space.exploration.mars.rover.sensor.WeatherSensor.getWeather(WeatherSensor.java:83)
	at space.exploration.mars.rover.kernel.WeatherSensingState.senseWeather(WeatherSensingState.java:54)
	at space.exploration.mars.rover.kernel.Rover.senseWeather(Rover.java:304)
	at space.exploration.mars.rover.kernel.ListeningState.receiveMessage(ListeningState.java:93)
	at space.exploration.mars.rover.kernel.Rover.receiveMessage(Rover.java:312)
	at space.exploration.mars.rover.communication.Radio.receiveMessage(Radio.java:56)
	at space.exploration.mars.rover.communication.Receiver.run(Receiver.java:64)
174312 [Thread-2] INFO space.exploration.mars.rover.utils.WeatherUtil  - wind_direction information not present
java.lang.NumberFormatException: For input string: "--"
	at sun.misc.FloatingDecimal.readJavaFormatString(FloatingDecimal.java:2043)
	at sun.misc.FloatingDecimal.parseDouble(FloatingDecimal.java:110)
	at java.lang.Double.parseDouble(Double.java:538)
	at space.exploration.mars.rover.utils.WeatherUtil.getweatherPayload(WeatherUtil.java:72)
	at space.exploration.mars.rover.utils.WeatherUtil.getWeatherPayload(WeatherUtil.java:118)
	at space.exploration.mars.rover.utils.WeatherUtil.getSeasonalWeatherPayload(WeatherUtil.java:125)
	at space.exploration.mars.rover.sensor.WeatherSensor.getWeather(WeatherSensor.java:83)
	at space.exploration.mars.rover.kernel.WeatherSensingState.senseWeather(WeatherSensingState.java:54)
	at space.exploration.mars.rover.kernel.Rover.senseWeather(Rover.java:304)
	at space.exploration.mars.rover.kernel.ListeningState.receiveMessage(ListeningState.java:93)
	at space.exploration.mars.rover.kernel.Rover.receiveMessage(Rover.java:312)
	at space.exploration.mars.rover.communication.Radio.receiveMessage(Radio.java:56)
	at space.exploration.mars.rover.communication.Receiver.run(Receiver.java:64)
174313 [Thread-2] INFO space.exploration.mars.rover.utils.WeatherUtil  - wind_speed information not present
java.lang.NumberFormatException: For input string: "null"
	at sun.misc.FloatingDecimal.readJavaFormatString(FloatingDecimal.java:2043)
	at sun.misc.FloatingDecimal.parseDouble(FloatingDecimal.java:110)
	at java.lang.Double.parseDouble(Double.java:538)
	at space.exploration.mars.rover.utils.WeatherUtil.getweatherPayload(WeatherUtil.java:66)
	at space.exploration.mars.rover.utils.WeatherUtil.getWeatherPayload(WeatherUtil.java:118)
	at space.exploration.mars.rover.utils.WeatherUtil.getSeasonalWeatherPayload(WeatherUtil.java:125)
	at space.exploration.mars.rover.sensor.WeatherSensor.getWeather(WeatherSensor.java:83)
	at space.exploration.mars.rover.kernel.WeatherSensingState.senseWeather(WeatherSensingState.java:54)
	at space.exploration.mars.rover.kernel.Rover.senseWeather(Rover.java:304)
	at space.exploration.mars.rover.kernel.ListeningState.receiveMessage(ListeningState.java:93)
	at space.exploration.mars.rover.kernel.Rover.receiveMessage(Rover.java:312)
	at space.exploration.mars.rover.communication.Radio.receiveMessage(Radio.java:56)
	at space.exploration.mars.rover.communication.Receiver.run(Receiver.java:64)
174313 [Thread-2] INFO space.exploration.mars.rover.utils.WeatherUtil  - wind_direction information not present
java.lang.NumberFormatException: For input string: "--"
	at sun.misc.FloatingDecimal.readJavaFormatString(FloatingDecimal.java:2043)
	at sun.misc.FloatingDecimal.parseDouble(FloatingDecimal.java:110)
	at java.lang.Double.parseDouble(Double.java:538)
	at space.exploration.mars.rover.utils.WeatherUtil.getweatherPayload(WeatherUtil.java:72)
	at space.exploration.mars.rover.utils.WeatherUtil.getWeatherPayload(WeatherUtil.java:118)
	at space.exploration.mars.rover.utils.WeatherUtil.getSeasonalWeatherPayload(WeatherUtil.java:125)
	at space.exploration.mars.rover.sensor.WeatherSensor.getWeather(WeatherSensor.java:83)
	at space.exploration.mars.rover.kernel.WeatherSensingState.senseWeather(WeatherSensingState.java:54)
	at space.exploration.mars.rover.kernel.Rover.senseWeather(Rover.java:304)
	at space.exploration.mars.rover.kernel.ListeningState.receiveMessage(ListeningState.java:93)
	at space.exploration.mars.rover.kernel.Rover.receiveMessage(Rover.java:312)
	at space.exploration.mars.rover.communication.Radio.receiveMessage(Radio.java:56)
	at space.exploration.mars.rover.communication.Receiver.run(Receiver.java:64)
174316 [Thread-2] INFO space.exploration.mars.rover.utils.WeatherUtil  - wind_speed information not present
java.lang.NumberFormatException: For input string: "null"
	at sun.misc.FloatingDecimal.readJavaFormatString(FloatingDecimal.java:2043)
	at sun.misc.FloatingDecimal.parseDouble(FloatingDecimal.java:110)
	at java.lang.Double.parseDouble(Double.java:538)
	at space.exploration.mars.rover.utils.WeatherUtil.getweatherPayload(WeatherUtil.java:66)
	at space.exploration.mars.rover.utils.WeatherUtil.getWeatherPayload(WeatherUtil.java:118)
	at space.exploration.mars.rover.utils.WeatherUtil.getSeasonalWeatherPayload(WeatherUtil.java:125)
	at space.exploration.mars.rover.sensor.WeatherSensor.getWeather(WeatherSensor.java:83)
	at space.exploration.mars.rover.kernel.WeatherSensingState.senseWeather(WeatherSensingState.java:54)
	at space.exploration.mars.rover.kernel.Rover.senseWeather(Rover.java:304)
	at space.exploration.mars.rover.kernel.ListeningState.receiveMessage(ListeningState.java:93)
	at space.exploration.mars.rover.kernel.Rover.receiveMessage(Rover.java:312)
	at space.exploration.mars.rover.communication.Radio.receiveMessage(Radio.java:56)
	at space.exploration.mars.rover.communication.Receiver.run(Receiver.java:64)
174316 [Thread-2] INFO space.exploration.mars.rover.utils.WeatherUtil  - wind_direction information not present
java.lang.NumberFormatException: For input string: "--"
	at sun.misc.FloatingDecimal.readJavaFormatString(FloatingDecimal.java:2043)
	at sun.misc.FloatingDecimal.parseDouble(FloatingDecimal.java:110)
	at java.lang.Double.parseDouble(Double.java:538)
	at space.exploration.mars.rover.utils.WeatherUtil.getweatherPayload(WeatherUtil.java:72)
	at space.exploration.mars.rover.utils.WeatherUtil.getWeatherPayload(WeatherUtil.java:118)
	at space.exploration.mars.rover.utils.WeatherUtil.getSeasonalWeatherPayload(WeatherUtil.java:125)
	at space.exploration.mars.rover.sensor.WeatherSensor.getWeather(WeatherSensor.java:83)
	at space.exploration.mars.rover.kernel.WeatherSensingState.senseWeather(WeatherSensingState.java:54)
	at space.exploration.mars.rover.kernel.Rover.senseWeather(Rover.java:304)
	at space.exploration.mars.rover.kernel.ListeningState.receiveMessage(ListeningState.java:93)
	at space.exploration.mars.rover.kernel.Rover.receiveMessage(Rover.java:312)
	at space.exploration.mars.rover.communication.Radio.receiveMessage(Radio.java:56)
	at space.exploration.mars.rover.communication.Receiver.run(Receiver.java:64)
174320 [Thread-2] INFO space.exploration.mars.rover.utils.WeatherUtil  - wind_speed information not present
java.lang.NumberFormatException: For input string: "null"
	at sun.misc.FloatingDecimal.readJavaFormatString(FloatingDecimal.java:2043)
	at sun.misc.FloatingDecimal.parseDouble(FloatingDecimal.java:110)
	at java.lang.Double.parseDouble(Double.java:538)
	at space.exploration.mars.rover.utils.WeatherUtil.getweatherPayload(WeatherUtil.java:66)
	at space.exploration.mars.rover.utils.WeatherUtil.getWeatherPayload(WeatherUtil.java:118)
	at space.exploration.mars.rover.utils.WeatherUtil.getSeasonalWeatherPayload(WeatherUtil.java:125)
	at space.exploration.mars.rover.sensor.WeatherSensor.getWeather(WeatherSensor.java:83)
	at space.exploration.mars.rover.kernel.WeatherSensingState.senseWeather(WeatherSensingState.java:54)
	at space.exploration.mars.rover.kernel.Rover.senseWeather(Rover.java:304)
	at space.exploration.mars.rover.kernel.ListeningState.receiveMessage(ListeningState.java:93)
	at space.exploration.mars.rover.kernel.Rover.receiveMessage(Rover.java:312)
	at space.exploration.mars.rover.communication.Radio.receiveMessage(Radio.java:56)
	at space.exploration.mars.rover.communication.Receiver.run(Receiver.java:64)
174320 [Thread-2] INFO space.exploration.mars.rover.utils.WeatherUtil  - wind_direction information not present
java.lang.NumberFormatException: For input string: "--"
	at sun.misc.FloatingDecimal.readJavaFormatString(FloatingDecimal.java:2043)
	at sun.misc.FloatingDecimal.parseDouble(FloatingDecimal.java:110)
	at java.lang.Double.parseDouble(Double.java:538)
	at space.exploration.mars.rover.utils.WeatherUtil.getweatherPayload(WeatherUtil.java:72)
	at space.exploration.mars.rover.utils.WeatherUtil.getWeatherPayload(WeatherUtil.java:118)
	at space.exploration.mars.rover.utils.WeatherUtil.getSeasonalWeatherPayload(WeatherUtil.java:125)
	at space.exploration.mars.rover.sensor.WeatherSensor.getWeather(WeatherSensor.java:83)
	at space.exploration.mars.rover.kernel.WeatherSensingState.senseWeather(WeatherSensingState.java:54)
	at space.exploration.mars.rover.kernel.Rover.senseWeather(Rover.java:304)
	at space.exploration.mars.rover.kernel.ListeningState.receiveMessage(ListeningState.java:93)
	at space.exploration.mars.rover.kernel.Rover.receiveMessage(Rover.java:312)
	at space.exploration.mars.rover.communication.Radio.receiveMessage(Radio.java:56)
	at space.exploration.mars.rover.communication.Receiver.run(Receiver.java:64)
174322 [Thread-2] INFO space.exploration.mars.rover.utils.WeatherUtil  - wind_speed information not present
java.lang.NumberFormatException: For input string: "null"
	at sun.misc.FloatingDecimal.readJavaFormatString(FloatingDecimal.java:2043)
	at sun.misc.FloatingDecimal.parseDouble(FloatingDecimal.java:110)
	at java.lang.Double.parseDouble(Double.java:538)
	at space.exploration.mars.rover.utils.WeatherUtil.getweatherPayload(WeatherUtil.java:66)
	at space.exploration.mars.rover.utils.WeatherUtil.getWeatherPayload(WeatherUtil.java:118)
	at space.exploration.mars.rover.utils.WeatherUtil.getSeasonalWeatherPayload(WeatherUtil.java:125)
	at space.exploration.mars.rover.sensor.WeatherSensor.getWeather(WeatherSensor.java:83)
	at space.exploration.mars.rover.kernel.WeatherSensingState.senseWeather(WeatherSensingState.java:54)
	at space.exploration.mars.rover.kernel.Rover.senseWeather(Rover.java:304)
	at space.exploration.mars.rover.kernel.ListeningState.receiveMessage(ListeningState.java:93)
	at space.exploration.mars.rover.kernel.Rover.receiveMessage(Rover.java:312)
	at space.exploration.mars.rover.communication.Radio.receiveMessage(Radio.java:56)
	at space.exploration.mars.rover.communication.Receiver.run(Receiver.java:64)
174322 [Thread-2] INFO space.exploration.mars.rover.utils.WeatherUtil  - wind_direction information not present
java.lang.NumberFormatException: For input string: "--"
	at sun.misc.FloatingDecimal.readJavaFormatString(FloatingDecimal.java:2043)
	at sun.misc.FloatingDecimal.parseDouble(FloatingDecimal.java:110)
	at java.lang.Double.parseDouble(Double.java:538)
	at space.exploration.mars.rover.utils.WeatherUtil.getweatherPayload(WeatherUtil.java:72)
	at space.exploration.mars.rover.utils.WeatherUtil.getWeatherPayload(WeatherUtil.java:118)
	at space.exploration.mars.rover.utils.WeatherUtil.getSeasonalWeatherPayload(WeatherUtil.java:125)
	at space.exploration.mars.rover.sensor.WeatherSensor.getWeather(WeatherSensor.java:83)
	at space.exploration.mars.rover.kernel.WeatherSensingState.senseWeather(WeatherSensingState.java:54)
	at space.exploration.mars.rover.kernel.Rover.senseWeather(Rover.java:304)
	at space.exploration.mars.rover.kernel.ListeningState.receiveMessage(ListeningState.java:93)
	at space.exploration.mars.rover.kernel.Rover.receiveMessage(Rover.java:312)
	at space.exploration.mars.rover.communication.Radio.receiveMessage(Radio.java:56)
	at space.exploration.mars.rover.communication.Receiver.run(Receiver.java:64)
174329 [Thread-2] INFO space.exploration.mars.rover.sensor.WeatherSensor  - Current weatherQueryRate/hour = 0.0 max allowed = 1000.0/hr
196824 [Thread-2] INFO space.exploration.mars.rover.communication.Transmitter  - Sending information packet to curiosity_to_earth_4
199825 [Thread-2] INFO space.exploration.mars.rover.communication.Receiver  - Time Elapsed since last message = 54067
199826 [pool-3-thread-1] INFO space.exploration.mars.rover.kernel.SpacecraftClock  - Internal time::2016-01-01T00:27:37.140-06:00 sclk of::1/0504878918-43189
