42108 [main] INFO org.apache.kafka.clients.producer.ProducerConfig  - ProducerConfig values: 
	metric.reporters = []
	metadata.max.age.ms = 300000
	reconnect.backoff.ms = 50
	sasl.kerberos.ticket.renew.window.factor = 0.8
	bootstrap.servers = [localhost:9092]
	ssl.keystore.type = JKS
	sasl.mechanism = GSSAPI
	max.block.ms = 60000
	interceptor.classes = null
	ssl.truststore.password = null
	client.id = 
	ssl.endpoint.identification.algorithm = null
	request.timeout.ms = 30000
	acks = 1
	receive.buffer.bytes = 32768
	ssl.truststore.type = JKS
	retries = 0
	ssl.truststore.location = null
	ssl.keystore.password = null
	send.buffer.bytes = 131072
	compression.type = none
	metadata.fetch.timeout.ms = 60000
	retry.backoff.ms = 100
	sasl.kerberos.kinit.cmd = /usr/bin/kinit
	buffer.memory = 33554432
	timeout.ms = 30000
	key.serializer = class org.apache.kafka.common.serialization.StringSerializer
	sasl.kerberos.service.name = null
	sasl.kerberos.ticket.renew.jitter = 0.05
	ssl.trustmanager.algorithm = PKIX
	block.on.buffer.full = false
	ssl.key.password = null
	sasl.kerberos.min.time.before.relogin = 60000
	connections.max.idle.ms = 540000
	max.in.flight.requests.per.connection = 5
	metrics.num.samples = 2
	ssl.protocol = TLS
	ssl.provider = null
	ssl.enabled.protocols = [TLSv1.2, TLSv1.1, TLSv1]
	batch.size = 16384
	ssl.keystore.location = null
	ssl.cipher.suites = null
	security.protocol = PLAINTEXT
	max.request.size = 1048576
	value.serializer = class org.apache.kafka.common.serialization.ByteArraySerializer
	ssl.keymanager.algorithm = SunX509
	metrics.sample.window.ms = 30000
	partitioner.class = class org.apache.kafka.clients.producer.internals.DefaultPartitioner
	linger.ms = 0

42184 [main] INFO org.apache.kafka.clients.producer.ProducerConfig  - ProducerConfig values: 
	metric.reporters = []
	metadata.max.age.ms = 300000
	reconnect.backoff.ms = 50
	sasl.kerberos.ticket.renew.window.factor = 0.8
	bootstrap.servers = [localhost:9092]
	ssl.keystore.type = JKS
	sasl.mechanism = GSSAPI
	max.block.ms = 60000
	interceptor.classes = null
	ssl.truststore.password = null
	client.id = producer-1
	ssl.endpoint.identification.algorithm = null
	request.timeout.ms = 30000
	acks = 1
	receive.buffer.bytes = 32768
	ssl.truststore.type = JKS
	retries = 0
	ssl.truststore.location = null
	ssl.keystore.password = null
	send.buffer.bytes = 131072
	compression.type = none
	metadata.fetch.timeout.ms = 60000
	retry.backoff.ms = 100
	sasl.kerberos.kinit.cmd = /usr/bin/kinit
	buffer.memory = 33554432
	timeout.ms = 30000
	key.serializer = class org.apache.kafka.common.serialization.StringSerializer
	sasl.kerberos.service.name = null
	sasl.kerberos.ticket.renew.jitter = 0.05
	ssl.trustmanager.algorithm = PKIX
	block.on.buffer.full = false
	ssl.key.password = null
	sasl.kerberos.min.time.before.relogin = 60000
	connections.max.idle.ms = 540000
	max.in.flight.requests.per.connection = 5
	metrics.num.samples = 2
	ssl.protocol = TLS
	ssl.provider = null
	ssl.enabled.protocols = [TLSv1.2, TLSv1.1, TLSv1]
	batch.size = 16384
	ssl.keystore.location = null
	ssl.cipher.suites = null
	security.protocol = PLAINTEXT
	max.request.size = 1048576
	value.serializer = class org.apache.kafka.common.serialization.ByteArraySerializer
	ssl.keymanager.algorithm = SunX509
	metrics.sample.window.ms = 30000
	partitioner.class = class org.apache.kafka.clients.producer.internals.DefaultPartitioner
	linger.ms = 0

42184 [main] WARN org.apache.kafka.clients.producer.ProducerConfig  - The configuration zookeeper.connect = localhost:2181 was supplied but isn't a known config.
42184 [main] WARN org.apache.kafka.clients.producer.ProducerConfig  - The configuration group.id = space.exploration.mars.newRover was supplied but isn't a known config.
42184 [main] WARN org.apache.kafka.clients.producer.ProducerConfig  - The configuration source.topic = earth_to_curiosity_3 was supplied but isn't a known config.
42184 [main] WARN org.apache.kafka.clients.producer.ProducerConfig  - The configuration auto.offset.reset = largest was supplied but isn't a known config.
42184 [main] WARN org.apache.kafka.clients.producer.ProducerConfig  - The configuration metadata.broker.list = localhost:9092 was supplied but isn't a known config.
42184 [main] WARN org.apache.kafka.clients.producer.ProducerConfig  - The configuration destination.topic = curiosity_to_earth_3 was supplied but isn't a known config.
42185 [main] INFO org.apache.kafka.common.utils.AppInfoParser  - Kafka version : 0.10.0.1
42185 [main] INFO org.apache.kafka.common.utils.AppInfoParser  - Kafka commitId : a7a17cdec9eaa6c5
42291 [main] INFO kafka.utils.VerifiableProperties  - Verifying properties
42314 [main] INFO kafka.utils.VerifiableProperties  - Property auto.offset.reset is overridden to largest
42314 [main] WARN kafka.utils.VerifiableProperties  - Property bootstrap.servers is not valid
42315 [main] WARN kafka.utils.VerifiableProperties  - Property destination.topic is not valid
42315 [main] INFO kafka.utils.VerifiableProperties  - Property group.id is overridden to space.exploration.mars.newRover
42315 [main] WARN kafka.utils.VerifiableProperties  - Property key.serializer is not valid
42315 [main] WARN kafka.utils.VerifiableProperties  - Property metadata.broker.list is not valid
42315 [main] WARN kafka.utils.VerifiableProperties  - Property source.topic is not valid
42315 [main] WARN kafka.utils.VerifiableProperties  - Property value.serializer is not valid
42315 [main] INFO kafka.utils.VerifiableProperties  - Property zookeeper.connect is overridden to localhost:2181
42340 [main] INFO kafka.consumer.ZookeeperConsumerConnector  - [space.exploration.mars.newRover_zion-mainframe-1507990832445-c4acdd32], Connecting to zookeeper instance at localhost:2181
42345 [ZkClient-EventThread-25-localhost:2181] INFO org.I0Itec.zkclient.ZkEventThread  - Starting ZkClient event thread.
42348 [main] INFO org.apache.zookeeper.ZooKeeper  - Client environment:zookeeper.version=3.4.6-1569965, built on 02/20/2014 09:09 GMT
42348 [main] INFO org.apache.zookeeper.ZooKeeper  - Client environment:host.name=zion-mainframe
42348 [main] INFO org.apache.zookeeper.ZooKeeper  - Client environment:java.version=1.8.0_131
42348 [main] INFO org.apache.zookeeper.ZooKeeper  - Client environment:java.vendor=Oracle Corporation
42348 [main] INFO org.apache.zookeeper.ZooKeeper  - Client environment:java.home=/usr/lib/jvm/java-8-openjdk-amd64/jre
42348 [main] INFO org.apache.zookeeper.ZooKeeper  - Client environment:java.class.path=target/mars.rover-0.0.1-SOLSHOT-shaded.jar
42348 [main] INFO org.apache.zookeeper.ZooKeeper  - Client environment:java.library.path=/usr/java/packages/lib/amd64:/usr/lib/x86_64-linux-gnu/jni:/lib/x86_64-linux-gnu:/usr/lib/x86_64-linux-gnu:/usr/lib/jni:/lib:/usr/lib
42348 [main] INFO org.apache.zookeeper.ZooKeeper  - Client environment:java.io.tmpdir=/tmp
42348 [main] INFO org.apache.zookeeper.ZooKeeper  - Client environment:java.compiler=<NA>
42348 [main] INFO org.apache.zookeeper.ZooKeeper  - Client environment:os.name=Linux
42348 [main] INFO org.apache.zookeeper.ZooKeeper  - Client environment:os.arch=amd64
42348 [main] INFO org.apache.zookeeper.ZooKeeper  - Client environment:os.version=4.10.0-37-generic
42348 [main] INFO org.apache.zookeeper.ZooKeeper  - Client environment:user.name=sanket
42348 [main] INFO org.apache.zookeeper.ZooKeeper  - Client environment:user.home=/home/sanket
42348 [main] INFO org.apache.zookeeper.ZooKeeper  - Client environment:user.dir=/home/sanket/Documents/workspace/MarsRover/mars.rover
42348 [main] INFO org.apache.zookeeper.ZooKeeper  - Initiating client connection, connectString=localhost:2181 sessionTimeout=6000 watcher=org.I0Itec.zkclient.ZkClient@2a4fb17b
42354 [main] INFO org.I0Itec.zkclient.ZkClient  - Waiting for keeper state SyncConnected
42356 [main-SendThread(localhost:2181)] INFO org.apache.zookeeper.ClientCnxn  - Opening socket connection to server localhost/127.0.0.1:2181. Will not attempt to authenticate using SASL (unknown error)
42359 [main-SendThread(localhost:2181)] INFO org.apache.zookeeper.ClientCnxn  - Socket connection established to localhost/127.0.0.1:2181, initiating session
42363 [main-SendThread(localhost:2181)] INFO org.apache.zookeeper.ClientCnxn  - Session establishment complete on server localhost/127.0.0.1:2181, sessionid = 0x15f1b220df20004, negotiated timeout = 6000
42364 [main-EventThread] INFO org.I0Itec.zkclient.ZkClient  - zookeeper state changed (SyncConnected)
42370 [main] INFO kafka.consumer.ZookeeperConsumerConnector  - [space.exploration.mars.newRover_zion-mainframe-1507990832445-c4acdd32], starting auto committer every 60000 ms
42389 [Thread-2] INFO kafka.consumer.ZookeeperConsumerConnector  - [space.exploration.mars.newRover_zion-mainframe-1507990832445-c4acdd32], begin registering consumer space.exploration.mars.newRover_zion-mainframe-1507990832445-c4acdd32 in ZK
42451 [Thread-2] INFO kafka.utils.ZKCheckedEphemeral  - Creating /consumers/space.exploration.mars.newRover/ids/space.exploration.mars.newRover_zion-mainframe-1507990832445-c4acdd32 (is it secure? false)
42458 [Thread-2] INFO kafka.utils.ZKCheckedEphemeral  - Result of znode creation is: OK
42458 [Thread-2] INFO kafka.consumer.ZookeeperConsumerConnector  - [space.exploration.mars.newRover_zion-mainframe-1507990832445-c4acdd32], end registering consumer space.exploration.mars.newRover_zion-mainframe-1507990832445-c4acdd32 in ZK
42461 [space.exploration.mars.newRover_zion-mainframe-1507990832445-c4acdd32_watcher_executor] INFO kafka.consumer.ZookeeperConsumerConnector  - [space.exploration.mars.newRover_zion-mainframe-1507990832445-c4acdd32], starting watcher executor thread for consumer space.exploration.mars.newRover_zion-mainframe-1507990832445-c4acdd32
42475 [Thread-2] INFO kafka.consumer.ZookeeperConsumerConnector  - [space.exploration.mars.newRover_zion-mainframe-1507990832445-c4acdd32], begin rebalancing consumer space.exploration.mars.newRover_zion-mainframe-1507990832445-c4acdd32 try #0
42548 [Thread-2] INFO kafka.consumer.ConsumerFetcherManager  - [ConsumerFetcherManager-1507990832475] Stopping leader finder thread
42548 [Thread-2] INFO kafka.consumer.ConsumerFetcherManager  - [ConsumerFetcherManager-1507990832475] Stopping all fetchers
42549 [Thread-2] INFO kafka.consumer.ConsumerFetcherManager  - [ConsumerFetcherManager-1507990832475] All connections stopped
42549 [Thread-2] INFO kafka.consumer.ZookeeperConsumerConnector  - [space.exploration.mars.newRover_zion-mainframe-1507990832445-c4acdd32], Cleared all relevant queues for this fetcher
42550 [Thread-2] INFO kafka.consumer.ZookeeperConsumerConnector  - [space.exploration.mars.newRover_zion-mainframe-1507990832445-c4acdd32], Cleared the data chunks in all the consumer message iterators
42550 [Thread-2] INFO kafka.consumer.ZookeeperConsumerConnector  - [space.exploration.mars.newRover_zion-mainframe-1507990832445-c4acdd32], Committing all offsets after clearing the fetcher queues
42551 [Thread-2] INFO kafka.consumer.ZookeeperConsumerConnector  - [space.exploration.mars.newRover_zion-mainframe-1507990832445-c4acdd32], Releasing partition ownership
42571 [Thread-2] INFO kafka.consumer.RangeAssignor  - Consumer space.exploration.mars.newRover_zion-mainframe-1507990832445-c4acdd32 rebalancing the following partitions: ArrayBuffer(0) for topic earth_to_curiosity_3 with consumers: List(space.exploration.mars.newRover_zion-mainframe-1507990832445-c4acdd32-0)
42572 [Thread-2] INFO kafka.consumer.RangeAssignor  - space.exploration.mars.newRover_zion-mainframe-1507990832445-c4acdd32-0 attempting to claim partition 0
42587 [Thread-2] INFO kafka.consumer.ZookeeperConsumerConnector  - [space.exploration.mars.newRover_zion-mainframe-1507990832445-c4acdd32], space.exploration.mars.newRover_zion-mainframe-1507990832445-c4acdd32-0 successfully owned partition 0 for topic earth_to_curiosity_3
42598 [Thread-2] INFO kafka.consumer.ZookeeperConsumerConnector  - [space.exploration.mars.newRover_zion-mainframe-1507990832445-c4acdd32], Consumer space.exploration.mars.newRover_zion-mainframe-1507990832445-c4acdd32 selected partitions : earth_to_curiosity_3:0: fetched offset = 26: consumed offset = 26
42600 [space.exploration.mars.newRover_zion-mainframe-1507990832445-c4acdd32-leader-finder-thread] INFO kafka.consumer.ConsumerFetcherManager$LeaderFinderThread  - [space.exploration.mars.newRover_zion-mainframe-1507990832445-c4acdd32-leader-finder-thread], Starting 
42600 [Thread-2] INFO kafka.consumer.ZookeeperConsumerConnector  - [space.exploration.mars.newRover_zion-mainframe-1507990832445-c4acdd32], end rebalancing consumer space.exploration.mars.newRover_zion-mainframe-1507990832445-c4acdd32 try #0
42614 [space.exploration.mars.newRover_zion-mainframe-1507990832445-c4acdd32-leader-finder-thread] INFO kafka.utils.VerifiableProperties  - Verifying properties
42614 [space.exploration.mars.newRover_zion-mainframe-1507990832445-c4acdd32-leader-finder-thread] INFO kafka.utils.VerifiableProperties  - Property client.id is overridden to space.exploration.mars.newRover
42615 [space.exploration.mars.newRover_zion-mainframe-1507990832445-c4acdd32-leader-finder-thread] INFO kafka.utils.VerifiableProperties  - Property metadata.broker.list is overridden to zion-mainframe:9092
42615 [space.exploration.mars.newRover_zion-mainframe-1507990832445-c4acdd32-leader-finder-thread] INFO kafka.utils.VerifiableProperties  - Property request.timeout.ms is overridden to 30000
42623 [space.exploration.mars.newRover_zion-mainframe-1507990832445-c4acdd32-leader-finder-thread] INFO kafka.client.ClientUtils$  - Fetching metadata from broker BrokerEndPoint(0,zion-mainframe,9092) with correlation id 0 for 1 topic(s) Set(earth_to_curiosity_3)
42626 [space.exploration.mars.newRover_zion-mainframe-1507990832445-c4acdd32-leader-finder-thread] INFO kafka.producer.SyncProducer  - Connected to zion-mainframe:9092 for producing
42634 [space.exploration.mars.newRover_zion-mainframe-1507990832445-c4acdd32-leader-finder-thread] INFO kafka.producer.SyncProducer  - Disconnecting from zion-mainframe:9092
42645 [ConsumerFetcherThread-space.exploration.mars.newRover_zion-mainframe-1507990832445-c4acdd32-0-0] INFO kafka.consumer.ConsumerFetcherThread  - [ConsumerFetcherThread-space.exploration.mars.newRover_zion-mainframe-1507990832445-c4acdd32-0-0], Starting 
42647 [space.exploration.mars.newRover_zion-mainframe-1507990832445-c4acdd32-leader-finder-thread] INFO kafka.consumer.ConsumerFetcherManager  - [ConsumerFetcherManager-1507990832475] Added fetcher for partitions ArrayBuffer([[earth_to_curiosity_3,0], initOffset 26 to broker BrokerEndPoint(0,zion-mainframe,9092)] )
76995 [Thread-2] INFO space.exploration.mars.rover.kernel.ListeningState  - 1507990867101,8,ClickCamera Current instructionQueue length = 0
80111 [Thread-2] INFO space.exploration.mars.rover.dataUplink.PhotoQueryService  - StartMS suppllied = 1499005270148 jodaInternalEarthDate = 2017-07-02T09:21:10.148-05:00 curiosityEarthDate = 2017-07-183
