0 [main] INFO space.exploration.mars.rover.kernel.SpacecraftClock  - Curiosity internal spacecraft clock started at :: 2016-01-01T00:00:00.000-06:00
0 [main] INFO space.exploration.mars.rover.kernel.SpacecraftClock  - Mission duration is set to :: 1 year(s).
0 [main] INFO space.exploration.mars.rover.kernel.SpacecraftClock  - Mission duration = 31536000000
23853 [main] INFO org.apache.kafka.clients.producer.ProducerConfig  - ProducerConfig values: 
	metric.reporters = []
	metadata.max.age.ms = 300000
	reconnect.backoff.ms = 50
	sasl.kerberos.ticket.renew.window.factor = 0.8
	bootstrap.servers = [localhost:9092]
	ssl.keystore.type = JKS
	sasl.mechanism = GSSAPI
	max.block.ms = 60000
	interceptor.classes = null
	ssl.truststore.password = null
	client.id = 
	ssl.endpoint.identification.algorithm = null
	request.timeout.ms = 30000
	acks = 1
	receive.buffer.bytes = 32768
	ssl.truststore.type = JKS
	retries = 0
	ssl.truststore.location = null
	ssl.keystore.password = null
	send.buffer.bytes = 131072
	compression.type = none
	metadata.fetch.timeout.ms = 60000
	retry.backoff.ms = 100
	sasl.kerberos.kinit.cmd = /usr/bin/kinit
	buffer.memory = 33554432
	timeout.ms = 30000
	key.serializer = class org.apache.kafka.common.serialization.StringSerializer
	sasl.kerberos.service.name = null
	sasl.kerberos.ticket.renew.jitter = 0.05
	ssl.trustmanager.algorithm = PKIX
	block.on.buffer.full = false
	ssl.key.password = null
	sasl.kerberos.min.time.before.relogin = 60000
	connections.max.idle.ms = 540000
	max.in.flight.requests.per.connection = 5
	metrics.num.samples = 2
	ssl.protocol = TLS
	ssl.provider = null
	ssl.enabled.protocols = [TLSv1.2, TLSv1.1, TLSv1]
	batch.size = 16384
	ssl.keystore.location = null
	ssl.cipher.suites = null
	security.protocol = PLAINTEXT
	max.request.size = 1048576
	value.serializer = class org.apache.kafka.common.serialization.ByteArraySerializer
	ssl.keymanager.algorithm = SunX509
	metrics.sample.window.ms = 30000
	partitioner.class = class org.apache.kafka.clients.producer.internals.DefaultPartitioner
	linger.ms = 0

23932 [main] INFO org.apache.kafka.clients.producer.ProducerConfig  - ProducerConfig values: 
	metric.reporters = []
	metadata.max.age.ms = 300000
	reconnect.backoff.ms = 50
	sasl.kerberos.ticket.renew.window.factor = 0.8
	bootstrap.servers = [localhost:9092]
	ssl.keystore.type = JKS
	sasl.mechanism = GSSAPI
	max.block.ms = 60000
	interceptor.classes = null
	ssl.truststore.password = null
	client.id = producer-1
	ssl.endpoint.identification.algorithm = null
	request.timeout.ms = 30000
	acks = 1
	receive.buffer.bytes = 32768
	ssl.truststore.type = JKS
	retries = 0
	ssl.truststore.location = null
	ssl.keystore.password = null
	send.buffer.bytes = 131072
	compression.type = none
	metadata.fetch.timeout.ms = 60000
	retry.backoff.ms = 100
	sasl.kerberos.kinit.cmd = /usr/bin/kinit
	buffer.memory = 33554432
	timeout.ms = 30000
	key.serializer = class org.apache.kafka.common.serialization.StringSerializer
	sasl.kerberos.service.name = null
	sasl.kerberos.ticket.renew.jitter = 0.05
	ssl.trustmanager.algorithm = PKIX
	block.on.buffer.full = false
	ssl.key.password = null
	sasl.kerberos.min.time.before.relogin = 60000
	connections.max.idle.ms = 540000
	max.in.flight.requests.per.connection = 5
	metrics.num.samples = 2
	ssl.protocol = TLS
	ssl.provider = null
	ssl.enabled.protocols = [TLSv1.2, TLSv1.1, TLSv1]
	batch.size = 16384
	ssl.keystore.location = null
	ssl.cipher.suites = null
	security.protocol = PLAINTEXT
	max.request.size = 1048576
	value.serializer = class org.apache.kafka.common.serialization.ByteArraySerializer
	ssl.keymanager.algorithm = SunX509
	metrics.sample.window.ms = 30000
	partitioner.class = class org.apache.kafka.clients.producer.internals.DefaultPartitioner
	linger.ms = 0

23933 [main] WARN org.apache.kafka.clients.producer.ProducerConfig  - The configuration zookeeper.connect = localhost:2181 was supplied but isn't a known config.
23933 [main] WARN org.apache.kafka.clients.producer.ProducerConfig  - The configuration group.id = space.exploration.mars.rover.curiosity.1512170605846 was supplied but isn't a known config.
23933 [main] WARN org.apache.kafka.clients.producer.ProducerConfig  - The configuration source.topic = earth_to_curiosity_5 was supplied but isn't a known config.
23933 [main] WARN org.apache.kafka.clients.producer.ProducerConfig  - The configuration auto.offset.reset = largest was supplied but isn't a known config.
23933 [main] WARN org.apache.kafka.clients.producer.ProducerConfig  - The configuration metadata.broker.list = localhost:9092 was supplied but isn't a known config.
23933 [main] WARN org.apache.kafka.clients.producer.ProducerConfig  - The configuration destination.topic = curiosity_to_earth_5 was supplied but isn't a known config.
23934 [main] INFO org.apache.kafka.common.utils.AppInfoParser  - Kafka version : 0.10.0.1
23934 [main] INFO org.apache.kafka.common.utils.AppInfoParser  - Kafka commitId : a7a17cdec9eaa6c5
24041 [main] INFO kafka.utils.VerifiableProperties  - Verifying properties
24067 [main] INFO kafka.utils.VerifiableProperties  - Property auto.offset.reset is overridden to largest
24068 [main] WARN kafka.utils.VerifiableProperties  - Property bootstrap.servers is not valid
24068 [main] WARN kafka.utils.VerifiableProperties  - Property destination.topic is not valid
24068 [main] INFO kafka.utils.VerifiableProperties  - Property group.id is overridden to space.exploration.mars.rover.curiosity.1512170605846
24068 [main] WARN kafka.utils.VerifiableProperties  - Property key.serializer is not valid
24068 [main] WARN kafka.utils.VerifiableProperties  - Property metadata.broker.list is not valid
24068 [main] WARN kafka.utils.VerifiableProperties  - Property source.topic is not valid
24068 [main] WARN kafka.utils.VerifiableProperties  - Property value.serializer is not valid
24068 [main] INFO kafka.utils.VerifiableProperties  - Property zookeeper.connect is overridden to localhost:2181
24097 [main] INFO kafka.consumer.ZookeeperConsumerConnector  - [space.exploration.mars.rover.curiosity.1512170605846_zion-mainframe-1512170631052-ae81c8d7], Connecting to zookeeper instance at localhost:2181
24146 [ZkClient-EventThread-29-localhost:2181] INFO org.I0Itec.zkclient.ZkEventThread  - Starting ZkClient event thread.
24152 [main] INFO org.apache.zookeeper.ZooKeeper  - Client environment:zookeeper.version=3.4.6-1569965, built on 02/20/2014 09:09 GMT
24152 [main] INFO org.apache.zookeeper.ZooKeeper  - Client environment:host.name=zion-mainframe
24152 [main] INFO org.apache.zookeeper.ZooKeeper  - Client environment:java.version=1.8.0_151
24152 [main] INFO org.apache.zookeeper.ZooKeeper  - Client environment:java.vendor=Oracle Corporation
24152 [main] INFO org.apache.zookeeper.ZooKeeper  - Client environment:java.home=/usr/lib/jvm/java-8-openjdk-amd64/jre
24152 [main] INFO org.apache.zookeeper.ZooKeeper  - Client environment:java.class.path=target/mars.rover-1.1.1-SOLSHOT-shaded.jar
24152 [main] INFO org.apache.zookeeper.ZooKeeper  - Client environment:java.library.path=$LD_LIBRARY_PATH:"/home/sanket/Documents/workspace/SpiceUtilities/src/main/resources/JNISpice/lib/libJNISpice.so":/home/sanket/Documents/workspace/SpiceUtilities/src/main/resources/JNISpice/lib/libJNISpice.so:/usr/java/packages/lib/amd64:/usr/lib/x86_64-linux-gnu/jni:/lib/x86_64-linux-gnu:/usr/lib/x86_64-linux-gnu:/usr/lib/jni:/lib:/usr/lib
24152 [main] INFO org.apache.zookeeper.ZooKeeper  - Client environment:java.io.tmpdir=/tmp
24152 [main] INFO org.apache.zookeeper.ZooKeeper  - Client environment:java.compiler=<NA>
24152 [main] INFO org.apache.zookeeper.ZooKeeper  - Client environment:os.name=Linux
24152 [main] INFO org.apache.zookeeper.ZooKeeper  - Client environment:os.arch=amd64
24152 [main] INFO org.apache.zookeeper.ZooKeeper  - Client environment:os.version=4.10.0-40-generic
24153 [main] INFO org.apache.zookeeper.ZooKeeper  - Client environment:user.name=sanket
24153 [main] INFO org.apache.zookeeper.ZooKeeper  - Client environment:user.home=/home/sanket
24153 [main] INFO org.apache.zookeeper.ZooKeeper  - Client environment:user.dir=/home/sanket/Documents/workspace/MarsRover/mars.rover
24153 [main] INFO org.apache.zookeeper.ZooKeeper  - Initiating client connection, connectString=localhost:2181 sessionTimeout=6000 watcher=org.I0Itec.zkclient.ZkClient@367ffa75
24160 [main] INFO org.I0Itec.zkclient.ZkClient  - Waiting for keeper state SyncConnected
24163 [main-SendThread(localhost:2181)] INFO org.apache.zookeeper.ClientCnxn  - Opening socket connection to server localhost/127.0.0.1:2181. Will not attempt to authenticate using SASL (unknown error)
24166 [main-SendThread(localhost:2181)] INFO org.apache.zookeeper.ClientCnxn  - Socket connection established to localhost/127.0.0.1:2181, initiating session
24171 [main-SendThread(localhost:2181)] INFO org.apache.zookeeper.ClientCnxn  - Session establishment complete on server localhost/127.0.0.1:2181, sessionid = 0x160124b24600009, negotiated timeout = 6000
24173 [main-EventThread] INFO org.I0Itec.zkclient.ZkClient  - zookeeper state changed (SyncConnected)
24182 [main] INFO kafka.consumer.ZookeeperConsumerConnector  - [space.exploration.mars.rover.curiosity.1512170605846_zion-mainframe-1512170631052-ae81c8d7], starting auto committer every 60000 ms
24209 [Thread-2] INFO kafka.consumer.ZookeeperConsumerConnector  - [space.exploration.mars.rover.curiosity.1512170605846_zion-mainframe-1512170631052-ae81c8d7], begin registering consumer space.exploration.mars.rover.curiosity.1512170605846_zion-mainframe-1512170631052-ae81c8d7 in ZK
24232 [Thread-2] INFO kafka.utils.ZKCheckedEphemeral  - Creating /consumers/space.exploration.mars.rover.curiosity.1512170605846/ids/space.exploration.mars.rover.curiosity.1512170605846_zion-mainframe-1512170631052-ae81c8d7 (is it secure? false)
24247 [Thread-2] INFO kafka.utils.ZKCheckedEphemeral  - Result of znode creation is: OK
24248 [Thread-2] INFO kafka.consumer.ZookeeperConsumerConnector  - [space.exploration.mars.rover.curiosity.1512170605846_zion-mainframe-1512170631052-ae81c8d7], end registering consumer space.exploration.mars.rover.curiosity.1512170605846_zion-mainframe-1512170631052-ae81c8d7 in ZK
24258 [space.exploration.mars.rover.curiosity.1512170605846_zion-mainframe-1512170631052-ae81c8d7_watcher_executor] INFO kafka.consumer.ZookeeperConsumerConnector  - [space.exploration.mars.rover.curiosity.1512170605846_zion-mainframe-1512170631052-ae81c8d7], starting watcher executor thread for consumer space.exploration.mars.rover.curiosity.1512170605846_zion-mainframe-1512170631052-ae81c8d7
24266 [Thread-2] INFO kafka.consumer.ZookeeperConsumerConnector  - [space.exploration.mars.rover.curiosity.1512170605846_zion-mainframe-1512170631052-ae81c8d7], begin rebalancing consumer space.exploration.mars.rover.curiosity.1512170605846_zion-mainframe-1512170631052-ae81c8d7 try #0
24349 [Thread-2] INFO kafka.consumer.ConsumerFetcherManager  - [ConsumerFetcherManager-1512170631135] Stopping leader finder thread
24350 [Thread-2] INFO kafka.consumer.ConsumerFetcherManager  - [ConsumerFetcherManager-1512170631135] Stopping all fetchers
24350 [Thread-2] INFO kafka.consumer.ConsumerFetcherManager  - [ConsumerFetcherManager-1512170631135] All connections stopped
24351 [Thread-2] INFO kafka.consumer.ZookeeperConsumerConnector  - [space.exploration.mars.rover.curiosity.1512170605846_zion-mainframe-1512170631052-ae81c8d7], Cleared all relevant queues for this fetcher
24351 [Thread-2] INFO kafka.consumer.ZookeeperConsumerConnector  - [space.exploration.mars.rover.curiosity.1512170605846_zion-mainframe-1512170631052-ae81c8d7], Cleared the data chunks in all the consumer message iterators
24352 [Thread-2] INFO kafka.consumer.ZookeeperConsumerConnector  - [space.exploration.mars.rover.curiosity.1512170605846_zion-mainframe-1512170631052-ae81c8d7], Committing all offsets after clearing the fetcher queues
24352 [Thread-2] INFO kafka.consumer.ZookeeperConsumerConnector  - [space.exploration.mars.rover.curiosity.1512170605846_zion-mainframe-1512170631052-ae81c8d7], Releasing partition ownership
24373 [Thread-2] INFO kafka.consumer.RangeAssignor  - Consumer space.exploration.mars.rover.curiosity.1512170605846_zion-mainframe-1512170631052-ae81c8d7 rebalancing the following partitions: ArrayBuffer(0) for topic earth_to_curiosity_5 with consumers: List(space.exploration.mars.rover.curiosity.1512170605846_zion-mainframe-1512170631052-ae81c8d7-0)
24374 [Thread-2] INFO kafka.consumer.RangeAssignor  - space.exploration.mars.rover.curiosity.1512170605846_zion-mainframe-1512170631052-ae81c8d7-0 attempting to claim partition 0
24399 [Thread-2] INFO kafka.consumer.ZookeeperConsumerConnector  - [space.exploration.mars.rover.curiosity.1512170605846_zion-mainframe-1512170631052-ae81c8d7], space.exploration.mars.rover.curiosity.1512170605846_zion-mainframe-1512170631052-ae81c8d7-0 successfully owned partition 0 for topic earth_to_curiosity_5
24413 [Thread-2] INFO kafka.consumer.ZookeeperConsumerConnector  - [space.exploration.mars.rover.curiosity.1512170605846_zion-mainframe-1512170631052-ae81c8d7], Consumer space.exploration.mars.rover.curiosity.1512170605846_zion-mainframe-1512170631052-ae81c8d7 selected partitions : earth_to_curiosity_5:0: fetched offset = -1: consumed offset = -1
24415 [Thread-2] INFO kafka.consumer.ZookeeperConsumerConnector  - [space.exploration.mars.rover.curiosity.1512170605846_zion-mainframe-1512170631052-ae81c8d7], end rebalancing consumer space.exploration.mars.rover.curiosity.1512170605846_zion-mainframe-1512170631052-ae81c8d7 try #0
24416 [space.exploration.mars.rover.curiosity.1512170605846_zion-mainframe-1512170631052-ae81c8d7-leader-finder-thread] INFO kafka.consumer.ConsumerFetcherManager$LeaderFinderThread  - [space.exploration.mars.rover.curiosity.1512170605846_zion-mainframe-1512170631052-ae81c8d7-leader-finder-thread], Starting 
24434 [space.exploration.mars.rover.curiosity.1512170605846_zion-mainframe-1512170631052-ae81c8d7-leader-finder-thread] INFO kafka.utils.VerifiableProperties  - Verifying properties
24434 [space.exploration.mars.rover.curiosity.1512170605846_zion-mainframe-1512170631052-ae81c8d7-leader-finder-thread] INFO kafka.utils.VerifiableProperties  - Property client.id is overridden to space.exploration.mars.rover.curiosity.1512170605846
24435 [space.exploration.mars.rover.curiosity.1512170605846_zion-mainframe-1512170631052-ae81c8d7-leader-finder-thread] INFO kafka.utils.VerifiableProperties  - Property metadata.broker.list is overridden to zion-mainframe:9092
24435 [space.exploration.mars.rover.curiosity.1512170605846_zion-mainframe-1512170631052-ae81c8d7-leader-finder-thread] INFO kafka.utils.VerifiableProperties  - Property request.timeout.ms is overridden to 30000
24446 [space.exploration.mars.rover.curiosity.1512170605846_zion-mainframe-1512170631052-ae81c8d7-leader-finder-thread] INFO kafka.client.ClientUtils$  - Fetching metadata from broker BrokerEndPoint(0,zion-mainframe,9092) with correlation id 0 for 1 topic(s) Set(earth_to_curiosity_5)
24450 [space.exploration.mars.rover.curiosity.1512170605846_zion-mainframe-1512170631052-ae81c8d7-leader-finder-thread] INFO kafka.producer.SyncProducer  - Connected to zion-mainframe:9092 for producing
24461 [space.exploration.mars.rover.curiosity.1512170605846_zion-mainframe-1512170631052-ae81c8d7-leader-finder-thread] INFO kafka.producer.SyncProducer  - Disconnecting from zion-mainframe:9092
24485 [ConsumerFetcherThread-space.exploration.mars.rover.curiosity.1512170605846_zion-mainframe-1512170631052-ae81c8d7-0-0] INFO kafka.consumer.ConsumerFetcherThread  - [ConsumerFetcherThread-space.exploration.mars.rover.curiosity.1512170605846_zion-mainframe-1512170631052-ae81c8d7-0-0], Starting 
24494 [space.exploration.mars.rover.curiosity.1512170605846_zion-mainframe-1512170631052-ae81c8d7-leader-finder-thread] INFO kafka.consumer.ConsumerFetcherManager  - [ConsumerFetcherManager-1512170631135] Added fetcher for partitions ArrayBuffer([[earth_to_curiosity_5,0], initOffset -1 to broker BrokerEndPoint(0,zion-mainframe,9092)] )
32258 [main] INFO space.exploration.mars.rover.communication.Transmitter  - Sending information packet to curiosity_to_earth_5
35263 [pool-5-thread-1] INFO space.exploration.mars.rover.animation.SleepingAnimationEngine  - Rover is sleeping now
57578 [Thread-2] INFO space.exploration.mars.rover.communication.Receiver  - Time Elapsed since last message = 33389
57646 [Thread-2] INFO space.exploration.mars.rover.sensor.PositionSensor  - ephemerisTime: 5.04878977183909E8
stateCuriosity: -2.21638589759E8
stateCuriosity: -1.12281805055E8
stateCuriosity: -4.1497149885E7
stateCuriosity: 28.426
stateCuriosity: -15.414
stateCuriosity: -7.244
owltMSLEarth: 840.243
stateEarth: 2.21668484831E8
stateEarth: 1.12296950257E8
stateEarth: 4.1502745927E7
stateEarth: -28.44
stateEarth: 15.412
stateEarth: 7.243
owltEarthMSL: 840.356
positionEarthWRTCuriosity: 2.21668484831E8
positionEarthWRTCuriosity: 1.12296950257E8
positionEarthWRTCuriosity: 4.1502745927E7
owltEarthMSL2: 840.356
angSepHGAEarth: 140.5
utcTime: "2016-01-01~00:08:29"
sol: 1210

57646 [Thread-2] INFO space.exploration.mars.rover.communication.Radio  - One Way Light Time computed by SPICE :: 840.243
57661 [Thread-2] INFO space.exploration.mars.rover.kernel.SleepingState  - Awaking from sleeping state
57661 [Thread-2] INFO space.exploration.mars.rover.animation.SleepingAnimationEngine  - Waking up rover
66701 [Thread-2] INFO space.exploration.mars.rover.kernel.ListeningState  - 1512170673656,5,Explore Current instructionQueue length = 0
66701 [Thread-2] INFO space.exploration.mars.rover.kernel.ListeningState  - Rover Curiosity is on a scientific mission!
97766 [Thread-2] INFO space.exploration.mars.rover.sensor.PositionSensor  - ephemerisTime: 5.04878977183909E8
stateCuriosity: -2.21638589759E8
stateCuriosity: -1.12281805055E8
stateCuriosity: -4.1497149885E7
stateCuriosity: 28.426
stateCuriosity: -15.414
stateCuriosity: -7.244
owltMSLEarth: 840.243
stateEarth: 2.21668484831E8
stateEarth: 1.12296950257E8
stateEarth: 4.1502745927E7
stateEarth: -28.44
stateEarth: 15.412
stateEarth: 7.243
owltEarthMSL: 840.356
positionEarthWRTCuriosity: 2.21668484831E8
positionEarthWRTCuriosity: 1.12296950257E8
positionEarthWRTCuriosity: 4.1502745927E7
owltEarthMSL2: 840.356
angSepHGAEarth: 140.5
utcTime: "2016-01-01~00:08:29"
sol: 1210

97766 [Thread-2] INFO space.exploration.mars.rover.communication.Radio  - One Way Light Time computed by SPICE :: 840.243
97780 [Thread-2] INFO space.exploration.mars.rover.communication.Transmitter  - Sending information packet to curiosity_to_earth_5
100833 [pool-4-thread-1] INFO space.exploration.mars.rover.sensor.PositionSensor  - ephemerisTime: 5.04879388183909E8
stateCuriosity: -2.21626905784E8
stateCuriosity: -1.12288138701E8
stateCuriosity: -4.1500126838E7
stateCuriosity: 28.43
stateCuriosity: -15.406
stateCuriosity: -7.242
owltMSLEarth: 840.22
stateEarth: 2.21656795152E8
stateEarth: 1.12303282792E8
stateEarth: 4.1505722635E7
stateEarth: -28.444
stateEarth: 15.404
stateEarth: 7.242
owltEarthMSL: 840.333
positionEarthWRTCuriosity: 2.21656795152E8
positionEarthWRTCuriosity: 1.12303282792E8
positionEarthWRTCuriosity: 4.1505722635E7
owltEarthMSL2: 840.333
angSepHGAEarth: 139.531
utcTime: "2016-01-01~00:15:20"
sol: 1210

100842 [pool-4-thread-1] INFO space.exploration.mars.rover.kernel.SpacecraftClock  - Internal time::2016-01-01T00:15:20.580-06:00 sclk of::1/01210:03:58:04:07386
106898 [pool-4-thread-1] INFO space.exploration.mars.rover.sensor.PositionSensor  - ephemerisTime: 5.04879388183909E8
stateCuriosity: -2.21626905784E8
stateCuriosity: -1.12288138701E8
stateCuriosity: -4.1500126838E7
stateCuriosity: 28.43
stateCuriosity: -15.406
stateCuriosity: -7.242
owltMSLEarth: 840.22
stateEarth: 2.21656795152E8
stateEarth: 1.12303282792E8
stateEarth: 4.1505722635E7
stateEarth: -28.444
stateEarth: 15.404
stateEarth: 7.242
owltEarthMSL: 840.333
positionEarthWRTCuriosity: 2.21656795152E8
positionEarthWRTCuriosity: 1.12303282792E8
positionEarthWRTCuriosity: 4.1505722635E7
owltEarthMSL2: 840.333
angSepHGAEarth: 139.531
utcTime: "2016-01-01~00:15:20"
sol: 1210

106898 [pool-4-thread-1] INFO space.exploration.mars.rover.communication.Radio  - One Way Light Time computed by SPICE :: 840.22
106912 [pool-4-thread-1] INFO space.exploration.mars.rover.communication.Transmitter  - Sending information packet to curiosity_to_earth_5
122329 [pool-4-thread-1] INFO space.exploration.mars.rover.sensor.PositionSensor  - ephemerisTime: 5.04879584183909E8
stateCuriosity: -2.2162133325E8
stateCuriosity: -1.12291157966E8
stateCuriosity: -4.1501546247E7
stateCuriosity: 28.432
stateCuriosity: -15.402
stateCuriosity: -7.241
owltMSLEarth: 840.209
stateEarth: 2.21651219919E8
stateEarth: 1.12306301536E8
stateEarth: 4.1507141931E7
stateEarth: -28.446
stateEarth: 15.4
stateEarth: 7.241
owltEarthMSL: 840.322
positionEarthWRTCuriosity: 2.21651219919E8
positionEarthWRTCuriosity: 1.12306301536E8
positionEarthWRTCuriosity: 4.1507141931E7
owltEarthMSL2: 840.322
angSepHGAEarth: 139.062
utcTime: "2016-01-01~00:18:36"
sol: 1210

122329 [pool-4-thread-1] INFO space.exploration.mars.rover.kernel.SpacecraftClock  - Internal time::2016-01-01T00:18:39.420-06:00 sclk of::1/01210:04:01:17:74948
128379 [pool-4-thread-1] INFO space.exploration.mars.rover.sensor.PositionSensor  - ephemerisTime: 5.04879584183909E8
stateCuriosity: -2.2162133325E8
stateCuriosity: -1.12291157966E8
stateCuriosity: -4.1501546247E7
stateCuriosity: 28.432
stateCuriosity: -15.402
stateCuriosity: -7.241
owltMSLEarth: 840.209
stateEarth: 2.21651219919E8
stateEarth: 1.12306301536E8
stateEarth: 4.1507141931E7
stateEarth: -28.446
stateEarth: 15.4
stateEarth: 7.241
owltEarthMSL: 840.322
positionEarthWRTCuriosity: 2.21651219919E8
positionEarthWRTCuriosity: 1.12306301536E8
positionEarthWRTCuriosity: 4.1507141931E7
owltEarthMSL2: 840.322
angSepHGAEarth: 139.062
utcTime: "2016-01-01~00:18:36"
sol: 1210

128379 [pool-4-thread-1] INFO space.exploration.mars.rover.communication.Radio  - One Way Light Time computed by SPICE :: 840.209
128393 [pool-4-thread-1] INFO space.exploration.mars.rover.communication.Transmitter  - Sending information packet to curiosity_to_earth_5
182337 [pool-4-thread-1] INFO space.exploration.mars.rover.sensor.PositionSensor  - ephemerisTime: 5.04880130183909E8
stateCuriosity: -2.21605807737E8
stateCuriosity: -1.12299564793E8
stateCuriosity: -4.1505499383E7
stateCuriosity: 28.438
stateCuriosity: -15.392
stateCuriosity: -7.239
owltMSLEarth: 840.178
stateEarth: 2.21635686963E8
stateEarth: 1.12314706946E8
stateEarth: 4.1511094765E7
stateEarth: -28.451
stateEarth: 15.389
stateEarth: 7.238
owltEarthMSL: 840.291
positionEarthWRTCuriosity: 2.21635686963E8
positionEarthWRTCuriosity: 1.12314706946E8
positionEarthWRTCuriosity: 4.1511094765E7
owltEarthMSL2: 840.291
angSepHGAEarth: 137.736
utcTime: "2016-01-01~00:27:42"
sol: 1210

182337 [pool-4-thread-1] INFO space.exploration.mars.rover.kernel.SpacecraftClock  - Internal time::2016-01-01T00:27:45.360-06:00 sclk of::1/01210:04:10:09:14087
188423 [pool-4-thread-1] INFO space.exploration.mars.rover.sensor.PositionSensor  - ephemerisTime: 5.04880130183909E8
stateCuriosity: -2.21605807737E8
stateCuriosity: -1.12299564793E8
stateCuriosity: -4.1505499383E7
stateCuriosity: 28.438
stateCuriosity: -15.392
stateCuriosity: -7.239
owltMSLEarth: 840.178
stateEarth: 2.21635686963E8
stateEarth: 1.12314706946E8
stateEarth: 4.1511094765E7
stateEarth: -28.451
stateEarth: 15.389
stateEarth: 7.238
owltEarthMSL: 840.291
positionEarthWRTCuriosity: 2.21635686963E8
positionEarthWRTCuriosity: 1.12314706946E8
positionEarthWRTCuriosity: 4.1511094765E7
owltEarthMSL2: 840.291
angSepHGAEarth: 137.736
utcTime: "2016-01-01~00:27:42"
sol: 1210

188423 [pool-4-thread-1] INFO space.exploration.mars.rover.communication.Radio  - One Way Light Time computed by SPICE :: 840.178
188438 [pool-4-thread-1] INFO space.exploration.mars.rover.communication.Transmitter  - Sending information packet to curiosity_to_earth_5
191439 [pool-5-thread-1] INFO space.exploration.mars.rover.animation.SleepingAnimationEngine  - Rover is sleeping now
192337 [Thread-2] INFO space.exploration.mars.rover.communication.Receiver  - Time Elapsed since last message = 134759
192397 [Thread-2] INFO space.exploration.mars.rover.sensor.PositionSensor  - ephemerisTime: 5.04880212183909E8
stateCuriosity: -2.21603475816E8
stateCuriosity: -1.12300826848E8
stateCuriosity: -4.1506092955E7
stateCuriosity: 28.438
stateCuriosity: -15.39
stateCuriosity: -7.238
owltMSLEarth: 840.173
stateEarth: 2.21633353933E8
stateEarth: 1.12315968792E8
stateEarth: 4.1511688293E7
stateEarth: -28.452
stateEarth: 15.388
stateEarth: 7.238
owltEarthMSL: 840.287
positionEarthWRTCuriosity: 2.21633353933E8
positionEarthWRTCuriosity: 1.12315968792E8
positionEarthWRTCuriosity: 4.1511688293E7
owltEarthMSL2: 840.287
angSepHGAEarth: 137.535
utcTime: "2016-01-01~00:29:04"
sol: 1210

192397 [Thread-2] INFO space.exploration.mars.rover.communication.Radio  - One Way Light Time computed by SPICE :: 840.173
192411 [Thread-2] INFO space.exploration.mars.rover.kernel.SleepingState  - Awaking from sleeping state
192411 [Thread-2] INFO space.exploration.mars.rover.animation.SleepingAnimationEngine  - Waking up rover
201426 [Thread-2] INFO space.exploration.mars.rover.kernel.ListeningState  - 1512170808381,11,GetSclkInformation Current instructionQueue length = 0
201426 [Thread-2] INFO space.exploration.mars.rover.kernel.ListeningState  - Rover will get detailed spacecraftClock information. Houston, this is CuriosityActual.
201429 [Thread-2] INFO space.exploration.mars.rover.kernel.SpacecraftClock  - Internal time::2016-01-01T00:30:23.340-06:00 sclk of::1/01210:04:12:42:91346
207479 [Thread-2] INFO space.exploration.mars.rover.sensor.PositionSensor  - ephemerisTime: 5.04880212183909E8
stateCuriosity: -2.21603475816E8
stateCuriosity: -1.12300826848E8
stateCuriosity: -4.1506092955E7
stateCuriosity: 28.438
stateCuriosity: -15.39
stateCuriosity: -7.238
owltMSLEarth: 840.173
stateEarth: 2.21633353933E8
stateEarth: 1.12315968792E8
stateEarth: 4.1511688293E7
stateEarth: -28.452
stateEarth: 15.388
stateEarth: 7.238
owltEarthMSL: 840.287
positionEarthWRTCuriosity: 2.21633353933E8
positionEarthWRTCuriosity: 1.12315968792E8
positionEarthWRTCuriosity: 4.1511688293E7
owltEarthMSL2: 840.287
angSepHGAEarth: 137.535
utcTime: "2016-01-01~00:29:04"
sol: 1210

207479 [Thread-2] INFO space.exploration.mars.rover.communication.Radio  - One Way Light Time computed by SPICE :: 840.173
207494 [Thread-2] INFO space.exploration.mars.rover.communication.Transmitter  - Sending information packet to curiosity_to_earth_5
242328 [pool-4-thread-1] INFO space.exploration.mars.rover.sensor.PositionSensor  - ephemerisTime: 5.04880661183909E8
stateCuriosity: -2.21590706E8
stateCuriosity: -1.12307734991E8
stateCuriosity: -4.1509342518E7
stateCuriosity: 28.443
stateCuriosity: -15.381
stateCuriosity: -7.236
owltMSLEarth: 840.148
stateEarth: 2.21620578099E8
stateEarth: 1.12322875816E8
stateEarth: 4.1514937626E7
stateEarth: -28.456
stateEarth: 15.379
stateEarth: 7.236
owltEarthMSL: 840.261
positionEarthWRTCuriosity: 2.21620578099E8
positionEarthWRTCuriosity: 1.12322875816E8
positionEarthWRTCuriosity: 4.1514937626E7
owltEarthMSL2: 840.261
angSepHGAEarth: 136.42
utcTime: "2016-01-01~00:36:33"
sol: 1210

242330 [pool-4-thread-1] INFO space.exploration.mars.rover.kernel.SpacecraftClock  - Internal time::2016-01-01T00:36:36.360-06:00 sclk of::1/01210:04:18:45:93359
248398 [pool-4-thread-1] INFO space.exploration.mars.rover.sensor.PositionSensor  - ephemerisTime: 5.04880661183909E8
stateCuriosity: -2.21590706E8
stateCuriosity: -1.12307734991E8
stateCuriosity: -4.1509342518E7
stateCuriosity: 28.443
stateCuriosity: -15.381
stateCuriosity: -7.236
owltMSLEarth: 840.148
stateEarth: 2.21620578099E8
stateEarth: 1.12322875816E8
stateEarth: 4.1514937626E7
stateEarth: -28.456
stateEarth: 15.379
stateEarth: 7.236
owltEarthMSL: 840.261
positionEarthWRTCuriosity: 2.21620578099E8
positionEarthWRTCuriosity: 1.12322875816E8
positionEarthWRTCuriosity: 4.1514937626E7
owltEarthMSL2: 840.261
angSepHGAEarth: 136.42
utcTime: "2016-01-01~00:36:33"
sol: 1210

248398 [pool-4-thread-1] INFO space.exploration.mars.rover.communication.Radio  - One Way Light Time computed by SPICE :: 840.148
248413 [pool-4-thread-1] INFO space.exploration.mars.rover.communication.Transmitter  - Sending information packet to curiosity_to_earth_5
293026 [Thread-2] INFO space.exploration.mars.rover.communication.Receiver  - Time Elapsed since last message = 100689
293069 [Thread-2] INFO space.exploration.mars.rover.sensor.PositionSensor  - ephemerisTime: 5.04881110183909E8
stateCuriosity: -2.21577934343E8
stateCuriosity: -1.12314639095E8
stateCuriosity: -4.1512591018E7
stateCuriosity: 28.447
stateCuriosity: -15.372
stateCuriosity: -7.234
owltMSLEarth: 840.122
stateEarth: 2.21607800509E8
stateEarth: 1.12329778839E8
stateEarth: 4.1518185911E7
stateEarth: -28.46
stateEarth: 15.37
stateEarth: 7.233
owltEarthMSL: 840.236
positionEarthWRTCuriosity: 2.21607800509E8
positionEarthWRTCuriosity: 1.12329778839E8
positionEarthWRTCuriosity: 4.1518185911E7
owltEarthMSL2: 840.236
angSepHGAEarth: 135.289
utcTime: "2016-01-01~00:44:02"
sol: 1210

293069 [Thread-2] INFO space.exploration.mars.rover.communication.Radio  - One Way Light Time computed by SPICE :: 840.122
299099 [Thread-2] INFO space.exploration.mars.rover.kernel.ListeningState  - 1512170906054,1,Move Current instructionQueue length = 0
299099 [Thread-2] INFO space.exploration.mars.rover.kernel.ListeningState  - Rover Curiosity is on the move!
299148 [Thread-2] INFO space.exploration.mars.rover.sensor.TelemetrySensor  - Telemetry relay commenced.
308682 [Thread-2] INFO space.exploration.mars.rover.sensor.TelemetrySensor  - Telemetry relay stopped, number of telemetryDataPoints = 23
317726 [Thread-2] INFO space.exploration.mars.rover.sensor.PositionSensor  - ephemerisTime: 5.04881110183909E8
stateCuriosity: -2.21577934343E8
stateCuriosity: -1.12314639095E8
stateCuriosity: -4.1512591018E7
stateCuriosity: 28.447
stateCuriosity: -15.372
stateCuriosity: -7.234
owltMSLEarth: 840.122
stateEarth: 2.21607800509E8
stateEarth: 1.12329778839E8
stateEarth: 4.1518185911E7
stateEarth: -28.46
stateEarth: 15.37
stateEarth: 7.233
owltEarthMSL: 840.236
positionEarthWRTCuriosity: 2.21607800509E8
positionEarthWRTCuriosity: 1.12329778839E8
positionEarthWRTCuriosity: 4.1518185911E7
owltEarthMSL2: 840.236
angSepHGAEarth: 135.289
utcTime: "2016-01-01~00:44:02"
sol: 1210

317726 [Thread-2] INFO space.exploration.mars.rover.communication.Radio  - One Way Light Time computed by SPICE :: 840.122
317740 [Thread-2] INFO space.exploration.mars.rover.communication.Transmitter  - Sending information packet to curiosity_to_earth_5
320790 [pool-4-thread-1] INFO space.exploration.mars.rover.sensor.PositionSensor  - ephemerisTime: 5.04881110183909E8
stateCuriosity: -2.21577934343E8
stateCuriosity: -1.12314639095E8
stateCuriosity: -4.1512591018E7
stateCuriosity: 28.447
stateCuriosity: -15.372
stateCuriosity: -7.234
owltMSLEarth: 840.122
stateEarth: 2.21607800509E8
stateEarth: 1.12329778839E8
stateEarth: 4.1518185911E7
stateEarth: -28.46
stateEarth: 15.37
stateEarth: 7.233
owltEarthMSL: 840.236
positionEarthWRTCuriosity: 2.21607800509E8
positionEarthWRTCuriosity: 1.12329778839E8
positionEarthWRTCuriosity: 4.1518185911E7
owltEarthMSL2: 840.236
angSepHGAEarth: 135.289
utcTime: "2016-01-01~00:48:11"
sol: 1210

320790 [pool-4-thread-1] INFO space.exploration.mars.rover.kernel.SpacecraftClock  - Internal time::2016-01-01T00:48:12.120-06:00 sclk of::1/01210:04:30:03:31162
326840 [pool-4-thread-1] INFO space.exploration.mars.rover.sensor.PositionSensor  - ephemerisTime: 5.04881359183909E8
stateCuriosity: -2.21570850858E8
stateCuriosity: -1.12318466122E8
stateCuriosity: -4.1514392044E7
stateCuriosity: 28.449
stateCuriosity: -15.367
stateCuriosity: -7.232
owltMSLEarth: 840.108
stateEarth: 2.21600713771E8
stateEarth: 1.12333605283E8
stateEarth: 4.1519986825E7
stateEarth: -28.462
stateEarth: 15.365
stateEarth: 7.232
owltEarthMSL: 840.222
positionEarthWRTCuriosity: 2.21600713771E8
positionEarthWRTCuriosity: 1.12333605283E8
positionEarthWRTCuriosity: 4.1519986825E7
owltEarthMSL2: 840.222
angSepHGAEarth: 134.655
utcTime: "2016-01-01~00:48:11"
sol: 1210

326840 [pool-4-thread-1] INFO space.exploration.mars.rover.communication.Radio  - One Way Light Time computed by SPICE :: 840.108
326854 [pool-4-thread-1] INFO space.exploration.mars.rover.communication.Transmitter  - Sending information packet to curiosity_to_earth_5
340309 [Thread-2] INFO space.exploration.mars.rover.communication.Receiver  - Time Elapsed since last message = 47283
340353 [Thread-2] INFO space.exploration.mars.rover.sensor.PositionSensor  - ephemerisTime: 5.04881530183909E8
stateCuriosity: -2.2156598599E8
stateCuriosity: -1.12321093593E8
stateCuriosity: -4.1515628688E7
stateCuriosity: 28.45
stateCuriosity: -15.364
stateCuriosity: -7.231
owltMSLEarth: 840.099
stateEarth: 2.21595846687E8
stateEarth: 1.12336232362E8
stateEarth: 4.1521223394E7
stateEarth: -28.463
stateEarth: 15.361
stateEarth: 7.231
owltEarthMSL: 840.212
positionEarthWRTCuriosity: 2.21595846687E8
positionEarthWRTCuriosity: 1.12336232362E8
positionEarthWRTCuriosity: 4.1521223394E7
owltEarthMSL2: 840.212
angSepHGAEarth: 134.217
utcTime: "2016-01-01~00:51:02"
sol: 1210

340353 [Thread-2] INFO space.exploration.mars.rover.communication.Radio  - One Way Light Time computed by SPICE :: 840.099
346381 [Thread-2] INFO space.exploration.mars.rover.kernel.ListeningState  - 1512170953336,0,ScanArea Current instructionQueue length = 0
346381 [Thread-2] INFO space.exploration.mars.rover.kernel.ListeningState  - Got lidar message
366669 [Thread-2] INFO space.exploration.mars.rover.sensor.PositionSensor  - ephemerisTime: 5.04881530183909E8
stateCuriosity: -2.2156598599E8
stateCuriosity: -1.12321093593E8
stateCuriosity: -4.1515628688E7
stateCuriosity: 28.45
stateCuriosity: -15.364
stateCuriosity: -7.231
owltMSLEarth: 840.099
stateEarth: 2.21595846687E8
stateEarth: 1.12336232362E8
stateEarth: 4.1521223394E7
stateEarth: -28.463
stateEarth: 15.361
stateEarth: 7.231
owltEarthMSL: 840.212
positionEarthWRTCuriosity: 2.21595846687E8
positionEarthWRTCuriosity: 1.12336232362E8
positionEarthWRTCuriosity: 4.1521223394E7
owltEarthMSL2: 840.212
angSepHGAEarth: 134.217
utcTime: "2016-01-01~00:51:02"
sol: 1210

366669 [Thread-2] INFO space.exploration.mars.rover.communication.Radio  - One Way Light Time computed by SPICE :: 840.099
366683 [Thread-2] INFO space.exploration.mars.rover.communication.Transmitter  - Sending information packet to curiosity_to_earth_5
369732 [pool-4-thread-1] INFO space.exploration.mars.rover.sensor.PositionSensor  - ephemerisTime: 5.04881811183909E8
stateCuriosity: -2.21557991149E8
stateCuriosity: -1.12325409959E8
stateCuriosity: -4.1517660458E7
stateCuriosity: 28.453
stateCuriosity: -15.358
stateCuriosity: -7.23
owltMSLEarth: 840.083
stateEarth: 2.21587848232E8
stateEarth: 1.12340548097E8
stateEarth: 4.1523255047E7
stateEarth: -28.465
stateEarth: 15.356
stateEarth: 7.229
owltEarthMSL: 840.196
positionEarthWRTCuriosity: 2.21587848232E8
positionEarthWRTCuriosity: 1.12340548097E8
positionEarthWRTCuriosity: 4.1523255047E7
owltEarthMSL2: 840.196
angSepHGAEarth: 133.494
utcTime: "2016-01-01~00:55:43"
sol: 1210

369733 [pool-4-thread-1] INFO space.exploration.mars.rover.kernel.SpacecraftClock  - Internal time::2016-01-01T00:55:44.340-06:00 sclk of::1/01210:04:37:23:21804
375805 [pool-4-thread-1] INFO space.exploration.mars.rover.sensor.PositionSensor  - ephemerisTime: 5.04881811183909E8
stateCuriosity: -2.21557991149E8
stateCuriosity: -1.12325409959E8
stateCuriosity: -4.1517660458E7
stateCuriosity: 28.453
stateCuriosity: -15.358
stateCuriosity: -7.23
owltMSLEarth: 840.083
stateEarth: 2.21587848232E8
stateEarth: 1.12340548097E8
stateEarth: 4.1523255047E7
stateEarth: -28.465
stateEarth: 15.356
stateEarth: 7.229
owltEarthMSL: 840.196
positionEarthWRTCuriosity: 2.21587848232E8
positionEarthWRTCuriosity: 1.12340548097E8
positionEarthWRTCuriosity: 4.1523255047E7
owltEarthMSL2: 840.196
angSepHGAEarth: 133.494
utcTime: "2016-01-01~00:55:43"
sol: 1210

375805 [pool-4-thread-1] INFO space.exploration.mars.rover.communication.Radio  - One Way Light Time computed by SPICE :: 840.083
375821 [pool-4-thread-1] INFO space.exploration.mars.rover.communication.Transmitter  - Sending information packet to curiosity_to_earth_5
377991 [Thread-2] INFO space.exploration.mars.rover.communication.Receiver  - Time Elapsed since last message = 37681
378862 [Thread-2] INFO space.exploration.mars.rover.sensor.PositionSensor  - ephemerisTime: 5.04881811183909E8
stateCuriosity: -2.21557991149E8
stateCuriosity: -1.12325409959E8
stateCuriosity: -4.1517660458E7
stateCuriosity: 28.453
stateCuriosity: -15.358
stateCuriosity: -7.23
owltMSLEarth: 840.083
stateEarth: 2.21587848232E8
stateEarth: 1.12340548097E8
stateEarth: 4.1523255047E7
stateEarth: -28.465
stateEarth: 15.356
stateEarth: 7.229
owltEarthMSL: 840.196
positionEarthWRTCuriosity: 2.21587848232E8
positionEarthWRTCuriosity: 1.12340548097E8
positionEarthWRTCuriosity: 4.1523255047E7
owltEarthMSL2: 840.196
angSepHGAEarth: 133.494
utcTime: "2016-01-01~00:56:56"
sol: 1210

378862 [Thread-2] INFO space.exploration.mars.rover.communication.Radio  - One Way Light Time computed by SPICE :: 840.083
384889 [Thread-2] INFO space.exploration.mars.rover.kernel.ListeningState  - 1512170991844,1,Move Current instructionQueue length = 0
384889 [Thread-2] INFO space.exploration.mars.rover.kernel.ListeningState  - Rover Curiosity is on the move!
384938 [Thread-2] INFO space.exploration.mars.rover.sensor.TelemetrySensor  - Telemetry relay commenced.
415601 [Thread-2] INFO space.exploration.mars.rover.sensor.TelemetrySensor  - Telemetry relay stopped, number of telemetryDataPoints = 73
424669 [Thread-2] INFO space.exploration.mars.rover.sensor.PositionSensor  - ephemerisTime: 5.0488188418391E8
stateCuriosity: -2.21555914093E8
stateCuriosity: -1.12326531029E8
stateCuriosity: -4.1518188207E7
stateCuriosity: 28.453
stateCuriosity: -15.356
stateCuriosity: -7.229
owltMSLEarth: 840.079
stateEarth: 2.21585770243E8
stateEarth: 1.12341669006E8
stateEarth: 4.1523782767E7
stateEarth: -28.466
stateEarth: 15.354
stateEarth: 7.229
owltEarthMSL: 840.192
positionEarthWRTCuriosity: 2.21585770243E8
positionEarthWRTCuriosity: 1.12341669006E8
positionEarthWRTCuriosity: 4.1523782767E7
owltEarthMSL2: 840.192
angSepHGAEarth: 133.305
utcTime: "2016-01-01~00:56:56"
sol: 1210

424669 [Thread-2] INFO space.exploration.mars.rover.communication.Radio  - One Way Light Time computed by SPICE :: 840.079
424683 [Thread-2] INFO space.exploration.mars.rover.communication.Transmitter  - Sending information packet to curiosity_to_earth_5
427684 [Thread-2] INFO space.exploration.mars.rover.communication.Receiver  - Time Elapsed since last message = 49693
427725 [pool-4-thread-1] INFO space.exploration.mars.rover.sensor.PositionSensor  - ephemerisTime: 5.0488188418391E8
stateCuriosity: -2.21555914093E8
stateCuriosity: -1.12326531029E8
stateCuriosity: -4.1518188207E7
stateCuriosity: 28.453
stateCuriosity: -15.356
stateCuriosity: -7.229
owltMSLEarth: 840.079
stateEarth: 2.21585770243E8
stateEarth: 1.12341669006E8
stateEarth: 4.1523782767E7
stateEarth: -28.466
stateEarth: 15.354
stateEarth: 7.229
owltEarthMSL: 840.192
positionEarthWRTCuriosity: 2.21585770243E8
positionEarthWRTCuriosity: 1.12341669006E8
positionEarthWRTCuriosity: 4.1523782767E7
owltEarthMSL2: 840.192
angSepHGAEarth: 133.305
utcTime: "2016-01-01~01:04:20"
sol: 1210

427726 [pool-4-thread-1] INFO space.exploration.mars.rover.kernel.SpacecraftClock  - Internal time::2016-01-01T01:04:21.240-06:00 sclk of::1/01210:04:45:46:38534
