2018-06-14 04:34:20,048 [batteryMonitor] INFO  space.exploration.mars.rover.power.BatteryMonitor - BatteryMonitor performing due diligence. SCET = 1528968858195 Rover state = Sleeping State
2018-06-14 04:34:20,051 [batteryMonitor] INFO  space.exploration.mars.rover.power.BatteryMonitor -  Battery primaryUnits = 889 auxiliaryPowerUnits = 100
2018-06-14 04:34:28,693 [roverGarbageCollector] INFO  space.exploration.mars.rover.diagnostics.RoverGarbageCollector - RoverGC trimming instructionQueue. Current length = 1
2018-06-14 04:34:28,694 [roverGarbageCollector] INFO  space.exploration.mars.rover.kernel.Rover - Trying to reflect rover state.Listening State Software Version - 2.0
2018-06-14 04:34:28,694 [roverGarbageCollector] INFO  space.exploration.mars.rover.kernel.ListeningState - timeStamp: 1528968860048
targets {
  roverModule: 6
  action: "Request Rover Logs"
  auxiliaryData: "\n\023yyyy-MM-dd~HH:mm:ss\022\0232018-06-14~04:34:20\032\0232018-06-14~00:00:00"
}

2018-06-14 04:34:34,704 [roverGarbageCollector] INFO  space.exploration.mars.rover.kernel.ListeningState - 1528968874704,6,Request Rover Logs Current instructionQueue length = 0
2018-06-14 04:34:34,704 [roverGarbageCollector] INFO  space.exploration.mars.rover.kernel.ListeningState - Requesting logs in date format = yyyy-MM-dd~HH:mm:ss
2018-06-14 04:34:34,704 [roverGarbageCollector] INFO  space.exploration.mars.rover.kernel.ListeningState - Start date = 2018-06-14~04:34:20 End date = 2018-06-14~00:00:00
2018-06-14 04:34:34,705 [roverGarbageCollector] INFO  space.exploration.mars.rover.kernel.Rover - Trying to reflect rover state.Transmitting State Software Version - 2.0
2018-06-14 04:34:40,719 [roverGarbageCollector] ERROR space.exploration.mars.rover.communication.Radio - Radio lifeSpan has ended.
2018-06-14 04:34:43,724 [roverGarbageCollector] INFO  space.exploration.mars.rover.kernel.Rover - Trying to reflect rover state.Listening State Software Version - 2.0
2018-06-14 04:34:48,195 [batteryMonitor] INFO  space.exploration.mars.rover.power.BatteryMonitor - BatteryMonitor performing due diligence. SCET = 1528968888195 Rover state = Listening State
2018-06-14 04:34:48,195 [batteryMonitor] INFO  space.exploration.mars.rover.power.BatteryMonitor -  Battery primaryUnits = 889 auxiliaryPowerUnits = 100
2018-06-14 04:35:18,195 [batteryMonitor] INFO  space.exploration.mars.rover.power.BatteryMonitor - BatteryMonitor performing due diligence. SCET = 1528968918195 Rover state = Listening State
2018-06-14 04:35:18,196 [batteryMonitor] INFO  space.exploration.mars.rover.power.BatteryMonitor -  Battery primaryUnits = 889 auxiliaryPowerUnits = 100
2018-06-14 04:35:18,736 [pacemaker] INFO  space.exploration.mars.rover.kernel.PositionSensor - Houston - this is curiosityActual.ephemerisTime: 5.16412988185284E8
stateCuriosity: -3.4102274675E7
stateCuriosity: -6.5280608244E7
stateCuriosity: -2.9348486379E7
stateCuriosity: -1.867
stateCuriosity: 6.709
stateCuriosity: 1.973
owltMSLEarth: 264.461
stateEarth: 3.4103081349E7
stateEarth: 6.5282152414E7
stateEarth: 2.9349180659E7
stateEarth: 1.864
stateEarth: -6.715
stateEarth: -1.976
owltEarthMSL: 264.467
positionEarthWRTCuriosity: 3.4103081349E7
positionEarthWRTCuriosity: 6.5282152414E7
positionEarthWRTCuriosity: 2.9349180659E7
owltEarthMSL2: 264.467
angSepHGAEarth: 127.668
utcTime: "2016-05-13~12:02:00"
sol: 1340
sclkValue: " 1/01340:02:01:34:50716"

2018-06-14 04:35:18,778 [pacemaker] INFO  space.exploration.mars.rover.kernel.PositionSensor - ephemerisTime: 5.16412988185284E8
stateCuriosity: -3.4102274675E7
stateCuriosity: -6.5280608244E7
stateCuriosity: -2.9348486379E7
stateCuriosity: -1.867
stateCuriosity: 6.709
stateCuriosity: 1.973
owltMSLEarth: 264.461
stateEarth: 3.4103081349E7
stateEarth: 6.5282152414E7
stateEarth: 2.9349180659E7
stateEarth: 1.864
stateEarth: -6.715
stateEarth: -1.976
owltEarthMSL: 264.467
positionEarthWRTCuriosity: 3.4103081349E7
positionEarthWRTCuriosity: 6.5282152414E7
positionEarthWRTCuriosity: 2.9349180659E7
owltEarthMSL2: 264.467
angSepHGAEarth: 127.668
utcTime: "2016-05-13~12:02:00"
sol: 1340
sclkValue: " 1/01340:02:01:34:50716"

2018-06-14 04:35:18,778 [pacemaker] INFO  space.exploration.mars.rover.kernel.SpacecraftClock - Internal time::2016-05-13T12:02:00.000-05:00 sclk of::1/01340:02:01:34:50716
2018-06-14 04:35:18,779 [pacemaker] INFO  space.exploration.mars.rover.kernel.Rover - Trying to reflect rover state.Transmitting State Software Version - 2.0
2018-06-14 04:35:24,786 [pacemaker] ERROR space.exploration.mars.rover.communication.Radio - Radio lifeSpan has ended.
2018-06-14 04:35:27,797 [pacemaker] INFO  space.exploration.mars.rover.kernel.Rover - Trying to reflect rover state.Listening State Software Version - 2.0
2018-06-14 04:35:48,195 [batteryMonitor] INFO  space.exploration.mars.rover.power.BatteryMonitor - BatteryMonitor performing due diligence. SCET = 1528968948195 Rover state = Listening State
2018-06-14 04:35:48,195 [batteryMonitor] INFO  space.exploration.mars.rover.power.BatteryMonitor -  Battery primaryUnits = 888 auxiliaryPowerUnits = 100
2018-06-14 04:36:18,195 [batteryMonitor] INFO  space.exploration.mars.rover.power.BatteryMonitor - BatteryMonitor performing due diligence. SCET = 1528968978195 Rover state = Listening State
2018-06-14 04:36:18,195 [batteryMonitor] INFO  space.exploration.mars.rover.power.BatteryMonitor -  Battery primaryUnits = 888 auxiliaryPowerUnits = 100
2018-06-14 04:36:18,733 [pacemaker] INFO  space.exploration.mars.rover.kernel.PositionSensor - Houston - this is curiosityActual.ephemerisTime: 5.16420188185282E8
stateCuriosity: -3.4115877775E7
stateCuriosity: -6.5232011312E7
stateCuriosity: -2.9334065599E7
stateCuriosity: -1.92
stateCuriosity: 6.785
stateCuriosity: 2.035
owltMSLEarth: 264.329
stateEarth: 3.4116665809E7
stateEarth: 6.5233518394E7
stateEarth: 2.9334743507E7
stateEarth: 1.918
stateEarth: -6.789
stateEarth: -2.037
owltEarthMSL: 264.335
positionEarthWRTCuriosity: 3.4116665809E7
positionEarthWRTCuriosity: 6.5233518394E7
positionEarthWRTCuriosity: 2.9334743507E7
owltEarthMSL2: 264.335
angSepHGAEarth: 113.005
utcTime: "2016-05-13~14:02:00"
sol: 1340
sclkValue: " 1/01340:03:58:21:86611"

2018-06-14 04:36:18,781 [pacemaker] INFO  space.exploration.mars.rover.kernel.PositionSensor - ephemerisTime: 5.16420188185282E8
stateCuriosity: -3.4115877775E7
stateCuriosity: -6.5232011312E7
stateCuriosity: -2.9334065599E7
stateCuriosity: -1.92
stateCuriosity: 6.785
stateCuriosity: 2.035
owltMSLEarth: 264.329
stateEarth: 3.4116665809E7
stateEarth: 6.5233518394E7
stateEarth: 2.9334743507E7
stateEarth: 1.918
stateEarth: -6.789
stateEarth: -2.037
owltEarthMSL: 264.335
positionEarthWRTCuriosity: 3.4116665809E7
positionEarthWRTCuriosity: 6.5233518394E7
positionEarthWRTCuriosity: 2.9334743507E7
owltEarthMSL2: 264.335
angSepHGAEarth: 113.005
utcTime: "2016-05-13~14:02:00"
sol: 1340
sclkValue: " 1/01340:03:58:21:86611"

2018-06-14 04:36:18,782 [pacemaker] INFO  space.exploration.mars.rover.kernel.SpacecraftClock - Internal time::2016-05-13T14:02:00.000-05:00 sclk of::1/01340:03:58:21:86611
2018-06-14 04:36:18,783 [pacemaker] INFO  space.exploration.mars.rover.kernel.Rover - Trying to reflect rover state.Transmitting State Software Version - 2.0
2018-06-14 04:36:24,791 [pacemaker] ERROR space.exploration.mars.rover.communication.Radio - Radio lifeSpan has ended.
2018-06-14 04:36:27,794 [pacemaker] INFO  space.exploration.mars.rover.kernel.Rover - Trying to reflect rover state.Listening State Software Version - 2.0
2018-06-14 04:36:30,653 [sleepMonitor] INFO  space.exploration.mars.rover.kernel.Rover - Trying to reflect rover state.Sleeping State Software Version - 2.0
2018-06-14 04:36:30,654 [sleepMonitor] INFO  space.exploration.mars.rover.animation.SleepingAnimationEngine - Rover is sleeping now
2018-06-14 04:36:48,195 [batteryMonitor] INFO  space.exploration.mars.rover.power.BatteryMonitor - BatteryMonitor performing due diligence. SCET = 1528969008195 Rover state = Sleeping State
2018-06-14 04:36:48,195 [batteryMonitor] INFO  space.exploration.mars.rover.power.BatteryMonitor -  Battery primaryUnits = 887 auxiliaryPowerUnits = 100
2018-06-14 04:37:18,195 [batteryMonitor] INFO  space.exploration.mars.rover.power.BatteryMonitor - BatteryMonitor performing due diligence. SCET = 1528969038195 Rover state = Sleeping State
2018-06-14 04:37:18,195 [batteryMonitor] INFO  space.exploration.mars.rover.power.BatteryMonitor -  Battery primaryUnits = 887 auxiliaryPowerUnits = 100
2018-06-14 04:37:18,692 [pacemaker] INFO  space.exploration.mars.rover.diagnostics.Pacemaker - Diagnostics inhibited because rover is sleeping to conserve battery Current instructionQueue length = 0
2018-06-14 04:37:48,195 [batteryMonitor] INFO  space.exploration.mars.rover.power.BatteryMonitor - BatteryMonitor performing due diligence. SCET = 1528969068195 Rover state = Sleeping State
2018-06-14 04:37:48,195 [batteryMonitor] INFO  space.exploration.mars.rover.power.BatteryMonitor -  Battery primaryUnits = 887 auxiliaryPowerUnits = 100
2018-06-14 04:38:18,195 [batteryMonitor] INFO  space.exploration.mars.rover.power.BatteryMonitor - BatteryMonitor performing due diligence. SCET = 1528969098195 Rover state = Sleeping State
2018-06-14 04:38:18,195 [batteryMonitor] INFO  space.exploration.mars.rover.power.BatteryMonitor -  Battery primaryUnits = 887 auxiliaryPowerUnits = 100
2018-06-14 04:38:18,692 [pacemaker] INFO  space.exploration.mars.rover.diagnostics.Pacemaker - Diagnostics inhibited because rover is sleeping to conserve battery Current instructionQueue length = 0
2018-06-14 04:38:48,195 [batteryMonitor] INFO  space.exploration.mars.rover.power.BatteryMonitor - BatteryMonitor performing due diligence. SCET = 1528969128195 Rover state = Sleeping State
2018-06-14 04:38:48,195 [batteryMonitor] INFO  space.exploration.mars.rover.power.BatteryMonitor -  Battery primaryUnits = 887 auxiliaryPowerUnits = 100
2018-06-14 04:39:18,195 [batteryMonitor] INFO  space.exploration.mars.rover.power.BatteryMonitor - BatteryMonitor performing due diligence. SCET = 1528969158195 Rover state = Sleeping State
2018-06-14 04:39:18,195 [batteryMonitor] INFO  space.exploration.mars.rover.power.BatteryMonitor -  Battery primaryUnits = 887 auxiliaryPowerUnits = 100
2018-06-14 04:39:18,692 [pacemaker] INFO  space.exploration.mars.rover.diagnostics.Pacemaker - Diagnostics inhibited because rover is sleeping to conserve battery Current instructionQueue length = 0
2018-06-14 04:39:48,195 [batteryMonitor] INFO  space.exploration.mars.rover.power.BatteryMonitor - BatteryMonitor performing due diligence. SCET = 1528969188195 Rover state = Sleeping State
2018-06-14 04:39:48,195 [batteryMonitor] INFO  space.exploration.mars.rover.power.BatteryMonitor -  Battery primaryUnits = 887 auxiliaryPowerUnits = 100
2018-06-14 04:39:53,368 [remsCalibrationKickOff] INFO  space.exploration.mars.rover.sensor.WeatherSensor - No weather data for sol = 1340
2018-06-14 04:40:18,195 [batteryMonitor] INFO  space.exploration.mars.rover.power.BatteryMonitor - BatteryMonitor performing due diligence. SCET = 1528969218195 Rover state = Sleeping State
2018-06-14 04:40:18,195 [batteryMonitor] INFO  space.exploration.mars.rover.power.BatteryMonitor -  Battery primaryUnits = 887 auxiliaryPowerUnits = 100
2018-06-14 04:40:18,692 [pacemaker] INFO  space.exploration.mars.rover.diagnostics.Pacemaker - Diagnostics inhibited because rover is sleeping to conserve battery Current instructionQueue length = 0
2018-06-14 04:40:48,195 [batteryMonitor] INFO  space.exploration.mars.rover.power.BatteryMonitor - BatteryMonitor performing due diligence. SCET = 1528969248195 Rover state = Sleeping State
2018-06-14 04:40:48,195 [batteryMonitor] INFO  space.exploration.mars.rover.power.BatteryMonitor -  Battery primaryUnits = 887 auxiliaryPowerUnits = 100
2018-06-14 04:41:18,195 [batteryMonitor] INFO  space.exploration.mars.rover.power.BatteryMonitor - BatteryMonitor performing due diligence. SCET = 1528969278195 Rover state = Sleeping State
2018-06-14 04:41:18,195 [batteryMonitor] INFO  space.exploration.mars.rover.power.BatteryMonitor -  Battery primaryUnits = 887 auxiliaryPowerUnits = 100
2018-06-14 04:41:18,692 [pacemaker] INFO  space.exploration.mars.rover.diagnostics.Pacemaker - Diagnostics inhibited because rover is sleeping to conserve battery Current instructionQueue length = 0
2018-06-14 04:41:30,653 [sleepMonitor] INFO  space.exploration.mars.rover.diagnostics.SleepMonitor - Awakening rover from slumber
2018-06-14 04:41:30,654 [sleepMonitor] INFO  space.exploration.mars.rover.kernel.Rover - Trying to reflect rover state.Sleeping State Software Version - 2.0
2018-06-14 04:41:30,656 [sleepMonitor] INFO  space.exploration.mars.rover.animation.SleepingAnimationEngine - Waking up rover
2018-06-14 04:41:30,657 [sleepBreather] INFO  space.exploration.mars.rover.animation.SleepBreather - Sleep animation interrupted.
2018-06-14 04:41:48,195 [batteryMonitor] INFO  space.exploration.mars.rover.power.BatteryMonitor - BatteryMonitor performing due diligence. SCET = 1528969308195 Rover state = Listening State
2018-06-14 04:41:48,195 [batteryMonitor] INFO  space.exploration.mars.rover.power.BatteryMonitor -  Battery primaryUnits = 887 auxiliaryPowerUnits = 100
2018-06-14 04:42:18,195 [batteryMonitor] INFO  space.exploration.mars.rover.power.BatteryMonitor - BatteryMonitor performing due diligence. SCET = 1528969338195 Rover state = Listening State
2018-06-14 04:42:18,195 [batteryMonitor] INFO  space.exploration.mars.rover.power.BatteryMonitor -  Battery primaryUnits = 887 auxiliaryPowerUnits = 100
2018-06-14 04:42:18,745 [pacemaker] INFO  space.exploration.mars.rover.kernel.PositionSensor - Houston - this is curiosityActual.ephemerisTime: 5.16463388185273E8
stateCuriosity: -3.4211638153E7
stateCuriosity: -6.494388297E7
stateCuriosity: -2.9242449454E7
stateCuriosity: -2.369
stateCuriosity: 6.368
stateCuriosity: 2.031
owltMSLEarth: 263.563
stateEarth: 3.4212418146E7
stateEarth: 6.4945362135E7
stateEarth: 2.9243115299E7
stateEarth: 2.369
stateEarth: -6.369
stateEarth: -2.032
owltEarthMSL: 263.569
positionEarthWRTCuriosity: 3.4212418146E7
positionEarthWRTCuriosity: 6.4945362135E7
positionEarthWRTCuriosity: 2.9243115299E7
owltEarthMSL2: 263.569
angSepHGAEarth: 50.794
utcTime: "2016-05-14~02:02:00"
sol: 1340
sclkValue: " 1/01340:15:39:06:01976"

2018-06-14 04:42:18,780 [pacemaker] INFO  space.exploration.mars.rover.kernel.PositionSensor - ephemerisTime: 5.16463388185273E8
stateCuriosity: -3.4211638153E7
stateCuriosity: -6.494388297E7
stateCuriosity: -2.9242449454E7
stateCuriosity: -2.369
stateCuriosity: 6.368
stateCuriosity: 2.031
owltMSLEarth: 263.563
stateEarth: 3.4212418146E7
stateEarth: 6.4945362135E7
stateEarth: 2.9243115299E7
stateEarth: 2.369
stateEarth: -6.369
stateEarth: -2.032
owltEarthMSL: 263.569
positionEarthWRTCuriosity: 3.4212418146E7
positionEarthWRTCuriosity: 6.4945362135E7
positionEarthWRTCuriosity: 2.9243115299E7
owltEarthMSL2: 263.569
angSepHGAEarth: 50.794
utcTime: "2016-05-14~02:02:00"
sol: 1340
sclkValue: " 1/01340:15:39:06:01976"

2018-06-14 04:42:18,781 [pacemaker] INFO  space.exploration.mars.rover.kernel.SpacecraftClock - Internal time::2016-05-14T02:02:00.000-05:00 sclk of::1/01340:15:39:06:01976
2018-06-14 04:42:18,782 [pacemaker] INFO  space.exploration.mars.rover.kernel.Rover - Trying to reflect rover state.Transmitting State Software Version - 2.0
2018-06-14 04:42:24,794 [pacemaker] ERROR space.exploration.mars.rover.communication.Radio - Radio lifeSpan has ended.
2018-06-14 04:42:27,799 [pacemaker] INFO  space.exploration.mars.rover.kernel.Rover - Trying to reflect rover state.Listening State Software Version - 2.0
2018-06-14 04:42:48,195 [batteryMonitor] INFO  space.exploration.mars.rover.power.BatteryMonitor - BatteryMonitor performing due diligence. SCET = 1528969368195 Rover state = Listening State
2018-06-14 04:42:48,195 [batteryMonitor] INFO  space.exploration.mars.rover.power.BatteryMonitor -  Battery primaryUnits = 886 auxiliaryPowerUnits = 100
2018-06-14 04:43:18,195 [batteryMonitor] INFO  space.exploration.mars.rover.power.BatteryMonitor - BatteryMonitor performing due diligence. SCET = 1528969398195 Rover state = Listening State
2018-06-14 04:43:18,195 [batteryMonitor] INFO  space.exploration.mars.rover.power.BatteryMonitor -  Battery primaryUnits = 886 auxiliaryPowerUnits = 100
2018-06-14 04:43:18,727 [pacemaker] INFO  space.exploration.mars.rover.kernel.PositionSensor - Houston - this is curiosityActual.ephemerisTime: 5.16470588185272E8
stateCuriosity: -3.4228491055E7
stateCuriosity: -6.4898329459E7
stateCuriosity: -2.9228113762E7
stateCuriosity: -2.306
stateCuriosity: 6.293
stateCuriosity: 1.951
owltMSLEarth: 263.445
stateEarth: 3.4229266591E7
stateEarth: 6.4899798301E7
stateEarth: 2.9228775009E7
stateEarth: 2.305
stateEarth: -6.296
stateEarth: -1.952
owltEarthMSL: 263.451
positionEarthWRTCuriosity: 3.4229266591E7
positionEarthWRTCuriosity: 6.4899798301E7
positionEarthWRTCuriosity: 2.9228775009E7
owltEarthMSL2: 263.451
angSepHGAEarth: 72.448
utcTime: "2016-05-14~04:02:00"
sol: 1340
sclkValue: " 1/01340:17:35:53:37870"

2018-06-14 04:43:18,762 [pacemaker] INFO  space.exploration.mars.rover.kernel.PositionSensor - ephemerisTime: 5.16470588185272E8
stateCuriosity: -3.4228491055E7
stateCuriosity: -6.4898329459E7
stateCuriosity: -2.9228113762E7
stateCuriosity: -2.306
stateCuriosity: 6.293
stateCuriosity: 1.951
owltMSLEarth: 263.445
stateEarth: 3.4229266591E7
stateEarth: 6.4899798301E7
stateEarth: 2.9228775009E7
stateEarth: 2.305
stateEarth: -6.296
stateEarth: -1.952
owltEarthMSL: 263.451
positionEarthWRTCuriosity: 3.4229266591E7
positionEarthWRTCuriosity: 6.4899798301E7
positionEarthWRTCuriosity: 2.9228775009E7
owltEarthMSL2: 263.451
angSepHGAEarth: 72.448
utcTime: "2016-05-14~04:02:00"
sol: 1340
sclkValue: " 1/01340:17:35:53:37870"

2018-06-14 04:43:18,763 [pacemaker] INFO  space.exploration.mars.rover.kernel.SpacecraftClock - Internal time::2016-05-14T04:02:00.000-05:00 sclk of::1/01340:17:35:53:37870
2018-06-14 04:43:18,763 [pacemaker] INFO  space.exploration.mars.rover.kernel.Rover - Trying to reflect rover state.Transmitting State Software Version - 2.0
2018-06-14 04:43:24,772 [pacemaker] ERROR space.exploration.mars.rover.communication.Radio - Radio lifeSpan has ended.
2018-06-14 04:43:27,777 [pacemaker] INFO  space.exploration.mars.rover.kernel.Rover - Trying to reflect rover state.Listening State Software Version - 2.0
2018-06-14 04:43:48,195 [batteryMonitor] INFO  space.exploration.mars.rover.power.BatteryMonitor - BatteryMonitor performing due diligence. SCET = 1528969428195 Rover state = Listening State
2018-06-14 04:43:48,195 [batteryMonitor] INFO  space.exploration.mars.rover.power.BatteryMonitor -  Battery primaryUnits = 885 auxiliaryPowerUnits = 100
2018-06-14 04:44:18,195 [batteryMonitor] INFO  space.exploration.mars.rover.power.BatteryMonitor - BatteryMonitor performing due diligence. SCET = 1528969458195 Rover state = Listening State
2018-06-14 04:44:18,195 [batteryMonitor] INFO  space.exploration.mars.rover.power.BatteryMonitor -  Battery primaryUnits = 885 auxiliaryPowerUnits = 100
2018-06-14 04:44:18,727 [pacemaker] INFO  space.exploration.mars.rover.kernel.PositionSensor - Houston - this is curiosityActual.ephemerisTime: 5.1647778818527E8
stateCuriosity: -3.42447816E7
stateCuriosity: -6.4853128283E7
stateCuriosity: -2.9214321923E7
stateCuriosity: -2.217
stateCuriosity: 6.272
stateCuriosity: 1.883
owltMSLEarth: 263.328
stateEarth: 3.4245545719E7
stateEarth: 6.4854573928E7
stateEarth: 2.9214972849E7
stateEarth: 2.214
stateEarth: -6.276
stateEarth: -1.885
owltEarthMSL: 263.334
positionEarthWRTCuriosity: 3.4245545719E7
positionEarthWRTCuriosity: 6.4854573928E7
positionEarthWRTCuriosity: 2.9214972849E7
owltEarthMSL2: 263.334
angSepHGAEarth: 94.628
utcTime: "2016-05-14~06:02:00"
sol: 1340
sclkValue: " 1/01340:19:32:40:73764"

2018-06-14 04:44:18,762 [pacemaker] INFO  space.exploration.mars.rover.kernel.PositionSensor - ephemerisTime: 5.1647778818527E8
stateCuriosity: -3.42447816E7
stateCuriosity: -6.4853128283E7
stateCuriosity: -2.9214321923E7
stateCuriosity: -2.217
stateCuriosity: 6.272
stateCuriosity: 1.883
owltMSLEarth: 263.328
stateEarth: 3.4245545719E7
stateEarth: 6.4854573928E7
stateEarth: 2.9214972849E7
stateEarth: 2.214
stateEarth: -6.276
stateEarth: -1.885
owltEarthMSL: 263.334
positionEarthWRTCuriosity: 3.4245545719E7
positionEarthWRTCuriosity: 6.4854573928E7
positionEarthWRTCuriosity: 2.9214972849E7
owltEarthMSL2: 263.334
angSepHGAEarth: 94.628
utcTime: "2016-05-14~06:02:00"
sol: 1340
sclkValue: " 1/01340:19:32:40:73764"

2018-06-14 04:44:18,763 [pacemaker] INFO  space.exploration.mars.rover.kernel.SpacecraftClock - Internal time::2016-05-14T06:02:00.000-05:00 sclk of::1/01340:19:32:40:73764
2018-06-14 04:44:18,763 [pacemaker] INFO  space.exploration.mars.rover.kernel.Rover - Trying to reflect rover state.Transmitting State Software Version - 2.0
2018-06-14 04:44:24,773 [pacemaker] ERROR space.exploration.mars.rover.communication.Radio - Radio lifeSpan has ended.
2018-06-14 04:44:27,778 [pacemaker] INFO  space.exploration.mars.rover.kernel.Rover - Trying to reflect rover state.Listening State Software Version - 2.0
2018-06-14 04:44:30,653 [sleepMonitor] INFO  space.exploration.mars.rover.kernel.Rover - Trying to reflect rover state.Sleeping State Software Version - 2.0
2018-06-14 04:44:30,654 [sleepMonitor] INFO  space.exploration.mars.rover.animation.SleepingAnimationEngine - Rover is sleeping now
2018-06-14 04:44:48,195 [batteryMonitor] INFO  space.exploration.mars.rover.power.BatteryMonitor - BatteryMonitor performing due diligence. SCET = 1528969488195 Rover state = Sleeping State
2018-06-14 04:44:48,196 [batteryMonitor] INFO  space.exploration.mars.rover.power.BatteryMonitor -  Battery primaryUnits = 884 auxiliaryPowerUnits = 100
2018-06-14 04:45:18,195 [batteryMonitor] INFO  space.exploration.mars.rover.power.BatteryMonitor - BatteryMonitor performing due diligence. SCET = 1528969518195 Rover state = Sleeping State
2018-06-14 04:45:18,195 [batteryMonitor] INFO  space.exploration.mars.rover.power.BatteryMonitor -  Battery primaryUnits = 884 auxiliaryPowerUnits = 100
2018-06-14 04:45:18,692 [pacemaker] INFO  space.exploration.mars.rover.diagnostics.Pacemaker - Diagnostics inhibited because rover is sleeping to conserve battery Current instructionQueue length = 0
2018-06-14 04:45:48,195 [batteryMonitor] INFO  space.exploration.mars.rover.power.BatteryMonitor - BatteryMonitor performing due diligence. SCET = 1528969548195 Rover state = Sleeping State
2018-06-14 04:45:48,195 [batteryMonitor] INFO  space.exploration.mars.rover.power.BatteryMonitor -  Battery primaryUnits = 884 auxiliaryPowerUnits = 100
2018-06-14 04:46:18,195 [batteryMonitor] INFO  space.exploration.mars.rover.power.BatteryMonitor - BatteryMonitor performing due diligence. SCET = 1528969578195 Rover state = Sleeping State
2018-06-14 04:46:18,195 [batteryMonitor] INFO  space.exploration.mars.rover.power.BatteryMonitor -  Battery primaryUnits = 884 auxiliaryPowerUnits = 100
2018-06-14 04:46:18,692 [pacemaker] INFO  space.exploration.mars.rover.diagnostics.Pacemaker - Diagnostics inhibited because rover is sleeping to conserve battery Current instructionQueue length = 0
2018-06-14 04:46:36,712 [spacecraftClock] INFO  space.exploration.mars.rover.sensor.DANSpectrometer - Commencing calibration for DAN Spectrometer for sol = 1341
2018-06-14 04:46:40,088 [spacecraftClock] INFO  space.exploration.mars.rover.service.ApxsDataService - ApxsSpectrometer configured successfully for sol = 1341
2018-06-14 04:46:48,195 [batteryMonitor] INFO  space.exploration.mars.rover.power.BatteryMonitor - BatteryMonitor performing due diligence. SCET = 1528969608195 Rover state = Sleeping State
2018-06-14 04:46:48,195 [batteryMonitor] INFO  space.exploration.mars.rover.power.BatteryMonitor -  Battery primaryUnits = 884 auxiliaryPowerUnits = 100
2018-06-14 04:46:48,693 [roverGarbageCollector] INFO  space.exploration.mars.rover.diagnostics.RoverGarbageCollector - RoverGC trimming instructionQueue. Current length = 1
2018-06-14 04:46:48,694 [roverGarbageCollector] INFO  space.exploration.mars.rover.kernel.Rover - Trying to reflect rover state.Listening State Software Version - 2.0
2018-06-14 04:46:48,695 [roverGarbageCollector] INFO  space.exploration.mars.rover.kernel.ListeningState - timeStamp: 1528969600089
targets {
  roverModule: 6
  action: "Request Rover Logs"
  auxiliaryData: "\n\023yyyy-MM-dd~HH:mm:ss\022\0232018-06-14~04:46:40\032\0232018-06-14~00:00:00"
}

2018-06-14 04:46:54,707 [roverGarbageCollector] INFO  space.exploration.mars.rover.kernel.ListeningState - 1528969614707,6,Request Rover Logs Current instructionQueue length = 0
2018-06-14 04:46:54,707 [roverGarbageCollector] INFO  space.exploration.mars.rover.kernel.ListeningState - Requesting logs in date format = yyyy-MM-dd~HH:mm:ss
2018-06-14 04:46:54,707 [roverGarbageCollector] INFO  space.exploration.mars.rover.kernel.ListeningState - Start date = 2018-06-14~04:46:40 End date = 2018-06-14~00:00:00
2018-06-14 04:46:54,708 [roverGarbageCollector] INFO  space.exploration.mars.rover.kernel.Rover - Trying to reflect rover state.Transmitting State Software Version - 2.0
2018-06-14 04:47:00,717 [roverGarbageCollector] ERROR space.exploration.mars.rover.communication.Radio - Radio lifeSpan has ended.
2018-06-14 04:47:03,722 [roverGarbageCollector] INFO  space.exploration.mars.rover.kernel.Rover - Trying to reflect rover state.Listening State Software Version - 2.0
