18650 [main] INFO org.apache.kafka.clients.producer.ProducerConfig  - ProducerConfig values: 
	metric.reporters = []
	metadata.max.age.ms = 300000
	reconnect.backoff.ms = 50
	sasl.kerberos.ticket.renew.window.factor = 0.8
	bootstrap.servers = [localhost:9092]
	ssl.keystore.type = JKS
	sasl.mechanism = GSSAPI
	max.block.ms = 60000
	interceptor.classes = null
	ssl.truststore.password = null
	client.id = 
	ssl.endpoint.identification.algorithm = null
	request.timeout.ms = 30000
	acks = 1
	receive.buffer.bytes = 32768
	ssl.truststore.type = JKS
	retries = 0
	ssl.truststore.location = null
	ssl.keystore.password = null
	send.buffer.bytes = 131072
	compression.type = none
	metadata.fetch.timeout.ms = 60000
	retry.backoff.ms = 100
	sasl.kerberos.kinit.cmd = /usr/bin/kinit
	buffer.memory = 33554432
	timeout.ms = 30000
	key.serializer = class org.apache.kafka.common.serialization.StringSerializer
	sasl.kerberos.service.name = null
	sasl.kerberos.ticket.renew.jitter = 0.05
	ssl.trustmanager.algorithm = PKIX
	block.on.buffer.full = false
	ssl.key.password = null
	sasl.kerberos.min.time.before.relogin = 60000
	connections.max.idle.ms = 540000
	max.in.flight.requests.per.connection = 5
	metrics.num.samples = 2
	ssl.protocol = TLS
	ssl.provider = null
	ssl.enabled.protocols = [TLSv1.2, TLSv1.1, TLSv1]
	batch.size = 16384
	ssl.keystore.location = null
	ssl.cipher.suites = null
	security.protocol = PLAINTEXT
	max.request.size = 1048576
	value.serializer = class org.apache.kafka.common.serialization.ByteArraySerializer
	ssl.keymanager.algorithm = SunX509
	metrics.sample.window.ms = 30000
	partitioner.class = class org.apache.kafka.clients.producer.internals.DefaultPartitioner
	linger.ms = 0

18717 [main] INFO org.apache.kafka.clients.producer.ProducerConfig  - ProducerConfig values: 
	metric.reporters = []
	metadata.max.age.ms = 300000
	reconnect.backoff.ms = 50
	sasl.kerberos.ticket.renew.window.factor = 0.8
	bootstrap.servers = [localhost:9092]
	ssl.keystore.type = JKS
	sasl.mechanism = GSSAPI
	max.block.ms = 60000
	interceptor.classes = null
	ssl.truststore.password = null
	client.id = producer-1
	ssl.endpoint.identification.algorithm = null
	request.timeout.ms = 30000
	acks = 1
	receive.buffer.bytes = 32768
	ssl.truststore.type = JKS
	retries = 0
	ssl.truststore.location = null
	ssl.keystore.password = null
	send.buffer.bytes = 131072
	compression.type = none
	metadata.fetch.timeout.ms = 60000
	retry.backoff.ms = 100
	sasl.kerberos.kinit.cmd = /usr/bin/kinit
	buffer.memory = 33554432
	timeout.ms = 30000
	key.serializer = class org.apache.kafka.common.serialization.StringSerializer
	sasl.kerberos.service.name = null
	sasl.kerberos.ticket.renew.jitter = 0.05
	ssl.trustmanager.algorithm = PKIX
	block.on.buffer.full = false
	ssl.key.password = null
	sasl.kerberos.min.time.before.relogin = 60000
	connections.max.idle.ms = 540000
	max.in.flight.requests.per.connection = 5
	metrics.num.samples = 2
	ssl.protocol = TLS
	ssl.provider = null
	ssl.enabled.protocols = [TLSv1.2, TLSv1.1, TLSv1]
	batch.size = 16384
	ssl.keystore.location = null
	ssl.cipher.suites = null
	security.protocol = PLAINTEXT
	max.request.size = 1048576
	value.serializer = class org.apache.kafka.common.serialization.ByteArraySerializer
	ssl.keymanager.algorithm = SunX509
	metrics.sample.window.ms = 30000
	partitioner.class = class org.apache.kafka.clients.producer.internals.DefaultPartitioner
	linger.ms = 0

18717 [main] WARN org.apache.kafka.clients.producer.ProducerConfig  - The configuration zookeeper.connect = localhost:2181 was supplied but isn't a known config.
18717 [main] WARN org.apache.kafka.clients.producer.ProducerConfig  - The configuration group.id = space.exploration.mars.newRover was supplied but isn't a known config.
18717 [main] WARN org.apache.kafka.clients.producer.ProducerConfig  - The configuration source.topic = earth_to_curiosity_3 was supplied but isn't a known config.
18717 [main] WARN org.apache.kafka.clients.producer.ProducerConfig  - The configuration auto.offset.reset = largest was supplied but isn't a known config.
18717 [main] WARN org.apache.kafka.clients.producer.ProducerConfig  - The configuration metadata.broker.list = localhost:9092 was supplied but isn't a known config.
18717 [main] WARN org.apache.kafka.clients.producer.ProducerConfig  - The configuration destination.topic = curiosity_to_earth_3 was supplied but isn't a known config.
18718 [main] INFO org.apache.kafka.common.utils.AppInfoParser  - Kafka version : 0.10.0.1
18718 [main] INFO org.apache.kafka.common.utils.AppInfoParser  - Kafka commitId : a7a17cdec9eaa6c5
18832 [main] INFO kafka.utils.VerifiableProperties  - Verifying properties
18848 [main] INFO kafka.utils.VerifiableProperties  - Property auto.offset.reset is overridden to largest
18849 [main] WARN kafka.utils.VerifiableProperties  - Property bootstrap.servers is not valid
18849 [main] WARN kafka.utils.VerifiableProperties  - Property destination.topic is not valid
18849 [main] INFO kafka.utils.VerifiableProperties  - Property group.id is overridden to space.exploration.mars.newRover
18849 [main] WARN kafka.utils.VerifiableProperties  - Property key.serializer is not valid
18849 [main] WARN kafka.utils.VerifiableProperties  - Property metadata.broker.list is not valid
18849 [main] WARN kafka.utils.VerifiableProperties  - Property source.topic is not valid
18849 [main] WARN kafka.utils.VerifiableProperties  - Property value.serializer is not valid
18849 [main] INFO kafka.utils.VerifiableProperties  - Property zookeeper.connect is overridden to localhost:2181
18873 [main] INFO kafka.consumer.ZookeeperConsumerConnector  - [space.exploration.mars.newRover_zion-mainframe-1508195922552-916f0457], Connecting to zookeeper instance at localhost:2181
18879 [ZkClient-EventThread-25-localhost:2181] INFO org.I0Itec.zkclient.ZkEventThread  - Starting ZkClient event thread.
18881 [main] INFO org.apache.zookeeper.ZooKeeper  - Client environment:zookeeper.version=3.4.6-1569965, built on 02/20/2014 09:09 GMT
18881 [main] INFO org.apache.zookeeper.ZooKeeper  - Client environment:host.name=zion-mainframe
18881 [main] INFO org.apache.zookeeper.ZooKeeper  - Client environment:java.version=1.8.0_131
18881 [main] INFO org.apache.zookeeper.ZooKeeper  - Client environment:java.vendor=Oracle Corporation
18881 [main] INFO org.apache.zookeeper.ZooKeeper  - Client environment:java.home=/usr/lib/jvm/java-8-openjdk-amd64/jre
18881 [main] INFO org.apache.zookeeper.ZooKeeper  - Client environment:java.class.path=target/mars.rover-0.0.1-SOLSHOT-shaded.jar
18881 [main] INFO org.apache.zookeeper.ZooKeeper  - Client environment:java.library.path=/usr/java/packages/lib/amd64:/usr/lib/x86_64-linux-gnu/jni:/lib/x86_64-linux-gnu:/usr/lib/x86_64-linux-gnu:/usr/lib/jni:/lib:/usr/lib
18881 [main] INFO org.apache.zookeeper.ZooKeeper  - Client environment:java.io.tmpdir=/tmp
18881 [main] INFO org.apache.zookeeper.ZooKeeper  - Client environment:java.compiler=<NA>
18881 [main] INFO org.apache.zookeeper.ZooKeeper  - Client environment:os.name=Linux
18882 [main] INFO org.apache.zookeeper.ZooKeeper  - Client environment:os.arch=amd64
18882 [main] INFO org.apache.zookeeper.ZooKeeper  - Client environment:os.version=4.10.0-37-generic
18882 [main] INFO org.apache.zookeeper.ZooKeeper  - Client environment:user.name=sanket
18882 [main] INFO org.apache.zookeeper.ZooKeeper  - Client environment:user.home=/home/sanket
18882 [main] INFO org.apache.zookeeper.ZooKeeper  - Client environment:user.dir=/home/sanket/Documents/workspace/MarsRover/mars.rover
18882 [main] INFO org.apache.zookeeper.ZooKeeper  - Initiating client connection, connectString=localhost:2181 sessionTimeout=6000 watcher=org.I0Itec.zkclient.ZkClient@5c6648b0
18888 [main] INFO org.I0Itec.zkclient.ZkClient  - Waiting for keeper state SyncConnected
18889 [main-SendThread(localhost:2181)] INFO org.apache.zookeeper.ClientCnxn  - Opening socket connection to server localhost/127.0.0.1:2181. Will not attempt to authenticate using SASL (unknown error)
18892 [main-SendThread(localhost:2181)] INFO org.apache.zookeeper.ClientCnxn  - Socket connection established to localhost/127.0.0.1:2181, initiating session
18897 [main-SendThread(localhost:2181)] INFO org.apache.zookeeper.ClientCnxn  - Session establishment complete on server localhost/127.0.0.1:2181, sessionid = 0x15f236c4b33000b, negotiated timeout = 6000
18898 [main-EventThread] INFO org.I0Itec.zkclient.ZkClient  - zookeeper state changed (SyncConnected)
18904 [main] INFO kafka.consumer.ZookeeperConsumerConnector  - [space.exploration.mars.newRover_zion-mainframe-1508195922552-916f0457], starting auto committer every 60000 ms
18920 [Thread-2] INFO kafka.consumer.ZookeeperConsumerConnector  - [space.exploration.mars.newRover_zion-mainframe-1508195922552-916f0457], begin registering consumer space.exploration.mars.newRover_zion-mainframe-1508195922552-916f0457 in ZK
18985 [Thread-2] INFO kafka.utils.ZKCheckedEphemeral  - Creating /consumers/space.exploration.mars.newRover/ids/space.exploration.mars.newRover_zion-mainframe-1508195922552-916f0457 (is it secure? false)
18992 [Thread-2] INFO kafka.utils.ZKCheckedEphemeral  - Result of znode creation is: OK
18993 [Thread-2] INFO kafka.consumer.ZookeeperConsumerConnector  - [space.exploration.mars.newRover_zion-mainframe-1508195922552-916f0457], end registering consumer space.exploration.mars.newRover_zion-mainframe-1508195922552-916f0457 in ZK
18997 [space.exploration.mars.newRover_zion-mainframe-1508195922552-916f0457_watcher_executor] INFO kafka.consumer.ZookeeperConsumerConnector  - [space.exploration.mars.newRover_zion-mainframe-1508195922552-916f0457], starting watcher executor thread for consumer space.exploration.mars.newRover_zion-mainframe-1508195922552-916f0457
19011 [Thread-2] INFO kafka.consumer.ZookeeperConsumerConnector  - [space.exploration.mars.newRover_zion-mainframe-1508195922552-916f0457], begin rebalancing consumer space.exploration.mars.newRover_zion-mainframe-1508195922552-916f0457 try #0
19084 [Thread-2] INFO kafka.consumer.ConsumerFetcherManager  - [ConsumerFetcherManager-1508195922582] Stopping leader finder thread
19084 [Thread-2] INFO kafka.consumer.ConsumerFetcherManager  - [ConsumerFetcherManager-1508195922582] Stopping all fetchers
19085 [Thread-2] INFO kafka.consumer.ConsumerFetcherManager  - [ConsumerFetcherManager-1508195922582] All connections stopped
19085 [Thread-2] INFO kafka.consumer.ZookeeperConsumerConnector  - [space.exploration.mars.newRover_zion-mainframe-1508195922552-916f0457], Cleared all relevant queues for this fetcher
19086 [Thread-2] INFO kafka.consumer.ZookeeperConsumerConnector  - [space.exploration.mars.newRover_zion-mainframe-1508195922552-916f0457], Cleared the data chunks in all the consumer message iterators
19086 [Thread-2] INFO kafka.consumer.ZookeeperConsumerConnector  - [space.exploration.mars.newRover_zion-mainframe-1508195922552-916f0457], Committing all offsets after clearing the fetcher queues
19087 [Thread-2] INFO kafka.consumer.ZookeeperConsumerConnector  - [space.exploration.mars.newRover_zion-mainframe-1508195922552-916f0457], Releasing partition ownership
19107 [Thread-2] INFO kafka.consumer.RangeAssignor  - Consumer space.exploration.mars.newRover_zion-mainframe-1508195922552-916f0457 rebalancing the following partitions: ArrayBuffer(0) for topic earth_to_curiosity_3 with consumers: List(space.exploration.mars.newRover_zion-mainframe-1508195922552-916f0457-0)
19108 [Thread-2] INFO kafka.consumer.RangeAssignor  - space.exploration.mars.newRover_zion-mainframe-1508195922552-916f0457-0 attempting to claim partition 0
19124 [Thread-2] INFO kafka.consumer.ZookeeperConsumerConnector  - [space.exploration.mars.newRover_zion-mainframe-1508195922552-916f0457], space.exploration.mars.newRover_zion-mainframe-1508195922552-916f0457-0 successfully owned partition 0 for topic earth_to_curiosity_3
19137 [Thread-2] INFO kafka.consumer.ZookeeperConsumerConnector  - [space.exploration.mars.newRover_zion-mainframe-1508195922552-916f0457], Consumer space.exploration.mars.newRover_zion-mainframe-1508195922552-916f0457 selected partitions : earth_to_curiosity_3:0: fetched offset = 80: consumed offset = 80
19138 [space.exploration.mars.newRover_zion-mainframe-1508195922552-916f0457-leader-finder-thread] INFO kafka.consumer.ConsumerFetcherManager$LeaderFinderThread  - [space.exploration.mars.newRover_zion-mainframe-1508195922552-916f0457-leader-finder-thread], Starting 
19139 [Thread-2] INFO kafka.consumer.ZookeeperConsumerConnector  - [space.exploration.mars.newRover_zion-mainframe-1508195922552-916f0457], end rebalancing consumer space.exploration.mars.newRover_zion-mainframe-1508195922552-916f0457 try #0
19152 [space.exploration.mars.newRover_zion-mainframe-1508195922552-916f0457-leader-finder-thread] INFO kafka.utils.VerifiableProperties  - Verifying properties
19152 [space.exploration.mars.newRover_zion-mainframe-1508195922552-916f0457-leader-finder-thread] INFO kafka.utils.VerifiableProperties  - Property client.id is overridden to space.exploration.mars.newRover
19152 [space.exploration.mars.newRover_zion-mainframe-1508195922552-916f0457-leader-finder-thread] INFO kafka.utils.VerifiableProperties  - Property metadata.broker.list is overridden to zion-mainframe:9092
19152 [space.exploration.mars.newRover_zion-mainframe-1508195922552-916f0457-leader-finder-thread] INFO kafka.utils.VerifiableProperties  - Property request.timeout.ms is overridden to 30000
19163 [space.exploration.mars.newRover_zion-mainframe-1508195922552-916f0457-leader-finder-thread] INFO kafka.client.ClientUtils$  - Fetching metadata from broker BrokerEndPoint(0,zion-mainframe,9092) with correlation id 0 for 1 topic(s) Set(earth_to_curiosity_3)
19167 [space.exploration.mars.newRover_zion-mainframe-1508195922552-916f0457-leader-finder-thread] INFO kafka.producer.SyncProducer  - Connected to zion-mainframe:9092 for producing
19175 [space.exploration.mars.newRover_zion-mainframe-1508195922552-916f0457-leader-finder-thread] INFO kafka.producer.SyncProducer  - Disconnecting from zion-mainframe:9092
19187 [ConsumerFetcherThread-space.exploration.mars.newRover_zion-mainframe-1508195922552-916f0457-0-0] INFO kafka.consumer.ConsumerFetcherThread  - [ConsumerFetcherThread-space.exploration.mars.newRover_zion-mainframe-1508195922552-916f0457-0-0], Starting 
19189 [space.exploration.mars.newRover_zion-mainframe-1508195922552-916f0457-leader-finder-thread] INFO kafka.consumer.ConsumerFetcherManager  - [ConsumerFetcherManager-1508195922582] Added fetcher for partitions ArrayBuffer([[earth_to_curiosity_3,0], initOffset 80 to broker BrokerEndPoint(0,zion-mainframe,9092)] )
35428 [pool-3-thread-1] INFO space.exploration.mars.rover.animation.SleepingAnimationEngine  - Rover is sleeping now
55989 [pool-2-thread-1] INFO space.exploration.mars.rover.diagnostics.Pacemaker  - Diagnostics inhibited because rover is sleeping to conserve battery Current instructionQueue length = 0
56992 [pool-3-thread-1] INFO space.exploration.mars.rover.diagnostics.SleepMonitor  - Awakening rover from slumber
56992 [pool-3-thread-1] INFO space.exploration.mars.rover.animation.SleepingAnimationEngine  - Waking up rover
206193 [Thread-2] INFO space.exploration.mars.rover.kernel.ListeningState  - 1508196109872,5,Explore Current instructionQueue length = 0
299173 [Thread-2] INFO space.exploration.mars.rover.kernel.ListeningState  - 1508196202852,10,MeasureWeather Current instructionQueue length = 0
299173 [Thread-2] INFO space.exploration.mars.rover.kernel.ListeningState  - Rover will try to get weather measurements - actual Curiosity Data
299173 [Thread-2] INFO space.exploration.mars.rover.kernel.WeatherSensingState  - Will get mars weather measurements
299427 [Thread-2] INFO space.exploration.mars.rover.sensor.WeatherSensor  - Response from weather service = 200
299427 [Thread-2] INFO space.exploration.mars.rover.sensor.WeatherSensor  - Content type is = text/html; charset=utf-8
419808 [Thread-2] INFO space.exploration.mars.rover.kernel.ListeningState  - 1508196323487,5,Explore Current instructionQueue length = 0
565335 [Thread-2] INFO space.exploration.mars.rover.kernel.ListeningState  - 1508196469014,10,MeasureWeather Current instructionQueue length = 0
565335 [Thread-2] INFO space.exploration.mars.rover.kernel.ListeningState  - Rover will try to get weather measurements - actual Curiosity Data
565335 [Thread-2] INFO space.exploration.mars.rover.kernel.WeatherSensingState  - Will get mars weather measurements
565535 [Thread-2] INFO space.exploration.mars.rover.sensor.WeatherSensor  - Response from weather service = 200
565535 [Thread-2] INFO space.exploration.mars.rover.sensor.WeatherSensor  - Content type is = text/html; charset=utf-8
674044 [Thread-2] INFO space.exploration.mars.rover.kernel.ListeningState  - 1508196577723,8,ClickCamera Current instructionQueue length = 0
797573 [Thread-2] INFO space.exploration.mars.rover.kernel.ListeningState  - 1508196701252,5,Explore Current instructionQueue length = 0
929596 [Thread-2] INFO space.exploration.mars.rover.kernel.ListeningState  - 1508196833275,10,MeasureWeather Current instructionQueue length = 0
929596 [Thread-2] INFO space.exploration.mars.rover.kernel.ListeningState  - Rover will try to get weather measurements - actual Curiosity Data
929596 [Thread-2] INFO space.exploration.mars.rover.kernel.WeatherSensingState  - Will get mars weather measurements
929853 [Thread-2] INFO space.exploration.mars.rover.sensor.WeatherSensor  - Response from weather service = 200
929853 [Thread-2] INFO space.exploration.mars.rover.sensor.WeatherSensor  - Content type is = text/html; charset=utf-8
1036510 [Thread-2] INFO space.exploration.mars.rover.kernel.ListeningState  - 1508196940189,0,ScanArea Current instructionQueue length = 0
1172313 [Thread-2] INFO space.exploration.mars.rover.kernel.ListeningState  - 1508197075992,9,PerformRadarScan Current instructionQueue length = 0
1288372 [Thread-2] INFO space.exploration.mars.rover.kernel.ListeningState  - 1508197192051,0,ScanArea Current instructionQueue length = 0
1412772 [Thread-2] INFO space.exploration.mars.rover.kernel.ListeningState  - 1508197316451,8,ClickCamera Current instructionQueue length = 0
1530446 [Thread-2] INFO space.exploration.mars.rover.kernel.ListeningState  - 1508197434125,8,ClickCamera Current instructionQueue length = 0
1651126 [Thread-2] INFO space.exploration.mars.rover.kernel.ListeningState  - 1508197554805,10,MeasureWeather Current instructionQueue length = 0
1651126 [Thread-2] INFO space.exploration.mars.rover.kernel.ListeningState  - Rover will try to get weather measurements - actual Curiosity Data
1651126 [Thread-2] INFO space.exploration.mars.rover.kernel.WeatherSensingState  - Will get mars weather measurements
1651360 [Thread-2] INFO space.exploration.mars.rover.sensor.WeatherSensor  - Response from weather service = 200
1651360 [Thread-2] INFO space.exploration.mars.rover.sensor.WeatherSensor  - Content type is = text/html; charset=utf-8
1771335 [Thread-2] INFO space.exploration.mars.rover.kernel.ListeningState  - 1508197675014,5,Explore Current instructionQueue length = 0
1891071 [Thread-2] INFO space.exploration.mars.rover.kernel.ListeningState  - 1508197794750,9,PerformRadarScan Current instructionQueue length = 0
2011392 [Thread-2] INFO space.exploration.mars.rover.kernel.ListeningState  - 1508197915071,9,PerformRadarScan Current instructionQueue length = 0
2150985 [Thread-2] INFO space.exploration.mars.rover.kernel.ListeningState  - 1508198054664,9,PerformRadarScan Current instructionQueue length = 0
2273309 [Thread-2] INFO space.exploration.mars.rover.kernel.ListeningState  - 1508198176988,9,PerformRadarScan Current instructionQueue length = 0
2372050 [Thread-2] INFO space.exploration.mars.rover.kernel.ListeningState  - 1508198275729,9,PerformRadarScan Current instructionQueue length = 0
2503053 [Thread-2] INFO space.exploration.mars.rover.kernel.ListeningState  - 1508198406732,0,ScanArea Current instructionQueue length = 0
2503054 [Thread-2] ERROR space.exploration.mars.rover.power.Battery  - Battery insufficient at time = 1508198406733 Power requested = 70 Critical = false
2503054 [Thread-2] ERROR space.exploration.mars.rover.kernel.ListeningState  - Going into hibernation from Listening state.
2527025 [pool-4-thread-1] INFO space.exploration.mars.rover.diagnostics.RoverGarbageCollector  - RoverGC trimming instructionQueue. Current length = 1
2533050 [pool-4-thread-1] INFO space.exploration.mars.rover.kernel.ListeningState  - 1508198436729,0,ScanArea Current instructionQueue length = 0
2533050 [pool-4-thread-1] ERROR space.exploration.mars.rover.power.Battery  - Battery insufficient at time = 1508198436729 Power requested = 70 Critical = false
2533050 [pool-4-thread-1] ERROR space.exploration.mars.rover.kernel.ListeningState  - Going into hibernation from Listening state.
2575989 [pool-2-thread-1] ERROR space.exploration.mars.rover.diagnostics.Pacemaker  - Diagnostics inhibited because rover is in hibernating state. Current instructionQueue length = 1
2608595 [pool-5-thread-1] INFO space.exploration.mars.rover.power.BatteryMonitor  - Battery Monitor restoring the rover to normal after recharge
2632919 [Thread-2] INFO space.exploration.mars.rover.kernel.ListeningState  - 1508198536598,10,MeasureWeather Current instructionQueue length = 1
2632919 [Thread-2] INFO space.exploration.mars.rover.kernel.ListeningState  - Rover will try to get weather measurements - actual Curiosity Data
2632920 [Thread-2] INFO space.exploration.mars.rover.kernel.WeatherSensingState  - Will get mars weather measurements
2633120 [Thread-2] INFO space.exploration.mars.rover.sensor.WeatherSensor  - Response from weather service = 200
2633120 [Thread-2] INFO space.exploration.mars.rover.sensor.WeatherSensor  - Content type is = text/html; charset=utf-8
2658424 [pool-4-thread-1] INFO space.exploration.mars.rover.diagnostics.RoverGarbageCollector  - RoverGC trimming instructionQueue. Current length = 1
2664447 [pool-4-thread-1] INFO space.exploration.mars.rover.kernel.ListeningState  - 1508198568126,0,ScanArea Current instructionQueue length = 0
2730562 [Thread-2] INFO space.exploration.mars.rover.kernel.ListeningState  - 1508198634241,10,MeasureWeather Current instructionQueue length = 0
2730563 [Thread-2] INFO space.exploration.mars.rover.kernel.ListeningState  - Rover will try to get weather measurements - actual Curiosity Data
2730563 [Thread-2] INFO space.exploration.mars.rover.kernel.WeatherSensingState  - Will get mars weather measurements
2730760 [Thread-2] INFO space.exploration.mars.rover.sensor.WeatherSensor  - Response from weather service = 200
2730760 [Thread-2] INFO space.exploration.mars.rover.sensor.WeatherSensor  - Content type is = text/html; charset=utf-8
2857141 [Thread-2] INFO space.exploration.mars.rover.kernel.ListeningState  - 1508198760820,1,Move Current instructionQueue length = 0
2857194 [Thread-2] INFO space.exploration.mars.rover.sensor.TelemetrySensor  - Telemetry relay commenced.
2874367 [Thread-2] INFO space.exploration.mars.rover.sensor.TelemetrySensor  - Telemetry relay stopped, number of telemetryDataPoints = 40
2989748 [Thread-2] INFO space.exploration.mars.rover.kernel.ListeningState  - 1508198893427,9,PerformRadarScan Current instructionQueue length = 0
3115247 [Thread-2] INFO space.exploration.mars.rover.kernel.ListeningState  - 1508199018926,8,ClickCamera Current instructionQueue length = 0
3249968 [Thread-2] INFO space.exploration.mars.rover.kernel.ListeningState  - 1508199153647,0,ScanArea Current instructionQueue length = 0
3295363 [pool-3-thread-1] INFO space.exploration.mars.rover.animation.SleepingAnimationEngine  - Rover is sleeping now
3358010 [Thread-2] INFO space.exploration.mars.rover.kernel.ListeningState  - 1508199261689,10,MeasureWeather Current instructionQueue length = 0
3358010 [Thread-2] INFO space.exploration.mars.rover.kernel.ListeningState  - Rover will try to get weather measurements - actual Curiosity Data
3358010 [Thread-2] INFO space.exploration.mars.rover.kernel.WeatherSensingState  - Will get mars weather measurements
3358210 [Thread-2] INFO space.exploration.mars.rover.sensor.WeatherSensor  - Response from weather service = 200
3358211 [Thread-2] INFO space.exploration.mars.rover.sensor.WeatherSensor  - Content type is = text/html; charset=utf-8
3471193 [Thread-2] INFO space.exploration.mars.rover.kernel.ListeningState  - 1508199374872,1,Move Current instructionQueue length = 0
3471253 [Thread-2] INFO space.exploration.mars.rover.sensor.TelemetrySensor  - Telemetry relay commenced.
3494784 [Thread-2] INFO space.exploration.mars.rover.sensor.TelemetrySensor  - Telemetry relay stopped, number of telemetryDataPoints = 55
3581758 [Thread-2] INFO space.exploration.mars.rover.kernel.ListeningState  - 1508199485437,1,Move Current instructionQueue length = 0
3581775 [Thread-2] ERROR space.exploration.mars.rover.power.Battery  - Battery insufficient at time = 1508199485454 Power requested = 290 Critical = false
3581775 [Thread-2] ERROR space.exploration.mars.rover.kernel.MovingState  - Propulsion unavailable due to insufficient battery. Sending the rover into hibernating state. Will attempt to restore propulsion upon battery recharge.
3595989 [pool-2-thread-1] ERROR space.exploration.mars.rover.diagnostics.Pacemaker  - Diagnostics inhibited because rover is in hibernating state. Current instructionQueue length = 1
3655989 [pool-2-thread-1] ERROR space.exploration.mars.rover.diagnostics.Pacemaker  - Diagnostics inhibited because rover is in hibernating state. Current instructionQueue length = 1
3670597 [pool-8-thread-1] INFO space.exploration.mars.rover.power.BatteryMonitor  - Battery Monitor restoring the rover to normal after recharge
3698409 [pool-4-thread-1] INFO space.exploration.mars.rover.diagnostics.RoverGarbageCollector  - RoverGC trimming instructionQueue. Current length = 1
3704432 [pool-4-thread-1] INFO space.exploration.mars.rover.kernel.ListeningState  - 1508199608111,1,Move Current instructionQueue length = 0
3704492 [pool-4-thread-1] INFO space.exploration.mars.rover.sensor.TelemetrySensor  - Telemetry relay commenced.
3734486 [pool-4-thread-1] INFO space.exploration.mars.rover.sensor.TelemetrySensor  - Telemetry relay stopped, number of telemetryDataPoints = 70
3773509 [Thread-2] INFO space.exploration.mars.rover.kernel.ListeningState  - 1508199677188,5,Explore Current instructionQueue length = 0
3845859 [Thread-2] INFO space.exploration.mars.rover.kernel.ListeningState  - 1508199749538,1,Move Current instructionQueue length = 0
3845936 [Thread-2] INFO space.exploration.mars.rover.sensor.TelemetrySensor  - Telemetry relay commenced.
3883408 [Thread-2] INFO space.exploration.mars.rover.sensor.TelemetrySensor  - Telemetry relay stopped, number of telemetryDataPoints = 88
3968188 [Thread-2] INFO space.exploration.mars.rover.kernel.ListeningState  - 1508199871867,8,ClickCamera Current instructionQueue length = 0
4039315 [pool-3-thread-1] INFO space.exploration.mars.rover.animation.SleepingAnimationEngine  - Rover is sleeping now
4039315 [pool-2-thread-1] INFO space.exploration.mars.rover.diagnostics.Pacemaker  - Diagnostics inhibited because rover is sleeping to conserve battery Current instructionQueue length = 0
4039319 [pool-2-thread-1] INFO space.exploration.mars.rover.diagnostics.Pacemaker  - Diagnostics inhibited because rover is sleeping to conserve battery Current instructionQueue length = 0
4075175 [Thread-2] INFO space.exploration.mars.rover.kernel.SleepingState  - Awaking from sleeping state
4075175 [Thread-2] INFO space.exploration.mars.rover.animation.SleepingAnimationEngine  - Waking up rover
4084200 [Thread-2] INFO space.exploration.mars.rover.kernel.ListeningState  - 1508199987879,8,ClickCamera Current instructionQueue length = 0
4215446 [Thread-2] INFO space.exploration.mars.rover.kernel.ListeningState  - 1508200119125,1,Move Current instructionQueue length = 0
4215509 [Thread-2] INFO space.exploration.mars.rover.sensor.TelemetrySensor  - Telemetry relay commenced.
4240104 [Thread-2] INFO space.exploration.mars.rover.sensor.TelemetrySensor  - Telemetry relay stopped, number of telemetryDataPoints = 58
4312286 [Thread-2] INFO space.exploration.mars.rover.kernel.ListeningState  - 1508200215965,0,ScanArea Current instructionQueue length = 0
4437658 [Thread-2] INFO space.exploration.mars.rover.kernel.ListeningState  - 1508200341337,10,MeasureWeather Current instructionQueue length = 0
4437658 [Thread-2] INFO space.exploration.mars.rover.kernel.ListeningState  - Rover will try to get weather measurements - actual Curiosity Data
4437658 [Thread-2] INFO space.exploration.mars.rover.kernel.WeatherSensingState  - Will get mars weather measurements
4437909 [Thread-2] INFO space.exploration.mars.rover.sensor.WeatherSensor  - Response from weather service = 200
4437909 [Thread-2] INFO space.exploration.mars.rover.sensor.WeatherSensor  - Content type is = text/html; charset=utf-8
4558063 [Thread-2] INFO space.exploration.mars.rover.kernel.ListeningState  - 1508200461742,10,MeasureWeather Current instructionQueue length = 0
4558063 [Thread-2] INFO space.exploration.mars.rover.kernel.ListeningState  - Rover will try to get weather measurements - actual Curiosity Data
4558063 [Thread-2] INFO space.exploration.mars.rover.kernel.WeatherSensingState  - Will get mars weather measurements
4558298 [Thread-2] INFO space.exploration.mars.rover.sensor.WeatherSensor  - Response from weather service = 200
4558299 [Thread-2] INFO space.exploration.mars.rover.sensor.WeatherSensor  - Content type is = text/html; charset=utf-8
4707708 [Thread-2] INFO space.exploration.mars.rover.kernel.ListeningState  - 1508200611387,8,ClickCamera Current instructionQueue length = 0
4815467 [Thread-2] INFO space.exploration.mars.rover.kernel.ListeningState  - 1508200719146,10,MeasureWeather Current instructionQueue length = 0
4815468 [Thread-2] INFO space.exploration.mars.rover.kernel.ListeningState  - Rover will try to get weather measurements - actual Curiosity Data
4815468 [Thread-2] INFO space.exploration.mars.rover.kernel.WeatherSensingState  - Will get mars weather measurements
4815740 [Thread-2] INFO space.exploration.mars.rover.sensor.WeatherSensor  - Response from weather service = 200
4815740 [Thread-2] INFO space.exploration.mars.rover.sensor.WeatherSensor  - Content type is = text/html; charset=utf-8
4938941 [Thread-2] INFO space.exploration.mars.rover.kernel.ListeningState  - 1508200842620,9,PerformRadarScan Current instructionQueue length = 0
5063518 [Thread-2] INFO space.exploration.mars.rover.kernel.ListeningState  - 1508200967197,1,Move Current instructionQueue length = 0
5063541 [Thread-2] ERROR space.exploration.mars.rover.power.Battery  - Battery insufficient at time = 1508200967219 Power requested = 360 Critical = false
5063541 [Thread-2] ERROR space.exploration.mars.rover.kernel.MovingState  - Propulsion unavailable due to insufficient battery. Sending the rover into hibernating state. Will attempt to restore propulsion upon battery recharge.
5095989 [pool-2-thread-1] ERROR space.exploration.mars.rover.diagnostics.Pacemaker  - Diagnostics inhibited because rover is in hibernating state. Current instructionQueue length = 1
5152598 [pool-10-thread-1] INFO space.exploration.mars.rover.power.BatteryMonitor  - Battery Monitor restoring the rover to normal after recharge
5171361 [pool-4-thread-1] INFO space.exploration.mars.rover.diagnostics.RoverGarbageCollector  - RoverGC trimming instructionQueue. Current length = 1
5177385 [Thread-2] INFO space.exploration.mars.rover.kernel.ListeningState  - 1508201081064,0,ScanArea Current instructionQueue length = 1
5218946 [pool-4-thread-1] INFO space.exploration.mars.rover.kernel.ListeningState  - 1508201122625,1,Move Current instructionQueue length = 0
5219012 [pool-4-thread-1] INFO space.exploration.mars.rover.sensor.TelemetrySensor  - Telemetry relay commenced.
5256490 [pool-4-thread-1] INFO space.exploration.mars.rover.sensor.TelemetrySensor  - Telemetry relay stopped, number of telemetryDataPoints = 88
5305692 [Thread-2] INFO space.exploration.mars.rover.kernel.ListeningState  - 1508201209371,0,ScanArea Current instructionQueue length = 0
5421348 [Thread-2] INFO space.exploration.mars.rover.kernel.ListeningState  - 1508201325027,0,ScanArea Current instructionQueue length = 0
5541450 [Thread-2] INFO space.exploration.mars.rover.kernel.ListeningState  - 1508201445129,8,ClickCamera Current instructionQueue length = 0
5665671 [Thread-2] INFO space.exploration.mars.rover.kernel.ListeningState  - 1508201569350,5,Explore Current instructionQueue length = 0
5790241 [Thread-2] INFO space.exploration.mars.rover.kernel.ListeningState  - 1508201693920,1,Move Current instructionQueue length = 0
5790285 [Thread-2] INFO space.exploration.mars.rover.sensor.TelemetrySensor  - Telemetry relay commenced.
5794521 [Thread-2] INFO space.exploration.mars.rover.sensor.TelemetrySensor  - Telemetry relay stopped, number of telemetryDataPoints = 10
5910607 [Thread-2] INFO space.exploration.mars.rover.kernel.ListeningState  - 1508201814286,8,ClickCamera Current instructionQueue length = 0
6024857 [Thread-2] INFO space.exploration.mars.rover.kernel.ListeningState  - 1508201928536,10,MeasureWeather Current instructionQueue length = 0
6024857 [Thread-2] INFO space.exploration.mars.rover.kernel.ListeningState  - Rover will try to get weather measurements - actual Curiosity Data
6024857 [Thread-2] INFO space.exploration.mars.rover.kernel.WeatherSensingState  - Will get mars weather measurements
6025062 [Thread-2] INFO space.exploration.mars.rover.sensor.WeatherSensor  - Response from weather service = 200
6025062 [Thread-2] INFO space.exploration.mars.rover.sensor.WeatherSensor  - Content type is = text/html; charset=utf-8
6142209 [Thread-2] INFO space.exploration.mars.rover.kernel.ListeningState  - 1508202045888,9,PerformRadarScan Current instructionQueue length = 0
6261230 [Thread-2] INFO space.exploration.mars.rover.kernel.ListeningState  - 1508202164909,1,Move Current instructionQueue length = 0
6261275 [Thread-2] INFO space.exploration.mars.rover.sensor.TelemetrySensor  - Telemetry relay commenced.
6269813 [Thread-2] INFO space.exploration.mars.rover.sensor.TelemetrySensor  - Telemetry relay stopped, number of telemetryDataPoints = 20
6380568 [Thread-2] INFO space.exploration.mars.rover.kernel.ListeningState  - 1508202284247,10,MeasureWeather Current instructionQueue length = 0
6380568 [Thread-2] INFO space.exploration.mars.rover.kernel.ListeningState  - Rover will try to get weather measurements - actual Curiosity Data
6380568 [Thread-2] INFO space.exploration.mars.rover.kernel.WeatherSensingState  - Will get mars weather measurements
6380804 [Thread-2] INFO space.exploration.mars.rover.sensor.WeatherSensor  - Response from weather service = 200
6380805 [Thread-2] INFO space.exploration.mars.rover.sensor.WeatherSensor  - Content type is = text/html; charset=utf-8
6511070 [Thread-2] INFO space.exploration.mars.rover.kernel.ListeningState  - 1508202414749,8,ClickCamera Current instructionQueue length = 0
6630692 [Thread-2] INFO space.exploration.mars.rover.kernel.ListeningState  - 1508202534371,5,Explore Current instructionQueue length = 0
6750646 [Thread-2] INFO space.exploration.mars.rover.kernel.ListeningState  - 1508202654325,9,PerformRadarScan Current instructionQueue length = 0
6874187 [Thread-2] INFO space.exploration.mars.rover.kernel.ListeningState  - 1508202777866,8,ClickCamera Current instructionQueue length = 0
6990010 [Thread-2] INFO space.exploration.mars.rover.kernel.ListeningState  - 1508202893689,0,ScanArea Current instructionQueue length = 0
7112807 [Thread-2] INFO space.exploration.mars.rover.kernel.ListeningState  - 1508203016486,0,ScanArea Current instructionQueue length = 0
7112807 [Thread-2] ERROR space.exploration.mars.rover.power.Battery  - Battery insufficient at time = 1508203016486 Power requested = 70 Critical = false
7112807 [Thread-2] ERROR space.exploration.mars.rover.kernel.ListeningState  - Going into hibernation from Listening state.
7135989 [pool-2-thread-1] ERROR space.exploration.mars.rover.diagnostics.Pacemaker  - Diagnostics inhibited because rover is in hibernating state. Current instructionQueue length = 1
7174599 [pool-12-thread-1] INFO space.exploration.mars.rover.power.BatteryMonitor  - Battery Monitor restoring the rover to normal after recharge
7201361 [pool-4-thread-1] INFO space.exploration.mars.rover.diagnostics.RoverGarbageCollector  - RoverGC trimming instructionQueue. Current length = 1
7207383 [pool-4-thread-1] INFO space.exploration.mars.rover.kernel.ListeningState  - 1508203111062,0,ScanArea Current instructionQueue length = 0
7241514 [Thread-2] INFO space.exploration.mars.rover.kernel.ListeningState  - 1508203145193,5,Explore Current instructionQueue length = 0
