2017-12-22 18:10:08,815 [main] INFO space.exploration.mars.rover.kernel.SpacecraftClock  - Valid utc time ranges are dictated by clockService as follows:
2017-12-22 18:10:08,817 [main] INFO space.exploration.mars.rover.kernel.SpacecraftClock  - APPLICABLE_START_TIME=2000-001T11:58:55.816, APPLICABLE_STOP_TIME=2017-360T19:17:40.149
2017-12-22 18:10:08,817 [main] INFO space.exploration.mars.rover.kernel.SpacecraftClock  - Given UTC = 2016-08-26~17:49:00
2017-12-22 18:10:08,817 [main] INFO space.exploration.mars.rover.kernel.SpacecraftClock  - Please ensure that positionSensor and sclk are synchronized
2017-12-22 18:10:08,834 [main] INFO space.exploration.mars.rover.kernel.SpacecraftClock  - Curiosity internal spacecraft clock started at :: 2016-08-26T22:49:00.000Z
2017-12-22 18:10:08,834 [main] INFO space.exploration.mars.rover.kernel.SpacecraftClock  - Mission duration is set to :: 1 year(s).
2017-12-22 18:10:08,834 [main] INFO space.exploration.mars.rover.kernel.SpacecraftClock  - Mission duration = 31536000000
2017-12-22 18:10:13,034 [main] INFO space.exploration.mars.rover.diagnostics.RoverGarbageCollector  - Starting garbageCollection
2017-12-22 18:10:15,035 [main] INFO space.exploration.mars.rover.kernel.Rover  - Rover current position is = java.awt.Point[x=525,y=100]
2017-12-22 18:10:16,036 [main] INFO space.exploration.mars.rover.sensor.Lidar  - Lidar initialized and ready!
2017-12-22 18:10:17,038 [main] INFO space.exploration.mars.rover.sensor.ApxsSpectrometer  - Spectrometer initialized and ready!
2017-12-22 18:10:18,280 [main] INFO space.exploration.mars.rover.sensor.Camera  - Camera initialized and ready!
2017-12-22 18:10:19,282 [main] INFO space.exploration.mars.rover.sensor.Radar  - Radar configured:: 
2017-12-22 18:10:20,561 [main] INFO space.exploration.mars.rover.power.Battery  - Battery configured, batteryLife:primaryPowerUnits = 1200 auxiliaryPowerUnits = 100 alertThreshold: 100 rechargeTime = 60000
2017-12-22 18:10:21,566 [main] INFO space.exploration.mars.rover.kernel.Rover  - Battery Monitor configured!
2017-12-22 18:10:21,602 [main] INFO org.apache.kafka.clients.producer.ProducerConfig  - ProducerConfig values: 
	metric.reporters = []
	metadata.max.age.ms = 300000
	reconnect.backoff.ms = 50
	sasl.kerberos.ticket.renew.window.factor = 0.8
	bootstrap.servers = [localhost:9092]
	ssl.keystore.type = JKS
	sasl.mechanism = GSSAPI
	max.block.ms = 60000
	interceptor.classes = null
	ssl.truststore.password = null
	client.id = 
	ssl.endpoint.identification.algorithm = null
	request.timeout.ms = 30000
	acks = 1
	receive.buffer.bytes = 32768
	ssl.truststore.type = JKS
	retries = 0
	ssl.truststore.location = null
	ssl.keystore.password = null
	send.buffer.bytes = 131072
	compression.type = none
	metadata.fetch.timeout.ms = 60000
	retry.backoff.ms = 100
	sasl.kerberos.kinit.cmd = /usr/bin/kinit
	buffer.memory = 33554432
	timeout.ms = 30000
	key.serializer = class org.apache.kafka.common.serialization.StringSerializer
	sasl.kerberos.service.name = null
	sasl.kerberos.ticket.renew.jitter = 0.05
	ssl.trustmanager.algorithm = PKIX
	block.on.buffer.full = false
	ssl.key.password = null
	sasl.kerberos.min.time.before.relogin = 60000
	connections.max.idle.ms = 540000
	max.in.flight.requests.per.connection = 5
	metrics.num.samples = 2
	ssl.protocol = TLS
	ssl.provider = null
	ssl.enabled.protocols = [TLSv1.2, TLSv1.1, TLSv1]
	batch.size = 16384
	ssl.keystore.location = null
	ssl.cipher.suites = null
	security.protocol = PLAINTEXT
	max.request.size = 1048576
	value.serializer = class org.apache.kafka.common.serialization.ByteArraySerializer
	ssl.keymanager.algorithm = SunX509
	metrics.sample.window.ms = 30000
	partitioner.class = class org.apache.kafka.clients.producer.internals.DefaultPartitioner
	linger.ms = 0

2017-12-22 18:10:21,746 [main] INFO org.apache.kafka.clients.producer.ProducerConfig  - ProducerConfig values: 
	metric.reporters = []
	metadata.max.age.ms = 300000
	reconnect.backoff.ms = 50
	sasl.kerberos.ticket.renew.window.factor = 0.8
	bootstrap.servers = [localhost:9092]
	ssl.keystore.type = JKS
	sasl.mechanism = GSSAPI
	max.block.ms = 60000
	interceptor.classes = null
	ssl.truststore.password = null
	client.id = producer-1
	ssl.endpoint.identification.algorithm = null
	request.timeout.ms = 30000
	acks = 1
	receive.buffer.bytes = 32768
	ssl.truststore.type = JKS
	retries = 0
	ssl.truststore.location = null
	ssl.keystore.password = null
	send.buffer.bytes = 131072
	compression.type = none
	metadata.fetch.timeout.ms = 60000
	retry.backoff.ms = 100
	sasl.kerberos.kinit.cmd = /usr/bin/kinit
	buffer.memory = 33554432
	timeout.ms = 30000
	key.serializer = class org.apache.kafka.common.serialization.StringSerializer
	sasl.kerberos.service.name = null
	sasl.kerberos.ticket.renew.jitter = 0.05
	ssl.trustmanager.algorithm = PKIX
	block.on.buffer.full = false
	ssl.key.password = null
	sasl.kerberos.min.time.before.relogin = 60000
	connections.max.idle.ms = 540000
	max.in.flight.requests.per.connection = 5
	metrics.num.samples = 2
	ssl.protocol = TLS
	ssl.provider = null
	ssl.enabled.protocols = [TLSv1.2, TLSv1.1, TLSv1]
	batch.size = 16384
	ssl.keystore.location = null
	ssl.cipher.suites = null
	security.protocol = PLAINTEXT
	max.request.size = 1048576
	value.serializer = class org.apache.kafka.common.serialization.ByteArraySerializer
	ssl.keymanager.algorithm = SunX509
	metrics.sample.window.ms = 30000
	partitioner.class = class org.apache.kafka.clients.producer.internals.DefaultPartitioner
	linger.ms = 0

2017-12-22 18:10:21,747 [main] WARN org.apache.kafka.clients.producer.ProducerConfig  - The configuration zookeeper.connect = localhost:2181 was supplied but isn't a known config.
2017-12-22 18:10:21,747 [main] WARN org.apache.kafka.clients.producer.ProducerConfig  - The configuration group.id = space.exploration.mars.rover.curiosity.1513987807636 was supplied but isn't a known config.
2017-12-22 18:10:21,747 [main] WARN org.apache.kafka.clients.producer.ProducerConfig  - The configuration source.topic = earth_to_curiosity_5 was supplied but isn't a known config.
2017-12-22 18:10:21,747 [main] WARN org.apache.kafka.clients.producer.ProducerConfig  - The configuration auto.offset.reset = largest was supplied but isn't a known config.
2017-12-22 18:10:21,747 [main] WARN org.apache.kafka.clients.producer.ProducerConfig  - The configuration metadata.broker.list = localhost:9092 was supplied but isn't a known config.
2017-12-22 18:10:21,747 [main] WARN org.apache.kafka.clients.producer.ProducerConfig  - The configuration destination.topic = curiosity_to_earth_5 was supplied but isn't a known config.
2017-12-22 18:10:21,748 [main] INFO org.apache.kafka.common.utils.AppInfoParser  - Kafka version : 0.10.0.1
2017-12-22 18:10:21,748 [main] INFO org.apache.kafka.common.utils.AppInfoParser  - Kafka commitId : a7a17cdec9eaa6c5
2017-12-22 18:10:21,918 [main] INFO kafka.utils.VerifiableProperties  - Verifying properties
2017-12-22 18:10:21,950 [main] INFO kafka.utils.VerifiableProperties  - Property auto.offset.reset is overridden to largest
2017-12-22 18:10:21,951 [main] WARN kafka.utils.VerifiableProperties  - Property bootstrap.servers is not valid
2017-12-22 18:10:21,951 [main] WARN kafka.utils.VerifiableProperties  - Property destination.topic is not valid
2017-12-22 18:10:21,951 [main] INFO kafka.utils.VerifiableProperties  - Property group.id is overridden to space.exploration.mars.rover.curiosity.1513987807636
2017-12-22 18:10:21,951 [main] WARN kafka.utils.VerifiableProperties  - Property key.serializer is not valid
2017-12-22 18:10:21,951 [main] WARN kafka.utils.VerifiableProperties  - Property metadata.broker.list is not valid
2017-12-22 18:10:21,951 [main] WARN kafka.utils.VerifiableProperties  - Property source.topic is not valid
2017-12-22 18:10:21,952 [main] WARN kafka.utils.VerifiableProperties  - Property value.serializer is not valid
2017-12-22 18:10:21,952 [main] INFO kafka.utils.VerifiableProperties  - Property zookeeper.connect is overridden to localhost:2181
2017-12-22 18:10:21,998 [main] INFO kafka.consumer.ZookeeperConsumerConnector  - [space.exploration.mars.rover.curiosity.1513987807636_zion-mainframe-1513987821997-a44f4a91], Connecting to zookeeper instance at localhost:2181
2017-12-22 18:10:22,026 [main] INFO org.apache.zookeeper.ZooKeeper  - Client environment:zookeeper.version=3.4.6-1569965, built on 02/20/2014 09:09 GMT
2017-12-22 18:10:22,026 [main] INFO org.apache.zookeeper.ZooKeeper  - Client environment:host.name=zion-mainframe
2017-12-22 18:10:22,026 [main] INFO org.apache.zookeeper.ZooKeeper  - Client environment:java.version=1.8.0_151
2017-12-22 18:10:22,026 [main] INFO org.apache.zookeeper.ZooKeeper  - Client environment:java.vendor=Oracle Corporation
2017-12-22 18:10:22,026 [main] INFO org.apache.zookeeper.ZooKeeper  - Client environment:java.home=/usr/lib/jvm/java-8-openjdk-amd64/jre
2017-12-22 18:10:22,026 [main] INFO org.apache.zookeeper.ZooKeeper  - Client environment:java.class.path=/home/sanket/Documents/Tools/idea/idea-IU-173.3727.127/lib/idea_rt.jar:/home/sanket/Documents/Tools/idea/idea-IU-173.3727.127/plugins/junit/lib/junit-rt.jar:/home/sanket/Documents/Tools/idea/idea-IU-173.3727.127/plugins/junit/lib/junit5-rt.jar:/usr/lib/jvm/java-1.8.0-openjdk-amd64/jre/lib/charsets.jar:/usr/lib/jvm/java-1.8.0-openjdk-amd64/jre/lib/ext/cldrdata.jar:/usr/lib/jvm/java-1.8.0-openjdk-amd64/jre/lib/ext/dnsns.jar:/usr/lib/jvm/java-1.8.0-openjdk-amd64/jre/lib/ext/icedtea-sound.jar:/usr/lib/jvm/java-1.8.0-openjdk-amd64/jre/lib/ext/jaccess.jar:/usr/lib/jvm/java-1.8.0-openjdk-amd64/jre/lib/ext/localedata.jar:/usr/lib/jvm/java-1.8.0-openjdk-amd64/jre/lib/ext/nashorn.jar:/usr/lib/jvm/java-1.8.0-openjdk-amd64/jre/lib/ext/sunec.jar:/usr/lib/jvm/java-1.8.0-openjdk-amd64/jre/lib/ext/sunjce_provider.jar:/usr/lib/jvm/java-1.8.0-openjdk-amd64/jre/lib/ext/sunpkcs11.jar:/usr/lib/jvm/java-1.8.0-openjdk-amd64/jre/lib/ext/zipfs.jar:/usr/lib/jvm/java-1.8.0-openjdk-amd64/jre/lib/jce.jar:/usr/lib/jvm/java-1.8.0-openjdk-amd64/jre/lib/jsse.jar:/usr/lib/jvm/java-1.8.0-openjdk-amd64/jre/lib/management-agent.jar:/usr/lib/jvm/java-1.8.0-openjdk-amd64/jre/lib/resources.jar:/usr/lib/jvm/java-1.8.0-openjdk-amd64/jre/lib/rt.jar:/home/sanket/Documents/workspace/MarsRover/mars.rover/target/test-classes:/home/sanket/Documents/workspace/MarsRover/mars.rover/target/classes:/home/sanket/.m2/repository/junit/junit/4.12/junit-4.12.jar:/home/sanket/.m2/repository/org/hamcrest/hamcrest-core/1.3/hamcrest-core-1.3.jar:/home/sanket/.m2/repository/org/apache/kafka/kafka_2.10/0.10.0.1/kafka_2.10-0.10.0.1.jar:/home/sanket/.m2/repository/com/101tec/zkclient/0.8/zkclient-0.8.jar:/home/sanket/.m2/repository/org/scala-lang/scala-library/2.10.6/scala-library-2.10.6.jar:/home/sanket/.m2/repository/org/slf4j/slf4j-log4j12/1.7.21/slf4j-log4j12-1.7.21.jar:/home/sanket/.m2/repository/com/yammer/metrics/metrics-core/2.2.0/metrics-core-2.2.0.jar:/home/sanket/.m2/repository/org/apache/kafka/kafka-clients/0.10.0.1/kafka-clients-0.10.0.1.jar:/home/sanket/.m2/repository/net/jpountz/lz4/lz4/1.3.0/lz4-1.3.0.jar:/home/sanket/.m2/repository/org/xerial/snappy/snappy-java/1.1.2.6/snappy-java-1.1.2.6.jar:/home/sanket/.m2/repository/net/sf/jopt-simple/jopt-simple/4.9/jopt-simple-4.9.jar:/home/sanket/.m2/repository/org/apache/zookeeper/zookeeper/3.4.6/zookeeper-3.4.6.jar:/home/sanket/.m2/repository/jline/jline/0.9.94/jline-0.9.94.jar:/home/sanket/.m2/repository/io/netty/netty/3.7.0.Final/netty-3.7.0.Final.jar:/home/sanket/.m2/repository/org/tensorflow/tensorflow/1.1.0/tensorflow-1.1.0.jar:/home/sanket/.m2/repository/org/tensorflow/libtensorflow/1.1.0/libtensorflow-1.1.0.jar:/home/sanket/.m2/repository/org/tensorflow/libtensorflow_jni/1.1.0/libtensorflow_jni-1.1.0.jar:/home/sanket/.m2/repository/mysql/mysql-connector-java/5.1.6/mysql-connector-java-5.1.6.jar:/home/sanket/.m2/repository/com/google/code/gson/gson/2.8.2/gson-2.8.2.jar:/home/sanket/.m2/repository/joda-time/joda-time/2.8.1/joda-time-2.8.1.jar:/home/sanket/.m2/repository/org/jsoup/jsoup/1.8.3/jsoup-1.8.3.jar:/home/sanket/.m2/repository/space/exploration/communications.protocol/1.1.5/communications.protocol-1.1.5.jar:/home/sanket/.m2/repository/com/google/protobuf/protobuf-java/3.4.0/protobuf-java-3.4.0.jar:/home/sanket/.m2/repository/space/exploration/spice.utilities/1.2.2/spice.utilities-1.2.2.jar:/home/sanket/.m2/repository/commons-io/commons-io/1.3.2/commons-io-1.3.2.jar:/home/sanket/.m2/repository/org/slf4j/slf4j-api/1.7.25/slf4j-api-1.7.25.jar:/home/sanket/.m2/repository/log4j/log4j/1.2.17/log4j-1.2.17.jar:/home/sanket/Documents/Tools/idea/idea-IU-173.3727.127/lib/idea_rt.jar
2017-12-22 18:10:22,026 [main] INFO org.apache.zookeeper.ZooKeeper  - Client environment:java.library.path=$LD_LIBRARY_PATH:"/home/sanket/Documents/workspace/SpiceUtilities/src/main/resources/JNISpice/lib/libJNISpice.so":/usr/java/packages/lib/amd64:/usr/lib/x86_64-linux-gnu/jni:/lib/x86_64-linux-gnu:/usr/lib/x86_64-linux-gnu:/usr/lib/jni:/lib:/usr/lib
2017-12-22 18:10:22,026 [main] INFO org.apache.zookeeper.ZooKeeper  - Client environment:java.io.tmpdir=/tmp
2017-12-22 18:10:22,026 [main] INFO org.apache.zookeeper.ZooKeeper  - Client environment:java.compiler=<NA>
2017-12-22 18:10:22,026 [main] INFO org.apache.zookeeper.ZooKeeper  - Client environment:os.name=Linux
2017-12-22 18:10:22,027 [main] INFO org.apache.zookeeper.ZooKeeper  - Client environment:os.arch=amd64
2017-12-22 18:10:22,027 [main] INFO org.apache.zookeeper.ZooKeeper  - Client environment:os.version=4.10.0-42-generic
2017-12-22 18:10:22,027 [main] INFO org.apache.zookeeper.ZooKeeper  - Client environment:user.name=sanket
2017-12-22 18:10:22,027 [main] INFO org.apache.zookeeper.ZooKeeper  - Client environment:user.home=/home/sanket
2017-12-22 18:10:22,027 [main] INFO org.apache.zookeeper.ZooKeeper  - Client environment:user.dir=/home/sanket/Documents/workspace/MarsRover/mars.rover
2017-12-22 18:10:22,027 [ZkClient-EventThread-28-localhost:2181] INFO org.I0Itec.zkclient.ZkEventThread  - Starting ZkClient event thread.
2017-12-22 18:10:22,028 [main] INFO org.apache.zookeeper.ZooKeeper  - Initiating client connection, connectString=localhost:2181 sessionTimeout=6000 watcher=org.I0Itec.zkclient.ZkClient@4988d8b8
2017-12-22 18:10:22,041 [main] INFO org.I0Itec.zkclient.ZkClient  - Waiting for keeper state SyncConnected
2017-12-22 18:10:22,070 [main-SendThread(localhost:2181)] INFO org.apache.zookeeper.ClientCnxn  - Opening socket connection to server localhost/127.0.0.1:2181. Will not attempt to authenticate using SASL (unknown error)
2017-12-22 18:10:22,075 [main-SendThread(localhost:2181)] INFO org.apache.zookeeper.ClientCnxn  - Socket connection established to localhost/127.0.0.1:2181, initiating session
2017-12-22 18:10:22,083 [main-SendThread(localhost:2181)] INFO org.apache.zookeeper.ClientCnxn  - Session establishment complete on server localhost/127.0.0.1:2181, sessionid = 0x160431894db0037, negotiated timeout = 6000
2017-12-22 18:10:22,086 [main-EventThread] INFO org.I0Itec.zkclient.ZkClient  - zookeeper state changed (SyncConnected)
2017-12-22 18:10:22,094 [main] INFO kafka.consumer.ZookeeperConsumerConnector  - [space.exploration.mars.rover.curiosity.1513987807636_zion-mainframe-1513987821997-a44f4a91], starting auto committer every 60000 ms
2017-12-22 18:10:22,119 [Thread-1] INFO kafka.consumer.ZookeeperConsumerConnector  - [space.exploration.mars.rover.curiosity.1513987807636_zion-mainframe-1513987821997-a44f4a91], begin registering consumer space.exploration.mars.rover.curiosity.1513987807636_zion-mainframe-1513987821997-a44f4a91 in ZK
2017-12-22 18:10:22,184 [Thread-1] INFO kafka.utils.ZKCheckedEphemeral  - Creating /consumers/space.exploration.mars.rover.curiosity.1513987807636/ids/space.exploration.mars.rover.curiosity.1513987807636_zion-mainframe-1513987821997-a44f4a91 (is it secure? false)
2017-12-22 18:10:22,196 [Thread-1] INFO kafka.utils.ZKCheckedEphemeral  - Result of znode creation is: OK
2017-12-22 18:10:22,197 [Thread-1] INFO kafka.consumer.ZookeeperConsumerConnector  - [space.exploration.mars.rover.curiosity.1513987807636_zion-mainframe-1513987821997-a44f4a91], end registering consumer space.exploration.mars.rover.curiosity.1513987807636_zion-mainframe-1513987821997-a44f4a91 in ZK
2017-12-22 18:10:22,212 [space.exploration.mars.rover.curiosity.1513987807636_zion-mainframe-1513987821997-a44f4a91_watcher_executor] INFO kafka.consumer.ZookeeperConsumerConnector  - [space.exploration.mars.rover.curiosity.1513987807636_zion-mainframe-1513987821997-a44f4a91], starting watcher executor thread for consumer space.exploration.mars.rover.curiosity.1513987807636_zion-mainframe-1513987821997-a44f4a91
2017-12-22 18:10:22,221 [Thread-1] INFO kafka.consumer.ZookeeperConsumerConnector  - [space.exploration.mars.rover.curiosity.1513987807636_zion-mainframe-1513987821997-a44f4a91], begin rebalancing consumer space.exploration.mars.rover.curiosity.1513987807636_zion-mainframe-1513987821997-a44f4a91 try #0
2017-12-22 18:10:22,307 [Thread-1] INFO kafka.consumer.ConsumerFetcherManager  - [ConsumerFetcherManager-1513987822092] Stopping leader finder thread
2017-12-22 18:10:22,308 [Thread-1] INFO kafka.consumer.ConsumerFetcherManager  - [ConsumerFetcherManager-1513987822092] Stopping all fetchers
2017-12-22 18:10:22,308 [Thread-1] INFO kafka.consumer.ConsumerFetcherManager  - [ConsumerFetcherManager-1513987822092] All connections stopped
2017-12-22 18:10:22,310 [Thread-1] INFO kafka.consumer.ZookeeperConsumerConnector  - [space.exploration.mars.rover.curiosity.1513987807636_zion-mainframe-1513987821997-a44f4a91], Cleared all relevant queues for this fetcher
2017-12-22 18:10:22,310 [Thread-1] INFO kafka.consumer.ZookeeperConsumerConnector  - [space.exploration.mars.rover.curiosity.1513987807636_zion-mainframe-1513987821997-a44f4a91], Cleared the data chunks in all the consumer message iterators
2017-12-22 18:10:22,310 [Thread-1] INFO kafka.consumer.ZookeeperConsumerConnector  - [space.exploration.mars.rover.curiosity.1513987807636_zion-mainframe-1513987821997-a44f4a91], Committing all offsets after clearing the fetcher queues
2017-12-22 18:10:22,311 [Thread-1] INFO kafka.consumer.ZookeeperConsumerConnector  - [space.exploration.mars.rover.curiosity.1513987807636_zion-mainframe-1513987821997-a44f4a91], Releasing partition ownership
2017-12-22 18:10:22,340 [Thread-1] INFO kafka.consumer.RangeAssignor  - Consumer space.exploration.mars.rover.curiosity.1513987807636_zion-mainframe-1513987821997-a44f4a91 rebalancing the following partitions: ArrayBuffer(0) for topic earth_to_curiosity_5 with consumers: List(space.exploration.mars.rover.curiosity.1513987807636_zion-mainframe-1513987821997-a44f4a91-0)
2017-12-22 18:10:22,342 [Thread-1] INFO kafka.consumer.RangeAssignor  - space.exploration.mars.rover.curiosity.1513987807636_zion-mainframe-1513987821997-a44f4a91-0 attempting to claim partition 0
2017-12-22 18:10:22,387 [Thread-1] INFO kafka.consumer.ZookeeperConsumerConnector  - [space.exploration.mars.rover.curiosity.1513987807636_zion-mainframe-1513987821997-a44f4a91], space.exploration.mars.rover.curiosity.1513987807636_zion-mainframe-1513987821997-a44f4a91-0 successfully owned partition 0 for topic earth_to_curiosity_5
2017-12-22 18:10:22,402 [Thread-1] INFO kafka.consumer.ZookeeperConsumerConnector  - [space.exploration.mars.rover.curiosity.1513987807636_zion-mainframe-1513987821997-a44f4a91], Consumer space.exploration.mars.rover.curiosity.1513987807636_zion-mainframe-1513987821997-a44f4a91 selected partitions : earth_to_curiosity_5:0: fetched offset = -1: consumed offset = -1
2017-12-22 18:10:22,409 [Thread-1] INFO kafka.consumer.ZookeeperConsumerConnector  - [space.exploration.mars.rover.curiosity.1513987807636_zion-mainframe-1513987821997-a44f4a91], end rebalancing consumer space.exploration.mars.rover.curiosity.1513987807636_zion-mainframe-1513987821997-a44f4a91 try #0
2017-12-22 18:10:22,415 [space.exploration.mars.rover.curiosity.1513987807636_zion-mainframe-1513987821997-a44f4a91-leader-finder-thread] INFO kafka.consumer.ConsumerFetcherManager$LeaderFinderThread  - [space.exploration.mars.rover.curiosity.1513987807636_zion-mainframe-1513987821997-a44f4a91-leader-finder-thread], Starting 
2017-12-22 18:10:22,431 [space.exploration.mars.rover.curiosity.1513987807636_zion-mainframe-1513987821997-a44f4a91-leader-finder-thread] INFO kafka.utils.VerifiableProperties  - Verifying properties
2017-12-22 18:10:22,433 [space.exploration.mars.rover.curiosity.1513987807636_zion-mainframe-1513987821997-a44f4a91-leader-finder-thread] INFO kafka.utils.VerifiableProperties  - Property client.id is overridden to space.exploration.mars.rover.curiosity.1513987807636
2017-12-22 18:10:22,434 [space.exploration.mars.rover.curiosity.1513987807636_zion-mainframe-1513987821997-a44f4a91-leader-finder-thread] INFO kafka.utils.VerifiableProperties  - Property metadata.broker.list is overridden to zion-mainframe:9092
2017-12-22 18:10:22,434 [space.exploration.mars.rover.curiosity.1513987807636_zion-mainframe-1513987821997-a44f4a91-leader-finder-thread] INFO kafka.utils.VerifiableProperties  - Property request.timeout.ms is overridden to 30000
2017-12-22 18:10:22,452 [space.exploration.mars.rover.curiosity.1513987807636_zion-mainframe-1513987821997-a44f4a91-leader-finder-thread] INFO kafka.client.ClientUtils$  - Fetching metadata from broker BrokerEndPoint(0,zion-mainframe,9092) with correlation id 0 for 1 topic(s) Set(earth_to_curiosity_5)
2017-12-22 18:10:22,459 [space.exploration.mars.rover.curiosity.1513987807636_zion-mainframe-1513987821997-a44f4a91-leader-finder-thread] INFO kafka.producer.SyncProducer  - Connected to zion-mainframe:9092 for producing
2017-12-22 18:10:22,473 [space.exploration.mars.rover.curiosity.1513987807636_zion-mainframe-1513987821997-a44f4a91-leader-finder-thread] INFO kafka.producer.SyncProducer  - Disconnecting from zion-mainframe:9092
2017-12-22 18:10:22,491 [ConsumerFetcherThread-space.exploration.mars.rover.curiosity.1513987807636_zion-mainframe-1513987821997-a44f4a91-0-0] INFO kafka.consumer.ConsumerFetcherThread  - [ConsumerFetcherThread-space.exploration.mars.rover.curiosity.1513987807636_zion-mainframe-1513987821997-a44f4a91-0-0], Starting 
2017-12-22 18:10:22,507 [space.exploration.mars.rover.curiosity.1513987807636_zion-mainframe-1513987821997-a44f4a91-leader-finder-thread] INFO kafka.consumer.ConsumerFetcherManager  - [ConsumerFetcherManager-1513987822092] Added fetcher for partitions ArrayBuffer([[earth_to_curiosity_5,0], initOffset -1 to broker BrokerEndPoint(0,zion-mainframe,9092)] )
2017-12-22 18:10:23,101 [main] INFO space.exploration.mars.rover.communication.Radio  - Radio configured:: 
group.id::space.exploration.mars.rover.curiosity.1513987807636
auto.offset.reset::largest
bootstrap.servers::localhost:9092
value.serializer::org.apache.kafka.common.serialization.ByteArraySerializer
destination.topic::curiosity_to_earth_5
zookeeper.connect::localhost:2181
key.serializer::org.apache.kafka.common.serialization.StringSerializer
source.topic::earth_to_curiosity_5
metadata.broker.list::localhost:9092
2017-12-22 18:10:24,102 [main] INFO space.exploration.mars.rover.sensor.Radar  - Radar configured:: 
2017-12-22 18:10:30,263 [main] INFO space.exploration.mars.rover.communication.Transmitter  - Sending information packet to curiosity_to_earth_5
2017-12-22 18:10:33,265 [pool-5-thread-1] INFO space.exploration.mars.rover.animation.SleepingAnimationEngine  - Rover is sleeping now
2017-12-22 18:10:51,562 [pool-7-thread-1] INFO space.exploration.mars.rover.power.BatteryMonitor  - BatteryMonitor performing due diligence. SCET = 1513987851562 Rover state = Sleeping State
2017-12-22 18:10:53,265 [main] INFO space.exploration.mars.rover.kernel.ListeningState  - Rover initiating a gracefulShutdown.
2017-12-22 18:10:53,265 [main] INFO space.exploration.mars.rover.kernel.ListeningState  - 1. Synchronizing Clocks.
2017-12-22 18:10:53,265 [main] INFO space.exploration.mars.rover.kernel.SclkTimingState  - Synchronizing sclk and positionSensor to 2016-08-26~18:34:00
2017-12-22 18:10:53,265 [main] INFO space.exploration.mars.rover.kernel.SclkTimingState  - Houston, expect a diagnostics pause. Shutting down paceMaker
2017-12-22 18:10:53,265 [main] INFO space.exploration.mars.rover.diagnostics.Pacemaker  - Pacemaker diagnostic module interrupted.
2017-12-22 18:10:53,265 [main] INFO space.exploration.mars.rover.kernel.SclkTimingState  - Houston, be advised - garbageCollection is paused. Please wait before sending new signals.
2017-12-22 18:10:53,265 [main] INFO space.exploration.mars.rover.diagnostics.RoverGarbageCollector  - RoverGC interrupted
2017-12-22 18:10:53,266 [main] INFO space.exploration.mars.rover.kernel.SpacecraftClock  - UTCTime = 2016-08-26~18:34:00
2017-12-22 18:10:53,266 [main] INFO space.exploration.mars.rover.kernel.SpacecraftClock  - Valid utc time ranges are dictated by clockService as follows:
2017-12-22 18:10:53,266 [main] INFO space.exploration.mars.rover.kernel.SpacecraftClock  - APPLICABLE_START_TIME=2000-001T11:58:55.816, APPLICABLE_STOP_TIME=2017-360T19:17:40.149
2017-12-22 18:10:53,266 [main] INFO space.exploration.mars.rover.kernel.SpacecraftClock  - Given UTC = 2016-08-26~18:34:00
2017-12-22 18:10:53,266 [main] INFO space.exploration.mars.rover.kernel.SpacecraftClock  - Please ensure that positionSensor and sclk are synchronized
2017-12-22 18:10:53,266 [main] INFO space.exploration.mars.rover.kernel.PositionSensor  - Synchronizing positionSensor clock to 2016-08-26~18:34:00
2017-12-22 18:10:53,266 [main] INFO space.exploration.mars.rover.kernel.SclkTimingState  - Restarting diagnostics heartbeat
2017-12-22 18:10:53,266 [main] INFO space.exploration.mars.rover.kernel.SclkTimingState  - Restarting garbageCollection
2017-12-22 18:10:53,267 [main] INFO space.exploration.mars.rover.diagnostics.RoverGarbageCollector  - Starting garbageCollection
2017-12-22 18:10:53,273 [main] INFO space.exploration.mars.rover.kernel.SpacecraftClock  - Internal time::2016-08-26T18:35:00.000-05:00 sclk of::1/01442:12:57:37:47928
2017-12-22 18:10:59,362 [main] INFO space.exploration.mars.rover.kernel.PositionSensor  - Houston - this is curiosityActual.ephemerisTime: 5.25509348182704E8
stateCuriosity: -4.2380084743E7
stateCuriosity: -1.09548083155E8
stateCuriosity: -5.4306365102E7
stateCuriosity: 9.788
stateCuriosity: -12.744
stateCuriosity: -5.772
owltMSLEarth: 431.654
stateEarth: 4.2373223679E7
stateEarth: 1.09530347383E8
stateEarth: 5.4297572339E7
stateEarth: -9.785
stateEarth: 12.744
stateEarth: 5.772
owltEarthMSL: 431.584
positionEarthWRTCuriosity: 4.2373223679E7
positionEarthWRTCuriosity: 1.09530347383E8
positionEarthWRTCuriosity: 5.4297572339E7
owltEarthMSL2: 431.584
angSepHGAEarth: 108.671
utcTime: "2016-08-26~18:48:00"
sol: 1442
sclkValue: " 1/01442:13:11:15:00449"

2017-12-22 18:10:59,362 [main] INFO space.exploration.mars.rover.communication.Radio  - One Way Light Time computed by SPICE :: 431.654
2017-12-22 18:10:59,369 [main] INFO space.exploration.mars.rover.communication.Transmitter  - Sending information packet to curiosity_to_earth_5
2017-12-22 18:11:02,370 [main] INFO space.exploration.mars.rover.kernel.ListeningState  - 2. Saving properties file. 
