2018-12-22 12:03:13,640 [main] INFO  space.exploration.mars.rover.kernel.SpacecraftClock - Valid utc time ranges are dictated by clockService as follows:
2018-12-22 12:03:13,640 [main] INFO  space.exploration.mars.rover.kernel.SpacecraftClock - APPLICABLE_START_TIME=2000-001T11:58:55.816, APPLICABLE_STOP_TIME=2017-360T19:17:40.149
2018-12-22 12:03:13,640 [main] INFO  space.exploration.mars.rover.kernel.SpacecraftClock - Given UTC = 2016-05-01~21:30:00
2018-12-22 12:03:13,640 [main] INFO  space.exploration.mars.rover.kernel.SpacecraftClock - Please ensure that positionSensor and sclk are synchronized
2018-12-22 12:03:13,647 [main] INFO  space.exploration.mars.rover.kernel.SpacecraftClock - Curiosity internal spacecraft clock started at :: 2016-05-02T01:30:00.000Z
2018-12-22 12:03:13,647 [main] INFO  space.exploration.mars.rover.kernel.SpacecraftClock - Mission duration is set to :: 1 year(s).
2018-12-22 12:03:13,647 [main] INFO  space.exploration.mars.rover.kernel.SpacecraftClock - Mission duration = 31536000000
2018-12-22 12:03:13,647 [main] INFO  space.exploration.mars.rover.kernel.SpacecraftClock - Internal time::2016-05-02T01:30:00.000Z sclk of::
2018-12-22 12:03:14,649 [main] INFO  space.exploration.mars.rover.kernel.SpacecraftClock - Internal time::2016-05-01T21:31:00.000-04:00 sclk of::1/01328:18:57:41:37981
2018-12-22 12:03:15,649 [main] INFO  space.exploration.mars.rover.kernel.SpacecraftClock - Internal time::2016-05-01T21:31:00.000-04:00 sclk of::1/01328:18:57:41:37981
2018-12-22 12:03:16,650 [main] INFO  space.exploration.mars.rover.kernel.SpacecraftClock - Internal time::2016-05-01T21:31:00.000-04:00 sclk of::1/01328:18:57:41:37981
2018-12-22 12:03:17,651 [main] INFO  space.exploration.mars.rover.kernel.SpacecraftClock - Internal time::2016-05-01T21:31:00.000-04:00 sclk of::1/01328:18:57:41:37981
2018-12-22 12:03:18,651 [main] INFO  space.exploration.mars.rover.kernel.SpacecraftClock - Internal time::2016-05-01T21:31:00.000-04:00 sclk of::1/01328:18:57:41:37981
2018-12-22 12:03:19,652 [main] INFO  space.exploration.mars.rover.kernel.SpacecraftClock - Internal time::2016-05-01T21:31:00.000-04:00 sclk of::1/01328:18:57:41:37981
2018-12-22 12:03:20,653 [main] INFO  space.exploration.mars.rover.kernel.SpacecraftClock - Internal time::2016-05-01T21:31:00.000-04:00 sclk of::1/01328:18:57:41:37981
2018-12-22 12:03:21,654 [main] INFO  space.exploration.mars.rover.kernel.SpacecraftClock - Internal time::2016-05-01T21:31:00.000-04:00 sclk of::1/01328:18:57:41:37981
2018-12-22 12:03:22,655 [main] INFO  space.exploration.mars.rover.kernel.SpacecraftClock - Internal time::2016-05-01T21:31:00.000-04:00 sclk of::1/01328:18:57:41:37981
2018-12-22 12:03:23,655 [main] INFO  space.exploration.mars.rover.kernel.SpacecraftClock - Internal time::2016-05-01T21:31:00.000-04:00 sclk of::1/01328:18:57:41:37981
2018-12-22 12:03:23,660 [main] INFO  space.exploration.mars.rover.kernel.SpacecraftClock - Internal time::2016-05-01T21:31:00.000-04:00 sclk of::1/01328:18:57:41:37981
2018-12-22 12:03:23,664 [main] INFO  space.exploration.mars.rover.kernel.SpacecraftClock - Valid utc time ranges are dictated by clockService as follows:
2018-12-22 12:03:23,665 [main] INFO  space.exploration.mars.rover.kernel.SpacecraftClock - APPLICABLE_START_TIME=2000-001T11:58:55.816, APPLICABLE_STOP_TIME=2017-360T19:17:40.149
2018-12-22 12:03:23,665 [main] INFO  space.exploration.mars.rover.kernel.SpacecraftClock - Given UTC = 2016-05-01~21:30:00
2018-12-22 12:03:23,665 [main] INFO  space.exploration.mars.rover.kernel.SpacecraftClock - Please ensure that positionSensor and sclk are synchronized
2018-12-22 12:03:23,666 [main] INFO  space.exploration.mars.rover.kernel.SpacecraftClock - Curiosity internal spacecraft clock started at :: 2016-05-02T01:30:00.000Z
2018-12-22 12:03:23,666 [main] INFO  space.exploration.mars.rover.kernel.SpacecraftClock - Mission duration is set to :: 1 year(s).
2018-12-22 12:03:23,666 [main] INFO  space.exploration.mars.rover.kernel.SpacecraftClock - Mission duration = 31536000000
2018-12-22 12:03:23,666 [main] INFO  space.exploration.mars.rover.kernel.SpacecraftClock - Internal time::2016-05-02T01:30:00.000Z sclk of::
2018-12-22 12:03:23,666 [main] INFO  space.exploration.mars.rover.kernel.SpacecraftClock - Valid utc time ranges are dictated by clockService as follows:
2018-12-22 12:03:23,667 [main] INFO  space.exploration.mars.rover.kernel.SpacecraftClock - APPLICABLE_START_TIME=2000-001T11:58:55.816, APPLICABLE_STOP_TIME=2017-360T19:17:40.149
2018-12-22 12:03:23,667 [main] INFO  space.exploration.mars.rover.kernel.SpacecraftClock - Given UTC = 2016-05-01~21:30:00
2018-12-22 12:03:23,667 [main] INFO  space.exploration.mars.rover.kernel.SpacecraftClock - Please ensure that positionSensor and sclk are synchronized
2018-12-22 12:03:23,667 [main] INFO  space.exploration.mars.rover.kernel.SpacecraftClock - Curiosity internal spacecraft clock started at :: 2016-05-02T01:30:00.000Z
2018-12-22 12:03:23,668 [main] INFO  space.exploration.mars.rover.kernel.SpacecraftClock - Mission duration is set to :: 1 year(s).
2018-12-22 12:03:23,668 [main] INFO  space.exploration.mars.rover.kernel.SpacecraftClock - Mission duration = 31536000000
2018-12-22 12:03:23,668 [main] INFO  space.exploration.mars.rover.kernel.SpacecraftClock - UTCTime = 2016-05-05~12:00:00
2018-12-22 12:03:23,668 [main] INFO  space.exploration.mars.rover.kernel.SpacecraftClock - Valid utc time ranges are dictated by clockService as follows:
2018-12-22 12:03:23,668 [main] INFO  space.exploration.mars.rover.kernel.SpacecraftClock - APPLICABLE_START_TIME=2000-001T11:58:55.816, APPLICABLE_STOP_TIME=2017-360T19:17:40.149
2018-12-22 12:03:23,669 [main] INFO  space.exploration.mars.rover.kernel.SpacecraftClock - Given UTC = 2016-05-05~12:00:00
2018-12-22 12:03:23,669 [main] INFO  space.exploration.mars.rover.kernel.SpacecraftClock - Please ensure that positionSensor and sclk are synchronized
2018-12-22 12:03:24,669 [main] INFO  space.exploration.mars.rover.kernel.SpacecraftClock - Internal time::2016-05-05T12:02:00.000-04:00 sclk of::1/01332:07:09:48:04872
2018-12-22 12:03:25,670 [main] INFO  space.exploration.mars.rover.kernel.SpacecraftClock - Internal time::2016-05-05T12:04:00.000-04:00 sclk of::1/01332:07:10:46:44338
2018-12-22 12:03:26,670 [main] INFO  space.exploration.mars.rover.kernel.SpacecraftClock - Internal time::2016-05-05T12:05:00.000-04:00 sclk of::1/01332:07:11:44:83804
2018-12-22 12:03:27,671 [main] INFO  space.exploration.mars.rover.kernel.SpacecraftClock - Internal time::2016-05-05T12:06:00.000-04:00 sclk of::1/01332:07:12:43:23269
2018-12-22 12:03:28,671 [main] INFO  space.exploration.mars.rover.kernel.SpacecraftClock - Internal time::2016-05-05T12:07:00.000-04:00 sclk of::1/01332:07:13:41:62735
2018-12-22 12:03:29,672 [main] INFO  space.exploration.mars.rover.kernel.SpacecraftClock - Internal time::2016-05-05T12:08:00.000-04:00 sclk of::1/01332:07:14:40:02201
2018-12-22 12:03:30,672 [main] INFO  space.exploration.mars.rover.kernel.SpacecraftClock - Internal time::2016-05-05T12:09:00.000-04:00 sclk of::1/01332:07:15:38:41667
2018-12-22 12:03:31,675 [main] INFO  space.exploration.mars.rover.kernel.SpacecraftClock - Internal time::2016-05-05T12:10:00.000-04:00 sclk of::1/01332:07:16:36:81132
2018-12-22 12:03:32,676 [main] INFO  space.exploration.mars.rover.kernel.SpacecraftClock - Internal time::2016-05-05T12:11:00.000-04:00 sclk of::1/01332:07:17:35:20598
2018-12-22 12:03:33,676 [main] INFO  space.exploration.mars.rover.kernel.SpacecraftClock - Internal time::2016-05-05T12:12:00.000-04:00 sclk of::1/01332:07:19:31:99530
2018-12-22 12:03:33,677 [main] INFO  space.exploration.mars.rover.kernel.SpacecraftClock - Internal time::2016-05-05T12:12:00.000-04:00 sclk of::1/01332:07:19:31:99530
