2018-08-01 20:18:24,306 [main] INFO  space.exploration.mars.rover.kernel.SpacecraftClock - Valid utc time ranges are dictated by clockService as follows:
2018-08-01 20:18:24,307 [main] INFO  space.exploration.mars.rover.kernel.SpacecraftClock - APPLICABLE_START_TIME=2000-001T11:58:55.816, APPLICABLE_STOP_TIME=2017-360T19:17:40.149
2018-08-01 20:18:24,307 [main] INFO  space.exploration.mars.rover.kernel.SpacecraftClock - Given UTC = 2016-08-26~17:49:00
2018-08-01 20:18:24,307 [main] INFO  space.exploration.mars.rover.kernel.SpacecraftClock - Please ensure that positionSensor and sclk are synchronized
2018-08-01 20:18:24,317 [main] INFO  space.exploration.mars.rover.kernel.SpacecraftClock - Curiosity internal spacecraft clock started at :: 2016-08-26T22:49:00.000Z
2018-08-01 20:18:24,317 [main] INFO  space.exploration.mars.rover.kernel.SpacecraftClock - Mission duration is set to :: 1 year(s).
2018-08-01 20:18:24,317 [main] INFO  space.exploration.mars.rover.kernel.SpacecraftClock - Mission duration = 31536000000
2018-08-01 20:18:24,318 [main] INFO  space.exploration.mars.rover.kernel.SpacecraftClock - Internal time::2016-08-26T22:49:00.000Z sclk of::
2018-08-01 20:18:25,319 [main] INFO  space.exploration.mars.rover.kernel.SpacecraftClock - Internal time::2016-08-26T17:50:00.000-05:00 sclk of::1/01442:12:14:48:11433
2018-08-01 20:18:26,319 [main] INFO  space.exploration.mars.rover.kernel.SpacecraftClock - Internal time::2016-08-26T17:50:00.000-05:00 sclk of::1/01442:12:14:48:11433
2018-08-01 20:18:27,320 [main] INFO  space.exploration.mars.rover.kernel.SpacecraftClock - Internal time::2016-08-26T17:50:00.000-05:00 sclk of::1/01442:12:14:48:11433
2018-08-01 20:18:28,321 [main] INFO  space.exploration.mars.rover.kernel.SpacecraftClock - Internal time::2016-08-26T17:50:00.000-05:00 sclk of::1/01442:12:14:48:11433
2018-08-01 20:18:29,322 [main] INFO  space.exploration.mars.rover.kernel.SpacecraftClock - Internal time::2016-08-26T17:50:00.000-05:00 sclk of::1/01442:12:14:48:11433
2018-08-01 20:18:30,322 [main] INFO  space.exploration.mars.rover.kernel.SpacecraftClock - Internal time::2016-08-26T17:50:00.000-05:00 sclk of::1/01442:12:14:48:11433
2018-08-01 20:18:31,323 [main] INFO  space.exploration.mars.rover.kernel.SpacecraftClock - Internal time::2016-08-26T17:50:00.000-05:00 sclk of::1/01442:12:14:48:11433
2018-08-01 20:18:32,324 [main] INFO  space.exploration.mars.rover.kernel.SpacecraftClock - Internal time::2016-08-26T17:50:00.000-05:00 sclk of::1/01442:12:14:48:11433
2018-08-01 20:18:33,324 [main] INFO  space.exploration.mars.rover.kernel.SpacecraftClock - Internal time::2016-08-26T17:50:00.000-05:00 sclk of::1/01442:12:14:48:11433
2018-08-01 20:18:34,325 [main] INFO  space.exploration.mars.rover.kernel.SpacecraftClock - Internal time::2016-08-26T17:50:00.000-05:00 sclk of::1/01442:12:14:48:11433
2018-08-01 20:18:34,327 [main] INFO  space.exploration.mars.rover.kernel.SpacecraftClock - Internal time::2016-08-26T17:50:00.000-05:00 sclk of::1/01442:12:14:48:11433
2018-08-01 20:18:34,330 [main] INFO  space.exploration.mars.rover.kernel.SpacecraftClock - Valid utc time ranges are dictated by clockService as follows:
2018-08-01 20:18:34,330 [main] INFO  space.exploration.mars.rover.kernel.SpacecraftClock - APPLICABLE_START_TIME=2000-001T11:58:55.816, APPLICABLE_STOP_TIME=2017-360T19:17:40.149
2018-08-01 20:18:34,330 [main] INFO  space.exploration.mars.rover.kernel.SpacecraftClock - Given UTC = 2016-08-26~17:49:00
2018-08-01 20:18:34,330 [main] INFO  space.exploration.mars.rover.kernel.SpacecraftClock - Please ensure that positionSensor and sclk are synchronized
2018-08-01 20:18:34,330 [main] INFO  space.exploration.mars.rover.kernel.SpacecraftClock - Curiosity internal spacecraft clock started at :: 2016-08-26T22:49:00.000Z
2018-08-01 20:18:34,330 [main] INFO  space.exploration.mars.rover.kernel.SpacecraftClock - Mission duration is set to :: 1 year(s).
2018-08-01 20:18:34,330 [main] INFO  space.exploration.mars.rover.kernel.SpacecraftClock - Mission duration = 31536000000
2018-08-01 20:18:34,330 [main] INFO  space.exploration.mars.rover.kernel.SpacecraftClock - Internal time::2016-08-26T22:49:00.000Z sclk of::
2018-08-01 20:18:34,330 [main] INFO  space.exploration.mars.rover.kernel.SpacecraftClock - Valid utc time ranges are dictated by clockService as follows:
2018-08-01 20:18:34,330 [main] INFO  space.exploration.mars.rover.kernel.SpacecraftClock - APPLICABLE_START_TIME=2000-001T11:58:55.816, APPLICABLE_STOP_TIME=2017-360T19:17:40.149
2018-08-01 20:18:34,330 [main] INFO  space.exploration.mars.rover.kernel.SpacecraftClock - Given UTC = 2016-08-26~17:49:00
2018-08-01 20:18:34,330 [main] INFO  space.exploration.mars.rover.kernel.SpacecraftClock - Please ensure that positionSensor and sclk are synchronized
2018-08-01 20:18:34,330 [main] INFO  space.exploration.mars.rover.kernel.SpacecraftClock - Curiosity internal spacecraft clock started at :: 2016-08-26T22:49:00.000Z
2018-08-01 20:18:34,330 [main] INFO  space.exploration.mars.rover.kernel.SpacecraftClock - Mission duration is set to :: 1 year(s).
2018-08-01 20:18:34,331 [main] INFO  space.exploration.mars.rover.kernel.SpacecraftClock - Mission duration = 31536000000
2018-08-01 20:18:34,331 [main] INFO  space.exploration.mars.rover.kernel.SpacecraftClock - UTCTime = 2016-05-05~12:00:00
2018-08-01 20:18:34,331 [main] INFO  space.exploration.mars.rover.kernel.SpacecraftClock - Valid utc time ranges are dictated by clockService as follows:
2018-08-01 20:18:34,331 [main] INFO  space.exploration.mars.rover.kernel.SpacecraftClock - APPLICABLE_START_TIME=2000-001T11:58:55.816, APPLICABLE_STOP_TIME=2017-360T19:17:40.149
2018-08-01 20:18:34,331 [main] INFO  space.exploration.mars.rover.kernel.SpacecraftClock - Given UTC = 2016-05-05~12:00:00
2018-08-01 20:18:34,331 [main] INFO  space.exploration.mars.rover.kernel.SpacecraftClock - Please ensure that positionSensor and sclk are synchronized
2018-08-01 20:18:35,331 [main] INFO  space.exploration.mars.rover.kernel.SpacecraftClock - Internal time::2016-05-05T12:03:00.000-05:00 sclk of::1/01332:07:09:48:04872
2018-08-01 20:18:36,333 [main] INFO  space.exploration.mars.rover.kernel.SpacecraftClock - Internal time::2016-05-05T12:04:00.000-05:00 sclk of::1/01332:07:10:46:44338
2018-08-01 20:18:37,333 [main] INFO  space.exploration.mars.rover.kernel.SpacecraftClock - Internal time::2016-05-05T12:05:00.000-05:00 sclk of::1/01332:07:11:44:83804
2018-08-01 20:18:38,335 [main] INFO  space.exploration.mars.rover.kernel.SpacecraftClock - Internal time::2016-05-05T12:06:00.000-05:00 sclk of::1/01332:07:12:43:23269
2018-08-01 20:18:39,336 [main] INFO  space.exploration.mars.rover.kernel.SpacecraftClock - Internal time::2016-05-05T12:07:00.000-05:00 sclk of::1/01332:07:13:41:62735
2018-08-01 20:18:40,337 [main] INFO  space.exploration.mars.rover.kernel.SpacecraftClock - Internal time::2016-05-05T12:08:00.000-05:00 sclk of::1/01332:07:14:40:02201
2018-08-01 20:18:41,337 [main] INFO  space.exploration.mars.rover.kernel.SpacecraftClock - Internal time::2016-05-05T12:09:00.000-05:00 sclk of::1/01332:07:15:38:41667
2018-08-01 20:18:42,339 [main] INFO  space.exploration.mars.rover.kernel.SpacecraftClock - Internal time::2016-05-05T12:10:00.000-05:00 sclk of::1/01332:07:17:35:20598
2018-08-01 20:18:43,339 [main] INFO  space.exploration.mars.rover.kernel.SpacecraftClock - Internal time::2016-05-05T12:11:00.000-05:00 sclk of::1/01332:07:17:35:20598
2018-08-01 20:18:44,340 [main] INFO  space.exploration.mars.rover.kernel.SpacecraftClock - Internal time::2016-05-05T12:12:00.000-05:00 sclk of::1/01332:07:19:31:99530
2018-08-01 20:18:44,340 [main] INFO  space.exploration.mars.rover.kernel.SpacecraftClock - Internal time::2016-05-05T12:12:00.000-05:00 sclk of::1/01332:07:19:31:99530
