2018-06-10 12:58:38,892 [roverMain] INFO  space.exploration.mars.rover.kernel.Rover - IsDirectory result = true
2018-06-10 12:58:38,932 [roverMain] INFO  space.exploration.mars.rover.kernel.Rover - Could not get timestamp for :: 0
2018-06-10 12:58:38,932 [roverMain] INFO  space.exploration.mars.rover.kernel.Rover - Could not get timestamp for :: 0
2018-06-10 12:58:38,932 [roverMain] INFO  space.exploration.mars.rover.kernel.Rover - Could not get timestamp for :: 0
2018-06-10 12:58:38,932 [roverMain] INFO  space.exploration.mars.rover.kernel.Rover - Could not get timestamp for :: 0
2018-06-10 12:58:38,932 [roverMain] INFO  space.exploration.mars.rover.kernel.Rover - Could not get timestamp for :: 0
2018-06-10 12:58:38,932 [roverMain] INFO  space.exploration.mars.rover.kernel.Rover - Could not get timestamp for :: 0
2018-06-10 12:58:38,932 [roverMain] INFO  space.exploration.mars.rover.kernel.Rover - Could not get timestamp for :: 0
2018-06-10 12:58:38,932 [roverMain] INFO  space.exploration.mars.rover.kernel.Rover - Could not get timestamp for :: 0
2018-06-10 12:58:38,933 [roverMain] INFO  space.exploration.mars.rover.kernel.Rover - Could not get timestamp for :: 0
2018-06-10 12:58:38,933 [roverMain] INFO  space.exploration.mars.rover.kernel.Rover - Could not get timestamp for :: 0
2018-06-10 12:58:38,933 [roverMain] INFO  space.exploration.mars.rover.kernel.Rover - Could not get timestamp for :: 0
2018-06-10 12:58:38,933 [roverMain] INFO  space.exploration.mars.rover.kernel.Rover - Could not get timestamp for :: 0
2018-06-10 12:58:38,933 [roverMain] INFO  space.exploration.mars.rover.kernel.Rover - Could not get timestamp for :: 0
2018-06-10 12:58:38,933 [roverMain] INFO  space.exploration.mars.rover.kernel.Rover - Could not get timestamp for :: 0
2018-06-10 12:58:38,933 [roverMain] INFO  space.exploration.mars.rover.kernel.Rover - Could not get timestamp for :: 0
2018-06-10 12:58:38,933 [roverMain] INFO  space.exploration.mars.rover.kernel.Rover - Could not get timestamp for :: 0
2018-06-10 12:58:38,933 [roverMain] INFO  space.exploration.mars.rover.kernel.Rover - Could not get timestamp for :: 0
2018-06-10 12:58:38,933 [roverMain] INFO  space.exploration.mars.rover.kernel.Rover - Could not get timestamp for :: 0
2018-06-10 12:58:38,933 [roverMain] INFO  space.exploration.mars.rover.kernel.Rover - Could not get timestamp for :: 0
2018-06-10 12:58:38,933 [roverMain] INFO  space.exploration.mars.rover.kernel.Rover - Could not get timestamp for :: 0
2018-06-10 12:58:38,934 [roverMain] INFO  space.exploration.mars.rover.kernel.Rover - Could not get timestamp for :: 0
2018-06-10 12:58:38,934 [roverMain] INFO  space.exploration.mars.rover.kernel.Rover - Could not get timestamp for :: 0
2018-06-10 12:58:38,934 [roverMain] INFO  space.exploration.mars.rover.kernel.Rover - Could not get timestamp for :: 0
2018-06-10 12:58:38,934 [roverMain] INFO  space.exploration.mars.rover.kernel.Rover - Could not get timestamp for :: 0
2018-06-10 12:58:38,934 [roverMain] INFO  space.exploration.mars.rover.kernel.Rover - Could not get timestamp for :: 0
2018-06-10 12:58:38,934 [roverMain] INFO  space.exploration.mars.rover.kernel.Rover - Could not get timestamp for :: 0
2018-06-10 12:58:38,934 [roverMain] INFO  space.exploration.mars.rover.kernel.Rover - Could not get timestamp for :: 0
2018-06-10 12:58:38,934 [roverMain] INFO  space.exploration.mars.rover.kernel.Rover - Could not get timestamp for :: 0
2018-06-10 12:58:38,934 [roverMain] INFO  space.exploration.mars.rover.kernel.Rover - Could not get timestamp for :: 0
2018-06-10 12:58:38,934 [roverMain] INFO  space.exploration.mars.rover.kernel.Rover - Could not get timestamp for :: 0
2018-06-10 12:58:38,935 [roverMain] INFO  space.exploration.mars.rover.kernel.Rover - Could not get timestamp for :: 0
2018-06-10 12:58:38,935 [roverMain] INFO  space.exploration.mars.rover.kernel.Rover - Could not get timestamp for :: 0
2018-06-10 12:58:38,935 [roverMain] INFO  space.exploration.mars.rover.kernel.Rover - Could not get timestamp for :: 0
2018-06-10 12:58:38,935 [roverMain] INFO  space.exploration.mars.rover.kernel.Rover - Could not get timestamp for :: 0
2018-06-10 12:58:38,935 [roverMain] INFO  space.exploration.mars.rover.kernel.Rover - Could not get timestamp for :: 0
2018-06-10 12:58:38,935 [roverMain] INFO  space.exploration.mars.rover.kernel.Rover - Could not get timestamp for :: 0
2018-06-10 12:58:38,935 [roverMain] INFO  space.exploration.mars.rover.kernel.Rover - Could not get timestamp for :: 0
2018-06-10 12:58:38,935 [roverMain] INFO  space.exploration.mars.rover.kernel.Rover - Could not get timestamp for :: 0
2018-06-10 12:58:38,935 [roverMain] INFO  space.exploration.mars.rover.kernel.Rover - Could not get timestamp for :: 0
2018-06-10 12:58:38,935 [roverMain] INFO  space.exploration.mars.rover.kernel.Rover - Could not get timestamp for :: 0
2018-06-10 12:58:38,935 [roverMain] INFO  space.exploration.mars.rover.kernel.Rover - Could not get timestamp for :: 0
2018-06-10 12:58:38,936 [roverMain] INFO  space.exploration.mars.rover.kernel.Rover - Could not get timestamp for :: 0
2018-06-10 12:58:38,936 [roverMain] INFO  space.exploration.mars.rover.kernel.Rover - Could not get timestamp for :: 0
2018-06-10 12:58:38,936 [roverMain] INFO  space.exploration.mars.rover.kernel.Rover - Could not get timestamp for :: 0
2018-06-10 12:58:38,936 [roverMain] INFO  space.exploration.mars.rover.kernel.Rover - Could not get timestamp for :: 0
2018-06-10 12:58:38,936 [roverMain] INFO  space.exploration.mars.rover.kernel.Rover - Could not get timestamp for :: 0
2018-06-10 12:58:38,936 [roverMain] INFO  space.exploration.mars.rover.kernel.Rover - Could not get timestamp for :: 0
2018-06-10 12:58:38,936 [roverMain] INFO  space.exploration.mars.rover.kernel.Rover - Could not get timestamp for :: 0
2018-06-10 12:58:38,936 [roverMain] INFO  space.exploration.mars.rover.kernel.Rover - Could not get timestamp for :: 0
2018-06-10 12:58:38,936 [roverMain] INFO  space.exploration.mars.rover.kernel.Rover - Could not get timestamp for :: 0
2018-06-10 12:58:38,936 [roverMain] INFO  space.exploration.mars.rover.kernel.Rover - Could not get timestamp for :: 0
2018-06-10 12:58:38,936 [roverMain] INFO  space.exploration.mars.rover.kernel.Rover - Could not get timestamp for :: 0
2018-06-10 12:58:38,936 [roverMain] INFO  space.exploration.mars.rover.kernel.Rover - Could not get timestamp for :: 0
2018-06-10 12:58:38,936 [roverMain] INFO  space.exploration.mars.rover.kernel.Rover - Could not get timestamp for :: 0
2018-06-10 12:58:38,936 [roverMain] INFO  space.exploration.mars.rover.kernel.Rover - Could not get timestamp for :: 0
2018-06-10 12:58:38,936 [roverMain] INFO  space.exploration.mars.rover.kernel.Rover - Could not get timestamp for :: 0
2018-06-10 12:58:38,936 [roverMain] INFO  space.exploration.mars.rover.kernel.Rover - Could not get timestamp for :: 0
2018-06-10 12:58:38,936 [roverMain] INFO  space.exploration.mars.rover.kernel.Rover - Could not get timestamp for :: 0
2018-06-10 12:58:38,937 [roverMain] INFO  space.exploration.mars.rover.kernel.Rover - Could not get timestamp for :: 0
2018-06-10 12:58:38,937 [roverMain] INFO  space.exploration.mars.rover.kernel.Rover - Could not get timestamp for :: 0
2018-06-10 12:58:38,937 [roverMain] INFO  space.exploration.mars.rover.kernel.Rover - Could not get timestamp for :: 0
2018-06-10 12:58:38,937 [roverMain] INFO  space.exploration.mars.rover.kernel.Rover - Could not get timestamp for :: 0
2018-06-10 12:58:38,937 [roverMain] INFO  space.exploration.mars.rover.kernel.Rover - Could not get timestamp for :: 0
2018-06-10 12:58:38,937 [roverMain] INFO  space.exploration.mars.rover.kernel.Rover - Could not get timestamp for :: 0
2018-06-10 12:58:38,937 [roverMain] INFO  space.exploration.mars.rover.kernel.Rover - Could not get timestamp for :: 0
2018-06-10 12:58:38,937 [roverMain] INFO  space.exploration.mars.rover.kernel.Rover - Could not get timestamp for :: 0
2018-06-10 12:58:38,937 [roverMain] INFO  space.exploration.mars.rover.kernel.Rover - Could not get timestamp for :: 0
2018-06-10 12:58:38,937 [roverMain] INFO  space.exploration.mars.rover.kernel.Rover - Could not get timestamp for :: 0
2018-06-10 12:58:38,937 [roverMain] INFO  space.exploration.mars.rover.kernel.Rover - Could not get timestamp for :: 0
2018-06-10 12:58:38,937 [roverMain] INFO  space.exploration.mars.rover.kernel.Rover - Could not get timestamp for :: 0
2018-06-10 12:58:38,937 [roverMain] INFO  space.exploration.mars.rover.kernel.Rover - Could not get timestamp for :: 0
2018-06-10 12:58:38,937 [roverMain] INFO  space.exploration.mars.rover.kernel.Rover - Could not get timestamp for :: 0
2018-06-10 12:58:38,937 [roverMain] INFO  space.exploration.mars.rover.kernel.Rover - Could not get timestamp for :: 0
2018-06-10 12:58:38,937 [roverMain] INFO  space.exploration.mars.rover.kernel.Rover - Could not get timestamp for :: 0
2018-06-10 12:58:38,937 [roverMain] INFO  space.exploration.mars.rover.kernel.Rover - Could not get timestamp for :: 0
2018-06-10 12:58:38,938 [roverMain] INFO  space.exploration.mars.rover.kernel.Rover - Could not get timestamp for :: 0
2018-06-10 12:58:38,938 [roverMain] INFO  space.exploration.mars.rover.kernel.Rover - Could not get timestamp for :: 0
2018-06-10 12:58:38,938 [roverMain] INFO  space.exploration.mars.rover.kernel.Rover - Could not get timestamp for :: 0
2018-06-10 12:58:38,938 [roverMain] INFO  space.exploration.mars.rover.kernel.Rover - Could not get timestamp for :: 0
2018-06-10 12:58:38,938 [roverMain] INFO  space.exploration.mars.rover.kernel.Rover - Could not get timestamp for :: 0
2018-06-10 12:58:38,938 [roverMain] INFO  space.exploration.mars.rover.kernel.Rover - Could not get timestamp for :: 0
2018-06-10 12:58:38,938 [roverMain] INFO  space.exploration.mars.rover.kernel.Rover - Could not get timestamp for :: 0
2018-06-10 12:58:38,938 [roverMain] INFO  space.exploration.mars.rover.kernel.Rover - Could not get timestamp for :: 0
2018-06-10 12:58:38,938 [roverMain] INFO  space.exploration.mars.rover.kernel.Rover - Could not get timestamp for :: 0
2018-06-10 12:58:38,938 [roverMain] INFO  space.exploration.mars.rover.kernel.Rover - Could not get timestamp for :: 0
2018-06-10 12:58:38,938 [roverMain] INFO  space.exploration.mars.rover.kernel.Rover - Could not get timestamp for :: 0
2018-06-10 12:58:38,938 [roverMain] INFO  space.exploration.mars.rover.kernel.Rover - Could not get timestamp for :: 0
2018-06-10 12:58:38,938 [roverMain] INFO  space.exploration.mars.rover.kernel.Rover - Could not get timestamp for :: 0
2018-06-10 12:58:38,938 [roverMain] INFO  space.exploration.mars.rover.kernel.Rover - Could not get timestamp for :: 0
2018-06-10 12:58:38,938 [roverMain] INFO  space.exploration.mars.rover.kernel.Rover - Could not get timestamp for :: 0
2018-06-10 12:58:38,938 [roverMain] INFO  space.exploration.mars.rover.kernel.Rover - Could not get timestamp for :: 0
2018-06-10 12:58:38,938 [roverMain] INFO  space.exploration.mars.rover.kernel.Rover - Could not get timestamp for :: 0
2018-06-10 12:58:38,939 [roverMain] INFO  space.exploration.mars.rover.kernel.Rover - Could not get timestamp for :: 0
2018-06-10 12:58:38,939 [roverMain] INFO  space.exploration.mars.rover.kernel.Rover - Could not get timestamp for :: 0
2018-06-10 12:58:38,939 [roverMain] INFO  space.exploration.mars.rover.kernel.Rover - Could not get timestamp for :: 0
2018-06-10 12:58:38,939 [roverMain] INFO  space.exploration.mars.rover.kernel.Rover - Could not get timestamp for :: 0
2018-06-10 12:58:38,939 [roverMain] INFO  space.exploration.mars.rover.kernel.Rover - Could not get timestamp for :: 0
2018-06-10 12:58:38,939 [roverMain] INFO  space.exploration.mars.rover.kernel.Rover - Could not get timestamp for :: 0
2018-06-10 12:58:38,939 [roverMain] INFO  space.exploration.mars.rover.kernel.Rover - Could not get timestamp for :: 0
2018-06-10 12:58:38,939 [roverMain] INFO  space.exploration.mars.rover.kernel.Rover - Could not get timestamp for :: 0
2018-06-10 12:58:38,939 [roverMain] INFO  space.exploration.mars.rover.kernel.Rover - Could not get timestamp for :: 0
2018-06-10 12:58:38,939 [roverMain] INFO  space.exploration.mars.rover.kernel.Rover - Could not get timestamp for :: 0
2018-06-10 12:58:38,939 [roverMain] INFO  space.exploration.mars.rover.kernel.Rover - Could not get timestamp for :: 0
2018-06-10 12:58:38,939 [roverMain] INFO  space.exploration.mars.rover.kernel.Rover - Could not get timestamp for :: 0
2018-06-10 12:58:38,939 [roverMain] INFO  space.exploration.mars.rover.kernel.Rover - Could not get timestamp for :: 0
2018-06-10 12:58:38,939 [roverMain] INFO  space.exploration.mars.rover.kernel.Rover - Could not get timestamp for :: 0
2018-06-10 12:58:38,939 [roverMain] INFO  space.exploration.mars.rover.kernel.Rover - Could not get timestamp for :: 0
2018-06-10 12:58:38,939 [roverMain] INFO  space.exploration.mars.rover.kernel.Rover - Could not get timestamp for :: 0
2018-06-10 12:58:38,939 [roverMain] INFO  space.exploration.mars.rover.kernel.Rover - Could not get timestamp for :: 0
2018-06-10 12:58:38,939 [roverMain] INFO  space.exploration.mars.rover.kernel.Rover - Could not get timestamp for :: 0
2018-06-10 12:58:38,939 [roverMain] INFO  space.exploration.mars.rover.kernel.Rover - Could not get timestamp for :: 0
2018-06-10 12:58:38,939 [roverMain] INFO  space.exploration.mars.rover.kernel.Rover - Could not get timestamp for :: 0
2018-06-10 12:58:38,939 [roverMain] INFO  space.exploration.mars.rover.kernel.Rover - Could not get timestamp for :: 0
2018-06-10 12:58:38,939 [roverMain] INFO  space.exploration.mars.rover.kernel.Rover - Could not get timestamp for :: 0
2018-06-10 12:58:38,940 [roverMain] INFO  space.exploration.mars.rover.kernel.Rover - Could not get timestamp for :: 0
2018-06-10 12:58:38,940 [roverMain] INFO  space.exploration.mars.rover.kernel.Rover - Could not get timestamp for :: 0
2018-06-10 12:58:38,940 [roverMain] INFO  space.exploration.mars.rover.kernel.Rover - Could not get timestamp for :: 0
2018-06-10 12:58:38,940 [roverMain] INFO  space.exploration.mars.rover.kernel.Rover - Could not get timestamp for :: 0
2018-06-10 12:58:38,940 [roverMain] INFO  space.exploration.mars.rover.kernel.Rover - Could not get timestamp for :: 0
2018-06-10 12:58:38,940 [roverMain] INFO  space.exploration.mars.rover.kernel.Rover - Could not get timestamp for :: 0
2018-06-10 12:58:38,940 [roverMain] INFO  space.exploration.mars.rover.kernel.Rover - Could not get timestamp for :: 0
2018-06-10 12:58:38,940 [roverMain] INFO  space.exploration.mars.rover.kernel.Rover - Could not get timestamp for :: 0
2018-06-10 12:58:38,940 [roverMain] INFO  space.exploration.mars.rover.kernel.Rover - Could not get timestamp for :: 0
2018-06-10 12:58:38,940 [roverMain] INFO  space.exploration.mars.rover.kernel.Rover - Could not get timestamp for :: 0
2018-06-10 12:58:38,940 [roverMain] INFO  space.exploration.mars.rover.kernel.Rover - Could not get timestamp for :: 0
2018-06-10 12:58:38,940 [roverMain] INFO  space.exploration.mars.rover.kernel.Rover - Could not get timestamp for :: 0
2018-06-10 12:58:38,940 [roverMain] INFO  space.exploration.mars.rover.kernel.Rover - Could not get timestamp for :: 0
2018-06-10 12:58:38,940 [roverMain] INFO  space.exploration.mars.rover.kernel.Rover - Could not get timestamp for :: 0
2018-06-10 12:58:38,940 [roverMain] INFO  space.exploration.mars.rover.kernel.Rover - Could not get timestamp for :: 0
2018-06-10 12:58:38,940 [roverMain] INFO  space.exploration.mars.rover.kernel.Rover - Could not get timestamp for :: 0
2018-06-10 12:58:38,940 [roverMain] INFO  space.exploration.mars.rover.kernel.Rover - Could not get timestamp for :: 0
2018-06-10 12:58:38,941 [roverMain] INFO  space.exploration.mars.rover.kernel.Rover - Could not get timestamp for :: 0
2018-06-10 12:58:38,941 [roverMain] INFO  space.exploration.mars.rover.kernel.Rover - Could not get timestamp for :: 0
2018-06-10 12:58:38,941 [roverMain] INFO  space.exploration.mars.rover.kernel.Rover - Could not get timestamp for :: 0
2018-06-10 12:58:38,941 [roverMain] INFO  space.exploration.mars.rover.kernel.Rover - Could not get timestamp for :: 0
2018-06-10 12:58:38,941 [roverMain] INFO  space.exploration.mars.rover.kernel.Rover - Could not get timestamp for :: 0
2018-06-10 12:58:38,941 [roverMain] INFO  space.exploration.mars.rover.kernel.Rover - Could not get timestamp for :: 0
2018-06-10 12:58:38,941 [roverMain] INFO  space.exploration.mars.rover.kernel.Rover - Could not get timestamp for :: 0
2018-06-10 12:58:38,941 [roverMain] INFO  space.exploration.mars.rover.kernel.Rover - Could not get timestamp for :: 0
2018-06-10 12:58:38,941 [roverMain] INFO  space.exploration.mars.rover.kernel.Rover - Could not get timestamp for :: 0
2018-06-10 12:58:38,941 [roverMain] INFO  space.exploration.mars.rover.kernel.Rover - Could not get timestamp for :: 0
2018-06-10 12:58:38,941 [roverMain] INFO  space.exploration.mars.rover.kernel.Rover - Could not get timestamp for :: 0
2018-06-10 12:58:38,941 [roverMain] INFO  space.exploration.mars.rover.kernel.Rover - Could not get timestamp for :: 0
2018-06-10 12:58:38,941 [roverMain] INFO  space.exploration.mars.rover.kernel.Rover - Could not get timestamp for :: 0
2018-06-10 12:58:38,941 [roverMain] INFO  space.exploration.mars.rover.kernel.Rover - Could not get timestamp for :: 0
2018-06-10 12:58:38,941 [roverMain] INFO  space.exploration.mars.rover.kernel.Rover - Could not get timestamp for :: 0
2018-06-10 12:58:38,941 [roverMain] INFO  space.exploration.mars.rover.kernel.Rover - Could not get timestamp for :: 0
2018-06-10 12:58:38,941 [roverMain] INFO  space.exploration.mars.rover.kernel.Rover - Could not get timestamp for :: 0
2018-06-10 12:58:38,941 [roverMain] INFO  space.exploration.mars.rover.kernel.Rover - Could not get timestamp for :: 0
2018-06-10 12:58:38,941 [roverMain] INFO  space.exploration.mars.rover.kernel.Rover - Could not get timestamp for :: 0
2018-06-10 12:58:38,941 [roverMain] INFO  space.exploration.mars.rover.kernel.Rover - Could not get timestamp for :: 0
2018-06-10 12:58:38,941 [roverMain] INFO  space.exploration.mars.rover.kernel.Rover - Could not get timestamp for :: 0
2018-06-10 12:58:38,941 [roverMain] INFO  space.exploration.mars.rover.kernel.Rover - Could not get timestamp for :: 0
2018-06-10 12:58:38,942 [roverMain] INFO  space.exploration.mars.rover.kernel.Rover - Could not get timestamp for :: 0
2018-06-10 12:58:38,942 [roverMain] INFO  space.exploration.mars.rover.kernel.Rover - Could not get timestamp for :: 0
2018-06-10 12:58:38,942 [roverMain] INFO  space.exploration.mars.rover.kernel.Rover - Could not get timestamp for :: 0
2018-06-10 12:58:38,942 [roverMain] INFO  space.exploration.mars.rover.kernel.Rover - Could not get timestamp for :: 0
2018-06-10 12:58:38,942 [roverMain] INFO  space.exploration.mars.rover.kernel.Rover - Could not get timestamp for :: 0
2018-06-10 12:58:38,942 [roverMain] INFO  space.exploration.mars.rover.kernel.Rover - Could not get timestamp for :: 0
2018-06-10 12:58:38,942 [roverMain] INFO  space.exploration.mars.rover.kernel.Rover - Could not get timestamp for :: 0
2018-06-10 12:58:38,942 [roverMain] INFO  space.exploration.mars.rover.kernel.Rover - Could not get timestamp for :: 0
2018-06-10 12:58:38,942 [roverMain] INFO  space.exploration.mars.rover.kernel.Rover - Could not get timestamp for :: 0
2018-06-10 12:58:38,942 [roverMain] INFO  space.exploration.mars.rover.kernel.Rover - Could not get timestamp for :: 0
2018-06-10 12:58:38,942 [roverMain] INFO  space.exploration.mars.rover.kernel.Rover - Could not get timestamp for :: 0
2018-06-10 12:58:38,942 [roverMain] INFO  space.exploration.mars.rover.kernel.Rover - Could not get timestamp for :: 0
2018-06-10 12:58:38,942 [roverMain] INFO  space.exploration.mars.rover.kernel.Rover - Could not get timestamp for :: 0
2018-06-10 12:58:38,942 [roverMain] INFO  space.exploration.mars.rover.kernel.Rover - Could not get timestamp for :: 0
2018-06-10 12:58:38,942 [roverMain] INFO  space.exploration.mars.rover.kernel.Rover - Could not get timestamp for :: 0
2018-06-10 12:58:38,942 [roverMain] INFO  space.exploration.mars.rover.kernel.Rover - Could not get timestamp for :: 0
2018-06-10 12:58:38,942 [roverMain] INFO  space.exploration.mars.rover.kernel.Rover - Could not get timestamp for :: 0
2018-06-10 12:58:38,942 [roverMain] INFO  space.exploration.mars.rover.kernel.Rover - Could not get timestamp for :: 0
2018-06-10 12:58:38,942 [roverMain] INFO  space.exploration.mars.rover.kernel.Rover - Could not get timestamp for :: 0
2018-06-10 12:58:38,942 [roverMain] INFO  space.exploration.mars.rover.kernel.Rover - Could not get timestamp for :: 0
2018-06-10 12:58:38,943 [roverMain] INFO  space.exploration.mars.rover.kernel.Rover - Could not get timestamp for :: 0
2018-06-10 12:58:38,943 [roverMain] INFO  space.exploration.mars.rover.kernel.Rover - Could not get timestamp for :: 0
2018-06-10 12:58:38,943 [roverMain] INFO  space.exploration.mars.rover.kernel.Rover - Could not get timestamp for :: 0
2018-06-10 12:58:38,943 [roverMain] INFO  space.exploration.mars.rover.kernel.Rover - Could not get timestamp for :: 0
2018-06-10 12:58:38,943 [roverMain] INFO  space.exploration.mars.rover.kernel.Rover - Could not get timestamp for :: 0
2018-06-10 12:58:38,943 [roverMain] INFO  space.exploration.mars.rover.kernel.Rover - Could not get timestamp for :: 0
2018-06-10 12:58:38,943 [roverMain] INFO  space.exploration.mars.rover.kernel.Rover - Could not get timestamp for :: 0
2018-06-10 12:58:38,943 [roverMain] INFO  space.exploration.mars.rover.kernel.Rover - Could not get timestamp for :: 0
2018-06-10 12:58:38,943 [roverMain] INFO  space.exploration.mars.rover.kernel.Rover - Could not get timestamp for :: 0
2018-06-10 12:58:38,943 [roverMain] INFO  space.exploration.mars.rover.kernel.Rover - Could not get timestamp for :: 0
2018-06-10 12:58:38,943 [roverMain] INFO  space.exploration.mars.rover.kernel.Rover - Could not get timestamp for :: 0
2018-06-10 12:58:38,943 [roverMain] INFO  space.exploration.mars.rover.kernel.Rover - Could not get timestamp for :: 0
2018-06-10 12:58:38,943 [roverMain] INFO  space.exploration.mars.rover.kernel.Rover - Could not get timestamp for :: 0
2018-06-10 12:58:38,943 [roverMain] INFO  space.exploration.mars.rover.kernel.Rover - Could not get timestamp for :: 0
2018-06-10 12:58:38,943 [roverMain] INFO  space.exploration.mars.rover.kernel.Rover - Could not get timestamp for :: 0
2018-06-10 12:58:38,943 [roverMain] INFO  space.exploration.mars.rover.kernel.Rover - Could not get timestamp for :: 0
2018-06-10 12:58:38,943 [roverMain] INFO  space.exploration.mars.rover.kernel.Rover - Could not get timestamp for :: 0
2018-06-10 12:58:38,943 [roverMain] INFO  space.exploration.mars.rover.kernel.Rover - Could not get timestamp for :: 0
2018-06-10 12:58:38,943 [roverMain] INFO  space.exploration.mars.rover.kernel.Rover - Could not get timestamp for :: 0
2018-06-10 12:58:38,943 [roverMain] INFO  space.exploration.mars.rover.kernel.Rover - Could not get timestamp for :: 0
2018-06-10 12:58:38,943 [roverMain] INFO  space.exploration.mars.rover.kernel.Rover - Could not get timestamp for :: 0
2018-06-10 12:58:38,943 [roverMain] INFO  space.exploration.mars.rover.kernel.Rover - Could not get timestamp for :: 0
2018-06-10 12:58:38,943 [roverMain] INFO  space.exploration.mars.rover.kernel.Rover - Could not get timestamp for :: 0
2018-06-10 12:58:38,943 [roverMain] INFO  space.exploration.mars.rover.kernel.Rover - Could not get timestamp for :: 0
2018-06-10 12:58:38,944 [roverMain] INFO  space.exploration.mars.rover.kernel.Rover - Could not get timestamp for :: 0
2018-06-10 12:58:38,944 [roverMain] INFO  space.exploration.mars.rover.kernel.Rover - Could not get timestamp for :: 0
2018-06-10 12:58:38,944 [roverMain] INFO  space.exploration.mars.rover.kernel.Rover - Could not get timestamp for :: 0
2018-06-10 12:58:38,944 [roverMain] INFO  space.exploration.mars.rover.kernel.Rover - Could not get timestamp for :: 0
2018-06-10 12:58:38,944 [roverMain] INFO  space.exploration.mars.rover.kernel.Rover - Deleted 0 old log files.
2018-06-10 12:58:38,945 [roverMain] INFO  space.exploration.mars.rover.kernel.Rover - marsRover launched with software version = 1.8
2018-06-10 12:58:39,986 [roverMain] INFO  space.exploration.mars.rover.kernel.SpacecraftClock - Valid utc time ranges are dictated by clockService as follows:
2018-06-10 12:58:39,986 [roverMain] INFO  space.exploration.mars.rover.kernel.SpacecraftClock - APPLICABLE_START_TIME=2000-001T11:58:55.816, APPLICABLE_STOP_TIME=2017-360T19:17:40.149
2018-06-10 12:58:39,986 [roverMain] INFO  space.exploration.mars.rover.kernel.SpacecraftClock - Given UTC = 2016-09-19~04:08:30
2018-06-10 12:58:39,986 [roverMain] INFO  space.exploration.mars.rover.kernel.SpacecraftClock - Please ensure that positionSensor and sclk are synchronized
2018-06-10 12:58:39,991 [roverMain] INFO  space.exploration.mars.rover.kernel.SpacecraftClock - Curiosity internal spacecraft clock started at :: 2016-09-19T09:08:30.000Z
2018-06-10 12:58:39,991 [roverMain] INFO  space.exploration.mars.rover.kernel.SpacecraftClock - Mission duration is set to :: 1 year(s).
2018-06-10 12:58:39,991 [roverMain] INFO  space.exploration.mars.rover.kernel.SpacecraftClock - Mission duration = 31536000000
2018-06-10 12:58:42,085 [roverMain] INFO  space.exploration.mars.rover.kernel.Rover - Rover + Curiosity states initialized. 
2018-06-10 12:58:42,089 [roverMain] INFO  space.exploration.mars.rover.diagnostics.Pacemaker - Pacemaker initialized
2018-06-10 12:58:43,093 [roverMain] INFO  space.exploration.mars.rover.diagnostics.SleepMonitor - SleepMonitor initialized and activated!
2018-06-10 12:58:44,097 [roverMain] INFO  space.exploration.mars.rover.diagnostics.RoverGarbageCollector - RoverGarbageCollector initialized
2018-06-10 12:58:44,098 [roverMain] INFO  space.exploration.mars.rover.diagnostics.RoverGarbageCollector - Starting garbageCollection
2018-06-10 12:58:46,100 [roverMain] INFO  space.exploration.mars.rover.kernel.Rover - Rover current position is = java.awt.Point[x=525,y=100]
2018-06-10 12:58:47,103 [roverMain] INFO  space.exploration.mars.rover.sensor.Lidar - Lidar initialized and ready!
2018-06-10 12:58:48,326 [roverMain] INFO  space.exploration.mars.rover.sensor.Camera - Camera initialized and ready!
2018-06-10 12:58:49,330 [roverMain] INFO  space.exploration.mars.rover.sensor.Radar - Radar configured:: 
2018-06-10 12:58:50,655 [roverMain] INFO  space.exploration.mars.rover.power.Battery - Battery configured, batteryLife:primaryPowerUnits = 1200 auxiliaryPowerUnits = 100 alertThreshold: 100 rechargeTime = 60000
2018-06-10 12:58:51,656 [roverMain] INFO  space.exploration.mars.rover.kernel.Rover - Battery Monitor configured!
2018-06-10 12:58:51,676 [roverMain] INFO  org.apache.kafka.clients.producer.ProducerConfig - ProducerConfig values: 
	metric.reporters = []
	metadata.max.age.ms = 300000
	reconnect.backoff.ms = 50
	sasl.kerberos.ticket.renew.window.factor = 0.8
	bootstrap.servers = [localhost:9092]
	ssl.keystore.type = JKS
	sasl.mechanism = GSSAPI
	max.block.ms = 60000
	interceptor.classes = null
	ssl.truststore.password = null
	client.id = 
	ssl.endpoint.identification.algorithm = null
	request.timeout.ms = 30000
	acks = 1
	receive.buffer.bytes = 32768
	ssl.truststore.type = JKS
	retries = 0
	ssl.truststore.location = null
	ssl.keystore.password = null
	send.buffer.bytes = 131072
	compression.type = none
	metadata.fetch.timeout.ms = 60000
	retry.backoff.ms = 100
	sasl.kerberos.kinit.cmd = /usr/bin/kinit
	buffer.memory = 33554432
	timeout.ms = 30000
	key.serializer = class org.apache.kafka.common.serialization.StringSerializer
	sasl.kerberos.service.name = null
	sasl.kerberos.ticket.renew.jitter = 0.05
	ssl.trustmanager.algorithm = PKIX
	block.on.buffer.full = false
	ssl.key.password = null
	sasl.kerberos.min.time.before.relogin = 60000
	connections.max.idle.ms = 540000
	max.in.flight.requests.per.connection = 5
	metrics.num.samples = 2
	ssl.protocol = TLS
	ssl.provider = null
	ssl.enabled.protocols = [TLSv1.2, TLSv1.1, TLSv1]
	batch.size = 16384
	ssl.keystore.location = null
	ssl.cipher.suites = null
	security.protocol = PLAINTEXT
	max.request.size = 1048576
	value.serializer = class org.apache.kafka.common.serialization.ByteArraySerializer
	ssl.keymanager.algorithm = SunX509
	metrics.sample.window.ms = 30000
	partitioner.class = class org.apache.kafka.clients.producer.internals.DefaultPartitioner
	linger.ms = 0

2018-06-10 12:58:51,739 [roverMain] INFO  org.apache.kafka.clients.producer.ProducerConfig - ProducerConfig values: 
	metric.reporters = []
	metadata.max.age.ms = 300000
	reconnect.backoff.ms = 50
	sasl.kerberos.ticket.renew.window.factor = 0.8
	bootstrap.servers = [localhost:9092]
	ssl.keystore.type = JKS
	sasl.mechanism = GSSAPI
	max.block.ms = 60000
	interceptor.classes = null
	ssl.truststore.password = null
	client.id = producer-1
	ssl.endpoint.identification.algorithm = null
	request.timeout.ms = 30000
	acks = 1
	receive.buffer.bytes = 32768
	ssl.truststore.type = JKS
	retries = 0
	ssl.truststore.location = null
	ssl.keystore.password = null
	send.buffer.bytes = 131072
	compression.type = none
	metadata.fetch.timeout.ms = 60000
	retry.backoff.ms = 100
	sasl.kerberos.kinit.cmd = /usr/bin/kinit
	buffer.memory = 33554432
	timeout.ms = 30000
	key.serializer = class org.apache.kafka.common.serialization.StringSerializer
	sasl.kerberos.service.name = null
	sasl.kerberos.ticket.renew.jitter = 0.05
	ssl.trustmanager.algorithm = PKIX
	block.on.buffer.full = false
	ssl.key.password = null
	sasl.kerberos.min.time.before.relogin = 60000
	connections.max.idle.ms = 540000
	max.in.flight.requests.per.connection = 5
	metrics.num.samples = 2
	ssl.protocol = TLS
	ssl.provider = null
	ssl.enabled.protocols = [TLSv1.2, TLSv1.1, TLSv1]
	batch.size = 16384
	ssl.keystore.location = null
	ssl.cipher.suites = null
	security.protocol = PLAINTEXT
	max.request.size = 1048576
	value.serializer = class org.apache.kafka.common.serialization.ByteArraySerializer
	ssl.keymanager.algorithm = SunX509
	metrics.sample.window.ms = 30000
	partitioner.class = class org.apache.kafka.clients.producer.internals.DefaultPartitioner
	linger.ms = 0

2018-06-10 12:58:51,740 [roverMain] WARN  org.apache.kafka.clients.producer.ProducerConfig - The configuration zookeeper.connect = localhost:2181 was supplied but isn't a known config.
2018-06-10 12:58:51,740 [roverMain] WARN  org.apache.kafka.clients.producer.ProducerConfig - The configuration group.id = space.exploration.mars.rover.curiosity.1528653518882 was supplied but isn't a known config.
2018-06-10 12:58:51,740 [roverMain] WARN  org.apache.kafka.clients.producer.ProducerConfig - The configuration source.topic = earth_to_curiosity_5 was supplied but isn't a known config.
2018-06-10 12:58:51,740 [roverMain] WARN  org.apache.kafka.clients.producer.ProducerConfig - The configuration auto.offset.reset = largest was supplied but isn't a known config.
2018-06-10 12:58:51,740 [roverMain] WARN  org.apache.kafka.clients.producer.ProducerConfig - The configuration metadata.broker.list = localhost:9092 was supplied but isn't a known config.
2018-06-10 12:58:51,740 [roverMain] WARN  org.apache.kafka.clients.producer.ProducerConfig - The configuration destination.topic = curiosity_to_earth_5 was supplied but isn't a known config.
2018-06-10 12:58:51,740 [roverMain] INFO  org.apache.kafka.common.utils.AppInfoParser - Kafka version : 0.10.0.1
2018-06-10 12:58:51,740 [roverMain] INFO  org.apache.kafka.common.utils.AppInfoParser - Kafka commitId : a7a17cdec9eaa6c5
2018-06-10 12:58:51,812 [roverMain] INFO          kafka.utils.VerifiableProperties - Verifying properties
2018-06-10 12:58:51,859 [roverMain] INFO          kafka.utils.VerifiableProperties - Property auto.offset.reset is overridden to largest
2018-06-10 12:58:51,860 [roverMain] WARN          kafka.utils.VerifiableProperties - Property bootstrap.servers is not valid
2018-06-10 12:58:51,860 [roverMain] WARN          kafka.utils.VerifiableProperties - Property destination.topic is not valid
2018-06-10 12:58:51,860 [roverMain] INFO          kafka.utils.VerifiableProperties - Property group.id is overridden to space.exploration.mars.rover.curiosity.1528653518882
2018-06-10 12:58:51,860 [roverMain] WARN          kafka.utils.VerifiableProperties - Property key.serializer is not valid
2018-06-10 12:58:51,860 [roverMain] WARN          kafka.utils.VerifiableProperties - Property metadata.broker.list is not valid
2018-06-10 12:58:51,860 [roverMain] WARN          kafka.utils.VerifiableProperties - Property source.topic is not valid
2018-06-10 12:58:51,861 [roverMain] WARN          kafka.utils.VerifiableProperties - Property value.serializer is not valid
2018-06-10 12:58:51,861 [roverMain] INFO          kafka.utils.VerifiableProperties - Property zookeeper.connect is overridden to localhost:2181
2018-06-10 12:58:51,887 [roverMain] INFO  kafka.consumer.ZookeeperConsumerConnector - [space.exploration.mars.rover.curiosity.1528653518882_zion-mainframe-1528653531886-fb54ec70], Connecting to zookeeper instance at localhost:2181
2018-06-10 12:58:51,891 [ZkClient-EventThread-31-localhost:2181] INFO         org.I0Itec.zkclient.ZkEventThread - Starting ZkClient event thread.
2018-06-10 12:58:51,894 [roverMain] INFO            org.apache.zookeeper.ZooKeeper - Client environment:zookeeper.version=3.4.6-1569965, built on 02/20/2014 09:09 GMT
2018-06-10 12:58:51,894 [roverMain] INFO            org.apache.zookeeper.ZooKeeper - Client environment:host.name=zion-mainframe
2018-06-10 12:58:51,894 [roverMain] INFO            org.apache.zookeeper.ZooKeeper - Client environment:java.version=1.8.0_171
2018-06-10 12:58:51,894 [roverMain] INFO            org.apache.zookeeper.ZooKeeper - Client environment:java.vendor=Oracle Corporation
2018-06-10 12:58:51,894 [roverMain] INFO            org.apache.zookeeper.ZooKeeper - Client environment:java.home=/usr/lib/jvm/java-8-openjdk-amd64/jre
2018-06-10 12:58:51,894 [roverMain] INFO            org.apache.zookeeper.ZooKeeper - Client environment:java.class.path=target/mars.rover-1.8-SOLSHOT-shaded.jar
2018-06-10 12:58:51,894 [roverMain] INFO            org.apache.zookeeper.ZooKeeper - Client environment:java.library.path=/usr/java/packages/lib/amd64:/usr/lib/x86_64-linux-gnu/jni:/lib/x86_64-linux-gnu:/usr/lib/x86_64-linux-gnu:/usr/lib/jni:/lib:/usr/lib
2018-06-10 12:58:51,894 [roverMain] INFO            org.apache.zookeeper.ZooKeeper - Client environment:java.io.tmpdir=/tmp
2018-06-10 12:58:51,894 [roverMain] INFO            org.apache.zookeeper.ZooKeeper - Client environment:java.compiler=<NA>
2018-06-10 12:58:51,894 [roverMain] INFO            org.apache.zookeeper.ZooKeeper - Client environment:os.name=Linux
2018-06-10 12:58:51,894 [roverMain] INFO            org.apache.zookeeper.ZooKeeper - Client environment:os.arch=amd64
2018-06-10 12:58:51,894 [roverMain] INFO            org.apache.zookeeper.ZooKeeper - Client environment:os.version=4.13.0-43-generic
2018-06-10 12:58:51,894 [roverMain] INFO            org.apache.zookeeper.ZooKeeper - Client environment:user.name=sanket
2018-06-10 12:58:51,894 [roverMain] INFO            org.apache.zookeeper.ZooKeeper - Client environment:user.home=/home/sanket
2018-06-10 12:58:51,894 [roverMain] INFO            org.apache.zookeeper.ZooKeeper - Client environment:user.dir=/home/sanket/Documents/workspace/MarsRover/mars.rover
2018-06-10 12:58:51,895 [roverMain] INFO            org.apache.zookeeper.ZooKeeper - Initiating client connection, connectString=localhost:2181 sessionTimeout=6000 watcher=org.I0Itec.zkclient.ZkClient@41c2284a
2018-06-10 12:58:51,900 [roverMain] INFO              org.I0Itec.zkclient.ZkClient - Waiting for keeper state SyncConnected
2018-06-10 12:58:51,901 [roverMain-SendThread(localhost:2181)] INFO           org.apache.zookeeper.ClientCnxn - Opening socket connection to server localhost/127.0.0.1:2181. Will not attempt to authenticate using SASL (unknown error)
2018-06-10 12:58:51,904 [roverMain-SendThread(localhost:2181)] INFO           org.apache.zookeeper.ClientCnxn - Socket connection established to localhost/127.0.0.1:2181, initiating session
2018-06-10 12:58:51,908 [roverMain-SendThread(localhost:2181)] INFO           org.apache.zookeeper.ClientCnxn - Session establishment complete on server localhost/127.0.0.1:2181, sessionid = 0x163e88725510003, negotiated timeout = 6000
2018-06-10 12:58:51,909 [roverMain-EventThread] INFO              org.I0Itec.zkclient.ZkClient - zookeeper state changed (SyncConnected)
2018-06-10 12:58:51,916 [roverMain] INFO  kafka.consumer.ZookeeperConsumerConnector - [space.exploration.mars.rover.curiosity.1528653518882_zion-mainframe-1528653531886-fb54ec70], starting auto committer every 60000 ms
2018-06-10 12:58:51,936 [radio] INFO  kafka.consumer.ZookeeperConsumerConnector - [space.exploration.mars.rover.curiosity.1528653518882_zion-mainframe-1528653531886-fb54ec70], begin registering consumer space.exploration.mars.rover.curiosity.1528653518882_zion-mainframe-1528653531886-fb54ec70 in ZK
2018-06-10 12:58:51,953 [radio] INFO            kafka.utils.ZKCheckedEphemeral - Creating /consumers/space.exploration.mars.rover.curiosity.1528653518882/ids/space.exploration.mars.rover.curiosity.1528653518882_zion-mainframe-1528653531886-fb54ec70 (is it secure? false)
2018-06-10 12:58:51,960 [radio] INFO            kafka.utils.ZKCheckedEphemeral - Result of znode creation is: OK
2018-06-10 12:58:51,961 [radio] INFO  kafka.consumer.ZookeeperConsumerConnector - [space.exploration.mars.rover.curiosity.1528653518882_zion-mainframe-1528653531886-fb54ec70], end registering consumer space.exploration.mars.rover.curiosity.1528653518882_zion-mainframe-1528653531886-fb54ec70 in ZK
2018-06-10 12:58:51,963 [space.exploration.mars.rover.curiosity.1528653518882_zion-mainframe-1528653531886-fb54ec70_watcher_executor] INFO  kafka.consumer.ZookeeperConsumerConnector - [space.exploration.mars.rover.curiosity.1528653518882_zion-mainframe-1528653531886-fb54ec70], starting watcher executor thread for consumer space.exploration.mars.rover.curiosity.1528653518882_zion-mainframe-1528653531886-fb54ec70
2018-06-10 12:58:51,973 [radio] INFO  kafka.consumer.ZookeeperConsumerConnector - [space.exploration.mars.rover.curiosity.1528653518882_zion-mainframe-1528653531886-fb54ec70], begin rebalancing consumer space.exploration.mars.rover.curiosity.1528653518882_zion-mainframe-1528653531886-fb54ec70 try #0
2018-06-10 12:58:52,037 [radio] INFO     kafka.consumer.ConsumerFetcherManager - [ConsumerFetcherManager-1528653531914] Stopping leader finder thread
2018-06-10 12:58:52,038 [radio] INFO     kafka.consumer.ConsumerFetcherManager - [ConsumerFetcherManager-1528653531914] Stopping all fetchers
2018-06-10 12:58:52,038 [radio] INFO     kafka.consumer.ConsumerFetcherManager - [ConsumerFetcherManager-1528653531914] All connections stopped
2018-06-10 12:58:52,038 [radio] INFO  kafka.consumer.ZookeeperConsumerConnector - [space.exploration.mars.rover.curiosity.1528653518882_zion-mainframe-1528653531886-fb54ec70], Cleared all relevant queues for this fetcher
2018-06-10 12:58:52,039 [radio] INFO  kafka.consumer.ZookeeperConsumerConnector - [space.exploration.mars.rover.curiosity.1528653518882_zion-mainframe-1528653531886-fb54ec70], Cleared the data chunks in all the consumer message iterators
2018-06-10 12:58:52,039 [radio] INFO  kafka.consumer.ZookeeperConsumerConnector - [space.exploration.mars.rover.curiosity.1528653518882_zion-mainframe-1528653531886-fb54ec70], Committing all offsets after clearing the fetcher queues
2018-06-10 12:58:52,040 [radio] INFO  kafka.consumer.ZookeeperConsumerConnector - [space.exploration.mars.rover.curiosity.1528653518882_zion-mainframe-1528653531886-fb54ec70], Releasing partition ownership
2018-06-10 12:58:52,058 [radio] INFO              kafka.consumer.RangeAssignor - Consumer space.exploration.mars.rover.curiosity.1528653518882_zion-mainframe-1528653531886-fb54ec70 rebalancing the following partitions: ArrayBuffer() for topic earth_to_curiosity_5 with consumers: List(space.exploration.mars.rover.curiosity.1528653518882_zion-mainframe-1528653531886-fb54ec70-0)
2018-06-10 12:58:52,059 [radio] WARN              kafka.consumer.RangeAssignor - No broker partitions consumed by consumer thread space.exploration.mars.rover.curiosity.1528653518882_zion-mainframe-1528653531886-fb54ec70-0 for topic earth_to_curiosity_5
2018-06-10 12:58:52,065 [radio] INFO  kafka.consumer.ZookeeperConsumerConnector - [space.exploration.mars.rover.curiosity.1528653518882_zion-mainframe-1528653531886-fb54ec70], Consumer space.exploration.mars.rover.curiosity.1528653518882_zion-mainframe-1528653531886-fb54ec70 selected partitions : 
2018-06-10 12:58:52,066 [space.exploration.mars.rover.curiosity.1528653518882_zion-mainframe-1528653531886-fb54ec70-leader-finder-thread] INFO  kafka.consumer.ConsumerFetcherManager$LeaderFinderThread - [space.exploration.mars.rover.curiosity.1528653518882_zion-mainframe-1528653531886-fb54ec70-leader-finder-thread], Starting 
2018-06-10 12:58:52,067 [radio] INFO  kafka.consumer.ZookeeperConsumerConnector - [space.exploration.mars.rover.curiosity.1528653518882_zion-mainframe-1528653531886-fb54ec70], end rebalancing consumer space.exploration.mars.rover.curiosity.1528653518882_zion-mainframe-1528653531886-fb54ec70 try #0
2018-06-10 12:58:52,919 [roverMain] INFO  space.exploration.mars.rover.communication.Radio - Radio configured:: 
group.id::space.exploration.mars.rover.curiosity.1528653518882
auto.offset.reset::largest
bootstrap.servers::localhost:9092
value.serializer::org.apache.kafka.common.serialization.ByteArraySerializer
destination.topic::curiosity_to_earth_5
zookeeper.connect::localhost:2181
key.serializer::org.apache.kafka.common.serialization.StringSerializer
source.topic::earth_to_curiosity_5
metadata.broker.list::localhost:9092
2018-06-10 12:58:53,920 [roverMain] INFO  space.exploration.mars.rover.sensor.Radar - Radar configured:: 
2018-06-10 12:59:00,126 [roverMain] INFO  space.exploration.mars.rover.communication.Radio - Message encryption successful.
2018-06-10 12:59:00,176 [kafka-producer-network-thread | producer-1] WARN    org.apache.kafka.clients.NetworkClient - Error while fetching metadata with correlation id 0 : {curiosity_to_earth_5=LEADER_NOT_AVAILABLE}
2018-06-10 12:59:00,278 [kafka-producer-network-thread | producer-1] WARN    org.apache.kafka.clients.NetworkClient - Error while fetching metadata with correlation id 1 : {curiosity_to_earth_5=LEADER_NOT_AVAILABLE}
2018-06-10 12:59:00,389 [kafka-producer-network-thread | producer-1] WARN    org.apache.kafka.clients.NetworkClient - Error while fetching metadata with correlation id 2 : {curiosity_to_earth_5=LEADER_NOT_AVAILABLE}
2018-06-10 12:59:00,495 [kafka-producer-network-thread | producer-1] WARN    org.apache.kafka.clients.NetworkClient - Error while fetching metadata with correlation id 3 : {curiosity_to_earth_5=LEADER_NOT_AVAILABLE}
2018-06-10 12:59:00,601 [kafka-producer-network-thread | producer-1] WARN    org.apache.kafka.clients.NetworkClient - Error while fetching metadata with correlation id 4 : {curiosity_to_earth_5=LEADER_NOT_AVAILABLE}
2018-06-10 12:59:00,709 [roverMain] INFO  space.exploration.mars.rover.communication.Transmitter - Sending information packet to curiosity_to_earth_5
2018-06-10 12:59:03,712 [spacecraftClock] INFO  space.exploration.mars.rover.sensor.DANSpectrometer - Commencing calibration for DAN Spectrometer for sol = 1465
2018-06-10 12:59:04,176 [spacecraftClock] INFO  space.exploration.mars.rover.utils.FileUtil - File /home/sanket/Documents/workspace/MarsRover/mars.rover/dataArchives/APXS/1465/ does not exist. Trying to create it now.
2018-06-10 12:59:04,176 [spacecraftClock] INFO  space.exploration.mars.rover.utils.FileUtil - Successfully created /home/sanket/Documents/workspace/MarsRover/mars.rover/dataArchives/APXS/1465/
2018-06-10 12:59:04,231 [spacecraftClock] ERROR space.exploration.mars.rover.service.ApxsDataService -  Could not find data files for sol = 1465 url = http://pds-geosciences.wustl.edu/msl/msl-m-apxs-4_5-rdr-v1/mslapx_1xxx/data/sol01465/
org.jsoup.HttpStatusException: HTTP error fetching URL. Status=404, URL=http://pds-geosciences.wustl.edu/msl/msl-m-apxs-4_5-rdr-v1/mslapx_1xxx/data/sol01465/
	at org.jsoup.helper.HttpConnection$Response.execute(HttpConnection.java:537)
	at org.jsoup.helper.HttpConnection$Response.execute(HttpConnection.java:493)
	at org.jsoup.helper.HttpConnection.execute(HttpConnection.java:205)
	at org.jsoup.helper.HttpConnection.get(HttpConnection.java:194)
	at space.exploration.mars.rover.service.ApxsDataService.getTargetURL(ApxsDataService.java:52)
	at space.exploration.mars.rover.service.ApxsDataService.<init>(ApxsDataService.java:25)
	at space.exploration.mars.rover.sensor.ApxsSpectrometer.calibrateApxsSpectrometer(ApxsSpectrometer.java:39)
	at space.exploration.mars.rover.kernel.Rover.updateSensors(Rover.java:342)
	at space.exploration.mars.rover.kernel.SpacecraftClock$Clock.run(SpacecraftClock.java:225)
	at java.util.concurrent.Executors$RunnableAdapter.call(Executors.java:511)
	at java.util.concurrent.FutureTask.runAndReset(FutureTask.java:308)
	at java.util.concurrent.ScheduledThreadPoolExecutor$ScheduledFutureTask.access$301(ScheduledThreadPoolExecutor.java:180)
	at java.util.concurrent.ScheduledThreadPoolExecutor$ScheduledFutureTask.run(ScheduledThreadPoolExecutor.java:294)
	at java.util.concurrent.ThreadPoolExecutor.runWorker(ThreadPoolExecutor.java:1149)
	at java.util.concurrent.ThreadPoolExecutor$Worker.run(ThreadPoolExecutor.java:624)
	at java.lang.Thread.run(Thread.java:748)
2018-06-10 12:59:04,233 [spacecraftClock] INFO  space.exploration.mars.rover.utils.FileUtil - File at /home/sanket/Documents/workspace/MarsRover/mars.rover/dataArchives/APXS/1465/ exists - will delete it now.
2018-06-10 12:59:04,234 [spacecraftClock] ERROR space.exploration.mars.rover.sensor.ApxsSpectrometer - ApxsData not available for sol = 1465
java.net.MalformedURLException
	at java.net.URL.<init>(URL.java:627)
	at java.net.URL.<init>(URL.java:490)
	at java.net.URL.<init>(URL.java:439)
	at space.exploration.mars.rover.utils.ServiceUtil.download(ServiceUtil.java:15)
	at space.exploration.mars.rover.utils.ServiceUtil.downloadCsv(ServiceUtil.java:40)
	at space.exploration.mars.rover.service.ApxsDataService.<init>(ApxsDataService.java:27)
	at space.exploration.mars.rover.sensor.ApxsSpectrometer.calibrateApxsSpectrometer(ApxsSpectrometer.java:39)
	at space.exploration.mars.rover.kernel.Rover.updateSensors(Rover.java:342)
	at space.exploration.mars.rover.kernel.SpacecraftClock$Clock.run(SpacecraftClock.java:225)
	at java.util.concurrent.Executors$RunnableAdapter.call(Executors.java:511)
	at java.util.concurrent.FutureTask.runAndReset(FutureTask.java:308)
	at java.util.concurrent.ScheduledThreadPoolExecutor$ScheduledFutureTask.access$301(ScheduledThreadPoolExecutor.java:180)
	at java.util.concurrent.ScheduledThreadPoolExecutor$ScheduledFutureTask.run(ScheduledThreadPoolExecutor.java:294)
	at java.util.concurrent.ThreadPoolExecutor.runWorker(ThreadPoolExecutor.java:1149)
	at java.util.concurrent.ThreadPoolExecutor$Worker.run(ThreadPoolExecutor.java:624)
	at java.lang.Thread.run(Thread.java:748)
Caused by: java.lang.NullPointerException
	at java.net.URL.<init>(URL.java:532)
	... 15 more
2018-06-10 12:59:04,236 [sleepMonitor] INFO  space.exploration.mars.rover.animation.SleepingAnimationEngine - Rover is sleeping now
2018-06-10 12:59:20,511 [ZkClient-EventThread-31-localhost:2181] INFO  kafka.consumer.ZookeeperConsumerConnector - [space.exploration.mars.rover.curiosity.1528653518882_zion-mainframe-1528653531886-fb54ec70], Topic info for path /brokers/topics/earth_to_curiosity_5 changed to {"version":1,"partitions":{"0":[0]}}, triggering rebalance
2018-06-10 12:59:20,512 [space.exploration.mars.rover.curiosity.1528653518882_zion-mainframe-1528653531886-fb54ec70_watcher_executor] INFO  kafka.consumer.ZookeeperConsumerConnector - [space.exploration.mars.rover.curiosity.1528653518882_zion-mainframe-1528653531886-fb54ec70], begin rebalancing consumer space.exploration.mars.rover.curiosity.1528653518882_zion-mainframe-1528653531886-fb54ec70 try #0
2018-06-10 12:59:20,528 [space.exploration.mars.rover.curiosity.1528653518882_zion-mainframe-1528653531886-fb54ec70_watcher_executor] INFO     kafka.consumer.ConsumerFetcherManager - [ConsumerFetcherManager-1528653531914] Stopping leader finder thread
2018-06-10 12:59:20,532 [space.exploration.mars.rover.curiosity.1528653518882_zion-mainframe-1528653531886-fb54ec70_watcher_executor] INFO  kafka.consumer.ConsumerFetcherManager$LeaderFinderThread - [space.exploration.mars.rover.curiosity.1528653518882_zion-mainframe-1528653531886-fb54ec70-leader-finder-thread], Shutting down
2018-06-10 12:59:20,532 [space.exploration.mars.rover.curiosity.1528653518882_zion-mainframe-1528653531886-fb54ec70_watcher_executor] INFO  kafka.consumer.ConsumerFetcherManager$LeaderFinderThread - [space.exploration.mars.rover.curiosity.1528653518882_zion-mainframe-1528653531886-fb54ec70-leader-finder-thread], Shutdown completed
2018-06-10 12:59:20,532 [space.exploration.mars.rover.curiosity.1528653518882_zion-mainframe-1528653531886-fb54ec70-leader-finder-thread] INFO  kafka.consumer.ConsumerFetcherManager$LeaderFinderThread - [space.exploration.mars.rover.curiosity.1528653518882_zion-mainframe-1528653531886-fb54ec70-leader-finder-thread], Stopped 
2018-06-10 12:59:20,533 [space.exploration.mars.rover.curiosity.1528653518882_zion-mainframe-1528653531886-fb54ec70_watcher_executor] INFO     kafka.consumer.ConsumerFetcherManager - [ConsumerFetcherManager-1528653531914] Stopping all fetchers
2018-06-10 12:59:20,533 [space.exploration.mars.rover.curiosity.1528653518882_zion-mainframe-1528653531886-fb54ec70_watcher_executor] INFO     kafka.consumer.ConsumerFetcherManager - [ConsumerFetcherManager-1528653531914] All connections stopped
2018-06-10 12:59:20,533 [space.exploration.mars.rover.curiosity.1528653518882_zion-mainframe-1528653531886-fb54ec70_watcher_executor] INFO  kafka.consumer.ZookeeperConsumerConnector - [space.exploration.mars.rover.curiosity.1528653518882_zion-mainframe-1528653531886-fb54ec70], Cleared all relevant queues for this fetcher
2018-06-10 12:59:20,533 [space.exploration.mars.rover.curiosity.1528653518882_zion-mainframe-1528653531886-fb54ec70_watcher_executor] INFO  kafka.consumer.ZookeeperConsumerConnector - [space.exploration.mars.rover.curiosity.1528653518882_zion-mainframe-1528653531886-fb54ec70], Cleared the data chunks in all the consumer message iterators
2018-06-10 12:59:20,533 [space.exploration.mars.rover.curiosity.1528653518882_zion-mainframe-1528653531886-fb54ec70_watcher_executor] INFO  kafka.consumer.ZookeeperConsumerConnector - [space.exploration.mars.rover.curiosity.1528653518882_zion-mainframe-1528653531886-fb54ec70], Committing all offsets after clearing the fetcher queues
2018-06-10 12:59:20,534 [space.exploration.mars.rover.curiosity.1528653518882_zion-mainframe-1528653531886-fb54ec70_watcher_executor] INFO  kafka.consumer.ZookeeperConsumerConnector - [space.exploration.mars.rover.curiosity.1528653518882_zion-mainframe-1528653531886-fb54ec70], Releasing partition ownership
2018-06-10 12:59:20,545 [space.exploration.mars.rover.curiosity.1528653518882_zion-mainframe-1528653531886-fb54ec70_watcher_executor] INFO              kafka.consumer.RangeAssignor - Consumer space.exploration.mars.rover.curiosity.1528653518882_zion-mainframe-1528653531886-fb54ec70 rebalancing the following partitions: ArrayBuffer(0) for topic earth_to_curiosity_5 with consumers: List(space.exploration.mars.rover.curiosity.1528653518882_zion-mainframe-1528653531886-fb54ec70-0)
2018-06-10 12:59:20,547 [space.exploration.mars.rover.curiosity.1528653518882_zion-mainframe-1528653531886-fb54ec70_watcher_executor] INFO              kafka.consumer.RangeAssignor - space.exploration.mars.rover.curiosity.1528653518882_zion-mainframe-1528653531886-fb54ec70-0 attempting to claim partition 0
2018-06-10 12:59:20,562 [space.exploration.mars.rover.curiosity.1528653518882_zion-mainframe-1528653531886-fb54ec70_watcher_executor] INFO  kafka.consumer.ZookeeperConsumerConnector - [space.exploration.mars.rover.curiosity.1528653518882_zion-mainframe-1528653531886-fb54ec70], space.exploration.mars.rover.curiosity.1528653518882_zion-mainframe-1528653531886-fb54ec70-0 successfully owned partition 0 for topic earth_to_curiosity_5
2018-06-10 12:59:20,567 [space.exploration.mars.rover.curiosity.1528653518882_zion-mainframe-1528653531886-fb54ec70_watcher_executor] INFO  kafka.consumer.ZookeeperConsumerConnector - [space.exploration.mars.rover.curiosity.1528653518882_zion-mainframe-1528653531886-fb54ec70], Consumer space.exploration.mars.rover.curiosity.1528653518882_zion-mainframe-1528653531886-fb54ec70 selected partitions : earth_to_curiosity_5:0: fetched offset = -1: consumed offset = -1
2018-06-10 12:59:20,575 [space.exploration.mars.rover.curiosity.1528653518882_zion-mainframe-1528653531886-fb54ec70-leader-finder-thread] INFO  kafka.consumer.ConsumerFetcherManager$LeaderFinderThread - [space.exploration.mars.rover.curiosity.1528653518882_zion-mainframe-1528653531886-fb54ec70-leader-finder-thread], Starting 
2018-06-10 12:59:20,575 [space.exploration.mars.rover.curiosity.1528653518882_zion-mainframe-1528653531886-fb54ec70_watcher_executor] INFO  kafka.consumer.ZookeeperConsumerConnector - [space.exploration.mars.rover.curiosity.1528653518882_zion-mainframe-1528653531886-fb54ec70], end rebalancing consumer space.exploration.mars.rover.curiosity.1528653518882_zion-mainframe-1528653531886-fb54ec70 try #0
2018-06-10 12:59:20,587 [space.exploration.mars.rover.curiosity.1528653518882_zion-mainframe-1528653531886-fb54ec70-leader-finder-thread] INFO          kafka.utils.VerifiableProperties - Verifying properties
2018-06-10 12:59:20,588 [space.exploration.mars.rover.curiosity.1528653518882_zion-mainframe-1528653531886-fb54ec70-leader-finder-thread] INFO          kafka.utils.VerifiableProperties - Property client.id is overridden to space.exploration.mars.rover.curiosity.1528653518882
2018-06-10 12:59:20,588 [space.exploration.mars.rover.curiosity.1528653518882_zion-mainframe-1528653531886-fb54ec70-leader-finder-thread] INFO          kafka.utils.VerifiableProperties - Property metadata.broker.list is overridden to zion-mainframe:9092
2018-06-10 12:59:20,588 [space.exploration.mars.rover.curiosity.1528653518882_zion-mainframe-1528653531886-fb54ec70-leader-finder-thread] INFO          kafka.utils.VerifiableProperties - Property request.timeout.ms is overridden to 30000
2018-06-10 12:59:20,595 [space.exploration.mars.rover.curiosity.1528653518882_zion-mainframe-1528653531886-fb54ec70-leader-finder-thread] INFO                 kafka.client.ClientUtils$ - Fetching metadata from broker BrokerEndPoint(0,zion-mainframe,9092) with correlation id 0 for 1 topic(s) Set(earth_to_curiosity_5)
2018-06-10 12:59:20,597 [space.exploration.mars.rover.curiosity.1528653518882_zion-mainframe-1528653531886-fb54ec70-leader-finder-thread] INFO               kafka.producer.SyncProducer - Connected to zion-mainframe:9092 for producing
2018-06-10 12:59:20,606 [space.exploration.mars.rover.curiosity.1528653518882_zion-mainframe-1528653531886-fb54ec70-leader-finder-thread] INFO               kafka.producer.SyncProducer - Disconnecting from zion-mainframe:9092
2018-06-10 12:59:20,620 [ConsumerFetcherThread-space.exploration.mars.rover.curiosity.1528653518882_zion-mainframe-1528653531886-fb54ec70-0-0] INFO      kafka.consumer.ConsumerFetcherThread - [ConsumerFetcherThread-space.exploration.mars.rover.curiosity.1528653518882_zion-mainframe-1528653531886-fb54ec70-0-0], Starting 
2018-06-10 12:59:20,630 [space.exploration.mars.rover.curiosity.1528653518882_zion-mainframe-1528653531886-fb54ec70-leader-finder-thread] INFO     kafka.consumer.ConsumerFetcherManager - [ConsumerFetcherManager-1528653531914] Added fetcher for partitions ArrayBuffer([[earth_to_curiosity_5,0], initOffset -1 to broker BrokerEndPoint(0,zion-mainframe,9092)] )
2018-06-10 12:59:21,656 [batteryMonitor] INFO  space.exploration.mars.rover.power.BatteryMonitor - BatteryMonitor performing due diligence. SCET = 1528653561656 Rover state = Sleeping State
2018-06-10 12:59:21,656 [batteryMonitor] INFO  space.exploration.mars.rover.power.BatteryMonitor -  Battery primaryUnits = 1200 auxiliaryPowerUnits = 100
2018-06-10 12:59:31,357 [radio] INFO  space.exploration.mars.rover.communication.Receiver - Time Elapsed since last message = 39439
2018-06-10 12:59:31,424 [radio] INFO  space.exploration.mars.rover.kernel.PositionSensor - Houston - this is curiosityActual.ephemerisTime: 5.27533238182404E8
stateCuriosity: -1.4162234169E7
stateCuriosity: -1.33693361943E8
stateCuriosity: -6.5203139702E7
stateCuriosity: 17.714
stateCuriosity: -10.724
stateCuriosity: -4.639
owltMSLEarth: 498.407
stateEarth: 1.4159907224E7
stateEarth: 1.33671408764E8
stateEarth: 6.5192433189E7
stateEarth: -17.711
stateEarth: 10.73
stateEarth: 4.642
owltEarthMSL: 498.325
positionEarthWRTCuriosity: 1.4159907224E7
positionEarthWRTCuriosity: 1.33671408764E8
positionEarthWRTCuriosity: 6.5192433189E7
owltEarthMSL2: 498.325
angSepHGAEarth: 55.478
utcTime: "2016-09-19~04:59:30"
sol: 1465
sclkValue: " 1/01465:08:20:14:40587"

2018-06-10 12:59:31,458 [radio] INFO  space.exploration.mars.rover.kernel.PositionSensor - ephemerisTime: 5.27533238182404E8
stateCuriosity: -1.4162234169E7
stateCuriosity: -1.33693361943E8
stateCuriosity: -6.5203139702E7
stateCuriosity: 17.714
stateCuriosity: -10.724
stateCuriosity: -4.639
owltMSLEarth: 498.407
stateEarth: 1.4159907224E7
stateEarth: 1.33671408764E8
stateEarth: 6.5192433189E7
stateEarth: -17.711
stateEarth: 10.73
stateEarth: 4.642
owltEarthMSL: 498.325
positionEarthWRTCuriosity: 1.4159907224E7
positionEarthWRTCuriosity: 1.33671408764E8
positionEarthWRTCuriosity: 6.5192433189E7
owltEarthMSL2: 498.325
angSepHGAEarth: 55.478
utcTime: "2016-09-19~04:59:30"
sol: 1465
sclkValue: " 1/01465:08:20:14:40587"

2018-06-10 12:59:31,458 [radio] INFO  space.exploration.mars.rover.communication.Radio - One Way Light Time computed by SPICE :: 498.407
2018-06-10 12:59:32,365 [radio] INFO  space.exploration.mars.rover.kernel.SleepingState - Awaking from sleeping state
2018-06-10 12:59:32,365 [radio] INFO  space.exploration.mars.rover.animation.SleepingAnimationEngine - Waking up rover
2018-06-10 12:59:32,365 [sleepBreather] INFO  space.exploration.mars.rover.animation.SleepBreather - Sleep animation interrupted.
2018-06-10 12:59:35,371 [radio] INFO  space.exploration.mars.rover.kernel.ListeningState - timeStamp: 1528653571295
targets {
  roverModule: 1
  estimatedPowerUsage: 40
  action: "Move"
  auxiliaryData: "\n\005\b\031\020\361\004"
}

2018-06-10 12:59:41,449 [radio] INFO  space.exploration.mars.rover.kernel.ListeningState - 1528653581449,1,Move Current instructionQueue length = 0
2018-06-10 12:59:41,775 [radio] INFO  space.exploration.mars.rover.utils.HeatMap -  MaxQValue = 10.0
2018-06-10 12:59:41,775 [radio] INFO  space.exploration.mars.rover.utils.HeatMap -  MinQValue = 0.0
2018-06-10 12:59:41,778 [radio] INFO  space.exploration.mars.rover.utils.HeatMap -  MaxQValue = 10.0
2018-06-10 12:59:41,778 [radio] INFO  space.exploration.mars.rover.utils.HeatMap -  MinQValue = 0.0
2018-06-10 12:59:41,778 [radio] INFO  space.exploration.mars.rover.learning.ReinforcementLearner -  rlEngine logging totalExplorationSteps = 411232
2018-06-10 12:59:41,779 [radio] INFO  space.exploration.mars.rover.kernel.ListeningState - Rover Curiosity is on the move!
2018-06-10 12:59:42,091 [radio] INFO  space.exploration.mars.rover.utils.HeatMap -  MaxQValue = 10.0
2018-06-10 12:59:42,091 [radio] INFO  space.exploration.mars.rover.utils.HeatMap -  MinQValue = 0.0
2018-06-10 12:59:42,092 [radio] INFO  space.exploration.mars.rover.utils.HeatMap -  MaxQValue = 10.0
2018-06-10 12:59:42,092 [radio] INFO  space.exploration.mars.rover.utils.HeatMap -  MinQValue = 0.0
2018-06-10 12:59:42,092 [radio] INFO  space.exploration.mars.rover.learning.ReinforcementLearner -  rlEngine logging totalExplorationSteps = 389550
2018-06-10 12:59:42,137 [radio] INFO  space.exploration.mars.rover.sensor.TelemetrySensor - Telemetry relay commenced.
2018-06-10 13:00:26,063 [radio] INFO  space.exploration.mars.rover.sensor.TelemetrySensor - Telemetry relay stopped, number of telemetryDataPoints = 103
2018-06-10 13:00:35,154 [radio] INFO  space.exploration.mars.rover.kernel.PositionSensor - Houston - this is curiosityActual.ephemerisTime: 5.27537078182404E8
stateCuriosity: -1.4094196909E7
stateCuriosity: -1.33734641946E8
stateCuriosity: -6.5220998713E7
stateCuriosity: 17.724
stateCuriosity: -10.776
stateCuriosity: -4.663
owltMSLEarth: 498.535
stateEarth: 1.4091884702E7
stateEarth: 1.33712711085E8
stateEarth: 6.5210303174E7
stateEarth: -17.72
stateEarth: 10.782
stateEarth: 4.666
owltEarthMSL: 498.453
positionEarthWRTCuriosity: 1.4091884702E7
positionEarthWRTCuriosity: 1.33712711085E8
positionEarthWRTCuriosity: 6.5210303174E7
owltEarthMSL2: 498.453
angSepHGAEarth: 47.444
utcTime: "2016-09-19~06:03:30"
sol: 1465
sclkValue: " 1/01465:09:22:31:66397"

2018-06-10 13:00:35,189 [radio] INFO  space.exploration.mars.rover.kernel.PositionSensor - ephemerisTime: 5.27537078182404E8
stateCuriosity: -1.4094196909E7
stateCuriosity: -1.33734641946E8
stateCuriosity: -6.5220998713E7
stateCuriosity: 17.724
stateCuriosity: -10.776
stateCuriosity: -4.663
owltMSLEarth: 498.535
stateEarth: 1.4091884702E7
stateEarth: 1.33712711085E8
stateEarth: 6.5210303174E7
stateEarth: -17.72
stateEarth: 10.782
stateEarth: 4.666
owltEarthMSL: 498.453
positionEarthWRTCuriosity: 1.4091884702E7
positionEarthWRTCuriosity: 1.33712711085E8
positionEarthWRTCuriosity: 6.5210303174E7
owltEarthMSL2: 498.453
angSepHGAEarth: 47.444
utcTime: "2016-09-19~06:03:30"
sol: 1465
sclkValue: " 1/01465:09:22:31:66397"

2018-06-10 13:00:35,189 [radio] INFO  space.exploration.mars.rover.communication.Radio - One Way Light Time computed by SPICE :: 498.535
2018-06-10 13:00:35,213 [radio] INFO  space.exploration.mars.rover.communication.Radio - Message encryption successful.
2018-06-10 13:00:35,213 [radio] INFO  space.exploration.mars.rover.communication.Transmitter - Sending information packet to curiosity_to_earth_5
2018-06-10 13:00:38,214 [batteryMonitor] INFO  space.exploration.mars.rover.power.BatteryMonitor - BatteryMonitor performing due diligence. SCET = 1528653591656 Rover state = Listening State
2018-06-10 13:00:38,215 [batteryMonitor] INFO  space.exploration.mars.rover.power.BatteryMonitor -  Battery primaryUnits = 779 auxiliaryPowerUnits = 100
2018-06-10 13:00:38,215 [batteryMonitor] INFO  space.exploration.mars.rover.power.BatteryMonitor - BatteryMonitor performing due diligence. SCET = 1528653638215 Rover state = Listening State
2018-06-10 13:00:38,215 [batteryMonitor] INFO  space.exploration.mars.rover.power.BatteryMonitor -  Battery primaryUnits = 779 auxiliaryPowerUnits = 100
2018-06-10 13:00:38,285 [pacemaker] INFO  space.exploration.mars.rover.kernel.PositionSensor - Houston - this is curiosityActual.ephemerisTime: 5.27537258182404E8
stateCuriosity: -1.4091006461E7
stateCuriosity: -1.33736581819E8
stateCuriosity: -6.5221838242E7
stateCuriosity: 17.725
stateCuriosity: -10.778
stateCuriosity: -4.665
owltMSLEarth: 498.541
stateEarth: 1.4088694941E7
stateEarth: 1.33714651989E8
stateEarth: 6.521114321E7
stateEarth: -17.721
stateEarth: 10.784
stateEarth: 4.668
owltEarthMSL: 498.459
positionEarthWRTCuriosity: 1.4088694941E7
positionEarthWRTCuriosity: 1.33714651989E8
positionEarthWRTCuriosity: 6.521114321E7
owltEarthMSL2: 498.459
angSepHGAEarth: 47.137
utcTime: "2016-09-19~06:06:30"
sol: 1465
sclkValue: " 1/01465:09:25:26:84795"

2018-06-10 13:00:38,319 [pacemaker] INFO  space.exploration.mars.rover.kernel.PositionSensor - ephemerisTime: 5.27537258182404E8
stateCuriosity: -1.4091006461E7
stateCuriosity: -1.33736581819E8
stateCuriosity: -6.5221838242E7
stateCuriosity: 17.725
stateCuriosity: -10.778
stateCuriosity: -4.665
owltMSLEarth: 498.541
stateEarth: 1.4088694941E7
stateEarth: 1.33714651989E8
stateEarth: 6.521114321E7
stateEarth: -17.721
stateEarth: 10.784
stateEarth: 4.668
owltEarthMSL: 498.459
positionEarthWRTCuriosity: 1.4088694941E7
positionEarthWRTCuriosity: 1.33714651989E8
positionEarthWRTCuriosity: 6.521114321E7
owltEarthMSL2: 498.459
angSepHGAEarth: 47.137
utcTime: "2016-09-19~06:06:30"
sol: 1465
sclkValue: " 1/01465:09:25:26:84795"

2018-06-10 13:00:38,323 [pacemaker] INFO  space.exploration.mars.rover.kernel.SpacecraftClock - Internal time::2016-09-19T06:07:30.000-05:00 sclk of::1/01465:09:26:25:24260
2018-06-10 13:00:44,409 [pacemaker] INFO  space.exploration.mars.rover.kernel.PositionSensor - Houston - this is curiosityActual.ephemerisTime: 5.27537618182404E8
stateCuriosity: -1.4084625088E7
stateCuriosity: -1.33740462839E8
stateCuriosity: -6.5223518009E7
stateCuriosity: 17.727
stateCuriosity: -10.783
stateCuriosity: -4.667
owltMSLEarth: 498.553
stateEarth: 1.4082314944E7
stateEarth: 1.33718535063E8
stateEarth: 6.5212823987E7
stateEarth: -17.723
stateEarth: 10.789
stateEarth: 4.67
owltEarthMSL: 498.471
positionEarthWRTCuriosity: 1.4082314944E7
positionEarthWRTCuriosity: 1.33718535063E8
positionEarthWRTCuriosity: 6.5212823987E7
owltEarthMSL2: 498.471
angSepHGAEarth: 46.545
utcTime: "2016-09-19~06:12:30"
sol: 1465
sclkValue: " 1/01465:09:31:17:21589"

2018-06-10 13:00:44,445 [pacemaker] INFO  space.exploration.mars.rover.kernel.PositionSensor - ephemerisTime: 5.27537618182404E8
stateCuriosity: -1.4084625088E7
stateCuriosity: -1.33740462839E8
stateCuriosity: -6.5223518009E7
stateCuriosity: 17.727
stateCuriosity: -10.783
stateCuriosity: -4.667
owltMSLEarth: 498.553
stateEarth: 1.4082314944E7
stateEarth: 1.33718535063E8
stateEarth: 6.5212823987E7
stateEarth: -17.723
stateEarth: 10.789
stateEarth: 4.67
owltEarthMSL: 498.471
positionEarthWRTCuriosity: 1.4082314944E7
positionEarthWRTCuriosity: 1.33718535063E8
positionEarthWRTCuriosity: 6.5212823987E7
owltEarthMSL2: 498.471
angSepHGAEarth: 46.545
utcTime: "2016-09-19~06:12:30"
sol: 1465
sclkValue: " 1/01465:09:31:17:21589"

2018-06-10 13:00:44,445 [pacemaker] INFO  space.exploration.mars.rover.communication.Radio - One Way Light Time computed by SPICE :: 498.553
2018-06-10 13:00:44,459 [pacemaker] INFO  space.exploration.mars.rover.communication.Radio - Message encryption successful.
2018-06-10 13:00:44,459 [pacemaker] INFO  space.exploration.mars.rover.communication.Transmitter - Sending information packet to curiosity_to_earth_5
2018-06-10 13:00:47,531 [pacemaker] INFO  space.exploration.mars.rover.kernel.PositionSensor - Houston - this is curiosityActual.ephemerisTime: 5.27537798182404E8
stateCuriosity: -1.4081434151E7
stateCuriosity: -1.33742403983E8
stateCuriosity: -6.5224358252E7
stateCuriosity: 17.728
stateCuriosity: -10.785
stateCuriosity: -4.669
owltMSLEarth: 498.559
stateEarth: 1.4079124694E7
stateEarth: 1.33720477228E8
stateEarth: 6.5213664733E7
stateEarth: -17.724
stateEarth: 10.791
stateEarth: 4.671
owltEarthMSL: 498.477
positionEarthWRTCuriosity: 1.4079124694E7
positionEarthWRTCuriosity: 1.33720477228E8
positionEarthWRTCuriosity: 6.5213664733E7
owltEarthMSL2: 498.477
angSepHGAEarth: 46.261
utcTime: "2016-09-19~06:15:30"
sol: 1465
sclkValue: " 1/01465:09:34:12:39987"

2018-06-10 13:00:47,565 [pacemaker] INFO  space.exploration.mars.rover.kernel.PositionSensor - ephemerisTime: 5.27537798182404E8
stateCuriosity: -1.4081434151E7
stateCuriosity: -1.33742403983E8
stateCuriosity: -6.5224358252E7
stateCuriosity: 17.728
stateCuriosity: -10.785
stateCuriosity: -4.669
owltMSLEarth: 498.559
stateEarth: 1.4079124694E7
stateEarth: 1.33720477228E8
stateEarth: 6.5213664733E7
stateEarth: -17.724
stateEarth: 10.791
stateEarth: 4.671
owltEarthMSL: 498.477
positionEarthWRTCuriosity: 1.4079124694E7
positionEarthWRTCuriosity: 1.33720477228E8
positionEarthWRTCuriosity: 6.5213664733E7
owltEarthMSL2: 498.477
angSepHGAEarth: 46.261
utcTime: "2016-09-19~06:15:30"
sol: 1465
sclkValue: " 1/01465:09:34:12:39987"

2018-06-10 13:00:47,566 [pacemaker] INFO  space.exploration.mars.rover.kernel.SpacecraftClock - Internal time::2016-09-19T06:16:30.000-05:00 sclk of::1/01465:09:35:10:79452
2018-06-10 13:00:53,650 [pacemaker] INFO  space.exploration.mars.rover.kernel.PositionSensor - Houston - this is curiosityActual.ephemerisTime: 5.27538158182404E8
stateCuriosity: -1.4075051746E7
stateCuriosity: -1.33746287528E8
stateCuriosity: -6.5226039471E7
stateCuriosity: 17.73
stateCuriosity: -10.79
stateCuriosity: -4.671
owltMSLEarth: 498.571
stateEarth: 1.4072743662E7
stateEarth: 1.33724362804E8
stateEarth: 6.5215346951E7
stateEarth: -17.726
stateEarth: 10.796
stateEarth: 4.674
owltEarthMSL: 498.489
positionEarthWRTCuriosity: 1.4072743662E7
positionEarthWRTCuriosity: 1.33724362804E8
positionEarthWRTCuriosity: 6.5215346951E7
owltEarthMSL2: 498.489
angSepHGAEarth: 0.361
utcTime: "2016-09-19~06:21:30"
hgaPass: true
sol: 1465
sclkValue: " 1/01465:09:40:02:76781"

2018-06-10 13:00:53,684 [pacemaker] INFO  space.exploration.mars.rover.kernel.PositionSensor - ephemerisTime: 5.27538158182404E8
stateCuriosity: -1.4075051746E7
stateCuriosity: -1.33746287528E8
stateCuriosity: -6.5226039471E7
stateCuriosity: 17.73
stateCuriosity: -10.79
stateCuriosity: -4.671
owltMSLEarth: 498.571
stateEarth: 1.4072743662E7
stateEarth: 1.33724362804E8
stateEarth: 6.5215346951E7
stateEarth: -17.726
stateEarth: 10.796
stateEarth: 4.674
owltEarthMSL: 498.489
positionEarthWRTCuriosity: 1.4072743662E7
positionEarthWRTCuriosity: 1.33724362804E8
positionEarthWRTCuriosity: 6.5215346951E7
owltEarthMSL2: 498.489
angSepHGAEarth: 0.361
utcTime: "2016-09-19~06:21:30"
hgaPass: true
sol: 1465
sclkValue: " 1/01465:09:40:02:76781"

2018-06-10 13:00:53,684 [pacemaker] INFO  space.exploration.mars.rover.communication.Radio - One Way Light Time computed by SPICE :: 498.571
2018-06-10 13:00:53,700 [pacemaker] INFO  space.exploration.mars.rover.communication.Radio - Message encryption successful.
2018-06-10 13:00:53,700 [pacemaker] INFO  space.exploration.mars.rover.communication.Transmitter - Sending information packet to curiosity_to_earth_5
2018-06-10 13:00:56,702 [batteryMonitor] INFO  space.exploration.mars.rover.power.BatteryMonitor - BatteryMonitor performing due diligence. SCET = 1528653651656 Rover state = Listening State
2018-06-10 13:00:56,702 [batteryMonitor] INFO  space.exploration.mars.rover.power.BatteryMonitor -  Battery primaryUnits = 778 auxiliaryPowerUnits = 100
2018-06-10 13:01:04,918 [radio] INFO  space.exploration.mars.rover.communication.Receiver - Time Elapsed since last message = 93561
2018-06-10 13:01:04,952 [radio] INFO  space.exploration.mars.rover.kernel.PositionSensor - Houston - this is curiosityActual.ephemerisTime: 5.27538818182404E8
stateCuriosity: -1.4063348684E7
stateCuriosity: -1.33753411663E8
stateCuriosity: -6.5229124294E7
stateCuriosity: 17.734
stateCuriosity: -10.798
stateCuriosity: -4.677
owltMSLEarth: 498.593
stateEarth: 1.4061043111E7
stateEarth: 1.3373149062E8
stateEarth: 6.5218433585E7
stateEarth: -17.73
stateEarth: 10.804
stateEarth: 4.679
owltEarthMSL: 498.511
positionEarthWRTCuriosity: 1.4061043111E7
positionEarthWRTCuriosity: 1.3373149062E8
positionEarthWRTCuriosity: 6.5218433585E7
owltEarthMSL2: 498.511
angSepHGAEarth: 0.575
utcTime: "2016-09-19~06:32:30"
hgaPass: true
sol: 1465
sclkValue: " 1/01465:09:50:45:10905"

2018-06-10 13:01:04,985 [radio] INFO  space.exploration.mars.rover.kernel.PositionSensor - ephemerisTime: 5.27538818182404E8
stateCuriosity: -1.4063348684E7
stateCuriosity: -1.33753411663E8
stateCuriosity: -6.5229124294E7
stateCuriosity: 17.734
stateCuriosity: -10.798
stateCuriosity: -4.677
owltMSLEarth: 498.593
stateEarth: 1.4061043111E7
stateEarth: 1.3373149062E8
stateEarth: 6.5218433585E7
stateEarth: -17.73
stateEarth: 10.804
stateEarth: 4.679
owltEarthMSL: 498.511
positionEarthWRTCuriosity: 1.4061043111E7
positionEarthWRTCuriosity: 1.3373149062E8
positionEarthWRTCuriosity: 6.5218433585E7
owltEarthMSL2: 498.511
angSepHGAEarth: 0.575
utcTime: "2016-09-19~06:32:30"
hgaPass: true
sol: 1465
sclkValue: " 1/01465:09:50:45:10905"

2018-06-10 13:01:04,985 [radio] INFO  space.exploration.mars.rover.communication.Radio - One Way Light Time computed by SPICE :: 498.593
2018-06-10 13:01:05,616 [radio] INFO  space.exploration.mars.rover.kernel.ListeningState - timeStamp: 1528653664750
targets {
  roverModule: 8
  estimatedPowerUsage: 20
  action: "ClickCamera"
  roverSubModule: "FHAZ"
}

2018-06-10 13:01:11,629 [radio] INFO  space.exploration.mars.rover.kernel.ListeningState - 1528653671629,8,ClickCamera Current instructionQueue length = 0
2018-06-10 13:01:11,630 [radio] INFO  space.exploration.mars.rover.kernel.ListeningState - Rover Curiosity is going to try to take pictures!
2018-06-10 13:01:23,338 [radio] INFO  space.exploration.mars.rover.kernel.PositionSensor - Houston - this is curiosityActual.ephemerisTime: 5.27539958182404E8
stateCuriosity: -1.4043127466E7
stateCuriosity: -1.33765729792E8
stateCuriosity: -6.5234460799E7
stateCuriosity: 17.742
stateCuriosity: -10.812
stateCuriosity: -4.686
owltMSLEarth: 498.631
stateEarth: 1.4040826209E7
stateEarth: 1.33743814945E8
stateEarth: 6.522377314E7
stateEarth: -17.738
stateEarth: 10.818
stateEarth: 4.688
owltEarthMSL: 498.549
positionEarthWRTCuriosity: 1.4040826209E7
positionEarthWRTCuriosity: 1.33743814945E8
positionEarthWRTCuriosity: 6.522377314E7
owltEarthMSL2: 498.549
angSepHGAEarth: 0.457
utcTime: "2016-09-19~06:51:30"
hgaPass: true
sol: 1465
sclkValue: " 1/01465:10:09:14:60755"

2018-06-10 13:01:23,373 [radio] INFO  space.exploration.mars.rover.kernel.PositionSensor - ephemerisTime: 5.27539958182404E8
stateCuriosity: -1.4043127466E7
stateCuriosity: -1.33765729792E8
stateCuriosity: -6.5234460799E7
stateCuriosity: 17.742
stateCuriosity: -10.812
stateCuriosity: -4.686
owltMSLEarth: 498.631
stateEarth: 1.4040826209E7
stateEarth: 1.33743814945E8
stateEarth: 6.522377314E7
stateEarth: -17.738
stateEarth: 10.818
stateEarth: 4.688
owltEarthMSL: 498.549
positionEarthWRTCuriosity: 1.4040826209E7
positionEarthWRTCuriosity: 1.33743814945E8
positionEarthWRTCuriosity: 6.522377314E7
owltEarthMSL2: 498.549
angSepHGAEarth: 0.457
utcTime: "2016-09-19~06:51:30"
hgaPass: true
sol: 1465
sclkValue: " 1/01465:10:09:14:60755"

2018-06-10 13:01:23,373 [radio] INFO  space.exploration.mars.rover.communication.Radio - One Way Light Time computed by SPICE :: 498.631
2018-06-10 13:01:24,030 [radio] INFO  space.exploration.mars.rover.communication.Radio - Message encryption successful.
2018-06-10 13:01:24,038 [radio] INFO  space.exploration.mars.rover.communication.Transmitter - Sending information packet to curiosity_to_earth_5
2018-06-10 13:01:27,039 [batteryMonitor] INFO  space.exploration.mars.rover.power.BatteryMonitor - BatteryMonitor performing due diligence. SCET = 1528653681656 Rover state = Listening State
2018-06-10 13:01:27,039 [batteryMonitor] INFO  space.exploration.mars.rover.power.BatteryMonitor -  Battery primaryUnits = 758 auxiliaryPowerUnits = 100
2018-06-10 13:01:42,162 [pacemaker] INFO  space.exploration.mars.rover.kernel.PositionSensor - Houston - this is curiosityActual.ephemerisTime: 5.27541098182403E8
stateCuriosity: -1.4022896251E7
stateCuriosity: -1.33778063535E8
stateCuriosity: -6.5239808096E7
stateCuriosity: 17.752
stateCuriosity: -10.826
stateCuriosity: -4.695
owltMSLEarth: 498.669
stateEarth: 1.402059928E7
stateEarth: 1.33756154634E8
stateEarth: 6.5229123367E7
stateEarth: -17.748
stateEarth: 10.831
stateEarth: 4.698
owltEarthMSL: 498.588
positionEarthWRTCuriosity: 1.402059928E7
positionEarthWRTCuriosity: 1.33756154634E8
positionEarthWRTCuriosity: 6.5229123367E7
owltEarthMSL2: 498.588
angSepHGAEarth: 42.577
utcTime: "2016-09-19~07:10:30"
sol: 1465
sclkValue: " 1/01465:10:27:44:10605"

2018-06-10 13:01:42,196 [pacemaker] INFO  space.exploration.mars.rover.kernel.PositionSensor - ephemerisTime: 5.27541098182403E8
stateCuriosity: -1.4022896251E7
stateCuriosity: -1.33778063535E8
stateCuriosity: -6.5239808096E7
stateCuriosity: 17.752
stateCuriosity: -10.826
stateCuriosity: -4.695
owltMSLEarth: 498.669
stateEarth: 1.402059928E7
stateEarth: 1.33756154634E8
stateEarth: 6.5229123367E7
stateEarth: -17.748
stateEarth: 10.831
stateEarth: 4.698
owltEarthMSL: 498.588
positionEarthWRTCuriosity: 1.402059928E7
positionEarthWRTCuriosity: 1.33756154634E8
positionEarthWRTCuriosity: 6.5229123367E7
owltEarthMSL2: 498.588
angSepHGAEarth: 42.577
utcTime: "2016-09-19~07:10:30"
sol: 1465
sclkValue: " 1/01465:10:27:44:10605"

2018-06-10 13:01:42,197 [pacemaker] INFO  space.exploration.mars.rover.kernel.SpacecraftClock - Internal time::2016-09-19T07:11:30.000-05:00 sclk of::1/01465:10:28:42:50071
2018-06-10 13:01:48,269 [pacemaker] INFO  space.exploration.mars.rover.kernel.PositionSensor - Houston - this is curiosityActual.ephemerisTime: 5.27541458182403E8
stateCuriosity: -1.4016505124E7
stateCuriosity: -1.33781961518E8
stateCuriosity: -6.5241499031E7
stateCuriosity: 17.755
stateCuriosity: -10.83
stateCuriosity: -4.699
owltMSLEarth: 498.681
stateEarth: 1.4014209498E7
stateEarth: 1.33760054434E8
stateEarth: 6.5230815198E7
stateEarth: -17.751
stateEarth: 10.835
stateEarth: 4.701
owltEarthMSL: 498.6
positionEarthWRTCuriosity: 1.4014209498E7
positionEarthWRTCuriosity: 1.33760054434E8
positionEarthWRTCuriosity: 6.5230815198E7
owltEarthMSL2: 498.6
angSepHGAEarth: 42.368
utcTime: "2016-09-19~07:16:30"
sol: 1465
sclkValue: " 1/01465:10:33:34:47400"

2018-06-10 13:01:48,306 [pacemaker] INFO  space.exploration.mars.rover.kernel.PositionSensor - ephemerisTime: 5.27541458182403E8
stateCuriosity: -1.4016505124E7
stateCuriosity: -1.33781961518E8
stateCuriosity: -6.5241499031E7
stateCuriosity: 17.755
stateCuriosity: -10.83
stateCuriosity: -4.699
owltMSLEarth: 498.681
stateEarth: 1.4014209498E7
stateEarth: 1.33760054434E8
stateEarth: 6.5230815198E7
stateEarth: -17.751
stateEarth: 10.835
stateEarth: 4.701
owltEarthMSL: 498.6
positionEarthWRTCuriosity: 1.4014209498E7
positionEarthWRTCuriosity: 1.33760054434E8
positionEarthWRTCuriosity: 6.5230815198E7
owltEarthMSL2: 498.6
angSepHGAEarth: 42.368
utcTime: "2016-09-19~07:16:30"
sol: 1465
sclkValue: " 1/01465:10:33:34:47400"

2018-06-10 13:01:48,306 [pacemaker] INFO  space.exploration.mars.rover.communication.Radio - One Way Light Time computed by SPICE :: 498.681
2018-06-10 13:01:48,319 [pacemaker] INFO  space.exploration.mars.rover.communication.Radio - Message encryption successful.
2018-06-10 13:01:48,319 [pacemaker] INFO  space.exploration.mars.rover.communication.Transmitter - Sending information packet to curiosity_to_earth_5
2018-06-10 13:01:50,526 [radio] INFO  space.exploration.mars.rover.communication.Receiver - Time Elapsed since last message = 45608
2018-06-10 13:01:50,573 [radio] INFO  space.exploration.mars.rover.kernel.PositionSensor - Houston - this is curiosityActual.ephemerisTime: 5.27541578182403E8
stateCuriosity: -1.4014374484E7
stateCuriosity: -1.33783261169E8
stateCuriosity: -6.5242062927E7
stateCuriosity: 17.756
stateCuriosity: -10.831
stateCuriosity: -4.7
owltMSLEarth: 498.685
stateEarth: 1.4012079306E7
stateEarth: 1.33761354684E8
stateEarth: 6.523137939E7
stateEarth: -17.752
stateEarth: 10.836
stateEarth: 4.702
owltEarthMSL: 498.604
positionEarthWRTCuriosity: 1.4012079306E7
positionEarthWRTCuriosity: 1.33761354684E8
positionEarthWRTCuriosity: 6.523137939E7
owltEarthMSL2: 498.604
angSepHGAEarth: 42.307
utcTime: "2016-09-19~07:18:30"
sol: 1465
sclkValue: " 1/01465:10:35:31:26331"

2018-06-10 13:01:50,610 [radio] INFO  space.exploration.mars.rover.kernel.PositionSensor - ephemerisTime: 5.27541578182403E8
stateCuriosity: -1.4014374484E7
stateCuriosity: -1.33783261169E8
stateCuriosity: -6.5242062927E7
stateCuriosity: 17.756
stateCuriosity: -10.831
stateCuriosity: -4.7
owltMSLEarth: 498.685
stateEarth: 1.4012079306E7
stateEarth: 1.33761354684E8
stateEarth: 6.523137939E7
stateEarth: -17.752
stateEarth: 10.836
stateEarth: 4.702
owltEarthMSL: 498.604
positionEarthWRTCuriosity: 1.4012079306E7
positionEarthWRTCuriosity: 1.33761354684E8
positionEarthWRTCuriosity: 6.523137939E7
owltEarthMSL2: 498.604
angSepHGAEarth: 42.307
utcTime: "2016-09-19~07:18:30"
sol: 1465
sclkValue: " 1/01465:10:35:31:26331"

2018-06-10 13:01:50,610 [radio] INFO  space.exploration.mars.rover.communication.Radio - One Way Light Time computed by SPICE :: 498.685
2018-06-10 13:01:51,321 [radio] INFO  space.exploration.mars.rover.kernel.ListeningState - timeStamp: 1528653710506
targets {
  roverModule: 6
  action: "Graceful Shutdown."
}

2018-06-10 13:01:57,334 [radio] INFO  space.exploration.mars.rover.kernel.ListeningState - 1528653717334,6,Graceful Shutdown. Current instructionQueue length = 0
2018-06-10 13:01:57,335 [radio] INFO  space.exploration.mars.rover.kernel.ListeningState - Rover initiating a gracefulShutdown.
2018-06-10 13:01:57,336 [radio] INFO  space.exploration.mars.rover.kernel.ListeningState - Synchronizing Clocks.
2018-06-10 13:01:57,336 [radio] INFO  space.exploration.mars.rover.kernel.SclkTimingState - Synchronizing sclk and positionSensor to 2016-09-19~07:26:30
2018-06-10 13:01:57,336 [radio] INFO  space.exploration.mars.rover.kernel.SclkTimingState - Houston, expect a diagnostics pause. Shutting down paceMaker
2018-06-10 13:01:57,336 [radio] INFO  space.exploration.mars.rover.diagnostics.Pacemaker - Pacemaker diagnostic module interrupted.
2018-06-10 13:01:57,337 [radio] INFO  space.exploration.mars.rover.kernel.SclkTimingState - Houston, be advised - garbageCollection is paused. Please wait before sending new signals.
2018-06-10 13:01:57,337 [radio] INFO  space.exploration.mars.rover.diagnostics.RoverGarbageCollector - RoverGC interrupted
2018-06-10 13:01:57,338 [radio] INFO  space.exploration.mars.rover.kernel.SpacecraftClock - UTCTime = 2016-09-19~07:26:30
2018-06-10 13:01:57,338 [radio] INFO  space.exploration.mars.rover.kernel.SpacecraftClock - Valid utc time ranges are dictated by clockService as follows:
2018-06-10 13:01:57,338 [radio] INFO  space.exploration.mars.rover.kernel.SpacecraftClock - APPLICABLE_START_TIME=2000-001T11:58:55.816, APPLICABLE_STOP_TIME=2017-360T19:17:40.149
2018-06-10 13:01:57,338 [radio] INFO  space.exploration.mars.rover.kernel.SpacecraftClock - Given UTC = 2016-09-19~07:26:30
2018-06-10 13:01:57,338 [radio] INFO  space.exploration.mars.rover.kernel.SpacecraftClock - Please ensure that positionSensor and sclk are synchronized
2018-06-10 13:01:57,339 [radio] INFO  space.exploration.mars.rover.kernel.PositionSensor - Synchronizing positionSensor clock to 2016-09-19~07:26:30
2018-06-10 13:01:57,340 [radio] INFO  space.exploration.mars.rover.kernel.SclkTimingState - Restarting diagnostics heartbeat
2018-06-10 13:01:57,340 [radio] INFO  space.exploration.mars.rover.diagnostics.Pacemaker - Pacemaker initialized
2018-06-10 13:01:57,340 [radio] INFO  space.exploration.mars.rover.kernel.SclkTimingState - Restarting garbageCollection
2018-06-10 13:01:57,340 [radio] INFO  space.exploration.mars.rover.diagnostics.RoverGarbageCollector - RoverGarbageCollector initialized
2018-06-10 13:01:57,340 [radio] INFO  space.exploration.mars.rover.diagnostics.RoverGarbageCollector - Starting garbageCollection
2018-06-10 13:01:57,342 [radio] INFO  space.exploration.mars.rover.kernel.SpacecraftClock - Internal time::2016-09-19T07:27:30.000-05:00 sclk of::1/01465:10:43:18:42057
2018-06-10 13:02:03,386 [radio] INFO  space.exploration.mars.rover.kernel.PositionSensor - Houston - this is curiosityActual.ephemerisTime: 5.27542898182403E8
stateCuriosity: -1.3990928184E7
stateCuriosity: -1.33797567647E8
stateCuriosity: -6.524827421E7
stateCuriosity: 17.769
stateCuriosity: -10.845
stateCuriosity: -4.711
owltMSLEarth: 498.73
stateEarth: 1.3988637901E7
stateEarth: 1.33775667501E8
stateEarth: 6.5237593802E7
stateEarth: -17.765
stateEarth: 10.85
stateEarth: 4.714
owltEarthMSL: 498.648
positionEarthWRTCuriosity: 1.3988637901E7
positionEarthWRTCuriosity: 1.33775667501E8
positionEarthWRTCuriosity: 6.5237593802E7
owltEarthMSL2: 498.648
angSepHGAEarth: 41.946
utcTime: "2016-09-19~07:40:30"
sol: 1465
sclkValue: " 1/01465:10:56:55:94578"

2018-06-10 13:02:03,420 [radio] INFO  space.exploration.mars.rover.kernel.PositionSensor - ephemerisTime: 5.27542898182403E8
stateCuriosity: -1.3990928184E7
stateCuriosity: -1.33797567647E8
stateCuriosity: -6.524827421E7
stateCuriosity: 17.769
stateCuriosity: -10.845
stateCuriosity: -4.711
owltMSLEarth: 498.73
stateEarth: 1.3988637901E7
stateEarth: 1.33775667501E8
stateEarth: 6.5237593802E7
stateEarth: -17.765
stateEarth: 10.85
stateEarth: 4.714
owltEarthMSL: 498.648
positionEarthWRTCuriosity: 1.3988637901E7
positionEarthWRTCuriosity: 1.33775667501E8
positionEarthWRTCuriosity: 6.5237593802E7
owltEarthMSL2: 498.648
angSepHGAEarth: 41.946
utcTime: "2016-09-19~07:40:30"
sol: 1465
sclkValue: " 1/01465:10:56:55:94578"

2018-06-10 13:02:03,420 [radio] INFO  space.exploration.mars.rover.communication.Radio - One Way Light Time computed by SPICE :: 498.73
2018-06-10 13:02:03,432 [radio] INFO  space.exploration.mars.rover.communication.Radio - Message encryption successful.
2018-06-10 13:02:03,432 [radio] INFO  space.exploration.mars.rover.communication.Transmitter - Sending information packet to curiosity_to_earth_5
2018-06-10 13:02:06,432 [radio] INFO  space.exploration.mars.rover.kernel.ListeningState - Sending diagnostic heartbeat.
2018-06-10 13:02:06,502 [radio] INFO  space.exploration.mars.rover.kernel.PositionSensor - Houston - this is curiosityActual.ephemerisTime: 5.27543258182403E8
stateCuriosity: -1.3984530612E7
stateCuriosity: -1.33801472575E8
stateCuriosity: -6.5249970915E7
stateCuriosity: 17.773
stateCuriosity: -10.849
stateCuriosity: -4.715
owltMSLEarth: 498.742
stateEarth: 1.3982241653E7
stateEarth: 1.33779574073E8
stateEarth: 6.523929132E7
stateEarth: -17.769
stateEarth: 10.853
stateEarth: 4.717
owltEarthMSL: 498.66
positionEarthWRTCuriosity: 1.3982241653E7
positionEarthWRTCuriosity: 1.33779574073E8
positionEarthWRTCuriosity: 6.523929132E7
owltEarthMSL2: 498.66
angSepHGAEarth: 41.946
utcTime: "2016-09-19~07:46:30"
sol: 1465
sclkValue: " 1/01465:11:02:46:31373"

2018-06-10 13:02:06,536 [radio] INFO  space.exploration.mars.rover.kernel.PositionSensor - ephemerisTime: 5.27543258182403E8
stateCuriosity: -1.3984530612E7
stateCuriosity: -1.33801472575E8
stateCuriosity: -6.5249970915E7
stateCuriosity: 17.773
stateCuriosity: -10.849
stateCuriosity: -4.715
owltMSLEarth: 498.742
stateEarth: 1.3982241653E7
stateEarth: 1.33779574073E8
stateEarth: 6.523929132E7
stateEarth: -17.769
stateEarth: 10.853
stateEarth: 4.717
owltEarthMSL: 498.66
positionEarthWRTCuriosity: 1.3982241653E7
positionEarthWRTCuriosity: 1.33779574073E8
positionEarthWRTCuriosity: 6.523929132E7
owltEarthMSL2: 498.66
angSepHGAEarth: 41.946
utcTime: "2016-09-19~07:46:30"
sol: 1465
sclkValue: " 1/01465:11:02:46:31373"

2018-06-10 13:02:06,537 [radio] INFO  space.exploration.mars.rover.kernel.SpacecraftClock - Internal time::2016-09-19T07:46:30.000-05:00 sclk of::1/01465:11:02:46:31373
2018-06-10 13:02:12,600 [radio] INFO  space.exploration.mars.rover.kernel.PositionSensor - Houston - this is curiosityActual.ephemerisTime: 5.27543978182403E8
stateCuriosity: -1.3971731148E7
stateCuriosity: -1.33809286279E8
stateCuriosity: -6.5253367877E7
stateCuriosity: 17.781
stateCuriosity: -10.856
stateCuriosity: -4.721
owltMSLEarth: 498.766
stateEarth: 1.3969444823E7
stateEarth: 1.33787390946E8
stateEarth: 6.524268985E7
stateEarth: -17.778
stateEarth: 10.86
stateEarth: 4.723
owltEarthMSL: 498.685
positionEarthWRTCuriosity: 1.3969444823E7
positionEarthWRTCuriosity: 1.33787390946E8
positionEarthWRTCuriosity: 6.524268985E7
owltEarthMSL2: 498.685
angSepHGAEarth: 42.072
utcTime: "2016-09-19~07:58:30"
sol: 1465
sclkValue: " 1/01465:11:14:27:04963"

2018-06-10 13:02:12,639 [radio] INFO  space.exploration.mars.rover.kernel.PositionSensor - ephemerisTime: 5.27543978182403E8
stateCuriosity: -1.3971731148E7
stateCuriosity: -1.33809286279E8
stateCuriosity: -6.5253367877E7
stateCuriosity: 17.781
stateCuriosity: -10.856
stateCuriosity: -4.721
owltMSLEarth: 498.766
stateEarth: 1.3969444823E7
stateEarth: 1.33787390946E8
stateEarth: 6.524268985E7
stateEarth: -17.778
stateEarth: 10.86
stateEarth: 4.723
owltEarthMSL: 498.685
positionEarthWRTCuriosity: 1.3969444823E7
positionEarthWRTCuriosity: 1.33787390946E8
positionEarthWRTCuriosity: 6.524268985E7
owltEarthMSL2: 498.685
angSepHGAEarth: 42.072
utcTime: "2016-09-19~07:58:30"
sol: 1465
sclkValue: " 1/01465:11:14:27:04963"

2018-06-10 13:02:12,639 [radio] INFO  space.exploration.mars.rover.communication.Radio - One Way Light Time computed by SPICE :: 498.766
2018-06-10 13:02:12,650 [radio] INFO  space.exploration.mars.rover.communication.Radio - Message encryption successful.
2018-06-10 13:02:12,651 [radio] INFO  space.exploration.mars.rover.communication.Transmitter - Sending information packet to curiosity_to_earth_5
2018-06-10 13:02:15,651 [radio] INFO  space.exploration.mars.rover.kernel.ListeningState - Severing ties with the rover.
2018-06-10 13:02:15,651 [radio] INFO  space.exploration.mars.rover.kernel.Rover - Stopping all daemon processes.
2018-06-10 13:02:15,651 [radio] INFO  space.exploration.mars.rover.kernel.Rover -  1. Stopping Pacemaker.
2018-06-10 13:02:15,651 [radio] INFO  space.exploration.mars.rover.diagnostics.Pacemaker - Pacemaker diagnostic module shuttingDown.
2018-06-10 13:02:15,652 [radio] INFO  space.exploration.mars.rover.kernel.Rover -  2. Stopping GarbageCollector.
2018-06-10 13:02:15,652 [radio] INFO  space.exploration.mars.rover.diagnostics.RoverGarbageCollector - RoverGC shuttingDown.
2018-06-10 13:02:15,652 [radio] INFO  space.exploration.mars.rover.kernel.Rover -  3. Stopping BatteryMonitor. 
2018-06-10 13:02:15,652 [radio] INFO  space.exploration.mars.rover.kernel.Rover -  4. Stopping SleepMonitor. 
2018-06-10 13:02:15,652 [radio] INFO  space.exploration.mars.rover.diagnostics.SleepMonitor - SleepMonitor is shuttingDown.
2018-06-10 13:02:15,652 [radio] INFO  space.exploration.mars.rover.kernel.Rover -  5. Stopping PositionSensor.
2018-06-10 13:02:15,652 [radio] INFO  space.exploration.mars.rover.kernel.PositionSensor - PositionSensor is shutting down.
2018-06-10 13:02:15,652 [radio] INFO  space.exploration.mars.rover.kernel.Rover - 6. Saving properties file. 
2018-06-10 13:02:15,652 [radio] INFO  space.exploration.mars.rover.kernel.Rover - Writing properties file to :: src/main/resources/marsConfig.properties
2018-06-10 13:02:15,653 [radio] INFO  space.exploration.mars.rover.kernel.Rover -  7. Stopping SpacecraftClock. 
2018-06-10 13:02:15,653 [radio] INFO  space.exploration.mars.rover.kernel.SpacecraftClock - SpacecraftClock shuttingDown.
2018-06-10 13:02:15,653 [radio] INFO  space.exploration.mars.rover.kernel.Rover -  8. Shutting down graphics.
2018-06-10 13:02:15,658 [radio] INFO  space.exploration.mars.rover.kernel.Rover -  9. Stopping Radio Communications.
2018-06-10 13:02:15,658 [radio] INFO  space.exploration.mars.rover.communication.Radio - Radio stopped
2018-06-10 13:02:15,658 [radio] INFO  space.exploration.mars.rover.kernel.ListeningState - No pre-existing launcher process found. Shutting down system.
2018-06-10 13:02:15,658 [radio] INFO  space.exploration.mars.rover.kernel.Rover - Houston this is Curiosity saying goodbye! Hope I did OK!
