2018-01-23 22:20:52,736 [roverMain] INFO space.exploration.mars.rover.kernel.SpacecraftClock  - Valid utc time ranges are dictated by clockService as follows:
2018-01-23 22:20:52,737 [roverMain] INFO space.exploration.mars.rover.kernel.SpacecraftClock  - APPLICABLE_START_TIME=2000-001T11:58:55.816, APPLICABLE_STOP_TIME=2017-360T19:17:40.149
2018-01-23 22:20:52,737 [roverMain] INFO space.exploration.mars.rover.kernel.SpacecraftClock  - Given UTC = 2016-07-24~10:14:00
2018-01-23 22:20:52,737 [roverMain] INFO space.exploration.mars.rover.kernel.SpacecraftClock  - Please ensure that positionSensor and sclk are synchronized
2018-01-23 22:20:52,744 [roverMain] INFO space.exploration.mars.rover.kernel.SpacecraftClock  - Curiosity internal spacecraft clock started at :: 2016-07-24T15:14:00.000Z
2018-01-23 22:20:52,744 [roverMain] INFO space.exploration.mars.rover.kernel.SpacecraftClock  - Mission duration is set to :: 1 year(s).
2018-01-23 22:20:52,744 [roverMain] INFO space.exploration.mars.rover.kernel.SpacecraftClock  - Mission duration = 31536000000
2018-01-23 22:20:56,899 [roverMain] INFO space.exploration.mars.rover.diagnostics.RoverGarbageCollector  - Starting garbageCollection
2018-01-23 22:20:58,900 [roverMain] INFO space.exploration.mars.rover.kernel.Rover  - Rover current position is = java.awt.Point[x=525,y=100]
2018-01-23 22:20:59,901 [roverMain] INFO space.exploration.mars.rover.sensor.Lidar  - Lidar initialized and ready!
2018-01-23 22:21:00,901 [roverMain] INFO space.exploration.mars.rover.sensor.Spectrometer  - Spectrometer initialized and ready!
2018-01-23 22:21:02,117 [roverMain] INFO space.exploration.mars.rover.sensor.Camera  - Camera initialized and ready!
2018-01-23 22:21:03,118 [roverMain] INFO space.exploration.mars.rover.sensor.Radar  - Radar configured:: 
2018-01-23 22:21:04,379 [roverMain] INFO space.exploration.mars.rover.power.Battery  - Battery configured, batteryLife:primaryPowerUnits = 1200 auxiliaryPowerUnits = 100 alertThreshold: 100 rechargeTime = 60000
2018-01-23 22:21:05,380 [roverMain] INFO space.exploration.mars.rover.kernel.Rover  - Battery Monitor configured!
2018-01-23 22:21:05,392 [roverMain] INFO org.apache.kafka.clients.producer.ProducerConfig  - ProducerConfig values: 
	metric.reporters = []
	metadata.max.age.ms = 300000
	reconnect.backoff.ms = 50
	sasl.kerberos.ticket.renew.window.factor = 0.8
	bootstrap.servers = [localhost:9092]
	ssl.keystore.type = JKS
	sasl.mechanism = GSSAPI
	max.block.ms = 60000
	interceptor.classes = null
	ssl.truststore.password = null
	client.id = 
	ssl.endpoint.identification.algorithm = null
	request.timeout.ms = 30000
	acks = 1
	receive.buffer.bytes = 32768
	ssl.truststore.type = JKS
	retries = 0
	ssl.truststore.location = null
	ssl.keystore.password = null
	send.buffer.bytes = 131072
	compression.type = none
	metadata.fetch.timeout.ms = 60000
	retry.backoff.ms = 100
	sasl.kerberos.kinit.cmd = /usr/bin/kinit
	buffer.memory = 33554432
	timeout.ms = 30000
	key.serializer = class org.apache.kafka.common.serialization.StringSerializer
	sasl.kerberos.service.name = null
	sasl.kerberos.ticket.renew.jitter = 0.05
	ssl.trustmanager.algorithm = PKIX
	block.on.buffer.full = false
	ssl.key.password = null
	sasl.kerberos.min.time.before.relogin = 60000
	connections.max.idle.ms = 540000
	max.in.flight.requests.per.connection = 5
	metrics.num.samples = 2
	ssl.protocol = TLS
	ssl.provider = null
	ssl.enabled.protocols = [TLSv1.2, TLSv1.1, TLSv1]
	batch.size = 16384
	ssl.keystore.location = null
	ssl.cipher.suites = null
	security.protocol = PLAINTEXT
	max.request.size = 1048576
	value.serializer = class org.apache.kafka.common.serialization.ByteArraySerializer
	ssl.keymanager.algorithm = SunX509
	metrics.sample.window.ms = 30000
	partitioner.class = class org.apache.kafka.clients.producer.internals.DefaultPartitioner
	linger.ms = 0

2018-01-23 22:21:05,478 [roverMain] INFO org.apache.kafka.clients.producer.ProducerConfig  - ProducerConfig values: 
	metric.reporters = []
	metadata.max.age.ms = 300000
	reconnect.backoff.ms = 50
	sasl.kerberos.ticket.renew.window.factor = 0.8
	bootstrap.servers = [localhost:9092]
	ssl.keystore.type = JKS
	sasl.mechanism = GSSAPI
	max.block.ms = 60000
	interceptor.classes = null
	ssl.truststore.password = null
	client.id = producer-1
	ssl.endpoint.identification.algorithm = null
	request.timeout.ms = 30000
	acks = 1
	receive.buffer.bytes = 32768
	ssl.truststore.type = JKS
	retries = 0
	ssl.truststore.location = null
	ssl.keystore.password = null
	send.buffer.bytes = 131072
	compression.type = none
	metadata.fetch.timeout.ms = 60000
	retry.backoff.ms = 100
	sasl.kerberos.kinit.cmd = /usr/bin/kinit
	buffer.memory = 33554432
	timeout.ms = 30000
	key.serializer = class org.apache.kafka.common.serialization.StringSerializer
	sasl.kerberos.service.name = null
	sasl.kerberos.ticket.renew.jitter = 0.05
	ssl.trustmanager.algorithm = PKIX
	block.on.buffer.full = false
	ssl.key.password = null
	sasl.kerberos.min.time.before.relogin = 60000
	connections.max.idle.ms = 540000
	max.in.flight.requests.per.connection = 5
	metrics.num.samples = 2
	ssl.protocol = TLS
	ssl.provider = null
	ssl.enabled.protocols = [TLSv1.2, TLSv1.1, TLSv1]
	batch.size = 16384
	ssl.keystore.location = null
	ssl.cipher.suites = null
	security.protocol = PLAINTEXT
	max.request.size = 1048576
	value.serializer = class org.apache.kafka.common.serialization.ByteArraySerializer
	ssl.keymanager.algorithm = SunX509
	metrics.sample.window.ms = 30000
	partitioner.class = class org.apache.kafka.clients.producer.internals.DefaultPartitioner
	linger.ms = 0

2018-01-23 22:21:05,478 [roverMain] WARN org.apache.kafka.clients.producer.ProducerConfig  - The configuration zookeeper.connect = localhost:2181 was supplied but isn't a known config.
2018-01-23 22:21:05,478 [roverMain] WARN org.apache.kafka.clients.producer.ProducerConfig  - The configuration group.id = space.exploration.mars.rover.curiosity.1516767650468 was supplied but isn't a known config.
2018-01-23 22:21:05,478 [roverMain] WARN org.apache.kafka.clients.producer.ProducerConfig  - The configuration source.topic = earth_to_curiosity_5 was supplied but isn't a known config.
2018-01-23 22:21:05,478 [roverMain] WARN org.apache.kafka.clients.producer.ProducerConfig  - The configuration auto.offset.reset = largest was supplied but isn't a known config.
2018-01-23 22:21:05,478 [roverMain] WARN org.apache.kafka.clients.producer.ProducerConfig  - The configuration metadata.broker.list = localhost:9092 was supplied but isn't a known config.
2018-01-23 22:21:05,478 [roverMain] WARN org.apache.kafka.clients.producer.ProducerConfig  - The configuration destination.topic = curiosity_to_earth_5 was supplied but isn't a known config.
2018-01-23 22:21:05,479 [roverMain] INFO org.apache.kafka.common.utils.AppInfoParser  - Kafka version : 0.10.0.1
2018-01-23 22:21:05,480 [roverMain] INFO org.apache.kafka.common.utils.AppInfoParser  - Kafka commitId : a7a17cdec9eaa6c5
2018-01-23 22:21:05,598 [roverMain] INFO kafka.utils.VerifiableProperties  - Verifying properties
2018-01-23 22:21:05,621 [roverMain] INFO kafka.utils.VerifiableProperties  - Property auto.offset.reset is overridden to largest
2018-01-23 22:21:05,621 [roverMain] WARN kafka.utils.VerifiableProperties  - Property bootstrap.servers is not valid
2018-01-23 22:21:05,622 [roverMain] WARN kafka.utils.VerifiableProperties  - Property destination.topic is not valid
2018-01-23 22:21:05,622 [roverMain] INFO kafka.utils.VerifiableProperties  - Property group.id is overridden to space.exploration.mars.rover.curiosity.1516767650468
2018-01-23 22:21:05,622 [roverMain] WARN kafka.utils.VerifiableProperties  - Property key.serializer is not valid
2018-01-23 22:21:05,622 [roverMain] WARN kafka.utils.VerifiableProperties  - Property metadata.broker.list is not valid
2018-01-23 22:21:05,622 [roverMain] WARN kafka.utils.VerifiableProperties  - Property source.topic is not valid
2018-01-23 22:21:05,622 [roverMain] WARN kafka.utils.VerifiableProperties  - Property value.serializer is not valid
2018-01-23 22:21:05,622 [roverMain] INFO kafka.utils.VerifiableProperties  - Property zookeeper.connect is overridden to localhost:2181
2018-01-23 22:21:05,654 [roverMain] INFO kafka.consumer.ZookeeperConsumerConnector  - [space.exploration.mars.rover.curiosity.1516767650468_zion-mainframe-1516767665653-d91145cc], Connecting to zookeeper instance at localhost:2181
2018-01-23 22:21:05,660 [ZkClient-EventThread-29-localhost:2181] INFO org.I0Itec.zkclient.ZkEventThread  - Starting ZkClient event thread.
2018-01-23 22:21:05,663 [roverMain] INFO org.apache.zookeeper.ZooKeeper  - Client environment:zookeeper.version=3.4.6-1569965, built on 02/20/2014 09:09 GMT
2018-01-23 22:21:05,663 [roverMain] INFO org.apache.zookeeper.ZooKeeper  - Client environment:host.name=zion-mainframe
2018-01-23 22:21:05,663 [roverMain] INFO org.apache.zookeeper.ZooKeeper  - Client environment:java.version=1.8.0_151
2018-01-23 22:21:05,663 [roverMain] INFO org.apache.zookeeper.ZooKeeper  - Client environment:java.vendor=Oracle Corporation
2018-01-23 22:21:05,663 [roverMain] INFO org.apache.zookeeper.ZooKeeper  - Client environment:java.home=/usr/lib/jvm/java-8-openjdk-amd64/jre
2018-01-23 22:21:05,663 [roverMain] INFO org.apache.zookeeper.ZooKeeper  - Client environment:java.class.path=target/mars.rover-1.5-SOLSHOT-shaded.jar
2018-01-23 22:21:05,663 [roverMain] INFO org.apache.zookeeper.ZooKeeper  - Client environment:java.library.path=$LD_LIBRARY_PATH:"/home/sanket/Documents/workspace/SpiceUtilities/src/main/resources/JNISpice/lib/libJNISpice.so":/home/sanket/Documents/workspace/SpiceUtilities/src/main/resources/JNISpice/lib/libJNISpice.so:/usr/java/packages/lib/amd64:/usr/lib/x86_64-linux-gnu/jni:/lib/x86_64-linux-gnu:/usr/lib/x86_64-linux-gnu:/usr/lib/jni:/lib:/usr/lib
2018-01-23 22:21:05,663 [roverMain] INFO org.apache.zookeeper.ZooKeeper  - Client environment:java.io.tmpdir=/tmp
2018-01-23 22:21:05,663 [roverMain] INFO org.apache.zookeeper.ZooKeeper  - Client environment:java.compiler=<NA>
2018-01-23 22:21:05,663 [roverMain] INFO org.apache.zookeeper.ZooKeeper  - Client environment:os.name=Linux
2018-01-23 22:21:05,663 [roverMain] INFO org.apache.zookeeper.ZooKeeper  - Client environment:os.arch=amd64
2018-01-23 22:21:05,663 [roverMain] INFO org.apache.zookeeper.ZooKeeper  - Client environment:os.version=4.13.0-26-generic
2018-01-23 22:21:05,663 [roverMain] INFO org.apache.zookeeper.ZooKeeper  - Client environment:user.name=sanket
2018-01-23 22:21:05,663 [roverMain] INFO org.apache.zookeeper.ZooKeeper  - Client environment:user.home=/home/sanket
2018-01-23 22:21:05,663 [roverMain] INFO org.apache.zookeeper.ZooKeeper  - Client environment:user.dir=/home/sanket/Documents/workspace/MarsRover/mars.rover
2018-01-23 22:21:05,664 [roverMain] INFO org.apache.zookeeper.ZooKeeper  - Initiating client connection, connectString=localhost:2181 sessionTimeout=6000 watcher=org.I0Itec.zkclient.ZkClient@3857f613
2018-01-23 22:21:05,670 [roverMain] INFO org.I0Itec.zkclient.ZkClient  - Waiting for keeper state SyncConnected
2018-01-23 22:21:05,672 [roverMain-SendThread(localhost:2181)] INFO org.apache.zookeeper.ClientCnxn  - Opening socket connection to server localhost/127.0.0.1:2181. Will not attempt to authenticate using SASL (unknown error)
2018-01-23 22:21:05,676 [roverMain-SendThread(localhost:2181)] INFO org.apache.zookeeper.ClientCnxn  - Socket connection established to localhost/127.0.0.1:2181, initiating session
2018-01-23 22:21:05,682 [roverMain-SendThread(localhost:2181)] INFO org.apache.zookeeper.ClientCnxn  - Session establishment complete on server localhost/127.0.0.1:2181, sessionid = 0x16111f6ce22001b, negotiated timeout = 6000
2018-01-23 22:21:05,682 [roverMain-EventThread] INFO org.I0Itec.zkclient.ZkClient  - zookeeper state changed (SyncConnected)
2018-01-23 22:21:05,689 [roverMain] INFO kafka.consumer.ZookeeperConsumerConnector  - [space.exploration.mars.rover.curiosity.1516767650468_zion-mainframe-1516767665653-d91145cc], starting auto committer every 60000 ms
2018-01-23 22:21:05,711 [radio] INFO kafka.consumer.ZookeeperConsumerConnector  - [space.exploration.mars.rover.curiosity.1516767650468_zion-mainframe-1516767665653-d91145cc], begin registering consumer space.exploration.mars.rover.curiosity.1516767650468_zion-mainframe-1516767665653-d91145cc in ZK
2018-01-23 22:21:05,729 [radio] INFO kafka.utils.ZKCheckedEphemeral  - Creating /consumers/space.exploration.mars.rover.curiosity.1516767650468/ids/space.exploration.mars.rover.curiosity.1516767650468_zion-mainframe-1516767665653-d91145cc (is it secure? false)
2018-01-23 22:21:05,738 [radio] INFO kafka.utils.ZKCheckedEphemeral  - Result of znode creation is: OK
2018-01-23 22:21:05,739 [radio] INFO kafka.consumer.ZookeeperConsumerConnector  - [space.exploration.mars.rover.curiosity.1516767650468_zion-mainframe-1516767665653-d91145cc], end registering consumer space.exploration.mars.rover.curiosity.1516767650468_zion-mainframe-1516767665653-d91145cc in ZK
2018-01-23 22:21:05,744 [space.exploration.mars.rover.curiosity.1516767650468_zion-mainframe-1516767665653-d91145cc_watcher_executor] INFO kafka.consumer.ZookeeperConsumerConnector  - [space.exploration.mars.rover.curiosity.1516767650468_zion-mainframe-1516767665653-d91145cc], starting watcher executor thread for consumer space.exploration.mars.rover.curiosity.1516767650468_zion-mainframe-1516767665653-d91145cc
2018-01-23 22:21:05,761 [radio] INFO kafka.consumer.ZookeeperConsumerConnector  - [space.exploration.mars.rover.curiosity.1516767650468_zion-mainframe-1516767665653-d91145cc], begin rebalancing consumer space.exploration.mars.rover.curiosity.1516767650468_zion-mainframe-1516767665653-d91145cc try #0
2018-01-23 22:21:05,883 [radio] INFO kafka.consumer.ConsumerFetcherManager  - [ConsumerFetcherManager-1516767665688] Stopping leader finder thread
2018-01-23 22:21:05,883 [radio] INFO kafka.consumer.ConsumerFetcherManager  - [ConsumerFetcherManager-1516767665688] Stopping all fetchers
2018-01-23 22:21:05,883 [radio] INFO kafka.consumer.ConsumerFetcherManager  - [ConsumerFetcherManager-1516767665688] All connections stopped
2018-01-23 22:21:05,884 [radio] INFO kafka.consumer.ZookeeperConsumerConnector  - [space.exploration.mars.rover.curiosity.1516767650468_zion-mainframe-1516767665653-d91145cc], Cleared all relevant queues for this fetcher
2018-01-23 22:21:05,884 [radio] INFO kafka.consumer.ZookeeperConsumerConnector  - [space.exploration.mars.rover.curiosity.1516767650468_zion-mainframe-1516767665653-d91145cc], Cleared the data chunks in all the consumer message iterators
2018-01-23 22:21:05,884 [radio] INFO kafka.consumer.ZookeeperConsumerConnector  - [space.exploration.mars.rover.curiosity.1516767650468_zion-mainframe-1516767665653-d91145cc], Committing all offsets after clearing the fetcher queues
2018-01-23 22:21:05,885 [radio] INFO kafka.consumer.ZookeeperConsumerConnector  - [space.exploration.mars.rover.curiosity.1516767650468_zion-mainframe-1516767665653-d91145cc], Releasing partition ownership
2018-01-23 22:21:05,908 [radio] INFO kafka.consumer.RangeAssignor  - Consumer space.exploration.mars.rover.curiosity.1516767650468_zion-mainframe-1516767665653-d91145cc rebalancing the following partitions: ArrayBuffer(0) for topic earth_to_curiosity_5 with consumers: List(space.exploration.mars.rover.curiosity.1516767650468_zion-mainframe-1516767665653-d91145cc-0)
2018-01-23 22:21:05,909 [radio] INFO kafka.consumer.RangeAssignor  - space.exploration.mars.rover.curiosity.1516767650468_zion-mainframe-1516767665653-d91145cc-0 attempting to claim partition 0
2018-01-23 22:21:05,936 [radio] INFO kafka.consumer.ZookeeperConsumerConnector  - [space.exploration.mars.rover.curiosity.1516767650468_zion-mainframe-1516767665653-d91145cc], space.exploration.mars.rover.curiosity.1516767650468_zion-mainframe-1516767665653-d91145cc-0 successfully owned partition 0 for topic earth_to_curiosity_5
2018-01-23 22:21:05,953 [radio] INFO kafka.consumer.ZookeeperConsumerConnector  - [space.exploration.mars.rover.curiosity.1516767650468_zion-mainframe-1516767665653-d91145cc], Consumer space.exploration.mars.rover.curiosity.1516767650468_zion-mainframe-1516767665653-d91145cc selected partitions : earth_to_curiosity_5:0: fetched offset = -1: consumed offset = -1
2018-01-23 22:21:05,957 [radio] INFO kafka.consumer.ZookeeperConsumerConnector  - [space.exploration.mars.rover.curiosity.1516767650468_zion-mainframe-1516767665653-d91145cc], end rebalancing consumer space.exploration.mars.rover.curiosity.1516767650468_zion-mainframe-1516767665653-d91145cc try #0
2018-01-23 22:21:05,958 [space.exploration.mars.rover.curiosity.1516767650468_zion-mainframe-1516767665653-d91145cc-leader-finder-thread] INFO kafka.consumer.ConsumerFetcherManager$LeaderFinderThread  - [space.exploration.mars.rover.curiosity.1516767650468_zion-mainframe-1516767665653-d91145cc-leader-finder-thread], Starting 
2018-01-23 22:21:05,977 [space.exploration.mars.rover.curiosity.1516767650468_zion-mainframe-1516767665653-d91145cc-leader-finder-thread] INFO kafka.utils.VerifiableProperties  - Verifying properties
2018-01-23 22:21:05,978 [space.exploration.mars.rover.curiosity.1516767650468_zion-mainframe-1516767665653-d91145cc-leader-finder-thread] INFO kafka.utils.VerifiableProperties  - Property client.id is overridden to space.exploration.mars.rover.curiosity.1516767650468
2018-01-23 22:21:05,979 [space.exploration.mars.rover.curiosity.1516767650468_zion-mainframe-1516767665653-d91145cc-leader-finder-thread] INFO kafka.utils.VerifiableProperties  - Property metadata.broker.list is overridden to zion-mainframe:9092
2018-01-23 22:21:05,979 [space.exploration.mars.rover.curiosity.1516767650468_zion-mainframe-1516767665653-d91145cc-leader-finder-thread] INFO kafka.utils.VerifiableProperties  - Property request.timeout.ms is overridden to 30000
2018-01-23 22:21:05,993 [space.exploration.mars.rover.curiosity.1516767650468_zion-mainframe-1516767665653-d91145cc-leader-finder-thread] INFO kafka.client.ClientUtils$  - Fetching metadata from broker BrokerEndPoint(0,zion-mainframe,9092) with correlation id 0 for 1 topic(s) Set(earth_to_curiosity_5)
2018-01-23 22:21:05,998 [space.exploration.mars.rover.curiosity.1516767650468_zion-mainframe-1516767665653-d91145cc-leader-finder-thread] INFO kafka.producer.SyncProducer  - Connected to zion-mainframe:9092 for producing
2018-01-23 22:21:06,009 [space.exploration.mars.rover.curiosity.1516767650468_zion-mainframe-1516767665653-d91145cc-leader-finder-thread] INFO kafka.producer.SyncProducer  - Disconnecting from zion-mainframe:9092
2018-01-23 22:21:06,034 [ConsumerFetcherThread-space.exploration.mars.rover.curiosity.1516767650468_zion-mainframe-1516767665653-d91145cc-0-0] INFO kafka.consumer.ConsumerFetcherThread  - [ConsumerFetcherThread-space.exploration.mars.rover.curiosity.1516767650468_zion-mainframe-1516767665653-d91145cc-0-0], Starting 
2018-01-23 22:21:06,045 [space.exploration.mars.rover.curiosity.1516767650468_zion-mainframe-1516767665653-d91145cc-leader-finder-thread] INFO kafka.consumer.ConsumerFetcherManager  - [ConsumerFetcherManager-1516767665688] Added fetcher for partitions ArrayBuffer([[earth_to_curiosity_5,0], initOffset -1 to broker BrokerEndPoint(0,zion-mainframe,9092)] )
2018-01-23 22:21:06,692 [roverMain] INFO space.exploration.mars.rover.communication.Radio  - Radio configured:: 
group.id::space.exploration.mars.rover.curiosity.1516767650468
auto.offset.reset::largest
bootstrap.servers::localhost:9092
value.serializer::org.apache.kafka.common.serialization.ByteArraySerializer
destination.topic::curiosity_to_earth_5
zookeeper.connect::localhost:2181
key.serializer::org.apache.kafka.common.serialization.StringSerializer
source.topic::earth_to_curiosity_5
metadata.broker.list::localhost:9092
2018-01-23 22:21:07,692 [roverMain] INFO space.exploration.mars.rover.sensor.Radar  - Radar configured:: 
2018-01-23 22:21:13,796 [roverMain] INFO space.exploration.mars.rover.communication.Transmitter  - Sending information packet to curiosity_to_earth_5
2018-01-23 22:21:16,800 [sleepMonitor] INFO space.exploration.mars.rover.animation.SleepingAnimationEngine  - Rover is sleeping now
2018-01-23 22:21:16,803 [spacecraftClock] INFO space.exploration.mars.rover.sensor.DANSpectrometer  - Commencing calibration for DAN Spectrometer for sol = 1410
2018-01-23 22:21:16,836 [remsCalibrationThread0] INFO space.exploration.mars.rover.sensor.WeatherSensor  - ThreadId = 0 started for remsCalibration for sol = 1410
2018-01-23 22:21:16,845 [remsCalibrationThread2] INFO space.exploration.mars.rover.sensor.WeatherSensor  - ThreadId = 2 started for remsCalibration for sol = 1410
2018-01-23 22:21:16,845 [remsCalibrationThread3] INFO space.exploration.mars.rover.sensor.WeatherSensor  - ThreadId = 3 started for remsCalibration for sol = 1410
2018-01-23 22:21:16,845 [remsCalibrationThread4] INFO space.exploration.mars.rover.sensor.WeatherSensor  - ThreadId = 4 started for remsCalibration for sol = 1410
2018-01-23 22:21:16,845 [remsCalibrationThread5] INFO space.exploration.mars.rover.sensor.WeatherSensor  - ThreadId = 5 started for remsCalibration for sol = 1410
2018-01-23 22:21:16,845 [remsCalibrationThread6] INFO space.exploration.mars.rover.sensor.WeatherSensor  - ThreadId = 6 started for remsCalibration for sol = 1410
2018-01-23 22:21:16,845 [remsCalibrationThread7] INFO space.exploration.mars.rover.sensor.WeatherSensor  - ThreadId = 7 started for remsCalibration for sol = 1410
2018-01-23 22:21:16,846 [remsCalibrationThread8] INFO space.exploration.mars.rover.sensor.WeatherSensor  - ThreadId = 8 started for remsCalibration for sol = 1410
2018-01-23 22:21:16,846 [remsCalibrationThread9] INFO space.exploration.mars.rover.sensor.WeatherSensor  - ThreadId = 9 started for remsCalibration for sol = 1410
2018-01-23 22:21:16,846 [remsCalibrationThread10] INFO space.exploration.mars.rover.sensor.WeatherSensor  - ThreadId = 10 started for remsCalibration for sol = 1410
2018-01-23 22:21:16,846 [remsCalibrationThread11] INFO space.exploration.mars.rover.sensor.WeatherSensor  - ThreadId = 11 started for remsCalibration for sol = 1410
2018-01-23 22:21:16,846 [remsCalibrationThread12] INFO space.exploration.mars.rover.sensor.WeatherSensor  - ThreadId = 12 started for remsCalibration for sol = 1410
2018-01-23 22:21:16,846 [remsCalibrationThread13] INFO space.exploration.mars.rover.sensor.WeatherSensor  - ThreadId = 13 started for remsCalibration for sol = 1410
2018-01-23 22:21:16,846 [remsCalibrationThread14] INFO space.exploration.mars.rover.sensor.WeatherSensor  - ThreadId = 14 started for remsCalibration for sol = 1410
2018-01-23 22:21:16,846 [remsCalibrationThread15] INFO space.exploration.mars.rover.sensor.WeatherSensor  - ThreadId = 15 started for remsCalibration for sol = 1410
2018-01-23 22:21:16,846 [remsCalibrationThread16] INFO space.exploration.mars.rover.sensor.WeatherSensor  - ThreadId = 16 started for remsCalibration for sol = 1410
2018-01-23 22:21:16,849 [remsCalibrationThread18] INFO space.exploration.mars.rover.sensor.WeatherSensor  - ThreadId = 18 started for remsCalibration for sol = 1410
2018-01-23 22:21:16,851 [remsCalibrationThread1] INFO space.exploration.mars.rover.sensor.WeatherSensor  - ThreadId = 1 started for remsCalibration for sol = 1410
2018-01-23 22:21:16,851 [remsCalibrationThread17] INFO space.exploration.mars.rover.sensor.WeatherSensor  - ThreadId = 17 started for remsCalibration for sol = 1410
2018-01-23 22:21:16,864 [remsCalibrationThread20] INFO space.exploration.mars.rover.sensor.WeatherSensor  - ThreadId = 20 started for remsCalibration for sol = 1410
2018-01-23 22:21:16,864 [remsCalibrationThread19] INFO space.exploration.mars.rover.sensor.WeatherSensor  - ThreadId = 19 started for remsCalibration for sol = 1410
2018-01-23 22:21:16,868 [remsCalibrationThread22] INFO space.exploration.mars.rover.sensor.WeatherSensor  - ThreadId = 22 started for remsCalibration for sol = 1410
2018-01-23 22:21:16,868 [remsCalibrationThread21] INFO space.exploration.mars.rover.sensor.WeatherSensor  - ThreadId = 21 started for remsCalibration for sol = 1410
2018-01-23 22:21:16,868 [remsCalibrationThread23] INFO space.exploration.mars.rover.sensor.WeatherSensor  - ThreadId = 23 started for remsCalibration for sol = 1410
2018-01-23 22:21:16,890 [remsCalibrationThread25] INFO space.exploration.mars.rover.sensor.WeatherSensor  - ThreadId = 25 started for remsCalibration for sol = 1410
2018-01-23 22:21:16,898 [remsCalibrationThread24] INFO space.exploration.mars.rover.sensor.WeatherSensor  - ThreadId = 24 started for remsCalibration for sol = 1410
2018-01-23 22:21:16,905 [remsCalibrationThread27] INFO space.exploration.mars.rover.sensor.WeatherSensor  - ThreadId = 27 started for remsCalibration for sol = 1410
2018-01-23 22:21:16,905 [remsCalibrationThread26] INFO space.exploration.mars.rover.sensor.WeatherSensor  - ThreadId = 26 started for remsCalibration for sol = 1410
2018-01-23 22:21:16,906 [remsCalibrationThread28] INFO space.exploration.mars.rover.sensor.WeatherSensor  - ThreadId = 28 started for remsCalibration for sol = 1410
2018-01-23 22:21:16,913 [remsCalibrationThread30] INFO space.exploration.mars.rover.sensor.WeatherSensor  - ThreadId = 30 started for remsCalibration for sol = 1410
2018-01-23 22:21:16,913 [remsCalibrationThread31] INFO space.exploration.mars.rover.sensor.WeatherSensor  - ThreadId = 31 started for remsCalibration for sol = 1410
2018-01-23 22:21:16,914 [remsCalibrationThread32] INFO space.exploration.mars.rover.sensor.WeatherSensor  - ThreadId = 32 started for remsCalibration for sol = 1410
2018-01-23 22:21:16,916 [remsCalibrationThread34] INFO space.exploration.mars.rover.sensor.WeatherSensor  - ThreadId = 34 started for remsCalibration for sol = 1410
2018-01-23 22:21:16,917 [remsCalibrationThread29] INFO space.exploration.mars.rover.sensor.WeatherSensor  - ThreadId = 29 started for remsCalibration for sol = 1410
2018-01-23 22:21:16,918 [remsCalibrationThread33] INFO space.exploration.mars.rover.sensor.WeatherSensor  - ThreadId = 33 started for remsCalibration for sol = 1410
2018-01-23 22:21:16,918 [remsCalibrationThread35] INFO space.exploration.mars.rover.sensor.WeatherSensor  - ThreadId = 35 started for remsCalibration for sol = 1410
2018-01-23 22:21:16,918 [remsCalibrationThread36] INFO space.exploration.mars.rover.sensor.WeatherSensor  - ThreadId = 36 started for remsCalibration for sol = 1410
2018-01-23 22:21:16,918 [remsCalibrationThread38] INFO space.exploration.mars.rover.sensor.WeatherSensor  - ThreadId = 38 started for remsCalibration for sol = 1410
2018-01-23 22:21:16,919 [remsCalibrationThread37] INFO space.exploration.mars.rover.sensor.WeatherSensor  - ThreadId = 37 started for remsCalibration for sol = 1410
2018-01-23 22:21:16,919 [remsCalibrationThread39] INFO space.exploration.mars.rover.sensor.WeatherSensor  - ThreadId = 39 started for remsCalibration for sol = 1410
2018-01-23 22:21:16,919 [remsCalibrationThread40] INFO space.exploration.mars.rover.sensor.WeatherSensor  - ThreadId = 40 started for remsCalibration for sol = 1410
2018-01-23 22:21:16,919 [remsCalibrationThread41] INFO space.exploration.mars.rover.sensor.WeatherSensor  - ThreadId = 41 started for remsCalibration for sol = 1410
2018-01-23 22:21:16,919 [remsCalibrationThread42] INFO space.exploration.mars.rover.sensor.WeatherSensor  - ThreadId = 42 started for remsCalibration for sol = 1410
2018-01-23 22:21:16,920 [remsCalibrationThread43] INFO space.exploration.mars.rover.sensor.WeatherSensor  - ThreadId = 43 started for remsCalibration for sol = 1410
2018-01-23 22:21:16,920 [remsCalibrationThread44] INFO space.exploration.mars.rover.sensor.WeatherSensor  - ThreadId = 44 started for remsCalibration for sol = 1410
2018-01-23 22:21:16,924 [remsCalibrationThread45] INFO space.exploration.mars.rover.sensor.WeatherSensor  - ThreadId = 45 started for remsCalibration for sol = 1410
2018-01-23 22:21:16,924 [remsCalibrationThread46] INFO space.exploration.mars.rover.sensor.WeatherSensor  - ThreadId = 46 started for remsCalibration for sol = 1410
2018-01-23 22:21:16,928 [remsCalibrationThread47] INFO space.exploration.mars.rover.sensor.WeatherSensor  - ThreadId = 47 started for remsCalibration for sol = 1410
2018-01-23 22:21:16,928 [remsCalibrationThread48] INFO space.exploration.mars.rover.sensor.WeatherSensor  - ThreadId = 48 started for remsCalibration for sol = 1410
2018-01-23 22:21:16,932 [remsCalibrationThread49] INFO space.exploration.mars.rover.sensor.WeatherSensor  - ThreadId = 49 started for remsCalibration for sol = 1410
2018-01-23 22:21:16,935 [remsCalibrationThread50] INFO space.exploration.mars.rover.sensor.WeatherSensor  - ThreadId = 50 started for remsCalibration for sol = 1410
2018-01-23 22:21:16,944 [remsCalibrationThread51] INFO space.exploration.mars.rover.sensor.WeatherSensor  - ThreadId = 51 started for remsCalibration for sol = 1410
2018-01-23 22:21:16,948 [remsCalibrationThread52] INFO space.exploration.mars.rover.sensor.WeatherSensor  - ThreadId = 52 started for remsCalibration for sol = 1410
2018-01-23 22:21:16,948 [remsCalibrationThread53] INFO space.exploration.mars.rover.sensor.WeatherSensor  - ThreadId = 53 started for remsCalibration for sol = 1410
2018-01-23 22:21:16,948 [remsCalibrationThread54] INFO space.exploration.mars.rover.sensor.WeatherSensor  - ThreadId = 54 started for remsCalibration for sol = 1410
2018-01-23 22:21:16,948 [remsCalibrationThread55] INFO space.exploration.mars.rover.sensor.WeatherSensor  - ThreadId = 55 started for remsCalibration for sol = 1410
2018-01-23 22:21:16,948 [remsCalibrationThread56] INFO space.exploration.mars.rover.sensor.WeatherSensor  - ThreadId = 56 started for remsCalibration for sol = 1410
2018-01-23 22:21:16,949 [remsCalibrationThread57] INFO space.exploration.mars.rover.sensor.WeatherSensor  - ThreadId = 57 started for remsCalibration for sol = 1410
2018-01-23 22:21:16,950 [remsCalibrationThread58] INFO space.exploration.mars.rover.sensor.WeatherSensor  - ThreadId = 58 started for remsCalibration for sol = 1410
2018-01-23 22:21:16,950 [remsCalibrationThread59] INFO space.exploration.mars.rover.sensor.WeatherSensor  - ThreadId = 59 started for remsCalibration for sol = 1410
2018-01-23 22:21:16,950 [remsCalibrationThread60] INFO space.exploration.mars.rover.sensor.WeatherSensor  - ThreadId = 60 started for remsCalibration for sol = 1410
2018-01-23 22:21:16,951 [remsCalibrationThread61] INFO space.exploration.mars.rover.sensor.WeatherSensor  - ThreadId = 61 started for remsCalibration for sol = 1410
2018-01-23 22:21:16,951 [remsCalibrationThread62] INFO space.exploration.mars.rover.sensor.WeatherSensor  - ThreadId = 62 started for remsCalibration for sol = 1410
2018-01-23 22:21:16,951 [remsCalibrationThread63] INFO space.exploration.mars.rover.sensor.WeatherSensor  - ThreadId = 63 started for remsCalibration for sol = 1410
2018-01-23 22:21:16,951 [remsCalibrationThread64] INFO space.exploration.mars.rover.sensor.WeatherSensor  - ThreadId = 64 started for remsCalibration for sol = 1410
2018-01-23 22:21:16,951 [remsCalibrationThread65] INFO space.exploration.mars.rover.sensor.WeatherSensor  - ThreadId = 65 started for remsCalibration for sol = 1410
2018-01-23 22:21:16,951 [remsCalibrationThread66] INFO space.exploration.mars.rover.sensor.WeatherSensor  - ThreadId = 66 started for remsCalibration for sol = 1410
2018-01-23 22:21:16,951 [remsCalibrationThread67] INFO space.exploration.mars.rover.sensor.WeatherSensor  - ThreadId = 67 started for remsCalibration for sol = 1410
2018-01-23 22:21:16,951 [remsCalibrationThread68] INFO space.exploration.mars.rover.sensor.WeatherSensor  - ThreadId = 68 started for remsCalibration for sol = 1410
2018-01-23 22:21:16,952 [remsCalibrationThread70] INFO space.exploration.mars.rover.sensor.WeatherSensor  - ThreadId = 70 started for remsCalibration for sol = 1410
2018-01-23 22:21:16,952 [remsCalibrationThread73] INFO space.exploration.mars.rover.sensor.WeatherSensor  - ThreadId = 73 started for remsCalibration for sol = 1410
2018-01-23 22:21:16,952 [remsCalibrationThread71] INFO space.exploration.mars.rover.sensor.WeatherSensor  - ThreadId = 71 started for remsCalibration for sol = 1410
2018-01-23 22:21:16,952 [remsCalibrationThread69] INFO space.exploration.mars.rover.sensor.WeatherSensor  - ThreadId = 69 started for remsCalibration for sol = 1410
2018-01-23 22:21:16,952 [remsCalibrationThread72] INFO space.exploration.mars.rover.sensor.WeatherSensor  - ThreadId = 72 started for remsCalibration for sol = 1410
2018-01-23 22:21:16,953 [remsCalibrationThread74] INFO space.exploration.mars.rover.sensor.WeatherSensor  - ThreadId = 74 started for remsCalibration for sol = 1410
2018-01-23 22:21:16,956 [remsCalibrationThread75] INFO space.exploration.mars.rover.sensor.WeatherSensor  - ThreadId = 75 started for remsCalibration for sol = 1410
2018-01-23 22:21:16,960 [remsCalibrationThread76] INFO space.exploration.mars.rover.sensor.WeatherSensor  - ThreadId = 76 started for remsCalibration for sol = 1410
2018-01-23 22:21:16,960 [remsCalibrationThread78] INFO space.exploration.mars.rover.sensor.WeatherSensor  - ThreadId = 78 started for remsCalibration for sol = 1410
2018-01-23 22:21:16,960 [remsCalibrationThread79] INFO space.exploration.mars.rover.sensor.WeatherSensor  - ThreadId = 79 started for remsCalibration for sol = 1410
2018-01-23 22:21:16,960 [remsCalibrationThread77] INFO space.exploration.mars.rover.sensor.WeatherSensor  - ThreadId = 77 started for remsCalibration for sol = 1410
2018-01-23 22:21:16,964 [remsCalibrationThread80] INFO space.exploration.mars.rover.sensor.WeatherSensor  - ThreadId = 80 started for remsCalibration for sol = 1410
2018-01-23 22:21:16,964 [remsCalibrationThread81] INFO space.exploration.mars.rover.sensor.WeatherSensor  - ThreadId = 81 started for remsCalibration for sol = 1410
2018-01-23 22:21:16,964 [remsCalibrationThread82] INFO space.exploration.mars.rover.sensor.WeatherSensor  - ThreadId = 82 started for remsCalibration for sol = 1410
2018-01-23 22:21:16,964 [remsCalibrationThread84] INFO space.exploration.mars.rover.sensor.WeatherSensor  - ThreadId = 84 started for remsCalibration for sol = 1410
2018-01-23 22:21:16,964 [remsCalibrationThread83] INFO space.exploration.mars.rover.sensor.WeatherSensor  - ThreadId = 83 started for remsCalibration for sol = 1410
2018-01-23 22:21:16,965 [remsCalibrationThread85] INFO space.exploration.mars.rover.sensor.WeatherSensor  - ThreadId = 85 started for remsCalibration for sol = 1410
2018-01-23 22:21:16,968 [remsCalibrationThread86] INFO space.exploration.mars.rover.sensor.WeatherSensor  - ThreadId = 86 started for remsCalibration for sol = 1410
2018-01-23 22:21:16,968 [remsCalibrationThread87] INFO space.exploration.mars.rover.sensor.WeatherSensor  - ThreadId = 87 started for remsCalibration for sol = 1410
2018-01-23 22:21:16,972 [remsCalibrationThread88] INFO space.exploration.mars.rover.sensor.WeatherSensor  - ThreadId = 88 started for remsCalibration for sol = 1410
2018-01-23 22:21:16,976 [remsCalibrationThread89] INFO space.exploration.mars.rover.sensor.WeatherSensor  - ThreadId = 89 started for remsCalibration for sol = 1410
2018-01-23 22:21:16,980 [remsCalibrationThread90] INFO space.exploration.mars.rover.sensor.WeatherSensor  - ThreadId = 90 started for remsCalibration for sol = 1410
2018-01-23 22:21:16,980 [remsCalibrationThread91] INFO space.exploration.mars.rover.sensor.WeatherSensor  - ThreadId = 91 started for remsCalibration for sol = 1410
2018-01-23 22:21:16,981 [remsCalibrationThread92] INFO space.exploration.mars.rover.sensor.WeatherSensor  - ThreadId = 92 started for remsCalibration for sol = 1410
2018-01-23 22:21:16,984 [remsCalibrationThread93] INFO space.exploration.mars.rover.sensor.WeatherSensor  - ThreadId = 93 started for remsCalibration for sol = 1410
2018-01-23 22:21:16,990 [remsCalibrationThread94] INFO space.exploration.mars.rover.sensor.WeatherSensor  - ThreadId = 94 started for remsCalibration for sol = 1410
2018-01-23 22:21:16,991 [remsCalibrationThread95] INFO space.exploration.mars.rover.sensor.WeatherSensor  - ThreadId = 95 started for remsCalibration for sol = 1410
2018-01-23 22:21:16,991 [remsCalibrationThread96] INFO space.exploration.mars.rover.sensor.WeatherSensor  - ThreadId = 96 started for remsCalibration for sol = 1410
2018-01-23 22:21:16,992 [remsCalibrationThread97] INFO space.exploration.mars.rover.sensor.WeatherSensor  - ThreadId = 97 started for remsCalibration for sol = 1410
2018-01-23 22:21:16,992 [remsCalibrationThread98] INFO space.exploration.mars.rover.sensor.WeatherSensor  - ThreadId = 98 started for remsCalibration for sol = 1410
2018-01-23 22:21:16,996 [remsCalibrationThread99] INFO space.exploration.mars.rover.sensor.WeatherSensor  - ThreadId = 99 started for remsCalibration for sol = 1410
2018-01-23 22:21:35,380 [batteryMonitor] INFO space.exploration.mars.rover.power.BatteryMonitor  - BatteryMonitor performing due diligence. SCET = 1516767695380 Rover state = Sleeping State
2018-01-23 22:21:35,380 [batteryMonitor] INFO space.exploration.mars.rover.power.BatteryMonitor  -  Battery primaryUnits = 1200 auxiliaryPowerUnits = 100
2018-01-23 22:21:54,896 [pacemaker] INFO space.exploration.mars.rover.diagnostics.Pacemaker  - Diagnostics inhibited because rover is sleeping to conserve battery Current instructionQueue length = 0
2018-01-23 22:21:55,897 [sleepMonitor] INFO space.exploration.mars.rover.diagnostics.SleepMonitor  - Awakening rover from slumber
2018-01-23 22:21:55,897 [sleepMonitor] INFO space.exploration.mars.rover.animation.SleepingAnimationEngine  - Waking up rover
2018-01-23 22:21:55,898 [sleepBreather] INFO space.exploration.mars.rover.animation.SleepBreather  - Sleep animation interrupted.
2018-01-23 22:21:57,894 [radio] INFO space.exploration.mars.rover.communication.Receiver  - Time Elapsed since last message = 52203
2018-01-23 22:21:58,014 [radio] INFO space.exploration.mars.rover.kernel.PositionSensor  - Houston - this is curiosityActual.ephemerisTime: 5.22631208183458E8
stateCuriosity: -5.607542979E7
stateCuriosity: -7.6155901713E7
stateCuriosity: -3.8561390478E7
stateCuriosity: 0.258
stateCuriosity: -9.483
stateCuriosity: -4.716
owltMSLEarth: 340.679
stateEarth: 5.6067097237E7
stateEarth: 7.6144587745E7
stateEarth: 3.8555662098E7
stateEarth: -0.258
stateEarth: 9.481
stateEarth: 4.715
owltEarthMSL: 340.629
positionEarthWRTCuriosity: 5.6067097237E7
positionEarthWRTCuriosity: 7.6144587745E7
positionEarthWRTCuriosity: 3.8555662098E7
owltEarthMSL2: 340.629
angSepHGAEarth: 133.235
utcTime: "2016-07-24~11:19:00"
sol: 1410
sclkValue: " 1/01410:03:05:41:66224"

2018-01-23 22:21:58,104 [radio] INFO space.exploration.mars.rover.kernel.PositionSensor  - ephemerisTime: 5.22631208183458E8
stateCuriosity: -5.607542979E7
stateCuriosity: -7.6155901713E7
stateCuriosity: -3.8561390478E7
stateCuriosity: 0.258
stateCuriosity: -9.483
stateCuriosity: -4.716
owltMSLEarth: 340.679
stateEarth: 5.6067097237E7
stateEarth: 7.6144587745E7
stateEarth: 3.8555662098E7
stateEarth: -0.258
stateEarth: 9.481
stateEarth: 4.715
owltEarthMSL: 340.629
positionEarthWRTCuriosity: 5.6067097237E7
positionEarthWRTCuriosity: 7.6144587745E7
positionEarthWRTCuriosity: 3.8555662098E7
owltEarthMSL2: 340.629
angSepHGAEarth: 133.235
utcTime: "2016-07-24~11:19:00"
sol: 1410
sclkValue: " 1/01410:03:05:41:66224"

2018-01-23 22:21:58,104 [radio] INFO space.exploration.mars.rover.communication.Radio  - One Way Light Time computed by SPICE :: 340.679
2018-01-23 22:21:58,906 [radio] INFO space.exploration.mars.rover.kernel.ListeningState  - timeStamp: 1516767717685
targets {
  roverModule: 11
  action: "GetSclkInformation"
}

2018-01-23 22:22:04,950 [radio] INFO space.exploration.mars.rover.kernel.ListeningState  - 1516767724950,11,GetSclkInformation Current instructionQueue length = 0
2018-01-23 22:22:04,950 [radio] INFO space.exploration.mars.rover.kernel.ListeningState  - Rover will get detailed spacecraftClock information. Houston, this is CuriosityActual.
2018-01-23 22:22:04,953 [radio] INFO space.exploration.mars.rover.kernel.SpacecraftClock  - Internal time::2016-07-24T11:27:00.000-05:00 sclk of::1/01410:03:13:28:81950
2018-01-23 22:22:11,011 [radio] INFO space.exploration.mars.rover.kernel.PositionSensor  - Houston - this is curiosityActual.ephemerisTime: 5.22631988183458E8
stateCuriosity: -5.6075231928E7
stateCuriosity: -7.6163297631E7
stateCuriosity: -3.8565066396E7
stateCuriosity: 0.249
stateCuriosity: -9.481
stateCuriosity: -4.709
owltMSLEarth: 340.702
stateEarth: 5.60668991E7
stateEarth: 7.6151982134E7
stateEarth: 3.8559337265E7
stateEarth: -0.25
stateEarth: 9.479
stateEarth: 4.708
owltEarthMSL: 340.651
positionEarthWRTCuriosity: 5.60668991E7
positionEarthWRTCuriosity: 7.6151982134E7
positionEarthWRTCuriosity: 3.8559337265E7
owltEarthMSL2: 340.651
angSepHGAEarth: 130.242
utcTime: "2016-07-24~11:32:00"
sol: 1410
sclkValue: " 1/01410:03:18:20:79279"

2018-01-23 22:22:11,059 [radio] INFO space.exploration.mars.rover.kernel.PositionSensor  - ephemerisTime: 5.22631988183458E8
stateCuriosity: -5.6075231928E7
stateCuriosity: -7.6163297631E7
stateCuriosity: -3.8565066396E7
stateCuriosity: 0.249
stateCuriosity: -9.481
stateCuriosity: -4.709
owltMSLEarth: 340.702
stateEarth: 5.60668991E7
stateEarth: 7.6151982134E7
stateEarth: 3.8559337265E7
stateEarth: -0.25
stateEarth: 9.479
stateEarth: 4.708
owltEarthMSL: 340.651
positionEarthWRTCuriosity: 5.60668991E7
positionEarthWRTCuriosity: 7.6151982134E7
positionEarthWRTCuriosity: 3.8559337265E7
owltEarthMSL2: 340.651
angSepHGAEarth: 130.242
utcTime: "2016-07-24~11:32:00"
sol: 1410
sclkValue: " 1/01410:03:18:20:79279"

2018-01-23 22:22:11,059 [radio] INFO space.exploration.mars.rover.communication.Radio  - One Way Light Time computed by SPICE :: 340.702
2018-01-23 22:22:11,065 [radio] INFO space.exploration.mars.rover.communication.Transmitter  - Sending information packet to curiosity_to_earth_5
2018-01-23 22:22:14,066 [batteryMonitor] INFO space.exploration.mars.rover.power.BatteryMonitor  - BatteryMonitor performing due diligence. SCET = 1516767725380 Rover state = Listening State
2018-01-23 22:22:14,067 [batteryMonitor] INFO space.exploration.mars.rover.power.BatteryMonitor  -  Battery primaryUnits = 1200 auxiliaryPowerUnits = 100
2018-01-23 22:22:33,475 [remsCalibrationKickOff] INFO space.exploration.mars.rover.sensor.WeatherSensor  - Thread id = 0 finished checking urls, file not found. Done status = true
2018-01-23 22:22:33,476 [remsCalibrationKickOff] INFO space.exploration.mars.rover.sensor.WeatherSensor  - Thread id = 1 finished checking urls, file not found. Done status = true
2018-01-23 22:22:33,688 [remsCalibrationKickOff] INFO space.exploration.mars.rover.sensor.WeatherSensor  - Thread id = 2 finished checking urls, file not found. Done status = true
2018-01-23 22:22:33,700 [remsCalibrationKickOff] INFO space.exploration.mars.rover.sensor.WeatherSensor  - Thread id = 3 finished checking urls, file not found. Done status = true
2018-01-23 22:22:33,700 [remsCalibrationKickOff] INFO space.exploration.mars.rover.sensor.WeatherSensor  - Thread id = 4 finished checking urls, file not found. Done status = true
2018-01-23 22:22:33,700 [remsCalibrationKickOff] INFO space.exploration.mars.rover.sensor.WeatherSensor  - Thread id = 5 finished checking urls, file not found. Done status = true
2018-01-23 22:22:33,700 [remsCalibrationKickOff] INFO space.exploration.mars.rover.sensor.WeatherSensor  - Thread id = 6 finished checking urls, file not found. Done status = true
2018-01-23 22:22:33,700 [remsCalibrationKickOff] INFO space.exploration.mars.rover.sensor.WeatherSensor  - Thread id = 7 finished checking urls, file not found. Done status = true
2018-01-23 22:22:33,700 [remsCalibrationKickOff] INFO space.exploration.mars.rover.sensor.WeatherSensor  - Thread id = 8 finished checking urls, file not found. Done status = true
2018-01-23 22:22:33,700 [remsCalibrationKickOff] INFO space.exploration.mars.rover.sensor.WeatherSensor  - Thread id = 9 finished checking urls, file not found. Done status = true
2018-01-23 22:22:33,700 [remsCalibrationKickOff] INFO space.exploration.mars.rover.sensor.WeatherSensor  - Thread id = 10 finished checking urls, file not found. Done status = true
2018-01-23 22:22:33,700 [remsCalibrationKickOff] INFO space.exploration.mars.rover.sensor.WeatherSensor  - Thread id = 11 finished checking urls, file not found. Done status = true
2018-01-23 22:22:33,851 [remsCalibrationKickOff] INFO space.exploration.mars.rover.sensor.WeatherSensor  - Thread id = 12 finished checking urls, file not found. Done status = true
2018-01-23 22:22:33,851 [remsCalibrationKickOff] INFO space.exploration.mars.rover.sensor.WeatherSensor  - Thread id = 13 finished checking urls, file not found. Done status = true
2018-01-23 22:22:33,851 [remsCalibrationKickOff] INFO space.exploration.mars.rover.sensor.WeatherSensor  - Thread id = 14 finished checking urls, file not found. Done status = true
2018-01-23 22:22:33,851 [remsCalibrationKickOff] INFO space.exploration.mars.rover.sensor.WeatherSensor  - Thread id = 15 finished checking urls, file not found. Done status = true
2018-01-23 22:22:33,851 [remsCalibrationKickOff] INFO space.exploration.mars.rover.sensor.WeatherSensor  - Thread id = 16 finished checking urls, file not found. Done status = true
2018-01-23 22:22:33,851 [remsCalibrationKickOff] INFO space.exploration.mars.rover.sensor.WeatherSensor  - Thread id = 17 finished checking urls, file not found. Done status = true
2018-01-23 22:22:33,851 [remsCalibrationKickOff] INFO space.exploration.mars.rover.sensor.WeatherSensor  - Thread id = 18 finished checking urls, file not found. Done status = true
2018-01-23 22:22:33,851 [remsCalibrationKickOff] INFO space.exploration.mars.rover.sensor.WeatherSensor  - Thread id = 19 finished checking urls, file not found. Done status = true
2018-01-23 22:22:33,851 [remsCalibrationKickOff] INFO space.exploration.mars.rover.sensor.WeatherSensor  - Thread id = 20 finished checking urls, file not found. Done status = true
2018-01-23 22:22:33,851 [remsCalibrationKickOff] INFO space.exploration.mars.rover.sensor.WeatherSensor  - Thread id = 21 finished checking urls, file not found. Done status = true
2018-01-23 22:22:33,851 [remsCalibrationKickOff] INFO space.exploration.mars.rover.sensor.WeatherSensor  - Thread id = 22 finished checking urls, file not found. Done status = true
2018-01-23 22:22:33,851 [remsCalibrationKickOff] INFO space.exploration.mars.rover.sensor.WeatherSensor  - Thread id = 23 finished checking urls, file not found. Done status = true
2018-01-23 22:22:33,851 [remsCalibrationKickOff] INFO space.exploration.mars.rover.sensor.WeatherSensor  - Thread id = 24 finished checking urls, file not found. Done status = true
2018-01-23 22:22:33,851 [remsCalibrationKickOff] INFO space.exploration.mars.rover.sensor.WeatherSensor  - Thread id = 25 finished checking urls, file not found. Done status = true
2018-01-23 22:22:33,851 [remsCalibrationKickOff] INFO space.exploration.mars.rover.sensor.WeatherSensor  - Thread id = 26 finished checking urls, file not found. Done status = true
2018-01-23 22:22:35,380 [batteryMonitor] INFO space.exploration.mars.rover.power.BatteryMonitor  - BatteryMonitor performing due diligence. SCET = 1516767755380 Rover state = Listening State
2018-01-23 22:22:35,380 [batteryMonitor] INFO space.exploration.mars.rover.power.BatteryMonitor  -  Battery primaryUnits = 1200 auxiliaryPowerUnits = 100
2018-01-23 22:22:35,886 [remsCalibrationKickOff] INFO space.exploration.mars.rover.sensor.WeatherSensor  - REMS finished calibration. Time taken = 6179.999997973442 seconds. Calibration successful = true
2018-01-23 22:22:54,932 [pacemaker] INFO space.exploration.mars.rover.kernel.PositionSensor  - Houston - this is curiosityActual.ephemerisTime: 5.22634628183457E8
stateCuriosity: -5.6074612452E7
stateCuriosity: -7.6188324266E7
stateCuriosity: -3.8577469217E7
stateCuriosity: 0.219
stateCuriosity: -9.48
stateCuriosity: -4.687
owltMSLEarth: 340.779
stateEarth: 5.6066279677E7
stateEarth: 7.6177004912E7
stateEarth: 3.8571738205E7
stateEarth: -0.219
stateEarth: 9.479
stateEarth: 4.687
owltEarthMSL: 340.728
positionEarthWRTCuriosity: 5.6066279677E7
positionEarthWRTCuriosity: 7.6177004912E7
positionEarthWRTCuriosity: 3.8571738205E7
owltEarthMSL2: 340.728
angSepHGAEarth: 120.133
utcTime: "2016-07-24~12:16:00"
sol: 1410
sclkValue: " 1/01410:04:01:10:15773"

2018-01-23 22:22:54,976 [pacemaker] INFO space.exploration.mars.rover.kernel.PositionSensor  - ephemerisTime: 5.22634628183457E8
stateCuriosity: -5.6074612452E7
stateCuriosity: -7.6188324266E7
stateCuriosity: -3.8577469217E7
stateCuriosity: 0.219
stateCuriosity: -9.48
stateCuriosity: -4.687
owltMSLEarth: 340.779
stateEarth: 5.6066279677E7
stateEarth: 7.6177004912E7
stateEarth: 3.8571738205E7
stateEarth: -0.219
stateEarth: 9.479
stateEarth: 4.687
owltEarthMSL: 340.728
positionEarthWRTCuriosity: 5.6066279677E7
positionEarthWRTCuriosity: 7.6177004912E7
positionEarthWRTCuriosity: 3.8571738205E7
owltEarthMSL2: 340.728
angSepHGAEarth: 120.133
utcTime: "2016-07-24~12:16:00"
sol: 1410
sclkValue: " 1/01410:04:01:10:15773"

2018-01-23 22:22:54,981 [pacemaker] INFO space.exploration.mars.rover.kernel.SpacecraftClock  - Internal time::2016-07-24T12:17:00.000-05:00 sclk of::1/01410:04:02:08:55239
2018-01-23 22:23:01,036 [pacemaker] INFO space.exploration.mars.rover.kernel.PositionSensor  - Houston - this is curiosityActual.ephemerisTime: 5.22634988183457E8
stateCuriosity: -5.607453426E7
stateCuriosity: -7.6191737044E7
stateCuriosity: -3.8579156097E7
stateCuriosity: 0.215
stateCuriosity: -9.48
stateCuriosity: -4.684
owltMSLEarth: 340.789
stateEarth: 5.6066201608E7
stateEarth: 7.618041732E7
stateEarth: 3.8573424906E7
stateEarth: -0.215
stateEarth: 9.479
stateEarth: 4.684
owltEarthMSL: 340.738
positionEarthWRTCuriosity: 5.6066201608E7
positionEarthWRTCuriosity: 7.618041732E7
positionEarthWRTCuriosity: 3.8573424906E7
owltEarthMSL2: 340.738
angSepHGAEarth: 118.758
utcTime: "2016-07-24~12:22:00"
sol: 1410
sclkValue: " 1/01410:04:07:00:52568"

2018-01-23 22:23:01,081 [pacemaker] INFO space.exploration.mars.rover.kernel.PositionSensor  - ephemerisTime: 5.22634988183457E8
stateCuriosity: -5.607453426E7
stateCuriosity: -7.6191737044E7
stateCuriosity: -3.8579156097E7
stateCuriosity: 0.215
stateCuriosity: -9.48
stateCuriosity: -4.684
owltMSLEarth: 340.789
stateEarth: 5.6066201608E7
stateEarth: 7.618041732E7
stateEarth: 3.8573424906E7
stateEarth: -0.215
stateEarth: 9.479
stateEarth: 4.684
owltEarthMSL: 340.738
positionEarthWRTCuriosity: 5.6066201608E7
positionEarthWRTCuriosity: 7.618041732E7
positionEarthWRTCuriosity: 3.8573424906E7
owltEarthMSL2: 340.738
angSepHGAEarth: 118.758
utcTime: "2016-07-24~12:22:00"
sol: 1410
sclkValue: " 1/01410:04:07:00:52568"

2018-01-23 22:23:01,081 [pacemaker] INFO space.exploration.mars.rover.communication.Radio  - One Way Light Time computed by SPICE :: 340.789
2018-01-23 22:23:01,086 [pacemaker] INFO space.exploration.mars.rover.communication.Transmitter  - Sending information packet to curiosity_to_earth_5
2018-01-23 22:23:05,380 [batteryMonitor] INFO space.exploration.mars.rover.power.BatteryMonitor  - BatteryMonitor performing due diligence. SCET = 1516767785380 Rover state = Listening State
2018-01-23 22:23:05,380 [batteryMonitor] INFO space.exploration.mars.rover.power.BatteryMonitor  -  Battery primaryUnits = 1199 auxiliaryPowerUnits = 100
2018-01-23 22:23:35,380 [batteryMonitor] INFO space.exploration.mars.rover.power.BatteryMonitor  - BatteryMonitor performing due diligence. SCET = 1516767815380 Rover state = Listening State
2018-01-23 22:23:35,380 [batteryMonitor] INFO space.exploration.mars.rover.power.BatteryMonitor  -  Battery primaryUnits = 1199 auxiliaryPowerUnits = 100
2018-01-23 22:23:54,966 [pacemaker] INFO space.exploration.mars.rover.kernel.PositionSensor  - Houston - this is curiosityActual.ephemerisTime: 5.22638228183456E8
stateCuriosity: -5.6073901768E7
stateCuriosity: -7.622246593E7
stateCuriosity: -3.8594295216E7
stateCuriosity: 0.175
stateCuriosity: -9.49
stateCuriosity: -4.662
owltMSLEarth: 340.883
stateEarth: 5.6065571422E7
stateEarth: 7.6211144478E7
stateEarth: 3.8588563227E7
stateEarth: -0.174
stateEarth: 9.49
stateEarth: 4.662
owltEarthMSL: 340.833
positionEarthWRTCuriosity: 5.6065571422E7
positionEarthWRTCuriosity: 7.6211144478E7
positionEarthWRTCuriosity: 3.8588563227E7
owltEarthMSL2: 340.833
angSepHGAEarth: 106.433
utcTime: "2016-07-24~13:16:00"
sol: 1410
sclkValue: " 1/01410:04:59:33:83720"

2018-01-23 22:23:55,016 [pacemaker] INFO space.exploration.mars.rover.kernel.PositionSensor  - ephemerisTime: 5.22638228183456E8
stateCuriosity: -5.6073901768E7
stateCuriosity: -7.622246593E7
stateCuriosity: -3.8594295216E7
stateCuriosity: 0.175
stateCuriosity: -9.49
stateCuriosity: -4.662
owltMSLEarth: 340.883
stateEarth: 5.6065571422E7
stateEarth: 7.6211144478E7
stateEarth: 3.8588563227E7
stateEarth: -0.174
stateEarth: 9.49
stateEarth: 4.662
owltEarthMSL: 340.833
positionEarthWRTCuriosity: 5.6065571422E7
positionEarthWRTCuriosity: 7.6211144478E7
positionEarthWRTCuriosity: 3.8588563227E7
owltEarthMSL2: 340.833
angSepHGAEarth: 106.433
utcTime: "2016-07-24~13:16:00"
sol: 1410
sclkValue: " 1/01410:04:59:33:83720"

2018-01-23 22:23:55,016 [pacemaker] INFO space.exploration.mars.rover.kernel.SpacecraftClock  - Internal time::2016-07-24T13:17:00.000-05:00 sclk of::1/01410:05:00:32:23186
2018-01-23 22:24:01,216 [pacemaker] INFO space.exploration.mars.rover.kernel.PositionSensor  - Houston - this is curiosityActual.ephemerisTime: 5.22638588183456E8
stateCuriosity: -5.607383954E7
stateCuriosity: -7.6225882729E7
stateCuriosity: -3.8595972987E7
stateCuriosity: 0.171
stateCuriosity: -9.492
stateCuriosity: -4.659
owltMSLEarth: 340.894
stateEarth: 5.6065509578E7
stateEarth: 7.6214561257E7
stateEarth: 3.8590240996E7
stateEarth: -0.17
stateEarth: 9.492
stateEarth: 4.659
owltEarthMSL: 340.843
positionEarthWRTCuriosity: 5.6065509578E7
positionEarthWRTCuriosity: 7.6214561257E7
positionEarthWRTCuriosity: 3.8590240996E7
owltEarthMSL2: 340.843
angSepHGAEarth: 105.071
utcTime: "2016-07-24~13:22:00"
sol: 1410
sclkValue: " 1/01410:05:05:24:20515"

2018-01-23 22:24:01,269 [pacemaker] INFO space.exploration.mars.rover.kernel.PositionSensor  - ephemerisTime: 5.22638588183456E8
stateCuriosity: -5.607383954E7
stateCuriosity: -7.6225882729E7
stateCuriosity: -3.8595972987E7
stateCuriosity: 0.171
stateCuriosity: -9.492
stateCuriosity: -4.659
owltMSLEarth: 340.894
stateEarth: 5.6065509578E7
stateEarth: 7.6214561257E7
stateEarth: 3.8590240996E7
stateEarth: -0.17
stateEarth: 9.492
stateEarth: 4.659
owltEarthMSL: 340.843
positionEarthWRTCuriosity: 5.6065509578E7
positionEarthWRTCuriosity: 7.6214561257E7
positionEarthWRTCuriosity: 3.8590240996E7
owltEarthMSL2: 340.843
angSepHGAEarth: 105.071
utcTime: "2016-07-24~13:22:00"
sol: 1410
sclkValue: " 1/01410:05:05:24:20515"

2018-01-23 22:24:01,270 [pacemaker] INFO space.exploration.mars.rover.communication.Radio  - One Way Light Time computed by SPICE :: 340.894
2018-01-23 22:24:01,275 [pacemaker] INFO space.exploration.mars.rover.communication.Transmitter  - Sending information packet to curiosity_to_earth_5
2018-01-23 22:24:04,277 [sleepMonitor] INFO space.exploration.mars.rover.animation.SleepingAnimationEngine  - Rover is sleeping now
2018-01-23 22:24:05,380 [batteryMonitor] INFO space.exploration.mars.rover.power.BatteryMonitor  - BatteryMonitor performing due diligence. SCET = 1516767845380 Rover state = Sleeping State
2018-01-23 22:24:05,380 [batteryMonitor] INFO space.exploration.mars.rover.power.BatteryMonitor  -  Battery primaryUnits = 1198 auxiliaryPowerUnits = 100
2018-01-23 22:24:35,380 [batteryMonitor] INFO space.exploration.mars.rover.power.BatteryMonitor  - BatteryMonitor performing due diligence. SCET = 1516767875380 Rover state = Sleeping State
2018-01-23 22:24:35,380 [batteryMonitor] INFO space.exploration.mars.rover.power.BatteryMonitor  -  Battery primaryUnits = 1198 auxiliaryPowerUnits = 100
2018-01-23 22:24:54,896 [pacemaker] INFO space.exploration.mars.rover.diagnostics.Pacemaker  - Diagnostics inhibited because rover is sleeping to conserve battery Current instructionQueue length = 0
2018-01-23 22:25:05,380 [batteryMonitor] INFO space.exploration.mars.rover.power.BatteryMonitor  - BatteryMonitor performing due diligence. SCET = 1516767905380 Rover state = Sleeping State
2018-01-23 22:25:05,380 [batteryMonitor] INFO space.exploration.mars.rover.power.BatteryMonitor  -  Battery primaryUnits = 1198 auxiliaryPowerUnits = 100
2018-01-23 22:25:35,380 [batteryMonitor] INFO space.exploration.mars.rover.power.BatteryMonitor  - BatteryMonitor performing due diligence. SCET = 1516767935380 Rover state = Sleeping State
2018-01-23 22:25:35,380 [batteryMonitor] INFO space.exploration.mars.rover.power.BatteryMonitor  -  Battery primaryUnits = 1198 auxiliaryPowerUnits = 100
