33424 [main] INFO org.apache.kafka.clients.producer.ProducerConfig  - ProducerConfig values: 
	metric.reporters = []
	metadata.max.age.ms = 300000
	reconnect.backoff.ms = 50
	sasl.kerberos.ticket.renew.window.factor = 0.8
	bootstrap.servers = [localhost:9092]
	ssl.keystore.type = JKS
	sasl.mechanism = GSSAPI
	max.block.ms = 60000
	interceptor.classes = null
	ssl.truststore.password = null
	client.id = 
	ssl.endpoint.identification.algorithm = null
	request.timeout.ms = 30000
	acks = 1
	receive.buffer.bytes = 32768
	ssl.truststore.type = JKS
	retries = 0
	ssl.truststore.location = null
	ssl.keystore.password = null
	send.buffer.bytes = 131072
	compression.type = none
	metadata.fetch.timeout.ms = 60000
	retry.backoff.ms = 100
	sasl.kerberos.kinit.cmd = /usr/bin/kinit
	buffer.memory = 33554432
	timeout.ms = 30000
	key.serializer = class org.apache.kafka.common.serialization.StringSerializer
	sasl.kerberos.service.name = null
	sasl.kerberos.ticket.renew.jitter = 0.05
	ssl.trustmanager.algorithm = PKIX
	block.on.buffer.full = false
	ssl.key.password = null
	sasl.kerberos.min.time.before.relogin = 60000
	connections.max.idle.ms = 540000
	max.in.flight.requests.per.connection = 5
	metrics.num.samples = 2
	ssl.protocol = TLS
	ssl.provider = null
	ssl.enabled.protocols = [TLSv1.2, TLSv1.1, TLSv1]
	batch.size = 16384
	ssl.keystore.location = null
	ssl.cipher.suites = null
	security.protocol = PLAINTEXT
	max.request.size = 1048576
	value.serializer = class org.apache.kafka.common.serialization.ByteArraySerializer
	ssl.keymanager.algorithm = SunX509
	metrics.sample.window.ms = 30000
	partitioner.class = class org.apache.kafka.clients.producer.internals.DefaultPartitioner
	linger.ms = 0

33491 [main] INFO org.apache.kafka.clients.producer.ProducerConfig  - ProducerConfig values: 
	metric.reporters = []
	metadata.max.age.ms = 300000
	reconnect.backoff.ms = 50
	sasl.kerberos.ticket.renew.window.factor = 0.8
	bootstrap.servers = [localhost:9092]
	ssl.keystore.type = JKS
	sasl.mechanism = GSSAPI
	max.block.ms = 60000
	interceptor.classes = null
	ssl.truststore.password = null
	client.id = producer-1
	ssl.endpoint.identification.algorithm = null
	request.timeout.ms = 30000
	acks = 1
	receive.buffer.bytes = 32768
	ssl.truststore.type = JKS
	retries = 0
	ssl.truststore.location = null
	ssl.keystore.password = null
	send.buffer.bytes = 131072
	compression.type = none
	metadata.fetch.timeout.ms = 60000
	retry.backoff.ms = 100
	sasl.kerberos.kinit.cmd = /usr/bin/kinit
	buffer.memory = 33554432
	timeout.ms = 30000
	key.serializer = class org.apache.kafka.common.serialization.StringSerializer
	sasl.kerberos.service.name = null
	sasl.kerberos.ticket.renew.jitter = 0.05
	ssl.trustmanager.algorithm = PKIX
	block.on.buffer.full = false
	ssl.key.password = null
	sasl.kerberos.min.time.before.relogin = 60000
	connections.max.idle.ms = 540000
	max.in.flight.requests.per.connection = 5
	metrics.num.samples = 2
	ssl.protocol = TLS
	ssl.provider = null
	ssl.enabled.protocols = [TLSv1.2, TLSv1.1, TLSv1]
	batch.size = 16384
	ssl.keystore.location = null
	ssl.cipher.suites = null
	security.protocol = PLAINTEXT
	max.request.size = 1048576
	value.serializer = class org.apache.kafka.common.serialization.ByteArraySerializer
	ssl.keymanager.algorithm = SunX509
	metrics.sample.window.ms = 30000
	partitioner.class = class org.apache.kafka.clients.producer.internals.DefaultPartitioner
	linger.ms = 0

33491 [main] WARN org.apache.kafka.clients.producer.ProducerConfig  - The configuration zookeeper.connect = localhost:2181 was supplied but isn't a known config.
33492 [main] WARN org.apache.kafka.clients.producer.ProducerConfig  - The configuration group.id = space.exploration.mars.newRover was supplied but isn't a known config.
33492 [main] WARN org.apache.kafka.clients.producer.ProducerConfig  - The configuration source.topic = earth_to_curiosity_4 was supplied but isn't a known config.
33492 [main] WARN org.apache.kafka.clients.producer.ProducerConfig  - The configuration auto.offset.reset = largest was supplied but isn't a known config.
33492 [main] WARN org.apache.kafka.clients.producer.ProducerConfig  - The configuration metadata.broker.list = localhost:9092 was supplied but isn't a known config.
33492 [main] WARN org.apache.kafka.clients.producer.ProducerConfig  - The configuration destination.topic = curiosity_to_earth_4 was supplied but isn't a known config.
33492 [main] INFO org.apache.kafka.common.utils.AppInfoParser  - Kafka version : 0.10.0.1
33492 [main] INFO org.apache.kafka.common.utils.AppInfoParser  - Kafka commitId : a7a17cdec9eaa6c5
33591 [main] INFO kafka.utils.VerifiableProperties  - Verifying properties
33610 [main] INFO kafka.utils.VerifiableProperties  - Property auto.offset.reset is overridden to largest
33610 [main] WARN kafka.utils.VerifiableProperties  - Property bootstrap.servers is not valid
33610 [main] WARN kafka.utils.VerifiableProperties  - Property destination.topic is not valid
33610 [main] INFO kafka.utils.VerifiableProperties  - Property group.id is overridden to space.exploration.mars.newRover
33610 [main] WARN kafka.utils.VerifiableProperties  - Property key.serializer is not valid
33610 [main] WARN kafka.utils.VerifiableProperties  - Property metadata.broker.list is not valid
33610 [main] WARN kafka.utils.VerifiableProperties  - Property source.topic is not valid
33610 [main] WARN kafka.utils.VerifiableProperties  - Property value.serializer is not valid
33611 [main] INFO kafka.utils.VerifiableProperties  - Property zookeeper.connect is overridden to localhost:2181
33638 [main] INFO kafka.consumer.ZookeeperConsumerConnector  - [space.exploration.mars.newRover_zion-mainframe-1510880794998-e5486f5b], Connecting to zookeeper instance at localhost:2181
33643 [ZkClient-EventThread-25-localhost:2181] INFO org.I0Itec.zkclient.ZkEventThread  - Starting ZkClient event thread.
33646 [main] INFO org.apache.zookeeper.ZooKeeper  - Client environment:zookeeper.version=3.4.6-1569965, built on 02/20/2014 09:09 GMT
33646 [main] INFO org.apache.zookeeper.ZooKeeper  - Client environment:host.name=zion-mainframe
33646 [main] INFO org.apache.zookeeper.ZooKeeper  - Client environment:java.version=1.8.0_151
33646 [main] INFO org.apache.zookeeper.ZooKeeper  - Client environment:java.vendor=Oracle Corporation
33646 [main] INFO org.apache.zookeeper.ZooKeeper  - Client environment:java.home=/usr/lib/jvm/java-8-openjdk-amd64/jre
33646 [main] INFO org.apache.zookeeper.ZooKeeper  - Client environment:java.class.path=target/mars.rover-0.0.1-SOLSHOT-shaded.jar
33646 [main] INFO org.apache.zookeeper.ZooKeeper  - Client environment:java.library.path=/usr/java/packages/lib/amd64:/usr/lib/x86_64-linux-gnu/jni:/lib/x86_64-linux-gnu:/usr/lib/x86_64-linux-gnu:/usr/lib/jni:/lib:/usr/lib
33646 [main] INFO org.apache.zookeeper.ZooKeeper  - Client environment:java.io.tmpdir=/tmp
33646 [main] INFO org.apache.zookeeper.ZooKeeper  - Client environment:java.compiler=<NA>
33646 [main] INFO org.apache.zookeeper.ZooKeeper  - Client environment:os.name=Linux
33646 [main] INFO org.apache.zookeeper.ZooKeeper  - Client environment:os.arch=amd64
33646 [main] INFO org.apache.zookeeper.ZooKeeper  - Client environment:os.version=4.10.0-38-generic
33646 [main] INFO org.apache.zookeeper.ZooKeeper  - Client environment:user.name=sanket
33646 [main] INFO org.apache.zookeeper.ZooKeeper  - Client environment:user.home=/home/sanket
33646 [main] INFO org.apache.zookeeper.ZooKeeper  - Client environment:user.dir=/home/sanket/Documents/workspace/MarsRover/mars.rover
33647 [main] INFO org.apache.zookeeper.ZooKeeper  - Initiating client connection, connectString=localhost:2181 sessionTimeout=6000 watcher=org.I0Itec.zkclient.ZkClient@639c2c1d
33652 [main] INFO org.I0Itec.zkclient.ZkClient  - Waiting for keeper state SyncConnected
33654 [main-SendThread(localhost:2181)] INFO org.apache.zookeeper.ClientCnxn  - Opening socket connection to server localhost/127.0.0.1:2181. Will not attempt to authenticate using SASL (unknown error)
33657 [main-SendThread(localhost:2181)] INFO org.apache.zookeeper.ClientCnxn  - Socket connection established to localhost/127.0.0.1:2181, initiating session
33662 [main-SendThread(localhost:2181)] INFO org.apache.zookeeper.ClientCnxn  - Session establishment complete on server localhost/127.0.0.1:2181, sessionid = 0x15fc78250aa0002, negotiated timeout = 6000
33663 [main-EventThread] INFO org.I0Itec.zkclient.ZkClient  - zookeeper state changed (SyncConnected)
33670 [main] INFO kafka.consumer.ZookeeperConsumerConnector  - [space.exploration.mars.newRover_zion-mainframe-1510880794998-e5486f5b], starting auto committer every 60000 ms
33716 [Thread-2] INFO kafka.consumer.ZookeeperConsumerConnector  - [space.exploration.mars.newRover_zion-mainframe-1510880794998-e5486f5b], begin registering consumer space.exploration.mars.newRover_zion-mainframe-1510880794998-e5486f5b in ZK
33732 [Thread-2] INFO kafka.utils.ZKCheckedEphemeral  - Creating /consumers/space.exploration.mars.newRover/ids/space.exploration.mars.newRover_zion-mainframe-1510880794998-e5486f5b (is it secure? false)
33741 [Thread-2] INFO kafka.utils.ZKCheckedEphemeral  - Result of znode creation is: OK
33741 [Thread-2] INFO kafka.consumer.ZookeeperConsumerConnector  - [space.exploration.mars.newRover_zion-mainframe-1510880794998-e5486f5b], end registering consumer space.exploration.mars.newRover_zion-mainframe-1510880794998-e5486f5b in ZK
33744 [space.exploration.mars.newRover_zion-mainframe-1510880794998-e5486f5b_watcher_executor] INFO kafka.consumer.ZookeeperConsumerConnector  - [space.exploration.mars.newRover_zion-mainframe-1510880794998-e5486f5b], starting watcher executor thread for consumer space.exploration.mars.newRover_zion-mainframe-1510880794998-e5486f5b
33756 [Thread-2] INFO kafka.consumer.ZookeeperConsumerConnector  - [space.exploration.mars.newRover_zion-mainframe-1510880794998-e5486f5b], begin rebalancing consumer space.exploration.mars.newRover_zion-mainframe-1510880794998-e5486f5b try #0
33837 [Thread-2] INFO kafka.consumer.ConsumerFetcherManager  - [ConsumerFetcherManager-1510880795029] Stopping leader finder thread
33837 [Thread-2] INFO kafka.consumer.ConsumerFetcherManager  - [ConsumerFetcherManager-1510880795029] Stopping all fetchers
33838 [Thread-2] INFO kafka.consumer.ConsumerFetcherManager  - [ConsumerFetcherManager-1510880795029] All connections stopped
33838 [Thread-2] INFO kafka.consumer.ZookeeperConsumerConnector  - [space.exploration.mars.newRover_zion-mainframe-1510880794998-e5486f5b], Cleared all relevant queues for this fetcher
33839 [Thread-2] INFO kafka.consumer.ZookeeperConsumerConnector  - [space.exploration.mars.newRover_zion-mainframe-1510880794998-e5486f5b], Cleared the data chunks in all the consumer message iterators
33839 [Thread-2] INFO kafka.consumer.ZookeeperConsumerConnector  - [space.exploration.mars.newRover_zion-mainframe-1510880794998-e5486f5b], Committing all offsets after clearing the fetcher queues
33840 [Thread-2] INFO kafka.consumer.ZookeeperConsumerConnector  - [space.exploration.mars.newRover_zion-mainframe-1510880794998-e5486f5b], Releasing partition ownership
33860 [Thread-2] INFO kafka.consumer.RangeAssignor  - Consumer space.exploration.mars.newRover_zion-mainframe-1510880794998-e5486f5b rebalancing the following partitions: ArrayBuffer(0) for topic earth_to_curiosity_4 with consumers: List(space.exploration.mars.newRover_zion-mainframe-1510880794998-e5486f5b-0)
33861 [Thread-2] INFO kafka.consumer.RangeAssignor  - space.exploration.mars.newRover_zion-mainframe-1510880794998-e5486f5b-0 attempting to claim partition 0
33875 [Thread-2] INFO kafka.consumer.ZookeeperConsumerConnector  - [space.exploration.mars.newRover_zion-mainframe-1510880794998-e5486f5b], space.exploration.mars.newRover_zion-mainframe-1510880794998-e5486f5b-0 successfully owned partition 0 for topic earth_to_curiosity_4
33885 [Thread-2] INFO kafka.consumer.ZookeeperConsumerConnector  - [space.exploration.mars.newRover_zion-mainframe-1510880794998-e5486f5b], Consumer space.exploration.mars.newRover_zion-mainframe-1510880794998-e5486f5b selected partitions : earth_to_curiosity_4:0: fetched offset = 3136: consumed offset = 3136
33886 [space.exploration.mars.newRover_zion-mainframe-1510880794998-e5486f5b-leader-finder-thread] INFO kafka.consumer.ConsumerFetcherManager$LeaderFinderThread  - [space.exploration.mars.newRover_zion-mainframe-1510880794998-e5486f5b-leader-finder-thread], Starting 
33887 [Thread-2] INFO kafka.consumer.ZookeeperConsumerConnector  - [space.exploration.mars.newRover_zion-mainframe-1510880794998-e5486f5b], end rebalancing consumer space.exploration.mars.newRover_zion-mainframe-1510880794998-e5486f5b try #0
33898 [space.exploration.mars.newRover_zion-mainframe-1510880794998-e5486f5b-leader-finder-thread] INFO kafka.utils.VerifiableProperties  - Verifying properties
33899 [space.exploration.mars.newRover_zion-mainframe-1510880794998-e5486f5b-leader-finder-thread] INFO kafka.utils.VerifiableProperties  - Property client.id is overridden to space.exploration.mars.newRover
33899 [space.exploration.mars.newRover_zion-mainframe-1510880794998-e5486f5b-leader-finder-thread] INFO kafka.utils.VerifiableProperties  - Property metadata.broker.list is overridden to zion-mainframe:9092
33899 [space.exploration.mars.newRover_zion-mainframe-1510880794998-e5486f5b-leader-finder-thread] INFO kafka.utils.VerifiableProperties  - Property request.timeout.ms is overridden to 30000
33907 [space.exploration.mars.newRover_zion-mainframe-1510880794998-e5486f5b-leader-finder-thread] INFO kafka.client.ClientUtils$  - Fetching metadata from broker BrokerEndPoint(0,zion-mainframe,9092) with correlation id 0 for 1 topic(s) Set(earth_to_curiosity_4)
33910 [space.exploration.mars.newRover_zion-mainframe-1510880794998-e5486f5b-leader-finder-thread] INFO kafka.producer.SyncProducer  - Connected to zion-mainframe:9092 for producing
33920 [space.exploration.mars.newRover_zion-mainframe-1510880794998-e5486f5b-leader-finder-thread] INFO kafka.producer.SyncProducer  - Disconnecting from zion-mainframe:9092
33936 [ConsumerFetcherThread-space.exploration.mars.newRover_zion-mainframe-1510880794998-e5486f5b-0-0] INFO kafka.consumer.ConsumerFetcherThread  - [ConsumerFetcherThread-space.exploration.mars.newRover_zion-mainframe-1510880794998-e5486f5b-0-0], Starting 
33938 [space.exploration.mars.newRover_zion-mainframe-1510880794998-e5486f5b-leader-finder-thread] INFO kafka.consumer.ConsumerFetcherManager  - [ConsumerFetcherManager-1510880795029] Added fetcher for partitions ArrayBuffer([[earth_to_curiosity_4,0], initOffset 3136 to broker BrokerEndPoint(0,zion-mainframe,9092)] )
56408 [Thread-2] INFO space.exploration.mars.rover.kernel.ListeningState  - 1510880817769,1,Move Current instructionQueue length = 0
56459 [Thread-2] INFO space.exploration.mars.rover.sensor.TelemetrySensor  - Telemetry relay commenced.
68442 [Thread-2] INFO space.exploration.mars.rover.sensor.TelemetrySensor  - Telemetry relay stopped, number of telemetryDataPoints = 28
116795 [Thread-2] INFO space.exploration.mars.rover.kernel.ListeningState  - 1510880878156,0,ScanArea Current instructionQueue length = 0
