13516 [main] INFO  org.apache.kafka.clients.producer.ProducerConfig  - ProducerConfig values: 
	metric.reporters = []
	metadata.max.age.ms = 300000
	reconnect.backoff.ms = 50
	sasl.kerberos.ticket.renew.window.factor = 0.8
	bootstrap.servers = [localhost:9092]
	ssl.keystore.type = JKS
	sasl.mechanism = GSSAPI
	max.block.ms = 60000
	interceptor.classes = null
	ssl.truststore.password = null
	client.id = 
	ssl.endpoint.identification.algorithm = null
	request.timeout.ms = 30000
	acks = 1
	receive.buffer.bytes = 32768
	ssl.truststore.type = JKS
	retries = 0
	ssl.truststore.location = null
	ssl.keystore.password = null
	send.buffer.bytes = 131072
	compression.type = none
	metadata.fetch.timeout.ms = 60000
	retry.backoff.ms = 100
	sasl.kerberos.kinit.cmd = /usr/bin/kinit
	buffer.memory = 33554432
	timeout.ms = 30000
	key.serializer = class org.apache.kafka.common.serialization.StringSerializer
	sasl.kerberos.service.name = null
	sasl.kerberos.ticket.renew.jitter = 0.05
	ssl.trustmanager.algorithm = PKIX
	block.on.buffer.full = false
	ssl.key.password = null
	sasl.kerberos.min.time.before.relogin = 60000
	connections.max.idle.ms = 540000
	max.in.flight.requests.per.connection = 5
	metrics.num.samples = 2
	ssl.protocol = TLS
	ssl.provider = null
	ssl.enabled.protocols = [TLSv1.2, TLSv1.1, TLSv1]
	batch.size = 16384
	ssl.keystore.location = null
	ssl.cipher.suites = null
	security.protocol = PLAINTEXT
	max.request.size = 1048576
	value.serializer = class org.apache.kafka.common.serialization.ByteArraySerializer
	ssl.keymanager.algorithm = SunX509
	metrics.sample.window.ms = 30000
	partitioner.class = class org.apache.kafka.clients.producer.internals.DefaultPartitioner
	linger.ms = 0

13603 [main] INFO  org.apache.kafka.clients.producer.ProducerConfig  - ProducerConfig values: 
	metric.reporters = []
	metadata.max.age.ms = 300000
	reconnect.backoff.ms = 50
	sasl.kerberos.ticket.renew.window.factor = 0.8
	bootstrap.servers = [localhost:9092]
	ssl.keystore.type = JKS
	sasl.mechanism = GSSAPI
	max.block.ms = 60000
	interceptor.classes = null
	ssl.truststore.password = null
	client.id = producer-1
	ssl.endpoint.identification.algorithm = null
	request.timeout.ms = 30000
	acks = 1
	receive.buffer.bytes = 32768
	ssl.truststore.type = JKS
	retries = 0
	ssl.truststore.location = null
	ssl.keystore.password = null
	send.buffer.bytes = 131072
	compression.type = none
	metadata.fetch.timeout.ms = 60000
	retry.backoff.ms = 100
	sasl.kerberos.kinit.cmd = /usr/bin/kinit
	buffer.memory = 33554432
	timeout.ms = 30000
	key.serializer = class org.apache.kafka.common.serialization.StringSerializer
	sasl.kerberos.service.name = null
	sasl.kerberos.ticket.renew.jitter = 0.05
	ssl.trustmanager.algorithm = PKIX
	block.on.buffer.full = false
	ssl.key.password = null
	sasl.kerberos.min.time.before.relogin = 60000
	connections.max.idle.ms = 540000
	max.in.flight.requests.per.connection = 5
	metrics.num.samples = 2
	ssl.protocol = TLS
	ssl.provider = null
	ssl.enabled.protocols = [TLSv1.2, TLSv1.1, TLSv1]
	batch.size = 16384
	ssl.keystore.location = null
	ssl.cipher.suites = null
	security.protocol = PLAINTEXT
	max.request.size = 1048576
	value.serializer = class org.apache.kafka.common.serialization.ByteArraySerializer
	ssl.keymanager.algorithm = SunX509
	metrics.sample.window.ms = 30000
	partitioner.class = class org.apache.kafka.clients.producer.internals.DefaultPartitioner
	linger.ms = 0

13604 [main] WARN  org.apache.kafka.clients.producer.ProducerConfig  - The configuration zookeeper.connect = localhost:2181 was supplied but isn't a known config.
13604 [main] WARN  org.apache.kafka.clients.producer.ProducerConfig  - The configuration group.id = space.exploration.mars.newRover was supplied but isn't a known config.
13604 [main] WARN  org.apache.kafka.clients.producer.ProducerConfig  - The configuration source.topic = earth_to_curiosity_1 was supplied but isn't a known config.
13604 [main] WARN  org.apache.kafka.clients.producer.ProducerConfig  - The configuration auto.offset.reset = largest was supplied but isn't a known config.
13604 [main] WARN  org.apache.kafka.clients.producer.ProducerConfig  - The configuration metadata.broker.list = localhost:9092 was supplied but isn't a known config.
13604 [main] WARN  org.apache.kafka.clients.producer.ProducerConfig  - The configuration destination.topic = curiosity_to_earth_1 was supplied but isn't a known config.
13608 [main] INFO  org.apache.kafka.common.utils.AppInfoParser  - Kafka version : 0.10.0.1
13608 [main] INFO  org.apache.kafka.common.utils.AppInfoParser  - Kafka commitId : a7a17cdec9eaa6c5
13748 [main] INFO  kafka.utils.VerifiableProperties  - Verifying properties
13773 [main] INFO  kafka.utils.VerifiableProperties  - Property auto.offset.reset is overridden to largest
13774 [main] WARN  kafka.utils.VerifiableProperties  - Property bootstrap.servers is not valid
13774 [main] WARN  kafka.utils.VerifiableProperties  - Property destination.topic is not valid
13774 [main] INFO  kafka.utils.VerifiableProperties  - Property group.id is overridden to space.exploration.mars.newRover
13774 [main] WARN  kafka.utils.VerifiableProperties  - Property key.serializer is not valid
13774 [main] WARN  kafka.utils.VerifiableProperties  - Property metadata.broker.list is not valid
13774 [main] WARN  kafka.utils.VerifiableProperties  - Property source.topic is not valid
13774 [main] WARN  kafka.utils.VerifiableProperties  - Property value.serializer is not valid
13774 [main] INFO  kafka.utils.VerifiableProperties  - Property zookeeper.connect is overridden to localhost:2181
13808 [main] INFO  kafka.consumer.ZookeeperConsumerConnector  - [space.exploration.mars.newRover_zion-mainframe-1507345923337-b24f50fb], Connecting to zookeeper instance at localhost:2181
13815 [ZkClient-EventThread-24-localhost:2181] INFO  org.I0Itec.zkclient.ZkEventThread  - Starting ZkClient event thread.
13819 [main] INFO  org.apache.zookeeper.ZooKeeper  - Client environment:zookeeper.version=3.4.6-1569965, built on 02/20/2014 09:09 GMT
13819 [main] INFO  org.apache.zookeeper.ZooKeeper  - Client environment:host.name=zion-mainframe
13819 [main] INFO  org.apache.zookeeper.ZooKeeper  - Client environment:java.version=1.8.0_131
13819 [main] INFO  org.apache.zookeeper.ZooKeeper  - Client environment:java.vendor=Oracle Corporation
13819 [main] INFO  org.apache.zookeeper.ZooKeeper  - Client environment:java.home=/usr/lib/jvm/java-8-openjdk-amd64/jre
13819 [main] INFO  org.apache.zookeeper.ZooKeeper  - Client environment:java.class.path=/usr/lib/jvm/java-1.8.0-openjdk-amd64/jre/lib/charsets.jar:/usr/lib/jvm/java-1.8.0-openjdk-amd64/jre/lib/ext/cldrdata.jar:/usr/lib/jvm/java-1.8.0-openjdk-amd64/jre/lib/ext/dnsns.jar:/usr/lib/jvm/java-1.8.0-openjdk-amd64/jre/lib/ext/icedtea-sound.jar:/usr/lib/jvm/java-1.8.0-openjdk-amd64/jre/lib/ext/jaccess.jar:/usr/lib/jvm/java-1.8.0-openjdk-amd64/jre/lib/ext/localedata.jar:/usr/lib/jvm/java-1.8.0-openjdk-amd64/jre/lib/ext/nashorn.jar:/usr/lib/jvm/java-1.8.0-openjdk-amd64/jre/lib/ext/sunec.jar:/usr/lib/jvm/java-1.8.0-openjdk-amd64/jre/lib/ext/sunjce_provider.jar:/usr/lib/jvm/java-1.8.0-openjdk-amd64/jre/lib/ext/sunpkcs11.jar:/usr/lib/jvm/java-1.8.0-openjdk-amd64/jre/lib/ext/zipfs.jar:/usr/lib/jvm/java-1.8.0-openjdk-amd64/jre/lib/jce.jar:/usr/lib/jvm/java-1.8.0-openjdk-amd64/jre/lib/jsse.jar:/usr/lib/jvm/java-1.8.0-openjdk-amd64/jre/lib/management-agent.jar:/usr/lib/jvm/java-1.8.0-openjdk-amd64/jre/lib/resources.jar:/usr/lib/jvm/java-1.8.0-openjdk-amd64/jre/lib/rt.jar:/home/sanket/Documents/workspace/MarsRover/mars.rover/target/classes:/home/sanket/.m2/repository/com/google/protobuf/protobuf-java/3.2.0/protobuf-java-3.2.0.jar:/home/sanket/.m2/repository/org/apache/kafka/kafka_2.10/0.10.0.1/kafka_2.10-0.10.0.1.jar:/home/sanket/.m2/repository/com/101tec/zkclient/0.8/zkclient-0.8.jar:/home/sanket/.m2/repository/org/slf4j/slf4j-api/1.6.1/slf4j-api-1.6.1.jar:/home/sanket/.m2/repository/log4j/log4j/1.2.15/log4j-1.2.15.jar:/home/sanket/.m2/repository/javax/mail/mail/1.4/mail-1.4.jar:/home/sanket/.m2/repository/javax/activation/activation/1.1/activation-1.1.jar:/home/sanket/.m2/repository/org/scala-lang/scala-library/2.10.6/scala-library-2.10.6.jar:/home/sanket/.m2/repository/org/slf4j/slf4j-log4j12/1.7.21/slf4j-log4j12-1.7.21.jar:/home/sanket/.m2/repository/com/yammer/metrics/metrics-core/2.2.0/metrics-core-2.2.0.jar:/home/sanket/.m2/repository/org/apache/kafka/kafka-clients/0.10.0.1/kafka-clients-0.10.0.1.jar:/home/sanket/.m2/repository/net/jpountz/lz4/lz4/1.3.0/lz4-1.3.0.jar:/home/sanket/.m2/repository/org/xerial/snappy/snappy-java/1.1.2.6/snappy-java-1.1.2.6.jar:/home/sanket/.m2/repository/net/sf/jopt-simple/jopt-simple/4.9/jopt-simple-4.9.jar:/home/sanket/.m2/repository/org/apache/zookeeper/zookeeper/3.4.6/zookeeper-3.4.6.jar:/home/sanket/.m2/repository/jline/jline/0.9.94/jline-0.9.94.jar:/home/sanket/.m2/repository/io/netty/netty/3.7.0.Final/netty-3.7.0.Final.jar:/home/sanket/.m2/repository/org/tensorflow/tensorflow/1.1.0/tensorflow-1.1.0.jar:/home/sanket/.m2/repository/org/tensorflow/libtensorflow/1.1.0/libtensorflow-1.1.0.jar:/home/sanket/.m2/repository/org/tensorflow/libtensorflow_jni/1.1.0/libtensorflow_jni-1.1.0.jar:/home/sanket/.m2/repository/mysql/mysql-connector-java/5.1.6/mysql-connector-java-5.1.6.jar:/home/sanket/Documents/Tools/intelliJ/idea-IC-171.4694.23/lib/idea_rt.jar
13819 [main] INFO  org.apache.zookeeper.ZooKeeper  - Client environment:java.library.path=/home/sanket/Documents/Tools/intelliJ/idea-IC-171.4694.23/bin::/usr/java/packages/lib/amd64:/usr/lib/x86_64-linux-gnu/jni:/lib/x86_64-linux-gnu:/usr/lib/x86_64-linux-gnu:/usr/lib/jni:/lib:/usr/lib
13819 [main] INFO  org.apache.zookeeper.ZooKeeper  - Client environment:java.io.tmpdir=/tmp
13819 [main] INFO  org.apache.zookeeper.ZooKeeper  - Client environment:java.compiler=<NA>
13819 [main] INFO  org.apache.zookeeper.ZooKeeper  - Client environment:os.name=Linux
13819 [main] INFO  org.apache.zookeeper.ZooKeeper  - Client environment:os.arch=amd64
13819 [main] INFO  org.apache.zookeeper.ZooKeeper  - Client environment:os.version=4.10.0-35-generic
13819 [main] INFO  org.apache.zookeeper.ZooKeeper  - Client environment:user.name=sanket
13819 [main] INFO  org.apache.zookeeper.ZooKeeper  - Client environment:user.home=/home/sanket
13819 [main] INFO  org.apache.zookeeper.ZooKeeper  - Client environment:user.dir=/home/sanket/Documents/workspace/MarsRover/mars.rover
13820 [main] INFO  org.apache.zookeeper.ZooKeeper  - Initiating client connection, connectString=localhost:2181 sessionTimeout=6000 watcher=org.I0Itec.zkclient.ZkClient@4135c3b
13827 [main] INFO  org.I0Itec.zkclient.ZkClient  - Waiting for keeper state SyncConnected
13829 [main-SendThread(localhost:2181)] INFO  org.apache.zookeeper.ClientCnxn  - Opening socket connection to server localhost/127.0.0.1:2181. Will not attempt to authenticate using SASL (unknown error)
13832 [main-SendThread(localhost:2181)] INFO  org.apache.zookeeper.ClientCnxn  - Socket connection established to localhost/127.0.0.1:2181, initiating session
13837 [main-SendThread(localhost:2181)] INFO  org.apache.zookeeper.ClientCnxn  - Session establishment complete on server localhost/127.0.0.1:2181, sessionid = 0x15ed3fe37fc00d2, negotiated timeout = 6000
13838 [main-EventThread] INFO  org.I0Itec.zkclient.ZkClient  - zookeeper state changed (SyncConnected)
13846 [main] INFO  kafka.consumer.ZookeeperConsumerConnector  - [space.exploration.mars.newRover_zion-mainframe-1507345923337-b24f50fb], starting auto committer every 60000 ms
13868 [Thread-2] INFO  kafka.consumer.ZookeeperConsumerConnector  - [space.exploration.mars.newRover_zion-mainframe-1507345923337-b24f50fb], begin registering consumer space.exploration.mars.newRover_zion-mainframe-1507345923337-b24f50fb in ZK
13938 [Thread-2] INFO  kafka.utils.ZKCheckedEphemeral  - Creating /consumers/space.exploration.mars.newRover/ids/space.exploration.mars.newRover_zion-mainframe-1507345923337-b24f50fb (is it secure? false)
13948 [Thread-2] INFO  kafka.utils.ZKCheckedEphemeral  - Result of znode creation is: OK
13948 [Thread-2] INFO  kafka.consumer.ZookeeperConsumerConnector  - [space.exploration.mars.newRover_zion-mainframe-1507345923337-b24f50fb], end registering consumer space.exploration.mars.newRover_zion-mainframe-1507345923337-b24f50fb in ZK
13956 [space.exploration.mars.newRover_zion-mainframe-1507345923337-b24f50fb_watcher_executor] INFO  kafka.consumer.ZookeeperConsumerConnector  - [space.exploration.mars.newRover_zion-mainframe-1507345923337-b24f50fb], starting watcher executor thread for consumer space.exploration.mars.newRover_zion-mainframe-1507345923337-b24f50fb
13970 [Thread-2] INFO  kafka.consumer.ZookeeperConsumerConnector  - [space.exploration.mars.newRover_zion-mainframe-1507345923337-b24f50fb], begin rebalancing consumer space.exploration.mars.newRover_zion-mainframe-1507345923337-b24f50fb try #0
14072 [Thread-2] INFO  kafka.consumer.ConsumerFetcherManager  - [ConsumerFetcherManager-1507345923374] Stopping leader finder thread
14072 [Thread-2] INFO  kafka.consumer.ConsumerFetcherManager  - [ConsumerFetcherManager-1507345923374] Stopping all fetchers
14073 [Thread-2] INFO  kafka.consumer.ConsumerFetcherManager  - [ConsumerFetcherManager-1507345923374] All connections stopped
14074 [Thread-2] INFO  kafka.consumer.ZookeeperConsumerConnector  - [space.exploration.mars.newRover_zion-mainframe-1507345923337-b24f50fb], Cleared all relevant queues for this fetcher
14075 [Thread-2] INFO  kafka.consumer.ZookeeperConsumerConnector  - [space.exploration.mars.newRover_zion-mainframe-1507345923337-b24f50fb], Cleared the data chunks in all the consumer message iterators
14075 [Thread-2] INFO  kafka.consumer.ZookeeperConsumerConnector  - [space.exploration.mars.newRover_zion-mainframe-1507345923337-b24f50fb], Committing all offsets after clearing the fetcher queues
14076 [Thread-2] INFO  kafka.consumer.ZookeeperConsumerConnector  - [space.exploration.mars.newRover_zion-mainframe-1507345923337-b24f50fb], Releasing partition ownership
14107 [Thread-2] INFO  kafka.consumer.RangeAssignor  - Consumer space.exploration.mars.newRover_zion-mainframe-1507345923337-b24f50fb rebalancing the following partitions: ArrayBuffer(0) for topic earth_to_curiosity_1 with consumers: List(space.exploration.mars.newRover_zion-mainframe-1507345923337-b24f50fb-0)
14109 [Thread-2] INFO  kafka.consumer.RangeAssignor  - space.exploration.mars.newRover_zion-mainframe-1507345923337-b24f50fb-0 attempting to claim partition 0
14134 [Thread-2] INFO  kafka.consumer.ZookeeperConsumerConnector  - [space.exploration.mars.newRover_zion-mainframe-1507345923337-b24f50fb], space.exploration.mars.newRover_zion-mainframe-1507345923337-b24f50fb-0 successfully owned partition 0 for topic earth_to_curiosity_1
14154 [Thread-2] INFO  kafka.consumer.ZookeeperConsumerConnector  - [space.exploration.mars.newRover_zion-mainframe-1507345923337-b24f50fb], Consumer space.exploration.mars.newRover_zion-mainframe-1507345923337-b24f50fb selected partitions : earth_to_curiosity_1:0: fetched offset = 2964: consumed offset = 2964
14155 [space.exploration.mars.newRover_zion-mainframe-1507345923337-b24f50fb-leader-finder-thread] INFO  kafka.consumer.ConsumerFetcherManager$LeaderFinderThread  - [space.exploration.mars.newRover_zion-mainframe-1507345923337-b24f50fb-leader-finder-thread], Starting 
14156 [Thread-2] INFO  kafka.consumer.ZookeeperConsumerConnector  - [space.exploration.mars.newRover_zion-mainframe-1507345923337-b24f50fb], end rebalancing consumer space.exploration.mars.newRover_zion-mainframe-1507345923337-b24f50fb try #0
14175 [space.exploration.mars.newRover_zion-mainframe-1507345923337-b24f50fb-leader-finder-thread] INFO  kafka.utils.VerifiableProperties  - Verifying properties
14175 [space.exploration.mars.newRover_zion-mainframe-1507345923337-b24f50fb-leader-finder-thread] INFO  kafka.utils.VerifiableProperties  - Property client.id is overridden to space.exploration.mars.newRover
14176 [space.exploration.mars.newRover_zion-mainframe-1507345923337-b24f50fb-leader-finder-thread] INFO  kafka.utils.VerifiableProperties  - Property metadata.broker.list is overridden to zion-mainframe:9092
14176 [space.exploration.mars.newRover_zion-mainframe-1507345923337-b24f50fb-leader-finder-thread] INFO  kafka.utils.VerifiableProperties  - Property request.timeout.ms is overridden to 30000
14189 [space.exploration.mars.newRover_zion-mainframe-1507345923337-b24f50fb-leader-finder-thread] INFO  kafka.client.ClientUtils$  - Fetching metadata from broker BrokerEndPoint(0,zion-mainframe,9092) with correlation id 0 for 1 topic(s) Set(earth_to_curiosity_1)
14192 [space.exploration.mars.newRover_zion-mainframe-1507345923337-b24f50fb-leader-finder-thread] INFO  kafka.producer.SyncProducer  - Connected to zion-mainframe:9092 for producing
14202 [space.exploration.mars.newRover_zion-mainframe-1507345923337-b24f50fb-leader-finder-thread] INFO  kafka.producer.SyncProducer  - Disconnecting from zion-mainframe:9092
14215 [ConsumerFetcherThread-space.exploration.mars.newRover_zion-mainframe-1507345923337-b24f50fb-0-0] INFO  kafka.consumer.ConsumerFetcherThread  - [ConsumerFetcherThread-space.exploration.mars.newRover_zion-mainframe-1507345923337-b24f50fb-0-0], Starting 
14217 [space.exploration.mars.newRover_zion-mainframe-1507345923337-b24f50fb-leader-finder-thread] INFO  kafka.consumer.ConsumerFetcherManager  - [ConsumerFetcherManager-1507345923374] Added fetcher for partitions ArrayBuffer([[earth_to_curiosity_1,0], initOffset 2964 to broker BrokerEndPoint(0,zion-mainframe,9092)] )
57984 [pool-2-thread-1] INFO  space.exploration.mars.rover.diagnostics.Pacemaker  - Putting rover to sleep - since its been a while since an instruction was received.
58022 [pool-2-thread-1] INFO  space.exploration.mars.rover.animation.SleepingAnimationEngine  - Rover is sleeping now
117984 [pool-2-thread-1] INFO  space.exploration.mars.rover.diagnostics.Pacemaker  - Awakening rover from slumber
117984 [pool-2-thread-1] INFO  space.exploration.mars.rover.animation.SleepingAnimationEngine  - Waking up rover
297984 [pool-2-thread-1] INFO  space.exploration.mars.rover.diagnostics.Pacemaker  - Putting rover to sleep - since its been a while since an instruction was received.
297989 [pool-2-thread-1] INFO  space.exploration.mars.rover.animation.SleepingAnimationEngine  - Rover is sleeping now
