0    [main] INFO  space.exploration.mars.rover.kernel.Rover  - Rover current position is = java.awt.Point[x=350,y=250]
1010 [main] INFO  space.exploration.mars.rover.sensor.Lidar  - Lidar initialized and ready!
2011 [main] INFO  space.exploration.mars.rover.sensor.Spectrometer  - Spectrometer initialized and ready!
3219 [main] INFO  space.exploration.mars.rover.sensor.Camera  - Camera initialized and ready!
4223 [main] INFO  space.exploration.mars.rover.sensor.Radar  - Radar configured:: 
5226 [main] INFO  space.exploration.mars.rover.power.Battery  - Battery configured, batteryLife:primaryPowerUnits = 10000 auxiliaryPowerUnits = 1000 alertThreshold: 100 rechargeTime = 60000
6227 [main] INFO  space.exploration.mars.rover.kernel.Rover  - Battery Monitor configured!
6451 [main] INFO  kafka.utils.VerifiableProperties  - Verifying properties
6473 [main] WARN  kafka.utils.VerifiableProperties  - Property auto.offset.reset is not valid
6473 [main] WARN  kafka.utils.VerifiableProperties  - Property destination.topic is not valid
6473 [main] WARN  kafka.utils.VerifiableProperties  - Property group.id is not valid
6474 [main] INFO  kafka.utils.VerifiableProperties  - Property metadata.broker.list is overridden to localhost:9092
6474 [main] WARN  kafka.utils.VerifiableProperties  - Property source.topic is not valid
6474 [main] WARN  kafka.utils.VerifiableProperties  - Property zookeeper.connect is not valid
6501 [main] INFO  kafka.utils.VerifiableProperties  - Verifying properties
6501 [main] INFO  kafka.utils.VerifiableProperties  - Property auto.offset.reset is overridden to largest
6501 [main] WARN  kafka.utils.VerifiableProperties  - Property destination.topic is not valid
6501 [main] INFO  kafka.utils.VerifiableProperties  - Property group.id is overridden to space.exploration.mars.rover
6502 [main] WARN  kafka.utils.VerifiableProperties  - Property metadata.broker.list is not valid
6502 [main] WARN  kafka.utils.VerifiableProperties  - Property source.topic is not valid
6502 [main] INFO  kafka.utils.VerifiableProperties  - Property zookeeper.connect is overridden to localhost:2181
6522 [main] INFO  kafka.consumer.ZookeeperConsumerConnector  - [space.exploration.mars.rover_zion-mainframe-1501725460946-678e51dd], Connecting to zookeeper instance at localhost:2181
6527 [ZkClient-EventThread-22-localhost:2181] INFO  org.I0Itec.zkclient.ZkEventThread  - Starting ZkClient event thread.
6530 [main] INFO  org.apache.zookeeper.ZooKeeper  - Client environment:zookeeper.version=3.4.6-1569965, built on 02/20/2014 09:09 GMT
6531 [main] INFO  org.apache.zookeeper.ZooKeeper  - Client environment:host.name=zion-mainframe
6531 [main] INFO  org.apache.zookeeper.ZooKeeper  - Client environment:java.version=1.8.0_131
6531 [main] INFO  org.apache.zookeeper.ZooKeeper  - Client environment:java.vendor=Oracle Corporation
6531 [main] INFO  org.apache.zookeeper.ZooKeeper  - Client environment:java.home=/usr/lib/jvm/java-8-openjdk-amd64/jre
6531 [main] INFO  org.apache.zookeeper.ZooKeeper  - Client environment:java.class.path=/usr/lib/jvm/java-1.8.0-openjdk-amd64/jre/lib/charsets.jar:/usr/lib/jvm/java-1.8.0-openjdk-amd64/jre/lib/ext/cldrdata.jar:/usr/lib/jvm/java-1.8.0-openjdk-amd64/jre/lib/ext/dnsns.jar:/usr/lib/jvm/java-1.8.0-openjdk-amd64/jre/lib/ext/icedtea-sound.jar:/usr/lib/jvm/java-1.8.0-openjdk-amd64/jre/lib/ext/jaccess.jar:/usr/lib/jvm/java-1.8.0-openjdk-amd64/jre/lib/ext/localedata.jar:/usr/lib/jvm/java-1.8.0-openjdk-amd64/jre/lib/ext/nashorn.jar:/usr/lib/jvm/java-1.8.0-openjdk-amd64/jre/lib/ext/sunec.jar:/usr/lib/jvm/java-1.8.0-openjdk-amd64/jre/lib/ext/sunjce_provider.jar:/usr/lib/jvm/java-1.8.0-openjdk-amd64/jre/lib/ext/sunpkcs11.jar:/usr/lib/jvm/java-1.8.0-openjdk-amd64/jre/lib/ext/zipfs.jar:/usr/lib/jvm/java-1.8.0-openjdk-amd64/jre/lib/jce.jar:/usr/lib/jvm/java-1.8.0-openjdk-amd64/jre/lib/jsse.jar:/usr/lib/jvm/java-1.8.0-openjdk-amd64/jre/lib/management-agent.jar:/usr/lib/jvm/java-1.8.0-openjdk-amd64/jre/lib/resources.jar:/usr/lib/jvm/java-1.8.0-openjdk-amd64/jre/lib/rt.jar:/home/sanket/Documents/workspace/MarsRover/mars.rover/target/classes:/home/sanket/.m2/repository/com/google/protobuf/protobuf-java/3.2.0/protobuf-java-3.2.0.jar:/home/sanket/.m2/repository/org/apache/kafka/kafka_2.10/0.9.0.1/kafka_2.10-0.9.0.1.jar:/home/sanket/.m2/repository/com/101tec/zkclient/0.7/zkclient-0.7.jar:/home/sanket/.m2/repository/org/slf4j/slf4j-api/1.6.1/slf4j-api-1.6.1.jar:/home/sanket/.m2/repository/log4j/log4j/1.2.15/log4j-1.2.15.jar:/home/sanket/.m2/repository/javax/mail/mail/1.4/mail-1.4.jar:/home/sanket/.m2/repository/javax/activation/activation/1.1/activation-1.1.jar:/home/sanket/.m2/repository/org/apache/kafka/kafka-clients/0.9.0.1/kafka-clients-0.9.0.1.jar:/home/sanket/.m2/repository/org/xerial/snappy/snappy-java/1.1.1.7/snappy-java-1.1.1.7.jar:/home/sanket/.m2/repository/net/jpountz/lz4/lz4/1.2.0/lz4-1.2.0.jar:/home/sanket/.m2/repository/com/yammer/metrics/metrics-core/2.2.0/metrics-core-2.2.0.jar:/home/sanket/.m2/repository/org/scala-lang/scala-library/2.10.5/scala-library-2.10.5.jar:/home/sanket/.m2/repository/net/sf/jopt-simple/jopt-simple/3.2/jopt-simple-3.2.jar:/home/sanket/.m2/repository/org/slf4j/slf4j-log4j12/1.7.6/slf4j-log4j12-1.7.6.jar:/home/sanket/.m2/repository/org/apache/zookeeper/zookeeper/3.4.6/zookeeper-3.4.6.jar:/home/sanket/.m2/repository/jline/jline/0.9.94/jline-0.9.94.jar:/home/sanket/.m2/repository/io/netty/netty/3.7.0.Final/netty-3.7.0.Final.jar:/home/sanket/.m2/repository/org/tensorflow/tensorflow/1.1.0/tensorflow-1.1.0.jar:/home/sanket/.m2/repository/org/tensorflow/libtensorflow/1.1.0/libtensorflow-1.1.0.jar:/home/sanket/.m2/repository/org/tensorflow/libtensorflow_jni/1.1.0/libtensorflow_jni-1.1.0.jar:/home/sanket/Documents/Tools/intelliJ/idea-IC-171.4694.23/lib/idea_rt.jar
6531 [main] INFO  org.apache.zookeeper.ZooKeeper  - Client environment:java.library.path=/home/sanket/Documents/Tools/intelliJ/idea-IC-171.4694.23/bin::/usr/java/packages/lib/amd64:/usr/lib/x86_64-linux-gnu/jni:/lib/x86_64-linux-gnu:/usr/lib/x86_64-linux-gnu:/usr/lib/jni:/lib:/usr/lib
6531 [main] INFO  org.apache.zookeeper.ZooKeeper  - Client environment:java.io.tmpdir=/tmp
6531 [main] INFO  org.apache.zookeeper.ZooKeeper  - Client environment:java.compiler=<NA>
6531 [main] INFO  org.apache.zookeeper.ZooKeeper  - Client environment:os.name=Linux
6531 [main] INFO  org.apache.zookeeper.ZooKeeper  - Client environment:os.arch=amd64
6531 [main] INFO  org.apache.zookeeper.ZooKeeper  - Client environment:os.version=4.10.0-28-generic
6531 [main] INFO  org.apache.zookeeper.ZooKeeper  - Client environment:user.name=sanket
6531 [main] INFO  org.apache.zookeeper.ZooKeeper  - Client environment:user.home=/home/sanket
6531 [main] INFO  org.apache.zookeeper.ZooKeeper  - Client environment:user.dir=/home/sanket/Documents/workspace/MarsRover/mars.rover
6532 [main] INFO  org.apache.zookeeper.ZooKeeper  - Initiating client connection, connectString=localhost:2181 sessionTimeout=6000 watcher=org.I0Itec.zkclient.ZkClient@6f96c77
6540 [main] INFO  org.I0Itec.zkclient.ZkClient  - Waiting for keeper state SyncConnected
6542 [main-SendThread(localhost:2181)] INFO  org.apache.zookeeper.ClientCnxn  - Opening socket connection to server localhost/127.0.0.1:2181. Will not attempt to authenticate using SASL (unknown error)
6546 [main-SendThread(localhost:2181)] INFO  org.apache.zookeeper.ClientCnxn  - Socket connection established to localhost/127.0.0.1:2181, initiating session
6551 [main-SendThread(localhost:2181)] INFO  org.apache.zookeeper.ClientCnxn  - Session establishment complete on server localhost/127.0.0.1:2181, sessionid = 0x15d95e6b031000e, negotiated timeout = 6000
6552 [main-EventThread] INFO  org.I0Itec.zkclient.ZkClient  - zookeeper state changed (SyncConnected)
6559 [main] INFO  kafka.consumer.ZookeeperConsumerConnector  - [space.exploration.mars.rover_zion-mainframe-1501725460946-678e51dd], starting auto committer every 60000 ms
6577 [Thread-2] INFO  kafka.consumer.ZookeeperConsumerConnector  - [space.exploration.mars.rover_zion-mainframe-1501725460946-678e51dd], begin registering consumer space.exploration.mars.rover_zion-mainframe-1501725460946-678e51dd in ZK
6600 [Thread-2] INFO  kafka.utils.ZKCheckedEphemeral  - Creating /consumers/space.exploration.mars.rover/ids/space.exploration.mars.rover_zion-mainframe-1501725460946-678e51dd (is it secure? false)
6608 [Thread-2] INFO  kafka.utils.ZKCheckedEphemeral  - Result of znode creation is: OK
6608 [Thread-2] INFO  kafka.consumer.ZookeeperConsumerConnector  - [space.exploration.mars.rover_zion-mainframe-1501725460946-678e51dd], end registering consumer space.exploration.mars.rover_zion-mainframe-1501725460946-678e51dd in ZK
6612 [space.exploration.mars.rover_zion-mainframe-1501725460946-678e51dd_watcher_executor] INFO  kafka.consumer.ZookeeperConsumerConnector  - [space.exploration.mars.rover_zion-mainframe-1501725460946-678e51dd], starting watcher executor thread for consumer space.exploration.mars.rover_zion-mainframe-1501725460946-678e51dd
6626 [Thread-2] INFO  kafka.consumer.ZookeeperConsumerConnector  - [space.exploration.mars.rover_zion-mainframe-1501725460946-678e51dd], begin rebalancing consumer space.exploration.mars.rover_zion-mainframe-1501725460946-678e51dd try #0
6711 [Thread-2] INFO  kafka.consumer.ConsumerFetcherManager  - [ConsumerFetcherManager-1501725460983] Stopping leader finder thread
6712 [Thread-2] INFO  kafka.consumer.ConsumerFetcherManager  - [ConsumerFetcherManager-1501725460983] Stopping all fetchers
6713 [Thread-2] INFO  kafka.consumer.ConsumerFetcherManager  - [ConsumerFetcherManager-1501725460983] All connections stopped
6713 [Thread-2] INFO  kafka.consumer.ZookeeperConsumerConnector  - [space.exploration.mars.rover_zion-mainframe-1501725460946-678e51dd], Cleared all relevant queues for this fetcher
6714 [Thread-2] INFO  kafka.consumer.ZookeeperConsumerConnector  - [space.exploration.mars.rover_zion-mainframe-1501725460946-678e51dd], Cleared the data chunks in all the consumer message iterators
6714 [Thread-2] INFO  kafka.consumer.ZookeeperConsumerConnector  - [space.exploration.mars.rover_zion-mainframe-1501725460946-678e51dd], Committing all offsets after clearing the fetcher queues
6715 [Thread-2] INFO  kafka.consumer.ZookeeperConsumerConnector  - [space.exploration.mars.rover_zion-mainframe-1501725460946-678e51dd], Releasing partition ownership
6742 [Thread-2] INFO  kafka.consumer.RangeAssignor  - Consumer space.exploration.mars.rover_zion-mainframe-1501725460946-678e51dd rebalancing the following partitions: ArrayBuffer(0) for topic secure_com_from_earth_channel_3 with consumers: List(space.exploration.mars.rover_zion-mainframe-1501725460946-678e51dd-0)
6744 [Thread-2] INFO  kafka.consumer.RangeAssignor  - space.exploration.mars.rover_zion-mainframe-1501725460946-678e51dd-0 attempting to claim partition 0
6775 [Thread-2] INFO  kafka.consumer.ZookeeperConsumerConnector  - [space.exploration.mars.rover_zion-mainframe-1501725460946-678e51dd], space.exploration.mars.rover_zion-mainframe-1501725460946-678e51dd-0 successfully owned partition 0 for topic secure_com_from_earth_channel_3
6800 [Thread-2] INFO  kafka.consumer.ZookeeperConsumerConnector  - [space.exploration.mars.rover_zion-mainframe-1501725460946-678e51dd], Consumer space.exploration.mars.rover_zion-mainframe-1501725460946-678e51dd selected partitions : secure_com_from_earth_channel_3:0: fetched offset = 743: consumed offset = 743
6805 [space.exploration.mars.rover_zion-mainframe-1501725460946-678e51dd-leader-finder-thread] INFO  kafka.consumer.ConsumerFetcherManager$LeaderFinderThread  - [space.exploration.mars.rover_zion-mainframe-1501725460946-678e51dd-leader-finder-thread], Starting 
6806 [Thread-2] INFO  kafka.consumer.ZookeeperConsumerConnector  - [space.exploration.mars.rover_zion-mainframe-1501725460946-678e51dd], end rebalancing consumer space.exploration.mars.rover_zion-mainframe-1501725460946-678e51dd try #0
6824 [space.exploration.mars.rover_zion-mainframe-1501725460946-678e51dd-leader-finder-thread] INFO  kafka.utils.VerifiableProperties  - Verifying properties
6824 [space.exploration.mars.rover_zion-mainframe-1501725460946-678e51dd-leader-finder-thread] INFO  kafka.utils.VerifiableProperties  - Property client.id is overridden to space.exploration.mars.rover
6824 [space.exploration.mars.rover_zion-mainframe-1501725460946-678e51dd-leader-finder-thread] INFO  kafka.utils.VerifiableProperties  - Property metadata.broker.list is overridden to zion-mainframe:9092
6824 [space.exploration.mars.rover_zion-mainframe-1501725460946-678e51dd-leader-finder-thread] INFO  kafka.utils.VerifiableProperties  - Property request.timeout.ms is overridden to 30000
6865 [space.exploration.mars.rover_zion-mainframe-1501725460946-678e51dd-leader-finder-thread] INFO  kafka.client.ClientUtils$  - Fetching metadata from broker BrokerEndPoint(0,zion-mainframe,9092) with correlation id 0 for 1 topic(s) Set(secure_com_from_earth_channel_3)
6869 [space.exploration.mars.rover_zion-mainframe-1501725460946-678e51dd-leader-finder-thread] INFO  kafka.producer.SyncProducer  - Connected to zion-mainframe:9092 for producing
6877 [space.exploration.mars.rover_zion-mainframe-1501725460946-678e51dd-leader-finder-thread] INFO  kafka.producer.SyncProducer  - Disconnecting from zion-mainframe:9092
6895 [ConsumerFetcherThread-space.exploration.mars.rover_zion-mainframe-1501725460946-678e51dd-0-0] INFO  kafka.consumer.ConsumerFetcherThread  - [ConsumerFetcherThread-space.exploration.mars.rover_zion-mainframe-1501725460946-678e51dd-0-0], Starting 
6897 [space.exploration.mars.rover_zion-mainframe-1501725460946-678e51dd-leader-finder-thread] INFO  kafka.consumer.ConsumerFetcherManager  - [ConsumerFetcherManager-1501725460983] Added fetcher for partitions ArrayBuffer([[secure_com_from_earth_channel_3,0], initOffset 743 to broker BrokerEndPoint(0,zion-mainframe,9092)] )
7561 [main] INFO  space.exploration.mars.rover.communication.Radio  - Radio configured:: 
metadata.broker.list::localhost:9092
source.topic::secure_com_from_earth_channel_3
auto.offset.reset::largest
group.id::space.exploration.mars.rover
destination.topic::secure_com_to_earth_channel_3
zookeeper.connect::localhost:2181
8562 [main] INFO  space.exploration.mars.rover.sensor.Radar  - Radar configured:: 
22365 [main] INFO  kafka.client.ClientUtils$  - Fetching metadata from broker BrokerEndPoint(0,localhost,9092) with correlation id 0 for 1 topic(s) Set(secure_com_to_earth_channel_3)
22367 [main] INFO  kafka.producer.SyncProducer  - Connected to localhost:9092 for producing
22369 [main] INFO  kafka.producer.SyncProducer  - Disconnecting from localhost:9092
22398 [main] INFO  kafka.producer.SyncProducer  - Connected to zion-mainframe:9092 for producing
35227 [pool-2-thread-1] INFO  space.exploration.mars.rover.power.Battery  - BatteryMonitor performing due diligence. SCET = 1501725489652
58060 [pool-1-thread-1] INFO  space.exploration.mars.rover.diagnostics.Pacemaker  - SCET: 1501725512428
equipmentHealth {
  key: "Battery"
  value: 1000
}
equipmentHealth {
  key: "Radio"
  value: 9999
}
equipmentHealth {
  key: "Lidar"
  value: 1000
}
equipmentHealth {
  key: "Camera"
  value: 1000
}
equipmentHealth {
  key: "Spectrometer"
  value: 1000
}
equipmentHealth {
  key: "Radar"
  value: 1000
}
batteryLevel: 9999
moduleReporting: 3
notes: "This is rover Curiosity. Sending HeartBeat!"
location {
  x: 350
  y: 250
}

65227 [pool-2-thread-1] INFO  space.exploration.mars.rover.power.Battery  - BatteryMonitor performing due diligence. SCET = 1501725519652
93760 [Thread-2] INFO  space.exploration.mars.rover.kernel.ListeningState  - timeStamp: 1501725527540
targets {
  roverModule: 1
  estimatedPowerUsage: 40
  action: "Move"
  auxiliaryData: "\n\006\b\226\001\020\226\001"
}

93769 [Thread-2] ERROR space.exploration.mars.rover.kernel.MovingState  - Destination passed in is invalid - intersects with a wall!
95227 [pool-2-thread-2] INFO  space.exploration.mars.rover.power.Battery  - BatteryMonitor performing due diligence. SCET = 1501725549652
125227 [pool-2-thread-1] INFO  space.exploration.mars.rover.power.Battery  - BatteryMonitor performing due diligence. SCET = 1501725579652
