55987 [pool-2-thread-1] INFO space.exploration.mars.rover.diagnostics.Pacemaker  - Diagnostics inhibited because rover is sleeping to conserve battery Current instructionQueue length = 0
56991 [pool-3-thread-1] INFO space.exploration.mars.rover.diagnostics.SleepMonitor  - Awakening rover from slumber
56992 [pool-3-thread-1] INFO space.exploration.mars.rover.animation.SleepingAnimationEngine  - Waking up rover
116769 [Thread-2] INFO space.exploration.mars.rover.kernel.ListeningState  - 1509482474172,10,GetSeasonalWeather Current instructionQueue length = 0
116770 [Thread-2] INFO space.exploration.mars.rover.kernel.ListeningState  - Rover will try to get weather measurements - actual Curiosity Data
116774 [Thread-2] INFO space.exploration.mars.rover.kernel.WeatherSensingState  - Will get mars weather measurements
120005 [Thread-2] ERROR space.exploration.mars.rover.sensor.WeatherSensor  - Weather Service had an exception.
java.lang.StringIndexOutOfBoundsException: String index out of range: -1
	at java.lang.String.substring(String.java:1960)
	at space.exploration.mars.rover.utils.WeatherUtil.getWeatherPayload(WeatherUtil.java:115)
	at space.exploration.mars.rover.utils.WeatherUtil.getSeasonalWeatherPayload(WeatherUtil.java:125)
	at space.exploration.mars.rover.sensor.WeatherSensor.getWeather(WeatherSensor.java:83)
	at space.exploration.mars.rover.kernel.WeatherSensingState.senseWeather(WeatherSensingState.java:54)
	at space.exploration.mars.rover.kernel.Rover.senseWeather(Rover.java:296)
	at space.exploration.mars.rover.kernel.ListeningState.receiveMessage(ListeningState.java:95)
	at space.exploration.mars.rover.kernel.Rover.receiveMessage(Rover.java:304)
	at space.exploration.mars.rover.communication.Radio.receiveMessage(Radio.java:57)
	at space.exploration.mars.rover.communication.Receiver.run(Receiver.java:60)
120005 [Thread-2] INFO space.exploration.mars.rover.sensor.WeatherSensor  - Current weatherQueryRate/hour = 0.0 max allowed = 1000.0/hr
210497 [Thread-2] INFO space.exploration.mars.rover.kernel.ListeningState  - 1509482567900,10,GetSeasonalWeather Current instructionQueue length = 0
210498 [Thread-2] INFO space.exploration.mars.rover.kernel.ListeningState  - Rover will try to get weather measurements - actual Curiosity Data
210498 [Thread-2] INFO space.exploration.mars.rover.kernel.WeatherSensingState  - Will get mars weather measurements
213628 [Thread-2] ERROR space.exploration.mars.rover.sensor.WeatherSensor  - Weather Service had an exception.
java.lang.StringIndexOutOfBoundsException: String index out of range: -1
	at java.lang.String.substring(String.java:1960)
	at space.exploration.mars.rover.utils.WeatherUtil.getWeatherPayload(WeatherUtil.java:115)
	at space.exploration.mars.rover.utils.WeatherUtil.getSeasonalWeatherPayload(WeatherUtil.java:125)
	at space.exploration.mars.rover.sensor.WeatherSensor.getWeather(WeatherSensor.java:83)
	at space.exploration.mars.rover.kernel.WeatherSensingState.senseWeather(WeatherSensingState.java:54)
	at space.exploration.mars.rover.kernel.Rover.senseWeather(Rover.java:296)
	at space.exploration.mars.rover.kernel.ListeningState.receiveMessage(ListeningState.java:95)
	at space.exploration.mars.rover.kernel.Rover.receiveMessage(Rover.java:304)
	at space.exploration.mars.rover.communication.Radio.receiveMessage(Radio.java:57)
	at space.exploration.mars.rover.communication.Receiver.run(Receiver.java:60)
213629 [Thread-2] INFO space.exploration.mars.rover.sensor.WeatherSensor  - Current weatherQueryRate/hour = 0.0 max allowed = 1000.0/hr
378404 [pool-3-thread-1] INFO space.exploration.mars.rover.animation.SleepingAnimationEngine  - Rover is sleeping now
415986 [pool-2-thread-1] INFO space.exploration.mars.rover.diagnostics.Pacemaker  - Diagnostics inhibited because rover is sleeping to conserve battery Current instructionQueue length = 0
475986 [pool-2-thread-1] INFO space.exploration.mars.rover.diagnostics.Pacemaker  - Diagnostics inhibited because rover is sleeping to conserve battery Current instructionQueue length = 0
506408 [Thread-2] INFO space.exploration.mars.rover.kernel.SleepingState  - Awaking from sleeping state
506408 [Thread-2] INFO space.exploration.mars.rover.animation.SleepingAnimationEngine  - Waking up rover
515455 [Thread-2] INFO space.exploration.mars.rover.kernel.ListeningState  - 1509482872858,10,GetSeasonalWeather Current instructionQueue length = 0
515455 [Thread-2] INFO space.exploration.mars.rover.kernel.ListeningState  - Rover will try to get weather measurements - actual Curiosity Data
515455 [Thread-2] INFO space.exploration.mars.rover.kernel.WeatherSensingState  - Will get mars weather measurements
518712 [Thread-2] INFO space.exploration.mars.rover.utils.WeatherUtil  - wind_speed information not present
java.lang.NumberFormatException: For input string: "null"
	at sun.misc.FloatingDecimal.readJavaFormatString(FloatingDecimal.java:2043)
	at sun.misc.FloatingDecimal.parseDouble(FloatingDecimal.java:110)
	at java.lang.Double.parseDouble(Double.java:538)
	at space.exploration.mars.rover.utils.WeatherUtil.getweatherPayload(WeatherUtil.java:66)
	at space.exploration.mars.rover.utils.WeatherUtil.getWeatherPayload(WeatherUtil.java:118)
	at space.exploration.mars.rover.utils.WeatherUtil.getSeasonalWeatherPayload(WeatherUtil.java:125)
	at space.exploration.mars.rover.sensor.WeatherSensor.getWeather(WeatherSensor.java:83)
	at space.exploration.mars.rover.kernel.WeatherSensingState.senseWeather(WeatherSensingState.java:54)
	at space.exploration.mars.rover.kernel.Rover.senseWeather(Rover.java:296)
	at space.exploration.mars.rover.kernel.ListeningState.receiveMessage(ListeningState.java:95)
	at space.exploration.mars.rover.kernel.Rover.receiveMessage(Rover.java:304)
	at space.exploration.mars.rover.kernel.SleepingState.receiveMessage(SleepingState.java:30)
	at space.exploration.mars.rover.kernel.Rover.receiveMessage(Rover.java:304)
	at space.exploration.mars.rover.communication.Radio.receiveMessage(Radio.java:57)
	at space.exploration.mars.rover.communication.Receiver.run(Receiver.java:60)
518713 [Thread-2] INFO space.exploration.mars.rover.utils.WeatherUtil  - wind_direction information not present
java.lang.NumberFormatException: For input string: "--"
	at sun.misc.FloatingDecimal.readJavaFormatString(FloatingDecimal.java:2043)
	at sun.misc.FloatingDecimal.parseDouble(FloatingDecimal.java:110)
	at java.lang.Double.parseDouble(Double.java:538)
	at space.exploration.mars.rover.utils.WeatherUtil.getweatherPayload(WeatherUtil.java:72)
	at space.exploration.mars.rover.utils.WeatherUtil.getWeatherPayload(WeatherUtil.java:118)
	at space.exploration.mars.rover.utils.WeatherUtil.getSeasonalWeatherPayload(WeatherUtil.java:125)
	at space.exploration.mars.rover.sensor.WeatherSensor.getWeather(WeatherSensor.java:83)
	at space.exploration.mars.rover.kernel.WeatherSensingState.senseWeather(WeatherSensingState.java:54)
	at space.exploration.mars.rover.kernel.Rover.senseWeather(Rover.java:296)
	at space.exploration.mars.rover.kernel.ListeningState.receiveMessage(ListeningState.java:95)
	at space.exploration.mars.rover.kernel.Rover.receiveMessage(Rover.java:304)
	at space.exploration.mars.rover.kernel.SleepingState.receiveMessage(SleepingState.java:30)
	at space.exploration.mars.rover.kernel.Rover.receiveMessage(Rover.java:304)
	at space.exploration.mars.rover.communication.Radio.receiveMessage(Radio.java:57)
	at space.exploration.mars.rover.communication.Receiver.run(Receiver.java:60)
518717 [Thread-2] INFO space.exploration.mars.rover.utils.WeatherUtil  - wind_speed information not present
java.lang.NumberFormatException: For input string: "null"
	at sun.misc.FloatingDecimal.readJavaFormatString(FloatingDecimal.java:2043)
	at sun.misc.FloatingDecimal.parseDouble(FloatingDecimal.java:110)
	at java.lang.Double.parseDouble(Double.java:538)
	at space.exploration.mars.rover.utils.WeatherUtil.getweatherPayload(WeatherUtil.java:66)
	at space.exploration.mars.rover.utils.WeatherUtil.getWeatherPayload(WeatherUtil.java:118)
	at space.exploration.mars.rover.utils.WeatherUtil.getSeasonalWeatherPayload(WeatherUtil.java:125)
	at space.exploration.mars.rover.sensor.WeatherSensor.getWeather(WeatherSensor.java:83)
	at space.exploration.mars.rover.kernel.WeatherSensingState.senseWeather(WeatherSensingState.java:54)
	at space.exploration.mars.rover.kernel.Rover.senseWeather(Rover.java:296)
	at space.exploration.mars.rover.kernel.ListeningState.receiveMessage(ListeningState.java:95)
	at space.exploration.mars.rover.kernel.Rover.receiveMessage(Rover.java:304)
	at space.exploration.mars.rover.kernel.SleepingState.receiveMessage(SleepingState.java:30)
	at space.exploration.mars.rover.kernel.Rover.receiveMessage(Rover.java:304)
	at space.exploration.mars.rover.communication.Radio.receiveMessage(Radio.java:57)
	at space.exploration.mars.rover.communication.Receiver.run(Receiver.java:60)
518717 [Thread-2] INFO space.exploration.mars.rover.utils.WeatherUtil  - wind_direction information not present
java.lang.NumberFormatException: For input string: "--"
	at sun.misc.FloatingDecimal.readJavaFormatString(FloatingDecimal.java:2043)
	at sun.misc.FloatingDecimal.parseDouble(FloatingDecimal.java:110)
	at java.lang.Double.parseDouble(Double.java:538)
	at space.exploration.mars.rover.utils.WeatherUtil.getweatherPayload(WeatherUtil.java:72)
	at space.exploration.mars.rover.utils.WeatherUtil.getWeatherPayload(WeatherUtil.java:118)
	at space.exploration.mars.rover.utils.WeatherUtil.getSeasonalWeatherPayload(WeatherUtil.java:125)
	at space.exploration.mars.rover.sensor.WeatherSensor.getWeather(WeatherSensor.java:83)
	at space.exploration.mars.rover.kernel.WeatherSensingState.senseWeather(WeatherSensingState.java:54)
	at space.exploration.mars.rover.kernel.Rover.senseWeather(Rover.java:296)
	at space.exploration.mars.rover.kernel.ListeningState.receiveMessage(ListeningState.java:95)
	at space.exploration.mars.rover.kernel.Rover.receiveMessage(Rover.java:304)
	at space.exploration.mars.rover.kernel.SleepingState.receiveMessage(SleepingState.java:30)
	at space.exploration.mars.rover.kernel.Rover.receiveMessage(Rover.java:304)
	at space.exploration.mars.rover.communication.Radio.receiveMessage(Radio.java:57)
	at space.exploration.mars.rover.communication.Receiver.run(Receiver.java:60)
518719 [Thread-2] INFO space.exploration.mars.rover.utils.WeatherUtil  - wind_speed information not present
java.lang.NumberFormatException: For input string: "null"
	at sun.misc.FloatingDecimal.readJavaFormatString(FloatingDecimal.java:2043)
	at sun.misc.FloatingDecimal.parseDouble(FloatingDecimal.java:110)
	at java.lang.Double.parseDouble(Double.java:538)
	at space.exploration.mars.rover.utils.WeatherUtil.getweatherPayload(WeatherUtil.java:66)
	at space.exploration.mars.rover.utils.WeatherUtil.getWeatherPayload(WeatherUtil.java:118)
	at space.exploration.mars.rover.utils.WeatherUtil.getSeasonalWeatherPayload(WeatherUtil.java:125)
	at space.exploration.mars.rover.sensor.WeatherSensor.getWeather(WeatherSensor.java:83)
	at space.exploration.mars.rover.kernel.WeatherSensingState.senseWeather(WeatherSensingState.java:54)
	at space.exploration.mars.rover.kernel.Rover.senseWeather(Rover.java:296)
	at space.exploration.mars.rover.kernel.ListeningState.receiveMessage(ListeningState.java:95)
	at space.exploration.mars.rover.kernel.Rover.receiveMessage(Rover.java:304)
	at space.exploration.mars.rover.kernel.SleepingState.receiveMessage(SleepingState.java:30)
	at space.exploration.mars.rover.kernel.Rover.receiveMessage(Rover.java:304)
	at space.exploration.mars.rover.communication.Radio.receiveMessage(Radio.java:57)
	at space.exploration.mars.rover.communication.Receiver.run(Receiver.java:60)
518720 [Thread-2] INFO space.exploration.mars.rover.utils.WeatherUtil  - wind_direction information not present
java.lang.NumberFormatException: For input string: "--"
	at sun.misc.FloatingDecimal.readJavaFormatString(FloatingDecimal.java:2043)
	at sun.misc.FloatingDecimal.parseDouble(FloatingDecimal.java:110)
	at java.lang.Double.parseDouble(Double.java:538)
	at space.exploration.mars.rover.utils.WeatherUtil.getweatherPayload(WeatherUtil.java:72)
	at space.exploration.mars.rover.utils.WeatherUtil.getWeatherPayload(WeatherUtil.java:118)
	at space.exploration.mars.rover.utils.WeatherUtil.getSeasonalWeatherPayload(WeatherUtil.java:125)
	at space.exploration.mars.rover.sensor.WeatherSensor.getWeather(WeatherSensor.java:83)
	at space.exploration.mars.rover.kernel.WeatherSensingState.senseWeather(WeatherSensingState.java:54)
	at space.exploration.mars.rover.kernel.Rover.senseWeather(Rover.java:296)
	at space.exploration.mars.rover.kernel.ListeningState.receiveMessage(ListeningState.java:95)
	at space.exploration.mars.rover.kernel.Rover.receiveMessage(Rover.java:304)
	at space.exploration.mars.rover.kernel.SleepingState.receiveMessage(SleepingState.java:30)
	at space.exploration.mars.rover.kernel.Rover.receiveMessage(Rover.java:304)
	at space.exploration.mars.rover.communication.Radio.receiveMessage(Radio.java:57)
	at space.exploration.mars.rover.communication.Receiver.run(Receiver.java:60)
518721 [Thread-2] INFO space.exploration.mars.rover.utils.WeatherUtil  - wind_speed information not present
java.lang.NumberFormatException: For input string: "null"
	at sun.misc.FloatingDecimal.readJavaFormatString(FloatingDecimal.java:2043)
	at sun.misc.FloatingDecimal.parseDouble(FloatingDecimal.java:110)
	at java.lang.Double.parseDouble(Double.java:538)
	at space.exploration.mars.rover.utils.WeatherUtil.getweatherPayload(WeatherUtil.java:66)
	at space.exploration.mars.rover.utils.WeatherUtil.getWeatherPayload(WeatherUtil.java:118)
	at space.exploration.mars.rover.utils.WeatherUtil.getSeasonalWeatherPayload(WeatherUtil.java:125)
	at space.exploration.mars.rover.sensor.WeatherSensor.getWeather(WeatherSensor.java:83)
	at space.exploration.mars.rover.kernel.WeatherSensingState.senseWeather(WeatherSensingState.java:54)
	at space.exploration.mars.rover.kernel.Rover.senseWeather(Rover.java:296)
	at space.exploration.mars.rover.kernel.ListeningState.receiveMessage(ListeningState.java:95)
	at space.exploration.mars.rover.kernel.Rover.receiveMessage(Rover.java:304)
	at space.exploration.mars.rover.kernel.SleepingState.receiveMessage(SleepingState.java:30)
	at space.exploration.mars.rover.kernel.Rover.receiveMessage(Rover.java:304)
	at space.exploration.mars.rover.communication.Radio.receiveMessage(Radio.java:57)
	at space.exploration.mars.rover.communication.Receiver.run(Receiver.java:60)
518721 [Thread-2] INFO space.exploration.mars.rover.utils.WeatherUtil  - wind_direction information not present
java.lang.NumberFormatException: For input string: "--"
	at sun.misc.FloatingDecimal.readJavaFormatString(FloatingDecimal.java:2043)
	at sun.misc.FloatingDecimal.parseDouble(FloatingDecimal.java:110)
	at java.lang.Double.parseDouble(Double.java:538)
	at space.exploration.mars.rover.utils.WeatherUtil.getweatherPayload(WeatherUtil.java:72)
	at space.exploration.mars.rover.utils.WeatherUtil.getWeatherPayload(WeatherUtil.java:118)
	at space.exploration.mars.rover.utils.WeatherUtil.getSeasonalWeatherPayload(WeatherUtil.java:125)
	at space.exploration.mars.rover.sensor.WeatherSensor.getWeather(WeatherSensor.java:83)
	at space.exploration.mars.rover.kernel.WeatherSensingState.senseWeather(WeatherSensingState.java:54)
	at space.exploration.mars.rover.kernel.Rover.senseWeather(Rover.java:296)
	at space.exploration.mars.rover.kernel.ListeningState.receiveMessage(ListeningState.java:95)
	at space.exploration.mars.rover.kernel.Rover.receiveMessage(Rover.java:304)
	at space.exploration.mars.rover.kernel.SleepingState.receiveMessage(SleepingState.java:30)
	at space.exploration.mars.rover.kernel.Rover.receiveMessage(Rover.java:304)
	at space.exploration.mars.rover.communication.Radio.receiveMessage(Radio.java:57)
	at space.exploration.mars.rover.communication.Receiver.run(Receiver.java:60)
518722 [Thread-2] INFO space.exploration.mars.rover.utils.WeatherUtil  - wind_speed information not present
java.lang.NumberFormatException: For input string: "null"
	at sun.misc.FloatingDecimal.readJavaFormatString(FloatingDecimal.java:2043)
	at sun.misc.FloatingDecimal.parseDouble(FloatingDecimal.java:110)
	at java.lang.Double.parseDouble(Double.java:538)
	at space.exploration.mars.rover.utils.WeatherUtil.getweatherPayload(WeatherUtil.java:66)
	at space.exploration.mars.rover.utils.WeatherUtil.getWeatherPayload(WeatherUtil.java:118)
	at space.exploration.mars.rover.utils.WeatherUtil.getSeasonalWeatherPayload(WeatherUtil.java:125)
	at space.exploration.mars.rover.sensor.WeatherSensor.getWeather(WeatherSensor.java:83)
	at space.exploration.mars.rover.kernel.WeatherSensingState.senseWeather(WeatherSensingState.java:54)
	at space.exploration.mars.rover.kernel.Rover.senseWeather(Rover.java:296)
	at space.exploration.mars.rover.kernel.ListeningState.receiveMessage(ListeningState.java:95)
	at space.exploration.mars.rover.kernel.Rover.receiveMessage(Rover.java:304)
	at space.exploration.mars.rover.kernel.SleepingState.receiveMessage(SleepingState.java:30)
	at space.exploration.mars.rover.kernel.Rover.receiveMessage(Rover.java:304)
	at space.exploration.mars.rover.communication.Radio.receiveMessage(Radio.java:57)
	at space.exploration.mars.rover.communication.Receiver.run(Receiver.java:60)
518722 [Thread-2] INFO space.exploration.mars.rover.utils.WeatherUtil  - wind_direction information not present
java.lang.NumberFormatException: For input string: "--"
	at sun.misc.FloatingDecimal.readJavaFormatString(FloatingDecimal.java:2043)
	at sun.misc.FloatingDecimal.parseDouble(FloatingDecimal.java:110)
	at java.lang.Double.parseDouble(Double.java:538)
	at space.exploration.mars.rover.utils.WeatherUtil.getweatherPayload(WeatherUtil.java:72)
	at space.exploration.mars.rover.utils.WeatherUtil.getWeatherPayload(WeatherUtil.java:118)
	at space.exploration.mars.rover.utils.WeatherUtil.getSeasonalWeatherPayload(WeatherUtil.java:125)
	at space.exploration.mars.rover.sensor.WeatherSensor.getWeather(WeatherSensor.java:83)
	at space.exploration.mars.rover.kernel.WeatherSensingState.senseWeather(WeatherSensingState.java:54)
	at space.exploration.mars.rover.kernel.Rover.senseWeather(Rover.java:296)
	at space.exploration.mars.rover.kernel.ListeningState.receiveMessage(ListeningState.java:95)
	at space.exploration.mars.rover.kernel.Rover.receiveMessage(Rover.java:304)
	at space.exploration.mars.rover.kernel.SleepingState.receiveMessage(SleepingState.java:30)
	at space.exploration.mars.rover.kernel.Rover.receiveMessage(Rover.java:304)
	at space.exploration.mars.rover.communication.Radio.receiveMessage(Radio.java:57)
	at space.exploration.mars.rover.communication.Receiver.run(Receiver.java:60)
518724 [Thread-2] INFO space.exploration.mars.rover.utils.WeatherUtil  - wind_speed information not present
java.lang.NumberFormatException: For input string: "null"
	at sun.misc.FloatingDecimal.readJavaFormatString(FloatingDecimal.java:2043)
	at sun.misc.FloatingDecimal.parseDouble(FloatingDecimal.java:110)
	at java.lang.Double.parseDouble(Double.java:538)
	at space.exploration.mars.rover.utils.WeatherUtil.getweatherPayload(WeatherUtil.java:66)
	at space.exploration.mars.rover.utils.WeatherUtil.getWeatherPayload(WeatherUtil.java:118)
	at space.exploration.mars.rover.utils.WeatherUtil.getSeasonalWeatherPayload(WeatherUtil.java:125)
	at space.exploration.mars.rover.sensor.WeatherSensor.getWeather(WeatherSensor.java:83)
	at space.exploration.mars.rover.kernel.WeatherSensingState.senseWeather(WeatherSensingState.java:54)
	at space.exploration.mars.rover.kernel.Rover.senseWeather(Rover.java:296)
	at space.exploration.mars.rover.kernel.ListeningState.receiveMessage(ListeningState.java:95)
	at space.exploration.mars.rover.kernel.Rover.receiveMessage(Rover.java:304)
	at space.exploration.mars.rover.kernel.SleepingState.receiveMessage(SleepingState.java:30)
	at space.exploration.mars.rover.kernel.Rover.receiveMessage(Rover.java:304)
	at space.exploration.mars.rover.communication.Radio.receiveMessage(Radio.java:57)
	at space.exploration.mars.rover.communication.Receiver.run(Receiver.java:60)
518724 [Thread-2] INFO space.exploration.mars.rover.utils.WeatherUtil  - wind_direction information not present
java.lang.NumberFormatException: For input string: "--"
	at sun.misc.FloatingDecimal.readJavaFormatString(FloatingDecimal.java:2043)
	at sun.misc.FloatingDecimal.parseDouble(FloatingDecimal.java:110)
	at java.lang.Double.parseDouble(Double.java:538)
	at space.exploration.mars.rover.utils.WeatherUtil.getweatherPayload(WeatherUtil.java:72)
	at space.exploration.mars.rover.utils.WeatherUtil.getWeatherPayload(WeatherUtil.java:118)
	at space.exploration.mars.rover.utils.WeatherUtil.getSeasonalWeatherPayload(WeatherUtil.java:125)
	at space.exploration.mars.rover.sensor.WeatherSensor.getWeather(WeatherSensor.java:83)
	at space.exploration.mars.rover.kernel.WeatherSensingState.senseWeather(WeatherSensingState.java:54)
	at space.exploration.mars.rover.kernel.Rover.senseWeather(Rover.java:296)
	at space.exploration.mars.rover.kernel.ListeningState.receiveMessage(ListeningState.java:95)
	at space.exploration.mars.rover.kernel.Rover.receiveMessage(Rover.java:304)
	at space.exploration.mars.rover.kernel.SleepingState.receiveMessage(SleepingState.java:30)
	at space.exploration.mars.rover.kernel.Rover.receiveMessage(Rover.java:304)
	at space.exploration.mars.rover.communication.Radio.receiveMessage(Radio.java:57)
	at space.exploration.mars.rover.communication.Receiver.run(Receiver.java:60)
518725 [Thread-2] INFO space.exploration.mars.rover.utils.WeatherUtil  - wind_speed information not present
java.lang.NumberFormatException: For input string: "null"
	at sun.misc.FloatingDecimal.readJavaFormatString(FloatingDecimal.java:2043)
	at sun.misc.FloatingDecimal.parseDouble(FloatingDecimal.java:110)
	at java.lang.Double.parseDouble(Double.java:538)
	at space.exploration.mars.rover.utils.WeatherUtil.getweatherPayload(WeatherUtil.java:66)
	at space.exploration.mars.rover.utils.WeatherUtil.getWeatherPayload(WeatherUtil.java:118)
	at space.exploration.mars.rover.utils.WeatherUtil.getSeasonalWeatherPayload(WeatherUtil.java:125)
	at space.exploration.mars.rover.sensor.WeatherSensor.getWeather(WeatherSensor.java:83)
	at space.exploration.mars.rover.kernel.WeatherSensingState.senseWeather(WeatherSensingState.java:54)
	at space.exploration.mars.rover.kernel.Rover.senseWeather(Rover.java:296)
	at space.exploration.mars.rover.kernel.ListeningState.receiveMessage(ListeningState.java:95)
	at space.exploration.mars.rover.kernel.Rover.receiveMessage(Rover.java:304)
	at space.exploration.mars.rover.kernel.SleepingState.receiveMessage(SleepingState.java:30)
	at space.exploration.mars.rover.kernel.Rover.receiveMessage(Rover.java:304)
	at space.exploration.mars.rover.communication.Radio.receiveMessage(Radio.java:57)
	at space.exploration.mars.rover.communication.Receiver.run(Receiver.java:60)
518725 [Thread-2] INFO space.exploration.mars.rover.utils.WeatherUtil  - wind_direction information not present
java.lang.NumberFormatException: For input string: "--"
	at sun.misc.FloatingDecimal.readJavaFormatString(FloatingDecimal.java:2043)
	at sun.misc.FloatingDecimal.parseDouble(FloatingDecimal.java:110)
	at java.lang.Double.parseDouble(Double.java:538)
	at space.exploration.mars.rover.utils.WeatherUtil.getweatherPayload(WeatherUtil.java:72)
	at space.exploration.mars.rover.utils.WeatherUtil.getWeatherPayload(WeatherUtil.java:118)
	at space.exploration.mars.rover.utils.WeatherUtil.getSeasonalWeatherPayload(WeatherUtil.java:125)
	at space.exploration.mars.rover.sensor.WeatherSensor.getWeather(WeatherSensor.java:83)
	at space.exploration.mars.rover.kernel.WeatherSensingState.senseWeather(WeatherSensingState.java:54)
	at space.exploration.mars.rover.kernel.Rover.senseWeather(Rover.java:296)
	at space.exploration.mars.rover.kernel.ListeningState.receiveMessage(ListeningState.java:95)
	at space.exploration.mars.rover.kernel.Rover.receiveMessage(Rover.java:304)
	at space.exploration.mars.rover.kernel.SleepingState.receiveMessage(SleepingState.java:30)
	at space.exploration.mars.rover.kernel.Rover.receiveMessage(Rover.java:304)
	at space.exploration.mars.rover.communication.Radio.receiveMessage(Radio.java:57)
	at space.exploration.mars.rover.communication.Receiver.run(Receiver.java:60)
518726 [Thread-2] INFO space.exploration.mars.rover.utils.WeatherUtil  - wind_speed information not present
java.lang.NumberFormatException: For input string: "null"
	at sun.misc.FloatingDecimal.readJavaFormatString(FloatingDecimal.java:2043)
	at sun.misc.FloatingDecimal.parseDouble(FloatingDecimal.java:110)
	at java.lang.Double.parseDouble(Double.java:538)
	at space.exploration.mars.rover.utils.WeatherUtil.getweatherPayload(WeatherUtil.java:66)
	at space.exploration.mars.rover.utils.WeatherUtil.getWeatherPayload(WeatherUtil.java:118)
	at space.exploration.mars.rover.utils.WeatherUtil.getSeasonalWeatherPayload(WeatherUtil.java:125)
	at space.exploration.mars.rover.sensor.WeatherSensor.getWeather(WeatherSensor.java:83)
	at space.exploration.mars.rover.kernel.WeatherSensingState.senseWeather(WeatherSensingState.java:54)
	at space.exploration.mars.rover.kernel.Rover.senseWeather(Rover.java:296)
	at space.exploration.mars.rover.kernel.ListeningState.receiveMessage(ListeningState.java:95)
	at space.exploration.mars.rover.kernel.Rover.receiveMessage(Rover.java:304)
	at space.exploration.mars.rover.kernel.SleepingState.receiveMessage(SleepingState.java:30)
	at space.exploration.mars.rover.kernel.Rover.receiveMessage(Rover.java:304)
	at space.exploration.mars.rover.communication.Radio.receiveMessage(Radio.java:57)
	at space.exploration.mars.rover.communication.Receiver.run(Receiver.java:60)
518726 [Thread-2] INFO space.exploration.mars.rover.utils.WeatherUtil  - wind_direction information not present
java.lang.NumberFormatException: For input string: "--"
	at sun.misc.FloatingDecimal.readJavaFormatString(FloatingDecimal.java:2043)
	at sun.misc.FloatingDecimal.parseDouble(FloatingDecimal.java:110)
	at java.lang.Double.parseDouble(Double.java:538)
	at space.exploration.mars.rover.utils.WeatherUtil.getweatherPayload(WeatherUtil.java:72)
	at space.exploration.mars.rover.utils.WeatherUtil.getWeatherPayload(WeatherUtil.java:118)
	at space.exploration.mars.rover.utils.WeatherUtil.getSeasonalWeatherPayload(WeatherUtil.java:125)
	at space.exploration.mars.rover.sensor.WeatherSensor.getWeather(WeatherSensor.java:83)
	at space.exploration.mars.rover.kernel.WeatherSensingState.senseWeather(WeatherSensingState.java:54)
	at space.exploration.mars.rover.kernel.Rover.senseWeather(Rover.java:296)
	at space.exploration.mars.rover.kernel.ListeningState.receiveMessage(ListeningState.java:95)
	at space.exploration.mars.rover.kernel.Rover.receiveMessage(Rover.java:304)
	at space.exploration.mars.rover.kernel.SleepingState.receiveMessage(SleepingState.java:30)
	at space.exploration.mars.rover.kernel.Rover.receiveMessage(Rover.java:304)
	at space.exploration.mars.rover.communication.Radio.receiveMessage(Radio.java:57)
	at space.exploration.mars.rover.communication.Receiver.run(Receiver.java:60)
518732 [Thread-2] INFO space.exploration.mars.rover.utils.WeatherUtil  - wind_speed information not present
java.lang.NumberFormatException: For input string: "null"
	at sun.misc.FloatingDecimal.readJavaFormatString(FloatingDecimal.java:2043)
	at sun.misc.FloatingDecimal.parseDouble(FloatingDecimal.java:110)
	at java.lang.Double.parseDouble(Double.java:538)
	at space.exploration.mars.rover.utils.WeatherUtil.getweatherPayload(WeatherUtil.java:66)
	at space.exploration.mars.rover.utils.WeatherUtil.getWeatherPayload(WeatherUtil.java:118)
	at space.exploration.mars.rover.utils.WeatherUtil.getSeasonalWeatherPayload(WeatherUtil.java:125)
	at space.exploration.mars.rover.sensor.WeatherSensor.getWeather(WeatherSensor.java:83)
	at space.exploration.mars.rover.kernel.WeatherSensingState.senseWeather(WeatherSensingState.java:54)
	at space.exploration.mars.rover.kernel.Rover.senseWeather(Rover.java:296)
	at space.exploration.mars.rover.kernel.ListeningState.receiveMessage(ListeningState.java:95)
	at space.exploration.mars.rover.kernel.Rover.receiveMessage(Rover.java:304)
	at space.exploration.mars.rover.kernel.SleepingState.receiveMessage(SleepingState.java:30)
	at space.exploration.mars.rover.kernel.Rover.receiveMessage(Rover.java:304)
	at space.exploration.mars.rover.communication.Radio.receiveMessage(Radio.java:57)
	at space.exploration.mars.rover.communication.Receiver.run(Receiver.java:60)
518732 [Thread-2] INFO space.exploration.mars.rover.utils.WeatherUtil  - wind_direction information not present
java.lang.NumberFormatException: For input string: "--"
	at sun.misc.FloatingDecimal.readJavaFormatString(FloatingDecimal.java:2043)
	at sun.misc.FloatingDecimal.parseDouble(FloatingDecimal.java:110)
	at java.lang.Double.parseDouble(Double.java:538)
	at space.exploration.mars.rover.utils.WeatherUtil.getweatherPayload(WeatherUtil.java:72)
	at space.exploration.mars.rover.utils.WeatherUtil.getWeatherPayload(WeatherUtil.java:118)
	at space.exploration.mars.rover.utils.WeatherUtil.getSeasonalWeatherPayload(WeatherUtil.java:125)
	at space.exploration.mars.rover.sensor.WeatherSensor.getWeather(WeatherSensor.java:83)
	at space.exploration.mars.rover.kernel.WeatherSensingState.senseWeather(WeatherSensingState.java:54)
	at space.exploration.mars.rover.kernel.Rover.senseWeather(Rover.java:296)
	at space.exploration.mars.rover.kernel.ListeningState.receiveMessage(ListeningState.java:95)
	at space.exploration.mars.rover.kernel.Rover.receiveMessage(Rover.java:304)
	at space.exploration.mars.rover.kernel.SleepingState.receiveMessage(SleepingState.java:30)
	at space.exploration.mars.rover.kernel.Rover.receiveMessage(Rover.java:304)
	at space.exploration.mars.rover.communication.Radio.receiveMessage(Radio.java:57)
	at space.exploration.mars.rover.communication.Receiver.run(Receiver.java:60)
518740 [Thread-2] INFO space.exploration.mars.rover.sensor.WeatherSensor  - Current weatherQueryRate/hour = 0.0 max allowed = 1000.0/hr
683613 [pool-3-thread-1] INFO space.exploration.mars.rover.animation.SleepingAnimationEngine  - Rover is sleeping now
715986 [pool-2-thread-1] INFO space.exploration.mars.rover.diagnostics.Pacemaker  - Diagnostics inhibited because rover is sleeping to conserve battery Current instructionQueue length = 0
775986 [pool-2-thread-1] INFO space.exploration.mars.rover.diagnostics.Pacemaker  - Diagnostics inhibited because rover is sleeping to conserve battery Current instructionQueue length = 0
801615 [Thread-2] INFO space.exploration.mars.rover.kernel.SleepingState  - Awaking from sleeping state
801616 [Thread-2] INFO space.exploration.mars.rover.animation.SleepingAnimationEngine  - Waking up rover
810662 [Thread-2] INFO space.exploration.mars.rover.kernel.ListeningState  - 1509483168065,8,ClickCamera Current instructionQueue length = 0
