2018-12-16 19:50:00,751 [main] INFO  space.exploration.mars.rover.kernel.SpacecraftClock - Valid utc time ranges are dictated by clockService as follows:
2018-12-16 19:50:00,752 [main] INFO  space.exploration.mars.rover.kernel.SpacecraftClock - APPLICABLE_START_TIME=2000-001T11:58:55.816, APPLICABLE_STOP_TIME=2017-360T19:17:40.149
2018-12-16 19:50:00,752 [main] INFO  space.exploration.mars.rover.kernel.SpacecraftClock - Given UTC = 2016-05-01~21:30:00
2018-12-16 19:50:00,752 [main] INFO  space.exploration.mars.rover.kernel.SpacecraftClock - Please ensure that positionSensor and sclk are synchronized
2018-12-16 19:50:00,758 [main] INFO  space.exploration.mars.rover.kernel.SpacecraftClock - Curiosity internal spacecraft clock started at :: 2016-05-02T01:30:00.000Z
2018-12-16 19:50:00,759 [main] INFO  space.exploration.mars.rover.kernel.SpacecraftClock - Mission duration is set to :: 1 year(s).
2018-12-16 19:50:00,759 [main] INFO  space.exploration.mars.rover.kernel.SpacecraftClock - Mission duration = 31536000000
2018-12-16 19:50:00,761 [main] INFO  space.exploration.mars.rover.kernel.SpacecraftClock - Internal time::2016-05-02T01:30:00.000Z sclk of::
2018-12-16 19:50:01,764 [main] INFO  space.exploration.mars.rover.kernel.SpacecraftClock - Internal time::2016-05-01T21:31:00.000-04:00 sclk of::1/01328:18:57:41:37981
2018-12-16 19:50:02,775 [main] INFO  space.exploration.mars.rover.kernel.SpacecraftClock - Internal time::2016-05-01T21:31:00.000-04:00 sclk of::1/01328:18:57:41:37981
2018-12-16 19:50:03,776 [main] INFO  space.exploration.mars.rover.kernel.SpacecraftClock - Internal time::2016-05-01T21:31:00.000-04:00 sclk of::1/01328:18:57:41:37981
2018-12-16 19:50:04,778 [main] INFO  space.exploration.mars.rover.kernel.SpacecraftClock - Internal time::2016-05-01T21:31:00.000-04:00 sclk of::1/01328:18:57:41:37981
2018-12-16 19:50:05,779 [main] INFO  space.exploration.mars.rover.kernel.SpacecraftClock - Internal time::2016-05-01T21:31:00.000-04:00 sclk of::1/01328:18:57:41:37981
2018-12-16 19:50:06,779 [main] INFO  space.exploration.mars.rover.kernel.SpacecraftClock - Internal time::2016-05-01T21:31:00.000-04:00 sclk of::1/01328:18:57:41:37981
2018-12-16 19:50:07,780 [main] INFO  space.exploration.mars.rover.kernel.SpacecraftClock - Internal time::2016-05-01T21:31:00.000-04:00 sclk of::1/01328:18:57:41:37981
2018-12-16 19:50:08,781 [main] INFO  space.exploration.mars.rover.kernel.SpacecraftClock - Internal time::2016-05-01T21:31:00.000-04:00 sclk of::1/01328:18:57:41:37981
2018-12-16 19:50:09,782 [main] INFO  space.exploration.mars.rover.kernel.SpacecraftClock - Internal time::2016-05-01T21:31:00.000-04:00 sclk of::1/01328:18:57:41:37981
2018-12-16 19:50:10,783 [main] INFO  space.exploration.mars.rover.kernel.SpacecraftClock - Internal time::2016-05-01T21:31:00.000-04:00 sclk of::1/01328:18:57:41:37981
2018-12-16 19:50:10,787 [main] INFO  space.exploration.mars.rover.kernel.SpacecraftClock - Internal time::2016-05-01T21:31:00.000-04:00 sclk of::1/01328:18:57:41:37981
2018-12-16 19:50:10,791 [main] INFO  space.exploration.mars.rover.kernel.SpacecraftClock - Valid utc time ranges are dictated by clockService as follows:
2018-12-16 19:50:10,791 [main] INFO  space.exploration.mars.rover.kernel.SpacecraftClock - APPLICABLE_START_TIME=2000-001T11:58:55.816, APPLICABLE_STOP_TIME=2017-360T19:17:40.149
2018-12-16 19:50:10,791 [main] INFO  space.exploration.mars.rover.kernel.SpacecraftClock - Given UTC = 2016-05-01~21:30:00
2018-12-16 19:50:10,791 [main] INFO  space.exploration.mars.rover.kernel.SpacecraftClock - Please ensure that positionSensor and sclk are synchronized
2018-12-16 19:50:10,792 [main] INFO  space.exploration.mars.rover.kernel.SpacecraftClock - Curiosity internal spacecraft clock started at :: 2016-05-02T01:30:00.000Z
2018-12-16 19:50:10,792 [main] INFO  space.exploration.mars.rover.kernel.SpacecraftClock - Mission duration is set to :: 1 year(s).
2018-12-16 19:50:10,792 [main] INFO  space.exploration.mars.rover.kernel.SpacecraftClock - Mission duration = 31536000000
2018-12-16 19:50:10,792 [main] INFO  space.exploration.mars.rover.kernel.SpacecraftClock - Internal time::2016-05-02T01:30:00.000Z sclk of::
2018-12-16 19:50:10,792 [main] INFO  space.exploration.mars.rover.kernel.SpacecraftClock - Valid utc time ranges are dictated by clockService as follows:
2018-12-16 19:50:10,792 [main] INFO  space.exploration.mars.rover.kernel.SpacecraftClock - APPLICABLE_START_TIME=2000-001T11:58:55.816, APPLICABLE_STOP_TIME=2017-360T19:17:40.149
2018-12-16 19:50:10,792 [main] INFO  space.exploration.mars.rover.kernel.SpacecraftClock - Given UTC = 2016-05-01~21:30:00
2018-12-16 19:50:10,792 [main] INFO  space.exploration.mars.rover.kernel.SpacecraftClock - Please ensure that positionSensor and sclk are synchronized
2018-12-16 19:50:10,793 [main] INFO  space.exploration.mars.rover.kernel.SpacecraftClock - Curiosity internal spacecraft clock started at :: 2016-05-02T01:30:00.000Z
2018-12-16 19:50:10,793 [main] INFO  space.exploration.mars.rover.kernel.SpacecraftClock - Mission duration is set to :: 1 year(s).
2018-12-16 19:50:10,793 [main] INFO  space.exploration.mars.rover.kernel.SpacecraftClock - Mission duration = 31536000000
2018-12-16 19:50:10,793 [main] INFO  space.exploration.mars.rover.kernel.SpacecraftClock - UTCTime = 2016-05-05~12:00:00
2018-12-16 19:50:10,793 [main] INFO  space.exploration.mars.rover.kernel.SpacecraftClock - Valid utc time ranges are dictated by clockService as follows:
2018-12-16 19:50:10,793 [main] INFO  space.exploration.mars.rover.kernel.SpacecraftClock - APPLICABLE_START_TIME=2000-001T11:58:55.816, APPLICABLE_STOP_TIME=2017-360T19:17:40.149
2018-12-16 19:50:10,794 [main] INFO  space.exploration.mars.rover.kernel.SpacecraftClock - Given UTC = 2016-05-05~12:00:00
2018-12-16 19:50:10,794 [main] INFO  space.exploration.mars.rover.kernel.SpacecraftClock - Please ensure that positionSensor and sclk are synchronized
2018-12-16 19:50:11,794 [main] INFO  space.exploration.mars.rover.kernel.SpacecraftClock - Internal time::2016-05-05T12:03:00.000-04:00 sclk of::1/01332:07:09:48:04872
2018-12-16 19:50:12,796 [main] INFO  space.exploration.mars.rover.kernel.SpacecraftClock - Internal time::2016-05-05T12:04:00.000-04:00 sclk of::1/01332:07:10:46:44338
2018-12-16 19:50:13,797 [main] INFO  space.exploration.mars.rover.kernel.SpacecraftClock - Internal time::2016-05-05T12:05:00.000-04:00 sclk of::1/01332:07:11:44:83804
2018-12-16 19:50:14,798 [main] INFO  space.exploration.mars.rover.kernel.SpacecraftClock - Internal time::2016-05-05T12:06:00.000-04:00 sclk of::1/01332:07:12:43:23269
2018-12-16 19:50:15,799 [main] INFO  space.exploration.mars.rover.kernel.SpacecraftClock - Internal time::2016-05-05T12:07:00.000-04:00 sclk of::1/01332:07:13:41:62735
2018-12-16 19:50:16,800 [main] INFO  space.exploration.mars.rover.kernel.SpacecraftClock - Internal time::2016-05-05T12:08:00.000-04:00 sclk of::1/01332:07:14:40:02201
2018-12-16 19:50:17,801 [main] INFO  space.exploration.mars.rover.kernel.SpacecraftClock - Internal time::2016-05-05T12:09:00.000-04:00 sclk of::1/01332:07:15:38:41667
2018-12-16 19:50:18,802 [main] INFO  space.exploration.mars.rover.kernel.SpacecraftClock - Internal time::2016-05-05T12:10:00.000-04:00 sclk of::1/01332:07:16:36:81132
2018-12-16 19:50:19,803 [main] INFO  space.exploration.mars.rover.kernel.SpacecraftClock - Internal time::2016-05-05T12:11:00.000-04:00 sclk of::1/01332:07:17:35:20598
2018-12-16 19:50:20,804 [main] INFO  space.exploration.mars.rover.kernel.SpacecraftClock - Internal time::2016-05-05T12:12:00.000-04:00 sclk of::1/01332:07:18:33:60064
2018-12-16 19:50:20,808 [main] INFO  space.exploration.mars.rover.kernel.SpacecraftClock - Internal time::2016-05-05T12:12:00.000-04:00 sclk of::1/01332:07:18:33:60064
