2018-12-22 14:17:49,010 [roverMain] INFO  space.exploration.mars.rover.kernel.Rover - IsDirectory result = true
2018-12-22 14:17:49,019 [roverMain] INFO  space.exploration.mars.rover.kernel.Rover - Could not get timestamp for :: 0
2018-12-22 14:17:49,019 [roverMain] INFO  space.exploration.mars.rover.kernel.Rover - Could not get timestamp for :: 0
2018-12-22 14:17:49,019 [roverMain] INFO  space.exploration.mars.rover.kernel.Rover - Could not get timestamp for :: 0
2018-12-22 14:17:49,019 [roverMain] INFO  space.exploration.mars.rover.kernel.Rover - Could not get timestamp for :: 0
2018-12-22 14:17:49,019 [roverMain] INFO  space.exploration.mars.rover.kernel.Rover - Could not get timestamp for :: 0
2018-12-22 14:17:49,019 [roverMain] INFO  space.exploration.mars.rover.kernel.Rover - Could not get timestamp for :: 0
2018-12-22 14:17:49,019 [roverMain] INFO  space.exploration.mars.rover.kernel.Rover - Could not get timestamp for :: 0
2018-12-22 14:17:49,019 [roverMain] INFO  space.exploration.mars.rover.kernel.Rover - Could not get timestamp for :: 0
2018-12-22 14:17:49,019 [roverMain] INFO  space.exploration.mars.rover.kernel.Rover - Could not get timestamp for :: 0
2018-12-22 14:17:49,020 [roverMain] INFO  space.exploration.mars.rover.kernel.Rover - Could not get timestamp for :: 0
2018-12-22 14:17:49,020 [roverMain] INFO  space.exploration.mars.rover.kernel.Rover - Could not get timestamp for :: 0
2018-12-22 14:17:49,020 [roverMain] INFO  space.exploration.mars.rover.kernel.Rover - Could not get timestamp for :: 0
2018-12-22 14:17:49,020 [roverMain] INFO  space.exploration.mars.rover.kernel.Rover - Could not get timestamp for :: 0
2018-12-22 14:17:49,020 [roverMain] INFO  space.exploration.mars.rover.kernel.Rover - Could not get timestamp for :: 0
2018-12-22 14:17:49,020 [roverMain] INFO  space.exploration.mars.rover.kernel.Rover - Could not get timestamp for :: 0
2018-12-22 14:17:49,020 [roverMain] INFO  space.exploration.mars.rover.kernel.Rover - Could not get timestamp for :: 0
2018-12-22 14:17:49,020 [roverMain] INFO  space.exploration.mars.rover.kernel.Rover - Could not get timestamp for :: 0
2018-12-22 14:17:49,020 [roverMain] INFO  space.exploration.mars.rover.kernel.Rover - Could not get timestamp for :: 0
2018-12-22 14:17:49,020 [roverMain] INFO  space.exploration.mars.rover.kernel.Rover - Could not get timestamp for :: 0
2018-12-22 14:17:49,020 [roverMain] INFO  space.exploration.mars.rover.kernel.Rover - Could not get timestamp for :: 0
2018-12-22 14:17:49,020 [roverMain] INFO  space.exploration.mars.rover.kernel.Rover - Could not get timestamp for :: 0
2018-12-22 14:17:49,021 [roverMain] INFO  space.exploration.mars.rover.kernel.Rover - Could not get timestamp for :: 0
2018-12-22 14:17:49,021 [roverMain] INFO  space.exploration.mars.rover.kernel.Rover - Could not get timestamp for :: 0
2018-12-22 14:17:49,021 [roverMain] INFO  space.exploration.mars.rover.kernel.Rover - Could not get timestamp for :: 0
2018-12-22 14:17:49,021 [roverMain] INFO  space.exploration.mars.rover.kernel.Rover - Could not get timestamp for :: 0
2018-12-22 14:17:49,021 [roverMain] INFO  space.exploration.mars.rover.kernel.Rover - Could not get timestamp for :: 0
2018-12-22 14:17:49,021 [roverMain] INFO  space.exploration.mars.rover.kernel.Rover - Could not get timestamp for :: 0
2018-12-22 14:17:49,021 [roverMain] INFO  space.exploration.mars.rover.kernel.Rover - Could not get timestamp for :: 0
2018-12-22 14:17:49,021 [roverMain] INFO  space.exploration.mars.rover.kernel.Rover - Could not get timestamp for :: 0
2018-12-22 14:17:49,021 [roverMain] INFO  space.exploration.mars.rover.kernel.Rover - Could not get timestamp for :: 0
2018-12-22 14:17:49,021 [roverMain] INFO  space.exploration.mars.rover.kernel.Rover - Could not get timestamp for :: 0
2018-12-22 14:17:49,021 [roverMain] INFO  space.exploration.mars.rover.kernel.Rover - Could not get timestamp for :: 0
2018-12-22 14:17:49,021 [roverMain] INFO  space.exploration.mars.rover.kernel.Rover - Could not get timestamp for :: 0
2018-12-22 14:17:49,022 [roverMain] INFO  space.exploration.mars.rover.kernel.Rover - Could not get timestamp for :: 0
2018-12-22 14:17:49,022 [roverMain] INFO  space.exploration.mars.rover.kernel.Rover - Could not get timestamp for :: 0
2018-12-22 14:17:49,022 [roverMain] INFO  space.exploration.mars.rover.kernel.Rover - Could not get timestamp for :: 0
2018-12-22 14:17:49,022 [roverMain] INFO  space.exploration.mars.rover.kernel.Rover - Could not get timestamp for :: 0
2018-12-22 14:17:49,022 [roverMain] INFO  space.exploration.mars.rover.kernel.Rover - Could not get timestamp for :: 0
2018-12-22 14:17:49,022 [roverMain] INFO  space.exploration.mars.rover.kernel.Rover - Could not get timestamp for :: 0
2018-12-22 14:17:49,022 [roverMain] INFO  space.exploration.mars.rover.kernel.Rover - Could not get timestamp for :: 0
2018-12-22 14:17:49,022 [roverMain] INFO  space.exploration.mars.rover.kernel.Rover - Could not get timestamp for :: 0
2018-12-22 14:17:49,022 [roverMain] INFO  space.exploration.mars.rover.kernel.Rover - Could not get timestamp for :: 0
2018-12-22 14:17:49,022 [roverMain] INFO  space.exploration.mars.rover.kernel.Rover - Could not get timestamp for :: 0
2018-12-22 14:17:49,022 [roverMain] INFO  space.exploration.mars.rover.kernel.Rover - Could not get timestamp for :: 0
2018-12-22 14:17:49,022 [roverMain] INFO  space.exploration.mars.rover.kernel.Rover - Could not get timestamp for :: 0
2018-12-22 14:17:49,022 [roverMain] INFO  space.exploration.mars.rover.kernel.Rover - Could not get timestamp for :: 0
2018-12-22 14:17:49,023 [roverMain] INFO  space.exploration.mars.rover.kernel.Rover - Could not get timestamp for :: 0
2018-12-22 14:17:49,023 [roverMain] INFO  space.exploration.mars.rover.kernel.Rover - Could not get timestamp for :: 0
2018-12-22 14:17:49,023 [roverMain] INFO  space.exploration.mars.rover.kernel.Rover - Could not get timestamp for :: 0
2018-12-22 14:17:49,023 [roverMain] INFO  space.exploration.mars.rover.kernel.Rover - Could not get timestamp for :: 0
2018-12-22 14:17:49,023 [roverMain] INFO  space.exploration.mars.rover.kernel.Rover - Could not get timestamp for :: 0
2018-12-22 14:17:49,023 [roverMain] INFO  space.exploration.mars.rover.kernel.Rover - Could not get timestamp for :: 0
2018-12-22 14:17:49,023 [roverMain] INFO  space.exploration.mars.rover.kernel.Rover - Could not get timestamp for :: 0
2018-12-22 14:17:49,023 [roverMain] INFO  space.exploration.mars.rover.kernel.Rover - Could not get timestamp for :: 0
2018-12-22 14:17:49,023 [roverMain] INFO  space.exploration.mars.rover.kernel.Rover - Could not get timestamp for :: 0
2018-12-22 14:17:49,023 [roverMain] INFO  space.exploration.mars.rover.kernel.Rover - Could not get timestamp for :: 0
2018-12-22 14:17:49,023 [roverMain] INFO  space.exploration.mars.rover.kernel.Rover - Could not get timestamp for :: 0
2018-12-22 14:17:49,023 [roverMain] INFO  space.exploration.mars.rover.kernel.Rover - Could not get timestamp for :: 0
2018-12-22 14:17:49,023 [roverMain] INFO  space.exploration.mars.rover.kernel.Rover - Could not get timestamp for :: 0
2018-12-22 14:17:49,024 [roverMain] INFO  space.exploration.mars.rover.kernel.Rover - Could not get timestamp for :: 0
2018-12-22 14:17:49,024 [roverMain] INFO  space.exploration.mars.rover.kernel.Rover - Could not get timestamp for :: 0
2018-12-22 14:17:49,024 [roverMain] INFO  space.exploration.mars.rover.kernel.Rover - Could not get timestamp for :: 0
2018-12-22 14:17:49,024 [roverMain] INFO  space.exploration.mars.rover.kernel.Rover - Could not get timestamp for :: 0
2018-12-22 14:17:49,024 [roverMain] INFO  space.exploration.mars.rover.kernel.Rover - Could not get timestamp for :: 0
2018-12-22 14:17:49,024 [roverMain] INFO  space.exploration.mars.rover.kernel.Rover - Could not get timestamp for :: 0
2018-12-22 14:17:49,024 [roverMain] INFO  space.exploration.mars.rover.kernel.Rover - Could not get timestamp for :: 0
2018-12-22 14:17:49,024 [roverMain] INFO  space.exploration.mars.rover.kernel.Rover - Could not get timestamp for :: 0
2018-12-22 14:17:49,024 [roverMain] INFO  space.exploration.mars.rover.kernel.Rover - Could not get timestamp for :: 0
2018-12-22 14:17:49,024 [roverMain] INFO  space.exploration.mars.rover.kernel.Rover - Could not get timestamp for :: 0
2018-12-22 14:17:49,024 [roverMain] INFO  space.exploration.mars.rover.kernel.Rover - Could not get timestamp for :: 0
2018-12-22 14:17:49,024 [roverMain] INFO  space.exploration.mars.rover.kernel.Rover - Could not get timestamp for :: 0
2018-12-22 14:17:49,024 [roverMain] INFO  space.exploration.mars.rover.kernel.Rover - Could not get timestamp for :: 0
2018-12-22 14:17:49,024 [roverMain] INFO  space.exploration.mars.rover.kernel.Rover - Could not get timestamp for :: 0
2018-12-22 14:17:49,025 [roverMain] INFO  space.exploration.mars.rover.kernel.Rover - Could not get timestamp for :: 0
2018-12-22 14:17:49,025 [roverMain] INFO  space.exploration.mars.rover.kernel.Rover - Could not get timestamp for :: 0
2018-12-22 14:17:49,025 [roverMain] INFO  space.exploration.mars.rover.kernel.Rover - Could not get timestamp for :: 0
2018-12-22 14:17:49,025 [roverMain] INFO  space.exploration.mars.rover.kernel.Rover - Could not get timestamp for :: 0
2018-12-22 14:17:49,025 [roverMain] INFO  space.exploration.mars.rover.kernel.Rover - Could not get timestamp for :: 0
2018-12-22 14:17:49,025 [roverMain] INFO  space.exploration.mars.rover.kernel.Rover - Could not get timestamp for :: 0
2018-12-22 14:17:49,025 [roverMain] INFO  space.exploration.mars.rover.kernel.Rover - Could not get timestamp for :: 0
2018-12-22 14:17:49,025 [roverMain] INFO  space.exploration.mars.rover.kernel.Rover - Could not get timestamp for :: 0
2018-12-22 14:17:49,025 [roverMain] INFO  space.exploration.mars.rover.kernel.Rover - Could not get timestamp for :: 0
2018-12-22 14:17:49,025 [roverMain] INFO  space.exploration.mars.rover.kernel.Rover - Could not get timestamp for :: 0
2018-12-22 14:17:49,025 [roverMain] INFO  space.exploration.mars.rover.kernel.Rover - Could not get timestamp for :: 0
2018-12-22 14:17:49,025 [roverMain] INFO  space.exploration.mars.rover.kernel.Rover - Could not get timestamp for :: 0
2018-12-22 14:17:49,026 [roverMain] INFO  space.exploration.mars.rover.kernel.Rover - Could not get timestamp for :: 0
2018-12-22 14:17:49,026 [roverMain] INFO  space.exploration.mars.rover.kernel.Rover - Could not get timestamp for :: 0
2018-12-22 14:17:49,026 [roverMain] INFO  space.exploration.mars.rover.kernel.Rover - Could not get timestamp for :: 0
2018-12-22 14:17:49,026 [roverMain] INFO  space.exploration.mars.rover.kernel.Rover - Could not get timestamp for :: 0
2018-12-22 14:17:49,026 [roverMain] INFO  space.exploration.mars.rover.kernel.Rover - Could not get timestamp for :: 0
2018-12-22 14:17:49,026 [roverMain] INFO  space.exploration.mars.rover.kernel.Rover - Could not get timestamp for :: 0
2018-12-22 14:17:49,026 [roverMain] INFO  space.exploration.mars.rover.kernel.Rover - Could not get timestamp for :: 0
2018-12-22 14:17:49,026 [roverMain] INFO  space.exploration.mars.rover.kernel.Rover - Could not get timestamp for :: 0
2018-12-22 14:17:49,026 [roverMain] INFO  space.exploration.mars.rover.kernel.Rover - Could not get timestamp for :: 0
2018-12-22 14:17:49,026 [roverMain] INFO  space.exploration.mars.rover.kernel.Rover - Could not get timestamp for :: 0
2018-12-22 14:17:49,026 [roverMain] INFO  space.exploration.mars.rover.kernel.Rover - Could not get timestamp for :: 0
2018-12-22 14:17:49,026 [roverMain] INFO  space.exploration.mars.rover.kernel.Rover - Could not get timestamp for :: 0
2018-12-22 14:17:49,026 [roverMain] INFO  space.exploration.mars.rover.kernel.Rover - Could not get timestamp for :: 0
2018-12-22 14:17:49,026 [roverMain] INFO  space.exploration.mars.rover.kernel.Rover - Could not get timestamp for :: 0
2018-12-22 14:17:49,027 [roverMain] INFO  space.exploration.mars.rover.kernel.Rover - Could not get timestamp for :: 0
2018-12-22 14:17:49,027 [roverMain] INFO  space.exploration.mars.rover.kernel.Rover - Could not get timestamp for :: 0
2018-12-22 14:17:49,027 [roverMain] INFO  space.exploration.mars.rover.kernel.Rover - Could not get timestamp for :: 0
2018-12-22 14:17:49,027 [roverMain] INFO  space.exploration.mars.rover.kernel.Rover - Could not get timestamp for :: 0
2018-12-22 14:17:49,027 [roverMain] INFO  space.exploration.mars.rover.kernel.Rover - Could not get timestamp for :: 0
2018-12-22 14:17:49,027 [roverMain] INFO  space.exploration.mars.rover.kernel.Rover - Could not get timestamp for :: 0
2018-12-22 14:17:49,027 [roverMain] INFO  space.exploration.mars.rover.kernel.Rover - Could not get timestamp for :: 0
2018-12-22 14:17:49,027 [roverMain] INFO  space.exploration.mars.rover.kernel.Rover - Could not get timestamp for :: 0
2018-12-22 14:17:49,027 [roverMain] INFO  space.exploration.mars.rover.kernel.Rover - Could not get timestamp for :: 0
2018-12-22 14:17:49,027 [roverMain] INFO  space.exploration.mars.rover.kernel.Rover - Could not get timestamp for :: 0
2018-12-22 14:17:49,027 [roverMain] INFO  space.exploration.mars.rover.kernel.Rover - Could not get timestamp for :: 0
2018-12-22 14:17:49,027 [roverMain] INFO  space.exploration.mars.rover.kernel.Rover - Could not get timestamp for :: 0
2018-12-22 14:17:49,027 [roverMain] INFO  space.exploration.mars.rover.kernel.Rover - Could not get timestamp for :: 0
2018-12-22 14:17:49,027 [roverMain] INFO  space.exploration.mars.rover.kernel.Rover - Could not get timestamp for :: 0
2018-12-22 14:17:49,027 [roverMain] INFO  space.exploration.mars.rover.kernel.Rover - Could not get timestamp for :: 0
2018-12-22 14:17:49,027 [roverMain] INFO  space.exploration.mars.rover.kernel.Rover - Could not get timestamp for :: 0
2018-12-22 14:17:49,027 [roverMain] INFO  space.exploration.mars.rover.kernel.Rover - Could not get timestamp for :: 0
2018-12-22 14:17:49,028 [roverMain] INFO  space.exploration.mars.rover.kernel.Rover - Could not get timestamp for :: 0
2018-12-22 14:17:49,028 [roverMain] INFO  space.exploration.mars.rover.kernel.Rover - Could not get timestamp for :: 0
2018-12-22 14:17:49,028 [roverMain] INFO  space.exploration.mars.rover.kernel.Rover - Could not get timestamp for :: 0
2018-12-22 14:17:49,028 [roverMain] INFO  space.exploration.mars.rover.kernel.Rover - Could not get timestamp for :: 0
2018-12-22 14:17:49,028 [roverMain] INFO  space.exploration.mars.rover.kernel.Rover - Could not get timestamp for :: 0
2018-12-22 14:17:49,028 [roverMain] INFO  space.exploration.mars.rover.kernel.Rover - Could not get timestamp for :: 0
2018-12-22 14:17:49,028 [roverMain] INFO  space.exploration.mars.rover.kernel.Rover - Could not get timestamp for :: 0
2018-12-22 14:17:49,028 [roverMain] INFO  space.exploration.mars.rover.kernel.Rover - Could not get timestamp for :: 0
2018-12-22 14:17:49,028 [roverMain] INFO  space.exploration.mars.rover.kernel.Rover - Could not get timestamp for :: 0
2018-12-22 14:17:49,028 [roverMain] INFO  space.exploration.mars.rover.kernel.Rover - Could not get timestamp for :: 0
2018-12-22 14:17:49,028 [roverMain] INFO  space.exploration.mars.rover.kernel.Rover - Could not get timestamp for :: 0
2018-12-22 14:17:49,028 [roverMain] INFO  space.exploration.mars.rover.kernel.Rover - Could not get timestamp for :: 0
2018-12-22 14:17:49,029 [roverMain] INFO  space.exploration.mars.rover.kernel.Rover - Could not get timestamp for :: 0
2018-12-22 14:17:49,029 [roverMain] INFO  space.exploration.mars.rover.kernel.Rover - Could not get timestamp for :: 0
2018-12-22 14:17:49,029 [roverMain] INFO  space.exploration.mars.rover.kernel.Rover - Could not get timestamp for :: 0
2018-12-22 14:17:49,029 [roverMain] INFO  space.exploration.mars.rover.kernel.Rover - Could not get timestamp for :: 0
2018-12-22 14:17:49,029 [roverMain] INFO  space.exploration.mars.rover.kernel.Rover - Could not get timestamp for :: 0
2018-12-22 14:17:49,029 [roverMain] INFO  space.exploration.mars.rover.kernel.Rover - Could not get timestamp for :: 0
2018-12-22 14:17:49,029 [roverMain] INFO  space.exploration.mars.rover.kernel.Rover - Could not get timestamp for :: 0
2018-12-22 14:17:49,029 [roverMain] INFO  space.exploration.mars.rover.kernel.Rover - Could not get timestamp for :: 0
2018-12-22 14:17:49,029 [roverMain] INFO  space.exploration.mars.rover.kernel.Rover - Could not get timestamp for :: 0
2018-12-22 14:17:49,029 [roverMain] INFO  space.exploration.mars.rover.kernel.Rover - Could not get timestamp for :: 0
2018-12-22 14:17:49,029 [roverMain] INFO  space.exploration.mars.rover.kernel.Rover - Could not get timestamp for :: 0
2018-12-22 14:17:49,029 [roverMain] INFO  space.exploration.mars.rover.kernel.Rover - Could not get timestamp for :: 0
2018-12-22 14:17:49,029 [roverMain] INFO  space.exploration.mars.rover.kernel.Rover - Could not get timestamp for :: 0
2018-12-22 14:17:49,029 [roverMain] INFO  space.exploration.mars.rover.kernel.Rover - Could not get timestamp for :: 0
2018-12-22 14:17:49,029 [roverMain] INFO  space.exploration.mars.rover.kernel.Rover - Could not get timestamp for :: 0
2018-12-22 14:17:49,029 [roverMain] INFO  space.exploration.mars.rover.kernel.Rover - Could not get timestamp for :: 0
2018-12-22 14:17:49,029 [roverMain] INFO  space.exploration.mars.rover.kernel.Rover - Could not get timestamp for :: 0
2018-12-22 14:17:49,029 [roverMain] INFO  space.exploration.mars.rover.kernel.Rover - Could not get timestamp for :: 0
2018-12-22 14:17:49,029 [roverMain] INFO  space.exploration.mars.rover.kernel.Rover - Could not get timestamp for :: 0
2018-12-22 14:17:49,030 [roverMain] INFO  space.exploration.mars.rover.kernel.Rover - Could not get timestamp for :: 0
2018-12-22 14:17:49,030 [roverMain] INFO  space.exploration.mars.rover.kernel.Rover - Could not get timestamp for :: 0
2018-12-22 14:17:49,030 [roverMain] INFO  space.exploration.mars.rover.kernel.Rover - Could not get timestamp for :: 0
2018-12-22 14:17:49,030 [roverMain] INFO  space.exploration.mars.rover.kernel.Rover - Could not get timestamp for :: 0
2018-12-22 14:17:49,030 [roverMain] INFO  space.exploration.mars.rover.kernel.Rover - Could not get timestamp for :: 0
2018-12-22 14:17:49,030 [roverMain] INFO  space.exploration.mars.rover.kernel.Rover - Could not get timestamp for :: 0
2018-12-22 14:17:49,030 [roverMain] INFO  space.exploration.mars.rover.kernel.Rover - Could not get timestamp for :: 0
2018-12-22 14:17:49,030 [roverMain] INFO  space.exploration.mars.rover.kernel.Rover - Could not get timestamp for :: 0
2018-12-22 14:17:49,030 [roverMain] INFO  space.exploration.mars.rover.kernel.Rover - Could not get timestamp for :: 0
2018-12-22 14:17:49,030 [roverMain] INFO  space.exploration.mars.rover.kernel.Rover - Could not get timestamp for :: 0
2018-12-22 14:17:49,030 [roverMain] INFO  space.exploration.mars.rover.kernel.Rover - Could not get timestamp for :: 0
2018-12-22 14:17:49,030 [roverMain] INFO  space.exploration.mars.rover.kernel.Rover - Could not get timestamp for :: 0
2018-12-22 14:17:49,030 [roverMain] INFO  space.exploration.mars.rover.kernel.Rover - Could not get timestamp for :: 0
2018-12-22 14:17:49,030 [roverMain] INFO  space.exploration.mars.rover.kernel.Rover - Could not get timestamp for :: 0
2018-12-22 14:17:49,030 [roverMain] INFO  space.exploration.mars.rover.kernel.Rover - Could not get timestamp for :: 0
2018-12-22 14:17:49,030 [roverMain] INFO  space.exploration.mars.rover.kernel.Rover - Could not get timestamp for :: 0
2018-12-22 14:17:49,030 [roverMain] INFO  space.exploration.mars.rover.kernel.Rover - Could not get timestamp for :: 0
2018-12-22 14:17:49,030 [roverMain] INFO  space.exploration.mars.rover.kernel.Rover - Could not get timestamp for :: 0
2018-12-22 14:17:49,030 [roverMain] INFO  space.exploration.mars.rover.kernel.Rover - Could not get timestamp for :: 0
2018-12-22 14:17:49,030 [roverMain] INFO  space.exploration.mars.rover.kernel.Rover - Could not get timestamp for :: 0
2018-12-22 14:17:49,030 [roverMain] INFO  space.exploration.mars.rover.kernel.Rover - Could not get timestamp for :: 0
2018-12-22 14:17:49,031 [roverMain] INFO  space.exploration.mars.rover.kernel.Rover - Could not get timestamp for :: 0
2018-12-22 14:17:49,031 [roverMain] INFO  space.exploration.mars.rover.kernel.Rover - Could not get timestamp for :: 0
2018-12-22 14:17:49,031 [roverMain] INFO  space.exploration.mars.rover.kernel.Rover - Could not get timestamp for :: 0
2018-12-22 14:17:49,031 [roverMain] INFO  space.exploration.mars.rover.kernel.Rover - Could not get timestamp for :: 0
2018-12-22 14:17:49,031 [roverMain] INFO  space.exploration.mars.rover.kernel.Rover - Could not get timestamp for :: 0
2018-12-22 14:17:49,031 [roverMain] INFO  space.exploration.mars.rover.kernel.Rover - Could not get timestamp for :: 0
2018-12-22 14:17:49,031 [roverMain] INFO  space.exploration.mars.rover.kernel.Rover - Could not get timestamp for :: 0
2018-12-22 14:17:49,031 [roverMain] INFO  space.exploration.mars.rover.kernel.Rover - Could not get timestamp for :: 0
2018-12-22 14:17:49,031 [roverMain] INFO  space.exploration.mars.rover.kernel.Rover - Could not get timestamp for :: 0
2018-12-22 14:17:49,031 [roverMain] INFO  space.exploration.mars.rover.kernel.Rover - Could not get timestamp for :: 0
2018-12-22 14:17:49,031 [roverMain] INFO  space.exploration.mars.rover.kernel.Rover - Could not get timestamp for :: 0
2018-12-22 14:17:49,031 [roverMain] INFO  space.exploration.mars.rover.kernel.Rover - Could not get timestamp for :: 0
2018-12-22 14:17:49,031 [roverMain] INFO  space.exploration.mars.rover.kernel.Rover - Could not get timestamp for :: 0
2018-12-22 14:17:49,031 [roverMain] INFO  space.exploration.mars.rover.kernel.Rover - Could not get timestamp for :: 0
2018-12-22 14:17:49,031 [roverMain] INFO  space.exploration.mars.rover.kernel.Rover - Could not get timestamp for :: 0
2018-12-22 14:17:49,031 [roverMain] INFO  space.exploration.mars.rover.kernel.Rover - Could not get timestamp for :: 0
2018-12-22 14:17:49,031 [roverMain] INFO  space.exploration.mars.rover.kernel.Rover - Could not get timestamp for :: 0
2018-12-22 14:17:49,031 [roverMain] INFO  space.exploration.mars.rover.kernel.Rover - Could not get timestamp for :: 0
2018-12-22 14:17:49,031 [roverMain] INFO  space.exploration.mars.rover.kernel.Rover - Could not get timestamp for :: 0
2018-12-22 14:17:49,031 [roverMain] INFO  space.exploration.mars.rover.kernel.Rover - Could not get timestamp for :: 0
2018-12-22 14:17:49,031 [roverMain] INFO  space.exploration.mars.rover.kernel.Rover - Could not get timestamp for :: 0
2018-12-22 14:17:49,031 [roverMain] INFO  space.exploration.mars.rover.kernel.Rover - Could not get timestamp for :: 0
2018-12-22 14:17:49,031 [roverMain] INFO  space.exploration.mars.rover.kernel.Rover - Could not get timestamp for :: 0
2018-12-22 14:17:49,031 [roverMain] INFO  space.exploration.mars.rover.kernel.Rover - Could not get timestamp for :: 0
2018-12-22 14:17:49,032 [roverMain] INFO  space.exploration.mars.rover.kernel.Rover - Could not get timestamp for :: 0
2018-12-22 14:17:49,032 [roverMain] INFO  space.exploration.mars.rover.kernel.Rover - Could not get timestamp for :: 0
2018-12-22 14:17:49,032 [roverMain] INFO  space.exploration.mars.rover.kernel.Rover - Could not get timestamp for :: 0
2018-12-22 14:17:49,032 [roverMain] INFO  space.exploration.mars.rover.kernel.Rover - Could not get timestamp for :: 0
2018-12-22 14:17:49,032 [roverMain] INFO  space.exploration.mars.rover.kernel.Rover - Could not get timestamp for :: 0
2018-12-22 14:17:49,032 [roverMain] INFO  space.exploration.mars.rover.kernel.Rover - Could not get timestamp for :: 0
2018-12-22 14:17:49,032 [roverMain] INFO  space.exploration.mars.rover.kernel.Rover - Could not get timestamp for :: 0
2018-12-22 14:17:49,032 [roverMain] INFO  space.exploration.mars.rover.kernel.Rover - Could not get timestamp for :: 0
2018-12-22 14:17:49,032 [roverMain] INFO  space.exploration.mars.rover.kernel.Rover - Could not get timestamp for :: 0
2018-12-22 14:17:49,032 [roverMain] INFO  space.exploration.mars.rover.kernel.Rover - Could not get timestamp for :: 0
2018-12-22 14:17:49,032 [roverMain] INFO  space.exploration.mars.rover.kernel.Rover - Could not get timestamp for :: 0
2018-12-22 14:17:49,032 [roverMain] INFO  space.exploration.mars.rover.kernel.Rover - Could not get timestamp for :: 0
2018-12-22 14:17:49,032 [roverMain] INFO  space.exploration.mars.rover.kernel.Rover - Could not get timestamp for :: 0
2018-12-22 14:17:49,032 [roverMain] INFO  space.exploration.mars.rover.kernel.Rover - Deleted 0 old log files.
2018-12-22 14:17:49,033 [roverMain] INFO  space.exploration.mars.rover.kernel.Rover - marsRover launched with software version = 2.0
2018-12-22 14:17:49,079 [roverMain] INFO  space.exploration.mars.rover.kernel.SpacecraftClock - Valid utc time ranges are dictated by clockService as follows:
2018-12-22 14:17:49,079 [roverMain] INFO  space.exploration.mars.rover.kernel.SpacecraftClock - APPLICABLE_START_TIME=2000-001T11:58:55.816, APPLICABLE_STOP_TIME=2017-360T19:17:40.149
2018-12-22 14:17:49,079 [roverMain] INFO  space.exploration.mars.rover.kernel.SpacecraftClock - Given UTC = 2016-05-05~14:38:00
2018-12-22 14:17:49,079 [roverMain] INFO  space.exploration.mars.rover.kernel.SpacecraftClock - Please ensure that positionSensor and sclk are synchronized
2018-12-22 14:17:49,085 [roverMain] INFO  space.exploration.mars.rover.kernel.SpacecraftClock - Curiosity internal spacecraft clock started at :: 2016-05-05T18:38:00.000Z
2018-12-22 14:17:49,085 [roverMain] INFO  space.exploration.mars.rover.kernel.SpacecraftClock - Mission duration is set to :: 1 year(s).
2018-12-22 14:17:49,085 [roverMain] INFO  space.exploration.mars.rover.kernel.SpacecraftClock - Mission duration = 31536000000
2018-12-22 14:17:50,348 [roverMain] INFO  space.exploration.mars.rover.kernel.Rover - Rover + Curiosity states initialized. 
2018-12-22 14:17:50,350 [roverMain] INFO  space.exploration.mars.rover.diagnostics.Pacemaker - Pacemaker initialized
2018-12-22 14:17:50,350 [roverMain] INFO  space.exploration.mars.rover.kernel.Rover - Pacemaker initialized. 
2018-12-22 14:17:50,351 [roverMain] INFO  space.exploration.mars.rover.diagnostics.SleepMonitor - SleepMonitor initialized and activated!
2018-12-22 14:17:50,351 [roverMain] INFO  space.exploration.mars.rover.kernel.Rover - SleepMonitor initialized. 
2018-12-22 14:17:50,352 [sleepMonitor] INFO  space.exploration.mars.rover.diagnostics.SleepMonitor - RunThread = true
2018-12-22 14:17:50,353 [roverMain] INFO  space.exploration.mars.rover.diagnostics.RoverGarbageCollector - RoverGarbageCollector initialized
2018-12-22 14:17:50,353 [roverMain] INFO  space.exploration.mars.rover.diagnostics.RoverGarbageCollector - Starting garbageCollection
2018-12-22 14:17:50,354 [roverMain] INFO  space.exploration.mars.rover.kernel.Rover - RoverGC initialized. 
2018-12-22 14:17:50,365 [roverMain] INFO  space.exploration.mars.rover.kernel.Rover - Rover current position is = java.awt.Point[x=525,y=100]
2018-12-22 14:17:51,367 [roverMain] INFO  space.exploration.mars.rover.sensor.Lidar - Lidar initialized and ready!
2018-12-22 14:17:52,556 [roverMain] INFO  space.exploration.mars.rover.sensor.Camera - Camera initialized and ready!
2018-12-22 14:17:53,558 [roverMain] INFO  space.exploration.mars.rover.sensor.Radar - RadarSensor configured:: 
2018-12-22 14:18:12,057 [roverMain] INFO  space.exploration.mars.rover.sensor.SamSensor - Sam Sensor successfully calibrated.
2018-12-22 14:18:13,187 [roverMain] INFO  space.exploration.mars.rover.power.Battery - Battery configured, batteryLife:primaryPowerUnits = 1200 auxiliaryPowerUnits = 100 alertThreshold: 100 rechargeTime = 60000
2018-12-22 14:18:14,189 [roverMain] INFO  space.exploration.mars.rover.kernel.Rover - Battery Monitor configured!
2018-12-22 14:18:14,203 [roverMain] INFO  org.apache.kafka.clients.producer.ProducerConfig - ProducerConfig values: 
	metric.reporters = []
	metadata.max.age.ms = 300000
	reconnect.backoff.ms = 50
	sasl.kerberos.ticket.renew.window.factor = 0.8
	bootstrap.servers = [antares-mainframe:9092]
	ssl.keystore.type = JKS
	sasl.mechanism = GSSAPI
	max.block.ms = 60000
	interceptor.classes = null
	ssl.truststore.password = null
	client.id = 
	ssl.endpoint.identification.algorithm = null
	request.timeout.ms = 30000
	acks = 1
	receive.buffer.bytes = 32768
	ssl.truststore.type = JKS
	retries = 0
	ssl.truststore.location = null
	ssl.keystore.password = null
	send.buffer.bytes = 131072
	compression.type = none
	metadata.fetch.timeout.ms = 60000
	retry.backoff.ms = 100
	sasl.kerberos.kinit.cmd = /usr/bin/kinit
	buffer.memory = 33554432
	timeout.ms = 30000
	key.serializer = class org.apache.kafka.common.serialization.StringSerializer
	sasl.kerberos.service.name = null
	sasl.kerberos.ticket.renew.jitter = 0.05
	ssl.trustmanager.algorithm = PKIX
	block.on.buffer.full = false
	ssl.key.password = null
	sasl.kerberos.min.time.before.relogin = 60000
	connections.max.idle.ms = 540000
	max.in.flight.requests.per.connection = 5
	metrics.num.samples = 2
	ssl.protocol = TLS
	ssl.provider = null
	ssl.enabled.protocols = [TLSv1.2, TLSv1.1, TLSv1]
	batch.size = 16384
	ssl.keystore.location = null
	ssl.cipher.suites = null
	security.protocol = PLAINTEXT
	max.request.size = 1048576
	value.serializer = class org.apache.kafka.common.serialization.ByteArraySerializer
	ssl.keymanager.algorithm = SunX509
	metrics.sample.window.ms = 30000
	partitioner.class = class org.apache.kafka.clients.producer.internals.DefaultPartitioner
	linger.ms = 0

2018-12-22 14:18:14,276 [roverMain] INFO  org.apache.kafka.clients.producer.ProducerConfig - ProducerConfig values: 
	metric.reporters = []
	metadata.max.age.ms = 300000
	reconnect.backoff.ms = 50
	sasl.kerberos.ticket.renew.window.factor = 0.8
	bootstrap.servers = [antares-mainframe:9092]
	ssl.keystore.type = JKS
	sasl.mechanism = GSSAPI
	max.block.ms = 60000
	interceptor.classes = null
	ssl.truststore.password = null
	client.id = producer-1
	ssl.endpoint.identification.algorithm = null
	request.timeout.ms = 30000
	acks = 1
	receive.buffer.bytes = 32768
	ssl.truststore.type = JKS
	retries = 0
	ssl.truststore.location = null
	ssl.keystore.password = null
	send.buffer.bytes = 131072
	compression.type = none
	metadata.fetch.timeout.ms = 60000
	retry.backoff.ms = 100
	sasl.kerberos.kinit.cmd = /usr/bin/kinit
	buffer.memory = 33554432
	timeout.ms = 30000
	key.serializer = class org.apache.kafka.common.serialization.StringSerializer
	sasl.kerberos.service.name = null
	sasl.kerberos.ticket.renew.jitter = 0.05
	ssl.trustmanager.algorithm = PKIX
	block.on.buffer.full = false
	ssl.key.password = null
	sasl.kerberos.min.time.before.relogin = 60000
	connections.max.idle.ms = 540000
	max.in.flight.requests.per.connection = 5
	metrics.num.samples = 2
	ssl.protocol = TLS
	ssl.provider = null
	ssl.enabled.protocols = [TLSv1.2, TLSv1.1, TLSv1]
	batch.size = 16384
	ssl.keystore.location = null
	ssl.cipher.suites = null
	security.protocol = PLAINTEXT
	max.request.size = 1048576
	value.serializer = class org.apache.kafka.common.serialization.ByteArraySerializer
	ssl.keymanager.algorithm = SunX509
	metrics.sample.window.ms = 30000
	partitioner.class = class org.apache.kafka.clients.producer.internals.DefaultPartitioner
	linger.ms = 0

2018-12-22 14:18:14,276 [roverMain] WARN  org.apache.kafka.clients.producer.ProducerConfig - The configuration zookeeper.connect = antares-mainframe:2181 was supplied but isn't a known config.
2018-12-22 14:18:14,276 [roverMain] WARN  org.apache.kafka.clients.producer.ProducerConfig - The configuration group.id = space.exploration.mars.rover.curiosity.1545506268998 was supplied but isn't a known config.
2018-12-22 14:18:14,276 [roverMain] WARN  org.apache.kafka.clients.producer.ProducerConfig - The configuration source.topic = earth_to_curiosity_6 was supplied but isn't a known config.
2018-12-22 14:18:14,276 [roverMain] WARN  org.apache.kafka.clients.producer.ProducerConfig - The configuration auto.offset.reset = largest was supplied but isn't a known config.
2018-12-22 14:18:14,276 [roverMain] WARN  org.apache.kafka.clients.producer.ProducerConfig - The configuration metadata.broker.list = antares-mainframe:9092 was supplied but isn't a known config.
2018-12-22 14:18:14,276 [roverMain] WARN  org.apache.kafka.clients.producer.ProducerConfig - The configuration destination.topic = curiosity_to_earth_6 was supplied but isn't a known config.
2018-12-22 14:18:14,277 [roverMain] INFO  org.apache.kafka.common.utils.AppInfoParser - Kafka version : 0.10.0.1
2018-12-22 14:18:14,277 [roverMain] INFO  org.apache.kafka.common.utils.AppInfoParser - Kafka commitId : a7a17cdec9eaa6c5
2018-12-22 14:18:14,347 [roverMain] INFO          kafka.utils.VerifiableProperties - Verifying properties
2018-12-22 14:18:14,365 [roverMain] INFO          kafka.utils.VerifiableProperties - Property auto.offset.reset is overridden to largest
2018-12-22 14:18:14,365 [roverMain] WARN          kafka.utils.VerifiableProperties - Property bootstrap.servers is not valid
2018-12-22 14:18:14,365 [roverMain] WARN          kafka.utils.VerifiableProperties - Property destination.topic is not valid
2018-12-22 14:18:14,365 [roverMain] INFO          kafka.utils.VerifiableProperties - Property group.id is overridden to space.exploration.mars.rover.curiosity.1545506268998
2018-12-22 14:18:14,365 [roverMain] WARN          kafka.utils.VerifiableProperties - Property key.serializer is not valid
2018-12-22 14:18:14,365 [roverMain] WARN          kafka.utils.VerifiableProperties - Property metadata.broker.list is not valid
2018-12-22 14:18:14,365 [roverMain] WARN          kafka.utils.VerifiableProperties - Property source.topic is not valid
2018-12-22 14:18:14,366 [roverMain] WARN          kafka.utils.VerifiableProperties - Property value.serializer is not valid
2018-12-22 14:18:14,366 [roverMain] INFO          kafka.utils.VerifiableProperties - Property zookeeper.connect is overridden to antares-mainframe:2181
2018-12-22 14:18:14,386 [roverMain] INFO  kafka.consumer.ZookeeperConsumerConnector - [space.exploration.mars.rover.curiosity.1545506268998_antares-mainframe-1545506294385-7e0360f5], Connecting to zookeeper instance at antares-mainframe:2181
2018-12-22 14:18:14,391 [ZkClient-EventThread-182-antares-mainframe:2181] INFO         org.I0Itec.zkclient.ZkEventThread - Starting ZkClient event thread.
2018-12-22 14:18:14,394 [roverMain] INFO            org.apache.zookeeper.ZooKeeper - Client environment:zookeeper.version=3.4.6-1569965, built on 02/20/2014 09:09 GMT
2018-12-22 14:18:14,394 [roverMain] INFO            org.apache.zookeeper.ZooKeeper - Client environment:host.name=antares-mainframe
2018-12-22 14:18:14,394 [roverMain] INFO            org.apache.zookeeper.ZooKeeper - Client environment:java.version=10.0.2
2018-12-22 14:18:14,394 [roverMain] INFO            org.apache.zookeeper.ZooKeeper - Client environment:java.vendor=Oracle Corporation
2018-12-22 14:18:14,394 [roverMain] INFO            org.apache.zookeeper.ZooKeeper - Client environment:java.home=/usr/lib/jvm/java-11-openjdk-amd64
2018-12-22 14:18:14,394 [roverMain] INFO            org.apache.zookeeper.ZooKeeper - Client environment:java.class.path=target/mars.rover-2.1-SOLSHOT-shaded.jar
2018-12-22 14:18:14,394 [roverMain] INFO            org.apache.zookeeper.ZooKeeper - Client environment:java.library.path=/usr/java/packages/lib:/usr/lib/x86_64-linux-gnu/jni:/lib/x86_64-linux-gnu:/usr/lib/x86_64-linux-gnu:/usr/lib/jni:/lib:/usr/lib
2018-12-22 14:18:14,394 [roverMain] INFO            org.apache.zookeeper.ZooKeeper - Client environment:java.io.tmpdir=/tmp
2018-12-22 14:18:14,394 [roverMain] INFO            org.apache.zookeeper.ZooKeeper - Client environment:java.compiler=<NA>
2018-12-22 14:18:14,394 [roverMain] INFO            org.apache.zookeeper.ZooKeeper - Client environment:os.name=Linux
2018-12-22 14:18:14,394 [roverMain] INFO            org.apache.zookeeper.ZooKeeper - Client environment:os.arch=amd64
2018-12-22 14:18:14,394 [roverMain] INFO            org.apache.zookeeper.ZooKeeper - Client environment:os.version=4.15.0-43-generic
2018-12-22 14:18:14,394 [roverMain] INFO            org.apache.zookeeper.ZooKeeper - Client environment:user.name=sanket
2018-12-22 14:18:14,394 [roverMain] INFO            org.apache.zookeeper.ZooKeeper - Client environment:user.home=/home/sanket
2018-12-22 14:18:14,394 [roverMain] INFO            org.apache.zookeeper.ZooKeeper - Client environment:user.dir=/home/sanket/Documents/workspace/MarsRover/mars.rover
2018-12-22 14:18:14,394 [roverMain] INFO            org.apache.zookeeper.ZooKeeper - Initiating client connection, connectString=antares-mainframe:2181 sessionTimeout=6000 watcher=org.I0Itec.zkclient.ZkClient@4a03bb68
2018-12-22 14:18:14,400 [roverMain] INFO              org.I0Itec.zkclient.ZkClient - Waiting for keeper state SyncConnected
2018-12-22 14:18:14,403 [roverMain-SendThread(antares-mainframe:2181)] INFO           org.apache.zookeeper.ClientCnxn - Opening socket connection to server antares-mainframe/127.0.1.1:2181. Will not attempt to authenticate using SASL (unknown error)
2018-12-22 14:18:14,407 [roverMain-SendThread(antares-mainframe:2181)] INFO           org.apache.zookeeper.ClientCnxn - Socket connection established to antares-mainframe/127.0.1.1:2181, initiating session
2018-12-22 14:18:14,426 [roverMain-SendThread(antares-mainframe:2181)] INFO           org.apache.zookeeper.ClientCnxn - Session establishment complete on server antares-mainframe/127.0.1.1:2181, sessionid = 0x167d6cb4231000d, negotiated timeout = 6000
2018-12-22 14:18:14,427 [roverMain-EventThread] INFO              org.I0Itec.zkclient.ZkClient - zookeeper state changed (SyncConnected)
2018-12-22 14:18:14,436 [roverMain] INFO  kafka.consumer.ZookeeperConsumerConnector - [space.exploration.mars.rover.curiosity.1545506268998_antares-mainframe-1545506294385-7e0360f5], starting auto committer every 60000 ms
2018-12-22 14:18:14,457 [radio] INFO  kafka.consumer.ZookeeperConsumerConnector - [space.exploration.mars.rover.curiosity.1545506268998_antares-mainframe-1545506294385-7e0360f5], begin registering consumer space.exploration.mars.rover.curiosity.1545506268998_antares-mainframe-1545506294385-7e0360f5 in ZK
2018-12-22 14:18:14,492 [radio] INFO            kafka.utils.ZKCheckedEphemeral - Creating /consumers/space.exploration.mars.rover.curiosity.1545506268998/ids/space.exploration.mars.rover.curiosity.1545506268998_antares-mainframe-1545506294385-7e0360f5 (is it secure? false)
2018-12-22 14:18:14,500 [radio] INFO            kafka.utils.ZKCheckedEphemeral - Result of znode creation is: OK
2018-12-22 14:18:14,500 [radio] INFO  kafka.consumer.ZookeeperConsumerConnector - [space.exploration.mars.rover.curiosity.1545506268998_antares-mainframe-1545506294385-7e0360f5], end registering consumer space.exploration.mars.rover.curiosity.1545506268998_antares-mainframe-1545506294385-7e0360f5 in ZK
2018-12-22 14:18:14,503 [space.exploration.mars.rover.curiosity.1545506268998_antares-mainframe-1545506294385-7e0360f5_watcher_executor] INFO  kafka.consumer.ZookeeperConsumerConnector - [space.exploration.mars.rover.curiosity.1545506268998_antares-mainframe-1545506294385-7e0360f5], starting watcher executor thread for consumer space.exploration.mars.rover.curiosity.1545506268998_antares-mainframe-1545506294385-7e0360f5
2018-12-22 14:18:14,515 [radio] INFO  kafka.consumer.ZookeeperConsumerConnector - [space.exploration.mars.rover.curiosity.1545506268998_antares-mainframe-1545506294385-7e0360f5], begin rebalancing consumer space.exploration.mars.rover.curiosity.1545506268998_antares-mainframe-1545506294385-7e0360f5 try #0
2018-12-22 14:18:14,578 [radio] INFO     kafka.consumer.ConsumerFetcherManager - [ConsumerFetcherManager-1545506294434] Stopping leader finder thread
2018-12-22 14:18:14,579 [radio] INFO     kafka.consumer.ConsumerFetcherManager - [ConsumerFetcherManager-1545506294434] Stopping all fetchers
2018-12-22 14:18:14,579 [radio] INFO     kafka.consumer.ConsumerFetcherManager - [ConsumerFetcherManager-1545506294434] All connections stopped
2018-12-22 14:18:14,579 [radio] INFO  kafka.consumer.ZookeeperConsumerConnector - [space.exploration.mars.rover.curiosity.1545506268998_antares-mainframe-1545506294385-7e0360f5], Cleared all relevant queues for this fetcher
2018-12-22 14:18:14,580 [radio] INFO  kafka.consumer.ZookeeperConsumerConnector - [space.exploration.mars.rover.curiosity.1545506268998_antares-mainframe-1545506294385-7e0360f5], Cleared the data chunks in all the consumer message iterators
2018-12-22 14:18:14,580 [radio] INFO  kafka.consumer.ZookeeperConsumerConnector - [space.exploration.mars.rover.curiosity.1545506268998_antares-mainframe-1545506294385-7e0360f5], Committing all offsets after clearing the fetcher queues
2018-12-22 14:18:14,580 [radio] INFO  kafka.consumer.ZookeeperConsumerConnector - [space.exploration.mars.rover.curiosity.1545506268998_antares-mainframe-1545506294385-7e0360f5], Releasing partition ownership
2018-12-22 14:18:14,595 [radio] INFO              kafka.consumer.RangeAssignor - Consumer space.exploration.mars.rover.curiosity.1545506268998_antares-mainframe-1545506294385-7e0360f5 rebalancing the following partitions: ArrayBuffer(0) for topic earth_to_curiosity_6 with consumers: List(space.exploration.mars.rover.curiosity.1545506268998_antares-mainframe-1545506294385-7e0360f5-0)
2018-12-22 14:18:14,596 [radio] INFO              kafka.consumer.RangeAssignor - space.exploration.mars.rover.curiosity.1545506268998_antares-mainframe-1545506294385-7e0360f5-0 attempting to claim partition 0
2018-12-22 14:18:14,621 [radio] INFO  kafka.consumer.ZookeeperConsumerConnector - [space.exploration.mars.rover.curiosity.1545506268998_antares-mainframe-1545506294385-7e0360f5], space.exploration.mars.rover.curiosity.1545506268998_antares-mainframe-1545506294385-7e0360f5-0 successfully owned partition 0 for topic earth_to_curiosity_6
2018-12-22 14:18:14,632 [radio] INFO  kafka.consumer.ZookeeperConsumerConnector - [space.exploration.mars.rover.curiosity.1545506268998_antares-mainframe-1545506294385-7e0360f5], Consumer space.exploration.mars.rover.curiosity.1545506268998_antares-mainframe-1545506294385-7e0360f5 selected partitions : earth_to_curiosity_6:0: fetched offset = -1: consumed offset = -1
2018-12-22 14:18:14,633 [space.exploration.mars.rover.curiosity.1545506268998_antares-mainframe-1545506294385-7e0360f5-leader-finder-thread] INFO  kafka.consumer.ConsumerFetcherManager$LeaderFinderThread - [space.exploration.mars.rover.curiosity.1545506268998_antares-mainframe-1545506294385-7e0360f5-leader-finder-thread], Starting 
2018-12-22 14:18:14,634 [radio] INFO  kafka.consumer.ZookeeperConsumerConnector - [space.exploration.mars.rover.curiosity.1545506268998_antares-mainframe-1545506294385-7e0360f5], end rebalancing consumer space.exploration.mars.rover.curiosity.1545506268998_antares-mainframe-1545506294385-7e0360f5 try #0
2018-12-22 14:18:14,645 [space.exploration.mars.rover.curiosity.1545506268998_antares-mainframe-1545506294385-7e0360f5-leader-finder-thread] INFO          kafka.utils.VerifiableProperties - Verifying properties
2018-12-22 14:18:14,645 [space.exploration.mars.rover.curiosity.1545506268998_antares-mainframe-1545506294385-7e0360f5-leader-finder-thread] INFO          kafka.utils.VerifiableProperties - Property client.id is overridden to space.exploration.mars.rover.curiosity.1545506268998
2018-12-22 14:18:14,645 [space.exploration.mars.rover.curiosity.1545506268998_antares-mainframe-1545506294385-7e0360f5-leader-finder-thread] INFO          kafka.utils.VerifiableProperties - Property metadata.broker.list is overridden to antares-mainframe:9092
2018-12-22 14:18:14,645 [space.exploration.mars.rover.curiosity.1545506268998_antares-mainframe-1545506294385-7e0360f5-leader-finder-thread] INFO          kafka.utils.VerifiableProperties - Property request.timeout.ms is overridden to 30000
2018-12-22 14:18:14,652 [space.exploration.mars.rover.curiosity.1545506268998_antares-mainframe-1545506294385-7e0360f5-leader-finder-thread] INFO                 kafka.client.ClientUtils$ - Fetching metadata from broker BrokerEndPoint(0,antares-mainframe,9092) with correlation id 0 for 1 topic(s) Set(earth_to_curiosity_6)
2018-12-22 14:18:14,654 [space.exploration.mars.rover.curiosity.1545506268998_antares-mainframe-1545506294385-7e0360f5-leader-finder-thread] INFO               kafka.producer.SyncProducer - Connected to antares-mainframe:9092 for producing
2018-12-22 14:18:14,661 [space.exploration.mars.rover.curiosity.1545506268998_antares-mainframe-1545506294385-7e0360f5-leader-finder-thread] INFO               kafka.producer.SyncProducer - Disconnecting from antares-mainframe:9092
2018-12-22 14:18:14,670 [ConsumerFetcherThread-space.exploration.mars.rover.curiosity.1545506268998_antares-mainframe-1545506294385-7e0360f5-0-0] INFO      kafka.consumer.ConsumerFetcherThread - [ConsumerFetcherThread-space.exploration.mars.rover.curiosity.1545506268998_antares-mainframe-1545506294385-7e0360f5-0-0], Starting 
2018-12-22 14:18:14,684 [space.exploration.mars.rover.curiosity.1545506268998_antares-mainframe-1545506294385-7e0360f5-leader-finder-thread] INFO     kafka.consumer.ConsumerFetcherManager - [ConsumerFetcherManager-1545506294434] Added fetcher for partitions ArrayBuffer([[earth_to_curiosity_6,0], initOffset -1 to broker BrokerEndPoint(0,antares-mainframe,9092)] )
2018-12-22 14:18:15,439 [roverMain] INFO  space.exploration.mars.rover.communication.Radio - Radio configured:: 
value.serializer::org.apache.kafka.common.serialization.ByteArraySerializer
zookeeper.connect::antares-mainframe:2181
group.id::space.exploration.mars.rover.curiosity.1545506268998
bootstrap.servers::antares-mainframe:9092
source.topic::earth_to_curiosity_6
auto.offset.reset::largest
metadata.broker.list::antares-mainframe:9092
key.serializer::org.apache.kafka.common.serialization.StringSerializer
destination.topic::curiosity_to_earth_6
2018-12-22 14:18:16,440 [roverMain] INFO  space.exploration.mars.rover.sensor.Radar - RadarSensor configured:: 
2018-12-22 14:18:16,463 [roverMain] INFO  space.exploration.mars.rover.kernel.Rover - Trying to reflect rover state.Transmitting State Software Version - 2.0
2018-12-22 14:18:22,542 [roverMain] INFO  space.exploration.mars.rover.communication.Radio - Message encryption successful.
2018-12-22 14:18:22,565 [roverMain] INFO  space.exploration.mars.rover.communication.Transmitter - Sending information packet to curiosity_to_earth_6
2018-12-22 14:18:25,566 [roverMain] INFO  space.exploration.mars.rover.kernel.Rover - Trying to reflect rover state.Listening State Software Version - 2.0
2018-12-22 14:18:25,567 [sleepMonitor] INFO  space.exploration.mars.rover.diagnostics.SleepMonitor - Rover received last message at :: 0
2018-12-22 14:18:25,567 [sleepMonitor] INFO  space.exploration.mars.rover.diagnostics.SleepMonitor - Time elapsed since last message = 1545506305567 milliseconds.
2018-12-22 14:18:25,567 [spacecraftClock] INFO  space.exploration.mars.rover.sensor.DANSpectrometer - Commencing calibration for DAN Spectrometer for sol = 1332
2018-12-22 14:18:25,851 [spacecraftClock] INFO                             util.FileUtil - File /home/sanket/Documents/workspace/MarsRover/mars.rover/dataArchives/APXS/1332/ does not exist. Trying to create it now.
2018-12-22 14:18:25,852 [spacecraftClock] INFO                             util.FileUtil - Successfully created /home/sanket/Documents/workspace/MarsRover/mars.rover/dataArchives/APXS/1332/
2018-12-22 14:18:25,891 [spacecraftClock] ERROR ace.exploration.mars.rover.service.calibration.spectrometer.apxs.ApxsDataService -  Could not find data files for sol = 1332 url = http://pds-geosciences.wustl.edu/msl/msl-m-apxs-4_5-rdr-v1/mslapx_1xxx/data/sol01332/
org.jsoup.HttpStatusException: HTTP error fetching URL. Status=404, URL=http://pds-geosciences.wustl.edu/msl/msl-m-apxs-4_5-rdr-v1/mslapx_1xxx/data/sol01332/
	at org.jsoup.helper.HttpConnection$Response.execute(HttpConnection.java:537)
	at org.jsoup.helper.HttpConnection$Response.execute(HttpConnection.java:493)
	at org.jsoup.helper.HttpConnection.execute(HttpConnection.java:205)
	at org.jsoup.helper.HttpConnection.get(HttpConnection.java:194)
	at space.exploration.mars.rover.service.calibration.spectrometer.apxs.ApxsDataService.getTargetURL(ApxsDataService.java:51)
	at space.exploration.mars.rover.service.calibration.spectrometer.apxs.ApxsDataService.<init>(ApxsDataService.java:24)
	at space.exploration.mars.rover.sensor.ApxsSpectrometer.calibrateApxsSpectrometer(ApxsSpectrometer.java:40)
	at space.exploration.mars.rover.kernel.Rover.updateSensors(Rover.java:296)
	at space.exploration.mars.rover.kernel.SpacecraftClock$Clock.run(SpacecraftClock.java:239)
	at java.base/java.util.concurrent.Executors$RunnableAdapter.call(Executors.java:514)
	at java.base/java.util.concurrent.FutureTask.runAndReset(FutureTask.java:305)
	at java.base/java.util.concurrent.ScheduledThreadPoolExecutor$ScheduledFutureTask.run(ScheduledThreadPoolExecutor.java:305)
	at java.base/java.util.concurrent.ThreadPoolExecutor.runWorker(ThreadPoolExecutor.java:1135)
	at java.base/java.util.concurrent.ThreadPoolExecutor$Worker.run(ThreadPoolExecutor.java:635)
	at java.base/java.lang.Thread.run(Thread.java:844)
2018-12-22 14:18:25,893 [spacecraftClock] INFO                             util.FileUtil - File at /home/sanket/Documents/workspace/MarsRover/mars.rover/dataArchives/APXS/1332/ exists - will delete it now.
2018-12-22 14:18:25,894 [spacecraftClock] ERROR space.exploration.mars.rover.sensor.ApxsSpectrometer - ApxsData not available for sol = 1332
java.net.MalformedURLException
	at java.base/java.net.URL.<init>(URL.java:661)
	at java.base/java.net.URL.<init>(URL.java:523)
	at java.base/java.net.URL.<init>(URL.java:470)
	at space.exploration.mars.rover.utils.ServiceUtil.download(ServiceUtil.java:15)
	at space.exploration.mars.rover.utils.ServiceUtil.downloadCsv(ServiceUtil.java:40)
	at space.exploration.mars.rover.service.calibration.spectrometer.apxs.ApxsDataService.<init>(ApxsDataService.java:26)
	at space.exploration.mars.rover.sensor.ApxsSpectrometer.calibrateApxsSpectrometer(ApxsSpectrometer.java:40)
	at space.exploration.mars.rover.kernel.Rover.updateSensors(Rover.java:296)
	at space.exploration.mars.rover.kernel.SpacecraftClock$Clock.run(SpacecraftClock.java:239)
	at java.base/java.util.concurrent.Executors$RunnableAdapter.call(Executors.java:514)
	at java.base/java.util.concurrent.FutureTask.runAndReset(FutureTask.java:305)
	at java.base/java.util.concurrent.ScheduledThreadPoolExecutor$ScheduledFutureTask.run(ScheduledThreadPoolExecutor.java:305)
	at java.base/java.util.concurrent.ThreadPoolExecutor.runWorker(ThreadPoolExecutor.java:1135)
	at java.base/java.util.concurrent.ThreadPoolExecutor$Worker.run(ThreadPoolExecutor.java:635)
	at java.base/java.lang.Thread.run(Thread.java:844)
Caused by: java.lang.NullPointerException
	at java.base/java.net.URL.<init>(URL.java:567)
	... 14 more
2018-12-22 14:18:25,894 [spacecraftClock] INFO  space.exploration.mars.rover.sensor.SamSensor - Updating dataCache for samSensor - sol updated to 1332
2018-12-22 14:18:25,894 [spacecraftClock] ERROR space.exploration.mars.rover.sensor.SamSensor - Sam data unavailable for sol = 1332
2018-12-22 14:18:25,894 [sleepMonitor] INFO  space.exploration.mars.rover.diagnostics.SleepMonitor - Rover is sleepy
2018-12-22 14:18:25,894 [sleepMonitor] INFO  space.exploration.mars.rover.kernel.Rover - Trying to reflect rover state.Sleeping State Software Version - 2.0
2018-12-22 14:18:25,895 [sleepMonitor] INFO  space.exploration.mars.rover.animation.SleepingAnimationEngine - Rover is sleeping now
2018-12-22 14:18:35,647 [radio] INFO  space.exploration.mars.rover.communication.Receiver - Time Elapsed since last message = 21208
2018-12-22 14:18:35,713 [radio] INFO  space.exploration.mars.rover.kernel.PositionSensor - Houston - this is curiosityActual. ephemerisTime: 5.15733968185412E8
stateCuriosity: -3.3212787715E7
stateCuriosity: -7.0298819509E7
stateCuriosity: -3.0964092769E7
stateCuriosity: -0.607
stateCuriosity: 8.258
stateCuriosity: 2.836
owltMSLEarth: 279.155
stateEarth: 3.3214390761E7
stateEarth: 7.0302211953E7
stateEarth: 3.0965587236E7
stateEarth: 0.607
stateEarth: -8.257
stateEarth: -2.836
owltEarthMSL: 279.169
positionEarthWRTCuriosity: 3.3214390761E7
positionEarthWRTCuriosity: 7.0302211953E7
positionEarthWRTCuriosity: 3.0965587236E7
owltEarthMSL2: 279.169
angSepHGAEarth: 47.573
utcTime: "2016-05-05~15:25:00"
sol: 1332
sclkValue: " 1/01332:10:27:22:16426"

2018-12-22 14:18:35,745 [radio] INFO  space.exploration.mars.rover.communication.Radio - One Way Light Time computed by SPICE :: 279.155
2018-12-22 14:18:36,909 [radio] INFO  space.exploration.mars.rover.kernel.SleepingState - Awaking from sleeping state
2018-12-22 14:18:36,909 [radio] INFO  space.exploration.mars.rover.kernel.Rover - Trying to reflect rover state.Sleeping State Software Version - 2.0
2018-12-22 14:18:36,910 [radio] INFO  space.exploration.mars.rover.animation.SleepingAnimationEngine - Waking up rover
2018-12-22 14:18:39,911 [radio] INFO  space.exploration.mars.rover.kernel.Rover - Trying to reflect rover state.Listening State Software Version - 2.0
2018-12-22 14:18:39,917 [radio] INFO  space.exploration.mars.rover.kernel.ListeningState - timeStamp: 1545506315620
targets {
  roverModule: 5
  estimatedPowerUsage: 30
  action: "Explore"
}

2018-12-22 14:18:45,969 [radio] INFO  space.exploration.mars.rover.kernel.ListeningState - 1545506325969,5,Explore Current instructionQueue length = 0
2018-12-22 14:18:45,969 [radio] INFO  space.exploration.mars.rover.kernel.ListeningState - Rover Curiosity is on a scientific mission!
2018-12-22 14:18:45,969 [radio] INFO  space.exploration.mars.rover.kernel.Rover - Trying to reflect rover state.ApxsSensingState Software Version - 2.0
2018-12-22 14:18:45,969 [radio] ERROR space.exploration.mars.rover.kernel.ApxsSensingState - ApxsData unavailable for sol = 1332
2018-12-22 14:18:45,970 [radio] INFO  space.exploration.mars.rover.kernel.Rover - Trying to reflect rover state.Transmitting State Software Version - 2.0
2018-12-22 14:18:50,351 [sleepMonitor] INFO  space.exploration.mars.rover.diagnostics.SleepMonitor - RunThread = true
2018-12-22 14:18:52,024 [radio] INFO  space.exploration.mars.rover.kernel.PositionSensor - Houston - this is curiosityActual. ephemerisTime: 5.15734928185412E8
stateCuriosity: -3.3213376952E7
stateCuriosity: -7.0290898759E7
stateCuriosity: -3.096137067E7
stateCuriosity: -0.621
stateCuriosity: 8.244
stateCuriosity: 2.835
owltMSLEarth: 279.13
stateEarth: 3.3214980565E7
stateEarth: 7.0294291883E7
stateEarth: 3.0962865457E7
stateEarth: 0.621
stateEarth: -8.243
stateEarth: -2.835
owltEarthMSL: 279.144
positionEarthWRTCuriosity: 3.3214980565E7
positionEarthWRTCuriosity: 7.0294291883E7
positionEarthWRTCuriosity: 3.0962865457E7
owltEarthMSL2: 279.144
angSepHGAEarth: 45.108
utcTime: "2016-05-05~15:41:00"
sol: 1332
sclkValue: " 1/01332:10:42:56:47879"

2018-12-22 14:18:52,056 [radio] INFO  space.exploration.mars.rover.communication.Radio - One Way Light Time computed by SPICE :: 279.13
2018-12-22 14:18:52,098 [radio] INFO  space.exploration.mars.rover.communication.Radio - Message encryption successful.
2018-12-22 14:18:52,098 [radio] INFO  space.exploration.mars.rover.communication.Transmitter - Sending information packet to curiosity_to_earth_6
2018-12-22 14:18:55,099 [radio] INFO  space.exploration.mars.rover.kernel.Rover - Trying to reflect rover state.Listening State Software Version - 2.0
2018-12-22 14:18:55,100 [sleepMonitor] INFO  space.exploration.mars.rover.diagnostics.SleepMonitor - Rover received last message at :: 1545506319911
2018-12-22 14:18:55,100 [pacemaker] INFO  space.exploration.mars.rover.diagnostics.Pacemaker - Rover current state = Listening State runThread = true
2018-12-22 14:18:55,100 [batteryMonitor] INFO  space.exploration.mars.rover.power.BatteryMonitor - BatteryMonitor performing due diligence. SCET = 1545506324189 Rover state = Listening State
2018-12-22 14:18:55,100 [sleepMonitor] INFO  space.exploration.mars.rover.diagnostics.SleepMonitor - Time elapsed since last message = 15189 milliseconds.
2018-12-22 14:18:55,100 [batteryMonitor] INFO  space.exploration.mars.rover.power.BatteryMonitor -  Battery primaryUnits = 1169 auxiliaryPowerUnits = 100
2018-12-22 14:18:55,137 [pacemaker] INFO  space.exploration.mars.rover.kernel.PositionSensor - Houston - this is curiosityActual. ephemerisTime: 5.15735168185412E8
stateCuriosity: -3.321352628E7
stateCuriosity: -7.0288920673E7
stateCuriosity: -3.0960690275E7
stateCuriosity: -0.624
stateCuriosity: 8.24
stateCuriosity: 2.835
owltMSLEarth: 279.124
stateEarth: 3.3215130043E7
stateEarth: 7.0292313984E7
stateEarth: 3.096218515E7
stateEarth: 0.624
stateEarth: -8.239
stateEarth: -2.834
owltEarthMSL: 279.138
positionEarthWRTCuriosity: 3.3215130043E7
positionEarthWRTCuriosity: 7.0292313984E7
positionEarthWRTCuriosity: 3.096218515E7
owltEarthMSL2: 279.138
angSepHGAEarth: 44.511
utcTime: "2016-05-05~15:45:00"
sol: 1332
sclkValue: " 1/01332:10:46:50:05742"

2018-12-22 14:18:55,184 [pacemaker] INFO  space.exploration.mars.rover.kernel.SpacecraftClock - Internal time::2016-05-05T15:45:00.000-04:00 sclk of::1/01332:10:46:50:05742
2018-12-22 14:18:55,189 [pacemaker] INFO  space.exploration.mars.rover.kernel.Rover - Trying to reflect rover state.Transmitting State Software Version - 2.0
2018-12-22 14:19:01,244 [pacemaker] INFO  space.exploration.mars.rover.kernel.PositionSensor - Houston - this is curiosityActual. ephemerisTime: 5.15735528185412E8
stateCuriosity: -3.3213751745E7
stateCuriosity: -7.0285955155E7
stateCuriosity: -3.0959669822E7
stateCuriosity: -0.629
stateCuriosity: 8.235
stateCuriosity: 2.834
owltMSLEarth: 279.115
stateEarth: 3.321535574E7
stateEarth: 7.0289348759E7
stateEarth: 3.0961164833E7
stateEarth: 0.629
stateEarth: -8.234
stateEarth: -2.834
owltEarthMSL: 279.129
positionEarthWRTCuriosity: 3.321535574E7
positionEarthWRTCuriosity: 7.0289348759E7
positionEarthWRTCuriosity: 3.0961164833E7
owltEarthMSL2: 279.129
angSepHGAEarth: 43.633
utcTime: "2016-05-05~15:51:00"
sol: 1332
sclkValue: " 1/01332:10:52:40:42537"

2018-12-22 14:19:01,287 [pacemaker] INFO  space.exploration.mars.rover.communication.Radio - One Way Light Time computed by SPICE :: 279.115
2018-12-22 14:19:01,328 [pacemaker] INFO  space.exploration.mars.rover.communication.Radio - Message encryption successful.
2018-12-22 14:19:01,329 [pacemaker] INFO  space.exploration.mars.rover.communication.Transmitter - Sending information packet to curiosity_to_earth_6
2018-12-22 14:19:04,330 [pacemaker] INFO  space.exploration.mars.rover.kernel.Rover - Trying to reflect rover state.Listening State Software Version - 2.0
2018-12-22 14:19:14,189 [batteryMonitor] INFO  space.exploration.mars.rover.power.BatteryMonitor - BatteryMonitor performing due diligence. SCET = 1545506354189 Rover state = Listening State
2018-12-22 14:19:14,189 [batteryMonitor] INFO  space.exploration.mars.rover.power.BatteryMonitor -  Battery primaryUnits = 1169 auxiliaryPowerUnits = 100
2018-12-22 14:19:44,189 [batteryMonitor] INFO  space.exploration.mars.rover.power.BatteryMonitor - BatteryMonitor performing due diligence. SCET = 1545506384189 Rover state = Listening State
2018-12-22 14:19:44,189 [batteryMonitor] INFO  space.exploration.mars.rover.power.BatteryMonitor -  Battery primaryUnits = 1169 auxiliaryPowerUnits = 100
2018-12-22 14:19:50,350 [pacemaker] INFO  space.exploration.mars.rover.diagnostics.Pacemaker - Rover current state = Listening State runThread = true
2018-12-22 14:19:50,351 [sleepMonitor] INFO  space.exploration.mars.rover.diagnostics.SleepMonitor - RunThread = true
2018-12-22 14:19:50,351 [sleepMonitor] INFO  space.exploration.mars.rover.diagnostics.SleepMonitor - Rover received last message at :: 1545506319911
2018-12-22 14:19:50,351 [sleepMonitor] INFO  space.exploration.mars.rover.diagnostics.SleepMonitor - Time elapsed since last message = 70440 milliseconds.
2018-12-22 14:19:50,390 [pacemaker] INFO  space.exploration.mars.rover.kernel.PositionSensor - Houston - this is curiosityActual. ephemerisTime: 5.15738468185412E8
stateCuriosity: -3.3215654725E7
stateCuriosity: -7.0261812313E7
stateCuriosity: -3.0951346478E7
stateCuriosity: -0.665
stateCuriosity: 8.188
stateCuriosity: 2.827
owltMSLEarth: 279.04
stateEarth: 3.3217260817E7
stateEarth: 7.0265208742E7
stateEarth: 3.0952842787E7
stateEarth: 0.665
stateEarth: -8.187
stateEarth: -2.826
owltEarthMSL: 279.053
positionEarthWRTCuriosity: 3.3217260817E7
positionEarthWRTCuriosity: 7.0265208742E7
positionEarthWRTCuriosity: 3.0952842787E7
owltEarthMSL2: 279.053
angSepHGAEarth: 37.375
utcTime: "2016-05-05~16:40:00"
sol: 1332
sclkValue: " 1/01332:11:40:21:76360"

2018-12-22 14:19:50,428 [pacemaker] INFO  space.exploration.mars.rover.kernel.SpacecraftClock - Internal time::2016-05-05T16:40:00.000-04:00 sclk of::1/01332:11:40:21:76360
2018-12-22 14:19:50,430 [pacemaker] INFO  space.exploration.mars.rover.kernel.Rover - Trying to reflect rover state.Transmitting State Software Version - 2.0
2018-12-22 14:19:56,479 [pacemaker] INFO  space.exploration.mars.rover.kernel.PositionSensor - Houston - this is curiosityActual. ephemerisTime: 5.15738828185411E8
stateCuriosity: -3.3215894691E7
stateCuriosity: -7.0258865653E7
stateCuriosity: -3.095032908E7
stateCuriosity: -0.669
stateCuriosity: 8.182
stateCuriosity: 2.825
owltMSLEarth: 279.03
stateEarth: 3.3217501058E7
stateEarth: 7.0262262466E7
stateEarth: 3.0951825564E7
stateEarth: 0.669
stateEarth: -8.181
stateEarth: -2.825
owltEarthMSL: 279.044
positionEarthWRTCuriosity: 3.3217501058E7
positionEarthWRTCuriosity: 7.0262262466E7
positionEarthWRTCuriosity: 3.0951825564E7
owltEarthMSL2: 279.044
angSepHGAEarth: 36.747
utcTime: "2016-05-05~16:46:00"
sol: 1332
sclkValue: " 1/01332:11:46:12:13155"

2018-12-22 14:19:56,516 [pacemaker] INFO  space.exploration.mars.rover.communication.Radio - One Way Light Time computed by SPICE :: 279.03
2018-12-22 14:19:56,555 [pacemaker] INFO  space.exploration.mars.rover.communication.Radio - Message encryption successful.
2018-12-22 14:19:56,556 [pacemaker] INFO  space.exploration.mars.rover.communication.Transmitter - Sending information packet to curiosity_to_earth_6
2018-12-22 14:19:59,557 [pacemaker] INFO  space.exploration.mars.rover.kernel.Rover - Trying to reflect rover state.Listening State Software Version - 2.0
2018-12-22 14:20:14,189 [batteryMonitor] INFO  space.exploration.mars.rover.power.BatteryMonitor - BatteryMonitor performing due diligence. SCET = 1545506414189 Rover state = Listening State
2018-12-22 14:20:14,189 [batteryMonitor] INFO  space.exploration.mars.rover.power.BatteryMonitor -  Battery primaryUnits = 1168 auxiliaryPowerUnits = 100
2018-12-22 14:20:44,189 [batteryMonitor] INFO  space.exploration.mars.rover.power.BatteryMonitor - BatteryMonitor performing due diligence. SCET = 1545506444189 Rover state = Listening State
2018-12-22 14:20:44,189 [batteryMonitor] INFO  space.exploration.mars.rover.power.BatteryMonitor -  Battery primaryUnits = 1168 auxiliaryPowerUnits = 100
2018-12-22 14:20:50,350 [pacemaker] INFO  space.exploration.mars.rover.diagnostics.Pacemaker - Rover current state = Listening State runThread = true
2018-12-22 14:20:50,351 [sleepMonitor] INFO  space.exploration.mars.rover.diagnostics.SleepMonitor - RunThread = true
2018-12-22 14:20:50,352 [sleepMonitor] INFO  space.exploration.mars.rover.diagnostics.SleepMonitor - Rover received last message at :: 1545506319911
2018-12-22 14:20:50,352 [sleepMonitor] INFO  space.exploration.mars.rover.diagnostics.SleepMonitor - Time elapsed since last message = 130441 milliseconds.
2018-12-22 14:20:50,352 [sleepMonitor] INFO  space.exploration.mars.rover.diagnostics.SleepMonitor - Rover is sleepy
2018-12-22 14:20:50,352 [sleepMonitor] INFO  space.exploration.mars.rover.kernel.Rover - Trying to reflect rover state.Sleeping State Software Version - 2.0
2018-12-22 14:20:50,387 [pacemaker] INFO  space.exploration.mars.rover.kernel.PositionSensor - Houston - this is curiosityActual. ephemerisTime: 5.15742068185411E8
stateCuriosity: -3.3218111024E7
stateCuriosity: -7.0232444643E7
stateCuriosity: -3.0941198866E7
stateCuriosity: -0.698
stateCuriosity: 8.127
stateCuriosity: 2.809
owltMSLEarth: 278.948
stateEarth: 3.3219719939E7
stateEarth: 7.0235845058E7
stateEarth: 3.0942696988E7
stateEarth: 0.699
stateEarth: -8.126
stateEarth: -2.809
owltEarthMSL: 278.962
positionEarthWRTCuriosity: 3.3219719939E7
positionEarthWRTCuriosity: 7.0235845058E7
positionEarthWRTCuriosity: 3.0942696988E7
owltEarthMSL2: 278.962
angSepHGAEarth: 32.928
utcTime: "2016-05-05~17:40:00"
sol: 1332
sclkValue: " 1/01332:12:38:45:44307"

2018-12-22 14:20:50,423 [pacemaker] INFO  space.exploration.mars.rover.kernel.SpacecraftClock - Internal time::2016-05-05T17:40:00.000-04:00 sclk of::1/01332:12:38:45:44307
2018-12-22 14:20:50,424 [pacemaker] INFO  space.exploration.mars.rover.kernel.Rover - Trying to reflect rover state.Transmitting State Software Version - 2.0
2018-12-22 14:20:56,478 [pacemaker] INFO  space.exploration.mars.rover.kernel.PositionSensor - Houston - this is curiosityActual. ephemerisTime: 5.15742428185411E8
stateCuriosity: -3.3218362743E7
stateCuriosity: -7.022952017E7
stateCuriosity: -3.0940187896E7
stateCuriosity: -0.701
stateCuriosity: 8.12
stateCuriosity: 2.807
owltMSLEarth: 278.939
stateEarth: 3.3219971941E7
stateEarth: 7.0232920984E7
stateEarth: 3.0941686199E7
stateEarth: 0.701
stateEarth: -8.119
stateEarth: -2.807
owltEarthMSL: 278.952
positionEarthWRTCuriosity: 3.3219971941E7
positionEarthWRTCuriosity: 7.0232920984E7
positionEarthWRTCuriosity: 3.0941686199E7
owltEarthMSL2: 278.952
angSepHGAEarth: 32.738
utcTime: "2016-05-05~17:46:00"
sol: 1332
sclkValue: " 1/01332:12:44:35:81102"

2018-12-22 14:20:56,521 [pacemaker] INFO  space.exploration.mars.rover.communication.Radio - One Way Light Time computed by SPICE :: 278.939
2018-12-22 14:20:56,558 [pacemaker] INFO  space.exploration.mars.rover.communication.Radio - Message encryption successful.
2018-12-22 14:20:56,558 [pacemaker] INFO  space.exploration.mars.rover.communication.Transmitter - Sending information packet to curiosity_to_earth_6
2018-12-22 14:20:59,560 [pacemaker] INFO  space.exploration.mars.rover.kernel.Rover - Trying to reflect rover state.Listening State Software Version - 2.0
2018-12-22 14:21:14,189 [batteryMonitor] INFO  space.exploration.mars.rover.power.BatteryMonitor - BatteryMonitor performing due diligence. SCET = 1545506474189 Rover state = Listening State
2018-12-22 14:21:14,189 [batteryMonitor] INFO  space.exploration.mars.rover.power.BatteryMonitor -  Battery primaryUnits = 1167 auxiliaryPowerUnits = 100
2018-12-22 14:21:44,189 [batteryMonitor] INFO  space.exploration.mars.rover.power.BatteryMonitor - BatteryMonitor performing due diligence. SCET = 1545506504189 Rover state = Listening State
2018-12-22 14:21:44,189 [batteryMonitor] INFO  space.exploration.mars.rover.power.BatteryMonitor -  Battery primaryUnits = 1167 auxiliaryPowerUnits = 100
2018-12-22 14:21:50,350 [pacemaker] INFO  space.exploration.mars.rover.diagnostics.Pacemaker - Rover current state = Listening State runThread = true
2018-12-22 14:21:50,385 [pacemaker] INFO  space.exploration.mars.rover.kernel.PositionSensor - Houston - this is curiosityActual. ephemerisTime: 5.1574566818541E8
stateCuriosity: -3.3220663755E7
stateCuriosity: -7.0203301952E7
stateCuriosity: -3.0931128921E7
stateCuriosity: -0.718
stateCuriosity: 8.064
stateCuriosity: 2.784
owltMSLEarth: 278.857
stateEarth: 3.322227536E7
stateEarth: 7.0206706082E7
stateEarth: 3.0932628732E7
stateEarth: 0.719
stateEarth: -8.063
stateEarth: -2.783
owltEarthMSL: 278.871
positionEarthWRTCuriosity: 3.322227536E7
positionEarthWRTCuriosity: 7.0206706082E7
positionEarthWRTCuriosity: 3.0932628732E7
owltEarthMSL2: 278.871
angSepHGAEarth: 33.181
utcTime: "2016-05-05~18:40:00"
sol: 1332
sclkValue: " 1/01332:13:37:09:12255"

2018-12-22 14:21:50,422 [pacemaker] INFO  space.exploration.mars.rover.kernel.SpacecraftClock - Internal time::2016-05-05T18:40:00.000-04:00 sclk of::1/01332:13:37:09:12255
2018-12-22 14:21:50,424 [pacemaker] INFO  space.exploration.mars.rover.kernel.Rover - Trying to reflect rover state.Transmitting State Software Version - 2.0
2018-12-22 14:21:56,475 [pacemaker] INFO  space.exploration.mars.rover.kernel.PositionSensor - Houston - this is curiosityActual. ephemerisTime: 5.1574602818541E8
stateCuriosity: -3.3220922466E7
stateCuriosity: -7.0200400117E7
stateCuriosity: -3.0930127272E7
stateCuriosity: -0.719
stateCuriosity: 8.058
stateCuriosity: 2.781
owltMSLEarth: 278.848
stateEarth: 3.3222534317E7
stateEarth: 7.0203804569E7
stateEarth: 3.093162723E7
stateEarth: 0.72
stateEarth: -8.057
stateEarth: -2.78
owltEarthMSL: 278.862
positionEarthWRTCuriosity: 3.3222534317E7
positionEarthWRTCuriosity: 7.0203804569E7
positionEarthWRTCuriosity: 3.093162723E7
owltEarthMSL2: 278.862
angSepHGAEarth: 33.505
utcTime: "2016-05-05~18:46:00"
sol: 1332
sclkValue: " 1/01332:13:42:59:49049"

2018-12-22 14:21:56,512 [pacemaker] INFO  space.exploration.mars.rover.communication.Radio - One Way Light Time computed by SPICE :: 278.848
2018-12-22 14:21:56,548 [pacemaker] INFO  space.exploration.mars.rover.communication.Radio - Message encryption successful.
2018-12-22 14:21:56,549 [pacemaker] INFO  space.exploration.mars.rover.communication.Transmitter - Sending information packet to curiosity_to_earth_6
2018-12-22 14:21:59,550 [pacemaker] INFO  space.exploration.mars.rover.kernel.Rover - Trying to reflect rover state.Listening State Software Version - 2.0
2018-12-22 14:22:14,189 [batteryMonitor] INFO  space.exploration.mars.rover.power.BatteryMonitor - BatteryMonitor performing due diligence. SCET = 1545506534189 Rover state = Listening State
2018-12-22 14:22:14,189 [batteryMonitor] INFO  space.exploration.mars.rover.power.BatteryMonitor -  Battery primaryUnits = 1166 auxiliaryPowerUnits = 100
2018-12-22 14:22:44,189 [batteryMonitor] INFO  space.exploration.mars.rover.power.BatteryMonitor - BatteryMonitor performing due diligence. SCET = 1545506564189 Rover state = Listening State
2018-12-22 14:22:44,189 [batteryMonitor] INFO  space.exploration.mars.rover.power.BatteryMonitor -  Battery primaryUnits = 1166 auxiliaryPowerUnits = 100
2018-12-22 14:22:50,350 [pacemaker] INFO  space.exploration.mars.rover.diagnostics.Pacemaker - Rover current state = Listening State runThread = true
2018-12-22 14:22:50,388 [pacemaker] INFO  space.exploration.mars.rover.kernel.PositionSensor - Houston - this is curiosityActual. ephemerisTime: 5.1574926818541E8
stateCuriosity: -3.3223263991E7
stateCuriosity: -7.01743829E7
stateCuriosity: -3.0921163316E7
stateCuriosity: -0.724
stateCuriosity: 8.003
stateCuriosity: 2.752
owltMSLEarth: 278.768
stateEarth: 3.322487772E7
stateEarth: 7.0177789582E7
stateEarth: 3.0922664305E7
stateEarth: 0.725
stateEarth: -8.003
stateEarth: -2.751
owltEarthMSL: 278.781
positionEarthWRTCuriosity: 3.322487772E7
positionEarthWRTCuriosity: 7.0177789582E7
positionEarthWRTCuriosity: 3.0922664305E7
owltEarthMSL2: 278.781
angSepHGAEarth: 38.569
utcTime: "2016-05-05~19:40:00"
sol: 1332
sclkValue: " 1/01332:14:35:32:80202"

2018-12-22 14:22:50,424 [pacemaker] INFO  space.exploration.mars.rover.kernel.SpacecraftClock - Internal time::2016-05-05T19:40:00.000-04:00 sclk of::1/01332:14:35:32:80202
2018-12-22 14:22:50,425 [pacemaker] INFO  space.exploration.mars.rover.kernel.Rover - Trying to reflect rover state.Transmitting State Software Version - 2.0
2018-12-22 14:22:56,478 [pacemaker] INFO  space.exploration.mars.rover.kernel.PositionSensor - Houston - this is curiosityActual. ephemerisTime: 5.1574962818541E8
stateCuriosity: -3.32235247E7
stateCuriosity: -7.0171502858E7
stateCuriosity: -3.0920173349E7
stateCuriosity: -0.724
stateCuriosity: 7.997
stateCuriosity: 2.748
owltMSLEarth: 278.759
stateEarth: 3.3225138595E7
stateEarth: 7.01749097E7
stateEarth: 3.0921674414E7
stateEarth: 0.725
stateEarth: -7.997
stateEarth: -2.748
owltEarthMSL: 278.772
positionEarthWRTCuriosity: 3.3225138595E7
positionEarthWRTCuriosity: 7.01749097E7
positionEarthWRTCuriosity: 3.0921674414E7
owltEarthMSL2: 278.772
angSepHGAEarth: 39.289
utcTime: "2016-05-05~19:46:00"
sol: 1332
sclkValue: " 1/01332:14:41:23:16996"

2018-12-22 14:22:56,516 [pacemaker] INFO  space.exploration.mars.rover.communication.Radio - One Way Light Time computed by SPICE :: 278.759
2018-12-22 14:22:56,552 [pacemaker] INFO  space.exploration.mars.rover.communication.Radio - Message encryption successful.
2018-12-22 14:22:56,553 [pacemaker] INFO  space.exploration.mars.rover.communication.Transmitter - Sending information packet to curiosity_to_earth_6
2018-12-22 14:22:59,554 [pacemaker] INFO  space.exploration.mars.rover.kernel.Rover - Trying to reflect rover state.Listening State Software Version - 2.0
2018-12-22 14:23:14,189 [batteryMonitor] INFO  space.exploration.mars.rover.power.BatteryMonitor - BatteryMonitor performing due diligence. SCET = 1545506594189 Rover state = Listening State
2018-12-22 14:23:14,189 [batteryMonitor] INFO  space.exploration.mars.rover.power.BatteryMonitor -  Battery primaryUnits = 1165 auxiliaryPowerUnits = 100
2018-12-22 14:23:44,189 [batteryMonitor] INFO  space.exploration.mars.rover.power.BatteryMonitor - BatteryMonitor performing due diligence. SCET = 1545506624189 Rover state = Listening State
2018-12-22 14:23:44,189 [batteryMonitor] INFO  space.exploration.mars.rover.power.BatteryMonitor -  Battery primaryUnits = 1165 auxiliaryPowerUnits = 100
2018-12-22 14:23:50,350 [pacemaker] INFO  space.exploration.mars.rover.diagnostics.Pacemaker - Rover current state = Listening State runThread = true
2018-12-22 14:23:50,390 [pacemaker] INFO  space.exploration.mars.rover.kernel.PositionSensor - Houston - this is curiosityActual. ephemerisTime: 5.15752868185409E8
stateCuriosity: -3.3225861926E7
stateCuriosity: -7.0145673349E7
stateCuriosity: -3.0911322688E7
stateCuriosity: -0.717
stateCuriosity: 7.948
stateCuriosity: 2.715
owltMSLEarth: 278.678
stateEarth: 3.3227476816E7
stateEarth: 7.0149080609E7
stateEarth: 3.0912823994E7
stateEarth: 0.717
stateEarth: -7.948
stateEarth: -2.715
owltEarthMSL: 278.692
positionEarthWRTCuriosity: 3.3227476816E7
positionEarthWRTCuriosity: 7.0149080609E7
positionEarthWRTCuriosity: 3.0912823994E7
owltEarthMSL2: 278.692
angSepHGAEarth: 46.885
utcTime: "2016-05-05~20:40:00"
sol: 1332
sclkValue: " 1/01332:15:33:56:48149"

2018-12-22 14:23:50,427 [pacemaker] INFO  space.exploration.mars.rover.kernel.SpacecraftClock - Internal time::2016-05-05T20:40:00.000-04:00 sclk of::1/01332:15:33:56:48149
2018-12-22 14:23:50,429 [pacemaker] INFO  space.exploration.mars.rover.kernel.Rover - Trying to reflect rover state.Transmitting State Software Version - 2.0
2018-12-22 14:23:56,478 [pacemaker] INFO  space.exploration.mars.rover.kernel.PositionSensor - Houston - this is curiosityActual. ephemerisTime: 5.15753228185409E8
stateCuriosity: -3.3226119729E7
stateCuriosity: -7.014281301E7
stateCuriosity: -3.0910346079E7
stateCuriosity: -0.715
stateCuriosity: 7.943
stateCuriosity: 2.711
owltMSLEarth: 278.67
stateEarth: 3.3227734668E7
stateEarth: 7.0146220191E7
stateEarth: 3.0911847357E7
stateEarth: 0.715
stateEarth: -7.943
stateEarth: -2.711
owltEarthMSL: 278.683
positionEarthWRTCuriosity: 3.3227734668E7
positionEarthWRTCuriosity: 7.0146220191E7
positionEarthWRTCuriosity: 3.0911847357E7
owltEarthMSL2: 278.683
angSepHGAEarth: 47.828
utcTime: "2016-05-05~20:46:00"
sol: 1332
sclkValue: " 1/01332:15:39:46:84943"

2018-12-22 14:23:56,516 [pacemaker] INFO  space.exploration.mars.rover.communication.Radio - One Way Light Time computed by SPICE :: 278.67
2018-12-22 14:23:56,554 [pacemaker] INFO  space.exploration.mars.rover.communication.Radio - Message encryption successful.
2018-12-22 14:23:56,555 [pacemaker] INFO  space.exploration.mars.rover.communication.Transmitter - Sending information packet to curiosity_to_earth_6
2018-12-22 14:23:59,556 [pacemaker] INFO  space.exploration.mars.rover.kernel.Rover - Trying to reflect rover state.Listening State Software Version - 2.0
2018-12-22 14:24:14,189 [batteryMonitor] INFO  space.exploration.mars.rover.power.BatteryMonitor - BatteryMonitor performing due diligence. SCET = 1545506654189 Rover state = Listening State
2018-12-22 14:24:14,189 [batteryMonitor] INFO  space.exploration.mars.rover.power.BatteryMonitor -  Battery primaryUnits = 1164 auxiliaryPowerUnits = 100
2018-12-22 14:24:44,189 [batteryMonitor] INFO  space.exploration.mars.rover.power.BatteryMonitor - BatteryMonitor performing due diligence. SCET = 1545506684189 Rover state = Listening State
2018-12-22 14:24:44,189 [batteryMonitor] INFO  space.exploration.mars.rover.power.BatteryMonitor -  Battery primaryUnits = 1164 auxiliaryPowerUnits = 100
2018-12-22 14:24:50,350 [pacemaker] INFO  space.exploration.mars.rover.diagnostics.Pacemaker - Rover current state = Listening State runThread = true
2018-12-22 14:24:50,382 [pacemaker] INFO  space.exploration.mars.rover.kernel.PositionSensor - Houston - this is curiosityActual. ephemerisTime: 5.15756468185408E8
stateCuriosity: -3.3228410101E7
stateCuriosity: -7.0117147282E7
stateCuriosity: -3.0901620307E7
stateCuriosity: -0.697
stateCuriosity: 7.902
stateCuriosity: 2.675
owltMSLEarth: 278.59
stateEarth: 3.3230024855E7
stateEarth: 7.0120552458E7
stateEarth: 3.0903120771E7
stateEarth: 0.697
stateEarth: -7.903
stateEarth: -2.676
owltEarthMSL: 278.603
positionEarthWRTCuriosity: 3.3230024855E7
positionEarthWRTCuriosity: 7.0120552458E7
positionEarthWRTCuriosity: 3.0903120771E7
owltEarthMSL2: 278.603
angSepHGAEarth: 56.798
utcTime: "2016-05-05~21:40:00"
sol: 1332
sclkValue: " 1/01332:16:32:20:16096"

2018-12-22 14:24:50,414 [pacemaker] INFO  space.exploration.mars.rover.kernel.SpacecraftClock - Internal time::2016-05-05T21:40:00.000-04:00 sclk of::1/01332:16:32:20:16096
2018-12-22 14:24:50,415 [pacemaker] INFO  space.exploration.mars.rover.kernel.Rover - Trying to reflect rover state.Transmitting State Software Version - 2.0
2018-12-22 14:24:56,468 [pacemaker] INFO  space.exploration.mars.rover.kernel.PositionSensor - Houston - this is curiosityActual. ephemerisTime: 5.15756828185408E8
stateCuriosity: -3.3228660501E7
stateCuriosity: -7.0114303449E7
stateCuriosity: -3.090065794E7
stateCuriosity: -0.694
stateCuriosity: 7.898
stateCuriosity: 2.671
owltMSLEarth: 278.581
stateEarth: 3.3230275159E7
stateEarth: 7.0117708249E7
stateEarth: 3.0902158248E7
stateEarth: 0.694
stateEarth: -7.899
stateEarth: -2.672
owltEarthMSL: 278.595
positionEarthWRTCuriosity: 3.3230275159E7
positionEarthWRTCuriosity: 7.0117708249E7
positionEarthWRTCuriosity: 3.0902158248E7
owltEarthMSL2: 278.595
angSepHGAEarth: 57.856
utcTime: "2016-05-05~21:46:00"
sol: 1332
sclkValue: " 1/01332:16:38:10:52891"

2018-12-22 14:24:56,505 [pacemaker] INFO  space.exploration.mars.rover.communication.Radio - One Way Light Time computed by SPICE :: 278.581
2018-12-22 14:24:56,544 [pacemaker] INFO  space.exploration.mars.rover.communication.Radio - Message encryption successful.
2018-12-22 14:24:56,545 [pacemaker] INFO  space.exploration.mars.rover.communication.Transmitter - Sending information packet to curiosity_to_earth_6
2018-12-22 14:24:59,545 [pacemaker] INFO  space.exploration.mars.rover.kernel.Rover - Trying to reflect rover state.Listening State Software Version - 2.0
2018-12-22 14:25:14,189 [batteryMonitor] INFO  space.exploration.mars.rover.power.BatteryMonitor - BatteryMonitor performing due diligence. SCET = 1545506714189 Rover state = Listening State
2018-12-22 14:25:14,189 [batteryMonitor] INFO  space.exploration.mars.rover.power.BatteryMonitor -  Battery primaryUnits = 1163 auxiliaryPowerUnits = 100
2018-12-22 14:25:44,189 [batteryMonitor] INFO  space.exploration.mars.rover.power.BatteryMonitor - BatteryMonitor performing due diligence. SCET = 1545506744189 Rover state = Listening State
2018-12-22 14:25:44,189 [batteryMonitor] INFO  space.exploration.mars.rover.power.BatteryMonitor -  Battery primaryUnits = 1163 auxiliaryPowerUnits = 100
2018-12-22 14:25:50,350 [pacemaker] INFO  space.exploration.mars.rover.diagnostics.Pacemaker - Rover current state = Listening State runThread = true
2018-12-22 14:25:50,388 [pacemaker] INFO  space.exploration.mars.rover.kernel.PositionSensor - Houston - this is curiosityActual. ephemerisTime: 5.15760068185408E8
stateCuriosity: -3.3230866474E7
stateCuriosity: -7.0088768484E7
stateCuriosity: -3.0892061213E7
stateCuriosity: -0.666
stateCuriosity: 7.866
stateCuriosity: 2.636
owltMSLEarth: 278.502
stateEarth: 3.3232479543E7
stateEarth: 7.0092168404E7
stateEarth: 3.0893559457E7
stateEarth: 0.666
stateEarth: -7.868
stateEarth: -2.636
owltEarthMSL: 278.515
positionEarthWRTCuriosity: 3.3232479543E7
positionEarthWRTCuriosity: 7.0092168404E7
positionEarthWRTCuriosity: 3.0893559457E7
owltEarthMSL2: 278.515
angSepHGAEarth: 67.64
utcTime: "2016-05-05~22:40:00"
sol: 1332
sclkValue: " 1/01332:17:30:43:84043"

2018-12-22 14:25:50,427 [pacemaker] INFO  space.exploration.mars.rover.kernel.SpacecraftClock - Internal time::2016-05-05T22:40:00.000-04:00 sclk of::1/01332:17:30:43:84043
2018-12-22 14:25:50,429 [pacemaker] INFO  space.exploration.mars.rover.kernel.Rover - Trying to reflect rover state.Transmitting State Software Version - 2.0
2018-12-22 14:25:56,477 [pacemaker] INFO  space.exploration.mars.rover.kernel.PositionSensor - Houston - this is curiosityActual. ephemerisTime: 5.15760428185408E8
stateCuriosity: -3.3231105673E7
stateCuriosity: -7.0085937061E7
stateCuriosity: -3.0891113123E7
stateCuriosity: -0.663
stateCuriosity: 7.864
stateCuriosity: 2.632
owltMSLEarth: 278.493
stateEarth: 3.3232718482E7
stateEarth: 7.0089336267E7
stateEarth: 3.0892611064E7
stateEarth: 0.662
stateEarth: -7.866
stateEarth: -2.633
owltEarthMSL: 278.507
positionEarthWRTCuriosity: 3.3232718482E7
positionEarthWRTCuriosity: 7.0089336267E7
positionEarthWRTCuriosity: 3.0892611064E7
owltEarthMSL2: 278.507
angSepHGAEarth: 68.749
utcTime: "2016-05-05~22:46:00"
sol: 1332
sclkValue: " 1/01332:17:36:34:20838"

2018-12-22 14:25:56,514 [pacemaker] INFO  space.exploration.mars.rover.communication.Radio - One Way Light Time computed by SPICE :: 278.493
2018-12-22 14:25:56,551 [pacemaker] INFO  space.exploration.mars.rover.communication.Radio - Message encryption successful.
2018-12-22 14:25:56,552 [pacemaker] INFO  space.exploration.mars.rover.communication.Transmitter - Sending information packet to curiosity_to_earth_6
2018-12-22 14:25:59,552 [pacemaker] INFO  space.exploration.mars.rover.kernel.Rover - Trying to reflect rover state.Listening State Software Version - 2.0
2018-12-22 14:26:14,189 [batteryMonitor] INFO  space.exploration.mars.rover.power.BatteryMonitor - BatteryMonitor performing due diligence. SCET = 1545506774189 Rover state = Listening State
2018-12-22 14:26:14,189 [batteryMonitor] INFO  space.exploration.mars.rover.power.BatteryMonitor -  Battery primaryUnits = 1162 auxiliaryPowerUnits = 100
2018-12-22 14:26:19,585 [radio] INFO  space.exploration.mars.rover.communication.Receiver - Time Elapsed since last message = 463937
2018-12-22 14:26:19,625 [radio] INFO  space.exploration.mars.rover.kernel.PositionSensor - Houston - this is curiosityActual. ephemerisTime: 5.15761808185407E8
stateCuriosity: -3.3232010377E7
stateCuriosity: -7.007509201E7
stateCuriosity: -3.0887491633E7
stateCuriosity: -0.648
stateCuriosity: 7.854
stateCuriosity: 2.617
owltMSLEarth: 278.46
stateEarth: 3.3233622029E7
stateEarth: 7.0078488153E7
stateEarth: 3.0888988266E7
stateEarth: 0.647
stateEarth: -7.857
stateEarth: -2.618
owltEarthMSL: 278.473
positionEarthWRTCuriosity: 3.3233622029E7
positionEarthWRTCuriosity: 7.0078488153E7
positionEarthWRTCuriosity: 3.0888988266E7
owltEarthMSL2: 278.473
angSepHGAEarth: 73.021
utcTime: "2016-05-05~23:09:00"
sol: 1332
sclkValue: " 1/01332:17:58:57:28551"

2018-12-22 14:26:19,663 [radio] INFO  space.exploration.mars.rover.communication.Radio - One Way Light Time computed by SPICE :: 278.46
2018-12-22 14:26:20,349 [radio] INFO  space.exploration.mars.rover.kernel.Rover - Trying to reflect rover state.Listening State Software Version - 2.0
2018-12-22 14:26:20,349 [radio] INFO  space.exploration.mars.rover.kernel.ListeningState - timeStamp: 1545506779566
targets {
  roverModule: 6
  action: "Graceful Shutdown."
}

2018-12-22 14:26:26,375 [radio] INFO  space.exploration.mars.rover.kernel.ListeningState - 1545506786375,6,Graceful Shutdown. Current instructionQueue length = 0
2018-12-22 14:26:26,376 [radio] INFO  space.exploration.mars.rover.kernel.Rover - Trying to reflect rover state.Maintenance State Software Version - 2.0
2018-12-22 14:26:26,376 [radio] INFO  space.exploration.mars.rover.kernel.ListeningState - Rover initiating a gracefulShutdown.
2018-12-22 14:26:26,376 [radio] INFO  space.exploration.mars.rover.kernel.ListeningState - Synchronizing Clocks.
2018-12-22 14:26:26,376 [radio] INFO  space.exploration.mars.rover.kernel.SclkTimingState - Synchronizing sclk and positionSensor to 2016-05-05~23:16:00
2018-12-22 14:26:26,376 [radio] INFO  space.exploration.mars.rover.kernel.SclkTimingState - Houston, expect a diagnostics pause. Shutting down paceMaker
2018-12-22 14:26:26,376 [radio] INFO  space.exploration.mars.rover.kernel.Rover - Trying to reflect rover state.SclkTiming State Software Version - 2.0
2018-12-22 14:26:26,376 [radio] INFO  space.exploration.mars.rover.diagnostics.Pacemaker - Pacemaker diagnostic module interrupted.
2018-12-22 14:26:26,376 [radio] INFO  space.exploration.mars.rover.kernel.SclkTimingState - Houston, be advised - garbageCollection is paused. Please wait before sending new signals.
2018-12-22 14:26:26,376 [radio] INFO  space.exploration.mars.rover.diagnostics.RoverGarbageCollector - RoverGC interrupted
2018-12-22 14:26:26,376 [radio] INFO  space.exploration.mars.rover.kernel.SpacecraftClock - UTCTime = 2016-05-05~23:16:00
2018-12-22 14:26:26,377 [radio] INFO  space.exploration.mars.rover.kernel.SpacecraftClock - Valid utc time ranges are dictated by clockService as follows:
2018-12-22 14:26:26,377 [radio] INFO  space.exploration.mars.rover.kernel.SpacecraftClock - APPLICABLE_START_TIME=2000-001T11:58:55.816, APPLICABLE_STOP_TIME=2017-360T19:17:40.149
2018-12-22 14:26:26,377 [radio] INFO  space.exploration.mars.rover.kernel.SpacecraftClock - Given UTC = 2016-05-05~23:16:00
2018-12-22 14:26:26,377 [radio] INFO  space.exploration.mars.rover.kernel.SpacecraftClock - Please ensure that positionSensor and sclk are synchronized
2018-12-22 14:26:26,377 [radio] INFO  space.exploration.mars.rover.kernel.PositionSensor - Synchronizing positionSensor clock to 2016-05-05~23:16:00
2018-12-22 14:26:26,378 [radio] INFO  space.exploration.mars.rover.kernel.SclkTimingState - Restarting diagnostics heartbeat
2018-12-22 14:26:26,378 [radio] INFO  space.exploration.mars.rover.diagnostics.Pacemaker - Pacemaker initialized
2018-12-22 14:26:26,378 [radio] INFO  space.exploration.mars.rover.kernel.SclkTimingState - Restarting garbageCollection
2018-12-22 14:26:26,378 [radio] INFO  space.exploration.mars.rover.diagnostics.RoverGarbageCollector - RoverGarbageCollector initialized
2018-12-22 14:26:26,378 [radio] INFO  space.exploration.mars.rover.diagnostics.RoverGarbageCollector - Starting garbageCollection
2018-12-22 14:26:26,378 [radio] INFO  space.exploration.mars.rover.kernel.Rover - Trying to reflect rover state.SclkTiming State Software Version - 2.0
2018-12-22 14:26:26,381 [radio] INFO  space.exploration.mars.rover.kernel.SpacecraftClock - Internal time::2016-05-05T23:17:00.000-04:00 sclk of::1/01332:18:05:46:04811
2018-12-22 14:26:26,382 [radio] INFO  space.exploration.mars.rover.kernel.Rover - Trying to reflect rover state.Transmitting State Software Version - 2.0
2018-12-22 14:26:32,441 [radio] INFO  space.exploration.mars.rover.kernel.PositionSensor - Houston - this is curiosityActual. ephemerisTime: 5.15763068185407E8
stateCuriosity: -3.3232818566E7
stateCuriosity: -7.0065200368E7
stateCuriosity: -3.0884202478E7
stateCuriosity: -0.634
stateCuriosity: 7.847
stateCuriosity: 2.604
owltMSLEarth: 278.429
stateEarth: 3.3234428938E7
stateEarth: 7.0068593257E7
stateEarth: 3.0885697721E7
stateEarth: 0.633
stateEarth: -7.85
stateEarth: -2.605
owltEarthMSL: 278.442
positionEarthWRTCuriosity: 3.3234428938E7
positionEarthWRTCuriosity: 7.0068593257E7
positionEarthWRTCuriosity: 3.0885697721E7
owltEarthMSL2: 278.442
angSepHGAEarth: 76.941
utcTime: "2016-05-05~23:30:00"
sol: 1332
sclkValue: " 1/01332:18:19:23:57332"

2018-12-22 14:26:32,477 [radio] INFO  space.exploration.mars.rover.communication.Radio - One Way Light Time computed by SPICE :: 278.429
2018-12-22 14:26:32,516 [radio] INFO  space.exploration.mars.rover.communication.Radio - Message encryption successful.
2018-12-22 14:26:32,516 [radio] INFO  space.exploration.mars.rover.communication.Transmitter - Sending information packet to curiosity_to_earth_6
2018-12-22 14:26:35,517 [radio] INFO  space.exploration.mars.rover.kernel.Rover - Trying to reflect rover state.Listening State Software Version - 2.0
2018-12-22 14:26:35,518 [radio] INFO  space.exploration.mars.rover.kernel.ListeningState - Sending diagnostic heartbeat.
2018-12-22 14:26:35,558 [radio] INFO  space.exploration.mars.rover.kernel.PositionSensor - Houston - this is curiosityActual. ephemerisTime: 5.15763428185407E8
stateCuriosity: -3.3233046207E7
stateCuriosity: -7.006237569E7
stateCuriosity: -3.0883265696E7
stateCuriosity: -0.63
stateCuriosity: 7.846
stateCuriosity: 2.6
owltMSLEarth: 278.42
stateEarth: 3.3234656174E7
stateEarth: 7.0065767569E7
stateEarth: 3.0884760506E7
stateEarth: 0.629
stateEarth: -7.848
stateEarth: -2.602
owltEarthMSL: 278.434
positionEarthWRTCuriosity: 3.3234656174E7
positionEarthWRTCuriosity: 7.0065767569E7
positionEarthWRTCuriosity: 3.0884760506E7
owltEarthMSL2: 278.434
angSepHGAEarth: 78.062
utcTime: "2016-05-05~23:36:00"
sol: 1332
sclkValue: " 1/01332:18:25:13:94127"

2018-12-22 14:26:35,595 [radio] INFO  space.exploration.mars.rover.kernel.SpacecraftClock - Internal time::2016-05-05T23:36:00.000-04:00 sclk of::1/01332:18:25:13:94127
2018-12-22 14:26:35,596 [radio] INFO  space.exploration.mars.rover.kernel.Rover - Trying to reflect rover state.Transmitting State Software Version - 2.0
2018-12-22 14:26:41,643 [radio] INFO  space.exploration.mars.rover.kernel.PositionSensor - Houston - this is curiosityActual. ephemerisTime: 5.15764148185407E8
stateCuriosity: -3.3233496999E7
stateCuriosity: -7.0056728015E7
stateCuriosity: -3.0881396003E7
stateCuriosity: -0.622
stateCuriosity: 7.843
stateCuriosity: 2.593
owltMSLEarth: 278.403
stateEarth: 3.3235106103E7
stateEarth: 7.0060117766E7
stateEarth: 3.0882889902E7
stateEarth: 0.621
stateEarth: -7.846
stateEarth: -2.595
owltEarthMSL: 278.416
positionEarthWRTCuriosity: 3.3235106103E7
positionEarthWRTCuriosity: 7.0060117766E7
positionEarthWRTCuriosity: 3.0882889902E7
owltEarthMSL2: 278.416
angSepHGAEarth: 80.304
utcTime: "2016-05-05~23:48:00"
sol: 1332
sclkValue: " 1/01332:18:36:54:67716"

2018-12-22 14:26:41,680 [radio] INFO  space.exploration.mars.rover.communication.Radio - One Way Light Time computed by SPICE :: 278.403
2018-12-22 14:26:41,718 [radio] INFO  space.exploration.mars.rover.communication.Radio - Message encryption successful.
2018-12-22 14:26:41,718 [radio] INFO  space.exploration.mars.rover.communication.Transmitter - Sending information packet to curiosity_to_earth_6
2018-12-22 14:26:44,719 [radio] INFO  space.exploration.mars.rover.kernel.Rover - Trying to reflect rover state.Listening State Software Version - 2.0
2018-12-22 14:26:44,719 [radio] INFO  space.exploration.mars.rover.kernel.ListeningState - Severing ties with the rover.
2018-12-22 14:26:44,719 [radio] INFO  space.exploration.mars.rover.kernel.Rover - Stopping all daemon processes.
2018-12-22 14:26:44,719 [radio] INFO  space.exploration.mars.rover.kernel.Rover -  1. Stopping Pacemaker.
2018-12-22 14:26:44,719 [radio] INFO  space.exploration.mars.rover.diagnostics.Pacemaker - Pacemaker diagnostic module shuttingDown.
2018-12-22 14:26:44,719 [radio] INFO  space.exploration.mars.rover.kernel.Rover -  2. Stopping GarbageCollector.
2018-12-22 14:26:44,719 [radio] INFO  space.exploration.mars.rover.diagnostics.RoverGarbageCollector - RoverGC shuttingDown.
2018-12-22 14:26:44,719 [radio] INFO  space.exploration.mars.rover.kernel.Rover -  3. Stopping BatteryMonitor. 
2018-12-22 14:26:44,719 [radio] INFO  space.exploration.mars.rover.kernel.Rover -  4. Stopping SleepMonitor. 
2018-12-22 14:26:44,719 [radio] INFO  space.exploration.mars.rover.diagnostics.SleepMonitor - SleepMonitor is shuttingDown.
2018-12-22 14:26:44,720 [radio] INFO  space.exploration.mars.rover.kernel.Rover -  5. Stopping PositionSensor.
2018-12-22 14:26:44,720 [radio] INFO  space.exploration.mars.rover.kernel.PositionSensor - PositionSensor is shutting down.
2018-12-22 14:26:44,720 [radio] INFO  space.exploration.mars.rover.kernel.Rover - 6. Saving properties file. 
2018-12-22 14:26:44,720 [radio] INFO  space.exploration.mars.rover.kernel.Rover - Writing properties file to :: src/main/resources/marsConfig.properties
2018-12-22 14:26:44,720 [radio] INFO  space.exploration.mars.rover.kernel.Rover -  7. Stopping SpacecraftClock. 
2018-12-22 14:26:44,720 [radio] INFO  space.exploration.mars.rover.kernel.SpacecraftClock - SpacecraftClock shuttingDown.
2018-12-22 14:26:44,720 [radio] INFO  space.exploration.mars.rover.kernel.Rover -  8. Shutting down graphics.
2018-12-22 14:26:44,734 [radio] INFO  space.exploration.mars.rover.kernel.Rover -  9. Stopping Radio Communications.
2018-12-22 14:26:44,734 [radio] INFO  space.exploration.mars.rover.communication.Radio - Radio stopped
2018-12-22 14:26:44,734 [radio] INFO  space.exploration.mars.rover.kernel.ListeningState - No pre-existing launcher process found. Shutting down system.
2018-12-22 14:26:44,734 [radio] INFO  space.exploration.mars.rover.kernel.Rover - Houston this is Curiosity saying goodbye! Hope I did OK!
