2018-01-19 18:49:12,146 [roverMain] INFO space.exploration.mars.rover.kernel.SpacecraftClock  - Valid utc time ranges are dictated by clockService as follows:
2018-01-19 18:49:12,147 [roverMain] INFO space.exploration.mars.rover.kernel.SpacecraftClock  - APPLICABLE_START_TIME=2000-001T11:58:55.816, APPLICABLE_STOP_TIME=2017-360T19:17:40.149
2018-01-19 18:49:12,147 [roverMain] INFO space.exploration.mars.rover.kernel.SpacecraftClock  - Given UTC = 2016-04-26~06:39:00
2018-01-19 18:49:12,147 [roverMain] INFO space.exploration.mars.rover.kernel.SpacecraftClock  - Please ensure that positionSensor and sclk are synchronized
2018-01-19 18:49:12,153 [roverMain] INFO space.exploration.mars.rover.kernel.SpacecraftClock  - Curiosity internal spacecraft clock started at :: 2016-04-26T11:39:00.000Z
2018-01-19 18:49:12,153 [roverMain] INFO space.exploration.mars.rover.kernel.SpacecraftClock  - Mission duration is set to :: 1 year(s).
2018-01-19 18:49:12,153 [roverMain] INFO space.exploration.mars.rover.kernel.SpacecraftClock  - Mission duration = 31536000000
2018-01-19 18:49:16,328 [roverMain] INFO space.exploration.mars.rover.diagnostics.RoverGarbageCollector  - Starting garbageCollection
2018-01-19 18:49:18,330 [roverMain] INFO space.exploration.mars.rover.kernel.Rover  - Rover current position is = java.awt.Point[x=525,y=100]
2018-01-19 18:49:19,333 [roverMain] INFO space.exploration.mars.rover.sensor.Lidar  - Lidar initialized and ready!
2018-01-19 18:49:20,336 [roverMain] INFO space.exploration.mars.rover.sensor.Spectrometer  - Spectrometer initialized and ready!
2018-01-19 18:49:21,609 [roverMain] INFO space.exploration.mars.rover.sensor.Camera  - Camera initialized and ready!
2018-01-19 18:49:22,613 [roverMain] INFO space.exploration.mars.rover.sensor.Radar  - Radar configured:: 
2018-01-19 18:49:23,839 [roverMain] INFO space.exploration.mars.rover.power.Battery  - Battery configured, batteryLife:primaryPowerUnits = 1200 auxiliaryPowerUnits = 100 alertThreshold: 100 rechargeTime = 60000
2018-01-19 18:49:24,842 [roverMain] INFO space.exploration.mars.rover.kernel.Rover  - Battery Monitor configured!
2018-01-19 18:49:24,867 [roverMain] INFO org.apache.kafka.clients.producer.ProducerConfig  - ProducerConfig values: 
	metric.reporters = []
	metadata.max.age.ms = 300000
	reconnect.backoff.ms = 50
	sasl.kerberos.ticket.renew.window.factor = 0.8
	bootstrap.servers = [localhost:9092]
	ssl.keystore.type = JKS
	sasl.mechanism = GSSAPI
	max.block.ms = 60000
	interceptor.classes = null
	ssl.truststore.password = null
	client.id = 
	ssl.endpoint.identification.algorithm = null
	request.timeout.ms = 30000
	acks = 1
	receive.buffer.bytes = 32768
	ssl.truststore.type = JKS
	retries = 0
	ssl.truststore.location = null
	ssl.keystore.password = null
	send.buffer.bytes = 131072
	compression.type = none
	metadata.fetch.timeout.ms = 60000
	retry.backoff.ms = 100
	sasl.kerberos.kinit.cmd = /usr/bin/kinit
	buffer.memory = 33554432
	timeout.ms = 30000
	key.serializer = class org.apache.kafka.common.serialization.StringSerializer
	sasl.kerberos.service.name = null
	sasl.kerberos.ticket.renew.jitter = 0.05
	ssl.trustmanager.algorithm = PKIX
	block.on.buffer.full = false
	ssl.key.password = null
	sasl.kerberos.min.time.before.relogin = 60000
	connections.max.idle.ms = 540000
	max.in.flight.requests.per.connection = 5
	metrics.num.samples = 2
	ssl.protocol = TLS
	ssl.provider = null
	ssl.enabled.protocols = [TLSv1.2, TLSv1.1, TLSv1]
	batch.size = 16384
	ssl.keystore.location = null
	ssl.cipher.suites = null
	security.protocol = PLAINTEXT
	max.request.size = 1048576
	value.serializer = class org.apache.kafka.common.serialization.ByteArraySerializer
	ssl.keymanager.algorithm = SunX509
	metrics.sample.window.ms = 30000
	partitioner.class = class org.apache.kafka.clients.producer.internals.DefaultPartitioner
	linger.ms = 0

2018-01-19 18:49:24,942 [roverMain] INFO org.apache.kafka.clients.producer.ProducerConfig  - ProducerConfig values: 
	metric.reporters = []
	metadata.max.age.ms = 300000
	reconnect.backoff.ms = 50
	sasl.kerberos.ticket.renew.window.factor = 0.8
	bootstrap.servers = [localhost:9092]
	ssl.keystore.type = JKS
	sasl.mechanism = GSSAPI
	max.block.ms = 60000
	interceptor.classes = null
	ssl.truststore.password = null
	client.id = producer-1
	ssl.endpoint.identification.algorithm = null
	request.timeout.ms = 30000
	acks = 1
	receive.buffer.bytes = 32768
	ssl.truststore.type = JKS
	retries = 0
	ssl.truststore.location = null
	ssl.keystore.password = null
	send.buffer.bytes = 131072
	compression.type = none
	metadata.fetch.timeout.ms = 60000
	retry.backoff.ms = 100
	sasl.kerberos.kinit.cmd = /usr/bin/kinit
	buffer.memory = 33554432
	timeout.ms = 30000
	key.serializer = class org.apache.kafka.common.serialization.StringSerializer
	sasl.kerberos.service.name = null
	sasl.kerberos.ticket.renew.jitter = 0.05
	ssl.trustmanager.algorithm = PKIX
	block.on.buffer.full = false
	ssl.key.password = null
	sasl.kerberos.min.time.before.relogin = 60000
	connections.max.idle.ms = 540000
	max.in.flight.requests.per.connection = 5
	metrics.num.samples = 2
	ssl.protocol = TLS
	ssl.provider = null
	ssl.enabled.protocols = [TLSv1.2, TLSv1.1, TLSv1]
	batch.size = 16384
	ssl.keystore.location = null
	ssl.cipher.suites = null
	security.protocol = PLAINTEXT
	max.request.size = 1048576
	value.serializer = class org.apache.kafka.common.serialization.ByteArraySerializer
	ssl.keymanager.algorithm = SunX509
	metrics.sample.window.ms = 30000
	partitioner.class = class org.apache.kafka.clients.producer.internals.DefaultPartitioner
	linger.ms = 0

2018-01-19 18:49:24,943 [roverMain] WARN org.apache.kafka.clients.producer.ProducerConfig  - The configuration zookeeper.connect = localhost:2181 was supplied but isn't a known config.
2018-01-19 18:49:24,943 [roverMain] WARN org.apache.kafka.clients.producer.ProducerConfig  - The configuration group.id = space.exploration.mars.rover.curiosity.1516409349897 was supplied but isn't a known config.
2018-01-19 18:49:24,943 [roverMain] WARN org.apache.kafka.clients.producer.ProducerConfig  - The configuration source.topic = earth_to_curiosity_5 was supplied but isn't a known config.
2018-01-19 18:49:24,943 [roverMain] WARN org.apache.kafka.clients.producer.ProducerConfig  - The configuration auto.offset.reset = largest was supplied but isn't a known config.
2018-01-19 18:49:24,943 [roverMain] WARN org.apache.kafka.clients.producer.ProducerConfig  - The configuration metadata.broker.list = localhost:9092 was supplied but isn't a known config.
2018-01-19 18:49:24,943 [roverMain] WARN org.apache.kafka.clients.producer.ProducerConfig  - The configuration destination.topic = curiosity_to_earth_5 was supplied but isn't a known config.
2018-01-19 18:49:24,944 [roverMain] INFO org.apache.kafka.common.utils.AppInfoParser  - Kafka version : 0.10.0.1
2018-01-19 18:49:24,944 [roverMain] INFO org.apache.kafka.common.utils.AppInfoParser  - Kafka commitId : a7a17cdec9eaa6c5
2018-01-19 18:49:25,067 [roverMain] INFO kafka.utils.VerifiableProperties  - Verifying properties
2018-01-19 18:49:25,087 [roverMain] INFO kafka.utils.VerifiableProperties  - Property auto.offset.reset is overridden to largest
2018-01-19 18:49:25,087 [roverMain] WARN kafka.utils.VerifiableProperties  - Property bootstrap.servers is not valid
2018-01-19 18:49:25,087 [roverMain] WARN kafka.utils.VerifiableProperties  - Property destination.topic is not valid
2018-01-19 18:49:25,087 [roverMain] INFO kafka.utils.VerifiableProperties  - Property group.id is overridden to space.exploration.mars.rover.curiosity.1516409349897
2018-01-19 18:49:25,087 [roverMain] WARN kafka.utils.VerifiableProperties  - Property key.serializer is not valid
2018-01-19 18:49:25,087 [roverMain] WARN kafka.utils.VerifiableProperties  - Property metadata.broker.list is not valid
2018-01-19 18:49:25,087 [roverMain] WARN kafka.utils.VerifiableProperties  - Property source.topic is not valid
2018-01-19 18:49:25,087 [roverMain] WARN kafka.utils.VerifiableProperties  - Property value.serializer is not valid
2018-01-19 18:49:25,088 [roverMain] INFO kafka.utils.VerifiableProperties  - Property zookeeper.connect is overridden to localhost:2181
2018-01-19 18:49:25,120 [roverMain] INFO kafka.consumer.ZookeeperConsumerConnector  - [space.exploration.mars.rover.curiosity.1516409349897_zion-mainframe-1516409365119-a915a8a5], Connecting to zookeeper instance at localhost:2181
2018-01-19 18:49:25,127 [ZkClient-EventThread-29-localhost:2181] INFO org.I0Itec.zkclient.ZkEventThread  - Starting ZkClient event thread.
2018-01-19 18:49:25,131 [roverMain] INFO org.apache.zookeeper.ZooKeeper  - Client environment:zookeeper.version=3.4.6-1569965, built on 02/20/2014 09:09 GMT
2018-01-19 18:49:25,132 [roverMain] INFO org.apache.zookeeper.ZooKeeper  - Client environment:host.name=zion-mainframe
2018-01-19 18:49:25,132 [roverMain] INFO org.apache.zookeeper.ZooKeeper  - Client environment:java.version=1.8.0_151
2018-01-19 18:49:25,132 [roverMain] INFO org.apache.zookeeper.ZooKeeper  - Client environment:java.vendor=Oracle Corporation
2018-01-19 18:49:25,132 [roverMain] INFO org.apache.zookeeper.ZooKeeper  - Client environment:java.home=/usr/lib/jvm/java-8-openjdk-amd64/jre
2018-01-19 18:49:25,132 [roverMain] INFO org.apache.zookeeper.ZooKeeper  - Client environment:java.class.path=target/mars.rover-1.5-SOLSHOT-shaded.jar
2018-01-19 18:49:25,132 [roverMain] INFO org.apache.zookeeper.ZooKeeper  - Client environment:java.library.path=$LD_LIBRARY_PATH:"/home/sanket/Documents/workspace/SpiceUtilities/src/main/resources/JNISpice/lib/libJNISpice.so":/home/sanket/Documents/workspace/SpiceUtilities/src/main/resources/JNISpice/lib/libJNISpice.so:/usr/java/packages/lib/amd64:/usr/lib/x86_64-linux-gnu/jni:/lib/x86_64-linux-gnu:/usr/lib/x86_64-linux-gnu:/usr/lib/jni:/lib:/usr/lib
2018-01-19 18:49:25,132 [roverMain] INFO org.apache.zookeeper.ZooKeeper  - Client environment:java.io.tmpdir=/tmp
2018-01-19 18:49:25,132 [roverMain] INFO org.apache.zookeeper.ZooKeeper  - Client environment:java.compiler=<NA>
2018-01-19 18:49:25,132 [roverMain] INFO org.apache.zookeeper.ZooKeeper  - Client environment:os.name=Linux
2018-01-19 18:49:25,132 [roverMain] INFO org.apache.zookeeper.ZooKeeper  - Client environment:os.arch=amd64
2018-01-19 18:49:25,132 [roverMain] INFO org.apache.zookeeper.ZooKeeper  - Client environment:os.version=4.13.0-26-generic
2018-01-19 18:49:25,132 [roverMain] INFO org.apache.zookeeper.ZooKeeper  - Client environment:user.name=sanket
2018-01-19 18:49:25,132 [roverMain] INFO org.apache.zookeeper.ZooKeeper  - Client environment:user.home=/home/sanket
2018-01-19 18:49:25,132 [roverMain] INFO org.apache.zookeeper.ZooKeeper  - Client environment:user.dir=/home/sanket/Documents/workspace/MarsRover/mars.rover
2018-01-19 18:49:25,132 [roverMain] INFO org.apache.zookeeper.ZooKeeper  - Initiating client connection, connectString=localhost:2181 sessionTimeout=6000 watcher=org.I0Itec.zkclient.ZkClient@6ed3ccb2
2018-01-19 18:49:25,140 [roverMain] INFO org.I0Itec.zkclient.ZkClient  - Waiting for keeper state SyncConnected
2018-01-19 18:49:25,143 [roverMain-SendThread(localhost:2181)] INFO org.apache.zookeeper.ClientCnxn  - Opening socket connection to server localhost/127.0.0.1:2181. Will not attempt to authenticate using SASL (unknown error)
2018-01-19 18:49:25,147 [roverMain-SendThread(localhost:2181)] WARN org.apache.zookeeper.ClientCnxn  - Session 0x0 for server null, unexpected error, closing socket connection and attempting reconnect
java.net.ConnectException: Connection refused
	at sun.nio.ch.SocketChannelImpl.checkConnect(Native Method)
	at sun.nio.ch.SocketChannelImpl.finishConnect(SocketChannelImpl.java:717)
	at org.apache.zookeeper.ClientCnxnSocketNIO.doTransport(ClientCnxnSocketNIO.java:361)
	at org.apache.zookeeper.ClientCnxn$SendThread.run(ClientCnxn.java:1081)
2018-01-19 18:49:26,251 [roverMain-SendThread(localhost:2181)] INFO org.apache.zookeeper.ClientCnxn  - Opening socket connection to server localhost/127.0.0.1:2181. Will not attempt to authenticate using SASL (unknown error)
2018-01-19 18:49:26,252 [roverMain-SendThread(localhost:2181)] WARN org.apache.zookeeper.ClientCnxn  - Session 0x0 for server null, unexpected error, closing socket connection and attempting reconnect
java.net.ConnectException: Connection refused
	at sun.nio.ch.SocketChannelImpl.checkConnect(Native Method)
	at sun.nio.ch.SocketChannelImpl.finishConnect(SocketChannelImpl.java:717)
	at org.apache.zookeeper.ClientCnxnSocketNIO.doTransport(ClientCnxnSocketNIO.java:361)
	at org.apache.zookeeper.ClientCnxn$SendThread.run(ClientCnxn.java:1081)
2018-01-19 18:49:27,354 [roverMain-SendThread(localhost:2181)] INFO org.apache.zookeeper.ClientCnxn  - Opening socket connection to server localhost/127.0.0.1:2181. Will not attempt to authenticate using SASL (unknown error)
2018-01-19 18:49:27,355 [roverMain-SendThread(localhost:2181)] WARN org.apache.zookeeper.ClientCnxn  - Session 0x0 for server null, unexpected error, closing socket connection and attempting reconnect
java.net.ConnectException: Connection refused
	at sun.nio.ch.SocketChannelImpl.checkConnect(Native Method)
	at sun.nio.ch.SocketChannelImpl.finishConnect(SocketChannelImpl.java:717)
	at org.apache.zookeeper.ClientCnxnSocketNIO.doTransport(ClientCnxnSocketNIO.java:361)
	at org.apache.zookeeper.ClientCnxn$SendThread.run(ClientCnxn.java:1081)
2018-01-19 18:49:28,456 [roverMain-SendThread(localhost:2181)] INFO org.apache.zookeeper.ClientCnxn  - Opening socket connection to server localhost/127.0.0.1:2181. Will not attempt to authenticate using SASL (unknown error)
2018-01-19 18:49:28,457 [roverMain-SendThread(localhost:2181)] WARN org.apache.zookeeper.ClientCnxn  - Session 0x0 for server null, unexpected error, closing socket connection and attempting reconnect
java.net.ConnectException: Connection refused
	at sun.nio.ch.SocketChannelImpl.checkConnect(Native Method)
	at sun.nio.ch.SocketChannelImpl.finishConnect(SocketChannelImpl.java:717)
	at org.apache.zookeeper.ClientCnxnSocketNIO.doTransport(ClientCnxnSocketNIO.java:361)
	at org.apache.zookeeper.ClientCnxn$SendThread.run(ClientCnxn.java:1081)
2018-01-19 18:49:29,558 [roverMain-SendThread(localhost:2181)] INFO org.apache.zookeeper.ClientCnxn  - Opening socket connection to server localhost/127.0.0.1:2181. Will not attempt to authenticate using SASL (unknown error)
2018-01-19 18:49:29,559 [roverMain-SendThread(localhost:2181)] WARN org.apache.zookeeper.ClientCnxn  - Session 0x0 for server null, unexpected error, closing socket connection and attempting reconnect
java.net.ConnectException: Connection refused
	at sun.nio.ch.SocketChannelImpl.checkConnect(Native Method)
	at sun.nio.ch.SocketChannelImpl.finishConnect(SocketChannelImpl.java:717)
	at org.apache.zookeeper.ClientCnxnSocketNIO.doTransport(ClientCnxnSocketNIO.java:361)
	at org.apache.zookeeper.ClientCnxn$SendThread.run(ClientCnxn.java:1081)
2018-01-19 18:49:30,660 [roverMain-SendThread(localhost:2181)] INFO org.apache.zookeeper.ClientCnxn  - Opening socket connection to server localhost/127.0.0.1:2181. Will not attempt to authenticate using SASL (unknown error)
2018-01-19 18:49:30,661 [roverMain-SendThread(localhost:2181)] WARN org.apache.zookeeper.ClientCnxn  - Session 0x0 for server null, unexpected error, closing socket connection and attempting reconnect
java.net.ConnectException: Connection refused
	at sun.nio.ch.SocketChannelImpl.checkConnect(Native Method)
	at sun.nio.ch.SocketChannelImpl.finishConnect(SocketChannelImpl.java:717)
	at org.apache.zookeeper.ClientCnxnSocketNIO.doTransport(ClientCnxnSocketNIO.java:361)
	at org.apache.zookeeper.ClientCnxn$SendThread.run(ClientCnxn.java:1081)
2018-01-19 18:49:31,141 [ZkClient-EventThread-29-localhost:2181] INFO org.I0Itec.zkclient.ZkEventThread  - Terminate ZkClient event thread.
2018-01-19 18:49:31,763 [roverMain-SendThread(localhost:2181)] INFO org.apache.zookeeper.ClientCnxn  - Opening socket connection to server localhost/127.0.0.1:2181. Will not attempt to authenticate using SASL (unknown error)
2018-01-19 18:49:31,867 [roverMain] INFO org.apache.zookeeper.ZooKeeper  - Session: 0x0 closed
2018-01-19 18:49:31,867 [roverMain-EventThread] INFO org.apache.zookeeper.ClientCnxn  - EventThread shut down
2018-01-19 18:49:31,871 [spacecraftClock] INFO space.exploration.mars.rover.sensor.DANSpectrometer  - Commencing calibration for DAN Spectrometer for sol = 1323
2018-01-19 18:49:31,881 [remsCalibrationThread0] INFO space.exploration.mars.rover.sensor.WeatherSensor  - ThreadId = 0 started for remsCalibration for sol = 1323
2018-01-19 18:49:31,883 [remsCalibrationThread1] INFO space.exploration.mars.rover.sensor.WeatherSensor  - ThreadId = 1 started for remsCalibration for sol = 1323
2018-01-19 18:49:31,887 [remsCalibrationThread2] INFO space.exploration.mars.rover.sensor.WeatherSensor  - ThreadId = 2 started for remsCalibration for sol = 1323
2018-01-19 18:49:31,887 [remsCalibrationThread3] INFO space.exploration.mars.rover.sensor.WeatherSensor  - ThreadId = 3 started for remsCalibration for sol = 1323
2018-01-19 18:49:31,894 [remsCalibrationThread5] INFO space.exploration.mars.rover.sensor.WeatherSensor  - ThreadId = 5 started for remsCalibration for sol = 1323
2018-01-19 18:49:31,898 [remsCalibrationThread7] INFO space.exploration.mars.rover.sensor.WeatherSensor  - ThreadId = 7 started for remsCalibration for sol = 1323
2018-01-19 18:49:31,897 [remsCalibrationThread9] INFO space.exploration.mars.rover.sensor.WeatherSensor  - ThreadId = 9 started for remsCalibration for sol = 1323
2018-01-19 18:49:31,897 [remsCalibrationThread8] INFO space.exploration.mars.rover.sensor.WeatherSensor  - ThreadId = 8 started for remsCalibration for sol = 1323
2018-01-19 18:49:31,894 [remsCalibrationThread6] INFO space.exploration.mars.rover.sensor.WeatherSensor  - ThreadId = 6 started for remsCalibration for sol = 1323
2018-01-19 18:49:31,900 [remsCalibrationThread22] INFO space.exploration.mars.rover.sensor.WeatherSensor  - ThreadId = 22 started for remsCalibration for sol = 1323
2018-01-19 18:49:31,901 [remsCalibrationThread24] INFO space.exploration.mars.rover.sensor.WeatherSensor  - ThreadId = 24 started for remsCalibration for sol = 1323
2018-01-19 18:49:31,901 [remsCalibrationThread21] INFO space.exploration.mars.rover.sensor.WeatherSensor  - ThreadId = 21 started for remsCalibration for sol = 1323
2018-01-19 18:49:31,901 [remsCalibrationThread17] INFO space.exploration.mars.rover.sensor.WeatherSensor  - ThreadId = 17 started for remsCalibration for sol = 1323
2018-01-19 18:49:31,900 [remsCalibrationThread19] INFO space.exploration.mars.rover.sensor.WeatherSensor  - ThreadId = 19 started for remsCalibration for sol = 1323
2018-01-19 18:49:31,902 [remsCalibrationThread10] INFO space.exploration.mars.rover.sensor.WeatherSensor  - ThreadId = 10 started for remsCalibration for sol = 1323
2018-01-19 18:49:31,902 [remsCalibrationThread4] INFO space.exploration.mars.rover.sensor.WeatherSensor  - ThreadId = 4 started for remsCalibration for sol = 1323
2018-01-19 18:49:31,901 [remsCalibrationThread20] INFO space.exploration.mars.rover.sensor.WeatherSensor  - ThreadId = 20 started for remsCalibration for sol = 1323
2018-01-19 18:49:31,902 [remsCalibrationThread23] INFO space.exploration.mars.rover.sensor.WeatherSensor  - ThreadId = 23 started for remsCalibration for sol = 1323
2018-01-19 18:49:31,902 [remsCalibrationThread12] INFO space.exploration.mars.rover.sensor.WeatherSensor  - ThreadId = 12 started for remsCalibration for sol = 1323
2018-01-19 18:49:31,902 [remsCalibrationThread25] INFO space.exploration.mars.rover.sensor.WeatherSensor  - ThreadId = 25 started for remsCalibration for sol = 1323
2018-01-19 18:49:31,901 [remsCalibrationThread11] INFO space.exploration.mars.rover.sensor.WeatherSensor  - ThreadId = 11 started for remsCalibration for sol = 1323
2018-01-19 18:49:31,902 [remsCalibrationThread27] INFO space.exploration.mars.rover.sensor.WeatherSensor  - ThreadId = 27 started for remsCalibration for sol = 1323
2018-01-19 18:49:31,901 [remsCalibrationThread13] INFO space.exploration.mars.rover.sensor.WeatherSensor  - ThreadId = 13 started for remsCalibration for sol = 1323
2018-01-19 18:49:31,901 [remsCalibrationThread14] INFO space.exploration.mars.rover.sensor.WeatherSensor  - ThreadId = 14 started for remsCalibration for sol = 1323
2018-01-19 18:49:31,901 [remsCalibrationThread15] INFO space.exploration.mars.rover.sensor.WeatherSensor  - ThreadId = 15 started for remsCalibration for sol = 1323
2018-01-19 18:49:31,901 [remsCalibrationThread16] INFO space.exploration.mars.rover.sensor.WeatherSensor  - ThreadId = 16 started for remsCalibration for sol = 1323
2018-01-19 18:49:31,901 [remsCalibrationThread18] INFO space.exploration.mars.rover.sensor.WeatherSensor  - ThreadId = 18 started for remsCalibration for sol = 1323
2018-01-19 18:49:31,903 [remsCalibrationThread29] INFO space.exploration.mars.rover.sensor.WeatherSensor  - ThreadId = 29 started for remsCalibration for sol = 1323
2018-01-19 18:49:31,903 [remsCalibrationThread28] INFO space.exploration.mars.rover.sensor.WeatherSensor  - ThreadId = 28 started for remsCalibration for sol = 1323
2018-01-19 18:49:31,902 [remsCalibrationThread26] INFO space.exploration.mars.rover.sensor.WeatherSensor  - ThreadId = 26 started for remsCalibration for sol = 1323
2018-01-19 18:49:31,904 [remsCalibrationThread31] INFO space.exploration.mars.rover.sensor.WeatherSensor  - ThreadId = 31 started for remsCalibration for sol = 1323
2018-01-19 18:49:31,904 [remsCalibrationThread30] INFO space.exploration.mars.rover.sensor.WeatherSensor  - ThreadId = 30 started for remsCalibration for sol = 1323
2018-01-19 18:49:31,912 [remsCalibrationThread33] INFO space.exploration.mars.rover.sensor.WeatherSensor  - ThreadId = 33 started for remsCalibration for sol = 1323
2018-01-19 18:49:31,912 [remsCalibrationThread35] INFO space.exploration.mars.rover.sensor.WeatherSensor  - ThreadId = 35 started for remsCalibration for sol = 1323
2018-01-19 18:49:31,912 [remsCalibrationThread36] INFO space.exploration.mars.rover.sensor.WeatherSensor  - ThreadId = 36 started for remsCalibration for sol = 1323
2018-01-19 18:49:31,912 [remsCalibrationThread37] INFO space.exploration.mars.rover.sensor.WeatherSensor  - ThreadId = 37 started for remsCalibration for sol = 1323
2018-01-19 18:49:31,912 [remsCalibrationThread38] INFO space.exploration.mars.rover.sensor.WeatherSensor  - ThreadId = 38 started for remsCalibration for sol = 1323
2018-01-19 18:49:31,912 [remsCalibrationThread39] INFO space.exploration.mars.rover.sensor.WeatherSensor  - ThreadId = 39 started for remsCalibration for sol = 1323
2018-01-19 18:49:31,912 [remsCalibrationThread34] INFO space.exploration.mars.rover.sensor.WeatherSensor  - ThreadId = 34 started for remsCalibration for sol = 1323
2018-01-19 18:49:31,912 [remsCalibrationThread32] INFO space.exploration.mars.rover.sensor.WeatherSensor  - ThreadId = 32 started for remsCalibration for sol = 1323
2018-01-19 18:49:31,912 [remsCalibrationThread40] INFO space.exploration.mars.rover.sensor.WeatherSensor  - ThreadId = 40 started for remsCalibration for sol = 1323
2018-01-19 18:49:31,913 [remsCalibrationThread41] INFO space.exploration.mars.rover.sensor.WeatherSensor  - ThreadId = 41 started for remsCalibration for sol = 1323
2018-01-19 18:49:31,913 [remsCalibrationThread42] INFO space.exploration.mars.rover.sensor.WeatherSensor  - ThreadId = 42 started for remsCalibration for sol = 1323
2018-01-19 18:49:31,913 [remsCalibrationThread43] INFO space.exploration.mars.rover.sensor.WeatherSensor  - ThreadId = 43 started for remsCalibration for sol = 1323
2018-01-19 18:49:31,913 [remsCalibrationThread44] INFO space.exploration.mars.rover.sensor.WeatherSensor  - ThreadId = 44 started for remsCalibration for sol = 1323
2018-01-19 18:49:31,913 [remsCalibrationThread45] INFO space.exploration.mars.rover.sensor.WeatherSensor  - ThreadId = 45 started for remsCalibration for sol = 1323
2018-01-19 18:49:31,913 [remsCalibrationThread46] INFO space.exploration.mars.rover.sensor.WeatherSensor  - ThreadId = 46 started for remsCalibration for sol = 1323
2018-01-19 18:49:31,914 [remsCalibrationThread47] INFO space.exploration.mars.rover.sensor.WeatherSensor  - ThreadId = 47 started for remsCalibration for sol = 1323
2018-01-19 18:49:31,914 [remsCalibrationThread48] INFO space.exploration.mars.rover.sensor.WeatherSensor  - ThreadId = 48 started for remsCalibration for sol = 1323
2018-01-19 18:49:31,914 [remsCalibrationThread49] INFO space.exploration.mars.rover.sensor.WeatherSensor  - ThreadId = 49 started for remsCalibration for sol = 1323
2018-01-19 18:49:31,914 [remsCalibrationThread50] INFO space.exploration.mars.rover.sensor.WeatherSensor  - ThreadId = 50 started for remsCalibration for sol = 1323
2018-01-19 18:49:31,915 [remsCalibrationThread51] INFO space.exploration.mars.rover.sensor.WeatherSensor  - ThreadId = 51 started for remsCalibration for sol = 1323
2018-01-19 18:49:31,915 [remsCalibrationThread52] INFO space.exploration.mars.rover.sensor.WeatherSensor  - ThreadId = 52 started for remsCalibration for sol = 1323
2018-01-19 18:49:31,915 [remsCalibrationThread53] INFO space.exploration.mars.rover.sensor.WeatherSensor  - ThreadId = 53 started for remsCalibration for sol = 1323
2018-01-19 18:49:31,916 [remsCalibrationThread54] INFO space.exploration.mars.rover.sensor.WeatherSensor  - ThreadId = 54 started for remsCalibration for sol = 1323
2018-01-19 18:49:31,916 [remsCalibrationThread55] INFO space.exploration.mars.rover.sensor.WeatherSensor  - ThreadId = 55 started for remsCalibration for sol = 1323
2018-01-19 18:49:31,916 [remsCalibrationThread56] INFO space.exploration.mars.rover.sensor.WeatherSensor  - ThreadId = 56 started for remsCalibration for sol = 1323
2018-01-19 18:49:31,917 [remsCalibrationThread57] INFO space.exploration.mars.rover.sensor.WeatherSensor  - ThreadId = 57 started for remsCalibration for sol = 1323
2018-01-19 18:49:31,917 [remsCalibrationThread58] INFO space.exploration.mars.rover.sensor.WeatherSensor  - ThreadId = 58 started for remsCalibration for sol = 1323
2018-01-19 18:49:31,919 [remsCalibrationThread64] INFO space.exploration.mars.rover.sensor.WeatherSensor  - ThreadId = 64 started for remsCalibration for sol = 1323
2018-01-19 18:49:31,919 [remsCalibrationThread63] INFO space.exploration.mars.rover.sensor.WeatherSensor  - ThreadId = 63 started for remsCalibration for sol = 1323
2018-01-19 18:49:31,918 [remsCalibrationThread59] INFO space.exploration.mars.rover.sensor.WeatherSensor  - ThreadId = 59 started for remsCalibration for sol = 1323
2018-01-19 18:49:31,918 [remsCalibrationThread62] INFO space.exploration.mars.rover.sensor.WeatherSensor  - ThreadId = 62 started for remsCalibration for sol = 1323
2018-01-19 18:49:31,919 [remsCalibrationThread66] INFO space.exploration.mars.rover.sensor.WeatherSensor  - ThreadId = 66 started for remsCalibration for sol = 1323
2018-01-19 18:49:31,918 [remsCalibrationThread61] INFO space.exploration.mars.rover.sensor.WeatherSensor  - ThreadId = 61 started for remsCalibration for sol = 1323
2018-01-19 18:49:31,918 [remsCalibrationThread60] INFO space.exploration.mars.rover.sensor.WeatherSensor  - ThreadId = 60 started for remsCalibration for sol = 1323
2018-01-19 18:49:31,919 [remsCalibrationThread65] INFO space.exploration.mars.rover.sensor.WeatherSensor  - ThreadId = 65 started for remsCalibration for sol = 1323
2018-01-19 18:49:31,920 [remsCalibrationThread67] INFO space.exploration.mars.rover.sensor.WeatherSensor  - ThreadId = 67 started for remsCalibration for sol = 1323
2018-01-19 18:49:31,920 [remsCalibrationThread68] INFO space.exploration.mars.rover.sensor.WeatherSensor  - ThreadId = 68 started for remsCalibration for sol = 1323
2018-01-19 18:49:31,920 [remsCalibrationThread69] INFO space.exploration.mars.rover.sensor.WeatherSensor  - ThreadId = 69 started for remsCalibration for sol = 1323
2018-01-19 18:49:31,921 [remsCalibrationThread70] INFO space.exploration.mars.rover.sensor.WeatherSensor  - ThreadId = 70 started for remsCalibration for sol = 1323
2018-01-19 18:49:31,921 [remsCalibrationThread71] INFO space.exploration.mars.rover.sensor.WeatherSensor  - ThreadId = 71 started for remsCalibration for sol = 1323
2018-01-19 18:49:31,921 [remsCalibrationThread72] INFO space.exploration.mars.rover.sensor.WeatherSensor  - ThreadId = 72 started for remsCalibration for sol = 1323
2018-01-19 18:49:31,921 [remsCalibrationThread73] INFO space.exploration.mars.rover.sensor.WeatherSensor  - ThreadId = 73 started for remsCalibration for sol = 1323
2018-01-19 18:49:31,921 [remsCalibrationThread74] INFO space.exploration.mars.rover.sensor.WeatherSensor  - ThreadId = 74 started for remsCalibration for sol = 1323
2018-01-19 18:49:31,921 [remsCalibrationThread75] INFO space.exploration.mars.rover.sensor.WeatherSensor  - ThreadId = 75 started for remsCalibration for sol = 1323
2018-01-19 18:49:31,922 [remsCalibrationThread76] INFO space.exploration.mars.rover.sensor.WeatherSensor  - ThreadId = 76 started for remsCalibration for sol = 1323
2018-01-19 18:49:31,922 [remsCalibrationThread77] INFO space.exploration.mars.rover.sensor.WeatherSensor  - ThreadId = 77 started for remsCalibration for sol = 1323
2018-01-19 18:49:31,922 [remsCalibrationThread78] INFO space.exploration.mars.rover.sensor.WeatherSensor  - ThreadId = 78 started for remsCalibration for sol = 1323
2018-01-19 18:49:31,922 [remsCalibrationThread79] INFO space.exploration.mars.rover.sensor.WeatherSensor  - ThreadId = 79 started for remsCalibration for sol = 1323
2018-01-19 18:49:31,922 [remsCalibrationThread80] INFO space.exploration.mars.rover.sensor.WeatherSensor  - ThreadId = 80 started for remsCalibration for sol = 1323
2018-01-19 18:49:31,922 [remsCalibrationThread81] INFO space.exploration.mars.rover.sensor.WeatherSensor  - ThreadId = 81 started for remsCalibration for sol = 1323
2018-01-19 18:49:31,923 [remsCalibrationThread82] INFO space.exploration.mars.rover.sensor.WeatherSensor  - ThreadId = 82 started for remsCalibration for sol = 1323
2018-01-19 18:49:31,923 [remsCalibrationThread83] INFO space.exploration.mars.rover.sensor.WeatherSensor  - ThreadId = 83 started for remsCalibration for sol = 1323
2018-01-19 18:49:31,923 [remsCalibrationThread84] INFO space.exploration.mars.rover.sensor.WeatherSensor  - ThreadId = 84 started for remsCalibration for sol = 1323
2018-01-19 18:49:31,924 [remsCalibrationThread85] INFO space.exploration.mars.rover.sensor.WeatherSensor  - ThreadId = 85 started for remsCalibration for sol = 1323
2018-01-19 18:49:31,924 [remsCalibrationThread86] INFO space.exploration.mars.rover.sensor.WeatherSensor  - ThreadId = 86 started for remsCalibration for sol = 1323
2018-01-19 18:49:31,924 [remsCalibrationThread87] INFO space.exploration.mars.rover.sensor.WeatherSensor  - ThreadId = 87 started for remsCalibration for sol = 1323
2018-01-19 18:49:31,925 [remsCalibrationThread88] INFO space.exploration.mars.rover.sensor.WeatherSensor  - ThreadId = 88 started for remsCalibration for sol = 1323
2018-01-19 18:49:31,926 [remsCalibrationThread89] INFO space.exploration.mars.rover.sensor.WeatherSensor  - ThreadId = 89 started for remsCalibration for sol = 1323
2018-01-19 18:49:31,926 [remsCalibrationThread90] INFO space.exploration.mars.rover.sensor.WeatherSensor  - ThreadId = 90 started for remsCalibration for sol = 1323
2018-01-19 18:49:31,926 [remsCalibrationThread92] INFO space.exploration.mars.rover.sensor.WeatherSensor  - ThreadId = 92 started for remsCalibration for sol = 1323
2018-01-19 18:49:31,926 [remsCalibrationThread91] INFO space.exploration.mars.rover.sensor.WeatherSensor  - ThreadId = 91 started for remsCalibration for sol = 1323
2018-01-19 18:49:31,927 [remsCalibrationThread93] INFO space.exploration.mars.rover.sensor.WeatherSensor  - ThreadId = 93 started for remsCalibration for sol = 1323
2018-01-19 18:49:31,928 [remsCalibrationThread94] INFO space.exploration.mars.rover.sensor.WeatherSensor  - ThreadId = 94 started for remsCalibration for sol = 1323
2018-01-19 18:49:31,929 [remsCalibrationThread95] INFO space.exploration.mars.rover.sensor.WeatherSensor  - ThreadId = 95 started for remsCalibration for sol = 1323
2018-01-19 18:49:31,931 [remsCalibrationThread96] INFO space.exploration.mars.rover.sensor.WeatherSensor  - ThreadId = 96 started for remsCalibration for sol = 1323
2018-01-19 18:49:31,933 [remsCalibrationThread97] INFO space.exploration.mars.rover.sensor.WeatherSensor  - ThreadId = 97 started for remsCalibration for sol = 1323
2018-01-19 18:49:31,933 [remsCalibrationThread98] INFO space.exploration.mars.rover.sensor.WeatherSensor  - ThreadId = 98 started for remsCalibration for sol = 1323
2018-01-19 18:49:31,933 [remsCalibrationThread99] INFO space.exploration.mars.rover.sensor.WeatherSensor  - ThreadId = 99 started for remsCalibration for sol = 1323
